1.0
1.0
1.0
1.0
1.0
1.0
1.0
1.0
1.0
1.0
1.0
1.0
0.6190476190476191
0.3181818181818182
0.3409090909090909
0.36363636363636365
0.38636363636363635
0.4090909090909091
0.4318181818181818
0.45454545454545453
0.4772727272727273
0.5
0.5227272727272727
0.5454545454545454
0.5681818181818182
0.5909090909090909
0.6
0.6086956521739131
0.6170212765957447
0.625
0.6326530612244898
0.64
0.6470588235294118
1.0
1.0
1.0
1.0
1.0
1.0
1.0
1.0
1.0
1.0
1.0
1.0
0.6190476190476191
0.3181818181818182
0.3409090909090909
0.36363636363636365
0.38636363636363635
0.4090909090909091
0.4318181818181818
0.45454545454545453
0.4772727272727273
0.5
0.5227272727272727
0.5454545454545454
0.5681818181818182
0.5909090909090909
0.6
0.6086956521739131
0.6170212765957447
0.625
0.6326530612244898
0.64
0.6470588235294118
1.0
1.0
1.0
1.0
1.0
1.0
1.0
1.0
1.0
1.0
1.0
1.0
1.0
1.0
1.0
1.0
1.0
1.0
1.0
1.0
1.0
1.0
1.0
1.0
1.0
0.6190476190476191
0.3181818181818182
0.3409090909090909
0.36363636363636365
0.38636363636363635
0.4090909090909091
0.4318181818181818
0.45454545454545453
0.4772727272727273
0.5
0.5227272727272727
0.5454545454545454
0.5681818181818182
0.5909090909090909
0.6
0.6086956521739131
0.6170212765957447
0.625
0.6326530612244898
0.64
0.6470588235294118
1.0
1.0
1.0
1.0
1.0
1.0
1.0
1.0
1.0
1.0
1.0
1.0
0.6190476190476191
0.3181818181818182
0.3409090909090909
0.36363636363636365
0.38636363636363635
0.4090909090909091
0.4318181818181818
0.45454545454545453
0.4772727272727273
0.5
0.5227272727272727
0.5454545454545454
0.5681818181818182
0.5909090909090909
0.6
0.6086956521739131
0.6170212765957447
0.625
0.6326530612244898
0.64
0.6470588235294118
1.0
1.0
1.0
1.0
1.0
1.0
1.0
1.0
1.0
1.0
1.0
1.0
0.6190476190476191
0.3181818181818182
0.3409090909090909
0.36363636363636365
0.38636363636363635
0.4090909090909091
0.4318181818181818
0.45454545454545453
0.4772727272727273
0.5
0.5227272727272727
0.5454545454545454
0.5681818181818182
0.5909090909090909
0.6
0.6086956521739131
0.6170212765957447
0.625
0.6326530612244898
0.64
0.6470588235294118
1.0
1.0
1.0
1.0
1.0
1.0
1.0
1.0
1.0
1.0
1.0
1.0
0.6190476190476191
0.3181818181818182
0.3409090909090909
0.36363636363636365
0.38636363636363635
0.4090909090909091
0.4318181818181818
0.45454545454545453
0.4772727272727273
0.5
0.5227272727272727
0.5454545454545454
0.5681818181818182
0.5909090909090909
0.6
0.6086956521739131
0.6170212765957447
0.625
0.6326530612244898
0.64
0.6470588235294118
