1.0
1.0
1.0
1.0
1.0
1.0
1.0
1.0
1.0
1.0
1.0
1.0
1.0
1.0
1.0
1.0
1.0
0.15254237288135594
0.15966386554621848
0.16666666666666666
0.17355371900826447
0.18032786885245902
0.18699186991869918
0.1935483870967742
0.09433962264150944
0.09774436090225563
0.10112359550561797
0.1044776119402985
0.10780669144981413
0.1111111111111111
0.11439114391143912
0.11764705882352941
0.12087912087912088
0.12408759124087591
0.12727272727272726
0.13043478260869565
0.13357400722021662
0.1366906474820144
0.1392857142857143
0.1423487544483986
0.1453900709219858
0.14840989399293286
0.15140845070422534
0.1543859649122807
0.15734265734265734
0.1602787456445993
0.16319444444444445
0.16608996539792387
0.16896551724137931
0.1718213058419244
0.17465753424657535
0.17747440273037543
0.18027210884353742
0.18305084745762712
0.1858108108108108
0.18855218855218855
0.1912751677852349
0.1939799331103679
0.19666666666666666
0.19933554817275748
0.20198675496688742
0.20462046204620463
0.20723684210526316
0.1415929203539823
0.1434878587196468
0.14537444933920704
0.14725274725274726
0.14912280701754385
0.15098468271334792
0.15283842794759825
0.15468409586056645
0.1565217391304348
0.15835140997830802
0.16017316017316016
0.16198704103671707
0.16379310344827586
0.16559139784946236
0.16738197424892703
0.16916488222698073
0.16632016632016633
0.1683991683991684
0.1704781704781705
0.17255717255717257
0.17463617463617465
0.17671517671517672
0.1787941787941788
0.18087318087318088
0.18295218295218296
0.18503118503118504
0.18711018711018712
0.1891891891891892
0.19126819126819128
0.19334719334719336
0.19542619542619544
0.1970954356846473
0.19875776397515527
0.20041322314049587
0.2020618556701031
0.2037037037037037
0.2053388090349076
0.2069672131147541
0.2085889570552147
0.21020408163265306
0.21181262729124237
0.21341463414634146
0.2150101419878296
0.2165991902834008
0.21818181818181817
0.21975806451612903
0.2217741935483871
0.22334004024144868
0.2248995983935743
0.22690763052208834
0.2289156626506024
0.23092369477911648
0.23293172690763053
0.23446893787575152
0.236
0.238
0.23952095808383234
0.2410358565737052
0.24254473161033796
0.24404761904761904
0.24554455445544554
0.24703557312252963
0.2485207100591716
0.25
0.25147347740667975
0.2529411764705882
0.25440313111545987
0.255859375
0.2573099415204678
0.2587548638132296
0.26019417475728157
0.2616279069767442
0.26305609284332687
0.2644787644787645
0.2658959537572254
0.2673076923076923
0.2687140115163148
0.27011494252873564
0.27151051625239003
0.2729007633587786
0.2742857142857143
0.27566539923954375
0.27703984819734345
0.2784090909090909
0.27977315689981097
0.2811320754716981
0.2824858757062147
0.28383458646616544
0.2851782363977486
0.28651685393258425
0.28785046728971964
0.2891791044776119
0.2905027932960894
0.29182156133828996
0.29313543599257885
0.29444444444444445
0.2957486136783734
0.29704797047970477
0.2983425414364641
0.29963235294117646
0.30091743119266057
0.3021978021978022
0.304029304029304
0.3058608058608059
0.3076923076923077
0.30952380952380953
0.31135531135531136
0.3131868131868132
0.3099099099099099
0.3117117117117117
0.31351351351351353
0.3153153153153153
0.3171171171171171
0.31891891891891894
0.3207207207207207
0.3225225225225225
0.32432432432432434
0.3249551166965889
0.3267504488330341
0.3279569892473118
0.32857142857142857
0.33035714285714285
0.3315508021390374
1.0
1.0
1.0
1.0
1.0
1.0
1.0
1.0
1.0
1.0
1.0
1.0
1.0
1.0
1.0
1.0
1.0
0.15254237288135594
0.15966386554621848
0.16666666666666666
0.17355371900826447
0.18032786885245902
0.18699186991869918
0.1935483870967742
0.09433962264150944
0.09774436090225563
0.10112359550561797
0.1044776119402985
0.10780669144981413
0.1111111111111111
0.11439114391143912
0.11764705882352941
0.12087912087912088
0.12408759124087591
0.12727272727272726
0.13043478260869565
0.13357400722021662
0.1366906474820144
0.1392857142857143
0.1423487544483986
0.1453900709219858
0.14840989399293286
0.15140845070422534
0.1543859649122807
0.15734265734265734
0.1602787456445993
0.16319444444444445
0.16608996539792387
0.16896551724137931
0.1718213058419244
0.17465753424657535
0.17747440273037543
0.18027210884353742
0.18305084745762712
0.1858108108108108
0.18855218855218855
0.1912751677852349
0.1939799331103679
0.19666666666666666
0.19933554817275748
0.20198675496688742
0.20462046204620463
0.20723684210526316
0.1415929203539823
0.1434878587196468
0.14537444933920704
0.14725274725274726
0.14912280701754385
0.15098468271334792
0.15283842794759825
0.15468409586056645
0.1565217391304348
0.15835140997830802
0.16017316017316016
0.16198704103671707
0.16379310344827586
0.16559139784946236
0.16738197424892703
0.16916488222698073
0.16632016632016633
0.1683991683991684
0.1704781704781705
0.17255717255717257
0.17463617463617465
0.17671517671517672
0.1787941787941788
0.18087318087318088
0.18295218295218296
0.18503118503118504
0.18711018711018712
0.1891891891891892
0.19126819126819128
0.19334719334719336
0.19542619542619544
0.1970954356846473
0.19875776397515527
0.20041322314049587
0.2020618556701031
0.2037037037037037
0.2053388090349076
0.2069672131147541
0.2085889570552147
0.21020408163265306
0.21181262729124237
0.21341463414634146
0.2150101419878296
0.2165991902834008
0.21818181818181817
0.21975806451612903
0.2217741935483871
0.22334004024144868
0.2248995983935743
0.22690763052208834
0.2289156626506024
0.23092369477911648
0.23293172690763053
0.23446893787575152
0.236
0.238
0.23952095808383234
0.2410358565737052
0.24254473161033796
0.24404761904761904
0.24554455445544554
0.24703557312252963
0.2485207100591716
0.25
0.25147347740667975
0.2529411764705882
0.25440313111545987
0.255859375
0.2573099415204678
0.2587548638132296
0.26019417475728157
0.2616279069767442
0.26305609284332687
0.2644787644787645
0.2658959537572254
0.2673076923076923
0.2687140115163148
0.27011494252873564
0.27151051625239003
0.2729007633587786
0.2742857142857143
0.27566539923954375
0.27703984819734345
0.2784090909090909
0.27977315689981097
0.2811320754716981
0.2824858757062147
0.28383458646616544
0.2851782363977486
0.28651685393258425
0.28785046728971964
0.2891791044776119
0.2905027932960894
0.29182156133828996
0.29313543599257885
0.29444444444444445
0.2957486136783734
0.29704797047970477
0.2983425414364641
0.29963235294117646
0.30091743119266057
0.3021978021978022
0.304029304029304
0.3058608058608059
0.3076923076923077
0.30952380952380953
0.31135531135531136
0.3131868131868132
0.31444241316270566
0.31115107913669066
0.3129496402877698
0.3147482014388489
0.31654676258992803
0.3183453237410072
0.32014388489208634
0.32194244604316546
0.3237410071942446
0.3255395683453237
0.32616487455197135
0.3279569892473118
0.3291592128801431
0.32976827094474154
0.3315508021390374
1.0
1.0
1.0
1.0
1.0
1.0
1.0
1.0
1.0
1.0
1.0
1.0
1.0
1.0
1.0
1.0
1.0
1.0
1.0
1.0
1.0
1.0
1.0
1.0
1.0
1.0
1.0
1.0
1.0
1.0
1.0
1.0
1.0
1.0
1.0
1.0
1.0
1.0
1.0
1.0
1.0
1.0
1.0
1.0
1.0
1.0
1.0
1.0
1.0
1.0
1.0
1.0
1.0
1.0
1.0
1.0
1.0
1.0
1.0
1.0
1.0
1.0
1.0
1.0
1.0
1.0
1.0
1.0
1.0
1.0
1.0
1.0
1.0
1.0
1.0
1.0
1.0
1.0
1.0
0.8
0.81
0.82
0.83
0.84
0.85
0.8514851485148515
0.8529411764705882
0.8543689320388349
0.8557692307692307
0.8571428571428571
0.8584905660377359
0.8598130841121495
0.8611111111111112
0.8623853211009175
0.8636363636363636
0.8648648648648649
0.8660714285714286
0.8672566371681416
0.8761061946902655
0.8849557522123894
0.8938053097345132
0.8947368421052632
0.9035087719298246
0.9122807017543859
0.9130434782608695
0.9137931034482759
0.9145299145299145
0.9152542372881356
0.923728813559322
0.9322033898305084
0.9327731092436975
0.9411764705882353
0.9416666666666667
0.9421487603305785
0.9426229508196722
0.943089430894309
0.9435483870967742
0.944
0.9444444444444444
0.9448818897637795
0.9453125
0.9457364341085271
0.9461538461538461
0.9465648854961832
0.946969696969697
0.9473684210526315
0.9477611940298507
0.9481481481481482
0.9485294117647058
0.948905109489051
0.9492753623188406
0.9496402877697842
0.95
0.950354609929078
0.9507042253521126
0.951048951048951
0.9513888888888888
0.9517241379310345
0.952054794520548
0.9523809523809523
0.9527027027027027
0.9530201342281879
0.9533333333333334
0.96
0.9666666666666667
0.9733333333333334
0.98
0.9866666666666667
0.9933333333333333
1.0
1.0
1.0
1.0
1.0
1.0
1.0
1.0
1.0
1.0
1.0
1.0
1.0
1.0
1.0
1.0
1.0
1.0
1.0
1.0
1.0
1.0
1.0
0.15254237288135594
0.15966386554621848
0.16666666666666666
0.17355371900826447
0.18032786885245902
0.18699186991869918
0.1935483870967742
0.09433962264150944
0.09774436090225563
0.10112359550561797
0.1044776119402985
0.10780669144981413
0.1111111111111111
0.11439114391143912
0.11764705882352941
0.12087912087912088
0.12408759124087591
0.12727272727272726
0.13043478260869565
0.13357400722021662
0.1366906474820144
0.1392857142857143
0.1423487544483986
0.1453900709219858
0.14840989399293286
0.15140845070422534
0.1543859649122807
0.15734265734265734
0.1602787456445993
0.16319444444444445
0.16608996539792387
0.16896551724137931
0.1718213058419244
0.17465753424657535
0.17747440273037543
0.18027210884353742
0.18305084745762712
0.1858108108108108
0.18855218855218855
0.1912751677852349
0.1939799331103679
0.19666666666666666
0.19933554817275748
0.20198675496688742
0.20462046204620463
0.20723684210526316
0.1415929203539823
0.1434878587196468
0.14537444933920704
0.14725274725274726
0.14912280701754385
0.15098468271334792
0.15283842794759825
0.15468409586056645
0.1565217391304348
0.15835140997830802
0.16017316017316016
0.16198704103671707
0.16379310344827586
0.16559139784946236
0.16738197424892703
0.16916488222698073
0.16632016632016633
0.1683991683991684
0.1704781704781705
0.17255717255717257
0.17463617463617465
0.17671517671517672
0.1787941787941788
0.18087318087318088
0.18295218295218296
0.18503118503118504
0.18711018711018712
0.1891891891891892
0.19126819126819128
0.19334719334719336
0.19542619542619544
0.1970954356846473
0.19875776397515527
0.20041322314049587
0.2020618556701031
0.2037037037037037
0.2053388090349076
0.2069672131147541
0.2085889570552147
0.21020408163265306
0.21181262729124237
0.21341463414634146
0.2150101419878296
0.2165991902834008
0.21818181818181817
0.21975806451612903
0.2217741935483871
0.22334004024144868
0.2248995983935743
0.22690763052208834
0.2289156626506024
0.23092369477911648
0.23293172690763053
0.23446893787575152
0.236
0.238
0.23952095808383234
0.2410358565737052
0.24254473161033796
0.24404761904761904
0.24554455445544554
0.24703557312252963
0.2485207100591716
0.25
0.25147347740667975
0.2529411764705882
0.25440313111545987
0.255859375
0.2573099415204678
0.2587548638132296
0.26019417475728157
0.2616279069767442
0.26305609284332687
0.2644787644787645
0.2658959537572254
0.2673076923076923
0.2687140115163148
0.27011494252873564
0.27151051625239003
0.2729007633587786
0.2742857142857143
0.27566539923954375
0.27703984819734345
0.2784090909090909
0.27977315689981097
0.2811320754716981
0.2824858757062147
0.28383458646616544
0.2851782363977486
0.28651685393258425
0.28785046728971964
0.2891791044776119
0.2905027932960894
0.29182156133828996
0.29313543599257885
0.29444444444444445
0.2957486136783734
0.29704797047970477
0.2983425414364641
0.29963235294117646
0.30091743119266057
0.3021978021978022
0.304029304029304
0.3058608058608059
0.3076923076923077
0.30952380952380953
0.31135531135531136
0.3131868131868132
0.31444241316270566
0.3151183970856102
0.31693989071038253
0.3181818181818182
0.3148479427549195
0.31663685152057247
0.3184257602862254
0.32021466905187834
0.3220035778175313
0.32379248658318427
0.32558139534883723
0.32737030411449014
0.3291592128801431
0.32976827094474154
0.3315508021390374
1.0
1.0
1.0
1.0
1.0
1.0
1.0
1.0
1.0
1.0
1.0
1.0
1.0
1.0
1.0
1.0
1.0
0.15254237288135594
0.15966386554621848
0.16666666666666666
0.17355371900826447
0.18032786885245902
0.18699186991869918
0.1935483870967742
0.09433962264150944
0.09774436090225563
0.10112359550561797
0.1044776119402985
0.10780669144981413
0.1111111111111111
0.11439114391143912
0.11764705882352941
0.12087912087912088
0.12408759124087591
0.12727272727272726
0.13043478260869565
0.13357400722021662
0.1366906474820144
0.1392857142857143
0.1423487544483986
0.1453900709219858
0.14840989399293286
0.15140845070422534
0.1543859649122807
0.15734265734265734
0.1602787456445993
0.16319444444444445
0.16608996539792387
0.16896551724137931
0.1718213058419244
0.17465753424657535
0.17747440273037543
0.18027210884353742
0.18305084745762712
0.1858108108108108
0.18855218855218855
0.1912751677852349
0.1939799331103679
0.19666666666666666
0.19933554817275748
0.20198675496688742
0.20462046204620463
0.20723684210526316
0.1415929203539823
0.1434878587196468
0.14537444933920704
0.14725274725274726
0.14912280701754385
0.15098468271334792
0.15283842794759825
0.15468409586056645
0.1565217391304348
0.15835140997830802
0.16017316017316016
0.16198704103671707
0.16379310344827586
0.16559139784946236
0.16738197424892703
0.16916488222698073
0.16632016632016633
0.1683991683991684
0.1704781704781705
0.17255717255717257
0.17463617463617465
0.17671517671517672
0.1787941787941788
0.18087318087318088
0.18295218295218296
0.18503118503118504
0.18711018711018712
0.1891891891891892
0.19126819126819128
0.19334719334719336
0.19542619542619544
0.1970954356846473
0.19875776397515527
0.20041322314049587
0.2020618556701031
0.2037037037037037
0.2053388090349076
0.2069672131147541
0.2085889570552147
0.21020408163265306
0.21181262729124237
0.21341463414634146
0.2150101419878296
0.2165991902834008
0.21818181818181817
0.21975806451612903
0.2217741935483871
0.22334004024144868
0.2248995983935743
0.22690763052208834
0.2289156626506024
0.23092369477911648
0.23293172690763053
0.23446893787575152
0.236
0.238
0.23952095808383234
0.2410358565737052
0.24254473161033796
0.24404761904761904
0.24554455445544554
0.24703557312252963
0.2485207100591716
0.25
0.25147347740667975
0.2529411764705882
0.25440313111545987
0.255859375
0.2573099415204678
0.2587548638132296
0.26019417475728157
0.2616279069767442
0.26305609284332687
0.2644787644787645
0.2658959537572254
0.2673076923076923
0.2687140115163148
0.27011494252873564
0.27151051625239003
0.2729007633587786
0.2742857142857143
0.27566539923954375
1.0
1.0
1.0
1.0
1.0
1.0
1.0
1.0
1.0
1.0
1.0
1.0
1.0
1.0
1.0
1.0
1.0
0.15254237288135594
0.15966386554621848
0.16666666666666666
0.17355371900826447
0.18032786885245902
0.18699186991869918
0.1935483870967742
0.09433962264150944
0.09774436090225563
0.10112359550561797
0.1044776119402985
0.10780669144981413
0.1111111111111111
0.11439114391143912
0.11764705882352941
0.12087912087912088
0.12408759124087591
0.12727272727272726
0.13043478260869565
0.13357400722021662
0.1366906474820144
0.1392857142857143
0.1423487544483986
0.1453900709219858
0.14840989399293286
0.15140845070422534
0.1543859649122807
0.15734265734265734
0.1602787456445993
0.16319444444444445
0.16608996539792387
0.16896551724137931
0.1718213058419244
0.17465753424657535
0.17747440273037543
0.18027210884353742
0.18305084745762712
0.1858108108108108
0.18855218855218855
0.1912751677852349
0.1939799331103679
0.19666666666666666
0.19933554817275748
0.20198675496688742
0.20462046204620463
0.20723684210526316
0.1415929203539823
0.1434878587196468
0.14537444933920704
0.14725274725274726
0.14912280701754385
0.15098468271334792
0.15283842794759825
0.15468409586056645
0.1565217391304348
0.15835140997830802
0.16017316017316016
0.16198704103671707
0.16379310344827586
0.16559139784946236
0.16738197424892703
0.16916488222698073
0.16632016632016633
0.1683991683991684
0.1704781704781705
0.17255717255717257
0.17463617463617465
0.17671517671517672
0.1787941787941788
0.18087318087318088
0.18295218295218296
0.18503118503118504
0.18711018711018712
0.1891891891891892
0.19126819126819128
0.19334719334719336
0.19542619542619544
0.1970954356846473
0.19875776397515527
0.20041322314049587
0.2020618556701031
0.2037037037037037
0.2053388090349076
0.2069672131147541
0.2085889570552147
0.21020408163265306
0.21181262729124237
0.21341463414634146
0.2150101419878296
0.2165991902834008
0.21818181818181817
0.21975806451612903
0.2217741935483871
0.22334004024144868
0.2248995983935743
0.22690763052208834
0.2289156626506024
0.23092369477911648
0.23293172690763053
0.23446893787575152
0.236
0.238
0.23952095808383234
0.2410358565737052
0.24254473161033796
0.24404761904761904
0.24554455445544554
0.24703557312252963
0.2485207100591716
0.25
0.25147347740667975
0.2529411764705882
0.25440313111545987
0.255859375
0.2573099415204678
0.2587548638132296
0.26019417475728157
0.2616279069767442
0.26305609284332687
0.2644787644787645
0.2658959537572254
0.2673076923076923
0.2687140115163148
0.27011494252873564
0.27151051625239003
0.2729007633587786
0.2742857142857143
0.27566539923954375
0.27703984819734345
0.2784090909090909
0.27977315689981097
0.2811320754716981
0.2824858757062147
0.28383458646616544
0.2851782363977486
0.28651685393258425
0.28785046728971964
0.2891791044776119
0.2905027932960894
0.29182156133828996
0.29313543599257885
0.29444444444444445
0.2957486136783734
0.29704797047970477
0.2983425414364641
0.29963235294117646
0.30091743119266057
0.3021978021978022
0.304029304029304
0.3058608058608059
0.3076923076923077
0.30952380952380953
0.31135531135531136
0.3131868131868132
0.3099099099099099
0.3117117117117117
0.31351351351351353
0.3153153153153153
0.3171171171171171
0.31891891891891894
0.3207207207207207
0.3225225225225225
0.32432432432432434
0.3255395683453237
0.3267504488330341
0.32737030411449014
0.3291592128801431
0.32976827094474154
0.3315508021390374
1.0
1.0
1.0
1.0
1.0
1.0
1.0
1.0
1.0
1.0
1.0
1.0
1.0
1.0
1.0
1.0
1.0
0.15254237288135594
0.15966386554621848
0.16666666666666666
0.17355371900826447
0.18032786885245902
0.18699186991869918
0.1935483870967742
0.09433962264150944
0.09774436090225563
0.10112359550561797
0.1044776119402985
0.10780669144981413
0.1111111111111111
0.11439114391143912
0.11764705882352941
0.12087912087912088
0.12408759124087591
0.12727272727272726
0.13043478260869565
0.13357400722021662
0.1366906474820144
0.1392857142857143
0.1423487544483986
0.1453900709219858
0.14840989399293286
0.15140845070422534
0.1543859649122807
0.15734265734265734
0.1602787456445993
0.16319444444444445
0.16608996539792387
0.16896551724137931
0.1718213058419244
0.17465753424657535
0.17747440273037543
0.18027210884353742
0.18305084745762712
0.1858108108108108
0.18855218855218855
0.1912751677852349
0.1939799331103679
0.19666666666666666
0.19933554817275748
0.20198675496688742
0.20462046204620463
0.20723684210526316
0.1415929203539823
0.1434878587196468
0.14537444933920704
0.14725274725274726
0.14912280701754385
0.15098468271334792
0.15283842794759825
0.15468409586056645
0.1565217391304348
0.15835140997830802
0.16017316017316016
0.16198704103671707
0.16379310344827586
0.16559139784946236
0.16738197424892703
0.16916488222698073
0.16632016632016633
0.1683991683991684
0.1704781704781705
0.17255717255717257
0.17463617463617465
0.17671517671517672
0.1787941787941788
0.18087318087318088
0.18295218295218296
0.18503118503118504
0.18711018711018712
0.1891891891891892
0.19126819126819128
0.19334719334719336
0.19542619542619544
0.1970954356846473
0.19875776397515527
0.20041322314049587
0.2020618556701031
0.2037037037037037
0.2053388090349076
0.2069672131147541
0.2085889570552147
0.21020408163265306
0.21181262729124237
0.21341463414634146
0.2150101419878296
0.2165991902834008
0.21818181818181817
0.21975806451612903
0.2217741935483871
0.22334004024144868
0.2248995983935743
0.22690763052208834
0.2289156626506024
0.23092369477911648
0.23293172690763053
0.23446893787575152
0.236
0.238
0.23952095808383234
0.2410358565737052
0.24254473161033796
0.24404761904761904
0.24554455445544554
0.24703557312252963
0.2485207100591716
0.25
0.25147347740667975
0.2529411764705882
0.25440313111545987
0.255859375
0.2573099415204678
0.2587548638132296
0.26019417475728157
0.2616279069767442
0.26305609284332687
0.2644787644787645
0.2658959537572254
0.2673076923076923
0.2687140115163148
0.27011494252873564
0.27151051625239003
0.2729007633587786
0.2742857142857143
0.27566539923954375
0.27703984819734345
0.2784090909090909
0.27977315689981097
0.2811320754716981
0.2824858757062147
0.28383458646616544
0.2851782363977486
0.28651685393258425
0.28785046728971964
0.2891791044776119
0.2905027932960894
0.29182156133828996
0.29313543599257885
0.29444444444444445
0.2957486136783734
0.29704797047970477
0.2983425414364641
0.29963235294117646
0.30091743119266057
0.3021978021978022
0.304029304029304
0.3058608058608059
0.3076923076923077
0.30952380952380953
0.31135531135531136
0.3131868131868132
0.31444241316270566
0.3151183970856102
0.31693989071038253
0.3181818181818182
0.3148479427549195
0.31663685152057247
0.3184257602862254
0.32021466905187834
0.3220035778175313
0.32379248658318427
0.32558139534883723
0.32737030411449014
0.3291592128801431
0.32976827094474154
0.3315508021390374
