1.0
1.0
1.0
1.0
1.0
1.0
0.7777777777777778
0.8888888888888888
1.0
0.7142857142857143
0.7857142857142857
0.8571428571428571
0.9285714285714286
1.0
0.7894736842105263
0.8421052631578947
0.8947368421052632
0.9473684210526315
1.0
1.0
1.0
1.0
1.0
1.0
1.0
0.7777777777777778
0.8888888888888888
1.0
0.7142857142857143
0.7857142857142857
0.8571428571428571
0.9285714285714286
1.0
0.7894736842105263
0.8421052631578947
0.8947368421052632
0.9473684210526315
1.0
1.0
1.0
1.0
1.0
1.0
1.0
1.0
1.0
1.0
1.0
1.0
1.0
0.7777777777777778
0.8888888888888888
1.0
0.7142857142857143
0.7857142857142857
0.8571428571428571
0.9285714285714286
1.0
0.7894736842105263
0.8421052631578947
0.8947368421052632
0.9473684210526315
1.0
1.0
1.0
1.0
1.0
1.0
1.0
0.7777777777777778
0.8888888888888888
1.0
0.7142857142857143
0.7857142857142857
0.8571428571428571
0.9285714285714286
1.0
0.7894736842105263
0.8421052631578947
0.8947368421052632
0.9473684210526315
1.0
1.0
1.0
1.0
1.0
1.0
1.0
0.7777777777777778
0.8888888888888888
1.0
0.7142857142857143
0.7857142857142857
0.8571428571428571
0.9285714285714286
1.0
0.7894736842105263
0.8421052631578947
0.8947368421052632
0.9473684210526315
1.0
1.0
1.0
1.0
1.0
1.0
1.0
0.7777777777777778
0.8888888888888888
1.0
0.7142857142857143
0.7857142857142857
0.8571428571428571
0.9285714285714286
1.0
0.7894736842105263
0.8421052631578947
0.8947368421052632
0.9473684210526315
1.0
