|checker| success id$0$color:red$: 
==========================
$FilePath$/home/tiago/empirical-jsvuln-tools-study/framework/src/packages/CWE-471/722/package/merge.js
Line 86			for (var key in extend) {

			if (typeOf(base[key]) === 'object' && typeOf(extend[key]) === 'object') {

				base[key] = merge_recursive(base[key], extend[key]);

			} else {

				base[key] = extend[key];

			}

		}
$FilePath$/home/tiago/empirical-jsvuln-tools-study/framework/src/packages/CWE-471/722/package/merge.js
Line 88				if (typeOf(base[key]) === 'object' && typeOf(extend[key]) === 'object') {
$FilePath$/home/tiago/empirical-jsvuln-tools-study/framework/src/packages/CWE-471/722/package/merge.js
Line 94					base[key] = extend[key];

|checker| success id$0$color:green$: 
==========================
$FilePath$/home/tiago/empirical-jsvuln-tools-study/framework/src/packages/CWE-471/722/package/merge.js
Line 80		function merge_recursive(base, extend) {
$FilePath$/home/tiago/empirical-jsvuln-tools-study/framework/src/packages/CWE-471/722/package/merge.js
Line 86			for (var key in extend) {

			if (typeOf(base[key]) === 'object' && typeOf(extend[key]) === 'object') {

				base[key] = merge_recursive(base[key], extend[key]);

			} else {

				base[key] = extend[key];

			}

		}
$FilePath$/home/tiago/empirical-jsvuln-tools-study/framework/src/packages/CWE-471/722/package/merge.js
Line 88				if (typeOf(base[key]) === 'object' && typeOf(extend[key]) === 'object') {
$FilePath$/home/tiago/empirical-jsvuln-tools-study/framework/src/packages/CWE-471/722/package/merge.js
Line 86			for (var key in extend) {

			if (typeOf(base[key]) === 'object' && typeOf(extend[key]) === 'object') {

				base[key] = merge_recursive(base[key], extend[key]);

			} else {

				base[key] = extend[key];

			}

		}
$FilePath$/home/tiago/empirical-jsvuln-tools-study/framework/src/packages/CWE-471/722/package/merge.js
Line 94					base[key] = extend[key];

|checker| success id$0$color:blue$: 
==========================
$FilePath$None
Object.prototype
$FilePath$/home/tiago/empirical-jsvuln-tools-study/framework/src/packages/CWE-471/722/package/merge.js
Line 94					base[key] = extend[key];

