1.0
1.0
1.0
1.0
1.0
1.0
1.0
1.0
1.0
1.0
1.0
1.0
1.0
1.0
1.0
0.3018867924528302
0.32075471698113206
0.33962264150943394
0.3584905660377358
0.37735849056603776
0.39622641509433965
0.41509433962264153
0.4339622641509434
0.4528301886792453
0.4716981132075472
0.49056603773584906
0.5094339622641509
0.5283018867924528
0.5471698113207547
0.5660377358490566
0.5849056603773585
0.6037735849056604
0.6226415094339622
0.6415094339622641
0.660377358490566
0.6792452830188679
0.6981132075471698
0.7169811320754716
0.7358490566037735
0.7547169811320755
0.7735849056603774
0.7924528301886793
0.8113207547169812
0.8301886792452831
0.8490566037735849
0.8679245283018868
0.8867924528301887
0.9056603773584906
0.9245283018867925
0.9433962264150944
0.9622641509433962
0.9811320754716981
1.0
1.0
1.0
1.0
1.0
1.0
1.0
1.0
1.0
1.0
1.0
1.0
1.0
1.0
1.0
1.0
0.3018867924528302
0.32075471698113206
0.33962264150943394
0.3584905660377358
0.37735849056603776
0.39622641509433965
0.41509433962264153
0.4339622641509434
0.4528301886792453
0.4716981132075472
0.49056603773584906
0.5094339622641509
0.5283018867924528
0.5471698113207547
0.5660377358490566
0.5849056603773585
0.6037735849056604
0.6226415094339622
0.6415094339622641
0.660377358490566
0.6792452830188679
0.6981132075471698
0.7169811320754716
0.7358490566037735
0.7547169811320755
0.7735849056603774
0.7924528301886793
0.8113207547169812
0.8301886792452831
0.8490566037735849
0.8679245283018868
0.8867924528301887
0.9056603773584906
0.9245283018867925
0.9433962264150944
0.9622641509433962
0.9811320754716981
1.0
1.0
1.0
1.0
1.0
1.0
1.0
1.0
1.0
1.0
1.0
1.0
1.0
1.0
1.0
1.0
1.0
1.0
1.0
1.0
1.0
1.0
1.0
1.0
1.0
1.0
1.0
1.0
1.0
1.0
1.0
0.3018867924528302
0.32075471698113206
0.33962264150943394
0.3584905660377358
0.37735849056603776
0.39622641509433965
0.41509433962264153
0.4339622641509434
0.4528301886792453
0.4716981132075472
0.49056603773584906
0.5094339622641509
0.5283018867924528
0.5471698113207547
0.5660377358490566
0.5849056603773585
0.6037735849056604
0.6226415094339622
0.6415094339622641
0.660377358490566
0.6792452830188679
0.6981132075471698
0.7169811320754716
0.7358490566037735
0.7547169811320755
0.7735849056603774
0.7924528301886793
0.8113207547169812
0.8301886792452831
0.8490566037735849
0.8679245283018868
0.8867924528301887
0.9056603773584906
0.9245283018867925
0.9433962264150944
0.9622641509433962
0.9811320754716981
1.0
1.0
1.0
1.0
1.0
1.0
1.0
1.0
1.0
1.0
1.0
1.0
1.0
1.0
1.0
1.0
0.3018867924528302
0.32075471698113206
0.33962264150943394
0.3584905660377358
0.37735849056603776
0.39622641509433965
0.41509433962264153
0.4339622641509434
0.4528301886792453
0.4716981132075472
0.49056603773584906
0.5094339622641509
0.5283018867924528
0.5471698113207547
0.5660377358490566
0.5849056603773585
0.6037735849056604
0.6226415094339622
0.6415094339622641
0.660377358490566
0.6792452830188679
0.6981132075471698
0.7169811320754716
0.7358490566037735
1.0
1.0
1.0
1.0
1.0
1.0
1.0
1.0
1.0
1.0
1.0
1.0
1.0
1.0
1.0
0.3018867924528302
0.32075471698113206
0.33962264150943394
0.3584905660377358
0.37735849056603776
0.39622641509433965
0.41509433962264153
0.4339622641509434
0.4528301886792453
0.4716981132075472
0.49056603773584906
0.5094339622641509
0.5283018867924528
0.5471698113207547
0.5660377358490566
0.5849056603773585
0.6037735849056604
0.6226415094339622
0.6415094339622641
0.660377358490566
0.6792452830188679
0.6981132075471698
0.7169811320754716
0.7358490566037735
0.7547169811320755
0.7735849056603774
0.7924528301886793
0.8113207547169812
0.8301886792452831
0.8490566037735849
0.8679245283018868
0.8867924528301887
0.9056603773584906
0.9245283018867925
0.9433962264150944
0.9622641509433962
0.9811320754716981
1.0
1.0
1.0
1.0
1.0
1.0
1.0
1.0
1.0
1.0
1.0
1.0
1.0
1.0
1.0
1.0
0.3018867924528302
0.32075471698113206
0.33962264150943394
0.3584905660377358
0.37735849056603776
0.39622641509433965
0.41509433962264153
0.4339622641509434
0.4528301886792453
0.4716981132075472
0.49056603773584906
0.5094339622641509
0.5283018867924528
0.5471698113207547
0.5660377358490566
0.5849056603773585
0.6037735849056604
0.6226415094339622
0.6415094339622641
0.660377358490566
0.6792452830188679
0.6981132075471698
0.7169811320754716
0.7358490566037735
0.7547169811320755
0.7735849056603774
0.7924528301886793
0.8113207547169812
0.8301886792452831
0.8490566037735849
0.8679245283018868
0.8867924528301887
0.9056603773584906
0.9245283018867925
0.9433962264150944
0.9622641509433962
0.9811320754716981
1.0
