1.0
1.0
1.0
1.0
1.0
1.0
1.0
1.0
1.0
1.0
1.0
1.0
1.0
0.16666666666666666
0.17647058823529413
0.18604651162790697
0.19540229885057472
0.20454545454545456
0.21348314606741572
0.2222222222222222
0.23076923076923078
0.2391304347826087
0.24731182795698925
0.2553191489361702
0.2631578947368421
0.2708333333333333
0.27835051546391754
0.2857142857142857
0.29292929292929293
0.3
0.3069306930693069
0.3137254901960784
0.32038834951456313
0.3269230769230769
0.3333333333333333
0.33962264150943394
0.34579439252336447
0.35185185185185186
0.3577981651376147
0.36363636363636365
0.36936936936936937
0.375
0.3805309734513274
0.38596491228070173
0.391304347826087
0.39655172413793105
0.4017094017094017
0.4067796610169492
0.4117647058823529
0.4166666666666667
0.4214876033057851
0.4262295081967213
0.43089430894308944
0.43548387096774194
0.44
0.4444444444444444
0.44881889763779526
0.21323529411764705
0.21611721611721613
0.21897810218978103
0.22181818181818183
0.2246376811594203
0.22743682310469315
0.2302158273381295
0.23297491039426524
0.2357142857142857
0.23843416370106763
0.24113475177304963
0.24381625441696114
0.24647887323943662
0.24912280701754386
0.2517482517482518
0.25435540069686413
0.2569444444444444
0.25951557093425603
0.2620689655172414
0.2646048109965636
0.2671232876712329
0.2696245733788396
0.272108843537415
0.2745762711864407
0.27702702702702703
0.27946127946127947
0.28187919463087246
0.2842809364548495
0.2866666666666667
0.28903654485049834
0.2913907284768212
0.19866071428571427
0.20044543429844097
0.20222222222222222
0.2039911308203991
0.20575221238938052
0.18951612903225806
0.19114688128772636
0.1927710843373494
0.19438877755511022
0.196
0.19760479041916168
0.199203187250996
0.20079522862823063
0.20238095238095238
0.20396039603960395
0.20553359683794467
0.20710059171597633
0.20866141732283464
0.21021611001964635
0.21176470588235294
0.21330724070450097
0.21484375
0.19304347826086957
0.19444444444444445
0.19584055459272098
0.1972318339100346
0.19861830742659758
0.2
0.20137693631669534
0.2027491408934708
0.20411663807890223
0.2054794520547945
0.20683760683760682
0.20819112627986347
0.20954003407155025
0.2108843537414966
0.21222410865874364
0.2135593220338983
0.21489001692047377
0.21621621621621623
0.2175379426644182
0.21885521885521886
0.18093922651933703
0.1820689655172414
0.18319559228650137
0.1843191196698762
0.18543956043956045
0.18655692729766804
0.18767123287671234
0.18878248974008208
0.18989071038251365
0.19099590723055934
0.19209809264305178
0.19319727891156463
0.19429347826086957
0.19538670284938942
0.19647696476964768
0.1975642760487145
0.19864864864864865
0.19973009446693657
0.20080862533692723
0.2018842530282638
0.20295698924731181
0.2040268456375839
0.20509383378016086
0.20615796519410978
0.15897435897435896
0.1598360655737705
0.16069600818833163
0.16155419222903886
0.16241062308478038
0.16326530612244897
0.16411824668705402
0.164969450101833
0.16581892166836215
0.16666666666666666
0.16751269035532995
0.16835699797160245
0.1526508226691042
0.15342465753424658
0.1541970802919708
0.15496809480401094
0.1557377049180328
0.1565059144676979
0.1572727272727273
0.15803814713896458
0.1588021778584392
0.15956482320942883
0.16032608695652173
0.16108597285067874
0.15273037542662116
1.0
1.0
1.0
1.0
1.0
1.0
1.0
1.0
1.0
1.0
1.0
1.0
1.0
0.16666666666666666
0.17647058823529413
0.18604651162790697
0.19540229885057472
0.20454545454545456
0.21348314606741572
0.2222222222222222
0.23076923076923078
0.2391304347826087
0.24731182795698925
0.2553191489361702
0.2631578947368421
0.2708333333333333
0.27835051546391754
0.2857142857142857
0.29292929292929293
0.3
0.3069306930693069
0.3137254901960784
0.32038834951456313
0.3269230769230769
0.3333333333333333
0.33962264150943394
0.34579439252336447
0.35185185185185186
0.3577981651376147
0.36363636363636365
0.36936936936936937
0.375
0.3805309734513274
0.38596491228070173
0.391304347826087
0.39655172413793105
0.4017094017094017
0.4067796610169492
0.4117647058823529
0.4166666666666667
0.4214876033057851
0.4262295081967213
0.43089430894308944
0.43548387096774194
0.44
0.4444444444444444
0.44881889763779526
0.21323529411764705
0.21611721611721613
0.21897810218978103
0.22181818181818183
0.2246376811594203
0.22743682310469315
0.2302158273381295
0.23297491039426524
0.2357142857142857
0.23843416370106763
0.24113475177304963
0.24381625441696114
0.24647887323943662
0.24912280701754386
0.2517482517482518
0.25435540069686413
0.2569444444444444
0.25951557093425603
0.2620689655172414
0.2646048109965636
0.2671232876712329
0.2696245733788396
0.272108843537415
0.2745762711864407
0.27702702702702703
0.27946127946127947
0.28187919463087246
0.2842809364548495
0.2866666666666667
0.28903654485049834
0.2913907284768212
0.19866071428571427
0.20044543429844097
0.20222222222222222
0.2039911308203991
0.20575221238938052
0.18951612903225806
0.19114688128772636
0.1927710843373494
0.19438877755511022
0.196
0.19760479041916168
0.199203187250996
0.20079522862823063
0.20238095238095238
0.20396039603960395
0.20553359683794467
0.20710059171597633
0.20866141732283464
0.21021611001964635
0.21176470588235294
0.21330724070450097
0.21484375
0.19304347826086957
0.19444444444444445
0.19584055459272098
0.1972318339100346
0.19861830742659758
0.2
0.20137693631669534
0.2027491408934708
0.20411663807890223
0.2054794520547945
0.20683760683760682
0.20819112627986347
0.20954003407155025
0.2108843537414966
0.21222410865874364
0.2135593220338983
0.21489001692047377
0.21621621621621623
0.2175379426644182
0.21885521885521886
0.18093922651933703
0.1820689655172414
0.18319559228650137
0.1843191196698762
0.18543956043956045
0.18655692729766804
0.18767123287671234
0.18878248974008208
0.18989071038251365
0.19099590723055934
0.19209809264305178
0.19319727891156463
0.19429347826086957
0.19538670284938942
0.19647696476964768
0.1975642760487145
0.19864864864864865
0.19973009446693657
0.20080862533692723
0.2018842530282638
0.20295698924731181
0.2040268456375839
0.20509383378016086
0.20615796519410978
0.15897435897435896
0.1598360655737705
0.16069600818833163
0.16155419222903886
0.16241062308478038
0.16326530612244897
0.16411824668705402
0.164969450101833
0.16581892166836215
0.16666666666666666
0.16751269035532995
0.16835699797160245
0.1526508226691042
0.15342465753424658
0.1541970802919708
0.15496809480401094
0.1557377049180328
0.1565059144676979
0.1572727272727273
0.15803814713896458
0.1588021778584392
0.15956482320942883
0.16032608695652173
0.16108597285067874
0.15273037542662116
1.0
1.0
1.0
1.0
1.0
1.0
1.0
1.0
1.0
1.0
1.0
1.0
1.0
1.0
1.0
1.0
1.0
1.0
1.0
1.0
1.0
1.0
1.0
1.0
1.0
1.0
1.0
1.0
1.0
1.0
1.0
1.0
1.0
1.0
1.0
1.0
1.0
1.0
1.0
1.0
1.0
1.0
1.0
1.0
1.0
1.0
1.0
1.0
1.0
1.0
1.0
1.0
1.0
1.0
1.0
1.0
1.0
1.0
1.0
1.0
1.0
1.0
1.0
1.0
1.0
1.0
1.0
1.0
1.0
1.0
1.0
1.0
1.0
1.0
1.0
1.0
1.0
1.0
1.0
1.0
1.0
1.0
1.0
1.0
1.0
1.0
1.0
1.0
1.0
1.0
1.0
1.0
1.0
1.0
1.0
1.0
1.0
1.0
1.0
1.0
1.0
1.0
1.0
1.0
1.0
1.0
1.0
1.0
1.0
1.0
1.0
1.0
1.0
1.0
1.0
1.0
1.0
1.0
1.0
1.0
1.0
1.0
1.0
1.0
1.0
1.0
1.0
1.0
1.0
1.0
1.0
1.0
1.0
1.0
1.0
1.0
1.0
1.0
1.0
1.0
1.0
1.0
1.0
1.0
1.0
1.0
1.0
1.0
1.0
1.0
1.0
1.0
1.0
1.0
1.0
1.0
1.0
1.0
1.0
1.0
1.0
1.0
1.0
1.0
1.0
1.0
1.0
1.0
1.0
1.0
1.0
1.0
1.0
1.0
1.0
1.0
1.0
1.0
1.0
1.0
1.0
1.0
1.0
1.0
1.0
1.0
1.0
1.0
1.0
1.0
1.0
1.0
0.16666666666666666
0.17647058823529413
0.18604651162790697
0.19540229885057472
0.20454545454545456
0.21348314606741572
0.2222222222222222
0.23076923076923078
0.2391304347826087
0.24731182795698925
0.2553191489361702
0.2631578947368421
0.2708333333333333
0.27835051546391754
0.2857142857142857
0.29292929292929293
0.3
0.3069306930693069
0.3137254901960784
0.32038834951456313
0.3269230769230769
0.3333333333333333
0.33962264150943394
0.34579439252336447
0.35185185185185186
0.3577981651376147
0.36363636363636365
0.36936936936936937
0.375
0.3805309734513274
0.38596491228070173
0.391304347826087
0.39655172413793105
0.4017094017094017
0.4067796610169492
0.4117647058823529
0.4166666666666667
0.4214876033057851
0.4262295081967213
0.43089430894308944
0.43548387096774194
0.44
0.4444444444444444
0.44881889763779526
0.21323529411764705
0.21611721611721613
0.21897810218978103
0.22181818181818183
0.2246376811594203
0.22743682310469315
0.2302158273381295
0.23297491039426524
0.2357142857142857
0.23843416370106763
0.24113475177304963
0.24381625441696114
0.24647887323943662
0.24912280701754386
0.2517482517482518
0.25435540069686413
0.2569444444444444
0.25951557093425603
0.2620689655172414
0.2646048109965636
0.2671232876712329
0.2696245733788396
0.272108843537415
0.2745762711864407
0.27702702702702703
0.27946127946127947
0.28187919463087246
0.2842809364548495
0.2866666666666667
0.28903654485049834
0.2913907284768212
0.19866071428571427
0.20044543429844097
0.20222222222222222
0.2039911308203991
0.20575221238938052
0.18951612903225806
0.19114688128772636
0.1927710843373494
0.19438877755511022
0.196
0.19760479041916168
0.199203187250996
0.20079522862823063
0.20238095238095238
0.20396039603960395
0.20553359683794467
0.20710059171597633
0.20866141732283464
0.21021611001964635
0.21176470588235294
0.21330724070450097
0.21484375
0.19304347826086957
0.19444444444444445
0.19584055459272098
0.1972318339100346
0.19861830742659758
0.2
0.20137693631669534
0.2027491408934708
0.20411663807890223
0.2054794520547945
0.20683760683760682
0.20819112627986347
0.20954003407155025
0.2108843537414966
0.21222410865874364
0.2135593220338983
0.21489001692047377
0.21621621621621623
0.2175379426644182
0.21885521885521886
0.18093922651933703
0.1820689655172414
0.18319559228650137
0.1843191196698762
0.18543956043956045
0.18655692729766804
0.18767123287671234
0.18878248974008208
0.18989071038251365
0.19099590723055934
0.19209809264305178
0.19319727891156463
0.19429347826086957
0.19538670284938942
0.19647696476964768
0.1975642760487145
0.19864864864864865
0.19973009446693657
0.20080862533692723
0.2018842530282638
0.20295698924731181
0.2040268456375839
0.20509383378016086
0.20615796519410978
0.15897435897435896
0.1598360655737705
0.16069600818833163
0.16155419222903886
0.16241062308478038
0.16326530612244897
0.16411824668705402
0.164969450101833
0.16581892166836215
0.16666666666666666
0.16751269035532995
0.16835699797160245
0.1526508226691042
0.15342465753424658
0.1541970802919708
0.15496809480401094
0.1557377049180328
0.1565059144676979
0.1572727272727273
0.15803814713896458
0.1588021778584392
0.15956482320942883
0.16032608695652173
0.16108597285067874
0.15273037542662116
1.0
1.0
1.0
1.0
1.0
1.0
1.0
1.0
1.0
1.0
1.0
1.0
1.0
0.16666666666666666
0.17647058823529413
0.18604651162790697
0.19540229885057472
0.20454545454545456
0.21348314606741572
0.2222222222222222
0.23076923076923078
0.2391304347826087
0.24731182795698925
0.2553191489361702
0.2631578947368421
0.2708333333333333
0.27835051546391754
0.2857142857142857
0.29292929292929293
0.3
0.3069306930693069
0.3137254901960784
0.32038834951456313
0.3269230769230769
0.3333333333333333
0.33962264150943394
0.34579439252336447
0.35185185185185186
0.3577981651376147
0.36363636363636365
0.36936936936936937
0.375
0.3805309734513274
0.38596491228070173
0.391304347826087
0.39655172413793105
0.4017094017094017
0.4067796610169492
0.4117647058823529
0.4166666666666667
0.4214876033057851
0.4262295081967213
0.43089430894308944
0.43548387096774194
0.44
0.4444444444444444
0.44881889763779526
0.21323529411764705
0.21611721611721613
0.21897810218978103
0.22181818181818183
0.2246376811594203
0.22743682310469315
0.2302158273381295
0.23297491039426524
0.2357142857142857
0.23843416370106763
0.24113475177304963
0.24381625441696114
0.24647887323943662
0.24912280701754386
0.2517482517482518
0.25435540069686413
0.2569444444444444
0.25951557093425603
0.2620689655172414
0.2646048109965636
0.2671232876712329
0.2696245733788396
0.272108843537415
0.2745762711864407
0.27702702702702703
0.27946127946127947
0.28187919463087246
0.2842809364548495
0.2866666666666667
0.28903654485049834
0.2913907284768212
0.19866071428571427
0.20044543429844097
0.20222222222222222
0.2039911308203991
0.20575221238938052
0.18951612903225806
0.19114688128772636
0.1927710843373494
0.19438877755511022
0.196
0.19760479041916168
0.199203187250996
0.20079522862823063
0.20238095238095238
0.20396039603960395
0.20553359683794467
0.20710059171597633
0.20866141732283464
0.21021611001964635
0.21176470588235294
0.21330724070450097
0.21484375
0.19304347826086957
0.19444444444444445
0.19584055459272098
0.1972318339100346
0.19861830742659758
0.2
0.20137693631669534
0.2027491408934708
0.20411663807890223
0.2054794520547945
0.20683760683760682
0.20819112627986347
0.20954003407155025
0.2108843537414966
0.21222410865874364
0.2135593220338983
0.21489001692047377
0.21621621621621623
0.2175379426644182
0.21885521885521886
0.18093922651933703
0.1820689655172414
0.18319559228650137
0.1843191196698762
0.18543956043956045
0.18655692729766804
0.18767123287671234
0.18878248974008208
0.18989071038251365
0.19099590723055934
0.19209809264305178
0.19319727891156463
0.19429347826086957
0.19538670284938942
0.19647696476964768
0.1975642760487145
0.19864864864864865
0.19973009446693657
0.20080862533692723
0.2018842530282638
0.20295698924731181
0.2040268456375839
0.20509383378016086
0.20615796519410978
0.15897435897435896
0.1598360655737705
0.16069600818833163
0.16155419222903886
0.16241062308478038
0.16326530612244897
0.16411824668705402
0.164969450101833
0.16581892166836215
0.16666666666666666
0.16751269035532995
0.16835699797160245
0.1526508226691042
0.15342465753424658
0.1541970802919708
0.15496809480401094
0.1557377049180328
0.1565059144676979
0.1572727272727273
0.15803814713896458
0.1588021778584392
0.15956482320942883
0.16032608695652173
0.16108597285067874
0.15273037542662116
1.0
1.0
1.0
1.0
1.0
1.0
1.0
1.0
1.0
1.0
1.0
1.0
1.0
0.16666666666666666
0.17647058823529413
0.18604651162790697
0.19540229885057472
0.20454545454545456
0.21348314606741572
0.2222222222222222
0.23076923076923078
0.2391304347826087
0.24731182795698925
0.2553191489361702
0.2631578947368421
0.2708333333333333
0.27835051546391754
0.2857142857142857
0.29292929292929293
0.3
0.3069306930693069
0.3137254901960784
0.32038834951456313
0.3269230769230769
0.3333333333333333
0.33962264150943394
0.34579439252336447
0.35185185185185186
0.3577981651376147
0.36363636363636365
0.36936936936936937
0.375
0.3805309734513274
0.38596491228070173
0.391304347826087
0.39655172413793105
0.4017094017094017
0.4067796610169492
0.4117647058823529
0.4166666666666667
0.4214876033057851
0.4262295081967213
0.43089430894308944
0.43548387096774194
0.44
0.4444444444444444
0.44881889763779526
0.21323529411764705
0.21611721611721613
0.21897810218978103
0.22181818181818183
0.2246376811594203
0.22743682310469315
0.2302158273381295
0.23297491039426524
0.2357142857142857
0.23843416370106763
0.24113475177304963
0.24381625441696114
0.24647887323943662
0.24912280701754386
0.2517482517482518
0.25435540069686413
0.2569444444444444
0.25951557093425603
0.2620689655172414
0.2646048109965636
0.2671232876712329
0.2696245733788396
0.272108843537415
0.2745762711864407
0.27702702702702703
0.27946127946127947
0.28187919463087246
0.2842809364548495
0.2866666666666667
0.28903654485049834
0.2913907284768212
0.19866071428571427
0.20044543429844097
0.20222222222222222
0.2039911308203991
0.20575221238938052
0.18951612903225806
0.19114688128772636
0.1927710843373494
0.19438877755511022
0.196
0.19760479041916168
0.199203187250996
0.20079522862823063
0.20238095238095238
0.20396039603960395
0.20553359683794467
0.20710059171597633
0.20866141732283464
0.21021611001964635
0.21176470588235294
0.21330724070450097
0.21484375
0.19304347826086957
0.19444444444444445
0.19584055459272098
0.1972318339100346
0.19861830742659758
0.2
0.20137693631669534
0.2027491408934708
0.20411663807890223
0.2054794520547945
0.20683760683760682
0.20819112627986347
0.20954003407155025
0.2108843537414966
0.21222410865874364
0.2135593220338983
0.21489001692047377
0.21621621621621623
0.2175379426644182
0.21885521885521886
0.18093922651933703
0.1820689655172414
0.18319559228650137
0.1843191196698762
0.18543956043956045
0.18655692729766804
0.18767123287671234
0.18878248974008208
0.18989071038251365
0.19099590723055934
0.19209809264305178
0.19319727891156463
0.19429347826086957
0.19538670284938942
0.19647696476964768
0.1975642760487145
0.19864864864864865
0.19973009446693657
0.20080862533692723
0.2018842530282638
0.20295698924731181
0.2040268456375839
0.20509383378016086
0.20615796519410978
0.15897435897435896
0.1598360655737705
0.16069600818833163
0.16155419222903886
0.16241062308478038
0.16326530612244897
0.16411824668705402
0.164969450101833
0.16581892166836215
0.16666666666666666
0.16751269035532995
0.16835699797160245
0.1526508226691042
0.15342465753424658
0.1541970802919708
0.15496809480401094
0.1557377049180328
0.1565059144676979
0.1572727272727273
0.15803814713896458
0.1588021778584392
0.15956482320942883
0.16032608695652173
0.16108597285067874
0.15273037542662116
1.0
1.0
1.0
1.0
1.0
1.0
1.0
1.0
1.0
1.0
1.0
1.0
1.0
0.16666666666666666
0.17647058823529413
0.18604651162790697
0.19540229885057472
0.20454545454545456
0.21348314606741572
0.2222222222222222
0.23076923076923078
0.2391304347826087
0.24731182795698925
0.2553191489361702
0.2631578947368421
0.2708333333333333
0.27835051546391754
0.2857142857142857
0.29292929292929293
0.3
0.3069306930693069
0.3137254901960784
0.32038834951456313
0.3269230769230769
0.3333333333333333
0.33962264150943394
0.34579439252336447
0.35185185185185186
0.3577981651376147
0.36363636363636365
0.36936936936936937
0.375
0.3805309734513274
0.38596491228070173
0.391304347826087
0.39655172413793105
0.4017094017094017
0.4067796610169492
0.4117647058823529
0.4166666666666667
0.4214876033057851
0.4262295081967213
0.43089430894308944
0.43548387096774194
0.44
0.4444444444444444
0.44881889763779526
0.21323529411764705
0.21611721611721613
0.21897810218978103
0.22181818181818183
0.2246376811594203
0.22743682310469315
0.2302158273381295
0.23297491039426524
0.2357142857142857
0.23843416370106763
0.24113475177304963
0.24381625441696114
0.24647887323943662
0.24912280701754386
0.2517482517482518
0.25435540069686413
0.2569444444444444
0.25951557093425603
0.2620689655172414
0.2646048109965636
0.2671232876712329
0.2696245733788396
0.272108843537415
0.2745762711864407
0.27702702702702703
0.27946127946127947
0.28187919463087246
0.2842809364548495
0.2866666666666667
0.28903654485049834
0.2913907284768212
0.19866071428571427
0.20044543429844097
0.20222222222222222
0.2039911308203991
0.20575221238938052
0.18951612903225806
0.19114688128772636
0.1927710843373494
0.19438877755511022
0.196
0.19760479041916168
0.199203187250996
0.20079522862823063
0.20238095238095238
0.20396039603960395
0.20553359683794467
0.20710059171597633
0.20866141732283464
0.21021611001964635
0.21176470588235294
0.21330724070450097
0.21484375
0.19304347826086957
0.19444444444444445
0.19584055459272098
0.1972318339100346
0.19861830742659758
0.2
0.20137693631669534
0.2027491408934708
0.20411663807890223
0.2054794520547945
0.20683760683760682
0.20819112627986347
0.20954003407155025
0.2108843537414966
0.21222410865874364
0.2135593220338983
0.21489001692047377
0.21621621621621623
0.2175379426644182
0.21885521885521886
0.18093922651933703
0.1820689655172414
0.18319559228650137
0.1843191196698762
0.18543956043956045
0.18655692729766804
0.18767123287671234
0.18878248974008208
0.18989071038251365
0.19099590723055934
0.19209809264305178
0.19319727891156463
0.19429347826086957
0.19538670284938942
0.19647696476964768
0.1975642760487145
0.19864864864864865
0.19973009446693657
0.20080862533692723
0.2018842530282638
0.20295698924731181
0.2040268456375839
0.20509383378016086
0.20615796519410978
0.15897435897435896
0.1598360655737705
0.16069600818833163
0.16155419222903886
0.16241062308478038
0.16326530612244897
0.16411824668705402
0.164969450101833
0.16581892166836215
0.16666666666666666
0.16751269035532995
0.16835699797160245
0.1526508226691042
0.15342465753424658
0.1541970802919708
0.15496809480401094
0.1557377049180328
0.1565059144676979
0.1572727272727273
0.15803814713896458
0.1588021778584392
0.15956482320942883
0.16032608695652173
0.16108597285067874
0.15273037542662116
