1.0
1.0
1.0
1.0
1.0
1.0
1.0
1.0
1.0
1.0
1.0
1.0
1.0
1.0
1.0
1.0
1.0
1.0
1.0
1.0
1.0
1.0
0.34328358208955223
0.35294117647058826
0.36231884057971014
0.37142857142857144
0.38028169014084506
0.3888888888888889
0.3972602739726027
0.40540540540540543
0.41333333333333333
0.42105263157894735
0.42857142857142855
0.4358974358974359
0.4430379746835443
0.45
0.4567901234567901
0.4634146341463415
0.46987951807228917
0.47619047619047616
0.4823529411764706
0.4883720930232558
0.4942528735632184
0.4943820224719101
0.5056179775280899
0.5111111111111111
0.5164835164835165
0.5217391304347826
0.5268817204301075
0.5376344086021505
0.5483870967741935
0.5591397849462365
0.5698924731182796
0.5806451612903226
0.5913978494623656
0.6021505376344086
0.6129032258064516
0.6236559139784946
0.6344086021505376
0.6451612903225806
0.6559139784946236
0.6666666666666666
0.6774193548387096
0.6881720430107527
0.6989247311827957
0.7096774193548387
0.7204301075268817
0.7311827956989247
0.7419354838709677
0.7526881720430108
0.7634408602150538
0.7741935483870968
0.7849462365591398
0.7956989247311828
0.8064516129032258
0.8172043010752689
0.8279569892473119
0.8387096774193549
0.8494623655913979
0.8602150537634409
0.8709677419354839
0.8817204301075269
0.8924731182795699
0.9032258064516129
0.9139784946236559
0.9247311827956989
0.925531914893617
0.9361702127659575
0.9468085106382979
0.9574468085106383
0.9578947368421052
0.9583333333333334
1.0
1.0
1.0
1.0
1.0
1.0
1.0
1.0
1.0
1.0
1.0
1.0
1.0
1.0
1.0
1.0
1.0
1.0
1.0
1.0
1.0
1.0
0.34328358208955223
0.35294117647058826
0.36231884057971014
0.37142857142857144
0.38028169014084506
0.3888888888888889
0.3972602739726027
0.40540540540540543
0.41333333333333333
0.42105263157894735
0.42857142857142855
0.4358974358974359
0.4430379746835443
0.45
0.4567901234567901
0.4634146341463415
0.46987951807228917
0.47619047619047616
0.4823529411764706
0.4883720930232558
0.4942528735632184
0.4943820224719101
0.5056179775280899
0.5111111111111111
0.5164835164835165
0.5217391304347826
0.5268817204301075
0.5376344086021505
0.5483870967741935
0.5591397849462365
0.5698924731182796
0.5806451612903226
0.5913978494623656
0.6021505376344086
0.6129032258064516
0.6236559139784946
0.6344086021505376
0.6451612903225806
0.6559139784946236
0.6666666666666666
0.6774193548387096
0.6881720430107527
0.6989247311827957
0.7096774193548387
0.7204301075268817
0.7311827956989247
0.7419354838709677
0.7526881720430108
0.7634408602150538
0.7741935483870968
0.7849462365591398
0.7956989247311828
0.8064516129032258
0.8172043010752689
0.8279569892473119
0.8387096774193549
0.8494623655913979
0.8602150537634409
0.8709677419354839
0.8817204301075269
0.8924731182795699
0.9032258064516129
0.9139784946236559
0.9247311827956989
0.925531914893617
0.9361702127659575
0.9468085106382979
0.9574468085106383
0.9578947368421052
0.9583333333333334
1.0
1.0
1.0
1.0
1.0
1.0
1.0
1.0
1.0
1.0
1.0
1.0
1.0
1.0
1.0
1.0
1.0
1.0
1.0
1.0
1.0
1.0
1.0
1.0
1.0
1.0
1.0
1.0
1.0
1.0
1.0
1.0
1.0
1.0
1.0
1.0
1.0
1.0
1.0
1.0
1.0
1.0
1.0
1.0
1.0
1.0
1.0
1.0
1.0
1.0
1.0
1.0
1.0
1.0
1.0
1.0
1.0
1.0
1.0
1.0
1.0
1.0
1.0
1.0
1.0
0.34328358208955223
0.35294117647058826
0.36231884057971014
0.37142857142857144
0.38028169014084506
0.3888888888888889
0.3972602739726027
0.40540540540540543
0.41333333333333333
0.42105263157894735
0.42857142857142855
0.4358974358974359
0.4430379746835443
0.45
0.4567901234567901
0.4634146341463415
0.46987951807228917
0.47619047619047616
0.4823529411764706
0.4883720930232558
0.4942528735632184
0.4943820224719101
0.5056179775280899
0.5111111111111111
0.5164835164835165
0.5217391304347826
0.5268817204301075
0.5376344086021505
0.5483870967741935
0.5591397849462365
0.5698924731182796
0.5806451612903226
0.5913978494623656
0.6021505376344086
0.6129032258064516
0.6236559139784946
0.6344086021505376
0.6451612903225806
0.6559139784946236
0.6666666666666666
0.6774193548387096
0.6881720430107527
0.6989247311827957
0.7096774193548387
0.7204301075268817
0.7311827956989247
0.7419354838709677
0.7526881720430108
0.7634408602150538
0.7741935483870968
0.7849462365591398
0.7956989247311828
0.8064516129032258
0.8172043010752689
0.8279569892473119
0.8387096774193549
0.8494623655913979
0.8602150537634409
0.8709677419354839
0.8817204301075269
0.8924731182795699
0.9032258064516129
0.9139784946236559
0.9247311827956989
0.925531914893617
0.9361702127659575
0.9468085106382979
0.9574468085106383
0.9578947368421052
0.9583333333333334
1.0
1.0
1.0
1.0
1.0
1.0
1.0
1.0
1.0
1.0
1.0
1.0
1.0
1.0
1.0
1.0
1.0
1.0
1.0
1.0
1.0
1.0
0.34328358208955223
0.35294117647058826
0.36231884057971014
0.37142857142857144
0.38028169014084506
0.3888888888888889
0.3972602739726027
0.40540540540540543
0.41333333333333333
0.42105263157894735
0.42857142857142855
0.4358974358974359
0.4430379746835443
0.45
0.4567901234567901
0.4634146341463415
0.46987951807228917
0.47619047619047616
0.4823529411764706
0.4883720930232558
0.4942528735632184
0.4943820224719101
0.5056179775280899
0.5111111111111111
0.5164835164835165
0.5217391304347826
0.5268817204301075
0.5376344086021505
0.5483870967741935
0.5591397849462365
0.5698924731182796
0.5806451612903226
0.5913978494623656
0.6021505376344086
0.6129032258064516
0.6236559139784946
0.6344086021505376
0.6451612903225806
0.6559139784946236
0.6666666666666666
0.6774193548387096
0.6881720430107527
0.6989247311827957
0.7096774193548387
0.7204301075268817
0.7311827956989247
0.7419354838709677
0.7526881720430108
0.7634408602150538
0.7741935483870968
0.7849462365591398
0.7956989247311828
0.8064516129032258
0.8172043010752689
0.8279569892473119
0.8387096774193549
0.8494623655913979
0.8602150537634409
0.8709677419354839
0.8817204301075269
0.8924731182795699
0.9032258064516129
0.9139784946236559
0.9247311827956989
0.925531914893617
0.9361702127659575
0.9468085106382979
0.9574468085106383
1.0
1.0
1.0
1.0
1.0
1.0
1.0
1.0
1.0
1.0
1.0
1.0
1.0
1.0
1.0
1.0
1.0
1.0
1.0
1.0
1.0
1.0
0.34328358208955223
0.35294117647058826
0.36231884057971014
0.37142857142857144
0.38028169014084506
0.3888888888888889
0.3972602739726027
0.40540540540540543
0.41333333333333333
0.42105263157894735
0.42857142857142855
0.4358974358974359
0.4430379746835443
0.45
0.4567901234567901
0.4634146341463415
0.46987951807228917
0.47619047619047616
0.4823529411764706
0.4883720930232558
0.4942528735632184
0.4943820224719101
0.5056179775280899
0.5111111111111111
0.5164835164835165
0.5217391304347826
0.5268817204301075
0.5376344086021505
0.5483870967741935
0.5591397849462365
0.5698924731182796
0.5806451612903226
0.5913978494623656
0.6021505376344086
0.6129032258064516
0.6236559139784946
0.6344086021505376
0.6451612903225806
0.6559139784946236
0.6666666666666666
0.6774193548387096
0.6881720430107527
0.6989247311827957
0.7096774193548387
0.7204301075268817
0.7311827956989247
0.7419354838709677
0.7526881720430108
0.7634408602150538
0.7741935483870968
0.7849462365591398
0.7956989247311828
0.8064516129032258
0.8172043010752689
0.8279569892473119
0.8387096774193549
0.8494623655913979
0.8602150537634409
0.8709677419354839
0.8817204301075269
0.8924731182795699
0.9032258064516129
0.9139784946236559
0.9247311827956989
0.925531914893617
0.9361702127659575
0.9468085106382979
0.9574468085106383
0.9578947368421052
0.9583333333333334
1.0
1.0
1.0
1.0
1.0
1.0
1.0
1.0
1.0
1.0
1.0
1.0
1.0
1.0
1.0
1.0
1.0
1.0
1.0
1.0
1.0
1.0
0.34328358208955223
0.35294117647058826
0.36231884057971014
0.37142857142857144
0.38028169014084506
0.3888888888888889
0.3972602739726027
0.40540540540540543
0.41333333333333333
0.42105263157894735
0.42857142857142855
0.4358974358974359
0.4430379746835443
0.45
0.4567901234567901
0.4634146341463415
0.46987951807228917
0.47619047619047616
0.4823529411764706
0.4883720930232558
0.4942528735632184
0.4943820224719101
0.5056179775280899
0.5111111111111111
0.5164835164835165
0.5217391304347826
0.5268817204301075
0.5376344086021505
0.5483870967741935
0.5591397849462365
0.5698924731182796
0.5806451612903226
0.5913978494623656
0.6021505376344086
0.6129032258064516
0.6236559139784946
0.6344086021505376
0.6451612903225806
0.6559139784946236
0.6666666666666666
0.6774193548387096
0.6881720430107527
0.6989247311827957
0.7096774193548387
0.7204301075268817
0.7311827956989247
0.7419354838709677
0.7526881720430108
0.7634408602150538
0.7741935483870968
0.7849462365591398
0.7956989247311828
0.8064516129032258
0.8172043010752689
0.8279569892473119
0.8387096774193549
0.8494623655913979
0.8602150537634409
0.8709677419354839
0.8817204301075269
0.8924731182795699
0.9032258064516129
0.9139784946236559
0.9247311827956989
0.925531914893617
0.9361702127659575
0.9468085106382979
0.9574468085106383
0.9578947368421052
0.9583333333333334
