1.0
1.0
1.0
1.0
1.0
1.0
0.06930693069306931
0.07920792079207921
0.0891089108910891
0.09900990099009901
0.10891089108910891
0.1188118811881188
0.12871287128712872
0.13861386138613863
0.1485148514851485
0.15841584158415842
0.16831683168316833
0.1782178217821782
0.18811881188118812
0.19801980198019803
0.2079207920792079
0.21782178217821782
0.22772277227722773
0.2376237623762376
0.24752475247524752
0.25742574257425743
0.26732673267326734
0.27722772277227725
0.2871287128712871
0.297029702970297
0.3069306930693069
0.31683168316831684
0.32673267326732675
0.33663366336633666
0.3465346534653465
0.3564356435643564
0.36633663366336633
0.37623762376237624
0.38613861386138615
0.39603960396039606
0.40594059405940597
0.4158415841584158
0.42574257425742573
0.43564356435643564
0.44554455445544555
0.45544554455445546
0.46534653465346537
0.4752475247524752
0.48514851485148514
0.49504950495049505
0.504950495049505
0.5148514851485149
0.5247524752475248
0.5294117647058824
0.5392156862745098
0.5490196078431373
0.5588235294117647
0.5686274509803921
0.5784313725490197
0.5882352941176471
0.5980392156862745
0.6078431372549019
0.6176470588235294
0.6274509803921569
0.6372549019607843
0.6470588235294118
0.6568627450980392
0.6666666666666666
0.6764705882352942
0.6862745098039216
0.696078431372549
0.7058823529411765
0.7156862745098039
0.7254901960784313
0.7352941176470589
0.7450980392156863
0.7549019607843137
0.7647058823529411
0.7745098039215687
0.7843137254901961
0.7941176470588235
1.0
1.0
1.0
1.0
1.0
1.0
0.06930693069306931
0.07920792079207921
0.0891089108910891
0.09900990099009901
0.10891089108910891
0.1188118811881188
0.12871287128712872
0.13861386138613863
0.1485148514851485
0.15841584158415842
0.16831683168316833
0.1782178217821782
0.18811881188118812
0.19801980198019803
0.2079207920792079
0.21782178217821782
0.22772277227722773
0.2376237623762376
0.24752475247524752
0.25742574257425743
0.26732673267326734
0.27722772277227725
0.2871287128712871
0.297029702970297
0.3069306930693069
0.31683168316831684
0.32673267326732675
0.33663366336633666
0.3465346534653465
0.3564356435643564
0.36633663366336633
0.37623762376237624
0.38613861386138615
0.39603960396039606
0.40594059405940597
0.4158415841584158
0.42574257425742573
0.43564356435643564
0.44554455445544555
0.45544554455445546
0.46534653465346537
0.4752475247524752
0.48514851485148514
0.49504950495049505
0.504950495049505
0.5148514851485149
0.5247524752475248
0.5294117647058824
0.5392156862745098
0.5490196078431373
0.5588235294117647
0.5686274509803921
0.5784313725490197
0.5882352941176471
0.5980392156862745
0.6078431372549019
0.6176470588235294
0.6274509803921569
0.6372549019607843
0.6470588235294118
0.6568627450980392
0.6666666666666666
0.6764705882352942
0.6862745098039216
0.696078431372549
0.7058823529411765
0.7156862745098039
0.7254901960784313
0.7352941176470589
0.7450980392156863
0.7549019607843137
0.7647058823529411
0.7745098039215687
0.7843137254901961
0.7941176470588235
1.0
1.0
1.0
1.0
1.0
1.0
1.0
1.0
1.0
1.0
1.0
1.0
0.06930693069306931
0.07920792079207921
0.0891089108910891
0.09900990099009901
0.10891089108910891
0.1188118811881188
0.12871287128712872
0.13861386138613863
0.1485148514851485
0.15841584158415842
0.16831683168316833
0.1782178217821782
0.18811881188118812
0.19801980198019803
0.2079207920792079
0.21782178217821782
0.22772277227722773
0.2376237623762376
0.24752475247524752
0.25742574257425743
0.26732673267326734
0.27722772277227725
0.2871287128712871
0.297029702970297
0.3069306930693069
0.31683168316831684
0.32673267326732675
0.33663366336633666
0.3465346534653465
0.3564356435643564
0.36633663366336633
0.37623762376237624
0.38613861386138615
0.39603960396039606
0.40594059405940597
0.4158415841584158
0.42574257425742573
0.43564356435643564
0.44554455445544555
0.45544554455445546
0.46534653465346537
0.4752475247524752
0.48514851485148514
0.49504950495049505
0.504950495049505
0.5148514851485149
0.5247524752475248
0.5294117647058824
0.5392156862745098
0.5490196078431373
0.5588235294117647
0.5686274509803921
0.5784313725490197
0.5882352941176471
0.5980392156862745
0.6078431372549019
0.6176470588235294
0.6274509803921569
0.6372549019607843
0.6470588235294118
0.6568627450980392
0.6666666666666666
0.6764705882352942
0.6862745098039216
0.696078431372549
0.7058823529411765
0.7156862745098039
0.7254901960784313
0.7352941176470589
0.7450980392156863
0.7549019607843137
0.7647058823529411
0.7745098039215687
0.7843137254901961
0.7941176470588235
1.0
1.0
1.0
1.0
1.0
1.0
0.06930693069306931
0.07920792079207921
0.0891089108910891
0.09900990099009901
0.10891089108910891
0.1188118811881188
0.12871287128712872
0.13861386138613863
0.1485148514851485
0.15841584158415842
0.16831683168316833
0.1782178217821782
0.18811881188118812
0.19801980198019803
0.2079207920792079
0.21782178217821782
0.22772277227722773
0.2376237623762376
0.24752475247524752
0.25742574257425743
0.26732673267326734
0.27722772277227725
0.2871287128712871
0.297029702970297
0.3069306930693069
0.31683168316831684
0.32673267326732675
0.33663366336633666
0.3465346534653465
0.3564356435643564
0.36633663366336633
0.37623762376237624
0.38613861386138615
0.39603960396039606
0.40594059405940597
0.4158415841584158
0.42574257425742573
0.43564356435643564
0.44554455445544555
0.45544554455445546
0.46534653465346537
0.4752475247524752
0.48514851485148514
0.49504950495049505
0.504950495049505
0.5148514851485149
0.5247524752475248
0.5294117647058824
0.5392156862745098
0.5490196078431373
0.5588235294117647
0.5686274509803921
0.5784313725490197
0.5882352941176471
0.5980392156862745
0.6078431372549019
0.6176470588235294
0.6274509803921569
0.6372549019607843
0.6470588235294118
0.6568627450980392
0.6666666666666666
0.6764705882352942
0.6862745098039216
0.696078431372549
0.7058823529411765
0.7156862745098039
0.7254901960784313
0.7352941176470589
0.7450980392156863
0.7549019607843137
0.7647058823529411
0.7745098039215687
0.7843137254901961
0.7941176470588235
1.0
1.0
1.0
1.0
1.0
1.0
0.06930693069306931
0.07920792079207921
0.0891089108910891
0.09900990099009901
0.10891089108910891
0.1188118811881188
0.12871287128712872
0.13861386138613863
0.1485148514851485
0.15841584158415842
0.16831683168316833
0.1782178217821782
0.18811881188118812
0.19801980198019803
0.2079207920792079
0.21782178217821782
0.22772277227722773
0.2376237623762376
0.24752475247524752
0.25742574257425743
0.26732673267326734
0.27722772277227725
0.2871287128712871
0.297029702970297
0.3069306930693069
0.31683168316831684
0.32673267326732675
0.33663366336633666
0.3465346534653465
0.3564356435643564
0.36633663366336633
0.37623762376237624
0.38613861386138615
0.39603960396039606
0.40594059405940597
0.4158415841584158
0.42574257425742573
0.43564356435643564
0.44554455445544555
0.45544554455445546
0.46534653465346537
0.4752475247524752
0.48514851485148514
0.49504950495049505
0.504950495049505
0.5148514851485149
0.5247524752475248
0.5294117647058824
0.5392156862745098
0.5490196078431373
0.5588235294117647
0.5686274509803921
0.5784313725490197
0.5882352941176471
0.5980392156862745
0.6078431372549019
0.6176470588235294
0.6274509803921569
0.6372549019607843
0.6470588235294118
0.6568627450980392
0.6666666666666666
0.6764705882352942
0.6862745098039216
0.696078431372549
0.7058823529411765
0.7156862745098039
0.7254901960784313
0.7352941176470589
0.7450980392156863
0.7549019607843137
0.7647058823529411
0.7745098039215687
0.7843137254901961
0.7941176470588235
1.0
1.0
1.0
1.0
1.0
1.0
0.06930693069306931
0.07920792079207921
0.0891089108910891
0.09900990099009901
0.10891089108910891
0.1188118811881188
0.12871287128712872
0.13861386138613863
0.1485148514851485
0.15841584158415842
0.16831683168316833
0.1782178217821782
0.18811881188118812
0.19801980198019803
0.2079207920792079
0.21782178217821782
0.22772277227722773
0.2376237623762376
0.24752475247524752
0.25742574257425743
0.26732673267326734
0.27722772277227725
0.2871287128712871
0.297029702970297
0.3069306930693069
0.31683168316831684
0.32673267326732675
0.33663366336633666
0.3465346534653465
0.3564356435643564
0.36633663366336633
0.37623762376237624
0.38613861386138615
0.39603960396039606
0.40594059405940597
0.4158415841584158
0.42574257425742573
0.43564356435643564
0.44554455445544555
0.45544554455445546
0.46534653465346537
0.4752475247524752
0.48514851485148514
0.49504950495049505
0.504950495049505
0.5148514851485149
0.5247524752475248
0.5294117647058824
0.5392156862745098
0.5490196078431373
0.5588235294117647
0.5686274509803921
0.5784313725490197
0.5882352941176471
0.5980392156862745
0.6078431372549019
0.6176470588235294
0.6274509803921569
0.6372549019607843
0.6470588235294118
0.6568627450980392
0.6666666666666666
0.6764705882352942
0.6862745098039216
0.696078431372549
0.7058823529411765
0.7156862745098039
0.7254901960784313
0.7352941176470589
0.7450980392156863
0.7549019607843137
0.7647058823529411
0.7745098039215687
0.7843137254901961
0.7941176470588235
