1.0
1.0
1.0
1.0
1.0
1.0
1.0
1.0
1.0
0.3448275862068966
0.36666666666666664
0.3870967741935484
0.40625
0.42424242424242425
0.4411764705882353
0.45714285714285713
0.4722222222222222
0.4864864864864865
0.5
0.5128205128205128
0.525
0.5365853658536586
0.5476190476190477
0.5581395348837209
0.5681818181818182
0.5777777777777777
0.5869565217391305
0.5957446808510638
0.6041666666666666
0.6122448979591837
0.62
0.5925925925925926
0.6
0.6071428571428571
0.6140350877192983
0.6206896551724138
0.6271186440677966
0.6333333333333333
0.639344262295082
0.6451612903225806
0.6507936507936508
0.65625
0.589041095890411
0.6027397260273972
0.6164383561643836
0.6301369863013698
0.6438356164383562
0.6575342465753424
0.6712328767123288
0.684931506849315
0.6986301369863014
0.7123287671232876
0.7162162162162162
0.72
0.7236842105263158
0.7272727272727273
0.7307692307692307
0.7341772151898734
0.7375
0.7407407407407407
0.7439024390243902
0.7469879518072289
0.75
0.7529411764705882
0.7558139534883721
0.7586206896551724
0.7613636363636364
0.7640449438202247
0.7666666666666667
0.7692307692307693
0.7717391304347826
0.7741935483870968
0.776595744680851
0.7789473684210526
0.78125
0.5671641791044776
0.5703703703703704
0.5735294117647058
0.5766423357664233
0.5797101449275363
0.5827338129496403
0.5857142857142857
0.5886524822695035
0.5915492957746479
0.5944055944055944
0.5972222222222222
0.6
0.6027397260273972
0.6095890410958904
0.6164383561643836
0.6232876712328768
0.6301369863013698
0.636986301369863
0.6438356164383562
0.6506849315068494
0.6575342465753424
0.6643835616438356
0.6712328767123288
0.678082191780822
0.684931506849315
0.6917808219178082
0.6986301369863014
0.7054794520547946
0.7123287671232876
0.7191780821917808
0.726027397260274
0.7328767123287672
0.7397260273972602
0.7414965986394558
0.7432432432432432
0.7449664429530202
0.7466666666666667
0.7483443708609272
0.75
0.7516339869281046
0.7581699346405228
0.7647058823529411
0.7712418300653595
0.7777777777777778
0.7843137254901961
0.7908496732026143
0.7973856209150327
0.7987012987012987
0.8
0.8012820512820513
0.802547770700637
0.8037974683544303
0.8050314465408805
0.7371428571428571
0.7428571428571429
0.7485714285714286
0.75
0.751412429378531
0.7528089887640449
0.7541899441340782
0.7555555555555555
0.7569060773480663
0.7582417582417582
0.7595628415300546
0.7608695652173914
0.7621621621621621
0.7634408602150538
0.7647058823529411
0.7659574468085106
0.7671957671957672
0.7684210526315789
0.7696335078534031
0.7708333333333334
0.772020725388601
0.7731958762886598
0.7743589743589744
0.7755102040816326
0.7766497461928934
0.7777777777777778
0.7788944723618091
0.78
0.7810945273631841
0.7821782178217822
0.7832512315270936
0.7843137254901961
0.7853658536585366
0.7864077669902912
0.7149122807017544
0.7161572052401747
0.717391304347826
0.7186147186147186
0.7198275862068966
0.721030042918455
0.7222222222222222
0.723404255319149
0.7245762711864406
0.7257383966244726
0.726890756302521
0.7280334728033473
0.7291666666666666
0.7302904564315352
0.731404958677686
0.7325102880658436
0.7336065573770492
0.7346938775510204
0.7357723577235772
0.7368421052631579
0.7379032258064516
0.7389558232931727
0.74
0.7410358565737052
0.7420634920634921
0.7430830039525692
0.7440944881889764
0.7450980392156863
0.74609375
0.7470817120622568
0.748062015503876
0.749034749034749
0.75
0.7509578544061303
0.7519083969465649
0.752851711026616
0.7537878787878788
0.7547169811320755
0.7556390977443609
0.7565543071161048
0.7574626865671642
0.758364312267658
0.7592592592592593
0.7601476014760148
0.7610294117647058
0.7619047619047619
0.5988538681948424
0.6017191977077364
0.6045845272206304
0.6074498567335244
0.6103151862464183
0.6131805157593123
0.6160458452722063
0.6189111747851003
0.6217765042979942
0.6246418338108882
0.6275071633237822
0.6303724928366762
0.6332378223495702
0.6361031518624641
0.6389684813753582
0.6418338108882522
0.6446991404011462
0.6475644699140402
0.6504297994269341
0.6532951289398281
0.6561604584527221
0.6590257879656161
0.66189111747851
0.664756446991404
0.667621776504298
0.670487106017192
0.673352435530086
0.6762177650429799
0.6790830945558739
0.6819484240687679
0.6848137535816619
0.6876790830945558
0.6905444126074498
0.6934097421203438
0.6962750716332379
0.6991404011461319
0.7020057306590258
0.7048710601719198
0.7077363896848138
0.7106017191977078
0.7134670487106017
0.7163323782234957
0.7191977077363897
0.7220630372492837
0.7228571428571429
0.7236467236467237
0.7244318181818182
0.7252124645892352
0.7259887005649718
0.7267605633802817
0.7275280898876404
0.7282913165266106
0.729050279329609
0.7298050139275766
0.7305555555555555
0.7313019390581718
0.7320441988950276
0.7327823691460055
0.7335164835164835
0.7342465753424657
0.7349726775956285
0.7356948228882834
0.7364130434782609
0.7371273712737128
0.7378378378378379
0.738544474393531
0.739247311827957
0.739946380697051
0.7406417112299465
0.7413333333333333
0.7420212765957447
0.7427055702917772
0.7433862433862434
0.7440633245382586
0.7447368421052631
0.7454068241469817
0.7460732984293194
0.7467362924281984
0.7473958333333334
0.7480519480519481
0.7506493506493507
0.7532467532467533
0.7558441558441559
0.7584415584415585
0.7610389610389611
0.7636363636363637
0.7662337662337663
0.7688311688311689
0.7714285714285715
0.7740259740259741
0.7766233766233767
0.7792207792207793
0.7818181818181819
0.7844155844155845
0.787012987012987
0.7896103896103897
0.7922077922077922
0.7948051948051948
0.7974025974025974
0.8
0.8025974025974026
0.8051948051948052
0.8077922077922078
0.8103896103896104
0.812987012987013
0.8155844155844156
0.8181818181818182
0.8186528497409327
0.8191214470284238
0.8195876288659794
0.8200514138817481
0.8205128205128205
0.8209718670076727
0.8214285714285714
0.821882951653944
0.8244274809160306
0.8248730964467005
0.8253164556962025
0.8257575757575758
0.8261964735516373
0.8266331658291457
0.8270676691729323
0.8275
0.827930174563591
0.8283582089552238
0.8287841191066998
0.8292079207920792
0.8296296296296296
0.8300492610837439
0.8304668304668305
0.8308823529411765
0.8312958435207825
0.8317073170731707
0.8321167883211679
0.8325242718446602
0.8329297820823245
0.8333333333333334
0.8337349397590361
0.8341346153846154
0.8345323741007195
0.8349282296650717
0.8353221957040573
0.8357142857142857
0.836104513064133
0.8364928909952607
0.8368794326241135
0.8372641509433962
0.8376470588235294
0.8380281690140845
0.8384074941451991
0.8387850467289719
0.8391608391608392
0.8395348837209302
0.839907192575406
0.8402777777777778
0.8406466512702079
0.8410138248847926
0.8413793103448276
0.841743119266055
0.8421052631578947
0.8424657534246576
0.8428246013667426
0.8431818181818181
0.8435374149659864
0.8438914027149321
0.8442437923250564
0.8445945945945946
0.8449438202247191
0.8452914798206278
0.8456375838926175
0.8459821428571429
0.8463251670378619
0.8466666666666667
0.8470066518847007
0.8473451327433629
0.847682119205298
0.8480176211453745
0.8483516483516483
0.8486842105263158
0.849015317286652
0.8493449781659389
0.8496732026143791
0.85
0.8503253796095445
0.8506493506493507
0.8509719222462203
0.8512931034482759
0.8516129032258064
0.851931330472103
0.8522483940042827
0.8525641025641025
0.8528784648187633
0.8531914893617021
0.8535031847133758
0.8538135593220338
0.854122621564482
0.8544303797468354
0.8547368421052631
0.8550420168067226
0.8553459119496856
0.8556485355648535
0.8559498956158664
0.85625
0.8565488565488566
0.8568464730290456
0.8571428571428571
0.8574380165289256
0.8577319587628865
0.8580246913580247
0.8583162217659137
0.8586065573770492
0.8588957055214724
0.8591836734693877
0.8594704684317719
0.8597560975609756
0.8600405679513184
0.8603238866396761
0.8606060606060606
0.8608870967741935
0.8611670020120724
0.8614457831325302
0.8617234468937875
0.862
0.8622754491017964
0.8625498007968128
0.8628230616302187
0.8630952380952381
0.8633663366336634
0.8636363636363636
0.863905325443787
0.8641732283464567
0.8644400785854617
0.8647058823529412
0.8649706457925636
0.865234375
0.8654970760233918
0.8657587548638133
0.8660194174757282
0.8662790697674418
0.8665377176015474
0.8667953667953668
0.8670520231213873
0.8673076923076923
0.8675623800383877
0.867816091954023
0.8680688336520076
0.8683206106870229
0.8685714285714285
0.8688212927756654
0.8690702087286527
0.8693181818181818
0.8695652173913043
0.869811320754717
0.8700564971751412
0.8703007518796992
0.8705440900562852
0.8707865168539326
0.8710280373831776
0.871268656716418
0.8715083798882681
0.8717472118959108
0.8719851576994434
0.8722222222222222
0.8724584103512015
0.8726937269372693
0.8729281767955801
0.8731617647058824
0.8733944954128441
0.8736263736263736
0.8738574040219378
0.8740875912408759
0.8743169398907104
0.8745454545454545
0.8747731397459165
0.875
0.8752260397830018
0.8754512635379061
0.8756756756756757
0.8758992805755396
0.8761220825852782
0.8763440860215054
0.8765652951699463
0.8767857142857143
0.8770053475935828
0.8772241992882562
0.8774422735346359
0.8776595744680851
0.8778761061946903
0.8780918727915195
0.8783068783068783
0.8785211267605634
0.8787346221441125
0.8789473684210526
0.8791593695271454
0.8793706293706294
0.8795811518324608
0.8797909407665505
0.88
0.8802083333333334
0.8804159445407279
0.8806228373702422
0.8808290155440415
0.8810344827586207
0.8812392426850258
0.8814432989690721
0.8816466552315609
0.8818493150684932
0.882051282051282
0.8822525597269625
0.8824531516183987
0.8826530612244898
0.8828522920203735
0.8830508474576271
0.883248730964467
0.8834459459459459
0.8836424957841484
0.8838383838383839
0.8840336134453781
0.8842281879194631
1.0
1.0
1.0
1.0
1.0
1.0
1.0
1.0
1.0
0.3448275862068966
0.36666666666666664
0.3870967741935484
0.40625
0.42424242424242425
0.4411764705882353
0.45714285714285713
0.4722222222222222
0.4864864864864865
0.5
0.5128205128205128
0.525
0.5365853658536586
0.5476190476190477
0.5581395348837209
0.5681818181818182
0.5777777777777777
0.5869565217391305
0.5957446808510638
0.6041666666666666
0.6122448979591837
0.62
0.5925925925925926
0.6
0.6071428571428571
0.6140350877192983
0.6206896551724138
0.6271186440677966
0.6333333333333333
0.639344262295082
0.6451612903225806
0.6507936507936508
0.65625
0.6323529411764706
0.6376811594202898
0.6428571428571429
0.647887323943662
0.6527777777777778
0.6575342465753424
0.6621621621621622
0.6666666666666666
0.6710526315789473
0.6753246753246753
0.6794871794871795
0.6835443037974683
0.6875
0.691358024691358
0.6951219512195121
0.6987951807228916
0.7023809523809523
0.7058823529411765
0.7093023255813954
0.7126436781609196
0.7159090909090909
0.512
0.5158730158730159
0.5196850393700787
0.5234375
0.5271317829457365
0.5307692307692308
0.5263157894736842
0.5338345864661654
0.5413533834586466
0.5488721804511278
0.556390977443609
0.5639097744360902
0.5714285714285714
0.5789473684210527
0.5864661654135338
0.572463768115942
0.5797101449275363
0.5869565217391305
0.5942028985507246
0.6014492753623188
0.6086956521739131
0.6159420289855072
0.6231884057971014
0.6304347826086957
0.6376811594202898
0.6402877697841727
0.6428571428571429
0.6453900709219859
0.647887323943662
0.6503496503496503
0.6527777777777778
0.6551724137931034
0.6575342465753424
0.6598639455782312
0.6621621621621622
0.6644295302013423
0.6711409395973155
0.6778523489932886
0.6845637583892618
0.6912751677852349
0.697986577181208
0.7046979865771812
0.7114093959731543
0.7181208053691275
0.7248322147651006
0.7315436241610739
0.738255033557047
0.7449664429530202
0.7516778523489933
0.7583892617449665
0.7651006711409396
0.7718120805369127
0.7785234899328859
0.785234899328859
0.7919463087248322
0.7986577181208053
0.8
0.8013245033112583
0.8026315789473685
0.803921568627451
0.8051948051948052
0.8064516129032258
0.8076923076923077
0.8141025641025641
0.8205128205128205
0.8269230769230769
0.8333333333333334
0.8397435897435898
0.8461538461538461
0.8525641025641025
0.8535031847133758
0.8544303797468354
0.8553459119496856
0.85625
0.8625
0.8424242424242424
0.8484848484848485
0.8545454545454545
0.8606060606060606
0.8666666666666667
0.8674698795180723
0.8682634730538922
0.8488372093023255
0.8546511627906976
0.8604651162790697
0.8662790697674418
0.872093023255814
0.8728323699421965
0.8735632183908046
0.8742857142857143
0.806282722513089
0.8115183246073299
0.8167539267015707
0.8177083333333334
0.8186528497409327
0.8195876288659794
0.8205128205128205
0.8214285714285714
0.8223350253807107
0.8232323232323232
0.8241206030150754
0.825
0.8258706467661692
0.8267326732673267
0.8275862068965517
0.8284313725490197
0.8292682926829268
0.8300970873786407
0.8309178743961353
0.8317307692307693
0.8325358851674641
0.8333333333333334
0.8341232227488151
0.8349056603773585
0.8356807511737089
0.8364485981308412
0.8372093023255814
0.8379629629629629
0.8387096774193549
0.8394495412844036
0.8401826484018264
0.8409090909090909
0.8416289592760181
0.8423423423423423
0.7704918032786885
0.7714285714285715
0.7723577235772358
0.7732793522267206
0.7741935483870968
0.7751004016064257
0.776
0.7768924302788844
0.7777777777777778
0.7786561264822134
0.7795275590551181
0.7803921568627451
0.78125
0.7821011673151751
0.7829457364341085
0.7837837837837838
0.7846153846153846
0.7854406130268199
0.7862595419847328
0.7870722433460076
0.7878787878787878
0.7886792452830189
0.7894736842105263
0.7902621722846442
0.7910447761194029
0.79182156133829
0.7925925925925926
0.7933579335793358
0.7941176470588235
0.7948717948717948
0.7956204379562044
0.7963636363636364
0.7971014492753623
0.7978339350180506
0.7985611510791367
0.7992831541218638
0.8
0.800711743772242
0.8014184397163121
0.8021201413427562
0.8028169014084507
0.8035087719298246
0.8041958041958042
0.8048780487804879
0.8055555555555556
0.8062283737024222
0.6410958904109589
0.6438356164383562
0.6465753424657534
0.6493150684931507
0.6520547945205479
0.6547945205479452
0.6575342465753424
0.6602739726027397
0.663013698630137
0.6657534246575343
0.6684931506849315
0.6712328767123288
0.673972602739726
0.6767123287671233
0.6794520547945205
0.6821917808219178
0.684931506849315
0.6876712328767123
0.6904109589041096
0.6931506849315069
0.6958904109589041
0.6986301369863014
0.7013698630136986
0.7041095890410959
0.7068493150684931
0.7095890410958904
0.7123287671232876
0.7150684931506849
0.7178082191780822
0.7205479452054795
0.7232876712328767
0.726027397260274
0.7287671232876712
0.7315068493150685
0.7342465753424657
0.736986301369863
0.7397260273972602
0.7424657534246575
0.7452054794520548
0.7479452054794521
0.7506849315068493
0.7534246575342466
0.7561643835616438
0.7589041095890411
0.7595628415300546
0.7602179836512262
0.7608695652173914
0.7615176151761518
0.7621621621621621
0.7628032345013477
0.7634408602150538
0.7640750670241286
0.7647058823529411
0.7653333333333333
0.7659574468085106
0.76657824933687
0.7671957671957672
0.7678100263852242
0.7684210526315789
0.7690288713910761
0.7696335078534031
0.7702349869451697
0.7708333333333334
0.7714285714285715
0.772020725388601
0.772609819121447
0.7731958762886598
0.7737789203084833
0.7743589743589744
0.7749360613810742
0.7755102040816326
0.7760814249363868
0.7766497461928934
0.7772151898734178
0.7777777777777778
0.7783375314861462
0.7788944723618091
0.7794486215538847
0.78
0.7805486284289277
0.7830423940149626
0.7855361596009975
0.7880299251870324
0.7905236907730673
0.7930174563591023
0.7955112219451371
0.7980049875311721
0.800498753117207
0.8029925187032418
0.8054862842892768
0.8079800498753117
0.8104738154613467
0.8129675810473815
0.8154613466334164
0.8179551122194514
0.8204488778054863
0.8229426433915212
0.8254364089775561
0.827930174563591
0.830423940149626
0.8329177057356608
0.8354114713216958
0.8379052369077307
0.8403990024937655
0.8428927680798005
0.8453865336658354
0.8478802992518704
0.8482587064676617
0.8486352357320099
0.849009900990099
0.8493827160493828
0.8497536945812808
0.8501228501228502
0.8504901960784313
0.8508557457212714
0.8533007334963325
0.8536585365853658
0.8540145985401459
0.8543689320388349
0.8547215496368039
0.855072463768116
0.8554216867469879
0.8557692307692307
0.8561151079136691
0.8564593301435407
0.8568019093078759
0.8571428571428571
0.8574821852731591
0.8578199052132701
0.8581560283687943
0.8584905660377359
0.8588235294117647
0.8591549295774648
0.8594847775175644
0.8598130841121495
0.8601398601398601
0.8604651162790697
0.8607888631090487
0.8611111111111112
0.8614318706697459
0.8617511520737328
0.8620689655172413
0.8623853211009175
0.8627002288329519
0.863013698630137
0.8633257403189066
0.8636363636363636
0.8639455782312925
0.8642533936651584
0.8645598194130926
0.8648648648648649
0.8651685393258427
0.8654708520179372
0.8657718120805369
0.8660714285714286
0.8663697104677061
0.8666666666666667
0.8669623059866962
0.8672566371681416
0.8675496688741722
0.8678414096916299
0.8681318681318682
0.868421052631579
0.8687089715536105
0.868995633187773
0.869281045751634
0.8695652173913043
0.8698481561822126
0.8701298701298701
0.8704103671706264
0.8706896551724138
0.8709677419354839
0.871244635193133
0.8715203426124197
0.8717948717948718
0.8720682302771855
0.8723404255319149
0.8726114649681529
0.8728813559322034
0.8731501057082452
0.8734177215189873
0.8736842105263158
0.8739495798319328
0.8742138364779874
0.8744769874476988
0.8747390396659708
0.875
0.8752598752598753
0.8755186721991701
0.8757763975155279
0.8760330578512396
0.8762886597938144
0.8765432098765432
0.8767967145790554
0.8770491803278688
0.8773006134969326
0.8775510204081632
0.8778004073319755
0.8780487804878049
0.8782961460446247
0.8785425101214575
0.8787878787878788
0.8790322580645161
0.8792756539235412
0.8795180722891566
0.8797595190380761
0.88
0.8802395209580839
0.8804780876494024
0.8807157057654076
0.8809523809523809
0.8811881188118812
0.8814229249011858
0.8816568047337278
0.8818897637795275
0.8821218074656189
0.8823529411764706
0.8825831702544031
0.8828125
0.8830409356725146
0.8832684824902723
0.883495145631068
0.8837209302325582
0.8839458413926499
0.8841698841698842
0.884393063583815
0.8846153846153846
0.8848368522072937
0.8850574712643678
0.8852772466539197
0.8854961832061069
0.8857142857142857
0.8859315589353612
0.8861480075901328
0.8863636363636364
0.8865784499054821
0.8867924528301887
0.8870056497175142
0.8872180451127819
0.8874296435272045
0.8876404494382022
0.8878504672897196
0.8880597014925373
0.888268156424581
0.8884758364312267
0.8886827458256029
0.8888888888888888
0.88909426987061
0.8892988929889298
0.8895027624309392
0.8897058823529411
0.8899082568807339
0.8901098901098901
0.8903107861060329
0.8905109489051095
0.8907103825136612
0.8909090909090909
0.8911070780399274
0.8913043478260869
0.891500904159132
0.8916967509025271
0.8918918918918919
0.8920863309352518
0.8922800718132855
0.8924731182795699
0.8926654740608229
0.8928571428571429
0.893048128342246
0.8932384341637011
0.8934280639431617
0.8936170212765957
0.8938053097345132
0.8939929328621908
0.8941798941798942
0.8943661971830986
0.8945518453427065
0.8947368421052632
0.8949211908931699
0.8951048951048951
0.8952879581151832
0.8954703832752613
0.8956521739130435
0.8958333333333334
0.8960138648180243
0.8961937716262975
0.8963730569948186
0.896551724137931
0.8967297762478486
0.8969072164948454
0.8970840480274442
0.8972602739726028
0.8974358974358975
0.8976109215017065
0.8977853492333902
0.8979591836734694
0.8981324278438031
0.8983050847457628
0.8984771573604061
0.8986486486486487
0.8988195615514334
0.898989898989899
0.8991596638655462
0.8993288590604027
0.8994974874371859
0.8996655518394648
0.8998330550918197
0.9
0.9001663893510815
0.9003322259136213
0.900497512437811
0.9006622516556292
0.9008264462809917
0.900990099009901
0.9011532125205931
0.9013157894736842
0.9014778325123153
0.9016393442622951
0.9018003273322422
0.9019607843137255
0.9021207177814029
0.9022801302931596
0.9024390243902439
0.9025974025974026
0.9027552674230146
0.9029126213592233
0.9030694668820679
0.9032258064516129
0.9033816425120773
0.9035369774919614
0.9036918138041734
0.9038461538461539
0.904
0.9041533546325878
0.9043062200956937
0.9044585987261147
0.904610492845787
0.9047619047619048
0.9049128367670365
0.9050632911392406
0.9052132701421801
0.9053627760252366
0.905511811023622
0.9056603773584906
0.9058084772370487
0.9059561128526645
0.9061032863849765
0.90625
0.906396255850234
0.9065420560747663
0.9066874027993779
0.906832298136646
0.9069767441860465
0.9071207430340558
0.9072642967542504
0.9074074074074074
0.9075500770416025
0.9076923076923077
0.9078341013824884
0.9079754601226994
0.9081163859111792
0.908256880733945
0.9083969465648855
0.9085365853658537
0.908675799086758
0.9088145896656535
0.9089529590288316
0.9090909090909091
0.9092284417549168
0.9093655589123867
0.9095022624434389
0.9096385542168675
0.9097744360902256
0.9099099099099099
0.9100449775112444
0.9101796407185628
0.9103139013452914
0.9104477611940298
1.0
1.0
1.0
1.0
1.0
1.0
1.0
1.0
1.0
1.0
1.0
1.0
1.0
1.0
1.0
1.0
1.0
1.0
1.0
1.0
1.0
1.0
1.0
1.0
1.0
1.0
1.0
1.0
1.0
1.0
1.0
1.0
1.0
1.0
1.0
1.0
1.0
1.0
1.0
1.0
1.0
1.0
1.0
1.0
1.0
1.0
1.0
1.0
1.0
1.0
1.0
0.3448275862068966
0.36666666666666664
0.3870967741935484
0.40625
0.42424242424242425
0.4411764705882353
0.45714285714285713
0.4722222222222222
0.4864864864864865
0.5
0.5128205128205128
0.525
0.5365853658536586
0.5476190476190477
0.5581395348837209
0.5681818181818182
0.5777777777777777
0.5869565217391305
0.5957446808510638
0.6041666666666666
0.6122448979591837
0.62
0.5925925925925926
0.6
0.6071428571428571
0.6140350877192983
0.6206896551724138
0.6271186440677966
0.6333333333333333
0.639344262295082
0.6451612903225806
0.6507936507936508
0.65625
0.6323529411764706
0.6376811594202898
0.6428571428571429
0.647887323943662
0.6527777777777778
0.6575342465753424
0.6282051282051282
0.6410256410256411
0.6538461538461539
0.6666666666666666
0.6794871794871795
0.6923076923076923
0.7051282051282052
0.717948717948718
0.7307692307692307
0.7435897435897436
0.7468354430379747
0.75
0.7530864197530864
0.7560975609756098
0.7590361445783133
0.7619047619047619
0.7647058823529411
0.7674418604651163
0.7701149425287356
0.7727272727272727
0.7752808988764045
0.7777777777777778
0.7802197802197802
0.782608695652174
0.7849462365591398
0.7872340425531915
0.7894736842105263
0.7916666666666666
0.7938144329896907
0.7959183673469388
0.797979797979798
0.8
0.801980198019802
0.5899280575539568
0.5928571428571429
0.5957446808510638
0.5985915492957746
0.6013986013986014
0.6041666666666666
0.6068965517241379
0.6095890410958904
0.6164383561643836
0.6232876712328768
0.6301369863013698
0.636986301369863
0.6438356164383562
0.6506849315068494
0.6575342465753424
0.6643835616438356
0.6712328767123288
0.678082191780822
0.684931506849315
0.6917808219178082
0.6986301369863014
0.7054794520547946
0.7123287671232876
0.7191780821917808
0.726027397260274
0.7328767123287672
0.7397260273972602
0.7465753424657534
0.7482993197278912
0.75
0.7516778523489933
0.7533333333333333
0.7549668874172185
0.756578947368421
0.7581699346405228
0.7647058823529411
0.7712418300653595
0.7777777777777778
0.7843137254901961
0.7908496732026143
0.7973856209150327
0.803921568627451
0.8051948051948052
0.8064516129032258
0.8076923076923077
0.8089171974522293
0.810126582278481
0.8113207547169812
0.8024691358024691
0.808641975308642
0.8148148148148148
0.8209876543209876
0.8023952095808383
0.8083832335329342
0.8143712574850299
0.8203592814371258
0.8263473053892215
0.8176470588235294
0.8235294117647058
0.8294117647058824
0.8352941176470589
0.8411764705882353
0.8470588235294118
0.8529411764705882
0.8588235294117647
0.84
0.8457142857142858
0.8514285714285714
0.8571428571428571
0.8628571428571429
0.8685714285714285
0.8010471204188482
0.806282722513089
0.8115183246073299
0.8125
0.8134715025906736
0.8144329896907216
0.8153846153846154
0.8163265306122449
0.817258883248731
0.8181818181818182
0.8190954773869347
0.82
0.8208955223880597
0.8217821782178217
0.8226600985221675
0.8235294117647058
0.824390243902439
0.8252427184466019
0.8260869565217391
0.8269230769230769
0.8277511961722488
0.8285714285714286
0.8293838862559242
0.8301886792452831
0.8309859154929577
0.8317757009345794
0.8325581395348837
0.8333333333333334
0.8341013824884793
0.8348623853211009
0.8356164383561644
0.8363636363636363
0.8371040723981901
0.8378378378378378
0.7663934426229508
0.7673469387755102
0.7682926829268293
0.7692307692307693
0.7701612903225806
0.7710843373493976
0.772
0.7729083665338645
0.7738095238095238
0.7747035573122529
0.7755905511811023
0.7764705882352941
0.77734375
0.7782101167315175
0.7790697674418605
0.7799227799227799
0.7807692307692308
0.7816091954022989
0.7824427480916031
0.7832699619771863
0.7840909090909091
0.7849056603773585
0.7857142857142857
0.7865168539325843
0.7873134328358209
0.7881040892193308
0.7888888888888889
0.7896678966789668
0.7904411764705882
0.7912087912087912
0.791970802919708
0.7927272727272727
0.7934782608695652
0.7942238267148014
0.7949640287769785
0.7956989247311828
0.7964285714285714
0.797153024911032
0.7978723404255319
0.7985865724381626
0.7992957746478874
0.8
0.8006993006993007
0.8013937282229965
0.8020833333333334
0.8027681660899654
0.6383561643835617
0.6410958904109589
0.6438356164383562
0.6465753424657534
0.6493150684931507
0.6520547945205479
0.6547945205479452
0.6575342465753424
0.6602739726027397
0.663013698630137
0.6657534246575343
0.6684931506849315
0.6712328767123288
0.673972602739726
0.6767123287671233
0.6794520547945205
0.6821917808219178
0.684931506849315
0.6876712328767123
0.6904109589041096
0.6931506849315069
0.6958904109589041
0.6986301369863014
0.7013698630136986
0.7041095890410959
0.7068493150684931
0.7095890410958904
0.7123287671232876
0.7150684931506849
0.7178082191780822
0.7205479452054795
0.7232876712328767
0.726027397260274
0.7287671232876712
0.7315068493150685
0.7342465753424657
0.736986301369863
0.7397260273972602
0.7424657534246575
0.7452054794520548
0.7479452054794521
0.7506849315068493
0.7534246575342466
0.7561643835616438
0.7568306010928961
0.7574931880108992
0.7581521739130435
0.7588075880758808
0.7594594594594595
0.7601078167115903
0.760752688172043
0.7613941018766756
0.7620320855614974
0.7626666666666667
0.7632978723404256
0.7639257294429708
0.7645502645502645
0.7651715039577837
0.7657894736842106
0.7664041994750657
0.7670157068062827
0.7676240208877284
0.7682291666666666
0.7688311688311689
0.7694300518134715
0.772020725388601
0.7746113989637305
0.7772020725388601
0.7797927461139896
0.7823834196891192
0.7849740932642487
0.7875647668393783
0.7901554404145078
0.7927461139896373
0.7953367875647669
0.7979274611398963
0.8005181347150259
0.8031088082901554
0.805699481865285
0.8082901554404145
0.810880829015544
0.8134715025906736
0.8160621761658031
0.8186528497409327
0.8212435233160622
0.8238341968911918
0.8264248704663213
0.8290155440414507
0.8316062176165803
0.8341968911917098
0.8367875647668394
0.8393782383419689
0.8397932816537468
0.8402061855670103
0.8406169665809768
0.841025641025641
0.8414322250639387
0.8418367346938775
0.8422391857506362
0.8426395939086294
0.8451776649746193
0.8455696202531645
0.8459595959595959
0.8463476070528967
0.8467336683417085
0.8471177944862155
0.8475
0.8478802992518704
0.8482587064676617
0.8486352357320099
0.849009900990099
0.8493827160493828
0.8497536945812808
0.8501228501228502
0.8504901960784313
0.8508557457212714
0.8512195121951219
0.851581508515815
0.8519417475728155
0.8523002421307506
0.8526570048309179
0.8530120481927711
0.8533653846153846
0.8537170263788969
0.854066985645933
0.8544152744630071
0.8547619047619047
0.8551068883610451
0.8554502369668247
0.8557919621749409
0.8561320754716981
0.8564705882352941
0.8568075117370892
0.8571428571428571
0.8574766355140186
0.8578088578088578
0.858139534883721
0.8584686774941995
0.8587962962962963
0.859122401847575
0.8594470046082949
0.8597701149425288
0.8600917431192661
0.8604118993135011
0.860730593607306
0.8610478359908884
0.8613636363636363
0.8616780045351474
0.8619909502262444
0.8623024830699775
0.8626126126126126
0.8629213483146068
0.8632286995515696
0.8635346756152126
0.8638392857142857
0.8641425389755011
0.8644444444444445
0.8647450110864745
0.8650442477876106
0.8653421633554084
0.8656387665198237
0.865934065934066
0.8662280701754386
0.8665207877461707
0.8668122270742358
0.8671023965141612
0.8673913043478261
0.8676789587852495
0.8679653679653679
0.8682505399568035
0.8685344827586207
0.8688172043010752
0.869098712446352
0.8693790149892934
0.8696581196581197
0.8699360341151386
0.8702127659574468
0.8704883227176221
0.8707627118644068
0.8710359408033826
0.8713080168776371
0.871578947368421
0.8718487394957983
0.8721174004192872
0.8723849372384938
0.872651356993737
0.8729166666666667
0.8731808731808732
0.8734439834024896
0.8737060041407867
0.8739669421487604
0.8742268041237113
0.8744855967078189
0.8747433264887063
0.875
0.8752556237218814
0.8755102040816326
0.8757637474541752
0.8760162601626016
0.8762677484787018
0.8765182186234818
0.8767676767676768
0.8770161290322581
0.8772635814889336
0.8775100401606426
0.8777555110220441
0.878
0.8782435129740519
0.8784860557768924
0.878727634194831
0.878968253968254
0.8792079207920792
0.8794466403162056
0.8796844181459567
0.8799212598425197
0.8801571709233792
0.8803921568627451
0.8806262230919765
0.880859375
0.8810916179337231
0.8813229571984436
0.8815533980582524
0.8817829457364341
0.8820116054158608
0.8822393822393823
0.882466281310212
0.8826923076923077
0.8829174664107485
0.8831417624521073
0.8833652007648184
0.8835877862595419
0.8838095238095238
0.8840304182509505
0.8842504743833017
0.884469696969697
0.8846880907372401
0.8849056603773585
0.8851224105461394
0.8853383458646616
0.8855534709193246
0.8857677902621723
0.8859813084112149
0.8861940298507462
0.8864059590316573
0.8866171003717472
0.8868274582560297
0.8870370370370371
0.8872458410351202
0.8874538745387454
0.8876611418047882
0.8878676470588235
0.8880733944954129
0.8882783882783882
0.8884826325411335
0.8886861313868614
0.8888888888888888
0.889090909090909
0.8892921960072595
0.8894927536231884
0.8896925858951176
0.8898916967509025
0.8900900900900901
0.8902877697841727
0.8904847396768402
0.8906810035842294
0.8908765652951699
0.8910714285714286
0.8912655971479501
0.891459074733096
0.8916518650088809
0.8918439716312057
0.8920353982300885
0.892226148409894
0.892416225749559
0.8926056338028169
0.8927943760984183
0.8929824561403509
0.8931698774080561
0.8933566433566433
0.893542757417103
0.8937282229965157
0.8939130434782608
0.8940972222222222
0.8942807625649913
0.8944636678200693
0.8946459412780656
0.8948275862068965
0.8950086058519794
0.8951890034364262
0.8953687821612349
0.8955479452054794
0.8957264957264958
0.8959044368600683
0.8960817717206133
0.8962585034013606
0.8964346349745331
0.8966101694915254
0.8967851099830795
0.8969594594594594
0.897133220910624
0.8973063973063973
0.8974789915966387
0.8976510067114094
0.897822445561139
0.8979933110367893
0.8981636060100167
0.8983333333333333
0.8985024958402662
0.8986710963455149
0.8988391376451078
0.8990066225165563
0.8991735537190083
0.8993399339933993
0.899505766062603
0.899671052631579
0.8998357963875205
0.9
0.900163666121113
0.9003267973856209
0.9004893964110929
0.9006514657980456
0.9008130081300812
0.900974025974026
0.9011345218800648
0.901294498381877
0.901453957996769
0.9016129032258065
0.9017713365539453
0.9019292604501608
0.9020866773675762
0.9022435897435898
0.9024
0.902555910543131
0.9027113237639554
0.9028662420382165
0.9030206677265501
0.9031746031746032
0.9033280507131537
0.9034810126582279
0.9036334913112164
0.9037854889589906
0.9039370078740158
0.9040880503144654
0.9042386185243328
0.9043887147335423
0.9045383411580594
0.9046875
0.9048361934477379
0.9049844236760125
0.9051321928460342
0.90527950310559
0.9054263565891473
0.9055727554179567
0.9057187017001546
0.9058641975308642
0.9060092449922958
0.9061538461538462
0.9076923076923077
0.9092307692307692
0.9107692307692308
0.9123076923076923
0.9138461538461539
0.9153846153846154
0.9155145929339478
1.0
1.0
1.0
1.0
1.0
1.0
1.0
1.0
1.0
1.0
1.0
1.0
1.0
1.0
1.0
1.0
1.0
1.0
1.0
1.0
1.0
1.0
1.0
1.0
1.0
1.0
1.0
1.0
1.0
1.0
1.0
1.0
1.0
1.0
1.0
1.0
1.0
1.0
1.0
1.0
1.0
1.0
1.0
1.0
1.0
1.0
1.0
1.0
1.0
1.0
1.0
0.3448275862068966
0.36666666666666664
0.3870967741935484
0.40625
0.42424242424242425
0.4411764705882353
0.45714285714285713
0.4722222222222222
0.4864864864864865
0.5
0.5128205128205128
0.525
0.5365853658536586
0.5476190476190477
0.5581395348837209
0.5681818181818182
0.5777777777777777
0.5869565217391305
0.5957446808510638
0.6041666666666666
0.6122448979591837
0.62
0.5925925925925926
0.6
0.6071428571428571
0.6140350877192983
0.6206896551724138
0.6271186440677966
0.6333333333333333
0.639344262295082
0.6451612903225806
0.6507936507936508
0.65625
0.6323529411764706
0.6376811594202898
0.6428571428571429
0.647887323943662
0.6527777777777778
0.6575342465753424
0.6282051282051282
0.6410256410256411
0.6538461538461539
0.6666666666666666
0.6794871794871795
0.6923076923076923
0.7051282051282052
0.717948717948718
0.7307692307692307
0.7435897435897436
0.7468354430379747
0.75
0.7530864197530864
0.7560975609756098
0.7590361445783133
0.7619047619047619
0.7647058823529411
0.7674418604651163
0.7701149425287356
0.7727272727272727
0.7752808988764045
0.7777777777777778
0.7802197802197802
0.782608695652174
0.7849462365591398
0.7872340425531915
0.7894736842105263
0.7916666666666666
0.7938144329896907
0.7959183673469388
0.797979797979798
0.8
0.801980198019802
0.5899280575539568
0.5928571428571429
0.5957446808510638
0.5985915492957746
0.6013986013986014
0.6041666666666666
0.6068965517241379
0.6095890410958904
0.6164383561643836
0.6232876712328768
0.6301369863013698
0.636986301369863
0.6438356164383562
0.6506849315068494
0.6575342465753424
0.6643835616438356
0.6712328767123288
0.678082191780822
0.684931506849315
0.6917808219178082
0.6986301369863014
0.7054794520547946
0.7123287671232876
0.7191780821917808
0.726027397260274
0.7328767123287672
0.7397260273972602
0.7465753424657534
0.7482993197278912
0.75
0.7516778523489933
0.7533333333333333
0.7549668874172185
0.756578947368421
0.7581699346405228
0.7647058823529411
0.7712418300653595
0.7777777777777778
0.7843137254901961
0.7908496732026143
0.7973856209150327
0.803921568627451
0.8051948051948052
0.8064516129032258
0.8076923076923077
0.8089171974522293
0.810126582278481
0.8113207547169812
0.8024691358024691
0.808641975308642
0.8148148148148148
0.8209876543209876
0.8023952095808383
0.8083832335329342
0.8143712574850299
0.8203592814371258
0.8263473053892215
0.8176470588235294
0.8235294117647058
0.8294117647058824
0.8352941176470589
0.8411764705882353
0.8470588235294118
0.8529411764705882
0.8588235294117647
0.84
0.8457142857142858
0.8514285714285714
0.8571428571428571
0.8628571428571429
0.8685714285714285
0.8010471204188482
0.806282722513089
0.8115183246073299
0.8125
0.8134715025906736
0.8144329896907216
0.8153846153846154
0.8163265306122449
0.817258883248731
0.8181818181818182
0.8190954773869347
0.82
0.8208955223880597
0.8217821782178217
0.8226600985221675
0.8235294117647058
0.824390243902439
0.8252427184466019
0.8260869565217391
0.8269230769230769
0.8277511961722488
0.8285714285714286
0.8293838862559242
0.8301886792452831
0.8309859154929577
0.8317757009345794
0.8325581395348837
0.8333333333333334
0.8341013824884793
0.8348623853211009
0.8356164383561644
0.8363636363636363
0.8371040723981901
0.8378378378378378
0.7663934426229508
0.7673469387755102
0.7682926829268293
0.7692307692307693
0.7701612903225806
0.7710843373493976
0.772
0.7729083665338645
0.7738095238095238
0.7747035573122529
0.7755905511811023
0.7764705882352941
0.77734375
0.7782101167315175
0.7790697674418605
0.7799227799227799
0.7807692307692308
0.7816091954022989
0.7824427480916031
0.7832699619771863
0.7840909090909091
0.7849056603773585
0.7857142857142857
0.7865168539325843
0.7873134328358209
0.7881040892193308
0.7888888888888889
0.7896678966789668
0.7904411764705882
0.7912087912087912
0.791970802919708
0.7927272727272727
0.7934782608695652
0.7942238267148014
0.7949640287769785
0.7956989247311828
0.7964285714285714
0.797153024911032
0.7978723404255319
0.7985865724381626
0.7992957746478874
0.8
0.8006993006993007
0.8013937282229965
0.8020833333333334
0.8027681660899654
0.6383561643835617
0.6410958904109589
0.6438356164383562
0.6465753424657534
0.6493150684931507
0.6520547945205479
0.6547945205479452
0.6575342465753424
0.6602739726027397
0.663013698630137
0.6657534246575343
0.6684931506849315
0.6712328767123288
0.673972602739726
0.6767123287671233
0.6794520547945205
0.6821917808219178
0.684931506849315
0.6876712328767123
0.6904109589041096
0.6931506849315069
0.6958904109589041
0.6986301369863014
0.7013698630136986
0.7041095890410959
0.7068493150684931
0.7095890410958904
0.7123287671232876
0.7150684931506849
0.7178082191780822
0.7205479452054795
0.7232876712328767
0.726027397260274
0.7287671232876712
0.7315068493150685
0.7342465753424657
0.736986301369863
0.7397260273972602
0.7424657534246575
0.7452054794520548
0.7479452054794521
0.7506849315068493
0.7534246575342466
0.7561643835616438
0.7568306010928961
0.7574931880108992
0.7581521739130435
0.7588075880758808
0.7594594594594595
0.7601078167115903
0.760752688172043
0.7613941018766756
0.7620320855614974
0.7626666666666667
0.7632978723404256
0.7639257294429708
0.7645502645502645
0.7651715039577837
0.7657894736842106
0.7664041994750657
0.7670157068062827
0.7676240208877284
0.7682291666666666
0.7688311688311689
0.7694300518134715
0.772020725388601
0.7746113989637305
0.7772020725388601
0.7797927461139896
0.7823834196891192
0.7849740932642487
0.7875647668393783
0.7901554404145078
0.7927461139896373
0.7953367875647669
0.7979274611398963
0.8005181347150259
0.8031088082901554
0.805699481865285
0.8082901554404145
0.810880829015544
0.8134715025906736
0.8160621761658031
0.8186528497409327
0.8212435233160622
0.8238341968911918
0.8264248704663213
0.8290155440414507
0.8316062176165803
0.8341968911917098
0.8367875647668394
0.8393782383419689
0.8397932816537468
0.8402061855670103
0.8406169665809768
0.841025641025641
0.8414322250639387
0.8418367346938775
0.8422391857506362
0.8426395939086294
0.8451776649746193
0.8455696202531645
0.8459595959595959
0.8463476070528967
0.8467336683417085
0.8471177944862155
0.8475
0.8478802992518704
0.8482587064676617
0.8486352357320099
0.849009900990099
0.8493827160493828
0.8497536945812808
0.8501228501228502
0.8504901960784313
0.8508557457212714
0.8512195121951219
0.851581508515815
0.8519417475728155
0.8523002421307506
0.8526570048309179
0.8530120481927711
0.8533653846153846
0.8537170263788969
0.854066985645933
0.8544152744630071
0.8547619047619047
0.8551068883610451
0.8554502369668247
0.8557919621749409
0.8561320754716981
0.8564705882352941
0.8568075117370892
0.8571428571428571
0.8574766355140186
0.8578088578088578
0.858139534883721
0.8584686774941995
0.8587962962962963
0.859122401847575
0.8594470046082949
0.8597701149425288
0.8600917431192661
0.8604118993135011
0.860730593607306
0.8610478359908884
0.8613636363636363
0.8616780045351474
0.8619909502262444
0.8623024830699775
0.8626126126126126
0.8629213483146068
0.8632286995515696
0.8635346756152126
0.8638392857142857
0.8641425389755011
0.8644444444444445
0.8647450110864745
0.8650442477876106
0.8653421633554084
0.8656387665198237
0.865934065934066
0.8662280701754386
0.8665207877461707
0.8668122270742358
0.8671023965141612
0.8673913043478261
0.8676789587852495
0.8679653679653679
0.8682505399568035
0.8685344827586207
0.8688172043010752
0.869098712446352
0.8693790149892934
0.8696581196581197
0.8699360341151386
0.8702127659574468
0.8704883227176221
0.8707627118644068
0.8710359408033826
0.8713080168776371
0.871578947368421
0.8718487394957983
0.8721174004192872
0.8723849372384938
0.872651356993737
0.8729166666666667
0.8731808731808732
0.8734439834024896
0.8737060041407867
0.8739669421487604
0.8742268041237113
0.8744855967078189
0.8747433264887063
0.875
0.8752556237218814
0.8755102040816326
0.8757637474541752
0.8760162601626016
0.8762677484787018
0.8765182186234818
0.8767676767676768
0.8770161290322581
0.8772635814889336
0.8775100401606426
0.8777555110220441
0.878
0.8782435129740519
0.8784860557768924
0.878727634194831
0.878968253968254
0.8792079207920792
0.8794466403162056
0.8796844181459567
0.8799212598425197
0.8801571709233792
0.8803921568627451
0.8806262230919765
0.880859375
0.8810916179337231
0.8813229571984436
0.8815533980582524
0.8817829457364341
0.8820116054158608
0.8822393822393823
0.882466281310212
0.8826923076923077
0.8829174664107485
0.8831417624521073
0.8833652007648184
0.8835877862595419
0.8838095238095238
0.8840304182509505
0.8842504743833017
0.884469696969697
0.8846880907372401
0.8849056603773585
0.8851224105461394
0.8853383458646616
0.8855534709193246
0.8857677902621723
0.8859813084112149
0.8861940298507462
0.8864059590316573
0.8866171003717472
0.8868274582560297
0.8870370370370371
0.8872458410351202
0.8874538745387454
0.8876611418047882
0.8878676470588235
0.8880733944954129
0.8882783882783882
0.8884826325411335
0.8886861313868614
0.8888888888888888
0.889090909090909
0.8892921960072595
0.8894927536231884
0.8896925858951176
0.8898916967509025
0.8900900900900901
0.8902877697841727
0.8904847396768402
0.8906810035842294
0.8908765652951699
0.8910714285714286
0.8912655971479501
0.891459074733096
0.8916518650088809
0.8918439716312057
0.8920353982300885
0.892226148409894
0.892416225749559
0.8926056338028169
0.8927943760984183
0.8929824561403509
0.8931698774080561
0.8933566433566433
0.893542757417103
0.8937282229965157
0.8939130434782608
0.8940972222222222
0.8942807625649913
0.8944636678200693
0.8946459412780656
0.8948275862068965
0.8950086058519794
0.8951890034364262
0.8953687821612349
0.8955479452054794
0.8957264957264958
0.8959044368600683
0.8960817717206133
0.8962585034013606
0.8964346349745331
0.8966101694915254
0.8967851099830795
0.8969594594594594
0.897133220910624
0.8973063973063973
0.8974789915966387
0.8976510067114094
0.897822445561139
0.8979933110367893
0.8981636060100167
0.8983333333333333
0.8985024958402662
0.8986710963455149
0.8988391376451078
0.8990066225165563
0.8991735537190083
0.8993399339933993
0.899505766062603
0.899671052631579
0.8998357963875205
0.9
0.900163666121113
0.9003267973856209
0.9004893964110929
0.9006514657980456
0.9008130081300812
0.900974025974026
0.9011345218800648
0.901294498381877
0.901453957996769
0.9016129032258065
0.9017713365539453
0.9019292604501608
0.9020866773675762
0.9022435897435898
0.9024
0.902555910543131
0.9027113237639554
0.9028662420382165
0.9030206677265501
0.9031746031746032
0.9033280507131537
0.9034810126582279
0.9036334913112164
0.9037854889589906
0.9039370078740158
0.9040880503144654
0.9042386185243328
0.9043887147335423
0.9045383411580594
0.9046875
0.9048361934477379
0.9049844236760125
0.9051321928460342
0.90527950310559
0.9054263565891473
0.9055727554179567
0.9057187017001546
0.9058641975308642
0.9060092449922958
0.9061538461538462
0.9076923076923077
0.9092307692307692
0.9107692307692308
0.9123076923076923
0.9138461538461539
0.9153846153846154
0.9155145929339478
1.0
1.0
1.0
1.0
1.0
1.0
1.0
1.0
1.0
0.3448275862068966
0.36666666666666664
0.3870967741935484
0.40625
0.42424242424242425
0.4411764705882353
0.45714285714285713
0.4722222222222222
0.4864864864864865
0.5
0.5128205128205128
0.525
0.5365853658536586
0.5476190476190477
0.5581395348837209
0.5681818181818182
0.5777777777777777
0.5869565217391305
0.5957446808510638
0.6041666666666666
0.6122448979591837
0.62
0.5925925925925926
0.6
0.6071428571428571
0.6140350877192983
0.6206896551724138
0.6271186440677966
0.6333333333333333
0.639344262295082
0.6451612903225806
0.6507936507936508
0.65625
0.589041095890411
0.6027397260273972
0.6164383561643836
0.6301369863013698
0.6438356164383562
0.6575342465753424
0.6712328767123288
0.684931506849315
0.6986301369863014
0.7123287671232876
0.7162162162162162
0.72
0.7236842105263158
0.7272727272727273
0.7307692307692307
0.7341772151898734
0.7375
0.7407407407407407
0.7439024390243902
0.7469879518072289
0.75
0.7529411764705882
0.7558139534883721
0.7586206896551724
0.7613636363636364
0.7640449438202247
0.7666666666666667
0.7692307692307693
0.7717391304347826
0.7741935483870968
0.776595744680851
0.7789473684210526
0.78125
0.5671641791044776
0.5703703703703704
0.5735294117647058
0.5766423357664233
0.5797101449275363
0.5827338129496403
0.5857142857142857
0.5886524822695035
0.5915492957746479
0.5944055944055944
0.5972222222222222
0.6
0.6027397260273972
0.6095890410958904
0.6164383561643836
0.6232876712328768
0.6301369863013698
0.636986301369863
0.6438356164383562
0.6506849315068494
0.6575342465753424
0.6643835616438356
0.6712328767123288
0.678082191780822
0.684931506849315
0.6917808219178082
0.6986301369863014
0.7054794520547946
0.7123287671232876
0.7191780821917808
0.726027397260274
0.7328767123287672
0.7397260273972602
0.7414965986394558
0.7432432432432432
0.7449664429530202
0.7466666666666667
0.7483443708609272
0.75
0.7516339869281046
0.7581699346405228
0.7647058823529411
0.7712418300653595
0.7777777777777778
0.7843137254901961
0.7908496732026143
0.7973856209150327
0.7987012987012987
0.8
0.8012820512820513
0.802547770700637
0.8037974683544303
0.8050314465408805
0.7865853658536586
0.7926829268292683
0.7987804878048781
0.8048780487804879
0.8109756097560976
0.8121212121212121
0.8132530120481928
0.7472527472527473
0.7527472527472527
0.7582417582417582
0.7595628415300546
0.7608695652173914
0.7621621621621621
0.7634408602150538
0.7647058823529411
0.7659574468085106
0.7671957671957672
0.7684210526315789
0.7696335078534031
0.7708333333333334
0.772020725388601
0.7731958762886598
0.7743589743589744
0.7755102040816326
0.7766497461928934
0.7777777777777778
0.7788944723618091
0.78
0.7810945273631841
0.7821782178217822
0.7832512315270936
0.7843137254901961
0.7853658536585366
0.7864077669902912
0.7874396135265701
0.7884615384615384
0.7894736842105263
0.7904761904761904
0.7914691943127962
0.7924528301886793
0.7934272300469484
0.723404255319149
0.7245762711864406
0.7257383966244726
0.726890756302521
0.7280334728033473
0.7291666666666666
0.7302904564315352
0.731404958677686
0.7325102880658436
0.7336065573770492
0.7346938775510204
0.7357723577235772
0.7368421052631579
0.7379032258064516
0.7389558232931727
0.74
0.7410358565737052
0.7420634920634921
0.7430830039525692
0.7440944881889764
0.7450980392156863
0.74609375
0.7470817120622568
0.748062015503876
0.749034749034749
0.75
0.7509578544061303
0.7519083969465649
0.752851711026616
0.7537878787878788
0.7547169811320755
0.7556390977443609
0.7565543071161048
0.7574626865671642
0.758364312267658
0.7592592592592593
0.7601476014760148
0.7610294117647058
0.7619047619047619
0.7627737226277372
0.7636363636363637
0.7644927536231884
0.7653429602888087
0.7661870503597122
0.7670250896057348
0.7678571428571429
0.6067415730337079
0.6095505617977528
0.6123595505617978
0.6151685393258427
1.0
1.0
1.0
1.0
1.0
1.0
1.0
1.0
1.0
1.0
1.0
1.0
1.0
1.0
1.0
1.0
1.0
1.0
0.3448275862068966
0.36666666666666664
0.3870967741935484
0.40625
0.42424242424242425
0.4411764705882353
0.45714285714285713
0.4722222222222222
0.4864864864864865
0.5
0.5128205128205128
0.525
0.5365853658536586
0.5476190476190477
0.5581395348837209
0.5681818181818182
0.5777777777777777
0.5869565217391305
0.5957446808510638
0.6041666666666666
0.6122448979591837
0.62
0.5925925925925926
0.6
0.6071428571428571
0.6140350877192983
0.6206896551724138
0.6271186440677966
0.6333333333333333
0.639344262295082
0.6451612903225806
0.6507936507936508
0.65625
0.5119047619047619
0.5176470588235295
0.5232558139534884
0.5287356321839081
0.5340909090909091
0.5393258426966292
0.5444444444444444
0.5494505494505495
0.5543478260869565
0.5591397849462365
0.5638297872340425
0.5684210526315789
0.5729166666666666
0.5773195876288659
0.5816326530612245
0.5858585858585859
0.59
0.594059405940594
0.5980392156862745
0.6019417475728155
0.6057692307692307
0.45390070921985815
0.46099290780141844
0.4647887323943662
0.46853146853146854
0.4722222222222222
0.47586206896551725
0.4794520547945205
0.48299319727891155
0.4864864864864865
0.4899328859060403
0.49333333333333335
0.4966887417218543
0.5
0.5032679738562091
0.5064935064935064
0.5096774193548387
0.5128205128205128
0.5159235668789809
0.5189873417721519
0.5220125786163522
0.525
0.5279503105590062
0.5308641975308642
0.5337423312883436
0.5365853658536586
0.5393939393939394
0.5421686746987951
0.5449101796407185
0.5476190476190477
0.5502958579881657
0.5529411764705883
0.5555555555555556
0.5581395348837209
0.5
0.5025641025641026
0.5051020408163265
0.5076142131979695
0.51010101010101
0.5125628140703518
0.515
0.5174129353233831
0.5198019801980198
0.5221674876847291
0.5245098039215687
0.526829268292683
0.529126213592233
0.5314009661835749
0.5336538461538461
0.5358851674641149
0.5380952380952381
0.5402843601895735
0.5424528301886793
0.5446009389671361
0.5467289719626168
0.5488372093023256
0.5509259259259259
0.5529953917050692
0.555045871559633
0.5570776255707762
0.5590909090909091
0.5610859728506787
0.5630630630630631
0.5650224215246636
0.5669642857142857
0.5688888888888889
0.5707964601769911
0.5726872246696035
0.5745614035087719
0.5764192139737991
0.5782608695652174
0.5800865800865801
0.5818965517241379
0.5836909871244635
0.5854700854700855
0.5872340425531914
0.5889830508474576
0.5907172995780591
0.592436974789916
0.5941422594142259
0.45396825396825397
0.45714285714285713
0.4603174603174603
0.4634920634920635
0.4666666666666667
0.46984126984126984
0.473015873015873
0.47619047619047616
0.4793650793650794
0.48253968253968255
0.4857142857142857
0.4888888888888889
0.49206349206349204
0.49523809523809526
0.4984126984126984
0.5015873015873016
0.5047619047619047
0.5079365079365079
0.5111111111111111
0.5142857142857142
0.5174603174603175
0.5206349206349207
0.5238095238095238
0.526984126984127
0.5301587301587302
0.5333333333333333
0.5365079365079365
0.5396825396825397
0.5428571428571428
0.546031746031746
0.5474683544303798
0.5488958990536278
0.550314465408805
0.5517241379310345
0.553125
0.5545171339563862
0.5559006211180124
0.5590062111801242
0.562111801242236
0.5652173913043478
0.5683229813664596
0.5714285714285714
0.5745341614906833
0.577639751552795
0.5807453416149069
0.5838509316770186
0.5869565217391305
0.5900621118012422
0.593167701863354
0.5962732919254659
0.5993788819875776
0.6024844720496895
0.6055900621118012
0.6086956521739131
0.6118012422360248
0.6149068322981367
0.6180124223602484
0.6211180124223602
0.6242236024844721
0.6273291925465838
0.6304347826086957
0.6335403726708074
0.6366459627329193
0.639751552795031
0.6428571428571429
0.6459627329192547
0.6490683229813664
0.6521739130434783
0.65527950310559
0.6583850931677019
0.6614906832298136
0.6645962732919255
0.6677018633540373
0.6708074534161491
0.6739130434782609
0.6770186335403726
0.6801242236024845
0.6832298136645962
0.6863354037267081
0.6894409937888198
0.6925465838509317
0.6956521739130435
0.6987577639751553
0.6996904024767802
0.7006172839506173
0.7015384615384616
0.7024539877300614
0.7033639143730887
0.7042682926829268
0.7051671732522796
0.706060606060606
0.7069486404833837
0.7078313253012049
0.7087087087087087
0.7095808383233533
0.7104477611940299
0.7113095238095238
0.712166172106825
0.7130177514792899
0.7138643067846607
0.7147058823529412
0.7155425219941349
0.716374269005848
0.717201166180758
0.7201166180758017
0.7230320699708455
0.7259475218658892
0.7288629737609329
0.7317784256559767
0.7346938775510204
0.7376093294460642
0.7405247813411079
0.7434402332361516
0.7463556851311953
0.749271137026239
0.7521865889212828
0.7551020408163265
0.7580174927113703
0.760932944606414
0.7638483965014577
0.7667638483965015
0.7696793002915452
0.7725947521865889
0.7755102040816326
0.7784256559766763
0.7813411078717201
0.7842565597667639
0.7871720116618076
0.7900874635568513
0.793002915451895
0.7959183673469388
0.7965116279069767
0.7971014492753623
0.7976878612716763
0.7982708933717579
0.7988505747126436
0.7994269340974212
0.8
0.8005698005698005
0.8034188034188035
0.8039772727272727
0.8045325779036827
0.8050847457627118
0.8056338028169014
0.8061797752808989
0.8067226890756303
0.8072625698324022
0.807799442896936
0.8083333333333333
0.8088642659279779
0.8093922651933702
0.8099173553719008
0.8104395604395604
0.810958904109589
0.8114754098360656
0.8119891008174387
0.8125
0.8130081300813008
0.8135135135135135
0.8140161725067385
0.8145161290322581
0.8150134048257373
0.8155080213903744
0.816
0.8164893617021277
0.8169761273209549
0.8174603174603174
0.8179419525065963
0.8184210526315789
0.8188976377952756
0.819371727748691
0.8198433420365535
0.8203125
0.8207792207792208
0.8212435233160622
0.8217054263565892
0.8221649484536082
0.8226221079691517
0.823076923076923
0.8235294117647058
0.8239795918367347
0.8244274809160306
0.8248730964467005
0.8253164556962025
0.8257575757575758
0.8261964735516373
0.8266331658291457
0.8270676691729323
0.8275
0.827930174563591
0.8283582089552238
0.8287841191066998
0.8292079207920792
0.8296296296296296
0.8300492610837439
0.8304668304668305
0.8308823529411765
0.8312958435207825
0.8317073170731707
0.8321167883211679
0.8325242718446602
0.8329297820823245
0.8333333333333334
0.8337349397590361
0.8341346153846154
0.8345323741007195
0.8349282296650717
0.8353221957040573
0.8357142857142857
0.836104513064133
0.8364928909952607
0.8368794326241135
0.8372641509433962
0.8376470588235294
0.8380281690140845
0.8384074941451991
0.8387850467289719
0.8391608391608392
0.8395348837209302
0.839907192575406
0.8402777777777778
0.8406466512702079
0.8410138248847926
0.8413793103448276
0.841743119266055
0.8421052631578947
0.8424657534246576
0.8428246013667426
0.8431818181818181
0.8435374149659864
0.8438914027149321
0.8442437923250564
0.8445945945945946
0.8449438202247191
0.8452914798206278
0.8456375838926175
0.8459821428571429
0.8463251670378619
0.8466666666666667
0.8470066518847007
0.8473451327433629
0.847682119205298
0.8480176211453745
0.8483516483516483
0.8486842105263158
0.849015317286652
0.8493449781659389
0.8496732026143791
0.85
0.8503253796095445
0.8506493506493507
0.8509719222462203
0.8512931034482759
0.8516129032258064
0.851931330472103
0.8522483940042827
0.8525641025641025
0.8528784648187633
0.8531914893617021
0.8535031847133758
0.8538135593220338
0.854122621564482
0.8544303797468354
0.8547368421052631
0.8550420168067226
0.8553459119496856
0.8556485355648535
0.8559498956158664
0.85625
0.8565488565488566
0.8568464730290456
0.8571428571428571
0.8574380165289256
0.8577319587628865
0.8580246913580247
0.8583162217659137
0.8586065573770492
0.8588957055214724
0.8591836734693877
0.8594704684317719
0.8597560975609756
0.8600405679513184
0.8603238866396761
0.8606060606060606
0.8608870967741935
0.8611670020120724
0.8614457831325302
0.8617234468937875
0.862
0.8622754491017964
0.8625498007968128
0.8628230616302187
0.8630952380952381
0.8633663366336634
0.8636363636363636
0.863905325443787
0.8641732283464567
0.8644400785854617
0.8647058823529412
0.8649706457925636
0.865234375
0.8654970760233918
0.8657587548638133
0.8660194174757282
0.8662790697674418
0.8665377176015474
0.8667953667953668
0.8670520231213873
0.8673076923076923
0.8675623800383877
0.867816091954023
0.8680688336520076
0.8683206106870229
0.8685714285714285
0.8688212927756654
0.8690702087286527
0.8693181818181818
0.8695652173913043
0.869811320754717
0.8700564971751412
0.8703007518796992
0.8705440900562852
0.8707865168539326
0.8710280373831776
0.871268656716418
0.8715083798882681
0.8717472118959108
0.8719851576994434
0.8722222222222222
0.8724584103512015
0.8726937269372693
0.8729281767955801
0.8731617647058824
0.8733944954128441
0.8736263736263736
0.8738574040219378
0.8740875912408759
0.8743169398907104
0.8745454545454545
0.8747731397459165
0.875
0.8752260397830018
0.8754512635379061
0.8756756756756757
0.8758992805755396
0.8761220825852782
0.8763440860215054
0.8765652951699463
0.8767857142857143
0.8770053475935828
0.8772241992882562
0.8774422735346359
0.8776595744680851
0.8778761061946903
0.8780918727915195
0.8783068783068783
0.8785211267605634
0.8787346221441125
0.8789473684210526
0.8791593695271454
0.8793706293706294
0.8795811518324608
0.8797909407665505
0.88
0.8802083333333334
0.8804159445407279
0.8806228373702422
0.8808290155440415
0.8810344827586207
0.8812392426850258
0.8814432989690721
0.8816466552315609
0.8818493150684932
0.882051282051282
0.8822525597269625
0.8824531516183987
0.8826530612244898
0.8828522920203735
0.8830508474576271
0.883248730964467
0.8834459459459459
0.8836424957841484
0.8838383838383839
0.8840336134453781
0.8842281879194631
0.8844221105527639
0.8846153846153846
0.8848080133555927
0.885
0.8851913477537438
0.8853820598006644
0.8855721393034826
0.8857615894039735
0.8859504132231405
0.8861386138613861
0.886326194398682
