1.0
1.0
1.0
1.0
1.0
1.0
1.0
1.0
1.0
1.0
1.0
1.0
1.0
1.0
1.0
1.0
0.5666666666666667
0.6
0.6333333333333333
0.6666666666666666
0.7
0.7096774193548387
0.7419354838709677
0.7741935483870968
0.78125
0.8125
0.84375
0.875
0.90625
0.9375
1.0
1.0
1.0
1.0
1.0
1.0
1.0
1.0
1.0
1.0
1.0
1.0
1.0
1.0
1.0
1.0
0.5666666666666667
0.6
0.6333333333333333
0.6666666666666666
0.7
0.7096774193548387
0.7419354838709677
0.7741935483870968
0.78125
0.8125
0.84375
0.875
0.90625
0.9375
1.0
1.0
1.0
1.0
1.0
1.0
1.0
1.0
1.0
1.0
1.0
1.0
1.0
1.0
1.0
1.0
1.0
1.0
1.0
1.0
1.0
1.0
1.0
1.0
1.0
1.0
1.0
1.0
1.0
1.0
1.0
1.0
1.0
1.0
1.0
1.0
1.0
1.0
1.0
1.0
1.0
1.0
1.0
1.0
1.0
1.0
0.5666666666666667
0.6
0.6333333333333333
0.6666666666666666
0.7
0.7096774193548387
0.7419354838709677
0.7741935483870968
0.78125
0.8125
0.84375
0.875
0.90625
0.9375
1.0
1.0
1.0
1.0
1.0
1.0
1.0
1.0
1.0
1.0
1.0
1.0
1.0
1.0
1.0
1.0
0.5666666666666667
0.6
0.6333333333333333
0.6666666666666666
0.7
0.7096774193548387
0.7419354838709677
0.7741935483870968
0.78125
0.8125
0.84375
0.875
0.90625
0.9375
1.0
1.0
1.0
1.0
1.0
1.0
1.0
1.0
1.0
1.0
1.0
1.0
1.0
1.0
1.0
1.0
1.0
1.0
1.0
1.0
1.0
1.0
1.0
1.0
1.0
1.0
1.0
1.0
1.0
1.0
1.0
1.0
0.5666666666666667
0.6
0.6333333333333333
0.6666666666666666
0.7
0.7096774193548387
0.7419354838709677
0.7741935483870968
0.78125
0.8125
0.84375
0.875
0.90625
0.9375
