1.0
1.0
1.0
1.0
1.0
1.0
1.0
1.0
1.0
1.0
1.0
1.0
0.38235294117647056
0.4117647058823529
0.4411764705882353
0.47058823529411764
0.5
0.5294117647058824
0.5588235294117647
0.5882352941176471
0.6
0.6111111111111112
0.6216216216216216
0.631578947368421
0.6410256410256411
0.65
0.6585365853658537
0.6666666666666666
0.6744186046511628
0.6
0.62
0.64
0.66
0.68
0.7
0.72
0.74
0.76
0.78
0.8
0.82
0.84
0.86
0.88
0.9
0.92
0.94
0.96
0.98
1.0
0.8793103448275862
0.896551724137931
0.9137931034482759
0.9310344827586207
0.9482758620689655
0.9655172413793104
0.9827586206896551
1.0
0.9516129032258065
0.967741935483871
0.9838709677419355
1.0
0.7777777777777778
0.7901234567901234
0.8024691358024691
0.8048780487804879
0.8072289156626506
0.8095238095238095
0.8117647058823529
0.813953488372093
0.8160919540229885
0.8181818181818182
0.8202247191011236
0.8222222222222222
0.8241758241758241
0.8351648351648352
0.8461538461538461
0.8571428571428571
0.8586956521739131
0.8602150537634409
0.8617021276595744
0.8723404255319149
0.8829787234042553
0.8936170212765957
0.9042553191489362
0.9148936170212766
0.925531914893617
0.9361702127659575
0.9468085106382979
0.9574468085106383
0.9680851063829787
0.9787234042553191
0.9789473684210527
0.9791666666666666
0.979381443298969
0.9795918367346939
0.9797979797979798
0.98
0.9801980198019802
0.9803921568627451
0.9805825242718447
0.9807692307692307
0.9809523809523809
0.9811320754716981
0.9813084112149533
0.8760330578512396
0.8842975206611571
0.8925619834710744
0.8582677165354331
0.8661417322834646
0.8740157480314961
0.8818897637795275
0.889763779527559
0.8976377952755905
0.8846153846153846
0.8923076923076924
0.9
1.0
1.0
1.0
1.0
1.0
1.0
1.0
1.0
1.0
1.0
1.0
1.0
0.38235294117647056
0.4117647058823529
0.4411764705882353
0.47058823529411764
0.5
0.5294117647058824
0.5588235294117647
0.5882352941176471
0.6
0.6111111111111112
0.6216216216216216
0.631578947368421
0.6410256410256411
0.65
0.6585365853658537
0.6666666666666666
0.6744186046511628
0.6
0.62
0.64
0.66
0.68
0.7
0.72
0.74
0.76
0.78
0.8
0.82
0.84
0.86
0.88
0.9
0.92
0.94
0.96
0.98
1.0
0.7391304347826086
0.7536231884057971
0.7681159420289855
0.7714285714285715
0.7746478873239436
0.7777777777777778
0.7808219178082192
0.7837837837837838
0.7866666666666666
0.7894736842105263
0.7922077922077922
0.7948717948717948
0.7974683544303798
0.810126582278481
0.8227848101265823
0.8354430379746836
0.8375
0.8395061728395061
0.8414634146341463
0.8536585365853658
0.8658536585365854
0.8780487804878049
0.8902439024390244
0.9024390243902439
0.9146341463414634
0.926829268292683
0.9390243902439024
0.9512195121951219
0.9634146341463414
0.975609756097561
0.9759036144578314
0.9761904761904762
0.9764705882352941
0.9767441860465116
0.9770114942528736
0.9772727272727273
0.9775280898876404
0.9777777777777777
0.978021978021978
0.9782608695652174
0.978494623655914
0.9787234042553191
0.9789473684210527
0.9791666666666666
0.979381443298969
0.9795918367346939
0.9797979797979798
0.98
0.9801980198019802
0.9803921568627451
0.9805825242718447
0.9532710280373832
0.9626168224299065
0.9719626168224299
0.9813084112149533
0.8548387096774194
0.8629032258064516
0.8709677419354839
0.8790322580645161
0.8870967741935484
0.8951612903225806
0.8818897637795275
0.889763779527559
0.8976377952755905
0.8846153846153846
0.8923076923076924
0.9
1.0
1.0
1.0
1.0
1.0
1.0
1.0
1.0
1.0
1.0
1.0
1.0
1.0
1.0
1.0
1.0
1.0
1.0
1.0
1.0
1.0
1.0
1.0
1.0
0.38235294117647056
0.4117647058823529
0.4411764705882353
0.47058823529411764
0.5
0.5294117647058824
0.5588235294117647
0.5882352941176471
0.6
0.6111111111111112
0.6216216216216216
0.631578947368421
0.6410256410256411
0.65
0.6585365853658537
0.6666666666666666
0.6744186046511628
0.6
0.62
0.64
0.66
0.68
0.7
0.72
0.74
0.76
0.78
0.8
0.82
0.84
0.86
0.88
0.9
0.92
0.94
0.96
0.98
1.0
0.7391304347826086
0.7536231884057971
0.7681159420289855
0.7714285714285715
0.7746478873239436
0.7777777777777778
0.7808219178082192
0.7837837837837838
0.7866666666666666
0.7894736842105263
0.7922077922077922
0.7948717948717948
0.7974683544303798
0.810126582278481
0.8227848101265823
0.8354430379746836
0.8375
0.8395061728395061
0.8414634146341463
0.8536585365853658
0.8658536585365854
0.8780487804878049
0.8902439024390244
0.9024390243902439
0.9146341463414634
0.926829268292683
0.9390243902439024
0.9512195121951219
0.9634146341463414
0.975609756097561
0.9759036144578314
0.9761904761904762
0.9764705882352941
0.9767441860465116
0.9770114942528736
0.9772727272727273
0.9775280898876404
0.9777777777777777
0.978021978021978
0.9782608695652174
0.978494623655914
0.9787234042553191
0.9789473684210527
0.9791666666666666
0.979381443298969
0.9795918367346939
0.9797979797979798
0.98
0.9801980198019802
0.9803921568627451
0.9805825242718447
0.864406779661017
0.8728813559322034
0.8813559322033898
0.8898305084745762
0.8548387096774194
0.8629032258064516
0.8709677419354839
0.8790322580645161
0.8870967741935484
0.8951612903225806
0.8818897637795275
0.889763779527559
0.8976377952755905
0.8846153846153846
0.8923076923076924
0.9
1.0
1.0
1.0
1.0
1.0
1.0
1.0
1.0
1.0
1.0
1.0
1.0
0.38235294117647056
0.4117647058823529
0.4411764705882353
0.47058823529411764
0.5
0.5294117647058824
0.5588235294117647
0.5882352941176471
0.6
0.6111111111111112
0.6216216216216216
0.631578947368421
0.6410256410256411
0.65
0.6585365853658537
0.6666666666666666
0.6744186046511628
0.6
0.62
0.64
0.66
0.68
0.7
0.72
0.74
0.76
0.78
0.8
0.82
0.84
0.86
0.88
0.9
0.92
0.94
0.96
0.98
1.0
0.9444444444444444
0.9629629629629629
0.9814814814814815
1.0
0.7534246575342466
0.7671232876712328
0.7808219178082192
0.7837837837837838
0.7866666666666666
0.7894736842105263
0.7922077922077922
0.7948717948717948
0.7974683544303798
0.8
0.8024691358024691
0.8048780487804879
0.8072289156626506
0.8192771084337349
1.0
1.0
1.0
1.0
1.0
1.0
1.0
1.0
1.0
1.0
1.0
1.0
0.38235294117647056
0.4117647058823529
0.4411764705882353
0.47058823529411764
0.5
0.5294117647058824
0.5588235294117647
0.5882352941176471
0.6
0.6111111111111112
0.6216216216216216
0.631578947368421
0.6410256410256411
0.65
0.6585365853658537
0.6666666666666666
0.6744186046511628
0.6
0.62
0.64
0.66
0.68
0.7
0.72
0.74
0.76
0.78
0.8
0.82
0.84
0.86
0.88
0.9
0.92
0.94
0.96
0.98
1.0
0.7391304347826086
0.7536231884057971
0.7681159420289855
0.7714285714285715
0.7746478873239436
0.7777777777777778
0.7808219178082192
0.7837837837837838
0.7866666666666666
0.7894736842105263
0.7922077922077922
0.7948717948717948
0.7974683544303798
0.810126582278481
0.8227848101265823
0.8354430379746836
0.8375
0.8395061728395061
0.8414634146341463
0.8536585365853658
0.8658536585365854
0.8780487804878049
0.8902439024390244
0.9024390243902439
0.9146341463414634
0.926829268292683
0.9390243902439024
0.9512195121951219
0.9634146341463414
0.975609756097561
0.9759036144578314
0.9761904761904762
0.9764705882352941
0.9767441860465116
0.9770114942528736
0.9772727272727273
0.9775280898876404
0.9777777777777777
0.978021978021978
0.9782608695652174
0.978494623655914
0.9787234042553191
0.9789473684210527
0.9791666666666666
0.979381443298969
0.9795918367346939
0.9797979797979798
0.98
0.9801980198019802
0.9803921568627451
0.9805825242718447
0.9532710280373832
0.9626168224299065
0.9719626168224299
0.9813084112149533
0.8548387096774194
0.8629032258064516
0.8709677419354839
0.8790322580645161
0.8870967741935484
0.8951612903225806
0.8818897637795275
0.889763779527559
0.8976377952755905
0.8846153846153846
0.8923076923076924
0.9
1.0
1.0
1.0
1.0
1.0
1.0
1.0
1.0
1.0
1.0
1.0
1.0
0.38235294117647056
0.4117647058823529
0.4411764705882353
0.47058823529411764
0.5
0.5294117647058824
0.5588235294117647
0.5882352941176471
0.6
0.6111111111111112
0.6216216216216216
0.631578947368421
0.6410256410256411
0.65
0.6585365853658537
0.6666666666666666
0.6744186046511628
0.6
0.62
0.64
0.66
0.68
0.7
0.72
0.74
0.76
0.78
0.8
0.82
0.84
0.86
0.88
0.9
0.92
0.94
0.96
0.98
1.0
0.6623376623376623
0.6753246753246753
0.6883116883116883
0.7012987012987013
0.7051282051282052
0.7088607594936709
0.7215189873417721
0.7341772151898734
0.7468354430379747
0.759493670886076
0.7721518987341772
0.7848101265822784
0.7974683544303798
0.810126582278481
0.8227848101265823
0.8354430379746836
0.8481012658227848
0.8607594936708861
0.8625
0.8641975308641975
0.8658536585365854
0.8674698795180723
0.8690476190476191
0.8705882352941177
0.7211538461538461
0.7307692307692307
0.7403846153846154
0.7428571428571429
0.7452830188679245
0.7476635514018691
0.75
0.7522935779816514
0.7545454545454545
0.7567567567567568
0.7589285714285714
0.7610619469026548
0.7631578947368421
0.7719298245614035
0.7807017543859649
0.7894736842105263
0.7982456140350878
0.8070175438596491
0.8157894736842105
0.8245614035087719
0.8333333333333334
0.8421052631578947
0.8508771929824561
0.8596491228070176
0.868421052631579
0.8771929824561403
0.8859649122807017
0.864406779661017
0.8728813559322034
0.8813559322033898
0.8898305084745762
0.8548387096774194
0.8629032258064516
0.8709677419354839
0.8790322580645161
0.8870967741935484
0.8951612903225806
0.8818897637795275
0.889763779527559
0.8976377952755905
0.8846153846153846
0.8923076923076924
0.9
