1.0
1.0
1.0
1.0
1.0
1.0
1.0
1.0
1.0
1.0
0.5
0.5217391304347826
0.5416666666666666
0.56
0.5769230769230769
0.5925925925925926
0.6071428571428571
0.6206896551724138
0.6333333333333333
0.6451612903225806
0.65625
0.6666666666666666
0.6764705882352942
0.6857142857142857
0.6944444444444444
0.7027027027027027
0.7105263157894737
0.717948717948718
0.725
0.7317073170731707
0.7380952380952381
0.7441860465116279
0.75
0.7555555555555555
0.7608695652173914
0.7659574468085106
0.7708333333333334
0.7755102040816326
0.78
0.7843137254901961
0.7884615384615384
0.8076923076923077
0.8269230769230769
0.8461538461538461
0.8653846153846154
0.8846153846153846
0.9038461538461539
0.9230769230769231
0.9423076923076923
0.9615384615384616
0.9807692307692307
0.9811320754716981
0.9814814814814815
0.9818181818181818
0.9821428571428571
0.9824561403508771
0.9827586206896551
0.9830508474576272
0.9833333333333333
0.9836065573770492
0.9838709677419355
0.9841269841269841
0.984375
0.9846153846153847
0.9848484848484849
0.9850746268656716
0.9852941176470589
0.9855072463768116
1.0
1.0
1.0
0.96
0.9605263157894737
0.961038961038961
0.8823529411764706
0.8837209302325582
0.8850574712643678
0.8863636363636364
0.8061224489795918
0.8080808080808081
1.0
1.0
1.0
1.0
1.0
1.0
1.0
1.0
1.0
1.0
0.5
0.5217391304347826
0.5416666666666666
0.56
0.5769230769230769
0.5925925925925926
0.6071428571428571
0.6206896551724138
0.6333333333333333
0.6451612903225806
0.65625
0.6666666666666666
0.6764705882352942
0.6857142857142857
0.6944444444444444
0.7027027027027027
0.7105263157894737
0.717948717948718
0.725
0.7317073170731707
0.7380952380952381
0.7441860465116279
0.75
0.7555555555555555
0.7608695652173914
0.7659574468085106
0.7708333333333334
0.7755102040816326
0.78
0.7843137254901961
0.7884615384615384
0.8076923076923077
0.8269230769230769
0.8461538461538461
0.8653846153846154
0.8846153846153846
0.9038461538461539
0.9230769230769231
0.9423076923076923
0.9615384615384616
0.9807692307692307
0.9811320754716981
0.9814814814814815
0.9818181818181818
0.9821428571428571
0.9824561403508771
0.9827586206896551
0.9830508474576272
0.9833333333333333
0.9836065573770492
0.9838709677419355
0.9841269841269841
0.984375
0.9846153846153847
0.9848484848484849
0.9850746268656716
0.9852941176470589
0.9855072463768116
1.0
1.0
1.0
0.96
0.9605263157894737
0.961038961038961
0.8823529411764706
0.8837209302325582
0.8850574712643678
0.8863636363636364
0.8061224489795918
0.8080808080808081
1.0
1.0
1.0
1.0
1.0
1.0
1.0
1.0
1.0
1.0
1.0
1.0
1.0
1.0
1.0
1.0
1.0
1.0
1.0
1.0
1.0
1.0
1.0
1.0
1.0
1.0
1.0
1.0
1.0
1.0
1.0
1.0
1.0
1.0
1.0
1.0
1.0
1.0
1.0
1.0
1.0
1.0
1.0
1.0
1.0
1.0
1.0
1.0
1.0
1.0
1.0
1.0
1.0
1.0
1.0
1.0
1.0
1.0
1.0
1.0
1.0
1.0
1.0
1.0
1.0
1.0
1.0
1.0
1.0
1.0
1.0
1.0
1.0
1.0
1.0
1.0
1.0
1.0
1.0
1.0
1.0
1.0
1.0
1.0
1.0
1.0
1.0
1.0
1.0
1.0
0.5
0.5217391304347826
0.5416666666666666
0.56
0.5769230769230769
0.5925925925925926
0.6071428571428571
0.6206896551724138
0.6333333333333333
0.6451612903225806
0.65625
0.6666666666666666
0.6764705882352942
0.6857142857142857
0.6944444444444444
0.7027027027027027
0.7105263157894737
0.717948717948718
0.725
0.7317073170731707
0.7380952380952381
0.7441860465116279
0.75
0.7555555555555555
0.7608695652173914
0.7659574468085106
0.7708333333333334
0.7755102040816326
0.78
0.7843137254901961
0.7884615384615384
0.8076923076923077
0.8269230769230769
0.8461538461538461
0.8653846153846154
0.8846153846153846
0.9038461538461539
0.9230769230769231
0.9423076923076923
0.9615384615384616
0.9807692307692307
0.9811320754716981
0.9814814814814815
0.9818181818181818
0.9821428571428571
0.9824561403508771
0.9827586206896551
0.9830508474576272
0.9833333333333333
0.9836065573770492
0.9838709677419355
0.9841269841269841
0.984375
0.9846153846153847
0.9848484848484849
0.9850746268656716
0.9852941176470589
0.9855072463768116
1.0
1.0
1.0
0.96
0.9605263157894737
0.961038961038961
0.8823529411764706
0.8837209302325582
0.8850574712643678
0.8863636363636364
0.8061224489795918
0.8080808080808081
1.0
1.0
1.0
1.0
1.0
1.0
1.0
1.0
1.0
1.0
0.5
0.5217391304347826
0.5416666666666666
0.56
0.5769230769230769
0.5925925925925926
0.6071428571428571
0.6206896551724138
0.6333333333333333
0.6451612903225806
0.65625
0.6666666666666666
0.6764705882352942
0.6857142857142857
0.6944444444444444
0.7027027027027027
0.7105263157894737
0.717948717948718
0.725
0.7317073170731707
0.7380952380952381
0.7441860465116279
0.75
0.7555555555555555
0.7608695652173914
0.7659574468085106
0.7708333333333334
0.7755102040816326
0.78
0.7843137254901961
0.7884615384615384
0.8076923076923077
0.8269230769230769
0.8461538461538461
0.8653846153846154
0.8846153846153846
0.9038461538461539
0.9230769230769231
0.9423076923076923
0.9615384615384616
0.9807692307692307
0.9811320754716981
0.9814814814814815
0.9818181818181818
0.9821428571428571
0.9824561403508771
0.9827586206896551
0.9830508474576272
0.9833333333333333
0.9836065573770492
0.9838709677419355
0.9841269841269841
0.984375
0.9846153846153847
0.9848484848484849
0.9850746268656716
0.9852941176470589
0.9855072463768116
1.0
1.0
1.0
0.96
0.9605263157894737
0.961038961038961
0.8823529411764706
0.8837209302325582
0.8850574712643678
0.8863636363636364
0.8061224489795918
0.8080808080808081
1.0
1.0
1.0
1.0
1.0
1.0
1.0
1.0
1.0
1.0
1.0
1.0
1.0
1.0
1.0
1.0
1.0
1.0
1.0
1.0
0.5
0.5217391304347826
0.5416666666666666
0.56
0.5769230769230769
0.5925925925925926
0.6071428571428571
0.6206896551724138
0.6333333333333333
0.6451612903225806
0.65625
0.6666666666666666
0.6764705882352942
0.6857142857142857
0.6944444444444444
0.7027027027027027
0.7105263157894737
0.717948717948718
0.725
0.7317073170731707
0.7380952380952381
0.7441860465116279
0.75
0.7555555555555555
0.7608695652173914
0.7659574468085106
0.7708333333333334
0.7755102040816326
0.78
0.7843137254901961
0.7884615384615384
0.8076923076923077
0.8269230769230769
0.8461538461538461
0.8653846153846154
0.8846153846153846
0.9038461538461539
0.9230769230769231
0.9423076923076923
0.9615384615384616
0.9807692307692307
0.9811320754716981
0.9814814814814815
0.9818181818181818
0.9821428571428571
0.9824561403508771
0.9827586206896551
0.9830508474576272
0.9833333333333333
0.9836065573770492
0.9838709677419355
0.9841269841269841
0.984375
0.9846153846153847
0.9848484848484849
0.9850746268656716
0.9852941176470589
0.9855072463768116
1.0
1.0
1.0
0.96
0.9605263157894737
0.961038961038961
0.8823529411764706
0.8837209302325582
0.8850574712643678
0.8863636363636364
0.8061224489795918
0.8080808080808081
