1.0
1.0
1.0
1.0
1.0
1.0
1.0
1.0
1.0
1.0
1.0
1.0
1.0
1.0
1.0
1.0
1.0
1.0
1.0
1.0
1.0
1.0
1.0
0.14285714285714285
0.1488095238095238
0.15476190476190477
0.16071428571428573
0.16666666666666666
0.17261904761904762
0.17857142857142858
0.18452380952380953
0.19047619047619047
0.19642857142857142
0.20238095238095238
0.20833333333333334
0.21428571428571427
0.22023809523809523
0.2261904761904762
0.23214285714285715
0.23809523809523808
0.24404761904761904
0.25
0.25595238095238093
0.2619047619047619
0.26785714285714285
0.27380952380952384
0.27976190476190477
0.2857142857142857
0.2916666666666667
0.2976190476190476
0.30357142857142855
0.30952380952380953
0.31547619047619047
0.32142857142857145
0.3273809523809524
0.3333333333333333
0.3392857142857143
0.34523809523809523
0.35119047619047616
0.35714285714285715
0.3630952380952381
0.36904761904761907
0.375
0.38095238095238093
0.3869047619047619
0.39285714285714285
0.39880952380952384
0.40476190476190477
0.4107142857142857
0.4166666666666667
0.4226190476190476
0.42857142857142855
0.43452380952380953
0.44047619047619047
0.44642857142857145
0.4523809523809524
0.4583333333333333
0.4642857142857143
0.47023809523809523
0.47619047619047616
0.48214285714285715
0.4880952380952381
0.49404761904761907
0.5
0.5059523809523809
0.5119047619047619
0.5178571428571429
0.5238095238095238
0.5297619047619048
0.5357142857142857
0.5416666666666666
0.5476190476190477
0.5535714285714286
0.5595238095238095
0.5654761904761905
0.5714285714285714
0.5773809523809523
0.5833333333333334
0.5892857142857143
0.5952380952380952
0.6011904761904762
0.6071428571428571
0.6130952380952381
0.6190476190476191
0.625
0.6309523809523809
0.6369047619047619
0.6428571428571429
0.6488095238095238
0.6547619047619048
0.6607142857142857
0.6666666666666666
0.6726190476190477
0.6785714285714286
0.6845238095238095
0.6904761904761905
0.6964285714285714
0.7023809523809523
0.7083333333333334
0.7142857142857143
0.7202380952380952
0.7261904761904762
0.7321428571428571
0.7380952380952381
0.7440476190476191
0.75
0.7559523809523809
0.7619047619047619
0.7678571428571429
0.7738095238095238
0.7797619047619048
0.7857142857142857
0.7916666666666666
0.7976190476190477
0.8035714285714286
0.8095238095238095
0.8154761904761905
0.8214285714285714
0.8273809523809523
0.8333333333333334
0.8392857142857143
0.8452380952380952
0.8511904761904762
0.8571428571428571
0.8630952380952381
0.8690476190476191
0.875
0.8809523809523809
0.8869047619047619
0.8928571428571429
0.8988095238095238
0.9047619047619048
0.9107142857142857
0.9166666666666666
0.9226190476190477
0.9285714285714286
0.9345238095238095
0.9404761904761905
1.0
1.0
1.0
1.0
1.0
1.0
1.0
1.0
1.0
1.0
1.0
1.0
1.0
1.0
1.0
1.0
1.0
1.0
1.0
1.0
1.0
1.0
1.0
0.14285714285714285
0.1488095238095238
0.15476190476190477
0.16071428571428573
0.16666666666666666
0.17261904761904762
0.17857142857142858
0.18452380952380953
0.19047619047619047
0.19642857142857142
0.20238095238095238
0.20833333333333334
0.21428571428571427
0.22023809523809523
0.2261904761904762
0.23214285714285715
0.23809523809523808
0.24404761904761904
0.25
0.25595238095238093
0.2619047619047619
0.26785714285714285
0.27380952380952384
0.27976190476190477
0.2857142857142857
0.2916666666666667
0.2976190476190476
0.30357142857142855
0.30952380952380953
0.31547619047619047
0.32142857142857145
0.3273809523809524
0.3333333333333333
0.3392857142857143
0.34523809523809523
0.35119047619047616
0.35714285714285715
0.3630952380952381
0.36904761904761907
0.375
0.38095238095238093
0.3869047619047619
0.39285714285714285
0.39880952380952384
0.40476190476190477
0.4107142857142857
0.4166666666666667
0.4226190476190476
0.42857142857142855
0.43452380952380953
0.44047619047619047
0.44642857142857145
0.4523809523809524
0.4583333333333333
0.4642857142857143
0.47023809523809523
0.47619047619047616
0.48214285714285715
0.4880952380952381
0.49404761904761907
0.5
0.5059523809523809
0.5119047619047619
0.5178571428571429
0.5238095238095238
0.5297619047619048
0.5357142857142857
0.5416666666666666
0.5476190476190477
0.5535714285714286
0.5595238095238095
0.5654761904761905
0.5714285714285714
0.5773809523809523
0.5833333333333334
0.5892857142857143
0.5952380952380952
0.6011904761904762
0.6071428571428571
0.6130952380952381
0.6190476190476191
0.625
0.6309523809523809
0.6369047619047619
0.6428571428571429
0.6488095238095238
0.6547619047619048
0.6607142857142857
0.6666666666666666
0.6726190476190477
0.6785714285714286
0.6845238095238095
0.6904761904761905
0.6964285714285714
0.7023809523809523
0.7083333333333334
0.7142857142857143
0.7202380952380952
0.7261904761904762
0.7321428571428571
0.7380952380952381
0.7440476190476191
0.75
0.7559523809523809
0.7619047619047619
0.7678571428571429
0.7738095238095238
0.7797619047619048
0.7857142857142857
0.7916666666666666
0.7976190476190477
0.8035714285714286
0.8095238095238095
0.8154761904761905
0.8214285714285714
0.8273809523809523
0.8333333333333334
0.8392857142857143
0.8452380952380952
0.8511904761904762
0.8571428571428571
0.8630952380952381
0.8690476190476191
0.875
0.8809523809523809
0.8869047619047619
0.8928571428571429
0.8988095238095238
0.9047619047619048
0.9107142857142857
0.9166666666666666
0.9226190476190477
0.9285714285714286
0.9345238095238095
0.9404761904761905
1.0
1.0
1.0
1.0
1.0
1.0
1.0
1.0
1.0
1.0
1.0
1.0
1.0
1.0
1.0
1.0
1.0
1.0
1.0
1.0
1.0
1.0
1.0
0.7058823529411765
0.7142857142857143
0.7222222222222222
0.7297297297297297
0.7368421052631579
0.7631578947368421
0.7894736842105263
0.8157894736842105
0.8421052631578947
0.8461538461538461
0.85
0.8536585365853658
0.8571428571428571
0.8604651162790697
0.8636363636363636
0.8666666666666667
0.8695652173913043
0.8723404255319149
0.875
0.8775510204081632
0.88
0.8823529411764706
0.8846153846153846
0.8867924528301887
0.8888888888888888
0.8909090909090909
0.8928571428571429
0.8947368421052632
0.896551724137931
0.8983050847457628
0.9
0.9016393442622951
0.9032258064516129
0.9047619047619048
0.90625
0.9076923076923077
0.9090909090909091
0.9104477611940298
0.9117647058823529
0.9130434782608695
0.9142857142857143
0.9154929577464789
0.9166666666666666
0.9178082191780822
0.918918918918919
0.92
0.9210526315789473
0.9342105263157895
0.9473684210526315
0.9605263157894737
0.9736842105263158
0.9868421052631579
0.987012987012987
0.9871794871794872
0.9873417721518988
0.9875
0.9876543209876543
0.9878048780487805
0.9879518072289156
0.9880952380952381
1.0
1.0
1.0
1.0
1.0
1.0
1.0
1.0
1.0
1.0
1.0
1.0
1.0
1.0
1.0
1.0
1.0
1.0
1.0
1.0
1.0
1.0
1.0
1.0
0.14285714285714285
0.1488095238095238
0.15476190476190477
0.16071428571428573
0.16666666666666666
0.17261904761904762
0.17857142857142858
0.18452380952380953
0.19047619047619047
0.19642857142857142
0.20238095238095238
0.20833333333333334
0.21428571428571427
0.22023809523809523
0.2261904761904762
0.23214285714285715
0.23809523809523808
0.24404761904761904
0.25
0.25595238095238093
0.2619047619047619
0.26785714285714285
0.27380952380952384
0.27976190476190477
0.2857142857142857
0.2916666666666667
0.2976190476190476
0.30357142857142855
0.30952380952380953
0.31547619047619047
0.32142857142857145
0.3273809523809524
0.3333333333333333
0.3392857142857143
0.34523809523809523
0.35119047619047616
0.35714285714285715
0.3630952380952381
0.36904761904761907
0.375
0.38095238095238093
0.3869047619047619
0.39285714285714285
0.39880952380952384
0.40476190476190477
0.4107142857142857
0.4166666666666667
0.4226190476190476
0.42857142857142855
0.43452380952380953
0.44047619047619047
0.44642857142857145
0.4523809523809524
0.4583333333333333
0.4642857142857143
0.47023809523809523
0.47619047619047616
0.48214285714285715
0.4880952380952381
0.49404761904761907
0.5
0.5059523809523809
0.5119047619047619
0.5178571428571429
0.5238095238095238
0.5297619047619048
0.5357142857142857
0.5416666666666666
0.5476190476190477
0.5535714285714286
0.5595238095238095
0.5654761904761905
0.5714285714285714
0.5773809523809523
0.5833333333333334
0.5892857142857143
0.5952380952380952
0.6011904761904762
0.6071428571428571
0.6130952380952381
0.6190476190476191
0.625
0.6309523809523809
0.6369047619047619
0.6428571428571429
0.6488095238095238
0.6547619047619048
0.6607142857142857
0.6666666666666666
0.6726190476190477
0.6785714285714286
0.6845238095238095
0.6904761904761905
0.6964285714285714
0.7023809523809523
0.7083333333333334
0.7142857142857143
0.7202380952380952
0.7261904761904762
0.7321428571428571
0.7380952380952381
0.7440476190476191
0.75
0.7559523809523809
0.7619047619047619
0.7678571428571429
0.7738095238095238
0.7797619047619048
0.7857142857142857
0.7916666666666666
0.7976190476190477
0.8035714285714286
0.8095238095238095
0.8154761904761905
0.8214285714285714
0.8273809523809523
0.8333333333333334
0.8392857142857143
0.8452380952380952
0.8511904761904762
0.8571428571428571
0.8630952380952381
0.8690476190476191
0.875
0.8809523809523809
0.8869047619047619
0.8928571428571429
0.8988095238095238
0.9047619047619048
0.9107142857142857
0.9166666666666666
0.9226190476190477
0.9285714285714286
0.9345238095238095
0.9404761904761905
1.0
1.0
1.0
1.0
1.0
1.0
1.0
1.0
1.0
1.0
1.0
1.0
1.0
1.0
1.0
1.0
1.0
1.0
1.0
1.0
1.0
1.0
1.0
0.14285714285714285
0.1488095238095238
0.15476190476190477
0.16071428571428573
0.16666666666666666
0.17261904761904762
0.17857142857142858
0.18452380952380953
0.19047619047619047
0.19642857142857142
0.20238095238095238
0.20833333333333334
0.21428571428571427
0.22023809523809523
0.2261904761904762
0.23214285714285715
0.23809523809523808
0.24404761904761904
0.25
0.25595238095238093
0.2619047619047619
0.26785714285714285
0.27380952380952384
0.27976190476190477
0.2857142857142857
0.2916666666666667
0.2976190476190476
0.30357142857142855
0.30952380952380953
0.31547619047619047
0.32142857142857145
0.3273809523809524
0.3333333333333333
0.3392857142857143
0.34523809523809523
0.35119047619047616
0.35714285714285715
0.3630952380952381
0.36904761904761907
0.375
0.38095238095238093
0.3869047619047619
0.39285714285714285
0.39880952380952384
0.40476190476190477
0.4107142857142857
0.4166666666666667
0.4226190476190476
0.42857142857142855
0.43452380952380953
0.44047619047619047
0.44642857142857145
0.4523809523809524
0.4583333333333333
0.4642857142857143
0.47023809523809523
0.47619047619047616
0.48214285714285715
0.4880952380952381
1.0
1.0
1.0
1.0
1.0
1.0
1.0
1.0
1.0
1.0
1.0
1.0
1.0
1.0
1.0
1.0
1.0
1.0
1.0
1.0
1.0
1.0
1.0
0.14285714285714285
0.1488095238095238
0.15476190476190477
0.16071428571428573
0.16666666666666666
0.17261904761904762
0.17857142857142858
0.18452380952380953
0.19047619047619047
0.19642857142857142
0.20238095238095238
0.20833333333333334
0.21428571428571427
0.22023809523809523
0.2261904761904762
0.23214285714285715
0.23809523809523808
0.24404761904761904
0.25
0.25595238095238093
0.2619047619047619
0.26785714285714285
0.27380952380952384
0.27976190476190477
0.2857142857142857
0.2916666666666667
0.2976190476190476
0.30357142857142855
0.30952380952380953
0.31547619047619047
0.32142857142857145
0.3273809523809524
0.3333333333333333
0.3392857142857143
0.34523809523809523
0.35119047619047616
0.35714285714285715
0.3630952380952381
0.36904761904761907
0.375
0.38095238095238093
0.3869047619047619
0.39285714285714285
0.39880952380952384
0.40476190476190477
0.4107142857142857
0.4166666666666667
0.4226190476190476
0.42857142857142855
0.43452380952380953
0.44047619047619047
0.44642857142857145
0.4523809523809524
0.4583333333333333
0.4642857142857143
0.47023809523809523
0.47619047619047616
0.48214285714285715
0.4880952380952381
0.49404761904761907
0.5
0.5059523809523809
0.5119047619047619
0.5178571428571429
0.5238095238095238
0.5297619047619048
0.5357142857142857
0.5416666666666666
0.5476190476190477
0.5535714285714286
0.5595238095238095
0.5654761904761905
0.5714285714285714
0.5773809523809523
0.5833333333333334
0.5892857142857143
0.5952380952380952
0.6011904761904762
0.6071428571428571
0.6130952380952381
0.6190476190476191
0.625
0.6309523809523809
0.6369047619047619
0.6428571428571429
0.6488095238095238
0.6547619047619048
0.6607142857142857
0.6666666666666666
0.6726190476190477
0.6785714285714286
0.6845238095238095
0.6904761904761905
0.6964285714285714
0.7023809523809523
0.7083333333333334
0.7142857142857143
0.7202380952380952
0.7261904761904762
0.7321428571428571
0.7380952380952381
0.7440476190476191
0.75
0.7559523809523809
0.7619047619047619
0.7678571428571429
0.7738095238095238
0.7797619047619048
0.7857142857142857
0.7916666666666666
0.7976190476190477
0.8035714285714286
0.8095238095238095
0.8154761904761905
0.8214285714285714
0.8273809523809523
0.8333333333333334
0.8392857142857143
0.8452380952380952
0.8511904761904762
0.8571428571428571
0.8630952380952381
0.8690476190476191
0.875
0.8809523809523809
0.8869047619047619
0.8928571428571429
0.8988095238095238
0.9047619047619048
0.9107142857142857
0.9166666666666666
0.9226190476190477
0.9285714285714286
0.9345238095238095
0.9404761904761905
1.0
1.0
1.0
1.0
1.0
1.0
1.0
1.0
1.0
1.0
1.0
1.0
1.0
1.0
1.0
1.0
1.0
1.0
1.0
1.0
1.0
1.0
1.0
0.14285714285714285
0.1488095238095238
0.15476190476190477
0.16071428571428573
0.16666666666666666
0.17261904761904762
0.17857142857142858
0.18452380952380953
0.19047619047619047
0.19642857142857142
0.20238095238095238
0.20833333333333334
0.21428571428571427
0.22023809523809523
0.2261904761904762
0.23214285714285715
0.23809523809523808
0.24404761904761904
0.25
0.25595238095238093
0.2619047619047619
0.26785714285714285
0.27380952380952384
0.27976190476190477
0.2857142857142857
0.2916666666666667
0.2976190476190476
0.30357142857142855
0.30952380952380953
0.31547619047619047
0.32142857142857145
0.3273809523809524
0.3333333333333333
0.3392857142857143
0.34523809523809523
0.35119047619047616
0.35714285714285715
0.3630952380952381
0.36904761904761907
0.375
0.38095238095238093
0.3869047619047619
0.39285714285714285
0.39880952380952384
0.40476190476190477
0.4107142857142857
0.4166666666666667
0.4226190476190476
0.42857142857142855
0.43452380952380953
0.44047619047619047
0.44642857142857145
0.4523809523809524
0.4583333333333333
0.4642857142857143
0.47023809523809523
0.47619047619047616
0.48214285714285715
0.4880952380952381
0.49404761904761907
0.5
0.5059523809523809
0.5119047619047619
0.5178571428571429
0.5238095238095238
0.5297619047619048
0.5357142857142857
0.5416666666666666
0.5476190476190477
0.5535714285714286
0.5595238095238095
0.5654761904761905
0.5714285714285714
0.5773809523809523
0.5833333333333334
0.5892857142857143
0.5952380952380952
0.6011904761904762
0.6071428571428571
0.6130952380952381
0.6190476190476191
0.625
0.6309523809523809
0.6369047619047619
0.6428571428571429
0.6488095238095238
0.6547619047619048
0.6607142857142857
0.6666666666666666
0.6726190476190477
0.6785714285714286
0.6845238095238095
0.6904761904761905
0.6964285714285714
0.7023809523809523
0.7083333333333334
0.7142857142857143
0.7202380952380952
0.7261904761904762
0.7321428571428571
0.7380952380952381
0.7440476190476191
0.75
0.7559523809523809
0.7619047619047619
0.7678571428571429
0.7738095238095238
0.7797619047619048
0.7857142857142857
0.7916666666666666
0.7976190476190477
0.8035714285714286
0.8095238095238095
0.8154761904761905
0.8214285714285714
0.8273809523809523
0.8333333333333334
0.8392857142857143
0.8452380952380952
0.8511904761904762
0.8571428571428571
0.8630952380952381
0.8690476190476191
0.875
0.8809523809523809
0.8869047619047619
0.8928571428571429
0.8988095238095238
0.9047619047619048
0.9107142857142857
0.9166666666666666
0.9226190476190477
0.9285714285714286
0.9345238095238095
0.9404761904761905
