1.0
1.0
1.0
1.0
1.0
1.0
1.0
1.0
1.0
1.0
1.0
1.0
1.0
1.0
1.0
1.0
1.0
1.0
1.0
1.0
1.0
1.0
1.0
1.0
1.0
1.0
0.7941176470588235
0.8
0.8285714285714286
0.8571428571428571
0.8857142857142857
0.9142857142857143
0.9428571428571428
0.9714285714285714
0.9722222222222222
0.972972972972973
0.9736842105263158
0.9743589743589743
0.975
0.851063829787234
0.8723404255319149
0.875
0.8775510204081632
0.88
0.8823529411764706
0.8846153846153846
0.8867924528301887
0.8888888888888888
0.7903225806451613
0.8064516129032258
0.8225806451612904
0.8387096774193549
0.8548387096774194
0.8709677419354839
0.8870967741935484
0.8888888888888888
0.890625
0.8923076923076924
0.8939393939393939
0.8955223880597015
0.8970588235294118
0.8985507246376812
0.9
0.9014084507042254
0.9027777777777778
0.9041095890410958
0.9054054054054054
0.9066666666666666
0.9078947368421053
0.9090909090909091
0.9102564102564102
0.9113924050632911
0.9125
0.9135802469135802
0.9146341463414634
0.9156626506024096
0.9166666666666666
0.9176470588235294
0.9186046511627907
0.9195402298850575
0.9204545454545454
0.9213483146067416
0.9222222222222223
0.9230769230769231
0.9239130434782609
0.9247311827956989
0.925531914893617
0.9263157894736842
0.9270833333333334
0.9278350515463918
0.9285714285714286
0.9292929292929293
0.93
0.9306930693069307
0.9313725490196079
0.9320388349514563
0.9326923076923077
0.9333333333333333
0.9339622641509434
0.9433962264150944
0.9439252336448598
0.9444444444444444
0.944954128440367
0.9454545454545454
0.8203125
0.828125
0.8359375
0.84375
0.8515625
0.859375
0.8671875
0.875
0.875968992248062
0.8769230769230769
0.8778625954198473
0.8787878787878788
0.8796992481203008
0.8805970149253731
0.8814814814814815
0.8823529411764706
0.8832116788321168
0.8840579710144928
0.8848920863309353
0.8857142857142857
0.8865248226950354
0.8873239436619719
0.8881118881118881
0.8888888888888888
0.8896551724137931
0.896551724137931
0.903448275862069
0.9103448275862069
0.9172413793103448
0.9241379310344827
0.9310344827586207
0.9379310344827586
0.9448275862068966
0.9517241379310345
0.9586206896551724
0.958904109589041
0.9591836734693877
0.9594594594594594
0.959731543624161
0.96
0.9602649006622517
0.8848484848484849
0.8909090909090909
0.896969696969697
0.9030303030303031
0.9090909090909091
0.9151515151515152
0.9212121212121213
0.9272727272727272
0.9333333333333333
0.9393939393939394
0.9454545454545454
0.9515151515151515
0.9575757575757575
0.9636363636363636
0.963855421686747
0.9640718562874252
0.9642857142857143
0.9644970414201184
0.7961165048543689
0.8009708737864077
0.8058252427184466
0.8106796116504854
0.8155339805825242
0.8203883495145631
0.8252427184466019
0.8300970873786407
0.8349514563106796
0.8398058252427184
0.8446601941747572
0.8495145631067961
0.8543689320388349
0.8592233009708737
0.8640776699029126
0.8689320388349514
0.8737864077669902
0.8786407766990292
0.883495145631068
0.8883495145631068
0.8932038834951457
0.8980582524271845
0.9029126213592233
0.9077669902912622
0.912621359223301
0.9174757281553398
0.9223300970873787
0.9271844660194175
0.9320388349514563
0.9368932038834952
0.941747572815534
0.9466019417475728
0.9514563106796117
0.9563106796116505
0.9611650485436893
0.9660194174757282
0.970873786407767
0.9757281553398058
0.9805825242718447
0.9854368932038835
0.9902912621359223
0.9951456310679612
1.0
1.0
1.0
1.0
1.0
1.0
1.0
1.0
1.0
1.0
1.0
1.0
1.0
1.0
1.0
1.0
1.0
1.0
1.0
1.0
1.0
1.0
1.0
1.0
1.0
1.0
0.7941176470588235
0.8
0.8285714285714286
0.8571428571428571
0.8857142857142857
0.9142857142857143
0.9428571428571428
0.9714285714285714
0.9722222222222222
0.972972972972973
0.9736842105263158
0.9743589743589743
0.975
0.851063829787234
0.8723404255319149
0.875
0.8775510204081632
0.88
0.8823529411764706
0.8846153846153846
0.8867924528301887
0.8888888888888888
0.7903225806451613
0.8064516129032258
0.8225806451612904
0.8387096774193549
0.8548387096774194
0.8709677419354839
0.8870967741935484
0.8888888888888888
0.890625
0.8923076923076924
0.8939393939393939
0.8955223880597015
0.8970588235294118
0.8985507246376812
0.9
0.9014084507042254
0.9027777777777778
0.9041095890410958
0.9054054054054054
0.9066666666666666
0.9078947368421053
0.9090909090909091
0.9102564102564102
0.9113924050632911
0.9125
0.9135802469135802
0.9146341463414634
0.9156626506024096
0.9166666666666666
0.9176470588235294
0.9186046511627907
0.9195402298850575
0.9204545454545454
0.9213483146067416
0.9222222222222223
0.9230769230769231
0.9239130434782609
0.9247311827956989
0.925531914893617
0.9263157894736842
0.9270833333333334
0.9278350515463918
0.9285714285714286
0.9292929292929293
0.93
0.9306930693069307
0.9313725490196079
0.9320388349514563
0.9326923076923077
0.9333333333333333
0.9339622641509434
0.9433962264150944
0.9439252336448598
0.9444444444444444
0.944954128440367
0.9454545454545454
0.8203125
0.828125
0.8359375
0.84375
0.8515625
0.859375
0.8671875
0.875
0.875968992248062
0.8769230769230769
0.8778625954198473
0.8787878787878788
0.8796992481203008
0.8805970149253731
0.8814814814814815
0.8823529411764706
0.8832116788321168
0.8840579710144928
0.8848920863309353
0.8857142857142857
0.8865248226950354
0.8873239436619719
0.8881118881118881
0.8888888888888888
0.8896551724137931
0.896551724137931
0.903448275862069
0.9103448275862069
0.9172413793103448
0.9241379310344827
0.9310344827586207
0.9379310344827586
0.9448275862068966
0.9517241379310345
0.9586206896551724
0.958904109589041
0.9591836734693877
0.9594594594594594
0.959731543624161
0.96
0.9602649006622517
0.8848484848484849
0.8909090909090909
0.896969696969697
0.9030303030303031
0.9090909090909091
0.9151515151515152
0.9212121212121213
0.9272727272727272
0.9333333333333333
0.9393939393939394
0.9454545454545454
0.9515151515151515
0.9575757575757575
0.9636363636363636
0.963855421686747
0.9640718562874252
0.9642857142857143
0.9644970414201184
0.7961165048543689
0.8009708737864077
0.8058252427184466
0.8106796116504854
0.8155339805825242
0.8203883495145631
0.8252427184466019
0.8300970873786407
0.8349514563106796
0.8398058252427184
0.8446601941747572
0.8495145631067961
0.8543689320388349
0.8592233009708737
0.8640776699029126
0.8689320388349514
0.8737864077669902
0.8786407766990292
0.883495145631068
0.8883495145631068
0.8932038834951457
0.8980582524271845
0.9029126213592233
0.9077669902912622
0.912621359223301
0.9174757281553398
0.9223300970873787
0.9271844660194175
0.9320388349514563
0.9368932038834952
0.941747572815534
0.9466019417475728
0.9514563106796117
0.9563106796116505
0.9611650485436893
0.9660194174757282
0.970873786407767
0.9757281553398058
0.9805825242718447
0.9854368932038835
0.9902912621359223
0.9951456310679612
1.0
1.0
1.0
1.0
1.0
1.0
1.0
1.0
1.0
1.0
1.0
1.0
1.0
1.0
1.0
1.0
1.0
1.0
1.0
1.0
1.0
1.0
1.0
1.0
1.0
1.0
1.0
1.0
1.0
1.0
1.0
1.0
1.0
1.0
1.0
1.0
1.0
1.0
1.0
1.0
1.0
1.0
1.0
1.0
1.0
1.0
1.0
1.0
1.0
1.0
1.0
1.0
1.0
1.0
1.0
1.0
1.0
1.0
1.0
1.0
1.0
1.0
1.0
1.0
1.0
1.0
1.0
1.0
1.0
1.0
1.0
1.0
1.0
1.0
1.0
1.0
1.0
1.0
1.0
1.0
1.0
1.0
1.0
1.0
1.0
1.0
1.0
1.0
1.0
1.0
1.0
1.0
1.0
1.0
1.0
1.0
1.0
1.0
1.0
1.0
1.0
1.0
1.0
1.0
1.0
1.0
1.0
1.0
1.0
1.0
1.0
1.0
1.0
1.0
1.0
1.0
1.0
1.0
1.0
1.0
1.0
1.0
1.0
1.0
1.0
1.0
1.0
1.0
1.0
1.0
1.0
1.0
1.0
1.0
1.0
1.0
1.0
1.0
1.0
1.0
1.0
1.0
1.0
1.0
1.0
1.0
1.0
1.0
1.0
1.0
1.0
1.0
1.0
1.0
1.0
1.0
1.0
1.0
1.0
1.0
1.0
1.0
1.0
1.0
1.0
1.0
1.0
1.0
1.0
1.0
1.0
1.0
1.0
1.0
1.0
1.0
1.0
1.0
1.0
1.0
1.0
1.0
1.0
1.0
1.0
1.0
1.0
1.0
1.0
0.7941176470588235
0.8
0.8285714285714286
0.8571428571428571
0.8857142857142857
0.9142857142857143
0.9428571428571428
0.9714285714285714
0.9722222222222222
0.972972972972973
0.9736842105263158
0.9743589743589743
0.975
0.851063829787234
0.8723404255319149
0.875
0.8775510204081632
0.88
0.8823529411764706
0.8846153846153846
0.8867924528301887
0.8888888888888888
0.7903225806451613
0.8064516129032258
0.8225806451612904
0.8387096774193549
0.8548387096774194
0.8709677419354839
0.8870967741935484
0.8888888888888888
0.890625
0.8923076923076924
0.8939393939393939
0.8955223880597015
0.8970588235294118
0.8985507246376812
0.9
0.9014084507042254
0.9027777777777778
0.9041095890410958
0.9054054054054054
0.9066666666666666
0.9078947368421053
0.9090909090909091
0.9102564102564102
0.9113924050632911
0.9125
0.9135802469135802
0.9146341463414634
0.9156626506024096
0.9166666666666666
0.9176470588235294
0.9186046511627907
0.9195402298850575
0.9204545454545454
0.9213483146067416
0.9222222222222223
0.9230769230769231
0.9239130434782609
0.9247311827956989
0.925531914893617
0.9263157894736842
0.9270833333333334
0.9278350515463918
0.9285714285714286
0.9292929292929293
0.93
0.9306930693069307
0.9313725490196079
0.9320388349514563
0.9326923076923077
0.9333333333333333
0.9339622641509434
0.9433962264150944
0.9439252336448598
0.9444444444444444
0.944954128440367
0.9454545454545454
0.8203125
0.828125
0.8359375
0.84375
0.8515625
0.859375
0.8671875
0.875
0.875968992248062
0.8769230769230769
0.8778625954198473
0.8787878787878788
0.8796992481203008
0.8805970149253731
0.8814814814814815
0.8823529411764706
0.8832116788321168
0.8840579710144928
0.8848920863309353
0.8857142857142857
0.8865248226950354
0.8873239436619719
0.8881118881118881
0.8888888888888888
0.8896551724137931
0.896551724137931
0.903448275862069
0.9103448275862069
0.9172413793103448
0.9241379310344827
0.9310344827586207
0.9379310344827586
0.9448275862068966
0.9517241379310345
0.9586206896551724
0.958904109589041
0.9591836734693877
0.9594594594594594
0.959731543624161
0.96
0.9602649006622517
0.8848484848484849
0.8909090909090909
0.896969696969697
0.9030303030303031
0.9090909090909091
0.9151515151515152
0.9212121212121213
0.9272727272727272
0.9333333333333333
0.9393939393939394
0.9454545454545454
0.9515151515151515
0.9575757575757575
0.9636363636363636
0.963855421686747
0.9640718562874252
0.9642857142857143
0.9644970414201184
0.7961165048543689
0.8009708737864077
0.8058252427184466
0.8106796116504854
0.8155339805825242
0.8203883495145631
0.8252427184466019
0.8300970873786407
0.8349514563106796
0.8398058252427184
0.8446601941747572
0.8495145631067961
0.8543689320388349
0.8592233009708737
0.8640776699029126
0.8689320388349514
0.8737864077669902
0.8786407766990292
0.883495145631068
0.8883495145631068
0.8932038834951457
0.8980582524271845
0.9029126213592233
0.9077669902912622
0.912621359223301
0.9174757281553398
0.9223300970873787
0.9271844660194175
0.9320388349514563
0.9368932038834952
0.941747572815534
0.9466019417475728
0.9514563106796117
0.9563106796116505
0.9611650485436893
0.9660194174757282
0.970873786407767
0.9757281553398058
0.9805825242718447
0.9854368932038835
0.9902912621359223
0.9951456310679612
1.0
1.0
1.0
1.0
1.0
1.0
1.0
1.0
1.0
1.0
1.0
1.0
1.0
1.0
1.0
1.0
1.0
1.0
1.0
1.0
1.0
1.0
1.0
1.0
1.0
1.0
0.7941176470588235
0.8
0.8285714285714286
0.8571428571428571
0.8857142857142857
0.9142857142857143
0.9428571428571428
0.9714285714285714
0.9722222222222222
0.972972972972973
0.9736842105263158
0.9743589743589743
0.975
0.851063829787234
0.8723404255319149
0.875
0.8775510204081632
0.88
0.8823529411764706
0.8846153846153846
0.8867924528301887
0.8888888888888888
0.7903225806451613
0.8064516129032258
0.8225806451612904
0.8387096774193549
0.8548387096774194
0.8709677419354839
0.8870967741935484
0.8888888888888888
0.890625
0.8923076923076924
0.8939393939393939
0.8955223880597015
0.8970588235294118
0.8985507246376812
0.9
0.9014084507042254
0.9027777777777778
0.9041095890410958
0.9054054054054054
0.9066666666666666
0.9078947368421053
0.9090909090909091
0.9102564102564102
0.9113924050632911
0.9125
0.9135802469135802
0.9146341463414634
0.9156626506024096
0.9166666666666666
0.9176470588235294
0.9186046511627907
0.9195402298850575
0.9204545454545454
0.9213483146067416
0.9222222222222223
0.9230769230769231
0.9239130434782609
0.9247311827956989
0.925531914893617
0.9263157894736842
0.9270833333333334
0.9278350515463918
0.9285714285714286
0.9292929292929293
0.93
0.9306930693069307
0.9313725490196079
0.9320388349514563
0.9326923076923077
0.9333333333333333
0.9339622641509434
0.9433962264150944
0.9439252336448598
0.9444444444444444
0.944954128440367
0.9454545454545454
0.8203125
0.828125
0.8359375
0.84375
0.8515625
0.859375
0.8671875
0.875
0.875968992248062
0.8769230769230769
0.8778625954198473
0.8787878787878788
0.8796992481203008
0.8805970149253731
0.8814814814814815
0.8823529411764706
0.8832116788321168
0.8840579710144928
0.8848920863309353
0.8857142857142857
0.8865248226950354
0.8873239436619719
0.8881118881118881
0.8888888888888888
0.8896551724137931
0.896551724137931
0.903448275862069
0.9103448275862069
0.9172413793103448
0.9241379310344827
0.9310344827586207
0.9379310344827586
0.9448275862068966
0.9517241379310345
0.9586206896551724
0.958904109589041
0.9591836734693877
0.9594594594594594
0.959731543624161
0.96
0.9602649006622517
0.8848484848484849
0.8909090909090909
0.896969696969697
0.9030303030303031
0.9090909090909091
0.9151515151515152
0.9212121212121213
0.9272727272727272
0.9333333333333333
0.9393939393939394
0.9454545454545454
0.9515151515151515
0.9575757575757575
0.9636363636363636
0.963855421686747
0.9640718562874252
0.9642857142857143
0.9644970414201184
0.7961165048543689
0.8009708737864077
0.8058252427184466
0.8106796116504854
0.8155339805825242
0.8203883495145631
0.8252427184466019
0.8300970873786407
0.8349514563106796
0.8398058252427184
0.8446601941747572
0.8495145631067961
0.8543689320388349
0.8592233009708737
1.0
1.0
1.0
1.0
1.0
1.0
1.0
1.0
1.0
1.0
1.0
1.0
1.0
1.0
1.0
1.0
1.0
1.0
1.0
1.0
1.0
1.0
1.0
1.0
1.0
1.0
0.7941176470588235
0.8
0.8285714285714286
0.8571428571428571
0.8857142857142857
0.9142857142857143
0.9428571428571428
0.9714285714285714
0.9722222222222222
0.972972972972973
0.9736842105263158
0.9743589743589743
0.975
0.851063829787234
0.8723404255319149
0.875
0.8775510204081632
0.88
0.8823529411764706
0.8846153846153846
0.8867924528301887
0.8888888888888888
0.7903225806451613
0.8064516129032258
0.8225806451612904
0.8387096774193549
0.8548387096774194
0.8709677419354839
0.8870967741935484
0.8888888888888888
0.890625
0.8923076923076924
0.8939393939393939
0.8955223880597015
0.8970588235294118
0.8985507246376812
0.9
0.9014084507042254
0.9027777777777778
0.9041095890410958
0.9054054054054054
0.9066666666666666
0.9078947368421053
0.9090909090909091
0.9102564102564102
0.9113924050632911
0.9125
0.9135802469135802
0.9146341463414634
0.9156626506024096
0.9166666666666666
0.9176470588235294
0.9186046511627907
0.9195402298850575
0.9204545454545454
0.9213483146067416
0.9222222222222223
0.9230769230769231
0.9239130434782609
0.9247311827956989
0.925531914893617
0.9263157894736842
0.9270833333333334
0.9278350515463918
0.9285714285714286
0.9292929292929293
0.93
0.9306930693069307
0.9313725490196079
0.9320388349514563
0.9326923076923077
0.9333333333333333
0.9339622641509434
0.9433962264150944
0.9439252336448598
0.9444444444444444
0.944954128440367
0.9454545454545454
0.8203125
0.828125
0.8359375
0.84375
0.8515625
0.859375
0.8671875
0.875
0.875968992248062
0.8769230769230769
0.8778625954198473
0.8787878787878788
0.8796992481203008
0.8805970149253731
0.8814814814814815
0.8823529411764706
0.8832116788321168
0.8840579710144928
0.8848920863309353
0.8857142857142857
0.8865248226950354
0.8873239436619719
0.8881118881118881
0.8888888888888888
0.8896551724137931
0.896551724137931
0.903448275862069
0.9103448275862069
0.9172413793103448
0.9241379310344827
0.9310344827586207
0.9379310344827586
0.9448275862068966
0.9517241379310345
0.9586206896551724
0.958904109589041
0.9591836734693877
0.9594594594594594
0.959731543624161
0.96
0.9602649006622517
0.8848484848484849
0.8909090909090909
0.896969696969697
0.9030303030303031
0.9090909090909091
0.9151515151515152
0.9212121212121213
0.9272727272727272
0.9333333333333333
0.9393939393939394
0.9454545454545454
0.9515151515151515
0.9575757575757575
0.9636363636363636
0.963855421686747
0.9640718562874252
0.9642857142857143
0.9644970414201184
0.7961165048543689
0.8009708737864077
0.8058252427184466
0.8106796116504854
0.8155339805825242
0.8203883495145631
0.8252427184466019
0.8300970873786407
0.8349514563106796
0.8398058252427184
0.8446601941747572
0.8495145631067961
0.8543689320388349
0.8592233009708737
0.8640776699029126
0.8689320388349514
0.8737864077669902
0.8786407766990292
0.883495145631068
0.8883495145631068
0.8932038834951457
0.8980582524271845
0.9029126213592233
0.9077669902912622
0.912621359223301
0.9174757281553398
0.9223300970873787
0.9271844660194175
0.9320388349514563
0.9368932038834952
0.941747572815534
0.9466019417475728
0.9514563106796117
0.9563106796116505
0.9611650485436893
0.9660194174757282
0.970873786407767
0.9757281553398058
0.9805825242718447
0.9854368932038835
0.9902912621359223
0.9951456310679612
1.0
1.0
1.0
1.0
1.0
1.0
1.0
1.0
1.0
1.0
1.0
1.0
1.0
1.0
1.0
1.0
1.0
1.0
1.0
1.0
1.0
1.0
1.0
1.0
1.0
1.0
0.7941176470588235
0.8
0.8285714285714286
0.8571428571428571
0.8857142857142857
0.9142857142857143
0.9428571428571428
0.9714285714285714
0.9722222222222222
0.972972972972973
0.9736842105263158
0.9743589743589743
0.975
0.851063829787234
0.8723404255319149
0.875
0.8775510204081632
0.88
0.8823529411764706
0.8846153846153846
0.8867924528301887
0.8888888888888888
0.7903225806451613
0.8064516129032258
0.8225806451612904
0.8387096774193549
0.8548387096774194
0.8709677419354839
0.8870967741935484
0.8888888888888888
0.890625
0.8923076923076924
0.8939393939393939
0.8955223880597015
0.8970588235294118
0.8985507246376812
0.9
0.9014084507042254
0.9027777777777778
0.9041095890410958
0.9054054054054054
0.9066666666666666
0.9078947368421053
0.9090909090909091
0.9102564102564102
0.9113924050632911
0.9125
0.9135802469135802
0.9146341463414634
0.9156626506024096
0.9166666666666666
0.9176470588235294
0.9186046511627907
0.9195402298850575
0.9204545454545454
0.9213483146067416
0.9222222222222223
0.9230769230769231
0.9239130434782609
0.9247311827956989
0.925531914893617
0.9263157894736842
0.9270833333333334
0.9278350515463918
0.9285714285714286
0.9292929292929293
0.93
0.9306930693069307
0.9313725490196079
0.9320388349514563
0.9326923076923077
0.9333333333333333
0.9339622641509434
0.9433962264150944
0.9439252336448598
0.9444444444444444
0.944954128440367
0.9454545454545454
0.8203125
0.828125
0.8359375
0.84375
0.8515625
0.859375
0.8671875
0.875
0.875968992248062
0.8769230769230769
0.8778625954198473
0.8787878787878788
0.8796992481203008
0.8805970149253731
0.8814814814814815
0.8823529411764706
0.8832116788321168
0.8840579710144928
0.8848920863309353
0.8857142857142857
0.8865248226950354
0.8873239436619719
0.8881118881118881
0.8888888888888888
0.8896551724137931
0.896551724137931
0.903448275862069
0.9103448275862069
0.9172413793103448
0.9241379310344827
0.9310344827586207
0.9379310344827586
0.9448275862068966
0.9517241379310345
0.9586206896551724
0.958904109589041
0.9591836734693877
0.9594594594594594
0.959731543624161
0.96
0.9602649006622517
0.8848484848484849
0.8909090909090909
0.896969696969697
0.9030303030303031
0.9090909090909091
0.9151515151515152
0.9212121212121213
0.9272727272727272
0.9333333333333333
0.9393939393939394
0.9454545454545454
0.9515151515151515
0.9575757575757575
0.9636363636363636
0.963855421686747
0.9640718562874252
0.9642857142857143
0.9644970414201184
0.7961165048543689
0.8009708737864077
0.8058252427184466
0.8106796116504854
0.8155339805825242
0.8203883495145631
0.8252427184466019
0.8300970873786407
0.8349514563106796
0.8398058252427184
0.8446601941747572
0.8495145631067961
0.8543689320388349
0.8592233009708737
0.8640776699029126
0.8689320388349514
0.8737864077669902
0.8786407766990292
0.883495145631068
0.8883495145631068
0.8932038834951457
0.8980582524271845
0.9029126213592233
0.9077669902912622
0.912621359223301
0.9174757281553398
0.9223300970873787
0.9271844660194175
0.9320388349514563
0.9368932038834952
0.941747572815534
0.9466019417475728
0.9514563106796117
0.9563106796116505
0.9611650485436893
0.9660194174757282
0.970873786407767
0.9757281553398058
0.9805825242718447
0.9854368932038835
0.9902912621359223
0.9951456310679612
