1.0
1.0
1.0
1.0
1.0
1.0
1.0
1.0
1.0
1.0
1.0
1.0
1.0
0.9333333333333333
0.9375
0.9411764705882353
0.6296296296296297
0.6666666666666666
0.7037037037037037
0.7407407407407407
0.7777777777777778
0.8148148148148148
0.8518518518518519
0.8888888888888888
0.9259259259259259
0.9629629629629629
0.9642857142857143
0.9655172413793104
0.9666666666666667
0.967741935483871
0.96875
0.9696969696969697
0.9705882352941176
0.9714285714285714
0.9722222222222222
0.972972972972973
0.9736842105263158
0.9743589743589743
1.0
1.0
1.0
1.0
1.0
1.0
1.0
1.0
1.0
1.0
1.0
1.0
1.0
1.0
0.9333333333333333
0.9375
0.9411764705882353
0.6296296296296297
0.6666666666666666
0.7037037037037037
0.7407407407407407
0.7777777777777778
0.8148148148148148
0.8518518518518519
0.8888888888888888
0.9259259259259259
0.9629629629629629
0.9642857142857143
0.9655172413793104
0.9666666666666667
0.967741935483871
0.96875
0.9696969696969697
0.9705882352941176
0.9714285714285714
0.9722222222222222
0.972972972972973
0.9736842105263158
0.9743589743589743
1.0
1.0
1.0
1.0
1.0
1.0
1.0
1.0
1.0
1.0
1.0
1.0
1.0
1.0
1.0
1.0
1.0
0.6538461538461539
0.6666666666666666
0.7037037037037037
0.7407407407407407
0.7777777777777778
0.8148148148148148
0.8518518518518519
0.8888888888888888
0.9259259259259259
0.9629629629629629
0.9642857142857143
0.9655172413793104
0.9666666666666667
0.967741935483871
0.96875
0.9696969696969697
0.9705882352941176
0.9714285714285714
0.9722222222222222
0.972972972972973
0.9736842105263158
0.9743589743589743
1.0
1.0
1.0
1.0
1.0
1.0
1.0
1.0
1.0
1.0
1.0
1.0
1.0
1.0
0.9333333333333333
0.9375
0.9411764705882353
0.6296296296296297
0.6666666666666666
0.7037037037037037
0.7407407407407407
0.7777777777777778
0.8148148148148148
0.8518518518518519
0.8888888888888888
0.9259259259259259
0.9629629629629629
0.9642857142857143
0.9655172413793104
0.9666666666666667
0.967741935483871
0.96875
0.9696969696969697
0.9705882352941176
0.9714285714285714
0.9722222222222222
0.972972972972973
0.9736842105263158
0.9743589743589743
1.0
1.0
1.0
1.0
1.0
1.0
1.0
1.0
1.0
1.0
1.0
1.0
1.0
1.0
0.9333333333333333
0.9375
0.9411764705882353
0.6296296296296297
0.6666666666666666
0.7037037037037037
0.7407407407407407
0.7777777777777778
0.8148148148148148
0.8518518518518519
0.8888888888888888
0.9259259259259259
0.9629629629629629
0.9642857142857143
0.9655172413793104
0.9666666666666667
0.967741935483871
0.96875
0.9696969696969697
0.9705882352941176
0.9714285714285714
0.9722222222222222
0.972972972972973
0.9736842105263158
0.9743589743589743
1.0
1.0
1.0
1.0
1.0
1.0
1.0
1.0
1.0
1.0
1.0
1.0
1.0
1.0
0.9333333333333333
0.9375
0.9411764705882353
0.6296296296296297
0.6666666666666666
0.7037037037037037
0.7407407407407407
0.7777777777777778
0.8148148148148148
0.8518518518518519
0.8888888888888888
0.9259259259259259
0.9629629629629629
0.9642857142857143
0.9655172413793104
0.9666666666666667
0.967741935483871
0.96875
0.9696969696969697
0.9705882352941176
0.9714285714285714
0.9722222222222222
0.972972972972973
0.9736842105263158
0.9743589743589743
1.0
1.0
1.0
1.0
1.0
1.0
1.0
1.0
1.0
1.0
1.0
1.0
1.0
1.0
0.9333333333333333
0.9375
0.9411764705882353
0.6296296296296297
0.6666666666666666
0.7037037037037037
0.7407407407407407
0.7777777777777778
0.8148148148148148
0.8518518518518519
0.8888888888888888
0.9259259259259259
0.9629629629629629
0.9642857142857143
0.9655172413793104
0.9666666666666667
0.967741935483871
0.96875
0.9696969696969697
0.9705882352941176
0.9714285714285714
0.9722222222222222
0.972972972972973
0.9736842105263158
0.9743589743589743
1.0
