1.0
1.0
1.0
1.0
1.0
1.0
1.0
1.0
1.0
1.0
1.0
1.0
1.0
1.0
1.0
1.0
1.0
1.0
1.0
1.0
1.0
1.0
1.0
1.0
1.0
1.0
1.0
1.0
1.0
1.0
1.0
1.0
1.0
1.0
1.0
1.0
1.0
1.0
1.0
1.0
1.0
1.0
1.0
1.0
1.0
1.0
1.0
1.0
1.0
1.0
1.0
1.0
1.0
1.0
1.0
0.18181818181818182
0.18506493506493507
0.18831168831168832
0.19155844155844157
0.19480519480519481
0.19805194805194806
0.2012987012987013
0.20454545454545456
0.2077922077922078
0.21103896103896103
0.21428571428571427
0.21753246753246752
0.22077922077922077
0.22402597402597402
0.22727272727272727
0.2305194805194805
0.23376623376623376
0.237012987012987
0.24025974025974026
0.2435064935064935
0.24675324675324675
0.25
0.2532467532467532
0.2564935064935065
0.2597402597402597
0.262987012987013
0.2662337662337662
0.2694805194805195
0.2727272727272727
0.275974025974026
0.2792207792207792
0.2824675324675325
0.2857142857142857
0.288961038961039
0.2922077922077922
0.29545454545454547
0.2987012987012987
0.30194805194805197
0.3051948051948052
0.30844155844155846
0.3116883116883117
0.31493506493506496
0.3181818181818182
0.32142857142857145
0.3246753246753247
0.32792207792207795
0.33116883116883117
0.3344155844155844
0.33766233766233766
0.3409090909090909
0.34415584415584416
0.3474025974025974
0.35064935064935066
0.3538961038961039
0.35714285714285715
0.36038961038961037
0.36363636363636365
0.36688311688311687
0.37012987012987014
0.37337662337662336
0.37662337662337664
0.37987012987012986
0.38311688311688313
0.38636363636363635
0.38961038961038963
0.39285714285714285
0.3961038961038961
0.39935064935064934
0.4025974025974026
0.40584415584415584
0.4090909090909091
0.41233766233766234
0.4155844155844156
0.41883116883116883
0.42207792207792205
0.4253246753246753
0.42857142857142855
0.4318181818181818
0.43506493506493504
0.4383116883116883
0.44155844155844154
0.4448051948051948
0.44805194805194803
0.4512987012987013
0.45454545454545453
0.4577922077922078
0.461038961038961
0.4642857142857143
0.4675324675324675
0.4707792207792208
0.474025974025974
0.4772727272727273
0.4805194805194805
0.4837662337662338
0.487012987012987
0.4902597402597403
0.4935064935064935
0.4967532467532468
0.5
0.5032467532467533
0.5064935064935064
0.5097402597402597
0.512987012987013
0.5162337662337663
0.5194805194805194
0.5227272727272727
0.525974025974026
0.5292207792207793
0.5324675324675324
0.5357142857142857
0.538961038961039
0.5422077922077922
0.5454545454545454
0.5487012987012987
0.551948051948052
0.5551948051948052
0.5584415584415584
0.5616883116883117
0.564935064935065
0.5681818181818182
0.5714285714285714
0.5746753246753247
0.577922077922078
0.5811688311688312
0.5844155844155844
0.5876623376623377
0.5909090909090909
0.5941558441558441
0.5974025974025974
0.6006493506493507
0.6038961038961039
0.6071428571428571
0.6103896103896104
0.6136363636363636
0.6168831168831169
0.6201298701298701
0.6233766233766234
0.6266233766233766
0.6298701298701299
0.6331168831168831
0.6363636363636364
0.6396103896103896
0.6428571428571429
0.6461038961038961
0.6493506493506493
0.6525974025974026
0.6558441558441559
0.6590909090909091
0.6623376623376623
0.6655844155844156
0.6688311688311688
0.672077922077922
0.6753246753246753
0.6785714285714286
0.6818181818181818
0.685064935064935
0.6883116883116883
0.6915584415584416
0.6948051948051948
0.698051948051948
0.7012987012987013
0.7045454545454546
0.7077922077922078
0.711038961038961
0.7142857142857143
0.7175324675324676
0.7207792207792207
0.724025974025974
0.7272727272727273
0.7305194805194806
0.7337662337662337
0.737012987012987
0.7402597402597403
0.7435064935064936
0.7467532467532467
0.75
0.7532467532467533
0.7564935064935064
0.7597402597402597
0.762987012987013
0.7662337662337663
0.7694805194805194
0.7727272727272727
0.775974025974026
0.7792207792207793
0.7824675324675324
0.7857142857142857
0.788961038961039
0.7922077922077922
0.7954545454545454
0.7987012987012987
0.801948051948052
0.8051948051948052
0.8084415584415584
0.8116883116883117
0.814935064935065
0.8181818181818182
0.8214285714285714
0.8246753246753247
0.827922077922078
0.8311688311688312
0.8344155844155844
0.8376623376623377
0.8409090909090909
0.8441558441558441
0.8474025974025974
0.8506493506493507
0.8538961038961039
0.8571428571428571
0.8603896103896104
0.8636363636363636
0.8668831168831169
0.8701298701298701
0.8733766233766234
0.8766233766233766
0.8798701298701299
0.8831168831168831
0.8863636363636364
0.8896103896103896
0.8928571428571429
0.8961038961038961
0.8993506493506493
0.9025974025974026
0.9058441558441559
0.9090909090909091
0.9123376623376623
0.9155844155844156
0.9188311688311688
0.922077922077922
0.9253246753246753
0.9285714285714286
0.9318181818181818
1.0
1.0
1.0
1.0
1.0
1.0
1.0
1.0
1.0
1.0
1.0
1.0
1.0
1.0
1.0
1.0
1.0
1.0
1.0
1.0
1.0
1.0
1.0
1.0
1.0
1.0
1.0
1.0
1.0
1.0
1.0
1.0
1.0
1.0
1.0
1.0
1.0
1.0
1.0
1.0
1.0
1.0
1.0
1.0
1.0
1.0
1.0
1.0
1.0
1.0
1.0
1.0
1.0
1.0
1.0
0.18181818181818182
0.18506493506493507
0.18831168831168832
0.19155844155844157
0.19480519480519481
0.19805194805194806
0.2012987012987013
0.20454545454545456
0.2077922077922078
0.21103896103896103
0.21428571428571427
0.21753246753246752
0.22077922077922077
0.22402597402597402
0.22727272727272727
0.2305194805194805
0.23376623376623376
0.237012987012987
0.24025974025974026
0.2435064935064935
0.24675324675324675
0.25
0.2532467532467532
0.2564935064935065
0.2597402597402597
0.262987012987013
0.2662337662337662
0.2694805194805195
0.2727272727272727
0.275974025974026
0.2792207792207792
0.2824675324675325
0.2857142857142857
0.288961038961039
0.2922077922077922
0.29545454545454547
0.2987012987012987
0.30194805194805197
0.3051948051948052
0.30844155844155846
0.3116883116883117
0.31493506493506496
0.3181818181818182
0.32142857142857145
0.3246753246753247
0.32792207792207795
0.33116883116883117
0.3344155844155844
0.33766233766233766
0.3409090909090909
0.34415584415584416
0.3474025974025974
0.35064935064935066
0.3538961038961039
0.35714285714285715
0.36038961038961037
0.36363636363636365
0.36688311688311687
0.37012987012987014
0.37337662337662336
0.37662337662337664
0.37987012987012986
0.38311688311688313
0.38636363636363635
0.38961038961038963
0.39285714285714285
0.3961038961038961
0.39935064935064934
0.4025974025974026
0.40584415584415584
0.4090909090909091
0.41233766233766234
0.4155844155844156
0.41883116883116883
0.42207792207792205
0.4253246753246753
0.42857142857142855
0.4318181818181818
0.43506493506493504
0.4383116883116883
0.44155844155844154
0.4448051948051948
0.44805194805194803
0.4512987012987013
0.45454545454545453
0.4577922077922078
0.461038961038961
0.4642857142857143
0.4675324675324675
0.4707792207792208
0.474025974025974
0.4772727272727273
0.4805194805194805
0.4837662337662338
0.487012987012987
0.4902597402597403
0.4935064935064935
0.4967532467532468
0.5
0.5032467532467533
0.5064935064935064
0.5097402597402597
0.512987012987013
0.5162337662337663
0.5194805194805194
0.5227272727272727
0.525974025974026
0.5292207792207793
0.5324675324675324
0.5357142857142857
0.538961038961039
0.5422077922077922
0.5454545454545454
0.5487012987012987
0.551948051948052
0.5551948051948052
0.5584415584415584
0.5616883116883117
0.564935064935065
0.5681818181818182
0.5714285714285714
0.5746753246753247
0.577922077922078
0.5811688311688312
0.5844155844155844
0.5876623376623377
0.5909090909090909
0.5941558441558441
0.5974025974025974
0.6006493506493507
0.6038961038961039
0.6071428571428571
0.6103896103896104
0.6136363636363636
0.6168831168831169
0.6201298701298701
0.6233766233766234
0.6266233766233766
0.6298701298701299
0.6331168831168831
0.6363636363636364
0.6396103896103896
0.6428571428571429
0.6461038961038961
0.6493506493506493
0.6525974025974026
0.6558441558441559
0.6590909090909091
0.6623376623376623
0.6655844155844156
0.6688311688311688
0.672077922077922
0.6753246753246753
0.6785714285714286
0.6818181818181818
0.685064935064935
0.6883116883116883
0.6915584415584416
0.6948051948051948
0.698051948051948
0.7012987012987013
0.7045454545454546
0.7077922077922078
0.711038961038961
0.7142857142857143
0.7175324675324676
0.7207792207792207
0.724025974025974
0.7272727272727273
0.7305194805194806
0.7337662337662337
0.737012987012987
0.7402597402597403
0.7435064935064936
0.7467532467532467
0.75
0.7532467532467533
0.7564935064935064
0.7597402597402597
0.762987012987013
0.7662337662337663
0.7694805194805194
0.7727272727272727
0.775974025974026
0.7792207792207793
0.7824675324675324
0.7857142857142857
0.788961038961039
0.7922077922077922
0.7954545454545454
0.7987012987012987
0.801948051948052
0.8051948051948052
0.8084415584415584
0.8116883116883117
0.814935064935065
0.8181818181818182
0.8214285714285714
0.8246753246753247
0.827922077922078
0.8311688311688312
0.8344155844155844
0.8376623376623377
0.8409090909090909
0.8441558441558441
0.8474025974025974
0.8506493506493507
0.8538961038961039
0.8571428571428571
0.8603896103896104
0.8636363636363636
0.8668831168831169
0.8701298701298701
0.8733766233766234
0.8766233766233766
0.8798701298701299
0.8831168831168831
0.8863636363636364
0.8896103896103896
0.8928571428571429
0.8961038961038961
0.8993506493506493
0.9025974025974026
0.9058441558441559
0.9090909090909091
0.9123376623376623
0.9155844155844156
0.9188311688311688
0.922077922077922
0.9253246753246753
0.9285714285714286
0.9318181818181818
0.935064935064935
1.0
1.0
1.0
1.0
1.0
1.0
1.0
1.0
1.0
1.0
1.0
1.0
1.0
1.0
1.0
1.0
1.0
1.0
1.0
1.0
1.0
1.0
1.0
1.0
1.0
1.0
1.0
1.0
1.0
1.0
1.0
1.0
1.0
1.0
1.0
1.0
1.0
1.0
1.0
1.0
1.0
1.0
1.0
1.0
1.0
1.0
1.0
1.0
1.0
1.0
1.0
1.0
1.0
1.0
1.0
1.0
1.0
1.0
1.0
1.0
1.0
1.0
1.0
1.0
1.0
1.0
1.0
1.0
1.0
1.0
1.0
1.0
1.0
1.0
1.0
1.0
1.0
1.0
1.0
1.0
1.0
1.0
1.0
1.0
1.0
1.0
1.0
1.0
1.0
1.0
1.0
1.0
1.0
1.0
1.0
1.0
1.0
1.0
1.0
1.0
1.0
1.0
1.0
1.0
1.0
1.0
1.0
1.0
1.0
1.0
0.18181818181818182
0.18506493506493507
0.18831168831168832
0.19155844155844157
0.19480519480519481
0.19805194805194806
0.2012987012987013
0.20454545454545456
0.2077922077922078
0.21103896103896103
0.21428571428571427
0.21753246753246752
0.22077922077922077
0.22402597402597402
0.22727272727272727
0.2305194805194805
0.23376623376623376
0.237012987012987
0.24025974025974026
0.2435064935064935
0.24675324675324675
0.25
0.2532467532467532
0.2564935064935065
0.2597402597402597
0.262987012987013
0.2662337662337662
0.2694805194805195
0.2727272727272727
0.275974025974026
0.2792207792207792
0.2824675324675325
0.2857142857142857
0.288961038961039
0.2922077922077922
0.29545454545454547
0.2987012987012987
0.30194805194805197
0.3051948051948052
0.30844155844155846
0.3116883116883117
0.31493506493506496
0.3181818181818182
0.32142857142857145
0.3246753246753247
0.32792207792207795
0.33116883116883117
0.3344155844155844
0.33766233766233766
0.3409090909090909
0.34415584415584416
0.3474025974025974
0.35064935064935066
0.3538961038961039
0.35714285714285715
0.36038961038961037
0.36363636363636365
0.36688311688311687
0.37012987012987014
0.37337662337662336
0.37662337662337664
0.37987012987012986
0.38311688311688313
0.38636363636363635
0.38961038961038963
0.39285714285714285
0.3961038961038961
0.39935064935064934
0.4025974025974026
0.40584415584415584
0.4090909090909091
0.41233766233766234
0.4155844155844156
0.41883116883116883
0.42207792207792205
0.4253246753246753
0.42857142857142855
0.4318181818181818
0.43506493506493504
0.4383116883116883
0.44155844155844154
0.4448051948051948
0.44805194805194803
0.4512987012987013
0.45454545454545453
0.4577922077922078
0.461038961038961
0.4642857142857143
0.4675324675324675
0.4707792207792208
0.474025974025974
0.4772727272727273
0.4805194805194805
0.4837662337662338
0.487012987012987
0.4902597402597403
0.4935064935064935
0.4967532467532468
0.5
0.5032467532467533
0.5064935064935064
0.5097402597402597
0.512987012987013
0.5162337662337663
0.5194805194805194
0.5227272727272727
0.525974025974026
0.5292207792207793
0.5324675324675324
0.5357142857142857
0.538961038961039
0.5422077922077922
0.5454545454545454
0.5487012987012987
0.551948051948052
0.5551948051948052
0.5584415584415584
0.5616883116883117
0.564935064935065
0.5681818181818182
0.5714285714285714
0.5746753246753247
0.577922077922078
0.5811688311688312
0.5844155844155844
0.5876623376623377
0.5909090909090909
0.5941558441558441
0.5974025974025974
0.6006493506493507
0.6038961038961039
0.6071428571428571
0.6103896103896104
0.6136363636363636
0.6168831168831169
0.6201298701298701
0.6233766233766234
0.6266233766233766
0.6298701298701299
0.6331168831168831
0.6363636363636364
0.6396103896103896
0.6428571428571429
0.6461038961038961
0.6493506493506493
0.6525974025974026
0.6558441558441559
0.6590909090909091
0.6623376623376623
0.6655844155844156
0.6688311688311688
0.672077922077922
0.6753246753246753
0.6785714285714286
0.6818181818181818
0.685064935064935
0.6883116883116883
0.6915584415584416
0.6948051948051948
0.698051948051948
0.7012987012987013
0.7045454545454546
0.7077922077922078
0.711038961038961
0.7142857142857143
0.7175324675324676
0.7207792207792207
0.724025974025974
0.7272727272727273
0.7305194805194806
0.7337662337662337
0.737012987012987
0.7402597402597403
0.7435064935064936
0.7467532467532467
0.75
0.7532467532467533
0.7564935064935064
0.7597402597402597
0.762987012987013
0.7662337662337663
0.7694805194805194
0.7727272727272727
0.775974025974026
0.7792207792207793
0.7824675324675324
0.7857142857142857
0.788961038961039
0.7922077922077922
0.7954545454545454
0.7987012987012987
0.801948051948052
0.8051948051948052
0.8084415584415584
0.8116883116883117
0.814935064935065
0.8181818181818182
0.8214285714285714
0.8246753246753247
0.827922077922078
0.8311688311688312
0.8344155844155844
0.8376623376623377
0.8409090909090909
0.8441558441558441
0.8474025974025974
0.8506493506493507
0.8538961038961039
0.8571428571428571
0.8603896103896104
0.8636363636363636
0.8668831168831169
0.8701298701298701
0.8733766233766234
0.8766233766233766
0.8798701298701299
0.8831168831168831
0.8863636363636364
0.8896103896103896
0.8928571428571429
0.8961038961038961
0.8993506493506493
0.9025974025974026
0.9058441558441559
0.9090909090909091
0.9123376623376623
0.9155844155844156
0.9188311688311688
0.922077922077922
0.9253246753246753
0.9285714285714286
0.9318181818181818
0.935064935064935
0.9383116883116883
0.9415584415584416
0.9448051948051948
1.0
1.0
1.0
1.0
1.0
1.0
1.0
1.0
1.0
1.0
1.0
1.0
1.0
1.0
1.0
1.0
1.0
1.0
1.0
1.0
1.0
1.0
1.0
1.0
1.0
1.0
1.0
1.0
1.0
1.0
1.0
1.0
1.0
1.0
1.0
1.0
1.0
1.0
1.0
1.0
1.0
1.0
1.0
1.0
1.0
1.0
1.0
1.0
1.0
1.0
1.0
1.0
1.0
1.0
1.0
1.0
1.0
1.0
1.0
1.0
1.0
1.0
1.0
1.0
1.0
1.0
1.0
1.0
1.0
1.0
1.0
1.0
1.0
1.0
1.0
1.0
1.0
1.0
1.0
1.0
1.0
1.0
1.0
1.0
1.0
1.0
1.0
1.0
1.0
1.0
1.0
1.0
1.0
1.0
1.0
1.0
1.0
1.0
1.0
1.0
1.0
1.0
1.0
1.0
1.0
1.0
1.0
1.0
1.0
1.0
0.18181818181818182
0.18506493506493507
0.18831168831168832
0.19155844155844157
0.19480519480519481
0.19805194805194806
0.2012987012987013
0.20454545454545456
0.2077922077922078
0.21103896103896103
0.21428571428571427
0.21753246753246752
0.22077922077922077
0.22402597402597402
0.22727272727272727
0.2305194805194805
0.23376623376623376
0.237012987012987
0.24025974025974026
0.2435064935064935
0.24675324675324675
0.25
0.2532467532467532
0.2564935064935065
0.2597402597402597
0.262987012987013
0.2662337662337662
0.2694805194805195
0.2727272727272727
0.275974025974026
0.2792207792207792
0.2824675324675325
0.2857142857142857
0.288961038961039
0.2922077922077922
0.29545454545454547
0.2987012987012987
0.30194805194805197
0.3051948051948052
0.30844155844155846
0.3116883116883117
0.31493506493506496
0.3181818181818182
0.32142857142857145
0.3246753246753247
0.32792207792207795
0.33116883116883117
0.3344155844155844
0.33766233766233766
0.3409090909090909
0.34415584415584416
0.3474025974025974
0.35064935064935066
0.3538961038961039
0.35714285714285715
0.36038961038961037
0.36363636363636365
0.36688311688311687
0.37012987012987014
0.37337662337662336
0.37662337662337664
0.37987012987012986
0.38311688311688313
0.38636363636363635
0.38961038961038963
0.39285714285714285
0.3961038961038961
0.39935064935064934
0.4025974025974026
0.40584415584415584
0.4090909090909091
0.41233766233766234
0.4155844155844156
0.41883116883116883
0.42207792207792205
0.4253246753246753
0.42857142857142855
0.4318181818181818
0.43506493506493504
0.4383116883116883
0.44155844155844154
0.4448051948051948
0.44805194805194803
0.4512987012987013
0.45454545454545453
0.4577922077922078
0.461038961038961
0.4642857142857143
0.4675324675324675
0.4707792207792208
0.474025974025974
0.4772727272727273
0.4805194805194805
0.4837662337662338
0.487012987012987
0.4902597402597403
0.4935064935064935
0.4967532467532468
0.5
0.5032467532467533
0.5064935064935064
0.5097402597402597
0.512987012987013
0.5162337662337663
0.5194805194805194
0.5227272727272727
0.525974025974026
0.5292207792207793
0.5324675324675324
0.5357142857142857
0.538961038961039
0.5422077922077922
0.5454545454545454
0.5487012987012987
0.551948051948052
0.5551948051948052
0.5584415584415584
0.5616883116883117
0.564935064935065
0.5681818181818182
0.5714285714285714
0.5746753246753247
0.577922077922078
0.5811688311688312
0.5844155844155844
0.5876623376623377
0.5909090909090909
0.5941558441558441
0.5974025974025974
0.6006493506493507
0.6038961038961039
0.6071428571428571
0.6103896103896104
0.6136363636363636
0.6168831168831169
0.6201298701298701
0.6233766233766234
0.6266233766233766
0.6298701298701299
0.6331168831168831
0.6363636363636364
0.6396103896103896
0.6428571428571429
0.6461038961038961
0.6493506493506493
0.6525974025974026
0.6558441558441559
0.6590909090909091
0.6623376623376623
0.6655844155844156
0.6688311688311688
0.672077922077922
0.6753246753246753
0.6785714285714286
0.6818181818181818
0.685064935064935
0.6883116883116883
0.6915584415584416
0.6948051948051948
0.698051948051948
0.7012987012987013
0.7045454545454546
0.7077922077922078
0.711038961038961
0.7142857142857143
0.7175324675324676
0.7207792207792207
0.724025974025974
0.7272727272727273
0.7305194805194806
0.7337662337662337
0.737012987012987
0.7402597402597403
0.7435064935064936
0.7467532467532467
0.75
0.7532467532467533
0.7564935064935064
0.7597402597402597
0.762987012987013
0.7662337662337663
0.7694805194805194
0.7727272727272727
0.775974025974026
0.7792207792207793
0.7824675324675324
0.7857142857142857
0.788961038961039
0.7922077922077922
0.7954545454545454
0.7987012987012987
0.801948051948052
0.8051948051948052
0.8084415584415584
0.8116883116883117
0.814935064935065
0.8181818181818182
0.8214285714285714
0.8246753246753247
0.827922077922078
0.8311688311688312
0.8344155844155844
0.8376623376623377
0.8409090909090909
0.8441558441558441
0.8474025974025974
0.8506493506493507
0.8538961038961039
0.8571428571428571
0.8603896103896104
0.8636363636363636
0.8668831168831169
0.8701298701298701
0.8733766233766234
0.8766233766233766
0.8798701298701299
0.8831168831168831
0.8863636363636364
0.8896103896103896
0.8928571428571429
0.8961038961038961
0.8993506493506493
0.9025974025974026
0.9058441558441559
0.9090909090909091
0.9123376623376623
0.9155844155844156
0.9188311688311688
0.922077922077922
0.9253246753246753
0.9285714285714286
0.9318181818181818
0.935064935064935
0.9383116883116883
0.9415584415584416
0.9448051948051948
1.0
1.0
1.0
1.0
1.0
1.0
1.0
1.0
1.0
1.0
1.0
1.0
1.0
1.0
1.0
1.0
1.0
1.0
1.0
1.0
1.0
1.0
1.0
1.0
1.0
1.0
1.0
1.0
1.0
1.0
1.0
1.0
1.0
1.0
1.0
1.0
1.0
1.0
1.0
1.0
1.0
1.0
1.0
1.0
1.0
1.0
1.0
1.0
1.0
1.0
1.0
1.0
1.0
1.0
1.0
0.18181818181818182
0.18506493506493507
0.18831168831168832
0.19155844155844157
0.19480519480519481
0.19805194805194806
0.2012987012987013
0.20454545454545456
0.2077922077922078
0.21103896103896103
0.21428571428571427
0.21753246753246752
0.22077922077922077
0.22402597402597402
0.22727272727272727
0.2305194805194805
0.23376623376623376
0.237012987012987
0.24025974025974026
0.2435064935064935
0.24675324675324675
0.25
0.2532467532467532
0.2564935064935065
0.2597402597402597
0.262987012987013
0.2662337662337662
1.0
1.0
1.0
1.0
1.0
1.0
1.0
1.0
1.0
1.0
1.0
1.0
1.0
1.0
1.0
1.0
1.0
1.0
1.0
1.0
1.0
1.0
1.0
1.0
1.0
1.0
1.0
1.0
1.0
1.0
1.0
1.0
1.0
1.0
1.0
1.0
1.0
1.0
1.0
1.0
1.0
1.0
1.0
1.0
1.0
1.0
1.0
1.0
1.0
1.0
1.0
1.0
1.0
1.0
1.0
0.18181818181818182
0.18506493506493507
0.18831168831168832
0.19155844155844157
0.19480519480519481
0.19805194805194806
0.2012987012987013
0.20454545454545456
0.2077922077922078
0.21103896103896103
0.21428571428571427
0.21753246753246752
0.22077922077922077
0.22402597402597402
0.22727272727272727
0.2305194805194805
0.23376623376623376
0.237012987012987
0.24025974025974026
0.2435064935064935
0.24675324675324675
0.25
0.2532467532467532
0.2564935064935065
0.2597402597402597
0.262987012987013
0.2662337662337662
0.2694805194805195
0.2727272727272727
0.275974025974026
0.2792207792207792
0.2824675324675325
0.2857142857142857
0.288961038961039
0.2922077922077922
0.29545454545454547
0.2987012987012987
0.30194805194805197
0.3051948051948052
0.30844155844155846
0.3116883116883117
0.31493506493506496
0.3181818181818182
0.32142857142857145
0.3246753246753247
0.32792207792207795
0.33116883116883117
0.3344155844155844
0.33766233766233766
0.3409090909090909
0.34415584415584416
0.3474025974025974
0.35064935064935066
0.3538961038961039
0.35714285714285715
0.36038961038961037
0.36363636363636365
0.36688311688311687
0.37012987012987014
0.37337662337662336
0.37662337662337664
0.37987012987012986
0.38311688311688313
0.38636363636363635
0.38961038961038963
0.39285714285714285
0.3961038961038961
0.39935064935064934
0.4025974025974026
0.40584415584415584
0.4090909090909091
0.41233766233766234
0.4155844155844156
0.41883116883116883
0.42207792207792205
0.4253246753246753
0.42857142857142855
0.4318181818181818
0.43506493506493504
0.4383116883116883
0.44155844155844154
0.4448051948051948
0.44805194805194803
0.4512987012987013
0.45454545454545453
0.4577922077922078
0.461038961038961
0.4642857142857143
0.4675324675324675
0.4707792207792208
0.474025974025974
0.4772727272727273
0.4805194805194805
0.4837662337662338
0.487012987012987
0.4902597402597403
0.4935064935064935
0.4967532467532468
0.5
0.5032467532467533
0.5064935064935064
0.5097402597402597
0.512987012987013
0.5162337662337663
0.5194805194805194
0.5227272727272727
0.525974025974026
0.5292207792207793
0.5324675324675324
0.5357142857142857
0.538961038961039
0.5422077922077922
0.5454545454545454
0.5487012987012987
0.551948051948052
0.5551948051948052
0.5584415584415584
0.5616883116883117
0.564935064935065
0.5681818181818182
0.5714285714285714
0.5746753246753247
0.577922077922078
0.5811688311688312
0.5844155844155844
0.5876623376623377
0.5909090909090909
0.5941558441558441
0.5974025974025974
0.6006493506493507
0.6038961038961039
0.6071428571428571
0.6103896103896104
0.6136363636363636
0.6168831168831169
0.6201298701298701
0.6233766233766234
0.6266233766233766
0.6298701298701299
0.6331168831168831
0.6363636363636364
0.6396103896103896
0.6428571428571429
0.6461038961038961
0.6493506493506493
0.6525974025974026
0.6558441558441559
0.6590909090909091
0.6623376623376623
0.6655844155844156
0.6688311688311688
0.672077922077922
0.6753246753246753
0.6785714285714286
0.6818181818181818
0.685064935064935
0.6883116883116883
0.6915584415584416
0.6948051948051948
0.698051948051948
0.7012987012987013
0.7045454545454546
0.7077922077922078
0.711038961038961
0.7142857142857143
0.7175324675324676
0.7207792207792207
0.724025974025974
0.7272727272727273
0.7305194805194806
0.7337662337662337
0.737012987012987
0.7402597402597403
0.7435064935064936
0.7467532467532467
0.75
0.7532467532467533
0.7564935064935064
0.7597402597402597
0.762987012987013
0.7662337662337663
0.7694805194805194
0.7727272727272727
0.775974025974026
0.7792207792207793
0.7824675324675324
0.7857142857142857
0.788961038961039
0.7922077922077922
0.7954545454545454
0.7987012987012987
0.801948051948052
0.8051948051948052
0.8084415584415584
0.8116883116883117
0.814935064935065
0.8181818181818182
0.8214285714285714
0.8246753246753247
0.827922077922078
0.8311688311688312
0.8344155844155844
0.8376623376623377
0.8409090909090909
0.8441558441558441
0.8474025974025974
0.8506493506493507
0.8538961038961039
0.8571428571428571
0.8603896103896104
0.8636363636363636
0.8668831168831169
0.8701298701298701
0.8733766233766234
0.8766233766233766
0.8798701298701299
0.8831168831168831
0.8863636363636364
0.8896103896103896
0.8928571428571429
0.8961038961038961
0.8993506493506493
0.9025974025974026
0.9058441558441559
0.9090909090909091
0.9123376623376623
0.9155844155844156
0.9188311688311688
0.922077922077922
0.9253246753246753
0.9285714285714286
0.9318181818181818
0.935064935064935
0.9383116883116883
1.0
1.0
1.0
1.0
1.0
1.0
1.0
1.0
1.0
1.0
1.0
1.0
1.0
1.0
1.0
1.0
1.0
1.0
1.0
1.0
1.0
1.0
1.0
1.0
1.0
1.0
1.0
1.0
1.0
1.0
1.0
1.0
1.0
1.0
1.0
1.0
1.0
1.0
1.0
1.0
1.0
1.0
1.0
1.0
1.0
1.0
1.0
1.0
1.0
1.0
1.0
1.0
1.0
1.0
1.0
0.18181818181818182
0.18506493506493507
0.18831168831168832
0.19155844155844157
0.19480519480519481
0.19805194805194806
0.2012987012987013
0.20454545454545456
0.2077922077922078
0.21103896103896103
0.21428571428571427
0.21753246753246752
0.22077922077922077
0.22402597402597402
0.22727272727272727
0.2305194805194805
0.23376623376623376
0.237012987012987
0.24025974025974026
0.2435064935064935
0.24675324675324675
0.25
0.2532467532467532
0.2564935064935065
0.2597402597402597
0.262987012987013
0.2662337662337662
0.2694805194805195
0.2727272727272727
0.275974025974026
0.2792207792207792
0.2824675324675325
0.2857142857142857
0.288961038961039
0.2922077922077922
0.29545454545454547
0.2987012987012987
0.30194805194805197
0.3051948051948052
0.30844155844155846
0.3116883116883117
0.31493506493506496
0.3181818181818182
0.32142857142857145
0.3246753246753247
0.32792207792207795
0.33116883116883117
0.3344155844155844
0.33766233766233766
0.3409090909090909
0.34415584415584416
0.3474025974025974
0.35064935064935066
0.3538961038961039
0.35714285714285715
0.36038961038961037
0.36363636363636365
0.36688311688311687
0.37012987012987014
0.37337662337662336
0.37662337662337664
0.37987012987012986
0.38311688311688313
0.38636363636363635
0.38961038961038963
0.39285714285714285
0.3961038961038961
0.39935064935064934
0.4025974025974026
0.40584415584415584
0.4090909090909091
0.41233766233766234
0.4155844155844156
0.41883116883116883
0.42207792207792205
0.4253246753246753
0.42857142857142855
0.4318181818181818
0.43506493506493504
0.4383116883116883
0.44155844155844154
0.4448051948051948
0.44805194805194803
0.4512987012987013
0.45454545454545453
0.4577922077922078
0.461038961038961
0.4642857142857143
0.4675324675324675
0.4707792207792208
0.474025974025974
0.4772727272727273
0.4805194805194805
0.4837662337662338
0.487012987012987
0.4902597402597403
0.4935064935064935
0.4967532467532468
0.5
0.5032467532467533
0.5064935064935064
0.5097402597402597
0.512987012987013
0.5162337662337663
0.5194805194805194
0.5227272727272727
0.525974025974026
0.5292207792207793
0.5324675324675324
0.5357142857142857
0.538961038961039
0.5422077922077922
0.5454545454545454
0.5487012987012987
0.551948051948052
0.5551948051948052
0.5584415584415584
0.5616883116883117
0.564935064935065
0.5681818181818182
0.5714285714285714
0.5746753246753247
0.577922077922078
0.5811688311688312
0.5844155844155844
0.5876623376623377
0.5909090909090909
0.5941558441558441
0.5974025974025974
0.6006493506493507
0.6038961038961039
0.6071428571428571
0.6103896103896104
0.6136363636363636
0.6168831168831169
0.6201298701298701
0.6233766233766234
0.6266233766233766
0.6298701298701299
0.6331168831168831
0.6363636363636364
0.6396103896103896
0.6428571428571429
0.6461038961038961
0.6493506493506493
0.6525974025974026
0.6558441558441559
0.6590909090909091
0.6623376623376623
0.6655844155844156
0.6688311688311688
0.672077922077922
0.6753246753246753
0.6785714285714286
0.6818181818181818
0.685064935064935
0.6883116883116883
0.6915584415584416
0.6948051948051948
0.698051948051948
0.7012987012987013
0.7045454545454546
0.7077922077922078
0.711038961038961
0.7142857142857143
0.7175324675324676
0.7207792207792207
0.724025974025974
0.7272727272727273
0.7305194805194806
0.7337662337662337
0.737012987012987
0.7402597402597403
0.7435064935064936
0.7467532467532467
0.75
0.7532467532467533
0.7564935064935064
0.7597402597402597
0.762987012987013
0.7662337662337663
0.7694805194805194
0.7727272727272727
0.775974025974026
0.7792207792207793
0.7824675324675324
0.7857142857142857
0.788961038961039
0.7922077922077922
0.7954545454545454
0.7987012987012987
0.801948051948052
0.8051948051948052
0.8084415584415584
0.8116883116883117
0.814935064935065
0.8181818181818182
0.8214285714285714
0.8246753246753247
0.827922077922078
0.8311688311688312
0.8344155844155844
0.8376623376623377
0.8409090909090909
0.8441558441558441
0.8474025974025974
0.8506493506493507
0.8538961038961039
0.8571428571428571
0.8603896103896104
0.8636363636363636
0.8668831168831169
0.8701298701298701
0.8733766233766234
0.8766233766233766
0.8798701298701299
0.8831168831168831
0.8863636363636364
0.8896103896103896
0.8928571428571429
0.8961038961038961
0.8993506493506493
0.9025974025974026
0.9058441558441559
0.9090909090909091
0.9123376623376623
0.9155844155844156
0.9188311688311688
0.922077922077922
0.9253246753246753
0.9285714285714286
0.9318181818181818
0.935064935064935
0.9383116883116883
0.9415584415584416
