1.0
1.0
1.0
1.0
1.0
1.0
1.0
1.0
1.0
1.0
1.0
1.0
1.0
1.0
1.0
1.0
1.0
1.0
1.0
1.0
1.0
1.0
1.0
1.0
1.0
1.0
1.0
1.0
1.0
1.0
1.0
0.41025641025641024
0.4230769230769231
0.4358974358974359
0.44871794871794873
0.46153846153846156
0.47435897435897434
0.48717948717948717
0.5
0.5128205128205128
0.5256410256410257
0.5384615384615384
0.5512820512820513
0.5641025641025641
0.5769230769230769
0.5897435897435898
0.6025641025641025
0.6153846153846154
0.6282051282051282
0.6410256410256411
0.6538461538461539
0.6666666666666666
0.6794871794871795
0.6923076923076923
0.7051282051282052
0.717948717948718
0.7307692307692307
0.7435897435897436
0.7564102564102564
0.7692307692307693
0.782051282051282
0.7948717948717948
0.8076923076923077
0.810126582278481
0.8125
0.8148148148148148
0.8170731707317073
0.8192771084337349
0.8214285714285714
0.8235294117647058
0.8352941176470589
0.8470588235294118
0.8588235294117647
0.8604651162790697
0.8620689655172413
0.8636363636363636
0.8651685393258427
0.8666666666666667
0.8681318681318682
0.8695652173913043
0.8709677419354839
0.8723404255319149
0.8736842105263158
0.875
0.8762886597938144
0.8865979381443299
0.8877551020408163
0.8888888888888888
0.89
0.8910891089108911
0.8921568627450981
0.9019607843137255
0.9117647058823529
0.9215686274509803
0.9313725490196079
0.9320388349514563
0.941747572815534
0.9514563106796117
0.9611650485436893
0.970873786407767
0.9805825242718447
0.9902912621359223
1.0
0.9811320754716981
0.9905660377358491
1.0
1.0
1.0
1.0
1.0
1.0
1.0
1.0
1.0
1.0
1.0
0.9512195121951219
0.959349593495935
0.967479674796748
0.975609756097561
0.983739837398374
0.991869918699187
1.0
1.0
1.0
1.0
1.0
1.0
1.0
1.0
1.0
1.0
1.0
1.0
1.0
1.0
1.0
1.0
1.0
1.0
1.0
1.0
0.2597402597402597
0.2692307692307692
0.27848101265822783
0.2875
0.2962962962962963
0.3048780487804878
0.3132530120481928
0.32142857142857145
0.32941176470588235
0.3372093023255814
0.3448275862068966
0.3522727272727273
0.3595505617977528
0.36666666666666664
0.37362637362637363
0.3804347826086957
0.3870967741935484
0.39361702127659576
0.4
0.40625
0.41237113402061853
0.41836734693877553
0.42424242424242425
0.43
0.43564356435643564
0.4411764705882353
0.44660194174757284
0.4519230769230769
0.45714285714285713
0.46226415094339623
0.4672897196261682
0.4722222222222222
0.47706422018348627
0.4818181818181818
0.4864864864864865
0.49107142857142855
0.49557522123893805
0.5
0.5043478260869565
0.5086206896551724
0.5128205128205128
0.5213675213675214
0.5299145299145299
0.5384615384615384
0.5470085470085471
0.5555555555555556
0.5641025641025641
0.5726495726495726
0.5811965811965812
0.5897435897435898
0.5982905982905983
0.6068376068376068
0.6153846153846154
0.6239316239316239
0.6324786324786325
0.6410256410256411
0.6495726495726496
0.6581196581196581
0.6666666666666666
0.6752136752136753
0.6837606837606838
0.6923076923076923
0.6949152542372882
0.6974789915966386
0.7
0.7024793388429752
0.7049180327868853
0.7073170731707317
0.7154471544715447
0.7235772357723578
0.7317073170731707
0.7398373983739838
0.7479674796747967
0.7560975609756098
0.7642276422764228
0.7723577235772358
0.7804878048780488
0.7886178861788617
0.7967479674796748
0.8048780487804879
0.8130081300813008
0.8211382113821138
0.8292682926829268
0.8373983739837398
0.8455284552845529
0.8536585365853658
0.8617886178861789
0.8699186991869918
0.8709677419354839
0.872
0.873015873015873
0.8740157480314961
0.875
0.875968992248062
0.8769230769230769
0.8778625954198473
0.8787878787878788
0.8796992481203008
0.8805970149253731
0.8814814814814815
0.8823529411764706
0.8832116788321168
0.8840579710144928
0.8848920863309353
0.8857142857142857
0.8865248226950354
0.8873239436619719
0.8881118881118881
0.8888888888888888
0.8896551724137931
0.8904109589041096
0.891156462585034
0.8918918918918919
0.8926174496644296
0.8933333333333333
0.8940397350993378
0.8947368421052632
0.8954248366013072
1.0
1.0
1.0
1.0
1.0
1.0
1.0
1.0
1.0
1.0
1.0
1.0
1.0
1.0
1.0
1.0
1.0
1.0
1.0
1.0
1.0
1.0
1.0
1.0
1.0
1.0
1.0
1.0
1.0
1.0
1.0
0.41025641025641024
0.4230769230769231
0.4358974358974359
0.44871794871794873
0.46153846153846156
0.47435897435897434
0.48717948717948717
0.5
0.5128205128205128
0.5256410256410257
0.5384615384615384
0.5512820512820513
0.5641025641025641
0.5769230769230769
0.5897435897435898
0.6025641025641025
0.6153846153846154
0.6282051282051282
0.6410256410256411
0.6538461538461539
0.6666666666666666
0.6794871794871795
0.6923076923076923
0.7051282051282052
0.717948717948718
0.7307692307692307
0.7435897435897436
0.7564102564102564
0.7692307692307693
0.782051282051282
0.7948717948717948
0.8076923076923077
0.810126582278481
0.8125
0.8148148148148148
0.8170731707317073
0.8192771084337349
0.8214285714285714
0.8235294117647058
0.8352941176470589
0.8470588235294118
0.8588235294117647
0.8604651162790697
0.8620689655172413
0.8636363636363636
0.8651685393258427
0.8666666666666667
0.8681318681318682
0.8695652173913043
0.8709677419354839
0.8723404255319149
0.8736842105263158
0.875
0.8762886597938144
0.8865979381443299
0.8877551020408163
0.8888888888888888
0.89
0.8910891089108911
0.8921568627450981
0.9019607843137255
0.9117647058823529
0.9215686274509803
0.9313725490196079
0.9320388349514563
0.941747572815534
0.9514563106796117
0.9611650485436893
0.970873786407767
0.9805825242718447
0.9902912621359223
1.0
0.9811320754716981
0.9905660377358491
1.0
1.0
1.0
1.0
1.0
1.0
1.0
1.0
1.0
1.0
1.0
0.9512195121951219
0.959349593495935
0.967479674796748
0.975609756097561
0.983739837398374
0.991869918699187
1.0
1.0
1.0
1.0
1.0
1.0
1.0
1.0
1.0
1.0
1.0
1.0
1.0
1.0
1.0
1.0
1.0
1.0
1.0
1.0
0.2597402597402597
0.2692307692307692
0.27848101265822783
0.2875
0.2962962962962963
0.3048780487804878
0.3132530120481928
0.32142857142857145
0.32941176470588235
0.3372093023255814
0.3448275862068966
0.3522727272727273
0.3595505617977528
0.36666666666666664
0.37362637362637363
0.3804347826086957
0.3870967741935484
0.39361702127659576
0.4
0.40625
0.41237113402061853
0.41836734693877553
0.42424242424242425
0.43
0.43564356435643564
0.4411764705882353
0.44660194174757284
0.4519230769230769
0.45714285714285713
0.46226415094339623
0.4672897196261682
0.4722222222222222
0.47706422018348627
0.4818181818181818
0.4864864864864865
0.49107142857142855
0.49557522123893805
0.5
0.5043478260869565
0.5086206896551724
0.5128205128205128
0.5213675213675214
0.5299145299145299
0.5384615384615384
0.5470085470085471
0.5555555555555556
0.5641025641025641
0.5726495726495726
0.5811965811965812
0.5897435897435898
0.5982905982905983
0.6068376068376068
0.6153846153846154
0.6239316239316239
0.6324786324786325
0.6410256410256411
0.6495726495726496
0.6581196581196581
0.6666666666666666
0.6752136752136753
0.6837606837606838
0.6923076923076923
0.6949152542372882
0.6974789915966386
0.7
0.7024793388429752
0.7049180327868853
0.7073170731707317
0.7154471544715447
0.7235772357723578
0.7317073170731707
0.7398373983739838
0.7479674796747967
0.7560975609756098
0.7642276422764228
0.7723577235772358
0.7804878048780488
0.7886178861788617
0.7967479674796748
0.8048780487804879
0.8130081300813008
0.8211382113821138
0.8292682926829268
0.8373983739837398
0.8455284552845529
0.8536585365853658
0.8617886178861789
0.8699186991869918
0.8709677419354839
0.872
0.873015873015873
0.8740157480314961
0.875
0.875968992248062
0.8769230769230769
0.8778625954198473
0.8787878787878788
0.8796992481203008
0.8805970149253731
0.8814814814814815
0.8823529411764706
0.8832116788321168
0.8840579710144928
0.8848920863309353
0.8857142857142857
0.8865248226950354
0.8873239436619719
0.8881118881118881
0.8888888888888888
0.8896551724137931
0.8904109589041096
0.891156462585034
0.8918918918918919
0.8926174496644296
0.8933333333333333
0.8940397350993378
0.8947368421052632
0.8954248366013072
1.0
1.0
1.0
1.0
1.0
1.0
1.0
1.0
1.0
1.0
1.0
1.0
1.0
1.0
1.0
1.0
1.0
1.0
1.0
1.0
1.0
1.0
1.0
1.0
1.0
1.0
1.0
1.0
1.0
1.0
1.0
1.0
1.0
1.0
1.0
1.0
1.0
1.0
1.0
1.0
1.0
1.0
1.0
1.0
1.0
1.0
1.0
1.0
1.0
1.0
1.0
1.0
1.0
1.0
1.0
1.0
1.0
1.0
1.0
1.0
1.0
1.0
0.41025641025641024
0.4230769230769231
0.4358974358974359
0.44871794871794873
0.46153846153846156
0.47435897435897434
0.48717948717948717
0.5
0.5128205128205128
0.5256410256410257
0.5384615384615384
0.5512820512820513
0.5641025641025641
0.5769230769230769
0.5897435897435898
0.6025641025641025
0.6153846153846154
0.6282051282051282
0.6410256410256411
0.6538461538461539
0.6666666666666666
0.6794871794871795
0.6923076923076923
0.7051282051282052
0.717948717948718
0.7307692307692307
0.7435897435897436
0.7564102564102564
0.7692307692307693
0.782051282051282
0.7948717948717948
0.8076923076923077
0.810126582278481
0.8125
0.8148148148148148
0.8170731707317073
0.8192771084337349
0.8214285714285714
0.8235294117647058
0.8352941176470589
0.8470588235294118
0.8588235294117647
0.8604651162790697
0.8620689655172413
0.8636363636363636
0.8651685393258427
0.8666666666666667
0.8681318681318682
0.8695652173913043
0.8709677419354839
0.8723404255319149
0.8736842105263158
0.875
0.8762886597938144
0.8865979381443299
0.8877551020408163
0.8888888888888888
0.89
0.8910891089108911
0.8921568627450981
0.9019607843137255
0.9117647058823529
0.9215686274509803
0.9313725490196079
0.9320388349514563
0.941747572815534
0.9514563106796117
0.9611650485436893
0.970873786407767
0.9805825242718447
0.9902912621359223
1.0
0.9454545454545454
0.9545454545454546
0.9636363636363636
0.9727272727272728
0.9818181818181818
0.990909090909091
0.990990990990991
0.9910714285714286
0.9911504424778761
0.9912280701754386
0.991304347826087
0.9913793103448276
0.9914529914529915
0.9915254237288136
0.9915966386554622
0.9916666666666667
1.0
0.983739837398374
0.991869918699187
1.0
1.0
1.0
1.0
1.0
1.0
1.0
1.0
1.0
1.0
1.0
1.0
1.0
1.0
1.0
1.0
1.0
1.0
1.0
1.0
1.0
1.0
1.0
1.0
1.0
1.0
1.0
1.0
1.0
1.0
1.0
1.0
1.0
1.0
1.0
1.0
1.0
1.0
1.0
1.0
1.0
1.0
1.0
1.0
1.0
1.0
1.0
1.0
1.0
1.0
1.0
1.0
1.0
1.0
1.0
1.0
1.0
1.0
1.0
1.0
1.0
1.0
1.0
1.0
1.0
1.0
1.0
1.0
1.0
1.0
1.0
1.0
1.0
1.0
1.0
1.0
1.0
1.0
1.0
1.0
1.0
1.0
1.0
1.0
1.0
1.0
1.0
1.0
1.0
1.0
1.0
1.0
1.0
1.0
1.0
1.0
1.0
1.0
1.0
1.0
1.0
1.0
1.0
1.0
1.0
1.0
1.0
1.0
1.0
1.0
1.0
1.0
1.0
1.0
1.0
1.0
1.0
1.0
1.0
1.0
1.0
1.0
1.0
1.0
1.0
1.0
1.0
1.0
1.0
1.0
1.0
1.0
1.0
1.0
1.0
1.0
1.0
1.0
1.0
1.0
1.0
1.0
1.0
1.0
1.0
1.0
1.0
1.0
1.0
1.0
1.0
1.0
1.0
1.0
1.0
1.0
1.0
0.2597402597402597
0.2692307692307692
0.27848101265822783
0.2875
0.2962962962962963
0.3048780487804878
0.3132530120481928
0.32142857142857145
0.32941176470588235
0.3372093023255814
0.3448275862068966
0.3522727272727273
0.3595505617977528
0.36666666666666664
0.37362637362637363
0.3804347826086957
0.3870967741935484
0.39361702127659576
0.4
0.40625
0.41237113402061853
0.41836734693877553
0.42424242424242425
0.43
0.43564356435643564
0.4411764705882353
0.44660194174757284
0.4519230769230769
0.45714285714285713
0.46226415094339623
0.4672897196261682
0.4722222222222222
0.47706422018348627
0.4818181818181818
0.4864864864864865
0.49107142857142855
0.49557522123893805
0.5
0.5043478260869565
0.5086206896551724
0.5128205128205128
0.5213675213675214
0.5299145299145299
0.5384615384615384
0.5470085470085471
0.5555555555555556
0.5641025641025641
0.5726495726495726
0.5811965811965812
0.5897435897435898
0.5982905982905983
0.6068376068376068
0.6153846153846154
0.6239316239316239
0.6324786324786325
0.6410256410256411
0.6495726495726496
0.6581196581196581
0.6666666666666666
0.6752136752136753
0.6837606837606838
0.6923076923076923
0.6949152542372882
0.6974789915966386
0.7
0.7024793388429752
0.7049180327868853
0.7073170731707317
0.7154471544715447
0.7235772357723578
0.7317073170731707
0.7398373983739838
0.7479674796747967
0.7560975609756098
0.7642276422764228
0.7723577235772358
0.7804878048780488
0.7886178861788617
0.7967479674796748
0.8048780487804879
0.8130081300813008
0.8211382113821138
0.8292682926829268
0.8373983739837398
0.8455284552845529
0.8536585365853658
0.8617886178861789
0.8699186991869918
0.8709677419354839
0.872
0.873015873015873
0.8740157480314961
0.875
0.875968992248062
0.8769230769230769
0.8778625954198473
0.8787878787878788
0.8796992481203008
0.8805970149253731
0.8814814814814815
0.8823529411764706
0.8832116788321168
0.8840579710144928
0.8848920863309353
0.8857142857142857
0.8865248226950354
0.8873239436619719
0.8881118881118881
0.8888888888888888
0.8896551724137931
0.8904109589041096
0.891156462585034
0.8918918918918919
0.8926174496644296
0.8933333333333333
0.8940397350993378
0.8947368421052632
0.8954248366013072
1.0
1.0
1.0
1.0
1.0
1.0
1.0
1.0
1.0
1.0
1.0
1.0
1.0
1.0
1.0
1.0
1.0
1.0
1.0
1.0
1.0
1.0
1.0
1.0
1.0
1.0
1.0
1.0
1.0
1.0
1.0
0.41025641025641024
0.4230769230769231
0.4358974358974359
0.44871794871794873
0.46153846153846156
0.47435897435897434
0.48717948717948717
0.5
0.5128205128205128
0.5256410256410257
0.5384615384615384
0.5512820512820513
0.5641025641025641
0.5769230769230769
0.5897435897435898
0.6025641025641025
0.6153846153846154
0.6282051282051282
0.6410256410256411
0.6538461538461539
0.6666666666666666
0.6794871794871795
0.6923076923076923
0.7051282051282052
0.717948717948718
0.7307692307692307
0.7435897435897436
0.7564102564102564
0.7692307692307693
0.782051282051282
0.7948717948717948
0.8076923076923077
0.810126582278481
0.8125
0.8148148148148148
0.8170731707317073
0.8192771084337349
0.8214285714285714
0.8235294117647058
0.8352941176470589
0.8470588235294118
0.8588235294117647
0.8604651162790697
0.8620689655172413
0.8636363636363636
0.8651685393258427
0.8666666666666667
0.8681318681318682
0.8695652173913043
0.8709677419354839
0.8723404255319149
0.8736842105263158
0.875
0.8762886597938144
0.8865979381443299
0.8877551020408163
0.8888888888888888
0.89
0.8910891089108911
0.8921568627450981
0.9019607843137255
0.9117647058823529
0.9215686274509803
0.9313725490196079
0.9320388349514563
0.941747572815534
0.9514563106796117
0.9611650485436893
0.970873786407767
0.9805825242718447
0.9902912621359223
1.0
0.9811320754716981
0.9905660377358491
1.0
1.0
1.0
1.0
1.0
1.0
1.0
1.0
1.0
1.0
1.0
0.9512195121951219
0.959349593495935
0.967479674796748
0.975609756097561
0.983739837398374
0.991869918699187
1.0
1.0
1.0
1.0
1.0
1.0
1.0
1.0
1.0
1.0
1.0
1.0
1.0
1.0
1.0
1.0
1.0
1.0
1.0
1.0
0.2597402597402597
0.2692307692307692
0.27848101265822783
0.2875
0.2962962962962963
0.3048780487804878
0.3132530120481928
0.32142857142857145
0.32941176470588235
0.3372093023255814
0.3448275862068966
0.3522727272727273
0.3595505617977528
0.36666666666666664
0.37362637362637363
0.3804347826086957
0.3870967741935484
0.39361702127659576
0.4
0.40625
0.41237113402061853
0.41836734693877553
0.42424242424242425
0.43
0.43564356435643564
0.4411764705882353
0.44660194174757284
0.4519230769230769
0.45714285714285713
0.46226415094339623
0.4672897196261682
0.4722222222222222
0.47706422018348627
0.4818181818181818
0.4864864864864865
0.49107142857142855
0.49557522123893805
0.5
0.5043478260869565
0.5086206896551724
0.5128205128205128
0.5213675213675214
0.5299145299145299
0.5384615384615384
0.5470085470085471
0.5555555555555556
0.5641025641025641
0.5726495726495726
0.5811965811965812
0.5897435897435898
0.5982905982905983
0.6068376068376068
0.6153846153846154
0.6239316239316239
0.6324786324786325
0.6410256410256411
0.6495726495726496
0.6581196581196581
0.6666666666666666
0.6752136752136753
0.6837606837606838
0.6923076923076923
0.6949152542372882
0.6974789915966386
0.7
0.7024793388429752
0.7049180327868853
0.7073170731707317
0.7154471544715447
0.7235772357723578
0.7317073170731707
0.7398373983739838
0.7479674796747967
0.7560975609756098
0.7642276422764228
0.7723577235772358
0.7804878048780488
0.7886178861788617
0.7967479674796748
0.8048780487804879
0.8130081300813008
0.8211382113821138
0.8292682926829268
0.8373983739837398
0.8455284552845529
0.8536585365853658
0.8617886178861789
0.8699186991869918
0.8709677419354839
0.872
0.873015873015873
0.8740157480314961
0.875
0.875968992248062
0.8769230769230769
0.8778625954198473
0.8787878787878788
0.8796992481203008
0.8805970149253731
0.8814814814814815
0.8823529411764706
0.8832116788321168
0.8840579710144928
0.8848920863309353
0.8857142857142857
0.8865248226950354
0.8873239436619719
0.8881118881118881
0.8888888888888888
0.8896551724137931
0.8904109589041096
0.891156462585034
0.8918918918918919
0.8926174496644296
0.8933333333333333
0.8940397350993378
0.8947368421052632
0.8954248366013072
1.0
1.0
1.0
1.0
1.0
1.0
1.0
1.0
1.0
1.0
1.0
1.0
1.0
1.0
1.0
1.0
1.0
1.0
1.0
1.0
1.0
1.0
1.0
1.0
1.0
1.0
1.0
1.0
1.0
1.0
1.0
1.0
1.0
1.0
1.0
1.0
1.0
1.0
1.0
0.41025641025641024
0.4230769230769231
0.4358974358974359
0.44871794871794873
0.46153846153846156
0.47435897435897434
0.48717948717948717
0.5
0.5128205128205128
0.5256410256410257
0.5384615384615384
0.5512820512820513
0.5641025641025641
0.5769230769230769
0.5897435897435898
0.6025641025641025
0.6153846153846154
0.6282051282051282
0.6410256410256411
0.6538461538461539
0.6666666666666666
0.6794871794871795
0.6923076923076923
0.7051282051282052
0.717948717948718
0.7307692307692307
0.7435897435897436
0.7564102564102564
0.7692307692307693
0.782051282051282
0.7948717948717948
0.8076923076923077
0.810126582278481
0.8125
0.8148148148148148
0.8170731707317073
0.8192771084337349
0.8214285714285714
0.8235294117647058
0.8352941176470589
0.8470588235294118
0.8588235294117647
0.8604651162790697
0.8620689655172413
0.8636363636363636
0.8651685393258427
0.8666666666666667
0.8681318681318682
0.8695652173913043
0.8709677419354839
0.8723404255319149
0.8736842105263158
0.875
0.8762886597938144
0.8865979381443299
0.8877551020408163
0.8888888888888888
0.89
0.8910891089108911
0.8921568627450981
0.9019607843137255
0.9117647058823529
0.9215686274509803
0.9313725490196079
0.9320388349514563
0.941747572815534
0.9514563106796117
0.9611650485436893
0.970873786407767
0.9805825242718447
0.9902912621359223
1.0
0.9454545454545454
0.9545454545454546
0.9636363636363636
0.9727272727272728
0.9818181818181818
0.990909090909091
0.990990990990991
0.9910714285714286
0.9911504424778761
0.9912280701754386
0.991304347826087
0.9913793103448276
0.9914529914529915
0.9915254237288136
0.9915966386554622
0.9916666666666667
1.0
0.983739837398374
0.991869918699187
1.0
1.0
1.0
1.0
1.0
1.0
1.0
1.0
1.0
1.0
1.0
1.0
1.0
1.0
1.0
1.0
1.0
1.0
1.0
1.0
0.2597402597402597
0.2692307692307692
0.27848101265822783
0.2875
0.2962962962962963
0.3048780487804878
0.3132530120481928
0.32142857142857145
0.32941176470588235
0.3372093023255814
0.3448275862068966
0.3522727272727273
0.3595505617977528
0.36666666666666664
0.37362637362637363
0.3804347826086957
0.3870967741935484
0.39361702127659576
0.4
0.40625
0.41237113402061853
0.41836734693877553
0.42424242424242425
0.43
0.43564356435643564
0.4411764705882353
0.44660194174757284
0.4519230769230769
0.45714285714285713
0.46226415094339623
0.4672897196261682
0.4722222222222222
0.47706422018348627
0.4818181818181818
0.4864864864864865
0.49107142857142855
0.49557522123893805
0.5
0.5043478260869565
0.5086206896551724
0.5128205128205128
0.5213675213675214
0.5299145299145299
0.5384615384615384
0.5470085470085471
0.5555555555555556
0.5641025641025641
0.5726495726495726
0.5811965811965812
0.5897435897435898
0.5982905982905983
0.6068376068376068
0.6153846153846154
0.6239316239316239
0.6324786324786325
0.6410256410256411
0.6495726495726496
0.6581196581196581
0.6666666666666666
0.6752136752136753
0.6837606837606838
0.6923076923076923
0.6949152542372882
0.6974789915966386
0.7
0.7024793388429752
0.7049180327868853
0.7073170731707317
0.7154471544715447
0.7235772357723578
0.7317073170731707
0.7398373983739838
0.7479674796747967
0.7560975609756098
0.7642276422764228
0.7723577235772358
0.7804878048780488
0.7886178861788617
0.7967479674796748
0.8048780487804879
0.8130081300813008
0.8211382113821138
0.8292682926829268
0.8373983739837398
0.8455284552845529
0.8536585365853658
0.8617886178861789
0.8699186991869918
0.8709677419354839
0.872
0.873015873015873
0.8740157480314961
0.875
0.875968992248062
0.8769230769230769
0.8778625954198473
0.8787878787878788
0.8796992481203008
0.8805970149253731
0.8814814814814815
0.8823529411764706
0.8832116788321168
0.8840579710144928
0.8848920863309353
0.8857142857142857
0.8865248226950354
0.8873239436619719
0.8881118881118881
0.8888888888888888
0.8896551724137931
0.8904109589041096
0.891156462585034
0.8918918918918919
0.8926174496644296
0.8933333333333333
0.8940397350993378
0.8947368421052632
0.8954248366013072
