1.0
1.0
1.0
1.0
1.0
1.0
1.0
1.0
1.0
1.0
1.0
1.0
1.0
1.0
1.0
1.0
1.0
1.0
1.0
1.0
1.0
1.0
1.0
1.0
1.0
1.0
1.0
1.0
0.8787878787878788
0.8823529411764706
0.8857142857142857
0.8888888888888888
0.8918918918918919
0.8947368421052632
0.8974358974358975
0.9
0.9024390243902439
0.9047619047619048
0.9069767441860465
0.9090909090909091
0.9111111111111111
0.9130434782608695
0.9148936170212766
0.9166666666666666
0.9183673469387755
0.92
0.9215686274509803
0.9230769230769231
0.9245283018867925
0.9259259259259259
0.9272727272727272
0.9285714285714286
0.9298245614035088
0.9310344827586207
0.9322033898305084
0.9333333333333333
0.9344262295081968
0.9354838709677419
0.9365079365079365
0.9375
0.9384615384615385
0.9393939393939394
0.9402985074626866
0.9411764705882353
0.9420289855072463
0.9428571428571428
0.9436619718309859
0.9444444444444444
0.9452054794520548
0.9459459459459459
0.9466666666666667
0.9473684210526315
0.948051948051948
0.9487179487179487
0.9493670886075949
0.95
0.9506172839506173
0.9512195121951219
0.9518072289156626
0.9523809523809523
0.9529411764705882
0.9534883720930233
0.9540229885057471
0.9545454545454546
0.9550561797752809
0.9555555555555556
0.9560439560439561
0.9565217391304348
0.956989247311828
0.9574468085106383
0.9578947368421052
0.9583333333333334
0.9587628865979382
0.9591836734693877
0.9595959595959596
0.96
0.9603960396039604
0.9607843137254902
0.9611650485436893
0.9615384615384616
0.9619047619047619
0.9622641509433962
0.9626168224299065
0.9629629629629629
0.963302752293578
0.9636363636363636
0.963963963963964
0.9642857142857143
0.9646017699115044
0.9649122807017544
0.9652173913043478
0.9655172413793104
0.9658119658119658
0.9661016949152542
0.9663865546218487
0.9666666666666667
0.9669421487603306
0.9672131147540983
0.967479674796748
0.967741935483871
0.968
0.9682539682539683
0.968503937007874
0.96875
0.9689922480620154
0.9692307692307692
0.9694656488549618
0.9696969696969697
0.9699248120300752
0.9701492537313433
0.9703703703703703
0.9705882352941176
0.9708029197080292
0.9710144927536232
0.9712230215827338
0.9714285714285714
0.9716312056737588
0.971830985915493
0.972027972027972
0.9722222222222222
0.9724137931034482
0.9726027397260274
0.9727891156462585
0.972972972972973
0.9731543624161074
0.9733333333333334
0.9735099337748344
0.9736842105263158
0.9738562091503268
0.974025974025974
0.9741935483870968
0.9743589743589743
0.9745222929936306
0.9746835443037974
0.9748427672955975
0.975
0.9751552795031055
0.9753086419753086
0.9754601226993865
0.975609756097561
0.9757575757575757
0.9759036144578314
0.9760479041916168
0.9761904761904762
0.9763313609467456
0.9764705882352941
0.9766081871345029
0.9767441860465116
0.976878612716763
0.9770114942528736
0.9771428571428571
0.9772727272727273
0.9774011299435028
0.9775280898876404
0.9776536312849162
0.9777777777777777
0.9779005524861878
0.978021978021978
0.6047297297297297
0.6060606060606061
0.6073825503355704
0.6086956521739131
0.61
0.6112956810631229
0.6125827814569537
0.6138613861386139
0.6151315789473685
0.6163934426229508
0.6176470588235294
0.6188925081433225
0.6201298701298701
0.6213592233009708
0.6225806451612903
0.6237942122186495
0.625
0.34507042253521125
0.3462214411247803
0.3473684210526316
0.34851138353765326
0.34965034965034963
0.3507853403141361
0.3519163763066202
0.35304347826086957
0.3541666666666667
0.35528596187175043
0.356401384083045
0.35751295336787564
0.3586206896551724
0.35972461273666095
0.36082474226804123
0.36192109777015435
0.363013698630137
0.3641025641025641
0.3651877133105802
0.36626916524701875
0.3673469387755102
0.3684210526315789
0.3694915254237288
0.37055837563451777
0.3716216216216216
0.37268128161888703
0.37373737373737376
0.37478991596638656
0.37583892617449666
0.3768844221105528
0.3779264214046823
0.3789649415692821
0.38
0.3810316139767055
0.38205980066445183
0.38308457711442784
0.3841059602649007
0.3851239669421488
0.38613861386138615
0.3871499176276771
0.3881578947368421
0.3891625615763547
0.3901639344262295
0.3911620294599018
0.39215686274509803
0.3931484502446982
0.3941368078175896
0.3951219512195122
0.3961038961038961
0.39708265802269044
0.39805825242718446
0.3990306946688207
0.4
0.40096618357487923
0.40192926045016075
0.4028892455858748
0.40384615384615385
0.4048
0.4057507987220447
0.40669856459330145
0.40764331210191085
0.40858505564387915
0.4095238095238095
0.410459587955626
0.41139240506329117
0.41232227488151657
0.41324921135646686
0.4141732283464567
0.41509433962264153
0.41601255886970173
0.4169278996865204
0.41784037558685444
0.41875
0.41965678627145087
0.4205607476635514
0.4214618973561431
0.422360248447205
0.4232558139534884
0.4241486068111455
0.4250386398763524
0.42592592592592593
0.4268104776579353
0.4276923076923077
0.42857142857142855
0.4294478527607362
0.43032159264931086
0.43119266055045874
0.43206106870229005
0.4329268292682927
0.4337899543378995
0.43465045592705165
0.4355083459787557
0.43636363636363634
0.4372163388804841
0.4380664652567976
0.43891402714932126
0.4397590361445783
0.4406015037593985
0.44144144144144143
0.44227886056971516
0.4431137724550898
0.4439461883408072
0.44477611940298506
0.4456035767511177
0.44642857142857145
0.4472511144130758
0.44807121661721067
0.4488888888888889
0.44970414201183434
0.4505169867060561
0.45132743362831856
0.4521354933726068
0.45294117647058824
0.45374449339207046
0.45454545454545453
0.45534407027818447
0.45614035087719296
0.4569343065693431
0.4577259475218659
0.4585152838427948
0.45930232558139533
0.46008708272859217
0.4608695652173913
0.46164978292329956
0.4624277456647399
0.46320346320346323
0.46397694524495675
0.46474820143884893
0.46551724137931033
0.46628407460545196
0.4670487106017192
0.4678111587982833
0.4685714285714286
0.4693295292439372
0.4700854700854701
0.47083926031294454
0.4715909090909091
0.4723404255319149
0.4730878186968839
0.4738330975954738
0.4745762711864407
0.47531734837799716
0.476056338028169
0.4767932489451477
0.47752808988764045
0.4782608695652174
0.4789915966386555
0.4797202797202797
0.48044692737430167
0.4811715481171548
0.4818941504178273
0.48261474269819193
0.48333333333333334
0.4840499306518724
0.48476454293628807
0.4854771784232365
0.4861878453038674
0.4868965517241379
0.48760330578512395
0.48830811554332876
0.489010989010989
0.4897119341563786
0.4904109589041096
0.4911080711354309
0.4918032786885246
0.4924965893587995
0.49318801089918257
0.49387755102040815
0.4945652173913043
0.49525101763907736
0.4959349593495935
0.496617050067659
0.4972972972972973
0.4979757085020243
0.49865229110512127
0.4993270524899058
0.5
0.5006711409395973
0.5013404825737265
0.5020080321285141
0.5026737967914439
0.5033377837116155
0.504
0.5046604527296937
0.5053191489361702
0.5059760956175299
0.506631299734748
0.5072847682119205
0.5079365079365079
0.5085865257595773
0.5092348284960422
0.5098814229249012
0.5105263157894737
0.5111695137976346
0.5118110236220472
0.5124508519003932
0.5130890052356021
0.5137254901960784
0.5143603133159269
0.5149934810951761
0.4748201438848921
0.4754491017964072
0.47607655502392343
0.4767025089605735
0.477326968973747
0.47794994040524436
0.4785714285714286
0.47919143876337694
0.4758539458186101
0.47703180212014135
0.47820965842167257
0.4793875147232038
0.48056537102473496
0.4817432273262662
0.4829210836277974
0.4840989399293286
0.48470588235294115
0.48531139835487663
0.4859154929577465
0.48651817116060964
0.48711943793911006
0.48771929824561405
0.4883177570093458
0.48891481913652274
0.48951048951048953
0.490104772991851
0.4906976744186046
0.4912891986062718
0.4918793503480278
0.492468134414832
0.4930555555555556
0.49421296296296297
0.49537037037037035
0.4965277777777778
0.4976851851851852
0.4988425925925926
0.5
0.5011574074074074
0.5023148148148148
0.5034722222222222
0.5046296296296297
0.5057870370370371
0.5069444444444444
0.5081018518518519
0.5092592592592593
0.5104166666666666
0.5115740740740741
0.5127314814814815
0.5138888888888888
0.5150462962962963
0.5162037037037037
0.5173611111111112
0.5185185185185185
0.5196759259259259
0.5208333333333334
0.5219907407407407
0.5231481481481481
0.5243055555555556
0.5254629629629629
0.5266203703703703
0.5271676300578034
0.5283236994219653
0.5294797687861271
0.530635838150289
0.5317919075144508
0.5323325635103926
0.532871972318339
0.533410138248848
0.5339470655926352
0.5344827586206896
0.5350172215843858
0.5355504587155964
0.5360824742268041
0.5366132723112128
0.5371428571428571
0.5376712328767124
0.5388127853881278
0.5399543378995434
0.541095890410959
0.5422374429223744
0.54337899543379
0.5438996579247435
0.5444191343963554
0.5449374288964732
0.5454545454545454
0.5459704880817253
0.546485260770975
0.5469988674971688
0.5475113122171946
0.5480225988700564
0.5485327313769752
0.5490417136414881
0.5495495495495496
0.5500562429696289
0.550561797752809
0.5510662177328844
0.5515695067264574
0.5520716685330347
0.5525727069351231
0.553072625698324
0.5535714285714286
0.5540691192865106
0.5545657015590201
0.5550611790878754
0.5555555555555556
0.5560488346281909
0.5565410199556541
0.5570321151716501
0.5575221238938053
0.5580110497237569
0.5584988962472406
0.5589856670341786
0.5594713656387665
0.55995599559956
0.5604395604395604
0.5609220636663008
0.5614035087719298
0.5618838992332968
0.562363238512035
0.5628415300546448
0.5633187772925764
0.5637949836423118
0.5642701525054467
0.5647442872687704
0.5652173913043478
0.5656894679695983
0.5661605206073753
0.5666305525460456
0.5670995670995671
0.5675675675675675
0.5680345572354212
0.5685005393743258
0.5689655172413793
0.5694294940796556
0.5698924731182796
0.5703544575725027
0.5708154506437768
0.5712754555198285
0.5717344753747323
0.5721925133689839
0.5726495726495726
0.5731056563500534
0.5735607675906184
0.5740149094781682
0.574468085106383
0.5749202975557917
0.5753715498938429
0.5758218451749735
0.576271186440678
0.5767195767195767
0.5771670190274841
0.5776135163674763
0.5780590717299579
0.5785036880927292
0.5789473684210527
0.5793901156677181
0.5798319327731093
0.5802728226652676
0.5807127882599581
0.581151832460733
0.5821989528795811
0.5832460732984294
0.5842931937172775
0.5853403141361256
0.5863874345549738
0.587434554973822
0.5884816753926702
0.5895287958115183
0.5905759162303665
0.5910041841004184
0.5914315569487983
0.5918580375782881
0.592901878914405
0.593945720250522
0.5949895615866388
0.5960334029227558
0.5970772442588727
0.5981210855949896
0.5991649269311065
0.6002087682672234
0.6012526096033403
0.6022964509394572
0.6033402922755741
0.6043841336116911
0.605427974947808
0.6064718162839249
0.6068821689259646
0.6072916666666667
0.6077003121748179
1.0
1.0
1.0
1.0
1.0
1.0
1.0
1.0
1.0
1.0
1.0
1.0
1.0
1.0
1.0
1.0
1.0
1.0
1.0
1.0
1.0
1.0
1.0
1.0
1.0
1.0
1.0
1.0
0.8787878787878788
0.8823529411764706
0.8857142857142857
0.8888888888888888
0.8918918918918919
0.8947368421052632
0.8974358974358975
0.9
0.9024390243902439
0.9047619047619048
0.9069767441860465
0.9090909090909091
0.9111111111111111
0.9130434782608695
0.9148936170212766
0.9166666666666666
0.9183673469387755
0.92
0.9215686274509803
0.9230769230769231
0.9245283018867925
0.9259259259259259
0.9272727272727272
0.9285714285714286
0.9298245614035088
0.9310344827586207
0.9322033898305084
0.9333333333333333
0.9344262295081968
0.9354838709677419
0.9365079365079365
0.9375
0.9384615384615385
0.9393939393939394
0.9402985074626866
0.9411764705882353
0.9420289855072463
0.9428571428571428
0.9436619718309859
0.9444444444444444
0.9452054794520548
0.9459459459459459
0.9466666666666667
0.9473684210526315
0.948051948051948
0.9487179487179487
0.9493670886075949
0.95
0.9506172839506173
0.9512195121951219
0.9518072289156626
0.9523809523809523
0.9529411764705882
0.9534883720930233
0.9540229885057471
0.9545454545454546
0.9550561797752809
0.9555555555555556
0.9560439560439561
0.9565217391304348
0.956989247311828
0.9574468085106383
0.9578947368421052
0.9583333333333334
0.9587628865979382
0.9591836734693877
0.9595959595959596
0.96
0.9603960396039604
0.9607843137254902
0.9611650485436893
0.9615384615384616
0.9619047619047619
0.9622641509433962
0.9626168224299065
0.9629629629629629
0.963302752293578
0.9636363636363636
0.963963963963964
0.9642857142857143
0.9646017699115044
0.9649122807017544
0.9652173913043478
0.9655172413793104
0.9658119658119658
0.9661016949152542
0.9663865546218487
0.9666666666666667
0.9669421487603306
0.9672131147540983
0.967479674796748
0.967741935483871
0.968
0.9682539682539683
0.968503937007874
0.96875
0.9689922480620154
0.9692307692307692
0.9694656488549618
0.9696969696969697
0.9699248120300752
0.9701492537313433
0.9703703703703703
0.9705882352941176
0.9708029197080292
0.9710144927536232
0.9712230215827338
0.9714285714285714
0.9716312056737588
0.971830985915493
0.972027972027972
0.9722222222222222
0.9724137931034482
0.9726027397260274
0.9727891156462585
0.972972972972973
0.9731543624161074
0.9733333333333334
0.9735099337748344
0.9736842105263158
0.9738562091503268
0.974025974025974
0.9741935483870968
0.9743589743589743
0.9745222929936306
0.9746835443037974
0.9748427672955975
0.975
0.9751552795031055
0.9753086419753086
0.9754601226993865
0.975609756097561
0.9757575757575757
0.9759036144578314
0.9760479041916168
0.9761904761904762
0.9763313609467456
0.9764705882352941
0.9766081871345029
0.9767441860465116
0.976878612716763
0.9770114942528736
0.9771428571428571
0.9772727272727273
0.9774011299435028
0.9775280898876404
0.9776536312849162
0.9777777777777777
0.9779005524861878
0.978021978021978
0.6047297297297297
0.6060606060606061
0.6073825503355704
0.6086956521739131
0.61
0.6112956810631229
0.6125827814569537
0.6138613861386139
0.6151315789473685
0.6163934426229508
0.6176470588235294
0.6188925081433225
0.6201298701298701
0.6213592233009708
0.6225806451612903
0.6237942122186495
0.625
0.34507042253521125
0.3462214411247803
0.3473684210526316
0.34851138353765326
0.34965034965034963
0.3507853403141361
0.3519163763066202
0.35304347826086957
0.3541666666666667
0.35528596187175043
0.356401384083045
0.35751295336787564
0.3586206896551724
0.35972461273666095
0.36082474226804123
0.36192109777015435
0.363013698630137
0.3641025641025641
0.3651877133105802
0.36626916524701875
0.3673469387755102
0.3684210526315789
0.3694915254237288
0.37055837563451777
0.3716216216216216
0.37268128161888703
0.37373737373737376
0.37478991596638656
0.37583892617449666
0.3768844221105528
0.3779264214046823
0.3789649415692821
0.38
0.3810316139767055
0.38205980066445183
0.38308457711442784
0.3841059602649007
0.3851239669421488
0.38613861386138615
0.3871499176276771
0.3881578947368421
0.3891625615763547
0.3901639344262295
0.3911620294599018
0.39215686274509803
0.3931484502446982
0.3941368078175896
0.3951219512195122
0.3961038961038961
0.39708265802269044
0.39805825242718446
0.3990306946688207
0.4
0.40096618357487923
0.40192926045016075
0.4028892455858748
0.40384615384615385
0.4048
0.4057507987220447
0.40669856459330145
0.40764331210191085
0.40858505564387915
0.4095238095238095
0.410459587955626
0.41139240506329117
0.41232227488151657
0.41324921135646686
0.4141732283464567
0.41509433962264153
0.41601255886970173
0.4169278996865204
0.41784037558685444
0.41875
0.41965678627145087
0.4205607476635514
0.4214618973561431
0.422360248447205
0.4232558139534884
0.4241486068111455
0.4250386398763524
0.42592592592592593
0.4268104776579353
0.4276923076923077
0.42857142857142855
0.4294478527607362
0.43032159264931086
0.43119266055045874
0.43206106870229005
0.4329268292682927
0.4337899543378995
0.43465045592705165
0.4355083459787557
0.43636363636363634
0.4372163388804841
0.4380664652567976
0.43891402714932126
0.4397590361445783
0.4406015037593985
0.44144144144144143
0.44227886056971516
0.4431137724550898
0.4439461883408072
0.44477611940298506
0.4456035767511177
0.44642857142857145
0.4472511144130758
0.44807121661721067
0.4488888888888889
0.44970414201183434
0.4505169867060561
0.45132743362831856
0.4521354933726068
0.45294117647058824
0.45374449339207046
0.45454545454545453
0.45534407027818447
0.45614035087719296
0.4569343065693431
0.4577259475218659
0.4585152838427948
0.45930232558139533
0.46008708272859217
0.4608695652173913
0.46164978292329956
0.4624277456647399
0.46320346320346323
0.46397694524495675
0.46474820143884893
0.46551724137931033
0.46628407460545196
0.4670487106017192
0.4678111587982833
0.4685714285714286
0.4693295292439372
0.4700854700854701
0.47083926031294454
0.4715909090909091
0.4723404255319149
0.4730878186968839
0.4738330975954738
0.4745762711864407
0.47531734837799716
0.476056338028169
0.4767932489451477
0.47752808988764045
0.4782608695652174
0.4789915966386555
0.4797202797202797
0.48044692737430167
0.4811715481171548
0.4818941504178273
0.48261474269819193
0.48333333333333334
0.4840499306518724
0.48476454293628807
0.4854771784232365
0.4861878453038674
0.4868965517241379
0.48760330578512395
0.48830811554332876
0.489010989010989
0.4897119341563786
0.4904109589041096
0.4911080711354309
0.4918032786885246
0.4924965893587995
0.49318801089918257
0.49387755102040815
0.4945652173913043
0.49525101763907736
0.4959349593495935
0.496617050067659
0.4972972972972973
0.4979757085020243
0.49865229110512127
0.4993270524899058
0.5
0.5006711409395973
0.5013404825737265
0.5020080321285141
0.5026737967914439
0.5033377837116155
0.504
0.5046604527296937
0.5053191489361702
0.5059760956175299
0.506631299734748
0.5072847682119205
0.5079365079365079
0.5085865257595773
0.5092348284960422
0.5098814229249012
0.5105263157894737
0.5111695137976346
0.5118110236220472
0.5124508519003932
0.5130890052356021
0.5137254901960784
0.5143603133159269
0.5149934810951761
0.4748201438848921
0.4754491017964072
0.47607655502392343
0.4767025089605735
0.477326968973747
0.47794994040524436
0.4785714285714286
0.47919143876337694
0.4758539458186101
0.47703180212014135
0.47820965842167257
0.4793875147232038
0.48056537102473496
0.4817432273262662
0.4829210836277974
0.4840989399293286
0.48470588235294115
0.48531139835487663
0.4859154929577465
0.48651817116060964
0.48711943793911006
0.48771929824561405
0.4883177570093458
0.48891481913652274
0.48951048951048953
0.490104772991851
0.4906976744186046
0.4912891986062718
0.4918793503480278
0.492468134414832
0.4930555555555556
0.49421296296296297
0.49537037037037035
0.4965277777777778
0.4976851851851852
0.4988425925925926
0.5
0.5011574074074074
0.5023148148148148
0.5034722222222222
0.5046296296296297
0.5057870370370371
0.5069444444444444
0.5081018518518519
0.5092592592592593
0.5104166666666666
0.5115740740740741
0.5127314814814815
0.5138888888888888
0.5150462962962963
0.5162037037037037
0.5173611111111112
0.5185185185185185
0.5196759259259259
0.5208333333333334
0.5219907407407407
0.5231481481481481
0.5243055555555556
0.5254629629629629
0.5266203703703703
0.5271676300578034
0.5283236994219653
0.5294797687861271
0.530635838150289
0.5317919075144508
0.5323325635103926
0.532871972318339
0.533410138248848
0.5339470655926352
0.5344827586206896
0.5350172215843858
0.5355504587155964
0.5360824742268041
0.5366132723112128
0.5371428571428571
0.5376712328767124
0.5388127853881278
0.5399543378995434
0.541095890410959
0.5422374429223744
0.54337899543379
0.5438996579247435
0.5444191343963554
0.5449374288964732
0.5454545454545454
0.5459704880817253
0.546485260770975
0.5469988674971688
0.5475113122171946
0.5480225988700564
0.5485327313769752
0.5490417136414881
0.5495495495495496
0.5500562429696289
0.550561797752809
0.5510662177328844
0.5515695067264574
0.5520716685330347
0.5525727069351231
0.553072625698324
0.5535714285714286
0.5540691192865106
0.5545657015590201
0.5550611790878754
0.5555555555555556
0.5560488346281909
0.5565410199556541
0.5570321151716501
0.5575221238938053
0.5580110497237569
0.5584988962472406
0.5589856670341786
0.5594713656387665
0.55995599559956
0.5604395604395604
0.5609220636663008
0.5614035087719298
0.5618838992332968
0.562363238512035
0.5628415300546448
0.5633187772925764
0.5637949836423118
0.5642701525054467
0.5647442872687704
0.5652173913043478
0.5656894679695983
0.5661605206073753
0.5666305525460456
0.5670995670995671
0.5675675675675675
0.5680345572354212
0.5685005393743258
0.5689655172413793
0.5694294940796556
0.5698924731182796
0.5703544575725027
0.5708154506437768
0.5712754555198285
0.5717344753747323
0.5721925133689839
0.5726495726495726
0.5731056563500534
0.5735607675906184
0.5740149094781682
0.574468085106383
0.5749202975557917
0.5753715498938429
0.5758218451749735
0.576271186440678
0.5767195767195767
0.5771670190274841
0.5776135163674763
0.5780590717299579
0.5785036880927292
0.5789473684210527
0.5793901156677181
0.5798319327731093
0.5802728226652676
0.5807127882599581
0.581151832460733
0.5821989528795811
0.5832460732984294
0.5842931937172775
0.5853403141361256
0.5863874345549738
0.587434554973822
0.5884816753926702
0.5895287958115183
0.5905759162303665
0.5910041841004184
0.5914315569487983
0.5918580375782881
0.592901878914405
0.593945720250522
0.5949895615866388
0.5960334029227558
0.5970772442588727
0.5981210855949896
0.5991649269311065
0.6002087682672234
0.6012526096033403
0.6022964509394572
0.6033402922755741
0.6043841336116911
0.605427974947808
0.6064718162839249
0.6068821689259646
0.6072916666666667
0.6077003121748179
1.0
1.0
1.0
1.0
1.0
1.0
1.0
1.0
1.0
1.0
1.0
1.0
1.0
1.0
1.0
1.0
1.0
1.0
1.0
1.0
1.0
1.0
1.0
1.0
1.0
1.0
1.0
1.0
1.0
1.0
1.0
1.0
1.0
1.0
1.0
1.0
1.0
1.0
1.0
1.0
1.0
1.0
1.0
1.0
1.0
1.0
1.0
1.0
1.0
1.0
1.0
1.0
1.0
1.0
1.0
1.0
1.0
1.0
1.0
1.0
1.0
1.0
1.0
1.0
1.0
1.0
1.0
1.0
1.0
1.0
1.0
1.0
1.0
1.0
1.0
1.0
1.0
1.0
1.0
1.0
1.0
1.0
1.0
1.0
1.0
1.0
1.0
1.0
1.0
1.0
1.0
1.0
1.0
1.0
1.0
1.0
1.0
1.0
1.0
1.0
1.0
1.0
1.0
1.0
1.0
1.0
1.0
1.0
1.0
1.0
1.0
1.0
1.0
1.0
1.0
1.0
1.0
1.0
1.0
1.0
1.0
1.0
1.0
1.0
1.0
1.0
1.0
1.0
1.0
1.0
1.0
1.0
1.0
1.0
1.0
1.0
1.0
1.0
1.0
1.0
1.0
1.0
1.0
1.0
1.0
1.0
1.0
1.0
1.0
1.0
1.0
1.0
1.0
1.0
1.0
1.0
1.0
1.0
1.0
1.0
1.0
1.0
1.0
1.0
1.0
1.0
1.0
1.0
1.0
1.0
1.0
1.0
1.0
1.0
1.0
1.0
1.0
1.0
1.0
1.0
1.0
1.0
1.0
1.0
1.0
1.0
1.0
1.0
1.0
1.0
1.0
1.0
1.0
1.0
1.0
1.0
1.0
1.0
1.0
1.0
1.0
1.0
1.0
1.0
1.0
1.0
1.0
1.0
1.0
1.0
1.0
1.0
1.0
1.0
1.0
1.0
1.0
1.0
1.0
1.0
1.0
1.0
1.0
1.0
1.0
1.0
1.0
1.0
1.0
1.0
1.0
1.0
1.0
1.0
1.0
1.0
1.0
1.0
1.0
1.0
1.0
1.0
1.0
1.0
1.0
1.0
1.0
1.0
1.0
1.0
1.0
1.0
1.0
1.0
1.0
1.0
1.0
1.0
1.0
1.0
1.0
1.0
1.0
1.0
1.0
1.0
1.0
1.0
1.0
1.0
1.0
1.0
1.0
1.0
1.0
1.0
1.0
1.0
1.0
1.0
1.0
1.0
1.0
1.0
1.0
1.0
1.0
1.0
1.0
1.0
1.0
1.0
1.0
1.0
1.0
1.0
1.0
1.0
1.0
1.0
1.0
1.0
1.0
1.0
1.0
1.0
1.0
1.0
1.0
1.0
1.0
1.0
1.0
1.0
1.0
1.0
1.0
1.0
1.0
1.0
1.0
1.0
1.0
1.0
1.0
1.0
1.0
1.0
1.0
1.0
1.0
1.0
1.0
1.0
1.0
1.0
1.0
1.0
1.0
1.0
1.0
1.0
1.0
1.0
1.0
1.0
1.0
1.0
1.0
1.0
1.0
1.0
1.0
1.0
1.0
1.0
1.0
1.0
1.0
1.0
1.0
1.0
1.0
1.0
1.0
1.0
1.0
1.0
1.0
1.0
1.0
1.0
1.0
1.0
1.0
1.0
1.0
1.0
1.0
1.0
1.0
1.0
1.0
1.0
1.0
1.0
1.0
1.0
1.0
1.0
1.0
1.0
1.0
1.0
1.0
1.0
1.0
1.0
1.0
1.0
1.0
1.0
1.0
1.0
1.0
1.0
1.0
1.0
1.0
1.0
1.0
1.0
1.0
1.0
1.0
1.0
1.0
1.0
1.0
1.0
1.0
1.0
1.0
1.0
1.0
1.0
1.0
1.0
1.0
1.0
1.0
1.0
1.0
1.0
1.0
1.0
1.0
1.0
1.0
1.0
1.0
1.0
1.0
1.0
1.0
1.0
1.0
1.0
1.0
1.0
1.0
1.0
1.0
1.0
1.0
1.0
1.0
1.0
1.0
1.0
1.0
1.0
1.0
1.0
1.0
1.0
1.0
1.0
1.0
1.0
1.0
1.0
1.0
1.0
1.0
1.0
1.0
1.0
1.0
1.0
1.0
1.0
1.0
1.0
1.0
1.0
1.0
1.0
1.0
1.0
1.0
1.0
1.0
1.0
1.0
1.0
1.0
1.0
1.0
1.0
1.0
1.0
1.0
1.0
1.0
1.0
1.0
1.0
1.0
1.0
1.0
1.0
1.0
1.0
1.0
1.0
1.0
1.0
1.0
1.0
1.0
1.0
1.0
1.0
1.0
1.0
1.0
1.0
1.0
1.0
1.0
1.0
1.0
1.0
1.0
1.0
1.0
1.0
1.0
1.0
1.0
1.0
1.0
1.0
1.0
1.0
1.0
1.0
1.0
1.0
1.0
1.0
1.0
1.0
1.0
1.0
1.0
1.0
1.0
1.0
1.0
1.0
1.0
1.0
1.0
1.0
1.0
1.0
1.0
1.0
1.0
1.0
1.0
1.0
1.0
1.0
1.0
1.0
1.0
1.0
1.0
1.0
1.0
1.0
1.0
1.0
1.0
1.0
1.0
1.0
1.0
1.0
1.0
1.0
1.0
1.0
1.0
1.0
1.0
1.0
1.0
1.0
1.0
1.0
1.0
1.0
1.0
1.0
1.0
1.0
1.0
1.0
0.8787878787878788
0.8823529411764706
0.8857142857142857
0.8888888888888888
0.8918918918918919
0.8947368421052632
0.8974358974358975
0.9
0.9024390243902439
0.9047619047619048
0.9069767441860465
0.9090909090909091
0.9111111111111111
0.9130434782608695
0.9148936170212766
0.9166666666666666
0.9183673469387755
0.92
0.9215686274509803
0.9230769230769231
0.9245283018867925
0.9259259259259259
0.9272727272727272
0.9285714285714286
0.9298245614035088
0.9310344827586207
0.9322033898305084
0.9333333333333333
0.9344262295081968
0.9354838709677419
0.9365079365079365
0.9375
0.9384615384615385
0.9393939393939394
0.9402985074626866
0.9411764705882353
0.9420289855072463
0.9428571428571428
0.9436619718309859
0.9444444444444444
0.9452054794520548
0.9459459459459459
0.9466666666666667
0.9473684210526315
0.948051948051948
0.9487179487179487
0.9493670886075949
0.95
0.9506172839506173
0.9512195121951219
0.9518072289156626
0.9523809523809523
0.9529411764705882
0.9534883720930233
0.9540229885057471
0.9545454545454546
0.9550561797752809
0.9555555555555556
0.9560439560439561
0.9565217391304348
0.956989247311828
0.9574468085106383
0.9578947368421052
0.9583333333333334
0.9587628865979382
0.9591836734693877
0.9595959595959596
0.96
0.9603960396039604
0.9607843137254902
0.9611650485436893
0.9615384615384616
0.9619047619047619
0.9622641509433962
0.9626168224299065
0.9629629629629629
0.963302752293578
0.9636363636363636
0.963963963963964
0.9642857142857143
0.9646017699115044
0.9649122807017544
0.9652173913043478
0.9655172413793104
0.9658119658119658
0.9661016949152542
0.9663865546218487
0.9666666666666667
0.9669421487603306
0.9672131147540983
0.967479674796748
0.967741935483871
0.968
0.9682539682539683
0.968503937007874
0.96875
0.9689922480620154
0.9692307692307692
0.9694656488549618
0.9696969696969697
0.9699248120300752
0.9701492537313433
0.9703703703703703
0.9705882352941176
0.9708029197080292
0.9710144927536232
0.9712230215827338
0.9714285714285714
0.9716312056737588
0.971830985915493
0.972027972027972
0.9722222222222222
0.9724137931034482
0.9726027397260274
0.9727891156462585
0.972972972972973
0.9731543624161074
0.9733333333333334
0.9735099337748344
0.9736842105263158
0.9738562091503268
0.974025974025974
0.9741935483870968
0.9743589743589743
0.9745222929936306
0.9746835443037974
0.9748427672955975
0.975
0.9751552795031055
0.9753086419753086
0.9754601226993865
0.975609756097561
0.9757575757575757
0.9759036144578314
0.9760479041916168
0.9761904761904762
0.9763313609467456
0.9764705882352941
0.9766081871345029
0.9767441860465116
0.976878612716763
0.9770114942528736
0.9771428571428571
0.9772727272727273
0.9774011299435028
0.9775280898876404
0.9776536312849162
0.9777777777777777
0.9779005524861878
0.978021978021978
0.6047297297297297
0.6060606060606061
0.6073825503355704
0.6086956521739131
0.61
0.6112956810631229
0.6125827814569537
0.6138613861386139
0.6151315789473685
0.6163934426229508
0.6176470588235294
0.6188925081433225
0.6201298701298701
0.6213592233009708
0.6225806451612903
0.6237942122186495
0.625
0.34507042253521125
0.3462214411247803
0.3473684210526316
0.34851138353765326
0.34965034965034963
0.3507853403141361
0.3519163763066202
0.35304347826086957
0.3541666666666667
0.35528596187175043
0.356401384083045
0.35751295336787564
0.3586206896551724
0.35972461273666095
0.36082474226804123
0.36192109777015435
0.363013698630137
0.3641025641025641
0.3651877133105802
0.36626916524701875
0.3673469387755102
0.3684210526315789
0.3694915254237288
0.37055837563451777
0.3716216216216216
0.37268128161888703
0.37373737373737376
0.37478991596638656
0.37583892617449666
0.3768844221105528
0.3779264214046823
0.3789649415692821
0.38
0.3810316139767055
0.38205980066445183
0.38308457711442784
0.3841059602649007
0.3851239669421488
0.38613861386138615
0.3871499176276771
0.3881578947368421
0.3891625615763547
0.3901639344262295
0.3911620294599018
0.39215686274509803
0.3931484502446982
0.3941368078175896
0.3951219512195122
0.3961038961038961
0.39708265802269044
0.39805825242718446
0.3990306946688207
0.4
0.40096618357487923
0.40192926045016075
0.4028892455858748
0.40384615384615385
0.4048
0.4057507987220447
0.40669856459330145
0.40764331210191085
0.40858505564387915
0.4095238095238095
0.410459587955626
0.41139240506329117
0.41232227488151657
0.41324921135646686
0.4141732283464567
0.41509433962264153
0.41601255886970173
0.4169278996865204
0.41784037558685444
0.41875
0.41965678627145087
0.4205607476635514
0.4214618973561431
0.422360248447205
0.4232558139534884
0.4241486068111455
0.4250386398763524
0.42592592592592593
0.4268104776579353
0.4276923076923077
0.42857142857142855
0.4294478527607362
0.43032159264931086
0.43119266055045874
0.43206106870229005
0.4329268292682927
0.4337899543378995
0.43465045592705165
0.4355083459787557
0.43636363636363634
0.4372163388804841
0.4380664652567976
0.43891402714932126
0.4397590361445783
0.4406015037593985
0.44144144144144143
0.44227886056971516
0.4431137724550898
0.4439461883408072
0.44477611940298506
0.4456035767511177
0.44642857142857145
0.4472511144130758
0.44807121661721067
0.4488888888888889
0.44970414201183434
0.4505169867060561
0.45132743362831856
0.4521354933726068
0.45294117647058824
0.45374449339207046
0.45454545454545453
0.45534407027818447
0.45614035087719296
0.4569343065693431
0.4577259475218659
0.4585152838427948
0.45930232558139533
0.46008708272859217
0.4608695652173913
0.46164978292329956
0.4624277456647399
0.46320346320346323
0.46397694524495675
0.46474820143884893
0.46551724137931033
0.46628407460545196
0.4670487106017192
0.4678111587982833
0.4685714285714286
0.4693295292439372
0.4700854700854701
0.47083926031294454
0.4715909090909091
0.4723404255319149
0.4730878186968839
0.4738330975954738
0.4745762711864407
0.47531734837799716
0.476056338028169
0.4767932489451477
0.47752808988764045
0.4782608695652174
0.4789915966386555
0.4797202797202797
0.48044692737430167
0.4811715481171548
0.4818941504178273
0.48261474269819193
0.48333333333333334
0.4840499306518724
0.48476454293628807
0.4854771784232365
0.4861878453038674
0.4868965517241379
0.48760330578512395
0.48830811554332876
0.489010989010989
0.4897119341563786
0.4904109589041096
0.4911080711354309
0.4918032786885246
0.4924965893587995
0.49318801089918257
0.49387755102040815
0.4945652173913043
0.49525101763907736
0.4959349593495935
0.496617050067659
0.4972972972972973
0.4979757085020243
0.49865229110512127
0.4993270524899058
0.5
0.5006711409395973
0.5013404825737265
0.5020080321285141
0.5026737967914439
0.5033377837116155
0.504
0.5046604527296937
0.5053191489361702
0.5059760956175299
0.506631299734748
0.5072847682119205
0.5079365079365079
0.5085865257595773
0.5092348284960422
0.5098814229249012
0.5105263157894737
0.5111695137976346
0.5118110236220472
0.5124508519003932
0.5130890052356021
0.5137254901960784
0.5143603133159269
0.5149934810951761
0.4748201438848921
0.4754491017964072
0.47607655502392343
0.4767025089605735
0.477326968973747
0.47794994040524436
0.4785714285714286
0.47919143876337694
0.4758539458186101
0.47703180212014135
0.47820965842167257
0.4793875147232038
0.48056537102473496
0.4817432273262662
0.4829210836277974
0.4840989399293286
0.48470588235294115
0.48531139835487663
0.4859154929577465
0.48651817116060964
0.48711943793911006
0.48771929824561405
0.4883177570093458
0.48891481913652274
0.48951048951048953
0.490104772991851
0.4906976744186046
0.4912891986062718
0.4918793503480278
0.492468134414832
0.4930555555555556
0.49421296296296297
0.49537037037037035
0.4965277777777778
0.4976851851851852
0.4988425925925926
0.5
0.5011574074074074
0.5023148148148148
0.5034722222222222
0.5046296296296297
0.5057870370370371
0.5069444444444444
0.5081018518518519
0.5092592592592593
0.5104166666666666
0.5115740740740741
0.5127314814814815
0.5138888888888888
0.5150462962962963
0.5162037037037037
0.5173611111111112
0.5185185185185185
0.5196759259259259
0.5208333333333334
0.5219907407407407
0.5231481481481481
0.5243055555555556
0.5254629629629629
0.5266203703703703
0.5271676300578034
0.5283236994219653
0.5294797687861271
0.530635838150289
0.5317919075144508
0.5323325635103926
0.532871972318339
0.533410138248848
0.5339470655926352
0.5344827586206896
0.5350172215843858
0.5355504587155964
0.5360824742268041
0.5366132723112128
0.5371428571428571
0.5376712328767124
0.5388127853881278
0.5399543378995434
0.541095890410959
0.5422374429223744
0.54337899543379
0.5438996579247435
0.5444191343963554
0.5449374288964732
0.5454545454545454
0.5459704880817253
0.546485260770975
0.5469988674971688
0.5475113122171946
0.5480225988700564
0.5485327313769752
0.5490417136414881
0.5495495495495496
0.5500562429696289
0.550561797752809
0.5510662177328844
0.5515695067264574
0.5520716685330347
0.5525727069351231
0.553072625698324
0.5535714285714286
0.5540691192865106
0.5545657015590201
0.5550611790878754
0.5555555555555556
0.5560488346281909
0.5565410199556541
0.5570321151716501
0.5575221238938053
0.5580110497237569
0.5584988962472406
0.5589856670341786
0.5594713656387665
0.55995599559956
0.5604395604395604
0.5609220636663008
0.5614035087719298
0.5618838992332968
0.562363238512035
0.5628415300546448
0.5633187772925764
0.5637949836423118
0.5642701525054467
0.5647442872687704
0.5652173913043478
0.5656894679695983
0.5661605206073753
0.5666305525460456
0.5670995670995671
0.5675675675675675
0.5680345572354212
0.5685005393743258
0.5689655172413793
0.5694294940796556
0.5698924731182796
0.5703544575725027
0.5708154506437768
0.5712754555198285
0.5717344753747323
0.5721925133689839
0.5726495726495726
0.5731056563500534
0.5735607675906184
0.5740149094781682
0.574468085106383
0.5749202975557917
0.5753715498938429
0.5758218451749735
0.576271186440678
0.5767195767195767
0.5771670190274841
0.5776135163674763
0.5780590717299579
0.5785036880927292
0.5789473684210527
0.5793901156677181
0.5798319327731093
0.5802728226652676
0.5807127882599581
0.581151832460733
0.5821989528795811
0.5832460732984294
0.5842931937172775
0.5853403141361256
0.5863874345549738
0.587434554973822
0.5884816753926702
0.5895287958115183
0.5905759162303665
0.5910041841004184
0.5914315569487983
0.5918580375782881
0.592901878914405
0.593945720250522
0.5949895615866388
0.5960334029227558
0.5970772442588727
0.5981210855949896
0.5991649269311065
0.6002087682672234
0.6012526096033403
0.6022964509394572
0.6033402922755741
0.6043841336116911
0.605427974947808
0.6064718162839249
0.6068821689259646
0.6072916666666667
0.6077003121748179
1.0
1.0
1.0
1.0
1.0
1.0
1.0
1.0
1.0
1.0
1.0
1.0
1.0
1.0
1.0
1.0
1.0
1.0
1.0
1.0
1.0
1.0
1.0
1.0
1.0
1.0
1.0
1.0
0.8787878787878788
0.8823529411764706
0.8857142857142857
0.8888888888888888
0.8918918918918919
0.8947368421052632
0.8974358974358975
0.9
0.9024390243902439
0.9047619047619048
0.9069767441860465
0.9090909090909091
0.9111111111111111
0.9130434782608695
0.9148936170212766
0.9166666666666666
0.9183673469387755
0.92
0.9215686274509803
0.9230769230769231
0.9245283018867925
0.9259259259259259
0.9272727272727272
0.9285714285714286
0.9298245614035088
0.9310344827586207
0.9322033898305084
0.9333333333333333
0.9344262295081968
0.9354838709677419
0.9365079365079365
0.9375
0.9384615384615385
0.9393939393939394
0.9402985074626866
0.9411764705882353
0.9420289855072463
0.9428571428571428
0.9436619718309859
0.9444444444444444
0.9452054794520548
0.9459459459459459
0.9466666666666667
0.9473684210526315
0.948051948051948
0.9487179487179487
0.9493670886075949
0.95
0.9506172839506173
0.9512195121951219
0.9518072289156626
0.9523809523809523
0.9529411764705882
0.9534883720930233
0.9540229885057471
0.9545454545454546
0.9550561797752809
0.9555555555555556
0.9560439560439561
0.9565217391304348
0.956989247311828
0.9574468085106383
0.9578947368421052
0.9583333333333334
0.9587628865979382
0.9591836734693877
0.9595959595959596
0.96
0.9603960396039604
0.9607843137254902
0.9611650485436893
0.9615384615384616
0.9619047619047619
0.9622641509433962
0.9626168224299065
0.9629629629629629
0.963302752293578
0.9636363636363636
0.963963963963964
0.9642857142857143
0.9646017699115044
0.9649122807017544
0.9652173913043478
0.9655172413793104
0.9658119658119658
0.9661016949152542
0.9663865546218487
0.9666666666666667
0.9669421487603306
0.9672131147540983
0.967479674796748
0.967741935483871
0.968
0.9682539682539683
0.968503937007874
0.96875
0.9689922480620154
0.9692307692307692
0.9694656488549618
0.9696969696969697
0.9699248120300752
0.9701492537313433
0.9703703703703703
0.9705882352941176
0.9708029197080292
0.9710144927536232
0.9712230215827338
0.9714285714285714
0.9716312056737588
0.971830985915493
0.972027972027972
0.9722222222222222
0.9724137931034482
0.9726027397260274
0.9727891156462585
0.972972972972973
0.9731543624161074
0.9733333333333334
0.9735099337748344
0.9736842105263158
0.9738562091503268
0.974025974025974
0.9741935483870968
0.9743589743589743
0.9745222929936306
0.9746835443037974
0.9748427672955975
0.975
0.9751552795031055
0.9753086419753086
0.9754601226993865
0.975609756097561
0.9757575757575757
0.9759036144578314
0.9760479041916168
0.9761904761904762
0.9763313609467456
0.9764705882352941
0.9766081871345029
0.9767441860465116
0.976878612716763
0.9770114942528736
0.9771428571428571
0.9772727272727273
0.9774011299435028
0.9775280898876404
0.9776536312849162
0.9777777777777777
0.9779005524861878
0.978021978021978
0.6047297297297297
0.6060606060606061
0.6073825503355704
0.6086956521739131
0.61
0.6112956810631229
0.6125827814569537
0.6138613861386139
0.6151315789473685
0.6163934426229508
0.6176470588235294
0.6188925081433225
0.6201298701298701
0.6213592233009708
0.6225806451612903
0.6237942122186495
0.625
0.34507042253521125
0.3462214411247803
0.3473684210526316
0.34851138353765326
0.34965034965034963
0.3507853403141361
0.3519163763066202
0.35304347826086957
0.3541666666666667
0.35528596187175043
0.356401384083045
0.35751295336787564
0.3586206896551724
0.35972461273666095
0.36082474226804123
0.36192109777015435
0.363013698630137
0.3641025641025641
0.3651877133105802
0.36626916524701875
0.3673469387755102
0.3684210526315789
0.3694915254237288
0.37055837563451777
0.3716216216216216
0.37268128161888703
0.37373737373737376
0.37478991596638656
0.37583892617449666
0.3768844221105528
0.3779264214046823
0.3789649415692821
0.38
0.3810316139767055
0.38205980066445183
0.38308457711442784
0.3841059602649007
0.3851239669421488
0.38613861386138615
0.3871499176276771
0.3881578947368421
0.3891625615763547
0.3901639344262295
0.3911620294599018
0.39215686274509803
0.3931484502446982
0.3941368078175896
0.3951219512195122
0.3961038961038961
0.39708265802269044
0.39805825242718446
0.3990306946688207
0.4
0.40096618357487923
0.40192926045016075
0.4028892455858748
0.40384615384615385
0.4048
0.4057507987220447
0.40669856459330145
0.40764331210191085
0.40858505564387915
0.4095238095238095
0.410459587955626
0.41139240506329117
0.41232227488151657
0.41324921135646686
0.4141732283464567
0.41509433962264153
0.41601255886970173
0.4169278996865204
0.41784037558685444
0.41875
0.41965678627145087
0.4205607476635514
0.4214618973561431
0.422360248447205
0.4232558139534884
0.4241486068111455
0.4250386398763524
0.42592592592592593
0.4268104776579353
0.4276923076923077
0.42857142857142855
0.4294478527607362
0.43032159264931086
0.43119266055045874
0.43206106870229005
0.4329268292682927
0.4337899543378995
0.43465045592705165
0.4355083459787557
0.43636363636363634
0.4372163388804841
0.4380664652567976
0.43891402714932126
0.4397590361445783
0.4406015037593985
0.44144144144144143
0.44227886056971516
0.4431137724550898
0.4439461883408072
0.44477611940298506
0.4456035767511177
0.44642857142857145
0.4472511144130758
0.44807121661721067
0.4488888888888889
0.44970414201183434
0.4505169867060561
0.45132743362831856
0.4521354933726068
0.45294117647058824
0.45374449339207046
0.45454545454545453
0.45534407027818447
0.45614035087719296
0.4569343065693431
0.4577259475218659
0.4585152838427948
0.45930232558139533
0.46008708272859217
0.4608695652173913
0.46164978292329956
0.4624277456647399
0.46320346320346323
0.46397694524495675
0.46474820143884893
0.46551724137931033
0.46628407460545196
0.4670487106017192
0.4678111587982833
0.4685714285714286
0.4693295292439372
0.4700854700854701
0.47083926031294454
0.4715909090909091
0.4723404255319149
0.4730878186968839
0.4738330975954738
0.4745762711864407
0.47531734837799716
0.476056338028169
0.4767932489451477
0.47752808988764045
0.4782608695652174
0.4789915966386555
0.4797202797202797
0.48044692737430167
0.4811715481171548
0.4818941504178273
0.48261474269819193
0.48333333333333334
0.4840499306518724
0.48476454293628807
0.4854771784232365
0.4861878453038674
0.4868965517241379
0.48760330578512395
0.48830811554332876
0.489010989010989
0.4897119341563786
0.4904109589041096
0.4911080711354309
0.4918032786885246
0.4924965893587995
0.49318801089918257
0.49387755102040815
0.4945652173913043
0.49525101763907736
0.4959349593495935
0.496617050067659
0.4972972972972973
0.4979757085020243
0.49865229110512127
0.4993270524899058
0.5
0.5006711409395973
0.5013404825737265
0.5020080321285141
0.5026737967914439
0.5033377837116155
0.504
0.5046604527296937
0.5053191489361702
0.5059760956175299
0.506631299734748
0.5072847682119205
0.5079365079365079
0.5085865257595773
0.5092348284960422
0.5098814229249012
0.5105263157894737
0.5111695137976346
0.5118110236220472
0.5124508519003932
0.5130890052356021
0.5137254901960784
0.5143603133159269
0.5149934810951761
0.4748201438848921
0.4754491017964072
0.47607655502392343
0.4767025089605735
0.477326968973747
0.47794994040524436
0.4785714285714286
0.47919143876337694
0.4758539458186101
0.47703180212014135
0.47820965842167257
0.4793875147232038
0.48056537102473496
0.4817432273262662
0.4829210836277974
0.4840989399293286
0.48470588235294115
0.48531139835487663
0.4859154929577465
0.48651817116060964
0.48711943793911006
0.48771929824561405
0.4883177570093458
0.48891481913652274
0.48951048951048953
0.490104772991851
0.4906976744186046
0.4912891986062718
0.4918793503480278
0.492468134414832
0.4930555555555556
0.49421296296296297
0.49537037037037035
0.4965277777777778
0.4976851851851852
0.4988425925925926
0.5
0.5011574074074074
0.5023148148148148
0.5034722222222222
0.5046296296296297
0.5057870370370371
0.5069444444444444
0.5081018518518519
0.5092592592592593
0.5104166666666666
0.5115740740740741
0.5127314814814815
0.5138888888888888
0.5150462962962963
0.5162037037037037
0.5173611111111112
0.5185185185185185
0.5196759259259259
0.5208333333333334
0.5219907407407407
0.5231481481481481
0.5243055555555556
0.5254629629629629
0.5266203703703703
0.5271676300578034
0.5283236994219653
0.5294797687861271
0.530635838150289
0.5317919075144508
0.5323325635103926
0.532871972318339
0.533410138248848
0.5339470655926352
0.5344827586206896
0.5350172215843858
0.5355504587155964
0.5360824742268041
0.5366132723112128
0.5371428571428571
0.5376712328767124
0.5388127853881278
0.5399543378995434
0.541095890410959
0.5422374429223744
0.54337899543379
0.5438996579247435
0.5444191343963554
0.5449374288964732
0.5454545454545454
0.5459704880817253
0.546485260770975
0.5469988674971688
0.5475113122171946
0.5480225988700564
0.5485327313769752
0.5490417136414881
0.5495495495495496
0.5500562429696289
0.550561797752809
0.5510662177328844
0.5515695067264574
0.5520716685330347
0.5525727069351231
0.553072625698324
0.5535714285714286
0.5540691192865106
0.5545657015590201
0.5550611790878754
0.5555555555555556
0.5560488346281909
0.5565410199556541
0.5570321151716501
0.5575221238938053
0.5580110497237569
0.5584988962472406
0.5589856670341786
0.5594713656387665
0.55995599559956
0.5604395604395604
0.5609220636663008
0.5614035087719298
0.5618838992332968
0.562363238512035
0.5628415300546448
0.5633187772925764
0.5637949836423118
0.5642701525054467
0.5647442872687704
0.5652173913043478
0.5656894679695983
0.5661605206073753
0.5666305525460456
0.5670995670995671
0.5675675675675675
0.5680345572354212
0.5685005393743258
0.5689655172413793
0.5694294940796556
0.5698924731182796
0.5703544575725027
0.5708154506437768
0.5712754555198285
0.5717344753747323
0.5721925133689839
0.5726495726495726
0.5731056563500534
0.5735607675906184
0.5740149094781682
0.574468085106383
0.5749202975557917
0.5753715498938429
0.5758218451749735
0.576271186440678
0.5767195767195767
0.5771670190274841
0.5776135163674763
0.5780590717299579
0.5785036880927292
0.5789473684210527
0.5793901156677181
0.5798319327731093
0.5802728226652676
0.5807127882599581
0.581151832460733
0.5821989528795811
0.5832460732984294
0.5842931937172775
0.5853403141361256
0.5863874345549738
0.587434554973822
0.5884816753926702
0.5895287958115183
0.5905759162303665
0.5910041841004184
0.5914315569487983
0.5918580375782881
0.592901878914405
0.593945720250522
0.5949895615866388
0.5960334029227558
0.5970772442588727
0.5981210855949896
0.5991649269311065
0.6002087682672234
0.6012526096033403
0.6022964509394572
0.6033402922755741
0.6043841336116911
0.605427974947808
0.6064718162839249
0.6068821689259646
0.6072916666666667
0.6077003121748179
1.0
1.0
1.0
1.0
1.0
1.0
1.0
1.0
1.0
1.0
1.0
1.0
1.0
1.0
1.0
1.0
1.0
1.0
1.0
1.0
1.0
1.0
1.0
1.0
1.0
1.0
1.0
1.0
1.0
1.0
0.8787878787878788
0.8823529411764706
0.8857142857142857
0.8888888888888888
0.8918918918918919
0.8947368421052632
0.8974358974358975
0.9
0.9024390243902439
0.9047619047619048
0.9069767441860465
0.9090909090909091
0.9111111111111111
0.9130434782608695
0.9148936170212766
0.9166666666666666
0.9183673469387755
0.92
0.9215686274509803
0.9230769230769231
0.9245283018867925
0.9259259259259259
0.9272727272727272
0.9285714285714286
0.9298245614035088
0.9310344827586207
0.9322033898305084
0.9333333333333333
0.9344262295081968
0.9354838709677419
0.9365079365079365
0.9375
0.9384615384615385
0.9393939393939394
0.9402985074626866
0.9411764705882353
0.9420289855072463
0.9428571428571428
0.9436619718309859
0.9444444444444444
0.9452054794520548
0.9459459459459459
0.9466666666666667
0.9473684210526315
0.948051948051948
0.9487179487179487
0.9493670886075949
0.95
0.9506172839506173
0.9512195121951219
0.9518072289156626
0.9523809523809523
0.9529411764705882
0.9534883720930233
0.9540229885057471
0.9545454545454546
0.9550561797752809
0.9555555555555556
0.9560439560439561
0.9565217391304348
0.956989247311828
0.9574468085106383
0.9578947368421052
0.9583333333333334
0.9587628865979382
0.9591836734693877
0.9595959595959596
0.96
0.9603960396039604
0.9607843137254902
0.9611650485436893
0.9615384615384616
0.9619047619047619
0.9622641509433962
0.9626168224299065
0.9629629629629629
0.963302752293578
0.9636363636363636
0.963963963963964
0.9642857142857143
0.9646017699115044
0.9649122807017544
0.9652173913043478
0.9655172413793104
0.9658119658119658
0.9661016949152542
0.9663865546218487
0.9666666666666667
0.9669421487603306
0.9672131147540983
0.967479674796748
0.967741935483871
0.968
0.9682539682539683
0.968503937007874
0.96875
0.9689922480620154
0.9692307692307692
0.9694656488549618
0.9696969696969697
0.9699248120300752
0.9701492537313433
0.9703703703703703
0.9705882352941176
0.9708029197080292
0.9710144927536232
0.9712230215827338
0.9714285714285714
0.9716312056737588
0.971830985915493
0.972027972027972
0.9722222222222222
0.9724137931034482
0.9726027397260274
0.9727891156462585
0.972972972972973
0.9731543624161074
0.9733333333333334
0.9735099337748344
0.9736842105263158
0.9738562091503268
0.974025974025974
0.9741935483870968
0.9743589743589743
0.9745222929936306
0.9746835443037974
0.9748427672955975
0.975
0.9751552795031055
0.9753086419753086
0.9754601226993865
0.975609756097561
0.9757575757575757
0.9759036144578314
0.9760479041916168
0.9761904761904762
0.9763313609467456
0.9764705882352941
0.9766081871345029
0.9767441860465116
0.976878612716763
0.9770114942528736
0.9771428571428571
0.9772727272727273
0.9774011299435028
0.9775280898876404
0.9776536312849162
0.9777777777777777
0.9779005524861878
0.978021978021978
0.6047297297297297
0.6060606060606061
0.6073825503355704
0.6086956521739131
0.61
0.6112956810631229
0.6125827814569537
0.6138613861386139
0.6151315789473685
0.6163934426229508
0.6176470588235294
0.6188925081433225
0.6201298701298701
0.6213592233009708
0.6225806451612903
0.6237942122186495
0.625
0.34507042253521125
0.3462214411247803
0.3473684210526316
0.34851138353765326
0.34965034965034963
0.3507853403141361
0.3519163763066202
0.35304347826086957
0.3541666666666667
0.35528596187175043
0.356401384083045
0.35751295336787564
0.3586206896551724
0.35972461273666095
0.36082474226804123
0.36192109777015435
0.363013698630137
0.3641025641025641
0.3651877133105802
0.36626916524701875
0.3673469387755102
0.3684210526315789
0.3694915254237288
0.37055837563451777
0.3716216216216216
0.37268128161888703
0.37373737373737376
0.37478991596638656
0.37583892617449666
0.3768844221105528
0.3779264214046823
0.3789649415692821
0.38
0.3810316139767055
0.38205980066445183
0.38308457711442784
0.3841059602649007
0.3851239669421488
0.38613861386138615
0.3871499176276771
0.3881578947368421
0.3891625615763547
0.3901639344262295
0.3911620294599018
0.39215686274509803
0.3931484502446982
0.3941368078175896
0.3951219512195122
0.3961038961038961
0.39708265802269044
0.39805825242718446
0.3990306946688207
0.4
0.40096618357487923
0.40192926045016075
0.4028892455858748
0.40384615384615385
0.4048
0.4057507987220447
0.40669856459330145
0.40764331210191085
0.40858505564387915
0.4095238095238095
0.410459587955626
0.41139240506329117
0.41232227488151657
0.41324921135646686
0.4141732283464567
0.41509433962264153
0.41601255886970173
0.4169278996865204
0.41784037558685444
0.41875
0.41965678627145087
0.4205607476635514
0.4214618973561431
0.422360248447205
0.4232558139534884
0.4241486068111455
0.4250386398763524
0.42592592592592593
0.4268104776579353
0.4276923076923077
0.42857142857142855
0.4294478527607362
0.43032159264931086
0.43119266055045874
0.43206106870229005
0.4329268292682927
0.4337899543378995
0.43465045592705165
0.4355083459787557
0.43636363636363634
0.4372163388804841
0.4380664652567976
0.43891402714932126
0.4397590361445783
0.4406015037593985
0.44144144144144143
0.44227886056971516
0.4431137724550898
0.4439461883408072
0.44477611940298506
0.4456035767511177
0.44642857142857145
0.4472511144130758
0.44807121661721067
0.4488888888888889
0.44970414201183434
0.4505169867060561
0.45132743362831856
0.4521354933726068
0.45294117647058824
0.45374449339207046
0.45454545454545453
0.45534407027818447
0.45614035087719296
0.4569343065693431
0.4577259475218659
0.4585152838427948
0.45930232558139533
0.46008708272859217
0.4608695652173913
0.46164978292329956
0.4624277456647399
0.46320346320346323
0.46397694524495675
0.46474820143884893
0.46551724137931033
0.46628407460545196
0.4670487106017192
0.4678111587982833
0.4685714285714286
0.4693295292439372
0.4700854700854701
0.47083926031294454
0.4715909090909091
0.4723404255319149
0.4730878186968839
0.4738330975954738
0.4745762711864407
0.47531734837799716
0.476056338028169
0.4767932489451477
0.47752808988764045
0.4782608695652174
0.4789915966386555
0.4797202797202797
0.48044692737430167
0.4811715481171548
0.4818941504178273
0.48261474269819193
0.48333333333333334
0.4840499306518724
0.48476454293628807
0.4854771784232365
0.4861878453038674
0.4868965517241379
0.48760330578512395
0.48830811554332876
0.489010989010989
0.4897119341563786
0.4904109589041096
0.4911080711354309
0.4918032786885246
0.4924965893587995
0.49318801089918257
0.49387755102040815
0.4945652173913043
0.49525101763907736
0.4959349593495935
0.496617050067659
0.4972972972972973
0.4979757085020243
0.49865229110512127
0.4993270524899058
0.5
0.5006711409395973
0.5013404825737265
0.5020080321285141
0.5026737967914439
0.5033377837116155
0.504
0.5046604527296937
0.5053191489361702
0.5059760956175299
0.506631299734748
0.5072847682119205
0.5079365079365079
0.5085865257595773
0.5092348284960422
0.5098814229249012
0.5105263157894737
0.5111695137976346
0.5118110236220472
0.5124508519003932
0.5130890052356021
0.5137254901960784
0.5143603133159269
0.5149934810951761
0.4748201438848921
0.4754491017964072
0.47607655502392343
0.4767025089605735
0.477326968973747
0.47794994040524436
0.4785714285714286
0.47919143876337694
0.4758539458186101
0.47703180212014135
0.47820965842167257
0.4793875147232038
0.48056537102473496
0.4817432273262662
0.4829210836277974
0.4840989399293286
0.48470588235294115
0.48531139835487663
0.4859154929577465
0.48651817116060964
0.48711943793911006
0.48771929824561405
0.4883177570093458
0.48891481913652274
0.48951048951048953
0.490104772991851
0.4906976744186046
0.4912891986062718
0.4918793503480278
0.492468134414832
0.4930555555555556
0.49421296296296297
0.49537037037037035
0.4965277777777778
0.4976851851851852
0.4988425925925926
0.5
0.5011574074074074
0.5023148148148148
0.5034722222222222
0.5046296296296297
0.5057870370370371
0.5069444444444444
0.5081018518518519
0.5092592592592593
0.5104166666666666
0.5115740740740741
0.5127314814814815
0.5138888888888888
0.5150462962962963
0.5162037037037037
0.5173611111111112
0.5185185185185185
0.5196759259259259
0.5208333333333334
0.5219907407407407
0.5231481481481481
0.5243055555555556
0.5254629629629629
0.5266203703703703
0.5271676300578034
0.5283236994219653
0.5294797687861271
0.530635838150289
0.5317919075144508
0.5323325635103926
0.532871972318339
0.533410138248848
0.5339470655926352
0.5344827586206896
0.5350172215843858
0.5355504587155964
0.5360824742268041
0.5366132723112128
0.5371428571428571
0.5376712328767124
0.5388127853881278
0.5399543378995434
0.541095890410959
0.5422374429223744
0.54337899543379
0.5438996579247435
0.5444191343963554
0.5449374288964732
0.5454545454545454
0.5459704880817253
0.546485260770975
0.5469988674971688
0.5475113122171946
0.5480225988700564
0.5485327313769752
0.5490417136414881
0.5495495495495496
0.5500562429696289
0.550561797752809
0.5510662177328844
0.5515695067264574
0.5520716685330347
0.5525727069351231
0.553072625698324
0.5535714285714286
0.5540691192865106
0.5545657015590201
0.5550611790878754
0.5555555555555556
0.5560488346281909
0.5565410199556541
0.5570321151716501
0.5575221238938053
0.5580110497237569
0.5584988962472406
0.5589856670341786
0.5594713656387665
0.55995599559956
0.5604395604395604
0.5609220636663008
0.5614035087719298
0.5618838992332968
0.562363238512035
0.5628415300546448
0.5633187772925764
0.5637949836423118
0.5642701525054467
0.5647442872687704
0.5652173913043478
0.5656894679695983
0.5661605206073753
0.5666305525460456
0.5670995670995671
0.5675675675675675
0.5680345572354212
0.5685005393743258
0.5689655172413793
0.5694294940796556
0.5698924731182796
0.5703544575725027
0.5708154506437768
0.5712754555198285
0.5717344753747323
0.5721925133689839
0.5726495726495726
0.5731056563500534
0.5735607675906184
0.5740149094781682
0.574468085106383
0.5749202975557917
0.5753715498938429
0.5758218451749735
0.576271186440678
0.5767195767195767
0.5771670190274841
0.5776135163674763
0.5780590717299579
0.5785036880927292
0.5789473684210527
0.5793901156677181
0.5798319327731093
0.5802728226652676
0.5807127882599581
0.581151832460733
0.5821989528795811
0.5832460732984294
0.5842931937172775
0.5853403141361256
0.5863874345549738
0.587434554973822
0.5884816753926702
0.5895287958115183
0.5905759162303665
0.5910041841004184
0.5914315569487983
0.5918580375782881
0.592901878914405
0.593945720250522
0.5949895615866388
0.5960334029227558
0.5970772442588727
0.5981210855949896
0.5991649269311065
0.6002087682672234
0.6012526096033403
0.6022964509394572
0.6033402922755741
0.6043841336116911
0.605427974947808
0.6064718162839249
0.6068821689259646
0.6072916666666667
0.6077003121748179
