1.0
1.0
1.0
1.0
1.0
1.0
1.0
1.0
1.0
1.0
1.0
1.0
1.0
1.0
1.0
1.0
1.0
1.0
1.0
1.0
1.0
1.0
1.0
1.0
1.0
0.9285714285714286
0.9310344827586207
0.9333333333333333
0.9354838709677419
0.9375
0.9393939393939394
0.9411764705882353
0.9428571428571428
0.9444444444444444
0.9459459459459459
0.9473684210526315
0.9487179487179487
0.95
0.9512195121951219
0.9523809523809523
0.9534883720930233
0.9545454545454546
0.9555555555555556
0.9565217391304348
0.9574468085106383
0.9583333333333334
0.9591836734693877
0.96
0.9607843137254902
0.9615384615384616
0.9622641509433962
0.9629629629629629
0.9636363636363636
0.9642857142857143
0.9649122807017544
0.9655172413793104
0.9661016949152542
0.9666666666666667
0.9672131147540983
0.967741935483871
0.9682539682539683
0.96875
0.9692307692307692
0.9696969696969697
0.9701492537313433
0.9705882352941176
0.9710144927536232
0.9714285714285714
0.971830985915493
0.9722222222222222
0.9726027397260274
0.972972972972973
0.9733333333333334
0.9736842105263158
0.974025974025974
0.9743589743589743
0.9746835443037974
0.975
0.9753086419753086
0.975609756097561
0.9759036144578314
0.9761904761904762
0.9764705882352941
0.9767441860465116
0.9770114942528736
0.9772727272727273
0.9775280898876404
0.9777777777777777
0.978021978021978
0.9782608695652174
0.978494623655914
0.9787234042553191
0.9789473684210527
0.9791666666666666
0.979381443298969
0.9795918367346939
0.9797979797979798
0.98
0.9801980198019802
0.9900990099009901
1.0
1.0
1.0
1.0
1.0
1.0
1.0
1.0
1.0
1.0
1.0
1.0
1.0
1.0
1.0
1.0
1.0
1.0
1.0
1.0
1.0
1.0
1.0
1.0
1.0
1.0
1.0
1.0
0.9285714285714286
0.9310344827586207
0.9333333333333333
0.9354838709677419
0.9375
0.9393939393939394
0.9411764705882353
0.9428571428571428
0.9444444444444444
0.9459459459459459
0.9473684210526315
0.9487179487179487
0.95
0.9512195121951219
0.9523809523809523
0.9534883720930233
0.9545454545454546
0.9555555555555556
0.9565217391304348
0.9574468085106383
0.9583333333333334
0.9591836734693877
0.96
0.9607843137254902
0.9615384615384616
0.9622641509433962
0.9629629629629629
0.9636363636363636
0.9642857142857143
0.9649122807017544
0.9655172413793104
0.9661016949152542
0.9666666666666667
0.9672131147540983
0.967741935483871
0.9682539682539683
0.96875
0.9692307692307692
0.9696969696969697
0.9701492537313433
0.9705882352941176
0.9710144927536232
0.9714285714285714
0.971830985915493
0.9722222222222222
0.9726027397260274
0.972972972972973
0.9733333333333334
0.9736842105263158
0.974025974025974
0.9743589743589743
0.9746835443037974
0.975
0.9753086419753086
0.975609756097561
0.9759036144578314
0.9761904761904762
0.9764705882352941
0.9767441860465116
0.9770114942528736
0.9772727272727273
0.9775280898876404
0.9777777777777777
0.978021978021978
0.9782608695652174
0.978494623655914
0.9787234042553191
0.9789473684210527
0.9791666666666666
0.979381443298969
0.9795918367346939
0.9797979797979798
0.98
0.9801980198019802
0.9900990099009901
1.0
1.0
1.0
1.0
1.0
1.0
1.0
1.0
1.0
1.0
1.0
1.0
1.0
1.0
1.0
1.0
1.0
1.0
1.0
1.0
1.0
1.0
1.0
1.0
1.0
1.0
1.0
1.0
1.0
1.0
1.0
1.0
1.0
1.0
1.0
1.0
1.0
1.0
1.0
1.0
1.0
1.0
1.0
1.0
1.0
1.0
1.0
1.0
1.0
1.0
1.0
1.0
1.0
1.0
1.0
1.0
1.0
1.0
1.0
1.0
1.0
1.0
1.0
1.0
1.0
1.0
1.0
1.0
1.0
1.0
1.0
1.0
1.0
1.0
1.0
1.0
1.0
1.0
1.0
1.0
1.0
1.0
1.0
1.0
1.0
1.0
1.0
1.0
1.0
1.0
1.0
1.0
1.0
1.0
1.0
1.0
1.0
1.0
1.0
1.0
1.0
1.0
1.0
1.0
1.0
1.0
1.0
1.0
1.0
1.0
1.0
1.0
1.0
1.0
1.0
1.0
1.0
1.0
1.0
1.0
1.0
1.0
1.0
1.0
1.0
1.0
1.0
1.0
1.0
1.0
1.0
0.9285714285714286
0.9310344827586207
0.9333333333333333
0.9354838709677419
0.9375
0.9393939393939394
0.9411764705882353
0.9428571428571428
0.9444444444444444
0.9459459459459459
0.9473684210526315
0.9487179487179487
0.95
0.9512195121951219
0.9523809523809523
0.9534883720930233
0.9545454545454546
0.9555555555555556
0.9565217391304348
0.9574468085106383
0.9583333333333334
0.9591836734693877
0.96
0.9607843137254902
0.9615384615384616
0.9622641509433962
0.9629629629629629
0.9636363636363636
0.9642857142857143
0.9649122807017544
0.9655172413793104
0.9661016949152542
0.9666666666666667
0.9672131147540983
0.967741935483871
0.9682539682539683
0.96875
0.9692307692307692
0.9696969696969697
0.9701492537313433
0.9705882352941176
0.9710144927536232
0.9714285714285714
0.971830985915493
0.9722222222222222
0.9726027397260274
0.972972972972973
0.9733333333333334
0.9736842105263158
0.974025974025974
0.9743589743589743
0.9746835443037974
0.975
0.9753086419753086
0.975609756097561
0.9759036144578314
0.9761904761904762
0.9764705882352941
0.9767441860465116
0.9770114942528736
0.9772727272727273
0.9775280898876404
0.9777777777777777
0.978021978021978
0.9782608695652174
0.978494623655914
0.9787234042553191
0.9789473684210527
0.9791666666666666
0.979381443298969
0.9795918367346939
0.9797979797979798
0.98
0.9801980198019802
0.9900990099009901
1.0
1.0
1.0
1.0
1.0
1.0
1.0
1.0
1.0
1.0
1.0
1.0
1.0
1.0
1.0
1.0
1.0
1.0
1.0
1.0
1.0
1.0
1.0
1.0
1.0
1.0
1.0
1.0
0.9285714285714286
0.9310344827586207
0.9333333333333333
0.9354838709677419
0.9375
0.9393939393939394
0.9411764705882353
0.9428571428571428
0.9444444444444444
0.9459459459459459
0.9473684210526315
0.9487179487179487
0.95
0.9512195121951219
0.9523809523809523
0.9534883720930233
0.9545454545454546
0.9555555555555556
0.9565217391304348
0.9574468085106383
0.9583333333333334
0.9591836734693877
0.96
0.9607843137254902
0.9615384615384616
0.9622641509433962
0.9629629629629629
0.9636363636363636
0.9642857142857143
0.9649122807017544
0.9655172413793104
0.9661016949152542
0.9666666666666667
0.9672131147540983
0.967741935483871
0.9682539682539683
0.96875
0.9692307692307692
0.9696969696969697
0.9701492537313433
0.9705882352941176
0.9710144927536232
0.9714285714285714
0.971830985915493
0.9722222222222222
0.9726027397260274
0.972972972972973
0.9733333333333334
0.9736842105263158
0.974025974025974
0.9743589743589743
0.9746835443037974
0.975
0.9753086419753086
0.975609756097561
0.9759036144578314
0.9761904761904762
0.9764705882352941
0.9767441860465116
0.9770114942528736
0.9772727272727273
0.9775280898876404
0.9777777777777777
0.978021978021978
0.9782608695652174
0.978494623655914
0.9787234042553191
0.9789473684210527
0.9791666666666666
0.979381443298969
0.9795918367346939
0.9797979797979798
0.98
0.9801980198019802
0.9900990099009901
1.0
1.0
1.0
1.0
1.0
1.0
1.0
1.0
1.0
1.0
1.0
1.0
1.0
1.0
1.0
1.0
1.0
1.0
1.0
1.0
1.0
1.0
1.0
1.0
1.0
1.0
1.0
1.0
1.0
1.0
1.0
1.0
1.0
1.0
1.0
1.0
1.0
0.9285714285714286
0.9310344827586207
0.9333333333333333
0.9354838709677419
0.9375
0.9393939393939394
0.9411764705882353
0.9428571428571428
0.9444444444444444
0.9459459459459459
0.9473684210526315
0.9487179487179487
0.95
0.9512195121951219
0.9523809523809523
0.9534883720930233
0.9545454545454546
0.9555555555555556
0.9565217391304348
0.9574468085106383
0.9583333333333334
0.9591836734693877
0.96
0.9607843137254902
0.9615384615384616
0.9622641509433962
0.9629629629629629
0.9636363636363636
0.9642857142857143
0.9649122807017544
0.9655172413793104
0.9661016949152542
0.9666666666666667
0.9672131147540983
0.967741935483871
0.9682539682539683
0.96875
0.9692307692307692
0.9696969696969697
0.9701492537313433
0.9705882352941176
0.9710144927536232
0.9714285714285714
0.971830985915493
0.9722222222222222
0.9726027397260274
0.972972972972973
0.9733333333333334
0.9736842105263158
0.974025974025974
0.9743589743589743
0.9746835443037974
0.975
0.9753086419753086
0.975609756097561
0.9759036144578314
0.9761904761904762
0.9764705882352941
0.9767441860465116
0.9770114942528736
0.9772727272727273
0.9775280898876404
0.9777777777777777
0.978021978021978
0.9782608695652174
0.978494623655914
0.9787234042553191
0.9789473684210527
0.9791666666666666
0.979381443298969
0.9795918367346939
0.9797979797979798
0.98
0.9801980198019802
0.9900990099009901
