1.0
1.0
1.0
1.0
1.0
1.0
1.0
1.0
1.0
1.0
1.0
1.0
1.0
1.0
1.0
1.0
1.0
1.0
1.0
1.0
1.0
1.0
1.0
1.0
1.0
1.0
1.0
1.0
1.0
1.0
1.0
1.0
1.0
1.0
1.0
1.0
1.0
1.0
1.0
1.0
1.0
1.0
1.0
1.0
1.0
1.0
1.0
1.0
1.0
1.0
1.0
1.0
1.0
1.0
1.0
1.0
1.0
1.0
1.0
1.0
1.0
1.0
1.0
1.0
1.0
1.0
1.0
1.0
1.0
1.0
1.0
1.0
1.0
1.0
1.0
1.0
1.0
1.0
1.0
1.0
1.0
1.0
1.0
1.0
1.0
1.0
1.0
1.0
1.0
1.0
1.0
1.0
1.0
1.0
1.0
1.0
1.0
1.0
1.0
1.0
1.0
1.0
1.0
1.0
1.0
1.0
1.0
1.0
1.0
1.0
1.0
1.0
1.0
1.0
1.0
1.0
1.0
1.0
1.0
1.0
1.0
1.0
1.0
1.0
1.0
1.0
1.0
1.0
1.0
1.0
1.0
1.0
1.0
1.0
1.0
1.0
1.0
1.0
1.0
1.0
1.0
1.0
1.0
1.0
1.0
1.0
1.0
1.0
1.0
1.0
1.0
1.0
1.0
1.0
1.0
1.0
1.0
1.0
1.0
1.0
1.0
1.0
1.0
1.0
1.0
1.0
1.0
1.0
1.0
1.0
1.0
1.0
1.0
1.0
1.0
1.0
1.0
1.0
1.0
1.0
1.0
1.0
1.0
1.0
1.0
1.0
1.0
1.0
1.0
1.0
1.0
1.0
1.0
1.0
1.0
1.0
1.0
1.0
1.0
1.0
1.0
1.0
1.0
1.0
1.0
1.0
1.0
1.0
1.0
1.0
1.0
1.0
1.0
1.0
1.0
1.0
1.0
1.0
1.0
1.0
1.0
1.0
1.0
1.0
1.0
1.0
1.0
1.0
1.0
1.0
1.0
1.0
1.0
1.0
1.0
1.0
1.0
1.0
1.0
1.0
1.0
1.0
1.0
1.0
1.0
1.0
1.0
1.0
1.0
1.0
1.0
1.0
1.0
1.0
1.0
1.0
1.0
1.0
1.0
1.0
1.0
1.0
1.0
1.0
1.0
1.0
1.0
1.0
1.0
1.0
1.0
1.0
1.0
1.0
1.0
1.0
1.0
1.0
1.0
1.0
1.0
1.0
1.0
1.0
1.0
1.0
1.0
1.0
1.0
1.0
1.0
1.0
1.0
1.0
1.0
1.0
1.0
1.0
1.0
1.0
1.0
1.0
1.0
1.0
1.0
1.0
1.0
1.0
1.0
1.0
1.0
1.0
1.0
1.0
1.0
1.0
1.0
1.0
1.0
1.0
1.0
1.0
1.0
1.0
1.0
1.0
1.0
1.0
1.0
1.0
1.0
1.0
1.0
1.0
1.0
1.0
1.0
1.0
1.0
1.0
1.0
1.0
1.0
1.0
1.0
1.0
1.0
1.0
1.0
1.0
1.0
1.0
1.0
1.0
1.0
1.0
1.0
1.0
1.0
1.0
1.0
1.0
1.0
1.0
1.0
1.0
1.0
1.0
1.0
1.0
1.0
1.0
1.0
1.0
1.0
1.0
1.0
1.0
1.0
1.0
1.0
1.0
1.0
1.0
1.0
1.0
1.0
1.0
1.0
1.0
1.0
1.0
1.0
1.0
1.0
1.0
1.0
1.0
1.0
1.0
1.0
1.0
1.0
1.0
1.0
1.0
1.0
1.0
1.0
1.0
1.0
1.0
1.0
1.0
1.0
1.0
1.0
1.0
1.0
1.0
1.0
1.0
1.0
1.0
1.0
1.0
1.0
1.0
1.0
1.0
1.0
1.0
1.0
1.0
1.0
1.0
1.0
1.0
1.0
1.0
1.0
1.0
1.0
1.0
1.0
1.0
1.0
1.0
1.0
1.0
1.0
1.0
1.0
1.0
1.0
1.0
1.0
1.0
1.0
1.0
1.0
1.0
1.0
1.0
1.0
1.0
1.0
1.0
1.0
1.0
1.0
1.0
1.0
1.0
1.0
1.0
1.0
1.0
1.0
1.0
1.0
1.0
1.0
1.0
1.0
1.0
1.0
1.0
1.0
1.0
1.0
1.0
1.0
1.0
1.0
1.0
1.0
1.0
1.0
1.0
1.0
1.0
1.0
1.0
1.0
1.0
1.0
1.0
1.0
1.0
1.0
1.0
1.0
1.0
1.0
1.0
1.0
1.0
1.0
1.0
1.0
1.0
1.0
1.0
1.0
1.0
1.0
1.0
1.0
1.0
1.0
1.0
1.0
1.0
1.0
1.0
1.0
1.0
1.0
1.0
1.0
1.0
1.0
1.0
1.0
1.0
1.0
1.0
1.0
1.0
1.0
1.0
1.0
1.0
1.0
1.0
1.0
1.0
1.0
1.0
1.0
1.0
1.0
1.0
1.0
1.0
1.0
1.0
1.0
1.0
1.0
1.0
1.0
1.0
1.0
1.0
1.0
1.0
1.0
1.0
1.0
1.0
1.0
1.0
1.0
1.0
1.0
1.0
1.0
1.0
1.0
1.0
1.0
1.0
1.0
1.0
1.0
1.0
1.0
1.0
1.0
1.0
1.0
1.0
1.0
1.0
1.0
1.0
1.0
1.0
1.0
1.0
1.0
1.0
1.0
1.0
1.0
1.0
1.0
1.0
1.0
1.0
1.0
1.0
1.0
1.0
1.0
1.0
1.0
1.0
1.0
0.9905956112852664
0.9921630094043887
0.9937304075235109
0.9952978056426333
0.9968652037617555
0.9984326018808778
1.0
1.0
1.0
0.9816232771822359
0.9831546707503829
0.9846860643185299
0.9862174578866769
0.9877488514548239
0.9892802450229708
0.9908116385911179
0.9923430321592649
0.9938744257274119
0.9954058192955589
0.996937212863706
0.998468606431853
1.0
1.0
1.0
1.0
0.9954545454545455
0.996969696969697
0.9984848484848485
1.0
0.9836309523809523
0.9851190476190477
0.9866071428571429
0.9880952380952381
0.9895833333333334
0.9910714285714286
0.9925595238095238
0.9940476190476191
0.9955357142857143
0.9970238095238095
0.9985119047619048
1.0
1.0
0.9670014347202296
0.9684361549497847
0.96987087517934
0.9713055954088953
0.9727403156384505
0.9741750358680057
0.975609756097561
0.9770444763271162
0.9784791965566715
0.9799139167862266
0.9813486370157819
0.9827833572453372
0.9842180774748924
0.9856527977044476
0.9870875179340028
0.9885222381635581
0.9899569583931134
0.9913916786226685
0.9928263988522238
0.994261119081779
0.9956958393113343
0.9971305595408895
0.9985652797704447
1.0
0.9407008086253369
0.9420485175202157
0.9433962264150944
0.944743935309973
0.9460916442048517
0.9474393530997305
0.9487870619946092
0.9501347708894878
0.9514824797843666
0.9528301886792453
0.954177897574124
0.9555256064690026
0.9568733153638814
0.9582210242587601
0.9595687331536388
0.9609164420485176
0.9622641509433962
0.9636118598382749
0.9649595687331537
0.9663072776280324
0.967654986522911
0.9690026954177897
0.9703504043126685
0.9716981132075472
0.9730458221024259
0.9743935309973046
0.9757412398921833
0.977088948787062
0.9784366576819407
0.9797843665768194
0.9811320754716981
0.9824797843665768
0.9838274932614556
0.9851752021563343
0.9865229110512129
0.9878706199460916
0.9892183288409704
0.9905660377358491
0.9919137466307277
0.9932614555256065
0.9946091644204852
0.9959568733153639
0.9973045822102425
0.9986522911051213
1.0
0.9841059602649007
0.9854304635761589
0.9867549668874173
0.9880794701986755
0.9894039735099338
0.990728476821192
0.9920529801324504
0.9933774834437086
0.9947019867549669
0.9960264900662251
0.9973509933774835
0.9986754966887417
1.0
0.9792746113989638
0.9805699481865285
0.9818652849740933
0.9831606217616581
0.9844559585492227
0.9857512953367875
0.9870466321243523
0.9883419689119171
0.9896373056994818
0.9909326424870466
0.9922279792746114
0.9935233160621761
0.9948186528497409
0.9961139896373057
0.9974093264248705
0.9987046632124352
1.0
0.9834605597964376
0.9847328244274809
0.9860050890585241
0.9872773536895675
0.9885496183206107
0.989821882951654
0.9910941475826972
0.9923664122137404
0.9936386768447837
0.9949109414758269
0.9961832061068703
0.9974554707379135
0.9987277353689568
1.0
0.9764267990074442
0.9776674937965261
0.9789081885856079
0.9801488833746899
0.9813895781637717
0.9826302729528535
0.9838709677419355
0.9851116625310173
0.9863523573200993
0.9875930521091811
0.988833746898263
0.9900744416873449
0.9913151364764268
0.9925558312655087
0.9937965260545906
0.9950372208436724
0.9962779156327544
0.9975186104218362
0.9987593052109182
1.0
0.9901840490797545
0.9914110429447853
0.992638036809816
0.9938650306748467
0.9950920245398773
0.996319018404908
0.9975460122699387
0.9987730061349693
1.0
0.991494532199271
0.9927095990279465
0.9939246658566221
0.9951397326852977
0.9963547995139733
0.9975698663426489
0.9987849331713244
1.0
0.9832935560859188
0.9844868735083532
0.9856801909307876
0.986873508353222
0.9880668257756563
0.9892601431980907
0.9904534606205251
0.9916467780429594
0.9928400954653938
0.9940334128878282
0.9952267303102625
0.9964200477326969
0.9976133651551312
0.9988066825775657
1.0
0.9721900347624566
0.9733487833140209
0.9745075318655851
0.9756662804171495
0.9768250289687138
0.9779837775202781
0.9791425260718424
0.9803012746234068
0.981460023174971
0.9826187717265353
0.9837775202780996
0.984936268829664
0.9860950173812283
0.9872537659327926
0.9884125144843569
0.9895712630359212
0.9907300115874855
0.9918887601390498
0.9930475086906141
0.9942062572421785
0.9953650057937428
0.996523754345307
0.9976825028968713
0.9988412514484357
1.0
0.9919632606199771
0.9931113662456946
0.9942594718714122
0.9954075774971297
0.9965556831228473
0.9977037887485649
0.9988518943742825
1.0
0.9841986455981941
0.9853273137697517
0.9864559819413092
0.9875846501128668
0.9887133182844243
0.989841986455982
0.9909706546275395
0.9920993227990971
0.9932279909706546
0.9943566591422122
0.9954853273137697
0.9966139954853274
0.9977426636568849
0.9988713318284425
1.0
0.9955106621773289
0.9966329966329966
0.9977553310886644
0.9988776655443322
1.0
0.9780701754385965
0.9791666666666666
0.9802631578947368
0.981359649122807
0.9824561403508771
0.9835526315789473
0.9846491228070176
0.9857456140350878
0.9868421052631579
0.9879385964912281
0.9890350877192983
0.9901315789473685
0.9912280701754386
0.9923245614035088
0.993421052631579
0.9945175438596491
0.9956140350877193
0.9967105263157895
0.9978070175438597
0.9989035087719298
1.0
0.991313789359392
0.992399565689468
0.993485342019544
0.99457111834962
0.995656894679696
0.996742671009772
0.997828447339848
0.998914223669924
1.0
0.986096256684492
0.9871657754010695
0.9882352941176471
0.9893048128342246
0.9903743315508021
0.9914438502673797
0.9925133689839573
0.9935828877005347
0.9946524064171123
0.9957219251336898
0.9967914438502674
0.9978609625668449
0.9989304812834224
1.0
0.9873417721518988
0.8898385565052231
0.8907882241215574
0.8917378917378918
0.8926875593542261
0.8936372269705603
0.8945868945868946
0.8955365622032289
0.8964862298195632
0.8974358974358975
0.8983855650522318
0.899335232668566
0.9002849002849003
0.9012345679012346
0.9021842355175689
0.9031339031339032
0.9032258064516129
0.9033175355450237
0.9034090909090909
0.9035004730368968
0.9035916824196597
0.9036827195467422
0.9037735849056604
0.9038642789820923
0.903954802259887
0.9040451552210724
0.9041353383458647
0.9042253521126761
0.9043151969981238
0.9044048734770385
0.9044943820224719
0.9045837231057062
0.9046728971962616
0.9047619047619048
0.9048507462686567
0.9049394221808015
0.9050279329608939
0.9051162790697674
0.9052044609665427
0.9052924791086351
0.9053803339517625
0.9054680259499537
0.9055555555555556
0.9056429232192414
0.9057301293900185
0.9058171745152355
0.9059040590405905
0.9059907834101383
0.9060773480662984
0.906163753449862
0.90625
0.90633608815427
0.9064220183486239
0.9065077910174152
0.9065934065934066
0.9066788655077768
0.906764168190128
0.9068493150684932
0.906934306569343
0.9070191431175935
0.907103825136612
0.9071883530482256
0.9072727272727272
0.9073569482288828
0.9074410163339383
0.9075249320036265
0.907608695652174
0.9076923076923077
0.9077757685352622
0.907859078590786
0.907942238267148
0.9080252479711451
0.9081081081081082
0.9081908190819082
0.908273381294964
0.9083557951482479
0.9084380610412927
0.9085201793721973
0.9086021505376344
1.0
1.0
1.0
1.0
1.0
1.0
1.0
1.0
1.0
1.0
1.0
1.0
1.0
1.0
1.0
1.0
1.0
1.0
1.0
1.0
1.0
1.0
1.0
1.0
1.0
1.0
1.0
1.0
1.0
1.0
1.0
1.0
1.0
1.0
1.0
1.0
1.0
1.0
1.0
1.0
1.0
1.0
1.0
1.0
1.0
1.0
1.0
1.0
1.0
1.0
1.0
1.0
1.0
1.0
1.0
1.0
1.0
1.0
1.0
1.0
1.0
1.0
1.0
1.0
1.0
1.0
1.0
1.0
1.0
1.0
1.0
1.0
1.0
1.0
1.0
1.0
1.0
1.0
1.0
1.0
1.0
1.0
1.0
1.0
1.0
1.0
1.0
1.0
1.0
1.0
1.0
1.0
1.0
1.0
1.0
1.0
1.0
1.0
1.0
1.0
1.0
1.0
1.0
1.0
1.0
1.0
1.0
1.0
1.0
1.0
1.0
1.0
1.0
1.0
1.0
1.0
1.0
1.0
1.0
1.0
1.0
1.0
1.0
1.0
1.0
1.0
1.0
1.0
1.0
1.0
1.0
1.0
1.0
1.0
1.0
1.0
1.0
1.0
1.0
1.0
1.0
1.0
1.0
1.0
1.0
1.0
1.0
1.0
1.0
1.0
1.0
1.0
1.0
1.0
1.0
1.0
1.0
1.0
1.0
1.0
1.0
1.0
1.0
1.0
1.0
1.0
1.0
1.0
1.0
1.0
1.0
1.0
1.0
1.0
1.0
1.0
1.0
1.0
1.0
1.0
1.0
1.0
1.0
1.0
1.0
1.0
1.0
1.0
1.0
1.0
1.0
1.0
1.0
1.0
1.0
1.0
1.0
1.0
1.0
1.0
1.0
1.0
1.0
1.0
1.0
1.0
1.0
1.0
1.0
1.0
1.0
1.0
1.0
1.0
1.0
1.0
1.0
1.0
1.0
1.0
1.0
1.0
1.0
1.0
1.0
1.0
1.0
1.0
1.0
1.0
1.0
1.0
1.0
1.0
1.0
1.0
1.0
1.0
1.0
1.0
1.0
1.0
1.0
1.0
1.0
1.0
1.0
1.0
1.0
1.0
1.0
1.0
1.0
1.0
1.0
1.0
1.0
1.0
1.0
1.0
1.0
1.0
1.0
1.0
1.0
1.0
1.0
1.0
1.0
1.0
1.0
1.0
1.0
1.0
1.0
1.0
1.0
1.0
1.0
1.0
1.0
1.0
1.0
1.0
1.0
1.0
1.0
1.0
1.0
1.0
1.0
1.0
1.0
1.0
1.0
1.0
1.0
1.0
1.0
1.0
1.0
1.0
1.0
1.0
1.0
1.0
1.0
1.0
1.0
1.0
1.0
1.0
1.0
1.0
1.0
1.0
1.0
1.0
1.0
1.0
1.0
1.0
1.0
1.0
1.0
1.0
1.0
1.0
1.0
1.0
1.0
1.0
1.0
1.0
1.0
1.0
1.0
1.0
1.0
1.0
1.0
1.0
1.0
1.0
1.0
1.0
1.0
1.0
1.0
1.0
1.0
1.0
1.0
1.0
1.0
1.0
1.0
1.0
1.0
1.0
1.0
1.0
1.0
1.0
1.0
1.0
1.0
1.0
1.0
1.0
1.0
1.0
1.0
1.0
1.0
1.0
1.0
1.0
1.0
1.0
1.0
1.0
1.0
1.0
1.0
1.0
1.0
1.0
1.0
1.0
1.0
1.0
1.0
1.0
1.0
1.0
1.0
1.0
1.0
1.0
1.0
1.0
1.0
1.0
1.0
1.0
1.0
1.0
1.0
1.0
1.0
1.0
1.0
1.0
1.0
1.0
1.0
1.0
1.0
1.0
1.0
1.0
1.0
1.0
1.0
1.0
1.0
1.0
1.0
1.0
1.0
1.0
1.0
1.0
1.0
1.0
1.0
1.0
1.0
1.0
1.0
1.0
1.0
1.0
1.0
1.0
1.0
1.0
1.0
1.0
1.0
1.0
1.0
1.0
1.0
1.0
1.0
1.0
1.0
1.0
1.0
1.0
1.0
1.0
1.0
1.0
1.0
1.0
1.0
1.0
1.0
1.0
1.0
1.0
1.0
1.0
1.0
1.0
1.0
1.0
1.0
1.0
1.0
1.0
1.0
1.0
1.0
1.0
1.0
1.0
1.0
1.0
1.0
1.0
1.0
1.0
1.0
1.0
1.0
1.0
1.0
1.0
1.0
1.0
1.0
1.0
1.0
1.0
1.0
1.0
1.0
1.0
1.0
1.0
1.0
1.0
1.0
1.0
1.0
1.0
1.0
1.0
1.0
1.0
1.0
1.0
1.0
1.0
1.0
1.0
1.0
1.0
1.0
1.0
1.0
1.0
1.0
1.0
1.0
1.0
1.0
1.0
1.0
1.0
1.0
1.0
1.0
1.0
1.0
1.0
1.0
1.0
1.0
1.0
1.0
1.0
1.0
1.0
1.0
1.0
1.0
1.0
1.0
1.0
1.0
1.0
1.0
1.0
1.0
1.0
1.0
1.0
1.0
1.0
1.0
1.0
1.0
1.0
1.0
1.0
1.0
1.0
1.0
1.0
1.0
1.0
1.0
1.0
1.0
1.0
1.0
1.0
1.0
1.0
1.0
1.0
1.0
1.0
1.0
1.0
1.0
1.0
1.0
1.0
1.0
1.0
1.0
1.0
1.0
1.0
1.0
1.0
1.0
1.0
1.0
1.0
1.0
1.0
1.0
1.0
1.0
1.0
1.0
1.0
1.0
1.0
1.0
1.0
1.0
1.0
1.0
0.9905956112852664
0.9921630094043887
0.9937304075235109
0.9952978056426333
0.9968652037617555
0.9984326018808778
1.0
1.0
1.0
0.9816232771822359
0.9831546707503829
0.9846860643185299
0.9862174578866769
0.9877488514548239
0.9892802450229708
0.9908116385911179
0.9923430321592649
0.9938744257274119
0.9954058192955589
0.996937212863706
0.998468606431853
1.0
1.0
1.0
1.0
0.9954545454545455
0.996969696969697
0.9984848484848485
1.0
0.9836309523809523
0.9851190476190477
0.9866071428571429
0.9880952380952381
0.9895833333333334
0.9910714285714286
0.9925595238095238
0.9940476190476191
0.9955357142857143
0.9970238095238095
0.9985119047619048
1.0
1.0
0.9670014347202296
0.9684361549497847
0.96987087517934
0.9713055954088953
0.9727403156384505
0.9741750358680057
0.975609756097561
0.9770444763271162
0.9784791965566715
0.9799139167862266
0.9813486370157819
0.9827833572453372
0.9842180774748924
0.9856527977044476
0.9870875179340028
0.9885222381635581
0.9899569583931134
0.9913916786226685
0.9928263988522238
0.994261119081779
0.9956958393113343
0.9971305595408895
0.9985652797704447
1.0
0.9407008086253369
0.9420485175202157
0.9433962264150944
0.944743935309973
0.9460916442048517
0.9474393530997305
0.9487870619946092
0.9501347708894878
0.9514824797843666
0.9528301886792453
0.954177897574124
0.9555256064690026
0.9568733153638814
0.9582210242587601
0.9595687331536388
0.9609164420485176
0.9622641509433962
0.9636118598382749
0.9649595687331537
0.9663072776280324
0.967654986522911
0.9690026954177897
0.9703504043126685
0.9716981132075472
0.9730458221024259
0.9743935309973046
0.9757412398921833
0.977088948787062
0.9784366576819407
0.9797843665768194
0.9811320754716981
0.9824797843665768
0.9838274932614556
0.9851752021563343
0.9865229110512129
0.9878706199460916
0.9892183288409704
0.9905660377358491
0.9919137466307277
0.9932614555256065
0.9946091644204852
0.9959568733153639
0.9973045822102425
0.9986522911051213
1.0
0.9841059602649007
0.9854304635761589
0.9867549668874173
0.9880794701986755
0.9894039735099338
0.990728476821192
0.9920529801324504
0.9933774834437086
0.9947019867549669
0.9960264900662251
0.9973509933774835
0.9986754966887417
1.0
0.9792746113989638
0.9805699481865285
0.9818652849740933
0.9831606217616581
0.9844559585492227
0.9857512953367875
0.9870466321243523
0.9883419689119171
0.9896373056994818
0.9909326424870466
0.9922279792746114
0.9935233160621761
0.9948186528497409
0.9961139896373057
0.9974093264248705
0.9987046632124352
1.0
0.9834605597964376
0.9847328244274809
0.9860050890585241
0.9872773536895675
0.9885496183206107
0.989821882951654
0.9910941475826972
0.9923664122137404
0.9936386768447837
0.9949109414758269
0.9961832061068703
0.9974554707379135
0.9987277353689568
1.0
0.9764267990074442
0.9776674937965261
0.9789081885856079
0.9801488833746899
0.9813895781637717
0.9826302729528535
0.9838709677419355
0.9851116625310173
0.9863523573200993
0.9875930521091811
0.988833746898263
0.9900744416873449
0.9913151364764268
0.9925558312655087
0.9937965260545906
0.9950372208436724
0.9962779156327544
0.9975186104218362
0.9987593052109182
1.0
0.9901840490797545
0.9914110429447853
0.992638036809816
0.9938650306748467
0.9950920245398773
0.996319018404908
0.9975460122699387
0.9987730061349693
1.0
0.991494532199271
0.9927095990279465
0.9939246658566221
0.9951397326852977
0.9963547995139733
0.9975698663426489
0.9987849331713244
1.0
0.9832935560859188
0.9844868735083532
0.9856801909307876
0.986873508353222
0.9880668257756563
0.9892601431980907
0.9904534606205251
0.9916467780429594
0.9928400954653938
0.9940334128878282
0.9952267303102625
0.9964200477326969
0.9976133651551312
0.9988066825775657
1.0
0.9721900347624566
0.9733487833140209
0.9745075318655851
0.9756662804171495
0.9768250289687138
0.9779837775202781
0.9791425260718424
0.9803012746234068
0.981460023174971
0.9826187717265353
0.9837775202780996
0.984936268829664
0.9860950173812283
0.9872537659327926
0.9884125144843569
0.9895712630359212
0.9907300115874855
0.9918887601390498
0.9930475086906141
0.9942062572421785
0.9953650057937428
0.996523754345307
0.9976825028968713
0.9988412514484357
1.0
0.9919632606199771
0.9931113662456946
0.9942594718714122
0.9954075774971297
0.9965556831228473
0.9977037887485649
0.9988518943742825
1.0
0.9841986455981941
0.9853273137697517
0.9864559819413092
0.9875846501128668
0.9887133182844243
0.989841986455982
0.9909706546275395
0.9920993227990971
0.9932279909706546
0.9943566591422122
0.9954853273137697
0.9966139954853274
0.9977426636568849
0.9988713318284425
1.0
0.9955106621773289
0.9966329966329966
0.9977553310886644
0.9988776655443322
1.0
0.9780701754385965
0.9791666666666666
0.9802631578947368
0.981359649122807
0.9824561403508771
0.9835526315789473
0.9846491228070176
0.9857456140350878
0.9868421052631579
0.9879385964912281
0.9890350877192983
0.9901315789473685
0.9912280701754386
0.9923245614035088
0.993421052631579
0.9945175438596491
0.9956140350877193
0.9967105263157895
0.9978070175438597
0.9989035087719298
1.0
0.991313789359392
0.992399565689468
0.993485342019544
0.99457111834962
0.995656894679696
0.996742671009772
0.997828447339848
0.998914223669924
1.0
0.986096256684492
0.9871657754010695
0.9882352941176471
0.9893048128342246
0.9903743315508021
0.9914438502673797
0.9925133689839573
0.9935828877005347
0.9946524064171123
0.9957219251336898
0.9967914438502674
0.9978609625668449
0.9989304812834224
1.0
0.9873417721518988
0.8898385565052231
0.8907882241215574
0.8917378917378918
0.8926875593542261
0.8936372269705603
0.8945868945868946
0.8955365622032289
0.8964862298195632
0.8974358974358975
0.8983855650522318
0.899335232668566
0.9002849002849003
0.9012345679012346
0.9021842355175689
0.9031339031339032
0.9032258064516129
0.9033175355450237
0.9034090909090909
0.9035004730368968
0.9035916824196597
0.9036827195467422
0.9037735849056604
0.9038642789820923
0.903954802259887
0.9040451552210724
0.9041353383458647
0.9042253521126761
0.9043151969981238
0.9044048734770385
0.9044943820224719
0.9045837231057062
0.9046728971962616
0.9047619047619048
0.9048507462686567
0.9049394221808015
0.9050279329608939
0.9051162790697674
0.9052044609665427
0.9052924791086351
0.9053803339517625
0.9054680259499537
0.9055555555555556
0.9056429232192414
0.9057301293900185
0.9058171745152355
0.9059040590405905
0.9059907834101383
0.9060773480662984
0.906163753449862
0.90625
0.90633608815427
0.9064220183486239
0.9065077910174152
0.9065934065934066
0.9066788655077768
0.906764168190128
0.9068493150684932
0.906934306569343
0.9070191431175935
0.907103825136612
0.9071883530482256
0.9072727272727272
0.9073569482288828
0.9074410163339383
0.9075249320036265
0.907608695652174
0.9076923076923077
0.9077757685352622
0.907859078590786
0.907942238267148
0.9080252479711451
0.9081081081081082
0.9081908190819082
0.908273381294964
0.9083557951482479
0.9084380610412927
0.9085201793721973
0.9086021505376344
1.0
1.0
1.0
1.0
1.0
1.0
1.0
1.0
1.0
1.0
1.0
1.0
1.0
1.0
1.0
1.0
1.0
1.0
1.0
1.0
1.0
1.0
1.0
1.0
1.0
1.0
1.0
1.0
1.0
1.0
1.0
1.0
1.0
1.0
1.0
1.0
1.0
1.0
1.0
1.0
1.0
1.0
1.0
1.0
1.0
1.0
1.0
1.0
1.0
1.0
1.0
1.0
1.0
1.0
1.0
1.0
1.0
1.0
1.0
1.0
1.0
1.0
1.0
1.0
1.0
1.0
1.0
1.0
1.0
1.0
1.0
1.0
1.0
1.0
1.0
1.0
1.0
1.0
1.0
1.0
1.0
1.0
1.0
1.0
1.0
1.0
1.0
1.0
1.0
1.0
1.0
1.0
1.0
1.0
1.0
1.0
1.0
1.0
1.0
1.0
1.0
1.0
1.0
1.0
1.0
1.0
1.0
1.0
1.0
1.0
1.0
1.0
1.0
1.0
1.0
1.0
1.0
1.0
1.0
1.0
1.0
1.0
1.0
1.0
1.0
1.0
1.0
1.0
1.0
1.0
1.0
1.0
1.0
1.0
1.0
1.0
1.0
1.0
1.0
1.0
1.0
1.0
1.0
1.0
1.0
1.0
1.0
1.0
1.0
1.0
1.0
1.0
1.0
1.0
1.0
1.0
1.0
1.0
1.0
1.0
1.0
1.0
1.0
1.0
1.0
1.0
1.0
1.0
1.0
1.0
1.0
1.0
1.0
1.0
1.0
1.0
1.0
1.0
1.0
1.0
1.0
1.0
1.0
1.0
1.0
1.0
1.0
1.0
1.0
1.0
1.0
1.0
1.0
1.0
1.0
1.0
1.0
1.0
1.0
1.0
1.0
1.0
1.0
1.0
1.0
1.0
1.0
1.0
1.0
1.0
1.0
1.0
1.0
1.0
1.0
1.0
1.0
1.0
1.0
1.0
1.0
1.0
1.0
1.0
1.0
1.0
1.0
1.0
1.0
1.0
1.0
1.0
1.0
1.0
1.0
1.0
1.0
1.0
1.0
1.0
1.0
1.0
1.0
1.0
1.0
1.0
1.0
1.0
1.0
1.0
1.0
1.0
1.0
1.0
1.0
1.0
1.0
1.0
1.0
1.0
1.0
1.0
1.0
1.0
1.0
1.0
1.0
1.0
1.0
1.0
1.0
1.0
1.0
1.0
1.0
1.0
1.0
1.0
1.0
1.0
1.0
1.0
1.0
1.0
1.0
1.0
1.0
1.0
1.0
1.0
1.0
1.0
1.0
1.0
1.0
1.0
1.0
1.0
1.0
1.0
1.0
1.0
1.0
1.0
1.0
1.0
1.0
1.0
1.0
1.0
1.0
1.0
1.0
1.0
1.0
1.0
1.0
1.0
1.0
1.0
1.0
1.0
1.0
1.0
1.0
1.0
1.0
1.0
1.0
1.0
1.0
1.0
1.0
1.0
1.0
1.0
1.0
1.0
1.0
1.0
1.0
1.0
1.0
1.0
1.0
1.0
1.0
1.0
1.0
1.0
1.0
1.0
1.0
1.0
1.0
1.0
1.0
1.0
1.0
1.0
1.0
1.0
1.0
1.0
1.0
1.0
1.0
1.0
1.0
1.0
1.0
1.0
1.0
1.0
1.0
1.0
1.0
1.0
1.0
1.0
1.0
1.0
1.0
1.0
1.0
1.0
1.0
1.0
1.0
1.0
1.0
1.0
1.0
1.0
1.0
1.0
1.0
1.0
1.0
1.0
1.0
1.0
1.0
1.0
1.0
1.0
1.0
1.0
1.0
1.0
1.0
1.0
1.0
1.0
1.0
1.0
1.0
1.0
1.0
1.0
1.0
1.0
1.0
1.0
1.0
1.0
1.0
1.0
1.0
1.0
1.0
1.0
1.0
1.0
1.0
1.0
1.0
1.0
1.0
1.0
1.0
1.0
1.0
1.0
1.0
1.0
1.0
1.0
1.0
1.0
1.0
1.0
1.0
1.0
1.0
1.0
1.0
1.0
1.0
1.0
1.0
1.0
1.0
1.0
1.0
1.0
1.0
1.0
1.0
1.0
1.0
1.0
1.0
1.0
1.0
1.0
1.0
1.0
1.0
1.0
1.0
1.0
1.0
1.0
1.0
1.0
1.0
1.0
1.0
1.0
1.0
1.0
1.0
1.0
1.0
1.0
1.0
1.0
1.0
1.0
1.0
1.0
1.0
1.0
1.0
1.0
1.0
1.0
1.0
1.0
1.0
1.0
1.0
1.0
1.0
1.0
1.0
1.0
1.0
1.0
1.0
1.0
1.0
1.0
1.0
1.0
1.0
1.0
1.0
1.0
1.0
1.0
1.0
1.0
1.0
1.0
1.0
1.0
1.0
1.0
1.0
1.0
1.0
1.0
1.0
1.0
1.0
1.0
1.0
1.0
1.0
1.0
1.0
1.0
1.0
1.0
1.0
1.0
1.0
1.0
1.0
1.0
1.0
1.0
1.0
1.0
1.0
1.0
1.0
1.0
1.0
1.0
1.0
1.0
1.0
1.0
1.0
1.0
1.0
1.0
1.0
1.0
1.0
1.0
1.0
1.0
1.0
1.0
1.0
1.0
1.0
1.0
1.0
1.0
1.0
1.0
1.0
1.0
1.0
1.0
1.0
1.0
1.0
1.0
1.0
1.0
1.0
1.0
1.0
1.0
1.0
1.0
1.0
1.0
1.0
0.9609984399375975
0.9610591900311527
0.9611197511664075
0.9626749611197511
0.9642301710730948
0.9657853810264385
0.9673405909797823
0.968895800933126
0.9704510108864697
0.9720062208398134
0.973561430793157
0.9751166407465007
0.9766718506998445
0.9782270606531882
0.9797822706065319
0.9813374805598756
0.9828926905132193
0.9844479004665629
0.9860031104199067
0.9875583203732504
0.9891135303265941
0.9906687402799378
0.9922239502332815
0.9937791601866252
0.995334370139969
0.9968895800933126
0.9984447900466563
1.0
1.0
1.0
1.0
1.0
0.9803328290468987
0.9818456883509834
0.983358547655068
0.9848714069591528
0.9863842662632375
0.9878971255673222
0.989409984871407
0.9909228441754917
0.9924357034795764
0.9939485627836612
0.9954614220877458
0.9969742813918305
0.9984871406959153
1.0
0.9836552748885586
0.9851411589895989
0.986627043090639
0.9881129271916791
0.9895988112927192
0.9910846953937593
0.9925705794947994
0.9940564635958395
0.9955423476968797
0.9970282317979198
0.9985141158989599
1.0
0.9725829725829725
0.974025974025974
0.9754689754689755
0.976911976911977
0.9783549783549783
0.9797979797979798
0.9812409812409812
0.9826839826839827
0.9841269841269841
0.9855699855699855
0.987012987012987
0.9884559884559885
0.98989898989899
0.9913419913419913
0.9927849927849928
0.9942279942279942
0.9956709956709957
0.9971139971139971
0.9985569985569985
1.0
0.9900142653352354
0.9914407988587732
0.992867332382311
0.9942938659058488
0.9957203994293866
0.9971469329529244
0.9985734664764622
1.0
0.9669421487603306
0.9683195592286501
0.9696969696969697
0.9710743801652892
0.9724517906336089
0.9738292011019284
0.9752066115702479
0.9765840220385675
0.977961432506887
0.9793388429752066
0.9807162534435262
0.9820936639118457
0.9834710743801653
0.9848484848484849
0.9862258953168044
0.987603305785124
0.9889807162534435
0.990358126721763
0.9917355371900827
0.9931129476584022
0.9944903581267218
0.9958677685950413
0.9972451790633609
0.9986225895316805
1.0
1.0
1.0
1.0
1.0
1.0
1.0
1.0
0.9657894736842105
0.9671052631578947
0.968421052631579
0.9697368421052631
0.9710526315789474
0.9723684210526315
0.9736842105263158
0.975
0.961139896373057
0.9624352331606217
0.9637305699481865
0.9650259067357513
0.966321243523316
0.9676165803108808
0.9689119170984456
0.9702072538860104
0.9715025906735751
0.9727979274611399
0.9740932642487047
0.9753886010362695
0.9666666666666667
0.967948717948718
0.9692307692307692
0.9705128205128205
0.9717948717948718
0.9730769230769231
0.9743589743589743
0.9756410256410256
0.9596977329974811
0.9609571788413098
0.9622166246851386
0.9634760705289672
0.964735516372796
0.9659949622166247
0.9672544080604534
0.9685138539042821
0.9697732997481109
0.9710327455919395
0.9722921914357683
0.9735516372795969
0.9748110831234257
0.9760705289672544
0.9394673123486683
0.940677966101695
0.9418886198547215
0.9430992736077481
0.9443099273607748
0.9455205811138014
0.9467312348668281
0.9479418886198547
0.9491525423728814
0.950363196125908
0.9515738498789347
0.9527845036319612
0.9539951573849879
0.9552058111380145
0.9564164648910412
0.9576271186440678
0.9588377723970944
0.9600484261501211
0.9612590799031477
0.9624697336561744
0.9636803874092009
0.9648910411622276
0.9661016949152542
0.9673123486682809
0.9685230024213075
0.9697336561743342
0.9709443099273608
0.9721549636803875
0.9733656174334141
0.9745762711864406
0.9757869249394673
0.9758162031438936
0.9758454106280193
0.9758745476477684
0.9759036144578314
0.9759326113116726
0.9759615384615384
0.9759903961584634
0.9760191846522782
0.9760479041916168
0.9760765550239234
0.97610513739546
0.9761336515513126
0.9761620977353993
0.9761904761904762
0.976218787158145
0.9762470308788599
0.9762752075919335
0.976303317535545
0.9763313609467456
0.9763593380614657
0.9763872491145218
0.9764150943396226
0.9764428739693758
0.9764705882352941
0.9764982373678026
0.9765258215962441
0.9765533411488863
0.9765807962529274
0.9766081871345029
0.9766355140186916
0.9766627771295215
0.9766899766899767
0.9767171129220024
0.9767441860465116
0.9767711962833914
0.9767981438515081
0.9768250289687138
0.9768518518518519
0.976878612716763
0.976905311778291
0.9769319492502884
0.9769585253456221
0.9769850402761795
0.9770114942528736
0.9770378874856487
0.9770642201834863
0.97709049255441
0.977116704805492
0.9771428571428571
0.9771689497716894
0.9771949828962372
0.9772209567198178
0.9772468714448237
0.9772727272727273
0.9772985244040863
0.9773242630385488
0.9773499433748585
0.9773755656108597
0.9774011299435028
0.9774266365688488
0.9774520856820744
0.9774774774774775
0.9775028121484814
0.9775280898876404
0.9775533108866442
0.9775784753363229
0.9776035834266518
0.9776286353467561
0.9776536312849162
0.9776785714285714
0.9777034559643255
0.977728285077951
0.9777530589543938
0.9777777777777777
0.9778024417314095
0.9778270509977827
0.9778516057585825
0.9778761061946902
1.0
1.0
1.0
1.0
1.0
1.0
1.0
1.0
1.0
1.0
1.0
1.0
1.0
1.0
1.0
1.0
1.0
1.0
1.0
1.0
1.0
1.0
1.0
1.0
1.0
1.0
1.0
1.0
1.0
1.0
1.0
1.0
1.0
1.0
1.0
1.0
1.0
1.0
1.0
1.0
1.0
1.0
1.0
1.0
1.0
1.0
1.0
1.0
1.0
1.0
1.0
1.0
1.0
1.0
1.0
1.0
1.0
1.0
1.0
1.0
1.0
1.0
1.0
1.0
1.0
1.0
1.0
1.0
1.0
1.0
1.0
1.0
1.0
1.0
1.0
1.0
1.0
1.0
1.0
1.0
1.0
1.0
1.0
1.0
1.0
1.0
1.0
1.0
1.0
1.0
1.0
1.0
1.0
1.0
1.0
1.0
1.0
1.0
1.0
1.0
1.0
1.0
1.0
1.0
1.0
1.0
1.0
1.0
1.0
1.0
1.0
1.0
1.0
1.0
1.0
1.0
1.0
1.0
1.0
1.0
1.0
1.0
1.0
1.0
1.0
1.0
1.0
1.0
1.0
1.0
1.0
1.0
1.0
1.0
1.0
1.0
1.0
1.0
1.0
1.0
1.0
1.0
1.0
1.0
1.0
1.0
1.0
1.0
1.0
1.0
1.0
1.0
1.0
1.0
1.0
1.0
1.0
1.0
1.0
1.0
1.0
1.0
1.0
1.0
1.0
1.0
1.0
1.0
1.0
1.0
1.0
1.0
1.0
1.0
1.0
1.0
1.0
1.0
1.0
1.0
1.0
1.0
1.0
1.0
1.0
1.0
1.0
1.0
1.0
1.0
1.0
1.0
1.0
1.0
1.0
1.0
1.0
1.0
1.0
1.0
1.0
1.0
1.0
1.0
1.0
1.0
1.0
1.0
1.0
1.0
1.0
1.0
1.0
1.0
1.0
1.0
1.0
1.0
1.0
1.0
1.0
1.0
1.0
1.0
1.0
1.0
1.0
1.0
1.0
1.0
1.0
1.0
1.0
1.0
1.0
1.0
1.0
1.0
1.0
1.0
1.0
1.0
1.0
1.0
1.0
1.0
1.0
1.0
1.0
1.0
1.0
1.0
1.0
1.0
1.0
1.0
1.0
1.0
1.0
1.0
1.0
1.0
1.0
1.0
1.0
1.0
1.0
1.0
1.0
1.0
1.0
1.0
1.0
1.0
1.0
1.0
1.0
1.0
1.0
1.0
1.0
1.0
1.0
1.0
1.0
1.0
1.0
1.0
1.0
1.0
1.0
1.0
1.0
1.0
1.0
1.0
1.0
1.0
1.0
1.0
1.0
1.0
1.0
1.0
1.0
1.0
1.0
1.0
1.0
1.0
1.0
1.0
1.0
1.0
1.0
1.0
1.0
1.0
1.0
1.0
1.0
1.0
1.0
1.0
1.0
1.0
1.0
1.0
1.0
1.0
1.0
1.0
1.0
1.0
1.0
1.0
1.0
1.0
1.0
1.0
1.0
1.0
1.0
1.0
1.0
1.0
1.0
1.0
1.0
1.0
1.0
1.0
1.0
1.0
1.0
1.0
1.0
1.0
1.0
1.0
1.0
1.0
1.0
1.0
1.0
1.0
1.0
1.0
1.0
1.0
1.0
1.0
1.0
1.0
1.0
1.0
1.0
1.0
1.0
1.0
1.0
1.0
1.0
1.0
1.0
1.0
1.0
1.0
1.0
1.0
1.0
1.0
1.0
1.0
1.0
1.0
1.0
1.0
1.0
1.0
1.0
1.0
1.0
1.0
1.0
1.0
1.0
1.0
1.0
1.0
1.0
1.0
1.0
1.0
1.0
1.0
1.0
1.0
1.0
1.0
1.0
1.0
1.0
1.0
1.0
1.0
1.0
1.0
1.0
1.0
1.0
1.0
1.0
1.0
1.0
1.0
1.0
1.0
1.0
1.0
1.0
1.0
1.0
1.0
1.0
1.0
1.0
1.0
1.0
1.0
1.0
1.0
1.0
1.0
1.0
1.0
1.0
1.0
1.0
1.0
1.0
1.0
1.0
1.0
1.0
1.0
1.0
1.0
1.0
1.0
1.0
1.0
1.0
1.0
1.0
1.0
1.0
1.0
1.0
1.0
1.0
1.0
1.0
1.0
1.0
1.0
1.0
1.0
1.0
1.0
1.0
1.0
1.0
1.0
1.0
1.0
1.0
1.0
1.0
1.0
1.0
1.0
1.0
1.0
1.0
1.0
1.0
1.0
1.0
1.0
1.0
1.0
1.0
1.0
1.0
1.0
1.0
1.0
1.0
1.0
1.0
1.0
1.0
1.0
1.0
1.0
1.0
1.0
1.0
1.0
1.0
1.0
1.0
1.0
1.0
1.0
1.0
1.0
1.0
1.0
1.0
1.0
1.0
1.0
1.0
1.0
1.0
1.0
1.0
1.0
1.0
1.0
1.0
1.0
1.0
1.0
1.0
1.0
1.0
1.0
1.0
1.0
1.0
1.0
1.0
1.0
1.0
1.0
1.0
1.0
1.0
1.0
1.0
1.0
1.0
1.0
1.0
1.0
1.0
1.0
1.0
1.0
1.0
1.0
1.0
1.0
1.0
1.0
1.0
1.0
1.0
1.0
1.0
1.0
1.0
1.0
1.0
1.0
1.0
1.0
1.0
1.0
1.0
1.0
1.0
1.0
1.0
1.0
1.0
1.0
1.0
1.0
1.0
1.0
1.0
0.9609984399375975
0.9610591900311527
0.9611197511664075
0.9626749611197511
0.9642301710730948
0.9657853810264385
0.9673405909797823
0.968895800933126
0.9704510108864697
0.9720062208398134
0.973561430793157
0.9751166407465007
0.9766718506998445
0.9782270606531882
0.9797822706065319
0.9813374805598756
0.9828926905132193
0.9844479004665629
0.9860031104199067
0.9875583203732504
0.9891135303265941
0.9906687402799378
0.9922239502332815
0.9937791601866252
0.995334370139969
0.9968895800933126
0.9984447900466563
1.0
1.0
1.0
1.0
1.0
0.9803328290468987
0.9818456883509834
0.983358547655068
0.9848714069591528
0.9863842662632375
0.9878971255673222
0.989409984871407
0.9909228441754917
0.9924357034795764
0.9939485627836612
0.9954614220877458
0.9969742813918305
0.9984871406959153
1.0
0.9836552748885586
0.9851411589895989
0.986627043090639
0.9881129271916791
0.9895988112927192
0.9910846953937593
0.9925705794947994
0.9940564635958395
0.9955423476968797
0.9970282317979198
0.9985141158989599
1.0
0.9725829725829725
0.974025974025974
0.9754689754689755
0.976911976911977
0.9783549783549783
0.9797979797979798
0.9812409812409812
0.9826839826839827
0.9841269841269841
0.9855699855699855
0.987012987012987
0.9884559884559885
0.98989898989899
0.9913419913419913
0.9927849927849928
0.9942279942279942
0.9956709956709957
0.9971139971139971
0.9985569985569985
1.0
0.9900142653352354
0.9914407988587732
0.992867332382311
0.9942938659058488
0.9957203994293866
0.9971469329529244
0.9985734664764622
1.0
0.9669421487603306
0.9683195592286501
0.9696969696969697
0.9710743801652892
0.9724517906336089
0.9738292011019284
0.9752066115702479
0.9765840220385675
0.977961432506887
0.9793388429752066
0.9807162534435262
0.9820936639118457
0.9834710743801653
0.9848484848484849
0.9862258953168044
0.987603305785124
0.9889807162534435
0.990358126721763
0.9917355371900827
0.9931129476584022
0.9944903581267218
0.9958677685950413
0.9972451790633609
0.9986225895316805
1.0
1.0
1.0
1.0
1.0
1.0
1.0
1.0
0.9657894736842105
0.9671052631578947
0.968421052631579
0.9697368421052631
0.9710526315789474
0.9723684210526315
0.9736842105263158
0.975
0.961139896373057
0.9624352331606217
0.9637305699481865
0.9650259067357513
0.966321243523316
0.9676165803108808
0.9689119170984456
0.9702072538860104
0.9715025906735751
0.9727979274611399
0.9740932642487047
0.9753886010362695
0.9666666666666667
0.967948717948718
0.9692307692307692
0.9705128205128205
0.9717948717948718
0.9730769230769231
0.9743589743589743
0.9756410256410256
0.9596977329974811
0.9609571788413098
0.9622166246851386
0.9634760705289672
0.964735516372796
0.9659949622166247
0.9672544080604534
0.9685138539042821
0.9697732997481109
0.9710327455919395
0.9722921914357683
0.9735516372795969
0.9748110831234257
0.9760705289672544
0.9394673123486683
0.940677966101695
0.9418886198547215
0.9430992736077481
0.9443099273607748
0.9455205811138014
0.9467312348668281
0.9479418886198547
0.9491525423728814
0.950363196125908
0.9515738498789347
0.9527845036319612
0.9539951573849879
0.9552058111380145
0.9564164648910412
0.9576271186440678
0.9588377723970944
0.9600484261501211
0.9612590799031477
0.9624697336561744
0.9636803874092009
0.9648910411622276
0.9661016949152542
0.9673123486682809
0.9685230024213075
0.9697336561743342
0.9709443099273608
0.9721549636803875
0.9733656174334141
0.9745762711864406
0.9757869249394673
0.9758162031438936
0.9758454106280193
0.9758745476477684
0.9759036144578314
0.9759326113116726
0.9759615384615384
0.9759903961584634
0.9760191846522782
0.9760479041916168
0.9760765550239234
0.97610513739546
0.9761336515513126
0.9761620977353993
0.9761904761904762
0.976218787158145
0.9762470308788599
0.9762752075919335
0.976303317535545
0.9763313609467456
0.9763593380614657
0.9763872491145218
0.9764150943396226
0.9764428739693758
0.9764705882352941
0.9764982373678026
0.9765258215962441
0.9765533411488863
0.9765807962529274
0.9766081871345029
0.9766355140186916
0.9766627771295215
0.9766899766899767
0.9767171129220024
0.9767441860465116
0.9767711962833914
0.9767981438515081
0.9768250289687138
0.9768518518518519
0.976878612716763
0.976905311778291
0.9769319492502884
0.9769585253456221
0.9769850402761795
0.9770114942528736
0.9770378874856487
0.9770642201834863
0.97709049255441
0.977116704805492
0.9771428571428571
0.9771689497716894
0.9771949828962372
0.9772209567198178
0.9772468714448237
0.9772727272727273
0.9772985244040863
0.9773242630385488
0.9773499433748585
0.9773755656108597
0.9774011299435028
0.9774266365688488
0.9774520856820744
0.9774774774774775
0.9775028121484814
0.9775280898876404
0.9775533108866442
0.9775784753363229
0.9776035834266518
0.9776286353467561
0.9776536312849162
0.9776785714285714
0.9777034559643255
0.977728285077951
0.9777530589543938
0.9777777777777777
0.9778024417314095
0.9778270509977827
0.9778516057585825
0.9778761061946902
1.0
1.0
1.0
1.0
1.0
1.0
1.0
1.0
1.0
1.0
1.0
1.0
1.0
1.0
1.0
1.0
1.0
1.0
1.0
1.0
1.0
1.0
1.0
1.0
1.0
1.0
1.0
1.0
1.0
1.0
1.0
1.0
1.0
1.0
1.0
1.0
1.0
1.0
1.0
1.0
1.0
1.0
1.0
1.0
1.0
1.0
1.0
1.0
1.0
1.0
1.0
1.0
1.0
1.0
1.0
1.0
1.0
1.0
1.0
1.0
1.0
1.0
1.0
1.0
1.0
1.0
1.0
1.0
1.0
1.0
1.0
1.0
1.0
1.0
1.0
1.0
1.0
1.0
1.0
1.0
1.0
1.0
1.0
1.0
1.0
1.0
1.0
1.0
1.0
1.0
1.0
1.0
1.0
1.0
1.0
1.0
1.0
1.0
1.0
1.0
1.0
1.0
1.0
1.0
1.0
1.0
1.0
1.0
1.0
1.0
1.0
1.0
1.0
1.0
1.0
1.0
1.0
1.0
1.0
1.0
1.0
1.0
1.0
1.0
1.0
1.0
1.0
1.0
1.0
1.0
1.0
1.0
1.0
1.0
1.0
1.0
1.0
1.0
1.0
1.0
1.0
1.0
1.0
1.0
1.0
1.0
1.0
1.0
1.0
1.0
1.0
1.0
1.0
1.0
1.0
1.0
1.0
1.0
1.0
1.0
1.0
1.0
1.0
1.0
1.0
1.0
1.0
1.0
1.0
1.0
1.0
1.0
1.0
1.0
1.0
1.0
1.0
1.0
1.0
1.0
1.0
1.0
1.0
1.0
1.0
1.0
1.0
1.0
1.0
1.0
1.0
1.0
1.0
1.0
1.0
1.0
1.0
1.0
1.0
1.0
1.0
1.0
1.0
1.0
1.0
1.0
1.0
1.0
1.0
1.0
1.0
1.0
1.0
1.0
1.0
1.0
1.0
1.0
1.0
1.0
1.0
1.0
1.0
1.0
1.0
1.0
1.0
1.0
1.0
1.0
1.0
1.0
1.0
1.0
1.0
1.0
1.0
1.0
1.0
1.0
1.0
1.0
1.0
1.0
1.0
1.0
1.0
1.0
1.0
1.0
1.0
1.0
1.0
1.0
1.0
1.0
1.0
1.0
1.0
1.0
1.0
1.0
1.0
1.0
1.0
1.0
1.0
1.0
1.0
1.0
1.0
1.0
1.0
1.0
1.0
1.0
1.0
1.0
1.0
1.0
1.0
1.0
1.0
1.0
1.0
1.0
1.0
1.0
1.0
1.0
1.0
1.0
1.0
1.0
1.0
1.0
1.0
1.0
1.0
1.0
1.0
1.0
1.0
1.0
1.0
1.0
1.0
1.0
1.0
1.0
1.0
1.0
1.0
1.0
1.0
1.0
1.0
1.0
1.0
1.0
1.0
1.0
1.0
1.0
1.0
1.0
1.0
1.0
1.0
1.0
1.0
1.0
1.0
1.0
1.0
1.0
1.0
1.0
1.0
1.0
1.0
1.0
1.0
1.0
1.0
1.0
1.0
1.0
1.0
1.0
1.0
1.0
1.0
1.0
1.0
1.0
1.0
1.0
1.0
1.0
1.0
1.0
1.0
1.0
1.0
1.0
1.0
1.0
1.0
1.0
1.0
1.0
1.0
1.0
1.0
1.0
1.0
1.0
1.0
1.0
1.0
1.0
1.0
1.0
1.0
1.0
1.0
1.0
1.0
1.0
1.0
1.0
1.0
1.0
1.0
1.0
1.0
1.0
1.0
1.0
1.0
1.0
1.0
1.0
1.0
1.0
1.0
1.0
1.0
1.0
1.0
1.0
1.0
1.0
1.0
1.0
1.0
1.0
1.0
1.0
1.0
1.0
1.0
1.0
1.0
1.0
1.0
1.0
1.0
1.0
1.0
1.0
1.0
1.0
1.0
1.0
1.0
1.0
1.0
1.0
1.0
1.0
1.0
1.0
1.0
1.0
1.0
1.0
1.0
1.0
1.0
1.0
1.0
1.0
1.0
1.0
1.0
1.0
1.0
1.0
1.0
1.0
1.0
1.0
1.0
1.0
1.0
1.0
1.0
1.0
1.0
1.0
1.0
1.0
1.0
1.0
1.0
1.0
1.0
1.0
1.0
1.0
1.0
1.0
1.0
1.0
1.0
1.0
1.0
1.0
1.0
1.0
1.0
1.0
1.0
1.0
1.0
1.0
1.0
1.0
1.0
1.0
1.0
1.0
1.0
1.0
1.0
1.0
1.0
1.0
1.0
1.0
1.0
1.0
1.0
1.0
1.0
1.0
1.0
1.0
1.0
1.0
1.0
1.0
1.0
1.0
1.0
1.0
1.0
1.0
1.0
1.0
1.0
1.0
1.0
1.0
1.0
1.0
1.0
1.0
1.0
1.0
1.0
1.0
1.0
1.0
1.0
1.0
1.0
1.0
1.0
1.0
1.0
1.0
1.0
1.0
1.0
1.0
1.0
1.0
1.0
1.0
1.0
1.0
1.0
1.0
1.0
1.0
1.0
1.0
1.0
1.0
1.0
1.0
1.0
1.0
1.0
1.0
1.0
1.0
1.0
1.0
1.0
1.0
1.0
1.0
1.0
1.0
1.0
1.0
1.0
1.0
1.0
1.0
1.0
1.0
1.0
1.0
1.0
1.0
1.0
1.0
1.0
1.0
1.0
1.0
1.0
1.0
1.0
1.0
1.0
1.0
1.0
1.0
0.9654631083202512
0.967032967032967
0.9686028257456829
0.9701726844583988
0.9717425431711146
0.9733124018838305
0.9748822605965463
0.9764521193092621
0.978021978021978
0.9795918367346939
0.9796238244514106
0.9796557120500783
0.9796875
0.9797191887675507
0.9797507788161994
0.9797822706065319
0.9798136645962733
0.9798449612403101
0.9798761609907121
0.9799072642967542
0.9799382716049383
0.9799691833590138
0.98
0.9800307219662059
0.9800613496932515
0.9800918836140888
0.9801223241590215
0.9801526717557252
0.9801829268292683
0.9802130898021308
0.9802431610942249
0.9802731411229135
0.9803030303030303
0.9803328290468987
0.9803625377643505
0.9803921568627451
0.9804216867469879
0.9804511278195489
0.9804804804804805
0.9805097451274363
0.9805389221556886
0.9805680119581465
0.9805970149253731
0.9806259314456036
0.9806547619047619
0.9806835066864784
0.9807121661721068
0.9807407407407407
0.9807692307692307
0.9807976366322009
0.9808259587020649
0.9808541973490427
0.9808823529411764
0.9809104258443465
0.9809384164222874
0.9809663250366032
0.9809941520467836
0.981021897810219
0.9810495626822158
0.9810771470160117
0.9811046511627907
0.9811320754716981
0.981159420289855
0.9811866859623734
0.9812138728323699
0.9812409812409812
0.9812680115273775
0.981294964028777
0.9813218390804598
0.9813486370157819
0.9813753581661891
0.9814020028612304
0.9814285714285714
0.9814550641940085
0.9814814814814815
0.9815078236130867
0.9815340909090909
0.9815602836879432
0.9815864022662889
0.9816124469589816
0.981638418079096
0.9816643159379408
0.9816901408450704
0.9817158931082982
0.9817415730337079
0.9817671809256662
0.9817927170868347
0.9818181818181818
0.9736842105263158
0.9750692520775623
0.9764542936288089
0.9778393351800554
0.9792243767313019
0.9806094182825484
0.981994459833795
1.0
1.0
1.0
1.0
1.0
1.0
1.0
1.0
1.0
1.0
1.0
1.0
1.0
1.0
1.0
1.0
1.0
1.0
1.0
1.0
1.0
1.0
1.0
1.0
1.0
1.0
1.0
1.0
1.0
1.0
1.0
1.0
1.0
1.0
1.0
1.0
1.0
1.0
1.0
1.0
1.0
1.0
1.0
1.0
1.0
1.0
1.0
1.0
1.0
1.0
1.0
1.0
1.0
1.0
1.0
1.0
1.0
1.0
1.0
1.0
1.0
1.0
1.0
1.0
1.0
1.0
1.0
1.0
1.0
1.0
1.0
1.0
1.0
1.0
1.0
1.0
1.0
1.0
1.0
1.0
1.0
1.0
1.0
1.0
1.0
1.0
1.0
1.0
1.0
1.0
1.0
1.0
1.0
1.0
1.0
1.0
1.0
1.0
1.0
1.0
1.0
1.0
1.0
1.0
1.0
1.0
1.0
1.0
1.0
1.0
1.0
1.0
1.0
1.0
1.0
1.0
1.0
1.0
1.0
1.0
1.0
1.0
1.0
1.0
1.0
1.0
1.0
1.0
1.0
1.0
1.0
1.0
1.0
1.0
1.0
1.0
1.0
1.0
1.0
1.0
1.0
1.0
1.0
1.0
1.0
1.0
1.0
1.0
1.0
1.0
1.0
1.0
1.0
1.0
1.0
1.0
1.0
1.0
1.0
1.0
1.0
1.0
1.0
1.0
1.0
1.0
1.0
1.0
1.0
1.0
1.0
1.0
1.0
1.0
1.0
1.0
1.0
1.0
1.0
1.0
1.0
1.0
1.0
1.0
1.0
1.0
1.0
1.0
1.0
1.0
1.0
1.0
1.0
1.0
1.0
1.0
1.0
1.0
1.0
1.0
1.0
1.0
1.0
1.0
1.0
1.0
1.0
1.0
1.0
1.0
1.0
1.0
1.0
1.0
1.0
1.0
1.0
1.0
1.0
1.0
1.0
1.0
1.0
1.0
1.0
1.0
1.0
1.0
1.0
1.0
1.0
1.0
1.0
1.0
1.0
1.0
1.0
1.0
1.0
1.0
1.0
1.0
1.0
1.0
1.0
1.0
1.0
1.0
1.0
1.0
1.0
1.0
1.0
1.0
1.0
1.0
1.0
1.0
1.0
1.0
1.0
1.0
1.0
1.0
1.0
1.0
1.0
1.0
1.0
1.0
1.0
1.0
1.0
1.0
1.0
1.0
1.0
1.0
1.0
1.0
1.0
1.0
1.0
1.0
1.0
1.0
1.0
1.0
1.0
1.0
1.0
1.0
1.0
1.0
1.0
1.0
1.0
1.0
1.0
1.0
1.0
1.0
1.0
1.0
1.0
1.0
1.0
1.0
1.0
1.0
1.0
1.0
1.0
1.0
1.0
1.0
1.0
1.0
1.0
1.0
1.0
1.0
1.0
1.0
1.0
1.0
1.0
1.0
1.0
1.0
1.0
1.0
1.0
1.0
1.0
1.0
1.0
1.0
1.0
1.0
1.0
1.0
1.0
1.0
1.0
1.0
1.0
1.0
1.0
1.0
1.0
1.0
1.0
1.0
1.0
1.0
1.0
1.0
1.0
1.0
1.0
1.0
1.0
1.0
1.0
1.0
1.0
1.0
1.0
1.0
1.0
1.0
1.0
1.0
1.0
1.0
1.0
1.0
1.0
1.0
1.0
1.0
1.0
1.0
1.0
1.0
1.0
1.0
1.0
1.0
1.0
1.0
1.0
1.0
1.0
1.0
1.0
1.0
1.0
1.0
1.0
1.0
1.0
1.0
1.0
1.0
1.0
1.0
1.0
1.0
1.0
1.0
1.0
1.0
1.0
1.0
1.0
1.0
1.0
1.0
1.0
1.0
1.0
1.0
1.0
1.0
1.0
1.0
1.0
1.0
1.0
1.0
1.0
1.0
1.0
1.0
1.0
1.0
1.0
1.0
1.0
1.0
1.0
1.0
1.0
1.0
1.0
1.0
1.0
1.0
1.0
1.0
1.0
1.0
1.0
1.0
1.0
1.0
1.0
1.0
1.0
1.0
1.0
1.0
1.0
1.0
1.0
1.0
1.0
1.0
1.0
1.0
1.0
1.0
1.0
1.0
1.0
1.0
1.0
1.0
1.0
1.0
1.0
1.0
1.0
1.0
1.0
1.0
1.0
1.0
1.0
1.0
1.0
1.0
1.0
1.0
1.0
1.0
1.0
1.0
1.0
1.0
1.0
1.0
1.0
1.0
1.0
1.0
1.0
1.0
1.0
1.0
1.0
1.0
1.0
1.0
1.0
1.0
1.0
1.0
1.0
1.0
1.0
1.0
1.0
1.0
1.0
1.0
1.0
1.0
1.0
1.0
1.0
1.0
1.0
1.0
1.0
1.0
1.0
1.0
1.0
1.0
1.0
1.0
1.0
1.0
1.0
1.0
1.0
1.0
1.0
1.0
1.0
1.0
1.0
1.0
1.0
1.0
1.0
1.0
1.0
1.0
1.0
1.0
1.0
1.0
1.0
1.0
1.0
1.0
1.0
1.0
1.0
1.0
1.0
1.0
1.0
1.0
1.0
1.0
1.0
1.0
1.0
1.0
1.0
1.0
1.0
1.0
1.0
1.0
1.0
1.0
1.0
1.0
1.0
1.0
1.0
1.0
1.0
1.0
1.0
1.0
1.0
1.0
1.0
1.0
1.0
1.0
1.0
1.0
1.0
1.0
1.0
1.0
0.9639498432601881
0.9655172413793104
0.9670846394984326
0.9686520376175548
0.9702194357366771
0.9717868338557993
0.9733542319749217
0.9749216300940439
0.9764890282131662
0.9780564263322884
0.9796238244514106
0.9811912225705329
0.9827586206896551
0.9843260188087775
0.9858934169278997
0.987460815047022
0.9890282131661442
0.9905956112852664
0.9921630094043887
0.9937304075235109
0.9952978056426333
0.9968652037617555
0.9984326018808778
1.0
0.9800613496932515
0.9800918836140888
0.9801223241590215
0.981651376146789
0.9831804281345565
0.9847094801223242
0.9862385321100917
0.9877675840978594
0.9892966360856269
0.9908256880733946
0.9923547400611621
0.9938837920489296
0.9954128440366973
0.9969418960244648
0.9984709480122325
1.0
1.0
1.0
0.9805970149253731
0.982089552238806
0.9835820895522388
0.9850746268656716
0.9865671641791045
0.9880597014925373
0.9895522388059701
0.991044776119403
0.9925373134328358
0.9940298507462687
0.9955223880597015
0.9970149253731343
0.9985074626865672
1.0
0.9626972740315638
0.9641319942611191
0.9655667144906743
0.9670014347202296
0.9684361549497847
0.96987087517934
0.9713055954088953
0.9727403156384505
0.9727793696275072
0.9728183118741058
0.9728571428571429
0.9728958630527818
0.9729344729344729
0.972972972972973
0.9730113636363636
0.9730496453900709
0.9730878186968839
0.9731258840169731
0.9731638418079096
0.9732016925246827
0.9732394366197183
0.9732770745428974
0.973314606741573
0.916776750330251
0.9180977542932629
0.9194187582562747
0.9207397622192867
0.9220607661822986
0.9233817701453104
0.9247027741083224
0.9260237780713342
0.9273447820343461
0.9286657859973579
0.9299867899603699
0.9313077939233818
0.9326287978863936
0.9339498018494056
0.9352708058124174
0.9365918097754293
0.9379128137384413
0.9392338177014531
0.940554821664465
0.9418758256274768
0.9431968295904888
0.9445178335535006
0.9458388375165125
0.9471598414795245
0.9484808454425363
0.9498018494055482
0.9511228533685601
0.952443857331572
0.9537648612945839
0.9550858652575958
0.9564068692206077
0.9577278731836195
0.9590488771466315
0.9603698811096433
0.9616908850726552
0.9630118890356671
0.964332892998679
0.9656538969616909
0.9669749009247027
0.9682959048877147
0.9696169088507266
0.9709379128137384
0.9722589167767504
0.9735799207397622
0.9749009247027741
0.9698162729658792
0.9711286089238845
0.9724409448818898
0.973753280839895
0.9750656167979003
0.9575289575289575
0.9588159588159588
0.9601029601029601
0.9613899613899614
0.9626769626769627
0.963963963963964
0.9652509652509652
0.9665379665379665
0.9678249678249679
0.9691119691119691
0.9703989703989704
0.9716859716859717
0.972972972972973
0.9742599742599742
0.9755469755469756
0.957124842370744
0.9583858764186634
0.9596469104665826
0.9609079445145019
0.9621689785624212
0.9634300126103404
0.9646910466582598
0.9659520807061791
0.9672131147540983
0.9684741488020177
0.969735182849937
0.9709962168978562
0.9722572509457755
0.9735182849936949
0.9747793190416141
0.9760403530895334
0.9675405742821473
0.968789013732834
0.9700374531835206
0.9712858926342073
0.9725343320848939
0.9737827715355806
0.9750312109862672
0.9762796504369539
0.9714640198511166
0.9727047146401985
0.9739454094292804
0.9751861042183623
0.9764267990074442
0.976456009913259
0.9764851485148515
0.947242206235012
0.9484412470023981
0.9496402877697842
0.9508393285371702
0.9520383693045563
0.9532374100719424
0.9544364508393285
0.9556354916067147
0.9568345323741008
0.9580335731414868
0.9592326139088729
0.960431654676259
0.9616306954436451
0.9628297362110312
0.9640287769784173
0.9652278177458034
0.9664268585131894
0.9676258992805755
0.9688249400479616
0.9700239808153477
0.9712230215827338
0.9724220623501199
0.973621103117506
0.9748201438848921
0.9760191846522782
0.9772182254196643
0.9304446978335233
0.9315849486887116
0.9327251995438997
0.9338654503990877
0.935005701254276
0.936145952109464
0.9372862029646523
0.9384264538198404
0.9395667046750285
0.9407069555302167
0.9418472063854048
0.942987457240593
0.9441277080957811
0.9452679589509693
0.9464082098061574
0.9475484606613455
0.9486887115165337
0.9498289623717218
0.95096921322691
0.9521094640820981
0.9532497149372862
0.9543899657924744
0.9555302166476625
0.9566704675028507
0.9578107183580388
0.9589509692132269
0.9600912200684151
0.9612314709236032
0.9623717217787914
0.9635119726339795
0.9646522234891676
0.9657924743443558
0.9669327251995439
0.9680729760547321
0.9692132269099202
0.9703534777651083
0.9714937286202965
0.9726339794754846
0.9737742303306728
0.9749144811858609
0.976054732041049
0.9771949828962372
0.9783352337514253
0.9750283768444948
0.9761634506242906
0.9772985244040863
0.978433598183882
0.9525386313465783
0.9536423841059603
0.9547461368653422
0.9558498896247241
0.956953642384106
0.9580573951434879
0.9591611479028698
0.9602649006622517
0.9613686534216336
0.9624724061810155
0.9635761589403974
0.9646799116997793
0.9657836644591612
0.9668874172185431
0.9679911699779249
0.9690949227373068
0.9701986754966887
0.9713024282560706
0.9724061810154525
0.9735099337748344
0.9746136865342163
0.9757174392935982
0.9768211920529801
0.977924944812362
0.9790286975717439
0.9790518191841234
0.9790748898678414
0.9790979097909791
0.9791208791208791
0.9791437980241493
0.9791666666666666
0.9791894852135816
0.8791748526522594
0.8801571709233792
0.881139489194499
0.8821218074656189
0.8831041257367387
0.8840864440078585
0.8850687622789783
0.8860510805500982
0.8870333988212181
0.888015717092338
0.8889980353634578
0.8899803536345776
0.8909626719056974
0.8919449901768173
0.8929273084479371
0.8930323846908734
0.8931372549019608
0.8932419196865817
0.8933463796477495
0.8934506353861192
0.8935546875
0.8936585365853659
0.8937621832358674
0.8938656280428432
0.8939688715953308
0.8940719144800777
0.8941747572815534
0.8942774005819593
0.8943798449612403
0.8944820909970959
0.8945841392649904
0.8946859903381642
0.8947876447876448
0.8948891031822566
0.894990366088632
0.8950914340712224
0.8951923076923077
0.8952929875120077
0.8953934740882917
0.8954937679769894
0.8955938697318008
0.8956937799043062
0.8957934990439771
0.8958930276981852
0.8959923664122137
0.8960915157292659
0.8961904761904762
0.8962892483349191
0.8963878326996197
0.8964862298195632
0.896584440227704
0.8966824644549763
0.896780303030303
0.8968779564806055
0.8969754253308129
0.8970727101038716
0.8971698113207547
0.8972667295004713
0.8973634651600754
0.8974600188146754
0.8975563909774437
0.8976525821596244
0.8977485928705441
0.8978444236176195
0.8979400749063671
0.8980355472404116
0.8981308411214953
0.8982259570494865
0.898320895522388
0.8984156570363467
0.8985102420856611
0.8986046511627906
0.8986988847583643
0.8987929433611885
0.898886827458256
0.8989805375347544
0.899074074074074
0.8991674375578168
1.0
1.0
1.0
1.0
1.0
1.0
1.0
1.0
1.0
1.0
1.0
1.0
1.0
1.0
1.0
1.0
1.0
1.0
1.0
1.0
1.0
1.0
1.0
1.0
1.0
1.0
1.0
1.0
1.0
1.0
1.0
1.0
1.0
1.0
1.0
1.0
1.0
1.0
1.0
1.0
1.0
1.0
1.0
1.0
1.0
1.0
1.0
1.0
1.0
1.0
1.0
1.0
1.0
1.0
1.0
1.0
1.0
1.0
1.0
1.0
1.0
1.0
1.0
1.0
1.0
1.0
1.0
1.0
1.0
1.0
1.0
1.0
1.0
1.0
1.0
1.0
1.0
1.0
1.0
1.0
1.0
1.0
1.0
1.0
1.0
1.0
1.0
1.0
1.0
1.0
1.0
1.0
1.0
1.0
1.0
1.0
1.0
1.0
1.0
1.0
1.0
1.0
1.0
1.0
1.0
1.0
1.0
1.0
1.0
1.0
1.0
1.0
1.0
1.0
1.0
1.0
1.0
1.0
1.0
1.0
1.0
1.0
1.0
1.0
1.0
1.0
1.0
1.0
1.0
1.0
1.0
1.0
1.0
1.0
1.0
1.0
1.0
1.0
1.0
1.0
1.0
1.0
1.0
1.0
1.0
1.0
1.0
1.0
1.0
1.0
1.0
1.0
1.0
1.0
1.0
1.0
1.0
1.0
1.0
1.0
1.0
1.0
1.0
1.0
1.0
1.0
1.0
1.0
1.0
1.0
1.0
1.0
1.0
1.0
1.0
1.0
1.0
1.0
1.0
1.0
1.0
1.0
1.0
1.0
1.0
1.0
1.0
1.0
1.0
1.0
1.0
1.0
1.0
1.0
1.0
1.0
1.0
1.0
1.0
1.0
1.0
1.0
1.0
1.0
1.0
1.0
1.0
1.0
1.0
1.0
1.0
1.0
1.0
1.0
1.0
1.0
1.0
1.0
1.0
1.0
1.0
1.0
1.0
1.0
1.0
1.0
1.0
1.0
1.0
1.0
1.0
1.0
1.0
1.0
1.0
1.0
1.0
1.0
1.0
1.0
1.0
1.0
1.0
1.0
1.0
1.0
1.0
1.0
1.0
1.0
1.0
1.0
1.0
1.0
1.0
1.0
1.0
1.0
1.0
1.0
1.0
1.0
1.0
1.0
1.0
1.0
1.0
1.0
1.0
1.0
1.0
1.0
1.0
1.0
1.0
1.0
1.0
1.0
1.0
1.0
1.0
1.0
1.0
1.0
1.0
1.0
1.0
1.0
1.0
1.0
1.0
1.0
1.0
1.0
1.0
1.0
1.0
1.0
1.0
1.0
1.0
1.0
1.0
1.0
1.0
1.0
1.0
1.0
1.0
1.0
1.0
1.0
1.0
1.0
1.0
1.0
1.0
1.0
1.0
1.0
1.0
1.0
1.0
1.0
1.0
1.0
1.0
1.0
1.0
1.0
1.0
1.0
1.0
1.0
1.0
1.0
1.0
1.0
1.0
1.0
1.0
1.0
1.0
1.0
1.0
1.0
1.0
1.0
1.0
1.0
1.0
1.0
1.0
1.0
1.0
1.0
1.0
1.0
1.0
1.0
1.0
1.0
1.0
1.0
1.0
1.0
1.0
1.0
1.0
1.0
1.0
1.0
1.0
1.0
1.0
1.0
1.0
1.0
1.0
1.0
1.0
1.0
1.0
1.0
1.0
1.0
1.0
1.0
1.0
1.0
1.0
1.0
1.0
1.0
1.0
1.0
1.0
1.0
1.0
1.0
1.0
1.0
1.0
1.0
1.0
1.0
1.0
1.0
1.0
1.0
1.0
1.0
1.0
1.0
1.0
1.0
1.0
1.0
1.0
1.0
1.0
1.0
1.0
1.0
1.0
1.0
1.0
1.0
1.0
1.0
1.0
1.0
1.0
1.0
1.0
1.0
1.0
1.0
1.0
1.0
1.0
1.0
1.0
1.0
1.0
1.0
1.0
1.0
1.0
1.0
1.0
1.0
1.0
1.0
1.0
1.0
1.0
1.0
1.0
1.0
1.0
1.0
1.0
1.0
1.0
1.0
1.0
1.0
1.0
1.0
1.0
1.0
1.0
1.0
1.0
1.0
1.0
1.0
1.0
1.0
1.0
1.0
1.0
1.0
1.0
1.0
1.0
1.0
1.0
1.0
1.0
1.0
1.0
1.0
1.0
1.0
1.0
1.0
1.0
1.0
1.0
1.0
1.0
1.0
1.0
1.0
1.0
1.0
1.0
1.0
1.0
1.0
1.0
1.0
1.0
1.0
1.0
1.0
1.0
1.0
1.0
1.0
1.0
1.0
1.0
1.0
1.0
1.0
1.0
1.0
1.0
1.0
1.0
1.0
1.0
1.0
1.0
1.0
1.0
1.0
1.0
1.0
1.0
1.0
1.0
1.0
1.0
1.0
1.0
1.0
1.0
1.0
1.0
1.0
1.0
1.0
1.0
1.0
1.0
1.0
1.0
1.0
1.0
1.0
1.0
1.0
1.0
1.0
1.0
1.0
1.0
1.0
1.0
1.0
1.0
1.0
1.0
1.0
1.0
1.0
1.0
1.0
1.0
1.0
1.0
1.0
1.0
1.0
1.0
1.0
1.0
1.0
1.0
1.0
1.0
1.0
1.0
1.0
1.0
1.0
1.0
1.0
1.0
1.0
1.0
1.0
1.0
1.0
1.0
1.0
1.0
1.0
1.0
1.0
0.9654631083202512
0.967032967032967
0.9686028257456829
0.9701726844583988
0.9717425431711146
0.9733124018838305
0.9748822605965463
0.9764521193092621
0.978021978021978
0.9795918367346939
0.9796238244514106
0.9796557120500783
0.9796875
0.9797191887675507
0.9797507788161994
0.9797822706065319
0.9798136645962733
0.9798449612403101
0.9798761609907121
0.9799072642967542
0.9799382716049383
0.9799691833590138
0.98
0.9800307219662059
0.9800613496932515
0.9800918836140888
0.9801223241590215
0.9801526717557252
0.9801829268292683
0.9802130898021308
0.9802431610942249
0.9802731411229135
0.9803030303030303
0.9803328290468987
0.9803625377643505
0.9803921568627451
0.9804216867469879
0.9804511278195489
0.9804804804804805
0.9805097451274363
0.9805389221556886
0.9805680119581465
0.9805970149253731
0.9806259314456036
0.9806547619047619
0.9806835066864784
0.9807121661721068
0.9807407407407407
0.9807692307692307
0.9807976366322009
0.9808259587020649
0.9808541973490427
0.9808823529411764
0.9809104258443465
0.9809384164222874
0.9809663250366032
0.9809941520467836
0.981021897810219
0.9810495626822158
0.9810771470160117
0.9811046511627907
0.9811320754716981
0.981159420289855
0.9811866859623734
0.9812138728323699
0.9812409812409812
0.9812680115273775
0.981294964028777
0.9813218390804598
0.9813486370157819
0.9813753581661891
0.9814020028612304
0.9814285714285714
0.9814550641940085
0.9814814814814815
0.9815078236130867
0.9815340909090909
0.9815602836879432
0.9815864022662889
0.9816124469589816
0.981638418079096
0.9816643159379408
0.9816901408450704
0.9817158931082982
0.9817415730337079
0.9817671809256662
0.9817927170868347
0.9818181818181818
0.9736842105263158
0.9750692520775623
0.9764542936288089
0.9778393351800554
0.9792243767313019
0.9806094182825484
0.981994459833795
1.0
1.0
1.0
1.0
1.0
1.0
1.0
1.0
1.0
1.0
1.0
1.0
1.0
1.0
1.0
1.0
1.0
1.0
1.0
1.0
1.0
1.0
1.0
1.0
1.0
1.0
1.0
1.0
1.0
1.0
1.0
1.0
1.0
1.0
1.0
1.0
1.0
1.0
1.0
1.0
1.0
1.0
1.0
1.0
1.0
1.0
1.0
1.0
1.0
1.0
1.0
1.0
1.0
1.0
1.0
1.0
1.0
1.0
1.0
1.0
1.0
1.0
1.0
1.0
1.0
1.0
1.0
1.0
1.0
1.0
1.0
1.0
1.0
1.0
1.0
1.0
1.0
1.0
1.0
1.0
1.0
1.0
1.0
1.0
1.0
1.0
1.0
1.0
1.0
1.0
1.0
1.0
1.0
1.0
1.0
1.0
1.0
1.0
1.0
1.0
1.0
1.0
1.0
1.0
1.0
1.0
1.0
1.0
1.0
1.0
1.0
1.0
1.0
1.0
1.0
1.0
1.0
1.0
1.0
1.0
1.0
1.0
1.0
1.0
1.0
1.0
1.0
1.0
1.0
1.0
1.0
1.0
1.0
1.0
1.0
1.0
1.0
1.0
1.0
1.0
1.0
1.0
1.0
1.0
1.0
1.0
1.0
1.0
1.0
1.0
1.0
1.0
1.0
1.0
1.0
1.0
1.0
1.0
1.0
1.0
1.0
1.0
1.0
1.0
1.0
1.0
1.0
1.0
1.0
1.0
1.0
1.0
1.0
1.0
1.0
1.0
1.0
1.0
1.0
1.0
1.0
1.0
1.0
1.0
1.0
1.0
1.0
1.0
1.0
1.0
1.0
1.0
1.0
1.0
1.0
1.0
1.0
1.0
1.0
1.0
1.0
1.0
1.0
1.0
1.0
1.0
1.0
1.0
1.0
1.0
1.0
1.0
1.0
1.0
1.0
1.0
1.0
1.0
1.0
1.0
1.0
1.0
1.0
1.0
1.0
1.0
1.0
1.0
1.0
1.0
1.0
1.0
1.0
1.0
1.0
1.0
1.0
1.0
1.0
1.0
1.0
1.0
1.0
1.0
1.0
1.0
1.0
1.0
1.0
1.0
1.0
1.0
1.0
1.0
1.0
1.0
1.0
1.0
1.0
1.0
1.0
1.0
1.0
1.0
1.0
1.0
1.0
1.0
1.0
1.0
1.0
1.0
1.0
1.0
1.0
1.0
1.0
1.0
1.0
1.0
1.0
1.0
1.0
1.0
1.0
1.0
1.0
1.0
1.0
1.0
1.0
1.0
1.0
1.0
1.0
1.0
1.0
1.0
1.0
1.0
1.0
1.0
1.0
1.0
1.0
1.0
1.0
1.0
1.0
1.0
1.0
1.0
1.0
1.0
1.0
1.0
1.0
1.0
1.0
1.0
1.0
1.0
1.0
1.0
1.0
1.0
1.0
1.0
1.0
1.0
1.0
1.0
1.0
1.0
1.0
1.0
1.0
1.0
1.0
1.0
1.0
1.0
1.0
1.0
1.0
1.0
1.0
1.0
1.0
1.0
1.0
1.0
1.0
1.0
1.0
1.0
1.0
1.0
1.0
1.0
1.0
1.0
1.0
1.0
1.0
1.0
1.0
1.0
1.0
1.0
1.0
1.0
1.0
1.0
1.0
1.0
1.0
1.0
1.0
1.0
1.0
1.0
1.0
1.0
1.0
1.0
1.0
1.0
1.0
1.0
1.0
1.0
1.0
1.0
1.0
1.0
1.0
1.0
1.0
1.0
1.0
1.0
1.0
1.0
1.0
1.0
1.0
1.0
1.0
1.0
1.0
1.0
1.0
1.0
1.0
1.0
1.0
1.0
1.0
1.0
1.0
1.0
1.0
1.0
1.0
1.0
1.0
1.0
1.0
1.0
1.0
1.0
1.0
1.0
1.0
1.0
1.0
1.0
1.0
1.0
1.0
1.0
1.0
1.0
1.0
1.0
1.0
1.0
1.0
1.0
1.0
1.0
1.0
1.0
1.0
1.0
1.0
1.0
1.0
1.0
1.0
1.0
1.0
1.0
1.0
1.0
1.0
1.0
1.0
1.0
1.0
1.0
1.0
1.0
1.0
1.0
1.0
1.0
1.0
1.0
1.0
1.0
1.0
1.0
1.0
1.0
1.0
1.0
1.0
1.0
1.0
1.0
1.0
1.0
1.0
1.0
1.0
1.0
1.0
1.0
1.0
1.0
1.0
1.0
1.0
1.0
1.0
1.0
1.0
1.0
1.0
1.0
1.0
1.0
1.0
1.0
1.0
1.0
1.0
1.0
1.0
1.0
1.0
1.0
1.0
1.0
1.0
1.0
1.0
1.0
1.0
1.0
1.0
1.0
1.0
1.0
1.0
1.0
1.0
1.0
1.0
1.0
1.0
1.0
1.0
1.0
1.0
1.0
1.0
1.0
1.0
1.0
1.0
1.0
1.0
1.0
1.0
1.0
1.0
1.0
1.0
1.0
1.0
1.0
1.0
1.0
1.0
1.0
1.0
1.0
1.0
1.0
1.0
1.0
1.0
1.0
1.0
1.0
1.0
1.0
1.0
1.0
1.0
1.0
1.0
1.0
1.0
1.0
1.0
1.0
1.0
1.0
1.0
1.0
1.0
1.0
1.0
1.0
1.0
1.0
1.0
1.0
1.0
1.0
1.0
1.0
1.0
1.0
1.0
1.0
1.0
1.0
1.0
1.0
0.9639498432601881
0.9655172413793104
0.9670846394984326
0.9686520376175548
0.9702194357366771
0.9717868338557993
0.9733542319749217
0.9749216300940439
0.9764890282131662
0.9780564263322884
0.9796238244514106
0.9811912225705329
0.9827586206896551
0.9843260188087775
0.9858934169278997
0.987460815047022
0.9890282131661442
0.9905956112852664
0.9921630094043887
0.9937304075235109
0.9952978056426333
0.9968652037617555
0.9984326018808778
1.0
0.9800613496932515
0.9800918836140888
0.9801223241590215
0.981651376146789
0.9831804281345565
0.9847094801223242
0.9862385321100917
0.9877675840978594
0.9892966360856269
0.9908256880733946
0.9923547400611621
0.9938837920489296
0.9954128440366973
0.9969418960244648
0.9984709480122325
1.0
1.0
1.0
0.9805970149253731
0.982089552238806
0.9835820895522388
0.9850746268656716
0.9865671641791045
0.9880597014925373
0.9895522388059701
0.991044776119403
0.9925373134328358
0.9940298507462687
0.9955223880597015
0.9970149253731343
0.9985074626865672
1.0
0.9626972740315638
0.9641319942611191
0.9655667144906743
0.9670014347202296
0.9684361549497847
0.96987087517934
0.9713055954088953
0.9727403156384505
0.9727793696275072
0.9728183118741058
0.9728571428571429
0.9728958630527818
0.9729344729344729
0.972972972972973
0.9730113636363636
0.9730496453900709
0.9730878186968839
0.9731258840169731
0.9731638418079096
0.9732016925246827
0.9732394366197183
0.9732770745428974
0.973314606741573
0.916776750330251
0.9180977542932629
0.9194187582562747
0.9207397622192867
0.9220607661822986
0.9233817701453104
0.9247027741083224
0.9260237780713342
0.9273447820343461
0.9286657859973579
0.9299867899603699
0.9313077939233818
0.9326287978863936
0.9339498018494056
0.9352708058124174
0.9365918097754293
0.9379128137384413
0.9392338177014531
0.940554821664465
0.9418758256274768
0.9431968295904888
0.9445178335535006
0.9458388375165125
0.9471598414795245
0.9484808454425363
0.9498018494055482
0.9511228533685601
0.952443857331572
0.9537648612945839
0.9550858652575958
0.9564068692206077
0.9577278731836195
0.9590488771466315
0.9603698811096433
0.9616908850726552
0.9630118890356671
0.964332892998679
0.9656538969616909
0.9669749009247027
0.9682959048877147
0.9696169088507266
0.9709379128137384
0.9722589167767504
0.9735799207397622
0.9749009247027741
0.9698162729658792
0.9711286089238845
0.9724409448818898
0.973753280839895
0.9750656167979003
0.9575289575289575
0.9588159588159588
0.9601029601029601
0.9613899613899614
0.9626769626769627
0.963963963963964
0.9652509652509652
0.9665379665379665
0.9678249678249679
0.9691119691119691
0.9703989703989704
0.9716859716859717
0.972972972972973
0.9742599742599742
0.9755469755469756
0.957124842370744
0.9583858764186634
0.9596469104665826
0.9609079445145019
0.9621689785624212
0.9634300126103404
0.9646910466582598
0.9659520807061791
0.9672131147540983
0.9684741488020177
0.969735182849937
0.9709962168978562
0.9722572509457755
0.9735182849936949
0.9747793190416141
0.9760403530895334
0.9675405742821473
0.968789013732834
0.9700374531835206
0.9712858926342073
0.9725343320848939
0.9737827715355806
0.9750312109862672
0.9762796504369539
0.9714640198511166
0.9727047146401985
0.9739454094292804
0.9751861042183623
0.9764267990074442
0.976456009913259
0.9764851485148515
0.947242206235012
0.9484412470023981
0.9496402877697842
0.9508393285371702
0.9520383693045563
0.9532374100719424
0.9544364508393285
0.9556354916067147
0.9568345323741008
0.9580335731414868
0.9592326139088729
0.960431654676259
0.9616306954436451
0.9628297362110312
0.9640287769784173
0.9652278177458034
0.9664268585131894
0.9676258992805755
0.9688249400479616
0.9700239808153477
0.9712230215827338
0.9724220623501199
0.973621103117506
0.9748201438848921
0.9760191846522782
0.9772182254196643
0.9304446978335233
0.9315849486887116
0.9327251995438997
0.9338654503990877
0.935005701254276
0.936145952109464
0.9372862029646523
0.9384264538198404
0.9395667046750285
0.9407069555302167
0.9418472063854048
0.942987457240593
0.9441277080957811
0.9452679589509693
0.9464082098061574
0.9475484606613455
0.9486887115165337
0.9498289623717218
0.95096921322691
0.9521094640820981
0.9532497149372862
0.9543899657924744
0.9555302166476625
0.9566704675028507
0.9578107183580388
0.9589509692132269
0.9600912200684151
0.9612314709236032
0.9623717217787914
0.9635119726339795
0.9646522234891676
0.9657924743443558
0.9669327251995439
0.9680729760547321
0.9692132269099202
0.9703534777651083
0.9714937286202965
0.9726339794754846
0.9737742303306728
0.9749144811858609
0.976054732041049
0.9771949828962372
0.9783352337514253
0.9750283768444948
0.9761634506242906
0.9772985244040863
0.978433598183882
0.9525386313465783
0.9536423841059603
0.9547461368653422
0.9558498896247241
0.956953642384106
0.9580573951434879
0.9591611479028698
0.9602649006622517
0.9613686534216336
0.9624724061810155
0.9635761589403974
0.9646799116997793
0.9657836644591612
0.9668874172185431
0.9679911699779249
0.9690949227373068
0.9701986754966887
0.9713024282560706
0.9724061810154525
0.9735099337748344
0.9746136865342163
0.9757174392935982
0.9768211920529801
0.977924944812362
0.9790286975717439
0.9790518191841234
0.9790748898678414
0.9790979097909791
0.9791208791208791
0.9791437980241493
0.9791666666666666
0.9791894852135816
0.8791748526522594
0.8801571709233792
0.881139489194499
0.8821218074656189
0.8831041257367387
0.8840864440078585
0.8850687622789783
0.8860510805500982
0.8870333988212181
0.888015717092338
0.8889980353634578
0.8899803536345776
0.8909626719056974
0.8919449901768173
0.8929273084479371
0.8930323846908734
0.8931372549019608
0.8932419196865817
0.8933463796477495
0.8934506353861192
0.8935546875
0.8936585365853659
0.8937621832358674
0.8938656280428432
0.8939688715953308
0.8940719144800777
0.8941747572815534
0.8942774005819593
0.8943798449612403
0.8944820909970959
0.8945841392649904
0.8946859903381642
0.8947876447876448
0.8948891031822566
0.894990366088632
0.8950914340712224
0.8951923076923077
0.8952929875120077
0.8953934740882917
0.8954937679769894
0.8955938697318008
0.8956937799043062
0.8957934990439771
0.8958930276981852
0.8959923664122137
0.8960915157292659
0.8961904761904762
0.8962892483349191
0.8963878326996197
0.8964862298195632
0.896584440227704
0.8966824644549763
0.896780303030303
0.8968779564806055
0.8969754253308129
0.8970727101038716
0.8971698113207547
0.8972667295004713
0.8973634651600754
0.8974600188146754
0.8975563909774437
0.8976525821596244
0.8977485928705441
0.8978444236176195
0.8979400749063671
0.8980355472404116
0.8981308411214953
0.8982259570494865
0.898320895522388
0.8984156570363467
0.8985102420856611
0.8986046511627906
0.8986988847583643
0.8987929433611885
0.898886827458256
0.8989805375347544
0.899074074074074
0.8991674375578168
1.0
1.0
1.0
1.0
1.0
1.0
1.0
1.0
1.0
1.0
1.0
1.0
1.0
1.0
1.0
1.0
1.0
1.0
1.0
1.0
1.0
1.0
1.0
1.0
1.0
1.0
1.0
1.0
1.0
1.0
1.0
1.0
1.0
1.0
1.0
1.0
1.0
1.0
1.0
1.0
1.0
1.0
1.0
1.0
1.0
1.0
1.0
1.0
1.0
1.0
1.0
1.0
1.0
1.0
1.0
1.0
1.0
1.0
1.0
1.0
1.0
1.0
1.0
1.0
1.0
1.0
1.0
1.0
1.0
1.0
1.0
1.0
1.0
1.0
1.0
1.0
1.0
1.0
1.0
1.0
1.0
1.0
1.0
1.0
1.0
1.0
1.0
1.0
1.0
1.0
1.0
1.0
1.0
1.0
1.0
1.0
1.0
1.0
1.0
1.0
1.0
1.0
1.0
1.0
1.0
1.0
1.0
1.0
1.0
1.0
1.0
1.0
1.0
1.0
1.0
1.0
1.0
1.0
1.0
1.0
1.0
1.0
1.0
1.0
1.0
1.0
1.0
1.0
1.0
1.0
1.0
1.0
1.0
1.0
1.0
1.0
1.0
1.0
1.0
1.0
1.0
1.0
1.0
1.0
1.0
1.0
1.0
1.0
1.0
1.0
1.0
1.0
1.0
1.0
1.0
1.0
1.0
1.0
1.0
1.0
1.0
1.0
1.0
1.0
1.0
1.0
1.0
1.0
1.0
1.0
1.0
1.0
1.0
1.0
1.0
1.0
1.0
1.0
1.0
1.0
1.0
1.0
1.0
1.0
1.0
1.0
1.0
1.0
1.0
1.0
1.0
1.0
1.0
1.0
1.0
1.0
1.0
1.0
1.0
1.0
1.0
1.0
1.0
1.0
1.0
1.0
1.0
1.0
1.0
1.0
1.0
1.0
1.0
1.0
1.0
1.0
1.0
1.0
1.0
1.0
1.0
1.0
1.0
1.0
1.0
1.0
1.0
1.0
1.0
1.0
1.0
1.0
1.0
1.0
1.0
1.0
1.0
1.0
1.0
1.0
1.0
1.0
1.0
1.0
1.0
1.0
1.0
1.0
1.0
1.0
1.0
1.0
1.0
1.0
1.0
1.0
1.0
1.0
1.0
1.0
1.0
1.0
1.0
1.0
1.0
1.0
1.0
1.0
1.0
1.0
1.0
1.0
1.0
1.0
1.0
1.0
1.0
1.0
1.0
1.0
1.0
1.0
1.0
1.0
1.0
1.0
1.0
1.0
1.0
1.0
1.0
1.0
1.0
1.0
1.0
1.0
1.0
1.0
1.0
1.0
1.0
1.0
1.0
1.0
1.0
1.0
1.0
1.0
1.0
1.0
1.0
1.0
1.0
1.0
1.0
1.0
1.0
1.0
1.0
1.0
1.0
1.0
1.0
1.0
1.0
1.0
1.0
1.0
1.0
1.0
1.0
1.0
1.0
1.0
1.0
1.0
1.0
1.0
1.0
1.0
1.0
1.0
1.0
1.0
1.0
1.0
1.0
1.0
1.0
1.0
1.0
1.0
1.0
1.0
1.0
1.0
1.0
1.0
1.0
1.0
1.0
1.0
1.0
1.0
1.0
1.0
1.0
1.0
1.0
1.0
1.0
1.0
1.0
1.0
1.0
1.0
1.0
1.0
1.0
1.0
1.0
1.0
1.0
1.0
1.0
1.0
1.0
1.0
1.0
1.0
1.0
1.0
1.0
1.0
1.0
1.0
1.0
1.0
1.0
1.0
1.0
1.0
1.0
1.0
1.0
1.0
1.0
1.0
1.0
1.0
1.0
1.0
1.0
1.0
1.0
1.0
1.0
1.0
1.0
1.0
1.0
1.0
1.0
1.0
1.0
1.0
1.0
1.0
1.0
1.0
1.0
1.0
1.0
1.0
1.0
1.0
1.0
1.0
1.0
1.0
1.0
1.0
1.0
1.0
1.0
1.0
1.0
1.0
1.0
1.0
1.0
1.0
1.0
1.0
1.0
1.0
1.0
1.0
1.0
1.0
1.0
1.0
1.0
1.0
1.0
1.0
1.0
1.0
1.0
1.0
1.0
1.0
1.0
1.0
1.0
1.0
1.0
1.0
1.0
1.0
1.0
1.0
1.0
1.0
1.0
1.0
1.0
1.0
1.0
1.0
1.0
1.0
1.0
1.0
1.0
1.0
1.0
1.0
1.0
1.0
1.0
1.0
1.0
1.0
1.0
1.0
1.0
1.0
1.0
1.0
1.0
1.0
1.0
1.0
1.0
1.0
1.0
1.0
1.0
1.0
1.0
1.0
1.0
1.0
1.0
1.0
1.0
1.0
1.0
1.0
1.0
1.0
1.0
1.0
1.0
1.0
1.0
1.0
1.0
1.0
1.0
1.0
1.0
1.0
1.0
1.0
1.0
1.0
1.0
1.0
1.0
1.0
1.0
1.0
1.0
1.0
1.0
1.0
1.0
1.0
1.0
1.0
1.0
1.0
1.0
1.0
1.0
1.0
1.0
1.0
1.0
1.0
1.0
1.0
1.0
1.0
1.0
1.0
1.0
1.0
1.0
1.0
1.0
1.0
1.0
1.0
1.0
1.0
1.0
1.0
1.0
1.0
1.0
1.0
1.0
1.0
1.0
1.0
1.0
1.0
1.0
1.0
1.0
1.0
1.0
1.0
1.0
1.0
1.0
1.0
1.0
1.0
1.0
1.0
1.0
0.9777777777777777
0.9778129952456418
0.9778481012658228
0.9794303797468354
0.9810126582278481
0.9825949367088608
0.9841772151898734
0.9857594936708861
0.9873417721518988
0.9889240506329114
0.990506329113924
0.9920886075949367
0.9936708860759493
0.995253164556962
0.9968354430379747
0.9984177215189873
1.0
1.0
1.0
0.98145285935085
0.9829984544049459
0.9845440494590417
0.9860896445131375
0.9876352395672334
0.9891808346213292
0.990726429675425
0.9922720247295209
0.9938176197836167
0.9953632148377125
0.9969088098918083
0.9984544049459042
1.0
1.0
0.9833333333333333
0.9848484848484849
0.9863636363636363
0.9878787878787879
0.9893939393939394
0.990909090909091
0.9924242424242424
0.9939393939393939
0.9954545454545455
0.996969696969697
0.9984848484848485
1.0
0.9954819277108434
0.9969879518072289
0.9984939759036144
1.0
1.0
1.0
1.0
1.0
1.0
1.0
1.0
1.0
1.0
1.0
1.0
1.0
1.0
1.0
1.0
1.0
1.0
1.0
1.0
1.0
1.0
1.0
1.0
1.0
1.0
1.0
1.0
1.0
1.0
1.0
1.0
1.0
1.0
1.0
1.0
1.0
1.0
1.0
1.0
1.0
1.0
1.0
1.0
1.0
1.0
1.0
1.0
1.0
1.0
1.0
1.0
1.0
1.0
1.0
1.0
1.0
1.0
1.0
1.0
1.0
1.0
1.0
1.0
1.0
1.0
1.0
1.0
1.0
1.0
1.0
1.0
1.0
1.0
1.0
1.0
1.0
1.0
1.0
1.0
1.0
1.0
1.0
1.0
1.0
1.0
1.0
1.0
1.0
1.0
1.0
1.0
1.0
1.0
1.0
1.0
1.0
1.0
1.0
1.0
1.0
1.0
1.0
1.0
1.0
1.0
1.0
1.0
1.0
1.0
1.0
1.0
1.0
1.0
1.0
1.0
1.0
1.0
1.0
1.0
1.0
1.0
1.0
1.0
1.0
1.0
1.0
1.0
1.0
1.0
1.0
1.0
1.0
1.0
1.0
1.0
1.0
1.0
1.0
1.0
1.0
1.0
1.0
1.0
1.0
1.0
1.0
1.0
1.0
1.0
1.0
1.0
1.0
1.0
1.0
1.0
1.0
1.0
1.0
1.0
1.0
1.0
1.0
1.0
1.0
1.0
1.0
1.0
1.0
1.0
1.0
1.0
1.0
1.0
1.0
1.0
1.0
1.0
1.0
1.0
1.0
1.0
1.0
1.0
1.0
1.0
1.0
1.0
1.0
1.0
1.0
1.0
1.0
1.0
1.0
1.0
1.0
1.0
1.0
1.0
1.0
1.0
1.0
1.0
1.0
1.0
1.0
1.0
1.0
1.0
1.0
1.0
1.0
1.0
1.0
1.0
1.0
1.0
1.0
1.0
1.0
1.0
1.0
1.0
1.0
1.0
1.0
1.0
1.0
1.0
1.0
1.0
1.0
1.0
1.0
1.0
1.0
1.0
1.0
1.0
1.0
1.0
1.0
1.0
1.0
1.0
1.0
1.0
1.0
1.0
1.0
1.0
1.0
1.0
1.0
1.0
1.0
1.0
1.0
1.0
1.0
1.0
1.0
1.0
1.0
1.0
1.0
1.0
1.0
1.0
1.0
1.0
1.0
1.0
1.0
1.0
1.0
1.0
1.0
1.0
1.0
1.0
1.0
1.0
1.0
1.0
1.0
1.0
1.0
1.0
1.0
1.0
1.0
1.0
1.0
1.0
1.0
1.0
1.0
1.0
1.0
1.0
1.0
1.0
1.0
1.0
1.0
1.0
1.0
1.0
1.0
1.0
1.0
1.0
1.0
1.0
1.0
1.0
1.0
1.0
1.0
1.0
1.0
1.0
1.0
1.0
1.0
1.0
1.0
1.0
1.0
1.0
1.0
1.0
1.0
1.0
1.0
1.0
1.0
1.0
1.0
1.0
1.0
1.0
1.0
1.0
1.0
1.0
1.0
1.0
1.0
1.0
1.0
1.0
1.0
1.0
1.0
1.0
1.0
1.0
1.0
1.0
1.0
1.0
1.0
1.0
1.0
1.0
1.0
1.0
1.0
1.0
1.0
1.0
1.0
1.0
1.0
1.0
1.0
1.0
1.0
1.0
1.0
1.0
1.0
1.0
1.0
1.0
1.0
1.0
1.0
1.0
1.0
1.0
1.0
1.0
1.0
1.0
1.0
1.0
1.0
1.0
1.0
1.0
1.0
1.0
1.0
1.0
1.0
1.0
1.0
1.0
1.0
1.0
1.0
1.0
1.0
1.0
1.0
1.0
1.0
1.0
1.0
1.0
1.0
1.0
1.0
1.0
1.0
1.0
1.0
1.0
1.0
1.0
1.0
1.0
1.0
1.0
1.0
1.0
1.0
1.0
1.0
1.0
1.0
1.0
1.0
1.0
1.0
1.0
1.0
1.0
1.0
1.0
1.0
1.0
1.0
1.0
1.0
1.0
1.0
1.0
1.0
1.0
1.0
1.0
1.0
1.0
1.0
1.0
1.0
1.0
1.0
1.0
1.0
1.0
1.0
1.0
1.0
1.0
1.0
1.0
1.0
1.0
1.0
1.0
1.0
1.0
1.0
1.0
1.0
1.0
1.0
1.0
1.0
1.0
1.0
1.0
1.0
1.0
1.0
1.0
1.0
1.0
1.0
1.0
1.0
1.0
1.0
1.0
1.0
1.0
1.0
1.0
1.0
1.0
1.0
1.0
1.0
1.0
1.0
1.0
1.0
1.0
1.0
1.0
1.0
1.0
1.0
1.0
1.0
1.0
1.0
1.0
1.0
1.0
1.0
1.0
1.0
1.0
1.0
1.0
1.0
1.0
1.0
1.0
1.0
1.0
1.0
1.0
1.0
1.0
1.0
1.0
1.0
1.0
1.0
1.0
1.0
1.0
1.0
1.0
1.0
1.0
1.0
1.0
1.0
1.0
1.0
1.0
1.0
1.0
1.0
1.0
1.0
1.0
1.0
1.0
1.0
1.0
1.0
1.0
1.0
1.0
1.0
1.0
1.0
1.0
1.0
1.0
1.0
1.0
1.0
1.0
1.0
1.0
1.0
1.0
1.0
1.0
1.0
1.0
1.0
1.0
1.0
1.0
1.0
1.0
1.0
1.0
1.0
1.0
1.0
1.0
1.0
0.9746434231378764
0.9746835443037974
0.9747235387045814
0.976303317535545
0.9778830963665087
0.9794628751974723
0.981042654028436
0.9826224328593997
0.9842022116903634
0.985781990521327
0.9873617693522907
0.9889415481832543
0.990521327014218
0.9921011058451816
0.9936808846761453
0.995260663507109
0.9968404423380727
0.9984202211690363
1.0
1.0
1.0
1.0
0.9607843137254902
0.9622926093514329
0.9638009049773756
0.9653092006033183
0.9668174962292609
0.9683257918552036
0.9698340874811463
0.971342383107089
0.9598214285714286
0.9613095238095238
0.9627976190476191
0.9642857142857143
0.9657738095238095
0.9672619047619048
0.96875
0.9702380952380952
0.9717261904761905
0.9547445255474453
0.9562043795620438
0.9576642335766423
0.9591240875912409
0.9605839416058394
0.962043795620438
0.9635036496350365
0.964963503649635
0.9664233576642336
0.9678832116788321
0.9693430656934306
0.9708029197080292
0.9722627737226277
0.9460992907801419
0.9475177304964539
0.948936170212766
0.950354609929078
0.9517730496453901
0.9531914893617022
0.9546099290780142
0.9560283687943263
0.9574468085106383
0.9588652482269504
0.9602836879432625
0.9617021276595744
0.9631205673758865
0.9645390070921985
0.9659574468085106
0.9673758865248226
0.9687943262411347
0.9702127659574468
0.9716312056737588
0.9730496453900709
0.9730878186968839
0.9731258840169731
0.955617198335645
0.957004160887656
0.9583911234396671
0.9597780859916782
0.9611650485436893
0.9625520110957004
0.9639389736477115
0.9653259361997226
0.9667128987517337
0.9680998613037448
0.9694868238557559
0.970873786407767
0.9722607489597781
0.9736477115117892
0.9201570680628273
0.9214659685863874
0.9227748691099477
0.9240837696335078
0.925392670157068
0.9267015706806283
0.9280104712041884
0.9293193717277487
0.930628272251309
0.9319371727748691
0.9332460732984293
0.9345549738219895
0.9358638743455497
0.93717277486911
0.9384816753926701
0.9397905759162304
0.9410994764397905
0.9424083769633508
0.943717277486911
0.9450261780104712
0.9463350785340314
0.9476439790575916
0.9489528795811518
0.9502617801047121
0.9515706806282722
0.9528795811518325
0.9541884816753927
0.9554973821989529
0.9568062827225131
0.9581151832460733
0.9594240837696335
0.9607329842931938
0.9620418848167539
0.9633507853403142
0.9646596858638743
0.9659685863874345
0.9672774869109948
0.9685863874345549
0.9698952879581152
0.9712041884816754
0.9725130890052356
0.9738219895287958
0.975130890052356
0.9588688946015425
0.9601542416452442
0.961439588688946
0.9627249357326478
0.9640102827763496
0.9652956298200515
0.9665809768637532
0.967866323907455
0.9691516709511568
0.9704370179948586
0.9717223650385605
0.9730077120822622
0.974293059125964
0.9755784061696658
0.9620253164556962
0.9632911392405064
0.9645569620253165
0.9658227848101266
0.9670886075949368
0.9683544303797469
0.9696202531645569
0.970886075949367
0.9721518987341772
0.9734177215189873
0.9746835443037974
0.9759493670886076
0.9625935162094763
0.9638403990024937
0.9650872817955112
0.9663341645885287
0.9675810473815462
0.9688279301745636
0.970074812967581
0.9713216957605985
0.972568578553616
0.9738154613466334
0.9750623441396509
0.9763092269326683
0.9572649572649573
0.9584859584859585
0.9597069597069597
0.960927960927961
0.9621489621489622
0.9449101796407186
0.9461077844311377
0.9473053892215569
0.948502994011976
0.9497005988023952
0.9508982035928144
0.9520958083832335
0.9532934131736527
0.9544910179640719
0.9556886227544911
0.9568862275449102
0.9580838323353293
0.9592814371257485
0.9604790419161676
0.9616766467065868
0.962874251497006
0.9526627218934911
0.9538461538461539
0.9550295857988166
0.9562130177514793
0.9573964497041421
0.9585798816568047
0.9597633136094674
0.9609467455621302
0.9621301775147929
0.9633136094674556
0.9532163742690059
0.9543859649122807
0.9555555555555556
0.9567251461988304
0.9578947368421052
0.9590643274853801
0.960233918128655
0.9614035087719298
0.9625730994152046
0.9637426900584796
0.9559675550405562
0.9571263035921205
0.9582850521436849
0.9594438006952491
0.9606025492468134
0.9617612977983777
0.9629200463499421
0.9640787949015064
0.937007874015748
0.9381327334083239
0.9392575928008999
0.9403824521934758
0.9415073115860517
0.9426321709786277
0.9437570303712036
0.9448818897637795
0.9460067491563554
0.9471316085489314
0.9482564679415073
0.9493813273340832
0.9505061867266592
0.9516310461192351
0.952755905511811
0.953880764904387
0.9550056242969629
0.9561304836895388
0.9572553430821147
0.9583802024746907
0.9595050618672666
0.9606299212598425
0.9617547806524185
0.9628796400449944
0.9640044994375703
0.9651293588301463
0.9326818675352877
0.9337676438653637
0.9348534201954397
0.9359391965255157
0.9370249728555917
0.9381107491856677
0.9391965255157437
0.9402823018458197
0.9413680781758957
0.9424538545059717
0.9435396308360477
0.9446254071661238
0.9457111834961998
0.9467969598262758
0.9478827361563518
0.9489685124864278
0.9500542888165038
0.9511400651465798
0.9522258414766558
0.9533116178067318
0.9543973941368078
0.9554831704668838
0.9565689467969598
0.9576547231270358
0.9587404994571118
0.9598262757871878
0.9609120521172638
0.9619978284473398
0.9630836047774158
0.9641693811074918
0.9652551574375678
0.96529284164859
0.9653304442036836
0.9653679653679653
0.9654054054054054
0.9654427645788337
0.9654800431499461
0.9655172413793104
0.9655543595263725
0.9655913978494624
0.9656283566058003
0.9656652360515021
0.9657020364415863
0.9657387580299786
0.9657754010695188
0.9658119658119658
0.9658484525080042
0.9658848614072495
0.9659211927582535
0.9659574468085106
0.9659936238044633
0.9660297239915074
0.9660657476139979
0.9661016949152542
0.9661375661375662
0.9661733615221987
0.9662090813093981
0.9662447257383966
0.9662802950474183
0.9663157894736842
0.9663512092534174
0.9663865546218487
0.9664218258132214
0.9664570230607966
0.9664921465968587
0.9665271966527197
0.9665621734587252
0.9665970772442589
0.9666319082377477
0.9666666666666667
0.9667013527575442
0.9667359667359667
0.9667705088265836
0.966804979253112
0.966839378238342
0.9668737060041408
0.9669079627714581
0.9669421487603306
0.9669762641898865
0.9670103092783505
0.9670442842430484
0.9670781893004116
0.9671120246659815
0.9671457905544147
0.9671794871794872
0.9672131147540983
0.9672466734902764
0.967280163599182
0.9673135852911133
0.9673469387755103
0.9673802242609582
0.9674134419551935
0.9674465920651069
0.967479674796748
0.9675126903553299
0.9675456389452333
0.9675785207700102
0.9676113360323887
0.967644084934277
0.9676767676767677
0.9677093844601413
0.967741935483871
0.9677744209466264
0.9678068410462777
0.9678391959798995
0.9678714859437751
0.9679037111334002
0.9679358717434869
0.9679679679679679
1.0
1.0
1.0
1.0
1.0
1.0
1.0
1.0
1.0
1.0
1.0
1.0
1.0
1.0
1.0
1.0
1.0
1.0
1.0
1.0
1.0
1.0
1.0
1.0
1.0
1.0
1.0
1.0
1.0
1.0
1.0
1.0
1.0
1.0
1.0
1.0
1.0
1.0
1.0
1.0
1.0
1.0
1.0
1.0
1.0
1.0
1.0
1.0
1.0
1.0
1.0
1.0
1.0
1.0
1.0
1.0
1.0
1.0
1.0
1.0
1.0
1.0
1.0
1.0
1.0
1.0
1.0
1.0
1.0
1.0
1.0
1.0
1.0
1.0
1.0
1.0
1.0
1.0
1.0
1.0
1.0
1.0
1.0
1.0
1.0
1.0
1.0
1.0
1.0
1.0
1.0
1.0
1.0
1.0
1.0
1.0
1.0
1.0
1.0
1.0
1.0
1.0
1.0
1.0
1.0
1.0
1.0
1.0
1.0
1.0
1.0
1.0
1.0
1.0
1.0
1.0
1.0
1.0
1.0
1.0
1.0
1.0
1.0
1.0
1.0
1.0
1.0
1.0
1.0
1.0
1.0
1.0
1.0
1.0
1.0
1.0
1.0
1.0
1.0
1.0
1.0
1.0
1.0
1.0
1.0
1.0
1.0
1.0
1.0
1.0
1.0
1.0
1.0
1.0
1.0
1.0
1.0
1.0
1.0
1.0
1.0
1.0
1.0
1.0
1.0
1.0
1.0
1.0
1.0
1.0
1.0
1.0
1.0
1.0
1.0
1.0
1.0
1.0
1.0
1.0
1.0
1.0
1.0
1.0
1.0
1.0
1.0
1.0
1.0
1.0
1.0
1.0
1.0
1.0
1.0
1.0
1.0
1.0
1.0
1.0
1.0
1.0
1.0
1.0
1.0
1.0
1.0
1.0
1.0
1.0
1.0
1.0
1.0
1.0
1.0
1.0
1.0
1.0
1.0
1.0
1.0
1.0
1.0
1.0
1.0
1.0
1.0
1.0
1.0
1.0
1.0
1.0
1.0
1.0
1.0
1.0
1.0
1.0
1.0
1.0
1.0
1.0
1.0
1.0
1.0
1.0
1.0
1.0
1.0
1.0
1.0
1.0
1.0
1.0
1.0
1.0
1.0
1.0
1.0
1.0
1.0
1.0
1.0
1.0
1.0
1.0
1.0
1.0
1.0
1.0
1.0
1.0
1.0
1.0
1.0
1.0
1.0
1.0
1.0
1.0
1.0
1.0
1.0
1.0
1.0
1.0
1.0
1.0
1.0
1.0
1.0
1.0
1.0
1.0
1.0
1.0
1.0
1.0
1.0
1.0
1.0
1.0
1.0
1.0
1.0
1.0
1.0
1.0
1.0
1.0
1.0
1.0
1.0
1.0
1.0
1.0
1.0
1.0
1.0
1.0
1.0
1.0
1.0
1.0
1.0
1.0
1.0
1.0
1.0
1.0
1.0
1.0
1.0
1.0
1.0
1.0
1.0
1.0
1.0
1.0
1.0
1.0
1.0
1.0
1.0
1.0
1.0
1.0
1.0
1.0
1.0
1.0
1.0
1.0
1.0
1.0
1.0
1.0
1.0
1.0
1.0
1.0
1.0
1.0
1.0
1.0
1.0
1.0
1.0
1.0
1.0
1.0
1.0
1.0
1.0
1.0
1.0
1.0
1.0
1.0
1.0
1.0
1.0
1.0
1.0
1.0
1.0
1.0
1.0
1.0
1.0
1.0
1.0
1.0
1.0
1.0
1.0
1.0
1.0
1.0
1.0
1.0
1.0
1.0
1.0
1.0
1.0
1.0
1.0
1.0
1.0
1.0
1.0
1.0
1.0
1.0
1.0
1.0
1.0
1.0
1.0
1.0
1.0
1.0
1.0
1.0
1.0
1.0
1.0
1.0
1.0
1.0
1.0
1.0
1.0
1.0
1.0
1.0
1.0
1.0
1.0
1.0
1.0
1.0
1.0
1.0
1.0
1.0
1.0
1.0
1.0
1.0
1.0
1.0
1.0
1.0
1.0
1.0
1.0
1.0
1.0
1.0
1.0
1.0
1.0
1.0
1.0
1.0
1.0
1.0
1.0
1.0
1.0
1.0
1.0
1.0
1.0
1.0
1.0
1.0
1.0
1.0
1.0
1.0
1.0
1.0
1.0
1.0
1.0
1.0
1.0
1.0
1.0
1.0
1.0
1.0
1.0
1.0
1.0
1.0
1.0
1.0
1.0
1.0
1.0
1.0
1.0
1.0
1.0
1.0
1.0
1.0
1.0
1.0
1.0
1.0
1.0
1.0
1.0
1.0
1.0
1.0
1.0
1.0
1.0
1.0
1.0
1.0
1.0
1.0
1.0
1.0
1.0
1.0
1.0
1.0
1.0
1.0
1.0
1.0
1.0
1.0
1.0
1.0
1.0
1.0
1.0
1.0
1.0
1.0
1.0
1.0
1.0
1.0
1.0
1.0
1.0
1.0
1.0
1.0
1.0
1.0
1.0
1.0
1.0
1.0
1.0
1.0
1.0
1.0
1.0
1.0
1.0
1.0
1.0
1.0
1.0
1.0
1.0
1.0
1.0
1.0
1.0
1.0
1.0
1.0
1.0
1.0
1.0
1.0
1.0
1.0
1.0
1.0
1.0
1.0
1.0
1.0
1.0
1.0
1.0
1.0
1.0
1.0
1.0
1.0
1.0
1.0
1.0
1.0
1.0
1.0
1.0
1.0
0.9746434231378764
0.9746835443037974
0.9747235387045814
0.976303317535545
0.9778830963665087
0.9794628751974723
0.981042654028436
0.9826224328593997
0.9842022116903634
0.985781990521327
0.9873617693522907
0.9889415481832543
0.990521327014218
0.9921011058451816
0.9936808846761453
0.995260663507109
0.9968404423380727
0.9984202211690363
1.0
1.0
1.0
1.0
0.9607843137254902
0.9622926093514329
0.9638009049773756
0.9653092006033183
0.9668174962292609
0.9683257918552036
0.9698340874811463
0.971342383107089
0.9598214285714286
0.9613095238095238
0.9627976190476191
0.9642857142857143
0.9657738095238095
0.9672619047619048
0.96875
0.9702380952380952
0.9717261904761905
0.9547445255474453
0.9562043795620438
0.9576642335766423
0.9591240875912409
0.9605839416058394
0.962043795620438
0.9635036496350365
0.964963503649635
0.9664233576642336
0.9678832116788321
0.9693430656934306
0.9708029197080292
0.9722627737226277
0.9460992907801419
0.9475177304964539
0.948936170212766
0.950354609929078
0.9517730496453901
0.9531914893617022
0.9546099290780142
0.9560283687943263
0.9574468085106383
0.9588652482269504
0.9602836879432625
0.9617021276595744
0.9631205673758865
0.9645390070921985
0.9659574468085106
0.9673758865248226
0.9687943262411347
0.9702127659574468
0.9716312056737588
0.9730496453900709
0.9730878186968839
0.9731258840169731
0.955617198335645
0.957004160887656
0.9583911234396671
0.9597780859916782
0.9611650485436893
0.9625520110957004
0.9639389736477115
0.9653259361997226
0.9667128987517337
0.9680998613037448
0.9694868238557559
0.970873786407767
0.9722607489597781
0.9736477115117892
0.9201570680628273
0.9214659685863874
0.9227748691099477
0.9240837696335078
0.925392670157068
0.9267015706806283
0.9280104712041884
0.9293193717277487
0.930628272251309
0.9319371727748691
0.9332460732984293
0.9345549738219895
0.9358638743455497
0.93717277486911
0.9384816753926701
0.9397905759162304
0.9410994764397905
0.9424083769633508
0.943717277486911
0.9450261780104712
0.9463350785340314
0.9476439790575916
0.9489528795811518
0.9502617801047121
0.9515706806282722
0.9528795811518325
0.9541884816753927
0.9554973821989529
0.9568062827225131
0.9581151832460733
0.9594240837696335
0.9607329842931938
0.9620418848167539
0.9633507853403142
0.9646596858638743
0.9659685863874345
0.9672774869109948
0.9685863874345549
0.9698952879581152
0.9712041884816754
0.9725130890052356
0.9738219895287958
0.975130890052356
0.9588688946015425
0.9601542416452442
0.961439588688946
0.9627249357326478
0.9640102827763496
0.9652956298200515
0.9665809768637532
0.967866323907455
0.9691516709511568
0.9704370179948586
0.9717223650385605
0.9730077120822622
0.974293059125964
0.9755784061696658
0.9620253164556962
0.9632911392405064
0.9645569620253165
0.9658227848101266
0.9670886075949368
0.9683544303797469
0.9696202531645569
0.970886075949367
0.9721518987341772
0.9734177215189873
0.9746835443037974
0.9759493670886076
0.9625935162094763
0.9638403990024937
0.9650872817955112
0.9663341645885287
0.9675810473815462
0.9688279301745636
0.970074812967581
0.9713216957605985
0.972568578553616
0.9738154613466334
0.9750623441396509
0.9763092269326683
0.9572649572649573
0.9584859584859585
0.9597069597069597
0.960927960927961
0.9621489621489622
0.9449101796407186
0.9461077844311377
0.9473053892215569
0.948502994011976
0.9497005988023952
0.9508982035928144
0.9520958083832335
0.9532934131736527
0.9544910179640719
0.9556886227544911
0.9568862275449102
0.9580838323353293
0.9592814371257485
0.9604790419161676
0.9616766467065868
0.962874251497006
0.9526627218934911
0.9538461538461539
0.9550295857988166
0.9562130177514793
0.9573964497041421
0.9585798816568047
0.9597633136094674
0.9609467455621302
0.9621301775147929
0.9633136094674556
0.9532163742690059
0.9543859649122807
0.9555555555555556
0.9567251461988304
0.9578947368421052
0.9590643274853801
0.960233918128655
0.9614035087719298
0.9625730994152046
0.9637426900584796
0.9559675550405562
0.9571263035921205
0.9582850521436849
0.9594438006952491
0.9606025492468134
0.9617612977983777
0.9629200463499421
0.9640787949015064
0.937007874015748
0.9381327334083239
0.9392575928008999
0.9403824521934758
0.9415073115860517
0.9426321709786277
0.9437570303712036
0.9448818897637795
0.9460067491563554
0.9471316085489314
0.9482564679415073
0.9493813273340832
0.9505061867266592
0.9516310461192351
0.952755905511811
0.953880764904387
0.9550056242969629
0.9561304836895388
0.9572553430821147
0.9583802024746907
0.9595050618672666
0.9606299212598425
0.9617547806524185
0.9628796400449944
0.9640044994375703
0.9651293588301463
0.9326818675352877
0.9337676438653637
0.9348534201954397
0.9359391965255157
0.9370249728555917
0.9381107491856677
0.9391965255157437
0.9402823018458197
0.9413680781758957
0.9424538545059717
0.9435396308360477
0.9446254071661238
0.9457111834961998
0.9467969598262758
0.9478827361563518
0.9489685124864278
0.9500542888165038
0.9511400651465798
0.9522258414766558
0.9533116178067318
0.9543973941368078
0.9554831704668838
0.9565689467969598
0.9576547231270358
0.9587404994571118
0.9598262757871878
0.9609120521172638
0.9619978284473398
0.9630836047774158
0.9641693811074918
0.9652551574375678
0.96529284164859
0.9653304442036836
0.9653679653679653
0.9654054054054054
0.9654427645788337
0.9654800431499461
0.9655172413793104
0.9655543595263725
0.9655913978494624
0.9656283566058003
0.9656652360515021
0.9657020364415863
0.9657387580299786
0.9657754010695188
0.9658119658119658
0.9658484525080042
0.9658848614072495
0.9659211927582535
0.9659574468085106
0.9659936238044633
0.9660297239915074
0.9660657476139979
0.9661016949152542
0.9661375661375662
0.9661733615221987
0.9662090813093981
0.9662447257383966
0.9662802950474183
0.9663157894736842
0.9663512092534174
0.9663865546218487
0.9664218258132214
0.9664570230607966
0.9664921465968587
0.9665271966527197
0.9665621734587252
0.9665970772442589
0.9666319082377477
0.9666666666666667
0.9667013527575442
0.9667359667359667
0.9667705088265836
0.966804979253112
0.966839378238342
0.9668737060041408
0.9669079627714581
0.9669421487603306
0.9669762641898865
0.9670103092783505
0.9670442842430484
0.9670781893004116
0.9671120246659815
0.9671457905544147
0.9671794871794872
0.9672131147540983
0.9672466734902764
0.967280163599182
0.9673135852911133
0.9673469387755103
0.9673802242609582
0.9674134419551935
0.9674465920651069
0.967479674796748
0.9675126903553299
0.9675456389452333
0.9675785207700102
0.9676113360323887
0.967644084934277
0.9676767676767677
0.9677093844601413
0.967741935483871
0.9677744209466264
0.9678068410462777
0.9678391959798995
0.9678714859437751
0.9679037111334002
0.9679358717434869
0.9679679679679679
1.0
1.0
1.0
1.0
1.0
1.0
1.0
1.0
1.0
1.0
1.0
1.0
1.0
1.0
1.0
1.0
1.0
1.0
1.0
1.0
1.0
1.0
1.0
1.0
1.0
1.0
1.0
1.0
1.0
1.0
1.0
1.0
1.0
1.0
1.0
1.0
1.0
1.0
1.0
1.0
1.0
1.0
1.0
1.0
1.0
1.0
1.0
1.0
1.0
1.0
1.0
1.0
1.0
1.0
1.0
1.0
1.0
1.0
1.0
1.0
1.0
1.0
1.0
1.0
1.0
1.0
1.0
1.0
1.0
1.0
1.0
1.0
1.0
1.0
1.0
1.0
1.0
1.0
1.0
1.0
1.0
1.0
1.0
1.0
1.0
1.0
1.0
1.0
1.0
1.0
1.0
1.0
1.0
1.0
1.0
1.0
1.0
1.0
1.0
1.0
1.0
1.0
1.0
1.0
1.0
1.0
1.0
1.0
1.0
1.0
1.0
1.0
1.0
1.0
1.0
1.0
1.0
1.0
1.0
1.0
1.0
1.0
1.0
1.0
1.0
1.0
1.0
1.0
1.0
1.0
1.0
1.0
1.0
1.0
1.0
1.0
1.0
1.0
1.0
1.0
1.0
1.0
1.0
1.0
1.0
1.0
1.0
1.0
1.0
1.0
1.0
1.0
1.0
1.0
1.0
1.0
1.0
1.0
1.0
1.0
1.0
1.0
1.0
1.0
1.0
1.0
1.0
1.0
1.0
1.0
1.0
1.0
1.0
1.0
1.0
1.0
1.0
1.0
1.0
1.0
1.0
1.0
1.0
1.0
1.0
1.0
1.0
1.0
1.0
1.0
1.0
1.0
1.0
1.0
1.0
1.0
1.0
1.0
1.0
1.0
1.0
1.0
1.0
1.0
1.0
1.0
1.0
1.0
1.0
1.0
1.0
1.0
1.0
1.0
1.0
1.0
1.0
1.0
1.0
1.0
1.0
1.0
1.0
1.0
1.0
1.0
1.0
1.0
1.0
1.0
1.0
1.0
1.0
1.0
1.0
1.0
1.0
1.0
1.0
1.0
1.0
1.0
1.0
1.0
1.0
1.0
1.0
1.0
1.0
1.0
1.0
1.0
1.0
1.0
1.0
1.0
1.0
1.0
1.0
1.0
1.0
1.0
1.0
1.0
1.0
1.0
1.0
1.0
1.0
1.0
1.0
1.0
1.0
1.0
1.0
1.0
1.0
1.0
1.0
1.0
1.0
1.0
1.0
1.0
1.0
1.0
1.0
1.0
1.0
1.0
1.0
1.0
1.0
1.0
1.0
1.0
1.0
1.0
1.0
1.0
1.0
1.0
1.0
1.0
1.0
1.0
1.0
1.0
1.0
1.0
1.0
1.0
1.0
1.0
1.0
1.0
1.0
1.0
1.0
1.0
1.0
1.0
1.0
1.0
1.0
1.0
1.0
1.0
1.0
1.0
1.0
1.0
1.0
1.0
1.0
1.0
1.0
1.0
1.0
1.0
1.0
1.0
1.0
1.0
1.0
1.0
1.0
1.0
1.0
1.0
1.0
1.0
1.0
1.0
1.0
1.0
1.0
1.0
1.0
1.0
1.0
1.0
1.0
1.0
1.0
1.0
1.0
1.0
1.0
1.0
1.0
1.0
1.0
1.0
1.0
1.0
1.0
1.0
1.0
1.0
1.0
1.0
1.0
1.0
1.0
1.0
1.0
1.0
1.0
1.0
1.0
1.0
1.0
1.0
1.0
1.0
1.0
1.0
1.0
1.0
1.0
1.0
1.0
1.0
1.0
1.0
1.0
1.0
1.0
1.0
1.0
1.0
1.0
1.0
1.0
1.0
1.0
1.0
1.0
1.0
1.0
1.0
1.0
1.0
1.0
1.0
1.0
1.0
1.0
1.0
1.0
1.0
1.0
1.0
1.0
1.0
1.0
1.0
1.0
1.0
1.0
1.0
1.0
1.0
1.0
1.0
1.0
1.0
1.0
1.0
1.0
1.0
1.0
1.0
1.0
1.0
1.0
1.0
1.0
1.0
1.0
1.0
1.0
1.0
1.0
1.0
1.0
1.0
1.0
1.0
1.0
1.0
1.0
1.0
1.0
1.0
1.0
1.0
1.0
1.0
1.0
1.0
1.0
1.0
1.0
1.0
1.0
1.0
1.0
1.0
1.0
1.0
1.0
1.0
1.0
1.0
1.0
1.0
1.0
1.0
1.0
1.0
1.0
1.0
1.0
1.0
1.0
1.0
1.0
1.0
1.0
1.0
1.0
1.0
1.0
1.0
1.0
1.0
1.0
1.0
1.0
1.0
1.0
1.0
1.0
1.0
1.0
1.0
1.0
1.0
1.0
1.0
1.0
1.0
1.0
1.0
1.0
1.0
1.0
1.0
1.0
1.0
1.0
1.0
1.0
1.0
1.0
1.0
1.0
1.0
1.0
1.0
1.0
1.0
1.0
1.0
1.0
1.0
1.0
1.0
1.0
1.0
1.0
1.0
1.0
1.0
1.0
1.0
1.0
1.0
1.0
1.0
1.0
1.0
1.0
1.0
1.0
1.0
1.0
1.0
1.0
1.0
1.0
1.0
1.0
1.0
1.0
1.0
1.0
1.0
1.0
1.0
1.0
1.0
1.0
1.0
1.0
1.0
1.0
1.0
1.0
1.0
1.0
1.0
1.0
1.0
1.0
1.0
1.0
1.0
1.0
1.0
1.0
1.0
0.9903381642512077
0.9919484702093397
0.9935587761674718
0.9951690821256038
0.9967793880837359
0.998389694041868
1.0
0.9810725552050473
0.9811023622047244
0.9811320754716981
0.9827044025157232
0.9842767295597484
0.9858490566037735
0.9874213836477987
0.9889937106918238
0.9905660377358491
0.9921383647798742
0.9937106918238994
0.9952830188679245
0.9968553459119497
0.9984276729559748
1.0
1.0
1.0
1.0
0.9891808346213292
0.990726429675425
0.9922720247295209
0.9938176197836167
0.9953632148377125
0.9969088098918083
0.9984544049459042
1.0
0.9863013698630136
0.9878234398782344
0.989345509893455
0.9908675799086758
0.9923896499238964
0.9939117199391172
0.9954337899543378
0.9969558599695586
0.9984779299847792
1.0
1.0
0.9791976225854383
0.9806835066864784
0.9821693907875185
0.9836552748885586
0.9851411589895989
0.986627043090639
0.9881129271916791
0.9895988112927192
0.9910846953937593
0.9925705794947994
0.9940564635958395
0.9955423476968797
0.9970282317979198
0.9985141158989599
1.0
0.986822840409956
0.9882869692532943
0.9897510980966325
0.9912152269399708
0.9926793557833089
0.9941434846266471
0.9956076134699854
0.9970717423133236
0.9985358711566618
1.0
0.9799426934097422
0.9813753581661891
0.9828080229226361
0.9842406876790831
0.9856733524355301
0.9871060171919771
0.9885386819484241
0.9899713467048711
0.9914040114613181
0.9928366762177651
0.994269340974212
0.995702005730659
0.997134670487106
0.998567335243553
1.0
0.9817415730337079
0.9831460674157303
0.9845505617977528
0.9859550561797753
0.9873595505617978
0.9887640449438202
0.9901685393258427
0.9915730337078652
0.9929775280898876
0.9943820224719101
0.9957865168539326
0.9971910112359551
0.9985955056179775
1.0
0.9958100558659218
0.9972067039106145
0.9986033519553073
1.0
0.9781718963165075
0.9795361527967258
0.9809004092769441
0.9822646657571623
0.9836289222373806
0.984993178717599
0.9863574351978172
0.9877216916780355
0.9890859481582538
0.990450204638472
0.9918144611186903
0.9931787175989086
0.9945429740791268
0.9959072305593452
0.9972714870395635
0.9986357435197817
1.0
0.9825970548862115
0.9839357429718876
0.9852744310575636
0.9866131191432396
0.9879518072289156
0.9892904953145917
0.9906291834002677
0.9919678714859438
0.9933065595716198
0.9946452476572959
0.9959839357429718
0.9973226238286479
0.998661311914324
1.0
0.9946808510638298
0.9960106382978723
0.9973404255319149
0.9986702127659575
1.0
1.0
0.9605095541401274
0.9617834394904459
0.9630573248407643
0.9643312101910828
0.9656050955414013
0.9668789808917198
0.9681528662420382
0.9694267515923567
0.9707006369426752
0.9719745222929936
0.9732484076433121
0.9745222929936306
0.975796178343949
0.9770700636942675
0.978343949044586
0.9796178343949045
0.9808917197452229
0.9821656050955414
0.9834394904458599
0.9847133757961783
0.9859872611464968
0.9872611464968153
0.9885350318471338
0.9898089171974522
0.9910828025477707
0.9923566878980892
0.9936305732484076
0.9949044585987261
0.9961783439490446
0.9974522292993631
0.9987261146496815
0.9987277353689568
0.9987293519695044
0.998730964467005
0.9987325728770595
0.9987341772151899
0.9987357774968394
0.9987373737373737
0.9987389659520807
0.9987405541561712
0.9987421383647799
0.9987437185929648
0.998745294855709
0.9987468671679198
0.9987484355444305
0.99875
0.9987515605493134
0.9987531172069826
0.9987546699875467
0.9987562189054726
0.9987577639751553
0.9987593052109182
0.9987608426270136
0.9987623762376238
0.9987639060568603
0.9987654320987654
0.998766954377312
0.9987684729064039
0.998769987699877
0.9987714987714987
0.9987730061349693
0.9987745098039216
0.9987760097919217
0.9987775061124694
0.9987789987789988
0.998780487804878
0.9987819732034104
0.9987834549878345
0.9987849331713244
0.9987864077669902
0.9987878787878788
0.9987893462469734
0.9987908101571947
0.998792270531401
0.9987937273823885
0.9987951807228915
0.9987966305655837
0.9987980769230769
0.9987995198079231
0.9988009592326139
0.9988023952095808
0.9988038277511961
0.998805256869773
0.9988066825775657
0.99880810488677
0.9988095238095238
0.9988109393579072
0.998812351543943
0.9988137603795967
0.9988151658767772
0.9988165680473373
0.9988179669030733
0.9988193624557261
0.9988207547169812
0.9988221436984688
0.9988235294117647
0.9988249118683902
0.9988262910798122
0.9988276670574443
0.9988290398126464
0.9988304093567252
0.9988317757009346
0.9988331388564761
0.9988344988344988
0.9988358556461001
0.9988372093023256
0.9988385598141696
0.9988399071925754
0.9988412514484357
1.0
1.0
1.0
1.0
1.0
1.0
1.0
1.0
1.0
1.0
1.0
1.0
1.0
1.0
1.0
1.0
1.0
1.0
1.0
1.0
1.0
1.0
1.0
1.0
1.0
1.0
1.0
1.0
1.0
1.0
1.0
1.0
1.0
1.0
1.0
1.0
1.0
1.0
1.0
1.0
1.0
1.0
1.0
1.0
1.0
1.0
1.0
1.0
1.0
1.0
1.0
1.0
1.0
1.0
1.0
1.0
1.0
1.0
1.0
1.0
1.0
1.0
1.0
1.0
1.0
1.0
1.0
1.0
1.0
1.0
1.0
1.0
1.0
1.0
1.0
1.0
1.0
1.0
1.0
1.0
1.0
1.0
1.0
1.0
1.0
1.0
1.0
1.0
1.0
1.0
1.0
1.0
1.0
1.0
1.0
1.0
1.0
1.0
1.0
1.0
1.0
1.0
1.0
1.0
1.0
1.0
1.0
1.0
1.0
1.0
1.0
1.0
1.0
1.0
1.0
1.0
1.0
1.0
1.0
1.0
1.0
1.0
1.0
1.0
1.0
1.0
1.0
1.0
1.0
1.0
1.0
1.0
1.0
1.0
1.0
1.0
1.0
1.0
1.0
1.0
1.0
1.0
1.0
1.0
1.0
1.0
1.0
1.0
1.0
1.0
1.0
1.0
1.0
1.0
1.0
1.0
1.0
1.0
1.0
1.0
1.0
1.0
1.0
1.0
1.0
1.0
1.0
1.0
1.0
1.0
1.0
1.0
1.0
1.0
1.0
1.0
1.0
1.0
1.0
1.0
1.0
1.0
1.0
1.0
1.0
1.0
1.0
1.0
1.0
1.0
1.0
1.0
1.0
1.0
1.0
1.0
1.0
1.0
1.0
1.0
1.0
1.0
1.0
1.0
1.0
1.0
1.0
1.0
1.0
1.0
1.0
1.0
1.0
1.0
1.0
1.0
1.0
1.0
1.0
1.0
1.0
1.0
1.0
1.0
1.0
1.0
1.0
1.0
1.0
1.0
1.0
1.0
1.0
1.0
1.0
1.0
1.0
1.0
1.0
1.0
1.0
1.0
1.0
1.0
1.0
1.0
1.0
1.0
1.0
1.0
1.0
1.0
1.0
1.0
1.0
1.0
1.0
1.0
1.0
1.0
1.0
1.0
1.0
1.0
1.0
1.0
1.0
1.0
1.0
1.0
1.0
1.0
1.0
1.0
1.0
1.0
1.0
1.0
1.0
1.0
1.0
1.0
1.0
1.0
1.0
1.0
1.0
1.0
1.0
1.0
1.0
1.0
1.0
1.0
1.0
1.0
1.0
1.0
1.0
1.0
1.0
1.0
1.0
1.0
1.0
1.0
1.0
1.0
1.0
1.0
1.0
1.0
1.0
1.0
1.0
1.0
1.0
1.0
1.0
1.0
1.0
1.0
1.0
1.0
1.0
1.0
1.0
1.0
1.0
1.0
1.0
1.0
1.0
1.0
1.0
1.0
1.0
1.0
1.0
1.0
1.0
1.0
1.0
1.0
1.0
1.0
1.0
1.0
1.0
1.0
1.0
1.0
1.0
1.0
1.0
1.0
1.0
1.0
1.0
1.0
1.0
1.0
1.0
1.0
1.0
1.0
1.0
1.0
1.0
1.0
1.0
1.0
1.0
1.0
1.0
1.0
1.0
1.0
1.0
1.0
1.0
1.0
1.0
1.0
1.0
1.0
1.0
1.0
1.0
1.0
1.0
1.0
1.0
1.0
1.0
1.0
1.0
1.0
1.0
1.0
1.0
1.0
1.0
1.0
1.0
1.0
1.0
1.0
1.0
1.0
1.0
1.0
1.0
1.0
1.0
1.0
1.0
1.0
1.0
1.0
1.0
1.0
1.0
1.0
1.0
1.0
1.0
1.0
1.0
1.0
1.0
1.0
1.0
1.0
1.0
1.0
1.0
1.0
1.0
1.0
1.0
1.0
1.0
1.0
1.0
1.0
1.0
1.0
1.0
1.0
1.0
1.0
1.0
1.0
1.0
1.0
1.0
1.0
1.0
1.0
1.0
1.0
1.0
1.0
1.0
1.0
1.0
1.0
1.0
1.0
1.0
1.0
1.0
1.0
1.0
1.0
1.0
1.0
1.0
1.0
1.0
1.0
1.0
1.0
1.0
1.0
1.0
1.0
1.0
1.0
1.0
1.0
1.0
1.0
1.0
1.0
1.0
1.0
1.0
1.0
1.0
1.0
1.0
1.0
1.0
1.0
1.0
1.0
1.0
1.0
1.0
1.0
1.0
1.0
1.0
1.0
1.0
1.0
1.0
1.0
1.0
1.0
1.0
1.0
1.0
1.0
1.0
1.0
1.0
1.0
1.0
1.0
1.0
1.0
1.0
1.0
1.0
1.0
1.0
1.0
1.0
1.0
1.0
1.0
1.0
1.0
1.0
1.0
1.0
1.0
1.0
1.0
1.0
1.0
1.0
1.0
1.0
1.0
1.0
1.0
1.0
1.0
1.0
1.0
1.0
1.0
1.0
1.0
1.0
1.0
1.0
1.0
1.0
1.0
1.0
1.0
1.0
1.0
1.0
1.0
1.0
1.0
1.0
1.0
1.0
1.0
1.0
1.0
1.0
1.0
1.0
1.0
1.0
1.0
1.0
1.0
1.0
1.0
1.0
1.0
1.0
1.0
1.0
1.0
1.0
1.0
1.0
1.0
1.0
1.0
1.0
1.0
1.0
1.0
0.9903381642512077
0.9919484702093397
0.9935587761674718
0.9951690821256038
0.9967793880837359
0.998389694041868
1.0
0.9810725552050473
0.9811023622047244
0.9811320754716981
0.9827044025157232
0.9842767295597484
0.9858490566037735
0.9874213836477987
0.9889937106918238
0.9905660377358491
0.9921383647798742
0.9937106918238994
0.9952830188679245
0.9968553459119497
0.9984276729559748
1.0
1.0
1.0
1.0
0.9891808346213292
0.990726429675425
0.9922720247295209
0.9938176197836167
0.9953632148377125
0.9969088098918083
0.9984544049459042
1.0
0.9863013698630136
0.9878234398782344
0.989345509893455
0.9908675799086758
0.9923896499238964
0.9939117199391172
0.9954337899543378
0.9969558599695586
0.9984779299847792
1.0
1.0
0.9791976225854383
0.9806835066864784
0.9821693907875185
0.9836552748885586
0.9851411589895989
0.986627043090639
0.9881129271916791
0.9895988112927192
0.9910846953937593
0.9925705794947994
0.9940564635958395
0.9955423476968797
0.9970282317979198
0.9985141158989599
1.0
0.986822840409956
0.9882869692532943
0.9897510980966325
0.9912152269399708
0.9926793557833089
0.9941434846266471
0.9956076134699854
0.9970717423133236
0.9985358711566618
1.0
0.9799426934097422
0.9813753581661891
0.9828080229226361
0.9842406876790831
0.9856733524355301
0.9871060171919771
0.9885386819484241
0.9899713467048711
0.9914040114613181
0.9928366762177651
0.994269340974212
0.995702005730659
0.997134670487106
0.998567335243553
1.0
0.9817415730337079
0.9831460674157303
0.9845505617977528
0.9859550561797753
0.9873595505617978
0.9887640449438202
0.9901685393258427
0.9915730337078652
0.9929775280898876
0.9943820224719101
0.9957865168539326
0.9971910112359551
0.9985955056179775
1.0
0.9958100558659218
0.9972067039106145
0.9986033519553073
1.0
0.9781718963165075
0.9795361527967258
0.9809004092769441
0.9822646657571623
0.9836289222373806
0.984993178717599
0.9863574351978172
0.9877216916780355
0.9890859481582538
0.990450204638472
0.9918144611186903
0.9931787175989086
0.9945429740791268
0.9959072305593452
0.9972714870395635
0.9986357435197817
1.0
0.9825970548862115
0.9839357429718876
0.9852744310575636
0.9866131191432396
0.9879518072289156
0.9892904953145917
0.9906291834002677
0.9919678714859438
0.9933065595716198
0.9946452476572959
0.9959839357429718
0.9973226238286479
0.998661311914324
1.0
0.9946808510638298
0.9960106382978723
0.9973404255319149
0.9986702127659575
1.0
1.0
0.9605095541401274
0.9617834394904459
0.9630573248407643
0.9643312101910828
0.9656050955414013
0.9668789808917198
0.9681528662420382
0.9694267515923567
0.9707006369426752
0.9719745222929936
0.9732484076433121
0.9745222929936306
0.975796178343949
0.9770700636942675
0.978343949044586
0.9796178343949045
0.9808917197452229
0.9821656050955414
0.9834394904458599
0.9847133757961783
0.9859872611464968
0.9872611464968153
0.9885350318471338
0.9898089171974522
0.9910828025477707
0.9923566878980892
0.9936305732484076
0.9949044585987261
0.9961783439490446
0.9974522292993631
0.9987261146496815
0.9987277353689568
0.9987293519695044
0.998730964467005
0.9987325728770595
0.9987341772151899
0.9987357774968394
0.9987373737373737
0.9987389659520807
0.9987405541561712
0.9987421383647799
0.9987437185929648
0.998745294855709
0.9987468671679198
0.9987484355444305
0.99875
0.9987515605493134
0.9987531172069826
0.9987546699875467
0.9987562189054726
0.9987577639751553
0.9987593052109182
0.9987608426270136
0.9987623762376238
0.9987639060568603
0.9987654320987654
0.998766954377312
0.9987684729064039
0.998769987699877
0.9987714987714987
0.9987730061349693
0.9987745098039216
0.9987760097919217
0.9987775061124694
0.9987789987789988
0.998780487804878
0.9987819732034104
0.9987834549878345
0.9987849331713244
0.9987864077669902
0.9987878787878788
0.9987893462469734
0.9987908101571947
0.998792270531401
0.9987937273823885
0.9987951807228915
0.9987966305655837
0.9987980769230769
0.9987995198079231
0.9988009592326139
0.9988023952095808
0.9988038277511961
0.998805256869773
0.9988066825775657
0.99880810488677
0.9988095238095238
0.9988109393579072
0.998812351543943
0.9988137603795967
0.9988151658767772
0.9988165680473373
0.9988179669030733
0.9988193624557261
0.9988207547169812
0.9988221436984688
0.9988235294117647
0.9988249118683902
0.9988262910798122
0.9988276670574443
0.9988290398126464
0.9988304093567252
0.9988317757009346
0.9988331388564761
0.9988344988344988
0.9988358556461001
0.9988372093023256
0.9988385598141696
0.9988399071925754
0.9988412514484357
