1.0
1.0
1.0
1.0
1.0
1.0
1.0
1.0
1.0
1.0
1.0
1.0
1.0
1.0
1.0
1.0
1.0
1.0
1.0
1.0
1.0
1.0
1.0
1.0
1.0
1.0
1.0
1.0
1.0
1.0
1.0
1.0
1.0
1.0
1.0
1.0
1.0
1.0
1.0
1.0
1.0
1.0
1.0
1.0
1.0
1.0
1.0
1.0
1.0
1.0
1.0
1.0
1.0
1.0
1.0
1.0
1.0
1.0
1.0
1.0
1.0
1.0
1.0
1.0
1.0
1.0
1.0
1.0
1.0
1.0
1.0
1.0
1.0
1.0
1.0
1.0
1.0
1.0
1.0
1.0
1.0
1.0
1.0
1.0
1.0
1.0
1.0
1.0
1.0
1.0
1.0
1.0
1.0
1.0
1.0
1.0
1.0
1.0
1.0
1.0
1.0
1.0
1.0
1.0
1.0
1.0
1.0
1.0
1.0
1.0
1.0
1.0
1.0
1.0
1.0
1.0
1.0
1.0
1.0
1.0
1.0
1.0
1.0
1.0
1.0
1.0
1.0
1.0
1.0
1.0
1.0
1.0
1.0
1.0
1.0
1.0
1.0
1.0
1.0
1.0
1.0
1.0
1.0
1.0
1.0
1.0
1.0
1.0
1.0
1.0
1.0
1.0
1.0
1.0
1.0
1.0
1.0
1.0
1.0
1.0
1.0
1.0
1.0
1.0
1.0
1.0
1.0
1.0
1.0
1.0
1.0
1.0
1.0
1.0
1.0
1.0
1.0
1.0
1.0
1.0
1.0
1.0
1.0
1.0
1.0
1.0
1.0
1.0
1.0
1.0
1.0
1.0
1.0
1.0
1.0
1.0
1.0
1.0
1.0
1.0
1.0
1.0
1.0
1.0
1.0
1.0
1.0
1.0
1.0
1.0
1.0
1.0
1.0
1.0
1.0
1.0
1.0
1.0
1.0
1.0
1.0
1.0
1.0
1.0
1.0
1.0
1.0
1.0
1.0
1.0
1.0
1.0
1.0
1.0
1.0
1.0
1.0
1.0
1.0
1.0
1.0
1.0
1.0
1.0
1.0
1.0
1.0
1.0
1.0
1.0
1.0
1.0
1.0
1.0
1.0
1.0
1.0
1.0
1.0
1.0
1.0
1.0
1.0
1.0
1.0
1.0
1.0
1.0
1.0
1.0
1.0
1.0
1.0
1.0
1.0
1.0
1.0
1.0
1.0
1.0
1.0
1.0
1.0
1.0
1.0
1.0
1.0
1.0
1.0
1.0
1.0
1.0
1.0
1.0
1.0
1.0
1.0
1.0
1.0
1.0
1.0
1.0
1.0
1.0
1.0
1.0
1.0
1.0
1.0
1.0
1.0
1.0
1.0
1.0
1.0
1.0
1.0
1.0
1.0
1.0
1.0
1.0
1.0
1.0
1.0
1.0
1.0
1.0
1.0
1.0
1.0
1.0
1.0
1.0
1.0
1.0
1.0
1.0
1.0
1.0
1.0
1.0
1.0
1.0
1.0
1.0
1.0
1.0
1.0
1.0
1.0
1.0
1.0
1.0
1.0
1.0
1.0
1.0
1.0
1.0
1.0
1.0
1.0
1.0
1.0
1.0
1.0
1.0
1.0
1.0
1.0
1.0
1.0
1.0
1.0
1.0
1.0
1.0
1.0
1.0
1.0
1.0
1.0
1.0
1.0
1.0
1.0
1.0
1.0
1.0
1.0
1.0
1.0
1.0
1.0
1.0
1.0
1.0
1.0
1.0
1.0
1.0
1.0
1.0
1.0
1.0
1.0
1.0
1.0
1.0
1.0
1.0
1.0
1.0
1.0
1.0
1.0
1.0
1.0
1.0
1.0
1.0
1.0
1.0
1.0
1.0
1.0
1.0
1.0
1.0
1.0
1.0
1.0
1.0
1.0
1.0
1.0
1.0
1.0
1.0
1.0
1.0
1.0
1.0
1.0
1.0
1.0
1.0
1.0
1.0
1.0
1.0
1.0
1.0
1.0
1.0
1.0
1.0
1.0
1.0
1.0
1.0
1.0
1.0
1.0
1.0
1.0
1.0
1.0
1.0
1.0
1.0
1.0
1.0
1.0
1.0
1.0
1.0
1.0
1.0
1.0
1.0
1.0
1.0
1.0
1.0
1.0
1.0
1.0
1.0
1.0
1.0
1.0
1.0
1.0
1.0
1.0
1.0
1.0
1.0
1.0
1.0
1.0
1.0
1.0
1.0
1.0
1.0
1.0
1.0
1.0
1.0
1.0
1.0
1.0
1.0
1.0
1.0
1.0
1.0
1.0
1.0
1.0
1.0
1.0
1.0
1.0
1.0
1.0
1.0
1.0
1.0
1.0
1.0
1.0
1.0
1.0
1.0
1.0
1.0
1.0
1.0
1.0
1.0
1.0
1.0
1.0
1.0
1.0
1.0
1.0
1.0
1.0
1.0
1.0
1.0
1.0
1.0
1.0
1.0
1.0
1.0
1.0
1.0
1.0
1.0
1.0
1.0
1.0
1.0
1.0
1.0
1.0
1.0
1.0
1.0
1.0
1.0
1.0
1.0
1.0
1.0
1.0
1.0
1.0
1.0
1.0
1.0
1.0
1.0
1.0
1.0
1.0
1.0
1.0
1.0
1.0
1.0
1.0
1.0
1.0
1.0
1.0
1.0
1.0
1.0
1.0
1.0
1.0
1.0
1.0
1.0
1.0
1.0
0.9871589085072231
0.9871794871794872
0.9872
0.9888
0.9904
0.992
0.9936
0.9952
0.9968
0.9984
1.0
1.0
1.0
0.947209653092006
0.9487179487179487
0.9502262443438914
0.951734539969834
0.9532428355957768
0.9547511312217195
0.9562594268476622
0.9577677224736049
0.9592760180995475
0.9607843137254902
0.9622926093514329
0.9638009049773756
0.9653092006033183
0.9668174962292609
0.9683257918552036
0.9698340874811463
0.971342383107089
0.9728506787330317
0.9743589743589743
0.975867269984917
0.9773755656108597
0.9788838612368024
0.9803921568627451
0.9819004524886877
0.9819277108433735
0.976083707025411
0.9775784753363229
0.9790732436472347
0.9805680119581465
0.9820627802690582
0.9386590584878745
0.9400855920114123
0.9415121255349501
0.9429386590584878
0.9443651925820257
0.9457917261055635
0.9472182596291013
0.948644793152639
0.9500713266761769
0.9514978601997147
0.9529243937232525
0.9543509272467903
0.9557774607703281
0.9572039942938659
0.9586305278174037
0.9600570613409415
0.9614835948644793
0.9629101283880172
0.9643366619115549
0.9657631954350927
0.9671897289586305
0.9686162624821684
0.9700427960057061
0.9714693295292439
0.9728958630527818
0.9743223965763196
0.9757489300998573
0.9771754636233951
0.978601997146933
0.9800285306704708
0.9814550641940085
0.9814814814814815
0.9815078236130867
0.9815340909090909
0.9815602836879432
0.9815864022662889
0.9816124469589816
0.981638418079096
0.9816643159379408
0.9816901408450704
0.9817158931082982
0.9817415730337079
0.9817671809256662
0.9817927170868347
0.9818181818181818
0.9818435754189944
0.9818688981868898
0.9818941504178273
0.9819193324061196
0.9819444444444444
0.9819694868238558
0.981994459833795
0.9820193637621023
0.9820441988950276
0.9820689655172414
0.9820936639118457
0.9821182943603851
0.9821428571428571
0.9821673525377229
0.9821917808219178
0.9822161422708618
0.98224043715847
0.9822646657571623
0.9822888283378747
0.9823129251700681
0.9823369565217391
0.9823609226594301
0.9823848238482384
0.9824086603518268
0.9824324324324324
0.9824561403508771
0.9824797843665768
0.9825033647375505
0.9825268817204301
0.9825503355704698
0.982573726541555
0.9825970548862115
0.982620320855615
0.9826435246995995
0.9826666666666667
0.9826897470039947
0.9827127659574468
0.9827357237715804
0.9827586206896551
0.9827814569536424
0.9828042328042328
0.9828269484808454
0.9828496042216359
0.9828722002635046
0.9828947368421053
0.9829172141918529
0.9829396325459318
0.9829619921363041
0.9829842931937173
0.9830065359477124
0.9830287206266318
0.9830508474576272
0.9830729166666666
0.9830949284785435
0.9831168831168832
0.9831387808041504
0.9831606217616581
0.9831824062095731
0.9832041343669251
0.983225806451613
0.9832474226804123
0.9832689832689833
0.9832904884318766
0.9833119383825417
1.0
1.0
1.0
1.0
1.0
1.0
1.0
1.0
1.0
1.0
1.0
1.0
1.0
1.0
1.0
1.0
1.0
1.0
1.0
1.0
1.0
1.0
1.0
1.0
1.0
1.0
1.0
1.0
1.0
1.0
1.0
1.0
1.0
1.0
1.0
1.0
1.0
1.0
1.0
1.0
1.0
1.0
1.0
1.0
1.0
1.0
1.0
1.0
1.0
1.0
1.0
1.0
1.0
1.0
1.0
1.0
1.0
1.0
1.0
1.0
1.0
1.0
1.0
1.0
1.0
1.0
1.0
1.0
1.0
1.0
1.0
1.0
1.0
1.0
1.0
1.0
1.0
1.0
1.0
1.0
1.0
1.0
1.0
1.0
1.0
1.0
1.0
1.0
1.0
1.0
1.0
1.0
1.0
1.0
1.0
1.0
1.0
1.0
1.0
1.0
1.0
1.0
1.0
1.0
1.0
1.0
1.0
1.0
1.0
1.0
1.0
1.0
1.0
1.0
1.0
1.0
1.0
1.0
1.0
1.0
1.0
1.0
1.0
1.0
1.0
1.0
1.0
1.0
1.0
1.0
1.0
1.0
1.0
1.0
1.0
1.0
1.0
1.0
1.0
1.0
1.0
1.0
1.0
1.0
1.0
1.0
1.0
1.0
1.0
1.0
1.0
1.0
1.0
1.0
1.0
1.0
1.0
1.0
1.0
1.0
1.0
1.0
1.0
1.0
1.0
1.0
1.0
1.0
1.0
1.0
1.0
1.0
1.0
1.0
1.0
1.0
1.0
1.0
1.0
1.0
1.0
1.0
1.0
1.0
1.0
1.0
1.0
1.0
1.0
1.0
1.0
1.0
1.0
1.0
1.0
1.0
1.0
1.0
1.0
1.0
1.0
1.0
1.0
1.0
1.0
1.0
1.0
1.0
1.0
1.0
1.0
1.0
1.0
1.0
1.0
1.0
1.0
1.0
1.0
1.0
1.0
1.0
1.0
1.0
1.0
1.0
1.0
1.0
1.0
1.0
1.0
1.0
1.0
1.0
1.0
1.0
1.0
1.0
1.0
1.0
1.0
1.0
1.0
1.0
1.0
1.0
1.0
1.0
1.0
1.0
1.0
1.0
1.0
1.0
1.0
1.0
1.0
1.0
1.0
1.0
1.0
1.0
1.0
1.0
1.0
1.0
1.0
1.0
1.0
1.0
1.0
1.0
1.0
1.0
1.0
1.0
1.0
1.0
1.0
1.0
1.0
1.0
1.0
1.0
1.0
1.0
1.0
1.0
1.0
1.0
1.0
1.0
1.0
1.0
1.0
1.0
1.0
1.0
1.0
1.0
1.0
1.0
1.0
1.0
1.0
1.0
1.0
1.0
1.0
1.0
1.0
1.0
1.0
1.0
1.0
1.0
1.0
1.0
1.0
1.0
1.0
1.0
1.0
1.0
1.0
1.0
1.0
1.0
1.0
1.0
1.0
1.0
1.0
1.0
1.0
1.0
1.0
1.0
1.0
1.0
1.0
1.0
1.0
1.0
1.0
1.0
1.0
1.0
1.0
1.0
1.0
1.0
1.0
1.0
1.0
1.0
1.0
1.0
1.0
1.0
1.0
1.0
1.0
1.0
1.0
1.0
1.0
1.0
1.0
1.0
1.0
1.0
1.0
1.0
1.0
1.0
1.0
1.0
1.0
1.0
1.0
1.0
1.0
1.0
1.0
1.0
1.0
1.0
1.0
1.0
1.0
1.0
1.0
1.0
1.0
1.0
1.0
1.0
1.0
1.0
1.0
1.0
1.0
1.0
1.0
1.0
1.0
1.0
1.0
1.0
1.0
1.0
1.0
1.0
1.0
1.0
1.0
1.0
1.0
1.0
1.0
1.0
1.0
1.0
1.0
1.0
1.0
1.0
1.0
1.0
1.0
1.0
1.0
1.0
1.0
1.0
1.0
1.0
1.0
1.0
1.0
1.0
1.0
1.0
1.0
1.0
1.0
1.0
1.0
1.0
1.0
1.0
1.0
1.0
1.0
1.0
1.0
1.0
1.0
1.0
1.0
1.0
1.0
1.0
1.0
1.0
1.0
1.0
1.0
1.0
1.0
1.0
1.0
1.0
1.0
1.0
1.0
1.0
1.0
1.0
1.0
1.0
1.0
1.0
1.0
1.0
1.0
1.0
1.0
1.0
1.0
1.0
1.0
1.0
1.0
1.0
1.0
1.0
1.0
1.0
1.0
1.0
1.0
1.0
1.0
1.0
1.0
1.0
1.0
1.0
1.0
1.0
1.0
1.0
1.0
1.0
1.0
1.0
1.0
1.0
1.0
1.0
1.0
1.0
1.0
1.0
1.0
1.0
1.0
1.0
1.0
1.0
1.0
1.0
1.0
1.0
1.0
1.0
1.0
1.0
1.0
1.0
1.0
1.0
1.0
1.0
1.0
1.0
1.0
1.0
1.0
1.0
1.0
1.0
1.0
1.0
1.0
1.0
1.0
1.0
1.0
1.0
1.0
1.0
1.0
1.0
1.0
1.0
1.0
1.0
1.0
1.0
1.0
1.0
1.0
1.0
1.0
1.0
1.0
1.0
1.0
1.0
1.0
1.0
1.0
1.0
1.0
1.0
1.0
1.0
1.0
1.0
1.0
1.0
1.0
1.0
1.0
1.0
1.0
1.0
1.0
1.0
1.0
1.0
1.0
1.0
1.0
1.0
1.0
1.0
1.0
1.0
1.0
1.0
0.9871589085072231
0.9871794871794872
0.9872
0.9888
0.9904
0.992
0.9936
0.9952
0.9968
0.9984
1.0
1.0
1.0
0.947209653092006
0.9487179487179487
0.9502262443438914
0.951734539969834
0.9532428355957768
0.9547511312217195
0.9562594268476622
0.9577677224736049
0.9592760180995475
0.9607843137254902
0.9622926093514329
0.9638009049773756
0.9653092006033183
0.9668174962292609
0.9683257918552036
0.9698340874811463
0.971342383107089
0.9728506787330317
0.9743589743589743
0.975867269984917
0.9773755656108597
0.9788838612368024
0.9803921568627451
0.9819004524886877
0.9819277108433735
0.976083707025411
0.9775784753363229
0.9790732436472347
0.9805680119581465
0.9820627802690582
0.9386590584878745
0.9400855920114123
0.9415121255349501
0.9429386590584878
0.9443651925820257
0.9457917261055635
0.9472182596291013
0.948644793152639
0.9500713266761769
0.9514978601997147
0.9529243937232525
0.9543509272467903
0.9557774607703281
0.9572039942938659
0.9586305278174037
0.9600570613409415
0.9614835948644793
0.9629101283880172
0.9643366619115549
0.9657631954350927
0.9671897289586305
0.9686162624821684
0.9700427960057061
0.9714693295292439
0.9728958630527818
0.9743223965763196
0.9757489300998573
0.9771754636233951
0.978601997146933
0.9800285306704708
0.9814550641940085
0.9814814814814815
0.9815078236130867
0.9815340909090909
0.9815602836879432
0.9815864022662889
0.9816124469589816
0.981638418079096
0.9816643159379408
0.9816901408450704
0.9817158931082982
0.9817415730337079
0.9817671809256662
0.9817927170868347
0.9818181818181818
0.9818435754189944
0.9818688981868898
0.9818941504178273
0.9819193324061196
0.9819444444444444
0.9819694868238558
0.981994459833795
0.9820193637621023
0.9820441988950276
0.9820689655172414
0.9820936639118457
0.9821182943603851
0.9821428571428571
0.9821673525377229
0.9821917808219178
0.9822161422708618
0.98224043715847
0.9822646657571623
0.9822888283378747
0.9823129251700681
0.9823369565217391
0.9823609226594301
0.9823848238482384
0.9824086603518268
0.9824324324324324
0.9824561403508771
0.9824797843665768
0.9825033647375505
0.9825268817204301
0.9825503355704698
0.982573726541555
0.9825970548862115
0.982620320855615
0.9826435246995995
0.9826666666666667
0.9826897470039947
0.9827127659574468
0.9827357237715804
0.9827586206896551
0.9827814569536424
0.9828042328042328
0.9828269484808454
0.9828496042216359
0.9828722002635046
0.9828947368421053
0.9829172141918529
0.9829396325459318
0.9829619921363041
0.9829842931937173
0.9830065359477124
0.9830287206266318
0.9830508474576272
0.9830729166666666
0.9830949284785435
0.9831168831168832
0.9831387808041504
0.9831606217616581
0.9831824062095731
0.9832041343669251
0.983225806451613
0.9832474226804123
0.9832689832689833
0.9832904884318766
0.9833119383825417
1.0
1.0
1.0
1.0
1.0
1.0
1.0
1.0
1.0
1.0
1.0
1.0
1.0
1.0
1.0
1.0
1.0
1.0
1.0
1.0
1.0
1.0
1.0
1.0
1.0
1.0
1.0
1.0
1.0
1.0
1.0
1.0
1.0
1.0
1.0
1.0
1.0
1.0
1.0
1.0
1.0
1.0
1.0
1.0
1.0
1.0
1.0
1.0
1.0
1.0
1.0
1.0
1.0
1.0
1.0
1.0
1.0
1.0
1.0
1.0
1.0
1.0
1.0
1.0
1.0
1.0
1.0
1.0
1.0
1.0
1.0
1.0
1.0
1.0
1.0
1.0
1.0
1.0
1.0
1.0
1.0
1.0
1.0
1.0
1.0
1.0
1.0
1.0
1.0
1.0
1.0
1.0
1.0
1.0
1.0
1.0
1.0
1.0
1.0
1.0
1.0
1.0
1.0
1.0
1.0
1.0
1.0
1.0
1.0
1.0
1.0
1.0
1.0
1.0
1.0
1.0
1.0
1.0
1.0
1.0
1.0
1.0
1.0
1.0
1.0
1.0
1.0
1.0
1.0
1.0
1.0
1.0
1.0
1.0
1.0
1.0
1.0
1.0
1.0
1.0
1.0
1.0
1.0
1.0
1.0
1.0
1.0
1.0
1.0
1.0
1.0
1.0
1.0
1.0
1.0
1.0
1.0
1.0
1.0
1.0
1.0
1.0
1.0
1.0
1.0
1.0
1.0
1.0
1.0
1.0
1.0
1.0
1.0
1.0
1.0
1.0
1.0
1.0
1.0
1.0
1.0
1.0
1.0
1.0
1.0
1.0
1.0
1.0
1.0
1.0
1.0
1.0
1.0
1.0
1.0
1.0
1.0
1.0
1.0
1.0
1.0
1.0
1.0
1.0
1.0
1.0
1.0
1.0
1.0
1.0
1.0
1.0
1.0
1.0
1.0
1.0
1.0
1.0
1.0
1.0
1.0
1.0
1.0
1.0
1.0
1.0
1.0
1.0
1.0
1.0
1.0
1.0
1.0
1.0
1.0
1.0
1.0
1.0
1.0
1.0
1.0
1.0
1.0
1.0
1.0
1.0
1.0
1.0
1.0
1.0
1.0
1.0
1.0
1.0
1.0
1.0
1.0
1.0
1.0
1.0
1.0
1.0
1.0
1.0
1.0
1.0
1.0
1.0
1.0
1.0
1.0
1.0
1.0
1.0
1.0
1.0
1.0
1.0
1.0
1.0
1.0
1.0
1.0
1.0
1.0
1.0
1.0
1.0
1.0
1.0
1.0
1.0
1.0
1.0
1.0
1.0
1.0
1.0
1.0
1.0
1.0
1.0
1.0
1.0
1.0
1.0
1.0
1.0
1.0
1.0
1.0
1.0
1.0
1.0
1.0
1.0
1.0
1.0
1.0
1.0
1.0
1.0
1.0
1.0
1.0
1.0
1.0
1.0
1.0
1.0
1.0
1.0
1.0
1.0
1.0
1.0
1.0
1.0
1.0
1.0
1.0
1.0
1.0
1.0
1.0
1.0
1.0
1.0
1.0
1.0
1.0
1.0
1.0
1.0
1.0
1.0
1.0
1.0
1.0
1.0
1.0
1.0
1.0
1.0
1.0
1.0
1.0
1.0
1.0
1.0
1.0
1.0
1.0
1.0
1.0
1.0
1.0
1.0
1.0
1.0
1.0
1.0
1.0
1.0
1.0
1.0
1.0
1.0
1.0
1.0
1.0
1.0
1.0
1.0
1.0
1.0
1.0
1.0
1.0
1.0
1.0
1.0
1.0
1.0
1.0
1.0
1.0
1.0
1.0
1.0
1.0
1.0
1.0
1.0
1.0
1.0
1.0
1.0
1.0
1.0
1.0
1.0
1.0
1.0
1.0
1.0
1.0
1.0
1.0
1.0
1.0
1.0
1.0
1.0
1.0
1.0
1.0
1.0
1.0
1.0
1.0
1.0
1.0
1.0
1.0
1.0
1.0
1.0
1.0
1.0
1.0
1.0
1.0
1.0
1.0
1.0
1.0
1.0
1.0
1.0
1.0
1.0
1.0
1.0
1.0
1.0
1.0
1.0
1.0
1.0
1.0
1.0
1.0
1.0
1.0
1.0
1.0
1.0
1.0
1.0
1.0
1.0
1.0
1.0
1.0
1.0
1.0
1.0
1.0
1.0
1.0
1.0
1.0
1.0
1.0
1.0
1.0
1.0
1.0
1.0
1.0
1.0
1.0
1.0
1.0
1.0
1.0
1.0
1.0
1.0
1.0
1.0
1.0
1.0
1.0
1.0
1.0
1.0
1.0
1.0
1.0
1.0
1.0
1.0
1.0
1.0
1.0
1.0
1.0
1.0
1.0
1.0
1.0
1.0
1.0
1.0
1.0
1.0
1.0
1.0
1.0
1.0
1.0
1.0
1.0
1.0
1.0
1.0
1.0
1.0
1.0
1.0
1.0
1.0
1.0
1.0
1.0
1.0
1.0
1.0
1.0
1.0
1.0
1.0
1.0
1.0
1.0
1.0
1.0
1.0
1.0
1.0
1.0
1.0
1.0
1.0
1.0
1.0
1.0
1.0
1.0
1.0
1.0
1.0
1.0
1.0
1.0
1.0
1.0
1.0
1.0
1.0
1.0
1.0
1.0
1.0
1.0
1.0
1.0
1.0
1.0
1.0
1.0
1.0
1.0
1.0
1.0
1.0
1.0
1.0
1.0
1.0
1.0
1.0
0.9855769230769231
0.9856
0.9856230031948882
0.987220447284345
0.9888178913738019
0.9904153354632588
0.9920127795527156
0.9936102236421726
0.9952076677316294
0.9968051118210862
0.9984025559105432
1.0
1.0
1.0
0.9632465543644717
0.9647779479326187
0.9663093415007658
0.9678407350689127
0.9693721286370597
0.9709035222052067
0.9724349157733537
0.9739663093415007
0.9754977029096478
0.9770290964777948
0.9785604900459418
0.9800918836140888
0.9816232771822359
0.9831546707503829
0.9846860643185299
0.9862174578866769
0.9877488514548239
0.9892802450229708
0.9908116385911179
0.9923430321592649
0.9938744257274119
0.9954058192955589
0.996937212863706
0.998468606431853
1.0
1.0
1.0
1.0
1.0
1.0
1.0
1.0
0.9402560455192034
0.9416785206258891
0.9431009957325747
0.9445234708392604
0.9459459459459459
0.9473684210526315
0.9487908961593172
0.9502133712660028
0.9516358463726885
0.9530583214793741
0.9544807965860598
0.9559032716927454
0.957325746799431
0.9587482219061166
0.9601706970128022
0.9615931721194879
0.9630156472261735
0.9644381223328592
0.9658605974395448
0.9672830725462305
0.968705547652916
0.9701280227596017
0.9715504978662873
0.972972972972973
0.9743954480796586
0.9758179231863442
0.9772403982930299
0.9786628733997155
0.9800853485064012
0.9815078236130867
0.9829302987197724
0.984352773826458
0.9857752489331437
0.9871977240398293
0.9886201991465149
0.9900426742532006
0.9914651493598862
0.9928876244665719
0.9943100995732574
0.9957325746799431
0.9971550497866287
0.9985775248933144
1.0
0.9818688981868898
0.9832635983263598
0.9846582984658299
0.9860529986052998
0.9874476987447699
0.9888423988842399
0.9902370990237099
0.9916317991631799
0.99302649930265
0.9944211994421199
0.99581589958159
0.99721059972106
0.99860529986053
1.0
0.9944598337950139
0.9958448753462604
0.997229916897507
0.9986149584487535
1.0
0.9588859416445623
0.9602122015915119
0.9615384615384616
0.9628647214854111
0.9641909814323607
0.9655172413793104
0.96684350132626
0.9681697612732095
0.9694960212201591
0.9708222811671088
0.9721485411140584
0.9734748010610079
0.9748010610079576
0.9761273209549072
0.9774535809018567
0.9787798408488063
0.980106100795756
0.9814323607427056
0.9827586206896551
0.9840848806366048
0.9854111405835544
0.986737400530504
0.9880636604774535
0.9893899204244032
0.9907161803713528
0.9920424403183024
0.993368700265252
0.9946949602122016
0.9960212201591512
0.9973474801061007
0.9986737400530504
0.9986754966887417
0.9986772486772487
0.9986789960369881
0.9986807387862797
0.9986824769433466
0.9986842105263158
0.9986859395532195
0.9986876640419947
0.9986893840104849
0.9986910994764397
0.9986928104575163
0.9986945169712794
0.9986962190352021
0.9986979166666666
0.9986996098829649
0.9987012987012988
0.9987029831387808
0.9987046632124352
0.9987063389391979
0.9987080103359173
0.9987096774193548
0.9987113402061856
0.9987129987129987
0.9987146529562982
0.9987163029525032
0.9987179487179487
0.998719590268886
0.9987212276214834
0.9987228607918263
0.9987244897959183
0.9987261146496815
0.9987277353689568
0.9987293519695044
0.998730964467005
0.9987325728770595
0.9987341772151899
0.9987357774968394
0.9987373737373737
0.9987389659520807
0.9987405541561712
0.9987421383647799
0.9987437185929648
0.998745294855709
0.9987468671679198
0.9987484355444305
0.99875
0.9987515605493134
0.9987531172069826
0.9987546699875467
0.9987562189054726
0.9987577639751553
0.9987593052109182
0.9987608426270136
0.9987623762376238
0.9987639060568603
0.9987654320987654
0.998766954377312
0.9987684729064039
0.998769987699877
0.9987714987714987
0.9987730061349693
0.9987745098039216
0.9987760097919217
0.9987775061124694
0.9987789987789988
0.998780487804878
0.9987819732034104
0.9987834549878345
0.9987849331713244
0.9987864077669902
0.9987878787878788
0.9987893462469734
0.9987908101571947
0.998792270531401
0.9987937273823885
0.9987951807228915
0.9987966305655837
0.9987980769230769
1.0
1.0
1.0
1.0
1.0
1.0
1.0
1.0
1.0
1.0
1.0
1.0
1.0
1.0
1.0
1.0
1.0
1.0
1.0
1.0
1.0
1.0
1.0
1.0
1.0
1.0
1.0
1.0
1.0
1.0
1.0
1.0
1.0
1.0
1.0
1.0
1.0
1.0
1.0
1.0
1.0
1.0
1.0
1.0
1.0
1.0
1.0
1.0
1.0
1.0
1.0
1.0
1.0
1.0
1.0
1.0
1.0
1.0
1.0
1.0
1.0
1.0
1.0
1.0
1.0
1.0
1.0
1.0
1.0
1.0
1.0
1.0
1.0
1.0
1.0
1.0
1.0
1.0
1.0
1.0
1.0
1.0
1.0
1.0
1.0
1.0
1.0
1.0
1.0
1.0
1.0
1.0
1.0
1.0
1.0
1.0
1.0
1.0
1.0
1.0
1.0
1.0
1.0
1.0
1.0
1.0
1.0
1.0
1.0
1.0
1.0
1.0
1.0
1.0
1.0
1.0
1.0
1.0
1.0
1.0
1.0
1.0
1.0
1.0
1.0
1.0
1.0
1.0
1.0
1.0
1.0
1.0
1.0
1.0
1.0
1.0
1.0
1.0
1.0
1.0
1.0
1.0
1.0
1.0
1.0
1.0
1.0
1.0
1.0
1.0
1.0
1.0
1.0
1.0
1.0
1.0
1.0
1.0
1.0
1.0
1.0
1.0
1.0
1.0
1.0
1.0
1.0
1.0
1.0
1.0
1.0
1.0
1.0
1.0
1.0
1.0
1.0
1.0
1.0
1.0
1.0
1.0
1.0
1.0
1.0
1.0
1.0
1.0
1.0
1.0
1.0
1.0
1.0
1.0
1.0
1.0
1.0
1.0
1.0
1.0
1.0
1.0
1.0
1.0
1.0
1.0
1.0
1.0
1.0
1.0
1.0
1.0
1.0
1.0
1.0
1.0
1.0
1.0
1.0
1.0
1.0
1.0
1.0
1.0
1.0
1.0
1.0
1.0
1.0
1.0
1.0
1.0
1.0
1.0
1.0
1.0
1.0
1.0
1.0
1.0
1.0
1.0
1.0
1.0
1.0
1.0
1.0
1.0
1.0
1.0
1.0
1.0
1.0
1.0
1.0
1.0
1.0
1.0
1.0
1.0
1.0
1.0
1.0
1.0
1.0
1.0
1.0
1.0
1.0
1.0
1.0
1.0
1.0
1.0
1.0
1.0
1.0
1.0
1.0
1.0
1.0
1.0
1.0
1.0
1.0
1.0
1.0
1.0
1.0
1.0
1.0
1.0
1.0
1.0
1.0
1.0
1.0
1.0
1.0
1.0
1.0
1.0
1.0
1.0
1.0
1.0
1.0
1.0
1.0
1.0
1.0
1.0
1.0
1.0
1.0
1.0
1.0
1.0
1.0
1.0
1.0
1.0
1.0
1.0
1.0
1.0
1.0
1.0
1.0
1.0
1.0
1.0
1.0
1.0
1.0
1.0
1.0
1.0
1.0
1.0
1.0
1.0
1.0
1.0
1.0
1.0
1.0
1.0
1.0
1.0
1.0
1.0
1.0
1.0
1.0
1.0
1.0
1.0
1.0
1.0
1.0
1.0
1.0
1.0
1.0
1.0
1.0
1.0
1.0
1.0
1.0
1.0
1.0
1.0
1.0
1.0
1.0
1.0
1.0
1.0
1.0
1.0
1.0
1.0
1.0
1.0
1.0
1.0
1.0
1.0
1.0
1.0
1.0
1.0
1.0
1.0
1.0
1.0
1.0
1.0
1.0
1.0
1.0
1.0
1.0
1.0
1.0
1.0
1.0
1.0
1.0
1.0
1.0
1.0
1.0
1.0
1.0
1.0
1.0
1.0
1.0
1.0
1.0
1.0
1.0
1.0
1.0
1.0
1.0
1.0
1.0
1.0
1.0
1.0
1.0
1.0
1.0
1.0
1.0
1.0
1.0
1.0
1.0
1.0
1.0
1.0
1.0
1.0
1.0
1.0
1.0
1.0
1.0
1.0
1.0
1.0
1.0
1.0
1.0
1.0
1.0
1.0
1.0
1.0
1.0
1.0
1.0
1.0
1.0
1.0
1.0
1.0
1.0
1.0
1.0
1.0
1.0
1.0
1.0
1.0
1.0
1.0
1.0
1.0
1.0
1.0
1.0
1.0
1.0
1.0
1.0
1.0
1.0
1.0
1.0
1.0
1.0
1.0
1.0
1.0
1.0
1.0
1.0
1.0
1.0
1.0
1.0
1.0
1.0
1.0
1.0
1.0
1.0
1.0
1.0
1.0
1.0
1.0
1.0
1.0
1.0
1.0
1.0
1.0
1.0
1.0
1.0
1.0
1.0
1.0
1.0
1.0
1.0
1.0
1.0
1.0
1.0
1.0
1.0
1.0
1.0
1.0
1.0
1.0
1.0
1.0
1.0
1.0
1.0
1.0
1.0
1.0
1.0
1.0
1.0
1.0
1.0
1.0
1.0
1.0
1.0
1.0
1.0
1.0
1.0
1.0
1.0
1.0
1.0
1.0
1.0
1.0
1.0
1.0
1.0
1.0
1.0
1.0
1.0
1.0
1.0
1.0
1.0
1.0
1.0
1.0
1.0
1.0
1.0
1.0
1.0
1.0
1.0
1.0
1.0
1.0
1.0
1.0
1.0
1.0
1.0
1.0
1.0
1.0
1.0
1.0
1.0
1.0
1.0
1.0
1.0
1.0
1.0
1.0
0.9855769230769231
0.9856
0.9856230031948882
0.987220447284345
0.9888178913738019
0.9904153354632588
0.9920127795527156
0.9936102236421726
0.9952076677316294
0.9968051118210862
0.9984025559105432
1.0
1.0
1.0
0.9632465543644717
0.9647779479326187
0.9663093415007658
0.9678407350689127
0.9693721286370597
0.9709035222052067
0.9724349157733537
0.9739663093415007
0.9754977029096478
0.9770290964777948
0.9785604900459418
0.9800918836140888
0.9816232771822359
0.9831546707503829
0.9846860643185299
0.9862174578866769
0.9877488514548239
0.9892802450229708
0.9908116385911179
0.9923430321592649
0.9938744257274119
0.9954058192955589
0.996937212863706
0.998468606431853
1.0
1.0
1.0
1.0
1.0
1.0
1.0
1.0
0.9402560455192034
0.9416785206258891
0.9431009957325747
0.9445234708392604
0.9459459459459459
0.9473684210526315
0.9487908961593172
0.9502133712660028
0.9516358463726885
0.9530583214793741
0.9544807965860598
0.9559032716927454
0.957325746799431
0.9587482219061166
0.9601706970128022
0.9615931721194879
0.9630156472261735
0.9644381223328592
0.9658605974395448
0.9672830725462305
0.968705547652916
0.9701280227596017
0.9715504978662873
0.972972972972973
0.9743954480796586
0.9758179231863442
0.9772403982930299
0.9786628733997155
0.9800853485064012
0.9815078236130867
0.9829302987197724
0.984352773826458
0.9857752489331437
0.9871977240398293
0.9886201991465149
0.9900426742532006
0.9914651493598862
0.9928876244665719
0.9943100995732574
0.9957325746799431
0.9971550497866287
0.9985775248933144
1.0
0.9818688981868898
0.9832635983263598
0.9846582984658299
0.9860529986052998
0.9874476987447699
0.9888423988842399
0.9902370990237099
0.9916317991631799
0.99302649930265
0.9944211994421199
0.99581589958159
0.99721059972106
0.99860529986053
1.0
0.9944598337950139
0.9958448753462604
0.997229916897507
0.9986149584487535
1.0
0.9588859416445623
0.9602122015915119
0.9615384615384616
0.9628647214854111
0.9641909814323607
0.9655172413793104
0.96684350132626
0.9681697612732095
0.9694960212201591
0.9708222811671088
0.9721485411140584
0.9734748010610079
0.9748010610079576
0.9761273209549072
0.9774535809018567
0.9787798408488063
0.980106100795756
0.9814323607427056
0.9827586206896551
0.9840848806366048
0.9854111405835544
0.986737400530504
0.9880636604774535
0.9893899204244032
0.9907161803713528
0.9920424403183024
0.993368700265252
0.9946949602122016
0.9960212201591512
0.9973474801061007
0.9986737400530504
0.9986754966887417
0.9986772486772487
0.9986789960369881
0.9986807387862797
0.9986824769433466
0.9986842105263158
0.9986859395532195
0.9986876640419947
0.9986893840104849
0.9986910994764397
0.9986928104575163
0.9986945169712794
0.9986962190352021
0.9986979166666666
0.9986996098829649
0.9987012987012988
0.9987029831387808
0.9987046632124352
0.9987063389391979
0.9987080103359173
0.9987096774193548
0.9987113402061856
0.9987129987129987
0.9987146529562982
0.9987163029525032
0.9987179487179487
0.998719590268886
0.9987212276214834
0.9987228607918263
0.9987244897959183
0.9987261146496815
0.9987277353689568
0.9987293519695044
0.998730964467005
0.9987325728770595
0.9987341772151899
0.9987357774968394
0.9987373737373737
0.9987389659520807
0.9987405541561712
0.9987421383647799
0.9987437185929648
0.998745294855709
0.9987468671679198
0.9987484355444305
0.99875
0.9987515605493134
0.9987531172069826
0.9987546699875467
0.9987562189054726
0.9987577639751553
0.9987593052109182
0.9987608426270136
0.9987623762376238
0.9987639060568603
0.9987654320987654
0.998766954377312
0.9987684729064039
0.998769987699877
0.9987714987714987
0.9987730061349693
0.9987745098039216
0.9987760097919217
0.9987775061124694
0.9987789987789988
0.998780487804878
0.9987819732034104
0.9987834549878345
0.9987849331713244
0.9987864077669902
0.9987878787878788
0.9987893462469734
0.9987908101571947
0.998792270531401
0.9987937273823885
0.9987951807228915
0.9987966305655837
0.9987980769230769
1.0
1.0
1.0
1.0
1.0
1.0
1.0
1.0
1.0
1.0
1.0
1.0
1.0
1.0
1.0
1.0
1.0
1.0
1.0
1.0
1.0
1.0
1.0
1.0
1.0
1.0
1.0
1.0
1.0
1.0
1.0
1.0
1.0
1.0
1.0
1.0
1.0
1.0
1.0
1.0
1.0
1.0
1.0
1.0
1.0
1.0
1.0
1.0
1.0
1.0
1.0
1.0
1.0
1.0
1.0
1.0
1.0
1.0
1.0
1.0
1.0
1.0
1.0
1.0
1.0
1.0
1.0
1.0
1.0
1.0
1.0
1.0
1.0
1.0
1.0
1.0
1.0
1.0
1.0
1.0
1.0
1.0
1.0
1.0
1.0
1.0
1.0
1.0
1.0
1.0
1.0
1.0
1.0
1.0
1.0
1.0
1.0
1.0
1.0
1.0
1.0
1.0
1.0
1.0
1.0
1.0
1.0
1.0
1.0
1.0
1.0
1.0
1.0
1.0
1.0
1.0
1.0
1.0
1.0
1.0
1.0
1.0
1.0
1.0
1.0
1.0
1.0
1.0
1.0
1.0
1.0
1.0
1.0
1.0
1.0
1.0
1.0
1.0
1.0
1.0
1.0
1.0
1.0
1.0
1.0
1.0
1.0
1.0
1.0
1.0
1.0
1.0
1.0
1.0
1.0
1.0
1.0
1.0
1.0
1.0
1.0
1.0
1.0
1.0
1.0
1.0
1.0
1.0
1.0
1.0
1.0
1.0
1.0
1.0
1.0
1.0
1.0
1.0
1.0
1.0
1.0
1.0
1.0
1.0
1.0
1.0
1.0
1.0
1.0
1.0
1.0
1.0
1.0
1.0
1.0
1.0
1.0
1.0
1.0
1.0
1.0
1.0
1.0
1.0
1.0
1.0
1.0
1.0
1.0
1.0
1.0
1.0
1.0
1.0
1.0
1.0
1.0
1.0
1.0
1.0
1.0
1.0
1.0
1.0
1.0
1.0
1.0
1.0
1.0
1.0
1.0
1.0
1.0
1.0
1.0
1.0
1.0
1.0
1.0
1.0
1.0
1.0
1.0
1.0
1.0
1.0
1.0
1.0
1.0
1.0
1.0
1.0
1.0
1.0
1.0
1.0
1.0
1.0
1.0
1.0
1.0
1.0
1.0
1.0
1.0
1.0
1.0
1.0
1.0
1.0
1.0
1.0
1.0
1.0
1.0
1.0
1.0
1.0
1.0
1.0
1.0
1.0
1.0
1.0
1.0
1.0
1.0
1.0
1.0
1.0
1.0
1.0
1.0
1.0
1.0
1.0
1.0
1.0
1.0
1.0
1.0
1.0
1.0
1.0
1.0
1.0
1.0
1.0
1.0
1.0
1.0
1.0
1.0
1.0
1.0
1.0
1.0
1.0
1.0
1.0
1.0
1.0
1.0
1.0
1.0
1.0
1.0
1.0
1.0
1.0
1.0
1.0
1.0
1.0
1.0
1.0
1.0
1.0
1.0
1.0
1.0
1.0
1.0
1.0
1.0
1.0
1.0
1.0
1.0
1.0
1.0
1.0
1.0
1.0
1.0
1.0
1.0
1.0
1.0
1.0
1.0
1.0
1.0
1.0
1.0
1.0
1.0
1.0
1.0
1.0
1.0
1.0
1.0
1.0
1.0
1.0
1.0
1.0
1.0
1.0
1.0
1.0
1.0
1.0
1.0
1.0
1.0
1.0
1.0
1.0
1.0
1.0
1.0
1.0
1.0
1.0
1.0
1.0
1.0
1.0
1.0
1.0
1.0
1.0
1.0
1.0
1.0
1.0
1.0
1.0
1.0
1.0
1.0
1.0
1.0
1.0
1.0
1.0
1.0
1.0
1.0
1.0
1.0
1.0
1.0
1.0
1.0
1.0
1.0
1.0
1.0
1.0
1.0
1.0
1.0
1.0
1.0
1.0
1.0
1.0
1.0
1.0
1.0
1.0
1.0
1.0
1.0
1.0
1.0
1.0
1.0
1.0
1.0
1.0
1.0
1.0
1.0
1.0
1.0
1.0
1.0
1.0
1.0
1.0
1.0
1.0
1.0
1.0
1.0
1.0
1.0
1.0
1.0
1.0
1.0
1.0
1.0
1.0
1.0
1.0
1.0
1.0
1.0
1.0
1.0
1.0
1.0
1.0
1.0
1.0
1.0
1.0
1.0
1.0
1.0
1.0
1.0
1.0
1.0
1.0
1.0
1.0
1.0
1.0
1.0
1.0
1.0
1.0
1.0
1.0
1.0
1.0
1.0
1.0
1.0
1.0
1.0
1.0
1.0
1.0
1.0
1.0
1.0
1.0
1.0
1.0
1.0
1.0
1.0
1.0
1.0
1.0
1.0
1.0
1.0
1.0
1.0
1.0
1.0
1.0
1.0
1.0
1.0
1.0
1.0
1.0
1.0
1.0
1.0
1.0
1.0
1.0
1.0
1.0
1.0
1.0
1.0
1.0
1.0
1.0
1.0
1.0
1.0
1.0
1.0
1.0
1.0
1.0
1.0
1.0
1.0
1.0
1.0
1.0
1.0
1.0
1.0
1.0
1.0
1.0
1.0
1.0
1.0
1.0
1.0
1.0
1.0
1.0
1.0
1.0
1.0
1.0
1.0
1.0
1.0
1.0
1.0
1.0
1.0
1.0
1.0
1.0
1.0
1.0
1.0
1.0
1.0
1.0
1.0
1.0
1.0
1.0
1.0
1.0
0.9654631083202512
0.967032967032967
0.9686028257456829
0.9701726844583988
0.9717425431711146
0.9733124018838305
0.9748822605965463
0.9764521193092621
0.978021978021978
0.9795918367346939
0.9796238244514106
0.9796557120500783
0.9796875
0.9797191887675507
0.9797507788161994
0.9797822706065319
0.9798136645962733
0.9798449612403101
0.9798761609907121
0.9799072642967542
0.9799382716049383
0.9799691833590138
0.98
0.9800307219662059
0.9800613496932515
0.9800918836140888
0.9801223241590215
0.9801526717557252
0.9801829268292683
0.9802130898021308
0.9802431610942249
0.9802731411229135
0.9803030303030303
0.9803328290468987
0.9803625377643505
0.9803921568627451
0.9804216867469879
0.9804511278195489
0.9804804804804805
0.9805097451274363
0.9805389221556886
0.9805680119581465
0.9805970149253731
0.9806259314456036
0.9806547619047619
0.9806835066864784
0.9807121661721068
0.9807407407407407
0.9807692307692307
0.9807976366322009
0.9808259587020649
0.9808541973490427
0.9808823529411764
0.9809104258443465
0.9809384164222874
0.9809663250366032
0.9809941520467836
0.981021897810219
0.9810495626822158
0.9810771470160117
0.9811046511627907
0.9811320754716981
0.981159420289855
0.9811866859623734
0.9812138728323699
0.9812409812409812
0.9812680115273775
0.981294964028777
0.9813218390804598
0.9813486370157819
0.9813753581661891
0.9814020028612304
0.9814285714285714
0.9814550641940085
0.9814814814814815
0.9815078236130867
0.9815340909090909
0.9815602836879432
0.9815864022662889
0.9816124469589816
0.981638418079096
0.9816643159379408
0.9816901408450704
0.9817158931082982
0.9817415730337079
0.9817671809256662
0.9817927170868347
0.9818181818181818
0.9736842105263158
0.9750692520775623
0.9764542936288089
0.9778393351800554
0.9792243767313019
0.9806094182825484
0.981994459833795
1.0
1.0
1.0
1.0
1.0
1.0
1.0
1.0
1.0
1.0
1.0
1.0
1.0
1.0
1.0
1.0
1.0
1.0
1.0
1.0
1.0
1.0
1.0
1.0
1.0
1.0
1.0
1.0
1.0
1.0
1.0
1.0
1.0
1.0
1.0
1.0
1.0
1.0
1.0
1.0
1.0
1.0
1.0
1.0
1.0
1.0
1.0
1.0
1.0
1.0
1.0
1.0
1.0
1.0
1.0
1.0
1.0
1.0
1.0
1.0
1.0
1.0
1.0
1.0
1.0
1.0
1.0
1.0
1.0
1.0
1.0
1.0
1.0
1.0
1.0
1.0
1.0
1.0
1.0
1.0
1.0
1.0
1.0
1.0
1.0
1.0
1.0
1.0
1.0
1.0
1.0
1.0
1.0
1.0
1.0
1.0
1.0
1.0
1.0
1.0
1.0
1.0
1.0
1.0
1.0
1.0
1.0
1.0
1.0
1.0
1.0
1.0
1.0
1.0
1.0
1.0
1.0
1.0
1.0
1.0
1.0
1.0
1.0
1.0
1.0
1.0
1.0
1.0
1.0
1.0
1.0
1.0
1.0
1.0
1.0
1.0
1.0
1.0
1.0
1.0
1.0
1.0
1.0
1.0
1.0
1.0
1.0
1.0
1.0
1.0
1.0
1.0
1.0
1.0
1.0
1.0
1.0
1.0
1.0
1.0
1.0
1.0
1.0
1.0
1.0
1.0
1.0
1.0
1.0
1.0
1.0
1.0
1.0
1.0
1.0
1.0
1.0
1.0
1.0
1.0
1.0
1.0
1.0
1.0
1.0
1.0
1.0
1.0
1.0
1.0
1.0
1.0
1.0
1.0
1.0
1.0
1.0
1.0
1.0
1.0
1.0
1.0
1.0
1.0
1.0
1.0
1.0
1.0
1.0
1.0
1.0
1.0
1.0
1.0
1.0
1.0
1.0
1.0
1.0
1.0
1.0
1.0
1.0
1.0
1.0
1.0
1.0
1.0
1.0
1.0
1.0
1.0
1.0
1.0
1.0
1.0
1.0
1.0
1.0
1.0
1.0
1.0
1.0
1.0
1.0
1.0
1.0
1.0
1.0
1.0
1.0
1.0
1.0
1.0
1.0
1.0
1.0
1.0
1.0
1.0
1.0
1.0
1.0
1.0
1.0
1.0
1.0
1.0
1.0
1.0
1.0
1.0
1.0
1.0
1.0
1.0
1.0
1.0
1.0
1.0
1.0
1.0
1.0
1.0
1.0
1.0
1.0
1.0
1.0
1.0
1.0
1.0
1.0
1.0
1.0
1.0
1.0
1.0
1.0
1.0
1.0
1.0
1.0
1.0
1.0
1.0
1.0
1.0
1.0
1.0
1.0
1.0
1.0
1.0
1.0
1.0
1.0
1.0
1.0
1.0
1.0
1.0
1.0
1.0
1.0
1.0
1.0
1.0
1.0
1.0
1.0
1.0
1.0
1.0
1.0
1.0
1.0
1.0
1.0
1.0
1.0
1.0
1.0
1.0
1.0
1.0
1.0
1.0
1.0
1.0
1.0
1.0
1.0
1.0
1.0
1.0
1.0
1.0
1.0
1.0
1.0
1.0
1.0
1.0
1.0
1.0
1.0
1.0
1.0
1.0
1.0
1.0
1.0
1.0
1.0
1.0
1.0
1.0
1.0
1.0
1.0
1.0
1.0
1.0
1.0
1.0
1.0
1.0
1.0
1.0
1.0
1.0
1.0
1.0
1.0
1.0
1.0
1.0
1.0
1.0
1.0
1.0
1.0
1.0
1.0
1.0
1.0
1.0
1.0
1.0
1.0
1.0
1.0
1.0
1.0
1.0
1.0
1.0
1.0
1.0
1.0
1.0
1.0
1.0
1.0
1.0
1.0
1.0
1.0
1.0
1.0
1.0
1.0
1.0
1.0
1.0
1.0
1.0
1.0
1.0
1.0
1.0
1.0
1.0
1.0
1.0
1.0
1.0
1.0
1.0
1.0
1.0
1.0
1.0
1.0
1.0
1.0
1.0
1.0
1.0
1.0
1.0
1.0
1.0
1.0
1.0
1.0
1.0
1.0
1.0
1.0
1.0
1.0
1.0
1.0
1.0
1.0
1.0
1.0
1.0
1.0
1.0
1.0
1.0
1.0
1.0
1.0
1.0
1.0
1.0
1.0
1.0
1.0
1.0
1.0
1.0
1.0
1.0
1.0
1.0
1.0
1.0
1.0
1.0
1.0
1.0
1.0
1.0
1.0
1.0
1.0
1.0
1.0
1.0
1.0
1.0
1.0
1.0
1.0
1.0
1.0
1.0
1.0
1.0
1.0
1.0
1.0
1.0
1.0
1.0
1.0
1.0
1.0
1.0
1.0
1.0
1.0
1.0
1.0
1.0
1.0
1.0
1.0
1.0
1.0
1.0
1.0
1.0
1.0
1.0
1.0
1.0
1.0
1.0
1.0
1.0
1.0
1.0
1.0
1.0
1.0
1.0
1.0
1.0
1.0
1.0
1.0
1.0
1.0
1.0
1.0
1.0
1.0
1.0
1.0
1.0
1.0
1.0
1.0
1.0
1.0
1.0
1.0
1.0
1.0
1.0
1.0
1.0
1.0
1.0
1.0
1.0
1.0
1.0
1.0
1.0
1.0
1.0
1.0
1.0
1.0
1.0
1.0
1.0
1.0
1.0
1.0
1.0
1.0
1.0
1.0
1.0
1.0
1.0
0.968503937007874
0.9685534591194969
0.9686028257456829
0.9701726844583988
0.9717425431711146
0.9733124018838305
0.9748822605965463
0.9764521193092621
0.978021978021978
0.9795918367346939
0.9811616954474097
0.9827315541601256
0.9843014128728415
0.9858712715855573
0.9874411302982732
0.989010989010989
0.9905808477237049
0.9921507064364207
0.9937205651491365
0.9952904238618524
0.9968602825745683
0.9984301412872841
1.0
1.0
1.0
0.9785932721712538
0.9801223241590215
0.981651376146789
0.9831804281345565
0.9847094801223242
0.9862385321100917
0.9877675840978594
0.9892966360856269
0.9908256880733946
0.9923547400611621
0.9938837920489296
0.9954128440366973
0.9969418960244648
0.9984709480122325
1.0
0.9646539027982327
0.9661266568483063
0.96759941089838
0.9690721649484536
0.9705449189985272
0.9720176730486009
0.9734904270986745
0.9749631811487481
0.9764359351988218
0.9779086892488954
0.979381443298969
0.9808541973490427
0.9823269513991163
0.9837997054491899
0.9852724594992637
0.9867452135493373
0.9882179675994109
0.9896907216494846
0.9911634756995582
0.9926362297496318
0.9941089837997055
0.9955817378497791
0.9970544918998527
0.9985272459499264
1.0
1.0
1.0
1.0
1.0
1.0
1.0
1.0
1.0
0.9398907103825137
0.9412568306010929
0.9426229508196722
0.9439890710382514
0.9453551912568307
0.9467213114754098
0.9480874316939891
0.9494535519125683
0.9508196721311475
0.9521857923497268
0.953551912568306
0.9549180327868853
0.9562841530054644
0.9576502732240437
0.9590163934426229
0.9603825136612022
0.9617486338797814
0.9631147540983607
0.9644808743169399
0.9658469945355191
0.9672131147540983
0.9685792349726776
0.9699453551912568
0.9713114754098361
0.9726775956284153
0.9740437158469946
0.9754098360655737
0.976775956284153
0.9781420765027322
0.9795081967213115
0.9808743169398907
0.98224043715847
0.9836065573770492
0.9849726775956285
0.9863387978142076
0.9877049180327869
0.9890710382513661
0.9904371584699454
0.9918032786885246
0.9931693989071039
0.994535519125683
0.9959016393442623
0.9972677595628415
0.9986338797814208
1.0
0.982573726541555
0.9839142091152815
0.985254691689008
0.9865951742627346
0.9879356568364611
0.9892761394101877
0.9906166219839142
0.9919571045576407
0.9932975871313673
0.9946380697050938
0.9959785522788204
0.9973190348525469
0.9986595174262735
1.0
0.996
0.9973333333333333
0.9986666666666667
1.0
0.9842726081258192
0.9855832241153342
0.9868938401048493
0.9882044560943644
0.9895150720838795
0.9908256880733946
0.9921363040629095
0.9934469200524246
0.9947575360419397
0.9960681520314548
0.9973787680209698
0.9986893840104849
1.0
1.0
0.9795134443021767
0.9807938540332907
0.9820742637644047
0.9833546734955185
0.9846350832266325
0.9759188846641318
0.9771863117870723
0.9784537389100126
0.9797211660329531
0.9809885931558935
0.982256020278834
0.9835234474017744
0.9847908745247148
0.9848101265822785
0.9476885644768857
0.948905109489051
0.9501216545012166
0.9513381995133819
0.9525547445255474
0.9537712895377128
0.9549878345498783
0.9562043795620438
0.9574209245742092
0.9586374695863747
0.9598540145985401
0.9610705596107056
0.962287104622871
0.9635036496350365
0.9647201946472019
0.9659367396593674
0.9671532846715328
0.9683698296836983
0.9695863746958637
0.9708029197080292
0.9720194647201946
0.9732360097323601
0.9744525547445255
0.975669099756691
0.9768856447688564
0.9781021897810219
0.9793187347931873
0.9805352798053528
0.9817518248175182
0.9829683698296837
0.9841849148418491
0.9842041312272175
0.9842233009708737
0.9842424242424243
0.9842615012106537
0.9842805320435308
0.9842995169082126
0.9843184559710495
0.9843373493975903
0.9843561973525873
0.984375
0.9843937575030012
0.9844124700239808
0.9844311377245509
0.9844497607655502
0.984468339307049
0.9844868735083532
0.9845053635280095
0.9845238095238096
0.9845422116527943
0.9845605700712589
0.9845788849347569
0.9845971563981043
0.9846153846153847
0.9846335697399528
0.9846517119244392
0.9846698113207547
0.9846878680800942
0.9847058823529412
0.9847238542890717
0.9847417840375586
0.984759671746776
0.9847775175644028
0.9847953216374269
0.9848130841121495
0.9848308051341891
0.9848484848484849
0.9848661233993015
0.9848837209302326
0.9849012775842044
0.9849187935034803
0.984936268829664
0.9849537037037037
0.9849710982658959
0.9849884526558892
0.9850057670126874
0.9850230414746544
0.9850402761795167
0.9850574712643678
0.9850746268656716
0.9850917431192661
0.9851088201603666
0.9851258581235698
0.9851428571428571
0.9851598173515982
0.9851767388825542
0.9851936218678815
0.9852104664391353
0.9852272727272727
0.985244040862656
0.9852607709750567
0.9852774631936579
0.9852941176470589
0.9853107344632769
0.9853273137697517
0.9853438556933484
0.9853603603603603
0.9853768278965129
0.9853932584269663
0.9854096520763187
0.9854260089686099
0.9854423292273237
0.9854586129753915
0.9854748603351955
0.9854910714285714
0.9855072463768116
0.9855233853006682
0.985539488320356
0.9855555555555555
1.0
1.0
1.0
1.0
1.0
1.0
1.0
1.0
1.0
1.0
1.0
1.0
1.0
1.0
1.0
1.0
1.0
1.0
1.0
1.0
1.0
1.0
1.0
1.0
1.0
1.0
1.0
1.0
1.0
1.0
1.0
1.0
1.0
1.0
1.0
1.0
1.0
1.0
1.0
1.0
1.0
1.0
1.0
1.0
1.0
1.0
1.0
1.0
1.0
1.0
1.0
1.0
1.0
1.0
1.0
1.0
1.0
1.0
1.0
1.0
1.0
1.0
1.0
1.0
1.0
1.0
1.0
1.0
1.0
1.0
1.0
1.0
1.0
1.0
1.0
1.0
1.0
1.0
1.0
1.0
1.0
1.0
1.0
1.0
1.0
1.0
1.0
1.0
1.0
1.0
1.0
1.0
1.0
1.0
1.0
1.0
1.0
1.0
1.0
1.0
1.0
1.0
1.0
1.0
1.0
1.0
1.0
1.0
1.0
1.0
1.0
1.0
1.0
1.0
1.0
1.0
1.0
1.0
1.0
1.0
1.0
1.0
1.0
1.0
1.0
1.0
1.0
1.0
1.0
1.0
1.0
1.0
1.0
1.0
1.0
1.0
1.0
1.0
1.0
1.0
1.0
1.0
1.0
1.0
1.0
1.0
1.0
1.0
1.0
1.0
1.0
1.0
1.0
1.0
1.0
1.0
1.0
1.0
1.0
1.0
1.0
1.0
1.0
1.0
1.0
1.0
1.0
1.0
1.0
1.0
1.0
1.0
1.0
1.0
1.0
1.0
1.0
1.0
1.0
1.0
1.0
1.0
1.0
1.0
1.0
1.0
1.0
1.0
1.0
1.0
1.0
1.0
1.0
1.0
1.0
1.0
1.0
1.0
1.0
1.0
1.0
1.0
1.0
1.0
1.0
1.0
1.0
1.0
1.0
1.0
1.0
1.0
1.0
1.0
1.0
1.0
1.0
1.0
1.0
1.0
1.0
1.0
1.0
1.0
1.0
1.0
1.0
1.0
1.0
1.0
1.0
1.0
1.0
1.0
1.0
1.0
1.0
1.0
1.0
1.0
1.0
1.0
1.0
1.0
1.0
1.0
1.0
1.0
1.0
1.0
1.0
1.0
1.0
1.0
1.0
1.0
1.0
1.0
1.0
1.0
1.0
1.0
1.0
1.0
1.0
1.0
1.0
1.0
1.0
1.0
1.0
1.0
1.0
1.0
1.0
1.0
1.0
1.0
1.0
1.0
1.0
1.0
1.0
1.0
1.0
1.0
1.0
1.0
1.0
1.0
1.0
1.0
1.0
1.0
1.0
1.0
1.0
1.0
1.0
1.0
1.0
1.0
1.0
1.0
1.0
1.0
1.0
1.0
1.0
1.0
1.0
1.0
1.0
1.0
1.0
1.0
1.0
1.0
1.0
1.0
1.0
1.0
1.0
1.0
1.0
1.0
1.0
1.0
1.0
1.0
1.0
1.0
1.0
1.0
1.0
1.0
1.0
1.0
1.0
1.0
1.0
1.0
1.0
1.0
1.0
1.0
1.0
1.0
1.0
1.0
1.0
1.0
1.0
1.0
1.0
1.0
1.0
1.0
1.0
1.0
1.0
1.0
1.0
1.0
1.0
1.0
1.0
1.0
1.0
1.0
1.0
1.0
1.0
1.0
1.0
1.0
1.0
1.0
1.0
1.0
1.0
1.0
1.0
1.0
1.0
1.0
1.0
1.0
1.0
1.0
1.0
1.0
1.0
1.0
1.0
1.0
1.0
1.0
1.0
1.0
1.0
1.0
1.0
1.0
1.0
1.0
1.0
1.0
1.0
1.0
1.0
1.0
1.0
1.0
1.0
1.0
1.0
1.0
1.0
1.0
1.0
1.0
1.0
1.0
1.0
1.0
1.0
1.0
1.0
1.0
1.0
1.0
1.0
1.0
1.0
1.0
1.0
1.0
1.0
1.0
1.0
1.0
1.0
1.0
1.0
1.0
1.0
1.0
1.0
1.0
1.0
1.0
1.0
1.0
1.0
1.0
1.0
1.0
1.0
1.0
1.0
1.0
1.0
1.0
1.0
1.0
1.0
1.0
1.0
1.0
1.0
1.0
1.0
1.0
1.0
1.0
1.0
1.0
1.0
1.0
1.0
1.0
1.0
1.0
1.0
1.0
1.0
1.0
1.0
1.0
1.0
1.0
1.0
1.0
1.0
1.0
1.0
1.0
1.0
1.0
1.0
1.0
1.0
1.0
1.0
1.0
1.0
1.0
1.0
1.0
1.0
1.0
1.0
1.0
1.0
1.0
1.0
1.0
1.0
1.0
1.0
1.0
1.0
1.0
1.0
1.0
1.0
1.0
1.0
1.0
1.0
1.0
1.0
1.0
1.0
1.0
1.0
1.0
1.0
1.0
1.0
1.0
1.0
1.0
1.0
1.0
1.0
1.0
1.0
1.0
1.0
1.0
1.0
1.0
1.0
1.0
1.0
1.0
1.0
1.0
1.0
1.0
1.0
1.0
1.0
1.0
1.0
1.0
1.0
1.0
1.0
1.0
1.0
1.0
1.0
1.0
1.0
1.0
1.0
1.0
1.0
1.0
1.0
1.0
1.0
1.0
1.0
1.0
1.0
1.0
1.0
1.0
1.0
1.0
1.0
1.0
1.0
1.0
1.0
1.0
1.0
1.0
1.0
1.0
1.0
1.0
1.0
1.0
1.0
1.0
1.0
1.0
1.0
1.0
0.9654631083202512
0.967032967032967
0.9686028257456829
0.9701726844583988
0.9717425431711146
0.9733124018838305
0.9748822605965463
0.9764521193092621
0.978021978021978
0.9795918367346939
0.9796238244514106
0.9796557120500783
0.9796875
0.9797191887675507
0.9797507788161994
0.9797822706065319
0.9798136645962733
0.9798449612403101
0.9798761609907121
0.9799072642967542
0.9799382716049383
0.9799691833590138
0.98
0.9800307219662059
0.9800613496932515
0.9800918836140888
0.9801223241590215
0.9801526717557252
0.9801829268292683
0.9802130898021308
0.9802431610942249
0.9802731411229135
0.9803030303030303
0.9803328290468987
0.9803625377643505
0.9803921568627451
0.9804216867469879
0.9804511278195489
0.9804804804804805
0.9805097451274363
0.9805389221556886
0.9805680119581465
0.9805970149253731
0.9806259314456036
0.9806547619047619
0.9806835066864784
0.9807121661721068
0.9807407407407407
0.9807692307692307
0.9807976366322009
0.9808259587020649
0.9808541973490427
0.9808823529411764
0.9809104258443465
0.9809384164222874
0.9809663250366032
0.9809941520467836
0.981021897810219
0.9810495626822158
0.9810771470160117
0.9811046511627907
0.9811320754716981
0.981159420289855
0.9811866859623734
0.9812138728323699
0.9812409812409812
0.9812680115273775
0.981294964028777
0.9813218390804598
0.9813486370157819
0.9813753581661891
0.9814020028612304
0.9814285714285714
0.9814550641940085
0.9814814814814815
0.9815078236130867
0.9815340909090909
0.9815602836879432
0.9815864022662889
0.9816124469589816
0.981638418079096
0.9816643159379408
0.9816901408450704
0.9817158931082982
0.9817415730337079
0.9817671809256662
0.9817927170868347
0.9818181818181818
0.9736842105263158
0.9750692520775623
0.9764542936288089
0.9778393351800554
0.9792243767313019
0.9806094182825484
0.981994459833795
1.0
1.0
1.0
1.0
1.0
1.0
1.0
1.0
1.0
1.0
1.0
1.0
1.0
1.0
1.0
1.0
1.0
1.0
1.0
1.0
1.0
1.0
1.0
1.0
1.0
1.0
1.0
1.0
1.0
1.0
1.0
1.0
1.0
1.0
1.0
1.0
1.0
1.0
1.0
1.0
1.0
1.0
1.0
1.0
1.0
1.0
1.0
1.0
1.0
1.0
1.0
1.0
1.0
1.0
1.0
1.0
1.0
1.0
1.0
1.0
1.0
1.0
1.0
1.0
1.0
1.0
1.0
1.0
1.0
1.0
1.0
1.0
1.0
1.0
1.0
1.0
1.0
1.0
1.0
1.0
1.0
1.0
1.0
1.0
1.0
1.0
1.0
1.0
1.0
1.0
1.0
1.0
1.0
1.0
1.0
1.0
1.0
1.0
1.0
1.0
1.0
1.0
1.0
1.0
1.0
1.0
1.0
1.0
1.0
1.0
1.0
1.0
1.0
1.0
1.0
1.0
1.0
1.0
1.0
1.0
1.0
1.0
1.0
1.0
1.0
1.0
1.0
1.0
1.0
1.0
1.0
1.0
1.0
1.0
1.0
1.0
1.0
1.0
1.0
1.0
1.0
1.0
1.0
1.0
1.0
1.0
1.0
1.0
1.0
1.0
1.0
1.0
1.0
1.0
1.0
1.0
1.0
1.0
1.0
1.0
1.0
1.0
1.0
1.0
1.0
1.0
1.0
1.0
1.0
1.0
1.0
1.0
1.0
1.0
1.0
1.0
1.0
1.0
1.0
1.0
1.0
1.0
1.0
1.0
1.0
1.0
1.0
1.0
1.0
1.0
1.0
1.0
1.0
1.0
1.0
1.0
1.0
1.0
1.0
1.0
1.0
1.0
1.0
1.0
1.0
1.0
1.0
1.0
1.0
1.0
1.0
1.0
1.0
1.0
1.0
1.0
1.0
1.0
1.0
1.0
1.0
1.0
1.0
1.0
1.0
1.0
1.0
1.0
1.0
1.0
1.0
1.0
1.0
1.0
1.0
1.0
1.0
1.0
1.0
1.0
1.0
1.0
1.0
1.0
1.0
1.0
1.0
1.0
1.0
1.0
1.0
1.0
1.0
1.0
1.0
1.0
1.0
1.0
1.0
1.0
1.0
1.0
1.0
1.0
1.0
1.0
1.0
1.0
1.0
1.0
1.0
1.0
1.0
1.0
1.0
1.0
1.0
1.0
1.0
1.0
1.0
1.0
1.0
1.0
1.0
1.0
1.0
1.0
1.0
1.0
1.0
1.0
1.0
1.0
1.0
1.0
1.0
1.0
1.0
1.0
1.0
1.0
1.0
1.0
1.0
1.0
1.0
1.0
1.0
1.0
1.0
1.0
1.0
1.0
1.0
1.0
1.0
1.0
1.0
1.0
1.0
1.0
1.0
1.0
1.0
1.0
1.0
1.0
1.0
1.0
1.0
1.0
1.0
1.0
1.0
1.0
1.0
1.0
1.0
1.0
1.0
1.0
1.0
1.0
1.0
1.0
1.0
1.0
1.0
1.0
1.0
1.0
1.0
1.0
1.0
1.0
1.0
1.0
1.0
1.0
1.0
1.0
1.0
1.0
1.0
1.0
1.0
1.0
1.0
1.0
1.0
1.0
1.0
1.0
1.0
1.0
1.0
1.0
1.0
1.0
1.0
1.0
1.0
1.0
1.0
1.0
1.0
1.0
1.0
1.0
1.0
1.0
1.0
1.0
1.0
1.0
1.0
1.0
1.0
1.0
1.0
1.0
1.0
1.0
1.0
1.0
1.0
1.0
1.0
1.0
1.0
1.0
1.0
1.0
1.0
1.0
1.0
1.0
1.0
1.0
1.0
1.0
1.0
1.0
1.0
1.0
1.0
1.0
1.0
1.0
1.0
1.0
1.0
1.0
1.0
1.0
1.0
1.0
1.0
1.0
1.0
1.0
1.0
1.0
1.0
1.0
1.0
1.0
1.0
1.0
1.0
1.0
1.0
1.0
1.0
1.0
1.0
1.0
1.0
1.0
1.0
1.0
1.0
1.0
1.0
1.0
1.0
1.0
1.0
1.0
1.0
1.0
1.0
1.0
1.0
1.0
1.0
1.0
1.0
1.0
1.0
1.0
1.0
1.0
1.0
1.0
1.0
1.0
1.0
1.0
1.0
1.0
1.0
1.0
1.0
1.0
1.0
1.0
1.0
1.0
1.0
1.0
1.0
1.0
1.0
1.0
1.0
1.0
1.0
1.0
1.0
1.0
1.0
1.0
1.0
1.0
1.0
1.0
1.0
1.0
1.0
1.0
1.0
1.0
1.0
1.0
1.0
1.0
1.0
1.0
1.0
1.0
1.0
1.0
1.0
1.0
1.0
1.0
1.0
1.0
1.0
1.0
1.0
1.0
1.0
1.0
1.0
1.0
1.0
1.0
1.0
1.0
1.0
1.0
1.0
1.0
1.0
1.0
1.0
1.0
1.0
1.0
1.0
1.0
1.0
1.0
1.0
1.0
1.0
1.0
1.0
1.0
1.0
1.0
1.0
1.0
1.0
1.0
1.0
1.0
1.0
1.0
1.0
1.0
1.0
1.0
1.0
1.0
1.0
1.0
1.0
1.0
1.0
1.0
1.0
1.0
1.0
1.0
1.0
1.0
1.0
1.0
1.0
1.0
1.0
1.0
1.0
1.0
1.0
1.0
1.0
1.0
1.0
1.0
0.968503937007874
0.9685534591194969
0.9686028257456829
0.9701726844583988
0.9717425431711146
0.9733124018838305
0.9748822605965463
0.9764521193092621
0.978021978021978
0.9795918367346939
0.9811616954474097
0.9827315541601256
0.9843014128728415
0.9858712715855573
0.9874411302982732
0.989010989010989
0.9905808477237049
0.9921507064364207
0.9937205651491365
0.9952904238618524
0.9968602825745683
0.9984301412872841
1.0
1.0
1.0
0.9785932721712538
0.9801223241590215
0.981651376146789
0.9831804281345565
0.9847094801223242
0.9862385321100917
0.9877675840978594
0.9892966360856269
0.9908256880733946
0.9923547400611621
0.9938837920489296
0.9954128440366973
0.9969418960244648
0.9984709480122325
1.0
0.9646539027982327
0.9661266568483063
0.96759941089838
0.9690721649484536
0.9705449189985272
0.9720176730486009
0.9734904270986745
0.9749631811487481
0.9764359351988218
0.9779086892488954
0.979381443298969
0.9808541973490427
0.9823269513991163
0.9837997054491899
0.9852724594992637
0.9867452135493373
0.9882179675994109
0.9896907216494846
0.9911634756995582
0.9926362297496318
0.9941089837997055
0.9955817378497791
0.9970544918998527
0.9985272459499264
1.0
1.0
1.0
1.0
1.0
1.0
1.0
1.0
1.0
0.9398907103825137
0.9412568306010929
0.9426229508196722
0.9439890710382514
0.9453551912568307
0.9467213114754098
0.9480874316939891
0.9494535519125683
0.9508196721311475
0.9521857923497268
0.953551912568306
0.9549180327868853
0.9562841530054644
0.9576502732240437
0.9590163934426229
0.9603825136612022
0.9617486338797814
0.9631147540983607
0.9644808743169399
0.9658469945355191
0.9672131147540983
0.9685792349726776
0.9699453551912568
0.9713114754098361
0.9726775956284153
0.9740437158469946
0.9754098360655737
0.976775956284153
0.9781420765027322
0.9795081967213115
0.9808743169398907
0.98224043715847
0.9836065573770492
0.9849726775956285
0.9863387978142076
0.9877049180327869
0.9890710382513661
0.9904371584699454
0.9918032786885246
0.9931693989071039
0.994535519125683
0.9959016393442623
0.9972677595628415
0.9986338797814208
1.0
0.982573726541555
0.9839142091152815
0.985254691689008
0.9865951742627346
0.9879356568364611
0.9892761394101877
0.9906166219839142
0.9919571045576407
0.9932975871313673
0.9946380697050938
0.9959785522788204
0.9973190348525469
0.9986595174262735
1.0
0.996
0.9973333333333333
0.9986666666666667
1.0
0.9842726081258192
0.9855832241153342
0.9868938401048493
0.9882044560943644
0.9895150720838795
0.9908256880733946
0.9921363040629095
0.9934469200524246
0.9947575360419397
0.9960681520314548
0.9973787680209698
0.9986893840104849
1.0
1.0
0.9795134443021767
0.9807938540332907
0.9820742637644047
0.9833546734955185
0.9846350832266325
0.9759188846641318
0.9771863117870723
0.9784537389100126
0.9797211660329531
0.9809885931558935
0.982256020278834
0.9835234474017744
0.9847908745247148
0.9848101265822785
0.9476885644768857
0.948905109489051
0.9501216545012166
0.9513381995133819
0.9525547445255474
0.9537712895377128
0.9549878345498783
0.9562043795620438
0.9574209245742092
0.9586374695863747
0.9598540145985401
0.9610705596107056
0.962287104622871
0.9635036496350365
0.9647201946472019
0.9659367396593674
0.9671532846715328
0.9683698296836983
0.9695863746958637
0.9708029197080292
0.9720194647201946
0.9732360097323601
0.9744525547445255
0.975669099756691
0.9768856447688564
0.9781021897810219
0.9793187347931873
0.9805352798053528
0.9817518248175182
0.9829683698296837
0.9841849148418491
0.9842041312272175
0.9842233009708737
0.9842424242424243
0.9842615012106537
0.9842805320435308
0.9842995169082126
0.9843184559710495
0.9843373493975903
0.9843561973525873
0.984375
0.9843937575030012
0.9844124700239808
0.9844311377245509
0.9844497607655502
0.984468339307049
0.9844868735083532
0.9845053635280095
0.9845238095238096
0.9845422116527943
0.9845605700712589
0.9845788849347569
0.9845971563981043
0.9846153846153847
0.9846335697399528
0.9846517119244392
0.9846698113207547
0.9846878680800942
0.9847058823529412
0.9847238542890717
0.9847417840375586
0.984759671746776
0.9847775175644028
0.9847953216374269
0.9848130841121495
0.9848308051341891
0.9848484848484849
0.9848661233993015
0.9848837209302326
0.9849012775842044
0.9849187935034803
0.984936268829664
0.9849537037037037
0.9849710982658959
0.9849884526558892
0.9850057670126874
0.9850230414746544
0.9850402761795167
0.9850574712643678
0.9850746268656716
0.9850917431192661
0.9851088201603666
0.9851258581235698
0.9851428571428571
0.9851598173515982
0.9851767388825542
0.9851936218678815
0.9852104664391353
0.9852272727272727
0.985244040862656
0.9852607709750567
0.9852774631936579
0.9852941176470589
0.9853107344632769
0.9853273137697517
0.9853438556933484
0.9853603603603603
0.9853768278965129
0.9853932584269663
0.9854096520763187
0.9854260089686099
0.9854423292273237
0.9854586129753915
0.9854748603351955
0.9854910714285714
0.9855072463768116
0.9855233853006682
0.985539488320356
0.9855555555555555
1.0
1.0
1.0
1.0
1.0
1.0
1.0
1.0
1.0
1.0
1.0
1.0
1.0
1.0
1.0
1.0
1.0
1.0
1.0
1.0
1.0
1.0
1.0
1.0
1.0
1.0
1.0
1.0
1.0
1.0
1.0
1.0
1.0
1.0
1.0
1.0
1.0
1.0
1.0
1.0
1.0
1.0
1.0
1.0
1.0
1.0
1.0
1.0
1.0
1.0
1.0
1.0
1.0
1.0
1.0
1.0
1.0
1.0
1.0
1.0
1.0
1.0
1.0
1.0
1.0
1.0
1.0
1.0
1.0
1.0
1.0
1.0
1.0
1.0
1.0
1.0
1.0
1.0
1.0
1.0
1.0
1.0
1.0
1.0
1.0
1.0
1.0
1.0
1.0
1.0
1.0
1.0
1.0
1.0
1.0
1.0
1.0
1.0
1.0
1.0
1.0
1.0
1.0
1.0
1.0
1.0
1.0
1.0
1.0
1.0
1.0
1.0
1.0
1.0
1.0
1.0
1.0
1.0
1.0
1.0
1.0
1.0
1.0
1.0
1.0
1.0
1.0
1.0
1.0
1.0
1.0
1.0
1.0
1.0
1.0
1.0
1.0
1.0
1.0
1.0
1.0
1.0
1.0
1.0
1.0
1.0
1.0
1.0
1.0
1.0
1.0
1.0
1.0
1.0
1.0
1.0
1.0
1.0
1.0
1.0
1.0
1.0
1.0
1.0
1.0
1.0
1.0
1.0
1.0
1.0
1.0
1.0
1.0
1.0
1.0
1.0
1.0
1.0
1.0
1.0
1.0
1.0
1.0
1.0
1.0
1.0
1.0
1.0
1.0
1.0
1.0
1.0
1.0
1.0
1.0
1.0
1.0
1.0
1.0
1.0
1.0
1.0
1.0
1.0
1.0
1.0
1.0
1.0
1.0
1.0
1.0
1.0
1.0
1.0
1.0
1.0
1.0
1.0
1.0
1.0
1.0
1.0
1.0
1.0
1.0
1.0
1.0
1.0
1.0
1.0
1.0
1.0
1.0
1.0
1.0
1.0
1.0
1.0
1.0
1.0
1.0
1.0
1.0
1.0
1.0
1.0
1.0
1.0
1.0
1.0
1.0
1.0
1.0
1.0
1.0
1.0
1.0
1.0
1.0
1.0
1.0
1.0
1.0
1.0
1.0
1.0
1.0
1.0
1.0
1.0
1.0
1.0
1.0
1.0
1.0
1.0
1.0
1.0
1.0
1.0
1.0
1.0
1.0
1.0
1.0
1.0
1.0
1.0
1.0
1.0
1.0
1.0
1.0
1.0
1.0
1.0
1.0
1.0
1.0
1.0
1.0
1.0
1.0
1.0
1.0
1.0
1.0
1.0
1.0
1.0
1.0
1.0
1.0
1.0
1.0
1.0
1.0
1.0
1.0
1.0
1.0
1.0
1.0
1.0
1.0
1.0
1.0
1.0
1.0
1.0
1.0
1.0
1.0
1.0
1.0
1.0
1.0
1.0
1.0
1.0
1.0
1.0
1.0
1.0
1.0
1.0
1.0
1.0
1.0
1.0
1.0
1.0
1.0
1.0
1.0
1.0
1.0
1.0
1.0
1.0
1.0
1.0
1.0
1.0
1.0
1.0
1.0
1.0
1.0
1.0
1.0
1.0
1.0
1.0
1.0
1.0
1.0
1.0
1.0
1.0
1.0
1.0
1.0
1.0
1.0
1.0
1.0
1.0
1.0
1.0
1.0
1.0
1.0
1.0
1.0
1.0
1.0
1.0
1.0
1.0
1.0
1.0
1.0
1.0
1.0
1.0
1.0
1.0
1.0
1.0
1.0
1.0
1.0
1.0
1.0
1.0
1.0
1.0
1.0
1.0
1.0
1.0
1.0
1.0
1.0
1.0
1.0
1.0
1.0
1.0
1.0
1.0
1.0
1.0
1.0
1.0
1.0
1.0
1.0
1.0
1.0
1.0
1.0
1.0
1.0
1.0
1.0
1.0
1.0
1.0
1.0
1.0
1.0
1.0
1.0
1.0
1.0
1.0
1.0
1.0
1.0
1.0
1.0
1.0
1.0
1.0
1.0
1.0
1.0
1.0
1.0
1.0
1.0
1.0
1.0
1.0
1.0
1.0
1.0
1.0
1.0
1.0
1.0
1.0
1.0
1.0
1.0
1.0
1.0
1.0
1.0
1.0
1.0
1.0
1.0
1.0
1.0
1.0
1.0
1.0
1.0
1.0
1.0
1.0
1.0
1.0
1.0
1.0
1.0
1.0
1.0
1.0
1.0
1.0
1.0
1.0
1.0
1.0
1.0
1.0
1.0
1.0
1.0
1.0
1.0
1.0
1.0
1.0
1.0
1.0
1.0
1.0
1.0
1.0
1.0
1.0
1.0
1.0
1.0
1.0
1.0
1.0
1.0
1.0
1.0
1.0
1.0
1.0
1.0
1.0
1.0
1.0
1.0
1.0
1.0
1.0
1.0
1.0
1.0
1.0
1.0
1.0
1.0
1.0
1.0
1.0
1.0
1.0
1.0
1.0
1.0
1.0
1.0
1.0
1.0
1.0
1.0
1.0
1.0
1.0
1.0
1.0
1.0
1.0
1.0
1.0
1.0
1.0
1.0
1.0
1.0
1.0
1.0
1.0
1.0
1.0
1.0
1.0
1.0
1.0
1.0
1.0
1.0
1.0
1.0
1.0
1.0
1.0
1.0
1.0
1.0
1.0
1.0
1.0
0.9824281150159745
0.9824561403508771
0.982484076433121
0.9840764331210191
0.9856687898089171
0.9872611464968153
0.9888535031847133
0.9904458598726115
0.9920382165605095
0.9936305732484076
0.9952229299363057
0.9968152866242038
0.9984076433121019
1.0
1.0
1.0
0.937592867756315
0.9390787518573551
0.9405646359583952
0.9420505200594353
0.9435364041604755
0.9450222882615156
0.9465081723625557
0.9479940564635958
0.9494799405646359
0.950965824665676
0.9524517087667161
0.9539375928677564
0.9554234769687965
0.9569093610698366
0.9583952451708767
0.9598811292719168
0.9613670133729569
0.962852897473997
0.9643387815750372
0.9658246656760773
0.9673105497771174
0.9687964338781575
0.9702823179791976
0.9717682020802377
0.9732540861812778
0.974739970282318
0.9762258543833581
0.9777117384843982
0.9791976225854383
0.9806835066864784
0.9821693907875185
0.9836552748885586
0.9851411589895989
0.986627043090639
0.9881129271916791
0.9895988112927192
0.9910846953937593
0.9925705794947994
0.9940564635958395
0.9955423476968797
0.9970282317979198
0.9985141158989599
1.0
0.9897209985315712
0.9911894273127754
0.9926578560939795
0.9941262848751835
0.9955947136563876
0.9970631424375918
0.9985315712187959
1.0
0.8676844783715013
0.8689567430025446
0.8702290076335878
0.871501272264631
0.8727735368956743
0.8740458015267175
0.8753180661577609
0.8765903307888041
0.8778625954198473
0.8791348600508906
0.8804071246819338
0.8816793893129771
0.8829516539440203
0.8842239185750637
0.8854961832061069
0.8856416772554002
0.8857868020304569
0.8859315589353612
0.8860759493670886
0.8862199747155499
0.8863636363636364
0.8865069356872636
0.8866498740554156
0.8867924528301887
0.8869346733668342
1.0
1.0
1.0
1.0
1.0
1.0
1.0
1.0
1.0
1.0
1.0
1.0
1.0
1.0
1.0
1.0
1.0
1.0
1.0
1.0
1.0
1.0
1.0
1.0
1.0
1.0
1.0
1.0
1.0
1.0
1.0
1.0
1.0
1.0
1.0
1.0
1.0
1.0
1.0
1.0
1.0
1.0
1.0
1.0
1.0
1.0
1.0
1.0
1.0
1.0
1.0
1.0
1.0
1.0
1.0
1.0
1.0
1.0
1.0
1.0
1.0
1.0
1.0
1.0
1.0
1.0
1.0
1.0
1.0
1.0
1.0
1.0
1.0
1.0
1.0
1.0
1.0
1.0
1.0
1.0
1.0
1.0
1.0
1.0
1.0
1.0
1.0
1.0
1.0
1.0
1.0
1.0
1.0
1.0
1.0
1.0
1.0
1.0
1.0
1.0
1.0
1.0
1.0
1.0
1.0
1.0
1.0
1.0
1.0
1.0
1.0
1.0
1.0
1.0
1.0
1.0
1.0
1.0
1.0
1.0
1.0
1.0
1.0
1.0
1.0
1.0
1.0
1.0
1.0
1.0
1.0
1.0
1.0
1.0
1.0
1.0
1.0
1.0
1.0
1.0
1.0
1.0
1.0
1.0
1.0
1.0
1.0
1.0
1.0
1.0
1.0
1.0
1.0
1.0
1.0
1.0
1.0
1.0
1.0
1.0
1.0
1.0
1.0
1.0
1.0
1.0
1.0
1.0
1.0
1.0
1.0
1.0
1.0
1.0
1.0
1.0
1.0
1.0
1.0
1.0
1.0
1.0
1.0
1.0
1.0
1.0
1.0
1.0
1.0
1.0
1.0
1.0
1.0
1.0
1.0
1.0
1.0
1.0
1.0
1.0
1.0
1.0
1.0
1.0
1.0
1.0
1.0
1.0
1.0
1.0
1.0
1.0
1.0
1.0
1.0
1.0
1.0
1.0
1.0
1.0
1.0
1.0
1.0
1.0
1.0
1.0
1.0
1.0
1.0
1.0
1.0
1.0
1.0
1.0
1.0
1.0
1.0
1.0
1.0
1.0
1.0
1.0
1.0
1.0
1.0
1.0
1.0
1.0
1.0
1.0
1.0
1.0
1.0
1.0
1.0
1.0
1.0
1.0
1.0
1.0
1.0
1.0
1.0
1.0
1.0
1.0
1.0
1.0
1.0
1.0
1.0
1.0
1.0
1.0
1.0
1.0
1.0
1.0
1.0
1.0
1.0
1.0
1.0
1.0
1.0
1.0
1.0
1.0
1.0
1.0
1.0
1.0
1.0
1.0
1.0
1.0
1.0
1.0
1.0
1.0
1.0
1.0
1.0
1.0
1.0
1.0
1.0
1.0
1.0
1.0
1.0
1.0
1.0
1.0
1.0
1.0
1.0
1.0
1.0
1.0
1.0
1.0
1.0
1.0
1.0
1.0
1.0
1.0
1.0
1.0
1.0
1.0
1.0
1.0
1.0
1.0
1.0
1.0
1.0
1.0
1.0
1.0
1.0
1.0
1.0
1.0
1.0
1.0
1.0
1.0
1.0
1.0
1.0
1.0
1.0
1.0
1.0
1.0
1.0
1.0
1.0
1.0
1.0
1.0
1.0
1.0
1.0
1.0
1.0
1.0
1.0
1.0
1.0
1.0
1.0
1.0
1.0
1.0
1.0
1.0
1.0
1.0
1.0
1.0
1.0
1.0
1.0
1.0
1.0
1.0
1.0
1.0
1.0
1.0
1.0
1.0
1.0
1.0
1.0
1.0
1.0
1.0
1.0
1.0
1.0
1.0
1.0
1.0
1.0
1.0
1.0
1.0
1.0
1.0
1.0
1.0
1.0
1.0
1.0
1.0
1.0
1.0
1.0
1.0
1.0
1.0
1.0
1.0
1.0
1.0
1.0
1.0
1.0
1.0
1.0
1.0
1.0
1.0
1.0
1.0
1.0
1.0
1.0
1.0
1.0
1.0
1.0
1.0
1.0
1.0
1.0
1.0
1.0
1.0
1.0
1.0
1.0
1.0
1.0
1.0
1.0
1.0
1.0
1.0
1.0
1.0
1.0
1.0
1.0
1.0
1.0
1.0
1.0
1.0
1.0
1.0
1.0
1.0
1.0
1.0
1.0
1.0
1.0
1.0
1.0
1.0
1.0
1.0
1.0
1.0
1.0
1.0
1.0
1.0
1.0
1.0
1.0
1.0
1.0
1.0
1.0
1.0
1.0
1.0
1.0
1.0
1.0
1.0
1.0
1.0
1.0
1.0
1.0
1.0
1.0
1.0
1.0
1.0
1.0
1.0
1.0
1.0
1.0
1.0
1.0
1.0
1.0
1.0
1.0
1.0
1.0
1.0
1.0
1.0
1.0
1.0
1.0
1.0
1.0
1.0
1.0
1.0
1.0
1.0
1.0
1.0
1.0
1.0
1.0
1.0
1.0
1.0
1.0
1.0
1.0
1.0
1.0
1.0
1.0
1.0
1.0
1.0
1.0
1.0
1.0
1.0
1.0
1.0
1.0
1.0
1.0
1.0
1.0
1.0
1.0
1.0
1.0
1.0
1.0
1.0
1.0
1.0
1.0
1.0
1.0
1.0
1.0
1.0
1.0
1.0
1.0
1.0
1.0
1.0
1.0
1.0
1.0
1.0
1.0
1.0
1.0
1.0
1.0
1.0
1.0
1.0
1.0
1.0
1.0
1.0
1.0
1.0
1.0
1.0
0.9855769230769231
0.9856
0.9856230031948882
0.987220447284345
0.9888178913738019
0.9904153354632588
0.9920127795527156
0.9936102236421726
0.9952076677316294
0.9968051118210862
0.9984025559105432
1.0
1.0
1.0
0.9782270606531882
0.9797822706065319
0.9813374805598756
0.9828926905132193
0.9844479004665629
0.9860031104199067
0.9875583203732504
0.9891135303265941
0.9906687402799378
0.9922239502332815
0.9937791601866252
0.995334370139969
0.9968895800933126
0.9984447900466563
1.0
1.0
1.0
0.9832572298325722
0.984779299847793
0.9863013698630136
0.9878234398782344
0.989345509893455
0.9908675799086758
0.9923896499238964
0.9939117199391172
0.9954337899543378
0.9969558599695586
0.9984779299847792
1.0
0.9705014749262537
0.971976401179941
0.9734513274336283
0.9749262536873157
0.976401179941003
0.9778761061946902
0.9793510324483776
0.9808259587020649
0.9823008849557522
0.9837758112094396
0.9852507374631269
0.9867256637168141
0.9882005899705014
0.9896755162241888
0.9911504424778761
0.9926253687315634
0.9941002949852508
0.995575221238938
0.9970501474926253
0.9985250737463127
1.0
0.9769784172661871
0.9784172661870504
0.9798561151079137
0.981294964028777
0.9827338129496402
0.9841726618705036
0.9856115107913669
0.9870503597122302
0.9884892086330935
0.9899280575539569
0.9913669064748202
0.9928057553956835
0.9942446043165467
0.99568345323741
0.9971223021582734
0.9985611510791367
1.0
0.9802816901408451
0.9816901408450704
0.9830985915492958
0.9845070422535211
0.9859154929577465
0.9873239436619718
0.9887323943661972
0.9901408450704225
0.9915492957746479
0.9929577464788732
0.9943661971830986
0.995774647887324
0.9971830985915493
0.9985915492957746
1.0
0.9902506963788301
0.9916434540389972
0.9930362116991643
0.9944289693593314
0.9958217270194986
0.9972144846796658
0.9986072423398329
1.0
0.9889958734525447
0.9903713892709766
0.9917469050894085
0.9931224209078404
0.9944979367262724
0.9958734525447043
0.9972489683631361
0.9986244841815681
1.0
0.875
0.8762019230769231
0.8774038461538461
0.8786057692307693
0.8798076923076923
0.8810096153846154
0.8822115384615384
0.8834134615384616
0.8846153846153846
0.8858173076923077
0.8870192307692307
0.8882211538461539
0.8894230769230769
0.890625
0.8918269230769231
0.8919567827130852
0.8920863309352518
0.8922155688622755
0.8923444976076556
0.8924731182795699
0.8926014319809069
0.8927294398092968
0.8928571428571429
0.8929845422116528
0.8931116389548693
0.8932384341637011
0.8933649289099526
0.893491124260355
0.8936170212765957
0.8937426210153483
0.8938679245283019
0.8939929328621908
0.8941176470588236
0.8942420681551116
0.8943661971830986
0.8944900351699883
0.8946135831381733
0.8947368421052632
0.8948598130841121
0.8949824970828472
0.8951048951048951
0.8952270081490105
0.8953488372093024
0.8954703832752613
0.8955916473317865
0.895712630359212
0.8958333333333334
0.8959537572254336
0.8960739030023095
0.8961937716262975
0.8963133640552995
0.8964326812428078
0.896551724137931
0.8966704936854191
0.8967889908256881
0.8969072164948454
0.897025171624714
0.8971428571428571
0.8972602739726028
0.8973774230330672
0.89749430523918
0.8976109215017065
0.8977272727272727
0.8978433598183881
0.8979591836734694
0.8980747451868629
0.8981900452488688
0.8983050847457628
0.8984198645598194
0.8985343855693348
0.8986486486486487
0.8987626546681665
0.898876404494382
0.898989898989899
0.899103139013453
0.8992161254199328
0.8993288590604027
0.8994413407821229
1.0
1.0
1.0
1.0
1.0
1.0
1.0
1.0
1.0
1.0
1.0
1.0
1.0
1.0
1.0
1.0
1.0
1.0
1.0
1.0
1.0
1.0
1.0
1.0
1.0
1.0
1.0
1.0
1.0
1.0
1.0
1.0
1.0
1.0
1.0
1.0
1.0
1.0
1.0
1.0
1.0
1.0
1.0
1.0
1.0
1.0
1.0
1.0
1.0
1.0
1.0
1.0
1.0
1.0
1.0
1.0
1.0
1.0
1.0
1.0
1.0
1.0
1.0
1.0
1.0
1.0
1.0
1.0
1.0
1.0
1.0
1.0
1.0
1.0
1.0
1.0
1.0
1.0
1.0
1.0
1.0
1.0
1.0
1.0
1.0
1.0
1.0
1.0
1.0
1.0
1.0
1.0
1.0
1.0
1.0
1.0
1.0
1.0
1.0
1.0
1.0
1.0
1.0
1.0
1.0
1.0
1.0
1.0
1.0
1.0
1.0
1.0
1.0
1.0
1.0
1.0
1.0
1.0
1.0
1.0
1.0
1.0
1.0
1.0
1.0
1.0
1.0
1.0
1.0
1.0
1.0
1.0
1.0
1.0
1.0
1.0
1.0
1.0
1.0
1.0
1.0
1.0
1.0
1.0
1.0
1.0
1.0
1.0
1.0
1.0
1.0
1.0
1.0
1.0
1.0
1.0
1.0
1.0
1.0
1.0
1.0
1.0
1.0
1.0
1.0
1.0
1.0
1.0
1.0
1.0
1.0
1.0
1.0
1.0
1.0
1.0
1.0
1.0
1.0
1.0
1.0
1.0
1.0
1.0
1.0
1.0
1.0
1.0
1.0
1.0
1.0
1.0
1.0
1.0
1.0
1.0
1.0
1.0
1.0
1.0
1.0
1.0
1.0
1.0
1.0
1.0
1.0
1.0
1.0
1.0
1.0
1.0
1.0
1.0
1.0
1.0
1.0
1.0
1.0
1.0
1.0
1.0
1.0
1.0
1.0
1.0
1.0
1.0
1.0
1.0
1.0
1.0
1.0
1.0
1.0
1.0
1.0
1.0
1.0
1.0
1.0
1.0
1.0
1.0
1.0
1.0
1.0
1.0
1.0
1.0
1.0
1.0
1.0
1.0
1.0
1.0
1.0
1.0
1.0
1.0
1.0
1.0
1.0
1.0
1.0
1.0
1.0
1.0
1.0
1.0
1.0
1.0
1.0
1.0
1.0
1.0
1.0
1.0
1.0
1.0
1.0
1.0
1.0
1.0
1.0
1.0
1.0
1.0
1.0
1.0
1.0
1.0
1.0
1.0
1.0
1.0
1.0
1.0
1.0
1.0
1.0
1.0
1.0
1.0
1.0
1.0
1.0
1.0
1.0
1.0
1.0
1.0
1.0
1.0
1.0
1.0
1.0
1.0
1.0
1.0
1.0
1.0
1.0
1.0
1.0
1.0
1.0
1.0
1.0
1.0
1.0
1.0
1.0
1.0
1.0
1.0
1.0
1.0
1.0
1.0
1.0
1.0
1.0
1.0
1.0
1.0
1.0
1.0
1.0
1.0
1.0
1.0
1.0
1.0
1.0
1.0
1.0
1.0
1.0
1.0
1.0
1.0
1.0
1.0
1.0
1.0
1.0
1.0
1.0
1.0
1.0
1.0
1.0
1.0
1.0
1.0
1.0
1.0
1.0
1.0
1.0
1.0
1.0
1.0
1.0
1.0
1.0
1.0
1.0
1.0
1.0
1.0
1.0
1.0
1.0
1.0
1.0
1.0
1.0
1.0
1.0
1.0
1.0
1.0
1.0
1.0
1.0
1.0
1.0
1.0
1.0
1.0
1.0
1.0
1.0
1.0
1.0
1.0
1.0
1.0
1.0
1.0
1.0
1.0
1.0
1.0
1.0
1.0
1.0
1.0
1.0
1.0
1.0
1.0
1.0
1.0
1.0
1.0
1.0
1.0
1.0
1.0
1.0
1.0
1.0
1.0
1.0
1.0
1.0
1.0
1.0
1.0
1.0
1.0
1.0
1.0
1.0
1.0
1.0
1.0
1.0
1.0
1.0
1.0
1.0
1.0
1.0
1.0
1.0
1.0
1.0
1.0
1.0
1.0
1.0
1.0
1.0
1.0
1.0
1.0
1.0
1.0
1.0
1.0
1.0
1.0
1.0
1.0
1.0
1.0
1.0
1.0
1.0
1.0
1.0
1.0
1.0
1.0
1.0
1.0
1.0
1.0
1.0
1.0
1.0
1.0
1.0
1.0
1.0
1.0
1.0
1.0
1.0
1.0
1.0
1.0
1.0
1.0
1.0
1.0
1.0
1.0
1.0
1.0
1.0
1.0
1.0
1.0
1.0
1.0
1.0
1.0
1.0
1.0
1.0
1.0
1.0
1.0
1.0
1.0
1.0
1.0
1.0
1.0
1.0
1.0
1.0
1.0
1.0
1.0
1.0
1.0
1.0
1.0
1.0
1.0
1.0
1.0
1.0
1.0
1.0
1.0
1.0
1.0
1.0
1.0
1.0
1.0
1.0
1.0
1.0
1.0
1.0
1.0
1.0
1.0
1.0
1.0
1.0
1.0
1.0
1.0
1.0
1.0
1.0
1.0
1.0
1.0
1.0
1.0
1.0
1.0
1.0
1.0
1.0
1.0
1.0
1.0
1.0
1.0
1.0
1.0
1.0
1.0
1.0
1.0
1.0
1.0
1.0
1.0
1.0
1.0
1.0
1.0
0.9855769230769231
0.9856
0.9856230031948882
0.987220447284345
0.9888178913738019
0.9904153354632588
0.9920127795527156
0.9936102236421726
0.9952076677316294
0.9968051118210862
0.9984025559105432
1.0
1.0
1.0
0.9782270606531882
0.9797822706065319
0.9813374805598756
0.9828926905132193
0.9844479004665629
0.9860031104199067
0.9875583203732504
0.9891135303265941
0.9906687402799378
0.9922239502332815
0.9937791601866252
0.995334370139969
0.9968895800933126
0.9984447900466563
1.0
1.0
1.0
0.9832572298325722
0.984779299847793
0.9863013698630136
0.9878234398782344
0.989345509893455
0.9908675799086758
0.9923896499238964
0.9939117199391172
0.9954337899543378
0.9969558599695586
0.9984779299847792
1.0
0.9705014749262537
0.971976401179941
0.9734513274336283
0.9749262536873157
0.976401179941003
0.9778761061946902
0.9793510324483776
0.9808259587020649
0.9823008849557522
0.9837758112094396
0.9852507374631269
0.9867256637168141
0.9882005899705014
0.9896755162241888
0.9911504424778761
0.9926253687315634
0.9941002949852508
0.995575221238938
0.9970501474926253
0.9985250737463127
1.0
0.9769784172661871
0.9784172661870504
0.9798561151079137
0.981294964028777
0.9827338129496402
0.9841726618705036
0.9856115107913669
0.9870503597122302
0.9884892086330935
0.9899280575539569
0.9913669064748202
0.9928057553956835
0.9942446043165467
0.99568345323741
0.9971223021582734
0.9985611510791367
1.0
0.9802816901408451
0.9816901408450704
0.9830985915492958
0.9845070422535211
0.9859154929577465
0.9873239436619718
0.9887323943661972
0.9901408450704225
0.9915492957746479
0.9929577464788732
0.9943661971830986
0.995774647887324
0.9971830985915493
0.9985915492957746
1.0
0.9902506963788301
0.9916434540389972
0.9930362116991643
0.9944289693593314
0.9958217270194986
0.9972144846796658
0.9986072423398329
1.0
0.9889958734525447
0.9903713892709766
0.9917469050894085
0.9931224209078404
0.9944979367262724
0.9958734525447043
0.9972489683631361
0.9986244841815681
1.0
0.875
0.8762019230769231
0.8774038461538461
0.8786057692307693
0.8798076923076923
0.8810096153846154
0.8822115384615384
0.8834134615384616
0.8846153846153846
0.8858173076923077
0.8870192307692307
0.8882211538461539
0.8894230769230769
0.890625
0.8918269230769231
0.8919567827130852
0.8920863309352518
0.8922155688622755
0.8923444976076556
0.8924731182795699
0.8926014319809069
0.8927294398092968
0.8928571428571429
0.8929845422116528
0.8931116389548693
0.8932384341637011
0.8933649289099526
0.893491124260355
0.8936170212765957
0.8937426210153483
0.8938679245283019
0.8939929328621908
0.8941176470588236
0.8942420681551116
0.8943661971830986
0.8944900351699883
0.8946135831381733
0.8947368421052632
0.8948598130841121
0.8949824970828472
0.8951048951048951
0.8952270081490105
0.8953488372093024
0.8954703832752613
0.8955916473317865
0.895712630359212
0.8958333333333334
0.8959537572254336
0.8960739030023095
0.8961937716262975
0.8963133640552995
0.8964326812428078
0.896551724137931
0.8966704936854191
0.8967889908256881
0.8969072164948454
0.897025171624714
0.8971428571428571
0.8972602739726028
0.8973774230330672
0.89749430523918
0.8976109215017065
0.8977272727272727
0.8978433598183881
0.8979591836734694
0.8980747451868629
0.8981900452488688
0.8983050847457628
0.8984198645598194
0.8985343855693348
0.8986486486486487
0.8987626546681665
0.898876404494382
0.898989898989899
0.899103139013453
0.8992161254199328
0.8993288590604027
0.8994413407821229
1.0
1.0
1.0
1.0
1.0
1.0
1.0
1.0
1.0
1.0
1.0
1.0
1.0
1.0
1.0
1.0
1.0
1.0
1.0
1.0
1.0
1.0
1.0
1.0
1.0
1.0
1.0
1.0
1.0
1.0
1.0
1.0
1.0
1.0
1.0
1.0
1.0
1.0
1.0
1.0
1.0
1.0
1.0
1.0
1.0
1.0
1.0
1.0
1.0
1.0
1.0
1.0
1.0
1.0
1.0
1.0
1.0
1.0
1.0
1.0
1.0
1.0
1.0
1.0
1.0
1.0
1.0
1.0
1.0
1.0
1.0
1.0
1.0
1.0
1.0
1.0
1.0
1.0
1.0
1.0
1.0
1.0
1.0
1.0
1.0
1.0
1.0
1.0
1.0
1.0
1.0
1.0
1.0
1.0
1.0
1.0
1.0
1.0
1.0
1.0
1.0
1.0
1.0
1.0
1.0
1.0
1.0
1.0
1.0
1.0
1.0
1.0
1.0
1.0
1.0
1.0
1.0
1.0
1.0
1.0
1.0
1.0
1.0
1.0
1.0
1.0
1.0
1.0
1.0
1.0
1.0
1.0
1.0
1.0
1.0
1.0
1.0
1.0
1.0
1.0
1.0
1.0
1.0
1.0
1.0
1.0
1.0
1.0
1.0
1.0
1.0
1.0
1.0
1.0
1.0
1.0
1.0
1.0
1.0
1.0
1.0
1.0
1.0
1.0
1.0
1.0
1.0
1.0
1.0
1.0
1.0
1.0
1.0
1.0
1.0
1.0
1.0
1.0
1.0
1.0
1.0
1.0
1.0
1.0
1.0
1.0
1.0
1.0
1.0
1.0
1.0
1.0
1.0
1.0
1.0
1.0
1.0
1.0
1.0
1.0
1.0
1.0
1.0
1.0
1.0
1.0
1.0
1.0
1.0
1.0
1.0
1.0
1.0
1.0
1.0
1.0
1.0
1.0
1.0
1.0
1.0
1.0
1.0
1.0
1.0
1.0
1.0
1.0
1.0
1.0
1.0
1.0
1.0
1.0
1.0
1.0
1.0
1.0
1.0
1.0
1.0
1.0
1.0
1.0
1.0
1.0
1.0
1.0
1.0
1.0
1.0
1.0
1.0
1.0
1.0
1.0
1.0
1.0
1.0
1.0
1.0
1.0
1.0
1.0
1.0
1.0
1.0
1.0
1.0
1.0
1.0
1.0
1.0
1.0
1.0
1.0
1.0
1.0
1.0
1.0
1.0
1.0
1.0
1.0
1.0
1.0
1.0
1.0
1.0
1.0
1.0
1.0
1.0
1.0
1.0
1.0
1.0
1.0
1.0
1.0
1.0
1.0
1.0
1.0
1.0
1.0
1.0
1.0
1.0
1.0
1.0
1.0
1.0
1.0
1.0
1.0
1.0
1.0
1.0
1.0
1.0
1.0
1.0
1.0
1.0
1.0
1.0
1.0
1.0
1.0
1.0
1.0
1.0
1.0
1.0
1.0
1.0
1.0
1.0
1.0
1.0
1.0
1.0
1.0
1.0
1.0
1.0
1.0
1.0
1.0
1.0
1.0
1.0
1.0
1.0
1.0
1.0
1.0
1.0
1.0
1.0
1.0
1.0
1.0
1.0
1.0
1.0
1.0
1.0
1.0
1.0
1.0
1.0
1.0
1.0
1.0
1.0
1.0
1.0
1.0
1.0
1.0
1.0
1.0
1.0
1.0
1.0
1.0
1.0
1.0
1.0
1.0
1.0
1.0
1.0
1.0
1.0
1.0
1.0
1.0
1.0
1.0
1.0
1.0
1.0
1.0
1.0
1.0
1.0
1.0
1.0
1.0
1.0
1.0
1.0
1.0
1.0
1.0
1.0
1.0
1.0
1.0
1.0
1.0
1.0
1.0
1.0
1.0
1.0
1.0
1.0
1.0
1.0
1.0
1.0
1.0
1.0
1.0
1.0
1.0
1.0
1.0
1.0
1.0
1.0
1.0
1.0
1.0
1.0
1.0
1.0
1.0
1.0
1.0
1.0
1.0
1.0
1.0
1.0
1.0
1.0
1.0
1.0
1.0
1.0
1.0
1.0
1.0
1.0
1.0
1.0
1.0
1.0
1.0
1.0
1.0
1.0
1.0
1.0
1.0
1.0
1.0
1.0
1.0
1.0
1.0
1.0
1.0
1.0
1.0
1.0
1.0
1.0
1.0
1.0
1.0
1.0
1.0
1.0
1.0
1.0
1.0
1.0
1.0
1.0
1.0
1.0
1.0
1.0
1.0
1.0
1.0
1.0
1.0
1.0
1.0
1.0
1.0
1.0
1.0
1.0
1.0
1.0
1.0
1.0
1.0
1.0
1.0
1.0
1.0
1.0
1.0
1.0
1.0
1.0
1.0
1.0
1.0
1.0
1.0
1.0
1.0
1.0
1.0
1.0
1.0
1.0
1.0
1.0
1.0
1.0
1.0
1.0
1.0
1.0
1.0
1.0
1.0
1.0
1.0
1.0
1.0
1.0
1.0
1.0
1.0
1.0
1.0
1.0
1.0
1.0
1.0
1.0
1.0
1.0
1.0
1.0
1.0
1.0
1.0
1.0
1.0
1.0
1.0
1.0
1.0
1.0
1.0
1.0
1.0
1.0
1.0
1.0
1.0
1.0
1.0
1.0
1.0
1.0
1.0
1.0
1.0
1.0
1.0
1.0
1.0
1.0
1.0
1.0
1.0
1.0
1.0
1.0
1.0
0.9594383775351014
0.9609984399375975
0.9625585023400937
0.9641185647425897
0.9656786271450858
0.9672386895475819
0.968798751950078
0.9703588143525741
0.9354354354354354
0.9355322338830585
0.9356287425149701
0.937125748502994
0.938622754491018
0.9401197604790419
0.9416167664670658
0.9431137724550899
0.9446107784431138
0.9461077844311377
0.9476047904191617
0.9491017964071856
0.9505988023952096
0.9520958083832335
0.9535928143712575
0.9550898203592815
0.9565868263473054
0.9580838323353293
0.9595808383233533
0.9610778443113772
0.9625748502994012
0.9640718562874252
0.9655688622754491
0.9670658682634731
0.968562874251497
0.9700598802395209
0.9715568862275449
0.9715994020926756
0.9716417910447761
0.9716840536512668
0.9717261904761905
0.9717682020802377
0.9718100890207715
0.9718518518518519
0.9718934911242604
0.9719350073855244
0.9550724637681159
0.9565217391304348
0.9579710144927536
0.9594202898550724
0.9608695652173913
0.9623188405797102
0.9637681159420289
0.9652173913043478
0.9666666666666667
0.9681159420289855
0.9695652173913043
0.9710144927536232
0.972463768115942
0.9669064748201439
0.9683453237410072
0.9697841726618706
0.9712230215827338
0.9726618705035971
0.9148648648648648
0.9162162162162162
0.9175675675675675
0.918918918918919
0.9202702702702703
0.9216216216216216
0.922972972972973
0.9243243243243243
0.9256756756756757
0.927027027027027
0.9283783783783783
0.9297297297297298
0.9310810810810811
0.9324324324324325
0.9337837837837838
0.9351351351351351
0.9364864864864865
0.9378378378378378
0.9391891891891891
0.9405405405405406
0.9418918918918919
0.9432432432432433
0.9445945945945946
0.9459459459459459
0.9472972972972973
0.9486486486486486
0.95
0.9513513513513514
0.9527027027027027
0.9540540540540541
0.9554054054054054
0.9567567567567568
0.9581081081081081
0.9594594594594594
0.9608108108108108
0.9621621621621622
0.9635135135135136
0.9648648648648649
0.9662162162162162
0.9675675675675676
0.9689189189189189
0.9702702702702702
0.9716216216216216
0.972972972972973
0.9743243243243244
0.9588313413014609
0.9601593625498008
0.9614873837981408
0.9628154050464808
0.9641434262948207
0.9654714475431607
0.9667994687915007
0.9681274900398407
0.9694555112881806
0.9707835325365206
0.9721115537848606
0.9734395750332006
0.9747675962815405
0.9748010610079576
0.9658792650918635
0.9671916010498688
0.968503937007874
0.9698162729658792
0.9711286089238845
0.9724409448818898
0.973753280839895
0.9750656167979003
0.8581314878892734
0.8592848904267589
0.8604382929642446
0.8615916955017301
0.8627450980392157
0.8638985005767013
0.8650519031141869
0.8662053056516724
0.8673587081891581
0.8685121107266436
0.8696655132641292
0.8708189158016147
0.8719723183391004
0.8731257208765859
0.8742791234140715
0.8744239631336406
0.8745684695051784
0.8747126436781609
0.8748564867967853
0.875
0.8751431844215349
0.8752860411899314
0.8754285714285714
0.8755707762557078
0.8757126567844926
0.8758542141230068
0.875995449374289
0.8761363636363636
0.8762769580022701
0.8764172335600907
0.8765571913929785
0.8766968325791855
0.8768361581920904
0.8769751693002258
0.8771138669673055
0.8772522522522522
0.8773903262092239
0.8775280898876404
0.877665544332211
0.8778026905829597
0.8779395296752519
0.8780760626398211
0.8782122905027933
0.8783482142857143
0.8784838350055741
0.878619153674833
0.8787541713014461
0.8788888888888889
0.8790233074361821
0.8791574279379157
0.8792912513842747
0.879424778761062
0.8795580110497238
0.8796909492273731
0.8798235942668137
0.8799559471365639
0.8800880088008801
0.8802197802197802
0.8803512623490669
0.8804824561403509
0.8806133625410734
0.8807439824945296
0.8808743169398907
0.881004366812227
0.88113413304253
0.8812636165577342
0.8813928182807399
0.8815217391304347
0.8816503800217155
0.8817787418655098
0.8819068255687974
0.8820346320346321
0.8821621621621621
0.8822894168466523
0.8824163969795038
0.8825431034482759
0.8826695371367062
0.8827956989247312
1.0
1.0
1.0
1.0
1.0
1.0
1.0
1.0
1.0
1.0
1.0
1.0
1.0
1.0
1.0
1.0
1.0
1.0
1.0
1.0
1.0
1.0
1.0
1.0
1.0
1.0
1.0
1.0
1.0
1.0
1.0
1.0
1.0
1.0
1.0
1.0
1.0
1.0
1.0
1.0
1.0
1.0
1.0
1.0
1.0
1.0
1.0
1.0
1.0
1.0
1.0
1.0
1.0
1.0
1.0
1.0
1.0
1.0
1.0
1.0
1.0
1.0
1.0
1.0
1.0
1.0
1.0
1.0
1.0
1.0
1.0
1.0
1.0
1.0
1.0
1.0
1.0
1.0
1.0
1.0
1.0
1.0
1.0
1.0
1.0
1.0
1.0
1.0
1.0
1.0
1.0
1.0
1.0
1.0
1.0
1.0
1.0
1.0
1.0
1.0
1.0
1.0
1.0
1.0
1.0
1.0
1.0
1.0
1.0
1.0
1.0
1.0
1.0
1.0
1.0
1.0
1.0
1.0
1.0
1.0
1.0
1.0
1.0
1.0
1.0
1.0
1.0
1.0
1.0
1.0
1.0
1.0
1.0
1.0
1.0
1.0
1.0
1.0
1.0
1.0
1.0
1.0
1.0
1.0
1.0
1.0
1.0
1.0
1.0
1.0
1.0
1.0
1.0
1.0
1.0
1.0
1.0
1.0
1.0
1.0
1.0
1.0
1.0
1.0
1.0
1.0
1.0
1.0
1.0
1.0
1.0
1.0
1.0
1.0
1.0
1.0
1.0
1.0
1.0
1.0
1.0
1.0
1.0
1.0
1.0
1.0
1.0
1.0
1.0
1.0
1.0
1.0
1.0
1.0
1.0
1.0
1.0
1.0
1.0
1.0
1.0
1.0
1.0
1.0
1.0
1.0
1.0
1.0
1.0
1.0
1.0
1.0
1.0
1.0
1.0
1.0
1.0
1.0
1.0
1.0
1.0
1.0
1.0
1.0
1.0
1.0
1.0
1.0
1.0
1.0
1.0
1.0
1.0
1.0
1.0
1.0
1.0
1.0
1.0
1.0
1.0
1.0
1.0
1.0
1.0
1.0
1.0
1.0
1.0
1.0
1.0
1.0
1.0
1.0
1.0
1.0
1.0
1.0
1.0
1.0
1.0
1.0
1.0
1.0
1.0
1.0
1.0
1.0
1.0
1.0
1.0
1.0
1.0
1.0
1.0
1.0
1.0
1.0
1.0
1.0
1.0
1.0
1.0
1.0
1.0
1.0
1.0
1.0
1.0
1.0
1.0
1.0
1.0
1.0
1.0
1.0
1.0
1.0
1.0
1.0
1.0
1.0
1.0
1.0
1.0
1.0
1.0
1.0
1.0
1.0
1.0
1.0
1.0
1.0
1.0
1.0
1.0
1.0
1.0
1.0
1.0
1.0
1.0
1.0
1.0
1.0
1.0
1.0
1.0
1.0
1.0
1.0
1.0
1.0
1.0
1.0
1.0
1.0
1.0
1.0
1.0
1.0
1.0
1.0
1.0
1.0
1.0
1.0
1.0
1.0
1.0
1.0
1.0
1.0
1.0
1.0
1.0
1.0
1.0
1.0
1.0
1.0
1.0
1.0
1.0
1.0
1.0
1.0
1.0
1.0
1.0
1.0
1.0
1.0
1.0
1.0
1.0
1.0
1.0
1.0
1.0
1.0
1.0
1.0
1.0
1.0
1.0
1.0
1.0
1.0
1.0
1.0
1.0
1.0
1.0
1.0
1.0
1.0
1.0
1.0
1.0
1.0
1.0
1.0
1.0
1.0
1.0
1.0
1.0
1.0
1.0
1.0
1.0
1.0
1.0
1.0
1.0
1.0
1.0
1.0
1.0
1.0
1.0
1.0
1.0
1.0
1.0
1.0
1.0
1.0
1.0
1.0
1.0
1.0
1.0
1.0
1.0
1.0
1.0
1.0
1.0
1.0
1.0
1.0
1.0
1.0
1.0
1.0
1.0
1.0
1.0
1.0
1.0
1.0
1.0
1.0
1.0
1.0
1.0
1.0
1.0
1.0
1.0
1.0
1.0
1.0
1.0
1.0
1.0
1.0
1.0
1.0
1.0
1.0
1.0
1.0
1.0
1.0
1.0
1.0
1.0
1.0
1.0
1.0
1.0
1.0
1.0
1.0
1.0
1.0
1.0
1.0
1.0
1.0
1.0
1.0
1.0
1.0
1.0
1.0
1.0
1.0
1.0
1.0
1.0
1.0
1.0
1.0
1.0
1.0
1.0
1.0
1.0
1.0
1.0
1.0
1.0
1.0
1.0
1.0
1.0
1.0
1.0
1.0
1.0
1.0
1.0
1.0
1.0
1.0
1.0
1.0
1.0
1.0
1.0
1.0
1.0
1.0
1.0
1.0
1.0
1.0
1.0
1.0
1.0
1.0
1.0
1.0
1.0
1.0
1.0
1.0
1.0
1.0
1.0
1.0
1.0
1.0
1.0
1.0
1.0
1.0
1.0
1.0
1.0
1.0
1.0
1.0
1.0
1.0
1.0
1.0
1.0
1.0
1.0
1.0
1.0
1.0
1.0
1.0
1.0
1.0
1.0
1.0
1.0
1.0
1.0
1.0
1.0
1.0
1.0
1.0
1.0
1.0
1.0
1.0
1.0
1.0
1.0
1.0
1.0
1.0
1.0
1.0
1.0
1.0
1.0
1.0
1.0
1.0
1.0
1.0
1.0
1.0
0.9594383775351014
0.9609984399375975
0.9625585023400937
0.9641185647425897
0.9656786271450858
0.9672386895475819
0.968798751950078
0.9703588143525741
0.9354354354354354
0.9355322338830585
0.9356287425149701
0.937125748502994
0.938622754491018
0.9401197604790419
0.9416167664670658
0.9431137724550899
0.9446107784431138
0.9461077844311377
0.9476047904191617
0.9491017964071856
0.9505988023952096
0.9520958083832335
0.9535928143712575
0.9550898203592815
0.9565868263473054
0.9580838323353293
0.9595808383233533
0.9610778443113772
0.9625748502994012
0.9640718562874252
0.9655688622754491
0.9670658682634731
0.968562874251497
0.9700598802395209
0.9715568862275449
0.9715994020926756
0.9716417910447761
0.9716840536512668
0.9717261904761905
0.9717682020802377
0.9718100890207715
0.9718518518518519
0.9718934911242604
0.9719350073855244
0.9550724637681159
0.9565217391304348
0.9579710144927536
0.9594202898550724
0.9608695652173913
0.9623188405797102
0.9637681159420289
0.9652173913043478
0.9666666666666667
0.9681159420289855
0.9695652173913043
0.9710144927536232
0.972463768115942
0.9669064748201439
0.9683453237410072
0.9697841726618706
0.9712230215827338
0.9726618705035971
0.9148648648648648
0.9162162162162162
0.9175675675675675
0.918918918918919
0.9202702702702703
0.9216216216216216
0.922972972972973
0.9243243243243243
0.9256756756756757
0.927027027027027
0.9283783783783783
0.9297297297297298
0.9310810810810811
0.9324324324324325
0.9337837837837838
0.9351351351351351
0.9364864864864865
0.9378378378378378
0.9391891891891891
0.9405405405405406
0.9418918918918919
0.9432432432432433
0.9445945945945946
0.9459459459459459
0.9472972972972973
0.9486486486486486
0.95
0.9513513513513514
0.9527027027027027
0.9540540540540541
0.9554054054054054
0.9567567567567568
0.9581081081081081
0.9594594594594594
0.9608108108108108
0.9621621621621622
0.9635135135135136
0.9648648648648649
0.9662162162162162
0.9675675675675676
0.9689189189189189
0.9702702702702702
0.9716216216216216
0.972972972972973
0.9743243243243244
0.9588313413014609
0.9601593625498008
0.9614873837981408
0.9628154050464808
0.9641434262948207
0.9654714475431607
0.9667994687915007
0.9681274900398407
0.9694555112881806
0.9707835325365206
0.9721115537848606
0.9734395750332006
0.9747675962815405
0.9748010610079576
0.9658792650918635
0.9671916010498688
0.968503937007874
0.9698162729658792
0.9711286089238845
0.9724409448818898
0.973753280839895
0.9750656167979003
0.8581314878892734
0.8592848904267589
0.8604382929642446
0.8615916955017301
0.8627450980392157
0.8638985005767013
0.8650519031141869
0.8662053056516724
0.8673587081891581
0.8685121107266436
0.8696655132641292
0.8708189158016147
0.8719723183391004
0.8731257208765859
0.8742791234140715
0.8744239631336406
0.8745684695051784
0.8747126436781609
0.8748564867967853
0.875
0.8751431844215349
0.8752860411899314
0.8754285714285714
0.8755707762557078
0.8757126567844926
0.8758542141230068
0.875995449374289
0.8761363636363636
0.8762769580022701
0.8764172335600907
0.8765571913929785
0.8766968325791855
0.8768361581920904
0.8769751693002258
0.8771138669673055
0.8772522522522522
0.8773903262092239
0.8775280898876404
0.877665544332211
0.8778026905829597
0.8779395296752519
0.8780760626398211
0.8782122905027933
0.8783482142857143
0.8784838350055741
0.878619153674833
0.8787541713014461
0.8788888888888889
0.8790233074361821
0.8791574279379157
0.8792912513842747
0.879424778761062
0.8795580110497238
0.8796909492273731
0.8798235942668137
0.8799559471365639
0.8800880088008801
0.8802197802197802
0.8803512623490669
0.8804824561403509
0.8806133625410734
0.8807439824945296
0.8808743169398907
0.881004366812227
0.88113413304253
0.8812636165577342
0.8813928182807399
0.8815217391304347
0.8816503800217155
0.8817787418655098
0.8819068255687974
0.8820346320346321
0.8821621621621621
0.8822894168466523
0.8824163969795038
0.8825431034482759
0.8826695371367062
0.8827956989247312
