1.0
1.0
1.0
1.0
1.0
1.0
1.0
1.0
1.0
1.0
1.0
1.0
1.0
1.0
1.0
1.0
1.0
1.0
1.0
1.0
1.0
1.0
1.0
0.1875
0.1953125
0.203125
0.2109375
0.21875
0.2265625
0.234375
0.2421875
0.25
0.2578125
0.265625
0.2734375
0.28125
0.2890625
0.296875
0.3046875
0.3125
0.3203125
0.328125
0.3359375
0.34375
0.3515625
0.359375
0.3671875
0.375
0.3828125
0.390625
0.3984375
0.40625
0.4140625
0.421875
0.4296875
0.4375
0.4453125
0.453125
0.4609375
0.46875
0.4765625
0.484375
0.4921875
0.5
0.5078125
0.515625
0.5234375
0.53125
0.5390625
0.546875
0.5546875
0.5625
0.5703125
0.578125
0.5859375
0.59375
0.6015625
0.609375
0.6171875
0.625
0.6328125
0.640625
0.6484375
0.65625
0.6640625
0.671875
0.6796875
0.6875
0.6953125
0.703125
0.7109375
0.71875
0.7265625
0.734375
0.7421875
0.75
0.7578125
0.765625
0.7734375
0.78125
0.7890625
0.796875
0.8046875
0.8125
0.8203125
0.828125
0.8359375
0.84375
0.8515625
0.859375
0.8671875
0.875
0.8828125
0.890625
0.8984375
0.90625
0.9140625
0.921875
0.9296875
1.0
1.0
1.0
1.0
1.0
1.0
1.0
1.0
1.0
1.0
1.0
1.0
1.0
1.0
1.0
1.0
1.0
1.0
1.0
1.0
1.0
1.0
1.0
0.1875
0.1953125
0.203125
0.2109375
0.21875
0.2265625
0.234375
0.2421875
0.25
0.2578125
0.265625
0.2734375
0.28125
0.2890625
0.296875
0.3046875
0.3125
0.3203125
0.328125
0.3359375
0.34375
0.3515625
0.359375
0.3671875
0.375
0.3828125
0.390625
1.0
1.0
1.0
1.0
1.0
1.0
1.0
1.0
1.0
1.0
1.0
1.0
1.0
1.0
1.0
1.0
1.0
1.0
1.0
1.0
1.0
1.0
1.0
1.0
1.0
1.0
1.0
1.0
1.0
1.0
1.0
1.0
1.0
1.0
1.0
1.0
1.0
1.0
1.0
1.0
1.0
1.0
1.0
1.0
1.0
1.0
0.1875
0.1953125
0.203125
0.2109375
0.21875
0.2265625
0.234375
0.2421875
0.25
0.2578125
0.265625
0.2734375
0.28125
0.2890625
0.296875
0.3046875
0.3125
0.3203125
0.328125
0.3359375
0.34375
0.3515625
0.359375
0.3671875
0.375
0.3828125
0.390625
0.3984375
0.40625
0.4140625
0.421875
0.4296875
0.4375
0.4453125
0.453125
0.4609375
0.46875
0.4765625
0.484375
0.4921875
0.5
0.5078125
0.515625
0.5234375
0.53125
0.5390625
0.546875
0.5546875
0.5625
0.5703125
0.578125
0.5859375
0.59375
0.6015625
0.609375
0.6171875
0.625
0.6328125
0.640625
0.6484375
0.65625
0.6640625
0.671875
0.6796875
0.6875
0.6953125
0.703125
0.7109375
0.71875
0.7265625
0.734375
0.7421875
0.75
0.7578125
0.765625
0.7734375
0.78125
0.7890625
0.796875
0.8046875
0.8125
0.8203125
0.828125
0.8359375
0.84375
0.8515625
0.859375
0.8671875
0.875
0.8828125
0.890625
0.8984375
0.90625
0.9140625
0.921875
0.9296875
1.0
1.0
1.0
1.0
1.0
1.0
1.0
1.0
1.0
1.0
1.0
1.0
1.0
1.0
1.0
1.0
1.0
1.0
1.0
1.0
1.0
1.0
1.0
0.1875
0.1953125
0.203125
0.2109375
0.21875
0.2265625
0.234375
0.2421875
0.25
0.2578125
0.265625
0.2734375
0.28125
0.2890625
0.296875
0.3046875
0.3125
0.3203125
0.328125
0.3359375
0.34375
0.3515625
0.359375
0.3671875
0.375
0.3828125
0.390625
0.3984375
0.40625
0.4140625
0.421875
0.4296875
0.4375
0.4453125
0.453125
0.4609375
0.46875
0.4765625
0.484375
0.4921875
0.5
0.5078125
0.515625
0.5234375
0.53125
0.5390625
0.546875
0.5546875
0.5625
0.5703125
0.578125
0.5859375
0.59375
0.6015625
0.609375
0.6171875
1.0
1.0
1.0
1.0
1.0
1.0
1.0
1.0
1.0
1.0
1.0
1.0
1.0
1.0
1.0
1.0
1.0
1.0
1.0
1.0
1.0
1.0
1.0
0.1875
0.1953125
0.203125
0.2109375
0.21875
0.2265625
0.234375
0.2421875
0.25
0.2578125
0.265625
0.2734375
0.28125
0.2890625
0.296875
0.3046875
0.3125
0.3203125
0.328125
0.3359375
0.34375
0.3515625
0.359375
0.3671875
0.375
0.3828125
0.390625
0.3984375
0.40625
0.4140625
0.421875
0.4296875
0.4375
0.4453125
0.453125
0.4609375
0.46875
0.4765625
0.484375
0.4921875
0.5
0.5078125
0.515625
0.5234375
0.53125
0.5390625
0.546875
0.5546875
0.5625
0.5703125
0.578125
0.5859375
0.59375
0.6015625
0.609375
0.6171875
0.625
0.6328125
0.640625
0.6484375
0.65625
0.6640625
0.671875
0.6796875
0.6875
0.6953125
0.703125
0.7109375
0.71875
0.7265625
0.734375
0.7421875
0.75
0.7578125
0.765625
0.7734375
0.78125
0.7890625
0.796875
0.8046875
0.8125
0.8203125
0.828125
0.8359375
0.84375
0.8515625
0.859375
0.8671875
0.875
0.8828125
0.890625
0.8984375
0.90625
0.9140625
0.921875
0.9296875
1.0
1.0
1.0
1.0
1.0
1.0
1.0
1.0
1.0
1.0
1.0
1.0
1.0
1.0
1.0
1.0
1.0
1.0
1.0
1.0
1.0
1.0
1.0
0.1875
0.1953125
0.203125
0.2109375
0.21875
0.2265625
0.234375
0.2421875
0.25
0.2578125
0.265625
0.2734375
0.28125
0.2890625
0.296875
0.3046875
0.3125
0.3203125
0.328125
0.3359375
0.34375
0.3515625
0.359375
0.3671875
0.375
0.3828125
0.390625
0.3984375
0.40625
0.4140625
0.421875
0.4296875
0.4375
0.4453125
0.453125
0.4609375
0.46875
0.4765625
0.484375
0.4921875
0.5
0.5078125
0.515625
0.5234375
0.53125
0.5390625
0.546875
0.5546875
0.5625
0.5703125
0.578125
0.5859375
0.59375
0.6015625
0.609375
0.6171875
0.625
0.6328125
0.640625
0.6484375
0.65625
0.6640625
0.671875
0.6796875
0.6875
0.6953125
0.703125
0.7109375
0.71875
0.7265625
0.734375
0.7421875
0.75
0.7578125
0.765625
0.7734375
0.78125
0.7890625
0.796875
0.8046875
0.8125
0.8203125
0.828125
0.8359375
0.84375
0.8515625
0.859375
0.8671875
0.875
0.8828125
0.890625
0.8984375
0.90625
0.9140625
0.921875
0.9296875
