1.0
1.0
1.0
1.0
1.0
1.0
1.0
1.0
1.0
1.0
1.0
1.0
1.0
1.0
1.0
1.0
1.0
1.0
1.0
1.0
0.35
0.36065573770491804
0.3709677419354839
0.38095238095238093
0.390625
0.4
0.4090909090909091
0.11764705882352941
0.12133891213389121
0.125
0.12863070539419086
0.1322314049586777
0.13580246913580246
0.13934426229508196
0.14285714285714285
0.14634146341463414
0.14979757085020243
0.1532258064516129
0.1566265060240964
0.16
0.16334661354581673
0.16666666666666666
0.16996047430830039
0.1732283464566929
0.17647058823529413
0.1796875
0.1828793774319066
0.16901408450704225
0.17192982456140352
0.17482517482517482
0.17770034843205576
0.18055555555555555
0.18339100346020762
0.18620689655172415
0.18518518518518517
0.18791946308724833
0.19063545150501673
0.19333333333333333
0.19601328903654486
0.1986754966887417
0.16442048517520216
0.16666666666666666
0.15517241379310345
0.15763546798029557
0.16009852216748768
0.1625615763546798
0.16502463054187191
0.16748768472906403
0.16995073891625614
0.1724137931034483
0.1748768472906404
0.17733990147783252
0.17980295566502463
0.18226600985221675
0.18472906403940886
0.18719211822660098
0.1896551724137931
0.1921182266009852
0.19458128078817735
0.19704433497536947
0.19950738916256158
0.2019704433497537
0.2044334975369458
0.20689655172413793
0.20935960591133004
0.21182266009852216
0.21428571428571427
0.21674876847290642
0.21921182266009853
0.22167487684729065
0.22413793103448276
0.22660098522167488
0.229064039408867
0.2315270935960591
0.23399014778325122
0.23645320197044334
0.23891625615763548
0.2413793103448276
0.2438423645320197
0.24630541871921183
0.24876847290640394
0.2512315270935961
0.2536945812807882
0.2561576354679803
0.25862068965517243
0.26108374384236455
0.26354679802955666
0.2660098522167488
0.2684729064039409
0.270935960591133
0.2733990147783251
0.27586206896551724
0.27832512315270935
0.28078817733990147
0.2832512315270936
0.2857142857142857
0.2881773399014778
0.29064039408866993
0.29310344827586204
0.2955665024630542
0.29802955665024633
0.30049261083743845
0.30295566502463056
0.3054187192118227
0.3078817733990148
0.3103448275862069
0.312807881773399
0.31527093596059114
0.31773399014778325
0.32019704433497537
0.3226600985221675
0.3251231527093596
0.3275862068965517
0.33004926108374383
0.33251231527093594
0.33415233415233414
0.33578431372549017
0.3374083129584352
0.33902439024390246
0.340632603406326
0.3422330097087379
0.34382566585956414
0.34541062801932365
0.3469879518072289
0.3485576923076923
0.3501199040767386
0.35167464114832536
0.3532219570405728
0.3547619047619048
0.35629453681710216
0.3586698337292161
0.36104513064133015
0.36255924170616116
0.3640661938534279
0.36556603773584906
0.36705882352941177
0.3685446009389671
0.3700234192037471
0.37149532710280375
0.372960372960373
0.3744186046511628
0.37587006960556846
0.3773148148148148
0.3787528868360277
0.38018433179723504
0.3816091954022989
0.3830275229357798
0.38443935926773454
0.3858447488584475
0.38724373576309795
0.3886363636363636
0.3900226757369615
0.3914027149321267
0.3927765237020316
0.39503386004514673
0.3972911963882618
0.39954853273137697
0.4018058690744921
0.40315315315315314
0.4044943820224719
0.40582959641255606
0.407158836689038
0.40848214285714285
0.40979955456570155
0.4111111111111111
0.4124168514412417
0.413716814159292
0.41501103752759383
0.41629955947136565
0.4175824175824176
0.41885964912280704
0.42105263157894735
0.4232456140350877
0.424507658643326
0.425764192139738
0.42701525054466233
0.4282608695652174
0.42950108459869846
0.43073593073593075
0.4329004329004329
0.43506493506493504
0.43628509719222464
0.4375
0.43870967741935485
0.43991416309012876
0.4411134903640257
0.4423076923076923
0.44349680170575695
0.44468085106382976
0.445859872611465
0.4470338983050847
0.44820295983086683
0.44936708860759494
0.45052631578947366
0.45168067226890757
0.4528301886792453
0.45397489539748953
0.4551148225469729
0.45625
0.4573804573804574
0.45850622406639
0.45962732919254656
0.4607438016528926
0.4618556701030928
0.46296296296296297
0.46406570841889117
0.4651639344262295
0.4662576687116564
0.4673469387755102
0.4684317718940937
0.4695121951219512
0.47058823529411764
0.4716599190283401
0.4727272727272727
0.47474747474747475
0.4767676767676768
0.4778225806451613
0.4788732394366197
0.4799196787148594
0.48096192384769537
0.482
0.48303393213572854
0.48406374501992033
0.4850894632206759
0.4861111111111111
0.4871287128712871
0.4881422924901186
0.4891518737672584
0.49015748031496065
0.4911591355599214
0.492156862745098
0.4931506849315068
0.494140625
0.4951267056530214
0.4961089494163424
0.4970873786407767
0.49806201550387597
0.4990328820116054
0.5
0.5009633911368016
0.5019230769230769
0.5028790786948176
0.5038314176245211
0.5047801147227533
0.5057251908396947
0.5066666666666667
0.5076045627376425
0.50853889943074
0.509469696969697
0.5103969754253308
0.5113207547169811
0.512241054613936
0.5131578947368421
0.5140712945590994
0.5149812734082397
0.5158878504672897
0.5167910447761194
0.5176908752327747
0.5185873605947955
0.5194805194805194
0.5203703703703704
0.5212569316081331
0.522140221402214
0.5230202578268877
0.5238970588235294
0.5247706422018349
0.5256410256410257
0.526508226691042
0.5273722627737226
0.5282331511839709
0.5290909090909091
0.52994555353902
0.5307971014492754
0.5316455696202531
0.5324909747292419
0.5333333333333333
0.5341726618705036
0.5350089766606823
0.53584229390681
0.5376344086021505
0.5394265232974911
0.5412186379928315
0.543010752688172
0.5448028673835126
0.546594982078853
0.5483870967741935
0.5501792114695341
0.5519713261648745
0.553763440860215
0.5555555555555556
0.557347670250896
0.5591397849462365
0.5609318996415771
0.5627240143369175
0.5645161290322581
0.5663082437275986
0.568100358422939
0.5698924731182796
0.5716845878136201
0.5734767025089605
0.5752688172043011
0.5770609318996416
0.578853046594982
0.5806451612903226
0.5824372759856631
0.5842293906810035
0.5860215053763441
0.5878136200716846
0.589605734767025
0.5913978494623656
0.5931899641577061
0.59391771019678
0.5957066189624329
0.5974955277280859
0.5992844364937389
0.6010733452593918
0.6028622540250447
0.6046511627906976
0.6064400715563506
0.6082289803220036
0.6100178890876565
0.6118067978533095
0.6135957066189625
0.6153846153846154
0.6171735241502684
0.6189624329159212
0.6207513416815742
0.6225402504472272
0.6243291592128801
0.6261180679785331
0.627906976744186
0.629695885509839
0.631484794275492
0.6332737030411449
0.6350626118067979
0.6368515205724508
0.6386404293381037
0.6404293381037567
0.6422182468694096
0.6440071556350626
0.6457960644007156
0.6475849731663685
0.6493738819320215
0.6511627906976745
0.6529516994633273
0.6547406082289803
0.6565295169946332
0.6583184257602862
0.6601073345259392
0.6618962432915921
0.6636851520572451
0.6654740608228981
0.667262969588551
0.669051878354204
0.6708407871198568
0.6726296958855098
0.6744186046511628
0.6762075134168157
0.6779964221824687
0.6797853309481217
0.6815742397137746
0.6833631484794276
0.6851520572450805
0.6869409660107334
0.6887298747763864
0.6905187835420393
0.6923076923076923
0.6940966010733453
0.6958855098389982
0.6976744186046512
0.6994633273703041
0.7012522361359571
0.7030411449016101
0.7048300536672629
0.7066189624329159
0.7084078711985689
0.7101967799642218
0.7119856887298748
0.7137745974955277
0.7155635062611807
0.7173524150268337
0.7191413237924866
0.7209302325581395
0.7227191413237924
0.7245080500894454
0.7262969588550984
1.0
1.0
1.0
1.0
1.0
1.0
1.0
1.0
1.0
1.0
1.0
1.0
1.0
1.0
1.0
1.0
1.0
1.0
1.0
1.0
0.35
0.36065573770491804
0.3709677419354839
0.38095238095238093
0.390625
0.4
0.4090909090909091
0.11764705882352941
0.12133891213389121
0.125
0.12863070539419086
0.1322314049586777
0.13580246913580246
0.13934426229508196
0.14285714285714285
0.14634146341463414
0.14979757085020243
0.1532258064516129
0.1566265060240964
0.16
0.16334661354581673
0.16666666666666666
0.16996047430830039
0.1732283464566929
0.17647058823529413
0.1796875
0.1828793774319066
0.16901408450704225
0.17192982456140352
0.17482517482517482
0.17770034843205576
0.18055555555555555
0.18339100346020762
0.18620689655172415
0.18518518518518517
0.18791946308724833
0.19063545150501673
0.19333333333333333
0.19601328903654486
0.1986754966887417
0.16442048517520216
0.16666666666666666
0.15517241379310345
0.15763546798029557
0.16009852216748768
0.1625615763546798
0.16502463054187191
0.16748768472906403
0.16995073891625614
0.1724137931034483
0.1748768472906404
0.17733990147783252
0.17980295566502463
0.18226600985221675
0.18472906403940886
0.18719211822660098
0.1896551724137931
0.1921182266009852
0.19458128078817735
0.19704433497536947
0.19950738916256158
0.2019704433497537
0.2044334975369458
0.20689655172413793
0.20935960591133004
0.21182266009852216
0.21428571428571427
0.21674876847290642
0.21921182266009853
0.22167487684729065
0.22413793103448276
0.22660098522167488
0.229064039408867
0.2315270935960591
0.23399014778325122
0.23645320197044334
0.23891625615763548
0.2413793103448276
0.2438423645320197
0.24630541871921183
0.24876847290640394
0.2512315270935961
0.2536945812807882
0.2561576354679803
0.25862068965517243
0.26108374384236455
0.26354679802955666
0.2660098522167488
0.2684729064039409
0.270935960591133
0.2733990147783251
0.27586206896551724
0.27832512315270935
0.28078817733990147
0.2832512315270936
0.2857142857142857
0.2881773399014778
0.29064039408866993
0.29310344827586204
0.2955665024630542
0.29802955665024633
0.30049261083743845
0.30295566502463056
0.3054187192118227
0.3078817733990148
0.3103448275862069
0.312807881773399
0.31527093596059114
0.31773399014778325
0.32019704433497537
0.3226600985221675
0.3251231527093596
0.3275862068965517
0.33004926108374383
0.33251231527093594
0.33415233415233414
0.33578431372549017
0.3374083129584352
0.33902439024390246
0.340632603406326
0.3422330097087379
0.34382566585956414
0.34541062801932365
0.3469879518072289
0.3485576923076923
0.3501199040767386
0.35167464114832536
0.3532219570405728
0.3547619047619048
0.35629453681710216
0.3586698337292161
0.36104513064133015
0.36255924170616116
0.3640661938534279
0.36556603773584906
0.36705882352941177
0.3685446009389671
0.3700234192037471
0.37149532710280375
0.372960372960373
0.3744186046511628
0.37587006960556846
0.3773148148148148
0.3787528868360277
0.38018433179723504
0.3816091954022989
0.3830275229357798
0.38443935926773454
0.3858447488584475
0.38724373576309795
0.3886363636363636
0.3900226757369615
0.3914027149321267
0.3927765237020316
0.39503386004514673
0.3972911963882618
0.39954853273137697
0.4018058690744921
0.40315315315315314
0.4044943820224719
0.40582959641255606
0.407158836689038
0.40848214285714285
0.40979955456570155
0.4111111111111111
0.4124168514412417
0.413716814159292
0.41501103752759383
0.41629955947136565
0.4175824175824176
0.41885964912280704
0.42105263157894735
0.4232456140350877
0.424507658643326
0.425764192139738
0.42701525054466233
0.4282608695652174
0.42950108459869846
0.43073593073593075
0.4329004329004329
0.43506493506493504
0.43628509719222464
0.4375
0.43870967741935485
0.43991416309012876
0.4411134903640257
0.4423076923076923
0.44349680170575695
0.44468085106382976
0.445859872611465
0.4470338983050847
0.44820295983086683
0.44936708860759494
0.45052631578947366
0.45168067226890757
0.4528301886792453
0.45397489539748953
0.4551148225469729
0.45625
0.4573804573804574
0.45850622406639
0.45962732919254656
0.4607438016528926
0.4618556701030928
0.46296296296296297
0.46406570841889117
0.4651639344262295
0.4662576687116564
0.4673469387755102
0.4684317718940937
0.4695121951219512
0.47058823529411764
0.4716599190283401
0.4727272727272727
0.47474747474747475
0.4767676767676768
0.4778225806451613
0.4788732394366197
0.4799196787148594
0.48096192384769537
0.482
0.48303393213572854
0.48406374501992033
0.4850894632206759
0.4861111111111111
0.4871287128712871
0.4881422924901186
0.4891518737672584
0.49015748031496065
0.4911591355599214
0.492156862745098
0.4931506849315068
0.494140625
0.4951267056530214
0.4961089494163424
0.4970873786407767
0.49806201550387597
0.4990328820116054
0.5
0.5009633911368016
0.5019230769230769
0.5028790786948176
0.5038314176245211
0.5047801147227533
0.5057251908396947
0.5066666666666667
0.5076045627376425
0.50853889943074
0.509469696969697
0.5103969754253308
0.5113207547169811
0.512241054613936
0.5131578947368421
0.5140712945590994
0.5149812734082397
0.5158878504672897
0.5167910447761194
0.5176908752327747
0.5185873605947955
0.5194805194805194
0.5203703703703704
0.5212569316081331
0.522140221402214
0.5230202578268877
0.5238970588235294
0.5247706422018349
0.5256410256410257
0.526508226691042
0.5273722627737226
0.5282331511839709
0.5290909090909091
0.52994555353902
0.5307971014492754
0.5316455696202531
0.5324909747292419
0.5333333333333333
0.5341726618705036
0.5350089766606823
0.53584229390681
0.5376344086021505
0.5394265232974911
0.5412186379928315
0.543010752688172
0.5448028673835126
0.546594982078853
0.5483870967741935
0.5501792114695341
0.5519713261648745
0.553763440860215
0.5555555555555556
0.557347670250896
0.5591397849462365
0.5609318996415771
0.5627240143369175
0.5645161290322581
0.5663082437275986
0.568100358422939
0.5698924731182796
0.5716845878136201
0.5734767025089605
0.5752688172043011
0.5770609318996416
0.578853046594982
0.5806451612903226
0.5824372759856631
0.5842293906810035
0.5860215053763441
0.5878136200716846
0.589605734767025
0.5913978494623656
0.5931899641577061
0.59391771019678
0.5957066189624329
0.5974955277280859
0.5992844364937389
0.6010733452593918
0.6028622540250447
0.6046511627906976
0.6064400715563506
0.6082289803220036
0.6100178890876565
0.6118067978533095
0.6135957066189625
0.6153846153846154
0.6171735241502684
0.6189624329159212
0.6207513416815742
0.6225402504472272
0.6243291592128801
0.6261180679785331
0.627906976744186
0.629695885509839
0.631484794275492
0.6332737030411449
0.6350626118067979
0.6368515205724508
0.6386404293381037
0.6404293381037567
0.6422182468694096
0.6440071556350626
0.6457960644007156
0.6475849731663685
0.6493738819320215
0.6511627906976745
0.6529516994633273
0.6547406082289803
0.6565295169946332
0.6583184257602862
0.6601073345259392
0.6618962432915921
0.6636851520572451
0.6654740608228981
0.667262969588551
0.669051878354204
0.6708407871198568
0.6726296958855098
0.6744186046511628
0.6762075134168157
0.6779964221824687
0.6797853309481217
0.6815742397137746
0.6833631484794276
0.6851520572450805
0.6869409660107334
0.6887298747763864
0.6905187835420393
0.6923076923076923
0.6940966010733453
0.6958855098389982
0.6976744186046512
0.6994633273703041
0.7012522361359571
0.7030411449016101
0.7048300536672629
0.7066189624329159
0.7084078711985689
0.7101967799642218
0.7119856887298748
0.7137745974955277
0.7155635062611807
0.7173524150268337
0.7191413237924866
0.7209302325581395
0.7227191413237924
0.7245080500894454
0.7262969588550984
0.7280858676207513
0.7298747763864043
0.7316636851520573
0.7334525939177102
0.7352415026833632
0.7370304114490162
0.738819320214669
0.740608228980322
0.7423971377459749
0.7441860465116279
0.7459749552772809
0.7477638640429338
0.7495527728085868
0.7513416815742398
0.7531305903398927
0.7549194991055456
0.7567084078711985
0.7584973166368515
1.0
1.0
1.0
1.0
1.0
1.0
1.0
1.0
1.0
1.0
1.0
1.0
1.0
1.0
1.0
1.0
1.0
1.0
1.0
1.0
0.35
0.36065573770491804
0.3709677419354839
0.38095238095238093
0.390625
0.4
0.4090909090909091
0.11764705882352941
0.12133891213389121
0.125
0.12863070539419086
0.1322314049586777
0.13580246913580246
0.13934426229508196
0.14285714285714285
0.14634146341463414
0.14979757085020243
0.1532258064516129
0.1566265060240964
0.16
0.16334661354581673
0.16666666666666666
0.16996047430830039
0.1732283464566929
0.17647058823529413
0.1796875
0.1828793774319066
0.16901408450704225
0.17192982456140352
0.17482517482517482
0.17770034843205576
0.18055555555555555
0.18339100346020762
0.18620689655172415
0.18518518518518517
0.18791946308724833
0.19063545150501673
0.19333333333333333
0.19601328903654486
0.1986754966887417
0.16442048517520216
0.16666666666666666
0.15517241379310345
0.15763546798029557
0.16009852216748768
0.1625615763546798
0.16502463054187191
0.16748768472906403
0.16995073891625614
0.1724137931034483
0.1748768472906404
0.17733990147783252
0.17980295566502463
0.18226600985221675
0.18472906403940886
0.18719211822660098
0.1896551724137931
0.1921182266009852
0.19458128078817735
0.19704433497536947
0.19950738916256158
0.2019704433497537
0.2044334975369458
0.20689655172413793
0.20935960591133004
0.21182266009852216
0.21428571428571427
0.21674876847290642
0.21921182266009853
0.22167487684729065
0.22413793103448276
0.22660098522167488
0.229064039408867
0.2315270935960591
0.23399014778325122
0.23645320197044334
0.23891625615763548
0.2413793103448276
0.2438423645320197
0.24630541871921183
0.24876847290640394
0.2512315270935961
0.2536945812807882
0.2561576354679803
0.25862068965517243
0.26108374384236455
0.26354679802955666
0.2660098522167488
0.2684729064039409
0.270935960591133
0.2733990147783251
0.27586206896551724
0.27832512315270935
0.28078817733990147
0.2832512315270936
0.2857142857142857
0.2881773399014778
0.29064039408866993
0.29310344827586204
0.2955665024630542
0.29802955665024633
0.30049261083743845
0.30295566502463056
0.3054187192118227
0.3078817733990148
0.3103448275862069
0.312807881773399
0.31527093596059114
0.31773399014778325
0.32019704433497537
0.3226600985221675
0.3251231527093596
0.3275862068965517
0.33004926108374383
0.33251231527093594
0.33497536945812806
0.3374384236453202
0.3399014778325123
0.34236453201970446
0.3448275862068966
0.3472906403940887
0.3497536945812808
0.3522167487684729
0.35467980295566504
0.35714285714285715
0.35960591133004927
0.3620689655172414
0.3645320197044335
0.3669950738916256
0.3694581280788177
0.37192118226600984
0.37438423645320196
0.3768472906403941
0.3793103448275862
0.3817733990147783
0.3842364532019704
0.3866995073891626
0.3891625615763547
0.3916256157635468
0.3931203931203931
0.3955773955773956
0.39803439803439805
0.4004914004914005
0.40294840294840295
0.40540540540540543
0.40786240786240785
0.4103194103194103
0.41277641277641275
0.4152334152334152
0.4176904176904177
0.4201474201474201
0.4226044226044226
0.4250614250614251
0.4275184275184275
0.42997542997543
0.43243243243243246
0.4348894348894349
0.43734643734643736
0.4398034398034398
0.44226044226044225
0.44471744471744473
0.44717444717444715
0.44963144963144963
0.4520884520884521
0.45454545454545453
0.457002457002457
0.4594594594594595
0.4619164619164619
0.4643734643734644
0.4668304668304668
0.4692874692874693
0.47174447174447176
0.4742014742014742
0.47665847665847666
0.47911547911547914
0.48157248157248156
0.48402948402948404
0.4864864864864865
0.48894348894348894
0.4914004914004914
0.49385749385749383
0.4963144963144963
0.4987714987714988
0.5012285012285013
0.5036855036855037
0.5061425061425061
0.5085995085995086
0.5110565110565111
0.5135135135135135
0.515970515970516
0.5184275184275184
0.5208845208845209
0.5233415233415234
0.5257985257985258
0.5282555282555282
0.5307125307125307
0.5331695331695332
0.5356265356265356
0.538083538083538
0.5405405405405406
0.542997542997543
0.5454545454545454
0.547911547911548
0.5503685503685504
0.5528255528255528
0.5552825552825553
0.5577395577395577
0.5601965601965602
0.5626535626535627
0.5651105651105651
0.5675675675675675
0.5700245700245701
0.5724815724815725
0.5749385749385749
1.0
1.0
1.0
1.0
1.0
1.0
1.0
1.0
1.0
1.0
1.0
1.0
1.0
1.0
1.0
1.0
1.0
1.0
1.0
1.0
0.35
0.36065573770491804
0.3709677419354839
0.38095238095238093
0.390625
0.4
0.4090909090909091
0.11764705882352941
0.12133891213389121
0.125
0.12863070539419086
0.1322314049586777
0.13580246913580246
0.13934426229508196
0.14285714285714285
0.14634146341463414
0.14979757085020243
0.1532258064516129
0.1566265060240964
0.16
0.16334661354581673
0.16666666666666666
0.16996047430830039
0.1732283464566929
0.17647058823529413
0.1796875
0.1828793774319066
0.16901408450704225
0.17192982456140352
0.17482517482517482
0.17770034843205576
0.18055555555555555
0.18339100346020762
0.18620689655172415
0.18518518518518517
0.18791946308724833
0.19063545150501673
0.19333333333333333
0.19601328903654486
0.1986754966887417
0.16442048517520216
0.16666666666666666
0.15517241379310345
0.15763546798029557
0.16009852216748768
0.1625615763546798
0.16502463054187191
0.16748768472906403
0.16995073891625614
0.1724137931034483
0.1748768472906404
0.17733990147783252
0.17980295566502463
0.18226600985221675
0.18472906403940886
0.18719211822660098
0.1896551724137931
0.1921182266009852
0.19458128078817735
0.19704433497536947
0.19950738916256158
0.2019704433497537
0.2044334975369458
0.20689655172413793
0.20935960591133004
0.21182266009852216
0.21428571428571427
0.21674876847290642
0.21921182266009853
0.22167487684729065
0.22413793103448276
0.22660098522167488
0.229064039408867
0.2315270935960591
0.23399014778325122
0.23645320197044334
0.23891625615763548
0.2413793103448276
0.2438423645320197
0.24630541871921183
0.24876847290640394
0.2512315270935961
0.2536945812807882
0.2561576354679803
0.25862068965517243
0.26108374384236455
0.26354679802955666
0.2660098522167488
0.2684729064039409
0.270935960591133
0.2733990147783251
0.27586206896551724
0.27832512315270935
0.28078817733990147
0.2832512315270936
0.2857142857142857
0.2881773399014778
0.29064039408866993
0.29310344827586204
0.2955665024630542
0.29802955665024633
0.30049261083743845
0.30295566502463056
0.3054187192118227
0.3078817733990148
0.3103448275862069
0.312807881773399
0.31527093596059114
0.31773399014778325
0.32019704433497537
0.3226600985221675
0.3251231527093596
0.3275862068965517
0.33004926108374383
0.33251231527093594
0.33497536945812806
0.3374384236453202
0.3399014778325123
0.34236453201970446
0.3448275862068966
0.3472906403940887
0.3497536945812808
0.3522167487684729
0.35467980295566504
0.35714285714285715
0.35960591133004927
0.3620689655172414
0.3645320197044335
0.3669950738916256
0.3694581280788177
0.37192118226600984
0.37438423645320196
0.3768472906403941
0.3793103448275862
0.3817733990147783
0.3842364532019704
0.3866995073891626
0.3891625615763547
0.3916256157635468
0.3931203931203931
0.3955773955773956
0.39803439803439805
0.4004914004914005
0.40294840294840295
0.40540540540540543
0.40786240786240785
0.4103194103194103
0.41277641277641275
0.4152334152334152
0.4176904176904177
0.4201474201474201
0.4226044226044226
0.4250614250614251
0.4275184275184275
0.42997542997543
0.43243243243243246
0.4348894348894349
0.43734643734643736
0.4398034398034398
0.44226044226044225
0.44471744471744473
0.44717444717444715
0.44963144963144963
0.4520884520884521
0.45454545454545453
0.457002457002457
0.4594594594594595
0.4619164619164619
0.4643734643734644
0.4668304668304668
0.4692874692874693
0.47174447174447176
0.4742014742014742
0.47665847665847666
0.47911547911547914
0.48157248157248156
0.48402948402948404
0.4864864864864865
0.48894348894348894
0.4914004914004914
0.49385749385749383
0.4963144963144963
0.4987714987714988
0.5012285012285013
0.5036855036855037
0.5061425061425061
0.5085995085995086
0.5110565110565111
0.5135135135135135
0.515970515970516
0.5184275184275184
0.5208845208845209
0.5233415233415234
0.5257985257985258
0.5282555282555282
0.5307125307125307
0.5331695331695332
0.5356265356265356
0.538083538083538
0.5405405405405406
0.542997542997543
0.5454545454545454
0.547911547911548
0.5503685503685504
0.5528255528255528
0.5552825552825553
0.5577395577395577
0.5601965601965602
0.5626535626535627
0.5651105651105651
0.5675675675675675
0.5700245700245701
0.5724815724815725
0.5749385749385749
0.5773955773955773
0.5798525798525799
0.5823095823095823
0.5847665847665847
0.5872235872235873
0.5896805896805897
0.5921375921375921
0.5945945945945946
0.597051597051597
0.5995085995085995
0.601965601965602
0.6044226044226044
0.6068796068796068
0.6093366093366094
0.6117936117936118
0.6142506142506142
0.6167076167076168
0.6191646191646192
1.0
1.0
1.0
1.0
1.0
1.0
1.0
1.0
1.0
1.0
1.0
1.0
1.0
1.0
1.0
1.0
1.0
1.0
1.0
1.0
1.0
1.0
1.0
1.0
1.0
1.0
1.0
1.0
1.0
1.0
1.0
1.0
1.0
1.0
1.0
1.0
1.0
1.0
1.0
1.0
1.0
1.0
1.0
1.0
1.0
1.0
1.0
1.0
1.0
1.0
1.0
1.0
1.0
1.0
1.0
1.0
1.0
1.0
1.0
1.0
1.0
1.0
1.0
1.0
1.0
1.0
1.0
1.0
1.0
1.0
1.0
1.0
1.0
1.0
1.0
1.0
1.0
1.0
1.0
1.0
1.0
1.0
0.35
0.36065573770491804
0.3709677419354839
0.38095238095238093
0.390625
0.4
0.4090909090909091
0.11764705882352941
0.12133891213389121
0.125
0.12863070539419086
0.1322314049586777
0.13580246913580246
0.13934426229508196
0.14285714285714285
0.14634146341463414
0.14979757085020243
0.1532258064516129
0.1566265060240964
0.16
0.16334661354581673
0.16666666666666666
0.16996047430830039
0.1732283464566929
0.17647058823529413
0.1796875
0.1828793774319066
0.16901408450704225
0.17192982456140352
0.17482517482517482
0.17770034843205576
0.18055555555555555
0.18339100346020762
0.18620689655172415
0.18518518518518517
0.18791946308724833
0.19063545150501673
0.19333333333333333
0.19601328903654486
0.1986754966887417
0.16442048517520216
0.16666666666666666
0.15517241379310345
0.15763546798029557
0.16009852216748768
0.1625615763546798
0.16502463054187191
0.16748768472906403
0.16995073891625614
0.1724137931034483
0.1748768472906404
0.17733990147783252
0.17980295566502463
0.18226600985221675
0.18472906403940886
0.18719211822660098
0.1896551724137931
0.1921182266009852
0.19458128078817735
0.19704433497536947
0.19950738916256158
0.2019704433497537
0.2044334975369458
0.20689655172413793
0.20935960591133004
0.21182266009852216
0.21428571428571427
0.21674876847290642
0.21921182266009853
0.22167487684729065
0.22413793103448276
0.22660098522167488
0.229064039408867
0.2315270935960591
0.23399014778325122
0.23645320197044334
0.23891625615763548
0.2413793103448276
0.2438423645320197
0.24630541871921183
0.24876847290640394
0.2512315270935961
0.2536945812807882
0.2561576354679803
0.25862068965517243
0.26108374384236455
0.26354679802955666
0.2660098522167488
0.2684729064039409
0.270935960591133
0.2733990147783251
0.27586206896551724
0.27832512315270935
0.28078817733990147
0.2832512315270936
0.2857142857142857
0.2881773399014778
0.29064039408866993
0.29310344827586204
0.2955665024630542
0.29802955665024633
0.30049261083743845
0.30295566502463056
0.3054187192118227
0.3078817733990148
0.3103448275862069
0.312807881773399
0.31527093596059114
0.31773399014778325
0.32019704433497537
0.3226600985221675
0.3251231527093596
0.3275862068965517
0.33004926108374383
0.33251231527093594
0.33497536945812806
0.3374384236453202
0.3399014778325123
0.34236453201970446
0.3448275862068966
0.3472906403940887
0.3497536945812808
0.3522167487684729
0.3538083538083538
0.35626535626535627
0.35872235872235875
0.36117936117936117
0.36363636363636365
0.36609336609336607
0.36855036855036855
0.371007371007371
0.37346437346437344
0.3759213759213759
0.3783783783783784
0.3808353808353808
0.3832923832923833
0.3857493857493858
0.3882063882063882
0.3906633906633907
0.3931203931203931
0.3955773955773956
0.39803439803439805
0.4004914004914005
0.40294840294840295
0.40540540540540543
0.40786240786240785
0.4103194103194103
0.41277641277641275
0.4152334152334152
0.4176904176904177
0.4201474201474201
0.4226044226044226
0.4250614250614251
0.4275184275184275
0.42997542997543
0.43243243243243246
0.4348894348894349
0.43734643734643736
0.4398034398034398
0.44226044226044225
0.44471744471744473
0.44717444717444715
0.44963144963144963
0.4520884520884521
0.45454545454545453
0.457002457002457
0.4594594594594595
0.4619164619164619
0.4643734643734644
0.4668304668304668
0.4692874692874693
0.47174447174447176
0.4742014742014742
0.47665847665847666
0.47911547911547914
0.48157248157248156
0.48402948402948404
0.4864864864864865
0.48894348894348894
0.4914004914004914
0.49385749385749383
0.4963144963144963
0.4987714987714988
0.5012285012285013
0.5036855036855037
0.5061425061425061
0.5085995085995086
0.5110565110565111
0.5135135135135135
0.515970515970516
0.5184275184275184
0.5208845208845209
0.5233415233415234
0.5257985257985258
0.5282555282555282
0.5307125307125307
0.5331695331695332
0.5356265356265356
1.0
1.0
1.0
1.0
1.0
1.0
1.0
1.0
1.0
1.0
1.0
1.0
1.0
1.0
1.0
1.0
1.0
1.0
1.0
1.0
1.0
1.0
1.0
1.0
1.0
1.0
1.0
1.0
1.0
1.0
1.0
1.0
1.0
1.0
1.0
1.0
1.0
1.0
1.0
1.0
1.0
1.0
1.0
1.0
1.0
1.0
1.0
1.0
1.0
1.0
1.0
1.0
1.0
1.0
1.0
1.0
1.0
1.0
1.0
1.0
1.0
1.0
1.0
1.0
1.0
1.0
1.0
1.0
1.0
1.0
1.0
1.0
1.0
1.0
1.0
1.0
1.0
1.0
1.0
1.0
1.0
1.0
0.35
0.36065573770491804
0.3709677419354839
0.38095238095238093
0.390625
0.4
0.4090909090909091
0.11764705882352941
0.12133891213389121
0.125
0.12863070539419086
0.1322314049586777
0.13580246913580246
0.13934426229508196
0.14285714285714285
0.14634146341463414
0.14979757085020243
0.1532258064516129
0.1566265060240964
0.16
0.16334661354581673
0.16666666666666666
0.16996047430830039
0.1732283464566929
0.17647058823529413
0.1796875
0.1828793774319066
0.16901408450704225
0.17192982456140352
0.17482517482517482
0.17770034843205576
0.18055555555555555
0.18339100346020762
0.18620689655172415
0.18518518518518517
0.18791946308724833
0.19063545150501673
0.19333333333333333
0.19601328903654486
0.1986754966887417
0.16442048517520216
0.16666666666666666
0.15517241379310345
0.15763546798029557
0.16009852216748768
0.1625615763546798
0.16502463054187191
0.16748768472906403
0.16995073891625614
0.1724137931034483
0.1748768472906404
0.17733990147783252
0.17980295566502463
0.18226600985221675
0.18472906403940886
0.18719211822660098
0.1896551724137931
0.1921182266009852
0.19458128078817735
0.19704433497536947
0.19950738916256158
0.2019704433497537
0.2044334975369458
0.20689655172413793
0.20935960591133004
0.21182266009852216
0.21428571428571427
0.21674876847290642
0.21921182266009853
0.22167487684729065
0.22413793103448276
0.22660098522167488
0.229064039408867
0.2315270935960591
0.23399014778325122
0.23645320197044334
0.23891625615763548
0.2413793103448276
0.2438423645320197
0.24630541871921183
0.24876847290640394
0.2512315270935961
0.2536945812807882
0.2561576354679803
0.25862068965517243
0.26108374384236455
0.26354679802955666
0.2660098522167488
0.2684729064039409
0.270935960591133
0.2733990147783251
0.27586206896551724
0.27832512315270935
0.28078817733990147
0.2832512315270936
0.2857142857142857
0.2881773399014778
0.29064039408866993
0.29310344827586204
0.2955665024630542
0.29802955665024633
0.30049261083743845
0.30295566502463056
0.3054187192118227
0.3078817733990148
0.3103448275862069
0.312807881773399
0.31527093596059114
0.31773399014778325
0.32019704433497537
0.3226600985221675
0.3251231527093596
0.3275862068965517
0.33004926108374383
0.33251231527093594
0.33497536945812806
0.3374384236453202
0.3399014778325123
0.34236453201970446
0.3448275862068966
0.3472906403940887
0.3497536945812808
0.3522167487684729
0.3538083538083538
0.35626535626535627
0.35872235872235875
0.36117936117936117
0.36363636363636365
0.36609336609336607
0.36855036855036855
0.371007371007371
0.37346437346437344
0.3759213759213759
0.3783783783783784
0.3808353808353808
0.3832923832923833
0.3857493857493858
0.3882063882063882
0.3906633906633907
0.3931203931203931
0.3955773955773956
0.39803439803439805
0.4004914004914005
0.40294840294840295
0.40540540540540543
0.40786240786240785
0.4103194103194103
0.41277641277641275
0.4152334152334152
0.4176904176904177
0.4201474201474201
0.4226044226044226
0.4250614250614251
0.4275184275184275
0.42997542997543
0.43243243243243246
0.4348894348894349
0.43734643734643736
0.4398034398034398
0.44226044226044225
0.44471744471744473
0.44717444717444715
0.44963144963144963
0.4520884520884521
0.45454545454545453
0.457002457002457
0.4594594594594595
0.4619164619164619
0.4643734643734644
0.4668304668304668
0.4692874692874693
0.47174447174447176
0.4742014742014742
0.47665847665847666
0.47911547911547914
0.48157248157248156
0.48402948402948404
0.4864864864864865
0.48894348894348894
0.4914004914004914
0.49385749385749383
0.4963144963144963
0.4987714987714988
0.5012285012285013
0.5036855036855037
0.5061425061425061
0.5085995085995086
0.5110565110565111
0.5135135135135135
0.515970515970516
0.5184275184275184
0.5208845208845209
0.5233415233415234
0.5257985257985258
0.5282555282555282
0.5307125307125307
0.5331695331695332
0.5356265356265356
0.538083538083538
0.5405405405405406
0.542997542997543
0.5454545454545454
0.547911547911548
0.5503685503685504
0.5528255528255528
0.5552825552825553
0.5577395577395577
0.5601965601965602
0.5626535626535627
0.5651105651105651
0.5675675675675675
0.5700245700245701
0.5724815724815725
0.5749385749385749
0.5773955773955773
0.5798525798525799
1.0
1.0
1.0
1.0
1.0
1.0
1.0
1.0
1.0
1.0
1.0
1.0
1.0
1.0
1.0
1.0
1.0
1.0
1.0
1.0
0.35
0.36065573770491804
0.3709677419354839
0.38095238095238093
0.390625
0.4
0.4090909090909091
0.11764705882352941
0.12133891213389121
0.125
0.12863070539419086
0.1322314049586777
0.13580246913580246
0.13934426229508196
0.14285714285714285
0.14634146341463414
0.14979757085020243
0.1532258064516129
0.1566265060240964
0.16
0.16334661354581673
0.16666666666666666
0.16996047430830039
0.1732283464566929
0.17647058823529413
0.1796875
0.1828793774319066
0.16901408450704225
0.17192982456140352
0.17482517482517482
0.17770034843205576
0.18055555555555555
0.18339100346020762
0.18620689655172415
0.18518518518518517
0.18791946308724833
0.19063545150501673
0.19333333333333333
0.19601328903654486
0.1986754966887417
0.16442048517520216
0.16666666666666666
0.15517241379310345
0.15763546798029557
0.16009852216748768
0.1625615763546798
0.16502463054187191
0.16748768472906403
0.16995073891625614
0.1724137931034483
0.1748768472906404
0.17733990147783252
0.17980295566502463
0.18226600985221675
0.18472906403940886
0.18719211822660098
0.1896551724137931
0.1921182266009852
0.19458128078817735
0.19704433497536947
0.19950738916256158
0.2019704433497537
0.2044334975369458
0.20689655172413793
0.20935960591133004
0.21182266009852216
0.21428571428571427
0.21674876847290642
0.21921182266009853
0.22167487684729065
0.22413793103448276
0.22660098522167488
0.229064039408867
0.2315270935960591
0.23399014778325122
0.23645320197044334
0.23891625615763548
0.2413793103448276
0.2438423645320197
0.24630541871921183
0.24876847290640394
0.2512315270935961
0.2536945812807882
0.2561576354679803
0.25862068965517243
0.26108374384236455
0.26354679802955666
0.2660098522167488
0.2684729064039409
0.270935960591133
0.2733990147783251
0.27586206896551724
0.27832512315270935
0.28078817733990147
0.2832512315270936
0.2857142857142857
0.2881773399014778
0.29064039408866993
0.29310344827586204
0.2955665024630542
0.29802955665024633
0.30049261083743845
0.30295566502463056
0.3054187192118227
0.3078817733990148
0.3103448275862069
0.312807881773399
0.31527093596059114
0.31773399014778325
0.32019704433497537
0.3226600985221675
0.3251231527093596
0.3275862068965517
0.33004926108374383
0.33251231527093594
0.33497536945812806
0.3374384236453202
0.3399014778325123
0.34236453201970446
0.343980343980344
0.3464373464373464
0.3488943488943489
0.35135135135135137
0.3538083538083538
0.35626535626535627
0.35872235872235875
0.36117936117936117
0.36363636363636365
0.36609336609336607
0.36855036855036855
0.371007371007371
0.37346437346437344
0.3759213759213759
0.3783783783783784
0.3808353808353808
0.3832923832923833
0.3857493857493858
0.3882063882063882
0.3906633906633907
0.3931203931203931
0.3955773955773956
0.39803439803439805
0.4004914004914005
0.40294840294840295
0.40540540540540543
0.40786240786240785
0.4103194103194103
0.41277641277641275
0.4152334152334152
0.4176904176904177
0.4201474201474201
0.4226044226044226
0.4250614250614251
0.4275184275184275
0.42997542997543
0.43243243243243246
0.4348894348894349
0.43734643734643736
0.4398034398034398
0.44226044226044225
0.44471744471744473
0.44717444717444715
0.44963144963144963
0.4520884520884521
0.45454545454545453
0.457002457002457
0.4594594594594595
0.4619164619164619
0.4643734643734644
0.4668304668304668
0.4692874692874693
0.47174447174447176
0.4742014742014742
0.47665847665847666
0.47911547911547914
0.48157248157248156
0.48402948402948404
0.4864864864864865
0.48894348894348894
0.4914004914004914
0.49385749385749383
0.4963144963144963
0.4987714987714988
0.5012285012285013
1.0
1.0
1.0
1.0
1.0
1.0
1.0
1.0
1.0
1.0
1.0
1.0
1.0
1.0
1.0
1.0
1.0
1.0
1.0
1.0
0.35
0.36065573770491804
0.3709677419354839
0.38095238095238093
0.390625
0.4
0.4090909090909091
0.11764705882352941
0.12133891213389121
0.125
0.12863070539419086
0.1322314049586777
0.13580246913580246
0.13934426229508196
0.14285714285714285
0.14634146341463414
0.14979757085020243
0.1532258064516129
0.1566265060240964
0.16
0.16334661354581673
0.16666666666666666
0.16996047430830039
0.1732283464566929
0.17647058823529413
0.1796875
0.1828793774319066
0.16901408450704225
0.17192982456140352
0.17482517482517482
0.17770034843205576
0.18055555555555555
0.18339100346020762
0.18620689655172415
0.18518518518518517
0.18791946308724833
0.19063545150501673
0.19333333333333333
0.19601328903654486
0.1986754966887417
0.16442048517520216
0.16666666666666666
0.15517241379310345
0.15763546798029557
0.16009852216748768
0.1625615763546798
0.16502463054187191
0.16748768472906403
0.16995073891625614
0.1724137931034483
0.1748768472906404
0.17733990147783252
0.17980295566502463
0.18226600985221675
0.18472906403940886
0.18719211822660098
0.1896551724137931
0.1921182266009852
0.19458128078817735
0.19704433497536947
0.19950738916256158
0.2019704433497537
0.2044334975369458
0.20689655172413793
0.20935960591133004
0.21182266009852216
0.21428571428571427
0.21674876847290642
0.21921182266009853
0.22167487684729065
0.22413793103448276
0.22660098522167488
0.229064039408867
0.2315270935960591
0.23399014778325122
0.23645320197044334
0.23891625615763548
0.2413793103448276
0.2438423645320197
0.24630541871921183
0.24876847290640394
0.2512315270935961
0.2536945812807882
0.2561576354679803
0.25862068965517243
0.26108374384236455
0.26354679802955666
0.2660098522167488
0.2684729064039409
0.270935960591133
0.2733990147783251
0.27586206896551724
0.27832512315270935
0.28078817733990147
0.2832512315270936
0.2857142857142857
0.2881773399014778
0.29064039408866993
0.29310344827586204
0.2955665024630542
0.29802955665024633
0.30049261083743845
0.30295566502463056
0.3054187192118227
0.3078817733990148
0.3103448275862069
0.312807881773399
0.31527093596059114
0.31773399014778325
0.32019704433497537
0.3226600985221675
0.3251231527093596
0.3275862068965517
0.33004926108374383
0.33251231527093594
0.33497536945812806
0.3374384236453202
0.3399014778325123
0.34236453201970446
0.3448275862068966
0.3472906403940887
0.3497536945812808
0.3522167487684729
0.3538083538083538
0.35626535626535627
0.35872235872235875
0.36117936117936117
0.36363636363636365
0.36609336609336607
0.36855036855036855
0.371007371007371
0.37346437346437344
0.3759213759213759
0.3783783783783784
0.3808353808353808
0.3832923832923833
0.3857493857493858
0.3882063882063882
0.3906633906633907
0.3931203931203931
0.3955773955773956
0.39803439803439805
0.4004914004914005
0.40294840294840295
0.40540540540540543
0.40786240786240785
0.4103194103194103
0.41277641277641275
0.4152334152334152
0.4176904176904177
0.4201474201474201
0.4226044226044226
0.4250614250614251
0.4275184275184275
0.42997542997543
0.43243243243243246
0.4348894348894349
0.43734643734643736
0.4398034398034398
0.44226044226044225
0.44471744471744473
0.44717444717444715
0.44963144963144963
0.4520884520884521
0.45454545454545453
0.457002457002457
0.4594594594594595
0.4619164619164619
0.4643734643734644
0.4668304668304668
0.4692874692874693
0.47174447174447176
0.4742014742014742
0.47665847665847666
0.47911547911547914
0.48157248157248156
0.48402948402948404
0.4864864864864865
0.48894348894348894
0.4914004914004914
0.49385749385749383
0.4963144963144963
0.4987714987714988
0.5012285012285013
0.5036855036855037
0.5061425061425061
0.5085995085995086
0.5110565110565111
0.5135135135135135
0.515970515970516
0.5184275184275184
0.5208845208845209
0.5233415233415234
0.5257985257985258
0.5282555282555282
0.5307125307125307
0.5331695331695332
0.5356265356265356
1.0
1.0
1.0
1.0
1.0
1.0
1.0
1.0
1.0
1.0
1.0
1.0
1.0
1.0
1.0
1.0
1.0
1.0
1.0
1.0
0.35
0.36065573770491804
0.3709677419354839
0.38095238095238093
0.390625
0.4
0.4090909090909091
0.11764705882352941
0.12133891213389121
0.125
0.12863070539419086
0.1322314049586777
0.13580246913580246
0.13934426229508196
0.14285714285714285
0.14634146341463414
0.14979757085020243
0.1532258064516129
0.1566265060240964
0.16
0.16334661354581673
0.16666666666666666
0.16996047430830039
0.1732283464566929
0.17647058823529413
0.1796875
0.1828793774319066
0.16901408450704225
0.17192982456140352
0.17482517482517482
0.17770034843205576
0.18055555555555555
0.18339100346020762
0.18620689655172415
0.18518518518518517
0.18791946308724833
0.19063545150501673
0.19333333333333333
0.19601328903654486
0.1986754966887417
0.16442048517520216
0.16666666666666666
0.15517241379310345
0.15763546798029557
0.16009852216748768
0.1625615763546798
0.16502463054187191
0.16748768472906403
0.16995073891625614
0.1724137931034483
0.1748768472906404
0.17733990147783252
0.17980295566502463
0.18226600985221675
0.18472906403940886
0.18719211822660098
0.1896551724137931
0.1921182266009852
0.19458128078817735
0.19704433497536947
0.19950738916256158
0.2019704433497537
0.2044334975369458
0.20689655172413793
0.20935960591133004
0.21182266009852216
0.21428571428571427
0.21674876847290642
0.21921182266009853
0.22167487684729065
0.22413793103448276
0.22660098522167488
0.229064039408867
0.2315270935960591
0.23399014778325122
0.23645320197044334
0.23891625615763548
0.2413793103448276
0.2438423645320197
0.24630541871921183
0.24876847290640394
0.2512315270935961
0.2536945812807882
0.2561576354679803
0.25862068965517243
0.26108374384236455
0.26354679802955666
0.2660098522167488
0.2684729064039409
0.270935960591133
0.2733990147783251
0.27586206896551724
0.27832512315270935
0.28078817733990147
0.2832512315270936
0.2857142857142857
0.2881773399014778
0.29064039408866993
0.29310344827586204
0.2955665024630542
0.29802955665024633
0.30049261083743845
0.30295566502463056
0.3054187192118227
0.3078817733990148
0.3103448275862069
0.312807881773399
0.31527093596059114
0.31773399014778325
0.32019704433497537
0.3226600985221675
0.3251231527093596
0.3275862068965517
0.33004926108374383
0.33251231527093594
0.33497536945812806
0.3374384236453202
0.3399014778325123
0.34236453201970446
0.3448275862068966
0.3472906403940887
0.3497536945812808
0.3522167487684729
0.3538083538083538
0.35626535626535627
0.35872235872235875
0.36117936117936117
0.36363636363636365
0.36609336609336607
0.36855036855036855
0.371007371007371
0.37346437346437344
0.3759213759213759
0.3783783783783784
0.3808353808353808
0.3832923832923833
0.3857493857493858
0.3882063882063882
0.3906633906633907
0.3931203931203931
0.3955773955773956
0.39803439803439805
0.4004914004914005
0.40294840294840295
0.40540540540540543
0.40786240786240785
0.4103194103194103
0.41277641277641275
0.4152334152334152
0.4176904176904177
0.4201474201474201
0.4226044226044226
0.4250614250614251
0.4275184275184275
0.42997542997543
0.43243243243243246
0.4348894348894349
0.43734643734643736
0.4398034398034398
0.44226044226044225
0.44471744471744473
0.44717444717444715
0.44963144963144963
0.4520884520884521
0.45454545454545453
0.457002457002457
0.4594594594594595
0.4619164619164619
0.4643734643734644
0.4668304668304668
0.4692874692874693
0.47174447174447176
0.4742014742014742
0.47665847665847666
0.47911547911547914
0.48157248157248156
0.48402948402948404
0.4864864864864865
0.48894348894348894
0.4914004914004914
0.49385749385749383
0.4963144963144963
0.4987714987714988
0.5012285012285013
0.5036855036855037
0.5061425061425061
0.5085995085995086
0.5110565110565111
0.5135135135135135
0.515970515970516
0.5184275184275184
0.5208845208845209
0.5233415233415234
0.5257985257985258
0.5282555282555282
0.5307125307125307
0.5331695331695332
0.5356265356265356
0.538083538083538
0.5405405405405406
0.542997542997543
0.5454545454545454
0.547911547911548
0.5503685503685504
0.5528255528255528
0.5552825552825553
0.5577395577395577
0.5601965601965602
0.5626535626535627
0.5651105651105651
0.5675675675675675
0.5700245700245701
0.5724815724815725
0.5749385749385749
0.5773955773955773
0.5798525798525799
1.0
1.0
1.0
1.0
1.0
1.0
1.0
1.0
1.0
1.0
1.0
1.0
1.0
1.0
1.0
1.0
1.0
1.0
1.0
1.0
0.35
0.36065573770491804
0.3709677419354839
0.38095238095238093
0.390625
0.4
0.4090909090909091
0.11764705882352941
0.12133891213389121
0.125
0.12863070539419086
0.1322314049586777
0.13580246913580246
0.13934426229508196
0.14285714285714285
0.14634146341463414
0.14979757085020243
0.1532258064516129
0.1566265060240964
0.16
0.16334661354581673
0.16666666666666666
0.16996047430830039
0.1732283464566929
0.17647058823529413
0.1796875
0.1828793774319066
0.16901408450704225
0.17192982456140352
0.17482517482517482
0.17770034843205576
0.18055555555555555
0.18339100346020762
0.18620689655172415
0.18518518518518517
0.18791946308724833
0.19063545150501673
0.19333333333333333
0.19601328903654486
0.1986754966887417
0.16442048517520216
0.16666666666666666
0.15517241379310345
0.15763546798029557
0.16009852216748768
0.1625615763546798
0.16502463054187191
0.16748768472906403
0.16995073891625614
0.1724137931034483
0.1748768472906404
0.17733990147783252
0.17980295566502463
0.18226600985221675
0.18472906403940886
0.18719211822660098
0.1896551724137931
0.1921182266009852
0.19458128078817735
0.19704433497536947
0.19950738916256158
0.2019704433497537
0.2044334975369458
0.20689655172413793
0.20935960591133004
0.21182266009852216
0.21428571428571427
0.21674876847290642
0.21921182266009853
0.22167487684729065
0.22413793103448276
0.22660098522167488
0.229064039408867
0.2315270935960591
0.23399014778325122
0.23645320197044334
0.23891625615763548
0.2413793103448276
0.2438423645320197
0.24630541871921183
0.24876847290640394
0.2512315270935961
0.2536945812807882
0.2561576354679803
0.25862068965517243
0.26108374384236455
0.26354679802955666
0.2660098522167488
0.2684729064039409
0.270935960591133
0.2733990147783251
0.27586206896551724
0.27832512315270935
0.28078817733990147
0.2832512315270936
0.2857142857142857
0.2881773399014778
0.29064039408866993
0.29310344827586204
0.29484029484029484
0.2965686274509804
0.2982885085574572
0.3
0.30170316301703165
0.30339805825242716
0.3050847457627119
0.30676328502415456
0.30843373493975906
0.31009615384615385
0.3117505995203837
0.3133971291866029
0.315035799522673
0.31666666666666665
0.3182897862232779
0.32066508313539194
0.32304038004750596
0.3246445497630332
0.3262411347517731
0.3278301886792453
0.32941176470588235
0.33098591549295775
0.3325526932084309
0.3341121495327103
0.3356643356643357
0.3372093023255814
0.33874709976798145
0.3402777777777778
0.3418013856812933
0.3433179723502304
0.3448275862068966
0.3463302752293578
0.34782608695652173
0.3493150684931507
0.35079726651480636
0.3522727272727273
0.35374149659863946
0.3552036199095023
0.35665914221218964
0.35891647855530473
0.3611738148984199
0.36343115124153497
0.3656884875846501
0.36711711711711714
0.3685393258426966
0.36995515695067266
0.3713646532438479
0.37276785714285715
0.3741648106904232
0.37555555555555553
0.376940133037694
0.37831858407079644
0.37969094922737306
0.381057268722467
0.3824175824175824
0.38377192982456143
0.38596491228070173
0.3881578947368421
0.38949671772428884
0.39082969432314413
0.39215686274509803
0.3934782608695652
0.3947939262472885
0.3961038961038961
0.39826839826839827
0.4004329004329004
0.4017278617710583
0.40301724137931033
0.4043010752688172
0.4055793991416309
0.4068522483940043
0.4081196581196581
0.4093816631130064
0.4106382978723404
0.4118895966029724
0.413135593220339
0.4143763213530655
0.41561181434599154
0.4168421052631579
0.4180672268907563
0.4192872117400419
0.4205020920502092
0.42171189979123175
0.42291666666666666
0.42411642411642414
0.42531120331950206
0.42650103519668736
0.42768595041322316
0.4288659793814433
0.43004115226337447
0.43121149897330596
0.4323770491803279
0.4335378323108384
0.4346938775510204
0.43584521384928715
0.4369918699186992
0.4381338742393509
0.4392712550607287
0.4404040404040404
0.44242424242424244
0.4444444444444444
0.44556451612903225
0.44668008048289737
0.44779116465863456
0.44889779559118237
0.45
0.45109780439121755
0.45219123505976094
0.4532803180914513
0.45436507936507936
0.45544554455445546
0.45652173913043476
0.45759368836291914
0.45866141732283466
0.45972495088408644
0.46078431372549017
0.461839530332681
0.462890625
0.46393762183235865
0.4649805447470817
0.46601941747572817
0.46705426356589147
0.46808510638297873
0.4691119691119691
0.4701348747591522
0.47115384615384615
0.472168905950096
0.4731800766283525
0.47418738049713194
0.4751908396946565
0.47619047619047616
0.47718631178707227
0.4781783681214421
0.4791666666666667
0.48015122873345933
0.4811320754716981
0.4821092278719397
0.4830827067669173
0.48405253283302063
0.4850187265917603
0.48598130841121495
0.4869402985074627
0.48789571694599626
0.4888475836431227
0.4897959183673469
0.49074074074074076
0.49168207024029575
0.492619926199262
0.49355432780847147
0.4944852941176471
0.4954128440366973
0.49633699633699635
0.49725776965265084
0.4981751824817518
0.4990892531876138
0.5
0.5009074410163339
0.5018115942028986
0.5027124773960217
0.5036101083032491
0.5045045045045045
0.5053956834532374
0.5062836624775583
0.507168458781362
0.5089605734767025
0.510752688172043
0.5125448028673835
0.514336917562724
0.5161290322580645
0.517921146953405
0.5197132616487455
0.521505376344086
0.5232974910394266
0.525089605734767
0.5268817204301075
0.5286738351254481
0.5304659498207885
0.532258064516129
0.5340501792114696
0.53584229390681
0.5376344086021505
0.5394265232974911
0.5412186379928315
0.543010752688172
0.5448028673835126
0.546594982078853
0.5483870967741935
0.5501792114695341
0.5519713261648745
0.553763440860215
0.5555555555555556
0.557347670250896
0.5591397849462365
0.5609318996415771
0.5627240143369175
0.5645161290322581
0.5663082437275986
0.568100358422939
0.5698924731182796
0.5716845878136201
0.5734767025089605
0.5752688172043011
0.5770609318996416
0.578853046594982
0.5796064400715564
0.5813953488372093
0.5831842576028623
0.5849731663685152
0.5867620751341681
0.5885509838998211
0.590339892665474
0.592128801431127
0.59391771019678
0.5957066189624329
0.5974955277280859
0.5992844364937389
0.6010733452593918
0.6028622540250447
0.6046511627906976
0.6064400715563506
0.6082289803220036
0.6100178890876565
0.6118067978533095
0.6135957066189625
0.6153846153846154
0.6171735241502684
0.6189624329159212
0.6207513416815742
0.6225402504472272
0.6243291592128801
0.6261180679785331
0.627906976744186
0.629695885509839
0.631484794275492
0.6332737030411449
0.6350626118067979
0.6368515205724508
0.6386404293381037
0.6404293381037567
0.6422182468694096
0.6440071556350626
0.6457960644007156
0.6475849731663685
0.6493738819320215
0.6511627906976745
0.6529516994633273
0.6547406082289803
0.6565295169946332
0.6583184257602862
0.6601073345259392
0.6618962432915921
0.6636851520572451
0.6654740608228981
0.667262969588551
0.669051878354204
0.6708407871198568
0.6726296958855098
0.6744186046511628
0.6762075134168157
0.6779964221824687
0.6797853309481217
0.6815742397137746
0.6833631484794276
0.6851520572450805
0.6869409660107334
0.6887298747763864
0.6905187835420393
0.6923076923076923
0.6940966010733453
0.6958855098389982
0.6976744186046512
0.6994633273703041
0.7012522361359571
0.7030411449016101
0.7048300536672629
0.7066189624329159
0.7084078711985689
0.7101967799642218
0.7119856887298748
1.0
1.0
1.0
1.0
1.0
1.0
1.0
1.0
1.0
1.0
1.0
1.0
1.0
1.0
1.0
1.0
1.0
1.0
1.0
1.0
0.35
0.36065573770491804
0.3709677419354839
0.38095238095238093
0.390625
0.4
0.4090909090909091
0.11764705882352941
0.12133891213389121
0.125
0.12863070539419086
0.1322314049586777
0.13580246913580246
0.13934426229508196
0.14285714285714285
0.14634146341463414
0.14979757085020243
0.1532258064516129
0.1566265060240964
0.16
0.16334661354581673
0.16666666666666666
0.16996047430830039
0.1732283464566929
0.17647058823529413
0.1796875
0.1828793774319066
0.16901408450704225
0.17192982456140352
0.17482517482517482
0.17770034843205576
0.18055555555555555
0.18339100346020762
0.18620689655172415
0.18518518518518517
0.18791946308724833
0.19063545150501673
0.19333333333333333
0.19601328903654486
0.1986754966887417
0.16442048517520216
0.16666666666666666
0.15517241379310345
0.15763546798029557
0.16009852216748768
0.1625615763546798
0.16502463054187191
0.16748768472906403
0.16995073891625614
0.1724137931034483
0.1748768472906404
0.17733990147783252
0.17980295566502463
0.18226600985221675
0.18472906403940886
0.18719211822660098
0.1896551724137931
0.1921182266009852
0.19458128078817735
0.19704433497536947
0.19950738916256158
0.2019704433497537
0.2044334975369458
0.20689655172413793
0.20935960591133004
0.21182266009852216
0.21428571428571427
0.21674876847290642
0.21921182266009853
0.22167487684729065
0.22413793103448276
0.22660098522167488
0.229064039408867
0.2315270935960591
0.23399014778325122
0.23645320197044334
0.23891625615763548
0.2413793103448276
0.2438423645320197
0.24630541871921183
0.24876847290640394
0.2512315270935961
0.2536945812807882
0.2561576354679803
0.25862068965517243
0.26108374384236455
0.26354679802955666
0.2660098522167488
0.2684729064039409
0.270935960591133
0.2733990147783251
0.27586206896551724
0.27832512315270935
0.28078817733990147
0.2832512315270936
0.2857142857142857
0.2881773399014778
0.29064039408866993
0.29310344827586204
0.29484029484029484
0.2965686274509804
0.2982885085574572
0.3
0.30170316301703165
0.30339805825242716
0.3050847457627119
0.30676328502415456
0.30843373493975906
0.31009615384615385
0.3117505995203837
0.3133971291866029
0.315035799522673
0.31666666666666665
0.3182897862232779
0.32066508313539194
0.32304038004750596
0.3246445497630332
0.3262411347517731
0.3278301886792453
0.32941176470588235
0.33098591549295775
0.3325526932084309
0.3341121495327103
0.3356643356643357
0.3372093023255814
0.33874709976798145
0.3402777777777778
0.3418013856812933
0.3433179723502304
0.3448275862068966
0.3463302752293578
0.34782608695652173
0.3493150684931507
0.35079726651480636
0.3522727272727273
0.35374149659863946
0.3552036199095023
0.35665914221218964
0.35891647855530473
0.3611738148984199
0.36343115124153497
0.3656884875846501
0.36711711711711714
0.3685393258426966
0.36995515695067266
0.3713646532438479
0.37276785714285715
0.3741648106904232
0.37555555555555553
0.376940133037694
0.37831858407079644
0.37969094922737306
0.381057268722467
0.3824175824175824
0.38377192982456143
0.38596491228070173
0.3881578947368421
0.38949671772428884
0.39082969432314413
0.39215686274509803
0.3934782608695652
0.3947939262472885
0.3961038961038961
0.39826839826839827
0.4004329004329004
0.4017278617710583
0.40301724137931033
0.4043010752688172
0.4055793991416309
0.4068522483940043
0.4081196581196581
0.4093816631130064
0.4106382978723404
0.4118895966029724
0.413135593220339
0.4143763213530655
0.41561181434599154
0.4168421052631579
0.4180672268907563
0.4192872117400419
0.4205020920502092
0.42171189979123175
0.42291666666666666
0.42411642411642414
0.42531120331950206
0.42650103519668736
0.42768595041322316
0.4288659793814433
0.43004115226337447
0.43121149897330596
0.4323770491803279
0.4335378323108384
0.4346938775510204
0.43584521384928715
0.4369918699186992
0.4381338742393509
0.4392712550607287
0.4404040404040404
0.44242424242424244
0.4444444444444444
0.44556451612903225
0.44668008048289737
0.44779116465863456
0.44889779559118237
0.45
0.45109780439121755
0.45219123505976094
0.4532803180914513
0.45436507936507936
0.45544554455445546
0.45652173913043476
0.45759368836291914
0.45866141732283466
0.45972495088408644
0.46078431372549017
0.461839530332681
0.462890625
0.46393762183235865
0.4649805447470817
0.46601941747572817
0.46705426356589147
0.46808510638297873
0.4691119691119691
0.4701348747591522
0.47115384615384615
0.472168905950096
0.4731800766283525
0.47418738049713194
0.4751908396946565
0.47619047619047616
0.47718631178707227
0.4781783681214421
0.4791666666666667
0.48015122873345933
0.4811320754716981
0.4821092278719397
0.4830827067669173
0.48405253283302063
0.4850187265917603
0.48598130841121495
0.4869402985074627
0.48789571694599626
0.4888475836431227
0.4897959183673469
0.49074074074074076
0.49168207024029575
0.492619926199262
0.49355432780847147
0.4944852941176471
0.4954128440366973
0.49633699633699635
0.49725776965265084
0.4981751824817518
0.4990892531876138
0.5
0.5009074410163339
0.5018115942028986
0.5027124773960217
0.5036101083032491
0.5045045045045045
0.5053956834532374
0.5062836624775583
0.507168458781362
0.5089605734767025
0.510752688172043
0.5125448028673835
0.514336917562724
0.5161290322580645
0.517921146953405
0.5197132616487455
0.521505376344086
0.5232974910394266
0.525089605734767
0.5268817204301075
0.5286738351254481
0.5304659498207885
0.532258064516129
0.5340501792114696
0.53584229390681
0.5376344086021505
0.5394265232974911
0.5412186379928315
0.543010752688172
0.5448028673835126
0.546594982078853
0.5483870967741935
0.5501792114695341
0.5519713261648745
0.553763440860215
0.5555555555555556
0.557347670250896
0.5591397849462365
0.5609318996415771
0.5627240143369175
0.5645161290322581
0.5663082437275986
0.568100358422939
0.5698924731182796
0.5716845878136201
0.5734767025089605
0.5752688172043011
0.5770609318996416
0.578853046594982
0.5796064400715564
0.5813953488372093
0.5831842576028623
0.5849731663685152
0.5867620751341681
0.5885509838998211
0.590339892665474
0.592128801431127
0.59391771019678
0.5957066189624329
0.5974955277280859
0.5992844364937389
0.6010733452593918
0.6028622540250447
0.6046511627906976
0.6064400715563506
0.6082289803220036
0.6100178890876565
0.6118067978533095
0.6135957066189625
0.6153846153846154
0.6171735241502684
0.6189624329159212
0.6207513416815742
0.6225402504472272
0.6243291592128801
0.6261180679785331
0.627906976744186
0.629695885509839
0.631484794275492
0.6332737030411449
0.6350626118067979
0.6368515205724508
0.6386404293381037
0.6404293381037567
0.6422182468694096
0.6440071556350626
0.6457960644007156
0.6475849731663685
0.6493738819320215
0.6511627906976745
0.6529516994633273
0.6547406082289803
0.6565295169946332
0.6583184257602862
0.6601073345259392
0.6618962432915921
0.6636851520572451
0.6654740608228981
0.667262969588551
0.669051878354204
0.6708407871198568
0.6726296958855098
0.6744186046511628
0.6762075134168157
0.6779964221824687
0.6797853309481217
0.6815742397137746
0.6833631484794276
0.6851520572450805
0.6869409660107334
0.6887298747763864
0.6905187835420393
0.6923076923076923
0.6940966010733453
0.6958855098389982
0.6976744186046512
0.6994633273703041
0.7012522361359571
0.7030411449016101
0.7048300536672629
0.7066189624329159
0.7084078711985689
0.7101967799642218
0.7119856887298748
0.7137745974955277
0.7155635062611807
0.7173524150268337
0.7191413237924866
0.7209302325581395
0.7227191413237924
0.7245080500894454
0.7262969588550984
0.7280858676207513
0.7298747763864043
0.7316636851520573
0.7334525939177102
0.7352415026833632
0.7370304114490162
0.738819320214669
0.740608228980322
0.7423971377459749
0.7441860465116279
