1.0
1.0
1.0
1.0
1.0
1.0
1.0
1.0
1.0
1.0
1.0
1.0
1.0
1.0
1.0
1.0
1.0
1.0
1.0
1.0
1.0
1.0
1.0
1.0
1.0
1.0
1.0
1.0
1.0
1.0
1.0
1.0
1.0
1.0
1.0
1.0
1.0
1.0
1.0
1.0
1.0
1.0
1.0
1.0
1.0
1.0
1.0
1.0
1.0
1.0
1.0
1.0
1.0
1.0
1.0
1.0
1.0
1.0
1.0
1.0
1.0
1.0
1.0
1.0
1.0
1.0
1.0
1.0
1.0
1.0
1.0
1.0
1.0
1.0
1.0
1.0
1.0
1.0
1.0
1.0
1.0
1.0
0.9764705882352941
0.9882352941176471
1.0
0.9247311827956989
0.9354838709677419
0.946236559139785
0.956989247311828
0.967741935483871
0.978494623655914
0.9108910891089109
0.9207920792079208
0.9306930693069307
0.9405940594059405
0.9504950495049505
0.9603960396039604
0.9702970297029703
0.9801980198019802
0.9523809523809523
0.9619047619047619
0.9714285714285714
0.9809523809523809
0.9811320754716981
0.9905660377358491
1.0
1.0
0.9908256880733946
1.0
1.0
1.0
0.9655172413793104
0.9741379310344828
0.9827586206896551
0.9913793103448276
0.928
0.936
0.944
0.952
0.96
0.968
0.976
0.984
0.992
0.9398496240601504
0.9473684210526315
0.9548872180451128
0.9624060150375939
0.9699248120300752
0.9774436090225563
0.9849624060150376
0.9924812030075187
0.9708029197080292
0.9781021897810219
0.9782608695652174
0.9784172661870504
0.9785714285714285
0.9787234042553191
0.9788732394366197
0.9790209790209791
0.986013986013986
0.993006993006993
0.9662162162162162
0.972972972972973
0.9797297297297297
0.9864864864864865
0.9932432432432432
0.9932885906040269
0.9933333333333333
0.9259259259259259
0.9320987654320988
0.9382716049382716
0.9444444444444444
0.9506172839506173
0.9567901234567902
0.9629629629629629
0.9691358024691358
0.9753086419753086
0.9814814814814815
0.9876543209876543
0.9938271604938271
0.9310344827586207
0.9367816091954023
0.9425287356321839
0.9482758620689655
0.9540229885057471
0.9597701149425287
0.9655172413793104
0.9712643678160919
0.9770114942528736
0.9827586206896551
0.9885057471264368
0.9885714285714285
0.9886363636363636
0.9887005649717514
0.9887640449438202
0.9888268156424581
0.994413407821229
0.9944444444444445
0.994475138121547
0.9731182795698925
0.978494623655914
0.9838709677419355
0.989247311827957
0.9946236559139785
0.9893617021276596
0.9946808510638298
0.9740932642487047
0.9792746113989638
0.9844559585492227
0.9896373056994818
0.9948186528497409
0.9747474747474747
0.9797979797979798
0.9848484848484849
0.98989898989899
0.9949494949494949
0.9949748743718593
0.9802955665024631
0.9852216748768473
0.9901477832512315
0.9950738916256158
0.9806763285024155
0.9855072463768116
0.9903381642512077
0.9951690821256038
0.9904306220095693
0.9952153110047847
0.9766355140186916
0.9813084112149533
0.985981308411215
0.9906542056074766
0.9953271028037384
0.9953488372093023
0.9953703703703703
0.9818181818181818
0.9819004524886877
0.9819819819819819
0.9820627802690582
0.9821428571428571
0.9822222222222222
0.9866666666666667
0.9911111111111112
0.9955555555555555
0.995575221238938
0.9868995633187773
0.9912663755458515
0.9956331877729258
0.7762711864406779
0.7796610169491526
0.7830508474576271
0.7864406779661017
0.7898305084745763
0.7932203389830509
0.7966101694915254
0.8
0.8033898305084746
0.8067796610169492
0.8101694915254237
0.8135593220338984
0.8169491525423729
0.8203389830508474
0.823728813559322
0.8271186440677966
0.8305084745762712
0.8338983050847457
0.8372881355932204
0.8406779661016949
0.8440677966101695
0.847457627118644
0.8508474576271187
0.8542372881355932
0.8576271186440678
0.8610169491525423
0.864406779661017
0.8677966101694915
0.8711864406779661
0.8745762711864407
0.8779661016949153
0.8813559322033898
0.8847457627118644
0.888135593220339
0.8915254237288136
0.8949152542372881
0.8983050847457628
0.9016949152542373
0.9050847457627119
0.9084745762711864
0.911864406779661
0.9152542372881356
0.9186440677966101
0.9220338983050848
0.9254237288135593
0.9288135593220339
0.9322033898305084
0.9355932203389831
0.9389830508474576
0.9423728813559322
0.9457627118644067
0.9491525423728814
0.9525423728813559
0.9559322033898305
0.9593220338983051
0.9627118644067797
0.9661016949152542
0.9694915254237289
0.9728813559322034
0.976271186440678
0.9796610169491525
0.9830508474576272
0.9864406779661017
0.9898305084745763
0.9932203389830508
0.9832775919732442
0.9866220735785953
0.9899665551839465
0.9933110367892977
0.9802631578947368
0.9835526315789473
0.9868421052631579
0.9901315789473685
0.993421052631579
0.9837662337662337
0.987012987012987
0.9902597402597403
0.9935064935064936
0.9808306709265175
0.9840255591054313
0.987220447284345
0.9904153354632588
0.9936102236421726
0.8715083798882681
0.8743016759776536
0.8770949720670391
0.8798882681564246
0.88268156424581
0.8854748603351955
0.888268156424581
0.8910614525139665
0.8938547486033519
0.8966480446927374
0.8994413407821229
0.9022346368715084
0.9050279329608939
0.9078212290502793
0.9106145251396648
0.9134078212290503
0.9162011173184358
0.9189944134078212
0.9217877094972067
0.9245810055865922
0.9273743016759777
0.9301675977653632
0.9329608938547486
0.9357541899441341
0.9385474860335196
0.9413407821229051
0.9441340782122905
0.946927374301676
0.9497206703910615
0.952513966480447
0.9553072625698324
0.9581005586592178
0.9608938547486033
0.9636871508379888
0.9664804469273743
0.9692737430167597
0.9720670391061452
0.9748603351955307
0.9776536312849162
0.9804469273743017
0.9832402234636871
0.9860335195530726
0.9860724233983287
0.9861111111111112
0.9861495844875346
0.9571045576407506
0.9597855227882037
0.9624664879356568
0.9651474530831099
0.967828418230563
0.9705093833780161
0.9731903485254692
0.9758713136729222
0.9785522788203753
0.9812332439678284
0.9734748010610079
0.9761273209549072
0.9787798408488063
0.9814323607427056
0.9814814814814815
0.9815303430079155
0.9815789473684211
0.9816272965879265
0.97911227154047
0.9817232375979112
0.9817708333333334
0.9818181818181818
0.9818652849740933
0.9693877551020408
0.9719387755102041
0.9744897959183674
0.9770408163265306
0.9795918367346939
0.9821428571428571
0.965
0.9675
0.97
0.970074812967581
0.972568578553616
0.9750623441396509
0.9775561097256857
0.9776119402985075
0.9776674937965261
0.9777227722772277
0.9777777777777777
0.9778325123152709
0.9778869778869779
0.9779411764705882
0.9779951100244498
0.9780487804878049
0.9781021897810219
0.9781553398058253
0.9782082324455206
0.9782608695652174
0.9806763285024155
0.9830917874396136
0.9737470167064439
0.9761336515513126
0.9785202863961814
0.9785714285714285
0.9786223277909739
0.9786729857819905
0.9787234042553191
0.9787735849056604
0.9788235294117648
0.9811764705882353
0.9812206572769953
0.9835680751173709
0.958904109589041
0.9611872146118722
0.9634703196347032
0.9657534246575342
0.9680365296803652
0.9703196347031964
0.9726027397260274
0.9748858447488584
0.9771689497716894
0.9794520547945206
0.9817351598173516
0.9840182648401826
0.968609865470852
0.9708520179372198
0.9730941704035875
0.9753363228699552
0.9775784753363229
0.9798206278026906
0.9798657718120806
0.9799107142857143
0.9821428571428571
0.984375
0.9692982456140351
0.9714912280701754
0.9736842105263158
0.9758771929824561
0.9780701754385965
0.9802631578947368
0.9824561403508771
0.9846491228070176
0.9846827133479212
0.9847161572052402
0.9847494553376906
0.9847826086956522
0.9848156182212582
0.959915611814346
0.9620253164556962
0.9641350210970464
0.9662447257383966
0.9683544303797469
0.9704641350210971
0.9725738396624473
0.9746835443037974
0.9767932489451476
0.9789029535864979
0.9810126582278481
0.9810526315789474
0.9790356394129979
0.9811320754716981
1.0
1.0
1.0
1.0
1.0
1.0
1.0
1.0
1.0
1.0
1.0
1.0
1.0
1.0
1.0
1.0
1.0
1.0
1.0
1.0
1.0
1.0
1.0
1.0
1.0
1.0
1.0
1.0
1.0
1.0
1.0
1.0
1.0
1.0
1.0
1.0
1.0
1.0
1.0
1.0
1.0
1.0
1.0
1.0
1.0
1.0
1.0
1.0
1.0
1.0
1.0
1.0
1.0
1.0
1.0
1.0
1.0
1.0
1.0
1.0
1.0
1.0
1.0
1.0
1.0
1.0
1.0
1.0
1.0
1.0
1.0
1.0
1.0
1.0
1.0
1.0
1.0
1.0
1.0
1.0
1.0
1.0
0.9764705882352941
0.9882352941176471
1.0
0.9247311827956989
0.9354838709677419
0.946236559139785
0.956989247311828
0.967741935483871
0.978494623655914
0.9387755102040817
0.9489795918367347
0.9591836734693877
0.9693877551020408
0.9795918367346939
0.9897959183673469
1.0
1.0
0.9900990099009901
0.9901960784313726
0.9902912621359223
0.9903846153846154
0.9904761904761905
1.0
1.0
0.9304347826086956
0.9391304347826087
0.9478260869565217
0.9565217391304348
0.9652173913043478
0.9739130434782609
0.9826086956521739
0.991304347826087
1.0
0.9747899159663865
0.9831932773109243
0.9833333333333333
0.9834710743801653
0.9836065573770492
0.983739837398374
0.9838709677419355
0.984
0.992
1.0
0.9767441860465116
0.9844961240310077
0.9922480620155039
1.0
1.0
0.9924242424242424
1.0
1.0
0.9781021897810219
0.9854014598540146
0.9927007299270073
1.0
0.9261744966442953
0.9328859060402684
0.9395973154362416
0.9463087248322147
0.9530201342281879
0.959731543624161
0.9664429530201343
0.9731543624161074
0.9798657718120806
0.9865771812080537
0.9932885906040269
1.0
0.974025974025974
0.9805194805194806
0.987012987012987
0.9935064935064936
1.0
0.9748427672955975
0.9811320754716981
0.9874213836477987
0.9937106918238994
1.0
1.0
1.0
1.0
0.9702380952380952
0.9761904761904762
0.9821428571428571
0.9880952380952381
0.9940476190476191
1.0
0.9825581395348837
0.9883720930232558
0.9941860465116279
1.0
1.0
1.0
1.0
1.0
0.9888268156424581
0.994413407821229
1.0
0.989010989010989
0.9945054945054945
1.0
0.9631578947368421
0.968421052631579
0.9736842105263158
0.9738219895287958
0.9790575916230366
0.9842931937172775
0.9895287958115183
0.9895833333333334
0.9896373056994818
0.9896907216494846
0.9897435897435898
0.9897959183673469
0.9898477157360406
0.98989898989899
0.9899497487437185
0.99
0.9900497512437811
0.9900990099009901
0.9901477832512315
0.9901960784313726
0.9950980392156863
1.0
0.9669811320754716
0.9716981132075472
0.9764150943396226
0.9811320754716981
0.9858490566037735
0.9905660377358491
0.9906103286384976
0.9906542056074766
0.9953271028037384
1.0
0.9953703703703703
1.0
0.9863636363636363
0.9864253393665159
0.9864864864864865
0.990990990990991
0.9954954954954955
1.0
1.0
0.9955555555555555
1.0
1.0
1.0
1.0
0.950207468879668
0.9543568464730291
0.9585062240663901
0.9626556016597511
0.966804979253112
0.970954356846473
0.975103734439834
0.979253112033195
0.983402489626556
0.9875518672199171
0.991701244813278
0.8391608391608392
0.8426573426573427
0.8461538461538461
0.8496503496503497
0.8531468531468531
0.8566433566433567
0.8601398601398601
0.8636363636363636
0.8671328671328671
0.8706293706293706
0.8741258741258742
0.8776223776223776
0.8811188811188811
0.8846153846153846
0.8881118881118881
0.8916083916083916
0.8951048951048951
0.8986013986013986
0.9020979020979021
0.9055944055944056
0.9090909090909091
0.9125874125874126
0.916083916083916
0.9195804195804196
0.9230769230769231
0.9265734265734266
0.9300699300699301
0.9335664335664335
0.9370629370629371
0.9405594405594405
0.9440559440559441
0.9475524475524476
0.951048951048951
0.9545454545454546
0.9547038327526133
0.9548611111111112
0.9583333333333334
0.9618055555555556
0.9652777777777778
0.96875
0.9722222222222222
0.9756944444444444
0.9791666666666666
0.9826388888888888
0.9594594594594594
0.9628378378378378
0.9662162162162162
0.9695945945945946
0.972972972972973
0.9763513513513513
0.9797297297297297
0.9831081081081081
0.8066298342541437
0.8093922651933702
0.8121546961325967
0.8149171270718232
0.8176795580110497
0.8204419889502762
0.8232044198895028
0.8259668508287292
0.8287292817679558
0.8314917127071824
0.8342541436464088
0.8370165745856354
0.8397790055248618
0.8425414364640884
0.8453038674033149
0.8480662983425414
0.850828729281768
0.8535911602209945
0.856353591160221
0.8591160220994475
0.861878453038674
0.8646408839779005
0.8674033149171271
0.8701657458563536
0.8729281767955801
0.8756906077348067
0.8784530386740331
0.8812154696132597
0.8839779005524862
0.8867403314917127
0.8895027624309392
0.8922651933701657
0.8950276243093923
0.8977900552486188
0.9005524861878453
0.9033149171270718
0.9060773480662984
0.9088397790055248
0.9116022099447514
0.914364640883978
0.9171270718232044
0.919889502762431
0.9226519337016574
0.925414364640884
0.9281767955801105
0.930939226519337
0.9337016574585635
0.93646408839779
0.9392265193370166
0.9419889502762431
0.9447513812154696
0.9475138121546961
0.9502762430939227
0.9530386740331491
0.9558011049723757
0.9585635359116023
0.9613259668508287
0.9640883977900553
0.9668508287292817
0.9696132596685083
0.9723756906077348
0.9751381215469613
0.9779005524861878
0.9806629834254144
0.9834254143646409
0.9807692307692307
0.9808219178082191
0.9702702702702702
0.972972972972973
0.9756756756756757
0.9783783783783784
0.981081081081081
0.9629629629629629
0.9656084656084656
0.9682539682539683
0.9708994708994709
0.9735449735449735
0.9761904761904762
0.9788359788359788
0.9814814814814815
0.9815303430079155
0.9815789473684211
0.9816272965879265
0.9541984732824428
0.9567430025445293
0.9592875318066157
0.9618320610687023
0.9643765903307888
0.9669211195928753
0.9694656488549618
0.9720101781170484
0.9745547073791349
0.9770992366412213
0.9771573604060914
0.9674185463659147
0.9699248120300752
0.9724310776942355
0.974937343358396
0.9774436090225563
0.9775
0.9775561097256857
0.9776119402985075
0.9776674937965261
0.9777227722772277
0.9682151589242054
0.9706601466992665
0.9731051344743277
0.9755501222493888
0.9779951100244498
0.9709443099273608
0.9733656174334141
0.9757869249394673
0.9782082324455206
0.9782608695652174
0.9712918660287081
0.9736842105263158
0.9760765550239234
0.9784688995215312
0.9692671394799054
0.9716312056737588
0.9739952718676123
0.9763593380614657
0.9787234042553191
0.9718969555035128
0.9742388758782201
0.9765807962529274
0.9789227166276346
0.9699074074074074
0.9722222222222222
0.9745370370370371
0.9745958429561201
0.9746543778801844
0.9747126436781609
0.9747706422018348
0.9748283752860412
0.9748858447488584
0.9771689497716894
0.9772209567198178
0.979498861047836
0.9556541019955654
0.9578713968957872
0.9600886917960089
0.9623059866962306
0.9645232815964523
0.9667405764966741
0.9689578713968958
0.9711751662971175
0.9733924611973392
0.975609756097561
0.9778270509977827
0.9800443458980045
0.9568034557235421
0.958963282937365
0.9611231101511879
0.9632829373650108
0.9654427645788337
0.9676025917926566
0.9697624190064795
0.9719222462203023
0.9740820734341252
0.9762419006479481
0.978401727861771
0.980561555075594
0.9806034482758621
0.9722814498933902
0.9744136460554371
0.976545842217484
0.9786780383795309
0.9808102345415778
0.9664570230607966
0.9685534591194969
0.9706498951781971
0.9727463312368972
0.9748427672955975
0.9769392033542977
0.9790356394129979
0.9811320754716981
1.0
1.0
1.0
1.0
1.0
1.0
1.0
1.0
1.0
1.0
1.0
1.0
1.0
1.0
1.0
1.0
1.0
1.0
1.0
1.0
1.0
1.0
1.0
1.0
1.0
1.0
1.0
1.0
1.0
1.0
1.0
1.0
1.0
1.0
1.0
1.0
1.0
1.0
1.0
1.0
1.0
1.0
1.0
1.0
1.0
1.0
1.0
1.0
1.0
1.0
1.0
1.0
1.0
1.0
1.0
1.0
1.0
1.0
1.0
1.0
1.0
1.0
1.0
1.0
1.0
1.0
1.0
1.0
0.9857142857142858
0.9859154929577465
0.9861111111111112
0.9863013698630136
0.9864864864864865
0.9866666666666667
0.9868421052631579
0.987012987012987
0.9871794871794872
0.9873417721518988
0.9875
0.9876543209876543
0.9878048780487805
1.0
1.0
1.0
1.0
1.0
1.0
1.0
1.0
1.0
1.0
1.0
1.0
1.0
1.0
1.0
1.0
1.0
1.0
1.0
1.0
1.0
1.0
1.0
1.0
1.0
1.0
1.0
1.0
1.0
1.0
1.0
1.0
1.0
1.0
1.0
1.0
1.0
1.0
1.0
1.0
1.0
1.0
1.0
1.0
1.0
1.0
1.0
1.0
1.0
1.0
1.0
1.0
1.0
1.0
1.0
1.0
1.0
1.0
1.0
1.0
1.0
1.0
1.0
1.0
1.0
1.0
1.0
1.0
1.0
1.0
1.0
1.0
1.0
1.0
1.0
1.0
1.0
1.0
1.0
1.0
1.0
1.0
1.0
0.9764705882352941
0.9882352941176471
1.0
0.9247311827956989
0.9354838709677419
0.946236559139785
0.956989247311828
0.967741935483871
0.978494623655914
0.9787234042553191
0.9893617021276596
1.0
1.0
0.9896907216494846
1.0
0.9607843137254902
0.9611650485436893
0.9615384615384616
0.9619047619047619
0.9622641509433962
0.9626168224299065
0.9629629629629629
0.9722222222222222
0.9814814814814815
0.9907407407407407
1.0
0.990909090909091
1.0
0.9910714285714286
0.9911504424778761
0.9912280701754386
0.991304347826087
0.9913793103448276
1.0
0.9915254237288136
1.0
1.0
0.916030534351145
0.9236641221374046
0.9312977099236641
0.9389312977099237
0.9465648854961832
0.9541984732824428
0.9618320610687023
0.9694656488549618
0.9770992366412213
0.9847328244274809
0.9923664122137404
1.0
1.0
0.95
0.9571428571428572
0.9642857142857143
0.9645390070921985
0.9716312056737588
0.9787234042553191
0.9858156028368794
0.9859154929577465
0.986013986013986
0.9861111111111112
0.9862068965517241
0.9863013698630136
0.9863945578231292
0.9864864864864865
0.9865771812080537
0.9866666666666667
0.9867549668874173
0.9868421052631579
0.9869281045751634
0.987012987012987
0.9935064935064936
1.0
0.9872611464968153
0.9936305732484076
1.0
0.9753086419753086
0.9814814814814815
0.9876543209876543
0.9938271604938271
1.0
0.9588235294117647
0.9647058823529412
0.9705882352941176
0.9764705882352941
0.9823529411764705
0.9882352941176471
0.9941176470588236
1.0
0.9941860465116279
1.0
0.9774011299435028
0.9830508474576272
0.9887005649717514
0.9943502824858758
1.0
0.9834254143646409
0.988950276243094
0.994475138121547
1.0
0.978494623655914
0.9838709677419355
0.989247311827957
0.9946236559139785
1.0
0.9842105263157894
0.9894736842105263
0.9947368421052631
1.0
1.0
1.0
1.0
1.0
0.8158995815899581
0.8200836820083682
0.8242677824267782
0.8284518828451883
0.8326359832635983
0.8368200836820083
0.8410041841004184
0.8451882845188284
0.8493723849372385
0.8535564853556485
0.8577405857740585
0.8619246861924686
0.8661087866108786
0.8702928870292888
0.8744769874476988
0.8786610878661087
0.8828451882845189
0.8870292887029289
0.891213389121339
0.895397489539749
0.899581589958159
0.9037656903765691
0.9079497907949791
0.9121338912133892
0.9163179916317992
0.9205020920502092
0.9246861924686193
0.9288702928870293
0.9330543933054394
0.9372384937238494
0.9414225941422594
0.9456066945606695
0.9497907949790795
0.9539748953974896
0.9581589958158996
0.9623430962343096
0.9665271966527197
0.9707112970711297
0.9748953974895398
0.9790794979079498
0.9832635983263598
0.9874476987447699
0.983402489626556
0.9875518672199171
0.9795081967213115
0.9836065573770492
0.9877049180327869
0.9877551020408163
0.9878048780487805
0.9721115537848606
0.9760956175298805
0.9800796812749004
0.9840637450199203
0.9880478087649402
0.9880952380952381
0.9881422924901185
0.9881889763779528
0.9438202247191011
0.947565543071161
0.951310861423221
0.9550561797752809
0.9588014981273408
0.9625468164794008
0.9662921348314607
0.9700374531835206
0.9737827715355806
0.9775280898876404
0.9812734082397003
0.9704797047970479
0.974169741697417
0.977859778597786
0.981549815498155
0.9501779359430605
0.9537366548042705
0.9572953736654805
0.9608540925266904
0.9644128113879004
0.9679715302491103
0.9715302491103203
0.9750889679715302
0.9786476868327402
0.968421052631579
0.9719298245614035
0.9754385964912281
0.9789473684210527
0.9790209790209791
0.9790940766550522
0.9791666666666666
0.9433333333333334
0.9466666666666667
0.95
0.9533333333333334
0.9566666666666667
0.96
0.9633333333333334
0.9666666666666667
0.97
0.9733333333333334
0.9512987012987013
0.9545454545454546
0.9577922077922078
0.961038961038961
0.9642857142857143
0.9675324675324676
0.9707792207792207
0.974025974025974
0.9741100323624595
0.9617834394904459
0.964968152866242
0.9681528662420382
0.9682539682539683
0.9683544303797469
0.9684542586750788
0.9685534591194969
0.9686520376175548
0.96875
0.971875
0.9719626168224299
0.9750778816199377
0.9751552795031055
0.9662576687116564
0.9693251533742331
0.9723926380368099
0.9754601226993865
0.9755351681957186
0.943952802359882
0.9469026548672567
0.9498525073746312
0.9528023598820059
0.9557522123893806
0.9587020648967551
0.9616519174041298
0.9646017699115044
0.967551622418879
0.9705014749262537
0.9734513274336283
0.976401179941003
0.9764705882352941
0.9568965517241379
0.9597701149425287
0.9626436781609196
0.9655172413793104
0.9683908045977011
0.9712643678160919
0.9741379310344828
0.9770114942528736
0.9660056657223796
0.9688385269121813
0.9716713881019831
0.9745042492917847
0.9773371104815864
0.9584487534626038
0.961218836565097
0.96398891966759
0.9667590027700831
0.9695290858725761
0.9722991689750693
0.9750692520775623
0.9778393351800554
0.9779005524861878
0.977961432506887
0.978021978021978
0.9648648648648649
0.9675675675675676
0.9702702702702702
0.972972972972973
0.9756756756756757
0.9783783783783784
0.9705882352941176
0.9732620320855615
0.9759358288770054
0.9786096256684492
0.9708994708994709
0.9735449735449735
0.9761904761904762
0.9788359788359788
0.978891820580475
0.9712793733681462
0.9738903394255874
0.9765013054830287
0.97911227154047
0.9690721649484536
0.9716494845360825
0.9742268041237113
0.9768041237113402
0.979381443298969
0.9794344473007712
0.9695431472081218
0.9720812182741116
0.9746192893401016
0.9771573604060914
0.9796954314720813
0.841304347826087
0.8434782608695652
0.8456521739130435
0.8478260869565217
0.85
0.8521739130434782
0.8543478260869565
0.8565217391304348
0.8586956521739131
0.8608695652173913
0.8630434782608696
0.8652173913043478
0.8673913043478261
0.8695652173913043
0.8717391304347826
0.8739130434782608
0.8760869565217392
0.8782608695652174
0.8804347826086957
0.8826086956521739
0.8847826086956522
0.8869565217391304
0.8891304347826087
0.8913043478260869
0.8934782608695652
0.8956521739130435
0.8978260869565218
0.9
0.9021739130434783
0.9043478260869565
0.9065217391304348
0.908695652173913
0.9108695652173913
0.9130434782608695
0.9152173913043479
0.9173913043478261
0.9195652173913044
0.9217391304347826
0.9239130434782609
0.9260869565217391
0.9282608695652174
0.9304347826086956
0.9326086956521739
0.9347826086956522
0.9369565217391305
0.9391304347826087
0.941304347826087
0.9434782608695652
0.9456521739130435
0.9478260869565217
0.95
0.9521739130434783
0.9543478260869566
0.9565217391304348
0.9586956521739131
0.9608695652173913
0.9630434782608696
0.9652173913043478
0.967391304347826
0.9695652173913043
0.9717391304347827
0.9739130434782609
0.9760869565217392
0.9782608695652174
0.9804347826086957
0.9804772234273319
0.9577167019027484
0.959830866807611
0.9619450317124736
0.9640591966173362
0.9661733615221987
0.9682875264270613
0.9704016913319239
0.9725158562367865
0.9746300211416491
0.9767441860465116
0.9788583509513742
0.9809725158562368
0.9810126582278481
0.9810526315789474
0.9790356394129979
0.9811320754716981
1.0
1.0
1.0
1.0
1.0
1.0
1.0
1.0
1.0
1.0
1.0
1.0
1.0
1.0
1.0
1.0
1.0
1.0
1.0
1.0
1.0
1.0
1.0
1.0
1.0
1.0
1.0
1.0
1.0
1.0
1.0
1.0
1.0
1.0
1.0
1.0
1.0
1.0
1.0
1.0
1.0
1.0
1.0
1.0
1.0
1.0
1.0
1.0
1.0
1.0
1.0
1.0
1.0
1.0
1.0
1.0
1.0
1.0
1.0
1.0
1.0
1.0
1.0
1.0
1.0
1.0
1.0
1.0
1.0
1.0
1.0
1.0
1.0
1.0
1.0
1.0
1.0
1.0
1.0
1.0
1.0
1.0
0.9764705882352941
0.9882352941176471
1.0
0.9247311827956989
0.9354838709677419
0.946236559139785
0.956989247311828
0.967741935483871
0.978494623655914
0.9387755102040817
0.9489795918367347
0.9591836734693877
0.9693877551020408
0.9795918367346939
1.0
1.0
1.0
1.0
1.0
1.0
1.0
1.0
1.0
1.0
1.0
1.0
1.0
1.0
1.0
1.0
1.0
1.0
1.0
1.0
1.0
1.0
1.0
1.0
1.0
1.0
1.0
1.0
1.0
1.0
1.0
1.0
1.0
1.0
1.0
1.0
1.0
1.0
1.0
1.0
1.0
1.0
1.0
1.0
1.0
1.0
1.0
1.0
1.0
1.0
1.0
1.0
1.0
1.0
1.0
1.0
1.0
1.0
1.0
1.0
1.0
1.0
1.0
1.0
1.0
1.0
1.0
1.0
1.0
1.0
1.0
1.0
1.0
1.0
1.0
1.0
1.0
1.0
1.0
1.0
1.0
1.0
0.9764705882352941
0.9882352941176471
1.0
0.9247311827956989
0.9354838709677419
0.946236559139785
0.956989247311828
0.967741935483871
0.978494623655914
0.9787234042553191
0.9393939393939394
0.9494949494949495
0.9595959595959596
0.9696969696969697
0.9797979797979798
0.98989898989899
0.9801980198019802
0.9900990099009901
0.9805825242718447
0.9902912621359223
0.9716981132075472
0.9811320754716981
0.9905660377358491
0.9906542056074766
0.9907407407407407
0.9908256880733946
0.990909090909091
0.990990990990991
0.9910714285714286
0.9032258064516129
0.9112903225806451
0.9193548387096774
0.9274193548387096
0.9354838709677419
0.9435483870967742
0.9516129032258065
0.9596774193548387
0.967741935483871
0.9758064516129032
0.976
0.924812030075188
0.9323308270676691
0.9398496240601504
0.9473684210526315
0.9548872180451128
0.9624060150375939
0.9699248120300752
0.9774436090225563
0.9290780141843972
0.9361702127659575
0.9432624113475178
0.9436619718309859
0.9507042253521126
0.9577464788732394
0.9647887323943662
0.965034965034965
0.9652777777777778
0.9655172413793104
0.9657534246575342
0.9659863945578231
0.9662162162162162
0.9664429530201343
0.9666666666666667
0.9668874172185431
0.9671052631578947
0.9673202614379085
0.9675324675324676
0.967741935483871
0.9741935483870968
0.9806451612903225
0.9503105590062112
0.9565217391304348
0.9627329192546584
0.968944099378882
0.9751552795031055
0.9813664596273292
0.9636363636363636
0.9696969696969697
0.9757575757575757
0.9818181818181818
0.9644970414201184
0.9647058823529412
0.9649122807017544
0.9651162790697675
0.9653179190751445
0.9655172413793104
0.9712643678160919
0.9770114942528736
0.9827586206896551
0.9608938547486033
0.9664804469273743
0.9720670391061452
0.9776536312849162
0.9832402234636871
0.9779005524861878
0.9834254143646409
0.9835164835164835
0.9836065573770492
0.9836956521739131
0.9238578680203046
0.9289340101522843
0.934010152284264
0.9390862944162437
0.9441624365482234
0.949238578680203
0.9543147208121827
0.9593908629441624
0.9644670050761421
0.9695431472081218
0.9746192893401016
0.9414634146341463
0.9463414634146341
0.9512195121951219
0.9560975609756097
0.9609756097560975
0.9658536585365853
0.9660194174757282
0.966183574879227
0.9710144927536232
0.9758454106280193
0.9759615384615384
0.9760765550239234
0.9761904761904762
0.976303317535545
0.9627906976744186
0.9674418604651163
0.9720930232558139
0.9767441860465116
0.9461883408071748
0.9506726457399103
0.9551569506726457
0.9596412556053812
0.9641255605381166
0.968609865470852
0.9730941704035875
0.9775784753363229
0.9647577092511013
0.9691629955947136
0.973568281938326
0.9779735682819384
0.7610921501706485
0.764505119453925
0.7679180887372014
0.7713310580204779
0.7747440273037542
0.7781569965870307
0.7815699658703071
0.7849829351535836
0.78839590443686
0.7918088737201365
0.7952218430034129
0.7986348122866894
0.8020477815699659
0.8054607508532423
0.8088737201365188
0.8122866894197952
0.8156996587030717
0.8191126279863481
0.8225255972696246
0.825938566552901
0.8293515358361775
0.8327645051194539
0.8361774744027304
0.8395904436860068
0.8430034129692833
0.8464163822525598
0.8498293515358362
0.8532423208191127
0.856655290102389
0.8600682593856656
0.863481228668942
0.8668941979522184
0.8703071672354948
0.8737201365187713
0.8771331058020477
0.8805460750853242
0.8839590443686007
0.8873720136518771
0.8907849829351536
0.89419795221843
0.8976109215017065
0.9010238907849829
0.9044368600682594
0.9078498293515358
0.9112627986348123
0.9146757679180887
0.9180887372013652
0.9215017064846417
0.9249146757679181
0.9283276450511946
0.931740614334471
0.9351535836177475
0.9385665529010239
0.9419795221843004
0.9453924914675768
0.9488054607508533
0.9522184300341296
0.9556313993174061
0.9590443686006825
0.962457337883959
0.9658703071672355
0.9692832764505119
0.9726962457337884
0.9761092150170648
0.9795221843003413
0.9696969696969697
0.9730639730639731
0.9764309764309764
0.9797979797979798
0.9798657718120806
0.9451612903225807
0.9483870967741935
0.9516129032258065
0.9548387096774194
0.9580645161290322
0.9612903225806452
0.964516129032258
0.967741935483871
0.9709677419354839
0.9741935483870968
0.9774193548387097
0.9806451612903225
0.9682539682539683
0.9714285714285714
0.9746031746031746
0.9777777777777777
0.9809523809523809
0.96875
0.971875
0.975
0.9750778816199377
0.9751552795031055
0.9752321981424149
0.9753086419753086
0.9753846153846154
0.9754601226993865
0.9785276073619632
0.9785932721712538
0.981651376146789
0.9698795180722891
0.9728915662650602
0.9759036144578314
0.9789156626506024
0.9819277108433735
0.9703264094955489
0.973293768545994
0.9762611275964391
0.9792284866468842
0.9821958456973294
0.9707602339181286
0.9736842105263158
0.9766081871345029
0.97953216374269
0.9824561403508771
0.9825072886297376
0.9712643678160919
0.9741379310344828
0.9770114942528736
0.9798850574712644
0.9827586206896551
0.98
0.9828571428571429
0.8734177215189873
0.8759493670886076
0.8784810126582279
0.8810126582278481
0.8835443037974684
0.8860759493670886
0.8886075949367088
0.8911392405063291
0.8936708860759494
0.8962025316455696
0.8987341772151899
0.9012658227848102
0.9037974683544304
0.9063291139240506
0.9088607594936708
0.9113924050632911
0.9139240506329114
0.9164556962025316
0.9189873417721519
0.9215189873417722
0.9240506329113924
0.9265822784810127
0.9291139240506329
0.9316455696202531
0.9341772151898734
0.9367088607594937
0.9392405063291139
0.9417721518987342
0.9443037974683545
0.9468354430379747
0.9493670886075949
0.9518987341772152
0.9544303797468354
0.9569620253164557
0.959493670886076
0.9620253164556962
0.9645569620253165
0.9670886075949368
0.9696202531645569
0.9721518987341772
0.9746835443037974
0.9772151898734177
0.9772727272727273
0.9773299748110831
0.970074812967581
0.972568578553616
0.9750623441396509
0.9775561097256857
0.9515738498789347
0.9539951573849879
0.9564164648910412
0.9588377723970944
0.9612590799031477
0.9636803874092009
0.9661016949152542
0.9685230024213075
0.9709443099273608
0.9733656174334141
0.9757869249394673
0.9782082324455206
0.9529411764705882
0.9552941176470588
0.9576470588235294
0.96
0.9623529411764706
0.9647058823529412
0.9670588235294117
0.9694117647058823
0.971764705882353
0.9741176470588235
0.9764705882352941
0.9788235294117648
0.9788732394366197
0.9789227166276346
0.9789719626168224
0.9790209790209791
0.967816091954023
0.9701149425287356
0.9724137931034482
0.9747126436781609
0.9770114942528736
0.9793103448275862
0.9793577981651376
0.9794050343249427
0.9794520547945206
0.9728506787330317
0.9751131221719457
0.9773755656108597
0.9796380090497737
0.9796839729119639
0.9797297297297297
0.9797752808988764
0.9798206278026906
0.9711751662971175
0.9733924611973392
0.975609756097561
0.9778270509977827
0.9800443458980045
0.9736263736263736
0.9758241758241758
0.978021978021978
0.9802197802197802
0.9654427645788337
0.9676025917926566
0.9697624190064795
0.9719222462203023
0.9740820734341252
0.9762419006479481
0.978401727861771
0.980561555075594
0.9639830508474576
0.9661016949152542
0.9682203389830508
0.9703389830508474
0.972457627118644
0.9745762711864406
0.9766949152542372
0.9788135593220338
0.9809322033898306
0.9727463312368972
0.9748427672955975
0.9769392033542977
0.9790356394129979
0.9811320754716981
1.0
1.0
1.0
1.0
1.0
1.0
1.0
1.0
1.0
1.0
1.0
1.0
1.0
1.0
1.0
1.0
1.0
1.0
1.0
1.0
1.0
1.0
1.0
1.0
1.0
1.0
1.0
1.0
1.0
1.0
1.0
1.0
1.0
1.0
1.0
1.0
1.0
1.0
1.0
1.0
1.0
1.0
1.0
1.0
1.0
1.0
1.0
1.0
1.0
1.0
1.0
1.0
1.0
1.0
1.0
1.0
1.0
1.0
1.0
1.0
1.0
1.0
1.0
1.0
1.0
1.0
1.0
1.0
1.0
1.0
1.0
1.0
1.0
1.0
1.0
1.0
1.0
1.0
1.0
1.0
1.0
1.0
0.9764705882352941
0.9882352941176471
1.0
0.9247311827956989
0.9354838709677419
0.946236559139785
0.956989247311828
0.967741935483871
0.978494623655914
0.9787234042553191
0.9789473684210527
0.94
0.95
0.96
0.9603960396039604
0.9607843137254902
0.9611650485436893
0.9615384615384616
0.9619047619047619
0.9622641509433962
0.9716981132075472
0.9719626168224299
0.9813084112149533
0.954954954954955
0.963963963963964
0.9642857142857143
0.9646017699115044
0.9649122807017544
0.9652173913043478
0.9655172413793104
0.9658119658119658
0.9743589743589743
0.9829059829059829
0.928
0.936
0.944
0.952
0.96
0.968
0.976
0.984
0.9323308270676691
0.9398496240601504
0.9473684210526315
0.9548872180451128
0.9624060150375939
0.9699248120300752
0.9701492537313433
0.9703703703703703
0.9777777777777777
0.9851851851851852
0.9852941176470589
0.9926470588235294
1.0
0.9785714285714285
0.9857142857142858
0.9928571428571429
1.0
1.0
1.0
1.0
1.0
0.9797297297297297
0.9864864864864865
0.9932432432432432
1.0
0.9738562091503268
0.9803921568627451
0.9869281045751634
0.9934640522875817
1.0
1.0
1.0
1.0
1.0
0.9753086419753086
0.9814814814814815
0.9876543209876543
0.9938271604938271
1.0
0.9819277108433735
0.9879518072289156
0.9939759036144579
0.9940119760479041
0.9940476190476191
0.9940828402366864
0.9941176470588236
0.9941520467836257
0.9941860465116279
1.0
1.0
1.0
0.9615384615384616
0.967032967032967
0.9725274725274725
0.9726775956284153
0.9781420765027322
0.9836065573770492
0.9890710382513661
0.9891304347826086
0.9891891891891892
0.989247311827957
0.9893048128342246
0.9893617021276596
0.9894179894179894
0.9894736842105263
0.9895287958115183
0.9895833333333334
0.9896373056994818
0.9896907216494846
0.9897435897435898
0.9897959183673469
0.9948979591836735
1.0
0.9800995024875622
0.9850746268656716
0.9900497512437811
0.9950248756218906
1.0
1.0
0.9854368932038835
0.9902912621359223
0.9951456310679612
1.0
0.981042654028436
0.985781990521327
0.990521327014218
0.995260663507109
1.0
0.9680365296803652
0.9726027397260274
0.9771689497716894
0.9817351598173516
0.9863013698630136
0.9908675799086758
0.9954337899543378
1.0
0.9865470852017937
0.9910313901345291
0.9955156950672646
1.0
0.986784140969163
0.9911894273127754
0.9955947136563876
1.0
1.0
1.0
1.0
0.9545454545454546
0.9586776859504132
0.9628099173553719
0.9669421487603306
0.9710743801652892
0.9752066115702479
0.9793388429752066
0.9834710743801653
0.987603305785124
0.9917355371900827
0.9488188976377953
0.952755905511811
0.9566929133858267
0.9606299212598425
0.9645669291338582
0.968503937007874
0.9724409448818898
0.9763779527559056
0.9803149606299213
0.984251968503937
0.9881889763779528
0.9921259842519685
0.9921568627450981
0.9921875
0.9922178988326849
0.973384030418251
0.9771863117870723
0.9809885931558935
0.9847908745247148
0.9885931558935361
0.9923954372623575
0.966789667896679
0.9704797047970479
0.974169741697417
0.977859778597786
0.981549815498155
0.985239852398524
0.988929889298893
0.992619926199262
0.9926470588235294
0.9783393501805054
0.9819494584837545
0.9855595667870036
0.9891696750902527
0.9927797833935018
0.989247311827957
0.992831541218638
0.9823321554770318
0.9823943661971831
0.9824561403508771
0.9825174825174825
0.9825783972125436
0.9826388888888888
0.9861111111111112
0.9895833333333334
0.9930555555555556
0.9930795847750865
0.993103448275862
0.993127147766323
0.9797297297297297
0.9831081081081081
0.9864864864864865
0.9898648648648649
0.9932432432432432
0.9833333333333333
0.9866666666666667
0.99
0.9770491803278688
0.980327868852459
0.9836065573770492
0.9868852459016394
0.9901639344262295
0.9901960784313726
0.990228013029316
0.9902597402597403
0.9902912621359223
0.9903225806451613
0.9535603715170279
0.9566563467492261
0.9597523219814241
0.9628482972136223
0.9659442724458205
0.9690402476780186
0.9721362229102167
0.9752321981424149
0.978328173374613
0.9814241486068112
0.9845201238390093
0.9522388059701492
0.9552238805970149
0.9582089552238806
0.9611940298507463
0.9641791044776119
0.9671641791044776
0.9701492537313433
0.9731343283582089
0.9761194029850746
0.9791044776119403
0.982089552238806
0.9850746268656716
0.8254364089775561
0.827930174563591
0.830423940149626
0.8329177057356608
0.8354114713216958
0.8379052369077307
0.8403990024937655
0.8428927680798005
0.8453865336658354
0.8478802992518704
0.8503740648379052
0.8528678304239401
0.8553615960099751
0.85785536159601
0.8603491271820449
0.8628428927680798
0.8653366583541147
0.8678304239401496
0.8703241895261845
0.8728179551122195
0.8753117206982544
0.8778054862842892
0.8802992518703242
0.8827930174563591
0.885286783042394
0.8877805486284289
0.8902743142144638
0.8927680798004988
0.8952618453865336
0.8977556109725686
0.9002493765586035
0.9027431421446384
0.9052369077306733
0.9077306733167082
0.9102244389027432
0.912718204488778
0.9152119700748129
0.9177057356608479
0.9201995012468828
0.9226932668329177
0.9251870324189526
0.9276807980049875
0.9301745635910225
0.9326683291770573
0.9351620947630923
0.9376558603491272
0.940149625935162
0.942643391521197
0.9451371571072319
0.9476309226932669
0.9501246882793017
0.9526184538653366
0.9551122194513716
0.9576059850374065
0.9600997506234414
0.9625935162094763
0.9650872817955112
0.9675810473815462
0.970074812967581
0.972568578553616
0.9750623441396509
0.9775561097256857
0.9800498753117207
0.9825436408977556
0.9850374064837906
0.9826302729528535
0.9851116625310173
0.8883928571428571
0.890625
0.8928571428571429
0.8950892857142857
0.8973214285714286
0.8995535714285714
0.9017857142857143
0.9040178571428571
0.90625
0.9084821428571429
0.9107142857142857
0.9129464285714286
0.9151785714285714
0.9174107142857143
0.9196428571428571
0.921875
0.9241071428571429
0.9263392857142857
0.9285714285714286
0.9308035714285714
0.9330357142857143
0.9352678571428571
0.9375
0.9397321428571429
0.9419642857142857
0.9441964285714286
0.9464285714285714
0.9486607142857143
0.9508928571428571
0.953125
0.9553571428571429
0.9575892857142857
0.9598214285714286
0.9620535714285714
0.9642857142857143
0.9665178571428571
0.96875
0.9709821428571429
0.9732142857142857
0.9754464285714286
0.9776785714285714
0.9799107142857143
0.9565217391304348
0.9586956521739131
0.9608695652173913
0.9630434782608696
0.9652173913043478
0.967391304347826
0.9695652173913043
0.9717391304347827
0.9739130434782609
0.9760869565217392
0.9782608695652174
0.9804347826086957
0.9637526652452025
0.9658848614072495
0.9680170575692963
0.9701492537313433
0.9722814498933902
0.9744136460554371
0.976545842217484
0.9786780383795309
0.9808102345415778
0.9725738396624473
0.9746835443037974
0.9767932489451476
0.9789029535864979
0.9810126582278481
0.9810526315789474
0.9790356394129979
0.9811320754716981
