1.0
1.0
1.0
1.0
1.0
1.0
1.0
1.0
1.0
1.0
1.0
1.0
1.0
1.0
1.0
1.0
1.0
1.0
1.0
1.0
1.0
1.0
1.0
1.0
1.0
1.0
1.0
1.0
1.0
1.0
1.0
1.0
1.0
1.0
1.0
1.0
1.0
1.0
1.0
1.0
1.0
1.0
1.0
1.0
1.0
0.8846153846153846
0.8867924528301887
0.8888888888888888
0.8909090909090909
0.8928571428571429
0.8793103448275862
0.8813559322033898
0.8833333333333333
0.8852459016393442
0.8870967741935484
0.8888888888888888
0.890625
0.8923076923076924
0.8939393939393939
0.8955223880597015
0.8970588235294118
0.8985507246376812
0.9
0.9014084507042254
0.9027777777777778
0.9041095890410958
0.9054054054054054
0.9066666666666666
0.9078947368421053
0.9090909090909091
0.9102564102564102
0.9113924050632911
0.7227722772277227
0.22492401215805471
0.22796352583586627
0.23100303951367782
0.23404255319148937
0.23708206686930092
0.24012158054711247
0.24316109422492402
0.24620060790273557
0.24924012158054712
0.25227963525835867
0.2553191489361702
0.25835866261398177
0.2613981762917933
0.26443768996960487
0.2674772036474164
0.270516717325228
0.2735562310030395
0.2765957446808511
0.2796352583586626
0.2826747720364742
0.2857142857142857
0.2887537993920973
0.2917933130699088
0.2948328267477204
0.2978723404255319
0.3009118541033435
0.303951367781155
0.3069908814589666
0.3100303951367781
0.3130699088145897
0.3151515151515151
0.3181818181818182
0.3212121212121212
0.3242424242424242
0.32727272727272727
0.3303030303030303
0.3333333333333333
0.33636363636363636
0.3393939393939394
0.3424242424242424
0.34545454545454546
0.3484848484848485
0.3515151515151515
0.35347432024169184
0.35542168674698793
0.35735735735735735
0.3592814371257485
0.3611940298507463
0.3630952380952381
0.3649851632047478
0.3668639053254438
0.3687315634218289
0.37168141592920356
0.3735294117647059
0.375366568914956
0.37719298245614036
0.37900874635568516
0.3808139534883721
0.3826086956521739
0.38439306358381503
0.3861671469740634
0.38904899135446686
0.3919308357348703
0.3936781609195402
0.3954154727793696
0.39714285714285713
0.39886039886039887
0.4005681818181818
0.40226628895184136
0.403954802259887
0.4056338028169014
0.40730337078651685
0.40896358543417366
0.4106145251396648
0.41225626740947074
0.41388888888888886
0.4155124653739612
0.4171270718232044
0.418732782369146
0.42032967032967034
0.42191780821917807
0.42349726775956287
0.4250681198910082
0.4266304347826087
0.4281842818428184
0.4297297297297297
0.431266846361186
0.4327956989247312
0.4343163538873995
0.4358288770053476
0.43733333333333335
0.44
0.44266666666666665
0.44533333333333336
0.448
0.45066666666666666
0.4533333333333333
0.456
0.4574468085106383
0.4588859416445623
0.4603174603174603
0.46174142480211083
0.4631578947368421
0.4645669291338583
0.46596858638743455
0.468586387434555
0.4712041884816754
0.4738219895287958
0.47643979057591623
0.4790575916230366
0.4816753926701571
0.48429319371727747
0.4869109947643979
0.4895287958115183
0.49214659685863876
0.49476439790575916
0.4973821989528796
0.5
0.5026178010471204
0.5052356020942408
0.5078534031413613
0.5104712041884817
0.5130890052356021
0.5157068062827225
0.518324607329843
0.5209424083769634
0.5235602094240838
0.5261780104712042
0.5287958115183246
0.5314136125654451
0.5340314136125655
0.5366492146596858
0.5392670157068062
0.5418848167539267
0.5445026178010471
0.5471204188481675
0.5497382198952879
0.5523560209424084
0.5549738219895288
0.5575916230366492
0.5602094240837696
0.56282722513089
0.5654450261780105
0.5680628272251309
0.5706806282722513
0.5732984293193717
0.5759162303664922
0.5785340314136126
0.581151832460733
0.5837696335078534
0.5863874345549738
0.5890052356020943
0.5916230366492147
0.5942408376963351
0.5968586387434555
0.599476439790576
0.6020942408376964
0.6047120418848168
0.6073298429319371
0.6099476439790575
0.612565445026178
0.6151832460732984
0.6178010471204188
0.6204188481675392
0.6230366492146597
0.6256544502617801
0.6282722513089005
0.6308900523560209
0.6335078534031413
0.6361256544502618
0.6387434554973822
0.6413612565445026
0.643979057591623
0.6465968586387435
0.6492146596858639
0.6518324607329843
0.6544502617801047
0.6570680628272252
0.6596858638743456
0.662303664921466
0.6649214659685864
0.6675392670157068
0.6701570680628273
0.6727748691099477
0.675392670157068
0.6780104712041884
0.680628272251309
0.6832460732984293
0.6858638743455497
0.6884816753926701
0.6910994764397905
0.693717277486911
0.6963350785340314
0.6989528795811518
0.7015706806282722
0.7041884816753927
0.7068062827225131
0.7094240837696335
0.7120418848167539
0.7146596858638743
0.7172774869109948
0.7198952879581152
0.7225130890052356
0.725130890052356
0.7277486910994765
0.7303664921465969
0.7329842931937173
0.7356020942408377
0.7382198952879581
0.7408376963350786
0.743455497382199
0.7460732984293194
0.7486910994764397
0.7513089005235603
0.7539267015706806
0.756544502617801
0.7591623036649214
0.7617801047120419
0.7643979057591623
0.7670157068062827
0.7696335078534031
0.7722513089005235
0.774869109947644
0.7774869109947644
0.7801047120418848
0.7827225130890052
0.7853403141361257
0.7879581151832461
0.7905759162303665
0.7931937172774869
0.7958115183246073
0.7984293193717278
0.8010471204188482
0.8036649214659686
0.806282722513089
0.8089005235602095
0.8115183246073299
0.8141361256544503
0.8167539267015707
0.819371727748691
0.8219895287958116
0.824607329842932
0.8272251308900523
0.8298429319371727
0.8324607329842932
0.8350785340314136
0.837696335078534
0.8403141361256544
0.8429319371727748
0.8455497382198953
0.8481675392670157
0.8507853403141361
0.8534031413612565
0.856020942408377
0.8586387434554974
0.8590078328981723
0.859375
0.8597402597402597
0.8601036269430051
0.8626943005181347
0.8652849740932642
0.8678756476683938
0.8704663212435233
0.8730569948186528
0.8756476683937824
0.875968992248062
0.8762886597938144
0.8766066838046273
0.8769230769230769
0.8772378516624041
0.8775510204081632
0.8778625954198473
0.8781725888324873
0.8784810126582279
0.8787878787878788
0.8790931989924433
0.8793969849246231
0.8796992481203008
0.88
0.8802992518703242
0.8805970149253731
0.8830845771144279
0.8855721393034826
0.8880597014925373
0.8861386138613861
0.8886138613861386
0.8888888888888888
0.8677884615384616
0.8701923076923077
0.8725961538461539
0.875
0.8774038461538461
0.8798076923076923
0.8822115384615384
0.8846153846153846
0.8870192307692307
0.8894230769230769
0.8833333333333333
0.8857142857142857
0.888095238095238
0.8904761904761904
0.8278145695364238
0.8300220750551877
0.8322295805739515
0.8344370860927153
0.8366445916114791
0.8388520971302428
0.8410596026490066
0.8432671081677704
0.8308026030368764
0.8329718004338394
0.8351409978308026
0.8373101952277657
0.8394793926247288
0.841648590021692
0.841991341991342
0.8315565031982942
0.8336886993603412
0.835820895522388
0.837953091684435
0.8400852878464818
0.8422174840085288
0.8443496801705757
1.0
1.0
1.0
1.0
1.0
1.0
1.0
1.0
1.0
1.0
1.0
1.0
1.0
1.0
1.0
1.0
1.0
1.0
1.0
1.0
1.0
1.0
1.0
1.0
1.0
1.0
1.0
1.0
1.0
1.0
1.0
0.9696969696969697
0.9705882352941176
0.9714285714285714
0.9722222222222222
0.972972972972973
0.9736842105263158
0.9743589743589743
0.975
0.975609756097561
0.5540540540540541
0.56
0.5657894736842105
0.5714285714285714
0.5769230769230769
0.5822784810126582
0.5875
0.5925925925925926
0.5975609756097561
0.6024096385542169
0.6071428571428571
0.611764705882353
0.6162790697674418
0.6206896551724138
0.625
0.6292134831460674
0.6333333333333333
0.6373626373626373
0.6413043478260869
0.6451612903225806
0.648936170212766
0.6526315789473685
0.65625
0.6597938144329897
0.6632653061224489
0.6666666666666666
0.67
0.6732673267326733
0.6764705882352942
0.6796116504854369
0.6826923076923077
0.6857142857142857
0.6886792452830188
0.6915887850467289
0.6944444444444444
0.6972477064220184
0.7
0.7027027027027027
0.7053571428571429
0.7079646017699115
0.7105263157894737
0.7130434782608696
0.24127906976744187
0.24347826086956523
0.24566473988439305
0.2478386167146974
0.25
0.23783783783783785
0.2398921832884097
0.24193548387096775
0.24396782841823056
0.24598930481283424
0.248
0.24607329842931938
0.24804177545691905
0.25
0.2519480519480519
0.2538860103626943
0.25190839694656486
0.25380710659898476
0.25569620253164554
0.25757575757575757
0.2594458438287154
0.2613065326633166
0.2631578947368421
0.265
0.26683291770573564
0.26865671641791045
0.2704714640198511
0.2722772277227723
0.2740740740740741
0.2765432098765432
0.27832512315270935
0.2800982800982801
0.2818627450980392
0.28361858190709044
0.28536585365853656
0.2871046228710462
0.28883495145631066
0.29055690072639223
0.2922705314009662
0.29397590361445786
0.2956730769230769
0.2973621103117506
0.29904306220095694
0.30071599045346065
0.30238095238095236
0.30403800475059384
0.3056872037914692
0.3073286052009456
0.3089622641509434
0.31058823529411766
0.31220657276995306
0.31381733021077285
0.31542056074766356
0.317016317016317
0.3186046511627907
0.32018561484918795
0.32175925925925924
0.3233256351039261
0.3248847926267281
0.3264367816091954
0.32798165137614677
0.3295194508009153
0.3310502283105023
0.3325740318906606
0.3340909090909091
0.3356009070294785
0.33710407239819007
0.33860045146726864
0.3400900900900901
0.3415730337078652
0.3430493273542601
0.34451901565995524
0.34598214285714285
0.34743875278396436
0.3488888888888889
0.35033259423503327
0.35176991150442477
0.35320088300220753
0.35462555066079293
0.35604395604395606
0.3574561403508772
0.3588621444201313
0.36026200873362446
0.3616557734204793
0.3630434782608696
0.3644251626898048
0.3658008658008658
0.367170626349892
0.36853448275862066
0.36989247311827955
0.37124463519313305
0.37259100642398285
0.37393162393162394
0.3752665245202559
0.37659574468085105
0.37791932059447986
0.3792372881355932
0.38054968287526425
0.3818565400843882
0.3831578947368421
0.38445378151260506
0.3857442348008386
0.38702928870292885
0.3883089770354906
0.38958333333333334
0.3908523908523909
0.3921161825726141
0.39337474120082816
0.39462809917355374
0.3958762886597938
0.39711934156378603
0.39835728952772076
0.39959016393442626
0.40081799591002043
0.4020408163265306
0.40325865580448067
0.40447154471544716
0.4056795131845842
0.4068825910931174
0.4080808080808081
0.4092741935483871
0.4104627766599598
0.41164658634538154
0.41282565130260523
0.414
0.4151696606786427
0.4163346613545817
0.41832669322709165
0.4194831013916501
0.42063492063492064
0.42178217821782177
0.42376237623762375
0.42574257425742573
0.4277227722772277
0.4297029702970297
0.4316831683168317
0.43366336633663366
0.43478260869565216
0.4367588932806324
0.43873517786561267
0.4407114624505929
0.4426877470355731
0.44466403162055335
0.44664031620553357
0.44861660079051385
0.4505928853754941
0.4525691699604743
0.45454545454545453
0.45652173913043476
0.45849802371541504
0.46047430830039526
0.4624505928853755
0.4644268774703557
0.466403162055336
0.4683794466403162
0.47035573122529645
0.4714003944773176
0.47244094488188976
0.47347740667976423
0.4745098039215686
0.4755381604696673
0.4765625
0.4775828460038986
0.4785992217898833
0.4805447470817121
0.48249027237354086
0.48443579766536965
0.48638132295719844
0.4883268482490272
0.490272373540856
0.49221789883268485
0.49416342412451364
0.4961089494163424
0.4980544747081712
0.5
0.5019455252918288
0.5038910505836576
0.5058365758754864
0.5077821011673151
0.5097276264591439
0.5116731517509727
0.5136186770428015
0.5155642023346303
0.5175097276264592
0.519455252918288
0.5214007782101168
0.5233463035019456
0.5252918287937743
0.5262135922330097
0.5281553398058253
0.5300970873786408
0.5320388349514563
0.5339805825242718
0.5359223300970873
0.537864077669903
0.5398058252427185
0.541747572815534
0.5436893203883495
0.545631067961165
0.5475728155339806
0.5495145631067961
0.5503875968992248
0.5512572533849129
0.5521235521235521
0.5529865125240848
0.5538461538461539
0.5547024952015355
0.5555555555555556
0.5564053537284895
0.5572519083969466
0.5591603053435115
0.5610687022900763
0.5629770992366412
0.5638095238095238
0.564638783269962
0.5654648956356736
0.5662878787878788
0.5671077504725898
0.5679245283018868
0.568738229755179
0.5695488721804511
0.5703564727954972
0.5711610486891385
0.5719626168224299
0.5727611940298507
0.5735567970204841
0.5743494423791822
0.575139146567718
0.575925925925926
0.5767097966728281
0.577490774907749
0.578268876611418
0.5790441176470589
0.5798165137614679
0.5805860805860806
0.5813528336380256
0.5821167883211679
0.583941605839416
0.5857664233576643
0.5875912408759124
0.5894160583941606
0.5912408759124088
0.593065693430657
0.5948905109489051
0.5967153284671532
0.5985401459854015
0.6003649635036497
0.6021897810218978
0.6040145985401459
0.6058394160583942
0.6076642335766423
0.6094890510948905
0.6113138686131386
0.6131386861313869
0.614963503649635
0.6167883211678832
0.6186131386861314
0.6204379562043796
0.6222627737226277
0.6240875912408759
0.6259124087591241
0.6277372262773723
0.6295620437956204
0.6313868613138686
0.6332116788321168
0.635036496350365
0.6368613138686131
0.6386861313868614
0.6405109489051095
0.6423357664233577
0.6441605839416058
0.6459854014598541
0.6478102189781022
0.6496350364963503
0.6514598540145985
0.6532846715328468
0.6551094890510949
0.656934306569343
0.6587591240875912
0.6605839416058394
0.6624087591240876
0.6642335766423357
0.666058394160584
0.6678832116788321
0.6697080291970803
0.6715328467153284
0.6733576642335767
0.6751824817518248
0.677007299270073
0.6788321167883211
0.6806569343065694
0.6824817518248175
0.6843065693430657
0.6861313868613139
0.6879562043795621
0.6897810218978102
0.6916058394160584
0.6934306569343066
0.6952554744525548
0.6970802919708029
0.698905109489051
0.7007299270072993
0.7025547445255474
0.7043795620437956
0.7062043795620438
0.708029197080292
0.7098540145985401
0.7116788321167883
0.7135036496350365
0.7153284671532847
0.7171532846715328
0.718978102189781
0.7208029197080292
0.7226277372262774
0.7244525547445255
0.7262773722627737
0.7281021897810219
0.7299270072992701
0.7317518248175182
0.7335766423357665
0.7354014598540146
0.7372262773722628
0.7390510948905109
0.7408759124087592
0.7427007299270073
0.7445255474452555
0.7463503649635036
0.7481751824817519
0.75
0.7518248175182481
0.7536496350364964
0.7554744525547445
0.7572992700729927
0.7591240875912408
0.7609489051094891
0.7627737226277372
0.7645985401459854
0.7664233576642335
0.7682481751824818
0.7700729927007299
0.7718978102189781
0.7737226277372263
0.7755474452554745
0.7773722627737226
0.7791970802919708
0.781021897810219
0.7828467153284672
0.7846715328467153
0.7864963503649635
0.7883211678832117
0.7901459854014599
0.791970802919708
0.7937956204379562
0.7956204379562044
0.7974452554744526
0.7992700729927007
0.801094890510949
0.8029197080291971
0.8047445255474452
0.8065693430656934
0.8083941605839416
0.8102189781021898
0.8120437956204379
0.8138686131386861
0.8156934306569343
0.8175182481751825
0.8193430656934306
0.8211678832116789
0.822992700729927
0.8248175182481752
0.8266423357664233
0.8284671532846716
0.8302919708029197
0.8321167883211679
0.833941605839416
0.8357664233576643
0.8375912408759124
0.8394160583941606
0.8412408759124088
0.843065693430657
0.8448905109489051
0.8467153284671532
0.8485401459854015
0.8503649635036497
0.8521897810218978
0.8540145985401459
0.8542805100182149
0.8545454545454545
0.8548094373865699
0.855072463768116
0.8553345388788427
0.855595667870036
0.8558558558558559
0.8561151079136691
0.8563734290843806
0.8566308243727598
0.8568872987477638
0.8571428571428571
0.857397504456328
0.8576512455516014
0.8579040852575488
0.8581560283687943
0.8584070796460177
0.8586572438162544
0.8589065255731922
0.8591549295774648
0.859402460456942
0.8596491228070176
0.8598949211908932
0.8601398601398601
0.8603839441535777
0.8606271777003485
0.8608695652173913
0.8611111111111112
0.8613518197573656
0.8615916955017301
0.8618307426597582
0.8620689655172413
0.8623063683304647
0.8625429553264605
0.8627787307032591
0.863013698630137
0.8632478632478633
0.863481228668942
0.8637137989778535
0.8639455782312925
0.8641765704584041
0.864406779661017
0.8646362098138748
0.8648648648648649
0.8650927487352446
0.8653198653198653
0.865546218487395
0.8657718120805369
0.8659966499162479
0.8662207357859532
0.8664440734557596
0.8666666666666667
0.8668885191347754
0.867109634551495
0.867330016583748
0.8675496688741722
0.8692052980132451
1.0
1.0
1.0
1.0
1.0
1.0
1.0
1.0
1.0
1.0
1.0
1.0
1.0
1.0
1.0
1.0
1.0
1.0
1.0
1.0
1.0
1.0
1.0
1.0
1.0
1.0
1.0
1.0
1.0
1.0
1.0
1.0
1.0
1.0
1.0
1.0
1.0
1.0
1.0
1.0
1.0
1.0
1.0
1.0
1.0
0.8846153846153846
0.8867924528301887
0.8888888888888888
0.8909090909090909
0.8928571428571429
0.8793103448275862
0.8813559322033898
0.8833333333333333
0.8852459016393442
0.8870967741935484
0.8888888888888888
0.890625
0.8923076923076924
0.8939393939393939
0.8955223880597015
0.8970588235294118
0.8985507246376812
0.9
0.9014084507042254
0.9027777777777778
0.9041095890410958
0.9054054054054054
0.9066666666666666
0.9078947368421053
0.9090909090909091
0.9102564102564102
0.9113924050632911
0.7227722772277227
0.22492401215805471
0.22796352583586627
0.23100303951367782
0.23404255319148937
0.23708206686930092
0.24012158054711247
0.24316109422492402
0.24620060790273557
0.24924012158054712
0.25227963525835867
0.2553191489361702
0.25835866261398177
0.2613981762917933
0.26443768996960487
0.2674772036474164
0.270516717325228
0.2735562310030395
0.2765957446808511
0.2796352583586626
0.2826747720364742
0.2857142857142857
0.2887537993920973
0.2917933130699088
0.2948328267477204
0.2978723404255319
0.3009118541033435
0.303951367781155
0.3069908814589666
0.3100303951367781
0.3130699088145897
0.3151515151515151
0.3181818181818182
0.3212121212121212
0.3242424242424242
0.32727272727272727
0.3303030303030303
0.3333333333333333
0.33636363636363636
0.3393939393939394
0.3424242424242424
0.34545454545454546
0.3484848484848485
0.3515151515151515
0.35347432024169184
0.35542168674698793
0.35735735735735735
0.3592814371257485
0.3611940298507463
0.3630952380952381
0.3649851632047478
0.3668639053254438
0.3687315634218289
0.37168141592920356
0.3735294117647059
0.375366568914956
0.37719298245614036
0.37900874635568516
0.3808139534883721
0.3826086956521739
0.38439306358381503
0.3861671469740634
0.38904899135446686
0.3919308357348703
0.3936781609195402
0.3954154727793696
0.39714285714285713
0.39886039886039887
0.4005681818181818
0.40226628895184136
0.403954802259887
0.4056338028169014
0.40730337078651685
0.40896358543417366
0.4106145251396648
0.41225626740947074
0.41388888888888886
0.4155124653739612
0.4171270718232044
0.418732782369146
0.42032967032967034
0.42191780821917807
0.42349726775956287
0.4250681198910082
0.4266304347826087
0.4281842818428184
0.4297297297297297
0.431266846361186
0.4327956989247312
0.4343163538873995
0.4358288770053476
0.43733333333333335
0.44
0.44266666666666665
0.44533333333333336
0.448
0.45066666666666666
0.4533333333333333
0.456
0.4574468085106383
0.4588859416445623
0.4603174603174603
0.46174142480211083
0.4631578947368421
0.4645669291338583
0.46596858638743455
0.468586387434555
0.4712041884816754
0.4738219895287958
0.47643979057591623
0.4790575916230366
0.4816753926701571
0.48429319371727747
0.4869109947643979
0.4895287958115183
0.49214659685863876
0.49476439790575916
0.4973821989528796
0.5
0.5026178010471204
0.5052356020942408
0.5078534031413613
0.5104712041884817
0.5130890052356021
0.5157068062827225
0.518324607329843
0.5209424083769634
0.5235602094240838
0.5261780104712042
0.5287958115183246
0.5314136125654451
0.5340314136125655
0.5366492146596858
0.5392670157068062
0.5418848167539267
0.5445026178010471
0.5471204188481675
0.5497382198952879
0.5523560209424084
0.5549738219895288
0.5575916230366492
0.5602094240837696
0.56282722513089
0.5654450261780105
0.5680628272251309
0.5706806282722513
0.5732984293193717
0.5759162303664922
0.5785340314136126
0.581151832460733
0.5837696335078534
0.5863874345549738
0.5890052356020943
0.5916230366492147
0.5942408376963351
0.5968586387434555
0.599476439790576
0.6020942408376964
0.6047120418848168
0.6073298429319371
0.6099476439790575
0.612565445026178
0.6151832460732984
0.6178010471204188
0.6204188481675392
0.6230366492146597
0.6256544502617801
0.6282722513089005
0.6308900523560209
0.6335078534031413
0.6361256544502618
0.6387434554973822
0.6413612565445026
0.643979057591623
0.6465968586387435
0.6492146596858639
0.6518324607329843
0.6544502617801047
0.6570680628272252
0.6596858638743456
0.662303664921466
0.6649214659685864
0.6675392670157068
0.6701570680628273
0.6727748691099477
0.675392670157068
0.6780104712041884
0.680628272251309
0.6832460732984293
0.6858638743455497
0.6884816753926701
0.6910994764397905
0.693717277486911
0.6963350785340314
0.6989528795811518
0.7015706806282722
0.7041884816753927
0.7068062827225131
0.7094240837696335
0.7120418848167539
0.7146596858638743
0.7172774869109948
0.7198952879581152
0.7225130890052356
0.725130890052356
0.7277486910994765
0.7303664921465969
0.7329842931937173
0.7356020942408377
0.7382198952879581
0.7408376963350786
0.743455497382199
0.7460732984293194
0.7486910994764397
0.7513089005235603
0.7539267015706806
0.756544502617801
0.7591623036649214
0.7617801047120419
0.7643979057591623
0.7670157068062827
0.7696335078534031
0.7722513089005235
0.774869109947644
0.7774869109947644
0.7801047120418848
0.7827225130890052
0.7853403141361257
0.7879581151832461
0.7905759162303665
0.7931937172774869
0.7958115183246073
0.7984293193717278
0.8010471204188482
0.8036649214659686
0.806282722513089
0.8089005235602095
0.8115183246073299
0.8141361256544503
0.8167539267015707
0.819371727748691
0.8219895287958116
0.824607329842932
0.8272251308900523
0.8298429319371727
0.8324607329842932
0.8350785340314136
0.837696335078534
0.8403141361256544
0.8429319371727748
0.8455497382198953
0.8481675392670157
0.8507853403141361
0.8534031413612565
0.856020942408377
0.8586387434554974
0.8590078328981723
0.859375
0.8597402597402597
0.8601036269430051
0.8626943005181347
0.8652849740932642
0.8678756476683938
0.8704663212435233
0.8730569948186528
0.8756476683937824
0.875968992248062
0.8762886597938144
0.8766066838046273
0.8769230769230769
0.8772378516624041
0.8775510204081632
0.8778625954198473
0.8781725888324873
0.8784810126582279
0.8787878787878788
0.8790931989924433
0.8793969849246231
0.8796992481203008
0.88
0.8802992518703242
0.8805970149253731
0.8830845771144279
0.8855721393034826
0.8880597014925373
0.8817733990147784
0.8842364532019704
0.8866995073891626
0.8891625615763546
0.8765133171912833
0.8789346246973365
0.8813559322033898
0.8837772397094431
0.8861985472154964
0.8886198547215496
0.8910411622276029
0.8913043478260869
0.8705882352941177
0.8729411764705882
0.8752941176470588
0.8776470588235294
0.88
0.8823529411764706
0.8847058823529412
0.8870588235294118
0.8894117647058823
0.8917647058823529
0.892018779342723
0.8300653594771242
0.8322440087145969
0.8344226579520697
0.8366013071895425
0.8387799564270153
0.840958605664488
0.8431372549019608
0.8453159041394336
0.8329764453961456
0.8351177730192719
0.8372591006423983
0.8394004282655246
0.841541755888651
0.8436830835117773
0.8458244111349036
0.8443496801705757
0.8464818763326226
1.0
1.0
1.0
1.0
1.0
1.0
1.0
1.0
1.0
1.0
1.0
1.0
1.0
1.0
1.0
1.0
1.0
1.0
1.0
1.0
1.0
1.0
1.0
1.0
1.0
1.0
1.0
1.0
1.0
1.0
1.0
0.9696969696969697
0.9705882352941176
0.9714285714285714
0.9722222222222222
0.972972972972973
0.9736842105263158
0.9743589743589743
0.975
0.975609756097561
0.5540540540540541
0.56
0.5657894736842105
0.5714285714285714
0.5769230769230769
0.5822784810126582
0.5875
0.5925925925925926
0.5975609756097561
0.6024096385542169
0.6071428571428571
0.611764705882353
0.6162790697674418
0.6206896551724138
0.625
0.6292134831460674
0.6333333333333333
0.6373626373626373
0.6413043478260869
0.6451612903225806
0.648936170212766
0.6526315789473685
0.65625
0.6597938144329897
0.6632653061224489
0.6666666666666666
0.67
0.6732673267326733
0.6764705882352942
0.6796116504854369
0.6826923076923077
0.6857142857142857
0.6886792452830188
0.6915887850467289
0.6944444444444444
0.6972477064220184
0.7
0.7027027027027027
0.7053571428571429
0.7079646017699115
0.7105263157894737
0.7130434782608696
0.24127906976744187
0.24347826086956523
0.24566473988439305
0.2478386167146974
0.25
0.23783783783783785
0.2398921832884097
0.24193548387096775
0.24396782841823056
0.24598930481283424
0.248
0.24607329842931938
0.24804177545691905
0.25
0.2519480519480519
0.2538860103626943
0.25190839694656486
0.25380710659898476
0.25569620253164554
0.25757575757575757
0.2594458438287154
0.2613065326633166
0.2631578947368421
0.265
0.26683291770573564
0.26865671641791045
0.2704714640198511
0.2722772277227723
0.2740740740740741
0.2765432098765432
0.27832512315270935
0.2800982800982801
0.2818627450980392
0.28361858190709044
0.28536585365853656
0.2871046228710462
0.28883495145631066
0.29055690072639223
0.2922705314009662
0.29397590361445786
0.2956730769230769
0.2973621103117506
0.29904306220095694
0.30071599045346065
0.30238095238095236
0.30403800475059384
0.3056872037914692
0.3073286052009456
0.3089622641509434
0.31058823529411766
0.31220657276995306
0.31381733021077285
0.31542056074766356
0.317016317016317
0.3186046511627907
0.32018561484918795
0.32175925925925924
0.3233256351039261
0.3248847926267281
0.3264367816091954
0.32798165137614677
0.3295194508009153
0.3310502283105023
0.3325740318906606
0.3340909090909091
0.3356009070294785
0.33710407239819007
0.33860045146726864
0.3400900900900901
0.3415730337078652
0.3430493273542601
0.34451901565995524
0.34598214285714285
0.34743875278396436
0.3488888888888889
0.35033259423503327
0.35176991150442477
0.35320088300220753
0.35462555066079293
0.35604395604395606
0.3574561403508772
0.3588621444201313
0.36026200873362446
0.3616557734204793
0.3630434782608696
0.3644251626898048
0.3658008658008658
0.367170626349892
0.36853448275862066
0.36989247311827955
0.37124463519313305
0.37259100642398285
0.37393162393162394
0.3752665245202559
0.37659574468085105
0.37791932059447986
0.3792372881355932
0.38054968287526425
0.3818565400843882
0.3831578947368421
0.38445378151260506
0.3857442348008386
0.38702928870292885
0.3883089770354906
0.38958333333333334
0.3908523908523909
0.3921161825726141
0.39337474120082816
0.39462809917355374
0.3958762886597938
0.39711934156378603
0.39835728952772076
0.39959016393442626
0.40081799591002043
0.4020408163265306
0.40325865580448067
0.40447154471544716
0.4056795131845842
0.4068825910931174
0.4080808080808081
0.4092741935483871
0.4104627766599598
0.41164658634538154
0.41282565130260523
0.414
0.4151696606786427
0.4163346613545817
0.41832669322709165
0.4194831013916501
0.42063492063492064
0.42178217821782177
0.42376237623762375
0.42574257425742573
0.4277227722772277
0.4297029702970297
0.4316831683168317
0.43366336633663366
0.43478260869565216
0.4367588932806324
0.43873517786561267
0.4407114624505929
0.4426877470355731
0.44466403162055335
0.44664031620553357
0.44861660079051385
0.4505928853754941
0.4525691699604743
0.45454545454545453
0.45652173913043476
0.45849802371541504
0.46047430830039526
0.4624505928853755
0.4644268774703557
0.466403162055336
0.4683794466403162
0.47035573122529645
0.4714003944773176
0.47244094488188976
0.47347740667976423
0.4745098039215686
0.4755381604696673
0.4765625
0.4775828460038986
0.4785992217898833
0.4805447470817121
0.48249027237354086
0.48443579766536965
0.48638132295719844
0.4883268482490272
0.490272373540856
0.49221789883268485
0.49416342412451364
0.4961089494163424
0.4980544747081712
0.5
0.5019455252918288
0.5038910505836576
0.5058365758754864
0.5077821011673151
0.5097276264591439
0.5116731517509727
0.5136186770428015
0.5155642023346303
0.5175097276264592
0.519455252918288
0.5214007782101168
0.5233463035019456
0.5252918287937743
0.5262135922330097
0.5281553398058253
0.5300970873786408
0.5320388349514563
0.5339805825242718
0.5359223300970873
0.537864077669903
0.5398058252427185
0.541747572815534
0.5436893203883495
0.545631067961165
0.5475728155339806
0.5495145631067961
0.5503875968992248
0.5512572533849129
0.5521235521235521
0.5529865125240848
0.5538461538461539
0.5547024952015355
0.5555555555555556
0.5564053537284895
0.5572519083969466
0.5591603053435115
0.5610687022900763
0.5629770992366412
0.5638095238095238
0.564638783269962
0.5654648956356736
0.5662878787878788
0.5671077504725898
0.5679245283018868
0.568738229755179
0.5695488721804511
0.5703564727954972
0.5711610486891385
0.5719626168224299
0.5727611940298507
0.5735567970204841
0.5743494423791822
0.575139146567718
0.575925925925926
0.5767097966728281
0.577490774907749
0.578268876611418
0.5790441176470589
0.5798165137614679
0.5805860805860806
0.5813528336380256
0.5821167883211679
0.583941605839416
0.5857664233576643
0.5875912408759124
0.5894160583941606
0.5912408759124088
0.593065693430657
0.5948905109489051
0.5967153284671532
0.5985401459854015
0.6003649635036497
0.6021897810218978
0.6040145985401459
0.6058394160583942
0.6076642335766423
0.6094890510948905
0.6113138686131386
0.6131386861313869
0.614963503649635
0.6167883211678832
0.6186131386861314
0.6204379562043796
0.6222627737226277
0.6240875912408759
0.6259124087591241
0.6277372262773723
0.6295620437956204
0.6313868613138686
0.6332116788321168
0.635036496350365
0.6368613138686131
0.6386861313868614
0.6405109489051095
0.6423357664233577
0.6441605839416058
0.6459854014598541
0.6478102189781022
0.6496350364963503
0.6514598540145985
0.6532846715328468
0.6551094890510949
0.656934306569343
0.6587591240875912
0.6605839416058394
0.6624087591240876
0.6642335766423357
0.666058394160584
0.6678832116788321
0.6697080291970803
0.6715328467153284
0.6733576642335767
0.6751824817518248
0.677007299270073
0.6788321167883211
0.6806569343065694
0.6824817518248175
0.6843065693430657
0.6861313868613139
0.6879562043795621
0.6897810218978102
0.6916058394160584
0.6934306569343066
0.6952554744525548
0.6970802919708029
0.698905109489051
0.7007299270072993
0.7025547445255474
0.7043795620437956
0.7062043795620438
0.708029197080292
0.7098540145985401
0.7116788321167883
0.7135036496350365
0.7153284671532847
0.7171532846715328
0.718978102189781
0.7208029197080292
0.7226277372262774
0.7244525547445255
0.7262773722627737
0.7281021897810219
0.7299270072992701
0.7317518248175182
0.7335766423357665
0.7354014598540146
0.7372262773722628
0.7390510948905109
0.7408759124087592
0.7427007299270073
0.7445255474452555
0.7463503649635036
0.7481751824817519
0.75
0.7518248175182481
0.7536496350364964
0.7554744525547445
0.7572992700729927
0.7591240875912408
0.7609489051094891
0.7627737226277372
0.7645985401459854
0.7664233576642335
0.7682481751824818
0.7700729927007299
0.7718978102189781
0.7737226277372263
0.7755474452554745
0.7773722627737226
0.7791970802919708
0.781021897810219
0.7828467153284672
0.7846715328467153
0.7864963503649635
0.7883211678832117
0.7901459854014599
0.791970802919708
0.7937956204379562
0.7956204379562044
0.7974452554744526
0.7992700729927007
0.801094890510949
0.8029197080291971
0.8047445255474452
0.8065693430656934
0.8083941605839416
0.8102189781021898
0.8120437956204379
0.8138686131386861
0.8156934306569343
0.8175182481751825
0.8193430656934306
0.8211678832116789
0.822992700729927
0.8248175182481752
0.8266423357664233
0.8284671532846716
0.8302919708029197
0.8321167883211679
0.833941605839416
0.8357664233576643
0.8375912408759124
0.8394160583941606
0.8412408759124088
0.843065693430657
0.8448905109489051
0.8467153284671532
0.8485401459854015
0.8503649635036497
0.8521897810218978
0.8540145985401459
0.8542805100182149
0.8545454545454545
0.8548094373865699
0.855072463768116
0.8553345388788427
0.855595667870036
0.8558558558558559
0.8561151079136691
0.8563734290843806
0.8566308243727598
0.8568872987477638
0.8571428571428571
0.857397504456328
0.8576512455516014
0.8579040852575488
0.8581560283687943
0.8584070796460177
0.8586572438162544
0.8589065255731922
0.8591549295774648
0.859402460456942
0.8596491228070176
0.8598949211908932
0.8601398601398601
0.8603839441535777
0.8606271777003485
0.8608695652173913
0.8611111111111112
0.8613518197573656
0.8615916955017301
0.8618307426597582
0.8620689655172413
0.8623063683304647
0.8625429553264605
0.8627787307032591
0.863013698630137
0.8632478632478633
0.863481228668942
0.8637137989778535
0.8639455782312925
0.8641765704584041
0.864406779661017
0.8646362098138748
0.8648648648648649
0.8650927487352446
0.8653198653198653
0.865546218487395
0.8657718120805369
0.8659966499162479
0.8662207357859532
0.8664440734557596
0.8666666666666667
0.8668885191347754
0.867109634551495
0.867330016583748
0.8675496688741722
0.8692052980132451
1.0
1.0
1.0
1.0
1.0
1.0
1.0
1.0
1.0
1.0
1.0
1.0
1.0
1.0
1.0
1.0
1.0
1.0
1.0
1.0
1.0
1.0
1.0
1.0
1.0
1.0
1.0
1.0
1.0
1.0
1.0
1.0
1.0
1.0
1.0
1.0
1.0
1.0
1.0
1.0
1.0
1.0
1.0
1.0
1.0
1.0
1.0
1.0
1.0
1.0
1.0
1.0
1.0
1.0
1.0
1.0
1.0
1.0
1.0
1.0
1.0
1.0
1.0
1.0
1.0
1.0
1.0
1.0
1.0
1.0
1.0
1.0
1.0
1.0
1.0
1.0
1.0
1.0
1.0
1.0
1.0
1.0
1.0
1.0
1.0
1.0
1.0
1.0
1.0
1.0
1.0
1.0
1.0
1.0
1.0
1.0
1.0
1.0
1.0
1.0
1.0
1.0
1.0
1.0
1.0
1.0
1.0
1.0
1.0
1.0
1.0
1.0
1.0
1.0
1.0
1.0
1.0
1.0
0.8846153846153846
0.8867924528301887
0.8888888888888888
0.8909090909090909
0.8928571428571429
0.8793103448275862
0.8813559322033898
0.8833333333333333
0.8852459016393442
0.8870967741935484
0.8888888888888888
0.890625
0.8923076923076924
0.8939393939393939
0.8955223880597015
0.8970588235294118
0.8985507246376812
0.9
0.9014084507042254
0.9027777777777778
0.9041095890410958
0.9054054054054054
0.9066666666666666
0.9078947368421053
0.9090909090909091
0.9102564102564102
0.9113924050632911
0.7227722772277227
0.22492401215805471
0.22796352583586627
0.23100303951367782
0.23404255319148937
0.23708206686930092
0.24012158054711247
0.24316109422492402
0.24620060790273557
0.24924012158054712
0.25227963525835867
0.2553191489361702
0.25835866261398177
0.2613981762917933
0.26443768996960487
0.2674772036474164
0.270516717325228
0.2735562310030395
0.2765957446808511
0.2796352583586626
0.2826747720364742
0.2857142857142857
0.2887537993920973
0.2917933130699088
0.2948328267477204
0.2978723404255319
0.3009118541033435
0.303951367781155
0.3069908814589666
0.3100303951367781
0.3130699088145897
0.3151515151515151
0.3181818181818182
0.3212121212121212
0.3242424242424242
0.32727272727272727
0.3303030303030303
0.3333333333333333
0.33636363636363636
0.3393939393939394
0.3424242424242424
0.34545454545454546
0.3484848484848485
0.3515151515151515
0.35347432024169184
0.35542168674698793
0.35735735735735735
0.3592814371257485
0.3611940298507463
0.3630952380952381
0.3649851632047478
0.3668639053254438
0.3687315634218289
0.37168141592920356
0.3735294117647059
0.375366568914956
0.37719298245614036
0.37900874635568516
0.3808139534883721
0.3826086956521739
0.38439306358381503
0.3861671469740634
0.38904899135446686
0.3919308357348703
0.3936781609195402
0.3954154727793696
0.39714285714285713
0.39886039886039887
0.4005681818181818
0.40226628895184136
0.403954802259887
0.4056338028169014
0.40730337078651685
0.40896358543417366
0.4106145251396648
0.41225626740947074
0.41388888888888886
0.4155124653739612
0.4171270718232044
0.418732782369146
0.42032967032967034
0.42191780821917807
0.42349726775956287
0.4250681198910082
0.4266304347826087
0.4281842818428184
0.4297297297297297
0.431266846361186
0.4327956989247312
0.4343163538873995
0.4358288770053476
0.43733333333333335
0.44
0.44266666666666665
0.44533333333333336
0.448
0.45066666666666666
0.4533333333333333
0.456
0.4574468085106383
0.4588859416445623
0.4603174603174603
0.46174142480211083
0.4631578947368421
0.4645669291338583
0.46596858638743455
0.468586387434555
0.4712041884816754
0.4738219895287958
0.47643979057591623
0.4790575916230366
0.4816753926701571
0.48429319371727747
0.4869109947643979
0.4895287958115183
0.49214659685863876
0.49476439790575916
0.4973821989528796
0.5
0.5026178010471204
0.5052356020942408
0.5078534031413613
0.5104712041884817
0.5130890052356021
0.5157068062827225
0.518324607329843
0.5209424083769634
0.5235602094240838
0.5261780104712042
0.5287958115183246
0.5314136125654451
0.5340314136125655
0.5366492146596858
0.5392670157068062
0.5418848167539267
0.5445026178010471
0.5471204188481675
0.5497382198952879
0.5523560209424084
0.5549738219895288
0.5575916230366492
0.5602094240837696
0.56282722513089
0.5654450261780105
0.5680628272251309
0.5706806282722513
0.5732984293193717
0.5759162303664922
0.5785340314136126
0.581151832460733
0.5837696335078534
0.5863874345549738
0.5890052356020943
0.5916230366492147
0.5942408376963351
0.5968586387434555
0.599476439790576
0.6020942408376964
0.6047120418848168
0.6073298429319371
0.6099476439790575
0.612565445026178
0.6151832460732984
0.6178010471204188
0.6204188481675392
0.6230366492146597
0.6256544502617801
0.6282722513089005
0.6308900523560209
0.6335078534031413
0.6361256544502618
0.6387434554973822
0.6413612565445026
0.643979057591623
0.6465968586387435
0.6492146596858639
0.6518324607329843
0.6544502617801047
0.6570680628272252
0.6596858638743456
0.662303664921466
0.6649214659685864
0.6675392670157068
0.6701570680628273
0.6727748691099477
0.675392670157068
0.6780104712041884
0.680628272251309
0.6832460732984293
0.6858638743455497
0.6884816753926701
0.6910994764397905
0.693717277486911
0.6963350785340314
0.6989528795811518
0.7015706806282722
0.7041884816753927
0.7068062827225131
0.7094240837696335
0.7120418848167539
0.7146596858638743
0.7172774869109948
0.7198952879581152
0.7225130890052356
0.725130890052356
0.7277486910994765
0.7303664921465969
0.7329842931937173
0.7356020942408377
0.7382198952879581
0.7408376963350786
0.743455497382199
0.7460732984293194
0.7486910994764397
0.7513089005235603
0.7539267015706806
0.756544502617801
0.7591623036649214
0.7617801047120419
0.7643979057591623
0.7670157068062827
0.7696335078534031
0.7722513089005235
0.774869109947644
0.7774869109947644
0.7801047120418848
0.7827225130890052
0.7853403141361257
0.7879581151832461
0.7905759162303665
0.7931937172774869
0.7958115183246073
0.7984293193717278
0.8010471204188482
0.8036649214659686
0.806282722513089
0.8089005235602095
0.8115183246073299
0.8141361256544503
0.8167539267015707
0.819371727748691
0.8219895287958116
0.824607329842932
0.8272251308900523
0.8298429319371727
0.8324607329842932
0.8350785340314136
0.837696335078534
0.8403141361256544
0.8429319371727748
0.8455497382198953
0.8481675392670157
0.8507853403141361
0.8534031413612565
0.856020942408377
0.8586387434554974
0.8590078328981723
0.859375
0.8597402597402597
0.8601036269430051
0.8626943005181347
0.8652849740932642
0.8678756476683938
0.8704663212435233
0.8730569948186528
0.8756476683937824
0.875968992248062
0.8762886597938144
0.8766066838046273
0.8769230769230769
0.8772378516624041
0.8775510204081632
0.8778625954198473
0.8781725888324873
0.8784810126582279
0.8787878787878788
0.8790931989924433
0.8793969849246231
0.8796992481203008
0.88
0.8802992518703242
0.8805970149253731
0.8830845771144279
0.8855721393034826
0.8880597014925373
0.8668280871670703
0.8692493946731235
0.8716707021791767
0.87409200968523
0.8765133171912833
0.8789346246973365
0.8813559322033898
0.8837772397094431
0.8861985472154964
0.8886198547215496
0.8888888888888888
0.8827751196172249
0.8851674641148325
0.8875598086124402
0.8899521531100478
0.888095238095238
0.8904761904761904
0.8761682242990654
0.8785046728971962
0.8808411214953271
0.883177570093458
0.8855140186915887
0.8878504672897196
0.8881118881118881
0.8761467889908257
0.8784403669724771
0.8807339449541285
0.8830275229357798
0.8853211009174312
0.8876146788990825
0.8899082568807339
0.8294243070362474
0.8315565031982942
0.8336886993603412
0.835820895522388
0.837953091684435
0.8400852878464818
0.8422174840085288
0.8443496801705757
1.0
1.0
1.0
1.0
1.0
1.0
1.0
1.0
1.0
1.0
1.0
1.0
1.0
1.0
1.0
1.0
1.0
1.0
1.0
1.0
1.0
1.0
1.0
1.0
1.0
1.0
1.0
1.0
1.0
1.0
1.0
1.0
1.0
1.0
1.0
1.0
1.0
1.0
1.0
1.0
1.0
1.0
1.0
1.0
1.0
1.0
1.0
1.0
1.0
1.0
1.0
1.0
1.0
1.0
1.0
1.0
1.0
1.0
1.0
1.0
1.0
1.0
1.0
1.0
1.0
1.0
1.0
1.0
1.0
1.0
1.0
1.0
1.0
1.0
1.0
1.0
1.0
1.0
1.0
1.0
1.0
1.0
1.0
1.0
1.0
1.0
1.0
1.0
1.0
1.0
1.0
1.0
1.0
1.0
1.0
1.0
1.0
1.0
1.0
1.0
1.0
1.0
1.0
1.0
1.0
1.0
1.0
1.0
1.0
1.0
1.0
1.0
1.0
1.0
1.0
1.0
1.0
1.0
1.0
1.0
1.0
1.0
1.0
1.0
1.0
1.0
1.0
1.0
1.0
1.0
1.0
1.0
1.0
1.0
1.0
1.0
1.0
1.0
1.0
1.0
1.0
1.0
1.0
1.0
1.0
1.0
1.0
1.0
1.0
1.0
1.0
1.0
1.0
1.0
1.0
1.0
1.0
1.0
1.0
1.0
1.0
1.0
1.0
1.0
1.0
1.0
1.0
1.0
1.0
1.0
1.0
1.0
1.0
1.0
1.0
1.0
1.0
1.0
1.0
1.0
1.0
1.0
1.0
1.0
1.0
1.0
1.0
1.0
1.0
1.0
1.0
1.0
1.0
1.0
1.0
1.0
1.0
1.0
1.0
1.0
1.0
1.0
1.0
1.0
1.0
1.0
1.0
1.0
1.0
1.0
1.0
1.0
1.0
1.0
1.0
1.0
1.0
1.0
1.0
1.0
1.0
1.0
1.0
1.0
1.0
1.0
1.0
1.0
1.0
1.0
1.0
1.0
1.0
1.0
1.0
1.0
1.0
1.0
1.0
1.0
1.0
1.0
1.0
1.0
1.0
1.0
1.0
1.0
1.0
1.0
1.0
1.0
1.0
1.0
1.0
1.0
1.0
1.0
1.0
1.0
1.0
1.0
1.0
1.0
1.0
1.0
1.0
1.0
1.0
1.0
1.0
1.0
1.0
1.0
1.0
1.0
1.0
1.0
1.0
1.0
1.0
1.0
1.0
1.0
1.0
1.0
1.0
1.0
1.0
1.0
1.0
1.0
1.0
1.0
1.0
1.0
1.0
1.0
1.0
1.0
1.0
1.0
1.0
1.0
1.0
1.0
1.0
1.0
1.0
1.0
1.0
1.0
1.0
1.0
1.0
1.0
1.0
1.0
1.0
1.0
1.0
1.0
1.0
1.0
1.0
1.0
1.0
1.0
1.0
1.0
1.0
1.0
1.0
1.0
1.0
1.0
1.0
1.0
1.0
1.0
1.0
1.0
1.0
1.0
1.0
1.0
1.0
1.0
1.0
1.0
1.0
1.0
1.0
1.0
1.0
1.0
1.0
1.0
1.0
1.0
1.0
1.0
1.0
1.0
1.0
1.0
1.0
1.0
1.0
1.0
1.0
1.0
1.0
1.0
1.0
1.0
1.0
1.0
1.0
1.0
1.0
1.0
1.0
1.0
1.0
1.0
1.0
1.0
1.0
1.0
1.0
1.0
1.0
1.0
1.0
1.0
1.0
1.0
1.0
1.0
1.0
1.0
1.0
1.0
1.0
1.0
1.0
1.0
1.0
1.0
1.0
1.0
1.0
1.0
1.0
1.0
1.0
1.0
1.0
1.0
1.0
1.0
1.0
1.0
1.0
1.0
1.0
1.0
1.0
1.0
1.0
1.0
1.0
1.0
1.0
1.0
1.0
1.0
1.0
1.0
1.0
1.0
1.0
1.0
1.0
1.0
1.0
1.0
1.0
1.0
1.0
1.0
1.0
1.0
1.0
1.0
1.0
1.0
1.0
1.0
1.0
1.0
1.0
1.0
1.0
1.0
1.0
1.0
1.0
1.0
1.0
1.0
1.0
1.0
1.0
1.0
1.0
1.0
1.0
1.0
1.0
1.0
1.0
1.0
1.0
1.0
1.0
1.0
1.0
1.0
1.0
1.0
1.0
1.0
1.0
1.0
1.0
1.0
1.0
1.0
1.0
1.0
1.0
1.0
1.0
1.0
1.0
1.0
1.0
1.0
1.0
1.0
1.0
1.0
1.0
1.0
1.0
1.0
1.0
1.0
1.0
1.0
1.0
1.0
1.0
1.0
1.0
1.0
1.0
1.0
1.0
1.0
1.0
1.0
1.0
1.0
1.0
1.0
1.0
1.0
1.0
1.0
1.0
1.0
1.0
1.0
1.0
1.0
1.0
1.0
1.0
1.0
1.0
1.0
1.0
1.0
0.9696969696969697
0.9705882352941176
0.9714285714285714
0.9722222222222222
0.972972972972973
0.9736842105263158
0.9743589743589743
0.975
0.975609756097561
0.5540540540540541
0.56
0.5657894736842105
0.5714285714285714
0.5769230769230769
0.5822784810126582
0.5875
0.5925925925925926
0.5975609756097561
0.6024096385542169
0.6071428571428571
0.611764705882353
0.6162790697674418
0.6206896551724138
0.625
0.6292134831460674
0.6333333333333333
0.6373626373626373
0.6413043478260869
0.6451612903225806
0.648936170212766
0.6526315789473685
0.65625
0.6597938144329897
0.6632653061224489
0.6666666666666666
0.67
0.6732673267326733
0.6764705882352942
0.6796116504854369
0.6826923076923077
0.6857142857142857
0.6886792452830188
0.6915887850467289
0.6944444444444444
0.6972477064220184
0.7
0.7027027027027027
0.7053571428571429
0.7079646017699115
0.7105263157894737
0.7130434782608696
0.24127906976744187
0.24347826086956523
0.24566473988439305
0.2478386167146974
0.25
0.23783783783783785
0.2398921832884097
0.24193548387096775
0.24396782841823056
0.24598930481283424
0.248
0.24607329842931938
0.24804177545691905
0.25
0.2519480519480519
0.2538860103626943
0.25190839694656486
0.25380710659898476
0.25569620253164554
0.25757575757575757
0.2594458438287154
0.2613065326633166
0.2631578947368421
0.265
0.26683291770573564
0.26865671641791045
0.2704714640198511
0.2722772277227723
0.2740740740740741
0.2765432098765432
0.27832512315270935
0.2800982800982801
0.2818627450980392
0.28361858190709044
0.28536585365853656
0.2871046228710462
0.28883495145631066
0.29055690072639223
0.2922705314009662
0.29397590361445786
0.2956730769230769
0.2973621103117506
0.29904306220095694
0.30071599045346065
0.30238095238095236
0.30403800475059384
0.3056872037914692
0.3073286052009456
0.3089622641509434
0.31058823529411766
0.31220657276995306
0.31381733021077285
0.31542056074766356
0.317016317016317
0.3186046511627907
0.32018561484918795
0.32175925925925924
0.3233256351039261
0.3248847926267281
0.3264367816091954
0.32798165137614677
0.3295194508009153
0.3310502283105023
0.3325740318906606
0.3340909090909091
0.3356009070294785
0.33710407239819007
0.33860045146726864
0.3400900900900901
0.3415730337078652
0.3430493273542601
0.34451901565995524
0.34598214285714285
0.34743875278396436
0.3488888888888889
0.35033259423503327
0.35176991150442477
0.35320088300220753
0.35462555066079293
0.35604395604395606
0.3574561403508772
0.3588621444201313
0.36026200873362446
0.3616557734204793
0.3630434782608696
0.3644251626898048
0.3658008658008658
0.367170626349892
0.36853448275862066
0.36989247311827955
0.37124463519313305
0.37259100642398285
0.37393162393162394
0.3752665245202559
0.37659574468085105
0.37791932059447986
0.3792372881355932
0.38054968287526425
0.3818565400843882
0.3831578947368421
0.38445378151260506
0.3857442348008386
0.38702928870292885
0.3883089770354906
0.38958333333333334
0.3908523908523909
0.3921161825726141
0.39337474120082816
0.39462809917355374
0.3958762886597938
0.39711934156378603
0.39835728952772076
0.39959016393442626
0.40081799591002043
0.4020408163265306
0.40325865580448067
0.40447154471544716
0.4056795131845842
0.4068825910931174
0.4080808080808081
0.4092741935483871
0.4104627766599598
0.41164658634538154
0.41282565130260523
0.414
0.4151696606786427
0.4163346613545817
0.41832669322709165
0.4194831013916501
0.42063492063492064
0.42178217821782177
0.42376237623762375
0.42574257425742573
0.4277227722772277
0.4297029702970297
0.4316831683168317
0.43366336633663366
0.43478260869565216
0.4367588932806324
0.43873517786561267
0.4407114624505929
0.4426877470355731
0.44466403162055335
0.44664031620553357
0.44861660079051385
0.4505928853754941
0.4525691699604743
0.45454545454545453
0.45652173913043476
0.45849802371541504
0.46047430830039526
0.4624505928853755
0.4644268774703557
0.466403162055336
0.4683794466403162
0.47035573122529645
0.4714003944773176
0.47244094488188976
0.47347740667976423
0.4745098039215686
0.4755381604696673
0.4765625
0.4775828460038986
0.4785992217898833
0.4805447470817121
0.48249027237354086
0.48443579766536965
0.48638132295719844
0.4883268482490272
0.490272373540856
0.49221789883268485
0.49416342412451364
0.4961089494163424
0.4980544747081712
0.5
0.5019455252918288
0.5038910505836576
0.5058365758754864
0.5077821011673151
0.5097276264591439
0.5116731517509727
0.5136186770428015
0.5155642023346303
0.5175097276264592
0.519455252918288
0.5214007782101168
0.5233463035019456
0.5252918287937743
0.5262135922330097
0.5281553398058253
0.5300970873786408
0.5320388349514563
0.5339805825242718
0.5359223300970873
0.537864077669903
0.5398058252427185
0.541747572815534
0.5436893203883495
0.545631067961165
0.5475728155339806
0.5495145631067961
0.5503875968992248
0.5512572533849129
0.5521235521235521
0.5529865125240848
0.5538461538461539
0.5547024952015355
0.5555555555555556
0.5564053537284895
0.5572519083969466
0.5591603053435115
0.5610687022900763
0.5629770992366412
0.5638095238095238
0.564638783269962
0.5654648956356736
0.5662878787878788
0.5671077504725898
0.5679245283018868
0.568738229755179
0.5695488721804511
0.5703564727954972
0.5711610486891385
0.5719626168224299
0.5727611940298507
0.5735567970204841
0.5743494423791822
0.575139146567718
0.575925925925926
0.5767097966728281
0.577490774907749
0.578268876611418
0.5790441176470589
0.5798165137614679
0.5805860805860806
0.5813528336380256
0.5821167883211679
0.583941605839416
0.5857664233576643
0.5875912408759124
0.5894160583941606
0.5912408759124088
0.593065693430657
0.5948905109489051
0.5967153284671532
0.5985401459854015
0.6003649635036497
0.6021897810218978
0.6040145985401459
0.6058394160583942
0.6076642335766423
0.6094890510948905
0.6113138686131386
0.6131386861313869
0.614963503649635
0.6167883211678832
0.6186131386861314
0.6204379562043796
0.6222627737226277
0.6240875912408759
0.6259124087591241
0.6277372262773723
0.6295620437956204
0.6313868613138686
0.6332116788321168
0.635036496350365
0.6368613138686131
0.6386861313868614
0.6405109489051095
0.6423357664233577
0.6441605839416058
0.6459854014598541
0.6478102189781022
0.6496350364963503
0.6514598540145985
0.6532846715328468
0.6551094890510949
0.656934306569343
0.6587591240875912
0.6605839416058394
0.6624087591240876
0.6642335766423357
0.666058394160584
0.6678832116788321
0.6697080291970803
0.6715328467153284
0.6733576642335767
0.6751824817518248
0.677007299270073
0.6788321167883211
0.6806569343065694
0.6824817518248175
0.6843065693430657
0.6861313868613139
0.6879562043795621
0.6897810218978102
0.6916058394160584
0.6934306569343066
0.6952554744525548
0.6970802919708029
0.698905109489051
0.7007299270072993
0.7025547445255474
0.7043795620437956
0.7062043795620438
0.708029197080292
0.7098540145985401
0.7116788321167883
0.7135036496350365
0.7153284671532847
0.7171532846715328
0.718978102189781
0.7208029197080292
0.7226277372262774
0.7244525547445255
0.7262773722627737
0.7281021897810219
0.7299270072992701
0.7317518248175182
0.7335766423357665
0.7354014598540146
0.7372262773722628
0.7390510948905109
0.7408759124087592
0.7427007299270073
0.7445255474452555
0.7463503649635036
0.7481751824817519
0.75
0.7518248175182481
0.7536496350364964
0.7554744525547445
0.7572992700729927
0.7591240875912408
0.7609489051094891
0.7627737226277372
0.7645985401459854
0.7664233576642335
0.7682481751824818
0.7700729927007299
0.7718978102189781
0.7737226277372263
0.7755474452554745
0.7773722627737226
0.7791970802919708
0.781021897810219
0.7828467153284672
0.7846715328467153
0.7864963503649635
0.7883211678832117
0.7901459854014599
0.791970802919708
0.7937956204379562
0.7956204379562044
0.7974452554744526
0.7992700729927007
0.801094890510949
0.8029197080291971
0.8047445255474452
0.8065693430656934
0.8083941605839416
0.8102189781021898
0.8120437956204379
0.8138686131386861
0.8156934306569343
0.8175182481751825
0.8193430656934306
0.8211678832116789
0.822992700729927
0.8248175182481752
0.8266423357664233
0.8284671532846716
0.8302919708029197
0.8321167883211679
0.833941605839416
0.8357664233576643
0.8375912408759124
0.8394160583941606
0.8412408759124088
0.843065693430657
0.8448905109489051
0.8467153284671532
0.8485401459854015
0.8503649635036497
0.8521897810218978
0.8540145985401459
0.8542805100182149
0.8545454545454545
0.8548094373865699
0.855072463768116
0.8553345388788427
0.855595667870036
0.8558558558558559
0.8561151079136691
0.8563734290843806
0.8566308243727598
0.8568872987477638
0.8571428571428571
0.857397504456328
0.8576512455516014
0.8579040852575488
0.8581560283687943
0.8584070796460177
0.8586572438162544
0.8589065255731922
0.8591549295774648
0.859402460456942
0.8596491228070176
0.8598949211908932
0.8601398601398601
0.8603839441535777
0.8606271777003485
0.8608695652173913
0.8611111111111112
0.8613518197573656
0.8615916955017301
0.8618307426597582
0.8620689655172413
0.8623063683304647
0.8625429553264605
0.8627787307032591
0.863013698630137
0.8632478632478633
0.863481228668942
0.8637137989778535
0.8639455782312925
0.8641765704584041
0.864406779661017
0.8646362098138748
0.8648648648648649
0.8650927487352446
0.8653198653198653
0.865546218487395
0.8657718120805369
0.8659966499162479
0.8662207357859532
0.8664440734557596
0.8666666666666667
0.8668885191347754
0.867109634551495
0.867330016583748
0.8675496688741722
0.8692052980132451
1.0
1.0
1.0
1.0
1.0
1.0
1.0
1.0
1.0
1.0
1.0
1.0
1.0
1.0
1.0
1.0
1.0
1.0
1.0
1.0
1.0
1.0
1.0
1.0
1.0
1.0
1.0
1.0
1.0
1.0
1.0
1.0
1.0
1.0
1.0
1.0
1.0
1.0
1.0
1.0
1.0
1.0
1.0
1.0
1.0
0.8846153846153846
0.8867924528301887
0.8888888888888888
0.8909090909090909
0.8928571428571429
0.8793103448275862
0.8813559322033898
0.8833333333333333
0.8852459016393442
0.8870967741935484
0.8888888888888888
0.890625
0.8923076923076924
0.8939393939393939
0.8955223880597015
0.8970588235294118
0.8985507246376812
0.9
0.9014084507042254
0.9027777777777778
0.9041095890410958
0.9054054054054054
0.9066666666666666
0.9078947368421053
0.9090909090909091
0.9102564102564102
0.9113924050632911
0.7227722772277227
0.22492401215805471
0.22796352583586627
0.23100303951367782
0.23404255319148937
0.23708206686930092
0.24012158054711247
0.24316109422492402
0.24620060790273557
0.24924012158054712
0.25227963525835867
0.2553191489361702
0.25835866261398177
0.2613981762917933
0.26443768996960487
0.2674772036474164
0.270516717325228
0.2735562310030395
0.2765957446808511
0.2796352583586626
0.2826747720364742
0.2857142857142857
0.2887537993920973
0.2917933130699088
0.2948328267477204
0.2978723404255319
0.3009118541033435
0.303951367781155
0.3069908814589666
0.3100303951367781
0.3130699088145897
0.3151515151515151
0.3181818181818182
0.3212121212121212
0.3242424242424242
0.32727272727272727
0.3303030303030303
0.3333333333333333
0.33636363636363636
0.3393939393939394
0.3424242424242424
0.34545454545454546
0.3484848484848485
0.3515151515151515
0.35347432024169184
0.35542168674698793
0.35735735735735735
0.3592814371257485
0.3611940298507463
0.3630952380952381
0.3649851632047478
0.3668639053254438
0.3687315634218289
0.37168141592920356
0.3735294117647059
0.375366568914956
0.37719298245614036
0.37900874635568516
0.3808139534883721
0.3826086956521739
0.38439306358381503
0.3861671469740634
0.38904899135446686
0.3919308357348703
0.3936781609195402
0.3954154727793696
0.39714285714285713
0.39886039886039887
0.4005681818181818
0.40226628895184136
0.403954802259887
0.4056338028169014
0.40730337078651685
0.40896358543417366
0.4106145251396648
0.41225626740947074
0.41388888888888886
0.4155124653739612
0.4171270718232044
0.418732782369146
0.42032967032967034
0.42191780821917807
0.42349726775956287
0.4250681198910082
0.4266304347826087
0.4281842818428184
0.4297297297297297
0.431266846361186
0.4327956989247312
0.4343163538873995
0.4358288770053476
0.43733333333333335
0.44
0.44266666666666665
0.44533333333333336
0.448
0.45066666666666666
0.4533333333333333
0.456
0.4574468085106383
0.4588859416445623
0.4603174603174603
0.46174142480211083
0.4631578947368421
0.4645669291338583
0.46596858638743455
0.468586387434555
0.4712041884816754
0.4738219895287958
0.47643979057591623
0.4790575916230366
0.4816753926701571
0.48429319371727747
0.4869109947643979
0.4895287958115183
0.49214659685863876
0.49476439790575916
0.4973821989528796
0.5
0.5026178010471204
0.5052356020942408
0.5078534031413613
0.5104712041884817
0.5130890052356021
0.5157068062827225
0.518324607329843
0.5209424083769634
0.5235602094240838
0.5261780104712042
0.5287958115183246
0.5314136125654451
0.5340314136125655
0.5366492146596858
0.5392670157068062
0.5418848167539267
0.5445026178010471
0.5471204188481675
0.5497382198952879
0.5523560209424084
0.5549738219895288
0.5575916230366492
0.5602094240837696
0.56282722513089
0.5654450261780105
0.5680628272251309
0.5706806282722513
0.5732984293193717
0.5759162303664922
0.5785340314136126
0.581151832460733
0.5837696335078534
0.5863874345549738
0.5890052356020943
0.5916230366492147
0.5942408376963351
0.5968586387434555
0.599476439790576
0.6020942408376964
0.6047120418848168
0.6073298429319371
0.6099476439790575
0.612565445026178
0.6151832460732984
0.6178010471204188
0.6204188481675392
0.6230366492146597
0.6256544502617801
0.6282722513089005
0.6308900523560209
0.6335078534031413
0.6361256544502618
0.6387434554973822
0.6413612565445026
0.643979057591623
0.6465968586387435
0.6492146596858639
0.6518324607329843
0.6544502617801047
0.6570680628272252
0.6596858638743456
0.662303664921466
0.6649214659685864
0.6675392670157068
0.6701570680628273
0.6727748691099477
0.675392670157068
0.6780104712041884
0.680628272251309
0.6832460732984293
0.6858638743455497
0.6884816753926701
0.6910994764397905
0.693717277486911
0.6963350785340314
0.6989528795811518
0.7015706806282722
0.7041884816753927
0.7068062827225131
0.7094240837696335
0.7120418848167539
0.7146596858638743
0.7172774869109948
0.7198952879581152
0.7225130890052356
0.725130890052356
0.7277486910994765
0.7303664921465969
0.7329842931937173
0.7356020942408377
0.7382198952879581
0.7408376963350786
0.743455497382199
0.7460732984293194
0.7486910994764397
0.7513089005235603
0.7539267015706806
0.756544502617801
0.7591623036649214
0.7617801047120419
0.7643979057591623
0.7670157068062827
0.7696335078534031
0.7722513089005235
0.774869109947644
0.7774869109947644
0.7801047120418848
0.7827225130890052
0.7853403141361257
0.7879581151832461
0.7905759162303665
0.7931937172774869
0.7958115183246073
0.7984293193717278
0.8010471204188482
0.8036649214659686
0.806282722513089
0.8089005235602095
0.8115183246073299
0.8141361256544503
0.8167539267015707
0.819371727748691
0.8219895287958116
0.824607329842932
0.8272251308900523
0.8298429319371727
0.8324607329842932
0.8350785340314136
0.837696335078534
0.8403141361256544
0.8429319371727748
0.8455497382198953
0.8481675392670157
0.8507853403141361
0.8534031413612565
0.856020942408377
0.8586387434554974
0.8590078328981723
0.859375
0.8597402597402597
0.8601036269430051
0.8626943005181347
0.8652849740932642
0.8678756476683938
0.8704663212435233
0.8730569948186528
0.8756476683937824
0.875968992248062
0.8762886597938144
0.8766066838046273
0.8769230769230769
0.8772378516624041
0.8775510204081632
0.8778625954198473
0.8781725888324873
0.8784810126582279
0.8787878787878788
0.8790931989924433
0.8793969849246231
0.8796992481203008
0.88
0.8802992518703242
0.8805970149253731
0.8830845771144279
0.8855721393034826
0.8880597014925373
0.8883374689826302
0.823394495412844
0.8256880733944955
0.8279816513761468
0.8302752293577982
0.8325688073394495
0.8348623853211009
0.8371559633027523
0.8394495412844036
0.8210290827740492
0.8232662192393736
0.825503355704698
0.8277404921700223
0.8299776286353467
0.8322147651006712
0.8344519015659956
0.8366890380313199
0.8389261744966443
0.8411633109619687
0.8396436525612472
0.8418708240534521
0.8293216630196937
0.8315098468271335
0.8336980306345733
0.8358862144420132
0.838074398249453
0.8402625820568927
0.8297413793103449
0.8318965517241379
0.834051724137931
0.8362068965517241
0.8383620689655172
0.8405172413793104
0.8426724137931034
0.8376068376068376
0.8397435897435898
0.8418803418803419
0.844017094017094
0.8443496801705757
1.0
1.0
1.0
1.0
1.0
1.0
1.0
1.0
1.0
1.0
1.0
1.0
1.0
1.0
1.0
1.0
1.0
1.0
1.0
1.0
1.0
1.0
1.0
1.0
1.0
1.0
1.0
1.0
1.0
1.0
1.0
0.9696969696969697
0.9705882352941176
0.9714285714285714
0.9722222222222222
0.972972972972973
0.9736842105263158
0.9743589743589743
0.975
0.975609756097561
0.5540540540540541
0.56
0.5657894736842105
0.5714285714285714
0.5769230769230769
0.5822784810126582
0.5875
0.5925925925925926
0.5975609756097561
0.6024096385542169
0.6071428571428571
0.611764705882353
0.6162790697674418
0.6206896551724138
0.625
0.6292134831460674
0.6333333333333333
0.6373626373626373
0.6413043478260869
0.6451612903225806
0.648936170212766
0.6526315789473685
0.65625
0.6597938144329897
0.6632653061224489
0.6666666666666666
0.67
0.6732673267326733
0.6764705882352942
0.6796116504854369
0.6826923076923077
0.6857142857142857
0.6886792452830188
0.6915887850467289
0.6944444444444444
0.6972477064220184
0.7
0.7027027027027027
0.7053571428571429
0.7079646017699115
0.7105263157894737
0.7130434782608696
0.24127906976744187
0.24347826086956523
0.24566473988439305
0.2478386167146974
0.25
0.23783783783783785
0.2398921832884097
0.24193548387096775
0.24396782841823056
0.24598930481283424
0.248
0.24607329842931938
0.24804177545691905
0.25
0.2519480519480519
0.2538860103626943
0.25190839694656486
0.25380710659898476
0.25569620253164554
0.25757575757575757
0.2594458438287154
0.2613065326633166
0.2631578947368421
0.265
0.26683291770573564
0.26865671641791045
0.2704714640198511
0.2722772277227723
0.2740740740740741
0.2765432098765432
0.27832512315270935
0.2800982800982801
0.2818627450980392
0.28361858190709044
0.28536585365853656
0.2871046228710462
0.28883495145631066
0.29055690072639223
0.2922705314009662
0.29397590361445786
0.2956730769230769
0.2973621103117506
0.29904306220095694
0.30071599045346065
0.30238095238095236
0.30403800475059384
0.3056872037914692
0.3073286052009456
0.3089622641509434
0.31058823529411766
0.31220657276995306
0.31381733021077285
0.31542056074766356
0.317016317016317
0.3186046511627907
0.32018561484918795
0.32175925925925924
0.3233256351039261
0.3248847926267281
0.3264367816091954
0.32798165137614677
0.3295194508009153
0.3310502283105023
0.3325740318906606
0.3340909090909091
0.3356009070294785
0.33710407239819007
0.33860045146726864
0.3400900900900901
0.3415730337078652
0.3430493273542601
0.34451901565995524
0.34598214285714285
0.34743875278396436
0.3488888888888889
0.35033259423503327
0.35176991150442477
0.35320088300220753
0.35462555066079293
0.35604395604395606
0.3574561403508772
0.3588621444201313
0.36026200873362446
0.3616557734204793
0.3630434782608696
0.3644251626898048
0.3658008658008658
0.367170626349892
0.36853448275862066
0.36989247311827955
0.37124463519313305
0.37259100642398285
0.37393162393162394
0.3752665245202559
0.37659574468085105
0.37791932059447986
0.3792372881355932
0.38054968287526425
0.3818565400843882
0.3831578947368421
0.38445378151260506
0.3857442348008386
0.38702928870292885
0.3883089770354906
0.38958333333333334
0.3908523908523909
0.3921161825726141
0.39337474120082816
0.39462809917355374
0.3958762886597938
0.39711934156378603
0.39835728952772076
0.39959016393442626
0.40081799591002043
0.4020408163265306
0.40325865580448067
0.40447154471544716
0.4056795131845842
0.4068825910931174
0.4080808080808081
0.4092741935483871
0.4104627766599598
0.41164658634538154
0.41282565130260523
0.414
0.4151696606786427
0.4163346613545817
0.41832669322709165
0.4194831013916501
0.42063492063492064
0.42178217821782177
0.42376237623762375
0.42574257425742573
0.4277227722772277
0.4297029702970297
0.4316831683168317
0.43366336633663366
0.43478260869565216
0.4367588932806324
0.43873517786561267
0.4407114624505929
0.4426877470355731
0.44466403162055335
0.44664031620553357
0.44861660079051385
0.4505928853754941
0.4525691699604743
0.45454545454545453
0.45652173913043476
0.45849802371541504
0.46047430830039526
0.4624505928853755
0.4644268774703557
0.466403162055336
0.4683794466403162
0.47035573122529645
0.4714003944773176
0.47244094488188976
0.47347740667976423
0.4745098039215686
0.4755381604696673
0.4765625
0.4775828460038986
0.4785992217898833
0.4805447470817121
0.48249027237354086
0.48443579766536965
0.48638132295719844
0.4883268482490272
0.490272373540856
0.49221789883268485
0.49416342412451364
0.4961089494163424
0.4980544747081712
0.5
0.5019455252918288
0.5038910505836576
0.5058365758754864
0.5077821011673151
0.5097276264591439
0.5116731517509727
0.5136186770428015
0.5155642023346303
0.5175097276264592
0.519455252918288
0.5214007782101168
0.5233463035019456
0.5252918287937743
0.5262135922330097
0.5281553398058253
0.5300970873786408
0.5320388349514563
0.5339805825242718
0.5359223300970873
0.537864077669903
0.5398058252427185
0.541747572815534
0.5436893203883495
0.545631067961165
0.5475728155339806
0.5495145631067961
0.5503875968992248
0.5512572533849129
0.5521235521235521
0.5529865125240848
0.5538461538461539
0.5547024952015355
0.5555555555555556
0.5564053537284895
0.5572519083969466
0.5591603053435115
0.5610687022900763
0.5629770992366412
0.5638095238095238
0.564638783269962
0.5654648956356736
0.5662878787878788
0.5671077504725898
0.5679245283018868
0.568738229755179
0.5695488721804511
0.5703564727954972
0.5711610486891385
0.5719626168224299
0.5727611940298507
0.5735567970204841
0.5743494423791822
0.575139146567718
0.575925925925926
0.5767097966728281
0.577490774907749
0.578268876611418
0.5790441176470589
0.5798165137614679
0.5805860805860806
0.5813528336380256
0.5821167883211679
0.583941605839416
0.5857664233576643
0.5875912408759124
0.5894160583941606
0.5912408759124088
0.593065693430657
0.5948905109489051
0.5967153284671532
0.5985401459854015
0.6003649635036497
0.6021897810218978
0.6040145985401459
0.6058394160583942
0.6076642335766423
0.6094890510948905
0.6113138686131386
0.6131386861313869
0.614963503649635
0.6167883211678832
0.6186131386861314
0.6204379562043796
0.6222627737226277
0.6240875912408759
0.6259124087591241
0.6277372262773723
0.6295620437956204
0.6313868613138686
0.6332116788321168
0.635036496350365
0.6368613138686131
0.6386861313868614
0.6405109489051095
0.6423357664233577
0.6441605839416058
0.6459854014598541
0.6478102189781022
0.6496350364963503
0.6514598540145985
0.6532846715328468
0.6551094890510949
0.656934306569343
0.6587591240875912
0.6605839416058394
0.6624087591240876
0.6642335766423357
0.666058394160584
0.6678832116788321
0.6697080291970803
0.6715328467153284
0.6733576642335767
0.6751824817518248
0.677007299270073
0.6788321167883211
0.6806569343065694
0.6824817518248175
0.6843065693430657
0.6861313868613139
0.6879562043795621
0.6897810218978102
0.6916058394160584
0.6934306569343066
0.6952554744525548
0.6970802919708029
0.698905109489051
0.7007299270072993
0.7025547445255474
0.7043795620437956
0.7062043795620438
0.708029197080292
0.7098540145985401
0.7116788321167883
0.7135036496350365
0.7153284671532847
0.7171532846715328
0.718978102189781
0.7208029197080292
0.7226277372262774
0.7244525547445255
0.7262773722627737
0.7281021897810219
0.7299270072992701
0.7317518248175182
0.7335766423357665
0.7354014598540146
0.7372262773722628
0.7390510948905109
0.7408759124087592
0.7427007299270073
0.7445255474452555
0.7463503649635036
0.7481751824817519
0.75
0.7518248175182481
0.7536496350364964
0.7554744525547445
0.7572992700729927
0.7591240875912408
0.7609489051094891
0.7627737226277372
0.7645985401459854
0.7664233576642335
0.7682481751824818
0.7700729927007299
0.7718978102189781
0.7737226277372263
0.7755474452554745
0.7773722627737226
0.7791970802919708
0.781021897810219
0.7828467153284672
0.7846715328467153
0.7864963503649635
0.7883211678832117
0.7901459854014599
0.791970802919708
0.7937956204379562
0.7956204379562044
0.7974452554744526
0.7992700729927007
0.801094890510949
0.8029197080291971
0.8047445255474452
0.8065693430656934
0.8083941605839416
0.8102189781021898
0.8120437956204379
0.8138686131386861
0.8156934306569343
0.8175182481751825
0.8193430656934306
0.8211678832116789
0.822992700729927
0.8248175182481752
0.8266423357664233
0.8284671532846716
0.8302919708029197
0.8321167883211679
0.833941605839416
0.8357664233576643
0.8375912408759124
0.8394160583941606
0.8412408759124088
0.843065693430657
0.8448905109489051
0.8467153284671532
0.8485401459854015
0.8503649635036497
0.8521897810218978
0.8540145985401459
0.8542805100182149
0.8545454545454545
0.8548094373865699
0.855072463768116
0.8553345388788427
0.855595667870036
0.8558558558558559
0.8561151079136691
0.8563734290843806
0.8566308243727598
0.8568872987477638
0.8571428571428571
0.857397504456328
0.8576512455516014
0.8579040852575488
0.8581560283687943
0.8584070796460177
0.8586572438162544
0.8589065255731922
0.8591549295774648
0.859402460456942
0.8596491228070176
0.8598949211908932
0.8601398601398601
0.8603839441535777
0.8606271777003485
0.8608695652173913
0.8611111111111112
0.8613518197573656
0.8615916955017301
0.8618307426597582
0.8620689655172413
0.8623063683304647
0.8625429553264605
0.8627787307032591
0.863013698630137
0.8632478632478633
0.863481228668942
0.8637137989778535
0.8639455782312925
0.8641765704584041
0.864406779661017
0.8646362098138748
0.8648648648648649
0.8650927487352446
0.8653198653198653
0.865546218487395
0.8657718120805369
0.8659966499162479
0.8662207357859532
0.8664440734557596
0.8666666666666667
0.8668885191347754
0.867109634551495
0.867330016583748
0.8675496688741722
0.8692052980132451
1.0
1.0
1.0
1.0
1.0
1.0
1.0
1.0
1.0
1.0
1.0
1.0
1.0
1.0
1.0
1.0
1.0
1.0
1.0
1.0
1.0
1.0
1.0
1.0
1.0
1.0
1.0
1.0
1.0
1.0
1.0
1.0
1.0
1.0
1.0
1.0
1.0
1.0
1.0
1.0
1.0
1.0
1.0
1.0
1.0
1.0
1.0
1.0
1.0
1.0
1.0
0.8846153846153846
0.8867924528301887
0.8888888888888888
0.8909090909090909
0.8928571428571429
0.8793103448275862
0.8813559322033898
0.8833333333333333
0.8852459016393442
0.8870967741935484
0.8888888888888888
0.890625
0.8923076923076924
0.8939393939393939
0.8955223880597015
0.8970588235294118
0.8985507246376812
0.9
0.9014084507042254
0.9027777777777778
0.9041095890410958
0.9054054054054054
0.9066666666666666
0.9078947368421053
0.9090909090909091
0.9102564102564102
0.9113924050632911
0.7227722772277227
0.22492401215805471
0.22796352583586627
0.23100303951367782
0.23404255319148937
0.23708206686930092
0.24012158054711247
0.24316109422492402
0.24620060790273557
0.24924012158054712
0.25227963525835867
0.2553191489361702
0.25835866261398177
0.2613981762917933
0.26443768996960487
0.2674772036474164
0.270516717325228
0.2735562310030395
0.2765957446808511
0.2796352583586626
0.2826747720364742
0.2857142857142857
0.2887537993920973
0.2917933130699088
0.2948328267477204
0.2978723404255319
0.3009118541033435
0.303951367781155
0.3069908814589666
0.3100303951367781
0.3130699088145897
0.3151515151515151
0.3181818181818182
0.3212121212121212
0.3242424242424242
0.32727272727272727
0.3303030303030303
0.3333333333333333
0.33636363636363636
0.3393939393939394
0.3424242424242424
0.34545454545454546
0.3484848484848485
0.3515151515151515
0.35347432024169184
0.35542168674698793
0.35735735735735735
0.3592814371257485
0.3611940298507463
0.3630952380952381
0.3649851632047478
0.3668639053254438
0.3687315634218289
0.37168141592920356
0.3735294117647059
0.375366568914956
0.37719298245614036
0.37900874635568516
0.3808139534883721
0.3826086956521739
0.38439306358381503
0.3861671469740634
0.38904899135446686
0.3919308357348703
0.3936781609195402
0.3954154727793696
0.39714285714285713
0.39886039886039887
0.4005681818181818
0.40226628895184136
0.403954802259887
0.4056338028169014
0.40730337078651685
0.40896358543417366
0.4106145251396648
0.41225626740947074
0.41388888888888886
0.4155124653739612
0.4171270718232044
0.418732782369146
0.42032967032967034
0.42191780821917807
0.42349726775956287
0.4250681198910082
0.4266304347826087
0.4281842818428184
0.4297297297297297
0.431266846361186
0.4327956989247312
0.4343163538873995
0.4358288770053476
0.43733333333333335
0.44
0.44266666666666665
0.44533333333333336
0.448
0.45066666666666666
0.4533333333333333
0.456
0.4574468085106383
0.4588859416445623
0.4603174603174603
0.46174142480211083
0.4631578947368421
0.4645669291338583
0.46596858638743455
0.468586387434555
0.4712041884816754
0.4738219895287958
0.47643979057591623
0.4790575916230366
0.4816753926701571
0.48429319371727747
0.4869109947643979
0.4895287958115183
0.49214659685863876
0.49476439790575916
0.4973821989528796
0.5
0.5026178010471204
0.5052356020942408
0.5078534031413613
0.5104712041884817
0.5130890052356021
0.5157068062827225
0.518324607329843
0.5209424083769634
0.5235602094240838
0.5261780104712042
0.5287958115183246
0.5314136125654451
0.5340314136125655
0.5366492146596858
0.5392670157068062
0.5418848167539267
0.5445026178010471
0.5471204188481675
0.5497382198952879
0.5523560209424084
0.5549738219895288
0.5575916230366492
0.5602094240837696
0.56282722513089
0.5654450261780105
0.5680628272251309
0.5706806282722513
0.5732984293193717
0.5759162303664922
0.5785340314136126
0.581151832460733
0.5837696335078534
0.5863874345549738
0.5890052356020943
0.5916230366492147
0.5942408376963351
0.5968586387434555
0.599476439790576
0.6020942408376964
0.6047120418848168
0.6073298429319371
0.6099476439790575
0.612565445026178
0.6151832460732984
0.6178010471204188
0.6204188481675392
0.6230366492146597
0.6256544502617801
0.6282722513089005
0.6308900523560209
0.6335078534031413
0.6361256544502618
0.6387434554973822
0.6413612565445026
0.643979057591623
0.6465968586387435
0.6492146596858639
0.6518324607329843
0.6544502617801047
0.6570680628272252
0.6596858638743456
0.662303664921466
0.6649214659685864
0.6675392670157068
0.6701570680628273
0.6727748691099477
0.675392670157068
0.6780104712041884
0.680628272251309
0.6832460732984293
0.6858638743455497
0.6884816753926701
0.6910994764397905
0.693717277486911
0.6963350785340314
0.6989528795811518
0.7015706806282722
0.7041884816753927
0.7068062827225131
0.7094240837696335
0.7120418848167539
0.7146596858638743
0.7172774869109948
0.7198952879581152
0.7225130890052356
0.725130890052356
0.7277486910994765
0.7303664921465969
0.7329842931937173
0.7356020942408377
0.7382198952879581
0.7408376963350786
0.743455497382199
0.7460732984293194
0.7486910994764397
0.7513089005235603
0.7539267015706806
0.756544502617801
0.7591623036649214
0.7617801047120419
0.7643979057591623
0.7670157068062827
0.7696335078534031
0.7722513089005235
0.774869109947644
0.7774869109947644
0.7801047120418848
0.7827225130890052
0.7853403141361257
0.7879581151832461
0.7905759162303665
0.7931937172774869
0.7958115183246073
0.7984293193717278
0.8010471204188482
0.8036649214659686
0.806282722513089
0.8089005235602095
0.8115183246073299
0.8141361256544503
0.8167539267015707
0.819371727748691
0.8219895287958116
0.824607329842932
0.8272251308900523
0.8298429319371727
0.8324607329842932
0.8350785340314136
0.837696335078534
0.8403141361256544
0.8429319371727748
0.8455497382198953
0.8481675392670157
0.8507853403141361
0.8534031413612565
0.856020942408377
0.8586387434554974
0.8590078328981723
0.859375
0.8597402597402597
0.8601036269430051
0.8626943005181347
0.8652849740932642
0.8678756476683938
0.8704663212435233
0.8730569948186528
0.8756476683937824
0.875968992248062
0.8762886597938144
0.8766066838046273
0.8769230769230769
0.8772378516624041
0.8775510204081632
0.8778625954198473
0.8781725888324873
0.8784810126582279
0.8787878787878788
0.8790931989924433
0.8793969849246231
0.8796992481203008
0.88
0.8802992518703242
0.8805970149253731
0.8830845771144279
0.8855721393034826
0.8880597014925373
0.8861386138613861
0.8886138613861386
0.8823529411764706
0.8848039215686274
0.8872549019607843
0.8897058823529411
0.875
0.8774038461538461
0.8798076923076923
0.8822115384615384
0.8846153846153846
0.8870192307692307
0.8747044917257684
0.8770685579196218
0.8794326241134752
0.8817966903073287
0.8841607565011821
0.8865248226950354
0.8888888888888888
0.8267543859649122
0.8289473684210527
0.831140350877193
0.8333333333333334
0.8355263157894737
0.8377192982456141
0.8399122807017544
0.8421052631578947
0.8244111349036403
0.8265524625267666
0.828693790149893
0.8308351177730193
0.8329764453961456
0.8351177730192719
0.8372591006423983
0.8394004282655246
0.841541755888651
0.8436830835117773
0.844017094017094
0.8443496801705757
1.0
1.0
1.0
1.0
1.0
1.0
1.0
1.0
1.0
1.0
1.0
1.0
1.0
1.0
1.0
1.0
1.0
1.0
1.0
1.0
1.0
1.0
1.0
1.0
1.0
1.0
1.0
1.0
1.0
1.0
1.0
0.9696969696969697
0.9705882352941176
0.9714285714285714
0.9722222222222222
0.972972972972973
0.9736842105263158
0.9743589743589743
0.975
0.975609756097561
0.5540540540540541
0.56
0.5657894736842105
0.5714285714285714
0.5769230769230769
0.5822784810126582
0.5875
0.5925925925925926
0.5975609756097561
0.6024096385542169
0.6071428571428571
0.611764705882353
0.6162790697674418
0.6206896551724138
0.625
0.6292134831460674
0.6333333333333333
0.6373626373626373
0.6413043478260869
0.6451612903225806
0.648936170212766
0.6526315789473685
0.65625
0.6597938144329897
0.6632653061224489
0.6666666666666666
0.67
0.6732673267326733
0.6764705882352942
0.6796116504854369
0.6826923076923077
0.6857142857142857
0.6886792452830188
0.6915887850467289
0.6944444444444444
0.6972477064220184
0.7
0.7027027027027027
0.7053571428571429
0.7079646017699115
0.7105263157894737
0.7130434782608696
0.24127906976744187
0.24347826086956523
0.24566473988439305
0.2478386167146974
0.25
0.23783783783783785
0.2398921832884097
0.24193548387096775
0.24396782841823056
0.24598930481283424
0.248
0.24607329842931938
0.24804177545691905
0.25
0.2519480519480519
0.2538860103626943
0.25190839694656486
0.25380710659898476
0.25569620253164554
0.25757575757575757
0.2594458438287154
0.2613065326633166
0.2631578947368421
0.265
0.26683291770573564
0.26865671641791045
0.2704714640198511
0.2722772277227723
0.2740740740740741
0.2765432098765432
0.27832512315270935
0.2800982800982801
0.2818627450980392
0.28361858190709044
0.28536585365853656
0.2871046228710462
0.28883495145631066
0.29055690072639223
0.2922705314009662
0.29397590361445786
0.2956730769230769
0.2973621103117506
0.29904306220095694
0.30071599045346065
0.30238095238095236
0.30403800475059384
0.3056872037914692
0.3073286052009456
0.3089622641509434
0.31058823529411766
0.31220657276995306
0.31381733021077285
0.31542056074766356
0.317016317016317
0.3186046511627907
0.32018561484918795
0.32175925925925924
0.3233256351039261
0.3248847926267281
0.3264367816091954
0.32798165137614677
0.3295194508009153
0.3310502283105023
0.3325740318906606
0.3340909090909091
0.3356009070294785
0.33710407239819007
0.33860045146726864
0.3400900900900901
0.3415730337078652
0.3430493273542601
0.34451901565995524
0.34598214285714285
0.34743875278396436
0.3488888888888889
0.35033259423503327
0.35176991150442477
0.35320088300220753
0.35462555066079293
0.35604395604395606
0.3574561403508772
0.3588621444201313
0.36026200873362446
0.3616557734204793
0.3630434782608696
0.3644251626898048
0.3658008658008658
0.367170626349892
0.36853448275862066
0.36989247311827955
0.37124463519313305
0.37259100642398285
0.37393162393162394
0.3752665245202559
0.37659574468085105
0.37791932059447986
0.3792372881355932
0.38054968287526425
0.3818565400843882
0.3831578947368421
0.38445378151260506
0.3857442348008386
0.38702928870292885
0.3883089770354906
0.38958333333333334
0.3908523908523909
0.3921161825726141
0.39337474120082816
0.39462809917355374
0.3958762886597938
0.39711934156378603
0.39835728952772076
0.39959016393442626
0.40081799591002043
0.4020408163265306
0.40325865580448067
0.40447154471544716
0.4056795131845842
0.4068825910931174
0.4080808080808081
0.4092741935483871
0.4104627766599598
0.41164658634538154
0.41282565130260523
0.414
0.4151696606786427
0.4163346613545817
0.41832669322709165
0.4194831013916501
0.42063492063492064
0.42178217821782177
0.42376237623762375
0.42574257425742573
0.4277227722772277
0.4297029702970297
0.4316831683168317
0.43366336633663366
0.43478260869565216
0.4367588932806324
0.43873517786561267
0.4407114624505929
0.4426877470355731
0.44466403162055335
0.44664031620553357
0.44861660079051385
0.4505928853754941
0.4525691699604743
0.45454545454545453
0.45652173913043476
0.45849802371541504
0.46047430830039526
0.4624505928853755
0.4644268774703557
0.466403162055336
0.4683794466403162
0.47035573122529645
0.4714003944773176
0.47244094488188976
0.47347740667976423
0.4745098039215686
0.4755381604696673
0.4765625
0.4775828460038986
0.4785992217898833
0.4805447470817121
0.48249027237354086
0.48443579766536965
0.48638132295719844
0.4883268482490272
0.490272373540856
0.49221789883268485
0.49416342412451364
0.4961089494163424
0.4980544747081712
0.5
0.5019455252918288
0.5038910505836576
0.5058365758754864
0.5077821011673151
0.5097276264591439
0.5116731517509727
0.5136186770428015
0.5155642023346303
0.5175097276264592
0.519455252918288
0.5214007782101168
0.5233463035019456
0.5252918287937743
0.5262135922330097
0.5281553398058253
0.5300970873786408
0.5320388349514563
0.5339805825242718
0.5359223300970873
0.537864077669903
0.5398058252427185
0.541747572815534
0.5436893203883495
0.545631067961165
0.5475728155339806
0.5495145631067961
0.5503875968992248
0.5512572533849129
0.5521235521235521
0.5529865125240848
0.5538461538461539
0.5547024952015355
0.5555555555555556
0.5564053537284895
0.5572519083969466
0.5591603053435115
0.5610687022900763
0.5629770992366412
0.5638095238095238
0.564638783269962
0.5654648956356736
0.5662878787878788
0.5671077504725898
0.5679245283018868
0.568738229755179
0.5695488721804511
0.5703564727954972
0.5711610486891385
0.5719626168224299
0.5727611940298507
0.5735567970204841
0.5743494423791822
0.575139146567718
0.575925925925926
0.5767097966728281
0.577490774907749
0.578268876611418
0.5790441176470589
0.5798165137614679
0.5805860805860806
0.5813528336380256
0.5821167883211679
0.583941605839416
0.5857664233576643
0.5875912408759124
0.5894160583941606
0.5912408759124088
0.593065693430657
0.5948905109489051
0.5967153284671532
0.5985401459854015
0.6003649635036497
0.6021897810218978
0.6040145985401459
0.6058394160583942
0.6076642335766423
0.6094890510948905
0.6113138686131386
0.6131386861313869
0.614963503649635
0.6167883211678832
0.6186131386861314
0.6204379562043796
0.6222627737226277
0.6240875912408759
0.6259124087591241
0.6277372262773723
0.6295620437956204
0.6313868613138686
0.6332116788321168
0.635036496350365
0.6368613138686131
0.6386861313868614
0.6405109489051095
0.6423357664233577
0.6441605839416058
0.6459854014598541
0.6478102189781022
0.6496350364963503
0.6514598540145985
0.6532846715328468
0.6551094890510949
0.656934306569343
0.6587591240875912
0.6605839416058394
0.6624087591240876
0.6642335766423357
0.666058394160584
0.6678832116788321
0.6697080291970803
0.6715328467153284
0.6733576642335767
0.6751824817518248
0.677007299270073
0.6788321167883211
0.6806569343065694
0.6824817518248175
0.6843065693430657
0.6861313868613139
0.6879562043795621
0.6897810218978102
0.6916058394160584
0.6934306569343066
0.6952554744525548
0.6970802919708029
0.698905109489051
0.7007299270072993
0.7025547445255474
0.7043795620437956
0.7062043795620438
0.708029197080292
0.7098540145985401
0.7116788321167883
0.7135036496350365
0.7153284671532847
0.7171532846715328
0.718978102189781
0.7208029197080292
0.7226277372262774
0.7244525547445255
0.7262773722627737
0.7281021897810219
0.7299270072992701
0.7317518248175182
0.7335766423357665
0.7354014598540146
0.7372262773722628
0.7390510948905109
0.7408759124087592
0.7427007299270073
0.7445255474452555
0.7463503649635036
0.7481751824817519
0.75
0.7518248175182481
0.7536496350364964
0.7554744525547445
0.7572992700729927
0.7591240875912408
0.7609489051094891
0.7627737226277372
0.7645985401459854
0.7664233576642335
0.7682481751824818
0.7700729927007299
0.7718978102189781
0.7737226277372263
0.7755474452554745
0.7773722627737226
0.7791970802919708
0.781021897810219
0.7828467153284672
0.7846715328467153
0.7864963503649635
0.7883211678832117
0.7901459854014599
0.791970802919708
0.7937956204379562
0.7956204379562044
0.7974452554744526
0.7992700729927007
0.801094890510949
0.8029197080291971
0.8047445255474452
0.8065693430656934
0.8083941605839416
0.8102189781021898
0.8120437956204379
0.8138686131386861
0.8156934306569343
0.8175182481751825
0.8193430656934306
0.8211678832116789
0.822992700729927
0.8248175182481752
0.8266423357664233
0.8284671532846716
0.8302919708029197
0.8321167883211679
0.833941605839416
0.8357664233576643
0.8375912408759124
0.8394160583941606
0.8412408759124088
0.843065693430657
0.8448905109489051
0.8467153284671532
0.8485401459854015
0.8503649635036497
0.8521897810218978
0.8540145985401459
0.8542805100182149
0.8545454545454545
0.8548094373865699
0.855072463768116
0.8553345388788427
0.855595667870036
0.8558558558558559
0.8561151079136691
0.8563734290843806
0.8566308243727598
0.8568872987477638
0.8571428571428571
0.857397504456328
0.8576512455516014
0.8579040852575488
0.8581560283687943
0.8584070796460177
0.8586572438162544
0.8589065255731922
0.8591549295774648
0.859402460456942
0.8596491228070176
0.8598949211908932
0.8601398601398601
0.8603839441535777
0.8606271777003485
0.8608695652173913
0.8611111111111112
0.8613518197573656
0.8615916955017301
0.8618307426597582
0.8620689655172413
0.8623063683304647
0.8625429553264605
0.8627787307032591
0.863013698630137
0.8632478632478633
0.863481228668942
0.8637137989778535
0.8639455782312925
0.8641765704584041
0.864406779661017
0.8646362098138748
0.8648648648648649
0.8650927487352446
0.8653198653198653
0.865546218487395
0.8657718120805369
0.8659966499162479
0.8662207357859532
0.8664440734557596
0.8666666666666667
0.8668885191347754
0.867109634551495
0.867330016583748
0.8675496688741722
0.8692052980132451
