1.0
1.0
1.0
1.0
1.0
1.0
1.0
1.0
1.0
1.0
1.0
1.0
1.0
1.0
1.0
1.0
1.0
1.0
1.0
1.0
1.0
1.0
1.0
1.0
1.0
1.0
1.0
1.0
1.0
1.0
1.0
1.0
1.0
1.0
1.0
0.5588235294117647
0.5714285714285714
0.5833333333333334
0.5945945945945946
0.6052631578947368
0.6153846153846154
0.625
0.6341463414634146
0.6428571428571429
0.6511627906976745
0.6590909090909091
0.6666666666666666
0.6739130434782609
0.6808510638297872
0.6875
0.6938775510204082
0.7
0.7058823529411765
0.7115384615384616
0.7169811320754716
0.7222222222222222
0.7272727272727273
0.7321428571428571
0.7368421052631579
0.7413793103448276
0.7457627118644068
0.75
0.7666666666666667
0.7833333333333333
0.8
0.8166666666666667
0.8333333333333334
0.85
0.8666666666666667
0.8833333333333333
0.9
0.9166666666666666
0.9333333333333333
0.9344262295081968
0.9354838709677419
0.9516129032258065
0.967741935483871
0.9838709677419355
1.0
1.0
1.0
1.0
1.0
1.0
1.0
1.0
1.0
1.0
1.0
1.0
1.0
1.0
1.0
1.0
1.0
1.0
1.0
1.0
1.0
1.0
1.0
1.0
1.0
1.0
1.0
1.0
1.0
1.0
1.0
1.0
1.0
1.0
1.0
1.0
1.0
1.0
0.5588235294117647
0.5714285714285714
0.5833333333333334
0.5945945945945946
0.6052631578947368
0.6153846153846154
0.625
0.6341463414634146
0.6428571428571429
0.6511627906976745
0.6590909090909091
0.6666666666666666
0.6739130434782609
0.6808510638297872
0.6875
0.6938775510204082
0.7
0.7058823529411765
0.7115384615384616
0.7169811320754716
0.7222222222222222
0.7272727272727273
0.7321428571428571
0.7368421052631579
0.7413793103448276
0.7457627118644068
0.75
0.7666666666666667
0.7833333333333333
0.8
0.8166666666666667
0.8333333333333334
0.85
0.8666666666666667
0.8833333333333333
0.9
0.9166666666666666
0.9333333333333333
0.9344262295081968
0.9354838709677419
0.9516129032258065
0.9523809523809523
0.953125
0.96875
0.984375
1.0
1.0
1.0
1.0
1.0
1.0
1.0
1.0
1.0
1.0
1.0
1.0
1.0
1.0
1.0
1.0
1.0
1.0
1.0
1.0
1.0
1.0
1.0
1.0
1.0
1.0
1.0
1.0
1.0
1.0
1.0
1.0
1.0
1.0
1.0
1.0
1.0
1.0
1.0
1.0
1.0
1.0
1.0
1.0
1.0
1.0
1.0
1.0
1.0
1.0
1.0
1.0
1.0
1.0
1.0
1.0
1.0
1.0
1.0
1.0
1.0
1.0
1.0
1.0
1.0
1.0
1.0
1.0
1.0
1.0
1.0
1.0
1.0
1.0
1.0
1.0
1.0
1.0
1.0
1.0
1.0
1.0
1.0
1.0
1.0
1.0
1.0
1.0
1.0
1.0
1.0
1.0
1.0
1.0
1.0
1.0
1.0
1.0
1.0
1.0
1.0
1.0
1.0
1.0
1.0
1.0
1.0
1.0
1.0
1.0
1.0
1.0
1.0
1.0
1.0
1.0
1.0
0.5588235294117647
0.5714285714285714
0.5833333333333334
0.5945945945945946
0.6052631578947368
0.6153846153846154
0.625
0.6341463414634146
0.6428571428571429
0.6511627906976745
0.6590909090909091
0.6666666666666666
0.6739130434782609
0.6808510638297872
0.6875
0.6938775510204082
0.7
0.7058823529411765
0.7115384615384616
0.7169811320754716
0.7222222222222222
0.7272727272727273
0.7321428571428571
0.7368421052631579
0.7413793103448276
0.7457627118644068
0.75
0.7666666666666667
0.7833333333333333
0.8
0.8166666666666667
0.8333333333333334
0.85
0.8666666666666667
0.8833333333333333
0.9
0.9166666666666666
0.9333333333333333
0.9344262295081968
0.9354838709677419
0.9516129032258065
0.9523809523809523
0.953125
0.96875
0.984375
1.0
1.0
1.0
1.0
1.0
1.0
1.0
1.0
1.0
1.0
1.0
1.0
1.0
1.0
1.0
1.0
1.0
1.0
1.0
1.0
1.0
1.0
1.0
1.0
1.0
1.0
1.0
1.0
1.0
1.0
1.0
1.0
1.0
1.0
1.0
1.0
0.5588235294117647
0.5714285714285714
0.5833333333333334
0.5945945945945946
0.6052631578947368
0.6153846153846154
0.625
0.6341463414634146
0.6428571428571429
0.6511627906976745
0.6590909090909091
0.6666666666666666
0.6739130434782609
0.6808510638297872
0.6875
0.6938775510204082
0.7
0.7058823529411765
0.7115384615384616
0.7169811320754716
0.7222222222222222
0.7272727272727273
0.7321428571428571
0.7368421052631579
0.7413793103448276
0.7457627118644068
0.75
0.7666666666666667
0.7833333333333333
0.8
0.8166666666666667
0.8333333333333334
0.85
0.8666666666666667
0.8833333333333333
0.9
0.9166666666666666
0.9333333333333333
0.9344262295081968
0.9354838709677419
0.9516129032258065
0.9523809523809523
0.953125
0.96875
0.984375
1.0
1.0
1.0
1.0
1.0
1.0
1.0
1.0
1.0
1.0
1.0
1.0
1.0
1.0
1.0
1.0
1.0
1.0
1.0
1.0
1.0
1.0
1.0
1.0
1.0
1.0
1.0
1.0
1.0
1.0
1.0
1.0
1.0
1.0
1.0
1.0
0.5588235294117647
0.5714285714285714
0.5833333333333334
0.5945945945945946
0.6052631578947368
0.6153846153846154
0.625
0.6341463414634146
0.6428571428571429
0.6511627906976745
0.6590909090909091
0.6666666666666666
0.6739130434782609
0.6808510638297872
0.6875
0.6938775510204082
0.7
0.7058823529411765
0.7115384615384616
0.7169811320754716
0.7222222222222222
0.7272727272727273
0.7321428571428571
0.7368421052631579
0.7413793103448276
0.7457627118644068
0.75
0.7666666666666667
0.7833333333333333
0.8
0.8166666666666667
0.8333333333333334
0.85
0.8666666666666667
0.8833333333333333
0.9
0.9166666666666666
0.9333333333333333
0.9344262295081968
0.9354838709677419
0.9516129032258065
0.967741935483871
0.9838709677419355
1.0
1.0
1.0
1.0
1.0
1.0
1.0
1.0
1.0
1.0
1.0
1.0
1.0
1.0
1.0
1.0
1.0
1.0
1.0
1.0
1.0
1.0
1.0
1.0
1.0
1.0
1.0
1.0
1.0
1.0
1.0
1.0
1.0
1.0
1.0
1.0
1.0
1.0
0.5588235294117647
0.5714285714285714
0.5833333333333334
0.5945945945945946
0.6052631578947368
0.6153846153846154
0.625
0.6341463414634146
0.6428571428571429
0.6511627906976745
0.6590909090909091
0.6666666666666666
0.6739130434782609
0.6808510638297872
0.6875
0.6938775510204082
0.7
0.7058823529411765
0.7115384615384616
0.7169811320754716
0.7222222222222222
0.7272727272727273
0.7321428571428571
0.7368421052631579
0.7413793103448276
0.7457627118644068
0.75
0.7666666666666667
0.7833333333333333
0.8
0.8166666666666667
0.8333333333333334
0.85
0.8666666666666667
0.8833333333333333
0.9
0.9166666666666666
0.9333333333333333
0.9344262295081968
0.9354838709677419
0.9516129032258065
0.967741935483871
0.9838709677419355
1.0
1.0
1.0
