1.0
1.0
1.0
1.0
1.0
1.0
1.0
1.0
1.0
1.0
1.0
1.0
1.0
1.0
1.0
1.0
1.0
1.0
1.0
1.0
1.0
1.0
0.8846153846153846
0.8888888888888888
0.5681818181818182
0.5909090909090909
0.6136363636363636
0.6363636363636364
0.6590909090909091
0.6818181818181818
0.7045454545454546
0.7272727272727273
0.75
0.7727272727272727
0.7954545454545454
0.8181818181818182
0.8409090909090909
0.8636363636363636
0.8863636363636364
0.8888888888888888
0.8913043478260869
0.8936170212765957
0.8958333333333334
0.8979591836734694
0.9
0.9019607843137255
0.9038461538461539
0.8571428571428571
0.8596491228070176
0.8620689655172413
0.8793103448275862
0.896551724137931
0.8412698412698413
0.8571428571428571
0.873015873015873
0.8888888888888888
0.9047619047619048
0.8656716417910447
0.8805970149253731
0.8955223880597015
0.9104477611940298
0.8857142857142857
0.9
0.9142857142857143
0.9285714285714286
0.5196850393700787
0.5275590551181102
0.5354330708661418
0.5433070866141733
0.5511811023622047
0.5503875968992248
1.0
1.0
1.0
1.0
1.0
1.0
1.0
1.0
1.0
1.0
1.0
1.0
1.0
1.0
1.0
1.0
1.0
1.0
1.0
1.0
1.0
1.0
0.8846153846153846
0.8888888888888888
0.5681818181818182
0.5909090909090909
0.6136363636363636
0.6363636363636364
0.6590909090909091
0.6818181818181818
0.7045454545454546
0.7272727272727273
0.75
0.7727272727272727
0.7954545454545454
0.8181818181818182
0.8409090909090909
0.8636363636363636
0.8863636363636364
0.8888888888888888
0.8913043478260869
0.8936170212765957
0.8958333333333334
0.8979591836734694
0.9
0.9019607843137255
0.9038461538461539
0.8421052631578947
0.8596491228070176
0.8771929824561403
0.8947368421052632
0.9122807017543859
0.8688524590163934
0.8852459016393442
0.8870967741935484
0.8888888888888888
0.9047619047619048
0.9206349206349206
0.8939393939393939
0.9090909090909091
0.9242424242424242
0.8985507246376812
0.9130434782608695
0.927536231884058
0.9285714285714286
0.5409836065573771
0.5193798449612403
0.5271317829457365
0.5348837209302325
0.5426356589147286
0.5503875968992248
1.0
1.0
1.0
1.0
1.0
1.0
1.0
1.0
1.0
1.0
1.0
1.0
1.0
1.0
1.0
1.0
1.0
1.0
1.0
1.0
1.0
1.0
1.0
1.0
0.6944444444444444
0.7222222222222222
0.75
0.7777777777777778
0.8055555555555556
0.8333333333333334
0.8611111111111112
0.8888888888888888
0.9166666666666666
0.9444444444444444
0.9722222222222222
1.0
1.0
1.0
1.0
1.0
1.0
1.0
1.0
1.0
1.0
1.0
1.0
1.0
1.0
1.0
1.0
1.0
1.0
1.0
1.0
1.0
1.0
1.0
0.8846153846153846
0.8888888888888888
0.5681818181818182
0.5909090909090909
0.6136363636363636
0.6363636363636364
0.6590909090909091
0.6818181818181818
0.7045454545454546
0.7272727272727273
0.75
0.7727272727272727
0.7954545454545454
0.8181818181818182
0.8409090909090909
0.8636363636363636
0.8863636363636364
0.8888888888888888
0.8913043478260869
0.8936170212765957
0.8958333333333334
0.8979591836734694
0.9
0.9019607843137255
0.9038461538461539
0.8571428571428571
0.875
0.8771929824561403
0.8793103448275862
0.896551724137931
0.9137931034482759
0.8852459016393442
0.9016393442622951
0.9180327868852459
0.8636363636363636
0.8787878787878788
0.8939393939393939
0.9090909090909091
0.9242424242424242
0.8985507246376812
0.9130434782608695
0.927536231884058
0.9285714285714286
0.5196850393700787
0.5275590551181102
0.5354330708661418
0.5433070866141733
0.5511811023622047
0.5546875
1.0
1.0
1.0
1.0
1.0
1.0
1.0
1.0
1.0
1.0
1.0
1.0
1.0
1.0
1.0
1.0
1.0
1.0
1.0
1.0
1.0
1.0
0.8846153846153846
0.8888888888888888
0.5681818181818182
0.5909090909090909
0.6136363636363636
0.6363636363636364
0.6590909090909091
0.6818181818181818
0.7045454545454546
0.7272727272727273
0.75
0.7727272727272727
0.7954545454545454
0.8181818181818182
0.8409090909090909
0.8636363636363636
0.8863636363636364
0.8888888888888888
0.8913043478260869
0.8936170212765957
0.8958333333333334
0.8979591836734694
0.9
0.9019607843137255
0.9038461538461539
0.8727272727272727
0.875
0.8771929824561403
0.8947368421052632
0.9122807017543859
0.8688524590163934
0.8852459016393442
0.9016393442622951
0.9180327868852459
0.8636363636363636
0.8787878787878788
0.8939393939393939
0.9090909090909091
0.9242424242424242
0.8985507246376812
0.9130434782608695
0.927536231884058
0.9285714285714286
0.5454545454545454
0.5193798449612403
0.5271317829457365
0.5348837209302325
0.5426356589147286
0.5503875968992248
1.0
1.0
1.0
1.0
1.0
1.0
1.0
1.0
1.0
1.0
1.0
1.0
1.0
1.0
1.0
1.0
1.0
1.0
1.0
1.0
1.0
1.0
0.8846153846153846
0.8888888888888888
0.5681818181818182
0.5909090909090909
0.6136363636363636
0.6363636363636364
0.6590909090909091
0.6818181818181818
0.7045454545454546
0.7272727272727273
0.75
0.7727272727272727
0.7954545454545454
0.8181818181818182
0.8409090909090909
0.8636363636363636
0.8863636363636364
0.8888888888888888
0.8913043478260869
0.8936170212765957
0.8958333333333334
0.8979591836734694
0.9
0.9019607843137255
0.9038461538461539
0.8727272727272727
0.875
0.8771929824561403
0.8947368421052632
0.9122807017543859
0.8548387096774194
0.8709677419354839
0.8870967741935484
0.9032258064516129
0.9193548387096774
0.8787878787878788
0.8939393939393939
0.9090909090909091
0.9242424242424242
0.8985507246376812
0.9130434782608695
0.927536231884058
0.9285714285714286
0.5196850393700787
0.5275590551181102
0.5354330708661418
0.5433070866141733
0.5511811023622047
0.5546875
1.0
1.0
1.0
1.0
1.0
1.0
1.0
1.0
1.0
1.0
1.0
1.0
1.0
1.0
1.0
1.0
1.0
1.0
1.0
1.0
1.0
1.0
0.8846153846153846
0.8888888888888888
0.5681818181818182
0.5909090909090909
0.6136363636363636
0.6363636363636364
0.6590909090909091
0.6818181818181818
0.7045454545454546
0.7272727272727273
0.75
0.7727272727272727
0.7954545454545454
0.8181818181818182
0.8409090909090909
0.8636363636363636
0.8863636363636364
0.8888888888888888
0.8913043478260869
0.8936170212765957
0.8958333333333334
0.8979591836734694
0.9
0.9019607843137255
0.9038461538461539
0.8571428571428571
0.875
0.8771929824561403
0.8793103448275862
0.896551724137931
0.9137931034482759
0.8852459016393442
0.9016393442622951
0.9180327868852459
0.8507462686567164
0.8656716417910447
0.8805970149253731
0.8955223880597015
0.9104477611940298
0.8857142857142857
0.9
0.9142857142857143
0.9285714285714286
0.5409836065573771
0.5193798449612403
0.5271317829457365
0.5348837209302325
0.5426356589147286
0.5503875968992248
