1.0
1.0
1.0
1.0
1.0
1.0
1.0
1.0
0.6
0.6666666666666666
0.7333333333333333
0.8
0.8666666666666667
0.875
0.9375
0.9411764705882353
0.9444444444444444
0.9473684210526315
1.0
1.0
1.0
1.0
1.0
1.0
1.0
1.0
1.0
1.0
0.6
0.6666666666666666
0.7333333333333333
0.8
0.8666666666666667
0.875
0.9375
0.9411764705882353
0.9444444444444444
0.9473684210526315
1.0
1.0
1.0
1.0
1.0
1.0
1.0
1.0
1.0
1.0
1.0
1.0
1.0
1.0
1.0
1.0
1.0
1.0
0.6
0.6666666666666666
0.7333333333333333
0.8
0.8666666666666667
0.875
0.9375
0.9411764705882353
0.9444444444444444
0.9473684210526315
1.0
1.0
1.0
1.0
1.0
1.0
1.0
1.0
1.0
1.0
0.6
0.6666666666666666
0.7333333333333333
0.8
0.8666666666666667
0.875
0.9375
0.9411764705882353
0.9444444444444444
0.9473684210526315
1.0
1.0
1.0
1.0
1.0
1.0
1.0
1.0
1.0
1.0
0.6
0.6666666666666666
0.7333333333333333
0.8
0.8666666666666667
0.875
0.9375
0.9411764705882353
0.9444444444444444
0.9473684210526315
1.0
1.0
1.0
1.0
1.0
1.0
1.0
1.0
1.0
1.0
0.6
0.6666666666666666
0.7333333333333333
0.8
0.8666666666666667
0.875
0.9375
0.9411764705882353
0.9444444444444444
0.9473684210526315
1.0
1.0
