1.0
1.0
1.0
1.0
1.0
1.0
0.25
0.27586206896551724
0.3
0.3225806451612903
0.2619047619047619
1.0
1.0
1.0
1.0
1.0
1.0
0.25
0.27586206896551724
0.3
0.3225806451612903
0.2619047619047619
1.0
1.0
1.0
1.0
1.0
1.0
1.0
1.0
1.0
1.0
1.0
1.0
1.0
1.0
1.0
1.0
1.0
0.25
0.27586206896551724
0.3
0.3225806451612903
0.2619047619047619
1.0
1.0
1.0
1.0
1.0
1.0
0.25
0.27586206896551724
0.3
0.3225806451612903
0.2619047619047619
1.0
1.0
1.0
1.0
1.0
1.0
0.25
0.27586206896551724
0.3
0.3225806451612903
0.2619047619047619
1.0
1.0
1.0
1.0
1.0
1.0
0.25
0.27586206896551724
0.3
0.3225806451612903
0.2619047619047619
