1.0
1.0
1.0
1.0
1.0
1.0
1.0
1.0
1.0
1.0
1.0
1.0
1.0
1.0
1.0
1.0
1.0
1.0
1.0
1.0
1.0
0.29333333333333333
0.3026315789473684
0.3116883116883117
0.32051282051282054
0.3291139240506329
0.3375
0.345679012345679
0.35365853658536583
0.3614457831325301
0.36904761904761907
0.3764705882352941
0.38372093023255816
0.39080459770114945
0.3977272727272727
0.4044943820224719
0.4111111111111111
0.4222222222222222
0.43333333333333335
0.4444444444444444
0.45555555555555555
0.4666666666666667
0.4777777777777778
0.4888888888888889
0.5
0.5111111111111111
0.5222222222222223
0.5333333333333333
0.5444444444444444
0.5555555555555556
0.5666666666666667
0.5777777777777777
0.5888888888888889
0.6
0.6111111111111112
0.6222222222222222
0.6333333333333333
0.6444444444444445
0.6555555555555556
0.6666666666666666
0.6777777777777778
0.6888888888888889
0.7
0.7111111111111111
0.7222222222222222
0.7333333333333333
0.7444444444444445
0.7555555555555555
0.7666666666666667
0.7777777777777778
0.7888888888888889
0.8
0.8021978021978022
0.8043478260869565
0.8064516129032258
0.8085106382978723
0.8105263157894737
0.8125
0.8144329896907216
0.8163265306122449
0.8181818181818182
0.82
0.8217821782178217
0.8235294117647058
0.8252427184466019
0.8269230769230769
0.8285714285714286
0.8301886792452831
0.8317757009345794
0.8333333333333334
0.8348623853211009
0.8363636363636363
0.8378378378378378
0.8392857142857143
0.8407079646017699
0.8421052631578947
0.8434782608695652
0.8448275862068966
0.8461538461538461
0.847457627118644
0.8487394957983193
0.85
0.8512396694214877
0.8524590163934426
0.8536585365853658
0.8548387096774194
0.856
0.8571428571428571
0.8582677165354331
0.859375
0.8604651162790697
0.8615384615384616
0.8625954198473282
0.8636363636363636
0.8646616541353384
0.8656716417910447
0.8666666666666667
0.8676470588235294
0.8686131386861314
0.8695652173913043
0.8705035971223022
0.8714285714285714
0.8723404255319149
0.8732394366197183
0.8741258741258742
0.875
0.8758620689655172
0.8767123287671232
0.8775510204081632
0.8783783783783784
0.8791946308724832
0.8859060402684564
0.8926174496644296
0.8993288590604027
0.9060402684563759
0.912751677852349
0.9194630872483222
0.92
0.9205298013245033
0.9210526315789473
0.9215686274509803
0.922077922077922
0.9225806451612903
1.0
1.0
1.0
1.0
1.0
1.0
1.0
1.0
1.0
1.0
1.0
1.0
1.0
1.0
1.0
1.0
1.0
1.0
1.0
1.0
1.0
0.29333333333333333
0.3026315789473684
0.3116883116883117
0.32051282051282054
0.3291139240506329
0.3375
0.345679012345679
0.35365853658536583
0.3614457831325301
0.36904761904761907
0.3764705882352941
0.38372093023255816
0.39080459770114945
0.3977272727272727
0.4044943820224719
0.4111111111111111
0.4222222222222222
0.43333333333333335
0.4444444444444444
0.45555555555555555
0.4666666666666667
0.4777777777777778
0.4888888888888889
0.5
0.5111111111111111
0.5222222222222223
0.5333333333333333
0.5444444444444444
0.5555555555555556
0.5666666666666667
0.5777777777777777
0.5888888888888889
0.6
0.6111111111111112
0.6222222222222222
0.6333333333333333
0.6444444444444445
0.6555555555555556
0.6666666666666666
0.6777777777777778
0.6888888888888889
0.7
0.7111111111111111
0.7222222222222222
0.7333333333333333
0.7444444444444445
0.7555555555555555
0.7666666666666667
0.7777777777777778
0.7888888888888889
0.8
0.8021978021978022
0.8043478260869565
0.8064516129032258
0.8085106382978723
0.8105263157894737
0.8125
0.8144329896907216
0.8163265306122449
0.8181818181818182
0.82
0.8217821782178217
0.8235294117647058
0.8252427184466019
0.8269230769230769
0.8285714285714286
0.8301886792452831
0.8317757009345794
0.8333333333333334
0.8348623853211009
0.8363636363636363
0.8378378378378378
0.8392857142857143
0.8407079646017699
0.8421052631578947
0.8434782608695652
0.8448275862068966
0.8461538461538461
0.847457627118644
0.8487394957983193
0.85
0.8512396694214877
0.8524590163934426
0.8536585365853658
0.8548387096774194
0.856
0.8571428571428571
0.8582677165354331
0.859375
0.8604651162790697
0.8615384615384616
0.8625954198473282
0.8636363636363636
0.8646616541353384
0.8656716417910447
0.8666666666666667
0.8676470588235294
0.8686131386861314
0.8695652173913043
0.8705035971223022
0.8714285714285714
0.8723404255319149
0.8732394366197183
0.8741258741258742
0.875
0.8758620689655172
0.8767123287671232
0.8775510204081632
0.8783783783783784
0.8791946308724832
0.8859060402684564
0.8926174496644296
0.8993288590604027
0.9060402684563759
0.912751677852349
0.9194630872483222
0.92
0.9205298013245033
0.9210526315789473
0.9215686274509803
0.922077922077922
0.9225806451612903
1.0
1.0
1.0
1.0
1.0
1.0
1.0
1.0
1.0
1.0
1.0
1.0
1.0
1.0
1.0
1.0
1.0
1.0
1.0
1.0
1.0
1.0
1.0
1.0
1.0
1.0
1.0
1.0
1.0
1.0
1.0
1.0
1.0
1.0
1.0
1.0
1.0
1.0
1.0
1.0
1.0
1.0
1.0
1.0
1.0
1.0
1.0
1.0
1.0
1.0
1.0
1.0
1.0
1.0
1.0
1.0
1.0
1.0
1.0
1.0
1.0
1.0
1.0
1.0
1.0
1.0
1.0
1.0
1.0
1.0
1.0
1.0
1.0
1.0
1.0
1.0
1.0
1.0
1.0
1.0
1.0
1.0
1.0
1.0
1.0
1.0
1.0
1.0
1.0
1.0
1.0
1.0
1.0
1.0
1.0
1.0
1.0
1.0
1.0
1.0
1.0
1.0
1.0
1.0
1.0
1.0
1.0
1.0
1.0
1.0
1.0
1.0
1.0
1.0
1.0
1.0
1.0
1.0
1.0
1.0
1.0
1.0
1.0
1.0
1.0
1.0
1.0
1.0
1.0
1.0
1.0
1.0
1.0
1.0
1.0
1.0
1.0
1.0
1.0
1.0
1.0
1.0
1.0
1.0
1.0
1.0
1.0
1.0
1.0
1.0
1.0
1.0
1.0
1.0
1.0
1.0
1.0
1.0
1.0
1.0
1.0
1.0
1.0
1.0
0.29333333333333333
0.3026315789473684
0.3116883116883117
0.32051282051282054
0.3291139240506329
0.3375
0.345679012345679
0.35365853658536583
0.3614457831325301
0.36904761904761907
0.3764705882352941
0.38372093023255816
0.39080459770114945
0.3977272727272727
0.4044943820224719
0.4111111111111111
0.4222222222222222
0.43333333333333335
0.4444444444444444
0.45555555555555555
0.4666666666666667
0.4777777777777778
0.4888888888888889
0.5
0.5111111111111111
0.5222222222222223
0.5333333333333333
0.5444444444444444
0.5555555555555556
0.5666666666666667
0.5777777777777777
0.5888888888888889
0.6
0.6111111111111112
0.6222222222222222
0.6333333333333333
0.6444444444444445
0.6555555555555556
0.6666666666666666
0.6777777777777778
0.6888888888888889
0.7
0.7111111111111111
0.7222222222222222
0.7333333333333333
0.7444444444444445
0.7555555555555555
0.7666666666666667
0.7777777777777778
0.7888888888888889
0.8
0.8021978021978022
0.8043478260869565
0.8064516129032258
0.8085106382978723
0.8105263157894737
0.8125
0.8144329896907216
0.8163265306122449
0.8181818181818182
0.82
0.8217821782178217
0.8235294117647058
0.8252427184466019
0.8269230769230769
0.8285714285714286
0.8301886792452831
0.8317757009345794
0.8333333333333334
0.8348623853211009
0.8363636363636363
0.8378378378378378
0.8392857142857143
0.8407079646017699
0.8421052631578947
0.8434782608695652
0.8448275862068966
0.8461538461538461
0.847457627118644
0.8487394957983193
0.85
0.8512396694214877
0.8524590163934426
0.8536585365853658
0.8548387096774194
0.856
0.8571428571428571
0.8582677165354331
0.859375
0.8604651162790697
0.8615384615384616
0.8625954198473282
0.8636363636363636
0.8646616541353384
0.8656716417910447
0.8666666666666667
0.8676470588235294
0.8686131386861314
0.8695652173913043
0.8705035971223022
0.8714285714285714
0.8723404255319149
0.8732394366197183
0.8741258741258742
0.875
0.8758620689655172
0.8767123287671232
0.8775510204081632
0.8783783783783784
0.8791946308724832
0.8859060402684564
0.8926174496644296
0.8993288590604027
0.9060402684563759
0.912751677852349
0.9194630872483222
0.92
0.9205298013245033
0.9210526315789473
0.9215686274509803
0.922077922077922
0.9225806451612903
1.0
1.0
1.0
1.0
1.0
1.0
1.0
1.0
1.0
1.0
1.0
1.0
1.0
1.0
1.0
1.0
1.0
1.0
1.0
1.0
1.0
0.29333333333333333
0.3026315789473684
0.3116883116883117
0.32051282051282054
0.3291139240506329
0.3375
0.345679012345679
0.35365853658536583
0.3614457831325301
0.36904761904761907
0.3764705882352941
0.38372093023255816
0.39080459770114945
0.3977272727272727
0.4044943820224719
0.4111111111111111
0.4222222222222222
0.43333333333333335
0.4444444444444444
0.45555555555555555
0.4666666666666667
0.4777777777777778
0.4888888888888889
0.5
0.5111111111111111
0.5222222222222223
0.5333333333333333
0.5444444444444444
0.5555555555555556
0.5666666666666667
0.5777777777777777
0.5888888888888889
0.6
0.6111111111111112
0.6222222222222222
0.6333333333333333
0.6444444444444445
0.6555555555555556
0.6666666666666666
0.6777777777777778
0.6888888888888889
0.7
0.7111111111111111
0.7222222222222222
0.7333333333333333
0.7444444444444445
0.7555555555555555
0.7666666666666667
0.7777777777777778
0.7888888888888889
0.8
0.8021978021978022
0.8043478260869565
0.8064516129032258
0.8085106382978723
0.8105263157894737
0.8125
0.8144329896907216
0.8163265306122449
0.8181818181818182
0.82
0.8217821782178217
0.8235294117647058
0.8252427184466019
0.8269230769230769
0.8285714285714286
0.8301886792452831
0.8317757009345794
0.8333333333333334
0.8348623853211009
0.8363636363636363
0.8378378378378378
0.8392857142857143
0.8407079646017699
0.8421052631578947
0.8434782608695652
0.8448275862068966
0.8461538461538461
0.847457627118644
0.8487394957983193
0.85
0.8512396694214877
0.8524590163934426
0.8536585365853658
0.8548387096774194
0.856
0.8571428571428571
0.8582677165354331
0.859375
0.8604651162790697
0.8615384615384616
0.8625954198473282
0.8636363636363636
0.8646616541353384
0.8656716417910447
0.8666666666666667
0.8676470588235294
0.8686131386861314
0.8695652173913043
0.8705035971223022
0.8714285714285714
0.8723404255319149
0.8732394366197183
0.8741258741258742
0.875
0.8758620689655172
0.8767123287671232
0.8775510204081632
0.8783783783783784
0.8791946308724832
0.8859060402684564
0.8926174496644296
0.8993288590604027
0.9060402684563759
0.912751677852349
0.9194630872483222
0.92
0.9205298013245033
0.9210526315789473
0.9215686274509803
0.922077922077922
0.9225806451612903
1.0
1.0
1.0
1.0
1.0
1.0
1.0
1.0
1.0
1.0
1.0
1.0
1.0
1.0
1.0
1.0
1.0
1.0
1.0
1.0
1.0
1.0
1.0
1.0
1.0
1.0
1.0
1.0
0.29333333333333333
0.3026315789473684
0.3116883116883117
0.32051282051282054
0.3291139240506329
0.3375
0.345679012345679
0.35365853658536583
0.3614457831325301
0.36904761904761907
0.3764705882352941
0.38372093023255816
0.39080459770114945
0.3977272727272727
0.4044943820224719
0.4111111111111111
0.4222222222222222
0.43333333333333335
0.4444444444444444
0.45555555555555555
0.4666666666666667
0.4777777777777778
0.4888888888888889
0.5
0.5111111111111111
0.5222222222222223
0.5333333333333333
0.5444444444444444
0.5555555555555556
0.5666666666666667
0.5777777777777777
0.5888888888888889
0.6
0.6111111111111112
0.6222222222222222
0.6333333333333333
0.6444444444444445
0.6555555555555556
0.6666666666666666
0.6777777777777778
0.6888888888888889
0.7
0.7111111111111111
0.7222222222222222
0.7333333333333333
0.7444444444444445
0.7555555555555555
0.7666666666666667
0.7777777777777778
0.7888888888888889
0.8
0.8021978021978022
0.8043478260869565
0.8064516129032258
0.8085106382978723
0.8105263157894737
0.8125
0.8144329896907216
0.8163265306122449
0.8181818181818182
0.82
0.8217821782178217
0.8235294117647058
0.8252427184466019
0.8269230769230769
0.8285714285714286
0.8301886792452831
0.8317757009345794
0.8333333333333334
0.8348623853211009
0.8363636363636363
0.8378378378378378
0.8392857142857143
0.8407079646017699
0.8421052631578947
0.8434782608695652
0.8448275862068966
0.8461538461538461
0.847457627118644
0.8487394957983193
0.85
0.8512396694214877
0.8524590163934426
0.8536585365853658
0.8548387096774194
0.856
0.8571428571428571
0.8582677165354331
0.859375
0.8604651162790697
0.8615384615384616
0.8625954198473282
0.8636363636363636
0.8646616541353384
0.8656716417910447
0.8666666666666667
0.8676470588235294
0.8686131386861314
0.8695652173913043
0.8705035971223022
0.8714285714285714
0.8723404255319149
0.8732394366197183
0.8741258741258742
0.875
0.8758620689655172
0.8767123287671232
0.8775510204081632
0.8783783783783784
0.8791946308724832
0.8859060402684564
0.8926174496644296
0.8993288590604027
0.9060402684563759
0.912751677852349
0.9194630872483222
0.92
0.9205298013245033
0.9210526315789473
0.9215686274509803
0.922077922077922
0.9225806451612903
