1.0
1.0
1.0
1.0
1.0
0.13333333333333333
0.15217391304347827
0.1702127659574468
0.1875
0.20408163265306123
0.22
0.12371134020618557
0.1326530612244898
0.1414141414141414
0.15
0.15841584158415842
0.16666666666666666
0.17475728155339806
0.12582781456953643
0.13157894736842105
0.13725490196078433
0.14285714285714285
0.14838709677419354
0.15384615384615385
0.0992063492063492
0.10276679841897234
0.1062992125984252
0.10980392156862745
0.11026615969581749
0.11363636363636363
0.1169811320754717
0.12030075187969924
0.12359550561797752
0.12686567164179105
0.13011152416356878
0.13333333333333333
0.13653136531365315
0.13970588235294118
0.11271676300578035
0.11527377521613832
0.11781609195402298
0.12034383954154727
0.12285714285714286
0.12535612535612536
0.12228260869565218
0.12466124661246612
0.12702702702702703
0.12834224598930483
0.13066666666666665
0.13297872340425532
1.0
1.0
1.0
1.0
1.0
0.13333333333333333
0.15217391304347827
0.1702127659574468
0.1875
0.20408163265306123
0.22
0.12371134020618557
0.1326530612244898
0.1414141414141414
0.15
0.15841584158415842
0.16666666666666666
0.17475728155339806
0.12582781456953643
0.13157894736842105
0.13725490196078433
0.14285714285714285
0.14838709677419354
0.15384615384615385
0.0992063492063492
0.10276679841897234
0.1062992125984252
0.10980392156862745
0.11026615969581749
0.11363636363636363
0.1169811320754717
0.12030075187969924
0.12359550561797752
0.12686567164179105
0.13011152416356878
0.13333333333333333
0.13653136531365315
0.13970588235294118
0.11271676300578035
0.11527377521613832
0.11781609195402298
0.12034383954154727
0.12285714285714286
0.12535612535612536
0.12228260869565218
0.12466124661246612
0.12702702702702703
0.12834224598930483
0.13066666666666665
0.13297872340425532
1.0
1.0
1.0
1.0
1.0
1.0
1.0
1.0
1.0
1.0
1.0
1.0
1.0
1.0
1.0
1.0
1.0
1.0
1.0
1.0
1.0
1.0
1.0
1.0
1.0
1.0
1.0
1.0
1.0
1.0
1.0
1.0
1.0
1.0
1.0
1.0
1.0
1.0
1.0
1.0
1.0
1.0
1.0
1.0
1.0
1.0
1.0
1.0
1.0
1.0
1.0
1.0
1.0
1.0
1.0
0.13333333333333333
0.15217391304347827
0.1702127659574468
0.1875
0.20408163265306123
0.22
0.12371134020618557
0.1326530612244898
0.1414141414141414
0.15
0.15841584158415842
0.16666666666666666
0.17475728155339806
0.12582781456953643
0.13157894736842105
0.13725490196078433
0.14285714285714285
0.14838709677419354
0.15384615384615385
0.0992063492063492
0.10276679841897234
0.1062992125984252
0.10980392156862745
0.11026615969581749
0.11363636363636363
0.1169811320754717
0.12030075187969924
0.12359550561797752
0.12686567164179105
0.13011152416356878
0.13333333333333333
0.13653136531365315
0.13970588235294118
0.11271676300578035
0.11527377521613832
0.11781609195402298
0.12034383954154727
0.12285714285714286
0.12535612535612536
0.12228260869565218
0.12466124661246612
0.12702702702702703
0.12834224598930483
0.13066666666666665
0.13297872340425532
1.0
1.0
1.0
1.0
1.0
0.13333333333333333
0.15217391304347827
0.1702127659574468
0.1875
0.20408163265306123
0.22
0.12371134020618557
0.1326530612244898
0.1414141414141414
0.15
0.15841584158415842
0.16666666666666666
0.17475728155339806
0.12582781456953643
0.13157894736842105
0.13725490196078433
0.14285714285714285
0.14838709677419354
0.15384615384615385
0.0992063492063492
0.10276679841897234
0.1062992125984252
0.10980392156862745
0.11026615969581749
0.11363636363636363
0.1169811320754717
0.12030075187969924
0.12359550561797752
0.12686567164179105
0.13011152416356878
0.13333333333333333
0.13653136531365315
0.13970588235294118
0.11271676300578035
0.11527377521613832
0.11781609195402298
0.12034383954154727
0.12285714285714286
0.12535612535612536
0.12228260869565218
0.12466124661246612
0.12702702702702703
0.12834224598930483
0.13066666666666665
0.13297872340425532
1.0
1.0
1.0
1.0
1.0
0.13333333333333333
0.15217391304347827
0.1702127659574468
0.1875
0.20408163265306123
0.22
0.12371134020618557
0.1326530612244898
0.1414141414141414
0.15
0.15841584158415842
0.16666666666666666
0.17475728155339806
0.12582781456953643
0.13157894736842105
0.13725490196078433
0.14285714285714285
0.14838709677419354
0.15384615384615385
0.0992063492063492
0.10276679841897234
0.1062992125984252
0.10980392156862745
0.11026615969581749
0.11363636363636363
0.1169811320754717
0.12030075187969924
0.12359550561797752
0.12686567164179105
0.13011152416356878
0.13333333333333333
0.13653136531365315
0.13970588235294118
0.11271676300578035
0.11527377521613832
0.11781609195402298
0.12034383954154727
0.12285714285714286
0.12535612535612536
0.12228260869565218
0.12466124661246612
0.12702702702702703
0.12834224598930483
0.13066666666666665
0.13297872340425532
1.0
1.0
1.0
1.0
1.0
0.13333333333333333
0.15217391304347827
0.1702127659574468
0.1875
0.20408163265306123
0.22
0.12371134020618557
0.1326530612244898
0.1414141414141414
0.15
0.15841584158415842
0.16666666666666666
0.17475728155339806
0.12582781456953643
0.13157894736842105
0.13725490196078433
0.14285714285714285
0.14838709677419354
0.15384615384615385
0.0992063492063492
0.10276679841897234
0.1062992125984252
0.10980392156862745
0.11026615969581749
0.11363636363636363
0.1169811320754717
0.12030075187969924
0.12359550561797752
0.12686567164179105
0.13011152416356878
0.13333333333333333
0.13653136531365315
0.13970588235294118
0.11271676300578035
0.11527377521613832
0.11781609195402298
0.12034383954154727
0.12285714285714286
0.12535612535612536
0.12228260869565218
0.12466124661246612
0.12702702702702703
0.12834224598930483
0.13066666666666665
0.13297872340425532
