1.0
1.0
1.0
1.0
1.0
1.0
1.0
1.0
1.0
1.0
1.0
1.0
1.0
1.0
1.0
1.0
0.09392265193370165
0.0989010989010989
0.10382513661202186
0.10869565217391304
0.11351351351351352
0.06128133704735376
0.06388888888888888
0.04130808950086059
0.043029259896729774
0.04475043029259897
0.04647160068846816
0.04819277108433735
0.04991394148020654
0.05163511187607573
0.05335628227194492
0.055077452667814115
0.05679862306368331
0.058519793459552494
0.060240963855421686
0.06196213425129088
0.06368330464716007
0.06540447504302926
0.06712564543889846
0.06884681583476764
0.07056798623063683
0.07228915662650602
0.07401032702237521
0.0757314974182444
0.0774526678141136
0.07917383820998279
0.08089500860585198
0.08261617900172118
0.08433734939759036
0.08605851979345955
0.08777969018932874
0.08950086058519793
0.09122203098106713
0.09294320137693632
0.09466437177280551
0.0963855421686747
0.0981067125645439
0.09982788296041308
0.10154905335628227
0.10327022375215146
0.10499139414802065
0.10671256454388985
0.10843373493975904
0.11015490533562823
0.11187607573149742
0.11359724612736662
0.1153184165232358
0.11703958691910499
0.11876075731497418
0.12048192771084337
0.12220309810671257
0.12392426850258176
0.12564543889845095
0.12736660929432014
0.12908777969018934
0.13080895008605853
0.13253012048192772
0.1342512908777969
0.1359724612736661
0.13769363166953527
0.13941480206540446
0.14113597246127366
0.14285714285714285
0.14457831325301204
0.14629948364888123
0.14802065404475043
0.14974182444061962
0.1514629948364888
0.153184165232358
0.1549053356282272
0.1566265060240964
0.15834767641996558
0.16006884681583478
0.16179001721170397
0.16351118760757316
0.16523235800344235
0.16695352839931152
0.1686746987951807
0.1703958691910499
0.1721170395869191
0.1738382099827883
0.17555938037865748
0.17728055077452667
0.17900172117039587
0.18072289156626506
0.18244406196213425
0.18416523235800344
0.18588640275387264
0.18760757314974183
0.18932874354561102
0.19104991394148021
0.1927710843373494
0.1944922547332186
0.1962134251290878
0.19793459552495696
0.19965576592082615
0.20137693631669534
0.20309810671256454
0.20481927710843373
0.20654044750430292
0.2082616179001721
0.2099827882960413
0.2117039586919105
0.2134251290877797
0.21514629948364888
0.21686746987951808
0.21858864027538727
0.22030981067125646
0.22203098106712565
0.22375215146299485
0.22547332185886404
0.22719449225473323
0.2289156626506024
0.2306368330464716
0.23235800344234078
0.23407917383820998
0.23580034423407917
0.23752151462994836
0.23924268502581755
0.24096385542168675
0.24268502581755594
0.24440619621342513
0.24612736660929432
0.24784853700516352
0.2495697074010327
0.2512908777969019
0.25301204819277107
0.2547332185886403
0.25645438898450945
0.25817555938037867
0.25989672977624784
0.26161790017211706
0.2633390705679862
0.26506024096385544
0.2667814113597246
0.2685025817555938
0.270223752151463
0.2719449225473322
0.2736660929432014
0.27538726333907054
0.27710843373493976
0.27882960413080893
0.28055077452667815
0.2822719449225473
0.28399311531841653
0.2857142857142857
0.2874354561101549
0.2891566265060241
0.2908777969018933
0.29259896729776247
0.2943201376936317
0.29604130808950085
0.2977624784853701
0.29948364888123924
0.30120481927710846
0.3029259896729776
0.3046471600688468
0.306368330464716
0.3080895008605852
0.3098106712564544
0.31153184165232356
0.3132530120481928
0.31497418244406195
0.31669535283993117
0.31841652323580033
0.32013769363166955
0.3218588640275387
0.32358003442340794
0.3253012048192771
0.3270223752151463
0.3287435456110155
0.3304647160068847
0.33218588640275387
0.33390705679862304
0.33562822719449226
0.3373493975903614
0.33907056798623064
0.3407917383820998
0.342512908777969
0.3442340791738382
0.3459552495697074
0.3476764199655766
0.3493975903614458
0.35111876075731496
0.3528399311531842
0.35456110154905335
0.35628227194492257
0.35800344234079173
0.35972461273666095
0.3614457831325301
0.36316695352839934
0.3648881239242685
0.36660929432013767
0.3683304647160069
0.37005163511187605
0.3717728055077453
0.37349397590361444
0.37521514629948366
0.3769363166953528
0.37865748709122204
0.3803786574870912
0.38209982788296043
0.3838209982788296
0.3855421686746988
0.387263339070568
0.3889845094664372
0.39070567986230637
0.3924268502581756
0.39414802065404475
0.3958691910499139
0.39759036144578314
0.3993115318416523
0.4010327022375215
0.4027538726333907
0.4044750430292599
0.40619621342512907
0.4079173838209983
0.40963855421686746
0.4113597246127367
0.41308089500860584
0.41480206540447506
0.4165232358003442
0.41824440619621345
0.4199655765920826
0.42168674698795183
0.423407917383821
0.42512908777969016
0.4268502581755594
0.42857142857142855
0.43029259896729777
0.43201376936316693
0.43373493975903615
0.4354561101549053
0.43717728055077454
0.4388984509466437
0.4406196213425129
0.4423407917383821
0.4440619621342513
0.4457831325301205
0.4475043029259897
0.44922547332185886
0.4509466437177281
0.45266781411359724
0.45438898450946646
0.45611015490533563
0.4578313253012048
0.459552495697074
0.4612736660929432
0.4629948364888124
0.46471600688468157
1.0
1.0
1.0
1.0
1.0
1.0
1.0
1.0
1.0
1.0
1.0
1.0
1.0
1.0
1.0
1.0
0.09392265193370165
0.0989010989010989
0.10382513661202186
0.10869565217391304
0.11351351351351352
0.06128133704735376
0.06388888888888888
0.04130808950086059
0.043029259896729774
0.04475043029259897
0.04647160068846816
0.04819277108433735
0.04991394148020654
0.05163511187607573
0.05335628227194492
0.055077452667814115
0.05679862306368331
0.058519793459552494
0.060240963855421686
0.06196213425129088
0.06368330464716007
0.06540447504302926
0.06712564543889846
0.06884681583476764
0.07056798623063683
0.07228915662650602
0.07401032702237521
0.0757314974182444
0.0774526678141136
0.07917383820998279
0.08089500860585198
0.08261617900172118
0.08433734939759036
0.08605851979345955
0.08777969018932874
0.08950086058519793
0.09122203098106713
0.09294320137693632
0.09466437177280551
0.0963855421686747
0.0981067125645439
0.09982788296041308
0.10154905335628227
0.10327022375215146
0.10499139414802065
0.10671256454388985
0.10843373493975904
0.11015490533562823
0.11187607573149742
0.11359724612736662
0.1153184165232358
0.11703958691910499
0.11876075731497418
0.12048192771084337
0.12220309810671257
0.12392426850258176
0.12564543889845095
0.12736660929432014
0.12908777969018934
0.13080895008605853
0.13253012048192772
0.1342512908777969
0.1359724612736661
0.13769363166953527
0.13941480206540446
0.14113597246127366
0.14285714285714285
0.14457831325301204
0.14629948364888123
0.14802065404475043
0.14974182444061962
0.1514629948364888
0.153184165232358
0.1549053356282272
0.1566265060240964
0.15834767641996558
0.16006884681583478
0.16179001721170397
0.16351118760757316
0.16523235800344235
0.16695352839931152
0.1686746987951807
0.1703958691910499
0.1721170395869191
0.1738382099827883
0.17555938037865748
0.17728055077452667
0.17900172117039587
0.18072289156626506
0.18244406196213425
0.18416523235800344
0.18588640275387264
0.18760757314974183
0.18932874354561102
0.19104991394148021
0.1927710843373494
0.1944922547332186
0.1962134251290878
0.19793459552495696
0.19965576592082615
0.20137693631669534
0.20309810671256454
0.20481927710843373
0.20654044750430292
0.2082616179001721
0.2099827882960413
0.2117039586919105
0.2134251290877797
0.21514629948364888
0.21686746987951808
0.21858864027538727
0.22030981067125646
0.22203098106712565
0.22375215146299485
0.22547332185886404
0.22719449225473323
0.2289156626506024
0.2306368330464716
0.23235800344234078
0.23407917383820998
0.23580034423407917
0.23752151462994836
0.23924268502581755
0.24096385542168675
0.24268502581755594
0.24440619621342513
0.24612736660929432
0.24784853700516352
0.2495697074010327
0.2512908777969019
0.25301204819277107
0.2547332185886403
0.25645438898450945
0.25817555938037867
0.25989672977624784
0.26161790017211706
0.2633390705679862
0.26506024096385544
0.2667814113597246
0.2685025817555938
0.270223752151463
0.2719449225473322
0.2736660929432014
0.27538726333907054
0.27710843373493976
0.27882960413080893
0.28055077452667815
0.2822719449225473
0.28399311531841653
0.2857142857142857
0.2874354561101549
0.2891566265060241
0.2908777969018933
0.29259896729776247
0.2943201376936317
0.29604130808950085
0.2977624784853701
0.29948364888123924
0.30120481927710846
0.3029259896729776
0.3046471600688468
0.306368330464716
0.3080895008605852
0.3098106712564544
0.31153184165232356
0.3132530120481928
0.31497418244406195
0.31669535283993117
0.31841652323580033
0.32013769363166955
0.3218588640275387
0.32358003442340794
0.3253012048192771
0.3270223752151463
0.3287435456110155
0.3304647160068847
0.33218588640275387
0.33390705679862304
0.33562822719449226
0.3373493975903614
0.33907056798623064
0.3407917383820998
0.342512908777969
0.3442340791738382
0.3459552495697074
0.3476764199655766
0.3493975903614458
0.35111876075731496
0.3528399311531842
0.35456110154905335
0.35628227194492257
0.35800344234079173
0.35972461273666095
0.3614457831325301
0.36316695352839934
0.3648881239242685
0.36660929432013767
0.3683304647160069
0.37005163511187605
0.3717728055077453
0.37349397590361444
0.37521514629948366
0.3769363166953528
0.37865748709122204
0.3803786574870912
0.38209982788296043
0.3838209982788296
0.3855421686746988
0.387263339070568
0.3889845094664372
0.39070567986230637
0.3924268502581756
0.39414802065404475
0.3958691910499139
0.39759036144578314
0.3993115318416523
0.4010327022375215
0.4027538726333907
0.4044750430292599
0.40619621342512907
0.4079173838209983
0.40963855421686746
0.4113597246127367
0.41308089500860584
0.41480206540447506
0.4165232358003442
0.41824440619621345
0.4199655765920826
0.42168674698795183
0.423407917383821
0.42512908777969016
0.4268502581755594
0.42857142857142855
0.43029259896729777
0.43201376936316693
0.43373493975903615
0.4354561101549053
0.43717728055077454
0.4388984509466437
0.4406196213425129
0.4423407917383821
0.4440619621342513
0.4457831325301205
0.4475043029259897
0.44922547332185886
0.4509466437177281
0.45266781411359724
0.45438898450946646
0.45611015490533563
0.4578313253012048
0.459552495697074
0.4612736660929432
0.4629948364888124
0.46471600688468157
0.4664371772805508
0.46815834767641995
0.46987951807228917
0.47160068846815834
0.47332185886402756
0.4750430292598967
1.0
1.0
1.0
1.0
1.0
1.0
1.0
1.0
1.0
1.0
1.0
1.0
1.0
1.0
1.0
1.0
1.0
1.0
1.0
1.0
1.0
1.0
1.0
1.0
1.0
1.0
1.0
1.0
1.0
1.0
1.0
1.0
1.0
1.0
1.0
1.0
1.0
1.0
1.0
0.09392265193370165
0.0989010989010989
0.10382513661202186
0.10869565217391304
0.11351351351351352
0.06128133704735376
0.06388888888888888
0.04130808950086059
0.043029259896729774
0.04475043029259897
0.04647160068846816
0.04819277108433735
0.04991394148020654
0.05163511187607573
0.05335628227194492
0.055077452667814115
0.05679862306368331
0.058519793459552494
0.060240963855421686
0.06196213425129088
0.06368330464716007
0.06540447504302926
0.06712564543889846
0.06884681583476764
0.07056798623063683
0.07228915662650602
0.07401032702237521
0.0757314974182444
0.0774526678141136
0.07917383820998279
0.08089500860585198
0.08261617900172118
0.08433734939759036
0.08605851979345955
0.08777969018932874
0.08950086058519793
0.09122203098106713
0.09294320137693632
0.09466437177280551
0.0963855421686747
0.0981067125645439
0.09982788296041308
0.10154905335628227
0.10327022375215146
0.10499139414802065
0.10671256454388985
0.10843373493975904
0.11015490533562823
0.11187607573149742
0.11359724612736662
0.1153184165232358
0.11703958691910499
0.11876075731497418
0.12048192771084337
0.12220309810671257
0.12392426850258176
0.12564543889845095
0.12736660929432014
0.12908777969018934
0.13080895008605853
0.13253012048192772
0.1342512908777969
0.1359724612736661
0.13769363166953527
0.13941480206540446
0.14113597246127366
0.14285714285714285
0.14457831325301204
0.14629948364888123
0.14802065404475043
0.14974182444061962
0.1514629948364888
0.153184165232358
0.1549053356282272
0.1566265060240964
0.15834767641996558
0.16006884681583478
0.16179001721170397
0.16351118760757316
0.16523235800344235
0.16695352839931152
0.1686746987951807
0.1703958691910499
0.1721170395869191
0.1738382099827883
0.17555938037865748
0.17728055077452667
0.17900172117039587
0.18072289156626506
0.18244406196213425
0.18416523235800344
0.18588640275387264
0.18760757314974183
0.18932874354561102
0.19104991394148021
0.1927710843373494
0.1944922547332186
0.1962134251290878
0.19793459552495696
0.19965576592082615
0.20137693631669534
0.20309810671256454
0.20481927710843373
0.20654044750430292
0.2082616179001721
0.2099827882960413
0.2117039586919105
0.2134251290877797
0.21514629948364888
0.21686746987951808
0.21858864027538727
0.22030981067125646
0.22203098106712565
0.22375215146299485
0.22547332185886404
0.22719449225473323
0.2289156626506024
0.2306368330464716
0.23235800344234078
0.23407917383820998
0.23580034423407917
0.23752151462994836
0.23924268502581755
0.24096385542168675
0.24268502581755594
0.24440619621342513
0.24612736660929432
0.24784853700516352
0.2495697074010327
0.2512908777969019
0.25301204819277107
0.2547332185886403
0.25645438898450945
0.25817555938037867
0.25989672977624784
0.26161790017211706
0.2633390705679862
0.26506024096385544
0.2667814113597246
0.2685025817555938
0.270223752151463
0.2719449225473322
0.2736660929432014
0.27538726333907054
0.27710843373493976
0.27882960413080893
0.28055077452667815
0.2822719449225473
0.28399311531841653
0.2857142857142857
0.2874354561101549
0.2891566265060241
0.2908777969018933
0.29259896729776247
0.2943201376936317
0.29604130808950085
0.2977624784853701
0.29948364888123924
0.30120481927710846
0.3029259896729776
0.3046471600688468
0.306368330464716
0.3080895008605852
0.3098106712564544
0.31153184165232356
0.3132530120481928
0.31497418244406195
0.31669535283993117
0.31841652323580033
0.32013769363166955
0.3218588640275387
0.32358003442340794
0.3253012048192771
0.3270223752151463
0.3287435456110155
0.3304647160068847
0.33218588640275387
0.33390705679862304
0.33562822719449226
0.3373493975903614
0.33907056798623064
0.3407917383820998
0.342512908777969
0.3442340791738382
0.3459552495697074
0.3476764199655766
0.3493975903614458
0.35111876075731496
0.3528399311531842
0.35456110154905335
0.35628227194492257
0.35800344234079173
0.35972461273666095
0.3614457831325301
0.36316695352839934
0.3648881239242685
0.36660929432013767
0.3683304647160069
0.37005163511187605
0.3717728055077453
0.37349397590361444
0.37521514629948366
0.3769363166953528
0.37865748709122204
0.3803786574870912
0.38209982788296043
0.3838209982788296
0.3855421686746988
0.387263339070568
0.3889845094664372
0.39070567986230637
0.3924268502581756
0.39414802065404475
0.3958691910499139
0.39759036144578314
0.3993115318416523
0.4010327022375215
0.4027538726333907
0.4044750430292599
0.40619621342512907
0.4079173838209983
0.40963855421686746
0.4113597246127367
0.41308089500860584
0.41480206540447506
0.4165232358003442
0.41824440619621345
0.4199655765920826
0.42168674698795183
0.423407917383821
0.42512908777969016
0.4268502581755594
0.42857142857142855
0.43029259896729777
0.43201376936316693
0.43373493975903615
0.4354561101549053
0.43717728055077454
0.4388984509466437
0.4406196213425129
0.4423407917383821
0.4440619621342513
0.4457831325301205
0.4475043029259897
0.44922547332185886
0.4509466437177281
0.45266781411359724
0.45438898450946646
0.45611015490533563
0.4578313253012048
0.459552495697074
0.4612736660929432
0.4629948364888124
0.46471600688468157
0.4664371772805508
0.46815834767641995
0.46987951807228917
1.0
1.0
1.0
1.0
1.0
1.0
1.0
1.0
1.0
1.0
1.0
1.0
1.0
1.0
1.0
1.0
0.09392265193370165
0.0989010989010989
0.10382513661202186
0.10869565217391304
0.11351351351351352
0.06128133704735376
0.06388888888888888
0.04130808950086059
0.043029259896729774
0.04475043029259897
0.04647160068846816
0.04819277108433735
0.04991394148020654
0.05163511187607573
0.05335628227194492
0.055077452667814115
0.05679862306368331
0.058519793459552494
0.060240963855421686
0.06196213425129088
0.06368330464716007
0.06540447504302926
0.06712564543889846
0.06884681583476764
0.07056798623063683
0.07228915662650602
0.07401032702237521
0.0757314974182444
0.0774526678141136
0.07917383820998279
0.08089500860585198
0.08261617900172118
0.08433734939759036
0.08605851979345955
0.08777969018932874
0.08950086058519793
0.09122203098106713
0.09294320137693632
0.09466437177280551
0.0963855421686747
0.0981067125645439
0.09982788296041308
0.10154905335628227
0.10327022375215146
0.10499139414802065
0.10671256454388985
0.10843373493975904
0.11015490533562823
0.11187607573149742
0.11359724612736662
0.1153184165232358
0.11703958691910499
0.11876075731497418
0.12048192771084337
0.12220309810671257
0.12392426850258176
0.12564543889845095
0.12736660929432014
0.12908777969018934
0.13080895008605853
0.13253012048192772
0.1342512908777969
0.1359724612736661
0.13769363166953527
0.13941480206540446
0.14113597246127366
0.14285714285714285
0.14457831325301204
0.14629948364888123
0.14802065404475043
0.14974182444061962
0.1514629948364888
0.153184165232358
0.1549053356282272
0.1566265060240964
0.15834767641996558
0.16006884681583478
0.16179001721170397
0.16351118760757316
0.16523235800344235
0.16695352839931152
1.0
1.0
1.0
1.0
1.0
1.0
1.0
1.0
1.0
1.0
1.0
1.0
1.0
1.0
1.0
1.0
0.09392265193370165
0.0989010989010989
0.10382513661202186
0.10869565217391304
0.11351351351351352
0.06128133704735376
0.06388888888888888
0.04130808950086059
0.043029259896729774
0.04475043029259897
0.04647160068846816
0.04819277108433735
0.04991394148020654
0.05163511187607573
0.05335628227194492
0.055077452667814115
0.05679862306368331
0.058519793459552494
0.060240963855421686
0.06196213425129088
0.06368330464716007
0.06540447504302926
0.06712564543889846
0.06884681583476764
0.07056798623063683
0.07228915662650602
0.07401032702237521
0.0757314974182444
0.0774526678141136
0.07917383820998279
0.08089500860585198
0.08261617900172118
0.08433734939759036
0.08605851979345955
0.08777969018932874
0.08950086058519793
0.09122203098106713
0.09294320137693632
0.09466437177280551
0.0963855421686747
0.0981067125645439
0.09982788296041308
0.10154905335628227
0.10327022375215146
0.10499139414802065
0.10671256454388985
0.10843373493975904
0.11015490533562823
0.11187607573149742
0.11359724612736662
0.1153184165232358
0.11703958691910499
0.11876075731497418
0.12048192771084337
0.12220309810671257
0.12392426850258176
0.12564543889845095
0.12736660929432014
0.12908777969018934
0.13080895008605853
0.13253012048192772
0.1342512908777969
0.1359724612736661
0.13769363166953527
0.13941480206540446
0.14113597246127366
0.14285714285714285
0.14457831325301204
0.14629948364888123
0.14802065404475043
0.14974182444061962
0.1514629948364888
0.153184165232358
0.1549053356282272
0.1566265060240964
0.15834767641996558
0.16006884681583478
0.16179001721170397
0.16351118760757316
0.16523235800344235
0.16695352839931152
0.1686746987951807
0.1703958691910499
0.1721170395869191
0.1738382099827883
0.17555938037865748
0.17728055077452667
0.17900172117039587
0.18072289156626506
0.18244406196213425
0.18416523235800344
0.18588640275387264
0.18760757314974183
0.18932874354561102
0.19104991394148021
0.1927710843373494
0.1944922547332186
0.1962134251290878
0.19793459552495696
0.19965576592082615
0.20137693631669534
0.20309810671256454
0.20481927710843373
0.20654044750430292
0.2082616179001721
0.2099827882960413
0.2117039586919105
0.2134251290877797
0.21514629948364888
0.21686746987951808
0.21858864027538727
0.22030981067125646
0.22203098106712565
0.22375215146299485
0.22547332185886404
0.22719449225473323
0.2289156626506024
0.2306368330464716
0.23235800344234078
0.23407917383820998
0.23580034423407917
0.23752151462994836
0.23924268502581755
0.24096385542168675
0.24268502581755594
0.24440619621342513
0.24612736660929432
0.24784853700516352
0.2495697074010327
0.2512908777969019
0.25301204819277107
0.2547332185886403
0.25645438898450945
0.25817555938037867
0.25989672977624784
0.26161790017211706
0.2633390705679862
0.26506024096385544
0.2667814113597246
0.2685025817555938
0.270223752151463
0.2719449225473322
0.2736660929432014
0.27538726333907054
0.27710843373493976
0.27882960413080893
0.28055077452667815
0.2822719449225473
0.28399311531841653
0.2857142857142857
0.2874354561101549
0.2891566265060241
0.2908777969018933
0.29259896729776247
0.2943201376936317
0.29604130808950085
0.2977624784853701
0.29948364888123924
0.30120481927710846
0.3029259896729776
0.3046471600688468
0.306368330464716
0.3080895008605852
0.3098106712564544
0.31153184165232356
0.3132530120481928
0.31497418244406195
0.31669535283993117
0.31841652323580033
0.32013769363166955
0.3218588640275387
0.32358003442340794
0.3253012048192771
0.3270223752151463
0.3287435456110155
0.3304647160068847
0.33218588640275387
0.33390705679862304
0.33562822719449226
0.3373493975903614
0.33907056798623064
0.3407917383820998
0.342512908777969
0.3442340791738382
0.3459552495697074
0.3476764199655766
0.3493975903614458
0.35111876075731496
0.3528399311531842
0.35456110154905335
0.35628227194492257
0.35800344234079173
0.35972461273666095
0.3614457831325301
0.36316695352839934
0.3648881239242685
0.36660929432013767
0.3683304647160069
0.37005163511187605
0.3717728055077453
0.37349397590361444
0.37521514629948366
0.3769363166953528
0.37865748709122204
0.3803786574870912
0.38209982788296043
0.3838209982788296
0.3855421686746988
0.387263339070568
0.3889845094664372
0.39070567986230637
0.3924268502581756
0.39414802065404475
0.3958691910499139
0.39759036144578314
0.3993115318416523
0.4010327022375215
0.4027538726333907
0.4044750430292599
0.40619621342512907
0.4079173838209983
0.40963855421686746
0.4113597246127367
0.41308089500860584
0.41480206540447506
0.4165232358003442
0.41824440619621345
0.4199655765920826
0.42168674698795183
0.423407917383821
0.42512908777969016
0.4268502581755594
0.42857142857142855
0.43029259896729777
0.43201376936316693
0.43373493975903615
0.4354561101549053
0.43717728055077454
0.4388984509466437
0.4406196213425129
0.4423407917383821
0.4440619621342513
0.4457831325301205
0.4475043029259897
0.44922547332185886
0.4509466437177281
0.45266781411359724
0.45438898450946646
0.45611015490533563
0.4578313253012048
0.459552495697074
0.4612736660929432
0.4629948364888124
0.46471600688468157
1.0
1.0
1.0
1.0
1.0
1.0
1.0
1.0
1.0
1.0
1.0
1.0
1.0
1.0
1.0
1.0
0.09392265193370165
0.0989010989010989
0.10382513661202186
0.10869565217391304
0.11351351351351352
0.06128133704735376
0.06388888888888888
0.04130808950086059
0.043029259896729774
0.04475043029259897
0.04647160068846816
0.04819277108433735
0.04991394148020654
0.05163511187607573
0.05335628227194492
0.055077452667814115
0.05679862306368331
0.058519793459552494
0.060240963855421686
0.06196213425129088
0.06368330464716007
0.06540447504302926
0.06712564543889846
0.06884681583476764
0.07056798623063683
0.07228915662650602
0.07401032702237521
0.0757314974182444
0.0774526678141136
0.07917383820998279
0.08089500860585198
0.08261617900172118
0.08433734939759036
0.08605851979345955
0.08777969018932874
0.08950086058519793
0.09122203098106713
0.09294320137693632
0.09466437177280551
0.0963855421686747
0.0981067125645439
0.09982788296041308
0.10154905335628227
0.10327022375215146
0.10499139414802065
0.10671256454388985
0.10843373493975904
0.11015490533562823
0.11187607573149742
0.11359724612736662
0.1153184165232358
0.11703958691910499
0.11876075731497418
0.12048192771084337
0.12220309810671257
0.12392426850258176
0.12564543889845095
0.12736660929432014
0.12908777969018934
0.13080895008605853
0.13253012048192772
0.1342512908777969
0.1359724612736661
0.13769363166953527
0.13941480206540446
0.14113597246127366
0.14285714285714285
0.14457831325301204
0.14629948364888123
0.14802065404475043
0.14974182444061962
0.1514629948364888
0.153184165232358
0.1549053356282272
0.1566265060240964
0.15834767641996558
0.16006884681583478
0.16179001721170397
0.16351118760757316
0.16523235800344235
0.16695352839931152
0.1686746987951807
0.1703958691910499
0.1721170395869191
0.1738382099827883
0.17555938037865748
0.17728055077452667
0.17900172117039587
0.18072289156626506
0.18244406196213425
0.18416523235800344
0.18588640275387264
0.18760757314974183
0.18932874354561102
0.19104991394148021
0.1927710843373494
0.1944922547332186
0.1962134251290878
0.19793459552495696
0.19965576592082615
0.20137693631669534
0.20309810671256454
0.20481927710843373
0.20654044750430292
0.2082616179001721
0.2099827882960413
0.2117039586919105
0.2134251290877797
0.21514629948364888
0.21686746987951808
0.21858864027538727
0.22030981067125646
0.22203098106712565
0.22375215146299485
0.22547332185886404
0.22719449225473323
0.2289156626506024
0.2306368330464716
0.23235800344234078
0.23407917383820998
0.23580034423407917
0.23752151462994836
0.23924268502581755
0.24096385542168675
0.24268502581755594
0.24440619621342513
0.24612736660929432
0.24784853700516352
0.2495697074010327
0.2512908777969019
0.25301204819277107
0.2547332185886403
0.25645438898450945
0.25817555938037867
0.25989672977624784
0.26161790017211706
0.2633390705679862
0.26506024096385544
0.2667814113597246
0.2685025817555938
0.270223752151463
0.2719449225473322
0.2736660929432014
0.27538726333907054
0.27710843373493976
0.27882960413080893
0.28055077452667815
0.2822719449225473
0.28399311531841653
0.2857142857142857
0.2874354561101549
0.2891566265060241
0.2908777969018933
0.29259896729776247
0.2943201376936317
0.29604130808950085
0.2977624784853701
0.29948364888123924
0.30120481927710846
0.3029259896729776
0.3046471600688468
0.306368330464716
0.3080895008605852
0.3098106712564544
0.31153184165232356
0.3132530120481928
0.31497418244406195
0.31669535283993117
0.31841652323580033
0.32013769363166955
0.3218588640275387
0.32358003442340794
0.3253012048192771
0.3270223752151463
0.3287435456110155
0.3304647160068847
0.33218588640275387
0.33390705679862304
0.33562822719449226
0.3373493975903614
0.33907056798623064
0.3407917383820998
0.342512908777969
0.3442340791738382
0.3459552495697074
0.3476764199655766
0.3493975903614458
0.35111876075731496
0.3528399311531842
0.35456110154905335
0.35628227194492257
0.35800344234079173
0.35972461273666095
0.3614457831325301
0.36316695352839934
0.3648881239242685
0.36660929432013767
0.3683304647160069
0.37005163511187605
0.3717728055077453
0.37349397590361444
0.37521514629948366
0.3769363166953528
0.37865748709122204
0.3803786574870912
0.38209982788296043
0.3838209982788296
0.3855421686746988
0.387263339070568
0.3889845094664372
0.39070567986230637
0.3924268502581756
0.39414802065404475
0.3958691910499139
0.39759036144578314
0.3993115318416523
0.4010327022375215
0.4027538726333907
0.4044750430292599
0.40619621342512907
0.4079173838209983
0.40963855421686746
0.4113597246127367
0.41308089500860584
0.41480206540447506
0.4165232358003442
0.41824440619621345
0.4199655765920826
0.42168674698795183
0.423407917383821
0.42512908777969016
0.4268502581755594
0.42857142857142855
0.43029259896729777
0.43201376936316693
0.43373493975903615
0.4354561101549053
0.43717728055077454
0.4388984509466437
0.4406196213425129
0.4423407917383821
0.4440619621342513
0.4457831325301205
0.4475043029259897
0.44922547332185886
0.4509466437177281
0.45266781411359724
0.45438898450946646
0.45611015490533563
0.4578313253012048
0.459552495697074
0.4612736660929432
0.4629948364888124
0.46471600688468157
0.4664371772805508
0.46815834767641995
0.46987951807228917
0.47160068846815834
0.47332185886402756
0.4750430292598967
