1.0
1.0
1.0
1.0
1.0
1.0
1.0
1.0
1.0
1.0
1.0
1.0
1.0
1.0
1.0
1.0
1.0
1.0
1.0
1.0
1.0
1.0
1.0
1.0
1.0
1.0
0.17088607594936708
0.1761006289308176
0.18125
0.18633540372670807
0.19135802469135801
0.19631901840490798
0.20121951219512196
0.20606060606060606
0.21084337349397592
0.2155688622754491
0.22023809523809523
0.22485207100591717
0.22941176470588234
0.23391812865497075
0.23837209302325582
0.24277456647398843
0.2471264367816092
0.25142857142857145
0.2556818181818182
0.2598870056497175
0.2640449438202247
0.16551724137931034
0.16838487972508592
0.17123287671232876
0.17406143344709898
0.17687074829931973
0.17966101694915254
0.18243243243243243
0.18518518518518517
0.18791946308724833
0.16964285714285715
0.17210682492581603
0.17455621301775148
0.17699115044247787
0.17941176470588235
0.18181818181818182
0.18421052631578946
0.18658892128279883
0.18895348837209303
0.19130434782608696
0.1936416184971098
0.19596541786743515
0.19827586206896552
0.20057306590257878
0.20285714285714285
0.20512820512820512
0.18814432989690721
0.19023136246786632
0.19230769230769232
0.19437340153452684
0.19642857142857142
0.1984732824427481
0.20050761421319796
0.19801980198019803
0.2004950495049505
0.20297029702970298
0.20544554455445543
0.2079207920792079
0.2103960396039604
0.21287128712871287
0.21534653465346534
0.21782178217821782
0.2202970297029703
0.22277227722772278
0.22524752475247525
0.22772277227722773
0.2301980198019802
0.23267326732673269
0.23514851485148514
0.2376237623762376
0.2400990099009901
0.24257425742574257
0.24504950495049505
0.24752475247524752
0.25
0.2524752475247525
0.25495049504950495
0.25742574257425743
0.2599009900990099
0.2623762376237624
0.26485148514851486
0.26732673267326734
0.2698019801980198
0.2722772277227723
0.2747524752475248
0.27722772277227725
0.27970297029702973
0.28217821782178215
0.28465346534653463
0.2871287128712871
0.2896039603960396
1.0
1.0
1.0
1.0
1.0
1.0
1.0
1.0
1.0
1.0
1.0
1.0
1.0
1.0
0.28846153846153844
0.3018867924528302
0.3148148148148148
0.32727272727272727
0.3392857142857143
0.3508771929824561
0.3620689655172414
0.3728813559322034
0.38333333333333336
0.39344262295081966
0.4032258064516129
0.4126984126984127
0.421875
0.4307692307692308
0.4142857142857143
0.4225352112676056
0.4305555555555556
0.4383561643835616
0.44594594594594594
0.4533333333333333
0.4605263157894737
0.4675324675324675
0.47435897435897434
0.4810126582278481
0.4875
0.49382716049382713
0.5
0.4827586206896552
0.48863636363636365
0.4943820224719101
0.5056179775280899
0.5168539325842697
0.5280898876404494
0.5333333333333333
0.5384615384615384
0.5434782608695652
0.5483870967741935
0.5591397849462365
0.5698924731182796
0.5806451612903226
0.5913978494623656
0.6021505376344086
0.6129032258064516
0.6236559139784946
0.6344086021505376
0.6451612903225806
0.648936170212766
0.6526315789473685
0.65625
0.6597938144329897
0.6632653061224489
0.6666666666666666
0.67
0.6732673267326733
0.6764705882352942
0.6796116504854369
0.6826923076923077
0.6857142857142857
0.6886792452830188
0.6915887850467289
0.6944444444444444
0.7037037037037037
0.7129629629629629
0.7222222222222222
0.7247706422018348
0.7272727272727273
0.7297297297297297
0.7321428571428571
0.7345132743362832
0.7368421052631579
0.7456140350877193
0.7543859649122807
0.7565217391304347
0.7586206896551724
0.7606837606837606
0.7627118644067796
0.7711864406779662
0.7796610169491526
0.788135593220339
0.7966101694915254
0.7983193277310925
0.8
0.8016528925619835
0.8099173553719008
0.8181818181818182
0.8264462809917356
0.8347107438016529
0.8360655737704918
0.8373983739837398
1.0
1.0
1.0
1.0
1.0
1.0
1.0
1.0
1.0
1.0
1.0
1.0
1.0
1.0
1.0
1.0
1.0
1.0
1.0
1.0
1.0
1.0
1.0
1.0
1.0
1.0
0.17088607594936708
0.1761006289308176
0.18125
0.18633540372670807
0.19135802469135801
0.19631901840490798
0.20121951219512196
0.20606060606060606
0.21084337349397592
0.2155688622754491
0.22023809523809523
0.22485207100591717
0.22941176470588234
0.23391812865497075
0.23837209302325582
0.24277456647398843
0.2471264367816092
0.25142857142857145
0.2556818181818182
0.2598870056497175
0.2640449438202247
0.16551724137931034
0.16838487972508592
0.17123287671232876
0.17406143344709898
0.17687074829931973
0.17966101694915254
0.18243243243243243
0.18518518518518517
0.18791946308724833
0.16964285714285715
0.17210682492581603
0.17455621301775148
0.17699115044247787
0.17941176470588235
0.18181818181818182
0.18421052631578946
0.18658892128279883
0.18895348837209303
0.19130434782608696
0.1936416184971098
0.19596541786743515
0.19827586206896552
0.20057306590257878
0.20285714285714285
0.20512820512820512
0.18814432989690721
0.19023136246786632
0.19230769230769232
0.19437340153452684
0.19642857142857142
0.1984732824427481
0.20050761421319796
0.19801980198019803
0.2004950495049505
0.20297029702970298
0.20544554455445543
0.2079207920792079
0.2103960396039604
0.21287128712871287
0.21534653465346534
0.21782178217821782
0.2202970297029703
0.22277227722772278
0.22524752475247525
0.22772277227722773
0.2301980198019802
0.23267326732673269
0.23514851485148514
0.2376237623762376
0.2400990099009901
0.24257425742574257
0.24504950495049505
0.24752475247524752
0.25
0.2524752475247525
0.25495049504950495
0.25742574257425743
0.2599009900990099
0.2623762376237624
0.26485148514851486
0.26732673267326734
0.2698019801980198
0.2722772277227723
0.2747524752475248
0.27722772277227725
0.27970297029702973
0.28217821782178215
0.28465346534653463
0.2871287128712871
0.2896039603960396
1.0
1.0
1.0
1.0
1.0
1.0
1.0
1.0
1.0
1.0
1.0
1.0
1.0
1.0
0.28846153846153844
0.3018867924528302
0.3148148148148148
0.32727272727272727
0.3392857142857143
0.3508771929824561
0.3620689655172414
0.3728813559322034
0.38333333333333336
0.39344262295081966
0.4032258064516129
0.4126984126984127
0.421875
0.4307692307692308
0.4142857142857143
0.4225352112676056
0.4305555555555556
0.4383561643835616
0.44594594594594594
0.4533333333333333
0.4605263157894737
0.4675324675324675
0.47435897435897434
0.4810126582278481
0.4875
0.49382716049382713
0.5
0.4827586206896552
0.48863636363636365
0.4943820224719101
0.5056179775280899
0.5168539325842697
0.5280898876404494
0.5333333333333333
0.5384615384615384
0.5434782608695652
0.5483870967741935
0.5591397849462365
0.5698924731182796
0.5806451612903226
0.5913978494623656
0.6021505376344086
0.6129032258064516
0.6236559139784946
0.6344086021505376
0.6451612903225806
0.648936170212766
0.6526315789473685
0.65625
0.6597938144329897
0.6632653061224489
0.6666666666666666
0.67
0.6732673267326733
0.6764705882352942
0.6796116504854369
0.6826923076923077
0.6857142857142857
0.6886792452830188
0.6915887850467289
0.6944444444444444
0.7037037037037037
0.7129629629629629
0.7222222222222222
0.7247706422018348
0.7272727272727273
0.7297297297297297
0.7321428571428571
0.7345132743362832
0.7368421052631579
0.7456140350877193
0.7543859649122807
0.7565217391304347
0.7586206896551724
0.7606837606837606
0.7627118644067796
0.7711864406779662
0.7796610169491526
0.788135593220339
0.7966101694915254
0.7983193277310925
0.8
0.8016528925619835
0.8099173553719008
0.8181818181818182
0.8264462809917356
0.8347107438016529
0.8360655737704918
0.8373983739837398
1.0
1.0
1.0
1.0
1.0
1.0
1.0
1.0
1.0
1.0
1.0
1.0
1.0
1.0
1.0
1.0
1.0
1.0
1.0
1.0
1.0
1.0
1.0
1.0
1.0
1.0
1.0
1.0
1.0
1.0
1.0
1.0
1.0
1.0
1.0
1.0
1.0
1.0
1.0
1.0
1.0
1.0
1.0
1.0
1.0
1.0
1.0
1.0
1.0
1.0
1.0
1.0
1.0
1.0
1.0
1.0
1.0
1.0
1.0
1.0
1.0
1.0
1.0
1.0
1.0
1.0
1.0
1.0
1.0
1.0
1.0
1.0
1.0
1.0
1.0
1.0
1.0
1.0
1.0
1.0
1.0
1.0
1.0
1.0
1.0
1.0
1.0
1.0
1.0
1.0
1.0
1.0
1.0
1.0
1.0
1.0
1.0
1.0
1.0
1.0
1.0
1.0
1.0
1.0
1.0
0.17088607594936708
0.1761006289308176
0.18125
0.18633540372670807
0.19135802469135801
0.19631901840490798
0.20121951219512196
0.20606060606060606
0.21084337349397592
0.2155688622754491
0.22023809523809523
0.22485207100591717
0.22941176470588234
0.23391812865497075
0.23837209302325582
0.24277456647398843
0.2471264367816092
0.25142857142857145
0.2556818181818182
0.2598870056497175
0.2640449438202247
0.16551724137931034
0.16838487972508592
0.17123287671232876
0.17406143344709898
0.17687074829931973
0.17966101694915254
0.18243243243243243
0.18518518518518517
0.18791946308724833
0.16964285714285715
0.17210682492581603
0.17455621301775148
0.17699115044247787
0.17941176470588235
0.18181818181818182
0.18421052631578946
0.18658892128279883
0.18895348837209303
0.19130434782608696
0.1936416184971098
0.19596541786743515
0.19827586206896552
0.20057306590257878
0.20285714285714285
0.20512820512820512
0.18814432989690721
0.19023136246786632
0.19230769230769232
0.19437340153452684
0.19642857142857142
0.1984732824427481
0.20050761421319796
0.19801980198019803
0.2004950495049505
0.20297029702970298
0.20544554455445543
0.2079207920792079
0.2103960396039604
0.21287128712871287
0.21534653465346534
0.21782178217821782
0.2202970297029703
0.22277227722772278
0.22524752475247525
0.22772277227722773
0.2301980198019802
0.23267326732673269
0.23514851485148514
0.2376237623762376
0.2400990099009901
0.24257425742574257
0.24504950495049505
0.24752475247524752
0.25
0.2524752475247525
0.25495049504950495
0.25742574257425743
0.2599009900990099
0.2623762376237624
0.26485148514851486
0.26732673267326734
0.2698019801980198
0.2722772277227723
0.2747524752475248
0.27722772277227725
0.27970297029702973
0.28217821782178215
0.28465346534653463
0.2871287128712871
0.2896039603960396
1.0
1.0
1.0
1.0
1.0
1.0
1.0
1.0
1.0
1.0
1.0
1.0
1.0
1.0
1.0
1.0
1.0
1.0
1.0
1.0
1.0
1.0
1.0
1.0
1.0
1.0
1.0
1.0
1.0
1.0
1.0
1.0
1.0
1.0
1.0
1.0
1.0
1.0
1.0
1.0
1.0
1.0
1.0
1.0
1.0
1.0
1.0
1.0
1.0
1.0
1.0
1.0
1.0
1.0
1.0
1.0
1.0
1.0
1.0
1.0
1.0
1.0
1.0
1.0
1.0
1.0
1.0
1.0
1.0
1.0
1.0
1.0
1.0
1.0
1.0
1.0
1.0
1.0
1.0
1.0
1.0
1.0
1.0
1.0
1.0
1.0
1.0
1.0
1.0
1.0
1.0
1.0
1.0
1.0
1.0
1.0
1.0
1.0
1.0
1.0
1.0
1.0
1.0
1.0
1.0
1.0
1.0
1.0
1.0
1.0
1.0
1.0
1.0
1.0
1.0
1.0
1.0
0.28846153846153844
0.3018867924528302
0.3148148148148148
0.32727272727272727
0.3392857142857143
0.3508771929824561
0.3620689655172414
0.3728813559322034
0.38333333333333336
0.39344262295081966
0.4032258064516129
0.4126984126984127
0.421875
0.4307692307692308
0.4142857142857143
0.4225352112676056
0.4305555555555556
0.4383561643835616
0.44594594594594594
0.4533333333333333
0.4605263157894737
0.4675324675324675
0.47435897435897434
0.4810126582278481
0.4875
0.49382716049382713
0.5
0.4827586206896552
0.48863636363636365
0.4943820224719101
0.5056179775280899
0.5168539325842697
0.5280898876404494
0.5333333333333333
0.5384615384615384
0.5434782608695652
0.5483870967741935
0.5591397849462365
0.5698924731182796
0.5806451612903226
0.5913978494623656
0.6021505376344086
0.6129032258064516
0.6236559139784946
0.6344086021505376
0.6451612903225806
0.648936170212766
0.6526315789473685
0.65625
0.6597938144329897
0.6632653061224489
0.6666666666666666
0.67
0.6732673267326733
0.6764705882352942
0.6796116504854369
0.6826923076923077
0.6857142857142857
0.6886792452830188
0.6915887850467289
0.6944444444444444
0.7037037037037037
0.7129629629629629
0.7222222222222222
0.7247706422018348
0.7272727272727273
0.7297297297297297
0.7321428571428571
0.7345132743362832
0.7368421052631579
0.7456140350877193
0.7543859649122807
0.7565217391304347
0.7586206896551724
0.7606837606837606
0.7627118644067796
0.7711864406779662
0.7796610169491526
0.788135593220339
0.7966101694915254
0.7983193277310925
0.8
0.8016528925619835
0.8099173553719008
0.8181818181818182
0.8264462809917356
0.8347107438016529
0.8360655737704918
0.8373983739837398
1.0
1.0
1.0
1.0
1.0
1.0
1.0
1.0
1.0
1.0
1.0
1.0
1.0
1.0
1.0
1.0
1.0
1.0
1.0
1.0
1.0
1.0
1.0
1.0
1.0
1.0
0.17088607594936708
0.1761006289308176
0.18125
0.18633540372670807
0.19135802469135801
0.19631901840490798
0.20121951219512196
0.20606060606060606
0.21084337349397592
0.2155688622754491
0.22023809523809523
0.22485207100591717
0.22941176470588234
0.23391812865497075
0.23837209302325582
0.24277456647398843
0.2471264367816092
0.25142857142857145
0.2556818181818182
0.2598870056497175
0.2640449438202247
0.16551724137931034
0.16838487972508592
0.17123287671232876
0.17406143344709898
0.17687074829931973
0.17966101694915254
0.18243243243243243
0.18518518518518517
0.18791946308724833
0.16964285714285715
0.17210682492581603
0.17455621301775148
0.17699115044247787
0.17941176470588235
0.18181818181818182
0.18421052631578946
0.18658892128279883
0.18895348837209303
0.19130434782608696
0.1936416184971098
0.19596541786743515
0.19827586206896552
0.20057306590257878
0.20285714285714285
0.20512820512820512
0.18814432989690721
0.19023136246786632
0.19230769230769232
0.19437340153452684
0.19642857142857142
0.1984732824427481
0.20050761421319796
0.19801980198019803
0.2004950495049505
0.20297029702970298
0.20544554455445543
0.2079207920792079
0.2103960396039604
0.21287128712871287
0.21534653465346534
0.21782178217821782
0.2202970297029703
0.22277227722772278
0.22524752475247525
0.22772277227722773
0.2301980198019802
0.23267326732673269
0.23514851485148514
0.2376237623762376
0.2400990099009901
0.24257425742574257
0.24504950495049505
0.24752475247524752
0.25
0.2524752475247525
0.25495049504950495
0.25742574257425743
0.2599009900990099
0.2623762376237624
0.26485148514851486
0.26732673267326734
0.2698019801980198
0.2722772277227723
0.2747524752475248
0.27722772277227725
0.27970297029702973
0.28217821782178215
0.28465346534653463
0.2871287128712871
0.2896039603960396
1.0
1.0
1.0
1.0
1.0
1.0
1.0
1.0
1.0
1.0
1.0
1.0
1.0
1.0
0.28846153846153844
0.3018867924528302
0.3148148148148148
0.32727272727272727
0.3392857142857143
0.3508771929824561
0.3620689655172414
0.3728813559322034
0.38333333333333336
0.39344262295081966
0.4032258064516129
0.4126984126984127
0.421875
0.4307692307692308
0.4142857142857143
0.4225352112676056
0.4305555555555556
0.4383561643835616
0.44594594594594594
0.4533333333333333
0.4605263157894737
0.4675324675324675
0.47435897435897434
0.4810126582278481
0.4875
0.49382716049382713
0.5
0.4827586206896552
0.48863636363636365
0.4943820224719101
0.5056179775280899
0.5168539325842697
0.5280898876404494
0.5333333333333333
0.5384615384615384
0.5434782608695652
0.5483870967741935
0.5591397849462365
0.5698924731182796
0.5806451612903226
0.5913978494623656
0.6021505376344086
0.6129032258064516
0.6236559139784946
0.6344086021505376
0.6451612903225806
0.648936170212766
0.6526315789473685
0.65625
0.6597938144329897
0.6632653061224489
0.6666666666666666
0.67
0.6732673267326733
0.6764705882352942
0.6796116504854369
0.6826923076923077
0.6857142857142857
0.6886792452830188
0.6915887850467289
0.6944444444444444
0.7037037037037037
0.7129629629629629
0.7222222222222222
0.7247706422018348
0.7272727272727273
0.7297297297297297
0.7321428571428571
0.7345132743362832
0.7368421052631579
0.7456140350877193
0.7543859649122807
0.7565217391304347
0.7586206896551724
0.7606837606837606
0.7627118644067796
0.7711864406779662
0.7796610169491526
0.788135593220339
0.7966101694915254
0.7983193277310925
0.8
0.8016528925619835
0.8099173553719008
0.8181818181818182
0.8264462809917356
0.8347107438016529
0.8360655737704918
0.8373983739837398
1.0
1.0
1.0
1.0
1.0
1.0
1.0
1.0
1.0
1.0
1.0
1.0
1.0
1.0
1.0
1.0
1.0
1.0
1.0
1.0
1.0
1.0
1.0
1.0
1.0
1.0
1.0
1.0
0.17088607594936708
0.1761006289308176
0.18125
0.18633540372670807
0.19135802469135801
0.19631901840490798
0.20121951219512196
0.20606060606060606
0.21084337349397592
0.2155688622754491
0.22023809523809523
0.22485207100591717
0.22941176470588234
0.23391812865497075
0.23837209302325582
0.24277456647398843
0.2471264367816092
0.25142857142857145
0.2556818181818182
0.2598870056497175
0.2640449438202247
0.16551724137931034
0.16838487972508592
0.17123287671232876
0.17406143344709898
0.17687074829931973
0.17966101694915254
0.18243243243243243
0.18518518518518517
0.18791946308724833
0.16964285714285715
0.17210682492581603
0.17455621301775148
0.17699115044247787
0.17941176470588235
0.18181818181818182
0.18421052631578946
0.18658892128279883
0.18895348837209303
0.19130434782608696
0.1936416184971098
0.19596541786743515
0.19827586206896552
0.20057306590257878
0.20285714285714285
0.20512820512820512
0.18814432989690721
0.19023136246786632
0.19230769230769232
0.19437340153452684
0.19642857142857142
0.1984732824427481
0.20050761421319796
0.19801980198019803
0.2004950495049505
0.20297029702970298
0.20544554455445543
0.2079207920792079
0.2103960396039604
0.21287128712871287
0.21534653465346534
0.21782178217821782
0.2202970297029703
0.22277227722772278
0.22524752475247525
0.22772277227722773
0.2301980198019802
0.23267326732673269
0.23514851485148514
0.2376237623762376
0.2400990099009901
0.24257425742574257
0.24504950495049505
0.24752475247524752
0.25
0.2524752475247525
0.25495049504950495
0.25742574257425743
0.2599009900990099
0.2623762376237624
0.26485148514851486
0.26732673267326734
0.2698019801980198
0.2722772277227723
0.2747524752475248
0.27722772277227725
0.27970297029702973
0.28217821782178215
0.28465346534653463
0.2871287128712871
0.2896039603960396
1.0
1.0
1.0
1.0
1.0
1.0
1.0
1.0
1.0
1.0
1.0
1.0
1.0
1.0
0.28846153846153844
0.3018867924528302
0.3148148148148148
0.32727272727272727
0.3392857142857143
0.3508771929824561
0.3620689655172414
0.3728813559322034
0.38333333333333336
0.39344262295081966
0.4032258064516129
0.4126984126984127
0.421875
0.4307692307692308
0.4142857142857143
0.4225352112676056
0.4305555555555556
0.4383561643835616
0.44594594594594594
0.4533333333333333
0.4605263157894737
0.4675324675324675
0.47435897435897434
0.4810126582278481
0.4875
0.49382716049382713
0.5
0.4827586206896552
0.48863636363636365
0.4943820224719101
0.5056179775280899
0.5168539325842697
0.5280898876404494
0.5333333333333333
0.5384615384615384
0.5434782608695652
0.5483870967741935
0.5591397849462365
0.5698924731182796
0.5806451612903226
0.5913978494623656
0.6021505376344086
0.6129032258064516
0.6236559139784946
0.6344086021505376
0.6451612903225806
0.648936170212766
0.6526315789473685
0.65625
0.6597938144329897
0.6632653061224489
0.6666666666666666
0.67
0.6732673267326733
0.6764705882352942
0.6796116504854369
0.6826923076923077
0.6857142857142857
0.6886792452830188
0.6915887850467289
0.6944444444444444
0.7037037037037037
0.7129629629629629
0.7222222222222222
0.7247706422018348
0.7272727272727273
0.7297297297297297
0.7321428571428571
0.7345132743362832
0.7368421052631579
0.7456140350877193
0.7543859649122807
0.7565217391304347
0.7586206896551724
0.7606837606837606
0.7627118644067796
0.7711864406779662
0.7796610169491526
0.788135593220339
0.7966101694915254
0.7983193277310925
0.8
0.8016528925619835
0.8099173553719008
0.8181818181818182
0.8264462809917356
0.8347107438016529
0.8360655737704918
0.8373983739837398
