1.0
1.0
1.0
1.0
1.0
1.0
1.0
1.0
1.0
1.0
1.0
1.0
1.0
1.0
1.0
1.0
1.0
0.8571428571428571
0.8636363636363636
0.8695652173913043
0.875
0.88
0.8846153846153846
0.8888888888888888
0.2777777777777778
0.28888888888888886
0.3
0.3111111111111111
0.32222222222222224
0.3333333333333333
0.34444444444444444
0.35555555555555557
0.36666666666666664
0.37777777777777777
0.3888888888888889
0.4
0.4111111111111111
0.4222222222222222
0.43333333333333335
0.4444444444444444
0.45555555555555555
0.4666666666666667
0.4777777777777778
0.4888888888888889
0.5
0.5111111111111111
0.5222222222222223
0.5333333333333333
0.5444444444444444
0.5555555555555556
0.5666666666666667
0.5777777777777777
0.5888888888888889
0.6
0.6111111111111112
0.6222222222222222
0.6333333333333333
0.6444444444444445
0.6555555555555556
0.6666666666666666
0.6777777777777778
0.6888888888888889
0.7
0.7111111111111111
0.7222222222222222
0.7333333333333333
0.7444444444444445
0.7555555555555555
0.7666666666666667
0.7777777777777778
0.7888888888888889
0.8
0.8021978021978022
0.8043478260869565
0.8064516129032258
0.8085106382978723
0.8191489361702128
0.8297872340425532
0.8404255319148937
0.851063829787234
0.8617021276595744
0.8723404255319149
0.8829787234042553
0.8936170212765957
0.9042553191489362
0.9148936170212766
0.925531914893617
0.9361702127659575
0.9468085106382979
1.0
1.0
1.0
1.0
1.0
1.0
1.0
1.0
1.0
1.0
1.0
1.0
1.0
1.0
1.0
1.0
1.0
0.8571428571428571
0.8636363636363636
0.8695652173913043
0.875
0.88
0.8846153846153846
0.8888888888888888
0.2777777777777778
0.28888888888888886
0.3
0.3111111111111111
0.32222222222222224
0.3333333333333333
0.34444444444444444
0.35555555555555557
0.36666666666666664
0.37777777777777777
0.3888888888888889
0.4
0.4111111111111111
0.4222222222222222
0.43333333333333335
0.4444444444444444
0.45555555555555555
0.4666666666666667
0.4777777777777778
0.4888888888888889
0.5
0.5111111111111111
0.5222222222222223
0.5333333333333333
0.5444444444444444
0.5555555555555556
0.5666666666666667
0.5777777777777777
0.5888888888888889
0.6
0.6111111111111112
0.6222222222222222
0.6333333333333333
0.6444444444444445
0.6555555555555556
0.6666666666666666
0.6777777777777778
0.6888888888888889
0.7
0.7111111111111111
0.7222222222222222
0.7333333333333333
0.7444444444444445
0.7555555555555555
0.7666666666666667
0.7777777777777778
0.7888888888888889
0.8
0.8021978021978022
0.8043478260869565
0.8064516129032258
0.8085106382978723
0.8191489361702128
0.8297872340425532
0.8404255319148937
0.851063829787234
0.8617021276595744
0.8723404255319149
0.8829787234042553
0.8936170212765957
0.9042553191489362
0.9148936170212766
0.925531914893617
0.9361702127659575
0.9468085106382979
1.0
1.0
1.0
1.0
1.0
1.0
1.0
1.0
1.0
1.0
1.0
1.0
1.0
1.0
1.0
1.0
1.0
1.0
1.0
1.0
1.0
1.0
1.0
1.0
1.0
1.0
1.0
1.0
1.0
1.0
1.0
1.0
1.0
1.0
0.8571428571428571
0.8636363636363636
0.8695652173913043
0.875
0.88
0.8846153846153846
0.8888888888888888
0.2777777777777778
0.28888888888888886
0.3
0.3111111111111111
0.32222222222222224
0.3333333333333333
0.34444444444444444
0.35555555555555557
0.36666666666666664
0.37777777777777777
0.3888888888888889
0.4
0.4111111111111111
0.4222222222222222
0.43333333333333335
0.4444444444444444
0.45555555555555555
0.4666666666666667
0.4777777777777778
0.4888888888888889
0.5
0.5111111111111111
0.5222222222222223
0.5333333333333333
0.5444444444444444
0.5555555555555556
0.5666666666666667
0.5777777777777777
0.5888888888888889
0.6
0.6111111111111112
0.6222222222222222
0.6333333333333333
0.6444444444444445
0.6555555555555556
0.6666666666666666
0.6777777777777778
0.6888888888888889
0.7
0.7111111111111111
0.7222222222222222
0.7333333333333333
0.7444444444444445
0.7555555555555555
0.7666666666666667
0.7777777777777778
0.7888888888888889
0.8
0.8021978021978022
0.8043478260869565
0.8064516129032258
0.8085106382978723
0.8191489361702128
0.8297872340425532
0.8404255319148937
0.851063829787234
0.8617021276595744
0.8723404255319149
0.8829787234042553
0.8936170212765957
0.9042553191489362
0.9148936170212766
0.925531914893617
0.9361702127659575
0.9468085106382979
1.0
1.0
1.0
1.0
1.0
1.0
1.0
1.0
1.0
1.0
1.0
1.0
1.0
1.0
1.0
1.0
1.0
0.8571428571428571
0.8636363636363636
0.8695652173913043
0.875
0.88
0.8846153846153846
0.8888888888888888
0.2777777777777778
0.28888888888888886
0.3
0.3111111111111111
0.32222222222222224
0.3333333333333333
0.34444444444444444
0.35555555555555557
0.36666666666666664
0.37777777777777777
0.3888888888888889
0.4
0.4111111111111111
0.4222222222222222
0.43333333333333335
0.4444444444444444
0.45555555555555555
0.4666666666666667
0.4777777777777778
0.4888888888888889
0.5
0.5111111111111111
0.5222222222222223
0.5333333333333333
0.5444444444444444
0.5555555555555556
0.5666666666666667
0.5777777777777777
0.5888888888888889
0.6
0.6111111111111112
0.6222222222222222
0.6333333333333333
0.6444444444444445
0.6555555555555556
0.6666666666666666
0.6777777777777778
0.6888888888888889
0.7
0.7111111111111111
0.7222222222222222
0.7333333333333333
0.7444444444444445
0.7555555555555555
0.7666666666666667
0.7777777777777778
0.7888888888888889
0.8
0.8021978021978022
0.8043478260869565
0.8064516129032258
0.8085106382978723
0.8191489361702128
0.8297872340425532
0.8404255319148937
0.851063829787234
0.8617021276595744
0.8723404255319149
0.8829787234042553
0.8936170212765957
0.9042553191489362
0.9148936170212766
0.925531914893617
0.9361702127659575
0.9468085106382979
1.0
1.0
1.0
1.0
1.0
1.0
1.0
1.0
1.0
1.0
1.0
1.0
1.0
1.0
1.0
1.0
1.0
0.8571428571428571
0.8636363636363636
0.8695652173913043
0.875
0.88
0.8846153846153846
0.8888888888888888
0.2777777777777778
0.28888888888888886
0.3
0.3111111111111111
0.32222222222222224
0.3333333333333333
0.34444444444444444
0.35555555555555557
0.36666666666666664
0.37777777777777777
0.3888888888888889
0.4
0.4111111111111111
0.4222222222222222
0.43333333333333335
0.4444444444444444
0.45555555555555555
0.4666666666666667
0.4777777777777778
0.4888888888888889
0.5
0.5111111111111111
0.5222222222222223
0.5333333333333333
0.5444444444444444
0.5555555555555556
0.5666666666666667
0.5777777777777777
0.5888888888888889
0.6
0.6111111111111112
0.6222222222222222
0.6333333333333333
0.6444444444444445
0.6555555555555556
0.6666666666666666
0.6777777777777778
0.6888888888888889
0.7
0.7111111111111111
0.7222222222222222
0.7333333333333333
0.7444444444444445
0.7555555555555555
0.7666666666666667
0.7777777777777778
0.7888888888888889
0.8
0.8021978021978022
0.8043478260869565
0.8064516129032258
0.8085106382978723
0.8191489361702128
0.8297872340425532
0.8404255319148937
0.851063829787234
0.8617021276595744
0.8723404255319149
0.8829787234042553
0.8936170212765957
0.9042553191489362
0.9148936170212766
0.925531914893617
0.9361702127659575
0.9468085106382979
1.0
1.0
1.0
1.0
1.0
1.0
1.0
1.0
1.0
1.0
1.0
1.0
1.0
1.0
1.0
1.0
1.0
0.8571428571428571
0.8636363636363636
0.8695652173913043
0.875
0.88
0.8846153846153846
0.8888888888888888
0.2777777777777778
0.28888888888888886
0.3
0.3111111111111111
0.32222222222222224
0.3333333333333333
0.34444444444444444
0.35555555555555557
0.36666666666666664
0.37777777777777777
0.3888888888888889
0.4
0.4111111111111111
0.4222222222222222
0.43333333333333335
0.4444444444444444
0.45555555555555555
0.4666666666666667
0.4777777777777778
0.4888888888888889
0.5
0.5111111111111111
0.5222222222222223
0.5333333333333333
0.5444444444444444
0.5555555555555556
0.5666666666666667
0.5777777777777777
0.5888888888888889
0.6
0.6111111111111112
0.6222222222222222
0.6333333333333333
0.6444444444444445
0.6555555555555556
0.6666666666666666
0.6777777777777778
0.6888888888888889
0.7
0.7111111111111111
0.7222222222222222
0.7333333333333333
0.7444444444444445
0.7555555555555555
0.7666666666666667
0.7777777777777778
0.7888888888888889
0.8
0.8021978021978022
0.8043478260869565
0.8064516129032258
0.8085106382978723
0.8191489361702128
0.8297872340425532
0.8404255319148937
0.851063829787234
0.8617021276595744
0.8723404255319149
0.8829787234042553
0.8936170212765957
0.9042553191489362
0.9148936170212766
0.925531914893617
0.9361702127659575
0.9468085106382979
