1.0
1.0
1.0
1.0
1.0
1.0
1.0
1.0
1.0
1.0
1.0
1.0
1.0
1.0
1.0
1.0
1.0
1.0
1.0
1.0
1.0
1.0
1.0
1.0
1.0
1.0
1.0
1.0
1.0
1.0
1.0
1.0
1.0
1.0
1.0
1.0
1.0
1.0
1.0
1.0
1.0
0.7924528301886793
0.8113207547169812
0.8301886792452831
0.8490566037735849
0.8679245283018868
0.8867924528301887
0.9056603773584906
0.9245283018867925
0.9433962264150944
0.9622641509433962
0.9811320754716981
1.0
1.0
1.0
1.0
1.0
1.0
1.0
1.0
1.0
1.0
1.0
1.0
1.0
1.0
1.0
1.0
1.0
1.0
1.0
1.0
1.0
1.0
1.0
1.0
1.0
1.0
1.0
1.0
1.0
1.0
1.0
1.0
1.0
1.0
1.0
1.0
1.0
1.0
1.0
1.0
1.0
1.0
1.0
1.0
1.0
0.7924528301886793
0.8113207547169812
0.8301886792452831
0.8490566037735849
0.8679245283018868
0.8867924528301887
0.9056603773584906
0.9245283018867925
0.9433962264150944
0.9622641509433962
0.9811320754716981
1.0
1.0
1.0
1.0
1.0
1.0
1.0
1.0
1.0
1.0
1.0
1.0
1.0
1.0
1.0
1.0
1.0
1.0
1.0
1.0
1.0
1.0
1.0
1.0
1.0
1.0
1.0
1.0
1.0
1.0
1.0
1.0
1.0
1.0
1.0
1.0
1.0
1.0
1.0
1.0
1.0
1.0
1.0
1.0
1.0
1.0
1.0
1.0
1.0
1.0
1.0
1.0
1.0
1.0
1.0
1.0
1.0
1.0
1.0
1.0
1.0
1.0
1.0
1.0
1.0
1.0
1.0
1.0
1.0
1.0
1.0
1.0
1.0
1.0
1.0
1.0
1.0
1.0
1.0
1.0
1.0
1.0
1.0
1.0
1.0
1.0
0.7924528301886793
0.8113207547169812
0.8301886792452831
0.8490566037735849
0.8679245283018868
0.8867924528301887
0.9056603773584906
0.9245283018867925
0.9433962264150944
0.9622641509433962
0.9811320754716981
1.0
1.0
1.0
1.0
1.0
1.0
1.0
1.0
1.0
1.0
1.0
1.0
1.0
1.0
1.0
1.0
1.0
1.0
1.0
1.0
1.0
1.0
1.0
1.0
1.0
1.0
1.0
1.0
1.0
1.0
1.0
1.0
1.0
1.0
1.0
1.0
1.0
1.0
1.0
1.0
1.0
1.0
1.0
1.0
1.0
1.0
1.0
1.0
1.0
1.0
1.0
1.0
1.0
1.0
1.0
1.0
1.0
1.0
1.0
1.0
1.0
1.0
1.0
1.0
1.0
1.0
1.0
1.0
1.0
1.0
1.0
1.0
1.0
1.0
1.0
1.0
1.0
1.0
1.0
1.0
1.0
1.0
1.0
1.0
1.0
1.0
0.7924528301886793
0.8113207547169812
0.8301886792452831
0.8490566037735849
0.8679245283018868
0.8867924528301887
0.9056603773584906
0.9245283018867925
0.9433962264150944
0.9622641509433962
0.9811320754716981
1.0
1.0
1.0
1.0
1.0
1.0
1.0
1.0
1.0
1.0
1.0
1.0
1.0
1.0
1.0
1.0
1.0
1.0
1.0
1.0
1.0
1.0
1.0
1.0
1.0
1.0
1.0
1.0
1.0
1.0
1.0
1.0
1.0
1.0
1.0
1.0
1.0
1.0
1.0
1.0
1.0
1.0
1.0
1.0
1.0
0.7924528301886793
0.8113207547169812
0.8301886792452831
0.8490566037735849
0.8679245283018868
0.8867924528301887
0.9056603773584906
0.9245283018867925
0.9433962264150944
0.9622641509433962
0.9811320754716981
1.0
1.0
1.0
1.0
1.0
1.0
1.0
1.0
1.0
1.0
1.0
1.0
1.0
1.0
1.0
1.0
1.0
1.0
1.0
1.0
1.0
1.0
1.0
1.0
1.0
1.0
1.0
1.0
1.0
1.0
1.0
1.0
1.0
1.0
1.0
1.0
1.0
1.0
1.0
1.0
1.0
1.0
1.0
1.0
1.0
0.7924528301886793
0.8113207547169812
0.8301886792452831
0.8490566037735849
0.8679245283018868
0.8867924528301887
0.9056603773584906
0.9245283018867925
0.9433962264150944
0.9622641509433962
0.9811320754716981
1.0
1.0
1.0
1.0
1.0
1.0
1.0
1.0
1.0
1.0
1.0
1.0
1.0
1.0
1.0
1.0
1.0
1.0
1.0
1.0
1.0
1.0
1.0
1.0
1.0
1.0
1.0
1.0
1.0
1.0
1.0
1.0
1.0
1.0
1.0
1.0
1.0
1.0
1.0
1.0
1.0
1.0
1.0
1.0
1.0
0.7924528301886793
0.8113207547169812
0.8301886792452831
0.8490566037735849
0.8679245283018868
0.8867924528301887
0.9056603773584906
0.9245283018867925
0.9433962264150944
0.9622641509433962
0.9811320754716981
1.0
1.0
1.0
1.0
1.0
1.0
1.0
1.0
1.0
1.0
1.0
1.0
1.0
1.0
1.0
1.0
1.0
1.0
1.0
1.0
1.0
1.0
1.0
1.0
1.0
1.0
1.0
1.0
1.0
1.0
1.0
1.0
1.0
1.0
1.0
1.0
1.0
1.0
1.0
1.0
1.0
1.0
1.0
1.0
1.0
0.7924528301886793
0.8113207547169812
0.8301886792452831
0.8490566037735849
0.8679245283018868
0.8867924528301887
0.9056603773584906
0.9245283018867925
0.9433962264150944
0.9622641509433962
0.9811320754716981
1.0
1.0
1.0
1.0
