1.0
1.0
1.0
1.0
1.0
1.0
1.0
1.0
1.0
1.0
1.0
1.0
1.0
1.0
1.0
1.0
1.0
1.0
1.0
1.0
1.0
1.0
1.0
1.0
1.0
1.0
1.0
1.0
1.0
1.0
1.0
1.0
1.0
1.0
1.0
1.0
1.0
1.0
1.0
1.0
1.0
1.0
1.0
1.0
1.0
1.0
1.0
1.0
1.0
1.0
1.0
1.0
1.0
1.0
1.0
1.0
1.0
1.0
1.0
1.0
1.0
1.0
1.0
1.0
1.0
1.0
1.0
1.0
1.0
1.0
1.0
1.0
1.0
1.0
1.0
1.0
1.0
1.0
1.0
1.0
1.0
1.0
1.0
1.0
1.0
1.0
1.0
1.0
1.0
1.0
1.0
1.0
1.0
1.0
1.0
1.0
1.0
1.0
1.0
1.0
1.0
1.0
1.0
1.0
1.0
1.0
1.0
1.0
1.0
1.0
1.0
1.0
1.0
1.0
1.0
1.0
1.0
1.0
1.0
1.0
1.0
1.0
1.0
1.0
1.0
1.0
1.0
1.0
1.0
1.0
1.0
1.0
1.0
1.0
1.0
1.0
1.0
1.0
1.0
1.0
1.0
1.0
1.0
1.0
1.0
1.0
1.0
1.0
1.0
1.0
1.0
1.0
1.0
1.0
1.0
1.0
1.0
1.0
1.0
1.0
1.0
1.0
1.0
1.0
1.0
1.0
1.0
1.0
1.0
1.0
1.0
1.0
1.0
1.0
1.0
1.0
1.0
1.0
1.0
1.0
1.0
1.0
1.0
1.0
1.0
1.0
1.0
1.0
1.0
1.0
1.0
1.0
1.0
1.0
1.0
1.0
1.0
1.0
1.0
1.0
1.0
1.0
1.0
1.0
1.0
1.0
1.0
1.0
1.0
1.0
1.0
1.0
1.0
1.0
1.0
1.0
1.0
1.0
1.0
1.0
1.0
1.0
1.0
1.0
1.0
1.0
1.0
1.0
1.0
1.0
1.0
1.0
1.0
1.0
1.0
1.0
1.0
1.0
1.0
1.0
1.0
1.0
1.0
1.0
1.0
1.0
1.0
1.0
1.0
1.0
1.0
1.0
1.0
1.0
1.0
1.0
1.0
1.0
1.0
1.0
1.0
1.0
1.0
1.0
1.0
1.0
1.0
1.0
1.0
1.0
1.0
1.0
1.0
1.0
1.0
1.0
1.0
1.0
1.0
1.0
1.0
1.0
1.0
1.0
1.0
1.0
1.0
1.0
1.0
1.0
1.0
1.0
1.0
1.0
1.0
1.0
1.0
1.0
1.0
1.0
1.0
1.0
1.0
1.0
1.0
1.0
1.0
1.0
1.0
1.0
1.0
1.0
1.0
1.0
1.0
1.0
1.0
1.0
1.0
1.0
1.0
1.0
1.0
1.0
1.0
1.0
1.0
1.0
1.0
1.0
1.0
1.0
1.0
1.0
1.0
1.0
1.0
1.0
1.0
1.0
1.0
1.0
1.0
1.0
1.0
1.0
1.0
1.0
1.0
1.0
1.0
1.0
1.0
1.0
1.0
1.0
1.0
1.0
1.0
1.0
1.0
1.0
1.0
1.0
1.0
1.0
1.0
1.0
1.0
1.0
0.19302809573361082
0.1935483870967742
0.19406867845993755
0.19458896982310095
0.19510926118626432
0.19562955254942768
0.19614984391259105
0.19667013527575442
0.19719042663891778
0.19771071800208118
0.19823100936524454
0.1987513007284079
0.19927159209157128
0.19979188345473464
0.20031217481789804
0.2008324661810614
0.20135275754422477
0.20187304890738814
0.2023933402705515
0.20291363163371487
0.20343392299687826
0.20395421436004163
0.204474505723205
0.20499479708636836
0.20551508844953173
0.2060353798126951
0.2065556711758585
0.20707596253902186
0.20759625390218522
0.2081165452653486
0.20863683662851196
0.20915712799167535
0.20967741935483872
0.21019771071800208
0.21071800208116545
0.21123829344432882
0.21175858480749218
0.21227887617065558
0.21279916753381894
0.2133194588969823
0.21383975026014568
0.21436004162330904
0.2148803329864724
0.2154006243496358
0.21592091571279917
0.21644120707596254
0.2169614984391259
0.21748178980228927
0.21800208116545267
0.21852237252861603
0.2190426638917794
0.21956295525494277
0.22008324661810613
0.2206035379812695
0.2211238293444329
0.22164412070759626
0.22216441207075963
0.222684703433923
0.22320499479708636
0.22372528616024975
0.22424557752341312
0.2247658688865765
0.22528616024973985
0.22580645161290322
0.22632674297606659
0.22684703433922998
0.22736732570239335
0.2278876170655567
0.22840790842872008
0.22892819979188345
0.2294484911550468
0.2299687825182102
0.23048907388137357
0.23100936524453694
0.2315296566077003
0.23204994797086367
0.23257023933402707
0.23309053069719043
0.2336108220603538
0.23413111342351717
0.23465140478668053
0.2351716961498439
0.2356919875130073
0.23621227887617066
0.23673257023933403
0.2372528616024974
0.23777315296566076
0.23829344432882413
0.23881373569198752
0.2393340270551509
0.23985431841831426
0.24037460978147762
0.240894901144641
0.24141519250780438
0.24193548387096775
0.24245577523413112
0.24297606659729448
0.24349635796045785
0.24401664932362122
0.2445369406867846
0.24505723204994798
0.24557752341311134
0.2460978147762747
0.24661810613943808
0.24713839750260147
0.24765868886576484
0.2481789802289282
0.24869927159209157
0.24921956295525494
0.2497398543184183
0.25026014568158167
0.25078043704474506
0.2513007284079084
0.2518210197710718
0.2523413111342352
0.25286160249739853
0.2533818938605619
0.25390218522372526
0.25442247658688866
0.25494276795005205
0.2554630593132154
0.2559833506763788
0.2565036420395421
0.2570239334027055
0.2575442247658689
0.25806451612903225
0.25858480749219565
0.259105098855359
0.2596253902185224
0.2601456815816857
0.2606659729448491
0.2611862643080125
0.26170655567117584
0.26222684703433924
0.2627471383975026
0.26326742976066597
0.26378772112382937
0.2643080124869927
0.2648283038501561
0.26534859521331944
0.26586888657648283
0.2663891779396462
0.26690946930280957
0.26742976066597296
0.2679500520291363
0.2684703433922997
0.26899063475546303
0.2695109261186264
0.2700312174817898
0.27055150884495316
0.27107180020811655
0.2715920915712799
0.2721123829344433
0.2726326742976067
0.27315296566077
0.2736732570239334
0.27419354838709675
0.27471383975026015
0.27523413111342354
0.2757544224765869
0.2762747138397503
0.2767950052029136
0.277315296566077
0.2778355879292404
0.27835587929240374
0.27887617065556713
0.2793964620187305
0.27991675338189387
1.0
1.0
1.0
1.0
1.0
1.0
1.0
1.0
1.0
1.0
1.0
1.0
1.0
1.0
1.0
1.0
1.0
1.0
1.0
1.0
1.0
1.0
1.0
1.0
1.0
1.0
1.0
1.0
1.0
1.0
1.0
1.0
1.0
1.0
1.0
1.0
1.0
1.0
1.0
1.0
1.0
1.0
1.0
1.0
1.0
1.0
1.0
1.0
1.0
1.0
1.0
1.0
1.0
1.0
1.0
1.0
1.0
1.0
1.0
1.0
1.0
1.0
1.0
1.0
1.0
1.0
1.0
1.0
1.0
1.0
1.0
1.0
1.0
1.0
1.0
1.0
1.0
1.0
1.0
1.0
1.0
1.0
1.0
1.0
1.0
1.0
1.0
1.0
1.0
1.0
1.0
1.0
1.0
1.0
1.0
1.0
1.0
1.0
1.0
1.0
1.0
1.0
1.0
1.0
1.0
1.0
1.0
1.0
1.0
1.0
1.0
1.0
1.0
1.0
1.0
1.0
1.0
1.0
1.0
1.0
1.0
1.0
1.0
1.0
1.0
1.0
1.0
1.0
1.0
1.0
1.0
1.0
1.0
1.0
1.0
1.0
1.0
1.0
1.0
1.0
1.0
1.0
1.0
1.0
1.0
1.0
1.0
1.0
1.0
1.0
1.0
1.0
1.0
1.0
1.0
1.0
1.0
1.0
1.0
1.0
1.0
1.0
1.0
1.0
1.0
1.0
1.0
1.0
1.0
1.0
1.0
1.0
1.0
1.0
1.0
1.0
1.0
1.0
1.0
1.0
1.0
1.0
1.0
1.0
1.0
1.0
1.0
1.0
1.0
1.0
1.0
1.0
1.0
1.0
1.0
1.0
1.0
1.0
1.0
1.0
1.0
1.0
1.0
1.0
1.0
1.0
1.0
1.0
1.0
1.0
1.0
1.0
1.0
1.0
1.0
1.0
1.0
1.0
1.0
1.0
1.0
1.0
1.0
1.0
1.0
1.0
1.0
1.0
1.0
1.0
1.0
1.0
1.0
1.0
1.0
1.0
1.0
1.0
1.0
1.0
1.0
1.0
1.0
1.0
1.0
1.0
1.0
1.0
1.0
1.0
1.0
1.0
1.0
1.0
1.0
1.0
1.0
1.0
1.0
1.0
1.0
1.0
1.0
1.0
1.0
1.0
1.0
1.0
1.0
1.0
1.0
1.0
1.0
1.0
1.0
1.0
1.0
1.0
1.0
1.0
1.0
1.0
1.0
1.0
1.0
1.0
1.0
1.0
1.0
1.0
1.0
1.0
1.0
1.0
1.0
1.0
1.0
1.0
1.0
1.0
1.0
1.0
1.0
1.0
1.0
1.0
1.0
1.0
1.0
1.0
1.0
1.0
1.0
1.0
1.0
1.0
1.0
1.0
1.0
1.0
1.0
1.0
1.0
1.0
1.0
1.0
1.0
1.0
1.0
1.0
1.0
1.0
1.0
1.0
1.0
1.0
1.0
1.0
1.0
1.0
1.0
1.0
1.0
1.0
1.0
1.0
1.0
1.0
1.0
1.0
1.0
1.0
1.0
1.0
1.0
1.0
1.0
1.0
1.0
1.0
1.0
1.0
1.0
1.0
1.0
1.0
1.0
1.0
1.0
1.0
0.19302809573361082
0.1935483870967742
0.19406867845993755
0.19458896982310095
0.19510926118626432
0.19562955254942768
0.19614984391259105
0.19667013527575442
0.19719042663891778
0.19771071800208118
0.19823100936524454
0.1987513007284079
0.19927159209157128
0.19979188345473464
0.20031217481789804
0.2008324661810614
0.20135275754422477
0.20187304890738814
0.2023933402705515
0.20291363163371487
0.20343392299687826
0.20395421436004163
0.204474505723205
0.20499479708636836
0.20551508844953173
0.2060353798126951
0.2065556711758585
0.20707596253902186
0.20759625390218522
0.2081165452653486
0.20863683662851196
0.20915712799167535
0.20967741935483872
0.21019771071800208
0.21071800208116545
0.21123829344432882
0.21175858480749218
0.21227887617065558
0.21279916753381894
0.2133194588969823
0.21383975026014568
0.21436004162330904
0.2148803329864724
0.2154006243496358
0.21592091571279917
0.21644120707596254
0.2169614984391259
0.21748178980228927
0.21800208116545267
0.21852237252861603
0.2190426638917794
0.21956295525494277
0.22008324661810613
0.2206035379812695
0.2211238293444329
0.22164412070759626
0.22216441207075963
0.222684703433923
0.22320499479708636
0.22372528616024975
0.22424557752341312
0.2247658688865765
0.22528616024973985
0.22580645161290322
0.22632674297606659
0.22684703433922998
0.22736732570239335
0.2278876170655567
0.22840790842872008
0.22892819979188345
0.2294484911550468
0.2299687825182102
0.23048907388137357
0.23100936524453694
0.2315296566077003
0.23204994797086367
0.23257023933402707
0.23309053069719043
0.2336108220603538
0.23413111342351717
0.23465140478668053
0.2351716961498439
0.2356919875130073
0.23621227887617066
0.23673257023933403
0.2372528616024974
0.23777315296566076
0.23829344432882413
0.23881373569198752
0.2393340270551509
0.23985431841831426
0.24037460978147762
0.240894901144641
0.24141519250780438
0.24193548387096775
0.24245577523413112
0.24297606659729448
0.24349635796045785
0.24401664932362122
0.2445369406867846
0.24505723204994798
0.24557752341311134
0.2460978147762747
0.24661810613943808
0.24713839750260147
0.24765868886576484
0.2481789802289282
0.24869927159209157
0.24921956295525494
0.2497398543184183
0.25026014568158167
0.25078043704474506
0.2513007284079084
0.2518210197710718
0.2523413111342352
0.25286160249739853
0.2533818938605619
0.25390218522372526
0.25442247658688866
0.25494276795005205
0.2554630593132154
0.2559833506763788
0.2565036420395421
0.2570239334027055
0.2575442247658689
0.25806451612903225
0.25858480749219565
0.259105098855359
0.2596253902185224
0.2601456815816857
0.2606659729448491
0.2611862643080125
0.26170655567117584
0.26222684703433924
0.2627471383975026
0.26326742976066597
0.26378772112382937
0.2643080124869927
0.2648283038501561
0.26534859521331944
0.26586888657648283
0.2663891779396462
0.26690946930280957
0.26742976066597296
0.2679500520291363
0.2684703433922997
0.26899063475546303
0.2695109261186264
0.2700312174817898
0.27055150884495316
0.27107180020811655
0.2715920915712799
0.2721123829344433
0.2726326742976067
0.27315296566077
0.2736732570239334
0.27419354838709675
0.27471383975026015
0.27523413111342354
0.2757544224765869
0.2762747138397503
0.2767950052029136
0.277315296566077
0.2778355879292404
0.27835587929240374
0.27887617065556713
0.2793964620187305
0.27991675338189387
1.0
1.0
1.0
1.0
1.0
1.0
1.0
1.0
1.0
1.0
1.0
1.0
1.0
1.0
1.0
1.0
1.0
1.0
1.0
1.0
1.0
1.0
1.0
1.0
1.0
1.0
1.0
1.0
1.0
1.0
1.0
1.0
1.0
1.0
1.0
1.0
1.0
1.0
1.0
1.0
1.0
1.0
1.0
1.0
1.0
1.0
1.0
1.0
1.0
1.0
1.0
1.0
1.0
1.0
1.0
1.0
1.0
1.0
1.0
1.0
1.0
1.0
1.0
1.0
1.0
1.0
1.0
1.0
1.0
1.0
1.0
1.0
1.0
1.0
1.0
1.0
1.0
1.0
1.0
1.0
1.0
1.0
1.0
1.0
1.0
1.0
1.0
1.0
1.0
1.0
1.0
1.0
1.0
1.0
1.0
1.0
1.0
1.0
1.0
1.0
1.0
1.0
1.0
1.0
1.0
1.0
1.0
1.0
1.0
1.0
1.0
1.0
1.0
1.0
1.0
1.0
1.0
1.0
1.0
1.0
1.0
1.0
1.0
1.0
1.0
1.0
1.0
1.0
1.0
1.0
1.0
1.0
1.0
1.0
1.0
1.0
1.0
1.0
1.0
1.0
1.0
1.0
1.0
1.0
1.0
1.0
1.0
1.0
1.0
1.0
1.0
1.0
1.0
1.0
1.0
1.0
1.0
1.0
1.0
1.0
1.0
1.0
1.0
1.0
1.0
1.0
1.0
1.0
1.0
1.0
1.0
1.0
1.0
1.0
1.0
1.0
1.0
1.0
1.0
1.0
1.0
1.0
1.0
1.0
1.0
1.0
1.0
1.0
1.0
1.0
1.0
1.0
1.0
1.0
1.0
1.0
1.0
1.0
1.0
1.0
1.0
1.0
1.0
1.0
1.0
1.0
1.0
1.0
1.0
1.0
1.0
1.0
1.0
1.0
1.0
1.0
1.0
1.0
1.0
1.0
1.0
1.0
1.0
1.0
1.0
1.0
1.0
1.0
1.0
1.0
1.0
1.0
1.0
1.0
1.0
1.0
1.0
1.0
1.0
1.0
1.0
1.0
1.0
1.0
1.0
1.0
1.0
1.0
1.0
1.0
1.0
1.0
1.0
1.0
1.0
1.0
1.0
1.0
1.0
1.0
1.0
1.0
1.0
1.0
1.0
1.0
1.0
1.0
1.0
1.0
1.0
1.0
1.0
1.0
1.0
1.0
1.0
1.0
1.0
1.0
1.0
1.0
1.0
1.0
1.0
1.0
1.0
1.0
1.0
1.0
1.0
1.0
1.0
1.0
1.0
1.0
1.0
1.0
1.0
1.0
1.0
1.0
1.0
1.0
1.0
1.0
1.0
1.0
1.0
1.0
1.0
1.0
1.0
1.0
1.0
1.0
1.0
1.0
1.0
1.0
1.0
1.0
1.0
1.0
1.0
1.0
1.0
1.0
1.0
1.0
1.0
1.0
1.0
1.0
1.0
1.0
1.0
1.0
1.0
1.0
1.0
1.0
1.0
1.0
1.0
1.0
1.0
1.0
1.0
1.0
1.0
1.0
1.0
1.0
1.0
1.0
1.0
1.0
1.0
1.0
1.0
1.0
1.0
1.0
1.0
1.0
1.0
1.0
1.0
1.0
1.0
1.0
1.0
1.0
1.0
1.0
1.0
1.0
1.0
1.0
1.0
1.0
1.0
1.0
1.0
1.0
1.0
1.0
1.0
1.0
1.0
1.0
1.0
1.0
1.0
1.0
1.0
1.0
1.0
1.0
1.0
1.0
1.0
1.0
1.0
1.0
1.0
1.0
1.0
1.0
1.0
1.0
1.0
1.0
1.0
1.0
1.0
1.0
1.0
1.0
1.0
1.0
1.0
1.0
1.0
1.0
1.0
1.0
1.0
1.0
1.0
1.0
1.0
1.0
1.0
1.0
1.0
1.0
1.0
1.0
1.0
1.0
1.0
1.0
1.0
1.0
1.0
1.0
1.0
1.0
1.0
1.0
1.0
1.0
1.0
1.0
1.0
1.0
1.0
1.0
1.0
1.0
1.0
1.0
1.0
1.0
1.0
1.0
1.0
1.0
1.0
1.0
1.0
1.0
1.0
1.0
1.0
1.0
1.0
1.0
1.0
1.0
1.0
1.0
1.0
1.0
1.0
1.0
1.0
1.0
1.0
1.0
1.0
1.0
1.0
1.0
1.0
1.0
1.0
1.0
1.0
1.0
1.0
1.0
1.0
1.0
1.0
1.0
1.0
1.0
1.0
1.0
1.0
1.0
1.0
1.0
1.0
1.0
1.0
1.0
1.0
1.0
1.0
0.2643080124869927
0.2648283038501561
0.26534859521331944
0.26586888657648283
0.2663891779396462
0.26690946930280957
0.26742976066597296
0.2679500520291363
0.2684703433922997
0.26899063475546303
0.2695109261186264
0.2700312174817898
0.27055150884495316
0.27107180020811655
0.2715920915712799
0.2721123829344433
0.2726326742976067
0.27315296566077
0.2736732570239334
0.27419354838709675
0.27471383975026015
0.27523413111342354
0.2757544224765869
0.2762747138397503
0.2767950052029136
0.277315296566077
0.2778355879292404
0.27835587929240374
0.27887617065556713
0.2793964620187305
0.27991675338189387
0.2804370447450572
0.2809573361082206
0.281477627471384
0.28199791883454733
0.28251821019771073
0.28303850156087407
0.28355879292403746
1.0
1.0
1.0
1.0
1.0
1.0
1.0
1.0
1.0
1.0
1.0
1.0
1.0
1.0
1.0
1.0
1.0
1.0
1.0
1.0
1.0
1.0
1.0
1.0
1.0
1.0
1.0
1.0
1.0
1.0
1.0
1.0
1.0
1.0
1.0
1.0
1.0
1.0
1.0
1.0
1.0
1.0
1.0
1.0
1.0
1.0
1.0
1.0
1.0
1.0
1.0
1.0
1.0
1.0
1.0
1.0
1.0
1.0
1.0
1.0
1.0
1.0
1.0
1.0
1.0
1.0
1.0
1.0
1.0
1.0
1.0
1.0
1.0
1.0
1.0
1.0
1.0
1.0
1.0
1.0
1.0
1.0
1.0
1.0
1.0
1.0
1.0
1.0
1.0
1.0
1.0
1.0
1.0
1.0
1.0
1.0
1.0
1.0
1.0
1.0
1.0
1.0
1.0
1.0
1.0
1.0
1.0
1.0
1.0
1.0
1.0
1.0
1.0
1.0
1.0
1.0
1.0
1.0
1.0
1.0
1.0
1.0
1.0
1.0
1.0
1.0
1.0
1.0
1.0
1.0
1.0
1.0
1.0
1.0
1.0
1.0
1.0
1.0
1.0
1.0
1.0
1.0
1.0
1.0
1.0
1.0
1.0
1.0
1.0
1.0
1.0
1.0
1.0
1.0
1.0
1.0
1.0
1.0
1.0
1.0
1.0
1.0
1.0
1.0
1.0
1.0
1.0
1.0
1.0
1.0
1.0
1.0
1.0
1.0
1.0
1.0
1.0
1.0
1.0
1.0
1.0
1.0
1.0
1.0
1.0
1.0
1.0
1.0
1.0
1.0
1.0
1.0
1.0
1.0
1.0
1.0
1.0
1.0
1.0
1.0
1.0
1.0
1.0
1.0
1.0
1.0
1.0
1.0
1.0
1.0
1.0
1.0
1.0
1.0
1.0
1.0
1.0
1.0
1.0
1.0
1.0
1.0
1.0
1.0
1.0
1.0
1.0
1.0
1.0
1.0
1.0
1.0
1.0
1.0
1.0
1.0
1.0
1.0
1.0
1.0
1.0
1.0
1.0
1.0
1.0
1.0
1.0
1.0
1.0
1.0
1.0
1.0
1.0
1.0
1.0
1.0
1.0
1.0
1.0
1.0
1.0
1.0
1.0
1.0
1.0
1.0
1.0
1.0
1.0
1.0
1.0
1.0
1.0
1.0
1.0
1.0
1.0
1.0
1.0
1.0
1.0
1.0
1.0
1.0
1.0
1.0
1.0
1.0
1.0
1.0
1.0
1.0
1.0
1.0
1.0
1.0
1.0
1.0
1.0
1.0
1.0
1.0
1.0
1.0
1.0
1.0
1.0
1.0
1.0
1.0
1.0
1.0
1.0
1.0
1.0
1.0
1.0
1.0
1.0
1.0
1.0
1.0
1.0
1.0
1.0
1.0
1.0
1.0
1.0
1.0
1.0
1.0
1.0
1.0
1.0
1.0
1.0
1.0
1.0
1.0
1.0
1.0
1.0
1.0
1.0
1.0
1.0
1.0
1.0
1.0
1.0
1.0
1.0
1.0
1.0
1.0
1.0
1.0
1.0
1.0
1.0
1.0
1.0
1.0
1.0
1.0
1.0
1.0
1.0
1.0
1.0
1.0
1.0
1.0
1.0
1.0
1.0
1.0
1.0
1.0
1.0
1.0
1.0
1.0
1.0
1.0
1.0
1.0
1.0
1.0
1.0
1.0
1.0
1.0
1.0
1.0
1.0
1.0
1.0
1.0
1.0
1.0
1.0
1.0
1.0
1.0
1.0
1.0
1.0
1.0
1.0
1.0
1.0
1.0
1.0
1.0
1.0
1.0
1.0
1.0
1.0
1.0
1.0
1.0
1.0
1.0
1.0
1.0
1.0
1.0
1.0
1.0
1.0
1.0
1.0
1.0
1.0
1.0
1.0
1.0
1.0
1.0
1.0
1.0
1.0
1.0
1.0
1.0
1.0
1.0
1.0
1.0
1.0
1.0
1.0
1.0
1.0
1.0
1.0
1.0
1.0
1.0
1.0
1.0
1.0
1.0
1.0
1.0
1.0
1.0
1.0
1.0
1.0
1.0
1.0
1.0
1.0
1.0
1.0
1.0
1.0
1.0
1.0
1.0
1.0
1.0
1.0
1.0
1.0
1.0
1.0
1.0
1.0
1.0
1.0
1.0
1.0
1.0
1.0
1.0
1.0
1.0
1.0
1.0
1.0
1.0
1.0
1.0
1.0
1.0
1.0
1.0
1.0
1.0
1.0
1.0
1.0
1.0
1.0
1.0
1.0
1.0
1.0
1.0
1.0
1.0
1.0
1.0
1.0
1.0
1.0
1.0
1.0
1.0
1.0
1.0
1.0
1.0
1.0
1.0
1.0
1.0
1.0
1.0
1.0
1.0
1.0
1.0
1.0
1.0
1.0
1.0
1.0
1.0
1.0
1.0
1.0
1.0
1.0
1.0
1.0
1.0
1.0
1.0
1.0
1.0
1.0
1.0
1.0
1.0
1.0
1.0
1.0
1.0
1.0
1.0
1.0
1.0
1.0
1.0
1.0
1.0
1.0
1.0
1.0
1.0
1.0
1.0
0.9735537190082645
0.9752066115702479
0.9768595041322314
0.9785123966942149
0.9785478547854786
0.9785831960461285
0.9786184210526315
0.9786535303776683
0.9802955665024631
0.9819376026272578
0.9835796387520526
0.9852216748768473
0.986863711001642
0.9885057471264368
0.9901477832512315
0.9917898193760263
0.993431855500821
0.9950738916256158
0.9967159277504105
0.9983579638752053
1.0
0.9822866344605475
0.9838969404186796
0.9855072463768116
0.9871175523349437
0.9887278582930756
0.9903381642512077
0.9919484702093397
0.9935587761674718
0.9951690821256038
0.9967793880837359
0.998389694041868
1.0
0.9983948635634029
1.0
0.9936305732484076
0.9952229299363057
0.9968152866242038
0.9984076433121019
1.0
0.9921135646687698
0.9936908517350158
0.9952681388012619
0.9968454258675079
0.998422712933754
1.0
0.9968602825745683
0.9984301412872841
1.0
1.0
0.9984375
1.0
0.9831288343558282
0.9846625766871165
0.9861963190184049
0.9877300613496932
0.9892638036809815
0.99079754601227
0.9923312883435583
0.9938650306748467
0.995398773006135
0.9969325153374233
0.9984662576687117
1.0
0.9984709480122325
1.0
0.9954407294832827
0.9969604863221885
0.9984802431610942
1.0
0.9939668174962293
0.995475113122172
0.9969834087481146
0.9984917043740573
1.0
0.996996996996997
0.9984984984984985
1.0
1.0
0.9955290611028316
0.9970193740685543
0.9985096870342772
1.0
0.9940828402366864
0.9955621301775148
0.9970414201183432
0.9985207100591716
1.0
0.9868804664723032
0.9883381924198251
0.9897959183673469
0.9912536443148688
0.9927113702623906
0.9941690962099126
0.9956268221574344
0.9970845481049563
0.9985422740524781
1.0
1.0
1.0
1.0
1.0
1.0
1.0
1.0
1.0
1.0
1.0
1.0
1.0
1.0
1.0
1.0
1.0
1.0
1.0
1.0
1.0
1.0
1.0
1.0
1.0
1.0
1.0
1.0
1.0
1.0
1.0
1.0
1.0
1.0
1.0
1.0
1.0
1.0
1.0
1.0
1.0
1.0
1.0
1.0
1.0
1.0
1.0
1.0
1.0
1.0
1.0
1.0
1.0
1.0
1.0
1.0
1.0
1.0
1.0
1.0
1.0
1.0
1.0
1.0
1.0
1.0
1.0
1.0
1.0
1.0
1.0
1.0
1.0
1.0
1.0
1.0
1.0
1.0
1.0
1.0
1.0
1.0
1.0
1.0
1.0
1.0
1.0
1.0
1.0
1.0
1.0
1.0
1.0
1.0
1.0
1.0
1.0
1.0
1.0
1.0
1.0
1.0
1.0
1.0
1.0
1.0
1.0
1.0
1.0
1.0
1.0
1.0
1.0
1.0
1.0
1.0
1.0
1.0
1.0
1.0
1.0
1.0
1.0
1.0
1.0
1.0
1.0
1.0
1.0
1.0
1.0
1.0
1.0
1.0
1.0
1.0
1.0
1.0
1.0
1.0
1.0
1.0
1.0
1.0
1.0
1.0
1.0
1.0
1.0
1.0
1.0
1.0
1.0
1.0
1.0
1.0
1.0
1.0
1.0
1.0
1.0
1.0
1.0
1.0
1.0
1.0
1.0
1.0
1.0
1.0
1.0
1.0
1.0
1.0
1.0
1.0
1.0
1.0
1.0
1.0
1.0
1.0
1.0
1.0
1.0
1.0
1.0
1.0
1.0
1.0
1.0
1.0
1.0
1.0
1.0
1.0
1.0
1.0
1.0
1.0
1.0
1.0
1.0
1.0
1.0
1.0
1.0
1.0
1.0
1.0
1.0
1.0
1.0
1.0
1.0
1.0
1.0
1.0
1.0
1.0
1.0
1.0
1.0
1.0
1.0
1.0
1.0
1.0
1.0
1.0
1.0
1.0
1.0
1.0
1.0
1.0
1.0
1.0
1.0
1.0
1.0
1.0
1.0
1.0
1.0
1.0
1.0
1.0
1.0
1.0
1.0
1.0
1.0
1.0
1.0
1.0
1.0
1.0
1.0
1.0
1.0
1.0
1.0
1.0
1.0
1.0
1.0
1.0
1.0
1.0
1.0
1.0
1.0
1.0
1.0
1.0
1.0
1.0
1.0
1.0
1.0
1.0
1.0
1.0
1.0
1.0
1.0
1.0
1.0
1.0
1.0
1.0
1.0
1.0
1.0
1.0
1.0
1.0
1.0
1.0
1.0
1.0
1.0
1.0
1.0
1.0
1.0
1.0
1.0
1.0
1.0
1.0
1.0
1.0
1.0
1.0
1.0
1.0
1.0
1.0
1.0
1.0
1.0
1.0
1.0
1.0
1.0
1.0
1.0
1.0
1.0
1.0
1.0
1.0
1.0
1.0
1.0
1.0
1.0
1.0
1.0
1.0
1.0
1.0
1.0
1.0
1.0
1.0
1.0
1.0
1.0
1.0
1.0
1.0
1.0
1.0
1.0
1.0
1.0
1.0
1.0
1.0
1.0
1.0
1.0
1.0
1.0
1.0
1.0
1.0
1.0
1.0
1.0
1.0
1.0
1.0
1.0
1.0
1.0
1.0
1.0
1.0
1.0
1.0
1.0
1.0
1.0
1.0
1.0
1.0
1.0
1.0
1.0
1.0
1.0
1.0
1.0
1.0
1.0
1.0
1.0
1.0
1.0
1.0
1.0
1.0
1.0
1.0
1.0
1.0
1.0
1.0
1.0
1.0
1.0
1.0
1.0
1.0
1.0
1.0
1.0
1.0
1.0
1.0
1.0
1.0
1.0
1.0
1.0
1.0
1.0
1.0
1.0
1.0
1.0
1.0
1.0
1.0
1.0
1.0
1.0
1.0
1.0
1.0
1.0
1.0
1.0
1.0
1.0
1.0
1.0
1.0
1.0
1.0
1.0
1.0
1.0
1.0
1.0
1.0
1.0
1.0
1.0
1.0
1.0
1.0
1.0
1.0
1.0
1.0
1.0
1.0
1.0
1.0
1.0
1.0
1.0
1.0
1.0
1.0
1.0
1.0
1.0
1.0
1.0
1.0
1.0
1.0
1.0
1.0
1.0
1.0
1.0
1.0
1.0
1.0
1.0
1.0
1.0
1.0
1.0
1.0
1.0
1.0
1.0
1.0
1.0
1.0
1.0
1.0
1.0
1.0
1.0
1.0
1.0
1.0
1.0
1.0
1.0
1.0
1.0
1.0
1.0
1.0
1.0
1.0
1.0
1.0
1.0
1.0
1.0
1.0
1.0
1.0
1.0
1.0
1.0
1.0
1.0
1.0
1.0
1.0
1.0
1.0
1.0
1.0
1.0
1.0
1.0
1.0
1.0
1.0
1.0
1.0
1.0
1.0
1.0
1.0
1.0
1.0
1.0
1.0
1.0
1.0
1.0
1.0
1.0
1.0
1.0
1.0
1.0
1.0
1.0
1.0
1.0
1.0
1.0
1.0
1.0
1.0
1.0
1.0
1.0
1.0
1.0
1.0
1.0
1.0
1.0
0.3064516129032258
0.30697190426638915
0.30749219562955254
0.30801248699271594
0.3085327783558793
0.3090530697190427
0.309573361082206
0.3100936524453694
0.3106139438085328
0.31113423517169614
0.31165452653485953
0.31217481789802287
0.31269510926118627
0.31321540062434966
0.313735691987513
0.3142559833506764
0.31477627471383973
0.3152965660770031
0.3158168574401665
0.31633714880332986
0.31685744016649325
0.3173777315296566
0.31789802289282
0.3184183142559833
0.3189386056191467
0.3194588969823101
0.31997918834547345
0.32049947970863685
0.3210197710718002
0.3215400624349636
0.322060353798127
0.3225806451612903
0.3231009365244537
0.32362122788761705
0.32414151925078044
0.32466181061394384
0.3251821019771072
0.32570239334027057
0.3262226847034339
0.3267429760665973
0.32726326742976064
0.32778355879292403
0.32830385015608743
0.32882414151925077
0.32934443288241416
0.3298647242455775
0.3303850156087409
0.3309053069719043
0.33142559833506763
0.331945889698231
0.33246618106139436
0.33298647242455776
0.33350676378772115
0.3340270551508845
0.3345473465140479
0.3350676378772112
0.3355879292403746
0.33610822060353795
0.33662851196670135
0.33714880332986474
0.3376690946930281
0.3381893860561915
0.3387096774193548
0.3392299687825182
0.3397502601456816
0.34027055150884494
0.34079084287200834
0.3413111342351717
0.34183142559833507
0.34235171696149846
0.3428720083246618
0.3433922996878252
0.34391259105098854
0.34443288241415193
0.34495317377731527
0.34547346514047866
0.34599375650364206
0.3465140478668054
0.3470343392299688
0.34755463059313213
0.3480749219562955
0.3485952133194589
0.34893395735829436
0.3494539781591264
0.3499739989599584
0.3504940197607904
0.35101404056162244
0.3515340613624545
0.35205408216328654
0.35257410296411856
0.3530941237649506
0.3536141445657826
0.3541341653666147
0.3546541861674467
0.3551742069682787
0.35569422776911075
0.35621424856994277
0.35673426937077485
0.35725429017160687
0.3577743109724389
0.3582943317732709
0.358814352574103
0.359334373374935
0.35985439417576703
0.36037441497659906
0.3608944357774311
0.36141445657826315
0.3619344773790952
0.3624544981799272
0.3629745189807592
0.36349453978159124
0.3640145605824233
0.36453458138325534
0.36505460218408736
0.3655746229849194
0.3660946437857514
0.3666146645865835
0.3671346853874155
0.3676547061882475
0.36817472698907955
0.36869474778991157
0.36921476859074365
0.36973478939157567
0.3702548101924077
0.3707748309932397
0.3712948517940718
0.3718148725949038
0.37233489339573583
0.37285491419656785
0.3733749349973999
0.37389495579823195
0.374414976599064
0.374934997399896
0.375455018200728
0.37597503900156004
0.3764950598023921
0.37701508060322414
0.37753510140405616
0.3780551222048882
0.3785751430057202
0.3790951638065523
0.3796151846073843
0.3801352054082163
0.38065522620904835
0.38117524700988037
0.38169526781071245
0.38221528861154447
0.3827353094123765
0.3832553302132085
0.3837753510140406
0.3842953718148726
0.38481539261570463
0.38533541341653665
0.3858554342173687
0.38637545501820075
0.3868954758190328
0.3874154966198648
0.3879355174206968
0.38845553822152884
0.3889755590223609
0.38949557982319294
0.39001560062402496
0.390535621424857
0.391055642225689
0.3915756630265211
0.3920956838273531
0.3926157046281851
0.39313572542901715
0.39365574622984917
0.39417576703068125
0.39469578783151327
0.3952158086323453
0.3957358294331773
0.3962558502340094
0.3967758710348414
0.39729589183567343
0.39781591263650545
0.3983359334373375
0.39885595423816955
0.3993759750390016
0.3998959958398336
0.4004160166406656
0.40093603744149764
0.4014560582423297
0.40197607904316174
0.40249609984399376
0.4030161206448258
0.4035361414456578
0.4040561622464899
0.4045761830473219
0.4050962038481539
0.40561622464898595
0.40613624544981797
0.40665626625065004
0.40717628705148207
0.4076963078523141
0.4082163286531461
0.40873634945397813
0.4092563702548102
0.40977639105564223
0.41029641185647425
0.4108164326573063
0.41133645345813835
0.4118564742589704
0.4123764950598024
0.4128965158606344
0.41341653666146644
0.4139365574622985
0.41445657826313054
0.41497659906396256
0.4154966198647946
0.4160166406656266
0.4165366614664587
0.4170566822672907
0.4175767030681227
0.41809672386895474
0.41861674466978677
0.41913676547061884
0.41965678627145087
0.4201768070722829
0.4206968278731149
0.42121684867394693
0.421736869474779
0.42225689027561103
0.42277691107644305
0.4232969318772751
0.42381695267810715
0.4243369734789392
0.4248569942797712
0.4253770150806032
0.42589703588143524
0.4264170566822673
0.42693707748309934
0.42745709828393136
0.4279771190847634
0.4284971398855954
0.4290171606864275
0.4295371814872595
0.4300572022880915
0.43057722308892354
0.43109724388975557
0.43161726469058764
0.43213728549141966
0.4326573062922517
0.4331773270930837
0.43369734789391573
0.4342173686947478
0.43473738949557983
0.43525741029641185
0.4357774310972439
0.43629745189807595
0.43681747269890797
0.43733749349974
0.437857514300572
0.43837753510140404
0.4388975559022361
0.43941757670306814
0.43993759750390016
0.4404576183047322
0.4409776391055642
0.4414976599063963
0.4420176807072283
0.4425377015080603
0.44305772230889234
0.44357774310972437
0.44409776391055644
0.44461778471138846
0.4451378055122205
0.4456578263130525
0.44617784711388453
0.4466978679147166
0.44721788871554863
0.44773790951638065
0.44825793031721267
0.44877795111804475
1.0
1.0
1.0
1.0
1.0
1.0
1.0
1.0
1.0
1.0
1.0
1.0
1.0
1.0
1.0
1.0
1.0
1.0
1.0
1.0
1.0
1.0
1.0
1.0
1.0
1.0
1.0
1.0
1.0
1.0
1.0
1.0
1.0
1.0
1.0
1.0
1.0
1.0
1.0
1.0
1.0
1.0
1.0
1.0
1.0
1.0
1.0
1.0
1.0
1.0
1.0
1.0
1.0
1.0
1.0
1.0
1.0
1.0
1.0
1.0
1.0
1.0
1.0
1.0
1.0
1.0
1.0
1.0
1.0
1.0
1.0
1.0
1.0
1.0
1.0
1.0
1.0
1.0
1.0
1.0
1.0
1.0
1.0
1.0
1.0
1.0
1.0
1.0
1.0
1.0
1.0
1.0
1.0
1.0
1.0
1.0
1.0
1.0
1.0
1.0
1.0
1.0
1.0
1.0
1.0
1.0
1.0
1.0
1.0
1.0
1.0
1.0
1.0
1.0
1.0
1.0
1.0
1.0
1.0
1.0
1.0
1.0
1.0
1.0
1.0
1.0
1.0
1.0
1.0
1.0
1.0
1.0
1.0
1.0
1.0
1.0
1.0
1.0
1.0
1.0
1.0
1.0
1.0
1.0
1.0
1.0
1.0
1.0
1.0
1.0
1.0
1.0
1.0
1.0
1.0
1.0
1.0
1.0
1.0
1.0
1.0
1.0
1.0
1.0
1.0
1.0
1.0
1.0
1.0
1.0
1.0
1.0
1.0
1.0
1.0
1.0
1.0
1.0
1.0
1.0
1.0
1.0
1.0
1.0
1.0
1.0
1.0
1.0
1.0
1.0
1.0
1.0
1.0
1.0
1.0
1.0
1.0
1.0
1.0
1.0
1.0
1.0
1.0
1.0
1.0
1.0
1.0
1.0
1.0
1.0
1.0
1.0
1.0
1.0
1.0
1.0
1.0
1.0
1.0
1.0
1.0
1.0
1.0
1.0
1.0
1.0
1.0
1.0
1.0
1.0
1.0
1.0
1.0
1.0
1.0
1.0
1.0
1.0
1.0
1.0
1.0
1.0
1.0
1.0
1.0
1.0
1.0
1.0
1.0
1.0
1.0
1.0
1.0
1.0
1.0
1.0
1.0
1.0
1.0
1.0
1.0
1.0
1.0
1.0
1.0
1.0
1.0
1.0
1.0
1.0
1.0
1.0
1.0
1.0
1.0
1.0
1.0
1.0
1.0
1.0
1.0
1.0
1.0
1.0
1.0
1.0
1.0
1.0
1.0
1.0
1.0
1.0
1.0
1.0
1.0
1.0
1.0
1.0
1.0
1.0
1.0
1.0
1.0
1.0
1.0
1.0
1.0
1.0
1.0
1.0
1.0
1.0
1.0
1.0
1.0
1.0
1.0
1.0
1.0
1.0
1.0
1.0
1.0
1.0
1.0
1.0
1.0
1.0
1.0
1.0
1.0
1.0
1.0
1.0
1.0
1.0
1.0
1.0
1.0
1.0
1.0
1.0
1.0
1.0
1.0
1.0
1.0
1.0
1.0
1.0
1.0
1.0
1.0
1.0
1.0
1.0
1.0
1.0
1.0
1.0
1.0
1.0
1.0
1.0
1.0
1.0
1.0
1.0
1.0
1.0
1.0
1.0
1.0
1.0
1.0
1.0
1.0
1.0
1.0
1.0
1.0
1.0
1.0
1.0
1.0
1.0
1.0
1.0
1.0
1.0
1.0
1.0
1.0
1.0
1.0
1.0
1.0
1.0
1.0
1.0
1.0
1.0
1.0
1.0
1.0
1.0
1.0
1.0
1.0
1.0
1.0
1.0
1.0
1.0
1.0
1.0
1.0
1.0
1.0
1.0
1.0
1.0
1.0
1.0
1.0
1.0
1.0
1.0
1.0
1.0
1.0
1.0
1.0
1.0
1.0
1.0
1.0
1.0
1.0
1.0
1.0
1.0
1.0
1.0
1.0
1.0
1.0
1.0
1.0
1.0
1.0
1.0
1.0
1.0
1.0
1.0
1.0
1.0
1.0
1.0
1.0
1.0
1.0
1.0
1.0
1.0
1.0
1.0
1.0
1.0
1.0
1.0
1.0
1.0
1.0
1.0
1.0
1.0
1.0
1.0
1.0
1.0
1.0
1.0
1.0
1.0
1.0
1.0
1.0
1.0
1.0
1.0
1.0
1.0
1.0
1.0
1.0
1.0
1.0
1.0
1.0
1.0
1.0
1.0
1.0
1.0
1.0
1.0
1.0
1.0
1.0
1.0
1.0
1.0
1.0
1.0
1.0
1.0
1.0
1.0
1.0
1.0
1.0
1.0
1.0
1.0
1.0
1.0
1.0
1.0
1.0
1.0
1.0
1.0
1.0
1.0
1.0
1.0
1.0
1.0
1.0
1.0
1.0
1.0
1.0
1.0
1.0
1.0
1.0
1.0
1.0
1.0
1.0
1.0
1.0
1.0
1.0
1.0
1.0
1.0
1.0
1.0
1.0
1.0
1.0
1.0
1.0
1.0
1.0
1.0
1.0
1.0
1.0
1.0
1.0
1.0
1.0
1.0
1.0
1.0
1.0
1.0
1.0
1.0
1.0
1.0
1.0
1.0
0.9735537190082645
0.9752066115702479
0.9768595041322314
0.9785123966942149
0.9785478547854786
0.9785831960461285
0.9786184210526315
0.9786535303776683
0.9802955665024631
0.9819376026272578
0.9835796387520526
0.9852216748768473
0.986863711001642
0.9885057471264368
0.9901477832512315
0.9917898193760263
0.993431855500821
0.9950738916256158
0.9967159277504105
0.9983579638752053
1.0
0.9822866344605475
0.9838969404186796
0.9855072463768116
0.9871175523349437
0.9887278582930756
0.9903381642512077
0.9919484702093397
0.9935587761674718
0.9951690821256038
0.9967793880837359
0.998389694041868
1.0
0.9983948635634029
1.0
0.9936305732484076
0.9952229299363057
0.9968152866242038
0.9984076433121019
1.0
0.9921135646687698
0.9936908517350158
0.9952681388012619
0.9968454258675079
0.998422712933754
1.0
0.9968602825745683
0.9984301412872841
1.0
1.0
0.9984375
1.0
0.9831288343558282
0.9846625766871165
0.9861963190184049
0.9877300613496932
0.9892638036809815
0.99079754601227
0.9923312883435583
0.9938650306748467
0.995398773006135
0.9969325153374233
0.9984662576687117
1.0
0.9984709480122325
1.0
0.9954407294832827
0.9969604863221885
0.9984802431610942
1.0
0.9939668174962293
0.995475113122172
0.9969834087481146
0.9984917043740573
1.0
0.996996996996997
0.9984984984984985
1.0
1.0
0.9955290611028316
0.9970193740685543
0.9985096870342772
1.0
0.9940828402366864
0.9955621301775148
0.9970414201183432
0.9985207100591716
1.0
0.9868804664723032
0.9883381924198251
0.9897959183673469
0.9912536443148688
0.9927113702623906
0.9941690962099126
0.9956268221574344
0.9970845481049563
0.9985422740524781
1.0
1.0
1.0
1.0
1.0
1.0
1.0
1.0
1.0
1.0
1.0
1.0
1.0
1.0
1.0
1.0
1.0
1.0
1.0
1.0
1.0
1.0
1.0
1.0
1.0
1.0
1.0
1.0
1.0
1.0
1.0
1.0
1.0
1.0
1.0
1.0
1.0
1.0
1.0
1.0
1.0
1.0
1.0
1.0
1.0
1.0
1.0
1.0
1.0
1.0
1.0
1.0
1.0
1.0
1.0
1.0
1.0
1.0
1.0
1.0
1.0
1.0
1.0
1.0
1.0
1.0
1.0
1.0
1.0
1.0
1.0
1.0
1.0
1.0
1.0
1.0
1.0
1.0
1.0
1.0
1.0
1.0
1.0
1.0
1.0
1.0
1.0
1.0
1.0
1.0
1.0
1.0
1.0
1.0
1.0
1.0
1.0
1.0
1.0
1.0
1.0
1.0
1.0
1.0
1.0
1.0
1.0
1.0
1.0
1.0
1.0
1.0
1.0
1.0
1.0
1.0
1.0
1.0
1.0
1.0
1.0
1.0
1.0
1.0
1.0
1.0
1.0
1.0
1.0
1.0
1.0
1.0
1.0
1.0
1.0
1.0
1.0
1.0
1.0
1.0
1.0
1.0
1.0
1.0
1.0
1.0
1.0
1.0
1.0
1.0
1.0
1.0
1.0
1.0
1.0
1.0
1.0
1.0
1.0
1.0
1.0
1.0
1.0
1.0
1.0
1.0
1.0
1.0
1.0
1.0
1.0
1.0
1.0
1.0
1.0
1.0
1.0
1.0
1.0
1.0
1.0
1.0
1.0
1.0
1.0
1.0
1.0
1.0
1.0
1.0
1.0
1.0
1.0
1.0
1.0
1.0
1.0
1.0
1.0
1.0
1.0
1.0
1.0
1.0
1.0
1.0
1.0
1.0
1.0
1.0
1.0
1.0
1.0
1.0
1.0
1.0
1.0
1.0
1.0
1.0
1.0
1.0
1.0
1.0
1.0
1.0
1.0
1.0
1.0
1.0
1.0
1.0
1.0
1.0
1.0
1.0
1.0
1.0
1.0
1.0
1.0
1.0
1.0
1.0
1.0
1.0
1.0
1.0
1.0
1.0
1.0
1.0
1.0
1.0
1.0
1.0
1.0
1.0
1.0
1.0
1.0
1.0
1.0
1.0
1.0
1.0
1.0
1.0
1.0
1.0
1.0
1.0
1.0
1.0
1.0
1.0
1.0
1.0
1.0
1.0
1.0
1.0
1.0
1.0
1.0
1.0
1.0
1.0
1.0
1.0
1.0
1.0
1.0
1.0
1.0
1.0
1.0
1.0
1.0
1.0
1.0
1.0
1.0
1.0
1.0
1.0
1.0
1.0
1.0
1.0
1.0
1.0
1.0
1.0
1.0
1.0
1.0
1.0
1.0
1.0
1.0
1.0
1.0
1.0
1.0
1.0
1.0
1.0
1.0
1.0
1.0
1.0
1.0
1.0
1.0
1.0
1.0
1.0
1.0
1.0
1.0
1.0
1.0
1.0
1.0
1.0
1.0
1.0
1.0
1.0
1.0
1.0
1.0
1.0
1.0
1.0
1.0
1.0
1.0
1.0
1.0
1.0
1.0
1.0
1.0
1.0
1.0
1.0
1.0
1.0
1.0
1.0
1.0
1.0
1.0
1.0
1.0
1.0
1.0
1.0
1.0
1.0
1.0
1.0
1.0
1.0
1.0
1.0
1.0
1.0
1.0
1.0
1.0
1.0
1.0
1.0
1.0
1.0
1.0
1.0
1.0
1.0
1.0
1.0
1.0
1.0
1.0
1.0
1.0
1.0
1.0
1.0
1.0
1.0
1.0
1.0
1.0
1.0
1.0
1.0
1.0
1.0
1.0
1.0
1.0
1.0
1.0
1.0
1.0
1.0
1.0
1.0
1.0
1.0
1.0
1.0
1.0
1.0
1.0
1.0
1.0
1.0
1.0
1.0
1.0
1.0
1.0
1.0
1.0
1.0
1.0
1.0
1.0
1.0
1.0
1.0
1.0
1.0
1.0
1.0
1.0
1.0
1.0
1.0
1.0
1.0
1.0
1.0
1.0
1.0
1.0
1.0
1.0
1.0
1.0
1.0
1.0
1.0
1.0
1.0
1.0
1.0
1.0
1.0
1.0
1.0
1.0
1.0
1.0
1.0
1.0
1.0
1.0
1.0
1.0
1.0
1.0
1.0
1.0
1.0
1.0
1.0
1.0
1.0
1.0
1.0
1.0
1.0
1.0
1.0
1.0
1.0
1.0
1.0
1.0
1.0
1.0
1.0
1.0
1.0
1.0
1.0
1.0
1.0
1.0
1.0
1.0
1.0
1.0
1.0
1.0
1.0
1.0
1.0
1.0
1.0
1.0
1.0
1.0
1.0
1.0
1.0
1.0
1.0
1.0
1.0
1.0
1.0
1.0
1.0
1.0
1.0
1.0
1.0
1.0
1.0
1.0
1.0
1.0
1.0
1.0
1.0
1.0
1.0
1.0
1.0
1.0
1.0
1.0
1.0
1.0
1.0
1.0
1.0
1.0
1.0
1.0
1.0
1.0
1.0
1.0
1.0
1.0
1.0
1.0
1.0
1.0
1.0
1.0
0.3064516129032258
0.30697190426638915
0.30749219562955254
0.30801248699271594
0.3085327783558793
0.3090530697190427
0.309573361082206
0.3100936524453694
0.3106139438085328
0.31113423517169614
0.31165452653485953
0.31217481789802287
0.31269510926118627
0.31321540062434966
0.313735691987513
0.3142559833506764
0.31477627471383973
0.3152965660770031
0.3158168574401665
0.31633714880332986
0.31685744016649325
0.3173777315296566
0.31789802289282
0.3184183142559833
0.3189386056191467
0.3194588969823101
0.31997918834547345
0.32049947970863685
0.3210197710718002
0.3215400624349636
0.322060353798127
0.3225806451612903
0.3231009365244537
0.32362122788761705
0.32414151925078044
0.32466181061394384
0.3251821019771072
0.32570239334027057
0.3262226847034339
0.3267429760665973
0.32726326742976064
0.32778355879292403
0.32830385015608743
0.32882414151925077
0.32934443288241416
0.3298647242455775
0.3303850156087409
0.3309053069719043
0.33142559833506763
0.331945889698231
0.33246618106139436
0.33298647242455776
0.33350676378772115
0.3340270551508845
0.3345473465140479
0.3350676378772112
0.3355879292403746
0.33610822060353795
0.33662851196670135
0.33714880332986474
0.3376690946930281
0.3381893860561915
0.3387096774193548
0.3392299687825182
0.3397502601456816
0.34027055150884494
0.34079084287200834
0.3413111342351717
0.34183142559833507
0.34235171696149846
0.3428720083246618
0.3433922996878252
0.34391259105098854
0.34443288241415193
0.34495317377731527
0.34547346514047866
0.34599375650364206
0.3465140478668054
0.3470343392299688
0.34755463059313213
0.3480749219562955
0.3485952133194589
0.34893395735829436
0.3494539781591264
0.3499739989599584
0.3504940197607904
0.35101404056162244
0.3515340613624545
0.35205408216328654
0.35257410296411856
0.3530941237649506
0.3536141445657826
0.3541341653666147
0.3546541861674467
0.3551742069682787
0.35569422776911075
0.35621424856994277
0.35673426937077485
0.35725429017160687
0.3577743109724389
0.3582943317732709
0.358814352574103
0.359334373374935
0.35985439417576703
0.36037441497659906
0.3608944357774311
0.36141445657826315
0.3619344773790952
0.3624544981799272
0.3629745189807592
0.36349453978159124
0.3640145605824233
0.36453458138325534
0.36505460218408736
0.3655746229849194
0.3660946437857514
0.3666146645865835
0.3671346853874155
0.3676547061882475
0.36817472698907955
0.36869474778991157
0.36921476859074365
0.36973478939157567
0.3702548101924077
0.3707748309932397
0.3712948517940718
0.3718148725949038
0.37233489339573583
0.37285491419656785
0.3733749349973999
0.37389495579823195
0.374414976599064
0.374934997399896
0.375455018200728
0.37597503900156004
0.3764950598023921
0.37701508060322414
0.37753510140405616
0.3780551222048882
0.3785751430057202
0.3790951638065523
0.3796151846073843
0.3801352054082163
0.38065522620904835
0.38117524700988037
0.38169526781071245
0.38221528861154447
0.3827353094123765
0.3832553302132085
0.3837753510140406
0.3842953718148726
0.38481539261570463
0.38533541341653665
0.3858554342173687
0.38637545501820075
0.3868954758190328
0.3874154966198648
0.3879355174206968
0.38845553822152884
0.3889755590223609
0.38949557982319294
0.39001560062402496
0.390535621424857
0.391055642225689
0.3915756630265211
0.3920956838273531
0.3926157046281851
0.39313572542901715
0.39365574622984917
0.39417576703068125
0.39469578783151327
0.3952158086323453
0.3957358294331773
0.3962558502340094
0.3967758710348414
0.39729589183567343
0.39781591263650545
0.3983359334373375
0.39885595423816955
0.3993759750390016
0.3998959958398336
0.4004160166406656
0.40093603744149764
0.4014560582423297
0.40197607904316174
0.40249609984399376
0.4030161206448258
0.4035361414456578
0.4040561622464899
0.4045761830473219
0.4050962038481539
0.40561622464898595
0.40613624544981797
0.40665626625065004
0.40717628705148207
0.4076963078523141
0.4082163286531461
0.40873634945397813
0.4092563702548102
0.40977639105564223
0.41029641185647425
0.4108164326573063
0.41133645345813835
0.4118564742589704
0.4123764950598024
0.4128965158606344
0.41341653666146644
0.4139365574622985
0.41445657826313054
0.41497659906396256
0.4154966198647946
0.4160166406656266
0.4165366614664587
0.4170566822672907
0.4175767030681227
0.41809672386895474
0.41861674466978677
0.41913676547061884
0.41965678627145087
0.4201768070722829
0.4206968278731149
0.42121684867394693
0.421736869474779
0.42225689027561103
0.42277691107644305
0.4232969318772751
0.42381695267810715
0.4243369734789392
0.4248569942797712
0.4253770150806032
0.42589703588143524
0.4264170566822673
0.42693707748309934
0.42745709828393136
0.4279771190847634
0.4284971398855954
0.4290171606864275
0.4295371814872595
0.4300572022880915
0.43057722308892354
0.43109724388975557
0.43161726469058764
0.43213728549141966
0.4326573062922517
0.4331773270930837
0.43369734789391573
0.4342173686947478
0.43473738949557983
0.43525741029641185
0.4357774310972439
0.43629745189807595
0.43681747269890797
0.43733749349974
0.437857514300572
0.43837753510140404
0.4388975559022361
0.43941757670306814
0.43993759750390016
0.4404576183047322
0.4409776391055642
0.4414976599063963
0.4420176807072283
0.4425377015080603
0.44305772230889234
0.44357774310972437
0.44409776391055644
0.44461778471138846
0.4451378055122205
0.4456578263130525
0.44617784711388453
0.4466978679147166
0.44721788871554863
0.44773790951638065
0.44825793031721267
0.44877795111804475
1.0
1.0
1.0
1.0
1.0
1.0
1.0
1.0
1.0
1.0
1.0
1.0
1.0
1.0
1.0
1.0
1.0
1.0
1.0
1.0
1.0
1.0
1.0
1.0
1.0
1.0
1.0
1.0
1.0
1.0
1.0
1.0
1.0
1.0
1.0
1.0
1.0
1.0
1.0
1.0
1.0
1.0
1.0
1.0
1.0
1.0
1.0
1.0
1.0
1.0
1.0
1.0
1.0
1.0
1.0
1.0
1.0
1.0
1.0
1.0
1.0
1.0
1.0
1.0
1.0
1.0
1.0
1.0
1.0
1.0
1.0
1.0
1.0
1.0
1.0
1.0
1.0
1.0
1.0
1.0
1.0
1.0
1.0
1.0
1.0
1.0
1.0
1.0
1.0
1.0
1.0
1.0
1.0
1.0
1.0
1.0
1.0
1.0
1.0
1.0
1.0
1.0
1.0
1.0
1.0
1.0
1.0
1.0
1.0
1.0
1.0
1.0
1.0
1.0
1.0
1.0
1.0
1.0
1.0
1.0
1.0
1.0
1.0
1.0
1.0
1.0
1.0
1.0
1.0
1.0
1.0
1.0
1.0
1.0
1.0
1.0
1.0
1.0
1.0
1.0
1.0
1.0
1.0
1.0
1.0
1.0
1.0
1.0
1.0
1.0
1.0
1.0
1.0
1.0
1.0
1.0
1.0
1.0
1.0
1.0
1.0
1.0
1.0
1.0
1.0
1.0
1.0
1.0
1.0
1.0
1.0
1.0
1.0
1.0
1.0
1.0
1.0
1.0
1.0
1.0
1.0
1.0
1.0
1.0
1.0
1.0
1.0
1.0
1.0
1.0
1.0
1.0
1.0
1.0
1.0
1.0
1.0
1.0
1.0
1.0
1.0
1.0
1.0
1.0
1.0
1.0
1.0
1.0
1.0
1.0
1.0
1.0
1.0
1.0
1.0
1.0
1.0
1.0
1.0
1.0
1.0
1.0
1.0
1.0
1.0
1.0
1.0
1.0
1.0
1.0
1.0
1.0
1.0
1.0
1.0
1.0
1.0
1.0
1.0
1.0
1.0
1.0
1.0
1.0
1.0
1.0
1.0
1.0
1.0
1.0
1.0
1.0
1.0
1.0
1.0
1.0
1.0
1.0
1.0
1.0
1.0
1.0
1.0
1.0
1.0
1.0
1.0
1.0
1.0
1.0
1.0
1.0
1.0
1.0
1.0
1.0
1.0
1.0
1.0
1.0
1.0
1.0
1.0
1.0
1.0
1.0
1.0
1.0
1.0
1.0
1.0
1.0
1.0
1.0
1.0
1.0
1.0
1.0
1.0
1.0
1.0
1.0
1.0
1.0
1.0
1.0
1.0
1.0
1.0
1.0
1.0
1.0
1.0
1.0
1.0
1.0
1.0
1.0
1.0
1.0
1.0
1.0
1.0
1.0
1.0
1.0
1.0
1.0
1.0
1.0
1.0
1.0
1.0
1.0
1.0
1.0
1.0
1.0
1.0
1.0
1.0
1.0
1.0
1.0
1.0
1.0
1.0
1.0
1.0
1.0
1.0
1.0
1.0
1.0
1.0
1.0
1.0
1.0
1.0
1.0
1.0
1.0
1.0
1.0
1.0
1.0
1.0
1.0
1.0
1.0
1.0
1.0
1.0
1.0
1.0
1.0
1.0
1.0
1.0
1.0
1.0
1.0
1.0
1.0
1.0
1.0
1.0
1.0
1.0
1.0
1.0
1.0
1.0
1.0
1.0
1.0
1.0
1.0
1.0
1.0
1.0
1.0
1.0
1.0
1.0
1.0
1.0
1.0
1.0
1.0
1.0
1.0
1.0
1.0
1.0
1.0
1.0
1.0
1.0
1.0
1.0
1.0
1.0
1.0
1.0
1.0
1.0
1.0
1.0
1.0
1.0
1.0
1.0
1.0
1.0
1.0
1.0
1.0
1.0
1.0
1.0
1.0
1.0
1.0
1.0
1.0
1.0
1.0
1.0
1.0
1.0
1.0
1.0
1.0
1.0
1.0
1.0
1.0
1.0
1.0
1.0
1.0
1.0
1.0
1.0
1.0
1.0
1.0
1.0
1.0
1.0
1.0
1.0
1.0
1.0
1.0
1.0
1.0
1.0
1.0
1.0
1.0
1.0
1.0
1.0
1.0
1.0
1.0
1.0
1.0
1.0
1.0
1.0
1.0
1.0
1.0
1.0
1.0
1.0
1.0
1.0
1.0
1.0
1.0
1.0
1.0
1.0
1.0
1.0
1.0
1.0
1.0
1.0
1.0
1.0
1.0
1.0
1.0
1.0
1.0
1.0
1.0
1.0
1.0
1.0
1.0
1.0
1.0
1.0
1.0
1.0
1.0
1.0
1.0
1.0
1.0
1.0
1.0
1.0
1.0
1.0
1.0
1.0
1.0
1.0
1.0
1.0
1.0
1.0
1.0
1.0
1.0
1.0
1.0
1.0
1.0
1.0
1.0
1.0
1.0
1.0
1.0
1.0
1.0
1.0
1.0
1.0
1.0
1.0
1.0
1.0
1.0
1.0
1.0
1.0
1.0
1.0
1.0
1.0
1.0
1.0
1.0
1.0
1.0
1.0
1.0
1.0
1.0
1.0
1.0
1.0
1.0
1.0
1.0
1.0
1.0
1.0
1.0
1.0
1.0
1.0
1.0
1.0
1.0
1.0
1.0
1.0
1.0
1.0
1.0
1.0
1.0
1.0
1.0
1.0
1.0
1.0
1.0
1.0
1.0
1.0
1.0
1.0
1.0
1.0
1.0
1.0
1.0
1.0
1.0
1.0
1.0
1.0
1.0
1.0
1.0
1.0
1.0
1.0
1.0
1.0
1.0
1.0
1.0
1.0
1.0
1.0
1.0
1.0
1.0
1.0
1.0
1.0
1.0
1.0
1.0
1.0
1.0
1.0
1.0
1.0
1.0
1.0
1.0
1.0
1.0
1.0
1.0
1.0
1.0
1.0
1.0
1.0
1.0
1.0
1.0
1.0
1.0
1.0
1.0
1.0
1.0
1.0
1.0
1.0
1.0
1.0
1.0
1.0
1.0
1.0
1.0
1.0
1.0
1.0
1.0
1.0
1.0
1.0
1.0
1.0
1.0
1.0
1.0
1.0
1.0
1.0
1.0
1.0
1.0
1.0
1.0
1.0
1.0
1.0
1.0
1.0
1.0
1.0
1.0
1.0
1.0
1.0
1.0
1.0
1.0
1.0
1.0
1.0
1.0
1.0
1.0
1.0
1.0
1.0
1.0
1.0
1.0
1.0
1.0
1.0
1.0
1.0
1.0
1.0
1.0
1.0
1.0
1.0
1.0
1.0
1.0
1.0
1.0
1.0
1.0
1.0
1.0
1.0
1.0
1.0
1.0
1.0
1.0
1.0
1.0
1.0
1.0
1.0
1.0
1.0
1.0
1.0
1.0
1.0
1.0
1.0
1.0
1.0
1.0
1.0
1.0
1.0
1.0
1.0
1.0
1.0
1.0
1.0
1.0
1.0
1.0
1.0
1.0
1.0
1.0
1.0
1.0
1.0
1.0
1.0
1.0
1.0
1.0
1.0
1.0
1.0
1.0
1.0
1.0
1.0
1.0
1.0
1.0
1.0
1.0
1.0
1.0
1.0
1.0
1.0
1.0
1.0
1.0
1.0
1.0
1.0
1.0
1.0
1.0
1.0
1.0
1.0
1.0
1.0
1.0
1.0
1.0
1.0
1.0
1.0
1.0
1.0
1.0
1.0
1.0
1.0
1.0
1.0
1.0
1.0
1.0
1.0
1.0
1.0
1.0
1.0
1.0
1.0
1.0
1.0
1.0
1.0
1.0
1.0
1.0
1.0
1.0
1.0
1.0
1.0
1.0
1.0
1.0
1.0
1.0
1.0
1.0
1.0
1.0
1.0
1.0
1.0
1.0
1.0
1.0
1.0
1.0
1.0
1.0
1.0
1.0
1.0
1.0
1.0
1.0
1.0
1.0
1.0
1.0
1.0
1.0
1.0
1.0
1.0
1.0
1.0
1.0
1.0
1.0
1.0
1.0
1.0
1.0
1.0
1.0
1.0
1.0
1.0
1.0
1.0
1.0
1.0
1.0
1.0
1.0
1.0
1.0
1.0
1.0
1.0
1.0
1.0
1.0
1.0
1.0
1.0
1.0
1.0
1.0
1.0
1.0
1.0
1.0
1.0
1.0
1.0
1.0
1.0
1.0
1.0
1.0
1.0
1.0
1.0
1.0
1.0
1.0
1.0
1.0
1.0
1.0
1.0
1.0
1.0
1.0
1.0
1.0
1.0
1.0
1.0
1.0
1.0
1.0
1.0
1.0
1.0
1.0
1.0
1.0
1.0
1.0
1.0
1.0
1.0
1.0
1.0
1.0
1.0
1.0
1.0
1.0
1.0
1.0
1.0
1.0
1.0
1.0
1.0
1.0
1.0
1.0
1.0
1.0
1.0
1.0
1.0
1.0
1.0
1.0
1.0
1.0
1.0
1.0
1.0
1.0
1.0
1.0
1.0
1.0
1.0
1.0
1.0
1.0
1.0
1.0
1.0
1.0
1.0
1.0
1.0
1.0
1.0
1.0
1.0
1.0
1.0
1.0
1.0
1.0
1.0
1.0
1.0
1.0
1.0
1.0
1.0
1.0
1.0
1.0
1.0
1.0
1.0
1.0
1.0
1.0
1.0
1.0
1.0
1.0
1.0
1.0
1.0
1.0
1.0
1.0
1.0
1.0
1.0
1.0
1.0
1.0
1.0
1.0
1.0
1.0
1.0
1.0
1.0
1.0
1.0
1.0
1.0
1.0
1.0
1.0
1.0
1.0
1.0
1.0
1.0
1.0
1.0
1.0
1.0
1.0
1.0
1.0
1.0
1.0
1.0
1.0
1.0
1.0
1.0
1.0
1.0
1.0
1.0
1.0
1.0
1.0
1.0
1.0
1.0
1.0
1.0
1.0
1.0
1.0
1.0
1.0
1.0
1.0
1.0
1.0
1.0
1.0
1.0
1.0
1.0
1.0
1.0
1.0
1.0
1.0
1.0
1.0
1.0
1.0
1.0
1.0
1.0
1.0
1.0
1.0
1.0
1.0
1.0
1.0
1.0
1.0
1.0
1.0
1.0
1.0
1.0
1.0
1.0
1.0
1.0
1.0
1.0
1.0
1.0
1.0
1.0
1.0
1.0
1.0
1.0
1.0
1.0
1.0
1.0
1.0
1.0
1.0
1.0
1.0
1.0
1.0
1.0
1.0
1.0
1.0
1.0
1.0
1.0
1.0
1.0
1.0
1.0
1.0
1.0
0.26534859521331944
0.26586888657648283
0.2663891779396462
0.26690946930280957
0.26742976066597296
0.2679500520291363
0.2684703433922997
0.26899063475546303
0.2695109261186264
0.2700312174817898
0.27055150884495316
0.27107180020811655
0.2715920915712799
0.2721123829344433
0.2726326742976067
0.27315296566077
0.2736732570239334
0.27419354838709675
0.27471383975026015
0.27523413111342354
0.2757544224765869
0.2762747138397503
0.2767950052029136
0.277315296566077
0.2778355879292404
0.27835587929240374
0.27887617065556713
0.2793964620187305
0.27991675338189387
0.2804370447450572
0.2809573361082206
0.281477627471384
0.28199791883454733
0.28251821019771073
0.28303850156087407
0.28355879292403746
0.28407908428720086
0.2845993756503642
0.2851196670135276
0.28563995837669093
0.2861602497398543
0.2866805411030177
0.28720083246618106
0.28772112382934445
0.2882414151925078
0.2887617065556712
0.2892819979188345
0.2898022892819979
0.2903225806451613
0.29084287200832465
0.29136316337148804
0.2918834547346514
0.2924037460978148
0.29292403746097817
0.2934443288241415
0.2939646201873049
0.29448491155046824
0.29500520291363164
0.29552549427679503
0.29604578563995837
0.29656607700312176
0.2970863683662851
0.2976066597294485
0.29812695109261184
0.29864724245577523
0.2991675338189386
0.29968782518210196
0.30020811654526536
0.3007284079084287
0.3012486992715921
0.3017689906347555
0.3022892819979188
0.3028095733610822
0.30332986472424556
0.30385015608740895
0.30437044745057235
0.3048907388137357
0.3054110301768991
0.3059313215400624
0.3064516129032258
0.30697190426638915
0.30749219562955254
0.30801248699271594
0.3083723348933957
0.3088923556942278
0.3094123764950598
0.30993239729589184
0.31045241809672386
0.3109724388975559
0.31149245969838796
0.31201248049922
0.312532501300052
0.313052522100884
0.31357254290171604
0.3140925637025481
0.31461258450338014
0.31513260530421217
0.3156526261050442
0.3161726469058762
0.3166926677067083
0.3172126885075403
0.31773270930837233
0.31825273010920435
0.31877275091003643
0.31929277171086845
0.31981279251170047
0.3203328133125325
0.3208528341133645
0.3213728549141966
0.3218928757150286
0.32241289651586064
0.32293291731669266
1.0
1.0
1.0
1.0
1.0
1.0
1.0
1.0
1.0
1.0
1.0
1.0
1.0
1.0
1.0
1.0
1.0
1.0
1.0
1.0
1.0
1.0
1.0
1.0
1.0
1.0
1.0
1.0
1.0
1.0
1.0
1.0
1.0
1.0
1.0
1.0
1.0
1.0
1.0
1.0
1.0
1.0
1.0
1.0
1.0
1.0
1.0
1.0
1.0
1.0
1.0
1.0
1.0
1.0
1.0
1.0
1.0
1.0
1.0
1.0
1.0
1.0
1.0
1.0
1.0
1.0
1.0
1.0
1.0
1.0
1.0
1.0
1.0
1.0
1.0
1.0
1.0
1.0
1.0
1.0
1.0
1.0
1.0
1.0
1.0
1.0
1.0
1.0
1.0
1.0
1.0
1.0
1.0
1.0
1.0
1.0
1.0
1.0
1.0
1.0
1.0
1.0
1.0
1.0
1.0
1.0
1.0
1.0
1.0
1.0
1.0
1.0
1.0
1.0
1.0
1.0
1.0
1.0
1.0
1.0
1.0
1.0
1.0
1.0
1.0
1.0
1.0
1.0
1.0
1.0
1.0
1.0
1.0
1.0
1.0
1.0
1.0
1.0
1.0
1.0
1.0
1.0
1.0
1.0
1.0
1.0
1.0
1.0
1.0
1.0
1.0
1.0
1.0
1.0
1.0
1.0
1.0
1.0
1.0
1.0
1.0
1.0
1.0
1.0
1.0
1.0
1.0
1.0
1.0
1.0
1.0
1.0
1.0
1.0
1.0
1.0
1.0
1.0
1.0
1.0
1.0
1.0
1.0
1.0
1.0
1.0
1.0
1.0
1.0
1.0
1.0
1.0
1.0
1.0
1.0
1.0
1.0
1.0
1.0
1.0
1.0
1.0
1.0
1.0
1.0
1.0
1.0
1.0
1.0
1.0
1.0
1.0
1.0
1.0
1.0
1.0
1.0
1.0
1.0
1.0
1.0
1.0
1.0
1.0
1.0
1.0
1.0
1.0
1.0
1.0
1.0
1.0
1.0
1.0
1.0
1.0
1.0
1.0
1.0
1.0
1.0
1.0
1.0
1.0
1.0
1.0
1.0
1.0
1.0
1.0
1.0
1.0
1.0
1.0
1.0
1.0
1.0
1.0
1.0
1.0
1.0
1.0
1.0
1.0
1.0
1.0
1.0
1.0
1.0
1.0
1.0
1.0
1.0
1.0
1.0
1.0
1.0
1.0
1.0
1.0
1.0
1.0
1.0
1.0
1.0
1.0
1.0
1.0
1.0
1.0
1.0
1.0
1.0
1.0
1.0
1.0
1.0
1.0
1.0
1.0
1.0
1.0
1.0
1.0
1.0
1.0
1.0
1.0
1.0
1.0
1.0
1.0
1.0
1.0
1.0
1.0
1.0
1.0
1.0
1.0
1.0
1.0
1.0
1.0
1.0
1.0
1.0
1.0
1.0
1.0
1.0
1.0
1.0
1.0
1.0
1.0
1.0
1.0
1.0
1.0
1.0
1.0
1.0
1.0
1.0
1.0
1.0
1.0
1.0
1.0
1.0
1.0
1.0
1.0
1.0
1.0
1.0
1.0
1.0
1.0
1.0
1.0
1.0
1.0
1.0
1.0
1.0
1.0
1.0
1.0
1.0
1.0
1.0
1.0
1.0
1.0
1.0
1.0
1.0
1.0
1.0
1.0
1.0
1.0
1.0
1.0
1.0
1.0
1.0
1.0
1.0
1.0
1.0
1.0
1.0
1.0
1.0
1.0
1.0
1.0
1.0
1.0
1.0
1.0
1.0
1.0
1.0
1.0
1.0
1.0
1.0
1.0
1.0
1.0
1.0
1.0
1.0
1.0
1.0
1.0
1.0
1.0
1.0
1.0
1.0
1.0
1.0
1.0
1.0
1.0
1.0
1.0
1.0
1.0
1.0
1.0
1.0
1.0
1.0
1.0
1.0
1.0
1.0
1.0
1.0
1.0
1.0
1.0
1.0
1.0
1.0
1.0
1.0
1.0
1.0
1.0
1.0
1.0
1.0
1.0
1.0
1.0
1.0
1.0
1.0
1.0
1.0
1.0
1.0
1.0
1.0
1.0
1.0
1.0
1.0
1.0
1.0
1.0
1.0
1.0
1.0
1.0
1.0
1.0
1.0
1.0
1.0
1.0
1.0
1.0
1.0
1.0
1.0
1.0
1.0
1.0
1.0
1.0
1.0
1.0
1.0
1.0
1.0
1.0
1.0
1.0
1.0
1.0
1.0
0.26534859521331944
0.26586888657648283
0.2663891779396462
0.26690946930280957
0.26742976066597296
0.2679500520291363
0.2684703433922997
0.26899063475546303
0.2695109261186264
0.2700312174817898
0.27055150884495316
0.27107180020811655
0.2715920915712799
0.2721123829344433
0.2726326742976067
0.27315296566077
0.2736732570239334
0.27419354838709675
0.27471383975026015
0.27523413111342354
0.2757544224765869
0.2762747138397503
0.2767950052029136
0.277315296566077
0.2778355879292404
0.27835587929240374
0.27887617065556713
0.2793964620187305
0.27991675338189387
0.2804370447450572
0.2809573361082206
0.281477627471384
0.28199791883454733
0.28251821019771073
0.28303850156087407
0.28355879292403746
0.28407908428720086
0.2845993756503642
0.2851196670135276
0.28563995837669093
0.2861602497398543
0.2866805411030177
0.28720083246618106
0.28772112382934445
0.2882414151925078
0.2887617065556712
0.2892819979188345
0.2898022892819979
0.2903225806451613
0.29084287200832465
0.29136316337148804
0.2918834547346514
0.2924037460978148
0.29292403746097817
0.2934443288241415
0.2939646201873049
0.29448491155046824
0.29500520291363164
0.29552549427679503
0.29604578563995837
0.29656607700312176
0.2970863683662851
0.2976066597294485
0.29812695109261184
0.29864724245577523
0.2991675338189386
0.29968782518210196
0.30020811654526536
0.3007284079084287
0.3012486992715921
0.3017689906347555
0.3022892819979188
0.3028095733610822
0.30332986472424556
0.30385015608740895
0.30437044745057235
0.3048907388137357
0.3054110301768991
0.3059313215400624
0.3064516129032258
0.30697190426638915
0.30749219562955254
0.30801248699271594
0.3083723348933957
0.3088923556942278
0.3094123764950598
0.30993239729589184
0.31045241809672386
0.3109724388975559
0.31149245969838796
0.31201248049922
0.312532501300052
0.313052522100884
0.31357254290171604
0.3140925637025481
0.31461258450338014
0.31513260530421217
0.3156526261050442
0.3161726469058762
0.3166926677067083
0.3172126885075403
0.31773270930837233
0.31825273010920435
0.31877275091003643
0.31929277171086845
0.31981279251170047
0.3203328133125325
0.3208528341133645
0.3213728549141966
0.3218928757150286
0.32241289651586064
0.32293291731669266
1.0
1.0
1.0
1.0
1.0
1.0
1.0
1.0
1.0
1.0
1.0
1.0
1.0
1.0
1.0
1.0
