1.0
1.0
1.0
1.0
1.0
1.0
1.0
1.0
1.0
1.0
1.0
1.0
1.0
1.0
1.0
1.0
1.0
1.0
1.0
1.0
1.0
1.0
1.0
0.2727272727272727
0.2840909090909091
0.29545454545454547
0.3068181818181818
0.3181818181818182
0.32954545454545453
0.3409090909090909
0.3522727272727273
0.36363636363636365
0.375
0.38636363636363635
0.3977272727272727
0.4090909090909091
0.42045454545454547
0.42696629213483145
0.43333333333333335
0.43956043956043955
0.44565217391304346
0.45161290322580644
0.4574468085106383
0.4631578947368421
0.47368421052631576
0.4842105263157895
0.49473684210526314
0.5052631578947369
0.5157894736842106
0.5263157894736842
0.53125
0.5360824742268041
0.5408163265306123
0.5454545454545454
0.55
0.5544554455445545
0.5643564356435643
0.5742574257425742
0.5841584158415841
0.594059405940594
0.6039603960396039
0.6138613861386139
1.0
1.0
1.0
1.0
1.0
1.0
1.0
1.0
1.0
1.0
1.0
1.0
1.0
1.0
1.0
1.0
1.0
1.0
1.0
1.0
1.0
1.0
1.0
0.2727272727272727
0.2840909090909091
0.29545454545454547
0.3068181818181818
0.3181818181818182
0.32954545454545453
0.3409090909090909
0.3522727272727273
0.36363636363636365
0.375
0.38636363636363635
0.3977272727272727
0.4090909090909091
0.42045454545454547
0.42696629213483145
0.43333333333333335
0.43956043956043955
0.44565217391304346
0.45161290322580644
0.4574468085106383
0.4631578947368421
1.0
1.0
1.0
1.0
1.0
1.0
1.0
1.0
1.0
1.0
1.0
1.0
1.0
1.0
1.0
1.0
1.0
1.0
1.0
1.0
1.0
1.0
1.0
1.0
1.0
1.0
1.0
1.0
1.0
1.0
1.0
1.0
1.0
1.0
1.0
1.0
1.0
1.0
1.0
1.0
1.0
1.0
1.0
1.0
1.0
1.0
0.2727272727272727
0.2840909090909091
0.29545454545454547
0.3068181818181818
0.3181818181818182
0.32954545454545453
0.3409090909090909
0.3522727272727273
0.36363636363636365
0.375
0.38636363636363635
0.3977272727272727
0.4090909090909091
0.4157303370786517
0.4222222222222222
0.42857142857142855
0.43478260869565216
0.44086021505376344
0.44680851063829785
0.45263157894736844
0.4631578947368421
0.47368421052631576
0.4842105263157895
0.49473684210526314
0.5052631578947369
0.5157894736842106
0.5263157894736842
0.5368421052631579
0.5473684210526316
0.5578947368421052
0.5684210526315789
0.5789473684210527
0.5833333333333334
0.5876288659793815
0.5918367346938775
0.5959595959595959
0.6
0.6039603960396039
0.6138613861386139
0.6237623762376238
0.6336633663366337
0.6435643564356436
0.6534653465346535
0.6633663366336634
1.0
1.0
1.0
1.0
1.0
1.0
1.0
1.0
1.0
1.0
1.0
1.0
1.0
1.0
1.0
1.0
1.0
1.0
1.0
1.0
1.0
1.0
1.0
0.2727272727272727
0.2840909090909091
0.29545454545454547
0.3068181818181818
0.3181818181818182
0.32954545454545453
0.3409090909090909
0.3522727272727273
0.36363636363636365
0.375
0.38636363636363635
0.3977272727272727
0.4044943820224719
0.4111111111111111
0.4175824175824176
0.42391304347826086
0.43010752688172044
0.43617021276595747
0.44680851063829785
0.4574468085106383
0.46808510638297873
0.4787234042553192
0.48936170212765956
0.5
0.5106382978723404
0.5157894736842106
0.5208333333333334
0.5257731958762887
0.5306122448979592
0.5353535353535354
0.54
0.5445544554455446
0.5544554455445545
0.5643564356435643
0.5742574257425742
0.5841584158415841
0.594059405940594
0.6039603960396039
0.6138613861386139
0.6237623762376238
0.6336633663366337
0.6435643564356436
0.6534653465346535
0.6633663366336634
1.0
1.0
1.0
1.0
1.0
1.0
1.0
1.0
1.0
1.0
1.0
1.0
1.0
1.0
1.0
1.0
1.0
1.0
1.0
1.0
1.0
1.0
1.0
0.2727272727272727
0.2840909090909091
0.29545454545454547
0.3068181818181818
0.3181818181818182
0.32954545454545453
0.3409090909090909
0.3522727272727273
0.36363636363636365
0.375
0.38636363636363635
0.3977272727272727
0.4090909090909091
0.4157303370786517
0.4222222222222222
0.42857142857142855
0.43478260869565216
0.44086021505376344
0.44680851063829785
0.45263157894736844
0.4631578947368421
0.47368421052631576
0.4842105263157895
0.49473684210526314
0.5052631578947369
0.5157894736842106
0.5208333333333334
0.5257731958762887
0.5306122448979592
0.5353535353535354
0.54
0.5445544554455446
0.5544554455445545
0.5643564356435643
0.5742574257425742
0.5841584158415841
0.594059405940594
0.6039603960396039
0.6138613861386139
0.6237623762376238
0.6336633663366337
0.6435643564356436
0.6534653465346535
0.6633663366336634
1.0
1.0
1.0
1.0
1.0
1.0
1.0
1.0
1.0
1.0
1.0
1.0
1.0
1.0
1.0
1.0
1.0
1.0
1.0
1.0
1.0
1.0
1.0
0.2727272727272727
0.2840909090909091
0.29545454545454547
0.3068181818181818
0.3181818181818182
0.32954545454545453
0.3409090909090909
0.3522727272727273
0.36363636363636365
0.375
0.38636363636363635
0.3977272727272727
0.4044943820224719
0.4111111111111111
0.4175824175824176
0.42391304347826086
0.43010752688172044
0.43617021276595747
0.44680851063829785
0.4574468085106383
0.46808510638297873
0.4787234042553192
0.48936170212765956
0.5
0.5052631578947369
0.5104166666666666
0.5154639175257731
0.5204081632653061
0.5252525252525253
0.53
0.5346534653465347
0.5445544554455446
0.5544554455445545
0.5643564356435643
0.5742574257425742
0.5841584158415841
0.594059405940594
0.6039603960396039
0.6138613861386139
0.6237623762376238
0.6336633663366337
0.6435643564356436
0.6534653465346535
0.6633663366336634
