1.0
1.0
1.0
1.0
1.0
1.0
1.0
1.0
1.0
1.0
1.0
1.0
1.0
1.0
1.0
1.0
1.0
1.0
1.0
1.0
1.0
1.0
1.0
1.0
1.0
1.0
1.0
1.0
1.0
1.0
1.0
1.0
0.29464285714285715
0.30357142857142855
0.3125
0.32142857142857145
0.33035714285714285
0.3392857142857143
0.3482142857142857
0.35714285714285715
0.36607142857142855
0.37168141592920356
0.37719298245614036
0.3826086956521739
0.3879310344827586
0.39316239316239315
0.34814814814814815
0.35294117647058826
0.35766423357664234
0.36231884057971014
0.3422818791946309
0.3466666666666667
0.3509933774834437
0.35526315789473684
0.35947712418300654
0.36363636363636365
0.36774193548387096
0.1858974358974359
0.18849840255591055
0.1910828025477707
0.19365079365079366
0.19254658385093168
0.19504643962848298
0.19753086419753085
0.2
0.20245398773006135
0.20489296636085627
0.19653179190751446
0.1988472622478386
0.20114942528735633
0.2034383954154728
0.20168067226890757
0.20391061452513967
0.20612813370473537
0.20833333333333334
0.21052631578947367
0.212707182320442
0.195
0.1970074812967581
0.19900497512437812
0.19708029197080293
0.19902912621359223
0.2009685230024213
0.2028985507246377
0.20481927710843373
0.20673076923076922
0.20863309352517986
0.21052631578947367
0.21241050119331742
0.21428571428571427
0.2161520190023753
0.21800947867298578
0.2198581560283688
0.22169811320754718
0.2235294117647059
0.22535211267605634
0.22716627634660422
0.22897196261682243
0.13943661971830987
0.14064697609001406
0.14185393258426968
0.14305750350631136
0.14305555555555555
0.14424410540915394
0.14542936288088643
0.14661134163208853
0.1477900552486188
0.1489655172413793
0.1489071038251366
0.15006821282401092
0.15122615803814715
0.1523809523809524
0.15353260869565216
0.1546811397557666
0.15582655826558264
0.15696887686062247
0.1581081081081081
0.1592442645074224
0.16037735849056603
0.16150740242261102
0.1567357512953368
0.15782664941785252
0.15891472868217055
0.16
0.14863258026159334
0.1496437054631829
0.1506524317912218
0.15165876777251186
0.15266272189349112
0.1536643026004728
0.15466351829988192
0.138801261829653
0.13970588235294118
0.14060860440713535
0.14136125654450263
0.14225941422594143
0.14315569487983282
0.1440501043841336
0.14494264859228362
0.14583333333333334
0.14672216441207075
0.14760914760914762
0.14849428868120457
0.14937759336099585
0.15025906735751296
0.15113871635610765
0.15201654601861428
0.15289256198347106
0.15376676986584106
0.15463917525773196
0.15550978372811536
0.1557377049180328
0.15660184237461616
0.1574642126789366
0.15832482124616956
0.15918367346938775
0.1600407747196738
0.16089613034623218
0.1617497456765005
0.16260162601626016
0.1634517766497462
0.1643002028397566
0.1651469098277609
0.1659919028340081
0.16683518705763398
0.16767676767676767
0.16851664984863773
0.1693548387096774
0.1701913393756294
0.1710261569416499
0.17185929648241205
0.17269076305220885
0.17352056168505517
0.1743486973947896
0.17517517517517517
0.176
0.17682317682317683
0.17764471057884232
0.17846460618145563
0.17928286852589642
0.18009950248756218
0.18091451292246521
0.1817279046673287
0.18253968253968253
0.18334985133795836
0.18415841584158416
0.18496538081107813
0.1857707509881423
0.18313953488372092
0.18393030009680542
0.1833013435700576
0.1840843720038351
0.18486590038314177
0.18564593301435406
0.1864244741873805
0.1872015281757402
0.18797709923664122
0.18875119161105816
0.1895238095238095
0.19029495718363462
0.19106463878326996
0.19183285849952517
0.19259962049335863
0.1933649289099526
0.19412878787878787
0.19489120151371808
0.1956521739130435
0.1964117091595845
0.19716981132075473
0.19792648444863337
0.19868173258003766
0.19943555973659455
0.20018796992481203
0.20093896713615023
0.20168855534709193
0.20243673851921273
0.20318352059925093
0.2039289055191768
0.2046728971962617
0.20541549953314658
0.20615671641791045
0.20689655172413793
0.20763500931098697
0.20837209302325582
0.20910780669144982
0.20984215413184773
0.21057513914656772
0.211306765523633
0.21203703703703702
0.2127659574468085
0.2134935304990758
0.21421975992613113
0.21494464944649447
0.21566820276497695
0.21639042357274402
0.21711131554737811
0.21783088235294118
0.21854912764003673
0.21926605504587157
0.21505376344086022
0.21575649059982094
0.21645796064400716
0.21715817694369974
0.21785714285714286
0.21855486173059768
0.2192513368983957
0.21994657168299198
0.2206405693950178
0.22133333333333333
0.22202486678507993
0.22271517302573204
0.22340425531914893
0.2240921169176262
0.2247787610619469
0.22546419098143236
0.22614840989399293
0.22683142100617829
0.2275132275132275
0.22819383259911893
0.22887323943661972
0.22955145118733508
0.23022847100175747
0.2309043020193152
0.23157894736842105
0.2322524101665206
0.2329246935201401
0.2335958005249344
0.23426573426573427
0.2349344978165939
0.2356020942408377
0.23626852659110723
0.23693379790940766
0.23759791122715404
0.23479005998286204
0.23544520547945205
0.23609923011120615
0.23083333333333333
0.231473771856786
0.23211314475873543
0.23275145469659186
0.23338870431893688
0.23402489626556017
0.23466003316749584
0.23529411764705882
0.2359271523178808
0.23655913978494625
0.2371900826446281
0.23781998348472336
0.23844884488448845
0.23907666941467437
0.2397034596375618
0.2403292181069959
0.24095394736842105
0.24157764995891537
0.24220032840722497
0.2428219852337982
0.24344262295081967
0.24406224406224405
0.24468085106382978
0.24529844644317253
0.24591503267973855
0.24653061224489795
0.24714518760195758
0.24775876120619397
0.248371335504886
0.24898291293734745
0.24959349593495936
0.2502030869212023
0.2508116883116883
0.25141930251419303
0.2520259319286872
0.25263157894736843
0.2432012432012432
0.24378881987577639
0.2443754848719938
0.24496124031007752
0.24554608830364058
0.24613003095975233
0.24671307037896364
0.2472952086553323
0.2478764478764479
0.24845679012345678
0.24903623747108714
0.24961479198767333
0.2501924557351809
0.25076923076923074
0.2513451191391238
0.25
0.25057121096725055
0.2511415525114155
0.25171102661596956
0.25227963525835867
0.2528473804100228
0.2534142640364188
0.2539802880970432
0.2545454545454545
0.25510976532929597
0.2556732223903177
0.2562358276643991
0.256797583081571
0.24532374100719426
0.24586628324946083
0.2464080459770115
0.24694903086862885
0.24748923959827834
0.24802867383512545
0.248567335243553
0.24910522548317823
0.24964234620886983
0.25017869907076484
0.2507142857142857
0.251249107780157
0.25178316690442226
0.2523164647184604
0.25284900284900286
0.25338078291814947
0.25391180654338547
0.2544420753375977
0.2549715909090909
0.255500354861604
0.25069444444444444
0.2512144344205413
0.25173370319001387
0.25225225225225223
0.25277008310249305
0.2532871972318339
0.25380359612724757
0.2543192812715964
0.2548342541436464
0.2553485162180814
0.2558620689655172
0.2563749138525155
0.2568870523415978
0.25739848589125947
0.2579092159559835
0.2584192439862543
0.25892857142857145
0.2594371997254633
0.2599451303155007
0.2604523646333105
0.2474025974025974
0.24789097988319272
0.248378728923476
0.24886584575502269
0.24935233160621761
0.24983818770226537
0.2503234152652005
0.25080801551389786
0.25129198966408267
0.25177533892834086
0.25225806451612903
0.25274016763378465
0.25322164948453607
0.25370251126851256
0.25418275418275416
0.2546623794212219
0.2551413881748072
0.2556197816313423
0.25609756097560976
0.25657472738935216
0.257051282051282
0.2575272261370916
0.2580025608194622
0.2573248407643312
0.25796178343949044
0.2585987261146497
0.2592356687898089
0.25987261146496815
0.26017811704834604
0.2608142493638677
0.25914249684741486
0.2597730138713745
0.2604035308953342
0.2610340479192938
0.26166456494325346
0.26212980466288593
0.26259445843828716
0.263058527375708
0.26352201257861635
0.2641509433962264
0.2647798742138365
0.26540880503144654
0.2660377358490566
0.26666666666666666
0.2672955974842767
0.2679245283018868
0.26855345911949685
0.2691823899371069
0.2691342534504391
0.2697616060225847
0.2703889585947302
0.2710163111668758
0.27147335423197494
0.2721003134796238
0.2727272727272727
0.27335423197492165
0.27398119122257053
0.2746081504702194
0.27523510971786835
0.27586206896551724
0.2764890282131661
0.27711598746081506
0.27774294670846394
0.27836990595611283
0.27899686520376177
0.27962382445141065
0.27972465581977474
0.28035043804755944
0.2809762202753442
0.28142589118198874
0.281875
0.28214731585518105
0.28277153558052437
0.2830423940149626
0.28366583541147133
1.0
1.0
1.0
1.0
1.0
1.0
1.0
1.0
1.0
1.0
1.0
1.0
1.0
1.0
1.0
1.0
1.0
1.0
1.0
1.0
1.0
1.0
1.0
1.0
1.0
1.0
1.0
1.0
1.0
1.0
1.0
1.0
0.29464285714285715
0.30357142857142855
0.3125
0.32142857142857145
0.33035714285714285
0.3392857142857143
0.3482142857142857
0.35714285714285715
0.36607142857142855
0.37168141592920356
0.37719298245614036
0.3826086956521739
0.3879310344827586
0.39316239316239315
0.34814814814814815
0.35294117647058826
0.35766423357664234
0.36231884057971014
0.3422818791946309
0.3466666666666667
0.3509933774834437
0.35526315789473684
0.35947712418300654
0.36363636363636365
0.36774193548387096
0.1858974358974359
0.18849840255591055
0.1910828025477707
0.19365079365079366
0.19254658385093168
0.19504643962848298
0.19753086419753085
0.2
0.20245398773006135
0.20489296636085627
0.19653179190751446
0.1988472622478386
0.20114942528735633
0.2034383954154728
0.20168067226890757
0.20391061452513967
0.20612813370473537
0.20833333333333334
0.21052631578947367
0.212707182320442
0.195
0.1970074812967581
0.19900497512437812
0.19708029197080293
0.19902912621359223
0.2009685230024213
0.2028985507246377
0.20481927710843373
0.20673076923076922
0.20863309352517986
0.21052631578947367
0.21241050119331742
0.21428571428571427
0.2161520190023753
0.21800947867298578
0.2198581560283688
0.22169811320754718
0.2235294117647059
0.22535211267605634
0.22716627634660422
0.22897196261682243
0.13943661971830987
0.14064697609001406
0.14185393258426968
0.14305750350631136
0.14305555555555555
0.14424410540915394
0.14542936288088643
0.14661134163208853
0.1477900552486188
0.1489655172413793
0.1489071038251366
0.15006821282401092
0.15122615803814715
0.1523809523809524
0.15353260869565216
0.1546811397557666
0.15582655826558264
0.15696887686062247
0.1581081081081081
0.1592442645074224
0.16037735849056603
0.16150740242261102
0.1567357512953368
0.15782664941785252
0.15891472868217055
0.16
0.14863258026159334
0.1496437054631829
0.1506524317912218
0.15165876777251186
0.15266272189349112
0.1536643026004728
0.15466351829988192
0.138801261829653
0.13970588235294118
0.14060860440713535
0.14136125654450263
0.14225941422594143
0.14315569487983282
0.1440501043841336
0.14494264859228362
0.14583333333333334
0.14672216441207075
0.14760914760914762
0.14849428868120457
0.14937759336099585
0.15025906735751296
0.15113871635610765
0.15201654601861428
0.15289256198347106
0.15376676986584106
0.15463917525773196
0.15550978372811536
0.1557377049180328
0.15660184237461616
0.1574642126789366
0.15832482124616956
0.15918367346938775
0.1600407747196738
0.16089613034623218
0.1617497456765005
0.16260162601626016
0.1634517766497462
0.1643002028397566
0.1651469098277609
0.1659919028340081
0.16683518705763398
0.16767676767676767
0.16851664984863773
0.1693548387096774
0.1701913393756294
0.1710261569416499
0.17185929648241205
0.17269076305220885
0.17352056168505517
0.1743486973947896
0.17517517517517517
0.176
0.17682317682317683
0.17764471057884232
0.17846460618145563
0.17928286852589642
0.18009950248756218
0.18091451292246521
0.1817279046673287
0.18253968253968253
0.18334985133795836
0.18415841584158416
0.18496538081107813
0.1857707509881423
0.18313953488372092
0.18393030009680542
0.1833013435700576
0.1840843720038351
0.18486590038314177
0.18564593301435406
0.1864244741873805
0.1872015281757402
0.18797709923664122
0.18875119161105816
0.1895238095238095
0.19029495718363462
0.19106463878326996
0.19183285849952517
0.19259962049335863
0.1933649289099526
0.19412878787878787
0.19489120151371808
0.1956521739130435
0.1964117091595845
0.19716981132075473
0.19792648444863337
0.19868173258003766
0.19943555973659455
0.20018796992481203
0.20093896713615023
0.20168855534709193
0.20243673851921273
0.20318352059925093
0.2039289055191768
0.2046728971962617
0.20541549953314658
0.20615671641791045
0.20689655172413793
0.20763500931098697
0.20837209302325582
0.20910780669144982
0.20984215413184773
0.21057513914656772
0.211306765523633
0.21203703703703702
0.2127659574468085
0.2134935304990758
0.21421975992613113
0.21494464944649447
0.21566820276497695
0.21639042357274402
0.21711131554737811
0.21783088235294118
0.21854912764003673
0.21926605504587157
0.21505376344086022
0.21575649059982094
0.21645796064400716
0.21715817694369974
0.21785714285714286
0.21855486173059768
0.2192513368983957
0.21994657168299198
0.2206405693950178
0.22133333333333333
0.22202486678507993
0.22271517302573204
0.22340425531914893
0.2240921169176262
0.2247787610619469
0.22546419098143236
0.22614840989399293
0.22683142100617829
0.2275132275132275
0.22819383259911893
0.22887323943661972
0.22955145118733508
0.23022847100175747
0.2309043020193152
0.23157894736842105
0.2322524101665206
0.2329246935201401
0.2335958005249344
0.23426573426573427
0.2349344978165939
0.2356020942408377
0.23626852659110723
0.23693379790940766
0.23759791122715404
0.23479005998286204
0.23544520547945205
0.23609923011120615
0.23083333333333333
0.231473771856786
0.23211314475873543
0.23275145469659186
0.23338870431893688
0.23402489626556017
0.23466003316749584
0.23529411764705882
0.2359271523178808
0.23655913978494625
0.2371900826446281
0.23781998348472336
0.23844884488448845
0.23907666941467437
0.2397034596375618
0.2403292181069959
0.24095394736842105
0.24157764995891537
0.24220032840722497
0.2428219852337982
0.24344262295081967
0.24406224406224405
0.24468085106382978
0.24529844644317253
0.24591503267973855
0.24653061224489795
0.24714518760195758
0.24775876120619397
0.248371335504886
0.24898291293734745
0.24959349593495936
0.2502030869212023
0.2508116883116883
0.25141930251419303
0.2520259319286872
0.25263157894736843
0.2432012432012432
0.24378881987577639
0.2443754848719938
0.24496124031007752
0.24554608830364058
0.24613003095975233
0.24671307037896364
0.2472952086553323
0.2478764478764479
0.24845679012345678
0.24903623747108714
0.24961479198767333
0.2501924557351809
0.25076923076923074
0.2513451191391238
0.25
0.25057121096725055
0.2511415525114155
0.25171102661596956
0.25227963525835867
0.2528473804100228
0.2534142640364188
0.2539802880970432
0.2545454545454545
0.25510976532929597
0.2556732223903177
0.2562358276643991
0.256797583081571
0.24532374100719426
0.24586628324946083
0.2464080459770115
0.24694903086862885
0.24748923959827834
0.24802867383512545
0.248567335243553
0.24910522548317823
0.24964234620886983
0.25017869907076484
0.2507142857142857
0.251249107780157
0.25178316690442226
0.2523164647184604
0.25284900284900286
0.25338078291814947
0.25391180654338547
0.2544420753375977
0.2549715909090909
0.255500354861604
0.25069444444444444
0.2512144344205413
0.25173370319001387
0.25225225225225223
0.25277008310249305
0.2532871972318339
0.25380359612724757
0.2543192812715964
0.2548342541436464
0.2553485162180814
0.2558620689655172
0.2563749138525155
0.2568870523415978
0.25739848589125947
0.2579092159559835
0.2584192439862543
0.25892857142857145
0.2594371997254633
0.2599451303155007
0.2604523646333105
0.2474025974025974
0.24789097988319272
0.248378728923476
0.24886584575502269
0.24935233160621761
0.24983818770226537
0.2503234152652005
0.25080801551389786
0.25129198966408267
0.25177533892834086
0.25225806451612903
0.25274016763378465
0.25322164948453607
0.25370251126851256
0.25418275418275416
0.2546623794212219
0.2551413881748072
0.2556197816313423
0.25609756097560976
0.25657472738935216
0.257051282051282
0.2575272261370916
0.2580025608194622
0.2563451776649746
0.2569796954314721
0.25761421319796957
0.258248730964467
0.25888324873096447
0.2593532022828155
0.2598225602027883
0.2602913236225459
0.2607594936708861
0.26139240506329114
0.2620253164556962
0.2626582278481013
0.26329113924050634
0.2639240506329114
0.2645569620253165
0.26518987341772154
0.26582278481012656
0.2664556962025316
0.26641414141414144
0.26704545454545453
0.2676767676767677
0.26830808080808083
0.2686002522068096
0.2692307692307692
0.2685069008782936
0.2691342534504391
0.2697616060225847
0.2703889585947302
0.2710163111668758
0.2716436637390213
0.2722710163111669
0.2728983688833124
0.27352572145545795
0.2741530740276035
0.27478042659974905
0.27540777917189463
0.27603513174404015
0.2766624843161857
0.27728983688833125
0.2779171894604768
0.27854454203262236
0.2791718946047679
0.27962382445141065
0.27972465581977474
0.28035043804755944
0.2809762202753442
0.28142589118198874
0.281875
0.28214731585518105
0.28277153558052437
0.2830423940149626
0.28366583541147133
1.0
1.0
1.0
1.0
1.0
1.0
1.0
1.0
1.0
1.0
1.0
1.0
1.0
1.0
1.0
1.0
1.0
1.0
1.0
1.0
1.0
1.0
1.0
1.0
1.0
1.0
1.0
1.0
1.0
1.0
1.0
1.0
1.0
1.0
1.0
1.0
1.0
1.0
1.0
1.0
1.0
1.0
1.0
1.0
1.0
1.0
1.0
1.0
1.0
1.0
1.0
1.0
1.0
1.0
1.0
1.0
1.0
1.0
1.0
1.0
1.0
1.0
1.0
1.0
1.0
1.0
1.0
1.0
1.0
1.0
1.0
1.0
1.0
1.0
1.0
1.0
1.0
1.0
1.0
1.0
1.0
1.0
1.0
1.0
1.0
1.0
1.0
1.0
1.0
1.0
1.0
1.0
1.0
1.0
1.0
1.0
1.0
1.0
1.0
1.0
1.0
1.0
1.0
1.0
1.0
1.0
1.0
1.0
1.0
1.0
1.0
1.0
1.0
1.0
1.0
1.0
1.0
1.0
1.0
1.0
1.0
1.0
1.0
1.0
1.0
1.0
1.0
1.0
1.0
1.0
1.0
1.0
1.0
1.0
1.0
1.0
1.0
1.0
1.0
1.0
1.0
1.0
1.0
1.0
1.0
1.0
1.0
1.0
1.0
1.0
1.0
1.0
1.0
1.0
1.0
1.0
1.0
1.0
1.0
1.0
1.0
1.0
1.0
1.0
1.0
1.0
1.0
1.0
1.0
1.0
1.0
1.0
1.0
1.0
1.0
1.0
1.0
1.0
1.0
1.0
1.0
1.0
1.0
1.0
1.0
1.0
1.0
1.0
1.0
1.0
1.0
1.0
1.0
1.0
1.0
1.0
1.0
1.0
1.0
1.0
1.0
1.0
1.0
1.0
1.0
1.0
1.0
1.0
1.0
1.0
1.0
1.0
1.0
1.0
1.0
1.0
1.0
1.0
1.0
1.0
1.0
1.0
1.0
1.0
1.0
1.0
1.0
1.0
1.0
1.0
1.0
1.0
1.0
1.0
1.0
1.0
1.0
1.0
1.0
1.0
1.0
1.0
1.0
1.0
1.0
1.0
1.0
1.0
1.0
1.0
1.0
1.0
1.0
1.0
1.0
1.0
1.0
1.0
1.0
1.0
1.0
1.0
1.0
1.0
1.0
1.0
1.0
1.0
1.0
1.0
1.0
1.0
1.0
1.0
1.0
1.0
1.0
1.0
1.0
1.0
1.0
1.0
1.0
1.0
1.0
1.0
1.0
1.0
1.0
1.0
1.0
1.0
1.0
1.0
1.0
1.0
1.0
1.0
1.0
1.0
1.0
1.0
1.0
1.0
1.0
1.0
1.0
1.0
1.0
1.0
1.0
1.0
1.0
1.0
1.0
1.0
1.0
1.0
1.0
1.0
1.0
1.0
1.0
1.0
1.0
1.0
1.0
1.0
1.0
1.0
1.0
1.0
1.0
1.0
1.0
1.0
1.0
1.0
1.0
1.0
1.0
1.0
1.0
1.0
1.0
1.0
1.0
1.0
1.0
1.0
1.0
1.0
1.0
1.0
1.0
1.0
1.0
1.0
1.0
1.0
1.0
1.0
1.0
1.0
1.0
1.0
1.0
1.0
1.0
1.0
1.0
1.0
1.0
1.0
1.0
1.0
1.0
1.0
1.0
1.0
0.8738532110091743
0.8761467889908257
0.8784403669724771
0.8807339449541285
0.8830275229357798
0.8853211009174312
0.8876146788990825
0.8899082568807339
0.8881278538812786
0.8904109589041096
0.8906605922551253
0.8888888888888888
0.891156462585034
1.0
1.0
1.0
1.0
1.0
1.0
1.0
1.0
1.0
1.0
1.0
1.0
1.0
1.0
1.0
1.0
1.0
1.0
1.0
1.0
1.0
1.0
1.0
1.0
1.0
1.0
1.0
1.0
1.0
1.0
1.0
1.0
0.29464285714285715
0.30357142857142855
0.3125
0.32142857142857145
0.33035714285714285
0.3392857142857143
0.3482142857142857
0.35714285714285715
0.36607142857142855
0.37168141592920356
0.37719298245614036
0.3826086956521739
0.3879310344827586
0.39316239316239315
0.34814814814814815
0.35294117647058826
0.35766423357664234
0.36231884057971014
0.3422818791946309
0.3466666666666667
0.3509933774834437
0.35526315789473684
0.35947712418300654
0.36363636363636365
0.36774193548387096
0.1858974358974359
0.18849840255591055
0.1910828025477707
0.19365079365079366
0.19254658385093168
0.19504643962848298
0.19753086419753085
0.2
0.20245398773006135
0.20489296636085627
0.19653179190751446
0.1988472622478386
0.20114942528735633
0.2034383954154728
0.20168067226890757
0.20391061452513967
0.20612813370473537
0.20833333333333334
0.21052631578947367
0.212707182320442
0.195
0.1970074812967581
0.19900497512437812
0.19708029197080293
0.19902912621359223
0.2009685230024213
0.2028985507246377
0.20481927710843373
0.20673076923076922
0.20863309352517986
0.21052631578947367
0.21241050119331742
0.21428571428571427
0.2161520190023753
0.21800947867298578
0.2198581560283688
0.22169811320754718
0.2235294117647059
0.22535211267605634
0.22716627634660422
0.22897196261682243
0.13943661971830987
0.14064697609001406
0.14185393258426968
0.14305750350631136
0.14305555555555555
0.14424410540915394
0.14542936288088643
0.14661134163208853
0.1477900552486188
0.1489655172413793
0.1489071038251366
0.15006821282401092
0.15122615803814715
0.1523809523809524
0.15353260869565216
0.1546811397557666
0.15582655826558264
0.15696887686062247
0.1581081081081081
0.1592442645074224
0.16037735849056603
0.16150740242261102
0.1567357512953368
0.15782664941785252
0.15891472868217055
0.16
0.14863258026159334
0.1496437054631829
0.1506524317912218
0.15165876777251186
0.15266272189349112
0.1536643026004728
0.15466351829988192
0.138801261829653
0.13970588235294118
0.14060860440713535
0.14136125654450263
0.14225941422594143
0.14315569487983282
0.1440501043841336
0.14494264859228362
0.14583333333333334
0.14672216441207075
0.14760914760914762
0.14849428868120457
0.14937759336099585
0.15025906735751296
0.15113871635610765
0.15201654601861428
0.15289256198347106
0.15376676986584106
0.15463917525773196
0.15550978372811536
0.1557377049180328
0.15660184237461616
0.1574642126789366
0.15832482124616956
0.15918367346938775
0.1600407747196738
0.16089613034623218
0.1617497456765005
0.16260162601626016
0.1634517766497462
0.1643002028397566
0.1651469098277609
0.1659919028340081
0.16683518705763398
0.16767676767676767
0.16851664984863773
0.1693548387096774
0.1701913393756294
0.1710261569416499
0.17185929648241205
0.17269076305220885
0.17352056168505517
0.1743486973947896
0.17517517517517517
0.176
0.17682317682317683
0.17764471057884232
0.17846460618145563
0.17928286852589642
0.18009950248756218
0.18091451292246521
0.1817279046673287
0.18253968253968253
0.18334985133795836
0.18415841584158416
0.18496538081107813
0.1857707509881423
0.18313953488372092
0.18393030009680542
0.1833013435700576
0.1840843720038351
0.18486590038314177
0.18564593301435406
0.1864244741873805
0.1872015281757402
0.18797709923664122
0.18875119161105816
0.1895238095238095
0.19029495718363462
0.19106463878326996
0.19183285849952517
0.19259962049335863
0.1933649289099526
0.19412878787878787
0.19489120151371808
0.1956521739130435
0.1964117091595845
0.19716981132075473
0.19792648444863337
0.19868173258003766
0.19943555973659455
0.20018796992481203
0.20093896713615023
0.20168855534709193
0.20243673851921273
0.20318352059925093
0.2039289055191768
0.2046728971962617
0.20541549953314658
0.20615671641791045
0.20689655172413793
0.20763500931098697
0.20837209302325582
0.20910780669144982
0.20984215413184773
0.21057513914656772
0.211306765523633
0.21203703703703702
0.2127659574468085
0.2134935304990758
0.21421975992613113
0.21494464944649447
0.21566820276497695
0.21639042357274402
0.21711131554737811
0.21783088235294118
0.21854912764003673
0.21926605504587157
0.21505376344086022
0.21575649059982094
0.21645796064400716
0.21715817694369974
0.21785714285714286
0.21855486173059768
0.2192513368983957
0.21994657168299198
0.2206405693950178
0.22133333333333333
0.22202486678507993
0.22271517302573204
0.22340425531914893
0.2240921169176262
0.2247787610619469
0.22546419098143236
0.22614840989399293
0.22683142100617829
0.2275132275132275
0.22819383259911893
0.22887323943661972
0.22955145118733508
0.23022847100175747
0.2309043020193152
0.23157894736842105
0.2322524101665206
0.2329246935201401
0.2335958005249344
0.23426573426573427
0.2349344978165939
0.2356020942408377
0.23626852659110723
0.23693379790940766
0.23759791122715404
0.23479005998286204
0.23544520547945205
0.23609923011120615
0.23083333333333333
0.231473771856786
0.23211314475873543
0.23275145469659186
0.23338870431893688
0.23402489626556017
0.23466003316749584
0.23529411764705882
0.2359271523178808
0.23655913978494625
0.2371900826446281
0.23781998348472336
0.23844884488448845
0.23907666941467437
0.2397034596375618
0.2403292181069959
0.24095394736842105
0.24157764995891537
0.24220032840722497
0.2428219852337982
0.24344262295081967
0.24406224406224405
0.24468085106382978
0.24529844644317253
0.24591503267973855
0.24653061224489795
0.24714518760195758
0.24775876120619397
0.248371335504886
0.24898291293734745
0.24959349593495936
0.2502030869212023
0.2508116883116883
0.25141930251419303
0.2520259319286872
0.25263157894736843
0.2432012432012432
0.24378881987577639
0.2443754848719938
0.24496124031007752
0.24554608830364058
0.24613003095975233
0.24671307037896364
0.2472952086553323
0.2478764478764479
0.24845679012345678
0.24903623747108714
0.24961479198767333
0.2501924557351809
0.25076923076923074
0.2513451191391238
0.25
0.25057121096725055
0.2511415525114155
0.25171102661596956
0.25227963525835867
0.2528473804100228
0.2534142640364188
0.2539802880970432
0.2545454545454545
0.25510976532929597
0.2556732223903177
0.2562358276643991
0.256797583081571
0.24532374100719426
0.24586628324946083
0.2464080459770115
0.24694903086862885
0.24748923959827834
0.24802867383512545
0.248567335243553
0.24910522548317823
0.24964234620886983
0.25017869907076484
0.2507142857142857
0.251249107780157
0.25178316690442226
0.2523164647184604
0.25284900284900286
0.25338078291814947
0.25391180654338547
0.2544420753375977
0.2549715909090909
0.255500354861604
0.25069444444444444
0.2512144344205413
0.25173370319001387
0.25225225225225223
0.25277008310249305
0.2532871972318339
0.25380359612724757
0.2543192812715964
0.2548342541436464
0.2553485162180814
0.2558620689655172
0.2563749138525155
0.2568870523415978
0.25739848589125947
0.2579092159559835
0.2584192439862543
0.25892857142857145
0.2594371997254633
0.2599451303155007
0.2604523646333105
0.2474025974025974
0.24789097988319272
0.248378728923476
0.24886584575502269
0.24935233160621761
0.24983818770226537
0.2503234152652005
0.25080801551389786
0.25129198966408267
0.25177533892834086
0.25225806451612903
0.25274016763378465
0.25322164948453607
0.25370251126851256
0.25418275418275416
0.2546623794212219
0.2551413881748072
0.2556197816313423
0.25609756097560976
0.25657472738935216
0.257051282051282
0.2575272261370916
0.2580025608194622
0.25831202046035806
0.25895140664961636
0.25892857142857145
0.25956632653061223
0.2602040816326531
0.26084183673469385
0.26015228426395937
0.26078680203045684
0.2614213197969543
0.2620558375634518
0.2626903553299492
0.2610062893081761
0.26163522012578616
0.2622641509433962
0.2628930817610063
0.26352201257861635
0.26398491514770583
0.26444723618090454
0.26490897677338354
0.26537013801756587
0.2659974905897114
0.266624843161857
0.2672521957340025
0.2678795483061481
0.2685069008782936
0.2691342534504391
0.2697616060225847
0.2703889585947302
0.2710163111668758
0.27147335423197494
0.2721003134796238
0.2727272727272727
0.27335423197492165
0.27398119122257053
0.2746081504702194
0.27523510971786835
0.27586206896551724
0.2764890282131661
0.27711598746081506
0.27774294670846394
0.27836990595611283
0.27899686520376177
0.27962382445141065
0.27972465581977474
0.28035043804755944
0.2809762202753442
0.28125
0.281875
0.28214731585518105
0.28277153558052437
0.2832189644416719
0.28366583541147133
1.0
1.0
1.0
1.0
1.0
1.0
1.0
1.0
1.0
1.0
1.0
1.0
1.0
1.0
1.0
1.0
1.0
1.0
1.0
1.0
1.0
1.0
1.0
1.0
1.0
1.0
1.0
1.0
1.0
1.0
1.0
1.0
0.29464285714285715
0.30357142857142855
0.3125
0.32142857142857145
0.33035714285714285
0.3392857142857143
0.3482142857142857
0.35714285714285715
0.36607142857142855
0.37168141592920356
0.37719298245614036
0.3826086956521739
0.3879310344827586
0.39316239316239315
0.34814814814814815
0.35294117647058826
0.35766423357664234
0.36231884057971014
0.3422818791946309
0.3466666666666667
0.3509933774834437
0.35526315789473684
0.35947712418300654
0.36363636363636365
0.36774193548387096
0.1858974358974359
0.18849840255591055
0.1910828025477707
0.19365079365079366
0.19254658385093168
0.19504643962848298
0.19753086419753085
0.2
0.20245398773006135
0.20489296636085627
0.19653179190751446
0.1988472622478386
0.20114942528735633
0.2034383954154728
0.20168067226890757
0.20391061452513967
0.20612813370473537
0.20833333333333334
0.21052631578947367
0.212707182320442
0.195
0.1970074812967581
0.19900497512437812
0.19708029197080293
0.19902912621359223
0.2009685230024213
0.2028985507246377
0.20481927710843373
0.20673076923076922
0.20863309352517986
0.21052631578947367
0.21241050119331742
0.21428571428571427
0.2161520190023753
0.21800947867298578
0.2198581560283688
0.22169811320754718
0.2235294117647059
0.22535211267605634
0.22716627634660422
0.22897196261682243
0.13943661971830987
0.14064697609001406
0.14185393258426968
0.14305750350631136
0.14305555555555555
0.14424410540915394
0.14542936288088643
0.14661134163208853
0.1477900552486188
0.1489655172413793
0.1489071038251366
0.15006821282401092
0.15122615803814715
0.1523809523809524
0.15353260869565216
0.1546811397557666
0.15582655826558264
0.15696887686062247
0.1581081081081081
0.1592442645074224
0.16037735849056603
0.16150740242261102
0.1567357512953368
0.15782664941785252
0.15891472868217055
0.16
0.14863258026159334
0.1496437054631829
0.1506524317912218
0.15165876777251186
0.15266272189349112
0.1536643026004728
0.15466351829988192
0.138801261829653
0.13970588235294118
0.14060860440713535
0.14136125654450263
0.14225941422594143
0.14315569487983282
0.1440501043841336
0.14494264859228362
0.14583333333333334
0.14672216441207075
0.14760914760914762
0.14849428868120457
0.14937759336099585
0.15025906735751296
0.15113871635610765
0.15201654601861428
0.15289256198347106
0.15376676986584106
0.15463917525773196
0.15550978372811536
0.1557377049180328
0.15660184237461616
0.1574642126789366
0.15832482124616956
0.15918367346938775
0.1600407747196738
0.16089613034623218
0.1617497456765005
0.16260162601626016
0.1634517766497462
0.1643002028397566
0.1651469098277609
0.1659919028340081
0.16683518705763398
0.16767676767676767
0.16851664984863773
0.1693548387096774
0.1701913393756294
0.1710261569416499
0.17185929648241205
0.17269076305220885
0.17352056168505517
0.1743486973947896
0.17517517517517517
0.176
0.17682317682317683
0.17764471057884232
0.17846460618145563
0.17928286852589642
0.18009950248756218
0.18091451292246521
0.1817279046673287
0.18253968253968253
0.18334985133795836
0.18415841584158416
0.18496538081107813
0.1857707509881423
0.18313953488372092
0.18393030009680542
0.1833013435700576
0.1840843720038351
0.18486590038314177
0.18564593301435406
0.1864244741873805
0.1872015281757402
0.18797709923664122
0.18875119161105816
0.1895238095238095
0.19029495718363462
0.19106463878326996
0.19183285849952517
0.19259962049335863
0.1933649289099526
0.19412878787878787
0.19489120151371808
0.1956521739130435
0.1964117091595845
0.19716981132075473
0.19792648444863337
0.19868173258003766
0.19943555973659455
0.20018796992481203
0.20093896713615023
0.20168855534709193
0.20243673851921273
0.20318352059925093
0.2039289055191768
0.2046728971962617
0.20541549953314658
0.20615671641791045
0.20689655172413793
0.20763500931098697
0.20837209302325582
0.20910780669144982
0.20984215413184773
0.21057513914656772
0.211306765523633
0.21203703703703702
0.2127659574468085
0.2134935304990758
0.21421975992613113
0.21494464944649447
0.21566820276497695
0.21639042357274402
0.21711131554737811
0.21783088235294118
0.21854912764003673
0.21926605504587157
0.21505376344086022
0.21575649059982094
0.21645796064400716
0.21715817694369974
0.21785714285714286
0.21855486173059768
0.2192513368983957
0.21994657168299198
0.2206405693950178
0.22133333333333333
0.22202486678507993
0.22271517302573204
0.22340425531914893
0.2240921169176262
0.2247787610619469
0.22546419098143236
0.22614840989399293
0.22683142100617829
0.2275132275132275
0.22819383259911893
0.22887323943661972
0.22955145118733508
0.23022847100175747
0.2309043020193152
0.23157894736842105
0.2322524101665206
0.2329246935201401
0.2335958005249344
0.23426573426573427
0.2349344978165939
0.2356020942408377
0.23626852659110723
0.23693379790940766
0.23759791122715404
0.23479005998286204
0.23544520547945205
0.23609923011120615
0.23083333333333333
0.231473771856786
0.23211314475873543
0.23275145469659186
0.23338870431893688
0.23402489626556017
0.23466003316749584
0.23529411764705882
0.2359271523178808
0.23655913978494625
0.2371900826446281
0.23781998348472336
0.23844884488448845
0.23907666941467437
0.2397034596375618
0.2403292181069959
0.24095394736842105
0.24157764995891537
0.24220032840722497
0.2428219852337982
0.24344262295081967
0.24406224406224405
0.24468085106382978
0.24529844644317253
0.24591503267973855
0.24653061224489795
0.24714518760195758
0.24775876120619397
0.248371335504886
0.24898291293734745
0.24959349593495936
0.2502030869212023
0.2508116883116883
0.25141930251419303
0.2520259319286872
0.25263157894736843
0.2432012432012432
0.24378881987577639
0.2443754848719938
0.24496124031007752
0.24554608830364058
0.24613003095975233
0.24671307037896364
0.2472952086553323
0.2478764478764479
0.24845679012345678
0.24903623747108714
0.24961479198767333
0.2501924557351809
0.25076923076923074
0.2513451191391238
0.25
0.25057121096725055
0.2511415525114155
0.25171102661596956
0.25227963525835867
0.2528473804100228
0.2534142640364188
0.2539802880970432
0.2545454545454545
0.25510976532929597
0.2556732223903177
0.2562358276643991
0.256797583081571
0.24532374100719426
0.24586628324946083
0.2464080459770115
0.24694903086862885
0.24748923959827834
0.24802867383512545
0.248567335243553
0.24910522548317823
0.24964234620886983
0.25017869907076484
0.2507142857142857
0.251249107780157
0.25178316690442226
0.2523164647184604
0.25284900284900286
0.25338078291814947
0.25391180654338547
0.2544420753375977
0.2549715909090909
0.255500354861604
0.25069444444444444
0.2512144344205413
0.25173370319001387
0.25225225225225223
0.25277008310249305
0.2532871972318339
0.25380359612724757
0.2543192812715964
0.2548342541436464
0.2553485162180814
0.2558620689655172
0.2563749138525155
0.2568870523415978
0.25739848589125947
0.2579092159559835
0.2584192439862543
0.25892857142857145
0.2594371997254633
0.2599451303155007
0.2604523646333105
0.2474025974025974
0.24789097988319272
0.248378728923476
0.24886584575502269
0.24935233160621761
0.24983818770226537
0.2503234152652005
0.25080801551389786
0.25129198966408267
0.25177533892834086
0.25225806451612903
0.25274016763378465
0.25322164948453607
0.25370251126851256
0.25418275418275416
0.2546623794212219
0.2551413881748072
0.2556197816313423
0.25609756097560976
0.25657472738935216
0.257051282051282
0.2575272261370916
0.2580025608194622
0.25831202046035806
0.25895140664961636
0.2582697201017812
0.2589058524173028
0.2595419847328244
0.26017811704834604
0.2608142493638677
0.25914249684741486
0.2597730138713745
0.2604035308953342
0.2610340479192938
0.26166456494325346
0.26212980466288593
0.26259445843828716
0.263058527375708
0.26352201257861635
0.2641509433962264
0.2647798742138365
0.26540880503144654
0.2660377358490566
0.26666666666666666
0.2672955974842767
0.2679245283018868
0.26855345911949685
0.2691823899371069
0.2691342534504391
0.2697616060225847
0.2703889585947302
0.2710163111668758
0.27147335423197494
0.2721003134796238
0.2727272727272727
0.27335423197492165
0.27398119122257053
0.2746081504702194
0.27523510971786835
0.27586206896551724
0.2764890282131661
0.27711598746081506
0.27774294670846394
0.27836990595611283
0.27899686520376177
0.27962382445141065
0.27972465581977474
0.28035043804755944
0.2809762202753442
0.28142589118198874
0.2816989381636477
0.28232354778263585
0.28277153558052437
0.2830423940149626
0.28366583541147133
1.0
1.0
1.0
1.0
1.0
1.0
1.0
1.0
1.0
1.0
1.0
1.0
1.0
1.0
1.0
1.0
1.0
1.0
1.0
1.0
1.0
1.0
1.0
1.0
1.0
1.0
1.0
1.0
1.0
1.0
1.0
1.0
1.0
1.0
0.29464285714285715
0.30357142857142855
0.3125
0.32142857142857145
0.33035714285714285
0.3392857142857143
0.3482142857142857
0.35714285714285715
0.36607142857142855
0.37168141592920356
0.37719298245614036
0.3826086956521739
0.3879310344827586
0.39316239316239315
0.34814814814814815
0.35294117647058826
0.35766423357664234
0.36231884057971014
0.3422818791946309
0.3466666666666667
0.3509933774834437
0.35526315789473684
0.35947712418300654
0.36363636363636365
0.36774193548387096
0.1858974358974359
0.18849840255591055
0.1910828025477707
0.19365079365079366
0.19254658385093168
0.19504643962848298
0.19753086419753085
0.2
0.20245398773006135
0.20489296636085627
0.19653179190751446
0.1988472622478386
0.20114942528735633
0.2034383954154728
0.20168067226890757
0.20391061452513967
0.20612813370473537
0.20833333333333334
0.21052631578947367
0.212707182320442
0.195
0.1970074812967581
0.19900497512437812
0.19708029197080293
0.19902912621359223
0.2009685230024213
0.2028985507246377
0.20481927710843373
0.20673076923076922
0.20863309352517986
0.21052631578947367
0.21241050119331742
0.21428571428571427
0.2161520190023753
0.21800947867298578
0.2198581560283688
0.22169811320754718
0.2235294117647059
0.22535211267605634
0.22716627634660422
0.22897196261682243
0.13943661971830987
0.14064697609001406
0.14185393258426968
0.14305750350631136
0.14305555555555555
0.14424410540915394
0.14542936288088643
0.14661134163208853
0.1477900552486188
0.1489655172413793
0.1489071038251366
0.15006821282401092
0.15122615803814715
0.1523809523809524
0.15353260869565216
0.1546811397557666
0.15582655826558264
0.15696887686062247
0.1581081081081081
0.1592442645074224
0.16037735849056603
0.16150740242261102
0.1567357512953368
0.15782664941785252
0.15891472868217055
0.16
0.14863258026159334
0.1496437054631829
0.1506524317912218
0.15165876777251186
0.15266272189349112
0.1536643026004728
0.15466351829988192
0.138801261829653
0.13970588235294118
0.14060860440713535
0.14136125654450263
0.14225941422594143
0.14315569487983282
0.1440501043841336
0.14494264859228362
0.14583333333333334
0.14672216441207075
0.14760914760914762
0.14849428868120457
0.14937759336099585
0.15025906735751296
0.15113871635610765
0.15201654601861428
0.15289256198347106
0.15376676986584106
0.15463917525773196
0.15550978372811536
0.1557377049180328
0.15660184237461616
0.1574642126789366
0.15832482124616956
0.15918367346938775
0.1600407747196738
0.16089613034623218
0.1617497456765005
0.16260162601626016
0.1634517766497462
0.1643002028397566
0.1651469098277609
0.1659919028340081
0.16683518705763398
0.16767676767676767
0.16851664984863773
0.1693548387096774
0.1701913393756294
0.1710261569416499
0.17185929648241205
0.17269076305220885
0.17352056168505517
0.1743486973947896
0.17517517517517517
0.176
0.17682317682317683
0.17764471057884232
0.17846460618145563
0.17928286852589642
0.18009950248756218
0.18091451292246521
0.1817279046673287
0.18253968253968253
0.18334985133795836
0.18415841584158416
0.18496538081107813
0.1857707509881423
0.18313953488372092
0.18393030009680542
0.1833013435700576
0.1840843720038351
0.18486590038314177
0.18564593301435406
0.1864244741873805
0.1872015281757402
0.18797709923664122
0.18875119161105816
0.1895238095238095
0.19029495718363462
0.19106463878326996
0.19183285849952517
0.19259962049335863
0.1933649289099526
0.19412878787878787
0.19489120151371808
0.1956521739130435
0.1964117091595845
0.19716981132075473
0.19792648444863337
0.19868173258003766
0.19943555973659455
0.20018796992481203
0.20093896713615023
0.20168855534709193
0.20243673851921273
0.20318352059925093
0.2039289055191768
0.2046728971962617
0.20541549953314658
0.20615671641791045
0.20689655172413793
0.20763500931098697
0.20837209302325582
0.20910780669144982
0.20984215413184773
0.21057513914656772
0.211306765523633
0.21203703703703702
0.2127659574468085
0.2134935304990758
0.21421975992613113
0.21494464944649447
0.21566820276497695
0.21639042357274402
0.21711131554737811
0.21783088235294118
0.21854912764003673
0.21926605504587157
0.21505376344086022
0.21575649059982094
0.21645796064400716
0.21715817694369974
0.21785714285714286
0.21855486173059768
0.2192513368983957
0.21994657168299198
0.2206405693950178
0.22133333333333333
0.22202486678507993
0.22271517302573204
0.22340425531914893
0.2240921169176262
0.2247787610619469
0.22546419098143236
0.22614840989399293
0.22683142100617829
0.2275132275132275
0.22819383259911893
0.22887323943661972
0.22955145118733508
0.23022847100175747
0.2309043020193152
0.23157894736842105
0.2322524101665206
0.2329246935201401
0.2335958005249344
0.23426573426573427
0.2349344978165939
0.2356020942408377
0.23626852659110723
0.23693379790940766
0.23759791122715404
0.23479005998286204
0.23544520547945205
0.23609923011120615
0.23083333333333333
0.231473771856786
0.23211314475873543
0.23275145469659186
0.23338870431893688
0.23402489626556017
0.23466003316749584
0.23529411764705882
0.2359271523178808
0.23655913978494625
0.2371900826446281
0.23781998348472336
0.23844884488448845
0.23907666941467437
0.2397034596375618
0.2403292181069959
0.24095394736842105
0.24157764995891537
0.24220032840722497
0.2428219852337982
0.24344262295081967
0.24406224406224405
0.24468085106382978
0.24529844644317253
0.24591503267973855
0.24653061224489795
0.24714518760195758
0.24775876120619397
0.248371335504886
0.24898291293734745
0.24959349593495936
0.2502030869212023
0.2508116883116883
0.25141930251419303
0.2520259319286872
0.25263157894736843
0.2432012432012432
0.24378881987577639
0.2443754848719938
0.24496124031007752
0.24554608830364058
0.24613003095975233
0.24671307037896364
0.2472952086553323
0.2478764478764479
0.24845679012345678
0.24903623747108714
0.24961479198767333
0.2501924557351809
0.25076923076923074
0.2513451191391238
0.25
0.25057121096725055
0.2511415525114155
0.25171102661596956
0.25227963525835867
0.2528473804100228
0.2534142640364188
0.2539802880970432
0.2545454545454545
0.25510976532929597
0.2556732223903177
0.2562358276643991
0.256797583081571
0.24532374100719426
0.24586628324946083
0.2464080459770115
0.24694903086862885
0.24748923959827834
0.24802867383512545
0.248567335243553
0.24910522548317823
0.24964234620886983
0.25017869907076484
0.2507142857142857
0.251249107780157
0.25178316690442226
0.2523164647184604
0.25284900284900286
0.25338078291814947
0.25391180654338547
0.2544420753375977
0.2549715909090909
0.255500354861604
0.25069444444444444
0.2512144344205413
0.25173370319001387
0.25225225225225223
0.25277008310249305
0.2532871972318339
0.25380359612724757
0.2543192812715964
0.2548342541436464
0.2553485162180814
0.2558620689655172
0.2563749138525155
0.2568870523415978
0.25739848589125947
0.2579092159559835
0.2584192439862543
0.25892857142857145
0.2594371997254633
0.2599451303155007
0.2604523646333105
1.0
1.0
1.0
1.0
1.0
1.0
1.0
1.0
1.0
1.0
1.0
1.0
1.0
1.0
1.0
1.0
1.0
1.0
1.0
1.0
1.0
1.0
1.0
1.0
1.0
1.0
1.0
1.0
1.0
1.0
1.0
1.0
0.29464285714285715
0.30357142857142855
0.3125
0.32142857142857145
0.33035714285714285
0.3392857142857143
0.3482142857142857
0.35714285714285715
0.36607142857142855
0.37168141592920356
0.37719298245614036
0.3826086956521739
0.3879310344827586
0.39316239316239315
0.34814814814814815
0.35294117647058826
0.35766423357664234
0.36231884057971014
0.3422818791946309
0.3466666666666667
0.3509933774834437
0.35526315789473684
0.35947712418300654
0.36363636363636365
0.36774193548387096
0.1858974358974359
0.18849840255591055
0.1910828025477707
0.19365079365079366
0.19254658385093168
0.19504643962848298
0.19753086419753085
0.2
0.20245398773006135
0.20489296636085627
0.19653179190751446
0.1988472622478386
0.20114942528735633
0.2034383954154728
0.20168067226890757
0.20391061452513967
0.20612813370473537
0.20833333333333334
0.21052631578947367
0.212707182320442
0.195
0.1970074812967581
0.19900497512437812
0.19708029197080293
0.19902912621359223
0.2009685230024213
0.2028985507246377
0.20481927710843373
0.20673076923076922
0.20863309352517986
0.21052631578947367
0.21241050119331742
0.21428571428571427
0.2161520190023753
0.21800947867298578
0.2198581560283688
0.22169811320754718
0.2235294117647059
0.22535211267605634
0.22716627634660422
0.22897196261682243
0.13943661971830987
0.14064697609001406
0.14185393258426968
0.14305750350631136
0.14305555555555555
0.14424410540915394
0.14542936288088643
0.14661134163208853
0.1477900552486188
0.1489655172413793
0.1489071038251366
0.15006821282401092
0.15122615803814715
0.1523809523809524
0.15353260869565216
0.1546811397557666
0.15582655826558264
0.15696887686062247
0.1581081081081081
0.1592442645074224
0.16037735849056603
0.16150740242261102
0.1567357512953368
0.15782664941785252
0.15891472868217055
0.16
0.14863258026159334
0.1496437054631829
0.1506524317912218
0.15165876777251186
0.15266272189349112
0.1536643026004728
0.15466351829988192
0.138801261829653
0.13970588235294118
0.14060860440713535
0.14136125654450263
0.14225941422594143
0.14315569487983282
0.1440501043841336
0.14494264859228362
0.14583333333333334
0.14672216441207075
0.14760914760914762
0.14849428868120457
0.14937759336099585
0.15025906735751296
0.15113871635610765
0.15201654601861428
0.15289256198347106
0.15376676986584106
0.15463917525773196
0.15550978372811536
0.1557377049180328
0.15660184237461616
0.1574642126789366
0.15832482124616956
0.15918367346938775
0.1600407747196738
0.16089613034623218
0.1617497456765005
0.16260162601626016
0.1634517766497462
0.1643002028397566
0.1651469098277609
0.1659919028340081
0.16683518705763398
0.16767676767676767
0.16851664984863773
0.1693548387096774
0.1701913393756294
0.1710261569416499
0.17185929648241205
0.17269076305220885
0.17352056168505517
0.1743486973947896
0.17517517517517517
0.176
0.17682317682317683
0.17764471057884232
0.17846460618145563
0.17928286852589642
0.18009950248756218
0.18091451292246521
0.1817279046673287
0.18253968253968253
0.18334985133795836
0.18415841584158416
0.18496538081107813
0.1857707509881423
0.18313953488372092
0.18393030009680542
0.1833013435700576
0.1840843720038351
0.18486590038314177
0.18564593301435406
0.1864244741873805
0.1872015281757402
0.18797709923664122
0.18875119161105816
0.1895238095238095
0.19029495718363462
0.19106463878326996
0.19183285849952517
0.19259962049335863
0.1933649289099526
0.19412878787878787
0.19489120151371808
0.1956521739130435
0.1964117091595845
0.19716981132075473
0.19792648444863337
0.19868173258003766
0.19943555973659455
0.20018796992481203
0.20093896713615023
0.20168855534709193
0.20243673851921273
0.20318352059925093
0.2039289055191768
0.2046728971962617
0.20541549953314658
0.20615671641791045
0.20689655172413793
0.20763500931098697
0.20837209302325582
0.20910780669144982
0.20984215413184773
0.21057513914656772
0.211306765523633
0.21203703703703702
0.2127659574468085
0.2134935304990758
0.21421975992613113
0.21494464944649447
0.21566820276497695
0.21639042357274402
0.21711131554737811
0.21783088235294118
0.21854912764003673
0.21926605504587157
0.21505376344086022
0.21575649059982094
0.21645796064400716
0.21715817694369974
0.21785714285714286
0.21855486173059768
0.2192513368983957
0.21994657168299198
0.2206405693950178
0.22133333333333333
0.22202486678507993
0.22271517302573204
0.22340425531914893
0.2240921169176262
0.2247787610619469
0.22546419098143236
0.22614840989399293
0.22683142100617829
0.2275132275132275
0.22819383259911893
0.22887323943661972
0.22955145118733508
0.23022847100175747
0.2309043020193152
0.23157894736842105
0.2322524101665206
0.2329246935201401
0.2335958005249344
0.23426573426573427
0.2349344978165939
0.2356020942408377
0.23626852659110723
0.23693379790940766
0.23759791122715404
0.23479005998286204
0.23544520547945205
0.23609923011120615
0.23083333333333333
0.231473771856786
0.23211314475873543
0.23275145469659186
0.23338870431893688
0.23402489626556017
0.23466003316749584
0.23529411764705882
0.2359271523178808
0.23655913978494625
0.2371900826446281
0.23781998348472336
0.23844884488448845
0.23907666941467437
0.2397034596375618
0.2403292181069959
0.24095394736842105
0.24157764995891537
0.24220032840722497
0.2428219852337982
0.24344262295081967
0.24406224406224405
0.24468085106382978
0.24529844644317253
0.24591503267973855
0.24653061224489795
0.24714518760195758
0.24775876120619397
0.248371335504886
0.24898291293734745
0.24959349593495936
0.2502030869212023
0.2508116883116883
0.25141930251419303
0.2520259319286872
0.25263157894736843
0.2432012432012432
0.24378881987577639
0.2443754848719938
0.24496124031007752
0.24554608830364058
0.24613003095975233
0.24671307037896364
0.2472952086553323
0.2478764478764479
0.24845679012345678
0.24903623747108714
0.24961479198767333
0.2501924557351809
0.25076923076923074
0.2513451191391238
0.25
0.25057121096725055
0.2511415525114155
0.25171102661596956
0.25227963525835867
0.2528473804100228
0.2534142640364188
0.2539802880970432
0.2545454545454545
0.25510976532929597
0.2556732223903177
0.2562358276643991
0.256797583081571
0.24532374100719426
0.24586628324946083
0.2464080459770115
0.24694903086862885
0.24748923959827834
0.24802867383512545
0.248567335243553
0.24910522548317823
0.24964234620886983
0.25017869907076484
0.2507142857142857
0.251249107780157
0.25178316690442226
0.2523164647184604
0.25284900284900286
0.25338078291814947
0.25391180654338547
0.2544420753375977
0.2549715909090909
0.255500354861604
0.25069444444444444
0.2512144344205413
0.25173370319001387
0.25225225225225223
0.25277008310249305
0.2532871972318339
0.25380359612724757
0.2543192812715964
0.2548342541436464
0.2553485162180814
0.2558620689655172
0.2563749138525155
0.2568870523415978
0.25739848589125947
0.2579092159559835
0.2584192439862543
0.25892857142857145
0.2594371997254633
0.2599451303155007
0.2604523646333105
