1.0
1.0
1.0
1.0
1.0
1.0
1.0
1.0
1.0
1.0
1.0
1.0
1.0
1.0
1.0
1.0
1.0
1.0
1.0
1.0
1.0
1.0
1.0
0.17777777777777778
0.18382352941176472
0.1897810218978102
0.1956521739130435
0.2014388489208633
0.20714285714285716
0.2127659574468085
0.21830985915492956
0.22377622377622378
0.22916666666666666
0.23448275862068965
0.23972602739726026
0.24489795918367346
0.25
0.2550335570469799
0.26
0.26490066225165565
0.26973684210526316
0.27450980392156865
0.2792207792207792
0.2838709677419355
0.28846153846153844
0.2929936305732484
0.2974683544303797
0.3018867924528302
0.28654970760233917
0.29069767441860467
0.2947976878612717
0.2988505747126437
0.3028571428571429
0.3068181818181818
0.3107344632768362
0.3146067415730337
0.31843575418994413
0.32222222222222224
0.3259668508287293
0.32967032967032966
0.3333333333333333
0.33695652173913043
0.34054054054054056
0.34408602150537637
0.34759358288770054
0.35106382978723405
0.3544973544973545
0.3063063063063063
0.3094170403587444
0.3125
0.31555555555555553
0.3185840707964602
0.32158590308370044
0.32456140350877194
0.32751091703056767
0.33043478260869563
0.3333333333333333
0.33620689655172414
0.33905579399141633
0.3418803418803419
0.3446808510638298
0.3474576271186441
0.350210970464135
0.35294117647058826
0.35564853556485354
1.0
1.0
1.0
1.0
1.0
1.0
1.0
1.0
1.0
1.0
1.0
1.0
1.0
1.0
1.0
1.0
1.0
1.0
1.0
1.0
1.0
1.0
1.0
0.17777777777777778
0.18382352941176472
0.1897810218978102
0.1956521739130435
0.2014388489208633
0.20714285714285716
0.2127659574468085
0.21830985915492956
0.22377622377622378
0.22916666666666666
0.23448275862068965
0.23972602739726026
0.24489795918367346
0.25
0.2550335570469799
0.26
0.26490066225165565
0.26973684210526316
0.27450980392156865
0.2792207792207792
0.2838709677419355
0.28846153846153844
0.2929936305732484
0.2974683544303797
0.3018867924528302
0.28654970760233917
0.29069767441860467
0.2947976878612717
0.2988505747126437
0.3028571428571429
0.3068181818181818
0.3107344632768362
0.3146067415730337
0.31843575418994413
0.32222222222222224
0.3259668508287293
0.32967032967032966
0.3333333333333333
0.33695652173913043
0.34054054054054056
0.34408602150537637
0.34759358288770054
0.35106382978723405
0.3544973544973545
0.3063063063063063
0.3094170403587444
0.3125
0.31555555555555553
0.3185840707964602
0.32158590308370044
0.32456140350877194
0.32751091703056767
0.33043478260869563
0.3333333333333333
0.33620689655172414
0.33905579399141633
0.3418803418803419
0.3446808510638298
0.3474576271186441
0.350210970464135
0.35294117647058826
0.35564853556485354
1.0
1.0
1.0
1.0
1.0
1.0
1.0
1.0
1.0
1.0
1.0
1.0
1.0
1.0
1.0
1.0
1.0
1.0
1.0
1.0
1.0
1.0
1.0
1.0
1.0
1.0
1.0
1.0
1.0
1.0
1.0
1.0
1.0
1.0
1.0
1.0
1.0
1.0
1.0
1.0
1.0
1.0
1.0
1.0
1.0
1.0
1.0
1.0
1.0
1.0
1.0
1.0
1.0
1.0
1.0
1.0
1.0
1.0
1.0
1.0
1.0
1.0
1.0
1.0
1.0
1.0
1.0
1.0
1.0
1.0
1.0
1.0
1.0
1.0
1.0
1.0
1.0
1.0
1.0
1.0
1.0
1.0
1.0
1.0
1.0
1.0
1.0
1.0
1.0
1.0
1.0
1.0
1.0
1.0
1.0
1.0
1.0
1.0
1.0
1.0
1.0
1.0
1.0
1.0
1.0
1.0
1.0
1.0
0.17777777777777778
0.18382352941176472
0.1897810218978102
0.1956521739130435
0.2014388489208633
0.20714285714285716
0.2127659574468085
0.21830985915492956
0.22377622377622378
0.22916666666666666
0.23448275862068965
0.23972602739726026
0.24489795918367346
0.25
0.2550335570469799
0.26
0.26490066225165565
0.26973684210526316
0.27450980392156865
0.2792207792207792
0.2838709677419355
0.28846153846153844
0.2929936305732484
0.2974683544303797
0.3018867924528302
0.28654970760233917
0.29069767441860467
0.2947976878612717
0.2988505747126437
0.3028571428571429
0.3068181818181818
0.3107344632768362
0.3146067415730337
0.31843575418994413
0.32222222222222224
0.3259668508287293
0.32967032967032966
0.3333333333333333
0.33695652173913043
0.34054054054054056
0.34408602150537637
0.34759358288770054
0.35106382978723405
0.3544973544973545
0.3063063063063063
0.3094170403587444
0.3125
0.31555555555555553
0.3185840707964602
0.32158590308370044
0.32456140350877194
0.32751091703056767
0.33043478260869563
0.3333333333333333
0.33620689655172414
0.33905579399141633
0.3418803418803419
0.3446808510638298
0.3474576271186441
0.350210970464135
0.35294117647058826
0.35564853556485354
1.0
1.0
1.0
1.0
1.0
1.0
1.0
1.0
1.0
1.0
1.0
1.0
1.0
1.0
1.0
1.0
1.0
1.0
1.0
1.0
1.0
1.0
1.0
0.17777777777777778
0.18382352941176472
0.1897810218978102
0.1956521739130435
0.2014388489208633
0.20714285714285716
0.2127659574468085
0.21830985915492956
0.22377622377622378
0.22916666666666666
0.23448275862068965
0.23972602739726026
0.24489795918367346
0.25
0.2550335570469799
0.26
0.26490066225165565
0.26973684210526316
0.27450980392156865
0.2792207792207792
0.2838709677419355
0.28846153846153844
0.2929936305732484
0.2974683544303797
0.3018867924528302
0.28654970760233917
0.29069767441860467
0.2947976878612717
0.2988505747126437
0.3028571428571429
0.3068181818181818
0.3107344632768362
0.3146067415730337
0.31843575418994413
0.32222222222222224
0.3259668508287293
0.32967032967032966
0.3333333333333333
0.33695652173913043
0.34054054054054056
0.34408602150537637
0.34759358288770054
0.35106382978723405
0.3544973544973545
0.3063063063063063
0.3094170403587444
0.3125
0.31555555555555553
0.3185840707964602
0.32158590308370044
0.32456140350877194
0.32751091703056767
0.33043478260869563
0.3333333333333333
0.33620689655172414
0.33905579399141633
0.3418803418803419
0.3446808510638298
0.3474576271186441
0.350210970464135
0.35294117647058826
0.35564853556485354
1.0
1.0
1.0
1.0
1.0
1.0
1.0
1.0
1.0
1.0
1.0
1.0
1.0
1.0
1.0
1.0
1.0
1.0
1.0
1.0
1.0
1.0
1.0
0.17777777777777778
0.18382352941176472
0.1897810218978102
0.1956521739130435
0.2014388489208633
0.20714285714285716
0.2127659574468085
0.21830985915492956
0.22377622377622378
0.22916666666666666
0.23448275862068965
0.23972602739726026
0.24489795918367346
0.25
0.2550335570469799
0.26
0.26490066225165565
0.26973684210526316
0.27450980392156865
0.2792207792207792
0.2838709677419355
0.28846153846153844
0.2929936305732484
0.2974683544303797
0.3018867924528302
0.28654970760233917
0.29069767441860467
0.2947976878612717
0.2988505747126437
0.3028571428571429
0.3068181818181818
0.3107344632768362
0.3146067415730337
0.31843575418994413
0.32222222222222224
0.3259668508287293
0.32967032967032966
0.3333333333333333
0.33695652173913043
0.34054054054054056
0.34408602150537637
0.34759358288770054
0.35106382978723405
0.3544973544973545
0.3063063063063063
0.3094170403587444
0.3125
0.31555555555555553
0.3185840707964602
0.32158590308370044
0.32456140350877194
0.32751091703056767
0.33043478260869563
0.3333333333333333
0.33620689655172414
0.33905579399141633
0.3418803418803419
0.3446808510638298
0.3474576271186441
0.350210970464135
0.35294117647058826
0.35564853556485354
1.0
1.0
1.0
1.0
1.0
1.0
1.0
1.0
1.0
1.0
1.0
1.0
1.0
1.0
1.0
1.0
1.0
1.0
1.0
1.0
1.0
1.0
1.0
0.17777777777777778
0.18382352941176472
0.1897810218978102
0.1956521739130435
0.2014388489208633
0.20714285714285716
0.2127659574468085
0.21830985915492956
0.22377622377622378
0.22916666666666666
0.23448275862068965
0.23972602739726026
0.24489795918367346
0.25
0.2550335570469799
0.26
0.26490066225165565
0.26973684210526316
0.27450980392156865
0.2792207792207792
0.2838709677419355
0.28846153846153844
0.2929936305732484
0.2974683544303797
0.3018867924528302
0.28654970760233917
0.29069767441860467
0.2947976878612717
0.2988505747126437
0.3028571428571429
0.3068181818181818
0.3107344632768362
0.3146067415730337
0.31843575418994413
0.32222222222222224
0.3259668508287293
0.32967032967032966
0.3333333333333333
0.33695652173913043
0.34054054054054056
0.34408602150537637
0.34759358288770054
0.35106382978723405
0.3544973544973545
0.3063063063063063
0.3094170403587444
0.3125
0.31555555555555553
0.3185840707964602
0.32158590308370044
0.32456140350877194
0.32751091703056767
0.33043478260869563
0.3333333333333333
0.33620689655172414
0.33905579399141633
0.3418803418803419
0.3446808510638298
0.3474576271186441
0.350210970464135
0.35294117647058826
0.35564853556485354
