1.0
1.0
1.0
1.0
1.0
1.0
1.0
1.0
1.0
1.0
1.0
1.0
0.8125
0.8235294117647058
0.8333333333333334
0.8421052631578947
0.85
0.8571428571428571
0.8636363636363636
0.8695652173913043
0.875
0.88
0.8846153846153846
0.8888888888888888
0.8928571428571429
0.896551724137931
0.9
0.9032258064516129
0.90625
0.9090909090909091
0.9117647058823529
0.9142857142857143
0.9166666666666666
0.918918918918919
0.9210526315789473
0.9230769230769231
0.925
0.926829268292683
0.9285714285714286
0.9302325581395349
0.9318181818181818
0.9333333333333333
0.9347826086956522
0.9361702127659575
0.9375
0.9387755102040817
0.94
0.9411764705882353
0.9423076923076923
0.9433962264150944
0.9444444444444444
0.9454545454545454
0.9464285714285714
0.9473684210526315
0.9482758620689655
0.9491525423728814
0.95
0.9508196721311475
0.9516129032258065
0.9523809523809523
0.953125
0.9538461538461539
0.9545454545454546
0.9552238805970149
0.9558823529411765
0.9565217391304348
0.9571428571428572
0.9577464788732394
0.9583333333333334
0.958904109589041
0.9594594594594594
0.96
0.9605263157894737
0.961038961038961
0.9615384615384616
0.9620253164556962
0.9625
0.9629629629629629
0.9634146341463414
0.963855421686747
0.9642857142857143
0.9647058823529412
0.9651162790697675
0.9655172413793104
0.9659090909090909
0.9662921348314607
0.9666666666666667
0.967032967032967
0.967391304347826
0.967741935483871
0.9680851063829787
0.968421052631579
0.96875
0.9690721649484536
0.9693877551020408
0.9696969696969697
0.97
0.9702970297029703
0.9705882352941176
0.970873786407767
0.9711538461538461
0.9714285714285714
0.9716981132075472
0.9719626168224299
0.9722222222222222
0.9724770642201835
0.9727272727272728
0.9818181818181818
0.990909090909091
1.0
1.0
1.0
1.0
1.0
1.0
1.0
1.0
1.0
1.0
1.0
1.0
1.0
1.0
1.0
1.0
1.0
1.0
1.0
1.0
1.0
1.0
1.0
1.0
1.0
1.0
1.0
1.0
1.0
1.0
1.0
1.0
1.0
1.0
1.0
1.0
1.0
1.0
1.0
1.0
1.0
1.0
1.0
1.0
1.0
1.0
1.0
1.0
1.0
1.0
1.0
1.0
1.0
1.0
1.0
1.0
1.0
1.0
1.0
1.0
1.0
1.0
1.0
1.0
1.0
1.0
1.0
1.0
1.0
1.0
1.0
1.0
1.0
1.0
1.0
1.0
1.0
1.0
1.0
1.0
1.0
1.0
1.0
1.0
1.0
1.0
1.0
1.0
1.0
1.0
1.0
1.0
1.0
1.0
1.0
1.0
1.0
1.0
1.0
1.0
1.0
1.0
1.0
1.0
1.0
1.0
1.0
1.0
1.0
1.0
1.0
1.0
1.0
1.0
1.0
1.0
1.0
1.0
1.0
1.0
1.0
1.0
1.0
1.0
1.0
1.0
1.0
1.0
1.0
1.0
1.0
1.0
1.0
1.0
1.0
1.0
1.0
1.0
1.0
1.0
1.0
1.0
1.0
1.0
1.0
1.0
1.0
1.0
1.0
1.0
1.0
1.0
1.0
1.0
1.0
1.0
1.0
1.0
1.0
1.0
1.0
1.0
1.0
1.0
1.0
1.0
1.0
1.0
1.0
1.0
1.0
1.0
1.0
1.0
1.0
1.0
0.8666666666666667
0.8696969696969697
0.8727272727272727
0.8757575757575757
0.8787878787878788
0.8818181818181818
0.8848484848484849
0.8878787878787879
0.8909090909090909
0.8939393939393939
0.896969696969697
0.8972809667673716
0.9003021148036254
0.9033232628398792
0.9063444108761329
0.9093655589123867
0.9123867069486404
0.9154078549848943
0.918429003021148
0.9214501510574018
0.9244712990936556
0.9274924471299094
0.9305135951661632
0.9335347432024169
0.9365558912386707
0.9395770392749244
0.9425981873111783
0.945619335347432
0.9486404833836858
0.9516616314199395
0.9546827794561934
0.9548192771084337
0.954954954954955
0.9550898203592815
0.9552238805970149
0.9553571428571429
0.9554896142433235
0.9556213017751479
0.9557522123893806
0.9587020648967551
0.9588235294117647
0.9589442815249267
0.9590643274853801
0.9619883040935673
0.9649122807017544
0.9678362573099415
0.8713910761154856
0.8740157480314961
0.8766404199475065
0.8792650918635171
0.8818897637795275
0.884514435695538
0.8871391076115486
0.889763779527559
0.8923884514435696
0.89501312335958
0.8976377952755905
0.9002624671916011
0.9028871391076115
0.905511811023622
0.9081364829396326
0.910761154855643
0.9133858267716536
0.916010498687664
0.9186351706036745
0.9212598425196851
0.9238845144356955
0.926509186351706
0.921875
0.9244791666666666
0.9270833333333334
0.8341121495327103
0.8364485981308412
0.8387850467289719
0.8411214953271028
0.8434579439252337
0.8457943925233645
0.8481308411214953
0.8504672897196262
0.852803738317757
0.8551401869158879
0.8574766355140186
0.8598130841121495
0.8621495327102804
0.8644859813084113
0.866822429906542
0.8691588785046729
0.8714953271028038
0.8738317757009346
0.8761682242990654
0.8785046728971962
0.8808411214953271
0.883177570093458
0.8855140186915887
0.8878504672897196
0.8901869158878505
0.8925233644859814
0.888631090487239
0.8909512761020881
0.8932714617169374
0.8955916473317865
0.8979118329466357
0.9002320185614849
0.9025522041763341
0.9048723897911833
0.9071925754060325
0.9095127610208816
0.9118329466357309
0.91415313225058
0.9164733178654292
0.9187935034802784
1.0
1.0
1.0
1.0
1.0
1.0
1.0
1.0
1.0
1.0
1.0
1.0
0.8125
0.8235294117647058
0.8333333333333334
0.8421052631578947
0.85
0.8571428571428571
0.8636363636363636
0.8695652173913043
0.875
0.88
0.8846153846153846
0.8888888888888888
0.8928571428571429
0.896551724137931
0.9
0.9032258064516129
0.90625
0.9090909090909091
0.9117647058823529
0.9142857142857143
0.9166666666666666
0.918918918918919
0.9210526315789473
0.9230769230769231
0.925
0.926829268292683
0.9285714285714286
0.9302325581395349
0.9318181818181818
0.9333333333333333
0.9347826086956522
0.9361702127659575
0.9375
0.9387755102040817
0.94
0.9411764705882353
0.9423076923076923
0.9433962264150944
0.9444444444444444
0.9454545454545454
0.9464285714285714
0.9473684210526315
0.9482758620689655
0.9491525423728814
0.95
0.9508196721311475
0.9516129032258065
0.9523809523809523
0.953125
0.9538461538461539
0.9545454545454546
0.9552238805970149
0.9558823529411765
0.9565217391304348
0.9571428571428572
0.9577464788732394
0.9583333333333334
0.958904109589041
0.9594594594594594
0.96
0.9605263157894737
0.961038961038961
0.9615384615384616
0.9620253164556962
0.9625
0.9629629629629629
0.9634146341463414
0.963855421686747
0.9642857142857143
0.9647058823529412
0.9651162790697675
0.9655172413793104
0.9659090909090909
0.9662921348314607
0.9666666666666667
0.967032967032967
0.967391304347826
0.967741935483871
0.9680851063829787
0.968421052631579
0.96875
0.9690721649484536
0.9693877551020408
0.9696969696969697
0.97
0.9702970297029703
0.9705882352941176
0.970873786407767
0.9711538461538461
0.9714285714285714
0.9716981132075472
0.9719626168224299
0.9722222222222222
0.9724770642201835
0.9727272727272728
0.9818181818181818
0.990909090909091
1.0
1.0
1.0
1.0
1.0
1.0
1.0
1.0
1.0
1.0
1.0
1.0
1.0
1.0
1.0
1.0
1.0
1.0
1.0
1.0
1.0
1.0
1.0
1.0
1.0
1.0
1.0
1.0
1.0
1.0
1.0
1.0
1.0
1.0
1.0
1.0
1.0
1.0
1.0
1.0
1.0
1.0
1.0
1.0
1.0
1.0
1.0
1.0
1.0
1.0
1.0
1.0
1.0
1.0
1.0
1.0
1.0
1.0
1.0
1.0
1.0
1.0
1.0
1.0
1.0
1.0
1.0
1.0
1.0
1.0
1.0
1.0
1.0
1.0
1.0
1.0
1.0
1.0
1.0
1.0
1.0
1.0
1.0
1.0
1.0
1.0
1.0
1.0
1.0
1.0
1.0
1.0
1.0
1.0
1.0
1.0
1.0
1.0
1.0
1.0
1.0
1.0
1.0
1.0
1.0
1.0
1.0
1.0
1.0
1.0
1.0
1.0
1.0
1.0
1.0
1.0
1.0
1.0
1.0
1.0
1.0
1.0
1.0
1.0
1.0
1.0
1.0
1.0
1.0
1.0
1.0
1.0
1.0
1.0
1.0
1.0
1.0
1.0
1.0
1.0
1.0
1.0
1.0
1.0
1.0
1.0
1.0
1.0
1.0
1.0
1.0
1.0
1.0
1.0
1.0
1.0
1.0
1.0
1.0
1.0
1.0
1.0
1.0
1.0
1.0
1.0
1.0
1.0
1.0
1.0
1.0
1.0
1.0
1.0
1.0
1.0
0.8486646884272997
0.8516320474777448
0.8545994065281899
0.857566765578635
0.8605341246290801
0.8635014836795252
0.8664688427299704
0.8694362017804155
0.8724035608308606
0.8753709198813057
0.8783382789317508
0.8813056379821959
0.884272997032641
0.887240356083086
0.8902077151335311
0.8931750741839762
0.8961424332344213
0.8991097922848664
0.9020771513353115
0.9050445103857567
0.9080118694362018
0.9109792284866469
0.9112426035502958
0.9142011834319527
0.9171597633136095
0.9201183431952663
0.9230769230769231
0.9260355029585798
0.9289940828402367
0.9319526627218935
0.9349112426035503
0.8453333333333334
0.848
0.8506666666666667
0.8533333333333334
0.856
0.8586666666666667
0.8613333333333333
0.864
0.8666666666666667
0.8693333333333333
0.872
0.8746666666666667
0.8773333333333333
0.88
0.8826666666666667
0.8853333333333333
0.888
0.8906666666666667
0.8933333333333333
0.896
0.8986666666666666
0.898936170212766
0.8992042440318302
0.8994708994708994
0.899736147757256
0.9
0.9002624671916011
0.900523560209424
0.9007832898172323
0.9033942558746736
0.9060052219321149
0.9086161879895561
0.9112271540469974
0.9138381201044387
0.9164490861618799
0.9190600522193212
0.9216710182767625
0.9242819843342036
0.9268929503916449
0.9295039164490861
0.9321148825065274
0.9347258485639687
0.9373368146214099
0.9399477806788512
0.9425587467362925
0.9451697127937336
0.9477806788511749
0.9479166666666666
0.948051948051948
0.9506493506493506
0.9532467532467532
0.9558441558441558
0.9559585492227979
0.9585492227979274
0.961139896373057
0.9637305699481865
0.8776470588235294
0.88
0.8823529411764706
0.8847058823529412
0.8870588235294118
0.8894117647058823
0.8917647058823529
0.8941176470588236
0.8964705882352941
0.8988235294117647
0.9011764705882352
0.9035294117647059
0.9058823529411765
0.908235294117647
0.9105882352941177
0.9129411764705883
0.9152941176470588
0.9176470588235294
0.92
0.9223529411764706
0.9247058823529412
0.9270588235294117
0.9228971962616822
0.9252336448598131
0.927570093457944
0.9234338747099768
0.925754060324826
0.9280742459396751
1.0
1.0
1.0
1.0
1.0
1.0
1.0
1.0
1.0
1.0
1.0
1.0
1.0
1.0
1.0
1.0
1.0
1.0
1.0
1.0
1.0
1.0
1.0
1.0
1.0
1.0
1.0
1.0
1.0
1.0
1.0
1.0
1.0
1.0
1.0
1.0
1.0
1.0
1.0
1.0
1.0
1.0
1.0
1.0
1.0
1.0
1.0
1.0
1.0
1.0
1.0
1.0
1.0
1.0
1.0
1.0
1.0
1.0
1.0
1.0
1.0
1.0
1.0
1.0
1.0
1.0
1.0
1.0
1.0
1.0
1.0
1.0
1.0
1.0
1.0
1.0
1.0
1.0
1.0
1.0
1.0
1.0
1.0
1.0
1.0
1.0
1.0
1.0
0.8125
0.8235294117647058
0.8333333333333334
0.8421052631578947
0.85
0.8571428571428571
0.8636363636363636
0.8695652173913043
0.875
0.88
0.8846153846153846
0.8888888888888888
0.8928571428571429
0.896551724137931
0.9
0.9032258064516129
0.90625
0.9090909090909091
0.9117647058823529
0.9142857142857143
0.9166666666666666
0.918918918918919
0.9210526315789473
0.9230769230769231
0.925
0.926829268292683
0.9285714285714286
0.9302325581395349
0.9318181818181818
0.9333333333333333
0.9347826086956522
0.9361702127659575
0.9375
0.9387755102040817
0.94
0.9411764705882353
0.9423076923076923
0.9433962264150944
0.9444444444444444
0.9454545454545454
0.9464285714285714
0.9473684210526315
0.9482758620689655
0.9491525423728814
0.95
0.9508196721311475
0.9516129032258065
0.9523809523809523
0.953125
0.9538461538461539
0.9545454545454546
0.9552238805970149
0.9558823529411765
0.9565217391304348
0.9571428571428572
0.9577464788732394
0.9583333333333334
0.958904109589041
0.9594594594594594
0.96
0.9605263157894737
0.961038961038961
0.9615384615384616
0.9620253164556962
0.9625
0.9629629629629629
0.9634146341463414
0.963855421686747
0.9642857142857143
0.9647058823529412
0.9651162790697675
0.9655172413793104
0.9659090909090909
0.9662921348314607
0.9666666666666667
0.967032967032967
0.967391304347826
0.967741935483871
0.9680851063829787
0.968421052631579
0.96875
0.9690721649484536
0.9693877551020408
0.9696969696969697
0.97
0.9702970297029703
0.9705882352941176
0.970873786407767
0.9711538461538461
0.9714285714285714
0.9716981132075472
0.9719626168224299
0.9722222222222222
0.9724770642201835
0.9727272727272728
0.9818181818181818
0.990909090909091
1.0
1.0
1.0
1.0
1.0
1.0
1.0
1.0
1.0
1.0
1.0
1.0
1.0
1.0
1.0
1.0
1.0
1.0
1.0
1.0
1.0
1.0
1.0
1.0
1.0
1.0
1.0
1.0
1.0
1.0
1.0
1.0
1.0
1.0
1.0
1.0
1.0
1.0
1.0
1.0
1.0
1.0
1.0
1.0
1.0
1.0
1.0
1.0
1.0
1.0
1.0
1.0
1.0
1.0
1.0
1.0
1.0
1.0
1.0
1.0
1.0
1.0
1.0
1.0
1.0
1.0
1.0
1.0
1.0
1.0
1.0
1.0
1.0
1.0
1.0
1.0
1.0
1.0
1.0
1.0
1.0
1.0
1.0
1.0
1.0
1.0
1.0
1.0
1.0
1.0
1.0
1.0
1.0
1.0
1.0
1.0
1.0
1.0
1.0
1.0
1.0
1.0
1.0
1.0
1.0
1.0
1.0
1.0
1.0
1.0
1.0
1.0
1.0
1.0
1.0
1.0
1.0
1.0
1.0
1.0
1.0
1.0
1.0
1.0
1.0
1.0
1.0
1.0
1.0
1.0
1.0
1.0
1.0
1.0
1.0
1.0
1.0
1.0
1.0
1.0
1.0
1.0
1.0
1.0
1.0
1.0
1.0
1.0
1.0
1.0
1.0
1.0
1.0
1.0
1.0
1.0
1.0
1.0
1.0
1.0
1.0
1.0
1.0
1.0
1.0
1.0
1.0
1.0
1.0
1.0
1.0
1.0
1.0
1.0
1.0
1.0
0.9629629629629629
0.9663299663299664
0.9696969696969697
0.9633333333333334
0.9666666666666667
0.97
0.8613569321533924
0.8643067846607669
0.8672566371681416
0.8702064896755162
0.8731563421828908
0.8761061946902655
0.8790560471976401
0.8820058997050148
0.8849557522123894
0.887905604719764
0.8908554572271387
0.8938053097345132
0.8967551622418879
0.8997050147492626
0.9026548672566371
0.9056047197640118
0.9085545722713865
0.911504424778761
0.9144542772861357
0.9174041297935103
0.9203539823008849
0.9233038348082596
0.8198433420365535
0.8224543080939948
0.825065274151436
0.8276762402088773
0.8302872062663186
0.8328981723237598
0.835509138381201
0.8381201044386423
0.8407310704960835
0.8433420365535248
0.8459530026109661
0.8485639686684073
0.8511749347258486
0.8537859007832899
0.856396866840731
0.8590078328981723
0.8616187989556136
0.8642297650130548
0.8668407310704961
0.8694516971279374
0.8720626631853786
0.8746736292428199
0.875
0.8776041666666666
0.8802083333333334
0.8828125
0.8854166666666666
0.8880208333333334
0.890625
0.8932291666666666
0.8958333333333334
0.8194774346793349
0.8218527315914489
0.8242280285035629
0.8266033254156769
0.828978622327791
0.831353919239905
0.833729216152019
0.836104513064133
0.838479809976247
0.8408551068883611
0.8432304038004751
0.8456057007125891
0.8479809976247031
0.850356294536817
0.8527315914489311
0.8551068883610451
0.8574821852731591
0.8598574821852731
0.8622327790973872
0.8646080760095012
0.8669833729216152
0.8672985781990521
0.8676122931442081
0.8679245283018868
0.8682352941176471
0.8685446009389671
0.8688524590163934
0.8691588785046729
0.8694638694638694
0.8717948717948718
0.8741258741258742
0.8764568764568764
0.8787878787878788
0.8811188811188811
0.8834498834498834
0.8857808857808858
0.8881118881118881
0.8904428904428905
0.8927738927738927
0.8951048951048951
0.8974358974358975
0.8997668997668997
0.9020979020979021
0.9044289044289044
0.9067599067599068
0.9090909090909091
0.9114219114219114
0.9116279069767442
0.9118329466357309
0.91415313225058
0.9164733178654292
0.9187935034802784
0.9189814814814815
0.9212962962962963
0.9236111111111112
0.9259259259259259
1.0
1.0
1.0
1.0
1.0
1.0
1.0
1.0
1.0
1.0
1.0
1.0
0.8125
0.8235294117647058
0.8333333333333334
0.8421052631578947
0.85
0.8571428571428571
0.8636363636363636
0.8695652173913043
0.875
0.88
0.8846153846153846
0.8888888888888888
0.8928571428571429
0.896551724137931
0.9
0.9032258064516129
0.90625
0.9090909090909091
0.9117647058823529
0.9142857142857143
0.9166666666666666
0.918918918918919
0.9210526315789473
0.9230769230769231
0.925
0.926829268292683
0.9285714285714286
0.9302325581395349
0.9318181818181818
0.9333333333333333
0.9347826086956522
0.9361702127659575
0.9375
0.9387755102040817
0.94
0.9411764705882353
0.9423076923076923
0.9433962264150944
0.9444444444444444
0.9454545454545454
0.9464285714285714
0.9473684210526315
0.9482758620689655
0.9491525423728814
0.95
0.9508196721311475
0.9516129032258065
0.9523809523809523
0.953125
0.9538461538461539
0.9545454545454546
0.9552238805970149
0.9558823529411765
0.9565217391304348
0.9571428571428572
0.9577464788732394
0.9583333333333334
0.958904109589041
0.9594594594594594
0.96
0.9605263157894737
0.961038961038961
0.9615384615384616
0.9620253164556962
0.9625
0.9629629629629629
0.9634146341463414
0.963855421686747
0.9642857142857143
0.9647058823529412
0.9651162790697675
0.9655172413793104
0.9659090909090909
0.9662921348314607
0.9666666666666667
0.967032967032967
0.967391304347826
0.967741935483871
0.9680851063829787
0.968421052631579
0.96875
0.9690721649484536
0.9693877551020408
0.9696969696969697
0.97
0.9702970297029703
0.9705882352941176
0.970873786407767
0.9711538461538461
0.9714285714285714
0.9716981132075472
0.9719626168224299
0.9722222222222222
0.9724770642201835
0.9727272727272728
0.9818181818181818
0.990909090909091
1.0
1.0
1.0
1.0
1.0
1.0
1.0
1.0
1.0
1.0
1.0
1.0
1.0
1.0
1.0
1.0
1.0
1.0
1.0
1.0
1.0
1.0
1.0
1.0
1.0
0.8125
0.8235294117647058
0.8333333333333334
0.8421052631578947
0.85
0.8571428571428571
0.8636363636363636
0.8695652173913043
0.875
0.88
0.8846153846153846
0.8888888888888888
0.8928571428571429
0.896551724137931
0.9
0.9032258064516129
0.90625
0.9090909090909091
0.9117647058823529
0.9142857142857143
0.9166666666666666
0.918918918918919
0.9210526315789473
0.9230769230769231
0.925
0.926829268292683
0.9285714285714286
0.9302325581395349
0.9318181818181818
0.9333333333333333
0.9347826086956522
0.9361702127659575
0.9375
0.9387755102040817
0.94
0.9411764705882353
0.9423076923076923
0.9433962264150944
0.9444444444444444
0.9454545454545454
0.9464285714285714
0.9473684210526315
0.9482758620689655
0.9491525423728814
0.95
0.9508196721311475
0.9516129032258065
0.9523809523809523
0.953125
0.9538461538461539
0.9545454545454546
0.9552238805970149
0.9558823529411765
0.9565217391304348
0.9571428571428572
0.9577464788732394
0.9583333333333334
0.958904109589041
0.9594594594594594
0.96
0.9605263157894737
0.961038961038961
0.9615384615384616
0.9620253164556962
0.9625
0.9629629629629629
0.9634146341463414
0.963855421686747
0.9642857142857143
0.9647058823529412
0.9651162790697675
0.9655172413793104
0.9659090909090909
0.9662921348314607
0.9666666666666667
0.967032967032967
0.967391304347826
0.967741935483871
0.9680851063829787
0.968421052631579
0.96875
0.9690721649484536
0.9693877551020408
0.9696969696969697
0.97
0.9702970297029703
0.9705882352941176
0.970873786407767
0.9711538461538461
0.9714285714285714
0.9716981132075472
0.9719626168224299
0.9722222222222222
0.9724770642201835
0.9727272727272728
0.9818181818181818
0.990909090909091
1.0
1.0
1.0
1.0
1.0
1.0
1.0
1.0
1.0
1.0
1.0
1.0
1.0
1.0
1.0
1.0
1.0
1.0
1.0
1.0
1.0
1.0
1.0
1.0
1.0
1.0
1.0
1.0
1.0
1.0
1.0
1.0
1.0
1.0
1.0
1.0
1.0
1.0
1.0
1.0
1.0
1.0
1.0
1.0
1.0
1.0
1.0
1.0
1.0
1.0
1.0
1.0
1.0
1.0
1.0
1.0
1.0
1.0
1.0
1.0
1.0
1.0
1.0
1.0
1.0
1.0
1.0
1.0
1.0
1.0
1.0
1.0
1.0
1.0
1.0
1.0
1.0
1.0
1.0
1.0
1.0
1.0
1.0
1.0
1.0
1.0
1.0
1.0
1.0
1.0
1.0
1.0
1.0
1.0
1.0
1.0
1.0
1.0
1.0
1.0
1.0
1.0
1.0
1.0
1.0
1.0
1.0
1.0
1.0
1.0
1.0
1.0
1.0
1.0
1.0
1.0
1.0
1.0
1.0
1.0
1.0
1.0
1.0
1.0
1.0
1.0
1.0
1.0
1.0
1.0
1.0
1.0
1.0
1.0
1.0
1.0
1.0
1.0
1.0
1.0
1.0
1.0
1.0
1.0
1.0
1.0
1.0
1.0
1.0
1.0
1.0
1.0
1.0
1.0
1.0
1.0
1.0
1.0
1.0
1.0
1.0
1.0
1.0
1.0
1.0
1.0
1.0
1.0
1.0
1.0
1.0
1.0
1.0
1.0
1.0
1.0
0.8666666666666667
0.8696969696969697
0.8727272727272727
0.8757575757575757
0.8787878787878788
0.8818181818181818
0.8848484848484849
0.8878787878787879
0.8909090909090909
0.8939393939393939
0.896969696969697
0.8972809667673716
0.9003021148036254
0.9033232628398792
0.9063444108761329
0.9093655589123867
0.9123867069486404
0.9154078549848943
0.918429003021148
0.9214501510574018
0.9244712990936556
0.9274924471299094
0.9305135951661632
0.9335347432024169
0.9365558912386707
0.9395770392749244
0.9425981873111783
0.945619335347432
0.9486404833836858
0.9516616314199395
0.9546827794561934
0.9548192771084337
0.954954954954955
0.9550898203592815
0.9552238805970149
0.9553571428571429
0.9554896142433235
0.9556213017751479
0.9557522123893806
0.9587020648967551
0.9616519174041298
0.9646017699115044
0.967551622418879
0.9619883040935673
0.9649122807017544
0.9678362573099415
0.8713910761154856
0.8740157480314961
0.8766404199475065
0.8792650918635171
0.8818897637795275
0.884514435695538
0.8871391076115486
0.889763779527559
0.8923884514435696
0.89501312335958
0.8976377952755905
0.9002624671916011
0.9028871391076115
0.905511811023622
0.9081364829396326
0.910761154855643
0.9133858267716536
0.916010498687664
0.9186351706036745
0.9212598425196851
0.9238845144356955
0.926509186351706
0.921875
0.9244791666666666
0.9270833333333334
0.8341121495327103
0.8364485981308412
0.8387850467289719
0.8411214953271028
0.8434579439252337
0.8457943925233645
0.8481308411214953
0.8504672897196262
0.852803738317757
0.8551401869158879
0.8574766355140186
0.8598130841121495
0.8621495327102804
0.8644859813084113
0.866822429906542
0.8691588785046729
0.8714953271028038
0.8738317757009346
0.8761682242990654
0.8785046728971962
0.8808411214953271
0.883177570093458
0.8855140186915887
0.8878504672897196
0.8901869158878505
0.8925233644859814
0.888631090487239
0.8909512761020881
0.8932714617169374
0.8955916473317865
0.8979118329466357
0.9002320185614849
0.9025522041763341
0.9048723897911833
0.9071925754060325
0.9095127610208816
0.9118329466357309
1.0
1.0
1.0
1.0
1.0
1.0
1.0
1.0
1.0
1.0
1.0
1.0
0.8125
0.8235294117647058
0.8333333333333334
0.8421052631578947
0.85
0.8571428571428571
0.8636363636363636
0.8695652173913043
0.875
0.88
0.8846153846153846
0.8888888888888888
0.8928571428571429
0.896551724137931
0.9
0.9032258064516129
0.90625
0.9090909090909091
0.9117647058823529
0.9142857142857143
0.9166666666666666
0.918918918918919
0.9210526315789473
0.9230769230769231
0.925
0.926829268292683
0.9285714285714286
0.9302325581395349
0.9318181818181818
0.9333333333333333
0.9347826086956522
0.9361702127659575
0.9375
0.9387755102040817
0.94
0.9411764705882353
0.9423076923076923
0.9433962264150944
0.9444444444444444
0.9454545454545454
0.9464285714285714
0.9473684210526315
0.9482758620689655
0.9491525423728814
0.95
0.9508196721311475
0.9516129032258065
0.9523809523809523
0.953125
0.9538461538461539
0.9545454545454546
0.9552238805970149
0.9558823529411765
0.9565217391304348
0.9571428571428572
0.9577464788732394
0.9583333333333334
0.958904109589041
0.9594594594594594
0.96
0.9605263157894737
0.961038961038961
0.9615384615384616
0.9620253164556962
0.9625
0.9629629629629629
0.9634146341463414
0.963855421686747
0.9642857142857143
0.9647058823529412
0.9651162790697675
0.9655172413793104
0.9659090909090909
0.9662921348314607
0.9666666666666667
0.967032967032967
0.967391304347826
0.967741935483871
0.9680851063829787
0.968421052631579
0.96875
0.9690721649484536
0.9693877551020408
0.9696969696969697
0.97
0.9702970297029703
0.9705882352941176
0.970873786407767
0.9711538461538461
0.9714285714285714
0.9716981132075472
0.9719626168224299
0.9722222222222222
0.9724770642201835
0.9727272727272728
0.9818181818181818
0.990909090909091
1.0
1.0
1.0
1.0
1.0
1.0
1.0
1.0
1.0
1.0
1.0
1.0
1.0
1.0
1.0
1.0
1.0
1.0
1.0
1.0
1.0
1.0
1.0
1.0
1.0
1.0
1.0
1.0
1.0
1.0
1.0
1.0
1.0
1.0
1.0
1.0
1.0
1.0
1.0
1.0
1.0
1.0
1.0
1.0
1.0
1.0
1.0
1.0
1.0
1.0
1.0
1.0
1.0
1.0
1.0
1.0
1.0
1.0
1.0
1.0
1.0
1.0
1.0
1.0
1.0
1.0
1.0
1.0
1.0
1.0
1.0
1.0
1.0
1.0
1.0
1.0
1.0
1.0
1.0
1.0
1.0
1.0
1.0
1.0
1.0
1.0
1.0
1.0
1.0
1.0
1.0
1.0
1.0
1.0
1.0
1.0
1.0
1.0
1.0
1.0
1.0
1.0
1.0
1.0
1.0
1.0
1.0
1.0
1.0
1.0
1.0
1.0
1.0
1.0
1.0
1.0
1.0
1.0
1.0
1.0
1.0
1.0
1.0
1.0
1.0
1.0
1.0
1.0
1.0
1.0
1.0
1.0
1.0
1.0
1.0
1.0
1.0
1.0
1.0
1.0
1.0
1.0
1.0
1.0
1.0
1.0
1.0
1.0
1.0
1.0
1.0
1.0
1.0
1.0
1.0
1.0
1.0
1.0
1.0
1.0
1.0
1.0
1.0
1.0
1.0
1.0
1.0
1.0
1.0
1.0
1.0
1.0
1.0
1.0
1.0
1.0
0.9407894736842105
0.944078947368421
0.9473684210526315
0.9506578947368421
0.9539473684210527
0.9572368421052632
0.9605263157894737
0.9638157894736842
0.8571428571428571
0.8600583090379009
0.8629737609329446
0.8658892128279884
0.8688046647230321
0.8717201166180758
0.8746355685131195
0.8775510204081632
0.880466472303207
0.8833819241982507
0.8862973760932945
0.8892128279883382
0.892128279883382
0.8950437317784257
0.8979591836734694
0.9008746355685131
0.9037900874635568
0.9067055393586005
0.9096209912536443
0.9125364431486881
0.9154518950437318
0.9183673469387755
0.8165374677002584
0.8191214470284238
0.8217054263565892
0.8242894056847545
0.8268733850129198
0.8294573643410853
0.8320413436692506
0.834625322997416
0.8372093023255814
0.8397932816537468
0.8423772609819121
0.8449612403100775
0.8475452196382429
0.8501291989664083
0.8527131782945736
0.8552971576227391
0.8578811369509044
0.8604651162790697
0.8630490956072352
0.8656330749354005
0.8682170542635659
0.8708010335917312
0.8711340206185567
0.8737113402061856
0.8762886597938144
0.8788659793814433
0.8814432989690721
0.884020618556701
0.8865979381443299
0.8891752577319587
0.8917525773195877
0.8164705882352942
0.8188235294117647
0.8211764705882353
0.8235294117647058
0.8258823529411765
0.8282352941176471
0.8305882352941176
0.8329411764705882
0.8352941176470589
0.8376470588235294
0.84
0.8423529411764706
0.8447058823529412
0.8470588235294118
0.8494117647058823
0.851764705882353
0.8541176470588235
0.8564705882352941
0.8588235294117647
0.8611764705882353
0.8635294117647059
0.8658823529411764
0.8682352941176471
0.8705882352941177
0.8729411764705882
0.8752941176470588
0.8776470588235294
0.88
0.8823529411764706
0.8847058823529412
0.8870588235294118
0.8894117647058823
0.8917647058823529
0.8941176470588236
0.8964705882352941
0.8988235294117647
0.9011764705882352
0.9035294117647059
0.9058823529411765
0.908235294117647
0.9105882352941177
0.9129411764705883
0.9152941176470588
0.9176470588235294
0.92
0.9158878504672897
0.9182242990654206
0.9205607476635514
0.9164733178654292
0.9187935034802784
0.9211136890951276
