1.0
1.0
1.0
1.0
1.0
1.0
1.0
0.3076923076923077
0.3333333333333333
0.35714285714285715
0.3793103448275862
0.2926829268292683
0.30952380952380953
1.0
1.0
1.0
1.0
1.0
1.0
1.0
0.3076923076923077
0.3333333333333333
0.35714285714285715
0.3793103448275862
0.2926829268292683
0.30952380952380953
1.0
1.0
1.0
1.0
1.0
1.0
1.0
1.0
1.0
1.0
1.0
1.0
1.0
1.0
1.0
1.0
1.0
1.0
1.0
1.0
0.3076923076923077
0.3333333333333333
0.35714285714285715
0.3793103448275862
0.2926829268292683
0.30952380952380953
1.0
1.0
1.0
1.0
1.0
1.0
1.0
0.3076923076923077
0.3333333333333333
0.35714285714285715
0.3793103448275862
0.2926829268292683
0.30952380952380953
1.0
1.0
1.0
1.0
1.0
1.0
1.0
0.3076923076923077
0.3333333333333333
0.35714285714285715
0.3793103448275862
0.2926829268292683
0.30952380952380953
1.0
1.0
1.0
1.0
1.0
1.0
1.0
0.3076923076923077
0.3333333333333333
0.35714285714285715
0.3793103448275862
0.2926829268292683
0.30952380952380953
