1.0
1.0
1.0
1.0
1.0
1.0
1.0
1.0
1.0
1.0
1.0
1.0
1.0
1.0
1.0
1.0
1.0
1.0
1.0
1.0
1.0
1.0
1.0
1.0
1.0
1.0
1.0
1.0
1.0
1.0
1.0
1.0
1.0
1.0
1.0
1.0
1.0
0.6785714285714286
0.6842105263157895
0.6896551724137931
0.6949152542372882
0.7
0.7049180327868853
0.7096774193548387
0.7142857142857143
0.71875
0.7230769230769231
0.7272727272727273
0.7313432835820896
0.7352941176470589
0.7391304347826086
0.7428571428571429
0.7464788732394366
0.75
0.7534246575342466
0.7567567567567568
0.76
0.7631578947368421
0.7662337662337663
0.7692307692307693
0.7721518987341772
0.775
0.7777777777777778
0.7804878048780488
0.7831325301204819
0.7857142857142857
0.788235294117647
0.7906976744186046
0.7931034482758621
0.7954545454545454
0.797752808988764
0.8
0.8021978021978022
0.8043478260869565
0.8064516129032258
0.8085106382978723
0.8105263157894737
0.8125
0.8144329896907216
0.8163265306122449
0.8181818181818182
0.82
0.8217821782178217
0.8235294117647058
0.8252427184466019
0.8269230769230769
0.8285714285714286
0.8301886792452831
0.8317757009345794
0.8333333333333334
0.8425925925925926
0.8518518518518519
0.8611111111111112
0.8623853211009175
0.8636363636363636
0.8648648648648649
0.8660714285714286
0.8672566371681416
0.868421052631579
0.8695652173913043
0.8706896551724138
0.8717948717948718
0.8728813559322034
0.8739495798319328
0.8823529411764706
0.8907563025210085
0.8991596638655462
0.907563025210084
0.9083333333333333
0.9090909090909091
0.9098360655737705
0.9105691056910569
0.9112903225806451
0.912
0.9126984126984127
0.9133858267716536
0.9140625
0.9147286821705426
0.9153846153846154
0.916030534351145
0.9166666666666666
0.9172932330827067
0.917910447761194
0.9185185185185185
0.9191176470588235
0.9197080291970803
1.0
1.0
1.0
1.0
1.0
1.0
1.0
1.0
1.0
1.0
1.0
1.0
1.0
1.0
1.0
1.0
1.0
1.0
1.0
1.0
1.0
1.0
1.0
1.0
1.0
1.0
1.0
1.0
1.0
1.0
1.0
1.0
1.0
1.0
1.0
1.0
1.0
0.6785714285714286
0.6842105263157895
0.6896551724137931
0.6949152542372882
0.7
0.7049180327868853
0.7096774193548387
0.7142857142857143
0.71875
0.7230769230769231
0.7272727272727273
0.7313432835820896
0.7352941176470589
0.7391304347826086
0.7428571428571429
0.7464788732394366
0.75
0.7534246575342466
0.7567567567567568
0.76
0.7631578947368421
0.7662337662337663
0.7692307692307693
0.7721518987341772
0.775
0.7777777777777778
0.7804878048780488
0.7831325301204819
0.7857142857142857
0.788235294117647
0.7906976744186046
0.7931034482758621
0.7954545454545454
0.797752808988764
0.8
0.8021978021978022
0.8043478260869565
0.8064516129032258
0.8085106382978723
0.8105263157894737
0.8125
0.8144329896907216
0.8163265306122449
0.8181818181818182
0.82
0.8217821782178217
0.8235294117647058
0.8252427184466019
0.8269230769230769
0.8285714285714286
0.8301886792452831
0.8317757009345794
0.8333333333333334
0.8425925925925926
0.8518518518518519
0.8611111111111112
0.8623853211009175
0.8636363636363636
0.8648648648648649
0.8660714285714286
0.8672566371681416
0.868421052631579
0.8695652173913043
0.8706896551724138
0.8717948717948718
0.8728813559322034
0.8739495798319328
0.8823529411764706
0.8907563025210085
0.8991596638655462
0.907563025210084
0.9083333333333333
0.9090909090909091
0.9098360655737705
0.9105691056910569
0.9112903225806451
0.912
0.9126984126984127
0.9133858267716536
0.9140625
0.9147286821705426
0.9153846153846154
0.916030534351145
0.9166666666666666
0.9172932330827067
0.917910447761194
0.9185185185185185
0.9191176470588235
0.9197080291970803
1.0
1.0
1.0
1.0
1.0
1.0
1.0
1.0
1.0
1.0
1.0
1.0
1.0
1.0
1.0
1.0
1.0
1.0
1.0
1.0
1.0
1.0
1.0
1.0
1.0
1.0
1.0
1.0
1.0
1.0
1.0
1.0
1.0
1.0
1.0
1.0
1.0
1.0
1.0
1.0
1.0
1.0
1.0
1.0
1.0
1.0
1.0
1.0
1.0
1.0
1.0
1.0
1.0
1.0
1.0
1.0
1.0
1.0
1.0
1.0
1.0
1.0
1.0
1.0
1.0
1.0
1.0
1.0
1.0
1.0
1.0
1.0
1.0
1.0
1.0
1.0
1.0
1.0
1.0
1.0
1.0
1.0
1.0
1.0
1.0
1.0
1.0
1.0
1.0
1.0
1.0
1.0
1.0
1.0
1.0
1.0
1.0
1.0
1.0
1.0
1.0
1.0
1.0
1.0
1.0
1.0
1.0
1.0
1.0
1.0
1.0
1.0
1.0
1.0
1.0
1.0
1.0
1.0
1.0
1.0
1.0
1.0
1.0
1.0
1.0
1.0
1.0
1.0
1.0
1.0
1.0
1.0
1.0
1.0
1.0
1.0
1.0
1.0
1.0
1.0
1.0
1.0
1.0
1.0
1.0
1.0
1.0
1.0
1.0
1.0
1.0
1.0
1.0
1.0
1.0
1.0
1.0
1.0
1.0
1.0
1.0
1.0
1.0
0.6785714285714286
0.6842105263157895
0.6896551724137931
0.6949152542372882
0.7
0.7049180327868853
0.7096774193548387
0.7142857142857143
0.71875
0.7230769230769231
0.7272727272727273
0.7313432835820896
0.7352941176470589
0.7391304347826086
0.7428571428571429
0.7464788732394366
0.75
0.7534246575342466
0.7567567567567568
0.76
0.7631578947368421
0.7662337662337663
0.7692307692307693
0.7721518987341772
0.775
0.7777777777777778
0.7804878048780488
0.7831325301204819
0.7857142857142857
0.788235294117647
0.7906976744186046
0.7931034482758621
0.7954545454545454
0.797752808988764
0.8
0.8021978021978022
0.8043478260869565
0.8064516129032258
0.8085106382978723
0.8105263157894737
0.8125
0.8144329896907216
0.8163265306122449
0.8181818181818182
0.82
0.8217821782178217
0.8235294117647058
0.8252427184466019
0.8269230769230769
0.8285714285714286
0.8301886792452831
0.8317757009345794
0.8333333333333334
0.8425925925925926
0.8518518518518519
0.8611111111111112
0.8623853211009175
0.8636363636363636
0.8648648648648649
0.8660714285714286
0.8672566371681416
0.868421052631579
0.8695652173913043
0.8706896551724138
0.8717948717948718
0.8728813559322034
0.8739495798319328
0.8823529411764706
0.8907563025210085
0.8991596638655462
0.907563025210084
0.9083333333333333
0.9090909090909091
0.9098360655737705
0.9105691056910569
0.9112903225806451
0.912
0.9126984126984127
0.9133858267716536
0.9140625
0.9147286821705426
0.9153846153846154
0.916030534351145
0.9166666666666666
0.9172932330827067
0.917910447761194
0.9185185185185185
0.9191176470588235
0.9197080291970803
1.0
1.0
1.0
1.0
1.0
1.0
1.0
1.0
1.0
1.0
1.0
1.0
1.0
1.0
1.0
1.0
1.0
1.0
1.0
1.0
1.0
1.0
1.0
1.0
1.0
1.0
1.0
1.0
1.0
1.0
1.0
1.0
1.0
1.0
1.0
1.0
1.0
0.6785714285714286
0.6842105263157895
0.6896551724137931
0.6949152542372882
0.7
0.7049180327868853
0.7096774193548387
0.7142857142857143
0.71875
0.7230769230769231
0.7272727272727273
0.7313432835820896
0.7352941176470589
0.7391304347826086
0.7428571428571429
0.7464788732394366
0.75
0.7534246575342466
0.7567567567567568
0.76
0.7631578947368421
0.7662337662337663
0.7692307692307693
0.7721518987341772
0.775
0.7777777777777778
0.7804878048780488
0.7831325301204819
0.7857142857142857
0.788235294117647
0.7906976744186046
0.7931034482758621
0.7954545454545454
0.797752808988764
0.8
0.8021978021978022
0.8043478260869565
0.8064516129032258
0.8085106382978723
0.8105263157894737
0.8125
0.8144329896907216
0.8163265306122449
0.8181818181818182
0.82
0.8217821782178217
0.8235294117647058
0.8252427184466019
0.8269230769230769
0.8285714285714286
0.8301886792452831
0.8317757009345794
0.8333333333333334
0.8425925925925926
0.8518518518518519
0.8611111111111112
0.8623853211009175
0.8636363636363636
0.8648648648648649
0.8660714285714286
0.8672566371681416
0.868421052631579
0.8695652173913043
0.8706896551724138
0.8717948717948718
0.8728813559322034
0.8739495798319328
0.8823529411764706
0.8907563025210085
0.8991596638655462
0.907563025210084
0.9083333333333333
0.9090909090909091
0.9098360655737705
0.9105691056910569
0.9112903225806451
0.912
0.9126984126984127
0.9133858267716536
0.9140625
0.9147286821705426
0.9153846153846154
0.916030534351145
0.9166666666666666
0.9172932330827067
0.917910447761194
0.9185185185185185
0.9191176470588235
0.9197080291970803
1.0
1.0
1.0
1.0
1.0
1.0
1.0
1.0
1.0
1.0
1.0
1.0
1.0
1.0
1.0
1.0
1.0
1.0
1.0
1.0
1.0
1.0
1.0
1.0
1.0
1.0
1.0
1.0
1.0
1.0
1.0
1.0
1.0
1.0
1.0
1.0
1.0
0.6785714285714286
0.6842105263157895
0.6896551724137931
0.6949152542372882
0.7
0.7049180327868853
0.7096774193548387
0.7142857142857143
0.71875
0.7230769230769231
0.7272727272727273
0.7313432835820896
0.7352941176470589
0.7391304347826086
0.7428571428571429
0.7464788732394366
0.75
0.7534246575342466
0.7567567567567568
0.76
0.7631578947368421
0.7662337662337663
0.7692307692307693
0.7721518987341772
0.775
0.7777777777777778
0.7804878048780488
0.7831325301204819
0.7857142857142857
0.788235294117647
0.7906976744186046
0.7931034482758621
0.7954545454545454
0.797752808988764
0.8
0.8021978021978022
0.8043478260869565
0.8064516129032258
0.8085106382978723
0.8105263157894737
0.8125
0.8144329896907216
0.8163265306122449
0.8181818181818182
0.82
0.8217821782178217
0.8235294117647058
0.8252427184466019
0.8269230769230769
0.8285714285714286
0.8301886792452831
0.8317757009345794
0.8333333333333334
0.8425925925925926
0.8518518518518519
0.8611111111111112
0.8623853211009175
0.8636363636363636
0.8648648648648649
0.8660714285714286
0.8672566371681416
0.868421052631579
0.8695652173913043
0.8706896551724138
0.8717948717948718
0.8728813559322034
0.8739495798319328
0.8823529411764706
0.8907563025210085
0.8991596638655462
0.907563025210084
0.9083333333333333
0.9090909090909091
0.9098360655737705
0.9105691056910569
0.9112903225806451
0.912
0.9126984126984127
0.9133858267716536
0.9140625
0.9147286821705426
0.9153846153846154
0.916030534351145
0.9166666666666666
0.9172932330827067
0.917910447761194
0.9185185185185185
0.9191176470588235
0.9197080291970803
1.0
1.0
1.0
1.0
1.0
1.0
1.0
1.0
1.0
1.0
1.0
1.0
1.0
1.0
1.0
1.0
1.0
1.0
1.0
1.0
1.0
1.0
1.0
1.0
1.0
1.0
1.0
1.0
1.0
1.0
1.0
1.0
1.0
1.0
1.0
1.0
1.0
0.6785714285714286
0.6842105263157895
0.6896551724137931
0.6949152542372882
0.7
0.7049180327868853
0.7096774193548387
0.7142857142857143
0.71875
0.7230769230769231
0.7272727272727273
0.7313432835820896
0.7352941176470589
0.7391304347826086
0.7428571428571429
0.7464788732394366
0.75
0.7534246575342466
0.7567567567567568
0.76
0.7631578947368421
0.7662337662337663
0.7692307692307693
0.7721518987341772
0.775
0.7777777777777778
0.7804878048780488
0.7831325301204819
0.7857142857142857
0.788235294117647
0.7906976744186046
0.7931034482758621
0.7954545454545454
0.797752808988764
0.8
0.8021978021978022
0.8043478260869565
0.8064516129032258
0.8085106382978723
0.8105263157894737
0.8125
0.8144329896907216
0.8163265306122449
0.8181818181818182
0.82
0.8217821782178217
0.8235294117647058
0.8252427184466019
0.8269230769230769
0.8285714285714286
0.8301886792452831
0.8317757009345794
0.8333333333333334
0.8425925925925926
0.8518518518518519
0.8611111111111112
0.8623853211009175
0.8636363636363636
0.8648648648648649
0.8660714285714286
0.8672566371681416
0.868421052631579
0.8695652173913043
0.8706896551724138
0.8717948717948718
0.8728813559322034
0.8739495798319328
0.8823529411764706
0.8907563025210085
0.8991596638655462
0.907563025210084
0.9083333333333333
0.9090909090909091
0.9098360655737705
0.9105691056910569
0.9112903225806451
0.912
0.9126984126984127
0.9133858267716536
0.9140625
0.9147286821705426
0.9153846153846154
0.916030534351145
0.9166666666666666
0.9172932330827067
0.917910447761194
0.9185185185185185
0.9191176470588235
0.9197080291970803
