1.0
1.0
1.0
1.0
1.0
1.0
1.0
1.0
1.0
1.0
1.0
1.0
1.0
1.0
1.0
1.0
1.0
0.2
0.2111111111111111
0.2222222222222222
0.23333333333333334
0.24444444444444444
0.25555555555555554
0.26666666666666666
0.2777777777777778
0.28888888888888886
0.3
0.3111111111111111
0.32222222222222224
0.3333333333333333
0.34444444444444444
0.35555555555555557
0.36666666666666664
0.37777777777777777
0.3888888888888889
0.3956043956043956
0.40217391304347827
0.40860215053763443
0.4148936170212766
0.42105263157894735
0.4270833333333333
0.4329896907216495
0.44329896907216493
0.4536082474226804
0.4639175257731959
0.4742268041237113
0.4845360824742268
0.4948453608247423
0.5051546391752577
0.5154639175257731
0.5257731958762887
0.5360824742268041
0.5463917525773195
0.5567010309278351
0.5670103092783505
0.5773195876288659
0.5876288659793815
0.5979381443298969
0.6082474226804123
0.6185567010309279
0.6288659793814433
0.6391752577319587
0.6494845360824743
0.6597938144329897
0.6701030927835051
0.6804123711340206
0.6836734693877551
0.6938775510204082
0.7040816326530612
0.7142857142857143
0.7244897959183674
0.7346938775510204
0.7448979591836735
1.0
1.0
1.0
1.0
1.0
1.0
1.0
1.0
1.0
1.0
1.0
1.0
1.0
1.0
1.0
1.0
1.0
0.2
0.2111111111111111
0.2222222222222222
0.23333333333333334
0.24444444444444444
0.25555555555555554
0.26666666666666666
0.2777777777777778
0.28888888888888886
0.3
0.3111111111111111
0.32222222222222224
0.3333333333333333
0.34444444444444444
0.35555555555555557
0.36666666666666664
0.37777777777777777
0.3888888888888889
0.3956043956043956
0.40217391304347827
0.40860215053763443
0.4148936170212766
0.42105263157894735
0.4270833333333333
0.4329896907216495
0.44329896907216493
0.4536082474226804
0.4639175257731959
0.4742268041237113
0.4845360824742268
0.4948453608247423
0.5051546391752577
0.5154639175257731
0.5257731958762887
0.5360824742268041
0.5463917525773195
0.5567010309278351
0.5670103092783505
0.5773195876288659
0.5876288659793815
0.5979381443298969
0.6082474226804123
0.6185567010309279
0.6288659793814433
0.6391752577319587
0.6494845360824743
0.6597938144329897
0.6701030927835051
0.6804123711340206
0.6836734693877551
0.6938775510204082
0.7040816326530612
0.7142857142857143
0.7244897959183674
0.7346938775510204
0.7448979591836735
1.0
1.0
1.0
1.0
1.0
1.0
1.0
1.0
1.0
1.0
1.0
1.0
1.0
1.0
1.0
1.0
1.0
0.2
0.2111111111111111
0.2222222222222222
0.23333333333333334
0.24444444444444444
0.25555555555555554
0.26666666666666666
0.2777777777777778
0.28888888888888886
0.3
0.3111111111111111
0.31868131868131866
0.32608695652173914
0.3333333333333333
0.3404255319148936
0.3473684210526316
0.3541666666666667
0.36082474226804123
0.3711340206185567
0.38144329896907214
0.3917525773195876
0.4020618556701031
0.41237113402061853
0.422680412371134
0.4329896907216495
0.44329896907216493
0.4536082474226804
0.4639175257731959
0.46938775510204084
0.47959183673469385
0.4897959183673469
0.5
0.5102040816326531
0.5204081632653061
0.5306122448979592
0.5408163265306123
0.5510204081632653
0.5612244897959183
0.5714285714285714
0.5816326530612245
0.5918367346938775
0.6020408163265306
0.6122448979591837
0.6224489795918368
0.6326530612244898
0.6428571428571429
0.6530612244897959
0.6632653061224489
0.673469387755102
0.6836734693877551
0.6938775510204082
0.7040816326530612
0.7142857142857143
0.7244897959183674
0.7346938775510204
0.7448979591836735
1.0
1.0
1.0
1.0
1.0
1.0
1.0
1.0
1.0
1.0
1.0
1.0
1.0
1.0
1.0
1.0
1.0
0.2
0.2111111111111111
0.2222222222222222
0.23333333333333334
0.24444444444444444
0.25555555555555554
0.26666666666666666
0.2777777777777778
0.28888888888888886
0.3
0.3111111111111111
0.31868131868131866
0.32608695652173914
0.3333333333333333
0.3404255319148936
0.3473684210526316
0.3541666666666667
0.36082474226804123
0.3711340206185567
0.38144329896907214
0.3917525773195876
0.4020618556701031
0.41237113402061853
0.422680412371134
0.4329896907216495
0.44329896907216493
0.4536082474226804
0.4639175257731959
0.46938775510204084
0.47959183673469385
0.4897959183673469
0.5
0.5102040816326531
0.5204081632653061
0.5306122448979592
0.5408163265306123
0.5510204081632653
0.5612244897959183
0.5714285714285714
0.5816326530612245
0.5918367346938775
0.6020408163265306
0.6122448979591837
0.6224489795918368
0.6326530612244898
0.6428571428571429
0.6530612244897959
0.6632653061224489
0.673469387755102
0.6836734693877551
0.6938775510204082
0.7040816326530612
0.7142857142857143
0.7244897959183674
0.7346938775510204
0.7448979591836735
1.0
1.0
1.0
1.0
1.0
1.0
1.0
1.0
1.0
1.0
1.0
1.0
1.0
1.0
1.0
1.0
1.0
1.0
1.0
1.0
1.0
1.0
1.0
1.0
1.0
1.0
1.0
1.0
1.0
1.0
1.0
1.0
1.0
1.0
0.2
0.2111111111111111
0.2222222222222222
0.23333333333333334
0.24444444444444444
0.25555555555555554
0.26666666666666666
0.2777777777777778
0.28888888888888886
0.3
0.3111111111111111
0.32222222222222224
0.3333333333333333
0.34444444444444444
0.35555555555555557
0.36666666666666664
0.37777777777777777
0.3888888888888889
0.4
0.4111111111111111
0.4175824175824176
0.42391304347826086
0.43010752688172044
0.43617021276595747
0.4421052631578947
0.4479166666666667
0.4536082474226804
0.4639175257731959
0.4742268041237113
0.4845360824742268
0.4948453608247423
0.5051546391752577
0.5154639175257731
0.5204081632653061
0.5306122448979592
0.5408163265306123
0.5510204081632653
0.5612244897959183
0.5714285714285714
0.5816326530612245
0.5918367346938775
0.6020408163265306
0.6122448979591837
0.6224489795918368
0.6326530612244898
0.6428571428571429
0.6530612244897959
0.6632653061224489
0.673469387755102
0.6836734693877551
0.6938775510204082
0.7040816326530612
0.7142857142857143
0.7244897959183674
0.7346938775510204
0.7448979591836735
1.0
1.0
1.0
1.0
1.0
1.0
1.0
1.0
1.0
1.0
1.0
1.0
1.0
1.0
1.0
1.0
1.0
1.0
1.0
1.0
1.0
1.0
1.0
1.0
1.0
1.0
1.0
1.0
1.0
1.0
1.0
1.0
1.0
1.0
0.2
0.2111111111111111
0.2222222222222222
0.23333333333333334
0.24444444444444444
0.25555555555555554
0.26666666666666666
0.2777777777777778
0.28888888888888886
0.3
0.3111111111111111
0.32222222222222224
0.3333333333333333
0.34444444444444444
0.35555555555555557
0.36666666666666664
0.37777777777777777
0.3888888888888889
0.4
0.4111111111111111
0.4175824175824176
0.42391304347826086
0.43010752688172044
0.43617021276595747
0.4421052631578947
0.4479166666666667
0.4536082474226804
0.4639175257731959
0.4742268041237113
0.4845360824742268
0.4948453608247423
0.5051546391752577
0.5154639175257731
0.5204081632653061
0.5306122448979592
0.5408163265306123
0.5510204081632653
0.5612244897959183
0.5714285714285714
0.5816326530612245
0.5918367346938775
0.6020408163265306
0.6122448979591837
0.6224489795918368
0.6326530612244898
0.6428571428571429
0.6530612244897959
0.6632653061224489
0.673469387755102
0.6836734693877551
0.6938775510204082
0.7040816326530612
0.7142857142857143
0.7244897959183674
0.7346938775510204
0.7448979591836735
1.0
1.0
1.0
1.0
1.0
1.0
1.0
1.0
1.0
1.0
1.0
1.0
1.0
1.0
1.0
1.0
1.0
0.2
0.2111111111111111
0.21978021978021978
0.23076923076923078
0.24175824175824176
0.25274725274725274
0.26373626373626374
0.27472527472527475
0.2857142857142857
0.2967032967032967
0.3076923076923077
0.31868131868131866
0.32967032967032966
0.34065934065934067
0.3516483516483517
0.3626373626373626
0.37362637362637363
0.38461538461538464
0.3956043956043956
0.4065934065934066
0.4175824175824176
0.42391304347826086
0.43010752688172044
0.43617021276595747
0.4421052631578947
0.4479166666666667
0.4536082474226804
0.45918367346938777
0.46938775510204084
0.47959183673469385
0.4897959183673469
0.5
0.5102040816326531
0.5204081632653061
0.5306122448979592
0.5408163265306123
0.5510204081632653
0.5612244897959183
0.5714285714285714
0.5816326530612245
0.5918367346938775
0.6020408163265306
0.6122448979591837
0.6224489795918368
0.6326530612244898
0.6428571428571429
0.6530612244897959
0.6632653061224489
0.673469387755102
0.6836734693877551
0.6938775510204082
0.7040816326530612
0.7142857142857143
0.7244897959183674
0.7346938775510204
0.7448979591836735
1.0
1.0
1.0
1.0
1.0
1.0
1.0
1.0
1.0
1.0
1.0
1.0
1.0
1.0
1.0
1.0
1.0
0.2
0.2111111111111111
0.21978021978021978
0.23076923076923078
0.24175824175824176
0.25274725274725274
0.26373626373626374
0.27472527472527475
0.2857142857142857
0.2967032967032967
0.3076923076923077
0.31868131868131866
0.32967032967032966
0.34065934065934067
0.3516483516483517
0.3626373626373626
0.37362637362637363
0.38461538461538464
0.3956043956043956
0.4065934065934066
0.4175824175824176
0.42391304347826086
0.43010752688172044
0.43617021276595747
0.4421052631578947
0.4479166666666667
0.4536082474226804
0.45918367346938777
0.46938775510204084
0.47959183673469385
0.4897959183673469
0.5
0.5102040816326531
0.5204081632653061
0.5306122448979592
0.5408163265306123
0.5510204081632653
0.5612244897959183
0.5714285714285714
0.5816326530612245
0.5918367346938775
0.6020408163265306
0.6122448979591837
0.6224489795918368
0.6326530612244898
0.6428571428571429
0.6530612244897959
0.6632653061224489
0.673469387755102
0.6836734693877551
0.6938775510204082
0.7040816326530612
0.7142857142857143
0.7244897959183674
0.7346938775510204
0.7448979591836735
1.0
1.0
1.0
1.0
1.0
1.0
1.0
1.0
1.0
1.0
1.0
1.0
1.0
1.0
1.0
1.0
1.0
0.2
0.2111111111111111
0.2222222222222222
0.23333333333333334
0.24444444444444444
0.25555555555555554
0.26666666666666666
0.2777777777777778
0.28888888888888886
0.3
0.3076923076923077
0.31521739130434784
0.3225806451612903
0.32978723404255317
0.3368421052631579
0.34375
0.35051546391752575
0.36082474226804123
0.3711340206185567
0.38144329896907214
0.3917525773195876
0.4020618556701031
0.41237113402061853
0.422680412371134
0.4329896907216495
0.44329896907216493
0.4536082474226804
0.4639175257731959
0.4742268041237113
0.4845360824742268
0.4897959183673469
0.5
0.5102040816326531
0.5204081632653061
0.5306122448979592
0.5408163265306123
0.5510204081632653
0.5612244897959183
0.5714285714285714
0.5816326530612245
0.5918367346938775
0.6020408163265306
0.6122448979591837
0.6224489795918368
0.6326530612244898
0.6428571428571429
0.6530612244897959
0.6632653061224489
0.673469387755102
0.6836734693877551
0.6938775510204082
0.7040816326530612
0.7142857142857143
0.7244897959183674
0.7346938775510204
0.7448979591836735
1.0
1.0
1.0
1.0
1.0
1.0
1.0
1.0
1.0
1.0
1.0
1.0
1.0
1.0
1.0
1.0
1.0
0.2
0.2111111111111111
0.2222222222222222
0.23333333333333334
0.24444444444444444
0.25555555555555554
0.26666666666666666
0.2777777777777778
0.28888888888888886
0.3
0.3076923076923077
0.31521739130434784
0.3225806451612903
0.32978723404255317
0.3368421052631579
0.34375
0.35051546391752575
0.36082474226804123
0.3711340206185567
0.38144329896907214
0.3917525773195876
0.4020618556701031
0.41237113402061853
0.422680412371134
0.4329896907216495
0.44329896907216493
0.4536082474226804
0.4639175257731959
0.4742268041237113
0.4845360824742268
0.4897959183673469
0.5
0.5102040816326531
0.5204081632653061
0.5306122448979592
0.5408163265306123
0.5510204081632653
0.5612244897959183
0.5714285714285714
0.5816326530612245
0.5918367346938775
0.6020408163265306
0.6122448979591837
0.6224489795918368
0.6326530612244898
0.6428571428571429
0.6530612244897959
0.6632653061224489
0.673469387755102
0.6836734693877551
0.6938775510204082
0.7040816326530612
0.7142857142857143
0.7244897959183674
0.7346938775510204
0.7448979591836735
1.0
1.0
1.0
1.0
1.0
1.0
1.0
1.0
1.0
1.0
1.0
1.0
1.0
1.0
1.0
1.0
1.0
0.2
0.2111111111111111
0.2222222222222222
0.23333333333333334
0.24444444444444444
0.25555555555555554
0.26373626373626374
0.2717391304347826
0.27956989247311825
0.2872340425531915
0.29473684210526313
0.3020833333333333
0.30927835051546393
0.31958762886597936
0.32989690721649484
0.3402061855670103
0.35051546391752575
0.36082474226804123
0.3711340206185567
0.38144329896907214
0.3917525773195876
0.4020618556701031
0.41237113402061853
0.422680412371134
0.4329896907216495
0.44329896907216493
0.4536082474226804
0.4639175257731959
0.4742268041237113
0.4845360824742268
0.4948453608247423
0.5
0.5102040816326531
0.5204081632653061
0.5306122448979592
0.5408163265306123
0.5510204081632653
0.5612244897959183
0.5714285714285714
0.5816326530612245
0.5918367346938775
0.6020408163265306
0.6122448979591837
0.6224489795918368
0.6326530612244898
0.6428571428571429
0.6530612244897959
0.6632653061224489
0.673469387755102
0.6836734693877551
0.6938775510204082
0.7040816326530612
0.7142857142857143
0.7244897959183674
0.7346938775510204
0.7448979591836735
1.0
1.0
1.0
1.0
1.0
1.0
1.0
1.0
1.0
1.0
1.0
1.0
1.0
1.0
1.0
1.0
1.0
0.2
0.2111111111111111
0.2222222222222222
0.23333333333333334
0.24444444444444444
0.25555555555555554
0.26373626373626374
0.2717391304347826
0.27956989247311825
0.2872340425531915
0.29473684210526313
0.3020833333333333
0.30927835051546393
0.31958762886597936
0.32989690721649484
0.3402061855670103
0.35051546391752575
0.36082474226804123
0.3711340206185567
0.38144329896907214
0.3917525773195876
0.4020618556701031
0.41237113402061853
0.422680412371134
0.4329896907216495
0.44329896907216493
0.4536082474226804
0.4639175257731959
0.4742268041237113
0.4845360824742268
0.4948453608247423
0.5
0.5102040816326531
0.5204081632653061
0.5306122448979592
0.5408163265306123
0.5510204081632653
0.5612244897959183
0.5714285714285714
0.5816326530612245
0.5918367346938775
0.6020408163265306
0.6122448979591837
0.6224489795918368
0.6326530612244898
0.6428571428571429
0.6530612244897959
0.6632653061224489
0.673469387755102
0.6836734693877551
0.6938775510204082
0.7040816326530612
0.7142857142857143
0.7244897959183674
0.7346938775510204
0.7448979591836735
