1.0
1.0
1.0
1.0
1.0
1.0
1.0
1.0
1.0
1.0
1.0
1.0
1.0
1.0
1.0
1.0
1.0
1.0
1.0
1.0
1.0
1.0
1.0
1.0
1.0
1.0
1.0
1.0
1.0
1.0
1.0
1.0
1.0
1.0
1.0
1.0
1.0
1.0
1.0
1.0
1.0
1.0
1.0
1.0
1.0
1.0
1.0
1.0
1.0
1.0
1.0
1.0
1.0
1.0
1.0
1.0
1.0
1.0
1.0
1.0
1.0
1.0
1.0
0.8888888888888888
0.9027777777777778
0.9166666666666666
0.9305555555555556
0.9444444444444444
0.9583333333333334
0.9722222222222222
0.9861111111111112
1.0
1.0
0.961038961038961
0.974025974025974
0.987012987012987
1.0
0.9176470588235294
0.9294117647058824
0.9411764705882353
0.9529411764705882
0.9647058823529412
0.9651162790697675
0.9655172413793104
0.9659090909090909
0.9662921348314607
0.9666666666666667
0.967032967032967
0.967391304347826
0.967741935483871
0.9680851063829787
0.968421052631579
0.96875
0.9690721649484536
0.979381443298969
0.9896907216494846
1.0
0.98989898989899
0.99
0.9900990099009901
0.9901960784313726
0.9902912621359223
0.9903846153846154
0.9904761904761905
0.9905660377358491
0.9906542056074766
0.9907407407407407
0.9908256880733946
0.990909090909091
0.990990990990991
0.9910714285714286
0.9911504424778761
0.9912280701754386
0.991304347826087
0.9913793103448276
0.9914529914529915
0.9915254237288136
0.9915966386554622
0.9916666666666667
0.9917355371900827
0.9918032786885246
0.991869918699187
0.9919354838709677
0.992
1.0
0.8235294117647058
0.8300653594771242
0.8366013071895425
0.8431372549019608
0.8496732026143791
0.8562091503267973
0.8627450980392157
0.869281045751634
0.8758169934640523
0.8823529411764706
0.8888888888888888
0.8954248366013072
0.9019607843137255
0.9084967320261438
0.9150326797385621
0.9215686274509803
0.8987341772151899
0.9050632911392406
0.9113924050632911
0.9177215189873418
0.9240506329113924
0.9074074074074074
0.9135802469135802
0.9197530864197531
0.9259259259259259
0.9263803680981595
0.8994082840236687
0.9053254437869822
0.9112426035502958
0.9171597633136095
0.9230769230769231
0.9289940828402367
0.7939698492462312
0.7989949748743719
0.8040201005025126
0.8090452261306532
0.8140703517587939
0.8190954773869347
0.8241206030150754
0.8291457286432161
0.8341708542713567
0.8391959798994975
0.8442211055276382
0.8492462311557789
0.8542713567839196
0.8592964824120602
0.864321608040201
0.8693467336683417
0.8743718592964824
0.8793969849246231
0.88
0.8805970149253731
0.8811881188118812
0.8817733990147784
0.8866995073891626
0.8916256157635468
0.896551724137931
0.9014778325123153
0.9064039408866995
0.9113300492610837
0.916256157635468
0.9211822660098522
0.9261083743842364
0.9310344827586207
0.9359605911330049
0.9408866995073891
0.927536231884058
0.9323671497584541
0.9326923076923077
0.9330143540669856
0.9333333333333333
0.933649289099526
0.9339622641509434
0.9342723004694836
0.9345794392523364
0.9348837209302325
0.9351851851851852
0.9354838709677419
0.9357798165137615
0.9360730593607306
0.9363636363636364
0.9366515837104072
0.9369369369369369
0.9372197309417041
0.9375
0.9377777777777778
0.9380530973451328
0.9383259911894273
0.9385964912280702
0.9388646288209607
0.9391304347826087
0.9393939393939394
0.9396551724137931
0.9399141630901288
0.9401709401709402
0.9404255319148936
0.940677966101695
0.9409282700421941
0.9411764705882353
0.9414225941422594
0.9416666666666667
0.941908713692946
0.9421487603305785
0.9423868312757202
0.9426229508196722
0.9428571428571428
0.943089430894309
0.9357429718875502
0.9397590361445783
0.94
0.9402390438247012
0.9442231075697212
0.9333333333333333
0.9372549019607843
0.9411764705882353
0.9450980392156862
0.9453125
0.9455252918287937
0.9457364341085271
0.9459459459459459
0.9213483146067416
0.9250936329588015
0.9253731343283582
0.9291044776119403
0.9328358208955224
0.9365671641791045
0.9402985074626866
0.9440298507462687
0.9477611940298507
0.9306569343065694
0.9343065693430657
0.9379562043795621
0.9416058394160584
0.9452554744525548
0.948905109489051
0.9354838709677419
0.9390681003584229
0.942652329749104
0.946236559139785
0.9498207885304659
0.95
0.9501779359430605
0.950354609929078
0.950530035335689
0.9507042253521126
0.9508771929824561
0.951048951048951
0.9512195121951219
0.9133333333333333
0.9166666666666666
0.92
0.9233333333333333
0.9266666666666666
0.93
0.9333333333333333
0.9366666666666666
0.94
0.9433333333333334
0.9466666666666667
0.95
0.896551724137931
0.8996865203761756
0.9028213166144201
0.9059561128526645
0.9090909090909091
0.9122257053291536
0.9153605015673981
0.9184952978056427
0.9216300940438872
0.9247648902821317
0.9278996865203761
0.9310344827586207
0.9254658385093167
0.9285714285714286
0.9316770186335404
0.9290123456790124
0.9320987654320988
0.9126506024096386
0.9156626506024096
0.9186746987951807
0.9216867469879518
0.9246987951807228
0.8927536231884058
0.8956521739130435
0.8985507246376812
0.9014492753623189
0.9043478260869565
0.9072463768115943
0.9101449275362319
0.9130434782608695
0.9159420289855073
0.9188405797101449
0.9190751445086706
0.9193083573487032
0.9116809116809117
0.9145299145299145
0.9147727272727273
0.8636363636363636
0.8663101604278075
0.8689839572192514
0.8716577540106952
0.8743315508021391
0.8770053475935828
0.8796791443850267
0.8823529411764706
0.8850267379679144
0.8877005347593583
0.8903743315508021
0.893048128342246
0.8957219251336899
0.8983957219251337
0.9010695187165776
0.9037433155080213
0.9064171122994652
0.9090909090909091
0.9117647058823529
0.9144385026737968
0.9171122994652406
0.9197860962566845
1.0
1.0
1.0
1.0
1.0
1.0
1.0
1.0
1.0
1.0
1.0
1.0
1.0
1.0
1.0
1.0
1.0
1.0
1.0
1.0
1.0
1.0
1.0
1.0
1.0
1.0
1.0
1.0
1.0
1.0
1.0
1.0
1.0
1.0
1.0
1.0
1.0
1.0
1.0
1.0
1.0
1.0
1.0
1.0
1.0
1.0
1.0
1.0
1.0
1.0
1.0
1.0
1.0
1.0
1.0
1.0
1.0
1.0
1.0
1.0
1.0
1.0
1.0
0.8888888888888888
0.9027777777777778
0.9166666666666666
0.9305555555555556
0.9444444444444444
0.9583333333333334
0.9722222222222222
0.9861111111111112
1.0
0.9605263157894737
0.9736842105263158
0.9868421052631579
1.0
1.0
0.9512195121951219
0.9634146341463414
0.975609756097561
0.9878048780487805
1.0
0.9222222222222223
0.9333333333333333
0.9444444444444444
0.9555555555555556
0.9666666666666667
0.967032967032967
0.967391304347826
0.967741935483871
0.9680851063829787
0.968421052631579
0.96875
0.9690721649484536
0.9693877551020408
0.9696969696969697
0.97
0.9702970297029703
0.9705882352941176
0.9803921568627451
0.9901960784313726
1.0
0.9363636363636364
0.9454545454545454
0.9545454545454546
0.9636363636363636
0.9727272727272728
0.972972972972973
0.9732142857142857
0.9734513274336283
0.8671875
0.875
0.8828125
0.890625
0.8984375
0.90625
0.9140625
0.921875
0.9296875
0.9375
0.9453125
0.953125
0.9609375
0.96875
0.9765625
0.9264705882352942
0.9338235294117647
0.9411764705882353
0.9485294117647058
0.9558823529411765
0.9632352941176471
0.9705882352941176
0.9779411764705882
0.9781021897810219
0.9440559440559441
0.951048951048951
0.958041958041958
0.965034965034965
0.972027972027972
0.9790209790209791
0.9527027027027027
0.9594594594594594
0.9662162162162162
0.972972972972973
0.9797297297297297
0.9798657718120806
0.98
0.9801324503311258
0.9802631578947368
0.9803921568627451
0.9805194805194806
0.9806451612903225
0.9807692307692307
0.9625
0.96875
0.975
0.98125
0.9813664596273292
0.9636363636363636
0.9696969696969697
0.9757575757575757
0.9818181818181818
0.9644970414201184
0.9704142011834319
0.9763313609467456
0.9822485207100592
0.9709302325581395
0.9767441860465116
0.976878612716763
0.9770114942528736
0.9771428571428571
0.9828571428571429
0.8439024390243902
0.848780487804878
0.8536585365853658
0.8585365853658536
0.8634146341463415
0.8682926829268293
0.8731707317073171
0.8780487804878049
0.8829268292682927
0.8878048780487805
0.8926829268292683
0.8975609756097561
0.9024390243902439
0.9073170731707317
0.9121951219512195
0.9170731707317074
0.9219512195121952
0.926829268292683
0.9317073170731708
0.9365853658536586
0.9414634146341463
0.9463414634146341
0.9512195121951219
0.9560975609756097
0.9609756097560975
0.9658536585365853
0.9707317073170731
0.975609756097561
0.9804878048780488
0.9853658536585366
0.9311926605504587
0.9357798165137615
0.9403669724770642
0.944954128440367
0.9495412844036697
0.9541284403669725
0.9587155963302753
0.963302752293578
0.9678899082568807
0.9724770642201835
0.9770642201834863
0.981651376146789
0.9862385321100917
0.9818181818181818
0.9819004524886877
0.9819819819819819
0.9820627802690582
0.9821428571428571
0.9822222222222222
0.9823008849557522
0.9823788546255506
0.9824561403508771
0.982532751091703
0.9826086956521739
0.9826839826839827
0.9827586206896551
0.9828326180257511
0.9829059829059829
0.9829787234042553
0.9830508474576272
0.9831223628691983
0.9831932773109243
0.9873949579831933
0.9007633587786259
0.9045801526717557
0.9083969465648855
0.9122137404580153
0.916030534351145
0.9198473282442748
0.9236641221374046
0.9274809160305344
0.9312977099236641
0.9351145038167938
0.9389312977099237
0.9427480916030534
0.9465648854961832
0.950381679389313
0.9541984732824428
0.9580152671755725
0.9618320610687023
0.9656488549618321
0.9694656488549618
0.9732824427480916
0.9770992366412213
0.9809160305343512
0.9847328244274809
0.9885496183206107
0.9848484848484849
0.9886363636363636
0.9458483754512635
0.9494584837545126
0.9530685920577617
0.9566787003610109
0.9602888086642599
0.9638989169675091
0.9675090252707581
0.9711191335740073
0.9747292418772563
0.9783393501805054
0.8918032786885246
0.8950819672131147
0.898360655737705
0.9016393442622951
0.9049180327868852
0.9081967213114754
0.9114754098360656
0.9147540983606557
0.9180327868852459
0.921311475409836
0.9245901639344263
0.9278688524590164
0.9311475409836065
0.9344262295081968
0.9377049180327869
0.940983606557377
0.9411764705882353
0.9352750809061489
0.9385113268608414
0.9387096774193548
0.9389067524115756
0.9421221864951769
0.9333333333333333
0.9365079365079365
0.9278996865203761
0.9310344827586207
0.8816568047337278
0.8846153846153846
0.8875739644970414
0.8905325443786982
0.893491124260355
0.8964497041420119
0.8994082840236687
0.9023668639053254
0.9053254437869822
0.908284023668639
0.9112426035502958
0.9142011834319527
0.9144542772861357
0.9093567251461988
0.9122807017543859
0.9152046783625731
0.8626373626373627
0.8653846153846154
0.8681318681318682
0.8708791208791209
0.8736263736263736
0.8763736263736264
0.8791208791208791
0.8818681318681318
0.8846153846153846
0.8873626373626373
0.8901098901098901
0.8928571428571429
0.8956043956043956
0.8983516483516484
0.9010989010989011
0.9038461538461539
0.9065934065934066
0.9093406593406593
0.9120879120879121
0.9148351648351648
0.9175824175824175
0.9203296703296703
0.9032258064516129
0.9059139784946236
0.9061662198391421
0.9088471849865952
0.9115281501340483
0.9142091152815014
0.9168900804289544
0.9195710455764075
0.9222520107238605
0.9224598930481284
1.0
1.0
1.0
1.0
1.0
1.0
1.0
1.0
1.0
1.0
1.0
1.0
1.0
1.0
1.0
1.0
1.0
1.0
1.0
1.0
1.0
1.0
1.0
1.0
1.0
1.0
1.0
1.0
1.0
1.0
1.0
1.0
1.0
1.0
1.0
1.0
1.0
1.0
1.0
1.0
1.0
1.0
1.0
1.0
1.0
1.0
1.0
1.0
1.0
1.0
1.0
1.0
1.0
1.0
1.0
1.0
1.0
1.0
1.0
1.0
1.0
1.0
1.0
0.8205128205128205
0.8333333333333334
0.8461538461538461
0.8589743589743589
0.8717948717948718
0.8846153846153846
0.8974358974358975
0.9102564102564102
0.9230769230769231
0.9358974358974359
0.9487179487179487
0.9615384615384616
0.9743589743589743
0.9871794871794872
1.0
1.0
1.0
1.0
1.0
1.0
1.0
1.0
1.0
1.0
1.0
1.0
1.0
1.0
1.0
1.0
1.0
1.0
1.0
1.0
1.0
1.0
1.0
1.0
1.0
1.0
1.0
1.0
1.0
1.0
1.0
1.0
1.0
1.0
1.0
1.0
1.0
1.0
1.0
1.0
1.0
1.0
1.0
1.0
1.0
1.0
1.0
1.0
1.0
1.0
1.0
1.0
1.0
1.0
1.0
1.0
1.0
1.0
1.0
1.0
1.0
1.0
1.0
1.0
0.8888888888888888
0.9027777777777778
0.9166666666666666
0.9305555555555556
0.9444444444444444
0.9583333333333334
0.9722222222222222
0.9861111111111112
1.0
0.9605263157894737
0.9736842105263158
0.9868421052631579
1.0
1.0
0.8764044943820225
0.8876404494382022
0.898876404494382
0.9101123595505618
0.9213483146067416
0.9325842696629213
0.9438202247191011
0.9550561797752809
0.9662921348314607
0.9775280898876404
0.9887640449438202
1.0
0.9278350515463918
0.9381443298969072
0.9484536082474226
0.9587628865979382
0.9690721649484536
0.979381443298969
0.9896907216494846
1.0
0.8909090909090909
0.9
0.9090909090909091
0.9181818181818182
0.9272727272727272
0.9279279279279279
0.9285714285714286
0.9292035398230089
0.9380530973451328
0.9469026548672567
0.9557522123893806
0.9646017699115044
0.9734513274336283
0.9823008849557522
0.9911504424778761
0.9912280701754386
0.991304347826087
0.9913793103448276
0.9914529914529915
0.9915254237288136
0.9915966386554622
0.9916666666666667
0.9917355371900827
0.968
0.976
0.9761904761904762
0.9763779527559056
0.9765625
0.9767441860465116
0.9769230769230769
0.9770992366412213
0.9772727272727273
0.9774436090225563
0.9776119402985075
0.9777777777777777
0.9779411764705882
0.9781021897810219
0.9782608695652174
0.9784172661870504
0.9785714285714285
0.9787234042553191
0.9788732394366197
0.9790209790209791
0.9791666666666666
0.9793103448275862
0.9794520547945206
0.9795918367346939
0.9797297297297297
0.9798657718120806
0.98
0.9801324503311258
0.9802631578947368
0.9803921568627451
0.9805194805194806
0.9806451612903225
0.9807692307692307
0.9808917197452229
0.9810126582278481
0.9811320754716981
0.98125
0.9813664596273292
0.9814814814814815
0.9815950920245399
0.9817073170731707
0.9759036144578314
0.9819277108433735
0.9425287356321839
0.9482758620689655
0.9485714285714286
0.9542857142857143
0.96
0.9657142857142857
0.9714285714285714
0.9771428571428571
0.9828571428571429
0.9774011299435028
0.9830508474576272
0.9020618556701031
0.9072164948453608
0.9123711340206185
0.9175257731958762
0.9226804123711341
0.9278350515463918
0.9282051282051282
0.9285714285714286
0.9289340101522843
0.934010152284264
0.9390862944162437
0.9441624365482234
0.949238578680203
0.9543147208121827
0.9545454545454546
0.9547738693467337
0.955
0.9552238805970149
0.9554455445544554
0.9556650246305419
0.9558823529411765
0.9560975609756097
0.9609756097560975
0.9658536585365853
0.9707317073170731
0.975609756097561
0.9804878048780488
0.9853658536585366
0.9530516431924883
0.9577464788732394
0.9624413145539906
0.9671361502347418
0.971830985915493
0.9629629629629629
0.9675925925925926
0.9722222222222222
0.9678899082568807
0.9724770642201835
0.9681818181818181
0.9727272727272728
0.9598214285714286
0.9642857142857143
0.96875
0.9732142857142857
0.9605263157894737
0.9649122807017544
0.9692982456140351
0.9736842105263158
0.8643410852713178
0.8682170542635659
0.872093023255814
0.875968992248062
0.8798449612403101
0.8837209302325582
0.8875968992248062
0.8914728682170543
0.8953488372093024
0.8992248062015504
0.9031007751937985
0.9069767441860465
0.9108527131782945
0.9147286821705426
0.9186046511627907
0.9224806201550387
0.9263565891472868
0.9302325581395349
0.9305019305019305
0.9307692307692308
0.9310344827586207
0.9312977099236641
0.9351145038167938
0.9389312977099237
0.9427480916030534
0.9465648854961832
0.950381679389313
0.9541984732824428
0.9580152671755725
0.9618320610687023
0.9656488549618321
0.9694656488549618
0.9732824427480916
0.9770992366412213
0.9345454545454546
0.9381818181818182
0.9418181818181818
0.9454545454545454
0.9490909090909091
0.9527272727272728
0.9563636363636364
0.96
0.9636363636363636
0.9672727272727273
0.967391304347826
0.9084745762711864
0.911864406779661
0.9152542372881356
0.9186440677966101
0.9220338983050848
0.9254237288135593
0.9288135593220339
0.9322033898305084
0.9355932203389831
0.9389830508474576
0.9423728813559322
0.9457627118644067
0.9459459459459459
0.939799331103679
0.94
0.9401993355481728
0.9403973509933775
0.9405940594059405
0.9407894736842105
0.940983606557377
0.9442622950819672
0.9444444444444444
0.9446254071661238
0.9478827361563518
0.9329073482428115
0.9361022364217252
0.939297124600639
0.9424920127795527
0.9456869009584664
0.9488817891373802
0.873900293255132
0.8768328445747801
0.8797653958944281
0.8826979472140762
0.8856304985337243
0.8885630498533724
0.8914956011730205
0.8944281524926686
0.8973607038123167
0.9002932551319648
0.9032258064516129
0.906158357771261
0.9090909090909091
0.9120234604105572
0.9149560117302052
0.9178885630498533
0.9075144508670521
0.9104046242774566
0.9132947976878613
0.9161849710982659
0.9190751445086706
0.9193083573487032
0.8672086720867209
0.8699186991869918
0.8726287262872628
0.8753387533875339
0.8780487804878049
0.8807588075880759
0.8834688346883469
0.8861788617886179
0.8888888888888888
0.8915989159891599
0.8943089430894309
0.8970189701897019
0.8997289972899729
0.9024390243902439
0.9051490514905149
0.907859078590786
0.9105691056910569
0.9132791327913279
0.9159891598915989
0.9186991869918699
0.9214092140921409
0.924119241192412
0.9168900804289544
0.9195710455764075
0.9197860962566845
1.0
1.0
1.0
1.0
1.0
1.0
1.0
1.0
1.0
1.0
1.0
1.0
1.0
1.0
1.0
1.0
1.0
1.0
1.0
1.0
1.0
1.0
1.0
1.0
1.0
1.0
1.0
1.0
1.0
1.0
1.0
1.0
1.0
1.0
1.0
1.0
1.0
1.0
1.0
1.0
1.0
1.0
1.0
1.0
1.0
1.0
1.0
1.0
1.0
1.0
1.0
1.0
1.0
1.0
1.0
1.0
1.0
1.0
1.0
1.0
1.0
1.0
1.0
0.8888888888888888
0.9027777777777778
0.9166666666666666
0.9305555555555556
0.9444444444444444
0.9583333333333334
0.9722222222222222
0.9861111111111112
1.0
1.0
0.961038961038961
0.974025974025974
0.987012987012987
1.0
0.7289719626168224
0.7383177570093458
0.7476635514018691
0.7570093457943925
0.7663551401869159
0.7685185185185185
0.7706422018348624
0.7727272727272727
0.7747747747747747
0.7767857142857143
0.7787610619469026
0.7807017543859649
0.782608695652174
0.7844827586206896
0.7863247863247863
0.788135593220339
0.7899159663865546
0.7983193277310925
0.8067226890756303
0.8151260504201681
0.8235294117647058
0.8319327731092437
0.8403361344537815
0.8487394957983193
0.8571428571428571
0.865546218487395
0.8739495798319328
0.8823529411764706
0.8907563025210085
0.8991596638655462
0.9
0.9008264462809917
0.9016393442622951
0.9024390243902439
0.9032258064516129
0.904
0.9047619047619048
0.905511811023622
0.9133858267716536
0.9212598425196851
0.9291338582677166
0.937007874015748
0.9448818897637795
0.952755905511811
0.9606299212598425
0.968503937007874
0.9763779527559056
0.984251968503937
0.9921259842519685
1.0
0.847682119205298
0.8543046357615894
0.8609271523178808
0.8675496688741722
0.8741721854304636
0.8807947019867549
0.8874172185430463
0.8881578947368421
0.8888888888888888
0.8896103896103896
0.8903225806451613
0.8910256410256411
0.89171974522293
0.8924050632911392
0.8930817610062893
0.89937106918239
0.9056603773584906
0.9119496855345912
0.9182389937106918
0.9245283018867925
0.9308176100628931
0.9371069182389937
0.9433962264150944
0.949685534591195
0.9559748427672956
0.9622641509433962
0.9685534591194969
0.9748427672955975
0.9811320754716981
0.9874213836477987
0.9937106918238994
0.99375
0.9937888198757764
0.9938271604938271
0.9938650306748467
0.9939024390243902
0.9939393939393939
0.9939759036144579
0.9940119760479041
0.9940476190476191
0.9940828402366864
0.9941176470588236
0.9941520467836257
0.9941860465116279
0.9942196531791907
0.9942528735632183
1.0
0.9776536312849162
0.9832402234636871
0.9888268156424581
0.994413407821229
1.0
0.989010989010989
0.9945054945054945
1.0
0.9838709677419355
0.989247311827957
0.9946236559139785
1.0
0.8990384615384616
0.9038461538461539
0.9086538461538461
0.9134615384615384
0.9182692307692307
0.9230769230769231
0.9278846153846154
0.9326923076923077
0.9375
0.9423076923076923
0.9471153846153846
0.9519230769230769
0.9567307692307693
0.9615384615384616
0.9663461538461539
0.9711538461538461
0.9759615384615384
0.9807692307692307
0.9855769230769231
0.9903846153846154
0.9951923076923077
1.0
0.9457013574660633
0.9502262443438914
0.9547511312217195
0.9592760180995475
0.9638009049773756
0.9683257918552036
0.9728506787330317
0.9773755656108597
0.9819004524886877
0.9864253393665159
0.9909502262443439
0.995475113122172
0.9954954954954955
0.9955156950672646
0.9955357142857143
0.9955555555555555
0.995575221238938
0.9955947136563876
0.9956140350877193
0.9956331877729258
0.9913419913419913
0.9956709956709957
0.9665271966527197
0.9707112970711297
0.9748953974895398
0.9790794979079498
0.9832635983263598
0.9833333333333333
0.983402489626556
0.967479674796748
0.9715447154471545
0.975609756097561
0.9796747967479674
0.983739837398374
0.9798387096774194
0.9799196787148594
0.98
0.9800796812749004
0.9801587301587301
0.9802371541501976
0.9803149606299213
0.9803921568627451
0.98046875
0.980544747081712
0.9806201550387597
0.9806949806949807
0.9807692307692307
0.9808429118773946
0.9809160305343512
0.9809885931558935
0.9810606060606061
0.9811320754716981
0.981203007518797
0.9812734082397003
0.9813432835820896
0.9814126394052045
0.9814814814814815
0.981549815498155
0.985239852398524
0.9745454545454545
0.9781818181818182
0.9183673469387755
0.9217687074829932
0.9251700680272109
0.9285714285714286
0.9319727891156463
0.935374149659864
1.0
1.0
1.0
1.0
1.0
1.0
1.0
1.0
1.0
1.0
1.0
1.0
1.0
1.0
1.0
1.0
1.0
1.0
1.0
1.0
1.0
1.0
1.0
1.0
1.0
1.0
1.0
1.0
1.0
1.0
1.0
1.0
1.0
1.0
1.0
1.0
1.0
1.0
1.0
1.0
1.0
1.0
1.0
1.0
1.0
1.0
1.0
1.0
1.0
1.0
1.0
1.0
1.0
1.0
1.0
1.0
1.0
1.0
1.0
1.0
1.0
1.0
1.0
0.8888888888888888
0.9027777777777778
0.9166666666666666
0.9305555555555556
0.9444444444444444
0.9583333333333334
0.9722222222222222
0.9861111111111112
1.0
0.9605263157894737
0.9736842105263158
0.9868421052631579
1.0
1.0
0.9176470588235294
0.9294117647058824
0.9411764705882353
0.9529411764705882
0.9647058823529412
0.9651162790697675
0.9655172413793104
0.9659090909090909
0.9662921348314607
0.9666666666666667
0.967032967032967
0.967391304347826
0.967741935483871
0.9680851063829787
0.968421052631579
0.96875
0.9690721649484536
0.979381443298969
0.9896907216494846
1.0
0.98
0.99
1.0
0.9901960784313726
1.0
0.9809523809523809
0.9904761904761905
0.9905660377358491
0.9906542056074766
0.9907407407407407
0.9908256880733946
0.990909090909091
1.0
0.9736842105263158
0.9824561403508771
0.9826086956521739
0.9827586206896551
0.9829059829059829
0.9830508474576272
0.9831932773109243
0.9833333333333333
0.9834710743801653
0.9836065573770492
0.983739837398374
0.9838709677419355
0.984
0.9841269841269841
0.984251968503937
0.984375
0.9844961240310077
0.9846153846153847
0.9847328244274809
0.9848484848484849
0.9849624060150376
0.9850746268656716
0.9851851851851852
0.9852941176470589
0.9854014598540146
0.9855072463768116
0.9856115107913669
0.9857142857142858
0.9858156028368794
0.9859154929577465
0.986013986013986
0.9861111111111112
0.9862068965517241
0.9863013698630136
0.9863945578231292
0.9864864864864865
0.9865771812080537
0.9866666666666667
0.9867549668874173
0.9868421052631579
0.9869281045751634
0.9620253164556962
0.9683544303797469
0.9746835443037974
0.9810126582278481
0.9873417721518988
0.9457831325301205
0.9518072289156626
0.9520958083832335
0.9580838323353293
0.9640718562874252
0.9700598802395209
0.9760479041916168
0.9820359281437125
0.9880239520958084
0.9822485207100592
0.9881656804733728
0.9230769230769231
0.9285714285714286
0.9340659340659341
0.9395604395604396
0.945054945054945
0.9505494505494505
0.9560439560439561
0.9615384615384616
0.967032967032967
0.9725274725274725
0.978021978021978
0.9835164835164835
0.9836065573770492
0.9836956521739131
0.9837837837837838
0.9838709677419355
0.983957219251337
0.9840425531914894
0.9841269841269841
0.9842105263157894
0.9842931937172775
0.984375
0.8558558558558559
0.8603603603603603
0.8648648648648649
0.8693693693693694
0.8738738738738738
0.8783783783783784
0.8828828828828829
0.8873873873873874
0.8918918918918919
0.8963963963963963
0.9009009009009009
0.9054054054054054
0.9099099099099099
0.9144144144144144
0.918918918918919
0.9234234234234234
0.9279279279279279
0.9324324324324325
0.9327354260089686
0.9330357142857143
0.9333333333333333
0.9336283185840708
0.933920704845815
0.9342105263157895
0.9344978165938864
0.9347826086956522
0.9391304347826087
0.9434782608695652
0.9478260869565217
0.9521739130434783
0.9565217391304348
0.9608695652173913
0.9652173913043478
0.9695652173913043
0.9739130434782609
0.9782608695652174
0.9826086956521739
0.9869565217391304
0.9827586206896551
0.9870689655172413
0.9583333333333334
0.9625
0.9666666666666667
0.9708333333333333
0.975
0.9670781893004116
0.9711934156378601
0.9753086419753086
0.9296875
0.93359375
0.9375
0.94140625
0.9453125
0.94921875
0.953125
0.95703125
0.9609375
0.96484375
0.9612403100775194
0.9613899613899614
0.9615384615384616
0.9616858237547893
0.9618320610687023
0.9619771863117871
0.9621212121212122
0.9622641509433962
0.9624060150375939
0.9625468164794008
0.9626865671641791
0.9628252788104089
0.9629629629629629
0.9630996309963099
0.9632352941176471
0.9633699633699634
0.9635036496350365
0.9636363636363636
0.9672727272727273
0.960431654676259
0.9605734767025089
0.9607142857142857
0.9608540925266904
0.9609929078014184
0.9611307420494699
0.9612676056338029
0.9647887323943662
0.9683098591549296
0.9583333333333334
0.9618055555555556
0.896774193548387
0.9
0.9032258064516129
0.9064516129032258
0.9096774193548387
0.9129032258064517
0.9161290322580645
0.9193548387096774
0.9225806451612903
0.9258064516129032
0.9290322580645162
0.932258064516129
0.9354838709677419
0.9387096774193548
0.9419354838709677
0.9451612903225807
0.9483870967741935
0.9516129032258065
0.9548387096774194
0.9580645161290322
0.9612903225806452
0.964516129032258
0.9646302250803859
0.9525316455696202
0.9556962025316456
0.9588607594936709
0.9620253164556962
0.9651898734177216
0.9652996845425867
0.9136904761904762
0.9166666666666666
0.9196428571428571
0.9226190476190477
0.9255952380952381
0.9285714285714286
0.9315476190476191
0.9345238095238095
0.9375
0.9404761904761905
0.9434523809523809
0.9464285714285714
0.9327485380116959
0.935672514619883
0.9385964912280702
0.9415204678362573
0.9444444444444444
0.9473684210526315
0.9393063583815029
0.9421965317919075
0.9450867052023122
0.9479768786127167
0.8796791443850267
0.8823529411764706
0.8850267379679144
0.8877005347593583
0.8903743315508021
0.893048128342246
0.8957219251336899
0.8983957219251337
0.9010695187165776
0.9037433155080213
0.9064171122994652
0.9090909090909091
0.9117647058823529
0.9144385026737968
0.9171122994652406
0.9197860962566845
1.0
1.0
1.0
1.0
1.0
1.0
1.0
1.0
1.0
1.0
1.0
1.0
1.0
1.0
1.0
1.0
1.0
1.0
1.0
1.0
1.0
1.0
1.0
1.0
1.0
1.0
1.0
1.0
1.0
1.0
1.0
1.0
1.0
1.0
1.0
1.0
1.0
1.0
1.0
1.0
1.0
1.0
1.0
1.0
1.0
1.0
1.0
1.0
1.0
1.0
1.0
1.0
1.0
1.0
1.0
1.0
1.0
1.0
1.0
1.0
1.0
1.0
1.0
0.8888888888888888
0.9027777777777778
0.9166666666666666
0.9305555555555556
0.9444444444444444
0.9583333333333334
0.9722222222222222
0.9861111111111112
1.0
0.9605263157894737
0.9736842105263158
0.9868421052631579
1.0
1.0
1.0
0.9518072289156626
0.963855421686747
0.9759036144578314
0.9879518072289156
1.0
0.9230769230769231
0.9340659340659341
0.945054945054945
0.9560439560439561
0.967032967032967
0.967391304347826
0.967741935483871
0.9680851063829787
0.968421052631579
0.96875
0.9690721649484536
0.9693877551020408
0.9696969696969697
0.97
0.9702970297029703
0.9705882352941176
0.970873786407767
0.9805825242718447
0.9902912621359223
1.0
0.896551724137931
0.9051724137931034
0.9137931034482759
0.9224137931034483
0.9310344827586207
0.9396551724137931
0.9482758620689655
0.9568965517241379
0.9655172413793104
0.9741379310344828
0.957983193277311
0.9663865546218487
0.9747899159663865
0.9512195121951219
0.959349593495935
0.967479674796748
0.975609756097561
0.7908496732026143
0.7973856209150327
0.803921568627451
0.8104575163398693
0.8169934640522876
0.8235294117647058
0.8300653594771242
0.8366013071895425
0.8431372549019608
0.8496732026143791
0.8562091503267973
0.8627450980392157
0.869281045751634
0.8758169934640523
0.8823529411764706
0.8888888888888888
0.8954248366013072
0.9019607843137255
0.9025974025974026
0.9032258064516129
0.9038461538461539
0.9044585987261147
0.910828025477707
0.9171974522292994
0.9235668789808917
0.9299363057324841
0.9363057324840764
0.9426751592356688
0.9490445859872612
0.9554140127388535
0.9617834394904459
0.9681528662420382
0.9745222929936306
0.9808917197452229
0.9117647058823529
0.9176470588235294
0.9235294117647059
0.9294117647058824
0.9352941176470588
0.9411764705882353
0.9470588235294117
0.9529411764705882
0.9588235294117647
0.9647058823529412
0.9705882352941176
0.9764705882352941
0.9766081871345029
0.9767441860465116
0.976878612716763
0.9770114942528736
0.9771428571428571
0.9772727272727273
0.9774011299435028
0.9775280898876404
0.9408602150537635
0.946236559139785
0.9516129032258065
0.956989247311828
0.9623655913978495
0.967741935483871
0.9731182795698925
0.978494623655914
0.973404255319149
0.9787234042553191
0.9685863874345549
0.9738219895287958
0.9790575916230366
0.9791666666666666
0.945
0.95
0.955
0.96
0.965
0.9556650246305419
0.9605911330049262
0.9607843137254902
0.9609756097560975
0.9611650485436893
0.9660194174757282
0.9615384615384616
0.9663461538461539
0.9439252336448598
0.9485981308411215
0.9532710280373832
0.9579439252336449
0.9626168224299065
0.9672897196261683
0.9082969432314411
0.9126637554585153
0.9170305676855895
0.9213973799126638
0.925764192139738
0.9301310043668122
0.9344978165938864
0.9388646288209607
0.9432314410480349
0.9475982532751092
0.9519650655021834
0.9563318777292577
0.9606986899563319
0.9650655021834061
0.9694323144104804
0.9409282700421941
0.9451476793248945
0.9453781512605042
0.9495798319327731
0.9537815126050421
0.957983193277311
0.9621848739495799
0.9663865546218487
0.9705882352941176
0.9666666666666667
0.966804979253112
0.9669421487603306
0.9670781893004116
0.9672131147540983
0.9673469387755103
0.967479674796748
0.9676113360323887
0.967741935483871
0.9678714859437751
0.968
0.9681274900398407
0.9682539682539683
0.9683794466403162
0.968503937007874
0.9686274509803922
0.96875
0.9688715953307393
0.9689922480620154
0.9728682170542635
0.9
0.9035714285714286
0.9071428571428571
0.9107142857142857
0.9142857142857143
0.9178571428571428
0.9214285714285714
0.925
0.9285714285714286
0.9321428571428572
0.9357142857142857
0.9392857142857143
0.9428571428571428
0.9464285714285714
0.95
0.9535714285714286
0.9571428571428572
0.9607142857142857
0.9642857142857143
0.9678571428571429
0.9714285714285714
0.975
0.8896103896103896
0.8928571428571429
0.8961038961038961
0.8993506493506493
0.9025974025974026
0.9058441558441559
0.9090909090909091
0.9123376623376623
0.9155844155844156
0.9188311688311688
0.922077922077922
0.9253246753246753
0.9285714285714286
0.9318181818181818
0.935064935064935
0.9383116883116883
0.8868501529051988
0.8899082568807339
0.8929663608562691
0.8960244648318043
0.8990825688073395
0.9021406727828746
0.9051987767584098
0.908256880733945
0.9113149847094801
0.9143730886850153
0.9174311926605505
0.9204892966360856
0.8603988603988604
0.8632478632478633
0.8660968660968661
0.8689458689458689
0.8717948717948718
0.8746438746438746
0.8774928774928775
0.8803418803418803
0.8831908831908832
0.886039886039886
0.8888888888888888
0.8917378917378918
0.8945868945868946
0.8974358974358975
0.9002849002849003
0.9031339031339032
0.905982905982906
0.9088319088319088
0.9116809116809117
0.9145299145299145
0.9173789173789174
0.9202279202279202
0.9230769230769231
0.9259259259259259
0.9183098591549296
0.9211267605633803
0.9213483146067416
0.9215686274509803
0.9166666666666666
0.9194444444444444
0.9222222222222223
0.9123287671232877
0.915068493150685
0.9178082191780822
0.9205479452054794
0.9232876712328767
0.9234972677595629
0.9162162162162162
0.918918918918919
0.9216216216216216
0.9243243243243243
0.9171122994652406
0.9197860962566845
