1.0
1.0
1.0
1.0
1.0
1.0
1.0
1.0
1.0
1.0
1.0
1.0
1.0
1.0
1.0
1.0
1.0
1.0
1.0
1.0
1.0
1.0
1.0
1.0
1.0
1.0
1.0
1.0
1.0
0.9375
0.9393939393939394
0.9411764705882353
0.9428571428571428
0.9444444444444444
0.9459459459459459
0.9473684210526315
0.9487179487179487
0.95
0.9512195121951219
0.9523809523809523
0.9534883720930233
0.9545454545454546
0.9555555555555556
0.9166666666666666
0.9183673469387755
0.92
0.9215686274509803
0.9230769230769231
0.9245283018867925
0.9259259259259259
0.9272727272727272
0.9285714285714286
0.9298245614035088
0.9310344827586207
0.9322033898305084
0.9333333333333333
0.9344262295081968
0.9354838709677419
0.9365079365079365
0.9375
0.9384615384615385
0.9393939393939394
0.9402985074626866
0.9411764705882353
0.9420289855072463
0.9428571428571428
0.9436619718309859
0.9444444444444444
0.9452054794520548
0.9459459459459459
0.9466666666666667
0.9473684210526315
0.948051948051948
0.9487179487179487
0.9493670886075949
0.95
0.9506172839506173
0.9512195121951219
0.8144329896907216
0.8163265306122449
0.8181818181818182
0.82
0.8217821782178217
0.6086956521739131
0.6115107913669064
0.6142857142857143
0.6170212765957447
0.6197183098591549
0.6223776223776224
0.625
0.6275862068965518
0.6301369863013698
0.6326530612244898
0.6351351351351351
0.6375838926174496
0.64
0.6423841059602649
0.6447368421052632
0.6470588235294118
0.6493506493506493
0.6516129032258065
0.6496815286624203
0.6518987341772152
0.6540880503144654
0.65625
0.6583850931677019
0.6604938271604939
0.6625766871165644
0.6646341463414634
0.6666666666666666
0.6686746987951807
0.6706586826347305
0.6726190476190477
0.6745562130177515
0.6764705882352942
0.6783625730994152
0.6802325581395349
0.6820809248554913
0.6839080459770115
0.6857142857142857
0.6875
0.6892655367231638
0.6910112359550562
0.6927374301675978
0.6944444444444444
0.6961325966850829
0.6978021978021978
0.6994535519125683
0.7010869565217391
0.7027027027027027
0.7043010752688172
0.7058823529411765
0.7074468085106383
0.708994708994709
0.7105263157894737
0.7120418848167539
0.7135416666666666
0.7150259067357513
0.7164948453608248
0.6635071090047393
0.6682464454976303
0.6729857819905213
0.6777251184834123
0.6824644549763034
0.6872037914691943
0.6919431279620853
0.6966824644549763
0.7014218009478673
0.7028301886792453
0.704225352112676
0.705607476635514
0.7069767441860465
0.7083333333333334
0.7129629629629629
0.7175925925925926
0.7222222222222222
0.7268518518518519
0.7314814814814815
1.0
1.0
1.0
1.0
1.0
1.0
1.0
1.0
1.0
1.0
1.0
1.0
1.0
1.0
1.0
1.0
1.0
1.0
1.0
1.0
1.0
1.0
1.0
1.0
1.0
1.0
1.0
1.0
1.0
0.9375
0.9393939393939394
0.9411764705882353
0.9428571428571428
0.9444444444444444
0.9459459459459459
0.9473684210526315
0.9487179487179487
0.95
0.9512195121951219
0.9523809523809523
0.9534883720930233
0.9545454545454546
0.9555555555555556
0.9166666666666666
0.9183673469387755
0.92
0.9215686274509803
0.9230769230769231
0.9245283018867925
0.9259259259259259
0.9272727272727272
0.9285714285714286
0.9298245614035088
0.9310344827586207
0.9322033898305084
0.9333333333333333
0.9344262295081968
0.9354838709677419
0.9365079365079365
0.9375
0.9384615384615385
0.9393939393939394
0.9402985074626866
0.9411764705882353
0.9420289855072463
0.9428571428571428
0.9436619718309859
0.9444444444444444
0.9452054794520548
0.9459459459459459
0.9466666666666667
0.9473684210526315
0.948051948051948
0.9487179487179487
0.9493670886075949
0.95
0.9506172839506173
0.9512195121951219
0.8144329896907216
0.8163265306122449
0.8181818181818182
0.82
0.8217821782178217
0.6086956521739131
0.6115107913669064
0.6142857142857143
0.6170212765957447
0.6197183098591549
0.6223776223776224
0.625
0.6275862068965518
0.6301369863013698
0.6326530612244898
0.6351351351351351
0.6375838926174496
0.64
0.6423841059602649
0.6447368421052632
0.6470588235294118
0.6493506493506493
0.6516129032258065
0.6496815286624203
0.6518987341772152
0.6540880503144654
0.65625
0.6583850931677019
0.6604938271604939
0.6625766871165644
0.6646341463414634
0.6666666666666666
0.6686746987951807
0.6706586826347305
0.6726190476190477
0.6745562130177515
0.6764705882352942
0.6783625730994152
0.6802325581395349
0.6820809248554913
0.6839080459770115
0.6857142857142857
0.6875
0.6892655367231638
0.6910112359550562
0.6927374301675978
0.6944444444444444
0.6961325966850829
0.6978021978021978
0.6994535519125683
0.7010869565217391
0.7027027027027027
0.7043010752688172
0.7058823529411765
0.7074468085106383
0.708994708994709
0.7105263157894737
0.7120418848167539
0.7135416666666666
0.7150259067357513
0.7164948453608248
0.717948717948718
0.7193877551020408
0.7208121827411168
0.6682242990654206
0.6728971962616822
0.677570093457944
0.6822429906542056
0.6869158878504673
0.6915887850467289
0.6962616822429907
0.7009345794392523
0.705607476635514
0.7069767441860465
0.7083333333333334
0.7129629629629629
0.7175925925925926
0.7222222222222222
0.7268518518518519
0.7314814814814815
1.0
1.0
1.0
1.0
1.0
1.0
1.0
1.0
1.0
1.0
1.0
1.0
1.0
1.0
1.0
1.0
1.0
1.0
1.0
1.0
1.0
1.0
1.0
1.0
1.0
1.0
1.0
1.0
1.0
1.0
1.0
1.0
1.0
1.0
1.0
1.0
1.0
1.0
1.0
1.0
1.0
1.0
1.0
1.0
1.0
1.0
1.0
1.0
1.0
1.0
1.0
1.0
1.0
1.0
1.0
1.0
1.0
1.0
1.0
1.0
1.0
1.0
1.0
1.0
1.0
1.0
1.0
1.0
1.0
1.0
1.0
1.0
1.0
1.0
1.0
1.0
1.0
1.0
1.0
1.0
1.0
1.0
1.0
1.0
1.0
1.0
1.0
1.0
1.0
1.0
1.0
1.0
1.0
1.0
1.0
1.0
1.0
1.0
1.0
1.0
1.0
1.0
1.0
1.0
1.0
1.0
1.0
1.0
1.0
1.0
1.0
1.0
1.0
1.0
1.0
1.0
1.0
1.0
1.0
1.0
1.0
1.0
1.0
1.0
1.0
1.0
1.0
1.0
1.0
1.0
1.0
1.0
1.0
1.0
1.0
1.0
1.0
1.0
1.0
1.0
1.0
1.0
1.0
1.0
1.0
1.0
1.0
1.0
1.0
1.0
1.0
1.0
1.0
1.0
1.0
1.0
1.0
1.0
1.0
1.0
1.0
1.0
1.0
1.0
1.0
1.0
1.0
1.0
0.9375
0.9393939393939394
0.9411764705882353
0.9428571428571428
0.9444444444444444
0.9459459459459459
0.9473684210526315
0.9487179487179487
0.95
0.9512195121951219
0.9523809523809523
0.9534883720930233
0.9545454545454546
0.9555555555555556
0.9166666666666666
0.9183673469387755
0.92
0.9215686274509803
0.9230769230769231
0.9245283018867925
0.9259259259259259
0.9272727272727272
0.9285714285714286
0.9298245614035088
0.9310344827586207
0.9322033898305084
0.9333333333333333
0.9344262295081968
0.9354838709677419
0.9365079365079365
0.9375
0.9384615384615385
0.9393939393939394
0.9402985074626866
0.9411764705882353
0.9420289855072463
0.9428571428571428
0.9436619718309859
0.9444444444444444
0.9452054794520548
0.9459459459459459
0.9466666666666667
0.9473684210526315
0.948051948051948
0.9487179487179487
0.9493670886075949
0.95
0.9506172839506173
0.9512195121951219
0.8144329896907216
0.8163265306122449
0.8181818181818182
0.82
0.8217821782178217
0.6086956521739131
0.6115107913669064
0.6142857142857143
0.6170212765957447
0.6197183098591549
0.6223776223776224
0.625
0.6275862068965518
0.6301369863013698
0.6326530612244898
0.6351351351351351
0.6375838926174496
0.64
0.6423841059602649
0.6447368421052632
0.6470588235294118
0.6493506493506493
0.6516129032258065
0.6496815286624203
0.6518987341772152
0.6540880503144654
0.65625
0.6583850931677019
0.6604938271604939
0.6625766871165644
0.6646341463414634
0.6666666666666666
0.6686746987951807
0.6706586826347305
0.6726190476190477
0.6745562130177515
0.6764705882352942
0.6783625730994152
0.6802325581395349
0.6820809248554913
0.6839080459770115
0.6857142857142857
0.6875
0.6892655367231638
0.6910112359550562
0.6927374301675978
0.6944444444444444
0.6961325966850829
0.6978021978021978
0.6994535519125683
0.7010869565217391
0.7027027027027027
0.7043010752688172
0.7058823529411765
0.7074468085106383
0.708994708994709
0.7105263157894737
0.7120418848167539
0.7135416666666666
0.7150259067357513
0.7164948453608248
0.6635071090047393
0.6682464454976303
0.6729857819905213
0.6777251184834123
0.6824644549763034
0.6872037914691943
0.6919431279620853
0.6966824644549763
0.7014218009478673
0.7028301886792453
0.704225352112676
0.705607476635514
0.7069767441860465
0.7083333333333334
0.7129629629629629
0.7175925925925926
0.7222222222222222
0.7268518518518519
0.7314814814814815
1.0
1.0
1.0
1.0
1.0
1.0
1.0
1.0
1.0
1.0
1.0
1.0
1.0
1.0
1.0
1.0
1.0
1.0
1.0
1.0
1.0
1.0
1.0
1.0
1.0
1.0
1.0
1.0
1.0
0.9375
0.9393939393939394
0.9411764705882353
0.9428571428571428
0.9444444444444444
0.9459459459459459
0.9473684210526315
0.9487179487179487
0.95
0.9512195121951219
0.9523809523809523
0.9534883720930233
0.9545454545454546
0.9555555555555556
0.9166666666666666
0.9183673469387755
0.92
0.9215686274509803
0.9230769230769231
0.9245283018867925
0.9259259259259259
0.9272727272727272
0.9285714285714286
0.9298245614035088
0.9310344827586207
0.9322033898305084
0.9333333333333333
0.9344262295081968
0.9354838709677419
0.9365079365079365
0.9375
0.9384615384615385
0.9393939393939394
0.9402985074626866
0.9411764705882353
0.9420289855072463
0.9428571428571428
0.9436619718309859
0.9444444444444444
0.9452054794520548
0.9459459459459459
0.9466666666666667
0.9473684210526315
0.948051948051948
0.9487179487179487
0.9493670886075949
0.95
0.9506172839506173
0.9512195121951219
0.8144329896907216
0.8163265306122449
0.8181818181818182
0.82
0.8217821782178217
0.6086956521739131
0.6115107913669064
0.6142857142857143
0.6170212765957447
0.6197183098591549
0.6223776223776224
0.625
0.6275862068965518
0.6301369863013698
0.6326530612244898
0.6351351351351351
0.6375838926174496
0.64
0.6423841059602649
0.6447368421052632
0.6470588235294118
0.6493506493506493
0.6516129032258065
0.6496815286624203
0.6518987341772152
0.6540880503144654
0.65625
0.6583850931677019
0.6604938271604939
0.6625766871165644
0.6646341463414634
0.6666666666666666
0.6686746987951807
0.6706586826347305
0.6726190476190477
0.6745562130177515
0.6764705882352942
0.6783625730994152
0.6802325581395349
0.6820809248554913
0.6839080459770115
0.6857142857142857
0.6875
0.6892655367231638
0.6910112359550562
0.6927374301675978
0.6944444444444444
0.6961325966850829
0.6978021978021978
0.6994535519125683
0.7010869565217391
0.7027027027027027
0.7043010752688172
0.7058823529411765
0.7074468085106383
0.708994708994709
0.7105263157894737
0.7120418848167539
0.7135416666666666
0.7150259067357513
0.7164948453608248
0.6635071090047393
0.6682464454976303
0.6729857819905213
0.6777251184834123
0.6824644549763034
0.6872037914691943
0.6919431279620853
0.6966824644549763
0.7014218009478673
0.7028301886792453
0.704225352112676
0.705607476635514
0.7069767441860465
0.7083333333333334
0.7129629629629629
0.7175925925925926
0.7222222222222222
0.7268518518518519
0.7314814814814815
1.0
1.0
1.0
1.0
1.0
1.0
1.0
1.0
1.0
1.0
1.0
1.0
1.0
1.0
1.0
1.0
1.0
1.0
1.0
1.0
1.0
1.0
1.0
1.0
1.0
1.0
1.0
1.0
1.0
0.9375
0.9393939393939394
0.9411764705882353
0.9428571428571428
0.9444444444444444
0.9459459459459459
0.9473684210526315
0.9487179487179487
0.95
0.9512195121951219
0.9523809523809523
0.9534883720930233
0.9545454545454546
0.9555555555555556
0.9166666666666666
0.9183673469387755
0.92
0.9215686274509803
0.9230769230769231
0.9245283018867925
0.9259259259259259
0.9272727272727272
0.9285714285714286
0.9298245614035088
0.9310344827586207
0.9322033898305084
0.9333333333333333
0.9344262295081968
0.9354838709677419
0.9365079365079365
0.9375
0.9384615384615385
0.9393939393939394
0.9402985074626866
0.9411764705882353
0.9420289855072463
0.9428571428571428
0.9436619718309859
0.9444444444444444
0.9452054794520548
0.9459459459459459
0.9466666666666667
0.9473684210526315
0.948051948051948
0.9487179487179487
0.9493670886075949
0.95
0.9506172839506173
0.9512195121951219
0.8144329896907216
0.8163265306122449
0.8181818181818182
0.82
0.8217821782178217
0.6086956521739131
0.6115107913669064
0.6142857142857143
0.6170212765957447
0.6197183098591549
0.6223776223776224
0.625
0.6275862068965518
0.6301369863013698
0.6326530612244898
0.6351351351351351
0.6375838926174496
0.64
0.6423841059602649
0.6447368421052632
0.6470588235294118
0.6493506493506493
0.6516129032258065
0.6496815286624203
0.6518987341772152
0.6540880503144654
0.65625
0.6583850931677019
0.6604938271604939
0.6625766871165644
0.6646341463414634
0.6666666666666666
0.6686746987951807
0.6706586826347305
0.6726190476190477
0.6745562130177515
0.6764705882352942
0.6783625730994152
0.6802325581395349
0.6820809248554913
0.6839080459770115
0.6857142857142857
0.6875
0.6892655367231638
0.6910112359550562
0.6927374301675978
0.6944444444444444
0.6961325966850829
0.6978021978021978
0.6994535519125683
0.7010869565217391
0.7027027027027027
0.7043010752688172
0.7058823529411765
0.7074468085106383
0.708994708994709
0.7105263157894737
0.7120418848167539
0.7135416666666666
0.7150259067357513
0.7164948453608248
0.6635071090047393
0.6682464454976303
0.6729857819905213
0.6777251184834123
0.6824644549763034
0.6872037914691943
0.6919431279620853
0.6966824644549763
0.7014218009478673
0.7028301886792453
0.704225352112676
0.705607476635514
0.7069767441860465
0.7083333333333334
0.7129629629629629
0.7175925925925926
0.7222222222222222
0.7268518518518519
0.7314814814814815
1.0
1.0
1.0
1.0
1.0
1.0
1.0
1.0
1.0
1.0
1.0
1.0
1.0
1.0
1.0
1.0
1.0
1.0
1.0
1.0
1.0
1.0
1.0
1.0
1.0
1.0
1.0
1.0
1.0
0.9375
0.9393939393939394
0.9411764705882353
0.9428571428571428
0.9444444444444444
0.9459459459459459
0.9473684210526315
0.9487179487179487
0.95
0.9512195121951219
0.9523809523809523
0.9534883720930233
0.9545454545454546
0.9555555555555556
0.9166666666666666
0.9183673469387755
0.92
0.9215686274509803
0.9230769230769231
0.9245283018867925
0.9259259259259259
0.9272727272727272
0.9285714285714286
0.9298245614035088
0.9310344827586207
0.9322033898305084
0.9333333333333333
0.9344262295081968
0.9354838709677419
0.9365079365079365
0.9375
0.9384615384615385
0.9393939393939394
0.9402985074626866
0.9411764705882353
0.9420289855072463
0.9428571428571428
0.9436619718309859
0.9444444444444444
0.9452054794520548
0.9459459459459459
0.9466666666666667
0.9473684210526315
0.948051948051948
0.9487179487179487
0.9493670886075949
0.95
0.9506172839506173
0.9512195121951219
0.8144329896907216
0.8163265306122449
0.8181818181818182
0.82
0.8217821782178217
0.6086956521739131
0.6115107913669064
0.6142857142857143
0.6170212765957447
0.6197183098591549
0.6223776223776224
0.625
0.6275862068965518
0.6301369863013698
0.6326530612244898
0.6351351351351351
0.6375838926174496
0.64
0.6423841059602649
0.6447368421052632
0.6470588235294118
0.6493506493506493
0.6516129032258065
0.6496815286624203
0.6518987341772152
0.6540880503144654
0.65625
0.6583850931677019
0.6604938271604939
0.6625766871165644
0.6646341463414634
0.6666666666666666
0.6686746987951807
0.6706586826347305
0.6726190476190477
0.6745562130177515
0.6764705882352942
0.6783625730994152
0.6802325581395349
0.6820809248554913
0.6839080459770115
0.6857142857142857
0.6875
0.6892655367231638
0.6910112359550562
0.6927374301675978
0.6944444444444444
0.6961325966850829
0.6978021978021978
0.6994535519125683
0.7010869565217391
0.7027027027027027
0.7043010752688172
0.7058823529411765
0.7074468085106383
0.708994708994709
0.7105263157894737
0.7120418848167539
0.7135416666666666
0.7150259067357513
0.7164948453608248
0.717948717948718
0.7193877551020408
0.7208121827411168
0.7222222222222222
0.7236180904522613
0.6712962962962963
0.6759259259259259
0.6805555555555556
0.6851851851851852
0.6898148148148148
0.6944444444444444
0.6990740740740741
0.7037037037037037
0.7083333333333334
0.7129629629629629
0.7175925925925926
0.7222222222222222
0.7268518518518519
0.7314814814814815
