1.0
1.0
1.0
1.0
1.0
1.0
1.0
1.0
1.0
1.0
1.0
1.0
1.0
1.0
1.0
1.0
1.0
1.0
1.0
1.0
1.0
1.0
1.0
1.0
1.0
1.0
1.0
1.0
1.0
1.0
1.0
1.0
1.0
1.0
1.0
1.0
1.0
1.0
1.0
1.0
1.0
1.0
1.0
1.0
1.0
1.0
1.0
1.0
1.0
1.0
1.0
1.0
1.0
1.0
1.0
1.0
1.0
1.0
1.0
1.0
1.0
1.0
1.0
1.0
1.0
1.0
1.0
1.0
1.0
1.0
1.0
1.0
1.0
1.0
1.0
1.0
1.0
1.0
0.6030534351145038
0.6106870229007634
0.6183206106870229
0.6259541984732825
0.6335877862595419
0.6412213740458015
0.648854961832061
0.6564885496183206
0.6641221374045801
0.6717557251908397
0.6793893129770993
0.6870229007633588
0.6946564885496184
0.7022900763358778
0.7099236641221374
0.7175572519083969
0.7251908396946565
0.732824427480916
0.7404580152671756
0.7480916030534351
0.7557251908396947
0.7633587786259542
0.7709923664122137
0.7786259541984732
0.7862595419847328
0.7938931297709924
0.8015267175572519
0.8091603053435115
0.816793893129771
0.8244274809160306
0.8320610687022901
0.8396946564885496
0.8473282442748091
0.8549618320610687
0.8625954198473282
0.8702290076335878
0.8778625954198473
0.8854961832061069
0.8931297709923665
0.9007633587786259
0.9083969465648855
0.916030534351145
0.9236641221374046
0.9312977099236641
0.9389312977099237
0.9465648854961832
0.9541984732824428
0.9618320610687023
0.9694656488549618
0.9770992366412213
0.9847328244274809
0.9923664122137404
1.0
1.0
1.0
1.0
1.0
1.0
1.0
1.0
1.0
1.0
1.0
1.0
1.0
1.0
1.0
1.0
1.0
1.0
1.0
1.0
1.0
1.0
1.0
1.0
1.0
1.0
1.0
1.0
1.0
1.0
1.0
1.0
1.0
1.0
1.0
1.0
1.0
1.0
1.0
1.0
1.0
1.0
1.0
1.0
1.0
1.0
1.0
1.0
1.0
1.0
1.0
1.0
1.0
1.0
1.0
1.0
1.0
1.0
1.0
1.0
1.0
1.0
1.0
1.0
1.0
1.0
1.0
1.0
1.0
1.0
1.0
1.0
1.0
1.0
1.0
1.0
1.0
1.0
1.0
0.6030534351145038
0.6106870229007634
0.6183206106870229
0.6259541984732825
0.6335877862595419
0.6412213740458015
0.648854961832061
0.6564885496183206
0.6641221374045801
0.6717557251908397
0.6793893129770993
0.6870229007633588
0.6946564885496184
0.7022900763358778
0.7099236641221374
0.7175572519083969
0.7251908396946565
0.732824427480916
0.7404580152671756
0.7480916030534351
0.7557251908396947
0.7633587786259542
0.7709923664122137
0.7786259541984732
0.7862595419847328
0.7938931297709924
0.8015267175572519
0.8091603053435115
0.816793893129771
0.8244274809160306
0.8320610687022901
0.8396946564885496
0.8473282442748091
0.8549618320610687
0.8625954198473282
0.8702290076335878
0.8778625954198473
0.8854961832061069
0.8931297709923665
0.9007633587786259
0.9083969465648855
0.916030534351145
0.9236641221374046
0.9312977099236641
0.9389312977099237
0.9465648854961832
0.9541984732824428
0.9618320610687023
0.9694656488549618
0.9770992366412213
0.9847328244274809
0.9923664122137404
1.0
1.0
1.0
1.0
1.0
1.0
1.0
1.0
1.0
1.0
1.0
1.0
1.0
1.0
1.0
1.0
1.0
1.0
1.0
1.0
1.0
1.0
1.0
1.0
1.0
1.0
1.0
1.0
1.0
1.0
1.0
1.0
1.0
1.0
1.0
1.0
1.0
1.0
1.0
1.0
1.0
1.0
1.0
1.0
1.0
1.0
1.0
1.0
1.0
1.0
1.0
1.0
1.0
1.0
1.0
1.0
1.0
1.0
1.0
1.0
1.0
1.0
1.0
1.0
1.0
1.0
1.0
1.0
1.0
1.0
1.0
1.0
1.0
1.0
1.0
1.0
1.0
1.0
1.0
1.0
1.0
1.0
1.0
1.0
1.0
1.0
1.0
1.0
1.0
1.0
1.0
1.0
1.0
1.0
1.0
1.0
1.0
1.0
1.0
1.0
1.0
1.0
1.0
1.0
1.0
1.0
1.0
1.0
1.0
1.0
1.0
1.0
1.0
1.0
1.0
1.0
1.0
1.0
1.0
1.0
1.0
1.0
1.0
1.0
1.0
1.0
1.0
1.0
1.0
1.0
1.0
1.0
1.0
1.0
1.0
1.0
1.0
1.0
1.0
1.0
1.0
1.0
1.0
1.0
1.0
1.0
1.0
1.0
1.0
1.0
1.0
1.0
1.0
1.0
1.0
1.0
1.0
1.0
1.0
1.0
1.0
1.0
1.0
1.0
1.0
1.0
1.0
1.0
1.0
1.0
1.0
1.0
1.0
1.0
1.0
1.0
1.0
1.0
1.0
1.0
1.0
1.0
1.0
1.0
1.0
1.0
1.0
1.0
1.0
1.0
1.0
1.0
1.0
1.0
1.0
1.0
1.0
1.0
1.0
1.0
1.0
1.0
1.0
1.0
1.0
1.0
1.0
1.0
1.0
1.0
0.6030534351145038
0.6106870229007634
0.6183206106870229
0.6259541984732825
0.6335877862595419
0.6412213740458015
0.648854961832061
0.6564885496183206
0.6641221374045801
0.6717557251908397
0.6793893129770993
0.6870229007633588
0.6946564885496184
0.7022900763358778
0.7099236641221374
0.7175572519083969
0.7251908396946565
0.732824427480916
0.7404580152671756
0.7480916030534351
0.7557251908396947
0.7633587786259542
0.7709923664122137
0.7786259541984732
0.7862595419847328
0.7938931297709924
0.8015267175572519
0.8091603053435115
0.816793893129771
0.8244274809160306
0.8320610687022901
0.8396946564885496
0.8473282442748091
0.8549618320610687
0.8625954198473282
0.8702290076335878
0.8778625954198473
0.8854961832061069
0.8931297709923665
0.9007633587786259
0.9083969465648855
0.916030534351145
0.9236641221374046
0.9312977099236641
0.9389312977099237
0.9465648854961832
0.9541984732824428
0.9618320610687023
0.9694656488549618
0.9770992366412213
0.9847328244274809
0.9923664122137404
1.0
1.0
1.0
1.0
1.0
1.0
1.0
1.0
1.0
1.0
1.0
1.0
1.0
1.0
1.0
1.0
1.0
1.0
1.0
1.0
1.0
1.0
1.0
1.0
1.0
1.0
1.0
1.0
1.0
1.0
1.0
1.0
1.0
1.0
1.0
1.0
1.0
1.0
1.0
1.0
1.0
1.0
1.0
1.0
1.0
1.0
1.0
1.0
1.0
1.0
1.0
1.0
1.0
1.0
1.0
1.0
1.0
1.0
1.0
1.0
1.0
1.0
1.0
1.0
1.0
1.0
1.0
1.0
1.0
1.0
1.0
1.0
1.0
1.0
1.0
1.0
1.0
1.0
1.0
0.6030534351145038
0.6106870229007634
0.6183206106870229
0.6259541984732825
0.6335877862595419
0.6412213740458015
0.648854961832061
0.6564885496183206
0.6641221374045801
0.6717557251908397
0.6793893129770993
0.6870229007633588
0.6946564885496184
0.7022900763358778
0.7099236641221374
0.7175572519083969
0.7251908396946565
0.732824427480916
0.7404580152671756
0.7480916030534351
0.7557251908396947
0.7633587786259542
0.7709923664122137
0.7786259541984732
0.7862595419847328
0.7938931297709924
0.8015267175572519
0.8091603053435115
0.816793893129771
0.8244274809160306
0.8320610687022901
0.8396946564885496
0.8473282442748091
0.8549618320610687
0.8625954198473282
0.8702290076335878
0.8778625954198473
0.8854961832061069
0.8931297709923665
0.9007633587786259
0.9083969465648855
0.916030534351145
0.9236641221374046
0.9312977099236641
0.9389312977099237
0.9465648854961832
0.9541984732824428
0.9618320610687023
0.9694656488549618
0.9770992366412213
0.9847328244274809
0.9923664122137404
1.0
1.0
1.0
1.0
1.0
1.0
1.0
1.0
1.0
1.0
1.0
1.0
1.0
1.0
1.0
1.0
1.0
1.0
1.0
1.0
1.0
1.0
1.0
1.0
1.0
1.0
1.0
1.0
1.0
1.0
1.0
1.0
1.0
1.0
1.0
1.0
1.0
1.0
1.0
1.0
1.0
1.0
1.0
1.0
1.0
1.0
1.0
1.0
1.0
1.0
1.0
1.0
1.0
1.0
1.0
1.0
1.0
1.0
1.0
1.0
1.0
1.0
1.0
1.0
1.0
1.0
1.0
1.0
1.0
1.0
1.0
1.0
1.0
1.0
1.0
1.0
1.0
1.0
1.0
1.0
1.0
1.0
1.0
1.0
1.0
1.0
