1.0
1.0
1.0
1.0
1.0
1.0
1.0
1.0
1.0
1.0
1.0
1.0
1.0
1.0
1.0
1.0
1.0
1.0
1.0
1.0
1.0
1.0
1.0
1.0
0.9259259259259259
0.9285714285714286
0.9310344827586207
0.9333333333333333
0.9354838709677419
0.9375
0.9393939393939394
0.9411764705882353
0.9428571428571428
0.9444444444444444
0.8974358974358975
0.9
0.9024390243902439
0.9047619047619048
0.9069767441860465
0.9090909090909091
0.9111111111111111
0.9130434782608695
0.9148936170212766
0.9166666666666666
0.9183673469387755
0.92
0.9215686274509803
0.9230769230769231
0.9245283018867925
0.9259259259259259
0.9272727272727272
0.896551724137931
0.8983050847457628
0.9
0.9016393442622951
0.9032258064516129
0.9047619047619048
0.90625
0.9076923076923077
0.8823529411764706
0.8840579710144928
0.8857142857142857
0.8873239436619719
0.8888888888888888
0.8904109589041096
0.8918918918918919
0.8933333333333333
0.8947368421052632
0.8961038961038961
0.8974358974358975
0.8987341772151899
0.9
0.9012345679012346
0.9024390243902439
0.9036144578313253
0.9047619047619048
0.9058823529411765
0.9069767441860465
0.9080459770114943
0.9090909090909091
0.9101123595505618
0.9111111111111111
0.9120879120879121
0.9130434782608695
0.9139784946236559
0.9148936170212766
0.9157894736842105
0.9166666666666666
0.5174418604651163
0.5202312138728323
0.5229885057471264
0.5257142857142857
0.5284090909090909
0.5310734463276836
1.0
1.0
1.0
1.0
1.0
1.0
1.0
1.0
1.0
1.0
1.0
1.0
1.0
1.0
1.0
1.0
1.0
1.0
1.0
1.0
1.0
1.0
1.0
1.0
0.9259259259259259
0.9285714285714286
0.9310344827586207
0.9333333333333333
0.9354838709677419
0.9375
0.9393939393939394
0.9411764705882353
0.9428571428571428
0.9444444444444444
0.8974358974358975
0.9
0.9024390243902439
0.9047619047619048
0.9069767441860465
0.9090909090909091
0.9111111111111111
0.9130434782608695
0.9148936170212766
0.9166666666666666
0.9183673469387755
0.92
0.9215686274509803
0.9230769230769231
0.9245283018867925
0.9259259259259259
0.9272727272727272
0.896551724137931
0.8983050847457628
0.9
0.9016393442622951
0.9032258064516129
0.9047619047619048
0.90625
0.9076923076923077
0.8823529411764706
0.8840579710144928
0.8857142857142857
0.8873239436619719
0.8888888888888888
0.8904109589041096
0.8918918918918919
0.8933333333333333
0.8947368421052632
0.8961038961038961
0.8974358974358975
0.8987341772151899
0.9
0.9012345679012346
0.9024390243902439
0.9036144578313253
0.9047619047619048
0.9058823529411765
0.9069767441860465
0.9080459770114943
0.9090909090909091
0.9101123595505618
0.9111111111111111
0.9120879120879121
0.9130434782608695
0.9139784946236559
0.9148936170212766
0.9157894736842105
0.9166666666666666
0.5174418604651163
0.5202312138728323
0.5229885057471264
0.5257142857142857
0.5284090909090909
0.5310734463276836
1.0
1.0
1.0
1.0
1.0
1.0
1.0
1.0
1.0
1.0
1.0
1.0
1.0
1.0
1.0
1.0
1.0
1.0
1.0
1.0
1.0
1.0
1.0
1.0
1.0
1.0
1.0
1.0
1.0
1.0
1.0
1.0
1.0
1.0
1.0
1.0
1.0
1.0
1.0
1.0
1.0
1.0
1.0
1.0
1.0
1.0
1.0
1.0
1.0
1.0
1.0
1.0
1.0
1.0
1.0
1.0
1.0
1.0
1.0
1.0
1.0
1.0
1.0
1.0
1.0
1.0
1.0
1.0
1.0
1.0
1.0
1.0
1.0
1.0
1.0
1.0
1.0
1.0
1.0
1.0
1.0
1.0
1.0
1.0
1.0
1.0
1.0
1.0
1.0
1.0
1.0
1.0
1.0
1.0
1.0
1.0
1.0
1.0
1.0
1.0
1.0
1.0
1.0
1.0
1.0
1.0
1.0
1.0
1.0
1.0
1.0
1.0
1.0
1.0
1.0
1.0
1.0
1.0
0.9259259259259259
0.9285714285714286
0.9310344827586207
0.9333333333333333
0.9354838709677419
0.9375
0.9393939393939394
0.9411764705882353
0.9428571428571428
0.9444444444444444
0.8974358974358975
0.9
0.9024390243902439
0.9047619047619048
0.9069767441860465
0.9090909090909091
0.9111111111111111
0.9130434782608695
0.9148936170212766
0.9166666666666666
0.9183673469387755
0.92
0.9215686274509803
0.9230769230769231
0.9245283018867925
0.9259259259259259
0.9272727272727272
0.896551724137931
0.8983050847457628
0.9
0.9016393442622951
0.9032258064516129
0.9047619047619048
0.90625
0.9076923076923077
0.8823529411764706
0.8840579710144928
0.8857142857142857
0.8873239436619719
0.8888888888888888
0.8904109589041096
0.8918918918918919
0.8933333333333333
0.8947368421052632
0.8961038961038961
0.8974358974358975
0.8987341772151899
0.9
0.9012345679012346
0.9024390243902439
0.9036144578313253
0.9047619047619048
0.9058823529411765
0.9069767441860465
0.9080459770114943
0.9090909090909091
0.9101123595505618
0.9111111111111111
0.9120879120879121
0.9130434782608695
0.9139784946236559
0.9148936170212766
0.9157894736842105
0.9166666666666666
0.5174418604651163
0.5202312138728323
0.5229885057471264
0.5257142857142857
0.5284090909090909
0.5310734463276836
1.0
1.0
1.0
1.0
1.0
1.0
1.0
1.0
1.0
1.0
1.0
1.0
1.0
1.0
1.0
1.0
1.0
1.0
1.0
1.0
1.0
1.0
1.0
1.0
0.9259259259259259
0.9285714285714286
0.9310344827586207
0.9333333333333333
0.9354838709677419
0.9375
0.9393939393939394
0.9411764705882353
0.9428571428571428
0.9444444444444444
0.8974358974358975
0.9
0.9024390243902439
0.9047619047619048
0.9069767441860465
0.9090909090909091
0.9111111111111111
0.9130434782608695
0.9148936170212766
0.9166666666666666
0.9183673469387755
0.92
0.9215686274509803
0.9230769230769231
0.9245283018867925
0.9259259259259259
0.9272727272727272
0.896551724137931
0.8983050847457628
0.9
0.9016393442622951
0.9032258064516129
0.9047619047619048
0.90625
0.9076923076923077
0.8823529411764706
0.8840579710144928
0.8857142857142857
0.8873239436619719
0.8888888888888888
0.8904109589041096
0.8918918918918919
0.8933333333333333
0.8947368421052632
0.8961038961038961
0.8974358974358975
0.8987341772151899
0.9
0.9012345679012346
0.9024390243902439
0.9036144578313253
0.9047619047619048
0.9058823529411765
0.9069767441860465
0.9080459770114943
0.9090909090909091
0.9101123595505618
0.9111111111111111
0.9120879120879121
0.9130434782608695
0.9139784946236559
0.9148936170212766
0.9157894736842105
0.9166666666666666
0.5174418604651163
0.5202312138728323
0.5229885057471264
0.5257142857142857
0.5284090909090909
0.5310734463276836
1.0
1.0
1.0
1.0
1.0
1.0
1.0
1.0
1.0
1.0
1.0
1.0
1.0
1.0
1.0
1.0
1.0
1.0
1.0
1.0
1.0
1.0
1.0
1.0
1.0
1.0
1.0
1.0
1.0
1.0
1.0
1.0
1.0
1.0
1.0
1.0
1.0
1.0
1.0
1.0
1.0
1.0
1.0
1.0
1.0
1.0
1.0
1.0
0.9259259259259259
0.9285714285714286
0.9310344827586207
0.9333333333333333
0.9354838709677419
0.9375
0.9393939393939394
0.9411764705882353
0.9428571428571428
0.9444444444444444
0.8974358974358975
0.9
0.9024390243902439
0.9047619047619048
0.9069767441860465
0.9090909090909091
0.9111111111111111
0.9130434782608695
0.9148936170212766
0.9166666666666666
0.9183673469387755
0.92
0.9215686274509803
0.9230769230769231
0.9245283018867925
0.9259259259259259
0.9272727272727272
0.896551724137931
0.8983050847457628
0.9
0.9016393442622951
0.9032258064516129
0.9047619047619048
0.90625
0.9076923076923077
0.8823529411764706
0.8840579710144928
0.8857142857142857
0.8873239436619719
0.8888888888888888
0.8904109589041096
0.8918918918918919
0.8933333333333333
0.8947368421052632
0.8961038961038961
0.8974358974358975
0.8987341772151899
0.9
0.9012345679012346
0.9024390243902439
0.9036144578313253
0.9047619047619048
0.9058823529411765
0.9069767441860465
0.9080459770114943
0.9090909090909091
0.9101123595505618
0.9111111111111111
0.9120879120879121
0.9130434782608695
0.9139784946236559
0.9148936170212766
0.9157894736842105
0.9166666666666666
0.5174418604651163
0.5202312138728323
0.5229885057471264
0.5257142857142857
0.5284090909090909
0.5310734463276836
