1.0
1.0
1.0
1.0
1.0
1.0
1.0
1.0
1.0
1.0
1.0
1.0
1.0
1.0
0.5
0.5161290322580645
0.53125
0.5454545454545454
0.5588235294117647
0.5714285714285714
0.5833333333333334
0.5365853658536586
0.5476190476190477
0.5581395348837209
0.5681818181818182
0.5777777777777777
0.5869565217391305
0.5957446808510638
0.6041666666666666
0.6122448979591837
0.62
0.6274509803921569
0.6346153846153846
0.2677165354330709
0.2734375
0.27906976744186046
0.2846153846153846
0.2900763358778626
0.29545454545454547
0.3007518796992481
0.30597014925373134
0.31343283582089554
0.31851851851851853
0.3235294117647059
0.3284671532846715
0.3333333333333333
0.3381294964028777
0.34285714285714286
0.3475177304964539
0.352112676056338
0.35664335664335667
0.3611111111111111
0.3680555555555556
0.375
0.3793103448275862
0.3835616438356164
0.3877551020408163
0.3918918918918919
0.3959731543624161
0.40268456375838924
0.4066666666666667
0.4105960264900662
0.4144736842105263
0.41830065359477125
0.42207792207792205
0.4258064516129032
0.42948717948717946
0.4358974358974359
0.4423076923076923
0.44871794871794873
0.4551282051282051
0.46153846153846156
0.46794871794871795
0.47435897435897434
0.4807692307692308
0.48717948717948717
0.4935897435897436
0.5
0.5031847133757962
0.5063291139240507
0.5094339622641509
0.5125
0.515527950310559
0.5185185185185185
0.5214723926380368
0.524390243902439
0.5272727272727272
0.5301204819277109
0.5329341317365269
0.5357142857142857
0.5384615384615384
0.5411764705882353
0.543859649122807
0.5465116279069767
0.5491329479768786
0.5517241379310345
0.5542857142857143
0.5568181818181818
0.559322033898305
0.5617977528089888
0.5642458100558659
0.5666666666666667
0.569060773480663
0.5714285714285714
0.5737704918032787
0.5760869565217391
0.5783783783783784
0.5806451612903226
0.5828877005347594
0.5851063829787234
0.5873015873015873
0.5894736842105263
0.5916230366492147
0.59375
0.5958549222797928
0.5979381443298969
0.6
0.6020408163265306
0.6040609137055838
0.6060606060606061
0.6080402010050251
0.61
0.6119402985074627
0.6138613861386139
0.6157635467980296
0.6176470588235294
0.6195121951219512
0.6213592233009708
0.6231884057971014
0.625
0.6267942583732058
0.6285714285714286
0.6303317535545023
0.6320754716981132
0.6338028169014085
0.6355140186915887
0.6372093023255814
0.6388888888888888
0.6405529953917051
0.6422018348623854
0.6438356164383562
0.6454545454545455
0.6470588235294118
0.6428571428571429
0.6473214285714286
0.6517857142857143
0.6533333333333333
0.6548672566371682
0.6563876651982379
0.6578947368421053
0.6622807017543859
0.6666666666666666
0.6710526315789473
0.6724890829694323
0.6739130434782609
0.6753246753246753
0.6767241379310345
0.6781115879828327
0.6794871794871795
0.6808510638297872
0.6822033898305084
0.6835443037974683
0.6848739495798319
0.6861924686192469
0.6875
0.6887966804979253
0.6900826446280992
0.691358024691358
0.6926229508196722
0.6938775510204082
0.6951219512195121
0.6963562753036437
0.6975806451612904
0.6987951807228916
0.7028112449799196
0.7068273092369478
0.7108433734939759
0.714859437751004
0.7188755020080321
0.7228915662650602
0.7269076305220884
0.7309236947791165
0.7349397590361446
0.7389558232931727
0.7429718875502008
0.7469879518072289
0.751004016064257
0.7550200803212851
0.7590361445783133
0.7630522088353414
0.7670682730923695
0.7710843373493976
0.7751004016064257
0.7791164658634538
0.7831325301204819
0.7871485943775101
0.7911646586345381
0.7951807228915663
0.7991967871485943
0.8032128514056225
0.8072289156626506
0.8112449799196787
0.8152610441767069
0.8192771084337349
0.8232931726907631
0.8273092369477911
0.8313253012048193
0.8353413654618473
0.8393574297188755
0.8433734939759037
0.8473895582329317
0.8514056224899599
0.8554216867469879
0.8594377510040161
0.86
0.8605577689243028
0.8611111111111112
0.8616600790513834
0.8622047244094488
0.8627450980392157
0.86328125
0.8638132295719845
0.8643410852713178
0.8648648648648649
0.8653846153846154
0.8659003831417624
0.8664122137404581
0.8669201520912547
0.6325966850828729
0.6353591160220995
0.638121546961326
0.6408839779005525
0.643646408839779
0.6464088397790055
0.649171270718232
0.6519337016574586
0.6546961325966851
0.6574585635359116
0.6602209944751382
0.6629834254143646
0.6657458563535912
0.6685082872928176
0.6712707182320442
0.6740331491712708
0.6767955801104972
0.6795580110497238
0.6823204419889503
0.6850828729281768
0.6878453038674033
0.6906077348066298
0.6933701657458563
0.6961325966850829
0.6988950276243094
0.7016574585635359
0.7044198895027625
0.7071823204419889
0.7099447513812155
0.712707182320442
0.7154696132596685
0.7182320441988951
0.7209944751381215
0.7237569060773481
0.7265193370165746
0.7292817679558011
0.7320441988950276
0.7348066298342542
0.7375690607734806
0.7403314917127072
0.7430939226519337
0.7458563535911602
0.7486187845303868
0.7513812154696132
0.7541436464088398
0.7569060773480663
0.7596685082872928
0.7624309392265194
0.7651933701657458
0.7679558011049724
0.7707182320441989
0.7734806629834254
0.7762430939226519
0.7790055248618785
0.7817679558011049
0.7845303867403315
0.787292817679558
0.7900552486187845
0.7928176795580111
0.7955801104972375
0.7983425414364641
0.8011049723756906
0.8016528925619835
0.8021978021978022
0.8027397260273973
0.8032786885245902
0.8038147138964578
0.8065395095367848
0.8092643051771117
0.8119891008174387
0.8147138964577657
0.8174386920980926
0.8201634877384196
0.8228882833787466
0.8256130790190735
0.8283378746594006
0.8310626702997275
0.8337874659400545
0.8365122615803815
0.8392370572207084
0.8419618528610354
0.8446866485013624
0.8474114441416893
0.8501362397820164
0.8528610354223434
0.8555858310626703
0.8583106267029973
0.8610354223433242
0.8614130434782609
0.8617886178861789
0.8621621621621621
0.862533692722372
0.8629032258064516
0.8632707774798928
0.8636363636363636
0.864
0.8643617021276596
0.8647214854111406
0.8134328358208955
0.8159203980099502
0.818407960199005
0.8208955223880597
0.8213399503722084
0.8217821782178217
0.8222222222222222
0.8226600985221675
0.8230958230958231
0.8235294117647058
0.823960880195599
0.8264058679706602
0.8268292682926829
0.8272506082725061
0.8276699029126213
0.8280871670702179
0.8285024154589372
0.8289156626506025
0.8293269230769231
0.829736211031175
0.8301435406698564
0.8325358851674641
0.8349282296650717
0.8373205741626795
0.8397129186602871
0.8421052631578947
0.8444976076555024
0.84688995215311
0.8492822966507177
0.8516746411483254
0.854066985645933
0.8564593301435407
0.8588516746411483
0.861244019138756
0.8636363636363636
0.8660287081339713
0.868421052631579
0.8687350835322196
0.8690476190476191
0.8693586698337292
0.8696682464454977
0.8699763593380615
0.8702830188679245
0.8705882352941177
0.8648018648018648
0.8671328671328671
0.8674418604651163
0.8677494199535963
0.8680555555555556
0.864367816091954
0.8666666666666667
0.8689655172413793
0.871264367816092
0.8715596330275229
0.8718535469107551
0.8721461187214612
0.8473451327433629
0.8495575221238938
0.8517699115044248
0.8539823008849557
0.8561946902654868
0.8584070796460177
0.8606194690265486
0.8628318584070797
0.8650442477876106
0.8672566371681416
0.8694690265486725
0.8716814159292036
0.8738938053097345
0.8761061946902655
0.8783185840707964
0.8785871964679912
0.8788546255506607
0.8602150537634409
0.8623655913978494
0.864516129032258
0.8666666666666667
0.8688172043010752
0.8709677419354839
0.8731182795698925
0.875268817204301
0.8774193548387097
0.8795698924731182
0.8798283261802575
0.880085653104925
0.8803418803418803
0.8805970149253731
0.8808510638297873
0.881104033970276
0.8776371308016878
0.879746835443038
0.8818565400843882
0.8839662447257384
0.8842105263157894
0.884453781512605
0.8846960167714885
0.8849372384937239
0.8851774530271399
0.8854166666666666
0.8856548856548857
0.8626262626262626
0.8646464646464647
0.8666666666666667
0.8686868686868687
0.8707070707070707
0.8727272727272727
0.8747474747474747
0.8767676767676768
0.8787878787878788
0.8808080808080808
0.8828282828282829
0.8848484848484849
0.8868686868686869
0.8870967741935484
0.8873239436619719
0.8875502008032129
0.8877755511022044
0.888
0.8882235528942116
0.8884462151394422
0.8886679920477137
0.8888888888888888
0.8891089108910891
0.8893280632411067
0.8895463510848126
0.889763779527559
0.8899803536345776
0.8901960784313725
0.8904109589041096
0.890625
0.8908382066276803
0.8372943327239488
0.8391224862888482
0.8409506398537477
0.8412408759124088
0.8415300546448088
0.8418181818181818
0.8421052631578947
0.842391304347826
0.8426763110307414
0.8429602888086642
0.8432432432432433
0.8435251798561151
0.8438061041292639
0.8440860215053764
0.8443649373881932
0.8446428571428571
0.8449197860962567
0.8451957295373665
0.8454706927175843
0.8457446808510638
0.8460176991150442
0.8462897526501767
0.8465608465608465
0.846830985915493
0.8471001757469244
0.8473684210526315
0.8476357267950964
0.8479020979020979
0.8481675392670157
0.8484320557491289
0.8486956521739131
0.8489583333333334
0.8492201039861352
0.8509532062391681
0.8512110726643599
0.8514680483592401
0.853195164075993
0.853448275862069
0.8551724137931035
0.8568965517241379
0.8586206896551725
0.8603448275862069
0.8620689655172413
0.8623063683304647
0.8625429553264605
0.8627787307032591
0.863013698630137
0.8632478632478633
0.863481228668942
0.8637137989778535
0.8639455782312925
0.8641765704584041
0.864406779661017
0.8646362098138748
0.8648648648648649
0.8650927487352446
0.8653198653198653
0.865546218487395
0.8657718120805369
0.8659966499162479
0.8662207357859532
0.8664440734557596
0.8666666666666667
0.8668885191347754
0.867109634551495
0.867330016583748
0.8675496688741722
0.8677685950413223
0.8679867986798679
0.8682042833607908
0.8698517298187809
0.871499176276771
0.8731466227347611
0.8747940691927513
0.8764415156507414
0.8780889621087314
0.8797364085667215
0.8813838550247117
0.881578947368421
0.8832236842105263
0.8834154351395731
0.8850574712643678
0.8866995073891626
0.8883415435139573
0.8899835796387521
0.8916256157635468
0.8932676518883416
0.8949096880131363
0.896551724137931
0.8981937602627258
0.8998357963875205
0.9014778325123153
0.90311986863711
0.9047619047619048
0.9064039408866995
0.9080459770114943
0.909688013136289
0.9113300492610837
0.9129720853858785
0.9146141215106732
0.916256157635468
0.9178981937602627
0.9195402298850575
0.9211822660098522
0.922824302134647
0.9244663382594417
0.9261083743842364
0.9277504105090312
0.9293924466338259
0.9295081967213115
0.9296235679214403
0.9297385620915033
0.9298531810766721
0.9299674267100977
0.9315960912052117
0.9317073170731708
0.9318181818181818
0.9319286871961102
0.9320388349514563
0.9321486268174475
0.932258064516129
0.9323671497584541
0.932475884244373
0.9325842696629213
0.9326923076923077
0.9328
0.9329073482428115
0.9330143540669856
0.9331210191082803
0.9332273449920508
0.9333333333333333
0.9349206349206349
0.9365079365079365
0.9380952380952381
0.9396825396825397
0.9397781299524565
0.939873417721519
0.9399684044233807
0.9415481832543444
0.943127962085308
0.9447077409162717
0.9462875197472354
0.9478672985781991
0.9494470774091627
0.9510268562401264
0.95260663507109
0.9541864139020537
0.9557661927330173
0.957345971563981
0.9574132492113565
0.9574803149606299
0.9575471698113207
0.957613814756672
0.957680250783699
0.9577464788732394
0.9578125
0.9578783151326054
0.9579439252336449
0.9580093312597201
0.9580745341614907
0.9596273291925466
0.9611801242236024
0.9627329192546584
0.9642857142857143
0.9658385093167702
1.0
1.0
1.0
1.0
1.0
1.0
1.0
1.0
1.0
1.0
1.0
1.0
1.0
1.0
0.5
0.5161290322580645
0.53125
0.5454545454545454
0.5588235294117647
0.5714285714285714
0.5833333333333334
0.5365853658536586
0.5476190476190477
0.5581395348837209
0.5681818181818182
0.5777777777777777
0.5869565217391305
0.5957446808510638
0.6041666666666666
0.6122448979591837
0.62
0.6274509803921569
0.6346153846153846
0.2677165354330709
0.2734375
0.27906976744186046
0.2846153846153846
0.2900763358778626
0.29545454545454547
0.3007518796992481
0.30597014925373134
0.31343283582089554
0.31851851851851853
0.3235294117647059
0.3284671532846715
0.3333333333333333
0.3381294964028777
0.34285714285714286
0.3475177304964539
0.352112676056338
0.35664335664335667
0.3611111111111111
0.3680555555555556
0.375
0.3793103448275862
0.3835616438356164
0.3877551020408163
0.3918918918918919
0.3959731543624161
0.40268456375838924
0.4066666666666667
0.4105960264900662
0.4144736842105263
0.41830065359477125
0.42207792207792205
0.4258064516129032
0.42948717948717946
0.4358974358974359
0.4423076923076923
0.44871794871794873
0.4551282051282051
0.46153846153846156
0.46794871794871795
0.47435897435897434
0.4807692307692308
0.48717948717948717
0.4935897435897436
0.5
0.5031847133757962
0.5063291139240507
0.5094339622641509
0.5125
0.515527950310559
0.5185185185185185
0.5214723926380368
0.524390243902439
0.5272727272727272
0.5301204819277109
0.5329341317365269
0.5357142857142857
0.5384615384615384
0.5411764705882353
0.543859649122807
0.5465116279069767
0.5491329479768786
0.5517241379310345
0.5542857142857143
0.5568181818181818
0.559322033898305
0.5617977528089888
0.5642458100558659
0.5666666666666667
0.569060773480663
0.5714285714285714
0.5737704918032787
0.5760869565217391
0.5783783783783784
0.5806451612903226
0.5828877005347594
0.5851063829787234
0.5873015873015873
0.5894736842105263
0.5916230366492147
0.59375
0.5958549222797928
0.5979381443298969
0.6
0.6020408163265306
0.6040609137055838
0.6060606060606061
0.6080402010050251
0.61
0.6119402985074627
0.6138613861386139
0.6157635467980296
0.6176470588235294
0.6195121951219512
0.6213592233009708
0.6231884057971014
0.625
0.6267942583732058
0.6285714285714286
0.6303317535545023
0.6320754716981132
0.6338028169014085
0.6355140186915887
0.6372093023255814
0.6388888888888888
0.6405529953917051
0.6422018348623854
0.6438356164383562
0.6454545454545455
0.6470588235294118
0.6428571428571429
0.6473214285714286
0.6517857142857143
0.6533333333333333
0.6548672566371682
0.6563876651982379
0.6578947368421053
0.6622807017543859
0.6666666666666666
0.6710526315789473
0.6724890829694323
0.6739130434782609
0.6753246753246753
0.6767241379310345
0.6781115879828327
0.6794871794871795
0.6808510638297872
0.6822033898305084
0.6835443037974683
0.6848739495798319
0.6861924686192469
0.6875
0.6887966804979253
0.6900826446280992
0.691358024691358
0.6926229508196722
0.6938775510204082
0.6951219512195121
0.6963562753036437
0.6975806451612904
0.6987951807228916
0.7028112449799196
0.7068273092369478
0.7108433734939759
0.714859437751004
0.7188755020080321
0.7228915662650602
0.7269076305220884
0.7309236947791165
0.7349397590361446
0.7389558232931727
0.7429718875502008
0.7469879518072289
0.751004016064257
0.7550200803212851
0.7590361445783133
0.7630522088353414
0.7670682730923695
0.7710843373493976
0.7751004016064257
0.7791164658634538
0.7831325301204819
0.7871485943775101
0.7911646586345381
0.7951807228915663
0.7991967871485943
0.8032128514056225
0.8072289156626506
0.8112449799196787
0.8152610441767069
0.8192771084337349
0.8232931726907631
0.8273092369477911
0.8313253012048193
0.8353413654618473
0.8393574297188755
0.8433734939759037
0.8473895582329317
0.8514056224899599
0.8554216867469879
0.8594377510040161
0.86
0.8605577689243028
0.8611111111111112
0.8616600790513834
0.8622047244094488
0.8627450980392157
0.86328125
0.8638132295719845
0.8643410852713178
0.8648648648648649
0.8653846153846154
0.8659003831417624
0.8664122137404581
0.8669201520912547
0.6325966850828729
0.6353591160220995
0.638121546961326
0.6408839779005525
0.643646408839779
0.6464088397790055
0.649171270718232
0.6519337016574586
0.6546961325966851
0.6574585635359116
0.6602209944751382
0.6629834254143646
0.6657458563535912
0.6685082872928176
0.6712707182320442
0.6740331491712708
0.6767955801104972
0.6795580110497238
0.6823204419889503
0.6850828729281768
0.6878453038674033
0.6906077348066298
0.6933701657458563
0.6961325966850829
0.6988950276243094
0.7016574585635359
0.7044198895027625
0.7071823204419889
0.7099447513812155
0.712707182320442
0.7154696132596685
0.7182320441988951
0.7209944751381215
0.7237569060773481
0.7265193370165746
0.7292817679558011
0.7320441988950276
0.7348066298342542
0.7375690607734806
0.7403314917127072
0.7430939226519337
0.7458563535911602
0.7486187845303868
0.7513812154696132
0.7541436464088398
0.7569060773480663
0.7596685082872928
0.7624309392265194
0.7651933701657458
0.7679558011049724
0.7707182320441989
0.7734806629834254
0.7762430939226519
0.7790055248618785
0.7817679558011049
0.7845303867403315
0.787292817679558
0.7900552486187845
0.7928176795580111
0.7955801104972375
0.7983425414364641
0.8011049723756906
0.8016528925619835
0.8021978021978022
0.8027397260273973
0.8032786885245902
0.8038147138964578
0.8065395095367848
0.8092643051771117
0.8119891008174387
0.8147138964577657
0.8174386920980926
0.8201634877384196
0.8228882833787466
0.8256130790190735
0.8283378746594006
0.8310626702997275
0.8337874659400545
0.8365122615803815
0.8392370572207084
0.8419618528610354
0.8446866485013624
0.8474114441416893
0.8501362397820164
0.8528610354223434
0.8555858310626703
0.8583106267029973
0.8610354223433242
0.8614130434782609
0.8617886178861789
0.8621621621621621
0.862533692722372
0.8629032258064516
0.8632707774798928
0.8636363636363636
0.864
0.8643617021276596
0.8647214854111406
0.8134328358208955
0.8159203980099502
0.818407960199005
0.8208955223880597
0.8213399503722084
0.8217821782178217
0.8222222222222222
0.8226600985221675
0.8230958230958231
0.8235294117647058
0.823960880195599
0.8264058679706602
0.8268292682926829
0.8272506082725061
0.8276699029126213
0.8280871670702179
0.8285024154589372
0.8289156626506025
0.8293269230769231
0.829736211031175
0.8301435406698564
0.8325358851674641
0.8349282296650717
0.8373205741626795
0.8397129186602871
0.8421052631578947
0.8444976076555024
0.84688995215311
0.8492822966507177
0.8516746411483254
0.854066985645933
0.8564593301435407
0.8588516746411483
0.861244019138756
0.8636363636363636
0.8660287081339713
0.868421052631579
0.8687350835322196
0.8690476190476191
0.8693586698337292
0.8696682464454977
0.8699763593380615
0.8702830188679245
0.8705882352941177
0.8648018648018648
0.8671328671328671
0.8674418604651163
0.8677494199535963
0.8680555555555556
0.864367816091954
0.8666666666666667
0.8689655172413793
0.871264367816092
0.8715596330275229
0.8718535469107551
0.8721461187214612
0.8473451327433629
0.8495575221238938
0.8517699115044248
0.8539823008849557
0.8561946902654868
0.8584070796460177
0.8606194690265486
0.8628318584070797
0.8650442477876106
0.8672566371681416
0.8694690265486725
0.8716814159292036
0.8738938053097345
0.8761061946902655
0.8783185840707964
0.8785871964679912
0.8788546255506607
0.8602150537634409
0.8623655913978494
0.864516129032258
0.8666666666666667
0.8688172043010752
0.8709677419354839
0.8731182795698925
0.875268817204301
0.8774193548387097
0.8795698924731182
0.8798283261802575
0.880085653104925
0.8803418803418803
0.8805970149253731
0.8808510638297873
0.881104033970276
0.8776371308016878
0.879746835443038
0.8818565400843882
0.8839662447257384
0.8842105263157894
0.884453781512605
0.8846960167714885
0.8849372384937239
0.8851774530271399
0.8854166666666666
0.8856548856548857
0.8626262626262626
0.8646464646464647
0.8666666666666667
0.8686868686868687
0.8707070707070707
0.8727272727272727
0.8747474747474747
0.8767676767676768
0.8787878787878788
0.8808080808080808
0.8828282828282829
0.8848484848484849
0.8868686868686869
0.8870967741935484
0.8873239436619719
0.8875502008032129
0.8877755511022044
0.888
0.8882235528942116
0.8884462151394422
0.8886679920477137
0.8888888888888888
0.8891089108910891
0.8893280632411067
0.8895463510848126
0.889763779527559
0.8899803536345776
0.8901960784313725
0.8904109589041096
0.890625
0.8908382066276803
0.8372943327239488
0.8391224862888482
0.8409506398537477
0.8412408759124088
0.8415300546448088
0.8418181818181818
0.8421052631578947
0.842391304347826
0.8426763110307414
0.8429602888086642
0.8432432432432433
0.8435251798561151
0.8438061041292639
0.8440860215053764
0.8443649373881932
0.8446428571428571
0.8449197860962567
0.8451957295373665
0.8454706927175843
0.8457446808510638
0.8460176991150442
0.8462897526501767
0.8465608465608465
0.846830985915493
0.8471001757469244
0.8473684210526315
0.8476357267950964
0.8479020979020979
0.8481675392670157
0.8484320557491289
0.8486956521739131
0.8489583333333334
0.8492201039861352
0.8509532062391681
0.8512110726643599
0.8514680483592401
0.853195164075993
0.853448275862069
0.8551724137931035
0.8568965517241379
0.8586206896551725
0.8603448275862069
0.8620689655172413
0.8623063683304647
0.8625429553264605
0.8627787307032591
0.863013698630137
0.8632478632478633
0.863481228668942
0.8637137989778535
0.8639455782312925
0.8641765704584041
0.864406779661017
0.8646362098138748
0.8648648648648649
0.8650927487352446
0.8653198653198653
0.865546218487395
0.8657718120805369
0.8659966499162479
0.8662207357859532
0.8664440734557596
0.8666666666666667
0.8668885191347754
0.867109634551495
0.867330016583748
0.8675496688741722
0.8677685950413223
0.8679867986798679
0.8682042833607908
0.8698517298187809
0.871499176276771
0.8731466227347611
0.8747940691927513
0.8764415156507414
0.8780889621087314
0.8797364085667215
0.8813838550247117
0.881578947368421
0.8832236842105263
0.8834154351395731
0.8850574712643678
0.8866995073891626
0.8883415435139573
0.8899835796387521
0.8916256157635468
0.8932676518883416
0.8949096880131363
0.896551724137931
0.8981937602627258
0.8998357963875205
0.9014778325123153
0.90311986863711
0.9047619047619048
0.9064039408866995
0.9080459770114943
0.909688013136289
0.9113300492610837
0.9129720853858785
0.9146141215106732
0.916256157635468
0.9178981937602627
0.9195402298850575
0.9211822660098522
0.922824302134647
0.9244663382594417
0.9261083743842364
0.9277504105090312
0.9293924466338259
0.9295081967213115
0.9296235679214403
0.9297385620915033
0.9298531810766721
0.9299674267100977
0.9315960912052117
0.9317073170731708
0.9318181818181818
0.9319286871961102
0.9320388349514563
0.9321486268174475
0.932258064516129
0.9323671497584541
0.932475884244373
0.9325842696629213
0.9326923076923077
0.9328
0.9329073482428115
0.9330143540669856
0.9331210191082803
0.9332273449920508
0.9333333333333333
0.9349206349206349
0.9365079365079365
0.9380952380952381
0.9396825396825397
0.9397781299524565
0.939873417721519
0.9399684044233807
0.9415481832543444
0.943127962085308
0.9447077409162717
0.9462875197472354
0.9478672985781991
0.9494470774091627
0.9510268562401264
0.95260663507109
0.9541864139020537
0.9557661927330173
0.957345971563981
0.9589257503949447
0.9589905362776026
0.9590551181102362
1.0
1.0
1.0
1.0
1.0
1.0
1.0
1.0
1.0
1.0
1.0
1.0
1.0
1.0
1.0
1.0
1.0
1.0
1.0
1.0
1.0
1.0
1.0
1.0
1.0
1.0
1.0
1.0
1.0
1.0
1.0
1.0
1.0
1.0
1.0
1.0
1.0
1.0
1.0
1.0
1.0
1.0
1.0
1.0
1.0
1.0
1.0
1.0
1.0
1.0
1.0
1.0
1.0
1.0
1.0
1.0
1.0
1.0
1.0
1.0
1.0
1.0
1.0
1.0
1.0
1.0
1.0
1.0
1.0
1.0
1.0
1.0
1.0
1.0
1.0
1.0
1.0
0.5
0.5161290322580645
0.53125
0.5454545454545454
0.5588235294117647
0.5714285714285714
0.5833333333333334
0.5365853658536586
0.5476190476190477
0.5581395348837209
0.5681818181818182
0.5777777777777777
0.5869565217391305
0.5957446808510638
0.6041666666666666
0.6122448979591837
0.62
0.6274509803921569
0.6346153846153846
0.2677165354330709
0.2734375
0.27906976744186046
0.2846153846153846
0.2900763358778626
0.29545454545454547
0.3007518796992481
0.30597014925373134
0.31343283582089554
0.31851851851851853
0.3235294117647059
0.3284671532846715
0.3333333333333333
0.3381294964028777
0.34285714285714286
0.3475177304964539
0.352112676056338
0.35664335664335667
0.3611111111111111
0.3680555555555556
0.375
0.3793103448275862
0.3835616438356164
0.3877551020408163
0.3918918918918919
0.3959731543624161
0.40268456375838924
0.4066666666666667
0.4105960264900662
0.4144736842105263
1.0
1.0
1.0
1.0
1.0
1.0
1.0
1.0
1.0
1.0
1.0
1.0
1.0
1.0
1.0
1.0
1.0
1.0
1.0
1.0
1.0
1.0
1.0
1.0
1.0
1.0
1.0
1.0
1.0
1.0
1.0
1.0
1.0
1.0
1.0
1.0
1.0
1.0
1.0
1.0
1.0
1.0
1.0
1.0
1.0
1.0
1.0
1.0
1.0
1.0
1.0
1.0
1.0
1.0
1.0
1.0
1.0
1.0
1.0
1.0
1.0
1.0
1.0
1.0
1.0
1.0
1.0
1.0
1.0
1.0
1.0
1.0
1.0
1.0
1.0
1.0
1.0
0.5
0.5161290322580645
0.53125
0.5454545454545454
0.5588235294117647
0.5714285714285714
0.5833333333333334
0.5365853658536586
0.5476190476190477
0.5581395348837209
0.5681818181818182
0.5777777777777777
0.5869565217391305
0.5957446808510638
0.6041666666666666
0.6122448979591837
0.62
0.6274509803921569
0.6346153846153846
0.2677165354330709
0.2734375
0.27906976744186046
0.2846153846153846
0.2900763358778626
0.29545454545454547
0.3007518796992481
0.30597014925373134
0.31343283582089554
0.31851851851851853
0.3235294117647059
0.3284671532846715
0.3333333333333333
0.3381294964028777
0.34285714285714286
0.3475177304964539
0.352112676056338
0.35664335664335667
0.3611111111111111
0.3680555555555556
0.375
0.3793103448275862
0.3835616438356164
0.3877551020408163
0.3918918918918919
0.3959731543624161
0.40268456375838924
0.4066666666666667
0.4105960264900662
0.4144736842105263
1.0
1.0
1.0
1.0
1.0
1.0
1.0
1.0
1.0
1.0
1.0
1.0
1.0
1.0
0.5
0.5161290322580645
0.53125
0.5454545454545454
0.5588235294117647
0.5714285714285714
0.5833333333333334
0.5365853658536586
0.5476190476190477
0.5581395348837209
0.5681818181818182
0.5777777777777777
0.5869565217391305
0.5957446808510638
0.6041666666666666
0.6122448979591837
0.62
0.6274509803921569
0.6346153846153846
0.2677165354330709
0.2734375
0.27906976744186046
0.2846153846153846
0.2900763358778626
0.29545454545454547
0.3007518796992481
0.30597014925373134
0.31343283582089554
0.31851851851851853
0.3235294117647059
0.3284671532846715
0.3333333333333333
0.3381294964028777
0.34285714285714286
0.3475177304964539
0.352112676056338
0.35664335664335667
0.3611111111111111
0.3680555555555556
0.375
0.3793103448275862
0.3835616438356164
0.3877551020408163
0.3918918918918919
0.3959731543624161
0.40268456375838924
0.4066666666666667
0.4105960264900662
0.4144736842105263
0.41830065359477125
0.42207792207792205
0.4258064516129032
0.42948717948717946
0.4358974358974359
0.4423076923076923
0.44871794871794873
0.4551282051282051
0.46153846153846156
0.46794871794871795
0.47435897435897434
0.4807692307692308
0.48717948717948717
0.4935897435897436
0.5
0.5031847133757962
0.5063291139240507
0.5094339622641509
0.5125
0.515527950310559
0.5185185185185185
0.5214723926380368
0.524390243902439
0.5272727272727272
0.5301204819277109
0.5329341317365269
0.5357142857142857
0.5384615384615384
0.5411764705882353
0.543859649122807
0.5465116279069767
0.5491329479768786
0.5517241379310345
0.5542857142857143
0.5568181818181818
0.559322033898305
0.5617977528089888
0.5642458100558659
0.5666666666666667
0.569060773480663
0.5714285714285714
0.5737704918032787
0.5760869565217391
0.5783783783783784
0.5806451612903226
0.5828877005347594
0.5851063829787234
0.5873015873015873
0.5894736842105263
0.5916230366492147
0.59375
0.5958549222797928
0.5979381443298969
0.6
0.6020408163265306
0.6040609137055838
0.6060606060606061
0.6080402010050251
0.61
0.6119402985074627
0.6138613861386139
0.6157635467980296
0.6176470588235294
0.6195121951219512
0.6213592233009708
0.6231884057971014
0.625
0.6267942583732058
0.6285714285714286
0.6303317535545023
0.6320754716981132
0.6338028169014085
0.6355140186915887
0.6372093023255814
0.6388888888888888
0.6405529953917051
0.6422018348623854
0.6438356164383562
0.6454545454545455
0.6470588235294118
0.6428571428571429
0.6473214285714286
0.6517857142857143
0.6533333333333333
0.6548672566371682
0.6563876651982379
0.6578947368421053
0.6622807017543859
0.6666666666666666
0.6710526315789473
0.6724890829694323
0.6739130434782609
0.6753246753246753
0.6767241379310345
0.6781115879828327
0.6794871794871795
0.6808510638297872
0.6822033898305084
0.6835443037974683
0.6848739495798319
0.6861924686192469
0.6875
0.6887966804979253
0.6900826446280992
0.691358024691358
0.6926229508196722
0.6938775510204082
0.6951219512195121
0.6963562753036437
0.6975806451612904
0.6987951807228916
0.7028112449799196
0.7068273092369478
0.7108433734939759
0.714859437751004
0.7188755020080321
0.7228915662650602
0.7269076305220884
0.7309236947791165
0.7349397590361446
0.7389558232931727
0.7429718875502008
0.7469879518072289
0.751004016064257
0.7550200803212851
0.7590361445783133
0.7630522088353414
0.7670682730923695
0.7710843373493976
0.7751004016064257
0.7791164658634538
0.7831325301204819
0.7871485943775101
0.7911646586345381
0.7951807228915663
0.7991967871485943
0.8032128514056225
0.8072289156626506
0.8112449799196787
0.8152610441767069
0.8192771084337349
0.8232931726907631
0.8273092369477911
0.8313253012048193
0.8353413654618473
0.8393574297188755
0.8433734939759037
0.8473895582329317
0.8514056224899599
0.8554216867469879
0.8594377510040161
0.86
0.8605577689243028
0.8611111111111112
0.8616600790513834
0.8622047244094488
0.8627450980392157
0.86328125
0.8638132295719845
0.8643410852713178
0.8648648648648649
0.8653846153846154
0.8659003831417624
0.8664122137404581
0.8669201520912547
0.6325966850828729
0.6353591160220995
0.638121546961326
0.6408839779005525
0.643646408839779
0.6464088397790055
0.649171270718232
0.6519337016574586
0.6546961325966851
0.6574585635359116
0.6602209944751382
0.6629834254143646
0.6657458563535912
0.6685082872928176
0.6712707182320442
0.6740331491712708
0.6767955801104972
0.6795580110497238
0.6823204419889503
0.6850828729281768
0.6878453038674033
0.6906077348066298
0.6933701657458563
0.6961325966850829
0.6988950276243094
0.7016574585635359
0.7044198895027625
0.7071823204419889
0.7099447513812155
0.712707182320442
0.7154696132596685
0.7182320441988951
0.7209944751381215
0.7237569060773481
0.7265193370165746
0.7292817679558011
0.7320441988950276
0.7348066298342542
0.7375690607734806
0.7403314917127072
0.7430939226519337
0.7458563535911602
0.7486187845303868
0.7513812154696132
0.7541436464088398
0.7569060773480663
0.7596685082872928
0.7624309392265194
0.7651933701657458
0.7679558011049724
0.7707182320441989
0.7734806629834254
0.7762430939226519
0.7790055248618785
0.7817679558011049
0.7845303867403315
0.787292817679558
0.7900552486187845
0.7928176795580111
0.7955801104972375
0.7983425414364641
0.8011049723756906
0.8016528925619835
0.8021978021978022
0.8027397260273973
0.8032786885245902
0.8038147138964578
0.8065395095367848
0.8092643051771117
0.8119891008174387
0.8147138964577657
0.8174386920980926
0.8201634877384196
0.8228882833787466
0.8256130790190735
0.8283378746594006
0.8310626702997275
0.8337874659400545
0.8365122615803815
0.8392370572207084
0.8419618528610354
0.8446866485013624
0.8474114441416893
0.8501362397820164
0.8528610354223434
0.8555858310626703
0.8583106267029973
0.8610354223433242
0.8614130434782609
0.8617886178861789
0.8621621621621621
0.862533692722372
0.8629032258064516
0.8632707774798928
0.8636363636363636
0.864
0.8643617021276596
0.8647214854111406
0.8134328358208955
0.8159203980099502
0.818407960199005
0.8208955223880597
0.8213399503722084
0.8217821782178217
0.8222222222222222
0.8226600985221675
0.8230958230958231
0.8235294117647058
0.823960880195599
0.8264058679706602
0.8268292682926829
0.8272506082725061
0.8276699029126213
0.8280871670702179
0.8285024154589372
0.8289156626506025
0.8293269230769231
0.829736211031175
0.8301435406698564
0.8325358851674641
0.8349282296650717
0.8373205741626795
0.8397129186602871
0.8421052631578947
0.8444976076555024
0.84688995215311
0.8492822966507177
0.8516746411483254
0.854066985645933
0.8564593301435407
0.8588516746411483
0.861244019138756
0.8636363636363636
0.8660287081339713
0.868421052631579
0.8687350835322196
0.8690476190476191
0.8693586698337292
0.8696682464454977
0.8699763593380615
0.8702830188679245
0.8705882352941177
0.8648018648018648
0.8671328671328671
0.8674418604651163
0.8677494199535963
0.8680555555555556
0.864367816091954
0.8666666666666667
0.8689655172413793
0.871264367816092
0.8715596330275229
0.8718535469107551
0.8721461187214612
0.8473451327433629
0.8495575221238938
0.8517699115044248
0.8539823008849557
0.8561946902654868
0.8584070796460177
0.8606194690265486
0.8628318584070797
0.8650442477876106
0.8672566371681416
0.8694690265486725
0.8716814159292036
0.8738938053097345
0.8761061946902655
0.8783185840707964
0.8785871964679912
0.8788546255506607
0.8602150537634409
0.8623655913978494
0.864516129032258
0.8666666666666667
0.8688172043010752
0.8709677419354839
0.8731182795698925
0.875268817204301
0.8774193548387097
0.8795698924731182
0.8798283261802575
0.880085653104925
0.8803418803418803
0.8805970149253731
0.8808510638297873
0.881104033970276
0.8776371308016878
0.879746835443038
0.8818565400843882
0.8839662447257384
0.8842105263157894
0.884453781512605
0.8846960167714885
0.8849372384937239
0.8851774530271399
0.8854166666666666
0.8856548856548857
0.8626262626262626
0.8646464646464647
0.8666666666666667
0.8686868686868687
0.8707070707070707
0.8727272727272727
0.8747474747474747
0.8767676767676768
0.8787878787878788
0.8808080808080808
0.8828282828282829
0.8848484848484849
0.8868686868686869
0.8870967741935484
0.8873239436619719
0.8875502008032129
0.8877755511022044
0.888
0.8882235528942116
0.8884462151394422
0.8886679920477137
0.8888888888888888
0.8891089108910891
0.8893280632411067
0.8895463510848126
0.889763779527559
0.8899803536345776
0.8901960784313725
0.8904109589041096
0.890625
0.8908382066276803
0.8372943327239488
0.8391224862888482
0.8409506398537477
0.8412408759124088
0.8415300546448088
0.8418181818181818
0.8421052631578947
0.842391304347826
0.8426763110307414
0.8429602888086642
0.8432432432432433
0.8435251798561151
0.8438061041292639
0.8440860215053764
0.8443649373881932
0.8446428571428571
0.8449197860962567
0.8451957295373665
0.8454706927175843
0.8457446808510638
0.8460176991150442
0.8462897526501767
0.8465608465608465
0.846830985915493
0.8471001757469244
0.8473684210526315
0.8476357267950964
0.8479020979020979
0.8481675392670157
0.8484320557491289
0.8486956521739131
0.8489583333333334
0.8492201039861352
0.8509532062391681
0.8512110726643599
0.8514680483592401
0.853195164075993
0.853448275862069
0.8551724137931035
0.8568965517241379
0.8586206896551725
0.8603448275862069
0.8620689655172413
0.8623063683304647
0.8625429553264605
0.8627787307032591
0.863013698630137
0.8632478632478633
0.863481228668942
0.8637137989778535
0.8639455782312925
0.8641765704584041
0.864406779661017
0.8646362098138748
0.8648648648648649
0.8650927487352446
0.8653198653198653
0.865546218487395
0.8657718120805369
0.8659966499162479
0.8662207357859532
0.8664440734557596
0.8666666666666667
0.8668885191347754
0.867109634551495
0.867330016583748
0.8675496688741722
0.8677685950413223
0.8679867986798679
0.8682042833607908
0.8698517298187809
0.871499176276771
0.8731466227347611
0.8747940691927513
0.8764415156507414
0.8780889621087314
0.8797364085667215
0.8813838550247117
0.881578947368421
0.8832236842105263
0.8834154351395731
0.8850574712643678
0.8866995073891626
0.8883415435139573
0.8899835796387521
0.8916256157635468
0.8932676518883416
0.8949096880131363
0.896551724137931
0.8981937602627258
0.8998357963875205
0.9014778325123153
0.90311986863711
0.9047619047619048
0.9064039408866995
0.9080459770114943
0.909688013136289
0.9113300492610837
0.9129720853858785
0.9146141215106732
0.916256157635468
0.9178981937602627
0.9195402298850575
0.9211822660098522
0.922824302134647
0.9244663382594417
0.9261083743842364
0.9277504105090312
0.9293924466338259
0.9295081967213115
0.9296235679214403
0.9297385620915033
0.9298531810766721
0.9299674267100977
0.9315960912052117
0.9317073170731708
0.9318181818181818
0.9319286871961102
0.9320388349514563
0.9321486268174475
0.932258064516129
0.9323671497584541
0.932475884244373
0.9325842696629213
0.9326923076923077
0.9328
0.9329073482428115
0.9330143540669856
0.9331210191082803
0.9332273449920508
0.9333333333333333
0.9349206349206349
0.9365079365079365
0.9380952380952381
0.9396825396825397
0.9397781299524565
0.939873417721519
0.9399684044233807
1.0
1.0
1.0
1.0
1.0
1.0
1.0
1.0
1.0
1.0
1.0
1.0
1.0
1.0
0.5
0.5161290322580645
0.53125
0.5454545454545454
0.5588235294117647
0.5714285714285714
0.5833333333333334
0.5365853658536586
0.5476190476190477
0.5581395348837209
0.5681818181818182
0.5777777777777777
0.5869565217391305
0.5957446808510638
0.6041666666666666
0.6122448979591837
0.62
0.6274509803921569
0.6346153846153846
0.2677165354330709
0.2734375
0.27906976744186046
0.2846153846153846
0.2900763358778626
0.29545454545454547
0.3007518796992481
0.30597014925373134
0.31343283582089554
0.31851851851851853
0.3235294117647059
0.3284671532846715
0.3333333333333333
0.3381294964028777
0.34285714285714286
0.3475177304964539
0.352112676056338
0.35664335664335667
0.3611111111111111
0.3680555555555556
0.375
0.3793103448275862
0.3835616438356164
0.3877551020408163
0.3918918918918919
0.3959731543624161
0.40268456375838924
0.4066666666666667
0.4105960264900662
0.4144736842105263
0.41830065359477125
0.42207792207792205
0.4258064516129032
0.42948717948717946
0.4358974358974359
0.4423076923076923
0.44871794871794873
0.4551282051282051
0.46153846153846156
0.46794871794871795
0.47435897435897434
0.4807692307692308
0.48717948717948717
0.4935897435897436
0.5
0.5031847133757962
0.5063291139240507
0.5094339622641509
0.5125
0.515527950310559
0.5185185185185185
0.5214723926380368
0.524390243902439
0.5272727272727272
0.5301204819277109
0.5329341317365269
0.5357142857142857
0.5384615384615384
0.5411764705882353
0.543859649122807
0.5465116279069767
0.5491329479768786
0.5517241379310345
0.5542857142857143
0.5568181818181818
0.559322033898305
0.5617977528089888
0.5642458100558659
0.5666666666666667
0.569060773480663
0.5714285714285714
0.5737704918032787
0.5760869565217391
0.5783783783783784
0.5806451612903226
0.5828877005347594
0.5851063829787234
0.5873015873015873
0.5894736842105263
0.5916230366492147
0.59375
0.5958549222797928
0.5979381443298969
0.6
0.6020408163265306
0.6040609137055838
0.6060606060606061
0.6080402010050251
0.61
0.6119402985074627
0.6138613861386139
0.6157635467980296
0.6176470588235294
0.6195121951219512
0.6213592233009708
0.6231884057971014
0.625
0.6267942583732058
0.6285714285714286
0.6303317535545023
0.6320754716981132
0.6338028169014085
0.6355140186915887
0.6372093023255814
0.6388888888888888
0.6405529953917051
0.6422018348623854
0.6438356164383562
0.6454545454545455
0.6470588235294118
0.6428571428571429
0.6473214285714286
0.6517857142857143
0.6533333333333333
0.6548672566371682
0.6563876651982379
0.6578947368421053
0.6622807017543859
0.6666666666666666
0.6710526315789473
0.6724890829694323
0.6739130434782609
0.6753246753246753
0.6767241379310345
0.6781115879828327
0.6794871794871795
0.6808510638297872
0.6822033898305084
0.6835443037974683
0.6848739495798319
0.6861924686192469
0.6875
0.6887966804979253
0.6900826446280992
0.691358024691358
0.6926229508196722
0.6938775510204082
0.6951219512195121
0.6963562753036437
0.6975806451612904
0.6987951807228916
0.7028112449799196
0.7068273092369478
0.7108433734939759
0.714859437751004
0.7188755020080321
0.7228915662650602
0.7269076305220884
0.7309236947791165
0.7349397590361446
0.7389558232931727
0.7429718875502008
0.7469879518072289
0.751004016064257
0.7550200803212851
0.7590361445783133
0.7630522088353414
0.7670682730923695
0.7710843373493976
0.7751004016064257
0.7791164658634538
0.7831325301204819
0.7871485943775101
0.7911646586345381
0.7951807228915663
0.7991967871485943
0.8032128514056225
0.8072289156626506
0.8112449799196787
0.8152610441767069
0.8192771084337349
0.8232931726907631
0.8273092369477911
0.8313253012048193
0.8353413654618473
0.8393574297188755
0.8433734939759037
0.8473895582329317
0.8514056224899599
0.8554216867469879
0.8594377510040161
0.86
0.8605577689243028
0.8611111111111112
0.8616600790513834
0.8622047244094488
0.8627450980392157
0.86328125
0.8638132295719845
0.8643410852713178
0.8648648648648649
0.8653846153846154
0.8659003831417624
0.8664122137404581
0.8669201520912547
0.6325966850828729
0.6353591160220995
0.638121546961326
0.6408839779005525
0.643646408839779
0.6464088397790055
0.649171270718232
0.6519337016574586
0.6546961325966851
0.6574585635359116
0.6602209944751382
0.6629834254143646
0.6657458563535912
0.6685082872928176
0.6712707182320442
0.6740331491712708
0.6767955801104972
0.6795580110497238
0.6823204419889503
0.6850828729281768
0.6878453038674033
0.6906077348066298
0.6933701657458563
0.6961325966850829
0.6988950276243094
0.7016574585635359
0.7044198895027625
0.7071823204419889
0.7099447513812155
0.712707182320442
0.7154696132596685
0.7182320441988951
0.7209944751381215
0.7237569060773481
0.7265193370165746
0.7292817679558011
0.7320441988950276
0.7348066298342542
0.7375690607734806
0.7403314917127072
0.7430939226519337
0.7458563535911602
0.7486187845303868
0.7513812154696132
0.7541436464088398
0.7569060773480663
0.7596685082872928
0.7624309392265194
0.7651933701657458
0.7679558011049724
0.7707182320441989
0.7734806629834254
0.7762430939226519
0.7790055248618785
0.7817679558011049
0.7845303867403315
0.787292817679558
0.7900552486187845
0.7928176795580111
0.7955801104972375
0.7983425414364641
0.8011049723756906
0.8016528925619835
0.8021978021978022
0.8027397260273973
0.8032786885245902
0.8038147138964578
0.8065395095367848
0.8092643051771117
0.8119891008174387
0.8147138964577657
0.8174386920980926
0.8201634877384196
0.8228882833787466
0.8256130790190735
0.8283378746594006
0.8310626702997275
0.8337874659400545
0.8365122615803815
0.8392370572207084
0.8419618528610354
0.8446866485013624
0.8474114441416893
0.8501362397820164
0.8528610354223434
0.8555858310626703
0.8583106267029973
0.8610354223433242
0.8614130434782609
0.8617886178861789
0.8621621621621621
0.862533692722372
0.8629032258064516
0.8632707774798928
0.8636363636363636
0.864
0.8643617021276596
0.8647214854111406
0.8134328358208955
0.8159203980099502
0.818407960199005
0.8208955223880597
0.8213399503722084
0.8217821782178217
0.8222222222222222
0.8226600985221675
0.8230958230958231
0.8235294117647058
0.823960880195599
0.8264058679706602
0.8268292682926829
0.8272506082725061
0.8276699029126213
0.8280871670702179
0.8285024154589372
0.8289156626506025
0.8293269230769231
0.829736211031175
0.8301435406698564
0.8325358851674641
0.8349282296650717
0.8373205741626795
0.8397129186602871
0.8421052631578947
0.8444976076555024
0.84688995215311
0.8492822966507177
0.8516746411483254
0.854066985645933
0.8564593301435407
0.8588516746411483
0.861244019138756
0.8636363636363636
0.8660287081339713
0.868421052631579
0.8687350835322196
0.8690476190476191
0.8693586698337292
0.8696682464454977
0.8699763593380615
0.8702830188679245
0.8705882352941177
0.8648018648018648
0.8671328671328671
0.8674418604651163
0.8677494199535963
0.8680555555555556
0.864367816091954
0.8666666666666667
0.8689655172413793
0.871264367816092
0.8715596330275229
0.8718535469107551
0.8721461187214612
0.8473451327433629
0.8495575221238938
0.8517699115044248
0.8539823008849557
0.8561946902654868
0.8584070796460177
0.8606194690265486
0.8628318584070797
0.8650442477876106
0.8672566371681416
0.8694690265486725
0.8716814159292036
0.8738938053097345
0.8761061946902655
0.8783185840707964
0.8785871964679912
0.8788546255506607
0.8602150537634409
0.8623655913978494
0.864516129032258
0.8666666666666667
0.8688172043010752
0.8709677419354839
0.8731182795698925
0.875268817204301
0.8774193548387097
0.8795698924731182
0.8798283261802575
0.880085653104925
0.8803418803418803
0.8805970149253731
0.8808510638297873
0.881104033970276
0.8776371308016878
0.879746835443038
0.8818565400843882
0.8839662447257384
0.8842105263157894
0.884453781512605
0.8846960167714885
0.8849372384937239
0.8851774530271399
0.8854166666666666
0.8856548856548857
0.8626262626262626
0.8646464646464647
0.8666666666666667
0.8686868686868687
0.8707070707070707
0.8727272727272727
0.8747474747474747
0.8767676767676768
0.8787878787878788
0.8808080808080808
0.8828282828282829
0.8848484848484849
0.8868686868686869
0.8870967741935484
0.8873239436619719
0.8875502008032129
0.8877755511022044
0.888
0.8882235528942116
0.8884462151394422
0.8886679920477137
0.8888888888888888
0.8891089108910891
0.8893280632411067
0.8895463510848126
0.889763779527559
0.8899803536345776
0.8901960784313725
0.8904109589041096
0.890625
0.8908382066276803
0.8372943327239488
0.8391224862888482
0.8409506398537477
0.8412408759124088
0.8415300546448088
0.8418181818181818
0.8421052631578947
0.842391304347826
0.8426763110307414
0.8429602888086642
0.8432432432432433
0.8435251798561151
0.8438061041292639
0.8440860215053764
0.8443649373881932
0.8446428571428571
0.8449197860962567
0.8451957295373665
0.8454706927175843
0.8457446808510638
0.8460176991150442
0.8462897526501767
0.8465608465608465
0.846830985915493
0.8471001757469244
0.8473684210526315
0.8476357267950964
0.8479020979020979
0.8481675392670157
0.8484320557491289
0.8486956521739131
0.8489583333333334
0.8492201039861352
0.8509532062391681
0.8512110726643599
0.8514680483592401
0.853195164075993
0.853448275862069
0.8551724137931035
0.8568965517241379
0.8586206896551725
0.8603448275862069
0.8620689655172413
0.8623063683304647
0.8625429553264605
0.8627787307032591
0.863013698630137
0.8632478632478633
0.863481228668942
0.8637137989778535
0.8639455782312925
0.8641765704584041
0.864406779661017
0.8646362098138748
0.8648648648648649
0.8650927487352446
0.8653198653198653
0.865546218487395
0.8657718120805369
0.8659966499162479
0.8662207357859532
0.8664440734557596
0.8666666666666667
0.8668885191347754
0.867109634551495
0.867330016583748
0.8675496688741722
0.8677685950413223
0.8679867986798679
0.8682042833607908
0.8698517298187809
0.871499176276771
0.8731466227347611
0.8747940691927513
0.8764415156507414
0.8780889621087314
0.8797364085667215
0.8813838550247117
0.881578947368421
0.8832236842105263
0.8834154351395731
0.8850574712643678
0.8866995073891626
0.8883415435139573
0.8899835796387521
0.8916256157635468
0.8932676518883416
0.8949096880131363
0.896551724137931
0.8981937602627258
0.8998357963875205
0.9014778325123153
0.90311986863711
0.9047619047619048
0.9064039408866995
0.9080459770114943
0.909688013136289
0.9113300492610837
0.9129720853858785
0.9146141215106732
0.916256157635468
0.9178981937602627
0.9195402298850575
0.9211822660098522
0.922824302134647
0.9244663382594417
0.9261083743842364
0.9277504105090312
0.9293924466338259
0.9295081967213115
0.9296235679214403
0.9297385620915033
0.9298531810766721
0.9299674267100977
0.9315960912052117
0.9317073170731708
0.9318181818181818
0.9319286871961102
0.9320388349514563
0.9321486268174475
0.932258064516129
0.9323671497584541
0.932475884244373
0.9325842696629213
0.9326923076923077
0.9328
0.9329073482428115
0.9330143540669856
0.9331210191082803
0.9332273449920508
0.9333333333333333
0.9349206349206349
0.9365079365079365
0.9380952380952381
0.9396825396825397
0.9397781299524565
0.939873417721519
0.9399684044233807
0.9415481832543444
0.943127962085308
0.9447077409162717
0.9462875197472354
0.9478672985781991
0.9494470774091627
0.9510268562401264
0.95260663507109
0.9541864139020537
0.9557661927330173
0.957345971563981
0.9574132492113565
0.9574803149606299
0.9575471698113207
0.957613814756672
0.957680250783699
0.9577464788732394
0.9578125
0.9578783151326054
0.9579439252336449
0.9580093312597201
0.9580745341614907
0.9596273291925466
0.9611801242236024
0.9627329192546584
0.9642857142857143
0.9658385093167702
1.0
1.0
1.0
1.0
1.0
1.0
1.0
1.0
1.0
1.0
1.0
1.0
1.0
1.0
0.5
0.5161290322580645
0.53125
0.5454545454545454
0.5588235294117647
0.5714285714285714
0.5833333333333334
0.5365853658536586
0.5476190476190477
0.5581395348837209
0.5681818181818182
0.5777777777777777
0.5869565217391305
0.5957446808510638
0.6041666666666666
0.6122448979591837
0.62
0.6274509803921569
0.6346153846153846
0.2677165354330709
0.2734375
0.27906976744186046
0.2846153846153846
0.2900763358778626
0.29545454545454547
0.3007518796992481
0.30597014925373134
0.31343283582089554
0.31851851851851853
0.3235294117647059
0.3284671532846715
0.3333333333333333
0.3381294964028777
0.34285714285714286
0.3475177304964539
0.352112676056338
0.35664335664335667
0.3611111111111111
0.3680555555555556
0.375
0.3793103448275862
0.3835616438356164
0.3877551020408163
0.3918918918918919
0.3959731543624161
0.40268456375838924
0.4066666666666667
0.4105960264900662
0.4144736842105263
0.41830065359477125
0.42207792207792205
0.4258064516129032
0.42948717948717946
0.4358974358974359
0.4423076923076923
0.44871794871794873
0.4551282051282051
0.46153846153846156
0.46794871794871795
0.47435897435897434
0.4807692307692308
0.48717948717948717
0.4935897435897436
0.5
0.5031847133757962
0.5063291139240507
0.5094339622641509
0.5125
0.515527950310559
0.5185185185185185
0.5214723926380368
0.524390243902439
0.5272727272727272
0.5301204819277109
0.5329341317365269
0.5357142857142857
0.5384615384615384
0.5411764705882353
0.543859649122807
0.5465116279069767
0.5491329479768786
0.5517241379310345
0.5542857142857143
0.5568181818181818
0.559322033898305
0.5617977528089888
0.5642458100558659
0.5666666666666667
0.569060773480663
0.5714285714285714
0.5737704918032787
0.5760869565217391
0.5783783783783784
0.5806451612903226
0.5828877005347594
0.5851063829787234
0.5873015873015873
0.5894736842105263
0.5916230366492147
0.59375
0.5958549222797928
0.5979381443298969
0.6
0.6020408163265306
0.6040609137055838
0.6060606060606061
0.6080402010050251
0.61
0.6119402985074627
0.6138613861386139
0.6157635467980296
0.6176470588235294
0.6195121951219512
0.6213592233009708
0.6231884057971014
0.625
0.6267942583732058
0.6285714285714286
0.6303317535545023
0.6320754716981132
0.6338028169014085
0.6355140186915887
0.6372093023255814
0.6388888888888888
0.6405529953917051
0.6422018348623854
0.6438356164383562
0.6454545454545455
0.6470588235294118
0.6428571428571429
0.6473214285714286
0.6517857142857143
0.6533333333333333
0.6548672566371682
0.6563876651982379
0.6578947368421053
0.6622807017543859
0.6666666666666666
0.6710526315789473
0.6724890829694323
0.6739130434782609
0.6753246753246753
0.6767241379310345
0.6781115879828327
0.6794871794871795
0.6808510638297872
0.6822033898305084
0.6835443037974683
0.6848739495798319
0.6861924686192469
0.6875
0.6887966804979253
0.6900826446280992
0.691358024691358
0.6926229508196722
0.6938775510204082
0.6951219512195121
0.6963562753036437
0.6975806451612904
0.6987951807228916
0.7028112449799196
0.7068273092369478
0.7108433734939759
0.714859437751004
0.7188755020080321
0.7228915662650602
0.7269076305220884
0.7309236947791165
0.7349397590361446
0.7389558232931727
0.7429718875502008
0.7469879518072289
0.751004016064257
0.7550200803212851
0.7590361445783133
0.7630522088353414
0.7670682730923695
0.7710843373493976
0.7751004016064257
0.7791164658634538
0.7831325301204819
0.7871485943775101
0.7911646586345381
0.7951807228915663
0.7991967871485943
0.8032128514056225
0.8072289156626506
0.8112449799196787
0.8152610441767069
0.8192771084337349
0.8232931726907631
0.8273092369477911
0.8313253012048193
0.8353413654618473
0.8393574297188755
0.8433734939759037
0.8473895582329317
0.8514056224899599
0.8554216867469879
0.8594377510040161
0.86
0.8605577689243028
0.8611111111111112
0.8616600790513834
0.8622047244094488
0.8627450980392157
0.86328125
0.8638132295719845
0.8643410852713178
0.8648648648648649
0.8653846153846154
0.8659003831417624
0.8664122137404581
0.8669201520912547
0.6325966850828729
0.6353591160220995
0.638121546961326
0.6408839779005525
0.643646408839779
0.6464088397790055
0.649171270718232
0.6519337016574586
0.6546961325966851
0.6574585635359116
0.6602209944751382
0.6629834254143646
0.6657458563535912
0.6685082872928176
0.6712707182320442
0.6740331491712708
0.6767955801104972
0.6795580110497238
0.6823204419889503
0.6850828729281768
0.6878453038674033
0.6906077348066298
0.6933701657458563
0.6961325966850829
0.6988950276243094
0.7016574585635359
0.7044198895027625
0.7071823204419889
0.7099447513812155
0.712707182320442
0.7154696132596685
0.7182320441988951
0.7209944751381215
0.7237569060773481
0.7265193370165746
0.7292817679558011
0.7320441988950276
0.7348066298342542
0.7375690607734806
0.7403314917127072
0.7430939226519337
0.7458563535911602
0.7486187845303868
0.7513812154696132
0.7541436464088398
0.7569060773480663
0.7596685082872928
0.7624309392265194
0.7651933701657458
0.7679558011049724
0.7707182320441989
0.7734806629834254
0.7762430939226519
0.7790055248618785
0.7817679558011049
0.7845303867403315
0.787292817679558
0.7900552486187845
0.7928176795580111
0.7955801104972375
0.7983425414364641
0.8011049723756906
0.8016528925619835
0.8021978021978022
0.8027397260273973
0.8032786885245902
0.8038147138964578
0.8065395095367848
0.8092643051771117
0.8119891008174387
0.8147138964577657
0.8174386920980926
0.8201634877384196
0.8228882833787466
0.8256130790190735
0.8283378746594006
0.8310626702997275
0.8337874659400545
0.8365122615803815
0.8392370572207084
0.8419618528610354
0.8446866485013624
0.8474114441416893
0.8501362397820164
0.8528610354223434
0.8555858310626703
0.8583106267029973
0.8610354223433242
0.8614130434782609
0.8617886178861789
0.8621621621621621
0.862533692722372
0.8629032258064516
0.8632707774798928
0.8636363636363636
0.864
0.8643617021276596
0.8647214854111406
0.8134328358208955
0.8159203980099502
0.818407960199005
0.8208955223880597
0.8213399503722084
0.8217821782178217
0.8222222222222222
0.8226600985221675
0.8230958230958231
0.8235294117647058
0.823960880195599
0.8264058679706602
0.8268292682926829
0.8272506082725061
0.8276699029126213
0.8280871670702179
0.8285024154589372
0.8289156626506025
0.8293269230769231
0.829736211031175
0.8301435406698564
0.8325358851674641
0.8349282296650717
0.8373205741626795
0.8397129186602871
0.8421052631578947
0.8444976076555024
0.84688995215311
0.8492822966507177
0.8516746411483254
0.854066985645933
0.8564593301435407
0.8588516746411483
0.861244019138756
0.8636363636363636
0.8660287081339713
0.868421052631579
0.8687350835322196
0.8690476190476191
0.8693586698337292
0.8696682464454977
0.8699763593380615
0.8702830188679245
0.8705882352941177
0.8648018648018648
0.8671328671328671
0.8674418604651163
0.8677494199535963
0.8680555555555556
0.864367816091954
0.8666666666666667
0.8689655172413793
0.871264367816092
0.8715596330275229
0.8718535469107551
0.8721461187214612
0.8473451327433629
0.8495575221238938
0.8517699115044248
0.8539823008849557
0.8561946902654868
0.8584070796460177
0.8606194690265486
0.8628318584070797
0.8650442477876106
0.8672566371681416
0.8694690265486725
0.8716814159292036
0.8738938053097345
0.8761061946902655
0.8783185840707964
0.8785871964679912
0.8788546255506607
0.8602150537634409
0.8623655913978494
0.864516129032258
0.8666666666666667
0.8688172043010752
0.8709677419354839
0.8731182795698925
0.875268817204301
0.8774193548387097
0.8795698924731182
0.8798283261802575
0.880085653104925
0.8803418803418803
0.8805970149253731
0.8808510638297873
0.881104033970276
0.8776371308016878
0.879746835443038
0.8818565400843882
0.8839662447257384
0.8842105263157894
0.884453781512605
0.8846960167714885
0.8849372384937239
0.8851774530271399
0.8854166666666666
0.8856548856548857
0.8626262626262626
0.8646464646464647
0.8666666666666667
0.8686868686868687
0.8707070707070707
0.8727272727272727
0.8747474747474747
0.8767676767676768
0.8787878787878788
0.8808080808080808
0.8828282828282829
0.8848484848484849
0.8868686868686869
0.8870967741935484
0.8873239436619719
0.8875502008032129
0.8877755511022044
0.888
0.8882235528942116
0.8884462151394422
0.8886679920477137
0.8888888888888888
0.8891089108910891
0.8893280632411067
0.8895463510848126
0.889763779527559
0.8899803536345776
0.8901960784313725
0.8904109589041096
0.890625
0.8908382066276803
0.8372943327239488
0.8391224862888482
0.8409506398537477
0.8412408759124088
0.8415300546448088
0.8418181818181818
0.8421052631578947
0.842391304347826
0.8426763110307414
0.8429602888086642
0.8432432432432433
0.8435251798561151
0.8438061041292639
0.8440860215053764
0.8443649373881932
0.8446428571428571
0.8449197860962567
0.8451957295373665
0.8454706927175843
0.8457446808510638
0.8460176991150442
0.8462897526501767
0.8465608465608465
0.846830985915493
0.8471001757469244
0.8473684210526315
0.8476357267950964
0.8479020979020979
0.8481675392670157
0.8484320557491289
0.8486956521739131
0.8489583333333334
0.8492201039861352
0.8509532062391681
0.8512110726643599
0.8514680483592401
0.853195164075993
0.853448275862069
0.8551724137931035
0.8568965517241379
0.8586206896551725
0.8603448275862069
0.8620689655172413
0.8623063683304647
0.8625429553264605
0.8627787307032591
0.863013698630137
0.8632478632478633
0.863481228668942
0.8637137989778535
0.8639455782312925
0.8641765704584041
0.864406779661017
0.8646362098138748
0.8648648648648649
0.8650927487352446
0.8653198653198653
0.865546218487395
0.8657718120805369
0.8659966499162479
0.8662207357859532
0.8664440734557596
0.8666666666666667
0.8668885191347754
0.867109634551495
0.867330016583748
0.8675496688741722
0.8677685950413223
0.8679867986798679
0.8682042833607908
0.8698517298187809
0.871499176276771
0.8731466227347611
0.8747940691927513
0.8764415156507414
0.8780889621087314
0.8797364085667215
0.8813838550247117
0.881578947368421
0.8832236842105263
0.8834154351395731
0.8850574712643678
0.8866995073891626
0.8883415435139573
0.8899835796387521
0.8916256157635468
0.8932676518883416
0.8949096880131363
0.896551724137931
0.8981937602627258
0.8998357963875205
0.9014778325123153
0.90311986863711
0.9047619047619048
0.9064039408866995
0.9080459770114943
0.909688013136289
0.9113300492610837
0.9129720853858785
0.9146141215106732
0.916256157635468
0.9178981937602627
0.9195402298850575
0.9211822660098522
0.922824302134647
0.9244663382594417
0.9261083743842364
0.9277504105090312
0.9293924466338259
0.9295081967213115
0.9296235679214403
0.9297385620915033
0.9298531810766721
0.9299674267100977
0.9315960912052117
0.9317073170731708
0.9318181818181818
0.9319286871961102
0.9320388349514563
0.9321486268174475
0.932258064516129
0.9323671497584541
0.932475884244373
0.9325842696629213
0.9326923076923077
0.9328
0.9329073482428115
0.9330143540669856
0.9331210191082803
0.9332273449920508
0.9333333333333333
0.9349206349206349
0.9365079365079365
0.9380952380952381
0.9396825396825397
0.9397781299524565
0.939873417721519
0.9399684044233807
0.9415481832543444
0.943127962085308
0.9447077409162717
0.9462875197472354
0.9478672985781991
0.9494470774091627
0.9510268562401264
0.95260663507109
0.9541864139020537
0.9557661927330173
0.957345971563981
0.9574132492113565
0.9574803149606299
0.9575471698113207
0.957613814756672
0.957680250783699
0.9577464788732394
0.9578125
0.9578783151326054
0.9579439252336449
0.9580093312597201
0.9580745341614907
0.9596273291925466
0.9611801242236024
0.9627329192546584
0.9642857142857143
0.9658385093167702
