1.0
1.0
1.0
1.0
1.0
1.0
1.0
1.0
0.9
1.0
0.9166666666666666
1.0
0.38235294117647056
0.4117647058823529
0.4411764705882353
0.47058823529411764
0.5
0.5294117647058824
0.5588235294117647
0.5882352941176471
0.6176470588235294
0.6470588235294118
0.6764705882352942
0.7058823529411765
0.7352941176470589
0.7647058823529411
0.7941176470588235
0.8235294117647058
1.0
1.0
1.0
1.0
1.0
1.0
1.0
1.0
0.9
1.0
0.34375
0.375
0.40625
0.4375
0.46875
0.48484848484848486
0.5
0.5294117647058824
0.5588235294117647
0.5882352941176471
0.6176470588235294
0.6470588235294118
0.6764705882352942
0.7058823529411765
0.7352941176470589
0.7647058823529411
0.7941176470588235
0.8235294117647058
1.0
1.0
1.0
1.0
1.0
1.0
1.0
1.0
0.3
0.3333333333333333
0.36666666666666664
0.4
0.43333333333333335
0.45161290322580644
0.46875
0.5
0.53125
0.5625
0.59375
0.625
0.65625
0.6875
0.71875
0.75
0.78125
0.8125
1.0
1.0
1.0
1.0
1.0
1.0
1.0
1.0
0.9
1.0
0.34375
0.375
0.40625
0.4375
0.46875
0.48484848484848486
0.5
0.5294117647058824
0.5588235294117647
0.5882352941176471
0.6176470588235294
0.6470588235294118
0.6764705882352942
0.7058823529411765
0.7352941176470589
0.7647058823529411
0.7941176470588235
0.8235294117647058
1.0
1.0
1.0
1.0
1.0
1.0
1.0
1.0
0.9
1.0
0.34375
0.375
0.40625
0.4375
0.46875
0.48484848484848486
0.5
0.5294117647058824
0.5588235294117647
0.5882352941176471
0.6176470588235294
0.6470588235294118
0.6764705882352942
0.7058823529411765
0.7352941176470589
0.7647058823529411
0.7941176470588235
0.8235294117647058
1.0
1.0
1.0
1.0
1.0
1.0
1.0
1.0
0.9
1.0
0.34375
0.375
0.40625
0.4375
0.46875
0.48484848484848486
0.5
0.5294117647058824
0.5588235294117647
0.5882352941176471
0.6176470588235294
0.6470588235294118
0.6764705882352942
0.7058823529411765
0.7352941176470589
0.7647058823529411
0.7941176470588235
0.8235294117647058
1.0
1.0
1.0
1.0
1.0
1.0
1.0
1.0
0.9
1.0
0.34375
0.375
0.40625
0.4375
0.46875
0.48484848484848486
0.5
0.5294117647058824
0.5588235294117647
0.5882352941176471
0.6176470588235294
0.6470588235294118
0.6764705882352942
0.7058823529411765
0.7352941176470589
0.7647058823529411
0.7941176470588235
0.8235294117647058
