1.0
1.0
1.0
1.0
1.0
1.0
1.0
1.0
1.0
1.0
1.0
1.0
0.40625
0.4375
0.46875
0.5
0.53125
0.5454545454545454
0.5757575757575758
0.6060606060606061
0.6363636363636364
0.6666666666666666
0.696969696969697
0.7272727272727273
0.7575757575757576
0.7878787878787878
0.8181818181818182
0.8484848484848485
0.8787878787878788
0.9090909090909091
0.9393939393939394
0.9411764705882353
0.9428571428571428
0.9444444444444444
0.9459459459459459
0.9473684210526315
0.9487179487179487
0.95
1.0
1.0
1.0
1.0
1.0
1.0
1.0
1.0
1.0
1.0
1.0
1.0
0.40625
0.4375
0.46875
0.5
0.53125
0.5454545454545454
0.5757575757575758
0.6060606060606061
0.6363636363636364
0.6666666666666666
0.696969696969697
0.7272727272727273
0.7575757575757576
0.7878787878787878
0.8181818181818182
0.8484848484848485
0.8787878787878788
0.9090909090909091
0.9393939393939394
0.9411764705882353
0.9428571428571428
0.9444444444444444
0.9459459459459459
0.9473684210526315
0.9487179487179487
0.95
1.0
1.0
1.0
1.0
1.0
1.0
1.0
1.0
1.0
1.0
1.0
1.0
1.0
1.0
1.0
1.0
1.0
1.0
1.0
1.0
1.0
1.0
1.0
1.0
0.40625
0.4375
0.46875
0.5
0.53125
0.5454545454545454
0.5757575757575758
0.6060606060606061
0.6363636363636364
0.6666666666666666
0.696969696969697
0.7272727272727273
0.7575757575757576
0.7878787878787878
0.8181818181818182
0.8484848484848485
0.8787878787878788
0.9090909090909091
0.9393939393939394
0.9411764705882353
0.9428571428571428
0.9444444444444444
0.9459459459459459
0.9473684210526315
0.9487179487179487
0.95
1.0
1.0
1.0
1.0
1.0
1.0
1.0
1.0
1.0
1.0
1.0
1.0
0.40625
0.4375
0.46875
0.5
0.53125
0.5454545454545454
0.5757575757575758
0.6060606060606061
0.6363636363636364
0.6666666666666666
0.696969696969697
0.7272727272727273
0.7575757575757576
0.7878787878787878
0.8181818181818182
0.8484848484848485
0.8787878787878788
0.9090909090909091
0.9393939393939394
0.9411764705882353
0.9428571428571428
0.9444444444444444
0.9459459459459459
0.9473684210526315
0.9487179487179487
0.95
1.0
1.0
1.0
1.0
1.0
1.0
1.0
1.0
1.0
1.0
1.0
1.0
0.40625
0.4375
0.46875
0.5
0.53125
0.5454545454545454
0.5757575757575758
0.6060606060606061
0.6363636363636364
0.6666666666666666
0.696969696969697
0.7272727272727273
0.7575757575757576
0.7878787878787878
0.8181818181818182
0.8484848484848485
0.8787878787878788
0.9090909090909091
0.9393939393939394
0.9411764705882353
0.9428571428571428
0.9444444444444444
0.9459459459459459
0.9473684210526315
0.9487179487179487
0.95
1.0
1.0
1.0
1.0
1.0
1.0
1.0
1.0
1.0
1.0
1.0
1.0
0.40625
0.4375
0.46875
0.5
0.53125
0.5454545454545454
0.5757575757575758
0.6060606060606061
0.6363636363636364
0.6666666666666666
0.696969696969697
0.7272727272727273
0.7575757575757576
0.7878787878787878
0.8181818181818182
0.8484848484848485
0.8787878787878788
0.9090909090909091
0.9393939393939394
0.9411764705882353
0.9428571428571428
0.9444444444444444
0.9459459459459459
0.9473684210526315
0.9487179487179487
0.95
