1.0
1.0
1.0
1.0
1.0
1.0
1.0
1.0
1.0
1.0
0.3548387096774194
0.3870967741935484
0.41935483870967744
0.45161290322580644
0.4838709677419355
0.5161290322580645
0.5483870967741935
0.5806451612903226
0.6129032258064516
0.6451612903225806
0.6774193548387096
0.7096774193548387
0.7419354838709677
0.7741935483870968
0.8064516129032258
0.8387096774193549
0.8709677419354839
0.9032258064516129
0.9354838709677419
1.0
1.0
1.0
1.0
1.0
1.0
1.0
1.0
1.0
1.0
0.3548387096774194
0.3870967741935484
0.41935483870967744
0.45161290322580644
0.4838709677419355
0.5161290322580645
0.5483870967741935
0.5806451612903226
0.6129032258064516
0.6451612903225806
0.6774193548387096
0.7096774193548387
0.7419354838709677
0.7741935483870968
0.8064516129032258
0.8387096774193549
0.8709677419354839
0.9032258064516129
0.9354838709677419
1.0
1.0
1.0
1.0
1.0
1.0
1.0
1.0
1.0
1.0
1.0
1.0
1.0
1.0
1.0
1.0
1.0
1.0
1.0
1.0
0.3548387096774194
0.3870967741935484
0.41935483870967744
0.45161290322580644
0.4838709677419355
0.5161290322580645
0.5483870967741935
0.5806451612903226
0.6129032258064516
0.6451612903225806
0.6774193548387096
0.7096774193548387
0.7419354838709677
0.7741935483870968
0.8064516129032258
0.8387096774193549
0.8709677419354839
0.9032258064516129
0.9354838709677419
1.0
1.0
1.0
1.0
1.0
1.0
1.0
1.0
1.0
1.0
0.3548387096774194
0.3870967741935484
0.41935483870967744
0.45161290322580644
0.4838709677419355
0.5161290322580645
0.5483870967741935
0.5806451612903226
0.6129032258064516
0.6451612903225806
0.6774193548387096
0.7096774193548387
0.7419354838709677
0.7741935483870968
0.8064516129032258
0.8387096774193549
0.8709677419354839
0.9032258064516129
0.9354838709677419
1.0
1.0
1.0
1.0
1.0
1.0
1.0
1.0
1.0
1.0
0.3548387096774194
0.3870967741935484
0.41935483870967744
0.45161290322580644
0.4838709677419355
0.5161290322580645
0.5483870967741935
0.5806451612903226
0.6129032258064516
0.6451612903225806
0.6774193548387096
0.7096774193548387
0.7419354838709677
0.7741935483870968
0.8064516129032258
0.8387096774193549
0.8709677419354839
0.9032258064516129
0.9354838709677419
1.0
1.0
1.0
1.0
1.0
1.0
1.0
1.0
1.0
1.0
0.3548387096774194
0.3870967741935484
0.41935483870967744
0.45161290322580644
0.4838709677419355
0.5161290322580645
0.5483870967741935
0.5806451612903226
0.6129032258064516
0.6451612903225806
0.6774193548387096
0.7096774193548387
0.7419354838709677
0.7741935483870968
0.8064516129032258
0.8387096774193549
0.8709677419354839
0.9032258064516129
0.9354838709677419
