1.0
1.0
1.0
1.0
1.0
1.0
1.0
1.0
1.0
1.0
1.0
1.0
1.0
1.0
1.0
1.0
1.0
1.0
1.0
1.0
1.0
1.0
1.0
1.0
1.0
1.0
1.0
1.0
1.0
1.0
1.0
1.0
1.0
1.0
0.875
0.9
0.9024390243902439
0.9047619047619048
0.9069767441860465
0.9090909090909091
0.9111111111111111
0.9130434782608695
0.9148936170212766
0.9166666666666666
0.9183673469387755
0.9387755102040817
0.9591836734693877
0.9795918367346939
0.98
0.9803921568627451
0.9807692307692307
0.9811320754716981
0.9464285714285714
0.9642857142857143
0.9821428571428571
0.8115942028985508
0.8260869565217391
0.8405797101449275
0.855072463768116
0.8695652173913043
0.8840579710144928
0.8985507246376812
0.9130434782608695
0.927536231884058
0.9420289855072463
0.9565217391304348
0.9710144927536232
0.9855072463768116
0.8846153846153846
0.8974358974358975
0.9102564102564102
0.9230769230769231
0.9358974358974359
0.9487179487179487
0.9615384615384616
0.9743589743589743
0.9871794871794872
1.0
1.0
1.0
1.0
1.0
1.0
1.0
1.0
1.0
1.0
1.0
1.0
1.0
1.0
1.0
1.0
1.0
1.0
1.0
1.0
1.0
1.0
1.0
1.0
1.0
1.0
1.0
1.0
1.0
1.0
1.0
1.0
1.0
1.0
0.7446808510638298
0.7659574468085106
0.7872340425531915
0.8085106382978723
0.8297872340425532
0.851063829787234
0.8541666666666666
0.8571428571428571
0.86
0.8627450980392157
0.8653846153846154
0.8679245283018868
0.8703703703703703
0.8727272727272727
0.875
0.8928571428571429
0.9107142857142857
0.9285714285714286
0.9298245614035088
0.8571428571428571
0.873015873015873
0.875
0.8769230769230769
0.8787878787878788
0.8805970149253731
0.8823529411764706
0.8840579710144928
0.8857142857142857
0.8873239436619719
0.8888888888888888
0.9027777777777778
0.9166666666666666
0.9305555555555556
0.9315068493150684
0.9324324324324325
0.9333333333333333
0.9102564102564102
0.9230769230769231
0.9358974358974359
1.0
1.0
1.0
1.0
1.0
1.0
1.0
1.0
1.0
1.0
1.0
1.0
1.0
1.0
1.0
1.0
1.0
1.0
1.0
1.0
1.0
1.0
1.0
1.0
1.0
1.0
1.0
1.0
1.0
1.0
1.0
1.0
1.0
1.0
1.0
1.0
1.0
1.0
1.0
1.0
1.0
1.0
1.0
1.0
1.0
1.0
1.0
1.0
1.0
1.0
1.0
1.0
1.0
1.0
1.0
1.0
1.0
1.0
1.0
1.0
1.0
1.0
1.0
1.0
1.0
1.0
1.0
1.0
0.7446808510638298
0.7659574468085106
0.7872340425531915
0.8085106382978723
0.8297872340425532
0.851063829787234
0.8541666666666666
0.8571428571428571
0.86
0.8627450980392157
0.8653846153846154
0.8679245283018868
0.8703703703703703
0.8727272727272727
0.875
0.8928571428571429
0.9107142857142857
0.9285714285714286
0.8983050847457628
0.9152542372881356
0.9322033898305084
0.9333333333333333
0.890625
0.90625
0.9076923076923077
0.9090909090909091
0.9104477611940298
0.9117647058823529
0.9130434782608695
0.927536231884058
0.9420289855072463
0.9166666666666666
0.9305555555555556
0.9444444444444444
0.8846153846153846
0.8974358974358975
0.9102564102564102
0.9230769230769231
0.9358974358974359
0.9487179487179487
1.0
1.0
1.0
1.0
1.0
1.0
1.0
1.0
1.0
1.0
1.0
1.0
1.0
1.0
1.0
1.0
1.0
1.0
1.0
1.0
1.0
1.0
1.0
1.0
1.0
1.0
1.0
1.0
1.0
1.0
1.0
1.0
1.0
1.0
0.9459459459459459
0.972972972972973
1.0
1.0
0.8863636363636364
0.9090909090909091
0.9111111111111111
0.9130434782608695
0.9148936170212766
0.9166666666666666
0.9183673469387755
0.92
0.9215686274509803
0.9230769230769231
0.9245283018867925
0.9433962264150944
0.9622641509433962
0.9811320754716981
0.9814814814814815
0.9818181818181818
0.9821428571428571
0.8115942028985508
0.8260869565217391
0.8405797101449275
0.855072463768116
0.8695652173913043
0.8840579710144928
0.8985507246376812
0.9130434782608695
0.927536231884058
0.9420289855072463
0.9565217391304348
0.9710144927536232
0.9855072463768116
0.8846153846153846
0.8974358974358975
0.9102564102564102
0.9230769230769231
0.9358974358974359
0.9487179487179487
0.9615384615384616
0.9743589743589743
0.9871794871794872
1.0
1.0
1.0
1.0
1.0
1.0
1.0
1.0
1.0
1.0
1.0
1.0
1.0
1.0
1.0
1.0
1.0
1.0
1.0
1.0
1.0
1.0
1.0
1.0
1.0
1.0
1.0
1.0
1.0
1.0
1.0
1.0
1.0
1.0
1.0
0.9473684210526315
0.9736842105263158
1.0
0.7647058823529411
0.7843137254901961
0.803921568627451
0.8235294117647058
0.8431372549019608
0.8627450980392157
0.8653846153846154
0.8679245283018868
0.8703703703703703
0.8727272727272727
0.875
0.8771929824561403
0.8793103448275862
0.8813559322033898
0.8833333333333333
0.9
0.9166666666666666
0.9333333333333333
0.8636363636363636
0.8787878787878788
0.8805970149253731
0.8823529411764706
0.8840579710144928
0.8857142857142857
0.8873239436619719
0.8888888888888888
0.8904109589041096
0.8918918918918919
0.8933333333333333
0.9066666666666666
0.92
0.9333333333333333
0.9342105263157895
0.935064935064935
0.9358974358974359
1.0
1.0
1.0
1.0
1.0
1.0
1.0
1.0
1.0
1.0
1.0
1.0
1.0
1.0
1.0
1.0
1.0
1.0
1.0
1.0
1.0
1.0
1.0
1.0
1.0
1.0
1.0
1.0
1.0
1.0
1.0
1.0
1.0
1.0
0.9459459459459459
0.972972972972973
1.0
0.95
0.975
1.0
0.8913043478260869
0.9130434782608695
0.9347826086956522
0.9361702127659575
0.9375
0.9387755102040817
0.94
0.96
0.98
1.0
1.0
0.8125
0.828125
0.84375
0.859375
0.875
0.890625
0.90625
0.921875
0.9375
0.953125
0.96875
0.984375
1.0
0.8904109589041096
0.9041095890410958
0.9178082191780822
0.9315068493150684
0.9452054794520548
0.958904109589041
0.9726027397260274
0.9863013698630136
1.0
0.9487179487179487
0.9615384615384616
0.9743589743589743
0.9871794871794872
1.0
