1.0
1.0
1.0
1.0
1.0
1.0
1.0
1.0
1.0
1.0
1.0
1.0
1.0
1.0
0.23076923076923078
0.24615384615384617
0.26153846153846155
0.27692307692307694
0.2923076923076923
0.3076923076923077
0.3230769230769231
0.3384615384615385
0.35384615384615387
0.36923076923076925
0.38461538461538464
0.4
0.4153846153846154
0.4307692307692308
0.4461538461538462
0.46153846153846156
0.47692307692307695
0.49230769230769234
0.5076923076923077
0.5230769230769231
0.5384615384615384
1.0
1.0
1.0
1.0
1.0
1.0
1.0
1.0
1.0
1.0
1.0
1.0
1.0
1.0
0.23076923076923078
0.24615384615384617
0.26153846153846155
0.27692307692307694
0.2923076923076923
0.3076923076923077
0.3230769230769231
0.3384615384615385
0.35384615384615387
0.36923076923076925
0.38461538461538464
0.4
0.4153846153846154
0.4307692307692308
0.4461538461538462
0.46153846153846156
0.47692307692307695
0.49230769230769234
0.5076923076923077
0.5230769230769231
0.5384615384615384
1.0
1.0
1.0
1.0
1.0
1.0
1.0
1.0
1.0
1.0
1.0
1.0
1.0
1.0
1.0
1.0
1.0
1.0
1.0
1.0
1.0
1.0
1.0
1.0
1.0
1.0
1.0
1.0
0.23076923076923078
0.24615384615384617
0.26153846153846155
0.27692307692307694
0.2923076923076923
0.3076923076923077
0.3230769230769231
0.3384615384615385
0.35384615384615387
0.36923076923076925
0.38461538461538464
0.4
0.4153846153846154
0.4307692307692308
0.4461538461538462
0.46153846153846156
0.47692307692307695
0.49230769230769234
0.5076923076923077
0.5230769230769231
0.5384615384615384
1.0
1.0
1.0
1.0
1.0
1.0
1.0
1.0
1.0
1.0
1.0
1.0
1.0
1.0
0.23076923076923078
0.24615384615384617
0.26153846153846155
0.27692307692307694
0.2923076923076923
0.3076923076923077
0.3230769230769231
0.3384615384615385
0.35384615384615387
0.36923076923076925
0.38461538461538464
0.4
0.4153846153846154
0.4307692307692308
0.4461538461538462
0.46153846153846156
0.47692307692307695
0.49230769230769234
0.5076923076923077
0.5230769230769231
0.5384615384615384
1.0
1.0
1.0
1.0
1.0
1.0
1.0
1.0
1.0
1.0
1.0
1.0
1.0
1.0
0.23076923076923078
0.24615384615384617
0.26153846153846155
0.27692307692307694
0.2923076923076923
0.3076923076923077
0.3230769230769231
0.3384615384615385
0.35384615384615387
0.36923076923076925
0.38461538461538464
0.4
0.4153846153846154
0.4307692307692308
0.4461538461538462
0.46153846153846156
0.47692307692307695
0.49230769230769234
0.5076923076923077
0.5230769230769231
0.5384615384615384
1.0
1.0
1.0
1.0
1.0
1.0
1.0
1.0
1.0
1.0
1.0
1.0
1.0
1.0
0.23076923076923078
0.24615384615384617
0.26153846153846155
0.27692307692307694
0.2923076923076923
0.3076923076923077
0.3230769230769231
0.3384615384615385
0.35384615384615387
0.36923076923076925
0.38461538461538464
0.4
0.4153846153846154
0.4307692307692308
0.4461538461538462
0.46153846153846156
0.47692307692307695
0.49230769230769234
0.5076923076923077
0.5230769230769231
0.5384615384615384
