1.0
1.0
1.0
1.0
1.0
1.0
1.0
1.0
1.0
0.4
0.4230769230769231
0.4444444444444444
0.4642857142857143
0.4827586206896552
0.5
0.5161290322580645
0.53125
0.5454545454545454
0.5588235294117647
0.5714285714285714
0.08267716535433071
0.08627450980392157
0.08984375
0.0933852140077821
0.09689922480620156
0.10038610038610038
0.10384615384615385
0.0880503144654088
0.09090909090909091
0.09375
0.09657320872274143
0.09937888198757763
0.1021671826625387
0.10493827160493827
0.0673076923076923
0.06923076923076923
0.07115384615384615
0.07307692307692308
0.075
0.07692307692307693
0.07884615384615384
0.08076923076923077
0.08269230769230769
0.08461538461538462
0.08653846153846154
0.08846153846153847
0.09038461538461538
0.09230769230769231
0.09423076923076923
0.09615384615384616
0.09807692307692308
0.1
0.10192307692307692
0.10384615384615385
0.10576923076923077
0.1076923076923077
0.10961538461538461
0.11153846153846154
0.11346153846153846
0.11538461538461539
0.11730769230769231
0.11923076923076924
0.12115384615384615
0.12307692307692308
0.125
0.12692307692307692
0.12884615384615383
0.13076923076923078
0.1326923076923077
0.1346153846153846
0.13653846153846153
0.13846153846153847
0.14038461538461539
0.1423076923076923
0.14423076923076922
0.14615384615384616
0.14807692307692308
0.15
0.1519230769230769
0.15384615384615385
0.15576923076923077
0.1576923076923077
0.1596153846153846
0.16153846153846155
0.16346153846153846
0.16538461538461538
0.1673076923076923
0.16923076923076924
0.17115384615384616
0.17307692307692307
0.175
0.17692307692307693
0.17884615384615385
0.18076923076923077
0.18269230769230768
0.18461538461538463
0.18653846153846154
0.18846153846153846
0.19038461538461537
0.19230769230769232
0.19423076923076923
0.19615384615384615
0.19807692307692307
0.2
0.20192307692307693
0.20384615384615384
0.20576923076923076
0.2076923076923077
0.20961538461538462
0.21153846153846154
0.21346153846153845
0.2153846153846154
0.2173076923076923
0.21923076923076923
0.22115384615384615
0.2230769230769231
0.225
0.22692307692307692
0.22884615384615384
0.23076923076923078
0.2326923076923077
0.23461538461538461
0.23653846153846153
0.23846153846153847
0.2403846153846154
0.2423076923076923
0.24423076923076922
0.24615384615384617
0.24807692307692308
0.25
0.2519230769230769
0.25384615384615383
0.25576923076923075
0.25769230769230766
0.25961538461538464
0.26153846153846155
0.26346153846153847
0.2653846153846154
0.2673076923076923
0.2692307692307692
0.27115384615384613
0.27307692307692305
0.275
0.27692307692307694
0.27884615384615385
0.28076923076923077
0.2826923076923077
0.2846153846153846
0.2865384615384615
0.28846153846153844
0.2903846153846154
0.2923076923076923
0.29423076923076924
0.29615384615384616
0.2980769230769231
0.3
0.3019230769230769
0.3038461538461538
0.3057692307692308
0.3076923076923077
0.3096153846153846
0.31153846153846154
0.31346153846153846
0.3153846153846154
0.3173076923076923
0.3192307692307692
0.3211538461538462
0.3230769230769231
0.325
0.3269230769230769
0.32884615384615384
0.33076923076923076
0.3326923076923077
0.3346153846153846
0.33653846153846156
0.3384615384615385
0.3403846153846154
0.3423076923076923
0.34423076923076923
0.34615384615384615
0.34807692307692306
0.35
0.35192307692307695
0.35384615384615387
0.3557692307692308
0.3576923076923077
0.3596153846153846
0.36153846153846153
0.36346153846153845
0.36538461538461536
0.36730769230769234
0.36923076923076925
0.37115384615384617
0.3730769230769231
0.3742802303262956
0.37547892720306514
0.37667304015296366
0.37786259541984735
0.379047619047619
0.38022813688212925
0.38140417457305503
0.38257575757575757
0.38446969696969696
0.38636363636363635
0.38825757575757575
0.39015151515151514
0.39204545454545453
0.3939393939393939
0.3958333333333333
0.3977272727272727
0.3996212121212121
0.4015151515151515
0.4034090909090909
0.4053030303030303
0.4071969696969697
0.4090909090909091
0.4109848484848485
0.4128787878787879
0.4147727272727273
0.4166666666666667
0.4185606060606061
0.42045454545454547
0.42234848484848486
0.42424242424242425
0.42613636363636365
0.42803030303030304
0.42992424242424243
0.4318181818181818
0.4337121212121212
0.4356060606060606
0.4375
0.4393939393939394
0.4412878787878788
0.4431818181818182
0.44507575757575757
0.44696969696969696
0.44886363636363635
0.45075757575757575
0.45265151515151514
0.45454545454545453
0.4564393939393939
0.4583333333333333
0.4602272727272727
0.4621212121212121
0.4640151515151515
0.4659090909090909
0.4678030303030303
0.4696969696969697
0.4715909090909091
0.4734848484848485
0.4753787878787879
0.4772727272727273
0.4791666666666667
0.4810606060606061
0.48295454545454547
0.48484848484848486
0.48674242424242425
0.48863636363636365
0.49053030303030304
0.49242424242424243
0.4943181818181818
0.4962121212121212
0.4981060606060606
0.5
0.5018939393939394
0.5037878787878788
0.5056818181818182
0.5075757575757576
0.509469696969697
0.5113636363636364
0.5132575757575758
0.5151515151515151
0.5170454545454546
1.0
1.0
1.0
1.0
1.0
1.0
1.0
1.0
1.0
0.4
0.4230769230769231
0.4444444444444444
0.4642857142857143
0.4827586206896552
0.5
0.5161290322580645
0.53125
0.5454545454545454
0.5588235294117647
0.5714285714285714
0.08267716535433071
0.08627450980392157
0.08984375
0.0933852140077821
0.09689922480620156
0.10038610038610038
0.10384615384615385
0.0880503144654088
0.09090909090909091
0.09375
0.09657320872274143
0.09937888198757763
0.1021671826625387
0.10493827160493827
0.0673076923076923
0.06923076923076923
0.07115384615384615
0.07307692307692308
0.075
0.07692307692307693
0.07884615384615384
0.08076923076923077
0.08269230769230769
0.08461538461538462
0.08653846153846154
0.08846153846153847
0.09038461538461538
0.09230769230769231
0.09423076923076923
0.09615384615384616
0.09807692307692308
0.1
0.10192307692307692
0.10384615384615385
0.10576923076923077
0.1076923076923077
0.10961538461538461
0.11153846153846154
0.11346153846153846
0.11538461538461539
0.11730769230769231
0.11923076923076924
0.12115384615384615
0.12307692307692308
0.125
0.12692307692307692
0.12884615384615383
0.13076923076923078
0.1326923076923077
0.1346153846153846
0.13653846153846153
0.13846153846153847
0.14038461538461539
0.1423076923076923
0.14423076923076922
0.14615384615384616
0.14807692307692308
0.15
0.1519230769230769
0.15384615384615385
0.15576923076923077
0.1576923076923077
0.1596153846153846
0.16153846153846155
0.16346153846153846
0.16538461538461538
0.1673076923076923
0.16923076923076924
0.17115384615384616
0.17307692307692307
0.175
0.17692307692307693
0.17884615384615385
0.18076923076923077
0.18269230769230768
0.18461538461538463
0.18653846153846154
0.18846153846153846
0.19038461538461537
0.19230769230769232
0.19423076923076923
0.19615384615384615
0.19807692307692307
0.2
0.20192307692307693
0.20384615384615384
0.20576923076923076
0.2076923076923077
0.20961538461538462
0.21153846153846154
0.21346153846153845
0.2153846153846154
0.2173076923076923
0.21923076923076923
0.22115384615384615
0.2230769230769231
0.225
0.22692307692307692
0.22884615384615384
0.23076923076923078
0.2326923076923077
0.23461538461538461
0.23653846153846153
0.23846153846153847
0.2403846153846154
0.2423076923076923
0.24423076923076922
0.24615384615384617
0.24807692307692308
0.25
0.2519230769230769
0.25384615384615383
0.25576923076923075
0.25769230769230766
0.25961538461538464
0.26153846153846155
0.26346153846153847
0.2653846153846154
0.2673076923076923
0.2692307692307692
0.27115384615384613
0.27307692307692305
0.275
0.27692307692307694
0.27884615384615385
0.28076923076923077
0.2826923076923077
0.2846153846153846
0.2865384615384615
0.28846153846153844
0.2903846153846154
0.2923076923076923
0.29423076923076924
0.29615384615384616
0.2980769230769231
0.3
0.3019230769230769
0.3038461538461538
0.3057692307692308
0.3076923076923077
0.3096153846153846
0.31153846153846154
0.31346153846153846
0.3153846153846154
0.3173076923076923
0.3192307692307692
0.3211538461538462
0.3230769230769231
0.325
0.3269230769230769
0.32884615384615384
0.33076923076923076
0.3326923076923077
0.3346153846153846
0.33653846153846156
0.3384615384615385
0.3403846153846154
0.3423076923076923
0.34423076923076923
0.34615384615384615
0.34807692307692306
0.35
0.35192307692307695
0.35384615384615387
0.3557692307692308
0.3576923076923077
0.3596153846153846
0.36153846153846153
0.36346153846153845
0.36538461538461536
0.36730769230769234
0.36923076923076925
0.37115384615384617
0.3730769230769231
0.3742802303262956
0.37547892720306514
0.37667304015296366
0.37786259541984735
0.379047619047619
0.38022813688212925
0.38140417457305503
0.38257575757575757
0.38446969696969696
0.38636363636363635
0.38825757575757575
0.39015151515151514
0.39204545454545453
0.3939393939393939
0.3958333333333333
0.3977272727272727
0.3996212121212121
0.4015151515151515
0.4034090909090909
0.4053030303030303
0.4071969696969697
0.4090909090909091
0.4109848484848485
0.4128787878787879
0.4147727272727273
0.4166666666666667
0.4185606060606061
0.42045454545454547
0.42234848484848486
0.42424242424242425
0.42613636363636365
0.42803030303030304
0.42992424242424243
0.4318181818181818
0.4337121212121212
0.4356060606060606
0.4375
0.4393939393939394
0.4412878787878788
0.4431818181818182
0.44507575757575757
0.44696969696969696
0.44886363636363635
0.45075757575757575
0.45265151515151514
0.45454545454545453
0.4564393939393939
0.4583333333333333
0.4602272727272727
0.4621212121212121
0.4640151515151515
0.4659090909090909
0.4678030303030303
0.4696969696969697
0.4715909090909091
0.4734848484848485
0.4753787878787879
0.4772727272727273
0.4791666666666667
0.4810606060606061
0.48295454545454547
0.48484848484848486
0.48674242424242425
0.48863636363636365
0.49053030303030304
0.49242424242424243
0.4943181818181818
0.4962121212121212
0.4981060606060606
0.5
0.5018939393939394
0.5037878787878788
0.5056818181818182
0.5075757575757576
0.509469696969697
0.5113636363636364
0.5132575757575758
0.5151515151515151
0.5170454545454546
1.0
1.0
1.0
1.0
1.0
1.0
1.0
1.0
1.0
0.4
0.4230769230769231
0.4444444444444444
0.4642857142857143
0.4827586206896552
0.5
0.5161290322580645
0.53125
0.5454545454545454
0.5588235294117647
0.5714285714285714
0.08267716535433071
0.08627450980392157
0.08984375
0.0933852140077821
0.09689922480620156
0.10038610038610038
0.10384615384615385
0.0880503144654088
0.09090909090909091
0.09375
0.09657320872274143
0.09937888198757763
0.1021671826625387
0.10493827160493827
0.0673076923076923
0.06923076923076923
0.07115384615384615
0.07307692307692308
0.075
0.07692307692307693
0.07884615384615384
0.08076923076923077
0.08269230769230769
0.08461538461538462
0.08653846153846154
0.08846153846153847
0.09038461538461538
0.09230769230769231
0.09423076923076923
0.09615384615384616
0.09807692307692308
0.1
0.10192307692307692
0.10384615384615385
0.10576923076923077
0.1076923076923077
0.10961538461538461
0.11153846153846154
0.11346153846153846
0.11538461538461539
0.11730769230769231
0.11923076923076924
0.12115384615384615
0.12307692307692308
0.125
0.12692307692307692
0.12884615384615383
0.13076923076923078
0.1326923076923077
0.1346153846153846
0.13653846153846153
0.13846153846153847
0.14038461538461539
0.1423076923076923
0.14423076923076922
0.14615384615384616
0.14807692307692308
0.15
0.1519230769230769
0.15384615384615385
0.15576923076923077
0.1576923076923077
0.1596153846153846
0.16153846153846155
0.16346153846153846
0.16538461538461538
0.1673076923076923
0.16923076923076924
0.17115384615384616
0.17307692307692307
0.175
0.17692307692307693
0.17884615384615385
0.18076923076923077
0.18269230769230768
0.18461538461538463
0.18653846153846154
0.18846153846153846
0.19038461538461537
0.19230769230769232
0.19423076923076923
0.19615384615384615
0.19807692307692307
0.2
0.20192307692307693
0.20384615384615384
0.20576923076923076
0.2076923076923077
0.20961538461538462
0.21153846153846154
0.21346153846153845
0.2153846153846154
0.2173076923076923
0.21923076923076923
0.22115384615384615
0.2230769230769231
0.225
0.22692307692307692
0.22884615384615384
0.23076923076923078
0.2326923076923077
0.23461538461538461
0.23653846153846153
0.23846153846153847
0.2403846153846154
0.2423076923076923
0.24423076923076922
0.24615384615384617
0.24807692307692308
0.25
0.2519230769230769
0.25384615384615383
0.25576923076923075
0.25769230769230766
0.25961538461538464
0.26153846153846155
0.26346153846153847
0.2653846153846154
0.2673076923076923
0.2692307692307692
0.27115384615384613
0.27307692307692305
0.275
0.27692307692307694
0.27884615384615385
0.28076923076923077
0.2826923076923077
0.2846153846153846
0.2865384615384615
0.28846153846153844
0.2903846153846154
0.2923076923076923
0.29423076923076924
0.29615384615384616
0.2980769230769231
0.3
0.3019230769230769
0.3038461538461538
0.3057692307692308
0.3076923076923077
0.3096153846153846
0.31153846153846154
0.31346153846153846
0.3153846153846154
0.3173076923076923
0.3192307692307692
0.3211538461538462
0.3230769230769231
0.325
0.3269230769230769
0.32884615384615384
0.33076923076923076
0.3326923076923077
0.3346153846153846
0.33653846153846156
0.3384615384615385
0.3403846153846154
0.3423076923076923
0.34423076923076923
0.34615384615384615
0.34807692307692306
0.35
0.35192307692307695
0.35384615384615387
0.3557692307692308
0.3576923076923077
0.3596153846153846
0.36153846153846153
0.36346153846153845
0.36538461538461536
0.36730769230769234
0.36923076923076925
0.37115384615384617
0.3730769230769231
0.375
0.3769230769230769
0.37884615384615383
0.38076923076923075
0.38269230769230766
0.38461538461538464
0.38653846153846155
0.38846153846153847
0.3903846153846154
0.3923076923076923
0.3942307692307692
0.39615384615384613
0.39807692307692305
0.4
0.40192307692307694
0.40384615384615385
0.40576923076923077
0.4076923076923077
0.4096153846153846
0.4115384615384615
0.41346153846153844
0.4153846153846154
0.4173076923076923
0.41923076923076924
0.42115384615384616
0.42226487523992323
0.42337164750957856
0.42447418738049714
0.4255725190839695
0.4266666666666667
0.42775665399239543
0.428842504743833
0.42992424242424243
0.4318181818181818
0.4337121212121212
0.4356060606060606
0.4375
0.4393939393939394
0.4412878787878788
0.4431818181818182
0.44507575757575757
0.44696969696969696
0.44886363636363635
0.45075757575757575
0.45265151515151514
0.45454545454545453
0.4564393939393939
0.4583333333333333
0.4602272727272727
0.4621212121212121
0.4640151515151515
0.4659090909090909
0.4678030303030303
0.4696969696969697
0.4715909090909091
0.4734848484848485
0.4753787878787879
0.4772727272727273
0.4791666666666667
0.4810606060606061
0.48295454545454547
0.48484848484848486
0.48674242424242425
0.48863636363636365
0.49053030303030304
0.49242424242424243
0.4943181818181818
0.4962121212121212
0.4981060606060606
0.5
0.5018939393939394
0.5037878787878788
0.5056818181818182
0.5075757575757576
0.509469696969697
0.5113636363636364
0.5132575757575758
0.5151515151515151
0.5170454545454546
0.5189393939393939
0.5208333333333334
0.5227272727272727
0.5246212121212122
0.5265151515151515
0.5284090909090909
0.5303030303030303
0.5321969696969697
0.5340909090909091
0.5359848484848485
0.5378787878787878
0.5397727272727273
0.5416666666666666
0.5435606060606061
0.5454545454545454
0.5473484848484849
0.5492424242424242
0.5511363636363636
0.553030303030303
0.5549242424242424
0.5568181818181818
0.5587121212121212
0.5606060606060606
0.5625
0.5643939393939394
1.0
1.0
1.0
1.0
1.0
1.0
1.0
1.0
1.0
0.4
0.4230769230769231
0.4444444444444444
0.4642857142857143
0.4827586206896552
0.5
0.5161290322580645
0.53125
0.5454545454545454
0.5588235294117647
0.5714285714285714
0.08267716535433071
0.08627450980392157
0.08984375
0.0933852140077821
0.09689922480620156
0.10038610038610038
0.10384615384615385
0.0880503144654088
0.09090909090909091
0.09375
0.09657320872274143
0.09937888198757763
0.1021671826625387
0.10493827160493827
0.0673076923076923
0.06923076923076923
0.07115384615384615
0.07307692307692308
0.075
0.07692307692307693
0.07884615384615384
0.08076923076923077
0.08269230769230769
0.08461538461538462
0.08653846153846154
0.08846153846153847
0.09038461538461538
0.09230769230769231
0.09423076923076923
0.09615384615384616
0.09807692307692308
0.1
0.10192307692307692
0.10384615384615385
0.10576923076923077
0.1076923076923077
0.10961538461538461
0.11153846153846154
0.11346153846153846
0.11538461538461539
0.11730769230769231
0.11923076923076924
0.12115384615384615
0.12307692307692308
0.125
0.12692307692307692
0.12884615384615383
0.13076923076923078
0.1326923076923077
0.1346153846153846
0.13653846153846153
0.13846153846153847
0.14038461538461539
0.1423076923076923
0.14423076923076922
0.14615384615384616
0.14807692307692308
0.15
0.1519230769230769
0.15384615384615385
0.15576923076923077
0.1576923076923077
0.1596153846153846
0.16153846153846155
0.16346153846153846
0.16538461538461538
0.1673076923076923
0.16923076923076924
0.17115384615384616
0.17307692307692307
0.175
0.17692307692307693
0.17884615384615385
0.18076923076923077
0.18269230769230768
0.18461538461538463
0.18653846153846154
0.18846153846153846
0.19038461538461537
0.19230769230769232
0.19423076923076923
0.19615384615384615
0.19807692307692307
0.2
0.20192307692307693
0.20384615384615384
0.20576923076923076
0.2076923076923077
0.20961538461538462
0.21153846153846154
0.21346153846153845
0.2153846153846154
0.2173076923076923
0.21923076923076923
0.22115384615384615
0.2230769230769231
0.225
0.22692307692307692
0.22884615384615384
0.23076923076923078
0.2326923076923077
0.23461538461538461
0.23653846153846153
0.23846153846153847
0.2403846153846154
0.2423076923076923
0.24423076923076922
0.24615384615384617
0.24807692307692308
0.25
0.2519230769230769
0.25384615384615383
0.25576923076923075
0.25769230769230766
0.25961538461538464
0.26153846153846155
0.26346153846153847
0.2653846153846154
0.2673076923076923
0.2692307692307692
0.27115384615384613
0.27307692307692305
0.275
0.27692307692307694
0.27884615384615385
0.28076923076923077
0.2826923076923077
0.2846153846153846
0.2865384615384615
0.28846153846153844
0.2903846153846154
0.2923076923076923
0.29423076923076924
0.29615384615384616
0.2980769230769231
0.3
0.3019230769230769
0.3038461538461538
0.3057692307692308
0.3076923076923077
0.3096153846153846
0.31153846153846154
0.31346153846153846
0.3153846153846154
0.3173076923076923
0.3192307692307692
0.3211538461538462
0.3230769230769231
0.325
0.3269230769230769
0.32884615384615384
0.33076923076923076
0.3326923076923077
0.3346153846153846
0.33653846153846156
0.3384615384615385
0.3403846153846154
0.3423076923076923
0.34423076923076923
0.34615384615384615
0.34807692307692306
0.35
0.35192307692307695
0.35384615384615387
0.3557692307692308
0.3576923076923077
0.3596153846153846
0.36153846153846153
0.36346153846153845
0.36538461538461536
0.36730769230769234
0.36923076923076925
0.37115384615384617
0.3730769230769231
0.375
0.3769230769230769
0.37884615384615383
0.38076923076923075
0.38269230769230766
0.38461538461538464
0.38653846153846155
0.38846153846153847
0.3903846153846154
0.3923076923076923
0.3942307692307692
0.39615384615384613
0.39807692307692305
0.4
0.40192307692307694
0.40384615384615385
0.40576923076923077
0.4076923076923077
0.4096153846153846
0.4115384615384615
0.41346153846153844
0.4153846153846154
0.4173076923076923
0.41923076923076924
0.42115384615384616
0.42226487523992323
0.42337164750957856
0.42447418738049714
0.4255725190839695
0.4266666666666667
0.42775665399239543
0.428842504743833
0.42992424242424243
0.4318181818181818
0.4337121212121212
0.4356060606060606
0.4375
0.4393939393939394
0.4412878787878788
0.4431818181818182
0.44507575757575757
0.44696969696969696
0.44886363636363635
0.45075757575757575
0.45265151515151514
0.45454545454545453
0.4564393939393939
0.4583333333333333
0.4602272727272727
0.4621212121212121
0.4640151515151515
0.4659090909090909
0.4678030303030303
0.4696969696969697
0.4715909090909091
0.4734848484848485
0.4753787878787879
0.4772727272727273
0.4791666666666667
0.4810606060606061
0.48295454545454547
0.48484848484848486
0.48674242424242425
0.48863636363636365
0.49053030303030304
0.49242424242424243
0.4943181818181818
0.4962121212121212
0.4981060606060606
0.5
0.5018939393939394
0.5037878787878788
0.5056818181818182
0.5075757575757576
0.509469696969697
0.5113636363636364
0.5132575757575758
0.5151515151515151
0.5170454545454546
0.5189393939393939
0.5208333333333334
0.5227272727272727
0.5246212121212122
0.5265151515151515
0.5284090909090909
0.5303030303030303
0.5321969696969697
0.5340909090909091
0.5359848484848485
0.5378787878787878
0.5397727272727273
0.5416666666666666
0.5435606060606061
0.5454545454545454
0.5473484848484849
0.5492424242424242
0.5511363636363636
0.553030303030303
0.5549242424242424
0.5568181818181818
0.5587121212121212
0.5606060606060606
0.5625
0.5643939393939394
1.0
1.0
1.0
1.0
1.0
1.0
1.0
1.0
1.0
1.0
1.0
1.0
1.0
1.0
1.0
1.0
1.0
1.0
1.0
1.0
1.0
1.0
1.0
1.0
1.0
1.0
1.0
1.0
1.0
1.0
1.0
1.0
1.0
1.0
0.5303030303030303
0.5454545454545454
0.5606060606060606
0.5757575757575758
0.5909090909090909
0.6060606060606061
0.6212121212121212
0.6363636363636364
0.6515151515151515
0.6666666666666666
0.6818181818181818
0.6865671641791045
0.6911764705882353
0.6956521739130435
0.7
0.704225352112676
0.7083333333333334
0.7123287671232876
0.7162162162162162
0.7297297297297297
0.7432432432432432
0.7567567567567568
0.7702702702702703
0.7837837837837838
0.7972972972972973
0.8108108108108109
0.8243243243243243
0.8378378378378378
0.8513513513513513
0.8648648648648649
0.8783783783783784
0.8918918918918919
0.9054054054054054
0.918918918918919
0.9324324324324325
0.9459459459459459
0.9594594594594594
0.972972972972973
0.9864864864864865
1.0
1.0
1.0
1.0
1.0
1.0
1.0
1.0
1.0
1.0
0.4
0.4230769230769231
0.4444444444444444
0.4642857142857143
0.4827586206896552
0.5
0.5161290322580645
0.53125
0.5454545454545454
0.5588235294117647
0.5714285714285714
0.08267716535433071
0.08627450980392157
0.08984375
0.0933852140077821
0.09689922480620156
0.10038610038610038
0.10384615384615385
0.0880503144654088
0.09090909090909091
0.09375
0.09657320872274143
0.09937888198757763
0.1021671826625387
0.10493827160493827
0.0673076923076923
0.06923076923076923
0.07115384615384615
0.07307692307692308
0.075
0.07692307692307693
0.07884615384615384
0.08076923076923077
0.08269230769230769
0.08461538461538462
0.08653846153846154
0.08846153846153847
0.09038461538461538
0.09230769230769231
0.09423076923076923
0.09615384615384616
0.09807692307692308
0.1
0.10192307692307692
0.10384615384615385
0.10576923076923077
0.1076923076923077
0.10961538461538461
0.11153846153846154
0.11346153846153846
0.11538461538461539
0.11730769230769231
0.11923076923076924
0.12115384615384615
0.12307692307692308
0.125
0.12692307692307692
0.12884615384615383
0.13076923076923078
0.1326923076923077
0.1346153846153846
0.13653846153846153
0.13846153846153847
0.14038461538461539
0.1423076923076923
0.14423076923076922
0.14615384615384616
0.14807692307692308
0.15
0.1519230769230769
0.15384615384615385
0.15576923076923077
0.1576923076923077
0.1596153846153846
0.16153846153846155
0.16346153846153846
0.16538461538461538
0.1673076923076923
0.16923076923076924
0.17115384615384616
0.17307692307692307
0.175
0.17692307692307693
0.17884615384615385
0.18076923076923077
0.18269230769230768
0.18461538461538463
0.18653846153846154
0.18846153846153846
0.19038461538461537
0.19230769230769232
0.19423076923076923
0.19615384615384615
0.19807692307692307
0.2
0.20192307692307693
0.20384615384615384
0.20576923076923076
0.2076923076923077
0.20961538461538462
0.21153846153846154
0.21346153846153845
0.2153846153846154
0.2173076923076923
0.21923076923076923
0.22115384615384615
0.2230769230769231
0.225
0.22692307692307692
0.22884615384615384
0.23076923076923078
0.2326923076923077
0.23461538461538461
0.23653846153846153
0.23846153846153847
0.2403846153846154
0.2423076923076923
0.24423076923076922
0.24615384615384617
0.24807692307692308
0.25
0.2519230769230769
0.25384615384615383
0.25576923076923075
0.25769230769230766
0.25961538461538464
0.26153846153846155
0.26346153846153847
0.2653846153846154
0.2673076923076923
0.2692307692307692
0.27115384615384613
0.27307692307692305
0.275
0.27692307692307694
0.27884615384615385
0.28076923076923077
0.2826923076923077
0.2846153846153846
0.2865384615384615
0.28846153846153844
0.2903846153846154
0.2923076923076923
0.29423076923076924
0.29615384615384616
0.2980769230769231
0.3
0.3019230769230769
0.3038461538461538
0.3057692307692308
0.3076923076923077
0.3096153846153846
0.31153846153846154
0.31346153846153846
0.3153846153846154
0.3173076923076923
0.3192307692307692
0.3211538461538462
0.3230769230769231
0.325
0.3269230769230769
0.32884615384615384
0.33076923076923076
0.3326923076923077
0.3346153846153846
0.33653846153846156
0.3384615384615385
0.3403846153846154
0.3423076923076923
0.34423076923076923
0.34615384615384615
0.34807692307692306
0.35
0.35192307692307695
0.35384615384615387
0.3557692307692308
0.3576923076923077
0.3596153846153846
0.36153846153846153
0.36346153846153845
0.36538461538461536
0.36730769230769234
0.36923076923076925
0.37115384615384617
0.3730769230769231
0.375
0.3769230769230769
0.37884615384615383
0.38076923076923075
0.38269230769230766
0.38461538461538464
0.38653846153846155
0.38846153846153847
0.3903846153846154
0.3923076923076923
0.3942307692307692
0.39615384615384613
0.39807692307692305
0.4
0.40192307692307694
0.40384615384615385
0.40576923076923077
0.4076923076923077
0.4096153846153846
0.4115384615384615
0.41346153846153844
0.4153846153846154
0.4173076923076923
0.41923076923076924
0.42115384615384616
0.4230769230769231
0.425
0.4269230769230769
0.4288461538461538
0.4307692307692308
0.4326923076923077
0.4346153846153846
0.43653846153846154
0.43846153846153846
0.4403846153846154
0.4423076923076923
0.4442307692307692
0.4461538461538462
0.4480769230769231
0.45
0.4519230769230769
0.45384615384615384
0.45576923076923076
0.4576923076923077
0.4596153846153846
0.46153846153846156
0.4634615384615385
0.4653846153846154
0.4673076923076923
0.46923076923076923
0.47115384615384615
0.47307692307692306
0.475
0.47692307692307695
0.47884615384615387
0.4807692307692308
0.4826923076923077
0.4846153846153846
0.48653846153846153
0.48846153846153845
0.49038461538461536
0.49230769230769234
0.49423076923076925
0.49615384615384617
0.4971209213051823
0.49808429118773945
0.49904397705544934
0.5
0.5009523809523809
0.5019011406844106
0.5028462998102466
0.5037878787878788
0.5056818181818182
0.5075757575757576
0.509469696969697
0.5113636363636364
0.5132575757575758
0.5151515151515151
0.5170454545454546
0.5189393939393939
0.5208333333333334
0.5227272727272727
0.5246212121212122
0.5265151515151515
0.5284090909090909
0.5303030303030303
0.5321969696969697
0.5340909090909091
0.5359848484848485
0.5378787878787878
0.5397727272727273
0.5416666666666666
0.5435606060606061
0.5454545454545454
0.5473484848484849
0.5492424242424242
0.5511363636363636
0.553030303030303
0.5549242424242424
0.5568181818181818
0.5587121212121212
0.5606060606060606
0.5625
0.5643939393939394
0.5662878787878788
0.5681818181818182
0.5700757575757576
0.571969696969697
0.5738636363636364
0.5757575757575758
0.5776515151515151
0.5795454545454546
0.5814393939393939
0.5833333333333334
0.5852272727272727
0.5871212121212122
0.5890151515151515
0.5909090909090909
0.5928030303030303
0.5946969696969697
0.5965909090909091
0.5984848484848485
0.6003787878787878
0.6022727272727273
0.6041666666666666
0.6060606060606061
0.6079545454545454
0.6098484848484849
0.6117424242424242
0.6136363636363636
0.615530303030303
0.6174242424242424
0.6193181818181818
0.6212121212121212
0.6231060606060606
0.625
0.6268939393939394
0.6287878787878788
0.6306818181818182
0.6325757575757576
0.634469696969697
0.6363636363636364
0.6382575757575758
1.0
1.0
1.0
1.0
1.0
1.0
1.0
1.0
1.0
1.0
1.0
1.0
1.0
1.0
1.0
1.0
1.0
1.0
1.0
1.0
1.0
1.0
1.0
1.0
1.0
1.0
1.0
1.0
1.0
1.0
1.0
1.0
1.0
1.0
0.5303030303030303
0.5454545454545454
0.5606060606060606
0.5757575757575758
0.5909090909090909
0.6060606060606061
0.6212121212121212
0.6363636363636364
0.6515151515151515
0.6666666666666666
0.6818181818181818
0.6865671641791045
0.6911764705882353
0.6956521739130435
0.7
0.704225352112676
0.7083333333333334
0.7123287671232876
0.7162162162162162
0.7297297297297297
0.7432432432432432
0.7567567567567568
0.7702702702702703
0.7837837837837838
0.7972972972972973
0.8108108108108109
0.8243243243243243
0.8378378378378378
0.8513513513513513
0.8648648648648649
0.8783783783783784
0.8918918918918919
0.9054054054054054
0.918918918918919
0.9324324324324325
0.9459459459459459
0.9594594594594594
0.972972972972973
0.9864864864864865
1.0
1.0
1.0
1.0
1.0
1.0
1.0
1.0
1.0
1.0
0.4
0.4230769230769231
0.4444444444444444
0.4642857142857143
0.4827586206896552
0.5
0.5161290322580645
0.53125
0.5454545454545454
0.5588235294117647
0.5714285714285714
0.08267716535433071
0.08627450980392157
0.08984375
0.0933852140077821
0.09689922480620156
0.10038610038610038
0.10384615384615385
0.0880503144654088
0.09090909090909091
0.09375
0.09657320872274143
0.09937888198757763
0.1021671826625387
0.10493827160493827
0.0673076923076923
0.06923076923076923
0.07115384615384615
0.07307692307692308
0.075
0.07692307692307693
0.07884615384615384
0.08076923076923077
0.08269230769230769
0.08461538461538462
0.08653846153846154
0.08846153846153847
0.09038461538461538
0.09230769230769231
0.09423076923076923
0.09615384615384616
0.09807692307692308
0.1
0.10192307692307692
0.10384615384615385
0.10576923076923077
0.1076923076923077
0.10961538461538461
0.11153846153846154
0.11346153846153846
0.11538461538461539
0.11730769230769231
0.11923076923076924
0.12115384615384615
0.12307692307692308
0.125
0.12692307692307692
0.12884615384615383
0.13076923076923078
0.1326923076923077
0.1346153846153846
0.13653846153846153
0.13846153846153847
0.14038461538461539
0.1423076923076923
0.14423076923076922
0.14615384615384616
0.14807692307692308
0.15
0.1519230769230769
0.15384615384615385
0.15576923076923077
0.1576923076923077
0.1596153846153846
0.16153846153846155
0.16346153846153846
0.16538461538461538
0.1673076923076923
0.16923076923076924
0.17115384615384616
0.17307692307692307
0.175
0.17692307692307693
0.17884615384615385
0.18076923076923077
0.18269230769230768
0.18461538461538463
0.18653846153846154
0.18846153846153846
0.19038461538461537
0.19230769230769232
0.19423076923076923
0.19615384615384615
0.19807692307692307
0.2
0.20192307692307693
0.20384615384615384
0.20576923076923076
0.2076923076923077
0.20961538461538462
0.21153846153846154
0.21346153846153845
0.2153846153846154
0.2173076923076923
0.21923076923076923
0.22115384615384615
0.2230769230769231
0.225
0.22692307692307692
0.22884615384615384
0.23076923076923078
0.2326923076923077
0.23461538461538461
0.23653846153846153
0.23846153846153847
0.2403846153846154
0.2423076923076923
0.24423076923076922
0.24615384615384617
0.24807692307692308
0.25
0.2519230769230769
0.25384615384615383
0.25576923076923075
0.25769230769230766
0.25961538461538464
0.26153846153846155
0.26346153846153847
0.2653846153846154
0.2673076923076923
0.2692307692307692
0.27115384615384613
0.27307692307692305
0.275
0.27692307692307694
0.27884615384615385
0.28076923076923077
0.2826923076923077
0.2846153846153846
0.2865384615384615
0.28846153846153844
0.2903846153846154
0.2923076923076923
0.29423076923076924
0.29615384615384616
0.2980769230769231
0.3
0.3019230769230769
0.3038461538461538
0.3057692307692308
0.3076923076923077
0.3096153846153846
0.31153846153846154
0.31346153846153846
0.3153846153846154
0.3173076923076923
0.3192307692307692
0.3211538461538462
0.3230769230769231
0.325
0.3269230769230769
0.32884615384615384
0.33076923076923076
0.3326923076923077
0.3346153846153846
0.33653846153846156
0.3384615384615385
0.3403846153846154
0.3423076923076923
0.34423076923076923
0.34615384615384615
0.34807692307692306
0.35
0.35192307692307695
0.35384615384615387
0.3557692307692308
0.3576923076923077
0.3596153846153846
0.36153846153846153
0.36346153846153845
0.36538461538461536
0.36730769230769234
0.36923076923076925
0.37115384615384617
0.3730769230769231
0.375
0.3769230769230769
0.37884615384615383
0.38076923076923075
0.38269230769230766
0.38461538461538464
0.38653846153846155
0.38846153846153847
0.3903846153846154
0.3923076923076923
0.3942307692307692
0.39615384615384613
0.39807692307692305
0.4
0.40192307692307694
0.40384615384615385
0.40576923076923077
0.4076923076923077
0.4096153846153846
0.4115384615384615
0.41346153846153844
0.4153846153846154
0.4173076923076923
0.41923076923076924
0.42115384615384616
0.4230769230769231
0.425
0.4269230769230769
0.4288461538461538
0.4307692307692308
0.4326923076923077
0.4346153846153846
0.43653846153846154
0.43846153846153846
0.4403846153846154
0.4423076923076923
0.4442307692307692
0.4461538461538462
0.4480769230769231
0.45
0.4519230769230769
0.45384615384615384
0.45576923076923076
0.4576923076923077
0.4596153846153846
0.46153846153846156
0.4634615384615385
0.4653846153846154
0.4673076923076923
0.46923076923076923
0.47115384615384615
0.47307692307692306
0.475
0.47692307692307695
0.47884615384615387
0.4807692307692308
0.4826923076923077
0.4846153846153846
0.48653846153846153
0.48846153846153845
0.49038461538461536
0.49230769230769234
0.49423076923076925
0.49615384615384617
0.4971209213051823
0.49808429118773945
0.49904397705544934
0.5
0.5009523809523809
0.5019011406844106
0.5028462998102466
0.5037878787878788
0.5056818181818182
0.5075757575757576
0.509469696969697
0.5113636363636364
0.5132575757575758
0.5151515151515151
0.5170454545454546
0.5189393939393939
0.5208333333333334
0.5227272727272727
0.5246212121212122
0.5265151515151515
0.5284090909090909
0.5303030303030303
0.5321969696969697
0.5340909090909091
0.5359848484848485
0.5378787878787878
0.5397727272727273
0.5416666666666666
0.5435606060606061
0.5454545454545454
0.5473484848484849
0.5492424242424242
0.5511363636363636
0.553030303030303
0.5549242424242424
0.5568181818181818
0.5587121212121212
0.5606060606060606
0.5625
0.5643939393939394
0.5662878787878788
0.5681818181818182
0.5700757575757576
0.571969696969697
0.5738636363636364
0.5757575757575758
0.5776515151515151
0.5795454545454546
0.5814393939393939
0.5833333333333334
0.5852272727272727
0.5871212121212122
0.5890151515151515
0.5909090909090909
0.5928030303030303
0.5946969696969697
0.5965909090909091
0.5984848484848485
0.6003787878787878
0.6022727272727273
0.6041666666666666
0.6060606060606061
0.6079545454545454
0.6098484848484849
0.6117424242424242
0.6136363636363636
0.615530303030303
0.6174242424242424
0.6193181818181818
0.6212121212121212
0.6231060606060606
0.625
0.6268939393939394
0.6287878787878788
0.6306818181818182
0.6325757575757576
0.634469696969697
0.6363636363636364
0.6382575757575758
1.0
1.0
1.0
1.0
1.0
1.0
1.0
1.0
1.0
0.4
0.4230769230769231
0.4444444444444444
0.4642857142857143
0.4827586206896552
0.5
0.5161290322580645
0.53125
0.5454545454545454
0.5588235294117647
0.5714285714285714
0.08267716535433071
0.08627450980392157
0.08984375
0.0933852140077821
0.09689922480620156
0.10038610038610038
0.10384615384615385
0.0880503144654088
0.09090909090909091
0.09375
0.09657320872274143
0.09937888198757763
0.1021671826625387
0.10493827160493827
0.0673076923076923
0.06923076923076923
0.07115384615384615
0.07307692307692308
0.075
0.07692307692307693
0.07884615384615384
0.08076923076923077
0.08269230769230769
0.08461538461538462
0.08653846153846154
0.08846153846153847
0.09038461538461538
0.09230769230769231
0.09423076923076923
0.09615384615384616
0.09807692307692308
0.1
0.10192307692307692
0.10384615384615385
0.10576923076923077
0.1076923076923077
0.10961538461538461
0.11153846153846154
0.11346153846153846
0.11538461538461539
0.11730769230769231
0.11923076923076924
0.12115384615384615
0.12307692307692308
0.125
0.12692307692307692
0.12884615384615383
0.13076923076923078
0.1326923076923077
0.1346153846153846
0.13653846153846153
0.13846153846153847
0.14038461538461539
0.1423076923076923
0.14423076923076922
0.14615384615384616
0.14807692307692308
0.15
0.1519230769230769
0.15384615384615385
0.15576923076923077
0.1576923076923077
0.1596153846153846
0.16153846153846155
0.16346153846153846
0.16538461538461538
0.1673076923076923
0.16923076923076924
0.17115384615384616
0.17307692307692307
0.175
0.17692307692307693
0.17884615384615385
0.18076923076923077
0.18269230769230768
0.18461538461538463
0.18653846153846154
0.18846153846153846
0.19038461538461537
0.19230769230769232
0.19423076923076923
0.19615384615384615
0.19807692307692307
1.0
1.0
1.0
1.0
1.0
1.0
1.0
1.0
1.0
0.4
0.4230769230769231
0.4444444444444444
0.4642857142857143
0.4827586206896552
0.5
0.5161290322580645
0.53125
0.5454545454545454
0.5588235294117647
0.5714285714285714
0.08267716535433071
0.08627450980392157
0.08984375
0.0933852140077821
0.09689922480620156
0.10038610038610038
0.10384615384615385
0.0880503144654088
0.09090909090909091
0.09375
0.09657320872274143
0.09937888198757763
0.1021671826625387
0.10493827160493827
0.0673076923076923
0.06923076923076923
0.07115384615384615
0.07307692307692308
0.075
0.07692307692307693
0.07884615384615384
0.08076923076923077
0.08269230769230769
0.08461538461538462
0.08653846153846154
0.08846153846153847
0.09038461538461538
0.09230769230769231
0.09423076923076923
0.09615384615384616
0.09807692307692308
0.1
0.10192307692307692
0.10384615384615385
0.10576923076923077
0.1076923076923077
0.10961538461538461
0.11153846153846154
0.11346153846153846
0.11538461538461539
0.11730769230769231
0.11923076923076924
0.12115384615384615
0.12307692307692308
0.125
0.12692307692307692
0.12884615384615383
0.13076923076923078
0.1326923076923077
0.1346153846153846
0.13653846153846153
0.13846153846153847
0.14038461538461539
0.1423076923076923
0.14423076923076922
0.14615384615384616
0.14807692307692308
0.15
0.1519230769230769
0.15384615384615385
0.15576923076923077
0.1576923076923077
0.1596153846153846
0.16153846153846155
0.16346153846153846
0.16538461538461538
0.1673076923076923
0.16923076923076924
0.17115384615384616
0.17307692307692307
0.175
0.17692307692307693
0.17884615384615385
0.18076923076923077
0.18269230769230768
0.18461538461538463
0.18653846153846154
0.18846153846153846
0.19038461538461537
0.19230769230769232
0.19423076923076923
0.19615384615384615
0.19807692307692307
0.2
0.20192307692307693
0.20384615384615384
0.20576923076923076
0.2076923076923077
0.20961538461538462
0.21153846153846154
0.21346153846153845
0.2153846153846154
0.2173076923076923
0.21923076923076923
0.22115384615384615
0.2230769230769231
0.225
0.22692307692307692
0.22884615384615384
0.23076923076923078
0.2326923076923077
0.23461538461538461
0.23653846153846153
0.23846153846153847
0.2403846153846154
0.2423076923076923
0.24423076923076922
0.24615384615384617
0.24807692307692308
0.25
0.2519230769230769
0.25384615384615383
0.25576923076923075
0.25769230769230766
0.25961538461538464
0.26153846153846155
0.26346153846153847
0.2653846153846154
0.2673076923076923
0.2692307692307692
0.27115384615384613
0.27307692307692305
0.275
0.27692307692307694
0.27884615384615385
0.28076923076923077
0.2826923076923077
0.2846153846153846
0.2865384615384615
0.28846153846153844
0.2903846153846154
0.2923076923076923
0.29423076923076924
0.29615384615384616
0.2980769230769231
0.3
0.3019230769230769
0.3038461538461538
0.3057692307692308
0.3076923076923077
0.3096153846153846
0.31153846153846154
0.31346153846153846
0.3153846153846154
0.3173076923076923
0.3192307692307692
0.3211538461538462
0.3230769230769231
0.325
0.3269230769230769
0.32884615384615384
0.33076923076923076
0.3326923076923077
0.3346153846153846
0.33653846153846156
0.3384615384615385
0.3403846153846154
0.3423076923076923
0.34423076923076923
0.34615384615384615
0.34807692307692306
1.0
1.0
1.0
1.0
1.0
1.0
1.0
1.0
1.0
0.4
0.4230769230769231
0.4444444444444444
0.4642857142857143
0.4827586206896552
0.5
0.5161290322580645
0.53125
0.5454545454545454
0.5588235294117647
0.5714285714285714
0.08267716535433071
0.08627450980392157
0.08984375
0.0933852140077821
0.09689922480620156
0.10038610038610038
0.10384615384615385
0.0880503144654088
0.09090909090909091
0.09375
0.09657320872274143
0.09937888198757763
0.1021671826625387
0.10493827160493827
0.0673076923076923
0.06923076923076923
0.07115384615384615
0.07307692307692308
0.075
0.07692307692307693
0.07884615384615384
0.08076923076923077
0.08269230769230769
0.08461538461538462
0.08653846153846154
0.08846153846153847
0.09038461538461538
0.09230769230769231
0.09423076923076923
0.09615384615384616
0.09807692307692308
0.1
0.10192307692307692
0.10384615384615385
0.10576923076923077
0.1076923076923077
0.10961538461538461
0.11153846153846154
0.11346153846153846
0.11538461538461539
0.11730769230769231
0.11923076923076924
0.12115384615384615
0.12307692307692308
0.125
0.12692307692307692
0.12884615384615383
0.13076923076923078
0.1326923076923077
0.1346153846153846
0.13653846153846153
0.13846153846153847
0.14038461538461539
0.1423076923076923
0.14423076923076922
0.14615384615384616
0.14807692307692308
0.15
0.1519230769230769
0.15384615384615385
0.15576923076923077
0.1576923076923077
0.1596153846153846
0.16153846153846155
0.16346153846153846
0.16538461538461538
0.1673076923076923
0.16923076923076924
0.17115384615384616
0.17307692307692307
0.175
0.17692307692307693
0.17884615384615385
0.18076923076923077
0.18269230769230768
0.18461538461538463
0.18653846153846154
0.18846153846153846
0.19038461538461537
0.19230769230769232
0.19423076923076923
0.19615384615384615
0.19807692307692307
0.2
0.20192307692307693
0.20384615384615384
0.20576923076923076
0.2076923076923077
0.20961538461538462
0.21153846153846154
0.21346153846153845
0.2153846153846154
0.2173076923076923
0.21923076923076923
0.22115384615384615
0.2230769230769231
0.225
0.22692307692307692
0.22884615384615384
0.23076923076923078
0.2326923076923077
0.23461538461538461
0.23653846153846153
0.23846153846153847
0.2403846153846154
0.2423076923076923
0.24423076923076922
0.24615384615384617
0.24807692307692308
0.25
0.2519230769230769
0.25384615384615383
0.25576923076923075
0.25769230769230766
0.25961538461538464
0.26153846153846155
0.26346153846153847
0.2653846153846154
0.2673076923076923
0.2692307692307692
0.27115384615384613
0.27307692307692305
0.275
0.27692307692307694
0.27884615384615385
0.28076923076923077
0.2826923076923077
0.2846153846153846
0.2865384615384615
0.28846153846153844
0.2903846153846154
0.2923076923076923
0.29423076923076924
0.29615384615384616
0.2980769230769231
0.3
0.3019230769230769
0.3038461538461538
0.3057692307692308
0.3076923076923077
0.3096153846153846
0.31153846153846154
0.31346153846153846
0.3153846153846154
0.3173076923076923
0.3192307692307692
0.3211538461538462
0.3230769230769231
0.325
0.3269230769230769
0.32884615384615384
0.33076923076923076
0.3326923076923077
0.3346153846153846
0.33653846153846156
0.3384615384615385
0.3403846153846154
0.3423076923076923
0.34423076923076923
0.34615384615384615
0.34807692307692306
1.0
1.0
1.0
1.0
1.0
1.0
1.0
1.0
1.0
0.4
0.4230769230769231
0.4444444444444444
0.4642857142857143
0.4827586206896552
0.5
0.5161290322580645
0.53125
0.5454545454545454
0.5588235294117647
0.5714285714285714
0.08267716535433071
0.08627450980392157
0.08984375
0.0933852140077821
0.09689922480620156
0.10038610038610038
0.10384615384615385
0.0880503144654088
0.09090909090909091
0.09375
0.09657320872274143
0.09937888198757763
0.1021671826625387
0.10493827160493827
0.0673076923076923
0.06923076923076923
0.07115384615384615
0.07307692307692308
0.075
0.07692307692307693
0.07884615384615384
0.08076923076923077
0.08269230769230769
0.08461538461538462
0.08653846153846154
0.08846153846153847
0.09038461538461538
0.09230769230769231
0.09423076923076923
0.09615384615384616
0.09807692307692308
0.1
0.10192307692307692
0.10384615384615385
0.10576923076923077
0.1076923076923077
0.10961538461538461
0.11153846153846154
0.11346153846153846
0.11538461538461539
0.11730769230769231
0.11923076923076924
0.12115384615384615
0.12307692307692308
0.125
0.12692307692307692
0.12884615384615383
0.13076923076923078
0.1326923076923077
0.1346153846153846
0.13653846153846153
0.13846153846153847
0.14038461538461539
0.1423076923076923
0.14423076923076922
0.14615384615384616
0.14807692307692308
0.15
0.1519230769230769
0.15384615384615385
0.15576923076923077
0.1576923076923077
0.1596153846153846
0.16153846153846155
0.16346153846153846
0.16538461538461538
0.1673076923076923
0.16923076923076924
0.17115384615384616
0.17307692307692307
0.175
0.17692307692307693
0.17884615384615385
0.18076923076923077
0.18269230769230768
0.18461538461538463
0.18653846153846154
0.18846153846153846
0.19038461538461537
0.19230769230769232
0.19423076923076923
0.19615384615384615
0.19807692307692307
0.2
0.20192307692307693
0.20384615384615384
0.20576923076923076
0.2076923076923077
0.20961538461538462
0.21153846153846154
0.21346153846153845
0.2153846153846154
0.2173076923076923
0.21923076923076923
0.22115384615384615
0.2230769230769231
0.225
0.22692307692307692
0.22884615384615384
0.23076923076923078
0.2326923076923077
0.23461538461538461
0.23653846153846153
0.23846153846153847
0.2403846153846154
0.2423076923076923
0.24423076923076922
0.24615384615384617
0.24807692307692308
0.25
0.2519230769230769
0.25384615384615383
0.25576923076923075
0.25769230769230766
0.25961538461538464
0.26153846153846155
0.26346153846153847
0.2653846153846154
0.2673076923076923
0.2692307692307692
0.27115384615384613
0.27307692307692305
0.275
0.27692307692307694
0.27884615384615385
0.28076923076923077
0.2826923076923077
0.2846153846153846
0.2865384615384615
0.28846153846153844
0.2903846153846154
0.2923076923076923
0.29423076923076924
0.29615384615384616
0.2980769230769231
0.3
0.3019230769230769
0.3038461538461538
0.3057692307692308
0.3076923076923077
0.3096153846153846
0.31153846153846154
0.31346153846153846
0.3153846153846154
0.3173076923076923
0.3192307692307692
0.3211538461538462
0.3230769230769231
0.325
0.3269230769230769
0.32884615384615384
0.33076923076923076
0.3326923076923077
0.3346153846153846
0.33653846153846156
0.3384615384615385
0.3403846153846154
0.3423076923076923
0.34423076923076923
0.34615384615384615
0.34807692307692306
0.35
0.35192307692307695
0.35384615384615387
0.3557692307692308
0.3576923076923077
1.0
1.0
1.0
1.0
1.0
1.0
1.0
1.0
1.0
0.4
0.4230769230769231
0.4444444444444444
0.4642857142857143
0.4827586206896552
0.5
0.5161290322580645
0.53125
0.5454545454545454
0.5588235294117647
0.5714285714285714
0.08267716535433071
0.08627450980392157
0.08984375
0.0933852140077821
0.09689922480620156
0.10038610038610038
0.10384615384615385
0.0880503144654088
0.09090909090909091
0.09375
0.09657320872274143
0.09937888198757763
0.1021671826625387
0.10493827160493827
0.0673076923076923
0.06923076923076923
0.07115384615384615
0.07307692307692308
0.075
0.07692307692307693
0.07884615384615384
0.08076923076923077
0.08269230769230769
0.08461538461538462
0.08653846153846154
0.08846153846153847
0.09038461538461538
0.09230769230769231
0.09423076923076923
0.09615384615384616
0.09807692307692308
0.1
0.10192307692307692
0.10384615384615385
0.10576923076923077
0.1076923076923077
0.10961538461538461
0.11153846153846154
0.11346153846153846
0.11538461538461539
0.11730769230769231
0.11923076923076924
0.12115384615384615
0.12307692307692308
0.125
0.12692307692307692
0.12884615384615383
0.13076923076923078
0.1326923076923077
0.1346153846153846
0.13653846153846153
0.13846153846153847
0.14038461538461539
0.1423076923076923
0.14423076923076922
0.14615384615384616
0.14807692307692308
0.15
0.1519230769230769
0.15384615384615385
0.15576923076923077
0.1576923076923077
0.1596153846153846
0.16153846153846155
0.16346153846153846
0.16538461538461538
0.1673076923076923
0.16923076923076924
0.17115384615384616
0.17307692307692307
0.175
0.17692307692307693
0.17884615384615385
0.18076923076923077
0.18269230769230768
0.18461538461538463
0.18653846153846154
0.18846153846153846
0.19038461538461537
0.19230769230769232
0.19423076923076923
0.19615384615384615
0.19807692307692307
0.2
0.20192307692307693
0.20384615384615384
0.20576923076923076
0.2076923076923077
0.20961538461538462
0.21153846153846154
0.21346153846153845
0.2153846153846154
0.2173076923076923
0.21923076923076923
0.22115384615384615
0.2230769230769231
0.225
0.22692307692307692
0.22884615384615384
0.23076923076923078
0.2326923076923077
0.23461538461538461
0.23653846153846153
0.23846153846153847
0.2403846153846154
0.2423076923076923
0.24423076923076922
0.24615384615384617
0.24807692307692308
0.25
0.2519230769230769
0.25384615384615383
0.25576923076923075
0.25769230769230766
0.25961538461538464
0.26153846153846155
0.26346153846153847
0.2653846153846154
0.2673076923076923
0.2692307692307692
0.27115384615384613
0.27307692307692305
0.275
0.27692307692307694
0.27884615384615385
0.28076923076923077
0.2826923076923077
0.2846153846153846
0.2865384615384615
0.28846153846153844
0.2903846153846154
0.2923076923076923
0.29423076923076924
0.29615384615384616
0.2980769230769231
0.3
0.3019230769230769
0.3038461538461538
0.3057692307692308
0.3076923076923077
0.3096153846153846
0.31153846153846154
0.31346153846153846
0.3153846153846154
0.3173076923076923
0.3192307692307692
0.3211538461538462
0.3230769230769231
0.325
0.3269230769230769
0.32884615384615384
0.33076923076923076
0.3326923076923077
0.3346153846153846
0.33653846153846156
0.3384615384615385
0.3403846153846154
0.3423076923076923
0.34423076923076923
0.34615384615384615
0.34807692307692306
0.35
0.35192307692307695
0.35384615384615387
0.3557692307692308
0.3576923076923077
