1.0
1.0
1.0
1.0
1.0
1.0
1.0
1.0
1.0
1.0
1.0
1.0
1.0
1.0
1.0
1.0
1.0
1.0
1.0
1.0
1.0
1.0
1.0
1.0
1.0
1.0
1.0
1.0
1.0
0.2542372881355932
0.2605042016806723
0.26666666666666666
0.2727272727272727
0.2809917355371901
0.2892561983471074
0.2975206611570248
0.30578512396694213
0.3114754098360656
0.3170731707317073
0.3225806451612903
0.328
0.3333333333333333
0.33858267716535434
0.34375
0.3488372093023256
0.35384615384615387
0.36153846153846153
0.366412213740458
0.3712121212121212
0.37593984962406013
0.3805970149253731
0.3851851851851852
0.3897058823529412
0.39416058394160586
0.39855072463768115
0.4028776978417266
0.40714285714285714
0.41134751773049644
0.4154929577464789
0.4195804195804196
0.4236111111111111
0.42758620689655175
0.4315068493150685
0.43537414965986393
0.4391891891891892
0.4429530201342282
0.44666666666666666
0.4503311258278146
0.45394736842105265
0.45751633986928103
0.461038961038961
0.4645161290322581
0.40782122905027934
1.0
1.0
1.0
1.0
1.0
1.0
1.0
1.0
1.0
1.0
1.0
1.0
1.0
1.0
1.0
1.0
1.0
1.0
1.0
1.0
1.0
1.0
1.0
1.0
1.0
1.0
1.0
1.0
1.0
0.2542372881355932
0.2605042016806723
0.26666666666666666
0.2727272727272727
0.2809917355371901
0.2892561983471074
0.2975206611570248
0.30578512396694213
0.3114754098360656
0.3170731707317073
0.3225806451612903
0.328
0.3333333333333333
0.33858267716535434
0.34375
0.3488372093023256
0.35384615384615387
0.36153846153846153
0.366412213740458
0.3712121212121212
0.37593984962406013
0.3805970149253731
0.3851851851851852
0.3897058823529412
0.39416058394160586
0.39855072463768115
0.4028776978417266
0.40714285714285714
0.41134751773049644
0.4154929577464789
0.4195804195804196
0.4236111111111111
0.42758620689655175
0.4315068493150685
0.43537414965986393
0.4391891891891892
0.4429530201342282
0.44666666666666666
0.4503311258278146
0.45394736842105265
0.45751633986928103
0.461038961038961
0.4645161290322581
0.40782122905027934
1.0
1.0
1.0
1.0
1.0
1.0
1.0
1.0
1.0
1.0
1.0
1.0
1.0
1.0
1.0
1.0
1.0
1.0
1.0
1.0
1.0
1.0
1.0
1.0
1.0
1.0
1.0
1.0
1.0
1.0
1.0
1.0
1.0
1.0
1.0
1.0
1.0
1.0
1.0
1.0
1.0
1.0
1.0
1.0
1.0
1.0
1.0
1.0
1.0
1.0
1.0
1.0
1.0
1.0
1.0
1.0
1.0
1.0
1.0
1.0
1.0
1.0
1.0
1.0
1.0
1.0
1.0
1.0
1.0
1.0
1.0
1.0
1.0
1.0
1.0
1.0
1.0
1.0
1.0
1.0
1.0
1.0
1.0
1.0
1.0
1.0
1.0
1.0
1.0
1.0
1.0
1.0
1.0
1.0
1.0
1.0
1.0
1.0
1.0
1.0
1.0
1.0
0.2542372881355932
0.2605042016806723
0.26666666666666666
0.2727272727272727
0.2809917355371901
0.2892561983471074
0.2975206611570248
0.30578512396694213
0.3114754098360656
0.3170731707317073
0.3225806451612903
0.328
0.3333333333333333
0.33858267716535434
0.34375
0.3488372093023256
0.35384615384615387
0.36153846153846153
0.366412213740458
0.3712121212121212
0.37593984962406013
0.3805970149253731
0.3851851851851852
0.3897058823529412
0.39416058394160586
0.39855072463768115
0.4028776978417266
0.40714285714285714
0.41134751773049644
0.4154929577464789
0.4195804195804196
0.4236111111111111
0.42758620689655175
0.4315068493150685
0.43537414965986393
0.4391891891891892
0.4429530201342282
0.44666666666666666
0.4503311258278146
0.45394736842105265
0.45751633986928103
0.461038961038961
0.4645161290322581
0.40782122905027934
1.0
1.0
1.0
1.0
1.0
1.0
1.0
1.0
1.0
1.0
1.0
1.0
1.0
1.0
1.0
1.0
1.0
1.0
1.0
1.0
1.0
1.0
1.0
1.0
1.0
1.0
1.0
1.0
1.0
0.2542372881355932
0.2605042016806723
0.26666666666666666
0.2727272727272727
0.2809917355371901
0.2892561983471074
0.2975206611570248
0.30578512396694213
0.3114754098360656
0.3170731707317073
0.3225806451612903
0.328
0.3333333333333333
0.33858267716535434
0.34375
0.3488372093023256
0.35384615384615387
0.36153846153846153
0.366412213740458
0.3712121212121212
0.37593984962406013
0.3805970149253731
0.3851851851851852
0.3897058823529412
0.39416058394160586
0.39855072463768115
0.4028776978417266
0.40714285714285714
0.41134751773049644
0.4154929577464789
0.4195804195804196
0.4236111111111111
0.42758620689655175
0.4315068493150685
0.43537414965986393
0.4391891891891892
0.4429530201342282
0.44666666666666666
0.4503311258278146
0.45394736842105265
0.45751633986928103
0.461038961038961
0.4645161290322581
0.40782122905027934
1.0
1.0
1.0
1.0
1.0
1.0
1.0
1.0
1.0
1.0
1.0
1.0
1.0
1.0
1.0
1.0
1.0
1.0
1.0
1.0
1.0
1.0
1.0
1.0
1.0
1.0
1.0
1.0
1.0
0.2542372881355932
0.2605042016806723
0.26666666666666666
0.2727272727272727
0.2809917355371901
0.2892561983471074
0.2975206611570248
0.30578512396694213
0.3114754098360656
0.3170731707317073
0.3225806451612903
0.328
0.3333333333333333
0.33858267716535434
0.34375
0.3488372093023256
0.35384615384615387
0.36153846153846153
0.366412213740458
0.3712121212121212
0.37593984962406013
0.3805970149253731
0.3851851851851852
0.3897058823529412
0.39416058394160586
0.39855072463768115
0.4028776978417266
0.40714285714285714
0.41134751773049644
0.4154929577464789
0.4195804195804196
0.4236111111111111
0.42758620689655175
0.4315068493150685
0.43537414965986393
0.4391891891891892
0.4429530201342282
0.44666666666666666
0.4503311258278146
0.45394736842105265
0.45751633986928103
0.461038961038961
0.4645161290322581
0.40782122905027934
1.0
1.0
1.0
1.0
1.0
1.0
1.0
1.0
1.0
1.0
1.0
1.0
1.0
1.0
1.0
1.0
1.0
1.0
1.0
1.0
1.0
1.0
1.0
1.0
1.0
1.0
1.0
1.0
1.0
0.2542372881355932
0.2605042016806723
0.26666666666666666
0.2727272727272727
0.2809917355371901
0.2892561983471074
0.2975206611570248
0.30578512396694213
0.3114754098360656
0.3170731707317073
0.3225806451612903
0.328
0.3333333333333333
0.33858267716535434
0.34375
0.3488372093023256
0.35384615384615387
0.36153846153846153
0.366412213740458
0.3712121212121212
0.37593984962406013
0.3805970149253731
0.3851851851851852
0.3897058823529412
0.39416058394160586
0.39855072463768115
0.4028776978417266
0.40714285714285714
0.41134751773049644
0.4154929577464789
0.4195804195804196
0.4236111111111111
0.42758620689655175
0.4315068493150685
0.43537414965986393
0.4391891891891892
0.4429530201342282
0.44666666666666666
0.4503311258278146
0.45394736842105265
0.45751633986928103
0.461038961038961
0.4645161290322581
0.40782122905027934
