1.0
1.0
1.0
1.0
1.0
1.0
1.0
1.0
1.0
1.0
1.0
1.0
1.0
1.0
1.0
1.0
1.0
1.0
0.16964285714285715
0.17699115044247787
0.18421052631578946
0.19130434782608696
0.19827586206896552
0.20512820512820512
0.211864406779661
0.2184873949579832
0.225
0.23140495867768596
0.23770491803278687
0.24390243902439024
0.25
0.256
0.19879518072289157
0.20359281437125748
0.20833333333333334
0.21301775147928995
0.2032967032967033
0.20765027322404372
0.21195652173913043
0.21621621621621623
0.22043010752688172
0.22459893048128343
0.22872340425531915
0.2328042328042328
0.23684210526315788
0.24083769633507854
0.22169811320754718
1.0
1.0
1.0
1.0
1.0
1.0
1.0
1.0
1.0
1.0
1.0
1.0
1.0
1.0
1.0
1.0
1.0
1.0
0.16964285714285715
0.17699115044247787
0.18421052631578946
0.19130434782608696
0.19827586206896552
0.20512820512820512
0.211864406779661
0.2184873949579832
0.225
0.23140495867768596
0.23770491803278687
0.24390243902439024
0.25
0.256
0.19879518072289157
0.20359281437125748
0.20833333333333334
0.21301775147928995
0.2032967032967033
0.20765027322404372
0.21195652173913043
0.21621621621621623
0.22043010752688172
0.22459893048128343
0.22872340425531915
0.2328042328042328
0.23684210526315788
0.24083769633507854
0.22169811320754718
1.0
1.0
1.0
1.0
1.0
1.0
1.0
1.0
1.0
1.0
1.0
1.0
1.0
1.0
1.0
1.0
1.0
1.0
1.0
1.0
1.0
1.0
1.0
1.0
1.0
1.0
1.0
1.0
1.0
1.0
1.0
1.0
1.0
1.0
1.0
1.0
1.0
1.0
1.0
1.0
1.0
1.0
1.0
1.0
1.0
1.0
1.0
1.0
1.0
1.0
1.0
1.0
1.0
1.0
1.0
1.0
1.0
1.0
1.0
1.0
1.0
1.0
1.0
1.0
1.0
0.16964285714285715
0.17699115044247787
0.18421052631578946
0.19130434782608696
0.19827586206896552
0.20512820512820512
0.211864406779661
0.2184873949579832
0.225
0.23140495867768596
0.23770491803278687
0.24390243902439024
0.25
0.256
0.19879518072289157
0.20359281437125748
0.20833333333333334
0.21301775147928995
0.2032967032967033
0.20765027322404372
0.21195652173913043
0.21621621621621623
0.22043010752688172
0.22459893048128343
0.22872340425531915
0.2328042328042328
0.23684210526315788
0.24083769633507854
0.22169811320754718
1.0
1.0
1.0
1.0
1.0
1.0
1.0
1.0
1.0
1.0
1.0
1.0
1.0
1.0
1.0
1.0
1.0
1.0
0.16964285714285715
0.17699115044247787
0.18421052631578946
0.19130434782608696
0.19827586206896552
0.20512820512820512
0.211864406779661
0.2184873949579832
0.225
0.23140495867768596
0.23770491803278687
0.24390243902439024
0.25
0.256
0.19879518072289157
0.20359281437125748
0.20833333333333334
0.21301775147928995
0.2032967032967033
0.20765027322404372
0.21195652173913043
0.21621621621621623
0.22043010752688172
0.22459893048128343
0.22872340425531915
0.2328042328042328
0.23684210526315788
0.24083769633507854
0.22169811320754718
1.0
1.0
1.0
1.0
1.0
1.0
1.0
1.0
1.0
1.0
1.0
1.0
1.0
1.0
1.0
1.0
1.0
1.0
1.0
1.0
1.0
1.0
1.0
1.0
1.0
1.0
1.0
1.0
1.0
1.0
1.0
1.0
1.0
1.0
1.0
1.0
0.16964285714285715
0.17699115044247787
0.18421052631578946
0.19130434782608696
0.19827586206896552
0.20512820512820512
0.211864406779661
0.2184873949579832
0.225
0.23140495867768596
0.23770491803278687
0.24390243902439024
0.25
0.256
0.19879518072289157
0.20359281437125748
0.20833333333333334
0.21301775147928995
0.2032967032967033
0.20765027322404372
0.21195652173913043
0.21621621621621623
0.22043010752688172
0.22459893048128343
0.22872340425531915
0.2328042328042328
0.23684210526315788
0.24083769633507854
0.22169811320754718
