1.0
1.0
1.0
1.0
1.0
1.0
1.0
0.13114754098360656
0.14516129032258066
0.15873015873015872
0.171875
0.14814814814814814
0.15853658536585366
0.1686746987951807
1.0
1.0
1.0
1.0
1.0
1.0
1.0
0.13114754098360656
0.14516129032258066
0.15873015873015872
0.171875
0.14814814814814814
0.15853658536585366
0.1686746987951807
1.0
1.0
1.0
1.0
1.0
1.0
1.0
1.0
1.0
1.0
1.0
1.0
1.0
1.0
1.0
1.0
1.0
1.0
1.0
1.0
1.0
0.13114754098360656
0.14516129032258066
0.15873015873015872
0.171875
0.14814814814814814
0.15853658536585366
0.1686746987951807
1.0
1.0
1.0
1.0
1.0
1.0
1.0
0.13114754098360656
0.14516129032258066
0.15873015873015872
0.171875
0.14814814814814814
0.15853658536585366
0.1686746987951807
1.0
1.0
1.0
1.0
1.0
1.0
1.0
0.13114754098360656
0.14516129032258066
0.15873015873015872
0.171875
0.14814814814814814
0.15853658536585366
0.1686746987951807
1.0
1.0
1.0
1.0
1.0
1.0
1.0
0.13114754098360656
0.14516129032258066
0.15873015873015872
0.171875
0.14814814814814814
0.15853658536585366
0.1686746987951807
