1.0
1.0
1.0
1.0
1.0
1.0
1.0
1.0
1.0
1.0
1.0
1.0
1.0
1.0
1.0
1.0
1.0
1.0
1.0
1.0
1.0
1.0
1.0
1.0
1.0
1.0
1.0
1.0
1.0
1.0
1.0
1.0
1.0
1.0
1.0
1.0
1.0
1.0
1.0
1.0
1.0
1.0
1.0
1.0
1.0
1.0
1.0
1.0
1.0
1.0
1.0
1.0
1.0
1.0
1.0
1.0
1.0
1.0
1.0
1.0
1.0
1.0
1.0
1.0
1.0
1.0
1.0
1.0
1.0
1.0
1.0
1.0
1.0
1.0
1.0
1.0
1.0
1.0
1.0
1.0
1.0
1.0
1.0
1.0
1.0
1.0
1.0
1.0
1.0
1.0
1.0
1.0
1.0
1.0
1.0
1.0
1.0
1.0
1.0
1.0
1.0
1.0
1.0
1.0
1.0
1.0
1.0
1.0
1.0
1.0
1.0
1.0
1.0
1.0
1.0
1.0
1.0
1.0
1.0
1.0
1.0
1.0
1.0
1.0
1.0
1.0
1.0
1.0
1.0
1.0
1.0
1.0
1.0
1.0
1.0
1.0
1.0
1.0
1.0
1.0
1.0
1.0
1.0
1.0
1.0
1.0
1.0
1.0
1.0
1.0
1.0
1.0
1.0
1.0
1.0
1.0
1.0
1.0
1.0
1.0
1.0
1.0
1.0
1.0
1.0
1.0
1.0
1.0
1.0
1.0
1.0
1.0
1.0
1.0
1.0
1.0
1.0
1.0
1.0
1.0
1.0
1.0
1.0
1.0
1.0
1.0
1.0
1.0
1.0
1.0
1.0
1.0
1.0
1.0
1.0
1.0
1.0
1.0
1.0
1.0
1.0
1.0
1.0
1.0
1.0
1.0
1.0
1.0
1.0
1.0
1.0
1.0
1.0
1.0
1.0
1.0
1.0
1.0
1.0
1.0
1.0
1.0
1.0
1.0
1.0
1.0
1.0
1.0
1.0
1.0
1.0
1.0
1.0
1.0
1.0
1.0
1.0
1.0
1.0
1.0
1.0
1.0
1.0
1.0
1.0
1.0
1.0
1.0
1.0
1.0
1.0
1.0
1.0
1.0
1.0
1.0
1.0
1.0
1.0
1.0
0.9666666666666667
0.966789667896679
0.9669117647058824
0.967032967032967
0.9671532846715328
0.9672727272727273
0.967391304347826
0.9675090252707581
0.9676258992805755
0.967741935483871
0.9678571428571429
0.9679715302491103
0.9680851063829787
0.9681978798586572
0.9683098591549296
0.968421052631579
0.9685314685314685
0.9686411149825784
0.96875
0.9688581314878892
0.9689655172413794
0.9690721649484536
0.9691780821917808
0.9692832764505119
0.9693877551020408
0.9694915254237289
0.9695945945945946
0.9696969696969697
0.9697986577181208
0.9698996655518395
0.97
0.9700996677740864
0.9701986754966887
0.9702970297029703
0.9703947368421053
0.9704918032786886
0.9705882352941176
0.9706840390879479
0.9707792207792207
0.970873786407767
0.9709677419354839
0.9710610932475884
0.9711538461538461
0.9743589743589743
0.9651898734177216
0.9652996845425867
0.9654088050314465
0.9655172413793104
0.965625
0.9657320872274143
0.9658385093167702
0.9659442724458205
0.9660493827160493
0.9661538461538461
0.9692307692307692
0.9693251533742331
0.9694189602446484
0.9695121951219512
0.9696048632218845
0.9696969696969697
0.9697885196374623
0.972809667673716
0.9758308157099698
0.9759036144578314
0.9789156626506024
0.9819277108433735
0.9849397590361446
0.984984984984985
0.987987987987988
0.990990990990991
0.993993993993994
0.996996996996997
1.0
1.0
0.9852941176470589
0.9882352941176471
0.9911764705882353
0.9941176470588236
0.9941348973607038
0.9941520467836257
0.9941690962099126
0.9941860465116279
0.9942028985507246
0.9942196531791907
0.9942363112391931
0.9942528735632183
0.994269340974212
0.9942857142857143
0.9943019943019943
0.9943181818181818
0.9943342776203966
0.9943502824858758
0.9943661971830986
0.9943820224719101
0.9943977591036415
0.994413407821229
0.9944289693593314
0.9944444444444445
0.9944598337950139
0.994475138121547
0.9944903581267218
0.9945054945054945
0.9945205479452055
0.994535519125683
0.9945504087193461
0.9945652173913043
0.994579945799458
0.9945945945945946
0.9946091644204852
0.9946236559139785
0.9946380697050938
0.9946524064171123
0.9946666666666667
0.9946808510638298
0.9946949602122016
0.9947089947089947
0.9947229551451188
0.9947368421052631
0.994750656167979
0.9947643979057592
0.9947780678851175
0.9947916666666666
0.9948051948051948
0.9948186528497409
0.9948320413436692
0.9948453608247423
0.9948586118251928
0.9948717948717949
0.9974358974358974
1.0
1.0
1.0
1.0
1.0
1.0
1.0
1.0
1.0
1.0
1.0
1.0
1.0
1.0
1.0
1.0
1.0
1.0
1.0
1.0
1.0
1.0
1.0
1.0
1.0
1.0
1.0
1.0
1.0
1.0
1.0
1.0
1.0
1.0
1.0
1.0
1.0
1.0
1.0
1.0
1.0
1.0
1.0
1.0
1.0
1.0
1.0
1.0
1.0
1.0
1.0
1.0
1.0
1.0
1.0
1.0
1.0
1.0
1.0
1.0
1.0
1.0
1.0
1.0
1.0
1.0
1.0
1.0
1.0
1.0
1.0
1.0
1.0
1.0
1.0
1.0
1.0
1.0
1.0
1.0
1.0
0.9751552795031055
0.9772256728778468
0.979296066252588
0.9813664596273292
0.9834368530020704
0.9855072463768116
0.9875776397515528
0.987603305785124
0.9876288659793815
0.9876543209876543
0.9876796714579056
0.9877049180327869
0.9877300613496932
0.9877551020408163
0.9877800407331976
0.9878048780487805
0.9878296146044625
0.9898580121703854
0.9918864097363083
0.9919028340080972
0.9939271255060729
0.9959514170040485
0.9959595959595959
0.9959677419354839
0.9959758551307847
0.9959839357429718
0.9959919839679359
0.9979959919839679
1.0
1.0
1.0
1.0
1.0
1.0
1.0
1.0
1.0
1.0
1.0
1.0
1.0
1.0
1.0
1.0
1.0
1.0
1.0
1.0
1.0
1.0
1.0
1.0
1.0
1.0
1.0
1.0
1.0
1.0
1.0
1.0
1.0
1.0
1.0
1.0
1.0
1.0
1.0
1.0
1.0
1.0
1.0
1.0
1.0
1.0
1.0
1.0
1.0
1.0
1.0
1.0
1.0
1.0
1.0
1.0
1.0
1.0
1.0
1.0
1.0
1.0
1.0
1.0
1.0
1.0
1.0
1.0
1.0
1.0
1.0
1.0
1.0
1.0
1.0
1.0
1.0
1.0
1.0
1.0
1.0
1.0
1.0
1.0
1.0
1.0
1.0
1.0
1.0
1.0
1.0
1.0
1.0
1.0
1.0
1.0
1.0
1.0
1.0
1.0
1.0
1.0
1.0
1.0
1.0
1.0
1.0
1.0
1.0
1.0
1.0
1.0
1.0
1.0
1.0
1.0
1.0
1.0
1.0
1.0
1.0
1.0
1.0
1.0
1.0
1.0
1.0
1.0
1.0
1.0
1.0
1.0
1.0
1.0
1.0
1.0
1.0
1.0
1.0
1.0
1.0
1.0
1.0
1.0
1.0
1.0
1.0
1.0
1.0
1.0
1.0
1.0
1.0
1.0
1.0
1.0
1.0
1.0
1.0
1.0
1.0
1.0
1.0
1.0
1.0
1.0
1.0
1.0
1.0
1.0
1.0
1.0
1.0
1.0
1.0
1.0
1.0
1.0
1.0
1.0
1.0
1.0
1.0
1.0
1.0
1.0
1.0
1.0
1.0
1.0
1.0
1.0
1.0
1.0
1.0
1.0
1.0
1.0
1.0
1.0
1.0
1.0
1.0
1.0
1.0
1.0
1.0
1.0
1.0
1.0
1.0
1.0
1.0
1.0
1.0
1.0
1.0
1.0
1.0
1.0
1.0
1.0
1.0
1.0
1.0
1.0
1.0
1.0
1.0
1.0
1.0
1.0
1.0
1.0
1.0
1.0
1.0
1.0
1.0
1.0
1.0
1.0
1.0
1.0
1.0
1.0
1.0
1.0
1.0
1.0
1.0
1.0
1.0
1.0
1.0
1.0
1.0
1.0
1.0
1.0
1.0
1.0
1.0
1.0
1.0
1.0
1.0
1.0
1.0
1.0
1.0
1.0
1.0
1.0
1.0
1.0
1.0
1.0
1.0
1.0
1.0
1.0
1.0
1.0
1.0
1.0
1.0
1.0
1.0
1.0
1.0
1.0
0.9666666666666667
0.966789667896679
0.9669117647058824
0.967032967032967
0.9671532846715328
0.9672727272727273
0.967391304347826
0.9675090252707581
0.9676258992805755
0.967741935483871
0.9678571428571429
0.9679715302491103
0.9680851063829787
0.9681978798586572
0.9683098591549296
0.968421052631579
0.9685314685314685
0.9686411149825784
0.96875
0.9688581314878892
0.9689655172413794
0.9690721649484536
0.9691780821917808
0.9692832764505119
0.9693877551020408
0.9694915254237289
0.9695945945945946
0.9696969696969697
0.9697986577181208
0.9698996655518395
0.97
0.9700996677740864
0.9701986754966887
0.9702970297029703
0.9703947368421053
0.9704918032786886
0.9705882352941176
0.9706840390879479
0.9707792207792207
0.970873786407767
0.9709677419354839
0.9710610932475884
0.9711538461538461
0.9743589743589743
0.9651898734177216
0.9652996845425867
0.9654088050314465
0.9655172413793104
0.965625
0.9657320872274143
0.9658385093167702
0.9659442724458205
0.9660493827160493
0.9661538461538461
0.9692307692307692
0.9693251533742331
0.9694189602446484
0.9695121951219512
0.9696048632218845
0.9696969696969697
0.9697885196374623
0.972809667673716
0.9758308157099698
0.9759036144578314
0.9789156626506024
0.9819277108433735
0.9849397590361446
0.984984984984985
0.987987987987988
0.990990990990991
0.993993993993994
0.996996996996997
1.0
1.0
0.9852941176470589
0.9882352941176471
0.9911764705882353
0.9941176470588236
0.9941348973607038
0.9941520467836257
0.9941690962099126
0.9941860465116279
0.9942028985507246
0.9942196531791907
0.9942363112391931
0.9942528735632183
0.994269340974212
0.9942857142857143
0.9943019943019943
0.9943181818181818
0.9943342776203966
0.9943502824858758
0.9943661971830986
0.9943820224719101
0.9943977591036415
0.994413407821229
0.9944289693593314
0.9944444444444445
0.9944598337950139
0.994475138121547
0.9944903581267218
0.9945054945054945
0.9945205479452055
0.994535519125683
0.9945504087193461
0.9945652173913043
0.994579945799458
0.9945945945945946
0.9946091644204852
0.9946236559139785
0.9946380697050938
0.9946524064171123
0.9946666666666667
0.9946808510638298
0.9946949602122016
0.9947089947089947
0.9947229551451188
0.9947368421052631
0.994750656167979
0.9947643979057592
0.9947780678851175
0.9947916666666666
0.9948051948051948
0.9948186528497409
0.9948320413436692
0.9948453608247423
0.9948586118251928
0.9948717948717949
0.9974358974358974
1.0
1.0
1.0
1.0
1.0
1.0
1.0
1.0
1.0
1.0
1.0
1.0
1.0
1.0
1.0
1.0
1.0
1.0
1.0
1.0
1.0
1.0
1.0
1.0
1.0
1.0
1.0
1.0
1.0
1.0
1.0
1.0
1.0
1.0
1.0
1.0
1.0
1.0
1.0
1.0
1.0
1.0
1.0
1.0
1.0
1.0
1.0
1.0
1.0
1.0
1.0
1.0
1.0
1.0
1.0
1.0
1.0
1.0
1.0
1.0
1.0
1.0
1.0
1.0
1.0
1.0
1.0
1.0
1.0
1.0
1.0
1.0
1.0
1.0
1.0
1.0
1.0
1.0
1.0
1.0
1.0
0.9751552795031055
0.9772256728778468
0.979296066252588
0.9813664596273292
0.9834368530020704
0.9855072463768116
0.9875776397515528
0.987603305785124
0.9876288659793815
0.9876543209876543
0.9876796714579056
0.9877049180327869
0.9877300613496932
0.9877551020408163
0.9877800407331976
0.9878048780487805
0.9878296146044625
0.9898580121703854
0.9918864097363083
0.9919028340080972
0.9939271255060729
0.9959514170040485
0.9959595959595959
0.9959677419354839
0.9959758551307847
0.9959839357429718
0.9959919839679359
0.9979959919839679
1.0
1.0
1.0
1.0
1.0
1.0
1.0
1.0
1.0
1.0
1.0
1.0
1.0
1.0
1.0
1.0
1.0
1.0
1.0
1.0
1.0
1.0
1.0
1.0
1.0
1.0
1.0
1.0
1.0
1.0
1.0
1.0
1.0
1.0
1.0
1.0
1.0
1.0
1.0
1.0
1.0
1.0
1.0
1.0
1.0
1.0
1.0
1.0
1.0
1.0
1.0
1.0
1.0
1.0
1.0
1.0
1.0
1.0
1.0
1.0
1.0
1.0
1.0
1.0
1.0
1.0
1.0
1.0
1.0
1.0
1.0
1.0
1.0
1.0
1.0
1.0
1.0
1.0
1.0
1.0
1.0
1.0
1.0
1.0
1.0
1.0
1.0
1.0
1.0
1.0
1.0
1.0
1.0
1.0
1.0
1.0
1.0
1.0
1.0
1.0
1.0
1.0
1.0
1.0
1.0
1.0
1.0
1.0
1.0
1.0
1.0
1.0
1.0
1.0
1.0
1.0
1.0
1.0
1.0
1.0
1.0
1.0
1.0
1.0
1.0
1.0
1.0
1.0
1.0
1.0
1.0
1.0
1.0
1.0
1.0
1.0
1.0
1.0
1.0
1.0
1.0
1.0
1.0
1.0
1.0
1.0
1.0
1.0
1.0
1.0
1.0
1.0
1.0
1.0
1.0
1.0
1.0
1.0
1.0
1.0
1.0
1.0
1.0
1.0
1.0
1.0
1.0
1.0
1.0
1.0
1.0
1.0
1.0
1.0
1.0
1.0
1.0
1.0
1.0
1.0
1.0
1.0
1.0
1.0
1.0
1.0
1.0
1.0
1.0
1.0
1.0
1.0
1.0
1.0
1.0
1.0
1.0
1.0
1.0
1.0
1.0
1.0
1.0
1.0
1.0
1.0
1.0
1.0
1.0
1.0
1.0
1.0
1.0
1.0
1.0
1.0
1.0
1.0
1.0
1.0
1.0
1.0
1.0
1.0
1.0
1.0
1.0
1.0
1.0
1.0
1.0
1.0
1.0
1.0
1.0
1.0
1.0
1.0
1.0
1.0
1.0
1.0
1.0
1.0
1.0
1.0
1.0
1.0
1.0
1.0
1.0
1.0
1.0
1.0
1.0
1.0
1.0
1.0
1.0
1.0
1.0
1.0
1.0
1.0
1.0
1.0
1.0
1.0
1.0
1.0
1.0
1.0
1.0
1.0
1.0
1.0
1.0
1.0
1.0
1.0
1.0
1.0
1.0
1.0
1.0
1.0
1.0
1.0
1.0
1.0
1.0
1.0
0.9666666666666667
0.966789667896679
0.9669117647058824
0.967032967032967
0.9671532846715328
0.9672727272727273
0.967391304347826
0.9675090252707581
0.9676258992805755
0.967741935483871
0.9678571428571429
0.9679715302491103
0.9680851063829787
0.9681978798586572
0.9683098591549296
0.968421052631579
0.9685314685314685
0.9686411149825784
0.96875
0.9688581314878892
0.9689655172413794
0.9690721649484536
0.9691780821917808
0.9692832764505119
0.9693877551020408
0.9694915254237289
0.9695945945945946
0.9696969696969697
0.9697986577181208
0.9698996655518395
0.97
0.9700996677740864
0.9701986754966887
0.9702970297029703
0.9703947368421053
0.9704918032786886
0.9705882352941176
0.9706840390879479
0.9614147909967846
0.9615384615384616
0.9616613418530351
0.9617834394904459
0.9619047619047619
0.9620253164556962
0.9621451104100947
0.9622641509433962
0.9623824451410659
0.9625
0.965625
0.9657320872274143
0.9658385093167702
0.9659442724458205
0.9660493827160493
0.9661538461538461
0.9662576687116564
0.9693251533742331
0.9723926380368099
0.9724770642201835
0.9725609756097561
0.9726443768996961
0.9727272727272728
0.972809667673716
0.9758308157099698
0.9788519637462235
0.9818731117824774
0.9848942598187311
0.9879154078549849
0.9909365558912386
0.9939577039274925
0.9969788519637462
1.0
1.0
1.0
1.0
1.0
1.0
1.0
1.0
1.0
1.0
1.0
1.0
1.0
1.0
1.0
1.0
1.0
1.0
1.0
1.0
1.0
1.0
1.0
1.0
1.0
1.0
1.0
1.0
1.0
1.0
1.0
1.0
1.0
1.0
1.0
1.0
1.0
1.0
1.0
1.0
1.0
1.0
1.0
1.0
1.0
1.0
1.0
1.0
1.0
1.0
1.0
1.0
1.0
1.0
1.0
1.0
1.0
1.0
1.0
1.0
1.0
1.0
1.0
1.0
1.0
1.0
1.0
1.0
1.0
1.0
1.0
1.0
1.0
1.0
1.0
1.0
1.0
1.0
1.0
1.0
1.0
1.0
1.0
1.0
1.0
1.0
1.0
1.0
1.0
1.0
1.0
1.0
1.0
1.0
1.0
1.0
1.0
1.0
1.0
1.0
1.0
1.0
1.0
1.0
1.0
1.0
1.0
1.0
1.0
1.0
1.0
1.0
1.0
1.0
1.0
1.0
1.0
1.0
1.0
1.0
1.0
1.0
1.0
1.0
1.0
1.0
1.0
1.0
1.0
1.0
1.0
1.0
1.0
1.0
1.0
1.0
1.0
0.975
0.9770833333333333
0.9791666666666666
0.98125
0.9833333333333333
0.9854166666666667
0.9875
0.9875259875259875
0.9875518672199171
0.9875776397515528
0.987603305785124
0.9876288659793815
0.9876543209876543
0.9876796714579056
0.9877049180327869
0.9877300613496932
0.9877551020408163
0.9897959183673469
0.9918367346938776
0.9918533604887984
0.9938900203665988
0.9959266802443992
0.9959349593495935
0.9959432048681541
0.9959514170040485
0.9959595959595959
0.9959677419354839
0.9979838709677419
1.0
1.0
1.0
1.0
1.0
1.0
1.0
1.0
1.0
0.9960552268244576
0.9960629921259843
0.9960707269155207
0.996078431372549
0.9960861056751468
0.99609375
0.9961013645224172
0.9961089494163424
0.996116504854369
0.9961240310077519
0.9961315280464217
0.9961389961389961
0.9961464354527938
0.9961538461538462
0.9961612284069098
0.9961685823754789
0.9961759082217974
0.9961832061068703
0.9961904761904762
1.0
1.0
1.0
1.0
1.0
1.0
1.0
1.0
1.0
1.0
1.0
1.0
1.0
1.0
1.0
1.0
1.0
1.0
1.0
1.0
1.0
1.0
1.0
1.0
1.0
1.0
1.0
1.0
1.0
1.0
1.0
1.0
1.0
1.0
1.0
1.0
1.0
1.0
1.0
1.0
1.0
1.0
1.0
1.0
1.0
1.0
1.0
1.0
1.0
1.0
1.0
1.0
1.0
1.0
1.0
1.0
1.0
1.0
1.0
1.0
1.0
1.0
1.0
1.0
1.0
1.0
1.0
1.0
1.0
1.0
1.0
1.0
1.0
1.0
1.0
1.0
1.0
1.0
1.0
1.0
1.0
1.0
1.0
1.0
1.0
1.0
1.0
1.0
1.0
1.0
1.0
1.0
1.0
1.0
1.0
1.0
1.0
1.0
1.0
1.0
1.0
1.0
1.0
1.0
1.0
1.0
1.0
1.0
1.0
1.0
1.0
1.0
1.0
1.0
1.0
1.0
1.0
1.0
1.0
1.0
1.0
1.0
1.0
1.0
1.0
1.0
1.0
1.0
1.0
1.0
1.0
1.0
1.0
1.0
1.0
1.0
1.0
1.0
1.0
1.0
1.0
1.0
1.0
1.0
1.0
1.0
1.0
1.0
1.0
1.0
1.0
1.0
1.0
1.0
1.0
1.0
1.0
1.0
1.0
1.0
1.0
1.0
1.0
1.0
1.0
1.0
1.0
1.0
1.0
1.0
1.0
1.0
1.0
1.0
1.0
1.0
1.0
1.0
1.0
1.0
1.0
1.0
1.0
1.0
1.0
1.0
1.0
1.0
1.0
1.0
1.0
1.0
1.0
1.0
1.0
1.0
1.0
1.0
1.0
1.0
1.0
1.0
1.0
1.0
1.0
1.0
1.0
1.0
1.0
1.0
1.0
1.0
1.0
1.0
1.0
1.0
1.0
1.0
1.0
1.0
1.0
1.0
1.0
1.0
1.0
1.0
1.0
1.0
1.0
1.0
1.0
1.0
1.0
1.0
1.0
1.0
1.0
1.0
1.0
1.0
1.0
1.0
1.0
1.0
1.0
1.0
1.0
1.0
1.0
1.0
1.0
1.0
1.0
1.0
1.0
1.0
1.0
1.0
1.0
1.0
0.9666666666666667
0.966789667896679
0.9669117647058824
0.967032967032967
0.9671532846715328
0.9672727272727273
0.967391304347826
0.9675090252707581
0.9676258992805755
0.967741935483871
0.9678571428571429
0.9679715302491103
0.9680851063829787
0.9681978798586572
0.9683098591549296
0.968421052631579
0.9685314685314685
0.9686411149825784
0.96875
0.9688581314878892
0.9689655172413794
0.9690721649484536
0.9691780821917808
0.9692832764505119
0.9693877551020408
0.9694915254237289
0.9695945945945946
0.9696969696969697
0.9697986577181208
0.9698996655518395
0.97
0.9700996677740864
0.9701986754966887
0.9702970297029703
0.9703947368421053
0.9704918032786886
0.9705882352941176
0.9706840390879479
0.9614147909967846
0.9615384615384616
0.9616613418530351
0.9617834394904459
0.9619047619047619
0.9620253164556962
0.9621451104100947
0.9622641509433962
0.9623824451410659
0.9625
0.965625
0.9657320872274143
0.9658385093167702
0.9659442724458205
0.9660493827160493
0.9661538461538461
0.9662576687116564
0.9693251533742331
0.9723926380368099
0.9724770642201835
0.9725609756097561
0.9726443768996961
0.9727272727272728
0.972809667673716
0.9758308157099698
0.9788519637462235
0.9818731117824774
0.9848942598187311
0.9879154078549849
0.9909365558912386
0.9939577039274925
0.9969788519637462
1.0
1.0
1.0
1.0
1.0
1.0
1.0
1.0
1.0
1.0
1.0
1.0
1.0
1.0
1.0
1.0
1.0
1.0
1.0
1.0
1.0
1.0
1.0
1.0
1.0
1.0
1.0
1.0
1.0
1.0
1.0
1.0
1.0
1.0
1.0
1.0
1.0
1.0
1.0
1.0
1.0
1.0
1.0
1.0
1.0
1.0
1.0
1.0
1.0
1.0
1.0
1.0
1.0
1.0
1.0
1.0
1.0
1.0
1.0
1.0
1.0
1.0
1.0
1.0
1.0
1.0
1.0
1.0
1.0
1.0
1.0
1.0
1.0
1.0
1.0
1.0
1.0
1.0
1.0
1.0
1.0
1.0
1.0
1.0
1.0
1.0
1.0
1.0
1.0
1.0
1.0
1.0
1.0
1.0
1.0
1.0
1.0
1.0
1.0
1.0
1.0
1.0
1.0
1.0
1.0
1.0
1.0
1.0
1.0
1.0
1.0
1.0
1.0
1.0
1.0
1.0
1.0
1.0
1.0
1.0
1.0
1.0
1.0
1.0
1.0
1.0
1.0
1.0
1.0
1.0
1.0
1.0
1.0
1.0
1.0
1.0
1.0
0.975
0.9770833333333333
0.9791666666666666
0.98125
0.9833333333333333
0.9854166666666667
0.9875
0.9875259875259875
0.9875518672199171
0.9875776397515528
0.987603305785124
0.9876288659793815
0.9876543209876543
0.9876796714579056
0.9877049180327869
0.9877300613496932
0.9877551020408163
0.9897959183673469
0.9918367346938776
0.9918533604887984
0.9938900203665988
0.9959266802443992
0.9959349593495935
0.9959432048681541
0.9959514170040485
0.9959595959595959
0.9959677419354839
0.9979838709677419
1.0
1.0
1.0
1.0
1.0
1.0
1.0
1.0
1.0
0.9960552268244576
0.9960629921259843
0.9960707269155207
0.996078431372549
0.9960861056751468
0.99609375
0.9961013645224172
0.9961089494163424
0.996116504854369
0.9961240310077519
0.9961315280464217
0.9961389961389961
0.9961464354527938
0.9961538461538462
0.9961612284069098
0.9961685823754789
0.9961759082217974
0.9961832061068703
0.9961904761904762
1.0
1.0
1.0
1.0
1.0
1.0
1.0
1.0
1.0
1.0
1.0
1.0
1.0
1.0
1.0
1.0
1.0
1.0
1.0
1.0
1.0
1.0
1.0
1.0
1.0
1.0
1.0
1.0
1.0
1.0
1.0
1.0
1.0
1.0
1.0
1.0
1.0
1.0
1.0
1.0
1.0
1.0
1.0
1.0
1.0
1.0
1.0
1.0
1.0
1.0
1.0
1.0
1.0
1.0
1.0
1.0
1.0
1.0
1.0
1.0
1.0
1.0
1.0
1.0
1.0
1.0
1.0
1.0
1.0
1.0
1.0
1.0
1.0
1.0
1.0
1.0
1.0
1.0
1.0
1.0
1.0
1.0
1.0
1.0
1.0
1.0
1.0
1.0
1.0
1.0
1.0
1.0
1.0
1.0
1.0
1.0
1.0
1.0
1.0
1.0
1.0
1.0
1.0
1.0
1.0
1.0
1.0
1.0
1.0
1.0
1.0
1.0
1.0
1.0
1.0
1.0
1.0
1.0
1.0
1.0
1.0
1.0
1.0
1.0
1.0
1.0
1.0
1.0
1.0
1.0
1.0
1.0
1.0
1.0
1.0
1.0
1.0
1.0
1.0
1.0
1.0
1.0
1.0
1.0
1.0
1.0
1.0
1.0
1.0
1.0
1.0
1.0
1.0
1.0
1.0
1.0
1.0
1.0
1.0
1.0
1.0
1.0
1.0
1.0
1.0
1.0
1.0
1.0
1.0
1.0
1.0
1.0
1.0
1.0
1.0
1.0
1.0
1.0
1.0
1.0
1.0
1.0
1.0
1.0
1.0
1.0
1.0
1.0
1.0
1.0
1.0
1.0
1.0
1.0
1.0
1.0
1.0
1.0
1.0
1.0
1.0
1.0
1.0
1.0
1.0
1.0
1.0
1.0
1.0
1.0
1.0
1.0
1.0
1.0
1.0
1.0
1.0
1.0
1.0
1.0
1.0
1.0
1.0
1.0
1.0
1.0
1.0
1.0
1.0
1.0
1.0
1.0
1.0
1.0
1.0
1.0
1.0
1.0
1.0
1.0
1.0
1.0
1.0
1.0
1.0
1.0
1.0
1.0
1.0
1.0
1.0
1.0
1.0
1.0
1.0
1.0
1.0
1.0
1.0
1.0
1.0
1.0
1.0
1.0
1.0
1.0
1.0
1.0
1.0
1.0
1.0
1.0
1.0
1.0
1.0
1.0
1.0
1.0
1.0
1.0
1.0
1.0
1.0
1.0
1.0
1.0
1.0
1.0
1.0
1.0
1.0
1.0
1.0
1.0
1.0
1.0
1.0
1.0
1.0
1.0
1.0
1.0
1.0
1.0
1.0
1.0
1.0
1.0
1.0
1.0
1.0
1.0
1.0
1.0
1.0
1.0
1.0
1.0
1.0
1.0
1.0
1.0
1.0
1.0
1.0
1.0
1.0
1.0
1.0
1.0
1.0
1.0
1.0
1.0
1.0
1.0
1.0
1.0
1.0
1.0
1.0
1.0
1.0
1.0
1.0
1.0
1.0
1.0
1.0
1.0
1.0
1.0
1.0
1.0
1.0
1.0
1.0
1.0
1.0
1.0
1.0
1.0
1.0
1.0
1.0
1.0
1.0
1.0
1.0
1.0
1.0
1.0
1.0
1.0
1.0
1.0
1.0
1.0
1.0
1.0
1.0
1.0
1.0
1.0
1.0
1.0
1.0
1.0
1.0
1.0
1.0
1.0
1.0
1.0
1.0
1.0
1.0
1.0
1.0
1.0
1.0
1.0
1.0
1.0
1.0
1.0
1.0
1.0
1.0
1.0
1.0
1.0
1.0
1.0
1.0
1.0
1.0
1.0
1.0
1.0
1.0
1.0
1.0
1.0
1.0
1.0
1.0
1.0
1.0
1.0
1.0
1.0
1.0
1.0
1.0
1.0
1.0
1.0
1.0
1.0
1.0
1.0
1.0
1.0
1.0
1.0
1.0
1.0
1.0
1.0
1.0
1.0
1.0
1.0
1.0
1.0
1.0
1.0
1.0
1.0
1.0
1.0
1.0
1.0
1.0
1.0
1.0
1.0
1.0
1.0
1.0
1.0
1.0
1.0
1.0
1.0
1.0
1.0
1.0
1.0
1.0
1.0
1.0
1.0
1.0
1.0
1.0
1.0
1.0
1.0
1.0
1.0
1.0
1.0
1.0
1.0
1.0
1.0
1.0
1.0
1.0
1.0
1.0
1.0
1.0
1.0
1.0
1.0
1.0
1.0
1.0
1.0
1.0
1.0
1.0
1.0
1.0
1.0
1.0
1.0
0.9702602230483272
0.9703703703703703
0.9704797047970479
0.9705882352941176
0.9706959706959707
0.9708029197080292
0.9709090909090909
0.9710144927536232
0.9711191335740073
0.9712230215827338
0.9713261648745519
0.9714285714285714
0.9715302491103203
0.9716312056737588
0.9717314487632509
0.971830985915493
0.9719298245614035
0.972027972027972
0.9721254355400697
0.9722222222222222
0.9756944444444444
0.9757785467128027
0.9758620689655172
0.9759450171821306
0.976027397260274
0.9761092150170648
0.9761904761904762
0.976271186440678
0.9763513513513513
0.9764309764309764
0.9765100671140939
0.9765886287625418
0.9766666666666667
0.9767441860465116
0.9768211920529801
0.976897689768977
0.9769736842105263
0.9770491803278688
0.9771241830065359
0.9771986970684039
0.9772727272727273
0.9773462783171522
0.9774193548387097
0.977491961414791
0.9775641025641025
0.9776357827476039
0.9777070063694268
0.9777777777777777
0.9778481012658228
0.9779179810725552
0.9779874213836478
0.9780564263322884
0.978125
0.9781931464174455
0.9782608695652174
0.978328173374613
0.9783950617283951
0.9784615384615385
0.9785276073619632
0.9815950920245399
0.981651376146789
0.9847094801223242
0.9877675840978594
0.9908256880733946
0.9908536585365854
0.9908814589665653
0.990909090909091
0.9909365558912386
0.9909638554216867
0.9939759036144579
0.9969879518072289
1.0
1.0
1.0
1.0
1.0
1.0
1.0
1.0
1.0
1.0
1.0
1.0
1.0
1.0
1.0
1.0
1.0
1.0
1.0
1.0
1.0
1.0
1.0
1.0
1.0
1.0
1.0
1.0
1.0
1.0
1.0
1.0
1.0
1.0
1.0
1.0
1.0
1.0
1.0
1.0
1.0
1.0
1.0
1.0
1.0
1.0
1.0
1.0
1.0
1.0
1.0
1.0
1.0
1.0
1.0
1.0
1.0
1.0
1.0
1.0
1.0
1.0
1.0
1.0
1.0
1.0
1.0
1.0
1.0
1.0
1.0
1.0
1.0
1.0
1.0
1.0
1.0
1.0
1.0
1.0
1.0
1.0
1.0
1.0
1.0
1.0
1.0
1.0
1.0
1.0
1.0
1.0
1.0
1.0
1.0
1.0
1.0
1.0
1.0
1.0
1.0
1.0
1.0
1.0
1.0
1.0
1.0
1.0
1.0
1.0
1.0
1.0
1.0
1.0
1.0
1.0
1.0
1.0
1.0
1.0
1.0
1.0
1.0
1.0
1.0
1.0
1.0
1.0
1.0
1.0
1.0
1.0
1.0
1.0
1.0
1.0
1.0
1.0
1.0
1.0
1.0
1.0
1.0
1.0
1.0
1.0
1.0
1.0
1.0
1.0
1.0
1.0
1.0
1.0
1.0
1.0
1.0
1.0
1.0
1.0
1.0
1.0
1.0
1.0
1.0
1.0
1.0
1.0
1.0
1.0
1.0
1.0
1.0
1.0
1.0
1.0
1.0
1.0
1.0
1.0
1.0
1.0
1.0
1.0
1.0
1.0
1.0
1.0
1.0
1.0
1.0
1.0
1.0
1.0
1.0
1.0
1.0
1.0
1.0
1.0
1.0
1.0
1.0
1.0
1.0
1.0
1.0
1.0
1.0
1.0
1.0
1.0
1.0
1.0
1.0
1.0
1.0
1.0
1.0
1.0
1.0
1.0
1.0
1.0
1.0
1.0
1.0
1.0
1.0
1.0
1.0
1.0
1.0
1.0
1.0
1.0
1.0
1.0
1.0
1.0
1.0
1.0
1.0
1.0
1.0
1.0
1.0
1.0
1.0
1.0
1.0
1.0
1.0
1.0
1.0
1.0
1.0
1.0
1.0
1.0
1.0
1.0
1.0
1.0
1.0
1.0
1.0
1.0
1.0
1.0
1.0
1.0
1.0
1.0
1.0
1.0
1.0
1.0
1.0
1.0
1.0
1.0
1.0
1.0
1.0
1.0
1.0
1.0
1.0
1.0
1.0
1.0
1.0
1.0
1.0
1.0
1.0
1.0
1.0
1.0
1.0
1.0
1.0
1.0
1.0
1.0
1.0
1.0
1.0
1.0
1.0
1.0
1.0
1.0
1.0
1.0
1.0
1.0
1.0
1.0
1.0
1.0
1.0
1.0
1.0
1.0
1.0
1.0
1.0
1.0
1.0
1.0
1.0
1.0
1.0
1.0
1.0
1.0
1.0
1.0
1.0
1.0
1.0
1.0
1.0
1.0
1.0
1.0
1.0
1.0
1.0
1.0
1.0
1.0
1.0
1.0
1.0
1.0
1.0
1.0
1.0
1.0
1.0
1.0
1.0
1.0
1.0
1.0
1.0
1.0
1.0
1.0
1.0
1.0
1.0
1.0
1.0
1.0
1.0
1.0
1.0
1.0
1.0
1.0
1.0
1.0
1.0
1.0
1.0
1.0
1.0
1.0
1.0
1.0
1.0
1.0
1.0
1.0
1.0
1.0
1.0
1.0
1.0
1.0
1.0
1.0
1.0
1.0
1.0
1.0
1.0
1.0
1.0
1.0
1.0
1.0
1.0
1.0
1.0
1.0
1.0
1.0
1.0
1.0
1.0
1.0
1.0
1.0
1.0
1.0
1.0
1.0
1.0
1.0
1.0
1.0
1.0
1.0
1.0
1.0
1.0
1.0
1.0
1.0
1.0
1.0
1.0
1.0
1.0
1.0
1.0
1.0
1.0
1.0
1.0
1.0
1.0
1.0
1.0
1.0
1.0
1.0
1.0
1.0
1.0
1.0
1.0
1.0
1.0
1.0
1.0
1.0
1.0
1.0
1.0
1.0
1.0
1.0
1.0
1.0
1.0
1.0
1.0
1.0
1.0
1.0
1.0
1.0
1.0
1.0
1.0
1.0
1.0
1.0
1.0
1.0
1.0
1.0
1.0
1.0
1.0
1.0
1.0
1.0
1.0
1.0
1.0
1.0
1.0
1.0
1.0
1.0
1.0
1.0
1.0
1.0
1.0
1.0
1.0
1.0
1.0
1.0
0.9702602230483272
0.9703703703703703
0.9704797047970479
0.9705882352941176
0.9706959706959707
0.9708029197080292
0.9709090909090909
0.9710144927536232
0.9711191335740073
0.9712230215827338
0.9713261648745519
0.9714285714285714
0.9715302491103203
0.9716312056737588
0.9717314487632509
0.971830985915493
0.9719298245614035
0.972027972027972
0.9721254355400697
0.9722222222222222
0.9756944444444444
0.9757785467128027
0.9758620689655172
0.9759450171821306
0.976027397260274
0.9761092150170648
0.9761904761904762
0.976271186440678
0.9763513513513513
0.9764309764309764
0.9765100671140939
0.9765886287625418
0.9766666666666667
0.9767441860465116
0.9768211920529801
0.976897689768977
0.9769736842105263
0.9770491803278688
0.9771241830065359
0.9771986970684039
0.9772727272727273
0.9773462783171522
0.9774193548387097
0.977491961414791
0.9775641025641025
0.9776357827476039
0.9777070063694268
0.9777777777777777
0.9778481012658228
0.9779179810725552
0.9779874213836478
0.9780564263322884
0.978125
0.9781931464174455
0.9782608695652174
0.978328173374613
0.9783950617283951
0.9784615384615385
0.9785276073619632
0.9815950920245399
0.981651376146789
0.9847094801223242
0.9877675840978594
0.9908256880733946
0.9908536585365854
0.9908814589665653
0.990909090909091
0.9909365558912386
0.9909638554216867
0.9939759036144579
0.9969879518072289
1.0
1.0
1.0
1.0
1.0
1.0
1.0
1.0
1.0
1.0
1.0
1.0
1.0
1.0
1.0
1.0
1.0
1.0
1.0
1.0
1.0
1.0
1.0
1.0
1.0
1.0
1.0
1.0
1.0
1.0
1.0
1.0
1.0
1.0
1.0
1.0
1.0
1.0
1.0
1.0
1.0
1.0
1.0
1.0
1.0
1.0
1.0
1.0
1.0
1.0
1.0
1.0
1.0
1.0
1.0
1.0
1.0
1.0
1.0
1.0
1.0
1.0
1.0
1.0
1.0
1.0
1.0
1.0
1.0
1.0
1.0
1.0
1.0
1.0
1.0
1.0
1.0
1.0
1.0
1.0
1.0
1.0
1.0
1.0
1.0
1.0
1.0
1.0
1.0
1.0
1.0
1.0
1.0
1.0
1.0
1.0
1.0
1.0
1.0
1.0
1.0
1.0
1.0
1.0
1.0
1.0
1.0
1.0
1.0
1.0
1.0
1.0
1.0
1.0
1.0
1.0
1.0
1.0
1.0
1.0
1.0
1.0
1.0
1.0
1.0
1.0
1.0
1.0
1.0
1.0
1.0
1.0
1.0
1.0
1.0
1.0
1.0
1.0
1.0
1.0
1.0
1.0
1.0
1.0
1.0
1.0
1.0
1.0
1.0
1.0
1.0
1.0
1.0
1.0
1.0
1.0
1.0
1.0
1.0
1.0
1.0
1.0
1.0
1.0
1.0
1.0
1.0
1.0
1.0
1.0
1.0
1.0
1.0
1.0
1.0
1.0
1.0
1.0
1.0
1.0
1.0
1.0
1.0
1.0
1.0
1.0
1.0
1.0
1.0
1.0
1.0
1.0
1.0
1.0
1.0
1.0
1.0
1.0
1.0
1.0
1.0
1.0
1.0
1.0
1.0
1.0
1.0
1.0
1.0
1.0
1.0
1.0
1.0
1.0
1.0
1.0
1.0
1.0
1.0
1.0
1.0
1.0
1.0
1.0
1.0
1.0
1.0
1.0
1.0
1.0
1.0
1.0
1.0
1.0
1.0
1.0
1.0
1.0
1.0
1.0
1.0
1.0
1.0
1.0
1.0
1.0
1.0
1.0
1.0
1.0
1.0
1.0
1.0
1.0
1.0
1.0
1.0
1.0
1.0
1.0
1.0
1.0
0.9666666666666667
0.966789667896679
0.9669117647058824
0.967032967032967
0.9671532846715328
0.9672727272727273
0.967391304347826
0.9675090252707581
0.9676258992805755
1.0
1.0
1.0
1.0
1.0
1.0
1.0
1.0
1.0
1.0
1.0
1.0
1.0
1.0
1.0
1.0
1.0
1.0
1.0
1.0
1.0
1.0
1.0
1.0
1.0
1.0
1.0
1.0
1.0
1.0
1.0
1.0
1.0
1.0
1.0
1.0
1.0
1.0
1.0
1.0
1.0
1.0
1.0
1.0
1.0
1.0
1.0
1.0
1.0
1.0
1.0
1.0
1.0
1.0
1.0
1.0
1.0
1.0
1.0
1.0
1.0
1.0
1.0
1.0
1.0
1.0
1.0
1.0
1.0
1.0
1.0
1.0
1.0
1.0
1.0
1.0
1.0
1.0
1.0
1.0
1.0
1.0
1.0
1.0
1.0
1.0
1.0
1.0
1.0
1.0
1.0
1.0
1.0
1.0
1.0
1.0
1.0
1.0
1.0
1.0
1.0
1.0
1.0
1.0
1.0
1.0
1.0
1.0
1.0
1.0
1.0
1.0
1.0
1.0
1.0
1.0
1.0
1.0
1.0
1.0
1.0
1.0
1.0
1.0
1.0
1.0
1.0
1.0
1.0
1.0
1.0
1.0
1.0
1.0
1.0
1.0
1.0
1.0
1.0
1.0
1.0
1.0
1.0
1.0
1.0
1.0
1.0
1.0
1.0
1.0
1.0
1.0
1.0
1.0
1.0
1.0
1.0
1.0
1.0
1.0
1.0
1.0
1.0
1.0
1.0
1.0
1.0
1.0
1.0
1.0
1.0
1.0
1.0
1.0
1.0
1.0
1.0
1.0
1.0
1.0
1.0
1.0
1.0
1.0
1.0
1.0
1.0
1.0
1.0
1.0
1.0
1.0
1.0
1.0
1.0
1.0
1.0
1.0
1.0
1.0
1.0
1.0
1.0
1.0
1.0
1.0
1.0
1.0
1.0
1.0
1.0
1.0
1.0
1.0
1.0
1.0
1.0
1.0
1.0
1.0
1.0
1.0
1.0
1.0
1.0
1.0
1.0
1.0
1.0
1.0
1.0
1.0
1.0
1.0
1.0
1.0
1.0
1.0
1.0
1.0
1.0
1.0
1.0
1.0
1.0
1.0
1.0
1.0
1.0
1.0
1.0
1.0
1.0
1.0
1.0
1.0
1.0
1.0
1.0
1.0
0.9666666666666667
0.966789667896679
0.9669117647058824
0.967032967032967
0.9671532846715328
0.9672727272727273
0.967391304347826
0.9675090252707581
0.9676258992805755
0.967741935483871
0.9678571428571429
0.9679715302491103
0.9680851063829787
0.9681978798586572
0.9683098591549296
0.968421052631579
0.9685314685314685
0.9686411149825784
0.96875
0.9688581314878892
0.9689655172413794
0.9690721649484536
0.9691780821917808
0.9692832764505119
0.9693877551020408
0.9694915254237289
0.9695945945945946
0.9696969696969697
0.9697986577181208
0.9698996655518395
0.97
0.9700996677740864
0.9701986754966887
0.9702970297029703
0.9703947368421053
0.9704918032786886
0.9705882352941176
0.9706840390879479
0.9739413680781759
0.974025974025974
0.9741100323624595
0.9741935483870968
0.9742765273311897
0.977491961414791
0.9775641025641025
0.9776357827476039
0.9777070063694268
0.9777777777777777
0.9778481012658228
0.9779179810725552
0.9779874213836478
0.9780564263322884
0.978125
0.9781931464174455
0.9782608695652174
0.978328173374613
0.9783950617283951
0.9784615384615385
0.9785276073619632
0.9785932721712538
0.9786585365853658
0.9787234042553191
0.9787878787878788
0.9818181818181818
0.9818731117824774
0.9819277108433735
0.9819819819819819
0.984984984984985
0.987987987987988
0.990990990990991
0.9910179640718563
0.9940119760479041
0.9970059880239521
1.0
1.0
0.9853372434017595
0.9882697947214076
0.9912023460410557
0.9941348973607038
0.9941520467836257
0.9941690962099126
0.9941860465116279
0.9942028985507246
0.9942196531791907
0.9942363112391931
0.9942528735632183
0.994269340974212
0.9942857142857143
0.9943019943019943
0.9943181818181818
0.9943342776203966
0.9943502824858758
0.9943661971830986
0.9943820224719101
0.9943977591036415
0.994413407821229
0.9944289693593314
0.9944444444444445
0.9944598337950139
0.994475138121547
0.9944903581267218
0.9945054945054945
0.9945205479452055
0.994535519125683
0.9945504087193461
0.9945652173913043
0.994579945799458
0.9945945945945946
0.9946091644204852
0.9946236559139785
0.9946380697050938
0.9946524064171123
0.9946666666666667
0.9946808510638298
0.9946949602122016
0.9947089947089947
0.9947229551451188
0.9947368421052631
0.994750656167979
0.9947643979057592
0.9947780678851175
0.9947916666666666
0.9948051948051948
0.9948186528497409
0.9948320413436692
0.9948453608247423
0.9948586118251928
0.9948717948717949
0.9948849104859335
0.9974424552429667
1.0
1.0
1.0
1.0
1.0
1.0
1.0
1.0
1.0
1.0
1.0
1.0
1.0
1.0
1.0
1.0
1.0
1.0
1.0
1.0
1.0
1.0
1.0
1.0
1.0
1.0
1.0
1.0
1.0
1.0
1.0
1.0
1.0
1.0
1.0
1.0
1.0
1.0
1.0
1.0
1.0
1.0
1.0
1.0
1.0
1.0
1.0
1.0
1.0
1.0
1.0
1.0
1.0
1.0
1.0
1.0
1.0
1.0
1.0
1.0
1.0
1.0
1.0
1.0
1.0
1.0
1.0
1.0
1.0
1.0
1.0
1.0
1.0
1.0
1.0
1.0
1.0
1.0
1.0
1.0
1.0
1.0
1.0
1.0
1.0
1.0
1.0
1.0
1.0
1.0
0.983640081799591
0.9856850715746421
0.9857142857142858
0.9857433808553971
0.9857723577235772
0.9858012170385395
0.9858299595141701
0.9858585858585859
0.9858870967741935
0.9859154929577465
0.9859437751004017
0.9859719438877755
0.986
0.9860279441117764
0.9860557768924303
0.9860834990059643
0.9861111111111112
0.9861386138613861
0.9861660079051383
0.9861932938856016
0.9862204724409449
0.9862475442043221
0.9862745098039216
0.9863013698630136
0.986328125
0.98635477582846
0.9863813229571985
0.9864077669902913
0.9864341085271318
0.9864603481624759
0.9864864864864865
0.9865125240847784
0.9865384615384616
0.9865642994241842
0.9865900383141762
0.9866156787762906
0.9866412213740458
0.9866666666666667
0.9866920152091255
0.9867172675521821
0.9867424242424242
0.9867674858223062
0.9867924528301887
0.9868173258003766
0.9868421052631579
0.9868667917448405
0.9868913857677902
0.9869158878504672
0.9869402985074627
0.9869646182495344
1.0
1.0
1.0
1.0
1.0
1.0
1.0
1.0
1.0
1.0
1.0
1.0
1.0
1.0
1.0
1.0
1.0
1.0
1.0
1.0
1.0
1.0
1.0
1.0
1.0
1.0
1.0
1.0
1.0
1.0
1.0
1.0
1.0
1.0
1.0
1.0
1.0
1.0
1.0
1.0
1.0
1.0
1.0
1.0
1.0
1.0
1.0
1.0
1.0
1.0
1.0
1.0
1.0
1.0
1.0
1.0
1.0
1.0
1.0
1.0
1.0
1.0
1.0
1.0
1.0
1.0
1.0
1.0
1.0
1.0
1.0
1.0
1.0
1.0
1.0
1.0
1.0
1.0
1.0
1.0
1.0
1.0
1.0
1.0
1.0
1.0
1.0
1.0
1.0
1.0
1.0
1.0
1.0
1.0
1.0
1.0
1.0
1.0
1.0
1.0
1.0
1.0
1.0
1.0
1.0
1.0
1.0
1.0
1.0
1.0
1.0
1.0
1.0
1.0
1.0
1.0
1.0
1.0
1.0
1.0
1.0
1.0
1.0
1.0
1.0
1.0
1.0
1.0
1.0
1.0
1.0
1.0
1.0
1.0
1.0
1.0
1.0
1.0
1.0
1.0
1.0
1.0
1.0
1.0
1.0
1.0
1.0
1.0
1.0
1.0
1.0
1.0
1.0
1.0
1.0
1.0
1.0
1.0
1.0
1.0
1.0
1.0
1.0
1.0
1.0
1.0
1.0
1.0
1.0
1.0
1.0
1.0
1.0
1.0
1.0
1.0
1.0
1.0
1.0
1.0
1.0
1.0
1.0
1.0
1.0
1.0
1.0
1.0
1.0
1.0
1.0
1.0
1.0
1.0
1.0
1.0
1.0
1.0
1.0
1.0
1.0
1.0
1.0
1.0
1.0
1.0
1.0
1.0
1.0
1.0
1.0
1.0
1.0
1.0
1.0
1.0
1.0
1.0
1.0
1.0
1.0
1.0
1.0
1.0
1.0
1.0
1.0
1.0
1.0
1.0
1.0
1.0
1.0
1.0
1.0
1.0
1.0
1.0
1.0
1.0
1.0
1.0
1.0
1.0
1.0
1.0
1.0
1.0
1.0
1.0
1.0
1.0
1.0
1.0
1.0
1.0
1.0
1.0
1.0
1.0
0.9666666666666667
0.966789667896679
0.9669117647058824
0.967032967032967
0.9671532846715328
0.9672727272727273
0.967391304347826
0.9675090252707581
0.9676258992805755
0.967741935483871
0.9678571428571429
0.9679715302491103
0.9680851063829787
0.9681978798586572
0.9683098591549296
0.968421052631579
0.9685314685314685
0.9686411149825784
0.96875
0.9688581314878892
0.9689655172413794
0.9690721649484536
0.9691780821917808
0.9692832764505119
0.9693877551020408
0.9694915254237289
0.9695945945945946
0.9696969696969697
0.9697986577181208
0.9698996655518395
0.97
0.9700996677740864
0.9701986754966887
0.9702970297029703
0.9703947368421053
0.9704918032786886
0.9705882352941176
0.9706840390879479
0.9739413680781759
0.974025974025974
0.9741100323624595
0.9741935483870968
0.9742765273311897
0.977491961414791
0.9775641025641025
0.9776357827476039
0.9777070063694268
0.9777777777777777
0.9778481012658228
0.9779179810725552
0.9779874213836478
0.9780564263322884
0.978125
0.9781931464174455
0.9782608695652174
0.978328173374613
0.9783950617283951
0.9784615384615385
0.9785276073619632
0.9785932721712538
0.9786585365853658
0.9787234042553191
0.9787878787878788
0.9818181818181818
0.9818731117824774
0.9819277108433735
0.9819819819819819
0.984984984984985
0.987987987987988
0.990990990990991
0.9910179640718563
0.9940119760479041
0.9970059880239521
1.0
1.0
0.9853372434017595
0.9882697947214076
0.9912023460410557
0.9941348973607038
0.9941520467836257
0.9941690962099126
0.9941860465116279
0.9942028985507246
0.9942196531791907
0.9942363112391931
0.9942528735632183
0.994269340974212
0.9942857142857143
0.9943019943019943
0.9943181818181818
0.9943342776203966
0.9943502824858758
0.9943661971830986
0.9943820224719101
0.9943977591036415
0.994413407821229
0.9944289693593314
0.9944444444444445
0.9944598337950139
0.994475138121547
0.9944903581267218
0.9945054945054945
0.9945205479452055
0.994535519125683
0.9945504087193461
0.9945652173913043
0.994579945799458
0.9945945945945946
0.9946091644204852
0.9946236559139785
0.9946380697050938
0.9946524064171123
0.9946666666666667
0.9946808510638298
0.9946949602122016
0.9947089947089947
0.9947229551451188
0.9947368421052631
0.994750656167979
0.9947643979057592
0.9947780678851175
0.9947916666666666
0.9948051948051948
0.9948186528497409
0.9948320413436692
0.9948453608247423
0.9948586118251928
0.9948717948717949
0.9948849104859335
0.9974424552429667
1.0
1.0
1.0
1.0
1.0
1.0
1.0
1.0
1.0
1.0
1.0
1.0
1.0
1.0
1.0
1.0
1.0
1.0
1.0
1.0
1.0
1.0
1.0
1.0
1.0
1.0
1.0
1.0
1.0
1.0
1.0
1.0
1.0
1.0
1.0
1.0
1.0
1.0
1.0
1.0
1.0
1.0
1.0
1.0
1.0
1.0
1.0
1.0
1.0
1.0
1.0
1.0
1.0
1.0
1.0
1.0
1.0
1.0
1.0
1.0
1.0
1.0
1.0
1.0
1.0
1.0
1.0
1.0
1.0
1.0
1.0
1.0
1.0
1.0
1.0
1.0
1.0
1.0
1.0
1.0
1.0
1.0
1.0
1.0
1.0
1.0
1.0
1.0
1.0
1.0
0.983640081799591
0.9856850715746421
0.9857142857142858
0.9857433808553971
0.9857723577235772
0.9858012170385395
0.9858299595141701
0.9858585858585859
0.9858870967741935
0.9859154929577465
0.9859437751004017
0.9859719438877755
0.986
0.9860279441117764
0.9860557768924303
0.9860834990059643
0.9861111111111112
0.9861386138613861
0.9861660079051383
0.9861932938856016
0.9862204724409449
0.9862475442043221
0.9862745098039216
0.9863013698630136
0.986328125
0.98635477582846
0.9863813229571985
0.9864077669902913
0.9864341085271318
0.9864603481624759
0.9864864864864865
0.9865125240847784
0.9865384615384616
0.9865642994241842
0.9865900383141762
0.9866156787762906
0.9866412213740458
0.9866666666666667
0.9866920152091255
0.9867172675521821
0.9867424242424242
0.9867674858223062
0.9867924528301887
0.9868173258003766
0.9868421052631579
0.9868667917448405
0.9868913857677902
0.9869158878504672
0.9869402985074627
0.9869646182495344
1.0
1.0
1.0
1.0
1.0
1.0
1.0
1.0
1.0
1.0
1.0
1.0
1.0
1.0
1.0
1.0
1.0
1.0
1.0
1.0
1.0
1.0
1.0
1.0
1.0
1.0
1.0
1.0
1.0
1.0
1.0
1.0
1.0
1.0
1.0
1.0
1.0
1.0
1.0
1.0
1.0
1.0
1.0
1.0
1.0
1.0
1.0
1.0
1.0
1.0
1.0
1.0
1.0
1.0
1.0
1.0
1.0
1.0
1.0
1.0
1.0
1.0
1.0
1.0
1.0
1.0
1.0
1.0
1.0
1.0
1.0
1.0
1.0
1.0
1.0
1.0
1.0
1.0
1.0
1.0
1.0
1.0
1.0
1.0
1.0
1.0
1.0
1.0
1.0
1.0
1.0
1.0
1.0
1.0
1.0
1.0
1.0
1.0
1.0
1.0
1.0
1.0
1.0
1.0
1.0
1.0
1.0
1.0
1.0
1.0
1.0
1.0
1.0
1.0
1.0
1.0
1.0
1.0
1.0
1.0
1.0
1.0
1.0
1.0
1.0
1.0
1.0
1.0
1.0
1.0
1.0
1.0
1.0
1.0
1.0
1.0
1.0
1.0
1.0
1.0
1.0
1.0
1.0
1.0
1.0
1.0
1.0
1.0
1.0
1.0
1.0
1.0
1.0
1.0
1.0
1.0
1.0
1.0
1.0
1.0
1.0
1.0
1.0
1.0
1.0
1.0
1.0
1.0
1.0
1.0
1.0
1.0
1.0
1.0
1.0
1.0
1.0
1.0
1.0
1.0
1.0
1.0
1.0
1.0
1.0
1.0
1.0
1.0
1.0
1.0
1.0
1.0
1.0
1.0
1.0
1.0
1.0
1.0
1.0
1.0
1.0
1.0
1.0
1.0
1.0
1.0
1.0
1.0
1.0
1.0
1.0
1.0
1.0
1.0
1.0
1.0
1.0
1.0
1.0
1.0
1.0
1.0
1.0
1.0
1.0
1.0
1.0
1.0
1.0
1.0
1.0
1.0
1.0
1.0
1.0
1.0
1.0
1.0
1.0
1.0
1.0
1.0
1.0
1.0
1.0
1.0
1.0
1.0
1.0
1.0
1.0
1.0
1.0
1.0
1.0
1.0
1.0
1.0
1.0
1.0
0.9666666666666667
0.966789667896679
0.9669117647058824
0.967032967032967
0.9671532846715328
0.9672727272727273
0.967391304347826
0.9675090252707581
0.9676258992805755
0.967741935483871
0.9678571428571429
0.9679715302491103
0.9680851063829787
0.9681978798586572
0.9683098591549296
0.968421052631579
0.9685314685314685
0.9686411149825784
0.96875
0.9688581314878892
0.9689655172413794
0.9690721649484536
0.9691780821917808
0.9692832764505119
0.9693877551020408
0.9694915254237289
0.9695945945945946
0.9696969696969697
0.9697986577181208
0.9698996655518395
0.97
0.9700996677740864
0.9701986754966887
0.9702970297029703
0.9703947368421053
0.9704918032786886
0.9705882352941176
0.9706840390879479
0.9707792207792207
0.970873786407767
0.9741100323624595
0.9648562300319489
0.964968152866242
0.9650793650793651
0.9651898734177216
0.9652996845425867
0.9654088050314465
0.9655172413793104
0.965625
0.9657320872274143
0.9658385093167702
0.968944099378882
0.9690402476780186
0.9691358024691358
0.9692307692307692
0.9693251533742331
0.9694189602446484
0.9695121951219512
0.9725609756097561
0.975609756097561
0.9756838905775076
0.9757575757575757
0.9787878787878788
0.9818181818181818
0.9818731117824774
0.9819277108433735
0.9819819819819819
0.9820359281437125
0.9850299401197605
0.9880239520958084
0.9910179640718563
0.9940119760479041
0.9970059880239521
1.0
1.0
1.0
1.0
1.0
1.0
1.0
1.0
1.0
1.0
1.0
1.0
1.0
1.0
1.0
1.0
1.0
1.0
1.0
1.0
1.0
1.0
1.0
1.0
1.0
1.0
1.0
1.0
1.0
1.0
1.0
1.0
1.0
1.0
1.0
1.0
1.0
1.0
1.0
1.0
1.0
1.0
1.0
1.0
1.0
1.0
1.0
1.0
1.0
1.0
1.0
1.0
1.0
1.0
1.0
1.0
1.0
1.0
1.0
1.0
1.0
1.0
1.0
1.0
1.0
1.0
1.0
1.0
1.0
1.0
1.0
1.0
1.0
1.0
1.0
1.0
1.0
1.0
1.0
1.0
1.0
1.0
1.0
1.0
1.0
1.0
1.0
1.0
1.0
1.0
1.0
1.0
1.0
1.0
1.0
1.0
1.0
1.0
1.0
1.0
1.0
1.0
1.0
1.0
1.0
1.0
1.0
1.0
1.0
1.0
1.0
1.0
1.0
1.0
1.0
1.0
1.0
1.0
1.0
1.0
1.0
1.0
1.0
1.0
1.0
1.0
1.0
1.0
1.0
1.0
1.0
1.0
0.9893842887473461
0.9915074309978769
0.9936305732484076
0.9957537154989384
0.9978768577494692
1.0
1.0
1.0
1.0
1.0
1.0
1.0
1.0
1.0
1.0
