1.0
1.0
1.0
1.0
1.0
1.0
1.0
1.0
1.0
1.0
1.0
1.0
1.0
1.0
1.0
1.0
1.0
1.0
1.0
1.0
1.0
1.0
1.0
1.0
1.0
1.0
1.0
1.0
1.0
1.0
1.0
1.0
1.0
1.0
1.0
1.0
1.0
1.0
1.0
1.0
1.0
1.0
1.0
1.0
1.0
1.0
1.0
1.0
1.0
1.0
1.0
1.0
1.0
1.0
1.0
1.0
1.0
1.0
1.0
1.0
1.0
1.0
1.0
1.0
1.0
1.0
1.0
1.0
1.0
1.0
1.0
1.0
1.0
1.0
1.0
1.0
1.0
1.0
1.0
1.0
1.0
1.0
1.0
1.0
1.0
1.0
1.0
1.0
1.0
1.0
1.0
1.0
1.0
1.0
1.0
1.0
1.0
1.0
1.0
1.0
1.0
1.0
1.0
1.0
1.0
1.0
1.0
1.0
1.0
1.0
1.0
1.0
1.0
1.0
1.0
1.0
1.0
1.0
1.0
1.0
1.0
1.0
1.0
1.0
1.0
1.0
1.0
1.0
1.0
1.0
1.0
1.0
1.0
1.0
1.0
1.0
1.0
1.0
1.0
1.0
1.0
1.0
1.0
1.0
1.0
1.0
1.0
1.0
1.0
1.0
1.0
1.0
1.0
1.0
1.0
1.0
1.0
1.0
1.0
1.0
1.0
1.0
1.0
1.0
1.0
1.0
1.0
1.0
1.0
1.0
1.0
1.0
1.0
1.0
1.0
1.0
1.0
1.0
1.0
1.0
1.0
1.0
1.0
1.0
1.0
1.0
1.0
1.0
1.0
1.0
1.0
1.0
1.0
1.0
1.0
1.0
1.0
1.0
1.0
1.0
1.0
1.0
1.0
1.0
1.0
1.0
1.0
1.0
1.0
1.0
1.0
1.0
1.0
1.0
1.0
1.0
1.0
1.0
1.0
1.0
1.0
1.0
1.0
1.0
1.0
1.0
1.0
1.0
1.0
1.0
1.0
1.0
1.0
1.0
1.0
1.0
1.0
1.0
1.0
1.0
1.0
1.0
1.0
1.0
1.0
1.0
1.0
1.0
1.0
1.0
1.0
1.0
1.0
1.0
1.0
1.0
1.0
1.0
1.0
1.0
1.0
1.0
1.0
1.0
1.0
1.0
1.0
1.0
1.0
1.0
1.0
1.0
1.0
1.0
1.0
1.0
1.0
1.0
1.0
1.0
1.0
1.0
1.0
1.0
1.0
1.0
1.0
1.0
1.0
1.0
1.0
1.0
1.0
1.0
1.0
1.0
1.0
1.0
1.0
1.0
1.0
1.0
1.0
1.0
1.0
1.0
1.0
1.0
1.0
1.0
1.0
1.0
1.0
1.0
1.0
1.0
1.0
1.0
1.0
1.0
1.0
1.0
1.0
1.0
1.0
1.0
1.0
1.0
1.0
1.0
1.0
1.0
1.0
1.0
1.0
1.0
1.0
1.0
1.0
1.0
1.0
1.0
1.0
1.0
1.0
1.0
1.0
1.0
1.0
1.0
1.0
1.0
1.0
1.0
1.0
1.0
1.0
1.0
1.0
1.0
1.0
1.0
1.0
1.0
1.0
1.0
1.0
1.0
1.0
1.0
1.0
1.0
1.0
1.0
1.0
1.0
1.0
1.0
1.0
1.0
1.0
1.0
1.0
1.0
1.0
1.0
1.0
1.0
1.0
1.0
1.0
1.0
1.0
1.0
1.0
1.0
1.0
1.0
1.0
1.0
1.0
1.0
1.0
1.0
1.0
1.0
1.0
1.0
1.0
1.0
1.0
1.0
1.0
1.0
1.0
1.0
1.0
1.0
1.0
1.0
1.0
1.0
1.0
1.0
1.0
1.0
1.0
1.0
1.0
1.0
1.0
1.0
1.0
1.0
1.0
1.0
1.0
1.0
1.0
1.0
1.0
1.0
1.0
1.0
1.0
1.0
1.0
1.0
1.0
1.0
1.0
1.0
1.0
1.0
1.0
1.0
1.0
1.0
1.0
1.0
1.0
1.0
1.0
1.0
1.0
1.0
1.0
1.0
1.0
1.0
1.0
1.0
1.0
1.0
1.0
1.0
1.0
1.0
1.0
1.0
1.0
1.0
1.0
1.0
1.0
1.0
1.0
1.0
1.0
1.0
1.0
1.0
1.0
1.0
1.0
1.0
1.0
1.0
1.0
1.0
1.0
1.0
1.0
1.0
1.0
1.0
1.0
1.0
1.0
1.0
1.0
1.0
1.0
1.0
1.0
1.0
1.0
1.0
1.0
1.0
1.0
1.0
1.0
1.0
1.0
1.0
1.0
1.0
1.0
1.0
1.0
1.0
1.0
1.0
1.0
1.0
1.0
1.0
1.0
1.0
1.0
1.0
1.0
1.0
1.0
1.0
1.0
1.0
1.0
1.0
1.0
1.0
1.0
1.0
1.0
1.0
1.0
1.0
1.0
1.0
1.0
1.0
1.0
1.0
1.0
0.29025641025641025
0.2907692307692308
0.29128205128205126
0.2917948717948718
0.2923076923076923
0.2928205128205128
0.29333333333333333
0.29384615384615387
0.29435897435897435
0.2948717948717949
0.2953846153846154
0.2958974358974359
0.2964102564102564
0.2969230769230769
0.29743589743589743
0.29794871794871797
0.29846153846153844
0.298974358974359
0.2994871794871795
0.3
0.3005128205128205
0.301025641025641
0.30153846153846153
0.30205128205128207
0.30256410256410254
0.3030769230769231
0.3035897435897436
0.3041025641025641
0.3046153846153846
0.30512820512820515
0.30564102564102563
0.30615384615384617
0.30666666666666664
0.3071794871794872
0.3076923076923077
0.3082051282051282
0.3087179487179487
0.30923076923076925
0.30974358974358973
0.31025641025641026
0.31076923076923074
0.3112820512820513
0.3117948717948718
0.3123076923076923
0.3128205128205128
0.31333333333333335
0.31384615384615383
0.31435897435897436
0.3148717948717949
0.3153846153846154
0.3158974358974359
0.3164102564102564
0.3169230769230769
0.31743589743589745
0.31794871794871793
0.31846153846153846
0.318974358974359
0.3194871794871795
0.32
0.32051282051282054
0.321025641025641
0.32153846153846155
0.32205128205128203
0.32256410256410256
0.3230769230769231
0.3235897435897436
0.3241025641025641
0.32461538461538464
0.3251282051282051
0.32564102564102565
0.3261538461538461
0.32666666666666666
0.3271794871794872
0.32769230769230767
0.3282051282051282
0.32871794871794874
0.3292307692307692
0.32974358974358975
0.3302564102564103
0.33076923076923076
0.3312820512820513
0.33179487179487177
0.3323076923076923
0.33282051282051284
0.3333333333333333
0.33384615384615385
0.3343589743589744
0.33487179487179486
0.3353846153846154
0.33589743589743587
0.3364102564102564
0.33692307692307694
0.3374358974358974
0.33794871794871795
0.3384615384615385
0.33897435897435896
0.3394871794871795
0.34
0.3405128205128205
0.34102564102564104
0.3415384615384615
0.34205128205128205
0.3425641025641026
0.34307692307692306
0.3435897435897436
0.3441025641025641
0.3446153846153846
0.34512820512820513
0.34564102564102567
0.34615384615384615
0.3466666666666667
0.34717948717948716
0.3476923076923077
0.3482051282051282
0.3487179487179487
0.34923076923076923
0.34974358974358977
0.35025641025641024
0.3507692307692308
0.35128205128205126
0.3517948717948718
0.3523076923076923
0.3528205128205128
0.35333333333333333
0.35384615384615387
0.35435897435897434
0.3548717948717949
0.3553846153846154
0.3558974358974359
0.3564102564102564
0.3569230769230769
0.35743589743589743
0.35794871794871796
0.35846153846153844
0.358974358974359
0.3594871794871795
0.36
0.3605128205128205
0.36102564102564105
0.36153846153846153
0.36205128205128206
0.36256410256410254
0.3630769230769231
0.3635897435897436
0.3641025641025641
0.3646153846153846
0.36512820512820515
0.36564102564102563
0.36615384615384616
0.36666666666666664
0.3671794871794872
0.3676923076923077
0.3682051282051282
0.3687179487179487
0.36923076923076925
0.36974358974358973
0.37025641025641026
0.3707692307692308
0.3712820512820513
0.3717948717948718
0.3723076923076923
0.3728205128205128
0.37333333333333335
0.37384615384615383
0.37435897435897436
0.3748717948717949
0.37538461538461537
0.3758974358974359
0.3764102564102564
0.3769230769230769
0.37743589743589745
0.3779487179487179
0.37846153846153846
0.378974358974359
0.37948717948717947
0.38
0.38051282051282054
0.381025641025641
0.38153846153846155
0.382051282051282
0.38256410256410256
0.3830769230769231
0.38358974358974357
0.3841025641025641
0.38461538461538464
0.3851282051282051
0.38564102564102565
0.3861538461538462
0.38666666666666666
0.3871794871794872
0.38769230769230767
0.3882051282051282
0.38871794871794874
0.3892307692307692
0.38974358974358975
0.3902564102564103
0.39076923076923076
0.3912820512820513
0.39179487179487177
0.3923076923076923
0.39282051282051283
0.3933333333333333
0.39384615384615385
0.3943589743589744
0.39487179487179486
0.3953846153846154
0.3958974358974359
0.3964102564102564
0.39692307692307693
0.3974358974358974
0.39794871794871794
0.3984615384615385
0.39897435897435896
0.3994871794871795
0.4
0.4005128205128205
0.40102564102564103
0.4015384615384615
0.40205128205128204
0.4025641025641026
0.40307692307692305
0.4035897435897436
0.4041025641025641
0.4046153846153846
0.40512820512820513
0.40564102564102567
0.40615384615384614
0.4066666666666667
0.40717948717948715
0.4076923076923077
0.4082051282051282
0.4087179487179487
0.40923076923076923
0.40974358974358976
0.41025641025641024
0.4107692307692308
0.4112820512820513
0.4117948717948718
0.4123076923076923
0.4128205128205128
0.41333333333333333
0.41384615384615386
0.41435897435897434
0.4148717948717949
0.4153846153846154
0.4158974358974359
0.4164102564102564
0.4169230769230769
0.41743589743589743
0.41794871794871796
0.41846153846153844
0.418974358974359
0.4194871794871795
0.42
0.4205128205128205
0.42102564102564105
0.42153846153846153
0.42205128205128206
0.42256410256410254
0.4230769230769231
0.4235897435897436
0.4241025641025641
0.4246153846153846
0.42512820512820515
0.4256410256410256
0.42615384615384616
0.4266666666666667
0.42717948717948717
0.4276923076923077
0.4282051282051282
0.4287179487179487
0.42923076923076925
0.4297435897435897
0.43025641025641026
0.4307692307692308
0.43128205128205127
0.4317948717948718
0.4323076923076923
0.4328205128205128
0.43333333333333335
0.4338461538461538
0.43435897435897436
0.4348717948717949
0.43538461538461537
0.4358974358974359
0.43641025641025644
0.4369230769230769
0.43743589743589745
0.4379487179487179
0.43846153846153846
0.438974358974359
0.43948717948717947
0.44
0.44051282051282054
0.441025641025641
0.44153846153846155
0.442051282051282
0.44256410256410256
0.4430769230769231
0.44358974358974357
0.4441025641025641
0.44461538461538463
0.4451282051282051
0.44564102564102565
0.4461538461538462
0.44666666666666666
0.4471794871794872
0.44769230769230767
0.4482051282051282
0.44871794871794873
0.4492307692307692
0.44974358974358974
0.4502564102564103
0.45076923076923076
0.4512820512820513
0.4517948717948718
0.4523076923076923
0.45282051282051283
0.4533333333333333
0.45384615384615384
0.4543589743589744
0.45487179487179485
0.4553846153846154
0.4558974358974359
0.4564102564102564
0.45692307692307693
0.4574358974358974
0.45794871794871794
0.4584615384615385
0.45897435897435895
0.4594871794871795
0.46
0.4605128205128205
0.46102564102564103
0.46153846153846156
0.46205128205128204
0.4625641025641026
0.46307692307692305
0.4635897435897436
0.4641025641025641
0.4646153846153846
0.46512820512820513
0.46564102564102566
0.46615384615384614
0.4666666666666667
0.46717948717948715
0.4676923076923077
0.4682051282051282
0.4687179487179487
0.46923076923076923
0.46974358974358976
0.47025641025641024
0.4707692307692308
0.4712820512820513
0.4717948717948718
0.4723076923076923
0.4728205128205128
0.47333333333333333
0.47384615384615386
0.47435897435897434
0.4748717948717949
0.4753846153846154
0.4758974358974359
0.4764102564102564
0.47692307692307695
0.4774358974358974
0.47794871794871796
0.47846153846153844
0.47897435897435897
0.4794871794871795
0.48
0.4805128205128205
0.48102564102564105
0.4815384615384615
0.48205128205128206
0.48256410256410254
0.48307692307692307
0.4835897435897436
0.4841025641025641
0.4846153846153846
0.48512820512820515
0.4856410256410256
0.48615384615384616
0.4866666666666667
0.48717948717948717
0.4876923076923077
0.4882051282051282
0.4887179487179487
0.48923076923076925
0.4897435897435897
0.49025641025641026
0.4907692307692308
0.49128205128205127
0.4917948717948718
0.49230769230769234
0.4928205128205128
0.49333333333333335
0.4938461538461538
0.49435897435897436
0.4948717948717949
0.49538461538461537
0.4958974358974359
0.49641025641025643
0.4969230769230769
0.49743589743589745
0.4979487179487179
0.49846153846153846
0.498974358974359
0.49948717948717947
0.5
0.5005128205128205
0.5010256410256411
0.5015384615384615
0.502051282051282
0.5025641025641026
0.5030769230769231
0.5035897435897436
0.5041025641025642
0.5046153846153846
0.5051282051282051
0.5056410256410256
0.5061538461538462
0.5066666666666667
0.5071794871794871
0.5076923076923077
0.5082051282051282
0.5087179487179487
0.5092307692307693
0.5097435897435898
0.5102564102564102
0.5107692307692308
0.5112820512820513
0.5117948717948718
0.5123076923076924
0.5128205128205128
0.5133333333333333
0.5138461538461538
0.5143589743589744
0.5148717948717949
0.5153846153846153
0.5158974358974359
0.5164102564102564
0.5169230769230769
0.5174358974358975
0.517948717948718
0.5184615384615384
0.518974358974359
0.5194871794871795
0.52
0.5205128205128206
0.521025641025641
0.5215384615384615
0.522051282051282
0.5225641025641026
0.5230769230769231
0.5235897435897436
0.5241025641025641
0.5246153846153846
0.5251282051282051
0.5256410256410257
0.5261538461538462
0.5266666666666666
0.5271794871794871
0.5276923076923077
0.5282051282051282
0.5287179487179487
0.5292307692307693
0.5297435897435897
0.5302564102564102
0.5307692307692308
0.5312820512820513
0.5317948717948718
0.5323076923076923
0.5328205128205128
0.5333333333333333
0.5338461538461539
0.5343589743589744
0.5348717948717949
0.5353846153846153
0.5358974358974359
0.5364102564102564
0.536923076923077
0.5374358974358975
0.5379487179487179
0.5384615384615384
0.538974358974359
0.5394871794871795
0.54
0.5405128205128205
0.541025641025641
0.5415384615384615
0.5420512820512821
0.5425641025641026
0.5430769230769231
0.5435897435897435
0.5441025641025641
0.5446153846153846
0.5451282051282051
0.5456410256410257
0.5461538461538461
0.5466666666666666
0.5471794871794872
0.5476923076923077
0.5482051282051282
0.5487179487179488
0.5492307692307692
0.5497435897435897
0.5502564102564103
0.5507692307692308
0.5512820512820513
0.5517948717948717
0.5523076923076923
0.5528205128205128
0.5533333333333333
0.5538461538461539
0.5543589743589744
0.5548717948717948
0.5553846153846154
0.5558974358974359
0.5564102564102564
0.556923076923077
0.5574358974358974
0.5579487179487179
0.5584615384615385
0.558974358974359
0.5594871794871795
0.56
0.5605128205128205
0.561025641025641
0.5615384615384615
0.5620512820512821
0.5625641025641026
0.563076923076923
0.5635897435897436
0.5641025641025641
0.5646153846153846
0.5651282051282052
0.5656410256410257
0.5661538461538461
0.5666666666666667
0.5671794871794872
0.5676923076923077
0.5682051282051283
0.5687179487179487
0.5692307692307692
0.5697435897435897
0.5702564102564103
0.5707692307692308
0.5712820512820512
0.5717948717948718
0.5723076923076923
0.5728205128205128
0.5733333333333334
0.5738461538461539
0.5743589743589743
0.5748717948717949
0.5753846153846154
0.5758974358974359
0.5764102564102564
0.5769230769230769
0.5774358974358974
0.5779487179487179
0.5784615384615385
0.578974358974359
0.5794871794871795
0.58
0.5805128205128205
1.0
1.0
1.0
1.0
1.0
1.0
1.0
1.0
1.0
1.0
1.0
1.0
1.0
1.0
1.0
1.0
1.0
1.0
1.0
1.0
1.0
1.0
1.0
1.0
1.0
1.0
1.0
1.0
1.0
1.0
1.0
1.0
1.0
1.0
1.0
1.0
1.0
1.0
1.0
1.0
1.0
1.0
1.0
1.0
1.0
1.0
1.0
1.0
1.0
1.0
1.0
1.0
1.0
1.0
1.0
1.0
1.0
1.0
1.0
1.0
1.0
1.0
1.0
1.0
1.0
1.0
1.0
1.0
1.0
1.0
1.0
1.0
1.0
1.0
1.0
1.0
1.0
1.0
1.0
1.0
1.0
1.0
1.0
1.0
1.0
1.0
1.0
1.0
1.0
1.0
1.0
1.0
1.0
1.0
1.0
1.0
1.0
1.0
1.0
1.0
1.0
1.0
1.0
1.0
1.0
1.0
1.0
1.0
1.0
1.0
1.0
1.0
1.0
1.0
1.0
1.0
1.0
1.0
1.0
1.0
1.0
1.0
1.0
1.0
1.0
1.0
1.0
1.0
1.0
1.0
1.0
1.0
1.0
1.0
1.0
1.0
1.0
1.0
1.0
1.0
1.0
1.0
1.0
1.0
1.0
1.0
1.0
1.0
1.0
1.0
1.0
1.0
1.0
1.0
1.0
1.0
1.0
1.0
1.0
1.0
1.0
1.0
1.0
1.0
1.0
1.0
1.0
1.0
1.0
1.0
1.0
1.0
1.0
1.0
1.0
1.0
1.0
1.0
1.0
1.0
1.0
1.0
1.0
1.0
1.0
1.0
1.0
1.0
1.0
1.0
1.0
1.0
1.0
1.0
1.0
1.0
1.0
1.0
1.0
1.0
1.0
1.0
1.0
1.0
1.0
1.0
1.0
1.0
1.0
1.0
1.0
1.0
1.0
1.0
1.0
1.0
1.0
1.0
1.0
1.0
1.0
1.0
1.0
1.0
1.0
1.0
1.0
1.0
1.0
1.0
1.0
1.0
1.0
1.0
1.0
1.0
1.0
1.0
1.0
1.0
1.0
1.0
1.0
1.0
1.0
1.0
1.0
1.0
1.0
1.0
1.0
1.0
1.0
1.0
1.0
1.0
1.0
1.0
1.0
1.0
1.0
1.0
1.0
1.0
1.0
1.0
1.0
1.0
1.0
1.0
1.0
1.0
1.0
1.0
1.0
1.0
1.0
1.0
1.0
1.0
1.0
1.0
1.0
1.0
1.0
1.0
1.0
1.0
1.0
1.0
1.0
1.0
1.0
1.0
1.0
1.0
1.0
1.0
1.0
1.0
1.0
1.0
1.0
1.0
1.0
1.0
1.0
1.0
1.0
1.0
1.0
1.0
1.0
1.0
1.0
1.0
1.0
1.0
1.0
1.0
1.0
1.0
1.0
1.0
1.0
1.0
1.0
1.0
1.0
1.0
1.0
1.0
1.0
1.0
1.0
1.0
1.0
1.0
1.0
1.0
1.0
1.0
1.0
1.0
1.0
1.0
1.0
1.0
1.0
1.0
1.0
1.0
1.0
1.0
1.0
1.0
1.0
1.0
1.0
1.0
1.0
1.0
1.0
1.0
1.0
1.0
1.0
1.0
1.0
1.0
1.0
1.0
1.0
1.0
1.0
1.0
1.0
1.0
1.0
1.0
1.0
1.0
1.0
1.0
1.0
1.0
1.0
1.0
1.0
1.0
1.0
1.0
1.0
1.0
1.0
1.0
1.0
1.0
1.0
1.0
1.0
1.0
1.0
1.0
1.0
1.0
1.0
1.0
1.0
1.0
1.0
1.0
1.0
1.0
1.0
1.0
1.0
1.0
1.0
1.0
1.0
1.0
1.0
1.0
1.0
1.0
1.0
1.0
1.0
1.0
1.0
1.0
1.0
1.0
1.0
1.0
1.0
1.0
1.0
1.0
1.0
1.0
1.0
1.0
1.0
1.0
1.0
1.0
1.0
1.0
1.0
1.0
1.0
1.0
1.0
1.0
1.0
1.0
1.0
1.0
1.0
1.0
1.0
1.0
1.0
1.0
1.0
1.0
1.0
1.0
1.0
1.0
1.0
1.0
1.0
1.0
1.0
1.0
1.0
1.0
1.0
1.0
1.0
1.0
1.0
1.0
1.0
1.0
1.0
1.0
1.0
1.0
1.0
1.0
1.0
1.0
1.0
1.0
1.0
1.0
1.0
1.0
1.0
1.0
1.0
1.0
1.0
1.0
1.0
1.0
1.0
1.0
1.0
1.0
1.0
1.0
1.0
1.0
1.0
1.0
1.0
1.0
1.0
1.0
1.0
1.0
1.0
1.0
1.0
1.0
1.0
1.0
1.0
1.0
1.0
1.0
1.0
1.0
1.0
1.0
1.0
1.0
1.0
1.0
1.0
1.0
1.0
1.0
1.0
1.0
1.0
1.0
1.0
1.0
1.0
1.0
1.0
1.0
1.0
1.0
1.0
1.0
1.0
1.0
1.0
0.29025641025641025
0.2907692307692308
0.29128205128205126
0.2917948717948718
0.2923076923076923
0.2928205128205128
0.29333333333333333
0.29384615384615387
0.29435897435897435
0.2948717948717949
0.2953846153846154
0.2958974358974359
0.2964102564102564
0.2969230769230769
0.29743589743589743
0.29794871794871797
0.29846153846153844
0.298974358974359
0.2994871794871795
0.3
0.3005128205128205
0.301025641025641
0.30153846153846153
0.30205128205128207
0.30256410256410254
0.3030769230769231
0.3035897435897436
0.3041025641025641
0.3046153846153846
0.30512820512820515
0.30564102564102563
0.30615384615384617
0.30666666666666664
0.3071794871794872
0.3076923076923077
0.3082051282051282
0.3087179487179487
0.30923076923076925
0.30974358974358973
0.31025641025641026
0.31076923076923074
0.3112820512820513
0.3117948717948718
0.3123076923076923
0.3128205128205128
0.31333333333333335
0.31384615384615383
0.31435897435897436
0.3148717948717949
0.3153846153846154
0.3158974358974359
0.3164102564102564
0.3169230769230769
0.31743589743589745
0.31794871794871793
0.31846153846153846
0.318974358974359
0.3194871794871795
0.32
0.32051282051282054
0.321025641025641
0.32153846153846155
0.32205128205128203
0.32256410256410256
0.3230769230769231
0.3235897435897436
0.3241025641025641
0.32461538461538464
0.3251282051282051
0.32564102564102565
0.3261538461538461
0.32666666666666666
0.3271794871794872
0.32769230769230767
0.3282051282051282
0.32871794871794874
0.3292307692307692
0.32974358974358975
0.3302564102564103
0.33076923076923076
0.3312820512820513
0.33179487179487177
0.3323076923076923
0.33282051282051284
0.3333333333333333
0.33384615384615385
0.3343589743589744
0.33487179487179486
0.3353846153846154
0.33589743589743587
0.3364102564102564
0.33692307692307694
0.3374358974358974
0.33794871794871795
0.3384615384615385
0.33897435897435896
0.3394871794871795
0.34
0.3405128205128205
0.34102564102564104
0.3415384615384615
0.34205128205128205
0.3425641025641026
0.34307692307692306
0.3435897435897436
0.3441025641025641
0.3446153846153846
0.34512820512820513
0.34564102564102567
0.34615384615384615
0.3466666666666667
0.34717948717948716
0.3476923076923077
0.3482051282051282
0.3487179487179487
0.34923076923076923
0.34974358974358977
0.35025641025641024
0.3507692307692308
0.35128205128205126
0.3517948717948718
0.3523076923076923
0.3528205128205128
0.35333333333333333
0.35384615384615387
0.35435897435897434
0.3548717948717949
0.3553846153846154
0.3558974358974359
0.3564102564102564
0.3569230769230769
0.35743589743589743
0.35794871794871796
0.35846153846153844
0.358974358974359
0.3594871794871795
0.36
0.3605128205128205
0.36102564102564105
0.36153846153846153
0.36205128205128206
0.36256410256410254
0.3630769230769231
0.3635897435897436
0.3641025641025641
0.3646153846153846
0.36512820512820515
0.36564102564102563
0.36615384615384616
0.36666666666666664
0.3671794871794872
0.3676923076923077
0.3682051282051282
0.3687179487179487
0.36923076923076925
0.36974358974358973
0.37025641025641026
0.3707692307692308
0.3712820512820513
0.3717948717948718
0.3723076923076923
0.3728205128205128
0.37333333333333335
0.37384615384615383
0.37435897435897436
0.3748717948717949
0.37538461538461537
0.3758974358974359
0.3764102564102564
0.3769230769230769
0.37743589743589745
0.3779487179487179
0.37846153846153846
0.378974358974359
0.37948717948717947
0.38
0.38051282051282054
0.381025641025641
0.38153846153846155
0.382051282051282
0.38256410256410256
0.3830769230769231
0.38358974358974357
0.3841025641025641
0.38461538461538464
0.3851282051282051
0.38564102564102565
0.3861538461538462
0.38666666666666666
0.3871794871794872
0.38769230769230767
0.3882051282051282
0.38871794871794874
0.3892307692307692
0.38974358974358975
0.3902564102564103
0.39076923076923076
0.3912820512820513
0.39179487179487177
0.3923076923076923
0.39282051282051283
0.3933333333333333
0.39384615384615385
0.3943589743589744
0.39487179487179486
0.3953846153846154
0.3958974358974359
0.3964102564102564
0.39692307692307693
0.3974358974358974
0.39794871794871794
0.3984615384615385
0.39897435897435896
0.3994871794871795
0.4
0.4005128205128205
0.40102564102564103
0.4015384615384615
0.40205128205128204
0.4025641025641026
0.40307692307692305
0.4035897435897436
0.4041025641025641
0.4046153846153846
0.40512820512820513
0.40564102564102567
0.40615384615384614
0.4066666666666667
0.40717948717948715
0.4076923076923077
0.4082051282051282
0.4087179487179487
0.40923076923076923
0.40974358974358976
0.41025641025641024
0.4107692307692308
0.4112820512820513
0.4117948717948718
0.4123076923076923
0.4128205128205128
0.41333333333333333
0.41384615384615386
0.41435897435897434
0.4148717948717949
0.4153846153846154
0.4158974358974359
0.4164102564102564
0.4169230769230769
0.41743589743589743
0.41794871794871796
0.41846153846153844
0.418974358974359
0.4194871794871795
0.42
0.4205128205128205
0.42102564102564105
0.42153846153846153
0.42205128205128206
0.42256410256410254
0.4230769230769231
0.4235897435897436
0.4241025641025641
0.4246153846153846
0.42512820512820515
0.4256410256410256
0.42615384615384616
0.4266666666666667
0.42717948717948717
0.4276923076923077
0.4282051282051282
0.4287179487179487
0.42923076923076925
0.4297435897435897
0.43025641025641026
0.4307692307692308
0.43128205128205127
0.4317948717948718
0.4323076923076923
0.4328205128205128
0.43333333333333335
0.4338461538461538
0.43435897435897436
0.4348717948717949
0.43538461538461537
0.4358974358974359
0.43641025641025644
0.4369230769230769
0.43743589743589745
0.4379487179487179
0.43846153846153846
0.438974358974359
0.43948717948717947
0.44
0.44051282051282054
0.441025641025641
0.44153846153846155
0.442051282051282
0.44256410256410256
0.4430769230769231
0.44358974358974357
0.4441025641025641
0.44461538461538463
0.4451282051282051
0.44564102564102565
0.4461538461538462
0.44666666666666666
0.4471794871794872
0.44769230769230767
0.4482051282051282
0.44871794871794873
0.4492307692307692
0.44974358974358974
0.4502564102564103
0.45076923076923076
0.4512820512820513
0.4517948717948718
0.4523076923076923
0.45282051282051283
0.4533333333333333
0.45384615384615384
0.4543589743589744
0.45487179487179485
0.4553846153846154
0.4558974358974359
0.4564102564102564
0.45692307692307693
0.4574358974358974
0.45794871794871794
0.4584615384615385
0.45897435897435895
0.4594871794871795
0.46
0.4605128205128205
0.46102564102564103
0.46153846153846156
0.46205128205128204
0.4625641025641026
0.46307692307692305
0.4635897435897436
0.4641025641025641
0.4646153846153846
0.46512820512820513
0.46564102564102566
0.46615384615384614
0.4666666666666667
0.46717948717948715
0.4676923076923077
0.4682051282051282
0.4687179487179487
0.46923076923076923
0.46974358974358976
0.47025641025641024
0.4707692307692308
0.4712820512820513
0.4717948717948718
0.4723076923076923
0.4728205128205128
0.47333333333333333
0.47384615384615386
0.47435897435897434
0.4748717948717949
0.4753846153846154
0.4758974358974359
0.4764102564102564
0.47692307692307695
0.4774358974358974
0.47794871794871796
0.47846153846153844
0.47897435897435897
0.4794871794871795
0.48
0.4805128205128205
0.48102564102564105
0.4815384615384615
0.48205128205128206
0.48256410256410254
0.48307692307692307
0.4835897435897436
0.4841025641025641
0.4846153846153846
0.48512820512820515
0.4856410256410256
0.48615384615384616
0.4866666666666667
0.48717948717948717
0.4876923076923077
0.4882051282051282
0.4887179487179487
0.48923076923076925
0.4897435897435897
0.49025641025641026
0.4907692307692308
0.49128205128205127
0.4917948717948718
0.49230769230769234
0.4928205128205128
0.49333333333333335
0.4938461538461538
0.49435897435897436
0.4948717948717949
0.49538461538461537
0.4958974358974359
0.49641025641025643
0.4969230769230769
0.49743589743589745
0.4979487179487179
0.49846153846153846
0.498974358974359
0.49948717948717947
0.5
0.5005128205128205
0.5010256410256411
0.5015384615384615
0.502051282051282
0.5025641025641026
0.5030769230769231
0.5035897435897436
0.5041025641025642
0.5046153846153846
0.5051282051282051
0.5056410256410256
0.5061538461538462
0.5066666666666667
0.5071794871794871
0.5076923076923077
0.5082051282051282
0.5087179487179487
0.5092307692307693
0.5097435897435898
0.5102564102564102
0.5107692307692308
0.5112820512820513
0.5117948717948718
0.5123076923076924
0.5128205128205128
0.5133333333333333
0.5138461538461538
0.5143589743589744
0.5148717948717949
0.5153846153846153
0.5158974358974359
0.5164102564102564
0.5169230769230769
0.5174358974358975
0.517948717948718
0.5184615384615384
0.518974358974359
0.5194871794871795
0.52
0.5205128205128206
0.521025641025641
0.5215384615384615
0.522051282051282
0.5225641025641026
0.5230769230769231
0.5235897435897436
0.5241025641025641
0.5246153846153846
0.5251282051282051
0.5256410256410257
0.5261538461538462
0.5266666666666666
0.5271794871794871
0.5276923076923077
0.5282051282051282
0.5287179487179487
0.5292307692307693
0.5297435897435897
0.5302564102564102
0.5307692307692308
0.5312820512820513
0.5317948717948718
0.5323076923076923
0.5328205128205128
0.5333333333333333
0.5338461538461539
0.5343589743589744
0.5348717948717949
0.5353846153846153
0.5358974358974359
0.5364102564102564
0.536923076923077
0.5374358974358975
0.5379487179487179
0.5384615384615384
0.538974358974359
0.5394871794871795
0.54
0.5405128205128205
0.541025641025641
0.5415384615384615
0.5420512820512821
0.5425641025641026
0.5430769230769231
0.5435897435897435
0.5441025641025641
0.5446153846153846
0.5451282051282051
0.5456410256410257
0.5461538461538461
0.5466666666666666
0.5471794871794872
0.5476923076923077
0.5482051282051282
0.5487179487179488
0.5492307692307692
0.5497435897435897
0.5502564102564103
0.5507692307692308
0.5512820512820513
0.5517948717948717
0.5523076923076923
0.5528205128205128
0.5533333333333333
0.5538461538461539
0.5543589743589744
0.5548717948717948
0.5553846153846154
0.5558974358974359
0.5564102564102564
0.556923076923077
0.5574358974358974
0.5579487179487179
0.5584615384615385
0.558974358974359
0.5594871794871795
0.56
0.5605128205128205
0.561025641025641
0.5615384615384615
0.5620512820512821
0.5625641025641026
0.563076923076923
0.5635897435897436
0.5641025641025641
0.5646153846153846
0.5651282051282052
0.5656410256410257
0.5661538461538461
0.5666666666666667
0.5671794871794872
0.5676923076923077
0.5682051282051283
0.5687179487179487
0.5692307692307692
0.5697435897435897
0.5702564102564103
0.5707692307692308
0.5712820512820512
0.5717948717948718
0.5723076923076923
0.5728205128205128
0.5733333333333334
0.5738461538461539
0.5743589743589743
0.5748717948717949
0.5753846153846154
0.5758974358974359
0.5764102564102564
0.5769230769230769
0.5774358974358974
0.5779487179487179
0.5784615384615385
0.578974358974359
0.5794871794871795
0.58
0.5805128205128205
0.581025641025641
0.5815384615384616
0.5820512820512821
0.5825641025641025
0.583076923076923
0.5835897435897436
0.5841025641025641
0.5846153846153846
0.5851282051282052
0.5856410256410256
0.5861538461538461
0.5866666666666667
0.5871794871794872
0.5876923076923077
0.5882051282051282
0.5887179487179487
0.5892307692307692
0.5897435897435898
0.5902564102564103
0.5907692307692308
0.5912820512820512
0.5917948717948718
0.5923076923076923
0.5928205128205128
0.5933333333333334
0.5938461538461538
0.5943589743589743
0.5948717948717949
0.5953846153846154
0.5958974358974359
0.5964102564102564
0.5969230769230769
0.5974358974358974
0.597948717948718
0.5984615384615385
0.598974358974359
0.5994871794871794
0.6
0.6005128205128205
0.601025641025641
0.6015384615384616
0.602051282051282
0.6025641025641025
0.6030769230769231
0.6035897435897436
0.6041025641025641
0.6046153846153847
0.6051282051282051
0.6056410256410256
1.0
1.0
1.0
1.0
1.0
1.0
1.0
1.0
1.0
1.0
1.0
1.0
1.0
1.0
1.0
1.0
1.0
1.0
1.0
1.0
1.0
1.0
1.0
1.0
1.0
1.0
1.0
1.0
1.0
1.0
1.0
1.0
1.0
1.0
1.0
1.0
1.0
1.0
1.0
1.0
1.0
1.0
1.0
1.0
1.0
1.0
1.0
1.0
1.0
1.0
1.0
1.0
1.0
1.0
1.0
1.0
1.0
1.0
1.0
1.0
1.0
1.0
1.0
1.0
1.0
1.0
1.0
1.0
1.0
1.0
1.0
1.0
1.0
1.0
1.0
1.0
1.0
1.0
1.0
1.0
1.0
1.0
1.0
1.0
1.0
1.0
1.0
1.0
1.0
1.0
1.0
1.0
1.0
1.0
1.0
1.0
1.0
1.0
1.0
1.0
1.0
1.0
1.0
1.0
1.0
1.0
1.0
1.0
1.0
1.0
1.0
1.0
1.0
1.0
1.0
1.0
1.0
1.0
1.0
1.0
1.0
1.0
1.0
1.0
1.0
1.0
1.0
1.0
1.0
1.0
1.0
1.0
1.0
1.0
1.0
1.0
1.0
1.0
1.0
1.0
1.0
1.0
1.0
1.0
1.0
1.0
1.0
1.0
1.0
1.0
1.0
1.0
1.0
1.0
1.0
1.0
1.0
1.0
1.0
1.0
1.0
1.0
1.0
1.0
1.0
1.0
1.0
1.0
1.0
1.0
1.0
1.0
1.0
1.0
1.0
1.0
1.0
1.0
1.0
1.0
1.0
1.0
1.0
1.0
1.0
1.0
1.0
1.0
1.0
1.0
1.0
1.0
1.0
1.0
1.0
1.0
1.0
1.0
1.0
1.0
1.0
1.0
1.0
1.0
1.0
1.0
1.0
1.0
1.0
1.0
1.0
1.0
1.0
1.0
1.0
1.0
1.0
1.0
1.0
1.0
1.0
1.0
1.0
1.0
1.0
1.0
1.0
1.0
1.0
1.0
1.0
1.0
1.0
1.0
1.0
1.0
1.0
1.0
1.0
1.0
1.0
1.0
1.0
1.0
1.0
1.0
1.0
1.0
1.0
1.0
1.0
1.0
1.0
1.0
1.0
1.0
1.0
1.0
1.0
1.0
1.0
1.0
1.0
1.0
1.0
1.0
1.0
1.0
1.0
1.0
1.0
1.0
1.0
1.0
1.0
1.0
1.0
1.0
1.0
1.0
1.0
1.0
1.0
1.0
1.0
1.0
1.0
1.0
1.0
1.0
1.0
1.0
1.0
1.0
1.0
1.0
1.0
1.0
1.0
1.0
1.0
1.0
1.0
1.0
1.0
1.0
1.0
1.0
1.0
1.0
1.0
1.0
1.0
1.0
1.0
1.0
1.0
1.0
1.0
1.0
1.0
1.0
1.0
1.0
1.0
1.0
1.0
1.0
1.0
1.0
1.0
1.0
1.0
1.0
1.0
1.0
1.0
1.0
1.0
1.0
1.0
1.0
1.0
1.0
1.0
1.0
1.0
1.0
1.0
1.0
1.0
1.0
1.0
1.0
1.0
1.0
1.0
1.0
1.0
1.0
1.0
1.0
1.0
1.0
1.0
1.0
1.0
1.0
1.0
1.0
1.0
1.0
1.0
1.0
1.0
1.0
1.0
1.0
1.0
1.0
1.0
1.0
1.0
1.0
1.0
1.0
1.0
1.0
1.0
1.0
1.0
1.0
1.0
1.0
1.0
1.0
1.0
1.0
1.0
1.0
1.0
1.0
1.0
1.0
1.0
1.0
1.0
1.0
1.0
1.0
1.0
1.0
1.0
1.0
1.0
1.0
1.0
1.0
1.0
1.0
1.0
1.0
1.0
1.0
1.0
1.0
1.0
1.0
1.0
1.0
1.0
1.0
1.0
1.0
1.0
1.0
1.0
1.0
1.0
1.0
1.0
1.0
1.0
1.0
1.0
1.0
1.0
1.0
1.0
1.0
1.0
1.0
1.0
1.0
1.0
1.0
1.0
1.0
1.0
1.0
1.0
1.0
1.0
1.0
1.0
1.0
1.0
1.0
1.0
1.0
1.0
1.0
1.0
1.0
1.0
1.0
1.0
1.0
1.0
1.0
1.0
1.0
1.0
1.0
1.0
1.0
1.0
1.0
1.0
1.0
1.0
1.0
1.0
1.0
1.0
1.0
1.0
1.0
1.0
1.0
1.0
1.0
1.0
1.0
1.0
1.0
1.0
1.0
1.0
1.0
1.0
1.0
1.0
1.0
1.0
1.0
1.0
1.0
1.0
1.0
1.0
1.0
1.0
1.0
1.0
1.0
1.0
1.0
1.0
1.0
1.0
1.0
1.0
1.0
1.0
1.0
1.0
1.0
1.0
1.0
1.0
1.0
1.0
1.0
1.0
1.0
1.0
1.0
1.0
1.0
1.0
1.0
1.0
1.0
1.0
1.0
1.0
1.0
1.0
1.0
1.0
1.0
1.0
1.0
1.0
1.0
1.0
1.0
1.0
1.0
1.0
1.0
1.0
1.0
1.0
1.0
1.0
1.0
1.0
1.0
1.0
1.0
1.0
1.0
1.0
1.0
1.0
1.0
1.0
1.0
1.0
1.0
1.0
1.0
1.0
1.0
1.0
1.0
1.0
1.0
1.0
1.0
1.0
1.0
1.0
1.0
1.0
1.0
1.0
1.0
1.0
1.0
1.0
1.0
1.0
1.0
1.0
1.0
1.0
1.0
1.0
1.0
1.0
1.0
1.0
1.0
1.0
1.0
1.0
1.0
1.0
1.0
1.0
1.0
1.0
1.0
1.0
1.0
1.0
1.0
1.0
1.0
1.0
1.0
1.0
1.0
1.0
1.0
1.0
1.0
1.0
1.0
1.0
1.0
1.0
1.0
1.0
1.0
1.0
1.0
1.0
1.0
1.0
1.0
1.0
1.0
1.0
1.0
1.0
1.0
1.0
1.0
1.0
1.0
1.0
1.0
1.0
1.0
1.0
1.0
1.0
1.0
1.0
1.0
1.0
1.0
1.0
1.0
1.0
1.0
1.0
1.0
1.0
1.0
1.0
1.0
1.0
1.0
1.0
1.0
1.0
1.0
1.0
1.0
1.0
1.0
1.0
1.0
1.0
1.0
1.0
1.0
1.0
1.0
1.0
1.0
1.0
1.0
1.0
1.0
1.0
1.0
1.0
1.0
1.0
1.0
1.0
1.0
1.0
1.0
1.0
1.0
1.0
1.0
1.0
1.0
1.0
1.0
1.0
1.0
1.0
1.0
1.0
1.0
1.0
1.0
1.0
1.0
1.0
1.0
1.0
1.0
1.0
1.0
1.0
1.0
1.0
1.0
1.0
1.0
1.0
1.0
1.0
1.0
1.0
1.0
1.0
1.0
1.0
1.0
1.0
1.0
1.0
1.0
1.0
1.0
1.0
1.0
1.0
1.0
1.0
1.0
1.0
1.0
1.0
1.0
1.0
1.0
1.0
1.0
1.0
1.0
1.0
1.0
1.0
1.0
1.0
1.0
1.0
1.0
1.0
1.0
1.0
1.0
1.0
1.0
1.0
1.0
1.0
1.0
1.0
1.0
1.0
1.0
1.0
1.0
1.0
1.0
1.0
1.0
1.0
1.0
1.0
1.0
1.0
1.0
1.0
1.0
1.0
1.0
1.0
1.0
1.0
1.0
1.0
1.0
1.0
1.0
1.0
1.0
1.0
1.0
1.0
1.0
1.0
1.0
1.0
1.0
1.0
1.0
1.0
1.0
1.0
1.0
1.0
1.0
1.0
1.0
1.0
1.0
1.0
1.0
1.0
1.0
1.0
1.0
1.0
1.0
1.0
1.0
1.0
1.0
1.0
1.0
1.0
1.0
1.0
1.0
1.0
1.0
1.0
1.0
1.0
1.0
1.0
1.0
1.0
1.0
1.0
1.0
1.0
1.0
1.0
1.0
1.0
1.0
1.0
1.0
1.0
1.0
1.0
1.0
1.0
1.0
1.0
1.0
1.0
1.0
1.0
1.0
1.0
1.0
1.0
1.0
1.0
1.0
1.0
1.0
1.0
1.0
1.0
1.0
1.0
1.0
1.0
1.0
1.0
1.0
1.0
1.0
1.0
1.0
1.0
1.0
1.0
1.0
1.0
1.0
1.0
1.0
1.0
1.0
1.0
1.0
1.0
1.0
1.0
1.0
1.0
1.0
1.0
1.0
1.0
1.0
1.0
1.0
1.0
1.0
1.0
1.0
1.0
1.0
1.0
1.0
1.0
1.0
1.0
1.0
1.0
1.0
1.0
1.0
1.0
1.0
1.0
1.0
1.0
1.0
1.0
1.0
1.0
1.0
1.0
1.0
1.0
1.0
1.0
1.0
1.0
1.0
1.0
1.0
1.0
1.0
1.0
1.0
1.0
1.0
1.0
1.0
1.0
1.0
1.0
1.0
1.0
1.0
1.0
1.0
1.0
1.0
1.0
1.0
1.0
1.0
1.0
1.0
1.0
1.0
1.0
1.0
1.0
1.0
1.0
1.0
1.0
1.0
1.0
1.0
1.0
1.0
1.0
1.0
1.0
1.0
1.0
1.0
1.0
1.0
1.0
1.0
1.0
1.0
1.0
1.0
1.0
1.0
1.0
1.0
1.0
1.0
1.0
1.0
1.0
1.0
1.0
1.0
1.0
1.0
1.0
1.0
1.0
1.0
1.0
1.0
1.0
1.0
1.0
1.0
1.0
1.0
1.0
1.0
1.0
1.0
1.0
1.0
1.0
1.0
1.0
1.0
1.0
1.0
1.0
1.0
1.0
1.0
1.0
1.0
1.0
1.0
1.0
1.0
1.0
1.0
1.0
1.0
1.0
1.0
1.0
1.0
1.0
1.0
1.0
1.0
1.0
1.0
1.0
1.0
1.0
1.0
1.0
1.0
1.0
1.0
1.0
1.0
1.0
1.0
1.0
1.0
1.0
1.0
1.0
1.0
1.0
1.0
1.0
1.0
1.0
1.0
0.29025641025641025
0.2907692307692308
0.29128205128205126
0.2917948717948718
0.2923076923076923
0.2928205128205128
0.29333333333333333
0.29384615384615387
0.29435897435897435
0.2948717948717949
0.2953846153846154
0.2958974358974359
0.2964102564102564
0.2969230769230769
0.29743589743589743
0.29794871794871797
0.29846153846153844
0.298974358974359
0.2994871794871795
0.3
0.3005128205128205
0.301025641025641
0.30153846153846153
0.30205128205128207
0.30256410256410254
0.3030769230769231
0.3035897435897436
0.3041025641025641
0.3046153846153846
0.30512820512820515
0.30564102564102563
0.30615384615384617
0.30666666666666664
0.3071794871794872
0.3076923076923077
0.3082051282051282
0.3087179487179487
0.30923076923076925
0.30974358974358973
0.31025641025641026
0.31076923076923074
0.3112820512820513
0.3117948717948718
0.3123076923076923
0.3128205128205128
0.31333333333333335
0.31384615384615383
0.31435897435897436
0.3148717948717949
0.3153846153846154
0.3158974358974359
0.3164102564102564
0.3169230769230769
0.31743589743589745
0.31794871794871793
0.31846153846153846
0.318974358974359
0.3194871794871795
0.32
0.32051282051282054
0.321025641025641
0.32153846153846155
0.32205128205128203
0.32256410256410256
0.3230769230769231
0.3235897435897436
0.3241025641025641
0.32461538461538464
0.3251282051282051
0.32564102564102565
0.3261538461538461
0.32666666666666666
0.3271794871794872
0.32769230769230767
0.3282051282051282
0.32871794871794874
0.3292307692307692
0.32974358974358975
0.3302564102564103
0.33076923076923076
0.3312820512820513
0.33179487179487177
0.3323076923076923
0.33282051282051284
0.3333333333333333
0.33384615384615385
0.3343589743589744
0.33487179487179486
0.3353846153846154
0.33589743589743587
0.3364102564102564
0.33692307692307694
0.3374358974358974
0.33794871794871795
0.3384615384615385
0.33897435897435896
0.3394871794871795
0.34
0.3405128205128205
0.34102564102564104
0.3415384615384615
0.34205128205128205
0.3425641025641026
0.34307692307692306
0.3435897435897436
0.3441025641025641
0.3446153846153846
0.34512820512820513
0.34564102564102567
0.34615384615384615
0.3466666666666667
0.34717948717948716
0.3476923076923077
0.3482051282051282
0.3487179487179487
0.34923076923076923
0.34974358974358977
0.35025641025641024
0.3507692307692308
0.35128205128205126
0.3517948717948718
0.3523076923076923
0.3528205128205128
0.35333333333333333
0.35384615384615387
0.35435897435897434
0.3548717948717949
0.3553846153846154
0.3558974358974359
0.3564102564102564
0.3569230769230769
0.35743589743589743
0.35794871794871796
0.35846153846153844
0.358974358974359
0.3594871794871795
0.36
0.3605128205128205
0.36102564102564105
0.36153846153846153
0.36205128205128206
0.36256410256410254
0.3630769230769231
0.3635897435897436
0.3641025641025641
0.3646153846153846
0.36512820512820515
0.36564102564102563
0.36615384615384616
0.36666666666666664
0.3671794871794872
0.3676923076923077
0.3682051282051282
0.3687179487179487
0.36923076923076925
0.36974358974358973
0.37025641025641026
0.3707692307692308
0.3712820512820513
0.3717948717948718
0.3723076923076923
0.3728205128205128
0.37333333333333335
0.37384615384615383
0.37435897435897436
0.3748717948717949
0.37538461538461537
0.3758974358974359
0.3764102564102564
0.3769230769230769
0.37743589743589745
0.3779487179487179
0.37846153846153846
0.378974358974359
0.37948717948717947
0.38
0.38051282051282054
0.381025641025641
0.38153846153846155
0.382051282051282
0.38256410256410256
0.3830769230769231
0.38358974358974357
0.3841025641025641
0.38461538461538464
0.3851282051282051
0.38564102564102565
0.3861538461538462
0.38666666666666666
0.3871794871794872
0.38769230769230767
0.3882051282051282
0.38871794871794874
0.3892307692307692
0.38974358974358975
0.3902564102564103
0.39076923076923076
0.3912820512820513
0.39179487179487177
0.3923076923076923
0.39282051282051283
0.3933333333333333
0.39384615384615385
0.3943589743589744
0.39487179487179486
0.3953846153846154
0.3958974358974359
0.3964102564102564
0.39692307692307693
0.3974358974358974
0.39794871794871794
0.3984615384615385
0.39897435897435896
0.3994871794871795
0.4
0.4005128205128205
0.40102564102564103
0.4015384615384615
0.40205128205128204
0.4025641025641026
0.40307692307692305
0.4035897435897436
0.4041025641025641
0.4046153846153846
0.40512820512820513
0.40564102564102567
0.40615384615384614
0.4066666666666667
0.40717948717948715
0.4076923076923077
0.4082051282051282
0.4087179487179487
0.40923076923076923
0.40974358974358976
0.41025641025641024
0.4107692307692308
0.4112820512820513
0.4117948717948718
0.4123076923076923
0.4128205128205128
0.41333333333333333
0.41384615384615386
0.41435897435897434
0.4148717948717949
0.4153846153846154
0.4158974358974359
0.4164102564102564
0.4169230769230769
0.41743589743589743
0.41794871794871796
0.41846153846153844
0.418974358974359
0.4194871794871795
0.42
0.4205128205128205
0.42102564102564105
0.42153846153846153
0.42205128205128206
0.42256410256410254
0.4230769230769231
0.4235897435897436
0.4241025641025641
0.4246153846153846
0.42512820512820515
0.4256410256410256
0.42615384615384616
0.4266666666666667
0.42717948717948717
0.4276923076923077
0.4282051282051282
0.4287179487179487
0.42923076923076925
0.4297435897435897
0.43025641025641026
0.4307692307692308
0.43128205128205127
0.4317948717948718
0.4323076923076923
0.4328205128205128
0.43333333333333335
0.4338461538461538
0.43435897435897436
0.4348717948717949
0.43538461538461537
0.4358974358974359
0.43641025641025644
0.4369230769230769
0.43743589743589745
0.4379487179487179
0.43846153846153846
0.438974358974359
0.43948717948717947
0.44
0.44051282051282054
0.441025641025641
0.44153846153846155
0.442051282051282
0.44256410256410256
0.4430769230769231
0.44358974358974357
0.4441025641025641
0.44461538461538463
0.4451282051282051
0.44564102564102565
0.4461538461538462
0.44666666666666666
0.4471794871794872
0.44769230769230767
0.4482051282051282
0.44871794871794873
0.4492307692307692
0.44974358974358974
0.4502564102564103
0.45076923076923076
0.4512820512820513
0.4517948717948718
0.4523076923076923
0.45282051282051283
0.4533333333333333
0.45384615384615384
0.4543589743589744
0.45487179487179485
0.4553846153846154
0.4558974358974359
0.4564102564102564
0.45692307692307693
0.4574358974358974
0.45794871794871794
0.4584615384615385
0.45897435897435895
0.4594871794871795
0.46
0.4605128205128205
0.46102564102564103
0.46153846153846156
0.46205128205128204
0.4625641025641026
0.46307692307692305
0.4635897435897436
0.4641025641025641
0.4646153846153846
0.46512820512820513
0.46564102564102566
0.46615384615384614
0.4666666666666667
0.46717948717948715
0.4676923076923077
0.4682051282051282
0.4687179487179487
0.46923076923076923
0.46974358974358976
0.47025641025641024
0.4707692307692308
0.4712820512820513
0.4717948717948718
0.4723076923076923
1.0
1.0
1.0
1.0
1.0
1.0
1.0
1.0
1.0
1.0
1.0
1.0
1.0
1.0
1.0
1.0
1.0
1.0
1.0
1.0
1.0
1.0
1.0
1.0
1.0
1.0
1.0
1.0
1.0
1.0
1.0
1.0
1.0
1.0
1.0
1.0
1.0
1.0
1.0
1.0
1.0
1.0
1.0
1.0
1.0
1.0
1.0
1.0
1.0
1.0
1.0
1.0
1.0
1.0
1.0
1.0
1.0
1.0
1.0
1.0
1.0
1.0
1.0
1.0
1.0
1.0
1.0
1.0
1.0
1.0
1.0
1.0
1.0
1.0
1.0
1.0
1.0
1.0
1.0
1.0
1.0
1.0
1.0
1.0
1.0
1.0
1.0
1.0
1.0
1.0
1.0
1.0
1.0
1.0
1.0
1.0
1.0
1.0
1.0
1.0
1.0
1.0
1.0
1.0
1.0
1.0
1.0
1.0
1.0
1.0
1.0
1.0
1.0
1.0
1.0
1.0
1.0
1.0
1.0
1.0
1.0
1.0
1.0
1.0
1.0
1.0
1.0
1.0
1.0
1.0
1.0
1.0
1.0
1.0
1.0
1.0
1.0
1.0
1.0
1.0
1.0
1.0
1.0
1.0
1.0
1.0
1.0
1.0
1.0
1.0
1.0
1.0
1.0
1.0
1.0
1.0
1.0
1.0
1.0
1.0
1.0
1.0
1.0
1.0
1.0
1.0
1.0
1.0
1.0
1.0
1.0
1.0
1.0
1.0
1.0
1.0
1.0
1.0
1.0
1.0
1.0
1.0
1.0
1.0
1.0
1.0
1.0
1.0
1.0
1.0
1.0
1.0
1.0
1.0
1.0
1.0
1.0
1.0
1.0
1.0
1.0
1.0
1.0
1.0
1.0
1.0
1.0
1.0
1.0
1.0
1.0
1.0
1.0
1.0
1.0
1.0
1.0
1.0
1.0
1.0
1.0
1.0
1.0
1.0
1.0
1.0
1.0
1.0
1.0
1.0
1.0
1.0
1.0
1.0
1.0
1.0
1.0
1.0
1.0
1.0
1.0
1.0
1.0
1.0
1.0
1.0
1.0
1.0
1.0
1.0
1.0
1.0
1.0
1.0
1.0
1.0
1.0
1.0
1.0
1.0
1.0
1.0
1.0
1.0
1.0
1.0
1.0
1.0
1.0
1.0
1.0
1.0
1.0
1.0
1.0
1.0
1.0
1.0
1.0
1.0
1.0
1.0
1.0
1.0
1.0
1.0
1.0
1.0
1.0
1.0
1.0
1.0
1.0
1.0
1.0
1.0
1.0
1.0
1.0
1.0
1.0
1.0
1.0
1.0
1.0
1.0
1.0
1.0
1.0
1.0
1.0
1.0
1.0
1.0
1.0
1.0
1.0
1.0
1.0
1.0
1.0
1.0
1.0
1.0
1.0
1.0
1.0
1.0
1.0
1.0
1.0
1.0
1.0
1.0
1.0
1.0
1.0
1.0
1.0
1.0
1.0
1.0
1.0
1.0
1.0
1.0
1.0
1.0
1.0
1.0
1.0
1.0
1.0
1.0
1.0
1.0
1.0
1.0
1.0
1.0
1.0
1.0
1.0
1.0
1.0
1.0
1.0
1.0
1.0
1.0
1.0
1.0
1.0
1.0
1.0
1.0
1.0
1.0
1.0
1.0
1.0
1.0
1.0
1.0
1.0
1.0
1.0
1.0
1.0
1.0
1.0
1.0
1.0
1.0
1.0
1.0
1.0
1.0
1.0
1.0
1.0
1.0
1.0
1.0
1.0
1.0
1.0
1.0
1.0
1.0
1.0
1.0
1.0
1.0
1.0
1.0
1.0
1.0
1.0
1.0
1.0
1.0
1.0
1.0
1.0
1.0
1.0
1.0
1.0
1.0
1.0
1.0
1.0
1.0
1.0
1.0
1.0
1.0
1.0
1.0
1.0
1.0
1.0
1.0
1.0
1.0
1.0
1.0
1.0
1.0
1.0
1.0
1.0
1.0
1.0
1.0
1.0
1.0
1.0
1.0
1.0
1.0
1.0
1.0
1.0
1.0
1.0
1.0
1.0
1.0
1.0
1.0
1.0
1.0
1.0
1.0
1.0
1.0
1.0
1.0
1.0
1.0
1.0
1.0
1.0
1.0
1.0
1.0
1.0
1.0
1.0
1.0
1.0
1.0
1.0
1.0
1.0
1.0
1.0
1.0
1.0
1.0
1.0
1.0
1.0
1.0
1.0
1.0
1.0
1.0
1.0
1.0
1.0
1.0
1.0
1.0
1.0
1.0
1.0
1.0
1.0
1.0
1.0
1.0
1.0
1.0
1.0
1.0
1.0
1.0
1.0
1.0
1.0
1.0
1.0
1.0
1.0
1.0
1.0
1.0
1.0
1.0
1.0
1.0
1.0
1.0
1.0
1.0
1.0
1.0
1.0
1.0
1.0
1.0
1.0
1.0
1.0
1.0
1.0
1.0
1.0
1.0
1.0
1.0
1.0
0.29025641025641025
0.2907692307692308
0.29128205128205126
0.2917948717948718
0.2923076923076923
0.2928205128205128
0.29333333333333333
0.29384615384615387
0.29435897435897435
1.0
1.0
1.0
1.0
1.0
1.0
1.0
1.0
1.0
1.0
1.0
1.0
1.0
1.0
1.0
1.0
1.0
1.0
1.0
1.0
1.0
1.0
1.0
1.0
1.0
1.0
1.0
1.0
1.0
1.0
1.0
1.0
1.0
1.0
1.0
1.0
1.0
1.0
1.0
1.0
1.0
1.0
1.0
1.0
1.0
1.0
1.0
1.0
1.0
1.0
1.0
1.0
1.0
1.0
1.0
1.0
1.0
1.0
1.0
1.0
1.0
1.0
1.0
1.0
1.0
1.0
1.0
1.0
1.0
1.0
1.0
1.0
1.0
1.0
1.0
1.0
1.0
1.0
1.0
1.0
1.0
1.0
1.0
1.0
1.0
1.0
1.0
1.0
1.0
1.0
1.0
1.0
1.0
1.0
1.0
1.0
1.0
1.0
1.0
1.0
1.0
1.0
1.0
1.0
1.0
1.0
1.0
1.0
1.0
1.0
1.0
1.0
1.0
1.0
1.0
1.0
1.0
1.0
1.0
1.0
1.0
1.0
1.0
1.0
1.0
1.0
1.0
1.0
1.0
1.0
1.0
1.0
1.0
1.0
1.0
1.0
1.0
1.0
1.0
1.0
1.0
1.0
1.0
1.0
1.0
1.0
1.0
1.0
1.0
1.0
1.0
1.0
1.0
1.0
1.0
1.0
1.0
1.0
1.0
1.0
1.0
1.0
1.0
1.0
1.0
1.0
1.0
1.0
1.0
1.0
1.0
1.0
1.0
1.0
1.0
1.0
1.0
1.0
1.0
1.0
1.0
1.0
1.0
1.0
1.0
1.0
1.0
1.0
1.0
1.0
1.0
1.0
1.0
1.0
1.0
1.0
1.0
1.0
1.0
1.0
1.0
1.0
1.0
1.0
1.0
1.0
1.0
1.0
1.0
1.0
1.0
1.0
1.0
1.0
1.0
1.0
1.0
1.0
1.0
1.0
1.0
1.0
1.0
1.0
1.0
1.0
1.0
1.0
1.0
1.0
1.0
1.0
1.0
1.0
1.0
1.0
1.0
1.0
1.0
1.0
1.0
1.0
1.0
1.0
1.0
1.0
1.0
1.0
1.0
1.0
1.0
1.0
1.0
1.0
1.0
1.0
1.0
1.0
1.0
1.0
1.0
1.0
1.0
1.0
1.0
1.0
1.0
1.0
1.0
1.0
1.0
1.0
1.0
1.0
1.0
1.0
1.0
1.0
1.0
1.0
1.0
1.0
1.0
1.0
1.0
1.0
1.0
1.0
1.0
1.0
1.0
1.0
1.0
1.0
1.0
1.0
1.0
1.0
1.0
1.0
1.0
1.0
1.0
1.0
1.0
1.0
1.0
1.0
1.0
1.0
1.0
1.0
1.0
1.0
1.0
1.0
1.0
1.0
1.0
1.0
1.0
1.0
1.0
1.0
1.0
1.0
1.0
1.0
1.0
1.0
1.0
1.0
1.0
1.0
1.0
1.0
1.0
1.0
1.0
1.0
1.0
1.0
1.0
1.0
1.0
1.0
1.0
1.0
1.0
1.0
1.0
1.0
1.0
1.0
1.0
1.0
1.0
1.0
1.0
1.0
1.0
1.0
1.0
1.0
1.0
1.0
1.0
1.0
1.0
1.0
1.0
1.0
1.0
1.0
1.0
1.0
1.0
1.0
1.0
1.0
1.0
1.0
1.0
1.0
1.0
1.0
1.0
1.0
1.0
1.0
1.0
1.0
1.0
1.0
1.0
1.0
1.0
1.0
1.0
1.0
1.0
1.0
1.0
1.0
1.0
1.0
1.0
1.0
1.0
1.0
1.0
1.0
1.0
1.0
1.0
1.0
1.0
1.0
1.0
1.0
1.0
1.0
1.0
1.0
1.0
1.0
1.0
1.0
1.0
1.0
1.0
1.0
1.0
1.0
1.0
1.0
1.0
1.0
1.0
1.0
1.0
1.0
1.0
1.0
1.0
1.0
1.0
1.0
1.0
1.0
1.0
1.0
1.0
1.0
1.0
1.0
1.0
1.0
1.0
1.0
1.0
1.0
1.0
1.0
1.0
1.0
1.0
1.0
1.0
1.0
1.0
1.0
1.0
1.0
1.0
1.0
1.0
1.0
1.0
1.0
1.0
1.0
1.0
1.0
1.0
1.0
1.0
1.0
1.0
1.0
1.0
1.0
1.0
1.0
1.0
1.0
1.0
1.0
1.0
1.0
1.0
1.0
1.0
1.0
1.0
1.0
1.0
1.0
1.0
1.0
1.0
1.0
1.0
1.0
1.0
1.0
1.0
1.0
1.0
1.0
1.0
1.0
1.0
1.0
1.0
1.0
1.0
1.0
1.0
1.0
1.0
1.0
1.0
1.0
1.0
1.0
1.0
1.0
1.0
1.0
1.0
1.0
1.0
1.0
1.0
1.0
1.0
1.0
1.0
1.0
1.0
1.0
1.0
1.0
1.0
1.0
1.0
1.0
1.0
1.0
1.0
1.0
1.0
1.0
1.0
0.29025641025641025
0.2907692307692308
0.29128205128205126
0.2917948717948718
0.2923076923076923
0.2928205128205128
0.29333333333333333
0.29384615384615387
0.29435897435897435
0.2948717948717949
0.2953846153846154
0.2958974358974359
0.2964102564102564
0.2969230769230769
0.29743589743589743
0.29794871794871797
0.29846153846153844
0.298974358974359
0.2994871794871795
0.3
0.3005128205128205
0.301025641025641
0.30153846153846153
0.30205128205128207
0.30256410256410254
0.3030769230769231
0.3035897435897436
0.3041025641025641
0.3046153846153846
0.30512820512820515
0.30564102564102563
0.30615384615384617
0.30666666666666664
0.3071794871794872
0.3076923076923077
0.3082051282051282
0.3087179487179487
0.30923076923076925
0.30974358974358973
0.31025641025641026
0.31076923076923074
0.3112820512820513
0.3117948717948718
0.3123076923076923
0.3128205128205128
0.31333333333333335
0.31384615384615383
0.31435897435897436
0.3148717948717949
0.3153846153846154
0.3158974358974359
0.3164102564102564
0.3169230769230769
0.31743589743589745
0.31794871794871793
0.31846153846153846
0.318974358974359
0.3194871794871795
0.32
0.32051282051282054
0.321025641025641
0.32153846153846155
0.32205128205128203
0.32256410256410256
0.3230769230769231
0.3235897435897436
0.3241025641025641
0.32461538461538464
0.3251282051282051
0.32564102564102565
0.3261538461538461
0.32666666666666666
0.3271794871794872
0.32769230769230767
0.3282051282051282
0.32871794871794874
0.3292307692307692
0.32974358974358975
0.3302564102564103
0.33076923076923076
0.3312820512820513
0.33179487179487177
0.3323076923076923
0.33282051282051284
0.3333333333333333
0.33384615384615385
0.3343589743589744
0.33487179487179486
0.3353846153846154
0.33589743589743587
0.3364102564102564
0.33692307692307694
0.3374358974358974
0.33794871794871795
0.3384615384615385
0.33897435897435896
0.3394871794871795
0.34
0.3405128205128205
0.34102564102564104
0.3415384615384615
0.34205128205128205
0.3425641025641026
0.34307692307692306
0.3435897435897436
0.3441025641025641
0.3446153846153846
0.34512820512820513
0.34564102564102567
0.34615384615384615
0.3466666666666667
0.34717948717948716
0.3476923076923077
0.3482051282051282
0.3487179487179487
0.34923076923076923
0.34974358974358977
0.35025641025641024
0.3507692307692308
0.35128205128205126
0.3517948717948718
0.3523076923076923
0.3528205128205128
0.35333333333333333
0.35384615384615387
0.35435897435897434
0.3548717948717949
0.3553846153846154
0.3558974358974359
0.3564102564102564
0.3569230769230769
0.35743589743589743
0.35794871794871796
0.35846153846153844
0.358974358974359
0.3594871794871795
0.36
0.3605128205128205
0.36102564102564105
0.36153846153846153
0.36205128205128206
0.36256410256410254
0.3630769230769231
0.3635897435897436
0.3641025641025641
0.3646153846153846
0.36512820512820515
0.36564102564102563
0.36615384615384616
0.36666666666666664
0.3671794871794872
0.3676923076923077
0.3682051282051282
0.3687179487179487
0.36923076923076925
0.36974358974358973
0.37025641025641026
0.3707692307692308
0.3712820512820513
0.3717948717948718
0.3723076923076923
0.3728205128205128
0.37333333333333335
0.37384615384615383
0.37435897435897436
0.3748717948717949
0.37538461538461537
0.3758974358974359
0.3764102564102564
0.3769230769230769
0.37743589743589745
0.3779487179487179
0.37846153846153846
0.378974358974359
0.37948717948717947
0.38
0.38051282051282054
0.381025641025641
0.38153846153846155
0.382051282051282
0.38256410256410256
0.3830769230769231
0.38358974358974357
0.3841025641025641
0.38461538461538464
0.3851282051282051
0.38564102564102565
0.3861538461538462
0.38666666666666666
0.3871794871794872
0.38769230769230767
0.3882051282051282
0.38871794871794874
0.3892307692307692
0.38974358974358975
0.3902564102564103
0.39076923076923076
0.3912820512820513
0.39179487179487177
0.3923076923076923
0.39282051282051283
0.3933333333333333
0.39384615384615385
0.3943589743589744
0.39487179487179486
0.3953846153846154
0.3958974358974359
0.3964102564102564
0.39692307692307693
0.3974358974358974
0.39794871794871794
0.3984615384615385
0.39897435897435896
0.3994871794871795
0.4
0.4005128205128205
0.40102564102564103
0.4015384615384615
0.40205128205128204
0.4025641025641026
0.40307692307692305
0.4035897435897436
0.4041025641025641
0.4046153846153846
0.40512820512820513
0.40564102564102567
0.40615384615384614
0.4066666666666667
0.40717948717948715
0.4076923076923077
0.4082051282051282
0.4087179487179487
0.40923076923076923
0.40974358974358976
0.41025641025641024
0.4107692307692308
0.4112820512820513
0.4117948717948718
0.4123076923076923
0.4128205128205128
0.41333333333333333
0.41384615384615386
0.41435897435897434
0.4148717948717949
0.4153846153846154
0.4158974358974359
0.4164102564102564
0.4169230769230769
0.41743589743589743
0.41794871794871796
0.41846153846153844
0.418974358974359
0.4194871794871795
0.42
0.4205128205128205
0.42102564102564105
0.42153846153846153
0.42205128205128206
0.42256410256410254
0.4230769230769231
0.4235897435897436
0.4241025641025641
0.4246153846153846
0.42512820512820515
0.4256410256410256
0.42615384615384616
0.4266666666666667
0.42717948717948717
0.4276923076923077
0.4282051282051282
0.4287179487179487
0.42923076923076925
0.4297435897435897
0.43025641025641026
0.4307692307692308
0.43128205128205127
0.4317948717948718
0.4323076923076923
0.4328205128205128
0.43333333333333335
0.4338461538461538
0.43435897435897436
0.4348717948717949
0.43538461538461537
0.4358974358974359
0.43641025641025644
0.4369230769230769
0.43743589743589745
0.4379487179487179
0.43846153846153846
0.438974358974359
0.43948717948717947
0.44
0.44051282051282054
0.441025641025641
0.44153846153846155
0.442051282051282
0.44256410256410256
0.4430769230769231
0.44358974358974357
0.4441025641025641
0.44461538461538463
0.4451282051282051
0.44564102564102565
0.4461538461538462
0.44666666666666666
0.4471794871794872
0.44769230769230767
0.4482051282051282
0.44871794871794873
0.4492307692307692
0.44974358974358974
0.4502564102564103
0.45076923076923076
0.4512820512820513
0.4517948717948718
0.4523076923076923
0.45282051282051283
0.4533333333333333
0.45384615384615384
0.4543589743589744
0.45487179487179485
0.4553846153846154
0.4558974358974359
0.4564102564102564
0.45692307692307693
0.4574358974358974
0.45794871794871794
0.4584615384615385
0.45897435897435895
0.4594871794871795
0.46
0.4605128205128205
0.46102564102564103
0.46153846153846156
0.46205128205128204
0.4625641025641026
0.46307692307692305
0.4635897435897436
0.4641025641025641
0.4646153846153846
0.46512820512820513
0.46564102564102566
0.46615384615384614
0.4666666666666667
0.46717948717948715
0.4676923076923077
0.4682051282051282
0.4687179487179487
0.46923076923076923
0.46974358974358976
0.47025641025641024
0.4707692307692308
0.4712820512820513
0.4717948717948718
0.4723076923076923
0.4728205128205128
0.47333333333333333
0.47384615384615386
0.47435897435897434
0.4748717948717949
0.4753846153846154
0.4758974358974359
0.4764102564102564
0.47692307692307695
0.4774358974358974
0.47794871794871796
0.47846153846153844
0.47897435897435897
0.4794871794871795
0.48
0.4805128205128205
0.48102564102564105
0.4815384615384615
0.48205128205128206
0.48256410256410254
0.48307692307692307
0.4835897435897436
0.4841025641025641
0.4846153846153846
0.48512820512820515
0.4856410256410256
0.48615384615384616
0.4866666666666667
0.48717948717948717
0.4876923076923077
0.4882051282051282
0.4887179487179487
0.48923076923076925
0.4897435897435897
0.49025641025641026
0.4907692307692308
0.49128205128205127
0.4917948717948718
0.49230769230769234
0.4928205128205128
0.49333333333333335
0.4938461538461538
0.49435897435897436
0.4948717948717949
0.49538461538461537
0.4958974358974359
0.49641025641025643
0.4969230769230769
0.49743589743589745
0.4979487179487179
0.49846153846153846
0.498974358974359
0.49948717948717947
0.5
0.5005128205128205
0.5010256410256411
0.5015384615384615
0.502051282051282
0.5025641025641026
0.5030769230769231
0.5035897435897436
0.5041025641025642
0.5046153846153846
0.5051282051282051
0.5056410256410256
0.5061538461538462
0.5066666666666667
0.5071794871794871
0.5076923076923077
0.5082051282051282
0.5087179487179487
0.5092307692307693
0.5097435897435898
0.5102564102564102
0.5107692307692308
0.5112820512820513
0.5117948717948718
0.5123076923076924
0.5128205128205128
0.5133333333333333
0.5138461538461538
0.5143589743589744
0.5148717948717949
0.5153846153846153
0.5158974358974359
0.5164102564102564
0.5169230769230769
0.5174358974358975
0.517948717948718
0.5184615384615384
0.518974358974359
0.5194871794871795
0.52
0.5205128205128206
0.521025641025641
0.5215384615384615
0.522051282051282
0.5225641025641026
0.5230769230769231
0.5235897435897436
0.5241025641025641
0.5246153846153846
0.5251282051282051
0.5256410256410257
0.5261538461538462
0.5266666666666666
0.5271794871794871
0.5276923076923077
0.5282051282051282
0.5287179487179487
0.5292307692307693
0.5297435897435897
0.5302564102564102
0.5307692307692308
0.5312820512820513
0.5317948717948718
0.5323076923076923
0.5328205128205128
0.5333333333333333
0.5338461538461539
0.5343589743589744
0.5348717948717949
0.5353846153846153
0.5358974358974359
0.5364102564102564
0.536923076923077
0.5374358974358975
0.5379487179487179
0.5384615384615384
0.538974358974359
1.0
1.0
1.0
1.0
1.0
1.0
1.0
1.0
1.0
1.0
1.0
1.0
1.0
1.0
1.0
1.0
1.0
1.0
1.0
1.0
1.0
1.0
1.0
1.0
1.0
1.0
1.0
1.0
1.0
1.0
1.0
1.0
1.0
1.0
1.0
1.0
1.0
1.0
1.0
1.0
1.0
1.0
1.0
1.0
1.0
1.0
1.0
1.0
1.0
1.0
1.0
1.0
1.0
1.0
1.0
1.0
1.0
1.0
1.0
1.0
1.0
1.0
1.0
1.0
1.0
1.0
1.0
1.0
1.0
1.0
1.0
1.0
1.0
1.0
1.0
1.0
1.0
1.0
1.0
1.0
1.0
1.0
1.0
1.0
1.0
1.0
1.0
1.0
1.0
1.0
1.0
1.0
1.0
1.0
1.0
1.0
1.0
1.0
1.0
1.0
1.0
1.0
1.0
1.0
1.0
1.0
1.0
1.0
1.0
1.0
1.0
1.0
1.0
1.0
1.0
1.0
1.0
1.0
1.0
1.0
1.0
1.0
1.0
1.0
1.0
1.0
1.0
1.0
1.0
1.0
1.0
1.0
1.0
1.0
1.0
1.0
1.0
1.0
1.0
1.0
1.0
1.0
1.0
1.0
1.0
1.0
1.0
1.0
1.0
1.0
1.0
1.0
1.0
1.0
1.0
1.0
1.0
1.0
1.0
1.0
1.0
1.0
1.0
1.0
1.0
1.0
1.0
1.0
1.0
1.0
1.0
1.0
1.0
1.0
1.0
1.0
1.0
1.0
1.0
1.0
1.0
1.0
1.0
1.0
1.0
1.0
1.0
1.0
1.0
1.0
1.0
1.0
1.0
1.0
1.0
1.0
1.0
1.0
1.0
1.0
1.0
1.0
1.0
1.0
1.0
1.0
1.0
1.0
1.0
1.0
1.0
1.0
1.0
1.0
1.0
1.0
1.0
1.0
1.0
1.0
1.0
1.0
1.0
1.0
1.0
1.0
1.0
1.0
1.0
1.0
1.0
1.0
1.0
1.0
1.0
1.0
1.0
1.0
1.0
1.0
1.0
1.0
1.0
1.0
1.0
1.0
1.0
1.0
1.0
1.0
1.0
1.0
1.0
1.0
1.0
1.0
1.0
1.0
1.0
1.0
1.0
1.0
1.0
1.0
1.0
1.0
1.0
1.0
1.0
1.0
1.0
1.0
1.0
1.0
1.0
1.0
1.0
1.0
1.0
1.0
1.0
1.0
1.0
1.0
1.0
1.0
1.0
1.0
1.0
1.0
1.0
1.0
1.0
1.0
1.0
1.0
1.0
1.0
1.0
1.0
1.0
1.0
1.0
1.0
1.0
1.0
1.0
1.0
1.0
1.0
1.0
1.0
1.0
1.0
1.0
1.0
1.0
1.0
1.0
1.0
1.0
1.0
1.0
1.0
1.0
1.0
1.0
1.0
1.0
1.0
1.0
1.0
1.0
1.0
1.0
1.0
1.0
1.0
1.0
1.0
1.0
1.0
1.0
1.0
1.0
1.0
1.0
1.0
1.0
1.0
1.0
1.0
1.0
1.0
1.0
1.0
1.0
1.0
1.0
1.0
1.0
1.0
1.0
1.0
1.0
1.0
1.0
1.0
1.0
1.0
1.0
1.0
1.0
1.0
1.0
1.0
1.0
1.0
1.0
1.0
1.0
1.0
1.0
1.0
1.0
1.0
1.0
1.0
1.0
1.0
1.0
1.0
1.0
1.0
1.0
1.0
1.0
1.0
1.0
1.0
1.0
1.0
1.0
1.0
1.0
1.0
1.0
1.0
1.0
1.0
1.0
1.0
1.0
1.0
1.0
1.0
1.0
1.0
1.0
1.0
1.0
1.0
1.0
1.0
1.0
1.0
1.0
1.0
1.0
1.0
1.0
1.0
1.0
1.0
1.0
1.0
1.0
1.0
1.0
1.0
1.0
1.0
1.0
1.0
1.0
1.0
1.0
1.0
1.0
1.0
1.0
1.0
1.0
1.0
1.0
1.0
1.0
1.0
1.0
1.0
1.0
1.0
1.0
1.0
1.0
1.0
1.0
1.0
1.0
1.0
1.0
1.0
1.0
1.0
1.0
1.0
1.0
1.0
1.0
1.0
1.0
1.0
1.0
1.0
1.0
1.0
1.0
1.0
1.0
1.0
1.0
1.0
1.0
1.0
1.0
1.0
1.0
1.0
1.0
1.0
1.0
1.0
1.0
1.0
1.0
1.0
1.0
1.0
1.0
1.0
1.0
1.0
1.0
1.0
1.0
1.0
1.0
1.0
1.0
1.0
1.0
1.0
1.0
1.0
1.0
1.0
1.0
1.0
1.0
1.0
1.0
1.0
1.0
1.0
1.0
1.0
1.0
1.0
1.0
1.0
1.0
1.0
1.0
1.0
1.0
1.0
1.0
1.0
1.0
1.0
1.0
1.0
1.0
1.0
1.0
1.0
1.0
1.0
1.0
1.0
1.0
1.0
1.0
1.0
1.0
0.29025641025641025
0.2907692307692308
0.29128205128205126
0.2917948717948718
0.2923076923076923
0.2928205128205128
0.29333333333333333
0.29384615384615387
0.29435897435897435
0.2948717948717949
0.2953846153846154
0.2958974358974359
0.2964102564102564
0.2969230769230769
0.29743589743589743
0.29794871794871797
0.29846153846153844
0.298974358974359
0.2994871794871795
0.3
0.3005128205128205
0.301025641025641
0.30153846153846153
0.30205128205128207
0.30256410256410254
0.3030769230769231
0.3035897435897436
0.3041025641025641
0.3046153846153846
0.30512820512820515
0.30564102564102563
0.30615384615384617
0.30666666666666664
0.3071794871794872
0.3076923076923077
0.3082051282051282
0.3087179487179487
0.30923076923076925
0.30974358974358973
0.31025641025641026
0.31076923076923074
0.3112820512820513
0.3117948717948718
0.3123076923076923
0.3128205128205128
0.31333333333333335
0.31384615384615383
0.31435897435897436
0.3148717948717949
0.3153846153846154
0.3158974358974359
0.3164102564102564
0.3169230769230769
0.31743589743589745
0.31794871794871793
0.31846153846153846
0.318974358974359
0.3194871794871795
0.32
0.32051282051282054
0.321025641025641
0.32153846153846155
0.32205128205128203
0.32256410256410256
0.3230769230769231
0.3235897435897436
0.3241025641025641
0.32461538461538464
0.3251282051282051
0.32564102564102565
0.3261538461538461
0.32666666666666666
0.3271794871794872
0.32769230769230767
0.3282051282051282
0.32871794871794874
0.3292307692307692
0.32974358974358975
0.3302564102564103
0.33076923076923076
0.3312820512820513
0.33179487179487177
0.3323076923076923
0.33282051282051284
0.3333333333333333
0.33384615384615385
0.3343589743589744
0.33487179487179486
0.3353846153846154
0.33589743589743587
0.3364102564102564
0.33692307692307694
0.3374358974358974
0.33794871794871795
0.3384615384615385
0.33897435897435896
0.3394871794871795
0.34
0.3405128205128205
0.34102564102564104
0.3415384615384615
0.34205128205128205
0.3425641025641026
0.34307692307692306
0.3435897435897436
0.3441025641025641
0.3446153846153846
0.34512820512820513
0.34564102564102567
0.34615384615384615
0.3466666666666667
0.34717948717948716
0.3476923076923077
0.3482051282051282
0.3487179487179487
0.34923076923076923
0.34974358974358977
0.35025641025641024
0.3507692307692308
0.35128205128205126
0.3517948717948718
0.3523076923076923
0.3528205128205128
0.35333333333333333
0.35384615384615387
0.35435897435897434
0.3548717948717949
0.3553846153846154
0.3558974358974359
0.3564102564102564
0.3569230769230769
0.35743589743589743
0.35794871794871796
0.35846153846153844
0.358974358974359
0.3594871794871795
0.36
0.3605128205128205
0.36102564102564105
0.36153846153846153
0.36205128205128206
0.36256410256410254
0.3630769230769231
0.3635897435897436
0.3641025641025641
0.3646153846153846
0.36512820512820515
0.36564102564102563
0.36615384615384616
0.36666666666666664
0.3671794871794872
0.3676923076923077
0.3682051282051282
0.3687179487179487
0.36923076923076925
0.36974358974358973
0.37025641025641026
0.3707692307692308
0.3712820512820513
0.3717948717948718
0.3723076923076923
0.3728205128205128
0.37333333333333335
0.37384615384615383
0.37435897435897436
0.3748717948717949
0.37538461538461537
0.3758974358974359
0.3764102564102564
0.3769230769230769
0.37743589743589745
0.3779487179487179
0.37846153846153846
0.378974358974359
0.37948717948717947
0.38
0.38051282051282054
0.381025641025641
0.38153846153846155
0.382051282051282
0.38256410256410256
0.3830769230769231
0.38358974358974357
0.3841025641025641
0.38461538461538464
0.3851282051282051
0.38564102564102565
0.3861538461538462
0.38666666666666666
0.3871794871794872
0.38769230769230767
0.3882051282051282
0.38871794871794874
0.3892307692307692
0.38974358974358975
0.3902564102564103
0.39076923076923076
0.3912820512820513
0.39179487179487177
0.3923076923076923
0.39282051282051283
0.3933333333333333
0.39384615384615385
0.3943589743589744
0.39487179487179486
0.3953846153846154
0.3958974358974359
0.3964102564102564
0.39692307692307693
0.3974358974358974
0.39794871794871794
0.3984615384615385
0.39897435897435896
0.3994871794871795
0.4
0.4005128205128205
0.40102564102564103
0.4015384615384615
0.40205128205128204
0.4025641025641026
0.40307692307692305
0.4035897435897436
0.4041025641025641
0.4046153846153846
0.40512820512820513
0.40564102564102567
0.40615384615384614
0.4066666666666667
0.40717948717948715
0.4076923076923077
0.4082051282051282
0.4087179487179487
0.40923076923076923
0.40974358974358976
0.41025641025641024
0.4107692307692308
0.4112820512820513
0.4117948717948718
0.4123076923076923
0.4128205128205128
0.41333333333333333
0.41384615384615386
0.41435897435897434
0.4148717948717949
0.4153846153846154
0.4158974358974359
0.4164102564102564
0.4169230769230769
0.41743589743589743
0.41794871794871796
0.41846153846153844
0.418974358974359
0.4194871794871795
0.42
0.4205128205128205
0.42102564102564105
0.42153846153846153
0.42205128205128206
0.42256410256410254
0.4230769230769231
0.4235897435897436
0.4241025641025641
0.4246153846153846
0.42512820512820515
0.4256410256410256
0.42615384615384616
0.4266666666666667
0.42717948717948717
0.4276923076923077
0.4282051282051282
0.4287179487179487
0.42923076923076925
0.4297435897435897
0.43025641025641026
0.4307692307692308
0.43128205128205127
0.4317948717948718
0.4323076923076923
0.4328205128205128
0.43333333333333335
0.4338461538461538
0.43435897435897436
0.4348717948717949
0.43538461538461537
0.4358974358974359
0.43641025641025644
0.4369230769230769
0.43743589743589745
0.4379487179487179
0.43846153846153846
0.438974358974359
0.43948717948717947
0.44
0.44051282051282054
0.441025641025641
0.44153846153846155
0.442051282051282
0.44256410256410256
0.4430769230769231
0.44358974358974357
0.4441025641025641
0.44461538461538463
0.4451282051282051
0.44564102564102565
0.4461538461538462
0.44666666666666666
0.4471794871794872
0.44769230769230767
0.4482051282051282
0.44871794871794873
0.4492307692307692
0.44974358974358974
0.4502564102564103
0.45076923076923076
0.4512820512820513
0.4517948717948718
0.4523076923076923
0.45282051282051283
0.4533333333333333
0.45384615384615384
0.4543589743589744
0.45487179487179485
0.4553846153846154
0.4558974358974359
0.4564102564102564
0.45692307692307693
0.4574358974358974
0.45794871794871794
0.4584615384615385
0.45897435897435895
0.4594871794871795
0.46
0.4605128205128205
0.46102564102564103
0.46153846153846156
0.46205128205128204
0.4625641025641026
0.46307692307692305
0.4635897435897436
0.4641025641025641
0.4646153846153846
0.46512820512820513
0.46564102564102566
0.46615384615384614
0.4666666666666667
0.46717948717948715
0.4676923076923077
0.4682051282051282
0.4687179487179487
0.46923076923076923
0.46974358974358976
0.47025641025641024
0.4707692307692308
0.4712820512820513
0.4717948717948718
0.4723076923076923
0.4728205128205128
0.47333333333333333
0.47384615384615386
0.47435897435897434
0.4748717948717949
0.4753846153846154
0.4758974358974359
0.4764102564102564
0.47692307692307695
0.4774358974358974
0.47794871794871796
0.47846153846153844
0.47897435897435897
0.4794871794871795
0.48
0.4805128205128205
0.48102564102564105
0.4815384615384615
0.48205128205128206
0.48256410256410254
0.48307692307692307
0.4835897435897436
0.4841025641025641
0.4846153846153846
0.48512820512820515
0.4856410256410256
0.48615384615384616
0.4866666666666667
0.48717948717948717
0.4876923076923077
0.4882051282051282
0.4887179487179487
0.48923076923076925
0.4897435897435897
0.49025641025641026
0.4907692307692308
0.49128205128205127
0.4917948717948718
0.49230769230769234
0.4928205128205128
0.49333333333333335
0.4938461538461538
0.49435897435897436
0.4948717948717949
0.49538461538461537
0.4958974358974359
0.49641025641025643
0.4969230769230769
0.49743589743589745
0.4979487179487179
0.49846153846153846
0.498974358974359
0.49948717948717947
0.5
0.5005128205128205
0.5010256410256411
0.5015384615384615
0.502051282051282
0.5025641025641026
0.5030769230769231
0.5035897435897436
0.5041025641025642
0.5046153846153846
0.5051282051282051
0.5056410256410256
0.5061538461538462
0.5066666666666667
0.5071794871794871
0.5076923076923077
0.5082051282051282
0.5087179487179487
0.5092307692307693
0.5097435897435898
0.5102564102564102
0.5107692307692308
0.5112820512820513
0.5117948717948718
0.5123076923076924
0.5128205128205128
0.5133333333333333
0.5138461538461538
0.5143589743589744
0.5148717948717949
0.5153846153846153
0.5158974358974359
0.5164102564102564
0.5169230769230769
0.5174358974358975
0.517948717948718
0.5184615384615384
0.518974358974359
0.5194871794871795
0.52
0.5205128205128206
0.521025641025641
0.5215384615384615
0.522051282051282
0.5225641025641026
0.5230769230769231
0.5235897435897436
0.5241025641025641
0.5246153846153846
0.5251282051282051
0.5256410256410257
0.5261538461538462
0.5266666666666666
0.5271794871794871
0.5276923076923077
0.5282051282051282
0.5287179487179487
0.5292307692307693
0.5297435897435897
0.5302564102564102
0.5307692307692308
0.5312820512820513
0.5317948717948718
0.5323076923076923
0.5328205128205128
0.5333333333333333
0.5338461538461539
0.5343589743589744
0.5348717948717949
0.5353846153846153
0.5358974358974359
0.5364102564102564
0.536923076923077
0.5374358974358975
0.5379487179487179
0.5384615384615384
0.538974358974359
1.0
1.0
1.0
1.0
1.0
1.0
1.0
1.0
1.0
1.0
1.0
1.0
1.0
1.0
1.0
1.0
1.0
1.0
1.0
1.0
1.0
1.0
1.0
1.0
1.0
1.0
1.0
1.0
1.0
1.0
1.0
1.0
1.0
1.0
1.0
1.0
1.0
1.0
1.0
1.0
1.0
1.0
1.0
1.0
1.0
1.0
1.0
1.0
1.0
1.0
1.0
1.0
1.0
1.0
1.0
1.0
1.0
1.0
1.0
1.0
1.0
1.0
1.0
1.0
1.0
1.0
1.0
1.0
1.0
1.0
1.0
1.0
1.0
1.0
1.0
1.0
1.0
1.0
1.0
1.0
1.0
1.0
1.0
1.0
1.0
1.0
1.0
1.0
1.0
1.0
1.0
1.0
1.0
1.0
1.0
1.0
1.0
1.0
1.0
1.0
1.0
1.0
1.0
1.0
1.0
1.0
1.0
1.0
1.0
1.0
1.0
1.0
1.0
1.0
1.0
1.0
1.0
1.0
1.0
1.0
1.0
1.0
1.0
1.0
1.0
1.0
1.0
1.0
1.0
1.0
1.0
1.0
1.0
1.0
1.0
1.0
1.0
1.0
1.0
1.0
1.0
1.0
1.0
1.0
1.0
1.0
1.0
1.0
1.0
1.0
1.0
1.0
1.0
1.0
1.0
1.0
1.0
1.0
1.0
1.0
1.0
1.0
1.0
1.0
1.0
1.0
1.0
1.0
1.0
1.0
1.0
1.0
1.0
1.0
1.0
1.0
1.0
1.0
1.0
1.0
1.0
1.0
1.0
1.0
1.0
1.0
1.0
1.0
1.0
1.0
1.0
1.0
1.0
1.0
1.0
1.0
1.0
1.0
1.0
1.0
1.0
1.0
1.0
1.0
1.0
1.0
1.0
1.0
1.0
1.0
1.0
1.0
1.0
1.0
1.0
1.0
1.0
1.0
1.0
1.0
1.0
1.0
1.0
1.0
1.0
1.0
1.0
1.0
1.0
1.0
1.0
1.0
1.0
1.0
1.0
1.0
1.0
1.0
1.0
1.0
1.0
1.0
1.0
1.0
1.0
1.0
1.0
1.0
1.0
1.0
1.0
1.0
1.0
1.0
1.0
1.0
1.0
1.0
1.0
1.0
1.0
1.0
1.0
1.0
1.0
1.0
1.0
1.0
1.0
1.0
1.0
1.0
1.0
1.0
1.0
1.0
1.0
1.0
1.0
1.0
1.0
1.0
1.0
1.0
1.0
1.0
1.0
1.0
1.0
1.0
1.0
1.0
1.0
1.0
1.0
1.0
1.0
1.0
1.0
1.0
1.0
1.0
1.0
1.0
1.0
1.0
1.0
1.0
1.0
1.0
1.0
1.0
1.0
1.0
1.0
1.0
1.0
1.0
1.0
1.0
1.0
1.0
1.0
1.0
1.0
1.0
1.0
1.0
1.0
1.0
1.0
1.0
1.0
1.0
1.0
1.0
1.0
1.0
1.0
1.0
1.0
1.0
1.0
1.0
1.0
1.0
1.0
1.0
1.0
1.0
1.0
1.0
1.0
1.0
1.0
1.0
1.0
1.0
1.0
1.0
1.0
1.0
1.0
1.0
1.0
1.0
1.0
1.0
1.0
1.0
1.0
1.0
1.0
1.0
1.0
1.0
1.0
1.0
1.0
1.0
1.0
1.0
1.0
1.0
1.0
1.0
1.0
1.0
1.0
1.0
1.0
1.0
1.0
1.0
1.0
1.0
1.0
1.0
1.0
1.0
1.0
1.0
1.0
1.0
1.0
1.0
1.0
1.0
1.0
1.0
1.0
1.0
1.0
1.0
1.0
1.0
1.0
1.0
1.0
1.0
1.0
1.0
1.0
1.0
1.0
1.0
1.0
1.0
1.0
1.0
1.0
1.0
1.0
1.0
1.0
1.0
1.0
1.0
1.0
1.0
1.0
1.0
1.0
1.0
1.0
1.0
1.0
1.0
1.0
1.0
1.0
1.0
1.0
1.0
1.0
1.0
1.0
1.0
1.0
1.0
1.0
1.0
1.0
1.0
1.0
1.0
1.0
1.0
1.0
1.0
1.0
1.0
1.0
1.0
1.0
1.0
1.0
1.0
1.0
1.0
1.0
1.0
1.0
1.0
1.0
1.0
1.0
1.0
1.0
1.0
1.0
1.0
1.0
1.0
1.0
1.0
1.0
1.0
1.0
1.0
1.0
1.0
1.0
1.0
1.0
1.0
1.0
1.0
1.0
1.0
1.0
1.0
1.0
1.0
1.0
1.0
1.0
1.0
1.0
1.0
1.0
1.0
1.0
1.0
1.0
1.0
1.0
1.0
1.0
1.0
1.0
1.0
1.0
1.0
1.0
1.0
1.0
1.0
1.0
1.0
1.0
1.0
1.0
1.0
1.0
1.0
1.0
1.0
1.0
1.0
1.0
1.0
1.0
1.0
1.0
1.0
1.0
1.0
1.0
1.0
1.0
1.0
1.0
1.0
1.0
0.29025641025641025
0.2907692307692308
0.29128205128205126
0.2917948717948718
0.2923076923076923
0.2928205128205128
0.29333333333333333
0.29384615384615387
0.29435897435897435
0.2948717948717949
0.2953846153846154
0.2958974358974359
0.2964102564102564
0.2969230769230769
0.29743589743589743
0.29794871794871797
0.29846153846153844
0.298974358974359
0.2994871794871795
0.3
0.3005128205128205
0.301025641025641
0.30153846153846153
0.30205128205128207
0.30256410256410254
0.3030769230769231
0.3035897435897436
0.3041025641025641
0.3046153846153846
0.30512820512820515
0.30564102564102563
0.30615384615384617
0.30666666666666664
0.3071794871794872
0.3076923076923077
0.3082051282051282
0.3087179487179487
0.30923076923076925
0.30974358974358973
0.31025641025641026
0.31076923076923074
0.3112820512820513
0.3117948717948718
0.3123076923076923
0.3128205128205128
0.31333333333333335
0.31384615384615383
0.31435897435897436
0.3148717948717949
0.3153846153846154
0.3158974358974359
0.3164102564102564
0.3169230769230769
0.31743589743589745
0.31794871794871793
0.31846153846153846
0.318974358974359
0.3194871794871795
0.32
0.32051282051282054
0.321025641025641
0.32153846153846155
0.32205128205128203
0.32256410256410256
0.3230769230769231
0.3235897435897436
0.3241025641025641
0.32461538461538464
0.3251282051282051
0.32564102564102565
0.3261538461538461
0.32666666666666666
0.3271794871794872
0.32769230769230767
0.3282051282051282
0.32871794871794874
0.3292307692307692
0.32974358974358975
0.3302564102564103
0.33076923076923076
0.3312820512820513
0.33179487179487177
0.3323076923076923
0.33282051282051284
0.3333333333333333
0.33384615384615385
0.3343589743589744
0.33487179487179486
0.3353846153846154
0.33589743589743587
0.3364102564102564
0.33692307692307694
0.3374358974358974
0.33794871794871795
0.3384615384615385
0.33897435897435896
0.3394871794871795
0.34
0.3405128205128205
0.34102564102564104
0.3415384615384615
0.34205128205128205
0.3425641025641026
0.34307692307692306
0.3435897435897436
0.3441025641025641
0.3446153846153846
0.34512820512820513
0.34564102564102567
0.34615384615384615
0.3466666666666667
0.34717948717948716
0.3476923076923077
0.3482051282051282
0.3487179487179487
0.34923076923076923
0.34974358974358977
0.35025641025641024
0.3507692307692308
0.35128205128205126
0.3517948717948718
0.3523076923076923
0.3528205128205128
0.35333333333333333
0.35384615384615387
0.35435897435897434
0.3548717948717949
0.3553846153846154
0.3558974358974359
0.3564102564102564
0.3569230769230769
0.35743589743589743
0.35794871794871796
0.35846153846153844
0.358974358974359
0.3594871794871795
0.36
0.3605128205128205
0.36102564102564105
0.36153846153846153
0.36205128205128206
0.36256410256410254
0.3630769230769231
0.3635897435897436
0.3641025641025641
0.3646153846153846
0.36512820512820515
0.36564102564102563
0.36615384615384616
0.36666666666666664
0.3671794871794872
0.3676923076923077
0.3682051282051282
0.3687179487179487
0.36923076923076925
0.36974358974358973
0.37025641025641026
0.3707692307692308
0.3712820512820513
0.3717948717948718
0.3723076923076923
0.3728205128205128
0.37333333333333335
0.37384615384615383
0.37435897435897436
0.3748717948717949
0.37538461538461537
0.3758974358974359
0.3764102564102564
0.3769230769230769
0.37743589743589745
0.3779487179487179
0.37846153846153846
0.378974358974359
0.37948717948717947
0.38
0.38051282051282054
0.381025641025641
0.38153846153846155
0.382051282051282
0.38256410256410256
0.3830769230769231
0.38358974358974357
0.3841025641025641
0.38461538461538464
0.3851282051282051
0.38564102564102565
0.3861538461538462
0.38666666666666666
0.3871794871794872
0.38769230769230767
0.3882051282051282
0.38871794871794874
0.3892307692307692
0.38974358974358975
0.3902564102564103
0.39076923076923076
0.3912820512820513
0.39179487179487177
0.3923076923076923
0.39282051282051283
0.3933333333333333
0.39384615384615385
0.3943589743589744
0.39487179487179486
0.3953846153846154
0.3958974358974359
0.3964102564102564
0.39692307692307693
0.3974358974358974
0.39794871794871794
0.3984615384615385
0.39897435897435896
0.3994871794871795
0.4
0.4005128205128205
0.40102564102564103
0.4015384615384615
0.40205128205128204
0.4025641025641026
0.40307692307692305
0.4035897435897436
0.4041025641025641
0.4046153846153846
0.40512820512820513
0.40564102564102567
0.40615384615384614
0.4066666666666667
0.40717948717948715
0.4076923076923077
0.4082051282051282
0.4087179487179487
0.40923076923076923
0.40974358974358976
0.41025641025641024
0.4107692307692308
0.4112820512820513
0.4117948717948718
0.4123076923076923
0.4128205128205128
0.41333333333333333
0.41384615384615386
0.41435897435897434
0.4148717948717949
0.4153846153846154
0.4158974358974359
0.4164102564102564
0.4169230769230769
0.41743589743589743
0.41794871794871796
0.41846153846153844
0.418974358974359
0.4194871794871795
0.42
0.4205128205128205
0.42102564102564105
0.42153846153846153
0.42205128205128206
0.42256410256410254
0.4230769230769231
0.4235897435897436
0.4241025641025641
0.4246153846153846
0.42512820512820515
0.4256410256410256
0.42615384615384616
0.4266666666666667
0.42717948717948717
0.4276923076923077
0.4282051282051282
0.4287179487179487
0.42923076923076925
0.4297435897435897
0.43025641025641026
0.4307692307692308
0.43128205128205127
0.4317948717948718
0.4323076923076923
0.4328205128205128
0.43333333333333335
0.4338461538461538
0.43435897435897436
0.4348717948717949
0.43538461538461537
0.4358974358974359
0.43641025641025644
0.4369230769230769
0.43743589743589745
0.4379487179487179
0.43846153846153846
0.438974358974359
0.43948717948717947
0.44
0.44051282051282054
0.441025641025641
0.44153846153846155
0.442051282051282
0.44256410256410256
0.4430769230769231
0.44358974358974357
0.4441025641025641
0.44461538461538463
0.4451282051282051
0.44564102564102565
0.4461538461538462
0.44666666666666666
0.4471794871794872
0.44769230769230767
0.4482051282051282
0.44871794871794873
0.4492307692307692
0.44974358974358974
0.4502564102564103
0.45076923076923076
0.4512820512820513
0.4517948717948718
0.4523076923076923
0.45282051282051283
0.4533333333333333
0.45384615384615384
0.4543589743589744
0.45487179487179485
0.4553846153846154
0.4558974358974359
0.4564102564102564
0.45692307692307693
0.4574358974358974
0.45794871794871794
0.4584615384615385
0.45897435897435895
0.4594871794871795
0.46
0.4605128205128205
0.46102564102564103
1.0
1.0
1.0
1.0
1.0
1.0
1.0
1.0
1.0
1.0
1.0
1.0
1.0
1.0
1.0
1.0
1.0
1.0
1.0
1.0
1.0
1.0
1.0
1.0
1.0
1.0
1.0
1.0
1.0
1.0
1.0
1.0
1.0
1.0
1.0
1.0
1.0
1.0
1.0
1.0
1.0
1.0
1.0
1.0
1.0
1.0
1.0
1.0
1.0
1.0
1.0
1.0
1.0
1.0
1.0
1.0
1.0
1.0
1.0
1.0
1.0
1.0
1.0
1.0
1.0
1.0
1.0
1.0
1.0
1.0
1.0
1.0
1.0
1.0
1.0
1.0
1.0
1.0
1.0
1.0
1.0
1.0
1.0
1.0
1.0
1.0
1.0
1.0
1.0
1.0
1.0
1.0
1.0
1.0
1.0
1.0
1.0
1.0
1.0
1.0
1.0
1.0
1.0
1.0
1.0
1.0
1.0
1.0
1.0
1.0
1.0
1.0
1.0
1.0
1.0
1.0
1.0
1.0
1.0
1.0
1.0
1.0
1.0
1.0
1.0
1.0
1.0
1.0
1.0
1.0
1.0
1.0
1.0
1.0
1.0
1.0
1.0
1.0
1.0
1.0
1.0
1.0
1.0
1.0
1.0
1.0
1.0
1.0
1.0
1.0
1.0
1.0
1.0
1.0
1.0
1.0
1.0
1.0
1.0
1.0
1.0
1.0
1.0
1.0
1.0
1.0
1.0
1.0
1.0
1.0
1.0
1.0
1.0
1.0
1.0
1.0
1.0
1.0
1.0
1.0
1.0
1.0
1.0
1.0
1.0
1.0
1.0
1.0
1.0
1.0
1.0
1.0
1.0
1.0
1.0
1.0
1.0
1.0
1.0
1.0
1.0
1.0
1.0
1.0
1.0
1.0
1.0
1.0
1.0
1.0
1.0
1.0
1.0
1.0
1.0
1.0
1.0
1.0
1.0
1.0
1.0
1.0
1.0
1.0
1.0
1.0
1.0
1.0
1.0
1.0
1.0
1.0
1.0
1.0
1.0
1.0
1.0
1.0
1.0
1.0
1.0
1.0
1.0
1.0
1.0
1.0
1.0
1.0
1.0
1.0
1.0
1.0
1.0
1.0
1.0
1.0
1.0
1.0
1.0
1.0
1.0
1.0
1.0
1.0
1.0
1.0
1.0
1.0
1.0
1.0
1.0
1.0
1.0
1.0
1.0
1.0
1.0
1.0
1.0
1.0
1.0
1.0
1.0
1.0
1.0
1.0
1.0
1.0
1.0
1.0
1.0
1.0
1.0
1.0
1.0
1.0
1.0
1.0
1.0
1.0
1.0
1.0
1.0
1.0
1.0
1.0
1.0
1.0
1.0
1.0
1.0
1.0
1.0
1.0
1.0
1.0
1.0
1.0
1.0
1.0
1.0
1.0
1.0
1.0
1.0
1.0
1.0
1.0
1.0
1.0
1.0
1.0
1.0
1.0
1.0
1.0
1.0
1.0
1.0
1.0
1.0
1.0
1.0
1.0
1.0
1.0
1.0
1.0
1.0
1.0
1.0
1.0
1.0
1.0
1.0
1.0
1.0
1.0
1.0
1.0
1.0
1.0
1.0
1.0
1.0
1.0
1.0
1.0
1.0
1.0
1.0
1.0
1.0
1.0
1.0
1.0
1.0
1.0
1.0
1.0
1.0
1.0
1.0
1.0
1.0
1.0
1.0
1.0
1.0
1.0
1.0
1.0
1.0
1.0
1.0
1.0
1.0
1.0
1.0
1.0
1.0
1.0
1.0
1.0
1.0
1.0
1.0
1.0
1.0
1.0
1.0
1.0
1.0
1.0
1.0
1.0
1.0
1.0
1.0
1.0
1.0
1.0
1.0
1.0
1.0
1.0
1.0
1.0
1.0
1.0
1.0
1.0
1.0
1.0
1.0
1.0
1.0
1.0
1.0
1.0
1.0
1.0
1.0
1.0
1.0
1.0
1.0
1.0
1.0
1.0
1.0
1.0
1.0
1.0
1.0
1.0
1.0
1.0
1.0
1.0
1.0
1.0
1.0
1.0
1.0
1.0
1.0
1.0
1.0
1.0
1.0
1.0
1.0
1.0
1.0
1.0
1.0
1.0
1.0
1.0
1.0
1.0
1.0
1.0
1.0
1.0
1.0
1.0
1.0
1.0
1.0
1.0
1.0
1.0
1.0
1.0
1.0
1.0
1.0
1.0
1.0
1.0
1.0
1.0
1.0
1.0
1.0
1.0
1.0
1.0
1.0
1.0
1.0
1.0
1.0
1.0
1.0
1.0
1.0
1.0
1.0
1.0
1.0
1.0
1.0
1.0
1.0
1.0
1.0
1.0
1.0
1.0
1.0
1.0
1.0
1.0
1.0
1.0
1.0
1.0
1.0
1.0
1.0
1.0
1.0
1.0
1.0
1.0
1.0
1.0
1.0
1.0
1.0
1.0
1.0
1.0
1.0
1.0
1.0
1.0
1.0
1.0
1.0
1.0
1.0
0.29025641025641025
0.2907692307692308
0.29128205128205126
0.2917948717948718
0.2923076923076923
0.2928205128205128
0.29333333333333333
0.29384615384615387
0.29435897435897435
0.2948717948717949
0.2953846153846154
0.2958974358974359
0.2964102564102564
0.2969230769230769
0.29743589743589743
0.29794871794871797
0.29846153846153844
0.298974358974359
0.2994871794871795
0.3
0.3005128205128205
0.301025641025641
0.30153846153846153
0.30205128205128207
0.30256410256410254
0.3030769230769231
0.3035897435897436
0.3041025641025641
0.3046153846153846
0.30512820512820515
0.30564102564102563
0.30615384615384617
0.30666666666666664
0.3071794871794872
0.3076923076923077
0.3082051282051282
0.3087179487179487
0.30923076923076925
0.30974358974358973
0.31025641025641026
0.31076923076923074
0.3112820512820513
0.3117948717948718
0.3123076923076923
0.3128205128205128
0.31333333333333335
0.31384615384615383
0.31435897435897436
0.3148717948717949
0.3153846153846154
0.3158974358974359
0.3164102564102564
0.3169230769230769
0.31743589743589745
0.31794871794871793
0.31846153846153846
0.318974358974359
0.3194871794871795
0.32
0.32051282051282054
0.321025641025641
0.32153846153846155
0.32205128205128203
0.32256410256410256
0.3230769230769231
0.3235897435897436
0.3241025641025641
0.32461538461538464
0.3251282051282051
0.32564102564102565
0.3261538461538461
0.32666666666666666
0.3271794871794872
0.32769230769230767
0.3282051282051282
0.32871794871794874
0.3292307692307692
0.32974358974358975
0.3302564102564103
0.33076923076923076
0.3312820512820513
0.33179487179487177
0.3323076923076923
0.33282051282051284
0.3333333333333333
0.33384615384615385
0.3343589743589744
0.33487179487179486
0.3353846153846154
0.33589743589743587
0.3364102564102564
0.33692307692307694
0.3374358974358974
0.33794871794871795
0.3384615384615385
0.33897435897435896
0.3394871794871795
0.34
0.3405128205128205
0.34102564102564104
0.3415384615384615
0.34205128205128205
0.3425641025641026
0.34307692307692306
0.3435897435897436
0.3441025641025641
0.3446153846153846
0.34512820512820513
0.34564102564102567
0.34615384615384615
0.3466666666666667
0.34717948717948716
0.3476923076923077
0.3482051282051282
0.3487179487179487
0.34923076923076923
0.34974358974358977
0.35025641025641024
0.3507692307692308
0.35128205128205126
0.3517948717948718
0.3523076923076923
0.3528205128205128
0.35333333333333333
0.35384615384615387
0.35435897435897434
0.3548717948717949
0.3553846153846154
0.3558974358974359
0.3564102564102564
0.3569230769230769
0.35743589743589743
0.35794871794871796
0.35846153846153844
0.358974358974359
0.3594871794871795
0.36
0.3605128205128205
0.36102564102564105
0.36153846153846153
0.36205128205128206
0.36256410256410254
0.3630769230769231
0.3635897435897436
0.3641025641025641
0.3646153846153846
0.36512820512820515
0.36564102564102563
0.36615384615384616
0.36666666666666664
0.3671794871794872
0.3676923076923077
0.3682051282051282
0.3687179487179487
0.36923076923076925
0.36974358974358973
0.37025641025641026
0.3707692307692308
0.3712820512820513
0.3717948717948718
0.3723076923076923
0.3728205128205128
0.37333333333333335
0.37384615384615383
0.37435897435897436
0.3748717948717949
0.37538461538461537
0.3758974358974359
0.3764102564102564
0.3769230769230769
0.37743589743589745
0.3779487179487179
0.37846153846153846
0.378974358974359
0.37948717948717947
0.38
0.38051282051282054
0.381025641025641
0.38153846153846155
0.382051282051282
0.38256410256410256
0.3830769230769231
0.38358974358974357
0.3841025641025641
0.38461538461538464
0.3851282051282051
0.38564102564102565
0.3861538461538462
0.38666666666666666
0.3871794871794872
0.38769230769230767
0.3882051282051282
0.38871794871794874
0.3892307692307692
0.38974358974358975
0.3902564102564103
0.39076923076923076
0.3912820512820513
0.39179487179487177
0.3923076923076923
0.39282051282051283
0.3933333333333333
0.39384615384615385
0.3943589743589744
0.39487179487179486
0.3953846153846154
0.3958974358974359
0.3964102564102564
0.39692307692307693
0.3974358974358974
0.39794871794871794
0.3984615384615385
0.39897435897435896
0.3994871794871795
0.4
0.4005128205128205
0.40102564102564103
0.4015384615384615
0.40205128205128204
0.4025641025641026
0.40307692307692305
0.4035897435897436
0.4041025641025641
0.4046153846153846
0.40512820512820513
0.40564102564102567
0.40615384615384614
0.4066666666666667
0.40717948717948715
0.4076923076923077
0.4082051282051282
0.4087179487179487
0.40923076923076923
0.40974358974358976
0.41025641025641024
0.4107692307692308
0.4112820512820513
0.4117948717948718
0.4123076923076923
0.4128205128205128
0.41333333333333333
0.41384615384615386
0.41435897435897434
0.4148717948717949
0.4153846153846154
0.4158974358974359
0.4164102564102564
0.4169230769230769
0.41743589743589743
0.41794871794871796
0.41846153846153844
0.418974358974359
0.4194871794871795
0.42
0.4205128205128205
0.42102564102564105
0.42153846153846153
0.42205128205128206
0.42256410256410254
0.4230769230769231
0.4235897435897436
0.4241025641025641
0.4246153846153846
0.42512820512820515
0.4256410256410256
0.42615384615384616
0.4266666666666667
0.42717948717948717
0.4276923076923077
0.4282051282051282
0.4287179487179487
0.42923076923076925
0.4297435897435897
0.43025641025641026
0.4307692307692308
0.43128205128205127
0.4317948717948718
0.4323076923076923
0.4328205128205128
0.43333333333333335
0.4338461538461538
0.43435897435897436
0.4348717948717949
0.43538461538461537
0.4358974358974359
0.43641025641025644
0.4369230769230769
0.43743589743589745
0.4379487179487179
0.43846153846153846
0.438974358974359
0.43948717948717947
0.44
0.44051282051282054
0.441025641025641
0.44153846153846155
0.442051282051282
0.44256410256410256
0.4430769230769231
0.44358974358974357
0.4441025641025641
0.44461538461538463
0.4451282051282051
0.44564102564102565
0.4461538461538462
0.44666666666666666
0.4471794871794872
0.44769230769230767
0.4482051282051282
0.44871794871794873
0.4492307692307692
0.44974358974358974
0.4502564102564103
0.45076923076923076
0.4512820512820513
0.4517948717948718
0.4523076923076923
0.45282051282051283
0.4533333333333333
0.45384615384615384
0.4543589743589744
0.45487179487179485
0.4553846153846154
0.4558974358974359
0.4564102564102564
0.45692307692307693
0.4574358974358974
0.45794871794871794
0.4584615384615385
0.45897435897435895
0.4594871794871795
0.46
0.4605128205128205
0.46102564102564103
