1.0
1.0
1.0
1.0
1.0
1.0
1.0
1.0
1.0
1.0
1.0
1.0
1.0
1.0
1.0
1.0
1.0
1.0
1.0
1.0
1.0
1.0
1.0
1.0
1.0
1.0
1.0
1.0
1.0
1.0
1.0
1.0
1.0
1.0
1.0
1.0
1.0
1.0
1.0
1.0
1.0
1.0
1.0
1.0
1.0
1.0
1.0
1.0
1.0
1.0
1.0
1.0
1.0
1.0
1.0
1.0
1.0
1.0
1.0
0.27906976744186046
0.2824074074074074
0.2857142857142857
0.2889908256880734
0.2922374429223744
0.29545454545454547
0.2986425339366516
0.30180180180180183
0.30493273542600896
0.3080357142857143
0.3111111111111111
0.3141592920353982
0.2962962962962963
0.29918032786885246
0.3020408163265306
0.3048780487804878
0.3076923076923077
0.31048387096774194
0.3132530120481928
0.316
0.3065134099616858
0.30916030534351147
0.311787072243346
0.3143939393939394
0.3169811320754717
0.31954887218045114
0.32209737827715357
0.3246268656716418
0.3271375464684015
0.3296296296296296
0.33210332103321033
0.33455882352941174
0.336996336996337
0.33941605839416056
0.3418181818181818
0.3442028985507246
0.2981366459627329
0.30030959752321984
0.30246913580246915
0.3046153846153846
0.3067484662576687
0.308868501529052
0.31097560975609756
0.3130699088145897
0.3151515151515151
0.31722054380664655
0.3192771084337349
0.311046511627907
0.3130434782608696
0.315028901734104
0.3170028818443804
0.31896551724137934
0.3209169054441261
0.32285714285714284
0.31754874651810583
0.3194444444444444
0.32132963988919666
0.32320441988950277
0.325068870523416
0.3269230769230769
0.3287671232876712
0.33060109289617484
0.33242506811989103
0.3342391304347826
0.33604336043360433
0.33783783783783783
0.33962264150943394
0.34139784946236557
0.34316353887399464
0.3449197860962567
0.3466666666666667
0.3484042553191489
0.3482849604221636
0.35
0.35170603674540685
0.35340314136125656
0.35509138381201044
0.3567708333333333
0.35844155844155845
0.3601036269430052
0.36175710594315247
0.3634020618556701
0.36503856041131105
0.36666666666666664
0.36828644501278773
0.36989795918367346
0.37150127226463103
0.3675
0.3690773067331671
0.3706467661691542
0.37220843672456577
0.37376237623762376
0.37530864197530867
0.3768472906403941
0.3783783783783784
0.3799019607843137
0.38141809290953543
0.3829268292682927
0.3844282238442822
0.3859223300970874
0.387409200968523
0.3888888888888889
0.39036144578313253
0.3918269230769231
0.3932853717026379
0.39473684210526316
0.39618138424821003
0.3976190476190476
0.3990498812351544
0.3498964803312629
0.3512396694214876
0.3525773195876289
0.35390946502057613
0.35523613963039014
0.35655737704918034
0.35787321063394684
0.35918367346938773
0.3604887983706721
0.3617886178861789
0.3630831643002028
0.3643724696356275
0.3656565656565657
0.36693548387096775
0.3682092555331992
0.36947791164658633
0.3714859437751004
0.3727454909819639
0.374
0.37524950099800397
0.37649402390438247
0.37181996086105673
0.37377690802348335
0.37573385518590996
1.0
1.0
1.0
1.0
1.0
1.0
1.0
1.0
1.0
1.0
1.0
1.0
1.0
1.0
1.0
1.0
1.0
1.0
1.0
1.0
1.0
1.0
1.0
1.0
1.0
1.0
1.0
1.0
1.0
1.0
1.0
1.0
1.0
1.0
1.0
1.0
1.0
1.0
1.0
1.0
1.0
1.0
1.0
1.0
1.0
1.0
1.0
1.0
1.0
1.0
1.0
1.0
1.0
1.0
1.0
1.0
1.0
1.0
1.0
0.27906976744186046
0.2824074074074074
0.2857142857142857
0.2889908256880734
0.2922374429223744
0.29545454545454547
0.2986425339366516
0.30180180180180183
0.30493273542600896
0.3080357142857143
0.3111111111111111
0.3141592920353982
0.2962962962962963
0.29918032786885246
0.3020408163265306
0.3048780487804878
0.3076923076923077
0.31048387096774194
0.3132530120481928
0.316
0.3065134099616858
0.30916030534351147
0.311787072243346
0.3143939393939394
0.3169811320754717
0.31954887218045114
0.32209737827715357
0.3246268656716418
0.3271375464684015
0.3296296296296296
0.33210332103321033
0.33455882352941174
0.336996336996337
0.33941605839416056
0.3418181818181818
0.3442028985507246
0.2981366459627329
0.30030959752321984
0.30246913580246915
0.3046153846153846
0.3067484662576687
0.308868501529052
0.31097560975609756
0.3130699088145897
0.3151515151515151
0.31722054380664655
0.3192771084337349
0.311046511627907
0.3130434782608696
0.315028901734104
0.3170028818443804
0.31896551724137934
0.3209169054441261
0.32285714285714284
0.31754874651810583
0.3194444444444444
0.32132963988919666
0.32320441988950277
0.325068870523416
0.3269230769230769
0.3287671232876712
0.33060109289617484
0.33242506811989103
0.3342391304347826
0.33604336043360433
0.33783783783783783
0.33962264150943394
0.34139784946236557
0.34316353887399464
0.3449197860962567
0.3466666666666667
0.3484042553191489
0.3482849604221636
0.35
0.35170603674540685
0.35340314136125656
0.35509138381201044
0.3567708333333333
0.35844155844155845
0.3601036269430052
0.36175710594315247
0.3634020618556701
0.36503856041131105
0.36666666666666664
0.36828644501278773
0.36989795918367346
0.37150127226463103
0.3675
0.3690773067331671
0.3706467661691542
0.37220843672456577
0.37376237623762376
0.37530864197530867
0.3768472906403941
0.3783783783783784
0.3799019607843137
0.38141809290953543
0.3829268292682927
0.3844282238442822
0.3859223300970874
0.387409200968523
0.3888888888888889
0.39036144578313253
0.3918269230769231
0.3932853717026379
0.39473684210526316
0.39618138424821003
0.3976190476190476
0.3990498812351544
0.3498964803312629
0.3512396694214876
0.3525773195876289
0.35390946502057613
0.35523613963039014
0.35655737704918034
0.35787321063394684
0.35918367346938773
0.3604887983706721
0.3617886178861789
0.3630831643002028
0.3643724696356275
0.3656565656565657
0.36693548387096775
0.3682092555331992
0.36947791164658633
0.3714859437751004
0.3727454909819639
0.374
0.37524950099800397
0.37649402390438247
0.37181996086105673
0.37377690802348335
0.37573385518590996
1.0
1.0
1.0
1.0
1.0
1.0
1.0
1.0
1.0
1.0
1.0
1.0
1.0
1.0
1.0
1.0
1.0
1.0
1.0
1.0
1.0
1.0
1.0
1.0
1.0
1.0
1.0
1.0
1.0
1.0
1.0
1.0
1.0
1.0
1.0
1.0
1.0
1.0
1.0
1.0
1.0
1.0
1.0
1.0
1.0
1.0
1.0
1.0
1.0
1.0
1.0
1.0
1.0
1.0
1.0
1.0
1.0
1.0
1.0
1.0
1.0
1.0
1.0
1.0
1.0
1.0
1.0
1.0
1.0
1.0
1.0
1.0
1.0
1.0
1.0
1.0
1.0
1.0
1.0
1.0
1.0
1.0
1.0
1.0
1.0
1.0
1.0
1.0
1.0
1.0
1.0
1.0
1.0
1.0
1.0
1.0
1.0
1.0
1.0
1.0
1.0
1.0
1.0
1.0
1.0
1.0
1.0
1.0
1.0
1.0
1.0
1.0
1.0
1.0
1.0
1.0
1.0
1.0
1.0
1.0
1.0
1.0
1.0
1.0
1.0
1.0
1.0
1.0
1.0
1.0
1.0
1.0
1.0
1.0
1.0
1.0
1.0
1.0
1.0
1.0
1.0
1.0
1.0
1.0
1.0
1.0
1.0
1.0
1.0
1.0
1.0
1.0
1.0
1.0
1.0
1.0
1.0
1.0
1.0
1.0
1.0
1.0
1.0
1.0
1.0
1.0
1.0
1.0
1.0
1.0
1.0
1.0
1.0
1.0
1.0
1.0
1.0
1.0
1.0
1.0
1.0
1.0
1.0
1.0
1.0
1.0
1.0
1.0
1.0
1.0
1.0
1.0
1.0
1.0
1.0
1.0
1.0
1.0
1.0
1.0
1.0
1.0
1.0
1.0
1.0
1.0
1.0
1.0
1.0
1.0
1.0
1.0
1.0
1.0
1.0
1.0
1.0
1.0
1.0
1.0
1.0
1.0
1.0
1.0
1.0
1.0
1.0
1.0
1.0
1.0
1.0
1.0
1.0
1.0
1.0
1.0
1.0
1.0
1.0
1.0
1.0
1.0
1.0
1.0
1.0
1.0
1.0
1.0
0.27906976744186046
0.2824074074074074
0.2857142857142857
0.2889908256880734
0.2922374429223744
0.29545454545454547
0.2986425339366516
0.30180180180180183
0.30493273542600896
0.3080357142857143
0.3111111111111111
0.3141592920353982
0.2962962962962963
0.29918032786885246
0.3020408163265306
0.3048780487804878
0.3076923076923077
0.31048387096774194
0.3132530120481928
0.316
0.3065134099616858
0.30916030534351147
0.311787072243346
0.3143939393939394
0.3169811320754717
0.31954887218045114
0.32209737827715357
0.3246268656716418
0.3271375464684015
0.3296296296296296
0.33210332103321033
0.33455882352941174
0.336996336996337
0.33941605839416056
0.3418181818181818
0.3442028985507246
0.2981366459627329
0.30030959752321984
0.30246913580246915
0.3046153846153846
0.3067484662576687
0.308868501529052
0.31097560975609756
0.3130699088145897
0.3151515151515151
0.31722054380664655
0.3192771084337349
0.311046511627907
0.3130434782608696
0.315028901734104
0.3170028818443804
0.31896551724137934
0.3209169054441261
0.32285714285714284
0.31754874651810583
0.3194444444444444
0.32132963988919666
0.32320441988950277
0.325068870523416
0.3269230769230769
0.3287671232876712
0.33060109289617484
0.33242506811989103
0.3342391304347826
0.33604336043360433
0.33783783783783783
0.33962264150943394
0.34139784946236557
0.34316353887399464
0.3449197860962567
0.3466666666666667
0.3484042553191489
0.3482849604221636
0.35
0.35170603674540685
0.35340314136125656
0.35509138381201044
0.3567708333333333
0.35844155844155845
0.3601036269430052
0.36175710594315247
0.3634020618556701
0.36503856041131105
0.36666666666666664
0.36828644501278773
0.36989795918367346
0.37150127226463103
0.3675
0.3690773067331671
0.3706467661691542
0.37220843672456577
0.37376237623762376
0.37530864197530867
0.3768472906403941
0.3783783783783784
0.3799019607843137
0.38141809290953543
0.3829268292682927
0.3844282238442822
0.3859223300970874
0.387409200968523
0.3888888888888889
0.39036144578313253
0.3918269230769231
0.3932853717026379
0.39473684210526316
0.39618138424821003
0.3976190476190476
0.3990498812351544
0.3498964803312629
0.3512396694214876
0.3525773195876289
0.35390946502057613
0.35523613963039014
0.35655737704918034
0.35787321063394684
0.35918367346938773
0.3604887983706721
0.3617886178861789
0.3630831643002028
0.3643724696356275
0.3656565656565657
0.36693548387096775
0.3682092555331992
0.36947791164658633
0.3714859437751004
0.3727454909819639
0.374
0.37524950099800397
0.37649402390438247
0.37181996086105673
0.37377690802348335
0.37573385518590996
1.0
1.0
1.0
1.0
1.0
1.0
1.0
1.0
1.0
1.0
1.0
1.0
1.0
1.0
1.0
1.0
1.0
1.0
1.0
1.0
1.0
1.0
1.0
1.0
1.0
1.0
1.0
1.0
1.0
1.0
1.0
1.0
1.0
1.0
1.0
1.0
1.0
1.0
1.0
1.0
1.0
1.0
1.0
1.0
1.0
1.0
1.0
1.0
1.0
1.0
1.0
1.0
1.0
1.0
1.0
1.0
1.0
1.0
1.0
0.27906976744186046
0.2824074074074074
0.2857142857142857
0.2889908256880734
0.2922374429223744
0.29545454545454547
0.2986425339366516
0.30180180180180183
0.30493273542600896
0.3080357142857143
0.3111111111111111
0.3141592920353982
0.2962962962962963
0.29918032786885246
0.3020408163265306
0.3048780487804878
0.3076923076923077
0.31048387096774194
0.3132530120481928
0.316
0.3065134099616858
0.30916030534351147
0.311787072243346
0.3143939393939394
0.3169811320754717
0.31954887218045114
0.32209737827715357
0.3246268656716418
0.3271375464684015
0.3296296296296296
0.33210332103321033
0.33455882352941174
0.336996336996337
0.33941605839416056
0.3418181818181818
0.3442028985507246
0.2981366459627329
0.30030959752321984
0.30246913580246915
0.3046153846153846
0.3067484662576687
0.308868501529052
0.31097560975609756
0.3130699088145897
0.3151515151515151
0.31722054380664655
0.3192771084337349
0.311046511627907
0.3130434782608696
0.315028901734104
0.3170028818443804
0.31896551724137934
0.3209169054441261
0.32285714285714284
0.31754874651810583
0.3194444444444444
0.32132963988919666
0.32320441988950277
0.325068870523416
0.3269230769230769
0.3287671232876712
0.33060109289617484
0.33242506811989103
0.3342391304347826
0.33604336043360433
0.33783783783783783
0.33962264150943394
0.34139784946236557
0.34316353887399464
0.3449197860962567
0.3466666666666667
0.3484042553191489
0.3482849604221636
0.35
0.35170603674540685
0.35340314136125656
0.35509138381201044
0.3567708333333333
0.35844155844155845
0.3601036269430052
0.36175710594315247
0.3634020618556701
0.36503856041131105
0.36666666666666664
0.36828644501278773
0.36989795918367346
0.37150127226463103
0.3675
0.3690773067331671
0.3706467661691542
0.37220843672456577
0.37376237623762376
0.37530864197530867
0.3768472906403941
0.3783783783783784
0.3799019607843137
0.38141809290953543
0.3829268292682927
0.3844282238442822
0.3859223300970874
0.387409200968523
0.3888888888888889
0.39036144578313253
0.3918269230769231
0.3932853717026379
0.39473684210526316
0.39618138424821003
0.3976190476190476
0.3990498812351544
0.3498964803312629
0.3512396694214876
0.3525773195876289
0.35390946502057613
0.35523613963039014
0.35655737704918034
0.35787321063394684
0.35918367346938773
0.3604887983706721
0.3617886178861789
0.3630831643002028
0.3643724696356275
0.3656565656565657
0.36693548387096775
0.3682092555331992
0.36947791164658633
0.3714859437751004
0.3727454909819639
0.374
0.37524950099800397
0.37649402390438247
0.37181996086105673
0.37377690802348335
0.37573385518590996
1.0
1.0
1.0
1.0
1.0
1.0
1.0
1.0
1.0
1.0
1.0
1.0
1.0
1.0
1.0
1.0
1.0
1.0
1.0
1.0
1.0
1.0
1.0
1.0
1.0
1.0
1.0
1.0
1.0
1.0
1.0
1.0
1.0
1.0
1.0
1.0
1.0
1.0
1.0
1.0
1.0
1.0
1.0
1.0
1.0
1.0
1.0
1.0
1.0
1.0
1.0
1.0
1.0
1.0
1.0
1.0
1.0
1.0
1.0
1.0
1.0
1.0
1.0
1.0
1.0
1.0
1.0
1.0
1.0
1.0
1.0
1.0
1.0
1.0
1.0
1.0
1.0
1.0
1.0
1.0
1.0
1.0
1.0
1.0
1.0
1.0
1.0
1.0
1.0
1.0
1.0
1.0
1.0
1.0
1.0
1.0
1.0
1.0
1.0
1.0
1.0
1.0
1.0
1.0
1.0
1.0
1.0
1.0
1.0
1.0
1.0
1.0
1.0
1.0
1.0
1.0
1.0
1.0
0.27906976744186046
0.2824074074074074
0.2857142857142857
0.2889908256880734
0.2922374429223744
0.29545454545454547
0.2986425339366516
0.30180180180180183
0.30493273542600896
0.3080357142857143
0.3111111111111111
0.3141592920353982
0.2962962962962963
0.29918032786885246
0.3020408163265306
0.3048780487804878
0.3076923076923077
0.31048387096774194
0.3132530120481928
0.316
0.3065134099616858
0.30916030534351147
0.311787072243346
0.3143939393939394
0.3169811320754717
0.31954887218045114
0.32209737827715357
0.3246268656716418
0.3271375464684015
0.3296296296296296
0.33210332103321033
0.33455882352941174
0.336996336996337
0.33941605839416056
0.3418181818181818
0.3442028985507246
0.2981366459627329
0.30030959752321984
0.30246913580246915
0.3046153846153846
0.3067484662576687
0.308868501529052
0.31097560975609756
0.3130699088145897
0.3151515151515151
0.31722054380664655
0.3192771084337349
0.311046511627907
0.3130434782608696
0.315028901734104
0.3170028818443804
0.31896551724137934
0.3209169054441261
0.32285714285714284
0.31754874651810583
0.3194444444444444
0.32132963988919666
0.32320441988950277
0.325068870523416
0.3269230769230769
0.3287671232876712
0.33060109289617484
0.33242506811989103
0.3342391304347826
0.33604336043360433
0.33783783783783783
0.33962264150943394
0.34139784946236557
0.34316353887399464
0.3449197860962567
0.3466666666666667
0.3484042553191489
0.3482849604221636
0.35
0.35170603674540685
0.35340314136125656
0.35509138381201044
0.3567708333333333
0.35844155844155845
0.3601036269430052
0.36175710594315247
0.3634020618556701
0.36503856041131105
0.36666666666666664
0.36828644501278773
0.36989795918367346
0.37150127226463103
0.3675
0.3690773067331671
0.3706467661691542
0.37220843672456577
0.37376237623762376
0.37530864197530867
0.3768472906403941
0.3783783783783784
0.3799019607843137
0.38141809290953543
0.3829268292682927
0.3844282238442822
0.3859223300970874
0.387409200968523
0.3888888888888889
0.39036144578313253
0.3918269230769231
0.3932853717026379
0.39473684210526316
0.39618138424821003
0.3976190476190476
0.3990498812351544
0.3498964803312629
0.3512396694214876
0.3525773195876289
0.35390946502057613
0.35523613963039014
0.35655737704918034
0.35787321063394684
0.35918367346938773
0.3604887983706721
0.3617886178861789
0.3630831643002028
0.3643724696356275
0.3656565656565657
0.36693548387096775
0.3682092555331992
0.36947791164658633
0.3714859437751004
0.3727454909819639
0.374
0.37524950099800397
0.37649402390438247
0.37181996086105673
0.37377690802348335
0.37573385518590996
