1.0
1.0
1.0
1.0
1.0
1.0
1.0
1.0
1.0
1.0
1.0
1.0
1.0
1.0
1.0
1.0
1.0
1.0
1.0
1.0
1.0
1.0
1.0
1.0
1.0
1.0
1.0
1.0
1.0
1.0
1.0
1.0
1.0
1.0
1.0
1.0
1.0
1.0
1.0
1.0
1.0
1.0
1.0
1.0
1.0
1.0
1.0
1.0
1.0
1.0
1.0
1.0
1.0
1.0
1.0
1.0
1.0
1.0
1.0
1.0
1.0
1.0
1.0
1.0
1.0
1.0
1.0
1.0
1.0
1.0
1.0
1.0
1.0
1.0
1.0
1.0
1.0
1.0
1.0
1.0
1.0
1.0
1.0
1.0
1.0
1.0
1.0
1.0
1.0
1.0
1.0
1.0
1.0
1.0
1.0
1.0
1.0
1.0
1.0
1.0
1.0
1.0
1.0
1.0
1.0
1.0
1.0
1.0
1.0
1.0
1.0
1.0
1.0
1.0
1.0
1.0
1.0
1.0
1.0
1.0
1.0
1.0
0.9609375
0.96875
0.9765625
0.984375
0.9921875
1.0
0.4980694980694981
0.5019305019305019
0.5057915057915058
0.5076923076923077
0.5095785440613027
0.5114503816793893
0.5133079847908745
0.5151515151515151
0.5169811320754717
0.518796992481203
0.5205992509363296
0.5223880597014925
0.5241635687732342
0.5259259259259259
0.5276752767527675
0.5294117647058824
0.5311355311355311
0.5328467153284672
0.5345454545454545
0.5362318840579711
0.5379061371841155
0.539568345323741
0.5412186379928315
0.5428571428571428
0.5444839857651246
0.5460992907801419
0.5477031802120141
0.5492957746478874
0.5508771929824562
0.5524475524475524
0.554006968641115
0.5555555555555556
0.5570934256055363
0.5586206896551724
0.5601374570446735
0.5616438356164384
0.5631399317406144
0.564625850340136
0.5661016949152542
0.5675675675675675
0.569023569023569
0.5704697986577181
0.5738255033557047
0.5771812080536913
0.5805369127516778
0.5838926174496645
0.587248322147651
0.5906040268456376
0.5939597315436241
0.5973154362416108
0.6006711409395973
0.6040268456375839
0.6073825503355704
0.6086956521739131
0.61
0.6112956810631229
0.6125827814569537
0.6158940397350994
0.6171617161716172
0.618421052631579
0.6196721311475409
0.6209150326797386
0.6221498371335505
0.6233766233766234
0.6245954692556634
0.6258064516129033
0.6270096463022508
0.6302250803858521
0.6314102564102564
0.6325878594249201
0.6337579617834395
0.6349206349206349
0.6360759493670886
0.637223974763407
0.6383647798742138
0.6394984326018809
0.640625
0.6417445482866043
0.6428571428571429
0.6439628482972136
0.6450617283950617
0.6461538461538462
0.647239263803681
0.6483180428134556
0.6513761467889908
0.654434250764526
0.6574923547400612
0.6605504587155964
0.6636085626911316
0.6666666666666666
0.6676829268292683
0.668693009118541
0.6696969696969697
0.6727272727272727
0.6757575757575758
0.6787878787878788
0.6818181818181818
0.6848484848484848
0.6858006042296072
0.6867469879518072
0.6876876876876877
0.688622754491018
0.6895522388059702
0.6904761904761905
0.6913946587537092
0.6923076923076923
0.6932153392330384
0.6941176470588235
0.6950146627565983
0.6979472140762464
0.7008797653958945
0.7038123167155426
0.7067448680351907
0.7076023391812866
0.7105263157894737
0.7113702623906706
0.7142857142857143
0.717201166180758
0.7201166180758017
0.7230320699708455
0.7259475218658892
0.7288629737609329
0.7317784256559767
0.7346938775510204
0.7376093294460642
0.7383720930232558
0.7391304347826086
0.7398843930635838
0.7406340057636888
0.7413793103448276
0.7421203438395415
0.7428571428571429
0.7435897435897436
0.7443181818181818
0.7450424929178471
0.7457627118644068
0.7464788732394366
0.7471910112359551
0.75
0.7528089887640449
0.7556179775280899
0.7584269662921348
0.7612359550561798
0.7640449438202247
0.7668539325842697
0.7675070028011205
0.7703081232492998
0.773109243697479
0.7759103641456583
0.7787114845938375
0.7815126050420168
0.7821229050279329
0.7827298050139275
0.7833333333333333
0.7839335180055401
0.7845303867403315
0.787292817679558
0.7878787878787878
0.790633608815427
0.7933884297520661
0.7939560439560439
0.7967032967032966
0.7972602739726027
0.7978142076502732
0.7983651226158038
0.7989130434782609
0.7994579945799458
0.8
0.8005390835579514
0.8010752688172043
0.8016085790884718
0.8021390374331551
0.8026666666666666
0.8031914893617021
0.8037135278514589
0.8042328042328042
0.8047493403693932
0.8052631578947368
0.8057742782152231
0.806282722513089
0.8067885117493473
0.8072916666666666
0.8077922077922078
0.8082901554404145
0.8087855297157622
0.8092783505154639
0.8097686375321337
0.8102564102564103
0.8107416879795396
0.8112244897959183
0.811704834605598
0.8121827411167513
0.8126582278481013
0.8131313131313131
0.8136020151133502
0.8140703517587939
0.8145363408521303
0.815
0.8154613466334164
0.8159203980099502
0.8163771712158809
0.8168316831683168
0.817283950617284
0.8177339901477833
0.8181818181818182
0.8186274509803921
0.8190709046454768
0.8195121951219512
0.8199513381995134
0.8203883495145631
0.8228155339805825
0.8232445520581114
0.8236714975845411
0.8260869565217391
0.8285024154589372
0.8309178743961353
0.8333333333333334
0.8337349397590361
0.8361445783132531
0.8385542168674699
0.8409638554216867
0.8433734939759037
0.84375
0.8441247002398081
0.8465227817745803
0.84688995215311
0.847255369928401
0.8476190476190476
0.8479809976247031
0.8483412322274881
0.8486997635933806
0.8490566037735849
0.8494117647058823
0.8497652582159625
0.8501170960187353
0.8504672897196262
0.8508158508158508
0.8511627906976744
0.851508120649652
0.8518518518518519
0.8521939953810623
0.8525345622119815
0.8528735632183908
0.8532110091743119
0.8535469107551488
0.8538812785388128
0.8542141230068337
0.8545454545454545
0.854875283446712
0.8552036199095022
0.8555304740406321
0.8558558558558559
0.8561797752808988
0.8565022421524664
0.8568232662192393
0.8571428571428571
0.8574610244988864
0.8577777777777778
0.8580931263858093
0.8584070796460177
0.8587196467991169
0.8590308370044053
0.8593406593406593
0.8596491228070176
0.8599562363238512
0.8602620087336245
0.8605664488017429
0.8608695652173913
0.8611713665943601
0.8614718614718615
0.8617710583153347
0.8620689655172413
0.8623655913978494
0.8626609442060086
0.8629550321199143
0.8632478632478633
0.8635394456289979
0.8638297872340426
0.8641188959660298
0.864406779661017
0.864693446088795
0.8649789029535865
0.8652631578947368
0.865546218487395
0.8658280922431866
0.8661087866108786
0.8663883089770354
0.8666666666666667
0.8669438669438669
0.8672199170124482
0.8674948240165632
0.8677685950413223
0.8680412371134021
0.8683127572016461
0.8685831622176592
0.8688524590163934
0.869120654396728
0.8693877551020408
0.869653767820774
0.8699186991869918
0.8701825557809331
0.8704453441295547
0.8707070707070707
0.8709677419354839
0.8712273641851107
0.8714859437751004
0.8717434869739479
0.872
0.872255489021956
0.8725099601593626
0.8727634194831014
0.873015873015873
0.8732673267326733
0.8735177865612648
0.873767258382643
0.8740157480314961
0.8742632612966601
0.8745098039215686
0.8747553816046967
0.875
0.8752436647173489
0.8754863813229572
0.8757281553398059
0.875968992248062
0.8762088974854932
0.8764478764478765
0.8766859344894027
0.8769230769230769
0.8771593090211133
0.8773946360153256
0.8776290630975143
0.8778625954198473
0.878095238095238
0.8783269961977186
0.8785578747628083
0.8787878787878788
0.8790170132325141
0.879245283018868
0.879472693032015
0.8796992481203008
0.8799249530956847
0.8801498127340824
0.8803738317757009
0.8805970149253731
0.8808193668528864
0.8810408921933085
0.8812615955473099
0.8814814814814815
0.8817005545286506
0.8819188191881919
0.8821362799263351
0.8823529411764706
0.8825688073394495
0.8827838827838828
0.8829981718464351
0.8832116788321168
0.8834244080145719
0.8836363636363637
0.8838475499092558
0.8840579710144928
0.8842676311030742
0.8844765342960289
0.8846846846846846
0.8848920863309353
0.8850987432675045
0.8853046594982079
0.8855098389982111
0.8857142857142857
0.8859180035650623
0.8861209964412812
0.8863232682060391
0.8865248226950354
0.8867256637168142
0.8869257950530035
0.8871252204585538
0.8873239436619719
0.8875219683655536
0.887719298245614
0.8879159369527145
0.8881118881118881
0.8883071553228621
0.8885017421602788
0.888695652173913
0.8888888888888888
0.8890814558058926
0.889273356401384
0.8894645941278065
0.8896551724137931
0.8898450946643718
0.8900343642611683
0.8902229845626072
0.8904109589041096
0.8905982905982905
0.8907849829351536
0.8909710391822828
0.891156462585034
0.8913412563667232
0.8915254237288136
0.8917089678510999
0.8918918918918919
0.8920741989881956
0.8922558922558923
0.892436974789916
0.8926174496644296
0.8927973199329984
0.8929765886287625
0.8931552587646077
0.8933333333333333
0.8935108153078203
0.893687707641196
0.8938640132669984
0.8940397350993378
0.8942148760330578
0.8943894389438944
0.8945634266886326
0.8947368421052632
0.8949096880131363
0.8950819672131147
0.8967213114754098
0.898360655737705
0.9
0.9016393442622951
0.9032786885245901
0.9049180327868852
0.9050736497545008
0.9052287581699346
0.9053833605220228
0.9055374592833876
0.9056910569105691
0.9058441558441559
0.9074675324675324
0.9090909090909091
0.9107142857142857
0.9108589951377634
0.9110032362459547
0.912621359223301
0.9142394822006472
0.9158576051779935
0.9174757281553398
0.919093851132686
0.9207119741100324
0.9223300970873787
0.9239482200647249
0.9255663430420712
0.925686591276252
0.9258064516129032
0.9259259259259259
0.9260450160771704
0.9261637239165329
0.9262820512820513
0.9264
0.9265175718849841
0.9266347687400319
0.9267515923566879
0.9268680445151033
0.926984126984127
0.9270998415213946
0.9272151898734177
0.9273301737756714
0.9274447949526814
0.9275590551181102
0.9276729559748428
0.9277864992150706
0.9278996865203761
0.9280125195618153
0.928125
0.9282371294851794
0.9283489096573209
0.9284603421461898
0.9285714285714286
0.9286821705426357
0.9287925696594427
0.9289026275115919
0.9290123456790124
0.9291217257318952
0.9292307692307692
0.9293394777265745
0.9294478527607362
0.9295558958652373
0.9296636085626911
0.9297709923664123
0.9298780487804879
0.9299847792998478
0.9300911854103343
0.9301972685887708
0.9303030303030303
0.9304084720121029
0.9305135951661632
0.9306184012066365
0.9307228915662651
0.9308270676691729
0.9309309309309309
0.9324324324324325
0.933933933933934
0.9354354354354354
0.9355322338830585
0.9356287425149701
0.9357249626307922
0.935820895522388
0.9359165424739195
0.9360119047619048
0.9361069836552749
0.9362017804154302
0.9376854599406528
0.9391691394658753
0.9406528189910979
0.9421364985163204
0.9436201780415431
0.9451038575667656
0.9465875370919882
0.9480712166172107
0.9495548961424333
0.9510385756676558
0.9525222551928784
0.9540059347181009
0.9554896142433235
0.956973293768546
0.9584569732937686
0.9585185185185185
1.0
1.0
1.0
1.0
1.0
1.0
1.0
1.0
1.0
1.0
1.0
1.0
1.0
1.0
1.0
1.0
1.0
1.0
1.0
1.0
1.0
1.0
1.0
1.0
1.0
1.0
1.0
1.0
1.0
1.0
1.0
1.0
1.0
1.0
1.0
1.0
1.0
1.0
1.0
1.0
1.0
1.0
1.0
1.0
1.0
1.0
1.0
1.0
1.0
1.0
1.0
1.0
1.0
1.0
1.0
1.0
1.0
1.0
1.0
1.0
1.0
1.0
1.0
1.0
1.0
1.0
1.0
1.0
1.0
1.0
1.0
1.0
1.0
1.0
1.0
1.0
1.0
1.0
1.0
1.0
1.0
1.0
1.0
1.0
1.0
1.0
1.0
1.0
1.0
1.0
1.0
1.0
1.0
1.0
1.0
1.0
1.0
1.0
1.0
1.0
1.0
1.0
1.0
1.0
1.0
1.0
1.0
1.0
1.0
1.0
1.0
1.0
1.0
1.0
1.0
1.0
1.0
1.0
1.0
1.0
1.0
1.0
0.9609375
0.96875
0.9765625
0.984375
0.9921875
1.0
0.4980694980694981
0.5019305019305019
0.5057915057915058
0.5076923076923077
0.5095785440613027
0.5114503816793893
0.5133079847908745
0.5151515151515151
0.5169811320754717
0.518796992481203
0.5205992509363296
0.5223880597014925
0.5241635687732342
0.5259259259259259
0.5276752767527675
0.5294117647058824
0.5311355311355311
0.5328467153284672
0.5345454545454545
0.5362318840579711
0.5379061371841155
0.539568345323741
0.5412186379928315
0.5428571428571428
0.5444839857651246
0.5460992907801419
0.5477031802120141
0.5492957746478874
0.5508771929824562
0.5524475524475524
0.554006968641115
0.5555555555555556
0.5570934256055363
0.5586206896551724
0.5601374570446735
0.5616438356164384
0.5631399317406144
0.564625850340136
0.5661016949152542
0.5675675675675675
0.569023569023569
0.5704697986577181
0.5738255033557047
0.5771812080536913
0.5805369127516778
0.5838926174496645
0.587248322147651
0.5906040268456376
0.5939597315436241
0.5973154362416108
0.6006711409395973
0.6040268456375839
0.6073825503355704
0.6086956521739131
0.61
0.6112956810631229
0.6125827814569537
0.6158940397350994
0.6171617161716172
0.618421052631579
0.6196721311475409
0.6209150326797386
0.6221498371335505
0.6233766233766234
0.6245954692556634
0.6258064516129033
0.6270096463022508
0.6302250803858521
0.6314102564102564
0.6325878594249201
0.6337579617834395
0.6349206349206349
0.6360759493670886
0.637223974763407
0.6383647798742138
0.6394984326018809
0.640625
0.6417445482866043
0.6428571428571429
0.6439628482972136
0.6450617283950617
0.6461538461538462
0.647239263803681
0.6483180428134556
0.6513761467889908
0.654434250764526
0.6574923547400612
0.6605504587155964
0.6636085626911316
0.6666666666666666
0.6676829268292683
0.668693009118541
0.6696969696969697
0.6727272727272727
0.6757575757575758
0.6787878787878788
0.6818181818181818
0.6848484848484848
0.6858006042296072
0.6867469879518072
0.6876876876876877
0.688622754491018
0.6895522388059702
0.6904761904761905
0.6913946587537092
0.6923076923076923
0.6932153392330384
0.6941176470588235
0.6950146627565983
0.6979472140762464
0.7008797653958945
0.7038123167155426
0.7067448680351907
0.7076023391812866
0.7105263157894737
0.7113702623906706
0.7142857142857143
0.717201166180758
0.7201166180758017
0.7230320699708455
0.7259475218658892
0.7288629737609329
0.7317784256559767
0.7346938775510204
0.7376093294460642
0.7383720930232558
0.7391304347826086
0.7398843930635838
0.7406340057636888
0.7413793103448276
0.7421203438395415
0.7428571428571429
0.7435897435897436
0.7443181818181818
0.7450424929178471
0.7457627118644068
0.7464788732394366
0.7471910112359551
0.75
0.7528089887640449
0.7556179775280899
0.7584269662921348
0.7612359550561798
0.7640449438202247
0.7668539325842697
0.7675070028011205
0.7703081232492998
0.773109243697479
0.7759103641456583
0.7787114845938375
0.7815126050420168
0.7821229050279329
0.7827298050139275
0.7833333333333333
0.7839335180055401
0.7845303867403315
0.787292817679558
0.7878787878787878
0.790633608815427
0.7933884297520661
0.7939560439560439
0.7967032967032966
0.7972602739726027
0.7978142076502732
0.7983651226158038
0.7989130434782609
0.7994579945799458
0.8
0.8005390835579514
0.8010752688172043
0.8016085790884718
0.8021390374331551
0.8026666666666666
0.8031914893617021
0.8037135278514589
0.8042328042328042
0.8047493403693932
0.8052631578947368
0.8057742782152231
0.806282722513089
0.8067885117493473
0.8072916666666666
0.8077922077922078
0.8082901554404145
0.8087855297157622
0.8092783505154639
0.8097686375321337
0.8102564102564103
0.8107416879795396
0.8112244897959183
0.811704834605598
0.8121827411167513
0.8126582278481013
0.8131313131313131
0.8136020151133502
0.8140703517587939
0.8145363408521303
0.815
0.8154613466334164
0.8159203980099502
0.8163771712158809
0.8168316831683168
0.817283950617284
0.8177339901477833
0.8181818181818182
0.8186274509803921
0.8190709046454768
0.8195121951219512
0.8199513381995134
0.8203883495145631
0.8228155339805825
0.8232445520581114
0.8236714975845411
0.8260869565217391
0.8285024154589372
0.8309178743961353
0.8333333333333334
0.8337349397590361
0.8361445783132531
0.8385542168674699
0.8409638554216867
0.8433734939759037
0.84375
0.8441247002398081
0.8465227817745803
0.84688995215311
0.847255369928401
0.8476190476190476
0.8479809976247031
0.8483412322274881
0.8486997635933806
0.8490566037735849
0.8494117647058823
0.8497652582159625
0.8501170960187353
0.8504672897196262
0.8508158508158508
0.8511627906976744
0.851508120649652
0.8518518518518519
0.8521939953810623
0.8525345622119815
0.8528735632183908
0.8532110091743119
0.8535469107551488
0.8538812785388128
0.8542141230068337
0.8545454545454545
0.854875283446712
0.8552036199095022
0.8555304740406321
0.8558558558558559
0.8561797752808988
0.8565022421524664
0.8568232662192393
0.8571428571428571
0.8574610244988864
0.8577777777777778
0.8580931263858093
0.8584070796460177
0.8587196467991169
0.8590308370044053
0.8593406593406593
0.8596491228070176
0.8599562363238512
0.8602620087336245
0.8605664488017429
0.8608695652173913
0.8611713665943601
0.8614718614718615
0.8617710583153347
0.8620689655172413
0.8623655913978494
0.8626609442060086
0.8629550321199143
0.8632478632478633
0.8635394456289979
0.8638297872340426
0.8641188959660298
0.864406779661017
0.864693446088795
0.8649789029535865
0.8652631578947368
0.865546218487395
0.8658280922431866
0.8661087866108786
0.8663883089770354
0.8666666666666667
0.8669438669438669
0.8672199170124482
0.8674948240165632
0.8677685950413223
0.8680412371134021
0.8683127572016461
0.8685831622176592
0.8688524590163934
0.869120654396728
0.8693877551020408
0.869653767820774
0.8699186991869918
0.8701825557809331
0.8704453441295547
0.8707070707070707
0.8709677419354839
0.8712273641851107
0.8714859437751004
0.8717434869739479
0.872
0.872255489021956
0.8725099601593626
0.8727634194831014
0.873015873015873
0.8732673267326733
0.8735177865612648
0.873767258382643
0.8740157480314961
0.8742632612966601
0.8745098039215686
0.8747553816046967
0.875
0.8752436647173489
0.8754863813229572
0.8757281553398059
0.875968992248062
0.8762088974854932
0.8764478764478765
0.8766859344894027
0.8769230769230769
0.8771593090211133
0.8773946360153256
0.8776290630975143
0.8778625954198473
0.878095238095238
0.8783269961977186
0.8785578747628083
0.8787878787878788
0.8790170132325141
0.879245283018868
0.879472693032015
0.8796992481203008
0.8799249530956847
0.8801498127340824
0.8803738317757009
0.8805970149253731
0.8808193668528864
0.8810408921933085
0.8812615955473099
0.8814814814814815
0.8817005545286506
0.8819188191881919
0.8821362799263351
0.8823529411764706
0.8825688073394495
0.8827838827838828
0.8829981718464351
0.8832116788321168
0.8834244080145719
0.8836363636363637
0.8838475499092558
0.8840579710144928
0.8842676311030742
0.8844765342960289
0.8846846846846846
0.8848920863309353
0.8850987432675045
0.8853046594982079
0.8855098389982111
0.8857142857142857
0.8859180035650623
0.8861209964412812
0.8863232682060391
0.8865248226950354
0.8867256637168142
0.8869257950530035
0.8871252204585538
0.8873239436619719
0.8875219683655536
0.887719298245614
0.8879159369527145
0.8881118881118881
0.8883071553228621
0.8885017421602788
0.888695652173913
0.8888888888888888
0.8890814558058926
0.889273356401384
0.8894645941278065
0.8896551724137931
0.8898450946643718
0.8900343642611683
0.8902229845626072
0.8904109589041096
0.8905982905982905
0.8907849829351536
0.8909710391822828
0.891156462585034
0.8913412563667232
0.8915254237288136
0.8917089678510999
0.8918918918918919
0.8920741989881956
0.8922558922558923
0.892436974789916
0.8926174496644296
0.8927973199329984
0.8929765886287625
0.8931552587646077
0.8933333333333333
0.8935108153078203
0.893687707641196
0.8938640132669984
0.8940397350993378
0.8942148760330578
0.8943894389438944
0.8945634266886326
0.8947368421052632
0.8949096880131363
0.8950819672131147
0.8967213114754098
0.898360655737705
0.9
0.9016393442622951
0.9032786885245901
0.9049180327868852
0.9050736497545008
0.9052287581699346
0.9053833605220228
0.9055374592833876
0.9056910569105691
0.9058441558441559
0.9074675324675324
0.9090909090909091
0.9107142857142857
0.9108589951377634
0.9110032362459547
0.912621359223301
0.9142394822006472
0.9158576051779935
0.9174757281553398
0.919093851132686
0.9207119741100324
0.9223300970873787
0.9239482200647249
0.9255663430420712
0.925686591276252
0.9258064516129032
0.9259259259259259
0.9260450160771704
0.9261637239165329
0.9262820512820513
0.9264
0.9265175718849841
0.9266347687400319
0.9267515923566879
0.9268680445151033
0.926984126984127
0.9270998415213946
0.9272151898734177
0.9273301737756714
0.9274447949526814
0.9275590551181102
0.9276729559748428
0.9277864992150706
0.9278996865203761
0.9280125195618153
0.928125
0.9282371294851794
0.9283489096573209
0.9284603421461898
0.9285714285714286
0.9286821705426357
0.9287925696594427
0.9289026275115919
0.9290123456790124
0.9291217257318952
0.9292307692307692
0.9293394777265745
0.9294478527607362
0.9295558958652373
0.9296636085626911
0.9297709923664123
0.9298780487804879
0.9299847792998478
0.9300911854103343
0.9301972685887708
0.9303030303030303
0.9304084720121029
0.9305135951661632
0.9306184012066365
0.9307228915662651
0.9308270676691729
0.9309309309309309
0.9324324324324325
0.933933933933934
0.9354354354354354
0.9355322338830585
0.9356287425149701
0.9357249626307922
0.935820895522388
0.9359165424739195
0.9360119047619048
0.9361069836552749
0.9362017804154302
0.9376854599406528
0.9391691394658753
0.9406528189910979
0.9421364985163204
0.9436201780415431
0.9451038575667656
0.9465875370919882
0.9480712166172107
0.9495548961424333
0.9510385756676558
0.9525222551928784
0.9540059347181009
0.9554896142433235
0.956973293768546
0.9584569732937686
0.9585185185185185
1.0
1.0
1.0
1.0
1.0
1.0
1.0
1.0
1.0
1.0
1.0
1.0
1.0
1.0
1.0
1.0
1.0
1.0
1.0
1.0
1.0
1.0
1.0
1.0
1.0
1.0
1.0
1.0
1.0
1.0
1.0
1.0
1.0
1.0
1.0
1.0
1.0
1.0
1.0
1.0
1.0
1.0
1.0
1.0
1.0
1.0
1.0
1.0
1.0
1.0
1.0
1.0
1.0
1.0
1.0
1.0
1.0
1.0
1.0
1.0
1.0
1.0
1.0
1.0
1.0
1.0
1.0
1.0
1.0
1.0
1.0
1.0
1.0
1.0
1.0
1.0
1.0
1.0
1.0
1.0
1.0
1.0
1.0
1.0
1.0
1.0
1.0
1.0
1.0
1.0
1.0
1.0
1.0
1.0
1.0
1.0
1.0
1.0
1.0
1.0
1.0
1.0
1.0
1.0
1.0
1.0
1.0
1.0
1.0
1.0
1.0
1.0
1.0
1.0
1.0
1.0
1.0
1.0
1.0
1.0
1.0
1.0
0.9609375
0.96875
0.9765625
0.984375
0.9921875
1.0
0.675392670157068
0.680628272251309
0.6858638743455497
0.6875
0.689119170984456
0.6907216494845361
0.6923076923076923
0.6938775510204082
0.6954314720812182
0.696969696969697
0.6984924623115578
0.7
0.7014925373134329
0.7029702970297029
0.7044334975369458
0.7058823529411765
0.7073170731707317
0.7087378640776699
0.7101449275362319
0.7115384615384616
0.7129186602870813
0.7142857142857143
0.7156398104265402
0.7169811320754716
0.7183098591549296
0.719626168224299
0.7209302325581395
0.7222222222222222
0.7235023041474654
0.7247706422018348
0.726027397260274
0.7272727272727273
0.7285067873303167
0.7297297297297297
0.7309417040358744
0.7321428571428571
0.7333333333333333
0.7345132743362832
0.73568281938326
0.7368421052631579
0.7379912663755459
0.7391304347826086
0.7434782608695653
0.7478260869565218
0.7521739130434782
0.7565217391304347
0.7608695652173914
0.7652173913043478
0.7695652173913043
0.7739130434782608
0.7782608695652173
0.782608695652174
0.7869565217391304
0.7878787878787878
0.7887931034482759
0.7896995708154506
0.7905982905982906
0.7948717948717948
0.7957446808510639
0.7966101694915254
0.7974683544303798
0.7983193277310925
0.799163179916318
0.8
0.8008298755186722
0.8016528925619835
0.8024691358024691
0.8065843621399177
0.8073770491803278
0.8081632653061225
0.8089430894308943
0.8097165991902834
0.8104838709677419
0.8112449799196787
0.812
0.8127490039840638
0.8134920634920635
0.8142292490118577
0.8149606299212598
0.8156862745098039
0.81640625
0.8171206225680934
0.8178294573643411
0.8185328185328186
0.8223938223938224
0.8262548262548263
0.8301158301158301
0.833976833976834
0.8378378378378378
0.8416988416988417
0.8423076923076923
0.842911877394636
0.8435114503816794
0.8473282442748091
0.851145038167939
0.8549618320610687
0.8587786259541985
0.8625954198473282
0.8631178707224335
0.8636363636363636
0.8641509433962264
0.8646616541353384
0.8651685393258427
0.8656716417910447
0.8661710037174721
0.8666666666666667
0.8671586715867159
0.8676470588235294
0.8681318681318682
0.8717948717948718
0.8754578754578755
0.8791208791208791
0.8827838827838828
0.8832116788321168
0.8868613138686131
0.8872727272727273
0.8909090909090909
0.8945454545454545
0.8981818181818182
0.9018181818181819
0.9054545454545454
0.9090909090909091
0.9127272727272727
0.9163636363636364
0.92
0.9202898550724637
0.9205776173285198
0.920863309352518
0.921146953405018
0.9214285714285714
0.9217081850533808
0.9219858156028369
0.9222614840989399
0.9225352112676056
0.9228070175438596
0.9230769230769231
0.9233449477351916
0.9236111111111112
0.9270833333333334
0.9305555555555556
0.9340277777777778
0.9375
0.9409722222222222
0.9444444444444444
0.9254237288135593
0.9288135593220339
0.9322033898305084
0.9355932203389831
0.9389830508474576
0.9391891891891891
0.9393939393939394
0.9395973154362416
0.939799331103679
0.94
0.9433333333333334
0.9435215946843853
0.946843853820598
0.9438943894389439
0.944078947368421
0.9473684210526315
0.9475409836065574
0.9477124183006536
0.9478827361563518
0.948051948051948
0.948220064724919
0.9483870967741935
0.9485530546623794
0.9487179487179487
0.9488817891373802
0.9490445859872612
0.9492063492063492
0.9493670886075949
0.9495268138801262
0.949685534591195
0.9498432601880877
0.95
0.9501557632398754
0.9503105590062112
0.9504643962848297
0.9506172839506173
0.9507692307692308
0.950920245398773
0.9510703363914373
0.9512195121951219
0.9513677811550152
0.9515151515151515
0.9516616314199395
0.9518072289156626
0.9519519519519519
0.9520958083832335
0.9522388059701492
0.9523809523809523
0.9525222551928784
0.9526627218934911
0.9528023598820059
0.9529411764705882
0.9530791788856305
0.9532163742690059
0.9533527696793003
0.9534883720930233
0.9536231884057971
0.953757225433526
0.9538904899135446
0.9540229885057471
0.9541547277936963
0.9542857142857143
0.9544159544159544
0.9545454545454546
0.9157608695652174
0.9184782608695652
0.9211956521739131
0.9239130434782609
0.924119241192412
0.9243243243243243
0.9245283018867925
0.9247311827956989
0.9249329758713136
0.9251336898395722
0.9278074866310161
0.93048128342246
0.9306666666666666
0.9308510638297872
0.9310344827586207
0.9312169312169312
0.9313984168865436
0.9340369393139841
0.9342105263157895
0.9343832020997376
0.937007874015748
0.9396325459317585
0.9422572178477691
0.9448818897637795
0.94750656167979
0.9501312335958005
0.952755905511811
0.9553805774278216
0.958005249343832
0.9581151832460733
0.95822454308094
0.9583333333333334
0.9584415584415584
0.8958837772397095
0.8983050847457628
0.8985507246376812
0.8987951807228916
0.8990384615384616
0.8992805755395683
0.8995215311004785
0.8997613365155132
0.9021479713603818
0.9045346062052506
0.9069212410501193
0.9093078758949881
0.9116945107398569
0.9140811455847255
0.9164677804295943
0.918854415274463
0.9212410501193318
0.9236276849642004
0.9260143198090692
0.9284009546539379
0.9307875894988067
0.9331742243436754
0.9158878504672897
0.9182242990654206
0.9205607476635514
0.9228971962616822
0.9230769230769231
0.9232558139534883
0.9234338747099768
0.925754060324826
0.9280742459396751
0.9282407407407407
0.9284064665127021
0.9285714285714286
0.9287356321839081
0.9288990825688074
0.9290617848970252
0.9292237442922374
0.929384965831435
0.9295454545454546
0.9297052154195011
0.9298642533936652
0.9300225733634312
0.9301801801801802
0.9303370786516854
0.9304932735426009
0.930648769574944
0.9308035714285714
0.9309576837416481
0.9311111111111111
0.9312638580931264
0.9314159292035398
0.9315673289183223
0.9317180616740088
0.9318681318681319
0.9320175438596491
0.9321663019693655
0.9323144104803494
0.9324618736383442
0.9326086956521739
0.9327548806941431
0.9329004329004329
0.9330453563714903
0.9331896551724138
0.9333333333333333
0.9334763948497854
0.9336188436830836
0.9337606837606838
0.9339019189765458
0.9340425531914893
0.9341825902335457
0.934322033898305
0.9344608879492601
0.9345991561181435
0.9347368421052632
0.9348739495798319
0.9350104821802935
0.9351464435146444
0.9352818371607515
0.9354166666666667
0.9355509355509356
0.9356846473029046
0.9358178053830227
0.9359504132231405
0.9360824742268041
0.9362139917695473
0.9363449691991786
0.9364754098360656
0.9366053169734151
0.936734693877551
0.9368635437881874
0.9369918699186992
0.9371196754563894
0.937246963562753
0.9373737373737374
0.9375
0.937625754527163
0.9377510040160643
0.9378757515030061
0.938
0.93812375249501
0.9382470119521913
0.9383697813121272
0.9384920634920635
0.9386138613861386
0.9387351778656127
0.9388560157790927
0.9389763779527559
0.9390962671905697
0.9392156862745098
0.9393346379647749
0.939453125
0.9395711500974658
0.9396887159533074
0.9398058252427185
0.939922480620155
0.9400386847195358
0.9401544401544402
0.9402697495183044
0.9403846153846154
0.9404990403071017
0.9406130268199234
0.9407265774378585
0.9408396946564885
0.940952380952381
0.94106463878327
0.9411764705882353
0.9412878787878788
0.941398865784499
0.9415094339622642
0.9416195856873822
0.9417293233082706
0.9418386491557224
0.9419475655430711
0.9420560747663551
0.9421641791044776
0.9422718808193669
0.9423791821561338
0.9424860853432282
0.9425925925925925
0.9426987060998152
0.9428044280442804
0.9429097605893186
0.9430147058823529
0.9431192660550459
0.9432234432234432
0.943327239488117
0.9434306569343066
0.9435336976320583
0.9436363636363636
0.9437386569872959
0.9438405797101449
0.9439421338155516
0.944043321299639
0.9441441441441442
0.9442446043165468
0.9443447037701975
0.9444444444444444
0.9445438282647585
0.9446428571428571
0.9447415329768271
0.9448398576512456
0.9449378330373002
0.9450354609929078
0.9451327433628318
0.9452296819787986
0.9453262786596119
0.9454225352112676
0.945518453427065
0.9456140350877194
0.9457092819614711
0.9458041958041958
0.9458987783595113
0.945993031358885
0.9460869565217391
0.9461805555555556
0.9462738301559792
0.9463667820069204
0.9464594127806563
0.946551724137931
0.9466437177280551
0.9467353951890034
0.9468267581475128
0.946917808219178
0.947008547008547
0.947098976109215
0.9471890971039182
0.9472789115646258
0.9473684210526315
0.9474576271186441
0.9475465313028765
0.9476351351351351
0.9477234401349073
0.9478114478114478
0.9478991596638655
0.947986577181208
0.948073701842546
0.9481605351170569
0.9482470784641068
0.9483333333333334
0.9484193011647255
0.9485049833887044
0.9485903814262023
0.9486754966887417
0.9487603305785124
0.9488448844884488
0.9489291598023064
0.9490131578947368
0.9490968801313628
0.9491803278688524
0.9492635024549918
0.9493464052287581
0.9494290375203915
0.9495114006514658
0.9495934959349593
0.9496753246753247
0.9497568881685575
0.9498381877022654
0.9499192245557351
0.95
0.9500805152979066
0.9501607717041801
0.9502407704654896
0.9518459069020867
0.9534510433386838
0.9535256410256411
0.9536
0.9536741214057508
0.9537480063795853
0.9538216560509554
0.9538950715421304
0.953968253968254
0.9540412044374009
0.9541139240506329
0.9541864139020537
0.9542586750788643
0.9543307086614173
0.9544025157232704
0.9544740973312402
0.9545454545454546
0.9546165884194053
0.9546875
0.9547581903276131
0.9548286604361371
0.9548989113530326
0.9549689440993789
0.9550387596899225
0.955108359133127
0.955177743431221
0.9552469135802469
0.9553158705701078
0.9553846153846154
0.9554531490015361
0.9555214723926381
0.9555895865237366
0.9556574923547401
0.9557251908396946
0.9557926829268293
0.9558599695585996
0.9559270516717325
0.9559939301972686
0.956060606060606
0.9561270801815431
0.9561933534743202
0.9562594268476622
0.9563253012048193
0.956390977443609
0.9564564564564565
0.9565217391304348
0.9565868263473054
0.9566517189835575
0.9567164179104478
0.9567809239940388
0.9582712369597616
0.9583333333333334
0.9583952451708767
1.0
1.0
1.0
1.0
1.0
1.0
1.0
1.0
1.0
1.0
1.0
1.0
1.0
1.0
1.0
1.0
1.0
1.0
1.0
1.0
1.0
1.0
1.0
1.0
1.0
1.0
1.0
1.0
1.0
1.0
1.0
1.0
1.0
1.0
1.0
1.0
1.0
1.0
1.0
1.0
1.0
1.0
1.0
1.0
1.0
1.0
1.0
1.0
1.0
1.0
1.0
1.0
1.0
1.0
1.0
1.0
1.0
1.0
1.0
1.0
1.0
1.0
1.0
1.0
1.0
1.0
1.0
1.0
1.0
1.0
1.0
1.0
1.0
1.0
1.0
1.0
1.0
1.0
1.0
1.0
1.0
1.0
1.0
1.0
1.0
1.0
1.0
1.0
1.0
1.0
1.0
1.0
1.0
1.0
1.0
1.0
1.0
1.0
1.0
1.0
1.0
1.0
1.0
1.0
1.0
1.0
1.0
1.0
1.0
1.0
1.0
1.0
1.0
1.0
1.0
1.0
1.0
1.0
1.0
1.0
1.0
1.0
0.9609375
0.96875
0.9765625
0.984375
0.9921875
1.0
0.675392670157068
0.680628272251309
0.6858638743455497
0.6875
0.689119170984456
0.6907216494845361
0.6923076923076923
0.6938775510204082
0.6954314720812182
0.696969696969697
0.6984924623115578
0.7
0.7014925373134329
0.7029702970297029
0.7044334975369458
0.7058823529411765
0.7073170731707317
0.7087378640776699
0.7101449275362319
0.7115384615384616
0.7129186602870813
0.7142857142857143
0.7156398104265402
0.7169811320754716
0.7183098591549296
0.719626168224299
0.7209302325581395
0.7222222222222222
0.7235023041474654
0.7247706422018348
0.726027397260274
0.7272727272727273
0.7285067873303167
0.7297297297297297
0.7309417040358744
0.7321428571428571
0.7333333333333333
0.7345132743362832
0.73568281938326
0.7368421052631579
0.7379912663755459
0.7391304347826086
0.7434782608695653
0.7478260869565218
0.7521739130434782
0.7565217391304347
0.7608695652173914
0.7652173913043478
0.7695652173913043
0.7739130434782608
0.7782608695652173
0.782608695652174
0.7869565217391304
0.7878787878787878
0.7887931034482759
0.7896995708154506
0.7905982905982906
0.7948717948717948
0.7957446808510639
0.7966101694915254
0.7974683544303798
0.7983193277310925
0.799163179916318
0.8
0.8008298755186722
0.8016528925619835
0.8024691358024691
0.8065843621399177
0.8073770491803278
0.8081632653061225
0.8089430894308943
0.8097165991902834
0.8104838709677419
0.8112449799196787
0.812
0.8127490039840638
0.8134920634920635
0.8142292490118577
0.8149606299212598
0.8156862745098039
0.81640625
0.8171206225680934
0.8178294573643411
0.8185328185328186
0.8223938223938224
0.8262548262548263
0.8301158301158301
0.833976833976834
0.8378378378378378
0.8416988416988417
0.8423076923076923
0.842911877394636
0.8435114503816794
0.8473282442748091
0.851145038167939
0.8549618320610687
0.8587786259541985
0.8625954198473282
0.8631178707224335
0.8636363636363636
0.8641509433962264
0.8646616541353384
0.8651685393258427
0.8656716417910447
0.8661710037174721
0.8666666666666667
0.8671586715867159
0.8676470588235294
0.8681318681318682
0.8717948717948718
0.8754578754578755
0.8791208791208791
0.8827838827838828
0.8832116788321168
0.8868613138686131
0.8872727272727273
0.8909090909090909
0.8945454545454545
0.8981818181818182
0.9018181818181819
0.9054545454545454
0.9090909090909091
0.9127272727272727
0.9163636363636364
0.92
0.9202898550724637
0.9205776173285198
0.920863309352518
0.921146953405018
0.9214285714285714
0.9217081850533808
0.9219858156028369
0.9222614840989399
0.9225352112676056
0.9228070175438596
0.9230769230769231
0.9233449477351916
0.9236111111111112
0.9270833333333334
0.9305555555555556
0.9340277777777778
0.9375
0.9409722222222222
0.9444444444444444
0.9254237288135593
0.9288135593220339
0.9322033898305084
0.9355932203389831
0.9389830508474576
0.9391891891891891
0.9393939393939394
0.9395973154362416
0.939799331103679
0.94
0.9433333333333334
0.9435215946843853
0.946843853820598
0.9438943894389439
0.944078947368421
0.9473684210526315
0.9475409836065574
0.9477124183006536
0.9478827361563518
0.948051948051948
0.948220064724919
0.9483870967741935
0.9485530546623794
0.9487179487179487
0.9488817891373802
0.9490445859872612
0.9492063492063492
0.9493670886075949
0.9495268138801262
0.949685534591195
0.9498432601880877
0.95
0.9501557632398754
0.9503105590062112
0.9504643962848297
0.9506172839506173
0.9507692307692308
0.950920245398773
0.9510703363914373
0.9512195121951219
0.9513677811550152
0.9515151515151515
0.9516616314199395
0.9518072289156626
0.9519519519519519
0.9520958083832335
0.9522388059701492
0.9523809523809523
0.9525222551928784
0.9526627218934911
0.9528023598820059
0.9529411764705882
0.9530791788856305
0.9532163742690059
0.9533527696793003
0.9534883720930233
0.9536231884057971
0.953757225433526
0.9538904899135446
0.9540229885057471
0.9541547277936963
0.9542857142857143
0.9544159544159544
0.9545454545454546
0.9157608695652174
0.9184782608695652
0.9211956521739131
0.9239130434782609
0.924119241192412
0.9243243243243243
0.9245283018867925
0.9247311827956989
0.9249329758713136
0.9251336898395722
0.9278074866310161
0.93048128342246
0.9306666666666666
0.9308510638297872
0.9310344827586207
0.9312169312169312
0.9313984168865436
0.9340369393139841
0.9342105263157895
0.9343832020997376
0.937007874015748
0.9396325459317585
0.9422572178477691
0.9448818897637795
0.94750656167979
0.9501312335958005
0.952755905511811
0.9553805774278216
0.958005249343832
0.9581151832460733
0.95822454308094
0.9583333333333334
0.9584415584415584
0.8958837772397095
0.8983050847457628
0.8985507246376812
0.8987951807228916
0.8990384615384616
0.8992805755395683
0.8995215311004785
0.8997613365155132
0.9021479713603818
0.9045346062052506
0.9069212410501193
0.9093078758949881
0.9116945107398569
0.9140811455847255
0.9164677804295943
0.918854415274463
0.9212410501193318
0.9236276849642004
0.9260143198090692
0.9284009546539379
0.9307875894988067
0.9331742243436754
0.9158878504672897
0.9182242990654206
0.9205607476635514
0.9228971962616822
0.9230769230769231
0.9232558139534883
0.9234338747099768
0.925754060324826
0.9280742459396751
0.9282407407407407
0.9284064665127021
0.9285714285714286
0.9287356321839081
0.9288990825688074
0.9290617848970252
0.9292237442922374
0.929384965831435
0.9295454545454546
0.9297052154195011
0.9298642533936652
0.9300225733634312
0.9301801801801802
0.9303370786516854
0.9304932735426009
0.930648769574944
0.9308035714285714
0.9309576837416481
0.9311111111111111
0.9312638580931264
0.9314159292035398
0.9315673289183223
0.9317180616740088
0.9318681318681319
0.9320175438596491
0.9321663019693655
0.9323144104803494
0.9324618736383442
0.9326086956521739
0.9327548806941431
0.9329004329004329
0.9330453563714903
0.9331896551724138
0.9333333333333333
0.9334763948497854
0.9336188436830836
0.9337606837606838
0.9339019189765458
0.9340425531914893
0.9341825902335457
0.934322033898305
0.9344608879492601
0.9345991561181435
0.9347368421052632
0.9348739495798319
0.9350104821802935
0.9351464435146444
0.9352818371607515
0.9354166666666667
0.9355509355509356
0.9356846473029046
0.9358178053830227
0.9359504132231405
0.9360824742268041
0.9362139917695473
0.9363449691991786
0.9364754098360656
0.9366053169734151
0.936734693877551
0.9368635437881874
0.9369918699186992
0.9371196754563894
0.937246963562753
0.9373737373737374
0.9375
0.937625754527163
0.9377510040160643
0.9378757515030061
0.938
0.93812375249501
0.9382470119521913
0.9383697813121272
0.9384920634920635
0.9386138613861386
0.9387351778656127
0.9388560157790927
0.9389763779527559
0.9390962671905697
0.9392156862745098
0.9393346379647749
0.939453125
0.9395711500974658
0.9396887159533074
0.9398058252427185
0.939922480620155
0.9400386847195358
0.9401544401544402
0.9402697495183044
0.9403846153846154
0.9404990403071017
0.9406130268199234
0.9407265774378585
0.9408396946564885
0.940952380952381
0.94106463878327
0.9411764705882353
0.9412878787878788
0.941398865784499
0.9415094339622642
0.9416195856873822
0.9417293233082706
0.9418386491557224
0.9419475655430711
0.9420560747663551
0.9421641791044776
0.9422718808193669
0.9423791821561338
0.9424860853432282
0.9425925925925925
0.9426987060998152
0.9428044280442804
0.9429097605893186
0.9430147058823529
0.9431192660550459
0.9432234432234432
0.943327239488117
0.9434306569343066
0.9435336976320583
0.9436363636363636
0.9437386569872959
0.9438405797101449
0.9439421338155516
0.944043321299639
0.9441441441441442
0.9442446043165468
0.9443447037701975
0.9444444444444444
0.9445438282647585
0.9446428571428571
0.9447415329768271
0.9448398576512456
0.9449378330373002
0.9450354609929078
0.9451327433628318
0.9452296819787986
0.9453262786596119
0.9454225352112676
0.945518453427065
0.9456140350877194
0.9457092819614711
0.9458041958041958
0.9458987783595113
0.945993031358885
0.9460869565217391
0.9461805555555556
0.9462738301559792
0.9463667820069204
0.9464594127806563
0.946551724137931
0.9466437177280551
0.9467353951890034
0.9468267581475128
0.946917808219178
0.947008547008547
0.947098976109215
0.9471890971039182
0.9472789115646258
0.9473684210526315
0.9474576271186441
0.9475465313028765
0.9476351351351351
0.9477234401349073
0.9478114478114478
0.9478991596638655
0.947986577181208
0.948073701842546
0.9481605351170569
0.9482470784641068
0.9483333333333334
0.9484193011647255
0.9485049833887044
0.9485903814262023
0.9486754966887417
0.9487603305785124
0.9488448844884488
0.9489291598023064
0.9490131578947368
0.9490968801313628
0.9491803278688524
0.9492635024549918
0.9493464052287581
0.9494290375203915
0.9495114006514658
0.9495934959349593
0.9496753246753247
0.9497568881685575
0.9498381877022654
0.9499192245557351
0.95
0.9500805152979066
0.9501607717041801
0.9502407704654896
0.9518459069020867
0.9534510433386838
0.9535256410256411
0.9536
0.9536741214057508
0.9537480063795853
0.9538216560509554
0.9538950715421304
0.953968253968254
0.9540412044374009
0.9541139240506329
0.9541864139020537
0.9542586750788643
0.9543307086614173
0.9544025157232704
0.9544740973312402
0.9545454545454546
0.9546165884194053
0.9546875
0.9547581903276131
0.9548286604361371
0.9548989113530326
0.9549689440993789
0.9550387596899225
0.955108359133127
0.955177743431221
0.9552469135802469
0.9553158705701078
0.9553846153846154
0.9554531490015361
0.9555214723926381
0.9555895865237366
0.9556574923547401
0.9557251908396946
0.9557926829268293
0.9558599695585996
0.9559270516717325
0.9559939301972686
0.956060606060606
0.9561270801815431
0.9561933534743202
0.9562594268476622
0.9563253012048193
0.956390977443609
0.9564564564564565
0.9565217391304348
0.9565868263473054
0.9566517189835575
0.9567164179104478
0.9567809239940388
0.9582712369597616
0.9583333333333334
0.9583952451708767
1.0
1.0
1.0
1.0
1.0
1.0
1.0
1.0
1.0
1.0
1.0
1.0
1.0
1.0
1.0
1.0
1.0
1.0
1.0
1.0
1.0
1.0
1.0
1.0
1.0
1.0
1.0
1.0
1.0
1.0
1.0
1.0
1.0
1.0
1.0
1.0
1.0
1.0
1.0
1.0
1.0
1.0
1.0
1.0
1.0
1.0
1.0
1.0
1.0
1.0
1.0
1.0
1.0
1.0
1.0
1.0
1.0
1.0
1.0
1.0
1.0
1.0
1.0
1.0
1.0
1.0
1.0
1.0
1.0
1.0
1.0
1.0
1.0
1.0
1.0
1.0
1.0
1.0
1.0
1.0
1.0
1.0
1.0
1.0
1.0
1.0
1.0
1.0
1.0
1.0
1.0
1.0
1.0
1.0
1.0
1.0
1.0
1.0
1.0
1.0
1.0
1.0
1.0
1.0
1.0
1.0
1.0
1.0
1.0
1.0
1.0
1.0
1.0
1.0
1.0
1.0
1.0
1.0
1.0
1.0
1.0
1.0
0.9389312977099237
0.9465648854961832
0.9541984732824428
0.9618320610687023
0.9694656488549618
0.9770992366412213
0.9847328244274809
0.9923664122137404
1.0
1.0
1.0
1.0
1.0
1.0
1.0
1.0
1.0
1.0
1.0
1.0
1.0
1.0
1.0
1.0
1.0
1.0
1.0
1.0
1.0
1.0
1.0
1.0
1.0
1.0
1.0
1.0
1.0
1.0
1.0
1.0
1.0
1.0
1.0
1.0
1.0
1.0
1.0
1.0
1.0
1.0
1.0
1.0
1.0
1.0
1.0
1.0
1.0
1.0
1.0
1.0
1.0
1.0
1.0
1.0
1.0
1.0
1.0
1.0
1.0
1.0
1.0
1.0
1.0
1.0
1.0
1.0
1.0
1.0
1.0
1.0
1.0
1.0
1.0
1.0
1.0
1.0
1.0
1.0
1.0
1.0
1.0
1.0
1.0
1.0
1.0
1.0
1.0
1.0
1.0
1.0
1.0
1.0
1.0
1.0
1.0
1.0
1.0
1.0
1.0
1.0
1.0
1.0
1.0
1.0
1.0
1.0
1.0
1.0
1.0
1.0
1.0
1.0
1.0
1.0
1.0
1.0
1.0
1.0
1.0
1.0
1.0
0.9609375
0.96875
0.9765625
0.984375
0.9921875
1.0
0.9923076923076923
0.9923664122137404
0.9924242424242424
1.0
1.0
1.0
1.0
1.0
1.0
1.0
1.0
1.0
1.0
1.0
1.0
1.0
1.0
1.0
1.0
1.0
1.0
1.0
1.0
1.0
1.0
1.0
1.0
1.0
1.0
1.0
1.0
1.0
1.0
1.0
1.0
1.0
1.0
1.0
1.0
1.0
1.0
1.0
1.0
1.0
1.0
1.0
1.0
1.0
1.0
1.0
1.0
1.0
1.0
0.5870967741935483
0.5903225806451613
0.5935483870967742
0.5967741935483871
0.6
0.603225806451613
0.6064516129032258
0.6096774193548387
0.6109324758842444
0.6141479099678456
0.6153846153846154
0.6166134185303515
0.6198083067092651
0.6210191082802548
0.6242038216560509
0.6273885350318471
0.6305732484076433
0.6337579617834395
0.6369426751592356
0.6401273885350318
0.643312101910828
0.6464968152866242
0.6496815286624203
0.6528662420382165
0.6560509554140127
0.6592356687898089
0.6624203821656051
0.6656050955414012
0.6687898089171974
0.6719745222929936
0.6751592356687898
0.678343949044586
0.6815286624203821
0.6825396825396826
0.6835443037974683
0.6845425867507886
0.6855345911949685
0.6865203761755486
0.6875
0.6884735202492211
0.6894409937888198
0.6904024767801857
0.691358024691358
0.6923076923076923
0.6932515337423313
0.6941896024464832
0.6951219512195121
0.6960486322188449
0.696969696969697
0.6978851963746223
0.6987951807228916
0.6996996996996997
0.7005988023952096
0.7014925373134329
0.7023809523809523
0.7032640949554896
0.7041420118343196
0.7050147492625368
0.7058823529411765
0.7067448680351907
0.7076023391812866
0.7084548104956269
0.7093023255813954
0.7101449275362319
0.7109826589595376
0.7118155619596542
0.7126436781609196
0.7134670487106017
0.7142857142857143
0.7150997150997151
0.7159090909090909
0.71671388101983
0.7195467422096318
0.7223796033994334
0.7252124645892352
0.7280453257790368
0.7308781869688386
0.7337110481586402
0.7365439093484419
0.7393767705382436
0.7422096317280453
0.7450424929178471
0.7478753541076487
0.748587570621469
0.7492957746478873
0.75
0.7507002801120448
0.7535014005602241
0.7541899441340782
0.754874651810585
0.7555555555555555
0.7562326869806094
0.7569060773480663
0.7575757575757576
0.7582417582417582
0.7589041095890411
0.7595628415300546
0.7622950819672131
0.7629427792915532
0.7635869565217391
0.7642276422764228
0.7648648648648648
0.7654986522911051
0.7661290322580645
0.7667560321715817
0.767379679144385
0.768
0.7686170212765957
0.7692307692307693
0.7698412698412699
0.7704485488126649
0.7710526315789473
0.7716535433070866
0.7722513089005235
0.774869109947644
0.7774869109947644
0.7801047120418848
0.7827225130890052
0.7853403141361257
0.7879581151832461
0.7885117493472585
0.7890625
0.7896103896103897
0.7922077922077922
0.7948051948051948
0.7974025974025974
0.8
0.8025974025974026
0.8031088082901554
0.8036175710594315
0.8041237113402062
0.8046272493573264
0.8051282051282052
0.8056265984654731
0.8061224489795918
0.806615776081425
0.8071065989847716
0.8075949367088607
0.8080808080808081
0.8106060606060606
0.8131313131313131
0.8156565656565656
0.8181818181818182
0.818639798488665
0.8211586901763224
0.821608040201005
0.8241206030150754
0.8266331658291457
0.8291457286432161
0.8316582914572864
0.8341708542713567
0.8366834170854272
0.8391959798994975
0.8417085427135679
0.8442211055276382
0.8446115288220551
0.845
0.8453865336658354
0.845771144278607
0.8461538461538461
0.8465346534653465
0.8469135802469135
0.8472906403940886
0.8476658476658476
0.8480392156862745
0.8484107579462102
0.848780487804878
0.8491484184914841
0.851581508515815
0.8540145985401459
0.8564476885644768
0.8588807785888077
0.8613138686131386
0.8637469586374696
0.8661800486618005
0.8686131386861314
0.8710462287104623
0.8734793187347932
0.8759124087591241
0.878345498783455
0.8786407766990292
0.8810679611650486
0.8813559322033898
0.8816425120772947
0.8819277108433735
0.8822115384615384
0.882494004796163
0.8827751196172249
0.883054892601432
0.8833333333333333
0.8836104513064132
0.8838862559241706
0.8841607565011821
0.8844339622641509
0.8847058823529412
0.8849765258215962
0.8852459016393442
0.8855140186915887
0.8857808857808858
0.8860465116279069
0.8863109048723898
0.8865740740740741
0.8868360277136259
0.8870967741935484
0.8873563218390804
0.8876146788990825
0.8878718535469108
0.8881278538812786
0.8883826879271071
0.8886363636363637
0.8888888888888888
0.8891402714932126
0.8893905191873589
0.8896396396396397
0.8898876404494382
0.8901345291479821
0.8903803131991052
0.890625
0.89086859688196
0.8911111111111111
0.8913525498891353
0.8915929203539823
0.891832229580574
0.8920704845814978
0.8923076923076924
0.8925438596491229
0.8927789934354485
0.8930131004366813
0.8932461873638344
0.8934782608695652
0.8956521739130435
0.89587852494577
0.8961038961038961
0.896328293736501
0.896551724137931
0.896774193548387
0.8969957081545065
0.8972162740899358
0.8974358974358975
0.8976545842217484
0.8978723404255319
0.8980891719745223
0.8983050847457628
0.8985200845665962
0.8987341772151899
0.8989473684210526
0.8991596638655462
0.89937106918239
0.899581589958159
0.8997912317327766
0.9
0.9002079002079002
0.9004149377593361
0.9006211180124224
0.9008264462809917
0.9010309278350516
0.9012345679012346
0.9014373716632443
0.9016393442622951
0.901840490797546
0.9020408163265307
0.9022403258655805
0.9024390243902439
0.9026369168356998
0.902834008097166
0.9030303030303031
0.9032258064516129
0.903420523138833
0.9036144578313253
0.9038076152304609
0.904
0.9041916167664671
0.9043824701195219
0.904572564612326
0.9047619047619048
0.904950495049505
0.9051383399209486
0.9053254437869822
0.905511811023622
0.9056974459724951
0.9058823529411765
0.9060665362035225
0.90625
0.9064327485380117
0.9066147859922179
0.9067961165048544
0.9069767441860465
0.90715667311412
0.9073359073359073
0.9075144508670521
0.9076923076923077
0.9078694817658349
0.9080459770114943
0.9082217973231358
0.9083969465648855
0.9085714285714286
0.908745247148289
0.9089184060721063
0.9090909090909091
0.9092627599243857
0.909433962264151
0.9096045197740112
0.9097744360902256
0.9099437148217636
0.9101123595505618
0.9102803738317757
0.9104477611940298
0.9106145251396648
0.9107806691449815
0.9109461966604824
0.9111111111111111
0.911275415896488
0.9114391143911439
0.9116022099447514
0.9117647058823529
0.9119266055045872
0.9120879120879121
0.9122486288848263
0.9124087591240876
0.912568306010929
0.9127272727272727
0.9128856624319419
0.9130434782608695
0.9132007233273056
0.9133574007220217
0.9135135135135135
0.9136690647482014
0.9138240574506283
0.9139784946236559
0.9141323792486583
0.9142857142857143
0.9144385026737968
0.9145907473309609
0.9147424511545293
0.9148936170212766
0.9150442477876106
0.9151943462897526
0.9153439153439153
0.9154929577464789
0.9156414762741653
0.9157894736842105
0.9159369527145359
0.916083916083916
0.9162303664921466
0.9163763066202091
0.9165217391304348
0.9166666666666666
0.9168110918544194
0.916955017301038
0.917098445595855
0.9172413793103448
0.9173838209982789
0.9175257731958762
0.9176672384219554
0.9178082191780822
0.9179487179487179
0.9180887372013652
0.9182282793867121
0.9183673469387755
0.9185059422750425
0.9186440677966101
0.9187817258883249
0.918918918918919
0.9190556492411467
0.9191919191919192
0.9193277310924369
0.9194630872483222
0.9195979899497487
0.919732441471572
0.9198664440734557
0.92
0.9201331114808652
0.920265780730897
0.9203980099502488
0.9205298013245033
0.9206611570247933
0.9207920792079208
0.9209225700164745
0.9210526315789473
0.9211822660098522
0.921311475409836
0.9229508196721311
0.9245901639344263
0.9262295081967213
0.9278688524590164
0.9295081967213115
0.9311475409836065
0.9312602291325696
0.9313725490196079
0.9314845024469821
0.9315960912052117
0.9317073170731708
0.9318181818181818
0.9334415584415584
0.935064935064935
0.9366883116883117
0.9367909238249594
0.9368932038834952
0.9385113268608414
0.9401294498381877
0.941747572815534
0.9433656957928802
0.9449838187702265
0.9466019417475728
0.948220064724919
0.9498381877022654
0.9514563106796117
0.9515347334410339
0.9516129032258065
0.9516908212560387
0.9517684887459807
0.9518459069020867
0.9519230769230769
0.952
0.952076677316294
0.9521531100478469
0.9522292993630573
0.9523052464228935
0.9523809523809523
0.9524564183835182
0.9525316455696202
0.95260663507109
0.9526813880126183
0.952755905511811
0.9528301886792453
0.9529042386185244
0.9529780564263323
0.9530516431924883
0.953125
0.953198127925117
0.9532710280373832
0.9533437013996889
0.953416149068323
0.9534883720930233
0.9535603715170279
0.9536321483771252
0.9537037037037037
0.9537750385208013
0.9538461538461539
0.9539170506912442
0.9539877300613497
0.9540581929555896
0.9541284403669725
0.9541984732824428
0.9542682926829268
0.954337899543379
0.9544072948328267
0.9544764795144158
0.9545454545454546
0.9546142208774584
0.9546827794561934
0.9547511312217195
0.9548192771084337
0.9548872180451128
0.954954954954955
0.9564564564564565
0.9565217391304348
0.9565868263473054
0.9566517189835575
0.9567164179104478
0.9567809239940388
0.9568452380952381
0.9569093610698366
0.956973293768546
0.9584569732937686
0.9585185185185185
1.0
1.0
1.0
1.0
1.0
1.0
1.0
1.0
1.0
1.0
1.0
1.0
1.0
1.0
1.0
1.0
1.0
1.0
1.0
1.0
1.0
1.0
1.0
1.0
1.0
1.0
1.0
1.0
1.0
1.0
1.0
1.0
1.0
1.0
1.0
1.0
1.0
1.0
1.0
1.0
1.0
1.0
1.0
1.0
1.0
1.0
1.0
1.0
1.0
1.0
1.0
1.0
1.0
1.0
1.0
1.0
1.0
1.0
1.0
1.0
1.0
1.0
1.0
1.0
1.0
1.0
1.0
1.0
1.0
1.0
1.0
1.0
1.0
1.0
1.0
1.0
1.0
1.0
1.0
1.0
1.0
1.0
1.0
1.0
1.0
1.0
1.0
1.0
1.0
1.0
1.0
1.0
1.0
1.0
1.0
1.0
1.0
1.0
1.0
1.0
1.0
1.0
1.0
1.0
1.0
1.0
1.0
1.0
1.0
1.0
1.0
1.0
1.0
1.0
1.0
1.0
1.0
1.0
1.0
1.0
1.0
1.0
0.9609375
0.96875
0.9765625
0.984375
0.9921875
1.0
1.0
1.0
0.8972602739726028
0.9041095890410958
0.910958904109589
0.9178082191780822
0.9183673469387755
0.918918918918919
0.9194630872483222
0.92
0.9205298013245033
0.9210526315789473
0.9215686274509803
0.922077922077922
0.9225806451612903
0.9230769230769231
0.9235668789808917
0.9240506329113924
0.9245283018867925
0.925
0.9254658385093167
0.9259259259259259
0.9263803680981595
0.926829268292683
0.9272727272727272
0.927710843373494
0.9281437125748503
0.9285714285714286
0.9289940828402367
0.9294117647058824
0.9298245614035088
0.9302325581395349
0.930635838150289
0.9310344827586207
0.9314285714285714
0.9318181818181818
0.9322033898305084
0.9325842696629213
0.9329608938547486
0.9333333333333333
0.9337016574585635
0.9340659340659341
0.9344262295081968
0.9347826086956522
0.9402173913043478
0.9456521739130435
0.9510869565217391
0.9565217391304348
0.9619565217391305
0.967391304347826
0.9728260869565217
0.9782608695652174
0.9836956521739131
0.9891304347826086
0.9945652173913043
1.0
0.9685863874345549
0.9738219895287958
0.9790575916230366
0.9842931937172775
0.9895287958115183
0.9895833333333334
0.9896373056994818
0.9896907216494846
0.9897435897435898
0.9897959183673469
0.9948979591836735
0.9949238578680203
1.0
0.7615384615384615
0.7653846153846153
0.7692307692307693
0.7701149425287356
0.7739463601532567
0.7777777777777778
0.7816091954022989
0.7854406130268199
0.789272030651341
0.7931034482758621
0.7969348659003831
0.8007662835249042
0.8045977011494253
0.8084291187739464
0.8122605363984674
0.8129770992366412
0.8136882129277566
0.8143939393939394
0.8150943396226416
0.8188679245283019
0.8195488721804511
0.8202247191011236
0.8208955223880597
0.8215613382899628
0.8222222222222222
0.8228782287822878
0.8235294117647058
0.8241758241758241
0.8248175182481752
0.8284671532846716
0.8290909090909091
0.8297101449275363
0.8303249097472925
0.8309352517985612
0.8315412186379928
0.8321428571428572
0.8327402135231317
0.8333333333333334
0.833922261484099
0.8345070422535211
0.8350877192982457
0.8356643356643356
0.8362369337979094
0.8368055555555556
0.8373702422145328
0.8379310344827586
0.8413793103448276
0.8448275862068966
0.8482758620689655
0.8517241379310345
0.8551724137931035
0.8586206896551725
0.8591065292096219
0.8595890410958904
0.8600682593856656
0.863481228668942
0.8668941979522184
0.8703071672354948
0.8737201365187713
0.8771331058020477
0.8775510204081632
0.8779661016949153
0.8783783783783784
0.8787878787878788
0.8791946308724832
0.8795986622073578
0.88
0.8803986710963455
0.8807947019867549
0.8811881188118812
0.881578947368421
0.8848684210526315
0.8881578947368421
1.0
1.0
1.0
1.0
1.0
1.0
1.0
1.0
1.0
1.0
1.0
1.0
1.0
1.0
1.0
1.0
1.0
1.0
1.0
1.0
1.0
1.0
1.0
1.0
1.0
1.0
1.0
1.0
1.0
1.0
1.0
1.0
1.0
1.0
1.0
1.0
1.0
1.0
1.0
1.0
1.0
1.0
1.0
1.0
1.0
1.0
1.0
1.0
1.0
1.0
1.0
1.0
1.0
1.0
1.0
1.0
1.0
1.0
1.0
1.0
1.0
1.0
1.0
1.0
1.0
1.0
1.0
1.0
1.0
1.0
1.0
1.0
1.0
1.0
1.0
1.0
1.0
1.0
1.0
1.0
1.0
1.0
1.0
1.0
1.0
1.0
1.0
1.0
1.0
1.0
1.0
1.0
1.0
1.0
1.0
1.0
1.0
1.0
1.0
1.0
1.0
1.0
1.0
1.0
1.0
1.0
1.0
1.0
1.0
1.0
1.0
1.0
1.0
1.0
1.0
1.0
1.0
1.0
1.0
1.0
1.0
1.0
0.9609375
0.96875
0.9765625
0.984375
0.9921875
1.0
0.9923076923076923
0.9923664122137404
0.9924242424242424
1.0
1.0
1.0
1.0
1.0
1.0
1.0
1.0
1.0
1.0
1.0
1.0
1.0
1.0
1.0
1.0
1.0
1.0
1.0
1.0
1.0
1.0
1.0
1.0
1.0
1.0
1.0
1.0
1.0
1.0
1.0
1.0
1.0
1.0
1.0
1.0
1.0
1.0
1.0
1.0
1.0
1.0
1.0
1.0
1.0
1.0
1.0
1.0
1.0
1.0
1.0
1.0
0.9945945945945946
0.9946236559139785
1.0
1.0
1.0
1.0
1.0
1.0
1.0
1.0
1.0
1.0
1.0
1.0
1.0
1.0
1.0
1.0
1.0
1.0
1.0
1.0
1.0
1.0
1.0
1.0
1.0
1.0
1.0
1.0
1.0
1.0
1.0
1.0
1.0
1.0
1.0
1.0
1.0
1.0
1.0
1.0
1.0
1.0
1.0
1.0
1.0
1.0
1.0
1.0
1.0
1.0
1.0
1.0
1.0
1.0
1.0
1.0
1.0
1.0
1.0
1.0
1.0
1.0
1.0
1.0
1.0
1.0
1.0
1.0
1.0
1.0
1.0
1.0
1.0
1.0
1.0
1.0
1.0
1.0
1.0
1.0
1.0
1.0
1.0
1.0
1.0
1.0
1.0
1.0
1.0
1.0
1.0
1.0
1.0
1.0
1.0
1.0
1.0
1.0
1.0
1.0
1.0
1.0
1.0
1.0
1.0
1.0
1.0
1.0
1.0
1.0
1.0
1.0
1.0
1.0
1.0
1.0
1.0
1.0
1.0
1.0
1.0
1.0
1.0
1.0
1.0
1.0
1.0
1.0
1.0
1.0
1.0
1.0
1.0
1.0
1.0
1.0
1.0
1.0
1.0
1.0
1.0
1.0
1.0
1.0
1.0
1.0
1.0
1.0
1.0
1.0
1.0
1.0
1.0
1.0
1.0
1.0
1.0
1.0
1.0
1.0
1.0
1.0
1.0
1.0
1.0
1.0
1.0
1.0
1.0
1.0
1.0
1.0
1.0
1.0
1.0
1.0
1.0
1.0
1.0
1.0
1.0
1.0
1.0
1.0
1.0
1.0
1.0
1.0
1.0
1.0
1.0
1.0
1.0
1.0
1.0
1.0
1.0
1.0
1.0
1.0
1.0
1.0
1.0
1.0
1.0
1.0
1.0
1.0
1.0
1.0
1.0
1.0
1.0
1.0
1.0
1.0
1.0
1.0
1.0
1.0
1.0
1.0
1.0
1.0
1.0
1.0
1.0
1.0
1.0
1.0
1.0
1.0
1.0
1.0
1.0
1.0
1.0
1.0
1.0
1.0
1.0
1.0
1.0
1.0
1.0
1.0
1.0
1.0
1.0
1.0
1.0
1.0
1.0
1.0
1.0
1.0
1.0
1.0
1.0
1.0
1.0
1.0
1.0
1.0
1.0
1.0
1.0
1.0
1.0
1.0
1.0
1.0
1.0
1.0
1.0
1.0
1.0
1.0
1.0
1.0
1.0
1.0
1.0
1.0
1.0
1.0
1.0
1.0
1.0
1.0
1.0
1.0
1.0
1.0
1.0
1.0
1.0
1.0
1.0
1.0
1.0
1.0
1.0
1.0
1.0
1.0
1.0
1.0
1.0
1.0
1.0
1.0
1.0
1.0
1.0
1.0
1.0
1.0
1.0
1.0
1.0
1.0
1.0
1.0
1.0
1.0
1.0
1.0
1.0
1.0
1.0
1.0
1.0
1.0
1.0
1.0
0.9849056603773585
0.9849340866290018
0.9849624060150376
0.9849906191369606
0.9850187265917603
0.9850467289719627
0.9850746268656716
0.9851024208566108
0.9869646182495344
0.9869888475836431
0.987012987012987
0.987037037037037
0.9870609981515711
0.9870848708487084
0.9871086556169429
0.9871323529411765
0.9871559633027523
0.9871794871794872
0.9872029250457038
0.9872262773722628
0.9872495446265938
0.9872727272727273
0.9872958257713249
0.9873188405797102
0.9873417721518988
0.9873646209386282
0.9873873873873874
0.987410071942446
0.9874326750448833
0.9874551971326165
0.9874776386404294
0.9875
0.9875222816399287
0.9875444839857651
0.9875666074600356
0.9875886524822695
0.9876106194690265
0.9876325088339223
0.9876543209876543
0.9876760563380281
0.9876977152899824
0.987719298245614
0.9877408056042032
0.9877622377622378
0.987783595113438
0.9878048780487805
0.9878260869565217
0.9878472222222222
0.9878682842287695
0.9878892733564014
0.9879101899827288
0.9879310344827587
0.9879518072289156
0.9879725085910653
0.9879931389365352
0.988013698630137
0.9880341880341881
0.9880546075085325
0.9880749574105622
0.9880952380952381
0.9881154499151104
0.988135593220339
0.988155668358714
0.9881756756756757
0.9881956155143339
0.9882154882154882
0.9882352941176471
0.988255033557047
0.9882747068676717
0.9882943143812709
0.988313856427379
0.9883333333333333
0.9883527454242929
0.9883720930232558
0.988391376451078
0.9884105960264901
0.9884297520661157
0.9884488448844885
0.9884678747940692
0.9884868421052632
0.9885057471264368
0.9885245901639345
0.9885433715220949
0.988562091503268
0.9885807504078303
0.988599348534202
0.9886178861788618
0.9886363636363636
0.9886547811993517
0.988673139158576
0.9886914378029079
0.9887096774193549
0.9887278582930756
0.9903381642512077
0.9919484702093397
0.9919614147909968
0.9919743178170144
0.9919871794871795
0.9935897435897436
0.9951923076923077
0.9952
0.9952076677316294
0.9952153110047847
0.9952229299363057
0.9952305246422893
0.9952380952380953
0.9952456418383518
0.995253164556962
0.995260663507109
0.9952681388012619
0.9952755905511811
0.9952830188679245
0.9952904238618524
0.9952978056426333
0.9953051643192489
0.9953125
0.9953198127925117
0.9953271028037384
0.995334370139969
0.9953416149068323
0.9953488372093023
0.9953560371517027
0.9953632148377125
0.9953703703703703
0.9953775038520801
0.9953846153846154
0.9953917050691244
0.995398773006135
0.9954058192955589
0.9954128440366973
0.9954198473282443
0.9954268292682927
0.9954337899543378
0.9954407294832827
0.9954476479514416
0.9954545454545455
0.9954614220877458
0.9954682779456193
0.995475113122172
0.9954819277108434
0.9954887218045113
0.9954954954954955
0.9955022488755623
0.9955089820359282
0.9955156950672646
0.9955223880597015
0.9955290611028316
0.9955357142857143
0.9955423476968797
0.9955489614243324
0.9955555555555555
0.9955621301775148
0.9955686853766618
0.995575221238938
0.9955817378497791
0.9955882352941177
0.9955947136563876
0.9956011730205279
0.9956076134699854
0.9956140350877193
0.9956204379562044
0.9956268221574344
0.9956331877729258
0.9956395348837209
0.9956458635703919
0.9956521739130435
0.9956584659913169
0.9956647398843931
0.9956709956709957
0.9956772334293948
0.99568345323741
0.9956896551724138
0.9956958393113343
0.995702005730659
0.9957081545064378
0.9957142857142857
0.9957203994293866
0.9957264957264957
0.9957325746799431
0.9957386363636364
0.9957446808510638
0.9957507082152974
0.9957567185289957
0.9957627118644068
0.995768688293371
0.995774647887324
0.9957805907172996
0.9957865168539326
0.9957924263674615
0.9957983193277311
0.9958041958041958
0.9958100558659218
0.99581589958159
0.9958217270194986
0.9958275382475661
0.9958333333333333
0.9958391123439667
0.9958448753462604
0.995850622406639
0.9958563535911602
0.9958620689655172
0.9958677685950413
0.9958734525447043
0.9958791208791209
0.9958847736625515
0.9958904109589041
0.9958960328317373
0.9959016393442623
0.9959072305593452
0.9959128065395095
0.9959183673469387
0.9959239130434783
0.9959294436906377
0.9959349593495935
0.9959404600811907
0.995945945945946
0.9959514170040485
0.9959568733153639
0.9959623149394348
0.9959677419354839
0.9959731543624161
0.9959785522788204
0.9959839357429718
0.9959893048128342
0.9959946595460614
0.996
0.996005326231691
0.9960106382978723
0.9960159362549801
0.9960212201591512
0.9960264900662251
0.996031746031746
0.9960369881109643
0.996042216358839
0.9960474308300395
0.9960526315789474
0.9960578186596584
0.9960629921259843
0.9960681520314548
0.9960732984293194
0.996078431372549
0.9960835509138382
0.9960886571056062
0.99609375
0.9960988296488946
0.9961038961038962
0.9961089494163424
0.9961139896373057
0.9961190168175937
0.9961240310077519
0.9961290322580645
0.9961340206185567
0.9961389961389961
0.9961439588688946
0.9974293059125964
0.9974326059050064
0.9974358974358974
0.9987179487179487
0.998719590268886
0.9987212276214834
0.9987228607918263
0.9987244897959183
0.9987261146496815
0.9987277353689568
0.9987293519695044
0.998730964467005
0.9987325728770595
0.9987341772151899
0.9987357774968394
0.9987373737373737
0.9987389659520807
0.9987405541561712
0.9987421383647799
0.9987437185929648
0.998745294855709
0.9987468671679198
0.9987484355444305
0.99875
0.9987515605493134
0.9987531172069826
0.9987546699875467
0.9987562189054726
0.9987577639751553
0.9987593052109182
0.9987608426270136
0.9987623762376238
0.9987639060568603
0.9987654320987654
0.998766954377312
0.9987684729064039
0.998769987699877
0.9987714987714987
0.9987730061349693
0.9987745098039216
0.9987760097919217
0.9987775061124694
0.9987789987789988
0.998780487804878
0.9987819732034104
0.9987834549878345
0.9987849331713244
0.9987864077669902
0.9987878787878788
0.9987893462469734
0.9987908101571947
0.998792270531401
0.9987937273823885
0.9987951807228915
0.9987966305655837
0.9987980769230769
0.9987995198079231
0.9988009592326139
0.9988023952095808
0.9988038277511961
0.998805256869773
0.9988066825775657
0.99880810488677
0.9988095238095238
0.9988109393579072
0.998812351543943
0.9988137603795967
0.9988151658767772
0.9988165680473373
0.9988179669030733
0.9988193624557261
0.9988207547169812
0.9988221436984688
0.9988235294117647
0.9988249118683902
0.9988262910798122
1.0
1.0
1.0
1.0
1.0
1.0
1.0
1.0
1.0
1.0
1.0
1.0
1.0
1.0
1.0
1.0
1.0
1.0
1.0
1.0
1.0
1.0
1.0
0.9689922480620154
0.9690265486725663
1.0
1.0
1.0
1.0
1.0
1.0
1.0
1.0
1.0
1.0
1.0
1.0
1.0
1.0
1.0
1.0
1.0
1.0
1.0
1.0
1.0
1.0
1.0
1.0
1.0
1.0
1.0
1.0
1.0
1.0
1.0
1.0
1.0
1.0
1.0
1.0
1.0
1.0
1.0
1.0
1.0
1.0
1.0
1.0
1.0
1.0
1.0
1.0
1.0
1.0
1.0
1.0
1.0
1.0
1.0
1.0
1.0
1.0
1.0
1.0
1.0
1.0
1.0
1.0
1.0
1.0
1.0
1.0
1.0
1.0
1.0
1.0
1.0
1.0
1.0
1.0
1.0
1.0
1.0
1.0
1.0
1.0
1.0
1.0
1.0
1.0
1.0
1.0
1.0
1.0
1.0
1.0
1.0
1.0
1.0
1.0
1.0
1.0
1.0
1.0
1.0
1.0
1.0
1.0
1.0
1.0
1.0
1.0
1.0
1.0
1.0
1.0
1.0
1.0
1.0
1.0
1.0
1.0
1.0
1.0
1.0
1.0
0.9609375
0.96875
0.9765625
0.984375
0.9921875
1.0
0.9923076923076923
0.9923664122137404
0.9924242424242424
1.0
1.0
1.0
1.0
1.0
1.0
1.0
1.0
1.0
1.0
1.0
1.0
1.0
1.0
1.0
1.0
1.0
1.0
1.0
1.0
1.0
1.0
1.0
1.0
1.0
1.0
1.0
1.0
1.0
1.0
1.0
1.0
1.0
1.0
1.0
1.0
1.0
1.0
1.0
1.0
1.0
1.0
1.0
1.0
1.0
1.0
1.0
1.0
1.0
1.0
1.0
1.0
0.9945945945945946
0.9946236559139785
1.0
1.0
1.0
1.0
1.0
1.0
1.0
1.0
1.0
1.0
1.0
1.0
1.0
1.0
1.0
1.0
1.0
1.0
1.0
1.0
1.0
1.0
1.0
1.0
1.0
1.0
1.0
1.0
1.0
1.0
1.0
1.0
1.0
1.0
1.0
1.0
1.0
1.0
1.0
1.0
1.0
1.0
1.0
1.0
1.0
1.0
1.0
1.0
1.0
1.0
1.0
1.0
1.0
1.0
1.0
1.0
1.0
1.0
1.0
1.0
1.0
1.0
1.0
1.0
1.0
1.0
1.0
1.0
1.0
1.0
1.0
1.0
1.0
1.0
1.0
1.0
1.0
1.0
1.0
1.0
1.0
1.0
1.0
1.0
1.0
1.0
1.0
1.0
1.0
1.0
1.0
1.0
1.0
1.0
1.0
1.0
1.0
1.0
1.0
1.0
1.0
1.0
1.0
1.0
1.0
1.0
1.0
1.0
1.0
1.0
1.0
1.0
1.0
1.0
1.0
1.0
1.0
1.0
1.0
1.0
1.0
1.0
1.0
1.0
1.0
1.0
1.0
1.0
1.0
1.0
1.0
1.0
1.0
1.0
1.0
1.0
1.0
1.0
1.0
1.0
1.0
1.0
1.0
1.0
1.0
1.0
1.0
1.0
1.0
1.0
1.0
1.0
1.0
1.0
1.0
1.0
1.0
1.0
1.0
1.0
1.0
1.0
1.0
1.0
1.0
1.0
1.0
1.0
1.0
1.0
1.0
1.0
1.0
1.0
1.0
1.0
1.0
1.0
1.0
1.0
1.0
1.0
1.0
1.0
1.0
1.0
1.0
1.0
1.0
1.0
1.0
1.0
1.0
1.0
1.0
1.0
1.0
1.0
1.0
1.0
1.0
1.0
1.0
1.0
1.0
1.0
1.0
1.0
1.0
1.0
1.0
1.0
1.0
1.0
1.0
1.0
1.0
1.0
1.0
1.0
1.0
1.0
1.0
1.0
1.0
1.0
1.0
1.0
1.0
1.0
1.0
1.0
1.0
1.0
1.0
1.0
1.0
1.0
1.0
1.0
1.0
1.0
1.0
1.0
1.0
1.0
1.0
1.0
1.0
1.0
1.0
1.0
1.0
1.0
1.0
1.0
1.0
1.0
1.0
1.0
1.0
1.0
1.0
1.0
1.0
1.0
1.0
1.0
1.0
1.0
1.0
1.0
1.0
1.0
1.0
1.0
1.0
1.0
1.0
1.0
1.0
1.0
1.0
1.0
1.0
1.0
1.0
1.0
1.0
1.0
1.0
1.0
1.0
1.0
1.0
1.0
1.0
1.0
1.0
1.0
1.0
1.0
1.0
1.0
1.0
1.0
1.0
1.0
1.0
1.0
1.0
1.0
1.0
1.0
1.0
1.0
1.0
1.0
1.0
1.0
1.0
1.0
1.0
1.0
1.0
1.0
1.0
1.0
1.0
1.0
1.0
1.0
1.0
1.0
1.0
1.0
0.9849056603773585
0.9849340866290018
0.9849624060150376
0.9849906191369606
0.9850187265917603
0.9850467289719627
0.9850746268656716
0.9851024208566108
0.9869646182495344
0.9869888475836431
0.987012987012987
0.987037037037037
0.9870609981515711
0.9870848708487084
0.9871086556169429
0.9871323529411765
0.9871559633027523
0.9871794871794872
0.9872029250457038
0.9872262773722628
0.9872495446265938
0.9872727272727273
0.9872958257713249
0.9873188405797102
0.9873417721518988
0.9873646209386282
0.9873873873873874
0.987410071942446
0.9874326750448833
0.9874551971326165
0.9874776386404294
0.9875
0.9875222816399287
0.9875444839857651
0.9875666074600356
0.9875886524822695
0.9876106194690265
0.9876325088339223
0.9876543209876543
0.9876760563380281
0.9876977152899824
0.987719298245614
0.9877408056042032
0.9877622377622378
0.987783595113438
0.9878048780487805
0.9878260869565217
0.9878472222222222
0.9878682842287695
0.9878892733564014
0.9879101899827288
0.9879310344827587
0.9879518072289156
0.9879725085910653
0.9879931389365352
0.988013698630137
0.9880341880341881
0.9880546075085325
0.9880749574105622
0.9880952380952381
0.9881154499151104
0.988135593220339
0.988155668358714
0.9881756756756757
0.9881956155143339
0.9882154882154882
0.9882352941176471
0.988255033557047
0.9882747068676717
0.9882943143812709
0.988313856427379
0.9883333333333333
0.9883527454242929
0.9883720930232558
0.988391376451078
0.9884105960264901
0.9884297520661157
0.9884488448844885
0.9884678747940692
0.9884868421052632
0.9885057471264368
0.9885245901639345
0.9885433715220949
0.988562091503268
0.9885807504078303
0.988599348534202
0.9886178861788618
0.9886363636363636
0.9886547811993517
0.988673139158576
0.9886914378029079
0.9887096774193549
0.9887278582930756
0.9903381642512077
0.9919484702093397
0.9919614147909968
0.9919743178170144
0.9919871794871795
0.9935897435897436
0.9951923076923077
0.9952
0.9952076677316294
0.9952153110047847
0.9952229299363057
0.9952305246422893
0.9952380952380953
0.9952456418383518
0.995253164556962
0.995260663507109
0.9952681388012619
0.9952755905511811
0.9952830188679245
0.9952904238618524
0.9952978056426333
0.9953051643192489
0.9953125
0.9953198127925117
0.9953271028037384
0.995334370139969
0.9953416149068323
0.9953488372093023
0.9953560371517027
0.9953632148377125
0.9953703703703703
0.9953775038520801
0.9953846153846154
0.9953917050691244
0.995398773006135
0.9954058192955589
0.9954128440366973
0.9954198473282443
0.9954268292682927
0.9954337899543378
0.9954407294832827
0.9954476479514416
0.9954545454545455
0.9954614220877458
0.9954682779456193
0.995475113122172
0.9954819277108434
0.9954887218045113
0.9954954954954955
0.9955022488755623
0.9955089820359282
0.9955156950672646
0.9955223880597015
0.9955290611028316
0.9955357142857143
0.9955423476968797
0.9955489614243324
0.9955555555555555
0.9955621301775148
0.9955686853766618
0.995575221238938
0.9955817378497791
0.9955882352941177
0.9955947136563876
0.9956011730205279
0.9956076134699854
0.9956140350877193
0.9956204379562044
0.9956268221574344
0.9956331877729258
0.9956395348837209
0.9956458635703919
0.9956521739130435
0.9956584659913169
0.9956647398843931
0.9956709956709957
0.9956772334293948
0.99568345323741
0.9956896551724138
0.9956958393113343
0.995702005730659
0.9957081545064378
0.9957142857142857
0.9957203994293866
0.9957264957264957
0.9957325746799431
0.9957386363636364
0.9957446808510638
0.9957507082152974
0.9957567185289957
0.9957627118644068
0.995768688293371
0.995774647887324
0.9957805907172996
0.9957865168539326
0.9957924263674615
0.9957983193277311
0.9958041958041958
0.9958100558659218
0.99581589958159
0.9958217270194986
0.9958275382475661
0.9958333333333333
0.9958391123439667
0.9958448753462604
0.995850622406639
0.9958563535911602
0.9958620689655172
0.9958677685950413
0.9958734525447043
0.9958791208791209
0.9958847736625515
0.9958904109589041
0.9958960328317373
0.9959016393442623
0.9959072305593452
0.9959128065395095
0.9959183673469387
0.9959239130434783
0.9959294436906377
0.9959349593495935
0.9959404600811907
0.995945945945946
0.9959514170040485
0.9959568733153639
0.9959623149394348
0.9959677419354839
0.9959731543624161
0.9959785522788204
0.9959839357429718
0.9959893048128342
0.9959946595460614
0.996
0.996005326231691
0.9960106382978723
0.9960159362549801
0.9960212201591512
0.9960264900662251
0.996031746031746
0.9960369881109643
0.996042216358839
0.9960474308300395
0.9960526315789474
0.9960578186596584
0.9960629921259843
0.9960681520314548
0.9960732984293194
0.996078431372549
0.9960835509138382
0.9960886571056062
0.99609375
0.9960988296488946
0.9961038961038962
0.9961089494163424
0.9961139896373057
0.9961190168175937
0.9961240310077519
0.9961290322580645
0.9961340206185567
0.9961389961389961
0.9961439588688946
0.9974293059125964
0.9974326059050064
0.9974358974358974
0.9987179487179487
0.998719590268886
0.9987212276214834
0.9987228607918263
0.9987244897959183
0.9987261146496815
0.9987277353689568
0.9987293519695044
0.998730964467005
0.9987325728770595
0.9987341772151899
0.9987357774968394
0.9987373737373737
0.9987389659520807
0.9987405541561712
0.9987421383647799
0.9987437185929648
0.998745294855709
0.9987468671679198
0.9987484355444305
0.99875
0.9987515605493134
0.9987531172069826
0.9987546699875467
0.9987562189054726
0.9987577639751553
0.9987593052109182
0.9987608426270136
0.9987623762376238
0.9987639060568603
0.9987654320987654
0.998766954377312
0.9987684729064039
0.998769987699877
0.9987714987714987
0.9987730061349693
0.9987745098039216
0.9987760097919217
0.9987775061124694
0.9987789987789988
0.998780487804878
0.9987819732034104
0.9987834549878345
0.9987849331713244
0.9987864077669902
0.9987878787878788
0.9987893462469734
0.9987908101571947
0.998792270531401
0.9987937273823885
0.9987951807228915
0.9987966305655837
0.9987980769230769
0.9987995198079231
0.9988009592326139
0.9988023952095808
0.9988038277511961
0.998805256869773
0.9988066825775657
0.99880810488677
0.9988095238095238
0.9988109393579072
0.998812351543943
0.9988137603795967
0.9988151658767772
0.9988165680473373
0.9988179669030733
0.9988193624557261
0.9988207547169812
0.9988221436984688
0.9988235294117647
0.9988249118683902
0.9988262910798122
1.0
1.0
1.0
1.0
1.0
1.0
1.0
1.0
1.0
1.0
1.0
1.0
1.0
1.0
1.0
1.0
1.0
1.0
1.0
1.0
1.0
1.0
1.0
0.9689922480620154
0.9690265486725663
1.0
1.0
1.0
1.0
1.0
1.0
1.0
1.0
1.0
1.0
1.0
1.0
1.0
1.0
1.0
1.0
1.0
1.0
1.0
1.0
1.0
1.0
1.0
1.0
1.0
1.0
1.0
1.0
1.0
1.0
1.0
1.0
1.0
1.0
1.0
1.0
1.0
1.0
1.0
1.0
1.0
1.0
1.0
1.0
1.0
1.0
1.0
1.0
1.0
1.0
1.0
1.0
1.0
1.0
1.0
1.0
1.0
1.0
1.0
1.0
1.0
1.0
1.0
1.0
1.0
1.0
1.0
1.0
1.0
1.0
1.0
1.0
1.0
1.0
1.0
1.0
1.0
1.0
1.0
1.0
1.0
1.0
1.0
1.0
1.0
1.0
1.0
1.0
1.0
1.0
1.0
1.0
1.0
1.0
1.0
1.0
1.0
1.0
1.0
1.0
1.0
1.0
1.0
1.0
1.0
1.0
1.0
1.0
1.0
1.0
1.0
1.0
1.0
1.0
1.0
1.0
1.0
1.0
1.0
1.0
1.0
1.0
0.9609375
0.96875
0.9765625
0.984375
0.9921875
1.0
0.9923076923076923
0.9923664122137404
0.9924242424242424
1.0
1.0
1.0
1.0
1.0
1.0
1.0
1.0
1.0
1.0
1.0
1.0
1.0
1.0
1.0
1.0
1.0
1.0
1.0
1.0
1.0
1.0
1.0
1.0
1.0
1.0
1.0
1.0
1.0
1.0
1.0
1.0
1.0
1.0
1.0
1.0
1.0
1.0
1.0
1.0
1.0
1.0
1.0
1.0
1.0
1.0
1.0
1.0
1.0
1.0
0.9578947368421052
0.9581151832460733
0.9583333333333334
0.9585492227979274
0.9587628865979382
0.958974358974359
0.9591836734693877
0.9593908629441624
0.9644670050761421
0.9646464646464646
0.964824120603015
0.965
0.9651741293532339
0.9653465346534653
0.9655172413793104
0.9656862745098039
0.9658536585365853
0.9660194174757282
0.966183574879227
0.9663461538461539
0.9665071770334929
0.9666666666666667
0.966824644549763
0.9669811320754716
0.9671361502347418
0.9672897196261683
0.9674418604651163
0.9675925925925926
0.967741935483871
0.9678899082568807
0.9680365296803652
0.9681818181818181
0.9683257918552036
0.9684684684684685
0.968609865470852
0.96875
0.9688888888888889
0.9690265486725663
0.9691629955947136
0.9692982456140351
0.9694323144104804
0.9695652173913043
0.9696969696969697
0.9698275862068966
0.9699570815450643
0.9700854700854701
0.9702127659574468
0.9703389830508474
0.9704641350210971
0.9705882352941176
0.9707112970711297
0.9708333333333333
0.970954356846473
0.9710743801652892
0.9711934156378601
0.9713114754098361
0.9714285714285714
0.9715447154471545
0.97165991902834
0.9717741935483871
0.9718875502008032
0.972
0.9721115537848606
0.9722222222222222
0.9723320158102767
0.9724409448818898
0.9725490196078431
0.97265625
0.9727626459143969
0.9728682170542635
0.972972972972973
0.9730769230769231
0.9731800766283525
0.9732824427480916
0.973384030418251
0.9734848484848485
0.9735849056603774
0.9736842105263158
0.9737827715355806
0.9738805970149254
0.9739776951672863
0.9740740740740741
0.974169741697417
0.9742647058823529
0.9743589743589743
0.9744525547445255
0.9745454545454545
0.9746376811594203
0.9747292418772563
0.9748201438848921
0.974910394265233
0.975
0.9750889679715302
0.975177304964539
0.9752650176678446
0.9753521126760564
0.9754385964912281
0.9755244755244755
0.975609756097561
0.9756944444444444
0.9757785467128027
0.9758620689655172
0.9759450171821306
0.976027397260274
0.9761092150170648
0.9761904761904762
0.976271186440678
0.9763513513513513
0.9764309764309764
0.9765100671140939
0.9765886287625418
0.9766666666666667
0.9767441860465116
0.9768211920529801
0.976897689768977
0.9769736842105263
0.9770491803278688
0.9771241830065359
0.9771986970684039
0.9772727272727273
0.9773462783171522
0.9774193548387097
0.977491961414791
0.9775641025641025
0.9776357827476039
0.9777070063694268
0.9777777777777777
0.9778481012658228
0.9779179810725552
0.9779874213836478
0.9780564263322884
0.978125
0.9781931464174455
0.9782608695652174
0.978328173374613
0.9783950617283951
0.9784615384615385
0.9785276073619632
0.9785932721712538
0.9786585365853658
0.9787234042553191
0.9787878787878788
0.9788519637462235
0.9789156626506024
0.978978978978979
0.9790419161676647
0.9791044776119403
0.9791666666666666
0.9792284866468842
0.9792899408284024
0.9793510324483776
0.9794117647058823
0.9794721407624634
0.9824046920821115
0.9824561403508771
0.9825072886297376
0.9854227405247813
0.9854651162790697
0.9855072463768116
0.9855491329479769
0.9884393063583815
0.9884726224783862
0.9885057471264368
0.9885386819484241
0.9885714285714285
0.9886039886039886
0.9886363636363636
0.9886685552407932
0.9887005649717514
0.9887323943661972
0.9887640449438202
0.988795518207283
0.9888268156424581
0.9888579387186629
0.9888888888888889
0.9889196675900277
0.988950276243094
0.9889807162534435
0.989010989010989
0.989041095890411
0.9890710382513661
0.989100817438692
0.9891304347826086
0.989159891598916
0.9891891891891892
0.9892183288409704
0.989247311827957
0.9892761394101877
0.9893048128342246
0.9893333333333333
0.9893617021276596
0.9893899204244032
0.9894179894179894
0.9894459102902374
0.9894736842105263
0.989501312335958
0.9895287958115183
0.9895561357702349
0.9895833333333334
0.9896103896103896
0.9896373056994818
0.9896640826873385
0.9896907216494846
0.9897172236503856
0.9897435897435898
0.989769820971867
0.9897959183673469
0.989821882951654
0.9898477157360406
0.9898734177215189
0.98989898989899
0.9899244332493703
0.9924433249370277
0.992462311557789
0.9924812030075187
0.9925
0.9925187032418953
0.9925373134328358
0.9925558312655087
0.9925742574257426
0.9925925925925926
0.9926108374384236
0.9926289926289926
0.9926470588235294
0.9926650366748166
0.9926829268292683
0.9927007299270073
0.9927184466019418
0.9927360774818402
0.9927536231884058
0.9927710843373494
0.9927884615384616
0.9928057553956835
0.992822966507177
0.9928400954653938
0.9928571428571429
0.9928741092636579
0.9928909952606635
0.9929078014184397
0.9929245283018868
0.9929411764705882
0.9929577464788732
0.9929742388758782
0.9929906542056075
0.993006993006993
0.9930232558139535
0.9930394431554525
0.9930555555555556
0.9930715935334873
0.9930875576036866
0.993103448275862
0.9931192660550459
0.9931350114416476
0.9931506849315068
0.9931662870159453
0.9931818181818182
0.9931972789115646
0.9932126696832579
0.9932279909706546
0.9932432432432432
0.9932584269662922
0.9932735426008968
0.9932885906040269
0.9933035714285714
0.9933184855233853
0.9933333333333333
0.9933481152993349
0.9933628318584071
0.9933774834437086
0.9933920704845814
0.9934065934065934
0.993421052631579
0.9934354485776805
0.9934497816593887
0.9934640522875817
0.9934782608695653
0.9934924078091106
0.9935064935064936
0.9935205183585313
0.9935344827586207
0.9935483870967742
0.9935622317596566
0.9935760171306209
0.9935897435897436
0.9936034115138592
0.9936170212765958
0.9936305732484076
0.9936440677966102
0.9936575052854123
0.9936708860759493
0.9936842105263158
0.9936974789915967
0.9937106918238994
0.9937238493723849
0.9937369519832986
0.99375
0.9937629937629938
0.9937759336099585
0.9937888198757764
0.993801652892562
0.9938144329896907
0.9938271604938271
0.9938398357289527
0.9938524590163934
0.9938650306748467
0.9938775510204082
0.9938900203665988
0.9939024390243902
0.9939148073022313
0.9939271255060729
0.9939393939393939
0.9939516129032258
0.993963782696177
0.9939759036144579
0.9939879759519038
0.994
0.9940119760479041
0.9940239043824701
0.9940357852882704
0.9940476190476191
0.994059405940594
0.9940711462450593
0.9940828402366864
0.9940944881889764
0.9941060903732809
0.9941176470588236
0.9941291585127201
0.994140625
0.9941520467836257
0.9941634241245136
0.9941747572815534
0.9941860465116279
0.9941972920696325
0.9942084942084942
0.9942196531791907
0.9942307692307693
0.9942418426103646
0.9942528735632183
0.994263862332696
0.9942748091603053
0.9942857142857143
0.9942965779467681
0.9943074003795066
0.9943181818181818
0.994328922495274
0.9943396226415094
0.9943502824858758
0.9943609022556391
0.9943714821763602
0.9943820224719101
0.994392523364486
0.9944029850746269
0.994413407821229
0.9944237918215614
0.9944341372912802
0.9944444444444445
0.9944547134935305
0.9944649446494465
0.994475138121547
0.9944852941176471
0.9944954128440368
0.9945054945054945
0.9945155393053017
0.9945255474452555
0.994535519125683
0.9945454545454545
0.9945553539019963
0.9963702359346642
0.9963768115942029
0.9963833634719711
0.9981916817359855
0.9981949458483754
0.9981981981981982
0.9982014388489209
0.9982046678635548
0.9982078853046595
0.998211091234347
0.9982142857142857
0.9982174688057041
0.998220640569395
0.9982238010657194
0.99822695035461
0.9982300884955753
0.9982332155477032
0.9982363315696648
0.9982394366197183
0.9982425307557118
0.9982456140350877
0.9982486865148862
0.9982517482517482
0.9982547993019197
0.9982578397212544
0.9982608695652174
0.9982638888888888
0.9982668977469671
0.9982698961937716
0.998272884283247
0.9982758620689656
0.9982788296041308
0.9982817869415808
0.9982847341337907
0.9982876712328768
0.9982905982905983
0.9982935153583617
0.9982964224872232
0.9982993197278912
0.99830220713073
0.9983050847457627
0.9983079526226735
0.9983108108108109
0.9983136593591906
0.9983164983164983
0.9983193277310924
0.9983221476510067
0.998324958123953
0.9983277591973244
0.998330550918197
0.9983333333333333
0.9983361064891847
0.9983388704318937
0.9983416252072969
0.9983443708609272
0.9983471074380166
0.9983498349834984
0.9983525535420099
0.9983552631578947
0.9983579638752053
0.9983606557377049
0.9983633387888707
0.9983660130718954
0.99836867862969
0.998371335504886
0.9983739837398374
0.9983766233766234
0.9983792544570502
0.9983818770226537
0.9983844911147012
0.9983870967741936
0.998389694041868
0.9983922829581994
0.9983948635634029
0.9983974358974359
0.9984
1.0
1.0
1.0
1.0
1.0
1.0
1.0
1.0
1.0
1.0
1.0
1.0
1.0
1.0
1.0
1.0
1.0
1.0
1.0
1.0
1.0
1.0
1.0
1.0
1.0
1.0
1.0
1.0
1.0
1.0
1.0
1.0
1.0
1.0
1.0
1.0
1.0
1.0
1.0
1.0
1.0
1.0
1.0
1.0
1.0
1.0
1.0
1.0
1.0
1.0
1.0
1.0
1.0
1.0
1.0
1.0
1.0
1.0
1.0
1.0
1.0
1.0
1.0
1.0
1.0
1.0
1.0
1.0
1.0
1.0
1.0
1.0
1.0
1.0
1.0
1.0
1.0
1.0
1.0
1.0
1.0
1.0
1.0
1.0
1.0
1.0
1.0
1.0
1.0
1.0
1.0
1.0
1.0
1.0
1.0
1.0
1.0
1.0
1.0
1.0
1.0
1.0
1.0
1.0
1.0
1.0
1.0
1.0
1.0
1.0
1.0
1.0
1.0
1.0
1.0
1.0
1.0
1.0
1.0
1.0
1.0
1.0
1.0
1.0
1.0
1.0
1.0
1.0
1.0
1.0
1.0
1.0
1.0
1.0
1.0
1.0
1.0
1.0
1.0
1.0
1.0
1.0
1.0
1.0
1.0
1.0
1.0
0.9609375
0.96875
0.9765625
0.984375
0.9921875
1.0
0.9923076923076923
0.9923664122137404
0.9924242424242424
1.0
1.0
1.0
1.0
1.0
1.0
1.0
1.0
1.0
1.0
1.0
1.0
1.0
1.0
1.0
1.0
1.0
1.0
1.0
1.0
1.0
1.0
1.0
1.0
1.0
1.0
1.0
1.0
1.0
1.0
1.0
1.0
1.0
1.0
1.0
1.0
1.0
1.0
1.0
1.0
1.0
1.0
1.0
1.0
1.0
1.0
1.0
1.0
1.0
1.0
0.9578947368421052
0.9581151832460733
0.9583333333333334
0.9585492227979274
0.9587628865979382
0.958974358974359
0.9591836734693877
0.9593908629441624
0.9644670050761421
0.9646464646464646
0.964824120603015
0.965
0.9651741293532339
0.9653465346534653
0.9655172413793104
0.9656862745098039
0.9658536585365853
0.9660194174757282
0.966183574879227
0.9663461538461539
0.9665071770334929
0.9666666666666667
0.966824644549763
0.9669811320754716
0.9671361502347418
0.9672897196261683
0.9674418604651163
0.9675925925925926
0.967741935483871
0.9678899082568807
0.9680365296803652
0.9681818181818181
0.9683257918552036
0.9684684684684685
0.968609865470852
0.96875
0.9688888888888889
0.9690265486725663
0.9691629955947136
0.9692982456140351
0.9694323144104804
0.9695652173913043
0.9696969696969697
0.9698275862068966
0.9699570815450643
0.9700854700854701
0.9702127659574468
0.9703389830508474
0.9704641350210971
0.9705882352941176
0.9707112970711297
0.9708333333333333
0.970954356846473
0.9710743801652892
0.9711934156378601
0.9713114754098361
0.9714285714285714
0.9715447154471545
0.97165991902834
0.9717741935483871
0.9718875502008032
0.972
0.9721115537848606
0.9722222222222222
0.9723320158102767
0.9724409448818898
0.9725490196078431
0.97265625
0.9727626459143969
0.9728682170542635
0.972972972972973
0.9730769230769231
0.9731800766283525
0.9732824427480916
0.973384030418251
0.9734848484848485
0.9735849056603774
0.9736842105263158
0.9737827715355806
0.9738805970149254
0.9739776951672863
0.9740740740740741
0.974169741697417
0.9742647058823529
0.9743589743589743
0.9744525547445255
0.9745454545454545
0.9746376811594203
0.9747292418772563
0.9748201438848921
0.974910394265233
0.975
0.9750889679715302
0.975177304964539
0.9752650176678446
0.9753521126760564
0.9754385964912281
0.9755244755244755
0.975609756097561
0.9756944444444444
0.9757785467128027
0.9758620689655172
0.9759450171821306
0.976027397260274
0.9761092150170648
0.9761904761904762
0.976271186440678
0.9763513513513513
0.9764309764309764
0.9765100671140939
0.9765886287625418
0.9766666666666667
0.9767441860465116
0.9768211920529801
0.976897689768977
0.9769736842105263
0.9770491803278688
0.9771241830065359
0.9771986970684039
0.9772727272727273
0.9773462783171522
0.9774193548387097
0.977491961414791
0.9775641025641025
0.9776357827476039
0.9777070063694268
0.9777777777777777
0.9778481012658228
0.9779179810725552
0.9779874213836478
0.9780564263322884
0.978125
0.9781931464174455
0.9782608695652174
0.978328173374613
0.9783950617283951
0.9784615384615385
0.9785276073619632
0.9785932721712538
0.9786585365853658
0.9787234042553191
0.9787878787878788
0.9788519637462235
0.9789156626506024
0.978978978978979
0.9790419161676647
0.9791044776119403
0.9791666666666666
0.9792284866468842
0.9792899408284024
0.9793510324483776
0.9794117647058823
0.9794721407624634
0.9824046920821115
0.9824561403508771
0.9825072886297376
0.9854227405247813
0.9854651162790697
0.9855072463768116
0.9855491329479769
0.9884393063583815
0.9884726224783862
0.9885057471264368
0.9885386819484241
0.9885714285714285
0.9886039886039886
0.9886363636363636
0.9886685552407932
0.9887005649717514
0.9887323943661972
0.9887640449438202
0.988795518207283
0.9888268156424581
0.9888579387186629
0.9888888888888889
0.9889196675900277
0.988950276243094
0.9889807162534435
0.989010989010989
0.989041095890411
0.9890710382513661
0.989100817438692
0.9891304347826086
0.989159891598916
0.9891891891891892
0.9892183288409704
0.989247311827957
0.9892761394101877
0.9893048128342246
0.9893333333333333
0.9893617021276596
0.9893899204244032
0.9894179894179894
0.9894459102902374
0.9894736842105263
0.989501312335958
0.9895287958115183
0.9895561357702349
0.9895833333333334
0.9896103896103896
0.9896373056994818
0.9896640826873385
0.9896907216494846
0.9897172236503856
0.9897435897435898
0.989769820971867
0.9897959183673469
0.989821882951654
0.9898477157360406
0.9898734177215189
0.98989898989899
0.9899244332493703
0.9924433249370277
0.992462311557789
0.9924812030075187
0.9925
0.9925187032418953
0.9925373134328358
0.9925558312655087
0.9925742574257426
0.9925925925925926
0.9926108374384236
0.9926289926289926
0.9926470588235294
0.9926650366748166
0.9926829268292683
0.9927007299270073
0.9927184466019418
0.9927360774818402
0.9927536231884058
0.9927710843373494
0.9927884615384616
0.9928057553956835
0.992822966507177
0.9928400954653938
0.9928571428571429
0.9928741092636579
0.9928909952606635
0.9929078014184397
0.9929245283018868
0.9929411764705882
0.9929577464788732
0.9929742388758782
0.9929906542056075
0.993006993006993
0.9930232558139535
0.9930394431554525
0.9930555555555556
0.9930715935334873
0.9930875576036866
0.993103448275862
0.9931192660550459
0.9931350114416476
0.9931506849315068
0.9931662870159453
0.9931818181818182
0.9931972789115646
0.9932126696832579
0.9932279909706546
0.9932432432432432
0.9932584269662922
0.9932735426008968
0.9932885906040269
0.9933035714285714
0.9933184855233853
0.9933333333333333
0.9933481152993349
0.9933628318584071
0.9933774834437086
0.9933920704845814
0.9934065934065934
0.993421052631579
0.9934354485776805
0.9934497816593887
0.9934640522875817
0.9934782608695653
0.9934924078091106
0.9935064935064936
0.9935205183585313
0.9935344827586207
0.9935483870967742
0.9935622317596566
0.9935760171306209
0.9935897435897436
0.9936034115138592
0.9936170212765958
0.9936305732484076
0.9936440677966102
0.9936575052854123
0.9936708860759493
0.9936842105263158
0.9936974789915967
0.9937106918238994
0.9937238493723849
0.9937369519832986
0.99375
0.9937629937629938
0.9937759336099585
0.9937888198757764
0.993801652892562
0.9938144329896907
0.9938271604938271
0.9938398357289527
0.9938524590163934
0.9938650306748467
0.9938775510204082
0.9938900203665988
0.9939024390243902
0.9939148073022313
0.9939271255060729
0.9939393939393939
0.9939516129032258
0.993963782696177
0.9939759036144579
0.9939879759519038
0.994
0.9940119760479041
0.9940239043824701
0.9940357852882704
0.9940476190476191
0.994059405940594
0.9940711462450593
0.9940828402366864
0.9940944881889764
0.9941060903732809
0.9941176470588236
0.9941291585127201
0.994140625
0.9941520467836257
0.9941634241245136
0.9941747572815534
0.9941860465116279
0.9941972920696325
0.9942084942084942
0.9942196531791907
0.9942307692307693
0.9942418426103646
0.9942528735632183
0.994263862332696
0.9942748091603053
0.9942857142857143
0.9942965779467681
0.9943074003795066
0.9943181818181818
0.994328922495274
0.9943396226415094
0.9943502824858758
0.9943609022556391
0.9943714821763602
0.9943820224719101
0.994392523364486
0.9944029850746269
0.994413407821229
0.9944237918215614
0.9944341372912802
0.9944444444444445
0.9944547134935305
0.9944649446494465
0.994475138121547
0.9944852941176471
0.9944954128440368
0.9945054945054945
0.9945155393053017
0.9945255474452555
0.994535519125683
0.9945454545454545
0.9945553539019963
0.9963702359346642
0.9963768115942029
0.9963833634719711
0.9981916817359855
0.9981949458483754
0.9981981981981982
0.9982014388489209
0.9982046678635548
0.9982078853046595
0.998211091234347
0.9982142857142857
0.9982174688057041
0.998220640569395
0.9982238010657194
0.99822695035461
0.9982300884955753
0.9982332155477032
0.9982363315696648
0.9982394366197183
0.9982425307557118
0.9982456140350877
0.9982486865148862
0.9982517482517482
0.9982547993019197
0.9982578397212544
0.9982608695652174
0.9982638888888888
0.9982668977469671
0.9982698961937716
0.998272884283247
0.9982758620689656
0.9982788296041308
0.9982817869415808
0.9982847341337907
0.9982876712328768
0.9982905982905983
0.9982935153583617
0.9982964224872232
0.9982993197278912
0.99830220713073
0.9983050847457627
0.9983079526226735
0.9983108108108109
0.9983136593591906
0.9983164983164983
0.9983193277310924
0.9983221476510067
0.998324958123953
0.9983277591973244
0.998330550918197
0.9983333333333333
0.9983361064891847
0.9983388704318937
0.9983416252072969
0.9983443708609272
0.9983471074380166
0.9983498349834984
0.9983525535420099
0.9983552631578947
0.9983579638752053
0.9983606557377049
0.9983633387888707
0.9983660130718954
0.99836867862969
0.998371335504886
0.9983739837398374
0.9983766233766234
0.9983792544570502
0.9983818770226537
0.9983844911147012
0.9983870967741936
0.998389694041868
0.9983922829581994
0.9983948635634029
0.9983974358974359
0.9984
1.0
1.0
1.0
1.0
1.0
1.0
1.0
1.0
1.0
1.0
1.0
1.0
1.0
1.0
1.0
1.0
1.0
1.0
1.0
1.0
1.0
1.0
1.0
1.0
1.0
