1.0
1.0
1.0
1.0
1.0
1.0
1.0
1.0
1.0
1.0
1.0
1.0
1.0
1.0
1.0
1.0
1.0
1.0
1.0
1.0
1.0
1.0
1.0
1.0
1.0
1.0
1.0
0.13725490196078433
0.14215686274509803
0.14705882352941177
0.15196078431372548
0.1568627450980392
0.16176470588235295
0.16666666666666666
0.1715686274509804
0.17647058823529413
0.18137254901960784
0.18627450980392157
0.19117647058823528
0.19607843137254902
0.20098039215686275
0.20588235294117646
0.2107843137254902
0.21568627450980393
0.22058823529411764
0.22549019607843138
0.23039215686274508
0.23529411764705882
0.24019607843137256
0.24509803921568626
0.25
0.2549019607843137
0.25980392156862747
0.2647058823529412
0.2696078431372549
0.27450980392156865
0.27941176470588236
0.28431372549019607
0.28921568627450983
0.29411764705882354
0.29901960784313725
0.30392156862745096
0.3088235294117647
0.3137254901960784
0.31862745098039214
0.3235294117647059
0.3284313725490196
0.3333333333333333
0.3382352941176471
0.3431372549019608
0.3480392156862745
0.35294117647058826
0.35784313725490197
0.3627450980392157
0.36764705882352944
0.37254901960784315
0.37745098039215685
0.38235294117647056
0.3872549019607843
0.39215686274509803
0.39705882352941174
0.4019607843137255
0.4068627450980392
0.4117647058823529
0.4166666666666667
0.4215686274509804
0.4264705882352941
0.43137254901960786
0.4362745098039216
0.4411764705882353
0.44607843137254904
0.45098039215686275
0.45588235294117646
0.46078431372549017
0.46568627450980393
0.47058823529411764
0.47549019607843135
0.4803921568627451
0.4852941176470588
0.49019607843137253
0.4950980392156863
0.5
0.5049019607843137
0.5098039215686274
0.5147058823529411
0.5196078431372549
0.5245098039215687
0.5294117647058824
0.5343137254901961
0.5392156862745098
0.5441176470588235
0.5490196078431373
0.553921568627451
0.5588235294117647
0.5637254901960784
0.5686274509803921
0.5735294117647058
0.5784313725490197
0.5833333333333334
0.5882352941176471
0.5931372549019608
0.5980392156862745
0.6029411764705882
0.6078431372549019
0.6127450980392157
0.6176470588235294
0.6225490196078431
0.6274509803921569
0.6323529411764706
0.6372549019607843
0.6421568627450981
0.6470588235294118
1.0
1.0
1.0
1.0
1.0
1.0
1.0
1.0
1.0
1.0
1.0
1.0
1.0
1.0
1.0
1.0
1.0
1.0
1.0
1.0
1.0
1.0
1.0
1.0
1.0
1.0
1.0
0.13725490196078433
0.14215686274509803
0.14705882352941177
0.15196078431372548
0.1568627450980392
0.16176470588235295
0.16666666666666666
0.1715686274509804
0.17647058823529413
0.18137254901960784
0.18627450980392157
0.19117647058823528
0.19607843137254902
0.20098039215686275
0.20588235294117646
0.2107843137254902
0.21568627450980393
0.22058823529411764
0.22549019607843138
0.23039215686274508
0.23529411764705882
0.24019607843137256
0.24509803921568626
0.25
0.2549019607843137
0.25980392156862747
0.2647058823529412
0.2696078431372549
0.27450980392156865
0.27941176470588236
0.28431372549019607
0.28921568627450983
0.29411764705882354
0.29901960784313725
0.30392156862745096
0.3088235294117647
0.3137254901960784
0.31862745098039214
0.3235294117647059
0.3284313725490196
0.3333333333333333
0.3382352941176471
0.3431372549019608
0.3480392156862745
0.35294117647058826
0.35784313725490197
0.3627450980392157
0.36764705882352944
0.37254901960784315
0.37745098039215685
0.38235294117647056
0.3872549019607843
0.39215686274509803
0.39705882352941174
0.4019607843137255
0.4068627450980392
0.4117647058823529
0.4166666666666667
0.4215686274509804
0.4264705882352941
0.43137254901960786
0.4362745098039216
0.4411764705882353
0.44607843137254904
0.45098039215686275
0.45588235294117646
0.46078431372549017
0.46568627450980393
0.47058823529411764
0.47549019607843135
0.4803921568627451
0.4852941176470588
0.49019607843137253
0.4950980392156863
0.5
0.5049019607843137
0.5098039215686274
0.5147058823529411
0.5196078431372549
0.5245098039215687
0.5294117647058824
0.5343137254901961
0.5392156862745098
0.5441176470588235
0.5490196078431373
0.553921568627451
0.5588235294117647
0.5637254901960784
0.5686274509803921
0.5735294117647058
0.5784313725490197
0.5833333333333334
0.5882352941176471
0.5931372549019608
0.5980392156862745
0.6029411764705882
0.6078431372549019
0.6127450980392157
0.6176470588235294
0.6225490196078431
0.6274509803921569
0.6323529411764706
0.6372549019607843
0.6421568627450981
0.6470588235294118
1.0
1.0
1.0
1.0
1.0
1.0
1.0
1.0
1.0
1.0
1.0
1.0
1.0
1.0
1.0
1.0
1.0
1.0
1.0
1.0
1.0
1.0
1.0
1.0
1.0
1.0
1.0
1.0
1.0
1.0
1.0
1.0
1.0
1.0
1.0
1.0
1.0
1.0
1.0
1.0
1.0
1.0
1.0
1.0
1.0
1.0
1.0
1.0
1.0
1.0
1.0
1.0
1.0
1.0
0.13725490196078433
0.14215686274509803
0.14705882352941177
0.15196078431372548
0.1568627450980392
0.16176470588235295
0.16666666666666666
0.1715686274509804
0.17647058823529413
0.18137254901960784
0.18627450980392157
0.19117647058823528
0.19607843137254902
0.20098039215686275
0.20588235294117646
0.2107843137254902
0.21568627450980393
0.22058823529411764
0.22549019607843138
0.23039215686274508
0.23529411764705882
0.24019607843137256
0.24509803921568626
0.25
0.2549019607843137
0.25980392156862747
0.2647058823529412
0.2696078431372549
0.27450980392156865
0.27941176470588236
0.28431372549019607
0.28921568627450983
0.29411764705882354
0.29901960784313725
0.30392156862745096
0.3088235294117647
0.3137254901960784
0.31862745098039214
0.3235294117647059
0.3284313725490196
0.3333333333333333
0.3382352941176471
0.3431372549019608
0.3480392156862745
0.35294117647058826
0.35784313725490197
0.3627450980392157
0.36764705882352944
0.37254901960784315
0.37745098039215685
0.38235294117647056
0.3872549019607843
0.39215686274509803
0.39705882352941174
0.4019607843137255
0.4068627450980392
0.4117647058823529
0.4166666666666667
0.4215686274509804
0.4264705882352941
0.43137254901960786
0.4362745098039216
0.4411764705882353
0.44607843137254904
0.45098039215686275
0.45588235294117646
0.46078431372549017
0.46568627450980393
0.47058823529411764
0.47549019607843135
0.4803921568627451
0.4852941176470588
0.49019607843137253
0.4950980392156863
0.5
0.5049019607843137
0.5098039215686274
0.5147058823529411
0.5196078431372549
0.5245098039215687
0.5294117647058824
0.5343137254901961
0.5392156862745098
0.5441176470588235
0.5490196078431373
0.553921568627451
0.5588235294117647
0.5637254901960784
0.5686274509803921
0.5735294117647058
0.5784313725490197
0.5833333333333334
0.5882352941176471
0.5931372549019608
0.5980392156862745
0.6029411764705882
0.6078431372549019
0.6127450980392157
0.6176470588235294
0.6225490196078431
0.6274509803921569
0.6323529411764706
0.6372549019607843
0.6421568627450981
0.6470588235294118
1.0
1.0
1.0
1.0
1.0
1.0
1.0
1.0
1.0
1.0
1.0
1.0
1.0
1.0
1.0
1.0
1.0
1.0
1.0
1.0
1.0
1.0
1.0
1.0
1.0
1.0
1.0
0.13725490196078433
0.14215686274509803
0.14705882352941177
0.15196078431372548
0.1568627450980392
0.16176470588235295
0.16666666666666666
0.1715686274509804
0.17647058823529413
0.18137254901960784
0.18627450980392157
0.19117647058823528
0.19607843137254902
0.20098039215686275
0.20588235294117646
0.2107843137254902
0.21568627450980393
0.22058823529411764
0.22549019607843138
0.23039215686274508
0.23529411764705882
0.24019607843137256
0.24509803921568626
0.25
0.2549019607843137
0.25980392156862747
0.2647058823529412
0.2696078431372549
0.27450980392156865
0.27941176470588236
0.28431372549019607
0.28921568627450983
0.29411764705882354
0.29901960784313725
0.30392156862745096
0.3088235294117647
0.3137254901960784
0.31862745098039214
0.3235294117647059
0.3284313725490196
0.3333333333333333
0.3382352941176471
0.3431372549019608
0.3480392156862745
0.35294117647058826
0.35784313725490197
0.3627450980392157
0.36764705882352944
0.37254901960784315
0.37745098039215685
0.38235294117647056
0.3872549019607843
0.39215686274509803
0.39705882352941174
0.4019607843137255
0.4068627450980392
0.4117647058823529
0.4166666666666667
0.4215686274509804
0.4264705882352941
0.43137254901960786
0.4362745098039216
0.4411764705882353
0.44607843137254904
0.45098039215686275
0.45588235294117646
0.46078431372549017
0.46568627450980393
0.47058823529411764
0.47549019607843135
0.4803921568627451
0.4852941176470588
0.49019607843137253
0.4950980392156863
0.5
0.5049019607843137
0.5098039215686274
0.5147058823529411
0.5196078431372549
0.5245098039215687
0.5294117647058824
0.5343137254901961
0.5392156862745098
0.5441176470588235
0.5490196078431373
0.553921568627451
0.5588235294117647
0.5637254901960784
0.5686274509803921
0.5735294117647058
0.5784313725490197
0.5833333333333334
0.5882352941176471
0.5931372549019608
0.5980392156862745
0.6029411764705882
0.6078431372549019
0.6127450980392157
0.6176470588235294
0.6225490196078431
0.6274509803921569
0.6323529411764706
0.6372549019607843
0.6421568627450981
0.6470588235294118
1.0
1.0
1.0
1.0
1.0
1.0
1.0
1.0
1.0
1.0
1.0
1.0
1.0
1.0
1.0
1.0
1.0
1.0
1.0
1.0
1.0
1.0
1.0
1.0
1.0
1.0
1.0
0.13725490196078433
0.14215686274509803
0.14705882352941177
0.15196078431372548
0.1568627450980392
0.16176470588235295
0.16666666666666666
0.1715686274509804
0.17647058823529413
0.18137254901960784
0.18627450980392157
0.19117647058823528
0.19607843137254902
0.20098039215686275
0.20588235294117646
0.2107843137254902
0.21568627450980393
0.22058823529411764
0.22549019607843138
0.23039215686274508
0.23529411764705882
0.24019607843137256
0.24509803921568626
0.25
0.2549019607843137
0.25980392156862747
0.2647058823529412
0.2696078431372549
0.27450980392156865
0.27941176470588236
0.28431372549019607
0.28921568627450983
0.29411764705882354
0.29901960784313725
0.30392156862745096
0.3088235294117647
0.3137254901960784
0.31862745098039214
0.3235294117647059
0.3284313725490196
0.3333333333333333
0.3382352941176471
0.3431372549019608
0.3480392156862745
0.35294117647058826
0.35784313725490197
0.3627450980392157
0.36764705882352944
0.37254901960784315
0.37745098039215685
0.38235294117647056
0.3872549019607843
0.39215686274509803
0.39705882352941174
0.4019607843137255
0.4068627450980392
0.4117647058823529
0.4166666666666667
0.4215686274509804
0.4264705882352941
0.43137254901960786
0.4362745098039216
0.4411764705882353
0.44607843137254904
0.45098039215686275
0.45588235294117646
0.46078431372549017
0.46568627450980393
0.47058823529411764
0.47549019607843135
0.4803921568627451
0.4852941176470588
0.49019607843137253
0.4950980392156863
0.5
0.5049019607843137
0.5098039215686274
0.5147058823529411
0.5196078431372549
0.5245098039215687
0.5294117647058824
0.5343137254901961
0.5392156862745098
0.5441176470588235
0.5490196078431373
0.553921568627451
0.5588235294117647
0.5637254901960784
0.5686274509803921
0.5735294117647058
0.5784313725490197
0.5833333333333334
0.5882352941176471
0.5931372549019608
0.5980392156862745
0.6029411764705882
0.6078431372549019
0.6127450980392157
0.6176470588235294
0.6225490196078431
0.6274509803921569
0.6323529411764706
0.6372549019607843
0.6421568627450981
0.6470588235294118
1.0
1.0
1.0
1.0
1.0
1.0
1.0
1.0
1.0
1.0
1.0
1.0
1.0
1.0
1.0
1.0
1.0
1.0
1.0
1.0
1.0
1.0
1.0
1.0
1.0
1.0
1.0
0.13725490196078433
0.14215686274509803
0.14705882352941177
0.15196078431372548
0.1568627450980392
0.16176470588235295
0.16666666666666666
0.1715686274509804
0.17647058823529413
0.18137254901960784
0.18627450980392157
0.19117647058823528
0.19607843137254902
0.20098039215686275
0.20588235294117646
0.2107843137254902
0.21568627450980393
0.22058823529411764
0.22549019607843138
0.23039215686274508
0.23529411764705882
0.24019607843137256
0.24509803921568626
0.25
0.2549019607843137
0.25980392156862747
0.2647058823529412
0.2696078431372549
0.27450980392156865
0.27941176470588236
0.28431372549019607
0.28921568627450983
0.29411764705882354
0.29901960784313725
0.30392156862745096
0.3088235294117647
0.3137254901960784
0.31862745098039214
0.3235294117647059
0.3284313725490196
0.3333333333333333
0.3382352941176471
0.3431372549019608
0.3480392156862745
0.35294117647058826
0.35784313725490197
0.3627450980392157
0.36764705882352944
0.37254901960784315
0.37745098039215685
0.38235294117647056
0.3872549019607843
0.39215686274509803
0.39705882352941174
0.4019607843137255
0.4068627450980392
0.4117647058823529
0.4166666666666667
0.4215686274509804
0.4264705882352941
0.43137254901960786
0.4362745098039216
0.4411764705882353
0.44607843137254904
0.45098039215686275
0.45588235294117646
0.46078431372549017
0.46568627450980393
0.47058823529411764
0.47549019607843135
0.4803921568627451
0.4852941176470588
0.49019607843137253
0.4950980392156863
0.5
0.5049019607843137
0.5098039215686274
0.5147058823529411
0.5196078431372549
0.5245098039215687
0.5294117647058824
0.5343137254901961
0.5392156862745098
0.5441176470588235
0.5490196078431373
0.553921568627451
0.5588235294117647
0.5637254901960784
0.5686274509803921
0.5735294117647058
0.5784313725490197
0.5833333333333334
0.5882352941176471
0.5931372549019608
0.5980392156862745
0.6029411764705882
0.6078431372549019
0.6127450980392157
0.6176470588235294
0.6225490196078431
0.6274509803921569
0.6323529411764706
0.6372549019607843
0.6421568627450981
0.6470588235294118
