1.0
1.0
1.0
1.0
1.0
1.0
1.0
1.0
1.0
1.0
1.0
1.0
1.0
1.0
1.0
1.0
1.0
1.0
0.7307692307692307
0.7692307692307693
0.8076923076923077
0.8461538461538461
0.8846153846153846
0.9230769230769231
0.9615384615384616
1.0
0.8709677419354839
0.875
0.90625
0.9375
0.96875
1.0
0.8918918918918919
0.918918918918919
0.9459459459459459
0.972972972972973
1.0
1.0
1.0
1.0
1.0
1.0
1.0
1.0
1.0
1.0
1.0
1.0
1.0
1.0
1.0
1.0
1.0
1.0
1.0
0.7307692307692307
0.7692307692307693
0.8076923076923077
0.8461538461538461
0.8846153846153846
0.9230769230769231
0.9615384615384616
1.0
0.8709677419354839
0.9032258064516129
0.9354838709677419
0.967741935483871
0.96875
0.9696969696969697
0.9705882352941176
0.9714285714285714
0.9722222222222222
0.972972972972973
1.0
1.0
1.0
1.0
1.0
1.0
1.0
1.0
1.0
1.0
1.0
1.0
1.0
1.0
1.0
1.0
1.0
1.0
1.0
1.0
1.0
1.0
1.0
1.0
1.0
1.0
1.0
1.0
1.0
1.0
1.0
1.0
1.0
1.0
1.0
1.0
1.0
0.7307692307692307
0.7692307692307693
0.8076923076923077
0.8461538461538461
0.8846153846153846
0.9230769230769231
0.9615384615384616
1.0
0.8709677419354839
0.9032258064516129
0.9354838709677419
0.967741935483871
0.96875
0.9696969696969697
0.9705882352941176
0.9714285714285714
0.9722222222222222
0.972972972972973
1.0
1.0
1.0
1.0
1.0
1.0
1.0
1.0
1.0
1.0
1.0
1.0
1.0
1.0
1.0
1.0
1.0
1.0
1.0
0.7307692307692307
0.7692307692307693
0.8076923076923077
0.8461538461538461
0.8846153846153846
0.9230769230769231
0.9615384615384616
1.0
0.8709677419354839
0.875
0.90625
0.9375
0.96875
1.0
0.8918918918918919
0.918918918918919
0.9459459459459459
0.972972972972973
1.0
1.0
1.0
1.0
1.0
1.0
1.0
1.0
1.0
1.0
1.0
1.0
1.0
1.0
1.0
1.0
1.0
1.0
1.0
0.7307692307692307
0.7692307692307693
0.8076923076923077
0.8461538461538461
0.8846153846153846
0.9230769230769231
0.9615384615384616
1.0
0.8709677419354839
0.875
0.90625
0.9375
0.96875
1.0
0.8918918918918919
0.918918918918919
0.9459459459459459
0.972972972972973
1.0
1.0
1.0
1.0
1.0
1.0
1.0
1.0
1.0
1.0
1.0
1.0
1.0
1.0
1.0
1.0
1.0
1.0
1.0
0.7307692307692307
0.7692307692307693
0.8076923076923077
0.8461538461538461
0.8846153846153846
0.9230769230769231
0.9615384615384616
1.0
0.8709677419354839
0.9032258064516129
0.9354838709677419
0.967741935483871
0.96875
0.9696969696969697
0.9705882352941176
0.9714285714285714
0.9722222222222222
0.972972972972973
1.0
