1.0
1.0
1.0
1.0
1.0
1.0
1.0
1.0
1.0
1.0
1.0
1.0
0.22033898305084745
0.23333333333333334
0.2459016393442623
0.25806451612903225
0.2698412698412698
0.28125
0.2923076923076923
0.30303030303030304
0.3088235294117647
0.3188405797101449
0.32857142857142857
0.3380281690140845
0.3472222222222222
0.3561643835616438
0.36486486486486486
1.0
1.0
1.0
1.0
1.0
1.0
1.0
1.0
1.0
1.0
1.0
1.0
0.22033898305084745
0.23333333333333334
0.2459016393442623
0.25806451612903225
0.2698412698412698
0.28125
0.2923076923076923
0.30303030303030304
0.3088235294117647
0.3188405797101449
0.32857142857142857
0.3380281690140845
0.3472222222222222
0.3561643835616438
0.36486486486486486
1.0
1.0
1.0
1.0
1.0
1.0
1.0
1.0
1.0
1.0
1.0
1.0
0.22033898305084745
0.23333333333333334
0.2459016393442623
0.25806451612903225
0.2698412698412698
0.28125
0.2923076923076923
0.30303030303030304
0.3088235294117647
0.3188405797101449
0.32857142857142857
0.3380281690140845
0.3472222222222222
0.3561643835616438
0.36486486486486486
1.0
1.0
1.0
1.0
1.0
1.0
1.0
1.0
1.0
1.0
1.0
1.0
0.22033898305084745
0.23333333333333334
0.2459016393442623
0.25806451612903225
0.2698412698412698
0.28125
0.2923076923076923
0.30303030303030304
0.3088235294117647
0.3188405797101449
0.32857142857142857
0.3380281690140845
0.3472222222222222
0.3561643835616438
0.36486486486486486
1.0
1.0
1.0
1.0
1.0
1.0
1.0
1.0
1.0
1.0
1.0
1.0
1.0
1.0
1.0
1.0
1.0
1.0
1.0
1.0
1.0
1.0
1.0
1.0
1.0
1.0
1.0
1.0
1.0
1.0
1.0
1.0
1.0
1.0
1.0
1.0
1.0
1.0
1.0
0.22033898305084745
0.23333333333333334
0.2459016393442623
0.25806451612903225
0.2698412698412698
0.28125
0.2923076923076923
0.30303030303030304
0.3088235294117647
0.3188405797101449
0.32857142857142857
0.3380281690140845
0.3472222222222222
0.3561643835616438
0.36486486486486486
1.0
1.0
1.0
1.0
1.0
1.0
1.0
1.0
1.0
1.0
1.0
1.0
1.0
1.0
1.0
1.0
1.0
1.0
1.0
1.0
1.0
1.0
1.0
1.0
1.0
1.0
1.0
1.0
1.0
1.0
1.0
1.0
1.0
1.0
1.0
1.0
1.0
1.0
1.0
0.22033898305084745
0.23333333333333334
0.2459016393442623
0.25806451612903225
0.2698412698412698
0.28125
0.2923076923076923
0.30303030303030304
0.3088235294117647
0.3188405797101449
0.32857142857142857
0.3380281690140845
0.3472222222222222
0.3561643835616438
0.36486486486486486
1.0
1.0
1.0
1.0
1.0
1.0
1.0
1.0
1.0
1.0
1.0
1.0
0.22033898305084745
0.23333333333333334
0.2459016393442623
0.25806451612903225
0.2698412698412698
0.28125
0.2923076923076923
0.30303030303030304
0.3088235294117647
0.3188405797101449
0.32857142857142857
0.3380281690140845
0.3472222222222222
0.3561643835616438
0.36486486486486486
1.0
1.0
1.0
1.0
1.0
1.0
1.0
1.0
1.0
1.0
1.0
1.0
0.22033898305084745
0.23333333333333334
0.2459016393442623
0.25806451612903225
0.2698412698412698
0.28125
0.2923076923076923
0.30303030303030304
0.3088235294117647
0.3188405797101449
0.32857142857142857
0.3380281690140845
0.3472222222222222
0.3561643835616438
0.36486486486486486
1.0
1.0
1.0
1.0
1.0
1.0
1.0
1.0
1.0
1.0
1.0
1.0
0.22033898305084745
0.23333333333333334
0.2459016393442623
0.25806451612903225
0.2698412698412698
0.28125
0.2923076923076923
0.30303030303030304
0.3088235294117647
0.3188405797101449
0.32857142857142857
0.3380281690140845
0.3472222222222222
0.3561643835616438
0.36486486486486486
1.0
1.0
1.0
1.0
1.0
1.0
1.0
1.0
1.0
1.0
1.0
1.0
0.22033898305084745
0.23333333333333334
0.2459016393442623
0.25806451612903225
0.2698412698412698
0.28125
0.2923076923076923
0.30303030303030304
0.3088235294117647
0.3188405797101449
0.32857142857142857
0.3380281690140845
0.3472222222222222
0.3561643835616438
0.36486486486486486
1.0
1.0
1.0
1.0
1.0
1.0
1.0
1.0
1.0
1.0
1.0
1.0
0.22033898305084745
0.23333333333333334
0.2459016393442623
0.25806451612903225
0.2698412698412698
0.28125
0.2923076923076923
0.30303030303030304
0.3088235294117647
0.3188405797101449
0.32857142857142857
0.3380281690140845
0.3472222222222222
0.3561643835616438
0.36486486486486486
1.0
1.0
1.0
1.0
1.0
1.0
1.0
1.0
1.0
1.0
1.0
1.0
0.22033898305084745
0.23333333333333334
0.2459016393442623
0.25806451612903225
0.2698412698412698
0.28125
0.2923076923076923
0.30303030303030304
0.3088235294117647
0.3188405797101449
0.32857142857142857
0.3380281690140845
0.3472222222222222
0.3561643835616438
0.36486486486486486
