1.0
1.0
1.0
1.0
1.0
1.0
1.0
1.0
1.0
1.0
1.0
1.0
1.0
1.0
1.0
1.0
1.0
1.0
0.8636363636363636
0.8695652173913043
0.3684210526315789
0.38596491228070173
0.40350877192982454
0.42105263157894735
0.43859649122807015
0.45614035087719296
0.47368421052631576
0.49122807017543857
0.5087719298245614
0.5263157894736842
0.543859649122807
0.5614035087719298
0.5789473684210527
0.5964912280701754
0.6140350877192983
0.631578947368421
0.6491228070175439
0.6666666666666666
0.6842105263157895
0.7017543859649122
0.7192982456140351
0.7241379310344828
0.7288135593220338
0.7333333333333333
0.7377049180327869
0.7419354838709677
0.746031746031746
0.75
1.0
1.0
1.0
1.0
1.0
1.0
1.0
1.0
1.0
1.0
1.0
1.0
1.0
1.0
1.0
1.0
1.0
1.0
0.8636363636363636
0.8695652173913043
0.3684210526315789
0.38596491228070173
0.40350877192982454
0.42105263157894735
0.43859649122807015
0.45614035087719296
0.47368421052631576
0.49122807017543857
0.5087719298245614
0.5263157894736842
0.543859649122807
0.5614035087719298
0.5789473684210527
0.5964912280701754
0.6140350877192983
0.631578947368421
0.6491228070175439
0.6666666666666666
0.6842105263157895
0.7017543859649122
0.7192982456140351
0.7241379310344828
0.7288135593220338
0.7333333333333333
0.7377049180327869
0.7419354838709677
0.746031746031746
0.75
1.0
1.0
1.0
1.0
1.0
1.0
1.0
1.0
1.0
1.0
1.0
1.0
1.0
1.0
1.0
1.0
1.0
1.0
1.0
1.0
1.0
1.0
1.0
1.0
1.0
1.0
1.0
1.0
1.0
1.0
1.0
1.0
1.0
1.0
1.0
1.0
1.0
1.0
0.8636363636363636
0.8695652173913043
0.3684210526315789
0.38596491228070173
0.40350877192982454
0.42105263157894735
0.43859649122807015
0.45614035087719296
0.47368421052631576
0.49122807017543857
0.5087719298245614
0.5263157894736842
0.543859649122807
0.5614035087719298
0.5789473684210527
0.5964912280701754
0.6140350877192983
0.631578947368421
0.6491228070175439
0.6666666666666666
0.6842105263157895
0.7017543859649122
0.7192982456140351
0.7241379310344828
0.7288135593220338
0.7333333333333333
0.7377049180327869
0.7419354838709677
0.746031746031746
0.75
0.765625
0.78125
0.796875
0.8125
0.828125
0.84375
0.859375
0.875
0.890625
0.90625
0.921875
1.0
1.0
1.0
1.0
1.0
1.0
1.0
1.0
1.0
1.0
1.0
1.0
1.0
1.0
1.0
1.0
1.0
1.0
0.8636363636363636
0.8695652173913043
0.3684210526315789
0.38596491228070173
0.40350877192982454
0.42105263157894735
0.43859649122807015
0.45614035087719296
0.47368421052631576
0.49122807017543857
0.5087719298245614
0.5263157894736842
0.543859649122807
0.5614035087719298
0.5689655172413793
0.576271186440678
0.5833333333333334
0.5901639344262295
0.5967741935483871
0.6031746031746031
0.609375
0.625
0.640625
0.65625
0.671875
0.6875
0.703125
0.71875
0.734375
0.75
0.765625
0.78125
0.796875
0.8125
0.828125
0.84375
0.859375
0.875
0.890625
0.90625
0.921875
1.0
1.0
1.0
1.0
1.0
1.0
1.0
1.0
1.0
1.0
1.0
1.0
1.0
1.0
1.0
1.0
1.0
1.0
0.8636363636363636
0.8695652173913043
0.3684210526315789
0.38596491228070173
0.40350877192982454
0.42105263157894735
0.43859649122807015
0.45614035087719296
0.47368421052631576
0.49122807017543857
0.5087719298245614
0.5263157894736842
0.543859649122807
0.5614035087719298
0.5689655172413793
0.576271186440678
0.5833333333333334
0.5901639344262295
0.5967741935483871
0.6031746031746031
0.609375
0.625
0.640625
0.65625
0.671875
0.6875
0.703125
0.71875
0.734375
0.75
0.765625
0.78125
0.796875
0.8125
0.828125
0.84375
0.859375
0.875
0.890625
0.90625
0.921875
1.0
1.0
1.0
1.0
1.0
1.0
1.0
1.0
1.0
1.0
1.0
1.0
1.0
1.0
1.0
1.0
1.0
1.0
0.8636363636363636
0.8695652173913043
0.3684210526315789
0.38596491228070173
0.40350877192982454
0.42105263157894735
0.43859649122807015
0.45614035087719296
0.47368421052631576
0.49122807017543857
0.5087719298245614
0.5263157894736842
0.543859649122807
0.5614035087719298
0.5789473684210527
0.5964912280701754
0.6140350877192983
0.631578947368421
0.6491228070175439
0.6666666666666666
0.6842105263157895
0.7017543859649122
0.7192982456140351
0.7241379310344828
0.7288135593220338
0.7333333333333333
0.7377049180327869
0.7419354838709677
0.746031746031746
0.75
0.765625
0.78125
0.796875
0.8125
0.828125
0.84375
0.859375
0.875
0.890625
0.90625
0.921875
