1.0
1.0
1.0
1.0
1.0
1.0
1.0
1.0
1.0
1.0
0.5
0.5454545454545454
0.5909090909090909
0.6363636363636364
0.6818181818181818
0.7272727272727273
0.7727272727272727
0.8181818181818182
0.8636363636363636
0.8695652173913043
0.9130434782608695
0.9166666666666666
0.92
0.9230769230769231
0.9259259259259259
0.9285714285714286
0.9310344827586207
0.9333333333333333
0.9354838709677419
0.9375
0.96875
0.9696969696969697
0.9705882352941176
1.0
1.0
1.0
1.0
1.0
1.0
1.0
1.0
1.0
1.0
0.5
0.5454545454545454
0.5909090909090909
0.6363636363636364
0.6818181818181818
0.7272727272727273
0.7727272727272727
0.8181818181818182
0.8636363636363636
0.8695652173913043
0.9130434782608695
0.9166666666666666
0.92
0.9230769230769231
0.9259259259259259
0.9285714285714286
0.9310344827586207
0.9333333333333333
0.9354838709677419
0.9375
0.96875
0.9696969696969697
0.9705882352941176
1.0
1.0
1.0
1.0
1.0
1.0
1.0
1.0
1.0
1.0
0.55
0.6
0.65
0.6666666666666666
0.7142857142857143
0.7619047619047619
0.7727272727272727
0.8181818181818182
0.8636363636363636
0.9090909090909091
0.9130434782608695
0.9166666666666666
0.92
0.9230769230769231
0.9259259259259259
0.9285714285714286
0.9310344827586207
0.9333333333333333
0.9354838709677419
0.9375
0.96875
1.0
1.0
1.0
1.0
1.0
1.0
1.0
1.0
1.0
1.0
0.5
0.5454545454545454
0.5909090909090909
0.6363636363636364
0.6818181818181818
0.7272727272727273
0.7727272727272727
0.8181818181818182
0.8636363636363636
0.8695652173913043
0.9130434782608695
0.9166666666666666
0.92
0.9230769230769231
0.9259259259259259
0.9285714285714286
0.9310344827586207
0.9333333333333333
0.9354838709677419
0.9375
1.0
1.0
1.0
1.0
1.0
1.0
1.0
1.0
1.0
1.0
0.5
0.5454545454545454
0.5909090909090909
0.6363636363636364
0.6818181818181818
0.7272727272727273
0.7727272727272727
0.8181818181818182
0.8636363636363636
0.8695652173913043
0.9130434782608695
0.9166666666666666
0.92
0.9230769230769231
0.9259259259259259
0.9285714285714286
0.9310344827586207
0.9333333333333333
0.9354838709677419
0.9375
0.96875
0.9696969696969697
0.9705882352941176
1.0
1.0
1.0
1.0
1.0
1.0
1.0
1.0
1.0
1.0
0.5
0.5454545454545454
0.5909090909090909
0.6363636363636364
0.6818181818181818
0.7272727272727273
0.7727272727272727
0.8181818181818182
0.8636363636363636
0.8695652173913043
0.9130434782608695
0.9166666666666666
0.92
0.9230769230769231
0.9259259259259259
0.9285714285714286
0.9310344827586207
0.9333333333333333
0.9354838709677419
0.9375
0.96875
0.9696969696969697
0.9705882352941176
