1.0
1.0
1.0
1.0
1.0
1.0
1.0
1.0
1.0
1.0
1.0
1.0
1.0
1.0
1.0
1.0
1.0
1.0
1.0
1.0
1.0
1.0
1.0
1.0
1.0
1.0
1.0
1.0
0.2871287128712871
0.29411764705882354
0.30097087378640774
0.3076923076923077
0.3142857142857143
0.32075471698113206
0.32710280373831774
0.3333333333333333
0.3394495412844037
0.34545454545454546
0.35135135135135137
0.35714285714285715
0.36283185840707965
0.3684210526315789
0.3739130434782609
0.3793103448275862
0.38461538461538464
0.1513157894736842
0.1540983606557377
0.1568627450980392
0.15960912052117263
0.16233766233766234
0.1650485436893204
0.16774193548387098
0.17041800643086816
0.17307692307692307
0.1757188498402556
0.17834394904458598
0.18095238095238095
0.17159763313609466
0.17455621301775148
0.17751479289940827
0.1804733727810651
0.1834319526627219
0.1863905325443787
0.1893491124260355
0.19230769230769232
0.1952662721893491
0.19822485207100593
0.20118343195266272
0.20414201183431951
0.20710059171597633
0.21005917159763313
0.21301775147928995
0.21597633136094674
0.21893491124260356
0.22189349112426035
0.22485207100591717
0.22781065088757396
0.23076923076923078
0.23372781065088757
0.23668639053254437
1.0
1.0
1.0
1.0
1.0
1.0
1.0
1.0
1.0
1.0
1.0
1.0
1.0
1.0
1.0
1.0
1.0
1.0
1.0
1.0
1.0
1.0
1.0
1.0
1.0
1.0
1.0
1.0
0.2871287128712871
0.29411764705882354
0.30097087378640774
0.3076923076923077
0.3142857142857143
0.32075471698113206
0.32710280373831774
0.3333333333333333
0.3394495412844037
0.34545454545454546
0.35135135135135137
0.35714285714285715
0.36283185840707965
0.3684210526315789
0.3739130434782609
0.3793103448275862
0.38461538461538464
0.1513157894736842
0.1540983606557377
0.1568627450980392
0.15960912052117263
0.16233766233766234
0.1650485436893204
0.16774193548387098
0.17041800643086816
0.17307692307692307
0.1757188498402556
0.17834394904458598
0.18095238095238095
0.17159763313609466
0.17455621301775148
0.17751479289940827
0.1804733727810651
0.1834319526627219
0.1863905325443787
0.1893491124260355
0.19230769230769232
0.1952662721893491
0.19822485207100593
0.20118343195266272
0.20414201183431951
0.20710059171597633
0.21005917159763313
0.21301775147928995
0.21597633136094674
0.21893491124260356
0.22189349112426035
0.22485207100591717
0.22781065088757396
0.23076923076923078
0.23372781065088757
0.23668639053254437
1.0
1.0
1.0
1.0
1.0
1.0
1.0
1.0
1.0
1.0
1.0
1.0
1.0
1.0
1.0
1.0
1.0
1.0
1.0
1.0
1.0
1.0
1.0
1.0
1.0
1.0
1.0
1.0
1.0
1.0
1.0
1.0
1.0
1.0
1.0
1.0
1.0
1.0
1.0
1.0
1.0
1.0
1.0
1.0
1.0
1.0
1.0
1.0
1.0
1.0
1.0
1.0
1.0
1.0
1.0
1.0
1.0
1.0
1.0
1.0
1.0
1.0
1.0
1.0
1.0
1.0
1.0
1.0
1.0
1.0
1.0
1.0
1.0
1.0
1.0
1.0
1.0
1.0
1.0
1.0
1.0
1.0
1.0
1.0
1.0
0.2871287128712871
0.29411764705882354
0.30097087378640774
0.3076923076923077
0.3142857142857143
0.32075471698113206
0.32710280373831774
0.3333333333333333
0.3394495412844037
0.34545454545454546
0.35135135135135137
0.35714285714285715
0.36283185840707965
0.3684210526315789
0.3739130434782609
0.3793103448275862
0.38461538461538464
0.1513157894736842
0.1540983606557377
0.1568627450980392
0.15960912052117263
0.16233766233766234
0.1650485436893204
0.16774193548387098
0.17041800643086816
0.17307692307692307
0.1757188498402556
0.17834394904458598
0.18095238095238095
0.17159763313609466
0.17455621301775148
1.0
1.0
1.0
1.0
1.0
1.0
1.0
1.0
1.0
1.0
1.0
1.0
1.0
1.0
1.0
1.0
1.0
1.0
1.0
1.0
1.0
1.0
1.0
1.0
1.0
1.0
1.0
1.0
0.2871287128712871
0.29411764705882354
0.30097087378640774
0.3076923076923077
0.3142857142857143
0.32075471698113206
0.32710280373831774
0.3333333333333333
0.3394495412844037
0.34545454545454546
0.35135135135135137
0.35714285714285715
0.36283185840707965
0.3684210526315789
0.3739130434782609
0.3793103448275862
0.38461538461538464
0.1513157894736842
0.1540983606557377
0.1568627450980392
0.15960912052117263
0.16233766233766234
0.1650485436893204
0.16774193548387098
0.17041800643086816
0.17307692307692307
0.1757188498402556
0.17834394904458598
0.18095238095238095
0.17159763313609466
0.17455621301775148
0.17751479289940827
0.1804733727810651
1.0
1.0
1.0
1.0
1.0
1.0
1.0
1.0
1.0
1.0
1.0
1.0
1.0
1.0
1.0
1.0
1.0
1.0
1.0
1.0
1.0
1.0
1.0
1.0
1.0
1.0
1.0
1.0
0.2871287128712871
0.29411764705882354
0.30097087378640774
0.3076923076923077
0.3142857142857143
0.32075471698113206
0.32710280373831774
0.3333333333333333
0.3394495412844037
0.34545454545454546
0.35135135135135137
0.35714285714285715
0.36283185840707965
0.3684210526315789
0.3739130434782609
0.3793103448275862
0.38461538461538464
0.1513157894736842
0.1540983606557377
0.1568627450980392
0.15960912052117263
0.16233766233766234
0.1650485436893204
0.16774193548387098
0.17041800643086816
0.17307692307692307
0.1757188498402556
0.17834394904458598
0.18095238095238095
0.17159763313609466
0.17455621301775148
0.17751479289940827
0.1804733727810651
0.1834319526627219
0.1863905325443787
0.1893491124260355
0.19230769230769232
0.1952662721893491
0.19822485207100593
0.20118343195266272
0.20414201183431951
0.20710059171597633
0.21005917159763313
0.21301775147928995
0.21597633136094674
0.21893491124260356
0.22189349112426035
0.22485207100591717
0.22781065088757396
0.23076923076923078
0.23372781065088757
0.23668639053254437
1.0
1.0
1.0
1.0
1.0
1.0
1.0
1.0
1.0
1.0
1.0
1.0
1.0
1.0
1.0
1.0
1.0
1.0
1.0
1.0
1.0
1.0
1.0
1.0
1.0
1.0
1.0
1.0
0.2871287128712871
0.29411764705882354
0.30097087378640774
0.3076923076923077
0.3142857142857143
0.32075471698113206
0.32710280373831774
0.3333333333333333
0.3394495412844037
0.34545454545454546
0.35135135135135137
0.35714285714285715
0.36283185840707965
0.3684210526315789
0.3739130434782609
0.3793103448275862
0.38461538461538464
0.1513157894736842
0.1540983606557377
0.1568627450980392
0.15960912052117263
0.16233766233766234
0.1650485436893204
0.16774193548387098
0.17041800643086816
0.17307692307692307
0.1757188498402556
0.17834394904458598
0.18095238095238095
0.17159763313609466
0.17455621301775148
0.17751479289940827
0.1804733727810651
0.1834319526627219
0.1863905325443787
0.1893491124260355
0.19230769230769232
0.1952662721893491
0.19822485207100593
0.20118343195266272
0.20414201183431951
0.20710059171597633
0.21005917159763313
0.21301775147928995
0.21597633136094674
0.21893491124260356
0.22189349112426035
0.22485207100591717
0.22781065088757396
0.23076923076923078
0.23372781065088757
0.23668639053254437
