1.0
1.0
1.0
1.0
1.0
1.0
1.0
1.0
1.0
1.0
1.0
1.0
1.0
1.0
1.0
1.0
1.0
1.0
1.0
1.0
1.0
1.0
1.0
1.0
1.0
1.0
1.0
1.0
1.0
1.0
1.0
1.0
1.0
1.0
0.7777777777777778
0.782608695652174
0.7872340425531915
0.7916666666666666
0.7959183673469388
0.8
0.803921568627451
0.8076923076923077
0.8113207547169812
0.8148148148148148
0.8181818181818182
0.8214285714285714
0.8245614035087719
0.8275862068965517
0.8305084745762712
0.8333333333333334
0.8360655737704918
0.8387096774193549
0.8412698412698413
0.84375
0.8461538461538461
0.8484848484848485
0.8507462686567164
0.8529411764705882
0.855072463768116
0.8571428571428571
0.8591549295774648
0.8611111111111112
0.863013698630137
0.8648648648648649
0.8666666666666667
0.868421052631579
0.8701298701298701
0.8717948717948718
0.8734177215189873
0.875
0.8765432098765432
0.8780487804878049
0.8795180722891566
0.8809523809523809
0.8823529411764706
0.8837209302325582
0.8850574712643678
0.8863636363636364
0.8876404494382022
0.8888888888888888
0.8901098901098901
0.8118811881188119
0.8137254901960784
0.8155339805825242
0.8173076923076923
0.819047619047619
0.8207547169811321
0.822429906542056
0.8240740740740741
0.8256880733944955
0.8272727272727273
0.8288288288288288
0.8303571428571429
0.831858407079646
0.8333333333333334
0.8347826086956521
0.8362068965517241
0.8376068376068376
0.8389830508474576
0.8403361344537815
0.8416666666666667
0.8429752066115702
0.8442622950819673
0.8455284552845529
0.8467741935483871
0.848
0.8492063492063492
0.8503937007874016
0.8515625
0.8527131782945736
0.8538461538461538
0.8549618320610687
0.8560606060606061
0.8571428571428571
0.8582089552238806
0.8592592592592593
0.8602941176470589
0.8613138686131386
0.7727272727272727
0.7792207792207793
0.7857142857142857
0.7922077922077922
0.7987012987012987
0.8051948051948052
0.8116883116883117
0.8181818181818182
0.8246753246753247
0.8311688311688312
0.8376623376623377
0.8441558441558441
0.8506493506493507
0.8571428571428571
0.8636363636363636
0.8701298701298701
0.8766233766233766
0.8774193548387097
0.8782051282051282
0.8789808917197452
0.879746835443038
0.8805031446540881
0.88125
0.8819875776397516
0.8827160493827161
0.8834355828220859
0.8841463414634146
0.8848484848484849
0.8855421686746988
0.8862275449101796
0.8869047619047619
0.8875739644970414
0.888235294117647
0.8888888888888888
0.8895348837209303
0.8901734104046243
0.8908045977011494
0.8914285714285715
0.8920454545454546
0.8926553672316384
0.8932584269662921
0.8938547486033519
0.8944444444444445
0.8950276243093923
0.8956043956043956
0.8961748633879781
0.8967391304347826
0.8972972972972973
0.8978494623655914
0.8983957219251337
0.898936170212766
0.8994708994708994
0.9
0.900523560209424
0.9010416666666666
0.9015544041450777
0.9020618556701031
0.9025641025641026
0.9030612244897959
0.9035532994923858
0.9086294416243654
0.9137055837563451
0.9187817258883249
0.9238578680203046
0.9289340101522843
0.934010152284264
0.9390862944162437
0.9441624365482234
0.949238578680203
0.9494949494949495
0.949748743718593
0.95
0.9502487562189055
0.9504950495049505
0.9507389162561576
0.9509803921568627
0.9512195121951219
0.9514563106796117
0.9516908212560387
0.9519230769230769
0.9521531100478469
0.9523809523809523
0.95260663507109
0.9528301886792453
0.9530516431924883
0.9532710280373832
0.9534883720930233
0.9537037037037037
0.9539170506912442
0.9541284403669725
0.954337899543379
0.9545454545454546
0.9547511312217195
0.954954954954955
0.9551569506726457
0.9553571428571429
0.9555555555555556
0.9557522123893806
0.9559471365638766
0.956140350877193
0.9563318777292577
0.9565217391304348
0.9567099567099567
0.9568965517241379
0.9570815450643777
0.9572649572649573
0.9574468085106383
0.9576271186440678
0.9578059071729957
0.957983193277311
0.9581589958158996
0.9583333333333334
0.9585062240663901
0.9586776859504132
0.9588477366255144
0.9590163934426229
0.9591836734693877
0.959349593495935
0.9595141700404858
0.9596774193548387
0.9598393574297188
0.96
0.9601593625498008
0.9603174603174603
0.9604743083003953
0.9606299212598425
0.9607843137254902
0.9609375
0.9610894941634242
0.9612403100775194
0.9613899613899614
0.9652509652509652
0.9691119691119691
0.972972972972973
0.9768339768339769
0.9806949806949807
0.9845559845559846
0.9884169884169884
0.9884615384615385
0.9885057471264368
0.9885496183206107
0.9885931558935361
0.9886363636363636
0.9886792452830189
0.9887218045112782
0.9887640449438202
0.9888059701492538
0.9888475836431226
0.9888888888888889
0.988929889298893
0.9889705882352942
0.989010989010989
0.9890510948905109
0.9890909090909091
0.9891304347826086
0.9891696750902527
0.9892086330935251
0.989247311827957
0.9892857142857143
0.9893238434163701
0.9893617021276596
0.9929078014184397
0.9964539007092199
1.0
1.0
1.0
1.0
1.0
1.0
1.0
1.0
1.0
1.0
1.0
1.0
1.0
1.0
1.0
1.0
1.0
1.0
1.0
1.0
1.0
1.0
1.0
1.0
1.0
1.0
1.0
1.0
1.0
1.0
1.0
1.0
1.0
1.0
1.0
1.0
1.0
1.0
1.0
1.0
1.0
1.0
1.0
1.0
1.0
1.0
1.0
1.0
1.0
1.0
1.0
1.0
1.0
1.0
1.0
0.9573863636363636
0.9602272727272727
0.9630681818181818
0.9659090909090909
0.96875
0.9715909090909091
0.9744318181818182
0.9772727272727273
0.9801136363636364
0.9829545454545454
0.9857954545454546
0.943089430894309
0.94579945799458
0.948509485094851
0.9512195121951219
0.9539295392953929
0.9566395663956639
0.959349593495935
0.962059620596206
0.964769647696477
0.967479674796748
0.9701897018970189
0.9728997289972899
0.975609756097561
0.978319783197832
0.981029810298103
0.9603174603174603
0.9604221635883905
0.9605263157894737
0.9606299212598425
0.9607329842931938
0.9608355091383812
0.9609375
0.961038961038961
0.961139896373057
0.9612403100775194
0.9467005076142132
0.949238578680203
0.9517766497461929
0.9543147208121827
0.9568527918781726
0.9593908629441624
0.9619289340101523
1.0
1.0
1.0
1.0
1.0
1.0
1.0
1.0
1.0
1.0
1.0
1.0
1.0
1.0
1.0
1.0
1.0
1.0
1.0
1.0
1.0
1.0
1.0
1.0
1.0
1.0
1.0
1.0
1.0
1.0
1.0
1.0
1.0
1.0
0.7777777777777778
0.782608695652174
0.7872340425531915
0.7916666666666666
0.7959183673469388
0.8
0.803921568627451
0.8076923076923077
0.8113207547169812
0.8148148148148148
0.8181818181818182
0.8214285714285714
0.8245614035087719
0.8275862068965517
0.8305084745762712
0.8333333333333334
0.8360655737704918
0.8387096774193549
0.8412698412698413
0.84375
0.8461538461538461
0.8484848484848485
0.8507462686567164
0.8529411764705882
0.855072463768116
0.8571428571428571
0.8591549295774648
0.8611111111111112
0.863013698630137
0.8648648648648649
0.8666666666666667
0.868421052631579
0.8701298701298701
0.8717948717948718
0.8734177215189873
0.875
0.8765432098765432
0.8780487804878049
0.8795180722891566
0.8809523809523809
0.8823529411764706
0.8837209302325582
0.8850574712643678
0.8863636363636364
0.8876404494382022
0.8888888888888888
0.8901098901098901
0.8118811881188119
0.8137254901960784
0.8155339805825242
0.8173076923076923
0.819047619047619
0.8207547169811321
0.822429906542056
0.8240740740740741
0.8256880733944955
0.8272727272727273
0.8288288288288288
0.8303571428571429
0.831858407079646
0.8333333333333334
0.8347826086956521
0.8362068965517241
0.8376068376068376
0.8389830508474576
0.8403361344537815
0.8416666666666667
0.8429752066115702
0.8442622950819673
0.8455284552845529
0.8467741935483871
0.848
0.8492063492063492
0.8503937007874016
0.8515625
0.8527131782945736
0.8538461538461538
0.8549618320610687
0.8560606060606061
0.8571428571428571
0.8582089552238806
0.8592592592592593
0.8602941176470589
0.8613138686131386
0.7727272727272727
0.7792207792207793
0.7857142857142857
0.7922077922077922
0.7987012987012987
0.8051948051948052
0.8116883116883117
0.8181818181818182
0.8246753246753247
0.8311688311688312
0.8376623376623377
0.8441558441558441
0.8506493506493507
0.8571428571428571
0.8636363636363636
0.8701298701298701
0.8766233766233766
0.8774193548387097
0.8782051282051282
0.8789808917197452
0.879746835443038
0.8805031446540881
0.88125
0.8819875776397516
0.8827160493827161
0.8834355828220859
0.8841463414634146
0.8848484848484849
0.8855421686746988
0.8862275449101796
0.8869047619047619
0.8875739644970414
0.888235294117647
0.8888888888888888
0.8895348837209303
0.8901734104046243
0.8908045977011494
0.8914285714285715
0.8920454545454546
0.8926553672316384
0.8932584269662921
0.8938547486033519
0.8944444444444445
0.8950276243093923
0.8956043956043956
0.8961748633879781
0.8967391304347826
0.8972972972972973
0.8978494623655914
0.8983957219251337
0.898936170212766
0.8994708994708994
0.9
0.900523560209424
0.9010416666666666
0.9015544041450777
0.9020618556701031
0.9025641025641026
0.9030612244897959
0.9035532994923858
0.9086294416243654
0.9137055837563451
0.9187817258883249
0.9238578680203046
0.9289340101522843
0.934010152284264
0.9390862944162437
0.9441624365482234
0.949238578680203
0.9494949494949495
0.949748743718593
0.95
0.9502487562189055
0.9504950495049505
0.9507389162561576
0.9509803921568627
0.9512195121951219
0.9514563106796117
0.9516908212560387
0.9519230769230769
0.9521531100478469
0.9523809523809523
0.95260663507109
0.9528301886792453
0.9530516431924883
0.9532710280373832
0.9534883720930233
0.9537037037037037
0.9539170506912442
0.9541284403669725
0.954337899543379
0.9545454545454546
0.9547511312217195
0.954954954954955
0.9551569506726457
0.9553571428571429
0.9555555555555556
0.9557522123893806
0.9559471365638766
0.956140350877193
0.9563318777292577
0.9565217391304348
0.9567099567099567
0.9568965517241379
0.9570815450643777
0.9572649572649573
0.9574468085106383
0.9576271186440678
0.9578059071729957
0.957983193277311
0.9581589958158996
0.9583333333333334
0.9585062240663901
0.9586776859504132
0.9588477366255144
0.9590163934426229
0.9591836734693877
0.959349593495935
0.9595141700404858
0.9596774193548387
0.9598393574297188
0.96
0.9601593625498008
0.9603174603174603
0.9604743083003953
0.9606299212598425
0.9607843137254902
0.9609375
0.9610894941634242
0.9612403100775194
0.9613899613899614
0.9652509652509652
0.9691119691119691
0.972972972972973
0.9768339768339769
0.9806949806949807
0.9845559845559846
0.9884169884169884
0.9884615384615385
0.9885057471264368
0.9885496183206107
0.9885931558935361
0.9886363636363636
0.9886792452830189
0.9887218045112782
0.9887640449438202
0.9888059701492538
0.9888475836431226
0.9888888888888889
0.988929889298893
0.9889705882352942
0.989010989010989
0.9890510948905109
0.9890909090909091
0.9891304347826086
0.9891696750902527
0.9892086330935251
0.989247311827957
0.9892857142857143
0.9893238434163701
0.9893617021276596
0.9929078014184397
0.9964539007092199
1.0
1.0
1.0
1.0
1.0
1.0
1.0
1.0
1.0
1.0
1.0
1.0
1.0
1.0
1.0
1.0
1.0
1.0
1.0
1.0
1.0
1.0
1.0
1.0
1.0
1.0
1.0
1.0
1.0
1.0
1.0
1.0
1.0
1.0
1.0
1.0
1.0
1.0
1.0
1.0
1.0
1.0
1.0
1.0
1.0
1.0
1.0
1.0
1.0
1.0
1.0
1.0
1.0
1.0
1.0
0.9546742209631728
0.9575070821529745
0.9603399433427762
0.9631728045325779
0.9660056657223796
0.9688385269121813
0.9716713881019831
0.9745042492917847
0.9773371104815864
0.9801699716713881
0.9830028328611898
0.9775280898876404
0.9775910364145658
0.9776536312849162
0.9777158774373259
0.9777777777777777
0.9778393351800554
0.9779005524861878
0.977961432506887
0.978021978021978
0.9545454545454546
0.9572192513368984
0.9598930481283422
0.9625668449197861
0.9652406417112299
0.9679144385026738
0.9705882352941176
0.9503916449086162
0.9147869674185464
0.9172932330827067
0.9197994987468672
0.9223057644110275
0.924812030075188
0.9273182957393483
0.9298245614035088
0.9323308270676691
0.9348370927318296
0.9373433583959899
0.9398496240601504
0.9423558897243107
0.9448621553884712
0.9473684210526315
0.949874686716792
1.0
1.0
1.0
1.0
1.0
1.0
1.0
1.0
1.0
1.0
1.0
1.0
1.0
1.0
1.0
1.0
1.0
1.0
1.0
1.0
1.0
1.0
1.0
1.0
1.0
1.0
1.0
1.0
1.0
1.0
1.0
1.0
1.0
1.0
1.0
1.0
1.0
1.0
1.0
1.0
1.0
1.0
1.0
1.0
1.0
1.0
1.0
1.0
1.0
1.0
1.0
1.0
1.0
1.0
1.0
1.0
1.0
1.0
1.0
1.0
1.0
1.0
1.0
1.0
1.0
1.0
1.0
1.0
1.0
1.0
1.0
1.0
1.0
1.0
1.0
1.0
1.0
1.0
1.0
1.0
1.0
1.0
1.0
1.0
1.0
1.0
1.0
1.0
1.0
1.0
1.0
1.0
1.0
1.0
1.0
1.0
1.0
1.0
1.0
1.0
1.0
1.0
1.0
1.0
1.0
1.0
1.0
1.0
1.0
1.0
1.0
1.0
1.0
1.0
1.0
1.0
1.0
1.0
0.8880597014925373
0.8955223880597015
0.9029850746268657
0.9104477611940298
0.917910447761194
0.9253731343283582
0.9328358208955224
0.9402985074626866
0.9477611940298507
0.9552238805970149
0.9626865671641791
1.0
1.0
1.0
1.0
1.0
1.0
1.0
1.0
1.0
1.0
1.0
1.0
1.0
1.0
1.0
1.0
1.0
1.0
1.0
1.0
1.0
1.0
1.0
1.0
1.0
1.0
1.0
1.0
1.0
1.0
1.0
1.0
1.0
1.0
0.7777777777777778
0.782608695652174
0.7872340425531915
0.7916666666666666
0.7959183673469388
0.8
0.803921568627451
0.8076923076923077
0.8113207547169812
0.8148148148148148
0.8181818181818182
0.8214285714285714
0.8245614035087719
0.8275862068965517
0.8305084745762712
0.8333333333333334
0.8360655737704918
0.8387096774193549
0.8412698412698413
0.84375
0.8461538461538461
0.8484848484848485
0.8507462686567164
0.8529411764705882
0.855072463768116
0.8571428571428571
0.8591549295774648
0.8611111111111112
0.863013698630137
0.8648648648648649
0.8666666666666667
0.868421052631579
0.8701298701298701
0.8717948717948718
0.8734177215189873
0.875
0.8765432098765432
0.8780487804878049
0.8795180722891566
0.8809523809523809
0.8823529411764706
0.8837209302325582
0.8850574712643678
0.8863636363636364
0.8876404494382022
0.8888888888888888
0.8901098901098901
0.8118811881188119
0.8137254901960784
0.8155339805825242
0.8173076923076923
0.819047619047619
0.8207547169811321
0.822429906542056
0.8240740740740741
0.8256880733944955
0.8272727272727273
0.8288288288288288
0.8303571428571429
0.831858407079646
0.8333333333333334
0.8347826086956521
0.8362068965517241
0.8376068376068376
0.8389830508474576
0.8403361344537815
0.8416666666666667
0.8429752066115702
0.8442622950819673
0.8455284552845529
0.8467741935483871
0.848
0.8492063492063492
0.8503937007874016
0.8515625
0.8527131782945736
0.8538461538461538
0.8549618320610687
0.8560606060606061
0.8571428571428571
0.8582089552238806
0.8592592592592593
0.8602941176470589
0.8613138686131386
0.7727272727272727
0.7792207792207793
0.7857142857142857
0.7922077922077922
0.7987012987012987
0.8051948051948052
0.8116883116883117
0.8181818181818182
0.8246753246753247
0.8311688311688312
0.8376623376623377
0.8441558441558441
0.8506493506493507
0.8571428571428571
0.8636363636363636
0.8701298701298701
0.8766233766233766
0.8774193548387097
0.8782051282051282
0.8789808917197452
0.879746835443038
0.8805031446540881
0.88125
0.8819875776397516
0.8827160493827161
0.8834355828220859
0.8841463414634146
0.8848484848484849
0.8855421686746988
0.8862275449101796
0.8869047619047619
0.8875739644970414
0.888235294117647
0.8888888888888888
0.8895348837209303
0.8901734104046243
0.8908045977011494
0.8914285714285715
0.8920454545454546
0.8926553672316384
0.8932584269662921
0.8938547486033519
0.8944444444444445
0.8950276243093923
0.8956043956043956
0.8961748633879781
0.8967391304347826
0.8972972972972973
0.8978494623655914
0.8983957219251337
0.898936170212766
0.8994708994708994
0.9
0.900523560209424
0.9010416666666666
0.9015544041450777
0.9020618556701031
0.9025641025641026
0.9030612244897959
0.9035532994923858
0.9086294416243654
0.9137055837563451
0.9187817258883249
0.9238578680203046
0.9289340101522843
0.934010152284264
0.9390862944162437
0.9441624365482234
0.949238578680203
0.9494949494949495
0.949748743718593
0.95
0.9502487562189055
0.9504950495049505
0.9507389162561576
0.9509803921568627
0.9512195121951219
0.9514563106796117
0.9516908212560387
0.9519230769230769
0.9521531100478469
0.9523809523809523
0.95260663507109
0.9528301886792453
0.9530516431924883
0.9532710280373832
0.9534883720930233
0.9537037037037037
0.9539170506912442
0.9541284403669725
0.954337899543379
0.9545454545454546
0.9547511312217195
0.954954954954955
0.9551569506726457
0.9553571428571429
0.9555555555555556
0.9557522123893806
0.9559471365638766
0.956140350877193
0.9563318777292577
0.9565217391304348
0.9567099567099567
0.9568965517241379
0.9570815450643777
0.9572649572649573
0.9574468085106383
0.9576271186440678
0.9578059071729957
0.957983193277311
0.9581589958158996
0.9583333333333334
0.9585062240663901
0.9586776859504132
0.9588477366255144
0.9590163934426229
0.9591836734693877
0.959349593495935
0.9595141700404858
0.9596774193548387
0.9598393574297188
0.96
0.9601593625498008
0.9603174603174603
0.9604743083003953
0.9606299212598425
0.9607843137254902
0.9609375
0.9610894941634242
0.9612403100775194
0.9613899613899614
0.9652509652509652
0.9691119691119691
0.972972972972973
0.9768339768339769
0.9806949806949807
0.9845559845559846
0.9884169884169884
0.9884615384615385
0.9885057471264368
0.9885496183206107
0.9885931558935361
0.9886363636363636
0.9886792452830189
0.9887218045112782
0.9887640449438202
0.9888059701492538
0.9888475836431226
0.9888888888888889
0.988929889298893
0.9889705882352942
0.989010989010989
0.9890510948905109
0.9890909090909091
0.9891304347826086
0.9891696750902527
0.9892086330935251
0.989247311827957
0.9892857142857143
0.9893238434163701
0.9893617021276596
0.9893992932862191
0.9894366197183099
0.9929577464788732
0.9964788732394366
1.0
1.0
1.0
1.0
1.0
1.0
1.0
1.0
1.0
1.0
1.0
1.0
1.0
1.0
1.0
1.0
1.0
1.0
1.0
1.0
1.0
1.0
1.0
1.0
1.0
1.0
1.0
1.0
1.0
1.0
1.0
1.0
1.0
1.0
1.0
1.0
1.0
1.0
1.0
1.0
1.0
1.0
1.0
1.0
1.0
1.0
1.0
1.0
1.0
1.0
1.0
1.0
1.0
1.0
0.976878612716763
0.9685714285714285
0.9289617486338798
0.9316939890710383
0.9344262295081968
0.9371584699453552
0.9398907103825137
0.9426229508196722
0.9453551912568307
0.9480874316939891
0.9508196721311475
0.953551912568306
0.9562841530054644
0.9164490861618799
0.9190600522193212
0.9216710182767625
0.9242819843342036
0.9268929503916449
0.9295039164490861
0.9321148825065274
0.9347258485639687
0.9373368146214099
0.9399477806788512
0.9425587467362925
0.9451697127937336
0.9477806788511749
0.9503916449086162
0.9530026109660574
0.953125
0.9532467532467532
0.9533678756476683
0.9534883720930233
0.9536082474226805
0.9537275064267352
0.9538461538461539
0.9348370927318296
0.9373433583959899
0.9398496240601504
0.9423558897243107
0.9448621553884712
0.9473684210526315
1.0
1.0
1.0
1.0
1.0
1.0
1.0
1.0
1.0
1.0
1.0
1.0
1.0
1.0
1.0
1.0
1.0
1.0
1.0
1.0
1.0
1.0
1.0
1.0
1.0
1.0
1.0
1.0
1.0
1.0
1.0
1.0
1.0
1.0
0.7777777777777778
0.782608695652174
0.7872340425531915
0.7916666666666666
0.7959183673469388
0.8
0.803921568627451
0.8076923076923077
0.8113207547169812
0.8148148148148148
0.8181818181818182
0.8214285714285714
0.8245614035087719
0.8275862068965517
0.8305084745762712
0.8333333333333334
0.8360655737704918
0.8387096774193549
0.8412698412698413
0.84375
0.8461538461538461
0.8484848484848485
0.8507462686567164
0.8529411764705882
0.855072463768116
0.8571428571428571
0.8591549295774648
0.8611111111111112
0.863013698630137
0.8648648648648649
0.8666666666666667
0.868421052631579
0.8701298701298701
0.8717948717948718
0.8734177215189873
0.875
0.8765432098765432
0.8780487804878049
0.8795180722891566
0.8809523809523809
0.8823529411764706
0.8837209302325582
0.8850574712643678
0.8863636363636364
0.8876404494382022
0.8888888888888888
0.8901098901098901
0.8118811881188119
0.8137254901960784
0.8155339805825242
0.8173076923076923
0.819047619047619
0.8207547169811321
0.822429906542056
0.8240740740740741
0.8256880733944955
0.8272727272727273
0.8288288288288288
0.8303571428571429
0.831858407079646
0.8333333333333334
0.8347826086956521
0.8362068965517241
0.8376068376068376
0.8389830508474576
0.8403361344537815
0.8416666666666667
0.8429752066115702
0.8442622950819673
0.8455284552845529
0.8467741935483871
0.848
0.8492063492063492
0.8503937007874016
0.8515625
0.8527131782945736
0.8538461538461538
0.8549618320610687
0.8560606060606061
0.8571428571428571
0.8582089552238806
0.8592592592592593
0.8602941176470589
0.8613138686131386
0.7727272727272727
0.7792207792207793
0.7857142857142857
0.7922077922077922
0.7987012987012987
0.8051948051948052
0.8116883116883117
0.8181818181818182
0.8246753246753247
0.8311688311688312
0.8376623376623377
0.8441558441558441
0.8506493506493507
0.8571428571428571
0.8636363636363636
0.8701298701298701
0.8766233766233766
0.8774193548387097
0.8782051282051282
1.0
1.0
1.0
1.0
1.0
1.0
1.0
1.0
1.0
1.0
1.0
1.0
1.0
1.0
1.0
1.0
1.0
1.0
1.0
1.0
1.0
1.0
1.0
1.0
1.0
1.0
1.0
1.0
1.0
1.0
1.0
1.0
1.0
1.0
1.0
1.0
1.0
1.0
1.0
1.0
1.0
1.0
0.7777777777777778
0.782608695652174
0.7872340425531915
0.7916666666666666
0.7959183673469388
0.8
0.803921568627451
0.8076923076923077
0.8113207547169812
0.8148148148148148
0.8181818181818182
0.8214285714285714
0.8245614035087719
0.8275862068965517
0.8305084745762712
0.8333333333333334
0.8360655737704918
0.8387096774193549
0.8412698412698413
0.84375
0.8461538461538461
0.8484848484848485
0.8507462686567164
0.8529411764705882
0.855072463768116
0.8571428571428571
0.8591549295774648
0.8611111111111112
0.863013698630137
0.8648648648648649
0.8666666666666667
0.868421052631579
0.8701298701298701
0.8717948717948718
0.8734177215189873
0.875
0.8765432098765432
0.8780487804878049
0.8795180722891566
0.8809523809523809
0.8823529411764706
0.8837209302325582
0.8850574712643678
0.8863636363636364
0.8876404494382022
0.8888888888888888
0.8901098901098901
0.8118811881188119
0.8137254901960784
0.8155339805825242
0.8173076923076923
0.819047619047619
0.8207547169811321
0.822429906542056
0.8240740740740741
0.8256880733944955
0.8272727272727273
0.8288288288288288
0.8303571428571429
0.831858407079646
0.8333333333333334
0.8347826086956521
0.8362068965517241
0.8376068376068376
0.8389830508474576
0.8403361344537815
0.8416666666666667
0.8429752066115702
0.8442622950819673
0.8455284552845529
0.8467741935483871
0.848
0.8492063492063492
0.8503937007874016
0.8515625
0.8527131782945736
0.8538461538461538
0.8549618320610687
0.8560606060606061
0.8571428571428571
0.8582089552238806
0.8592592592592593
0.8602941176470589
0.8613138686131386
0.7727272727272727
0.7792207792207793
0.7857142857142857
0.7922077922077922
0.7987012987012987
0.8051948051948052
0.8116883116883117
0.8181818181818182
0.8246753246753247
0.8311688311688312
0.8376623376623377
0.8441558441558441
0.8506493506493507
0.8571428571428571
0.8636363636363636
0.8701298701298701
0.8766233766233766
0.8774193548387097
0.8782051282051282
0.8789808917197452
0.879746835443038
0.8805031446540881
0.88125
0.8819875776397516
0.8827160493827161
0.8834355828220859
0.8841463414634146
0.8848484848484849
0.8855421686746988
0.8862275449101796
0.8869047619047619
0.8875739644970414
0.888235294117647
0.8888888888888888
0.8895348837209303
0.8901734104046243
0.8908045977011494
0.8914285714285715
0.8920454545454546
0.8926553672316384
0.8932584269662921
0.8938547486033519
0.8944444444444445
0.8950276243093923
0.8956043956043956
0.8961748633879781
0.8967391304347826
0.8972972972972973
0.8978494623655914
0.8983957219251337
0.898936170212766
0.8994708994708994
0.9
0.900523560209424
0.9010416666666666
0.9015544041450777
0.9020618556701031
0.9025641025641026
0.9030612244897959
0.9035532994923858
0.9086294416243654
0.9137055837563451
0.9187817258883249
0.9238578680203046
0.9289340101522843
0.934010152284264
0.9390862944162437
0.9441624365482234
0.949238578680203
0.9494949494949495
0.949748743718593
0.95
0.9502487562189055
0.9504950495049505
0.9507389162561576
0.9509803921568627
0.9512195121951219
0.9514563106796117
0.9516908212560387
0.9519230769230769
0.9521531100478469
0.9523809523809523
0.95260663507109
0.9528301886792453
0.9530516431924883
0.9532710280373832
0.9534883720930233
0.9537037037037037
0.9539170506912442
0.9541284403669725
0.954337899543379
0.9545454545454546
0.9547511312217195
0.954954954954955
0.9551569506726457
0.9553571428571429
0.9555555555555556
0.9557522123893806
0.9559471365638766
0.956140350877193
0.9563318777292577
0.9565217391304348
0.9567099567099567
0.9568965517241379
0.9570815450643777
0.9572649572649573
0.9574468085106383
0.9576271186440678
0.9578059071729957
0.957983193277311
0.9581589958158996
0.9583333333333334
0.9585062240663901
0.9586776859504132
0.9588477366255144
0.9590163934426229
0.9591836734693877
0.959349593495935
0.9595141700404858
0.9596774193548387
0.9598393574297188
0.96
0.9601593625498008
0.9603174603174603
0.9604743083003953
0.9606299212598425
0.9607843137254902
0.9609375
0.9610894941634242
0.9612403100775194
0.9613899613899614
0.9652509652509652
0.9691119691119691
0.972972972972973
0.9768339768339769
0.9806949806949807
0.9845559845559846
0.9884169884169884
0.9884615384615385
0.9885057471264368
0.9885496183206107
0.9885931558935361
0.9886363636363636
0.9886792452830189
0.9887218045112782
0.9887640449438202
0.9888059701492538
0.9888475836431226
0.9888888888888889
0.988929889298893
0.9889705882352942
0.989010989010989
0.9890510948905109
0.9890909090909091
0.9891304347826086
0.9891696750902527
0.9892086330935251
0.989247311827957
0.9892857142857143
0.9893238434163701
0.9893617021276596
0.9929078014184397
0.9964539007092199
1.0
1.0
1.0
1.0
1.0
1.0
1.0
1.0
1.0
1.0
1.0
1.0
1.0
1.0
1.0
1.0
1.0
1.0
1.0
1.0
1.0
1.0
1.0
1.0
1.0
1.0
1.0
1.0
1.0
1.0
1.0
1.0
1.0
1.0
1.0
1.0
1.0
1.0
1.0
1.0
1.0
1.0
1.0
1.0
1.0
1.0
1.0
1.0
1.0
1.0
1.0
1.0
1.0
1.0
0.9940828402366864
0.9711815561959655
0.9467787114845938
0.9495798319327731
0.9523809523809523
0.9551820728291317
0.957983193277311
0.9607843137254902
0.9608938547486033
0.9610027855153204
0.9611111111111111
0.961218836565097
0.9613259668508287
0.9614325068870524
0.9615384615384616
0.9616438356164384
0.9617486338797814
0.9240837696335078
0.9267015706806283
0.9293193717277487
0.9319371727748691
0.9345549738219895
0.93717277486911
0.9397905759162304
0.9424083769633508
0.9450261780104712
0.9476439790575916
0.9502617801047121
0.9528795811518325
0.9554973821989529
0.9581151832460733
0.9607329842931938
0.9246231155778895
0.9271356783919598
0.9296482412060302
0.9321608040201005
0.9346733668341709
0.9371859296482412
0.9396984924623115
0.9422110552763819
0.9447236180904522
0.9472361809045227
0.949748743718593
