1.0
1.0
1.0
1.0
1.0
1.0
1.0
1.0
1.0
1.0
1.0
0.6
0.65
0.7
0.75
0.8
0.85
0.9
0.9047619047619048
0.9523809523809523
1.0
1.0
1.0
1.0
1.0
1.0
1.0
1.0
1.0
1.0
1.0
1.0
1.0
1.0
1.0
1.0
1.0
1.0
1.0
1.0
1.0
1.0
1.0
0.71875
0.7272727272727273
0.7352941176470589
0.7428571428571429
0.75
0.7567567567567568
0.7631578947368421
0.7692307692307693
0.775
0.7804878048780488
0.4125
0.41975308641975306
0.4268292682926829
0.43373493975903615
0.44047619047619047
0.4470588235294118
0.45348837209302323
0.45977011494252873
0.4659090909090909
0.47191011235955055
0.4777777777777778
0.4835164835164835
0.4891304347826087
0.4946236559139785
0.27011494252873564
0.2742857142857143
0.2784090909090909
0.2824858757062147
0.28651685393258425
0.2905027932960894
0.29444444444444445
0.2983425414364641
0.3021978021978022
0.30601092896174864
0.3114754098360656
0.31693989071038253
0.3224043715846995
0.32786885245901637
0.3333333333333333
0.33879781420765026
0.3442622950819672
0.34972677595628415
0.3532608695652174
0.3567567567567568
0.3602150537634409
0.36363636363636365
0.3670212765957447
0.37037037037037035
0.3736842105263158
0.3769633507853403
0.3802083333333333
0.38341968911917096
0.3865979381443299
0.38974358974358975
0.39285714285714285
0.39593908629441626
0.398989898989899
0.4020100502512563
0.405
0.4079601990049751
0.41089108910891087
0.41379310344827586
0.4166666666666667
0.4195121951219512
0.4223300970873786
0.4251207729468599
0.42788461538461536
0.430622009569378
0.43333333333333335
0.43601895734597157
0.4386792452830189
0.4413145539906103
0.4439252336448598
0.44651162790697674
0.44907407407407407
0.45161290322580644
0.4541284403669725
0.45662100456621
0.4590909090909091
0.46153846153846156
0.46396396396396394
0.4663677130044843
0.46875
0.4711111111111111
0.47345132743362833
0.47577092511013214
0.4780701754385965
1.0
1.0
1.0
1.0
1.0
1.0
1.0
1.0
1.0
1.0
1.0
0.6
0.65
0.7
0.75
0.8
0.85
0.9
0.9047619047619048
0.9523809523809523
1.0
1.0
1.0
1.0
1.0
1.0
1.0
1.0
1.0
1.0
1.0
1.0
1.0
1.0
1.0
1.0
1.0
1.0
1.0
1.0
1.0
1.0
1.0
0.71875
0.7272727272727273
0.7352941176470589
0.7428571428571429
0.75
0.7567567567567568
0.7631578947368421
0.7692307692307693
0.775
0.7804878048780488
0.4125
0.41975308641975306
0.4268292682926829
0.43373493975903615
0.44047619047619047
0.4470588235294118
0.45348837209302323
0.45977011494252873
0.4659090909090909
0.47191011235955055
0.4777777777777778
0.4835164835164835
0.4891304347826087
0.4946236559139785
0.27011494252873564
0.2742857142857143
0.2784090909090909
0.2824858757062147
0.28651685393258425
0.2905027932960894
0.29444444444444445
0.2983425414364641
0.3021978021978022
0.30601092896174864
0.3114754098360656
0.31693989071038253
0.3224043715846995
0.32786885245901637
0.3333333333333333
0.33879781420765026
0.3442622950819672
0.34972677595628415
0.3532608695652174
0.3567567567567568
0.3602150537634409
0.36363636363636365
0.3670212765957447
0.37037037037037035
0.3736842105263158
0.3769633507853403
0.3802083333333333
0.38341968911917096
0.3865979381443299
0.38974358974358975
0.39285714285714285
0.39593908629441626
0.398989898989899
0.4020100502512563
0.405
0.4079601990049751
0.41089108910891087
0.41379310344827586
0.4166666666666667
0.4195121951219512
0.4223300970873786
0.4251207729468599
0.42788461538461536
0.430622009569378
0.43333333333333335
0.43601895734597157
0.4386792452830189
0.4413145539906103
0.4439252336448598
0.44651162790697674
0.44907407407407407
0.45161290322580644
0.4541284403669725
0.45662100456621
0.4590909090909091
0.46153846153846156
0.46396396396396394
0.4663677130044843
0.46875
0.4711111111111111
0.47345132743362833
0.47577092511013214
0.4780701754385965
1.0
1.0
1.0
1.0
1.0
1.0
1.0
1.0
1.0
1.0
1.0
1.0
1.0
1.0
1.0
1.0
1.0
1.0
1.0
1.0
1.0
1.0
0.6
0.65
0.7
0.75
0.8
0.85
0.9
0.9047619047619048
0.9523809523809523
1.0
1.0
1.0
1.0
1.0
1.0
1.0
1.0
1.0
1.0
1.0
1.0
1.0
1.0
1.0
1.0
1.0
1.0
1.0
1.0
1.0
1.0
1.0
1.0
1.0
1.0
1.0
1.0
1.0
1.0
1.0
1.0
1.0
1.0
1.0
1.0
1.0
1.0
1.0
1.0
1.0
1.0
1.0
1.0
1.0
1.0
1.0
1.0
1.0
1.0
1.0
1.0
1.0
1.0
1.0
1.0
1.0
1.0
1.0
1.0
1.0
1.0
1.0
1.0
1.0
1.0
1.0
1.0
1.0
1.0
1.0
1.0
1.0
1.0
1.0
1.0
1.0
1.0
1.0
1.0
1.0
1.0
1.0
1.0
1.0
1.0
1.0
1.0
1.0
1.0
1.0
1.0
1.0
1.0
1.0
1.0
1.0
1.0
1.0
1.0
1.0
1.0
1.0
1.0
1.0
1.0
1.0
1.0
1.0
1.0
1.0
1.0
1.0
1.0
1.0
1.0
1.0
1.0
1.0
1.0
1.0
1.0
1.0
1.0
1.0
1.0
1.0
1.0
1.0
1.0
1.0
1.0
0.71875
0.7272727272727273
0.7352941176470589
0.7428571428571429
0.75
0.7567567567567568
0.7631578947368421
0.7692307692307693
0.775
0.7804878048780488
0.4125
0.41975308641975306
0.4268292682926829
0.43373493975903615
0.44047619047619047
0.4470588235294118
0.45348837209302323
0.45977011494252873
0.4659090909090909
0.47191011235955055
0.4777777777777778
0.4835164835164835
0.4891304347826087
0.4946236559139785
0.27011494252873564
0.2742857142857143
0.2784090909090909
0.2824858757062147
0.28651685393258425
0.2905027932960894
0.29444444444444445
0.2983425414364641
0.3021978021978022
0.30601092896174864
0.3114754098360656
0.31693989071038253
0.3224043715846995
0.32786885245901637
0.3333333333333333
0.33879781420765026
0.3442622950819672
0.34972677595628415
0.3532608695652174
0.3567567567567568
0.3602150537634409
0.36363636363636365
0.3670212765957447
0.37037037037037035
0.3736842105263158
0.3769633507853403
0.3802083333333333
0.38341968911917096
0.3865979381443299
0.38974358974358975
0.39285714285714285
0.39593908629441626
0.398989898989899
0.4020100502512563
0.405
0.4079601990049751
0.41089108910891087
0.41379310344827586
0.4166666666666667
0.4195121951219512
0.4223300970873786
0.4251207729468599
0.42788461538461536
0.430622009569378
0.43333333333333335
0.43601895734597157
0.4386792452830189
0.4413145539906103
0.4439252336448598
0.44651162790697674
0.44907407407407407
0.45161290322580644
0.4541284403669725
0.45662100456621
0.4590909090909091
0.46153846153846156
0.46396396396396394
0.4663677130044843
0.46875
0.4711111111111111
0.47345132743362833
0.47577092511013214
0.4780701754385965
1.0
1.0
1.0
1.0
1.0
1.0
1.0
1.0
1.0
1.0
1.0
0.6
0.65
0.7
0.75
0.8
0.85
0.9
0.9047619047619048
0.9523809523809523
1.0
1.0
1.0
1.0
1.0
1.0
1.0
1.0
1.0
1.0
1.0
1.0
1.0
1.0
1.0
1.0
1.0
1.0
1.0
1.0
1.0
1.0
1.0
0.71875
0.7272727272727273
0.7352941176470589
0.7428571428571429
0.75
0.7567567567567568
0.7631578947368421
0.7692307692307693
0.775
0.7804878048780488
0.4125
0.41975308641975306
0.4268292682926829
0.43373493975903615
0.44047619047619047
0.4470588235294118
0.45348837209302323
0.45977011494252873
0.4659090909090909
0.47191011235955055
0.4777777777777778
0.4835164835164835
0.4891304347826087
0.4946236559139785
0.27011494252873564
0.2742857142857143
0.2784090909090909
0.2824858757062147
0.28651685393258425
0.2905027932960894
0.29444444444444445
0.2983425414364641
0.3021978021978022
0.30601092896174864
0.3114754098360656
0.31693989071038253
0.3224043715846995
0.32786885245901637
0.3333333333333333
0.33879781420765026
0.3442622950819672
0.34972677595628415
0.3532608695652174
0.3567567567567568
0.3602150537634409
0.36363636363636365
0.3670212765957447
0.37037037037037035
0.3736842105263158
0.3769633507853403
0.3802083333333333
0.38341968911917096
0.3865979381443299
0.38974358974358975
0.39285714285714285
0.39593908629441626
0.398989898989899
0.4020100502512563
0.405
0.4079601990049751
0.41089108910891087
0.41379310344827586
0.4166666666666667
0.4195121951219512
0.4223300970873786
0.4251207729468599
0.42788461538461536
0.430622009569378
0.43333333333333335
0.43601895734597157
0.4386792452830189
0.4413145539906103
0.4439252336448598
0.44651162790697674
0.44907407407407407
0.45161290322580644
0.4541284403669725
0.45662100456621
0.4590909090909091
0.46153846153846156
0.46396396396396394
0.4663677130044843
0.46875
0.4711111111111111
0.47345132743362833
0.47577092511013214
0.4780701754385965
1.0
1.0
1.0
1.0
1.0
1.0
1.0
1.0
1.0
1.0
1.0
0.6
0.65
0.7
0.75
0.8
0.85
0.9
0.9047619047619048
0.9523809523809523
1.0
1.0
1.0
1.0
1.0
1.0
1.0
1.0
1.0
1.0
1.0
1.0
1.0
1.0
1.0
1.0
1.0
1.0
1.0
1.0
1.0
1.0
1.0
0.71875
0.7272727272727273
0.7352941176470589
0.7428571428571429
0.75
0.7567567567567568
0.7631578947368421
0.7692307692307693
0.775
0.7804878048780488
0.4125
0.41975308641975306
0.4268292682926829
0.43373493975903615
0.44047619047619047
0.4470588235294118
0.45348837209302323
0.45977011494252873
0.4659090909090909
0.47191011235955055
0.4777777777777778
0.4835164835164835
0.4891304347826087
0.4946236559139785
0.27011494252873564
0.2742857142857143
0.2784090909090909
0.2824858757062147
0.28651685393258425
0.2905027932960894
0.29444444444444445
0.2983425414364641
0.3021978021978022
0.30601092896174864
0.3114754098360656
0.31693989071038253
0.3224043715846995
0.32786885245901637
0.3333333333333333
0.33879781420765026
0.3442622950819672
0.34972677595628415
0.3532608695652174
0.3567567567567568
0.3602150537634409
0.36363636363636365
0.3670212765957447
0.37037037037037035
0.3736842105263158
0.3769633507853403
0.3802083333333333
0.38341968911917096
0.3865979381443299
0.38974358974358975
0.39285714285714285
0.39593908629441626
0.398989898989899
0.4020100502512563
0.405
0.4079601990049751
0.41089108910891087
0.41379310344827586
0.4166666666666667
0.4195121951219512
0.4223300970873786
0.4251207729468599
0.42788461538461536
0.430622009569378
0.43333333333333335
0.43601895734597157
0.4386792452830189
0.4413145539906103
0.4439252336448598
0.44651162790697674
0.44907407407407407
0.45161290322580644
0.4541284403669725
0.45662100456621
0.4590909090909091
0.46153846153846156
0.46396396396396394
0.4663677130044843
0.46875
0.4711111111111111
0.47345132743362833
0.47577092511013214
0.4780701754385965
1.0
1.0
1.0
1.0
1.0
1.0
1.0
1.0
1.0
1.0
1.0
0.6
0.65
0.7
0.75
0.8
0.85
0.9
0.9047619047619048
0.9523809523809523
1.0
1.0
1.0
1.0
1.0
1.0
1.0
1.0
1.0
1.0
1.0
1.0
1.0
1.0
1.0
1.0
1.0
1.0
1.0
1.0
1.0
1.0
1.0
0.71875
0.7272727272727273
0.7352941176470589
0.7428571428571429
0.75
0.7567567567567568
0.7631578947368421
0.7692307692307693
0.775
0.7804878048780488
0.4125
0.41975308641975306
0.4268292682926829
0.43373493975903615
0.44047619047619047
0.4470588235294118
0.45348837209302323
0.45977011494252873
0.4659090909090909
0.47191011235955055
0.4777777777777778
0.4835164835164835
0.4891304347826087
0.4946236559139785
0.27011494252873564
0.2742857142857143
0.2784090909090909
0.2824858757062147
0.28651685393258425
0.2905027932960894
0.29444444444444445
0.2983425414364641
0.3021978021978022
0.30601092896174864
0.3114754098360656
0.31693989071038253
0.3224043715846995
0.32786885245901637
0.3333333333333333
0.33879781420765026
0.3442622950819672
0.34972677595628415
0.3532608695652174
0.3567567567567568
0.3602150537634409
0.36363636363636365
0.3670212765957447
0.37037037037037035
0.3736842105263158
0.3769633507853403
0.3802083333333333
0.38341968911917096
0.3865979381443299
0.38974358974358975
0.39285714285714285
0.39593908629441626
0.398989898989899
0.4020100502512563
0.405
0.4079601990049751
0.41089108910891087
0.41379310344827586
0.4166666666666667
0.4195121951219512
0.4223300970873786
0.4251207729468599
0.42788461538461536
0.430622009569378
0.43333333333333335
0.43601895734597157
0.4386792452830189
0.4413145539906103
0.4439252336448598
0.44651162790697674
0.44907407407407407
0.45161290322580644
0.4541284403669725
0.45662100456621
0.4590909090909091
0.46153846153846156
0.46396396396396394
0.4663677130044843
0.46875
0.4711111111111111
0.47345132743362833
0.47577092511013214
0.4780701754385965
