1.0
1.0
1.0
1.0
1.0
1.0
1.0
1.0
1.0
1.0
1.0
1.0
1.0
1.0
1.0
1.0
1.0
1.0
1.0
1.0
1.0
1.0
1.0
1.0
1.0
1.0
1.0
0.7777777777777778
0.7837837837837838
0.7894736842105263
0.7948717948717948
0.8
0.8048780487804879
0.8095238095238095
0.813953488372093
0.8181818181818182
0.5285714285714286
0.5352112676056338
0.5416666666666666
0.547945205479452
0.5540540540540541
0.56
0.5657894736842105
0.5714285714285714
0.5172413793103449
0.5227272727272727
0.5280898876404494
0.5333333333333333
0.5384615384615384
1.0
1.0
1.0
1.0
1.0
1.0
1.0
1.0
1.0
1.0
1.0
1.0
1.0
1.0
1.0
1.0
1.0
1.0
1.0
1.0
1.0
1.0
1.0
1.0
1.0
1.0
1.0
0.7777777777777778
0.7837837837837838
0.7894736842105263
0.7948717948717948
0.8
0.8048780487804879
0.8095238095238095
0.813953488372093
0.8181818181818182
0.5285714285714286
0.5352112676056338
0.5416666666666666
0.547945205479452
0.5540540540540541
0.56
0.5657894736842105
0.5714285714285714
0.5172413793103449
0.5227272727272727
0.5280898876404494
0.5333333333333333
0.5384615384615384
1.0
1.0
1.0
1.0
1.0
1.0
1.0
1.0
1.0
1.0
1.0
1.0
1.0
1.0
1.0
1.0
1.0
1.0
1.0
1.0
1.0
1.0
1.0
1.0
1.0
1.0
1.0
1.0
1.0
1.0
1.0
1.0
1.0
1.0
1.0
1.0
1.0
1.0
1.0
1.0
1.0
1.0
1.0
1.0
1.0
1.0
1.0
1.0
1.0
1.0
1.0
1.0
1.0
1.0
1.0
1.0
1.0
1.0
1.0
1.0
1.0
1.0
1.0
1.0
1.0
1.0
1.0
1.0
1.0
1.0
1.0
1.0
1.0
1.0
1.0
1.0
0.7777777777777778
0.7837837837837838
0.7894736842105263
0.7948717948717948
0.8
0.8048780487804879
0.8095238095238095
0.813953488372093
0.8181818181818182
0.5285714285714286
0.5352112676056338
0.5416666666666666
0.547945205479452
0.5540540540540541
0.56
0.5657894736842105
0.5714285714285714
0.5172413793103449
0.5227272727272727
0.5280898876404494
0.5333333333333333
0.5384615384615384
1.0
1.0
1.0
1.0
1.0
1.0
1.0
1.0
1.0
1.0
1.0
1.0
1.0
1.0
1.0
1.0
1.0
1.0
1.0
1.0
1.0
1.0
1.0
1.0
1.0
1.0
1.0
0.7777777777777778
0.7837837837837838
0.7894736842105263
0.7948717948717948
0.8
0.8048780487804879
0.8095238095238095
0.813953488372093
0.8181818181818182
0.5285714285714286
0.5352112676056338
0.5416666666666666
0.547945205479452
0.5540540540540541
0.56
0.5657894736842105
0.5714285714285714
0.5172413793103449
0.5227272727272727
0.5280898876404494
0.5333333333333333
0.5384615384615384
1.0
1.0
1.0
1.0
1.0
1.0
1.0
1.0
1.0
1.0
1.0
1.0
1.0
1.0
1.0
1.0
1.0
1.0
1.0
1.0
1.0
1.0
1.0
1.0
1.0
1.0
1.0
0.7777777777777778
0.7837837837837838
0.7894736842105263
0.7948717948717948
0.8
0.8048780487804879
0.8095238095238095
0.813953488372093
0.8181818181818182
0.5285714285714286
0.5352112676056338
0.5416666666666666
0.547945205479452
0.5540540540540541
0.56
0.5657894736842105
0.5714285714285714
0.5172413793103449
0.5227272727272727
0.5280898876404494
0.5333333333333333
0.5384615384615384
1.0
1.0
1.0
1.0
1.0
1.0
1.0
1.0
1.0
1.0
1.0
1.0
1.0
1.0
1.0
1.0
1.0
1.0
1.0
1.0
1.0
1.0
1.0
1.0
1.0
1.0
1.0
0.7777777777777778
0.7837837837837838
0.7894736842105263
0.7948717948717948
0.8
0.8048780487804879
0.8095238095238095
0.813953488372093
0.8181818181818182
0.5285714285714286
0.5352112676056338
0.5416666666666666
0.547945205479452
0.5540540540540541
0.56
0.5657894736842105
0.5714285714285714
0.5172413793103449
0.5227272727272727
0.5280898876404494
0.5333333333333333
0.5384615384615384
