1.0
1.0
1.0
1.0
1.0
1.0
1.0
1.0
1.0
1.0
1.0
1.0
1.0
1.0
1.0
1.0
1.0
1.0
1.0
0.6896551724137931
0.7
0.7096774193548387
0.71875
0.7272727272727273
0.7352941176470589
0.7428571428571429
0.75
0.7567567567567568
0.7631578947368421
0.7692307692307693
0.775
0.7804878048780488
0.7857142857142857
0.576271186440678
0.5833333333333334
0.5901639344262295
0.5967741935483871
0.6031746031746031
0.609375
0.6153846153846154
0.6212121212121212
1.0
1.0
1.0
1.0
1.0
1.0
1.0
1.0
1.0
1.0
1.0
1.0
1.0
1.0
1.0
1.0
1.0
1.0
1.0
0.6896551724137931
0.7
0.7096774193548387
0.71875
0.7272727272727273
0.7352941176470589
0.7428571428571429
0.75
0.7567567567567568
0.7631578947368421
0.7692307692307693
0.775
0.7804878048780488
0.7857142857142857
0.576271186440678
0.5833333333333334
0.5901639344262295
0.5967741935483871
0.6031746031746031
0.609375
0.6153846153846154
0.6212121212121212
1.0
1.0
1.0
1.0
1.0
1.0
1.0
1.0
1.0
1.0
1.0
1.0
1.0
1.0
1.0
1.0
1.0
1.0
1.0
1.0
1.0
1.0
1.0
1.0
1.0
1.0
1.0
1.0
1.0
1.0
1.0
1.0
1.0
1.0
1.0
1.0
1.0
1.0
1.0
1.0
1.0
1.0
1.0
1.0
1.0
1.0
1.0
1.0
1.0
1.0
1.0
1.0
1.0
1.0
1.0
1.0
1.0
1.0
1.0
1.0
0.6896551724137931
0.7
0.7096774193548387
0.71875
0.7272727272727273
0.7352941176470589
0.7428571428571429
0.75
0.7567567567567568
0.7631578947368421
0.7692307692307693
0.775
0.7804878048780488
0.7857142857142857
0.576271186440678
0.5833333333333334
0.5901639344262295
0.5967741935483871
0.6031746031746031
0.609375
0.6153846153846154
0.6212121212121212
1.0
1.0
1.0
1.0
1.0
1.0
1.0
1.0
1.0
1.0
1.0
1.0
1.0
1.0
1.0
1.0
1.0
1.0
1.0
0.6896551724137931
0.7
0.7096774193548387
0.71875
0.7272727272727273
0.7352941176470589
0.7428571428571429
0.75
0.7567567567567568
0.7631578947368421
0.7692307692307693
0.775
0.7804878048780488
0.7857142857142857
0.576271186440678
0.5833333333333334
0.5901639344262295
0.5967741935483871
0.6031746031746031
0.609375
0.6153846153846154
0.6212121212121212
1.0
1.0
1.0
1.0
1.0
1.0
1.0
1.0
1.0
1.0
1.0
1.0
1.0
1.0
1.0
1.0
1.0
1.0
1.0
0.6896551724137931
0.7
0.7096774193548387
0.71875
0.7272727272727273
0.7352941176470589
0.7428571428571429
0.75
0.7567567567567568
0.7631578947368421
0.7692307692307693
0.775
0.7804878048780488
0.7857142857142857
0.576271186440678
0.5833333333333334
0.5901639344262295
0.5967741935483871
0.6031746031746031
0.609375
0.6153846153846154
0.6212121212121212
1.0
1.0
1.0
1.0
1.0
1.0
1.0
1.0
1.0
1.0
1.0
1.0
1.0
1.0
1.0
1.0
1.0
1.0
1.0
0.6896551724137931
0.7
0.7096774193548387
0.71875
0.7272727272727273
0.7352941176470589
0.7428571428571429
0.75
0.7567567567567568
0.7631578947368421
0.7692307692307693
0.775
0.7804878048780488
0.7857142857142857
0.576271186440678
0.5833333333333334
0.5901639344262295
0.5967741935483871
0.6031746031746031
0.609375
0.6153846153846154
0.6212121212121212
