1.0
1.0
1.0
1.0
1.0
1.0
1.0
1.0
1.0
1.0
1.0
1.0
1.0
1.0
0.8823529411764706
0.8888888888888888
0.9444444444444444
1.0
0.95
1.0
0.9545454545454546
1.0
0.8518518518518519
0.8888888888888888
0.8928571428571429
0.896551724137931
0.9
0.9032258064516129
0.90625
0.9090909090909091
0.9117647058823529
0.9142857142857143
0.9166666666666666
0.918918918918919
0.9210526315789473
0.9
0.925
1.0
1.0
1.0
1.0
1.0
1.0
1.0
1.0
1.0
1.0
1.0
1.0
1.0
1.0
0.8823529411764706
0.8888888888888888
0.9444444444444444
1.0
0.8260869565217391
0.8695652173913043
0.875
0.88
0.8846153846153846
0.8888888888888888
0.8928571428571429
0.896551724137931
0.9
0.9032258064516129
0.90625
0.9090909090909091
0.9117647058823529
0.8888888888888888
0.9166666666666666
0.8947368421052632
0.9210526315789473
0.9
0.925
1.0
1.0
1.0
1.0
1.0
1.0
1.0
1.0
1.0
1.0
1.0
1.0
1.0
1.0
1.0
1.0
1.0
1.0
1.0
1.0
1.0
1.0
1.0
1.0
1.0
1.0
1.0
1.0
1.0
0.8823529411764706
0.8888888888888888
0.9444444444444444
1.0
0.95
1.0
0.84
0.88
0.8846153846153846
0.8888888888888888
0.8928571428571429
0.896551724137931
0.9
0.9032258064516129
0.90625
0.9090909090909091
0.9117647058823529
0.9142857142857143
0.9166666666666666
0.8947368421052632
0.9210526315789473
0.9
0.925
1.0
1.0
1.0
1.0
1.0
1.0
1.0
1.0
1.0
1.0
1.0
1.0
1.0
1.0
0.8823529411764706
0.8888888888888888
0.9444444444444444
1.0
0.95
1.0
0.84
0.88
0.8846153846153846
0.8888888888888888
0.8928571428571429
0.896551724137931
0.9
0.9032258064516129
0.90625
0.9090909090909091
0.9117647058823529
0.9142857142857143
0.9166666666666666
0.8947368421052632
0.9210526315789473
0.9
0.925
1.0
1.0
1.0
1.0
1.0
1.0
1.0
1.0
1.0
1.0
1.0
1.0
1.0
1.0
0.8823529411764706
0.8888888888888888
0.9444444444444444
1.0
0.95
1.0
0.9545454545454546
1.0
0.9583333333333334
1.0
0.8620689655172413
0.896551724137931
0.9
0.9032258064516129
0.90625
0.9090909090909091
0.9117647058823529
0.9142857142857143
0.9166666666666666
0.918918918918919
0.9210526315789473
0.9230769230769231
0.925
1.0
1.0
1.0
1.0
1.0
1.0
1.0
1.0
1.0
1.0
1.0
1.0
1.0
1.0
0.8823529411764706
0.8888888888888888
0.9444444444444444
1.0
0.8260869565217391
0.8695652173913043
0.875
0.88
0.8846153846153846
0.8888888888888888
0.8928571428571429
0.896551724137931
0.9
0.9032258064516129
0.90625
0.9090909090909091
0.9117647058823529
0.8888888888888888
0.9166666666666666
0.8947368421052632
0.9210526315789473
0.9
0.925
