1.0
1.0
1.0
1.0
1.0
1.0
1.0
1.0
1.0
1.0
1.0
1.0
1.0
1.0
1.0
1.0
1.0
1.0
1.0
1.0
1.0
1.0
1.0
1.0
1.0
1.0
1.0
1.0
1.0
1.0
1.0
1.0
1.0
1.0
1.0
1.0
1.0
1.0
1.0
1.0
1.0
1.0
1.0
1.0
1.0
1.0
1.0
1.0
1.0
1.0
1.0
1.0
1.0
1.0
1.0
1.0
1.0
1.0
1.0
1.0
1.0
1.0
1.0
1.0
1.0
1.0
1.0
1.0
1.0
1.0
1.0
1.0
1.0
0.26618705035971224
0.2697841726618705
0.2733812949640288
0.27697841726618705
0.2805755395683453
0.2841726618705036
0.28776978417266186
0.29136690647482016
0.2949640287769784
0.29856115107913667
0.302158273381295
0.3057553956834532
0.30935251798561153
0.3129496402877698
0.31654676258992803
0.31899641577060933
0.3225806451612903
0.32616487455197135
0.32974910394265233
0.3333333333333333
0.33691756272401435
0.34050179211469533
0.34408602150537637
0.34767025089605735
0.35125448028673834
0.3548387096774194
0.35842293906810035
0.36200716845878134
0.3655913978494624
0.36917562724014336
0.3727598566308244
0.3763440860215054
0.37992831541218636
0.3835125448028674
0.3870967741935484
0.32732732732732733
0.3303303303303303
0.3333333333333333
0.33633633633633636
0.3383233532934132
0.3402985074626866
0.34226190476190477
0.34421364985163205
0.34615384615384615
0.3480825958702065
0.35
0.3519061583577713
0.3538011695906433
0.3556851311953353
0.35755813953488375
0.35942028985507246
0.36127167630057805
0.3631123919308357
0.3649425287356322
0.3667621776504298
0.36857142857142855
0.37037037037037035
0.3721590909090909
0.37393767705382436
0.3757062146892655
0.37746478873239436
0.3792134831460674
0.38095238095238093
0.38268156424581007
0.38440111420612816
0.3861111111111111
0.3888888888888889
0.39166666666666666
0.39444444444444443
0.3972222222222222
0.4
0.4027777777777778
0.40555555555555556
0.4083333333333333
0.4111111111111111
0.3791348600508906
0.3816793893129771
0.3842239185750636
0.38676844783715014
0.3893129770992366
0.39185750636132316
0.3944020356234097
0.3969465648854962
0.3994910941475827
0.4020356234096692
0.40458015267175573
0.4071246819338422
0.3226452905811623
0.3246492985971944
0.32665330661322645
0.3286573146292585
0.3306613226452906
0.33266533066132264
0.3346693386773547
0.3366733466933868
0.33867735470941884
0.3406813627254509
0.342685370741483
0.34468937875751504
0.3466933867735471
0.3486973947895792
0.35070140280561124
0.3527054108216433
0.35470941883767537
0.35671342685370744
0.3587174348697395
0.36072144288577157
0.3627254509018036
0.36472945891783565
0.3667334669338677
0.3687374749498998
0.37074148296593185
0.3727454909819639
0.374749498997996
0.37675350701402804
0.3787575150300601
0.38
0.382
0.384
0.386
0.388
0.39
0.392
0.394
0.396
0.398
0.4
0.402
0.404
0.406
0.408
0.41
0.412
0.414
0.416
0.418
0.42
0.422
0.424
0.426
0.428
0.43
0.432
0.434
0.436
0.438
0.44
0.442
0.444
0.446
0.448
0.45
0.452
0.454
0.456
0.458
0.46
0.462
0.464
0.466
0.468
0.47
0.472
0.474
0.476
0.478
0.48
0.482
0.484
0.486
0.488
0.49
0.492
0.494
0.496
0.498
0.5
0.502
0.504
0.506
0.508
0.51
0.512
0.514
0.516
0.518
0.52
0.522
0.524
0.526
0.528
0.53
0.49906191369606
0.50093808630394
0.5028142589118199
0.5046904315196998
0.5065666041275797
0.5084427767354597
0.5103189493433395
0.5121951219512195
0.5140712945590994
0.5149812734082397
0.5158878504672897
0.5167910447761194
0.5176908752327747
0.5185873605947955
0.5194805194805194
0.5203703703703704
0.5212569316081331
0.522140221402214
0.5230202578268877
0.5238970588235294
0.5257352941176471
0.5275735294117647
0.5294117647058824
0.53125
0.5330882352941176
0.5349264705882353
0.5367647058823529
0.5386029411764706
0.5404411764705882
0.5422794117647058
0.5441176470588235
0.5459558823529411
0.5477941176470589
0.5496323529411765
0.5504587155963303
0.5512820512820513
0.5521023765996343
0.5529197080291971
0.5537340619307832
0.5545454545454546
0.5553539019963702
0.5561594202898551
0.5569620253164557
0.5577617328519856
0.5585585585585585
0.5593525179856115
0.5601436265709157
0.5609318996415771
0.5617173524150268
0.5625
0.5632798573975044
0.5640569395017794
0.5648312611012434
0.5656028368794326
0.5663716814159292
0.5671378091872792
0.5679012345679012
0.5686619718309859
0.5694200351493849
0.5711775043936731
0.5719298245614035
0.5736842105263158
0.5754385964912281
0.5771929824561404
1.0
1.0
1.0
1.0
1.0
1.0
1.0
1.0
1.0
1.0
1.0
1.0
1.0
1.0
1.0
1.0
1.0
1.0
1.0
1.0
1.0
1.0
1.0
1.0
1.0
1.0
1.0
1.0
1.0
1.0
1.0
1.0
1.0
1.0
1.0
1.0
1.0
1.0
1.0
1.0
1.0
1.0
1.0
1.0
1.0
1.0
1.0
1.0
1.0
1.0
1.0
1.0
1.0
1.0
1.0
1.0
1.0
1.0
1.0
1.0
1.0
1.0
1.0
1.0
1.0
1.0
1.0
1.0
1.0
1.0
1.0
1.0
1.0
0.26618705035971224
0.2697841726618705
0.2733812949640288
0.27697841726618705
0.2805755395683453
0.2841726618705036
0.28776978417266186
0.29136690647482016
0.2949640287769784
0.29856115107913667
0.302158273381295
0.3057553956834532
0.30935251798561153
0.3129496402877698
0.31654676258992803
0.31899641577060933
0.3225806451612903
0.32616487455197135
0.32974910394265233
0.3333333333333333
0.33691756272401435
0.34050179211469533
0.34408602150537637
0.34767025089605735
0.35125448028673834
0.3548387096774194
0.35842293906810035
0.36200716845878134
0.3655913978494624
0.36917562724014336
0.3727598566308244
0.3763440860215054
0.37992831541218636
0.3835125448028674
0.3870967741935484
0.32732732732732733
0.3303303303303303
0.3333333333333333
0.33633633633633636
0.3383233532934132
0.3402985074626866
0.34226190476190477
0.34421364985163205
0.34615384615384615
0.3480825958702065
0.35
0.3519061583577713
0.3538011695906433
0.3556851311953353
0.35755813953488375
0.35942028985507246
0.36127167630057805
0.3631123919308357
0.3649425287356322
0.3667621776504298
0.36857142857142855
0.37037037037037035
0.3721590909090909
0.37393767705382436
0.3757062146892655
0.37746478873239436
0.3792134831460674
0.38095238095238093
0.38268156424581007
0.38440111420612816
0.3861111111111111
0.3888888888888889
0.39166666666666666
0.39444444444444443
0.3972222222222222
0.4
0.4027777777777778
0.40555555555555556
0.4083333333333333
0.4111111111111111
0.3791348600508906
0.3816793893129771
0.3842239185750636
0.38676844783715014
0.3893129770992366
0.39185750636132316
0.3944020356234097
0.3969465648854962
0.3994910941475827
0.4020356234096692
0.40458015267175573
0.4071246819338422
0.3226452905811623
0.3246492985971944
0.32665330661322645
0.3286573146292585
0.3306613226452906
0.33266533066132264
0.3346693386773547
0.3366733466933868
0.33867735470941884
0.3406813627254509
0.342685370741483
0.34468937875751504
0.3466933867735471
0.3486973947895792
0.35070140280561124
0.3527054108216433
0.35470941883767537
0.35671342685370744
0.3587174348697395
0.36072144288577157
0.3627254509018036
0.36472945891783565
0.3667334669338677
0.3687374749498998
0.37074148296593185
0.3727454909819639
0.374749498997996
0.37675350701402804
0.3787575150300601
0.38
0.382
0.384
0.386
0.388
0.39
0.392
0.394
0.396
0.398
0.4
0.402
0.404
0.406
0.408
0.41
0.412
0.414
0.416
0.418
0.42
0.422
0.424
0.426
0.428
0.43
0.432
0.434
0.436
0.438
0.44
0.442
0.444
0.446
0.448
0.45
0.452
0.454
0.456
0.458
0.46
0.462
0.464
0.466
0.468
0.47
0.472
0.474
0.476
0.478
0.48
0.482
0.484
0.486
0.488
0.49
0.492
0.494
0.496
0.498
0.5
0.502
0.504
0.506
0.508
0.51
0.512
0.514
0.516
0.518
0.52
0.522
0.524
0.526
0.528
0.53
0.49906191369606
0.50093808630394
0.5028142589118199
0.5046904315196998
0.5065666041275797
0.5084427767354597
0.5103189493433395
0.5121951219512195
0.5140712945590994
0.5149812734082397
0.5158878504672897
0.5167910447761194
0.5176908752327747
0.5185873605947955
0.5194805194805194
0.5203703703703704
0.5212569316081331
0.522140221402214
0.5230202578268877
0.5238970588235294
0.5257352941176471
0.5275735294117647
0.5294117647058824
0.53125
0.5330882352941176
0.5349264705882353
0.5367647058823529
0.5386029411764706
0.5404411764705882
0.5422794117647058
0.5441176470588235
0.5459558823529411
0.5477941176470589
0.5496323529411765
0.5504587155963303
0.5512820512820513
0.5521023765996343
0.5529197080291971
0.5537340619307832
0.5545454545454546
0.5553539019963702
0.5561594202898551
0.5569620253164557
0.5577617328519856
0.5585585585585585
0.5593525179856115
0.5601436265709157
0.5609318996415771
0.5617173524150268
0.5625
0.5632798573975044
0.5640569395017794
0.5648312611012434
0.5656028368794326
0.5663716814159292
0.5671378091872792
0.5679012345679012
0.5686619718309859
0.5694200351493849
0.5711775043936731
0.5719298245614035
0.5736842105263158
0.5754385964912281
0.5771929824561404
1.0
1.0
1.0
1.0
1.0
1.0
1.0
1.0
1.0
1.0
1.0
1.0
1.0
1.0
1.0
1.0
1.0
1.0
1.0
1.0
1.0
1.0
1.0
1.0
1.0
1.0
1.0
1.0
1.0
1.0
1.0
1.0
1.0
1.0
1.0
1.0
1.0
1.0
1.0
1.0
1.0
1.0
1.0
1.0
1.0
1.0
1.0
1.0
1.0
1.0
1.0
1.0
1.0
1.0
1.0
1.0
1.0
1.0
1.0
1.0
1.0
1.0
1.0
1.0
1.0
1.0
1.0
1.0
1.0
1.0
1.0
1.0
1.0
0.4134078212290503
0.41899441340782123
0.4245810055865922
0.4301675977653631
0.43575418994413406
0.441340782122905
0.44692737430167595
0.45251396648044695
0.4581005586592179
0.46368715083798884
0.4692737430167598
0.4748603351955307
0.48044692737430167
0.4860335195530726
0.49162011173184356
0.4972067039106145
0.5027932960893855
0.5083798882681564
0.5139664804469274
0.5195530726256983
0.5251396648044693
0.5307262569832403
0.5363128491620112
0.5418994413407822
0.547486033519553
0.553072625698324
0.5586592178770949
0.5642458100558659
0.5698324022346368
0.5722222222222222
0.5777777777777777
0.5833333333333334
0.5888888888888889
0.5944444444444444
0.6
0.6055555555555555
0.6111111111111112
0.6166666666666667
0.6222222222222222
0.6277777777777778
0.6333333333333333
0.6388888888888888
0.6444444444444445
0.65
0.6555555555555556
0.6611111111111111
0.6666666666666666
0.6722222222222223
0.6777777777777778
0.6833333333333333
0.6888888888888889
0.6944444444444444
0.7
0.7055555555555556
0.7111111111111111
0.7166666666666667
0.7222222222222222
0.7277777777777777
0.7333333333333333
0.7388888888888889
0.7444444444444445
0.75
0.7555555555555555
0.7611111111111111
0.7666666666666667
0.7722222222222223
0.7777777777777778
0.7833333333333333
0.7888888888888889
0.7944444444444444
0.8
0.8055555555555556
0.8111111111111111
0.8166666666666667
0.8222222222222222
0.8277777777777777
0.8333333333333334
0.8388888888888889
0.8444444444444444
0.85
0.8555555555555555
0.8611111111111112
0.8666666666666667
0.8722222222222222
0.8777777777777778
0.8833333333333333
0.8888888888888888
0.8944444444444445
0.9
0.9055555555555556
0.9111111111111111
0.9166666666666666
0.9222222222222223
0.9277777777777778
0.9333333333333333
0.9388888888888889
0.9444444444444444
0.95
0.9555555555555556
0.9611111111111111
0.9666666666666667
0.9722222222222222
0.9777777777777777
0.9833333333333333
0.9888888888888889
0.8403755868544601
0.8450704225352113
0.8497652582159625
0.8504672897196262
0.8551401869158879
0.8598130841121495
0.8644859813084113
0.8691588785046729
0.8738317757009346
0.8785046728971962
0.8790697674418605
0.8796296296296297
0.880184331797235
0.8807339449541285
0.8812785388127854
0.8818181818181818
0.8823529411764706
0.8828828828828829
0.8834080717488789
0.8839285714285714
0.8844444444444445
0.8888888888888888
0.8933333333333333
0.8977777777777778
0.9022222222222223
0.9066666666666666
0.9111111111111111
0.9155555555555556
0.92
0.9244444444444444
0.9288888888888889
0.9333333333333333
0.9377777777777778
0.9422222222222222
0.9466666666666667
0.9469026548672567
0.947136563876652
0.9473684210526315
0.9475982532751092
0.9478260869565217
0.948051948051948
0.9482758620689655
0.9484978540772532
0.9487179487179487
0.948936170212766
0.9491525423728814
0.9493670886075949
0.9495798319327731
0.9497907949790795
0.95
0.950207468879668
0.9504132231404959
0.9506172839506173
0.9508196721311475
0.9510204081632653
0.9512195121951219
0.951417004048583
0.9516129032258065
0.9518072289156626
0.952
0.952191235059761
0.9523809523809523
0.9525691699604744
0.952755905511811
0.9529411764705882
0.953125
0.953307392996109
0.9534883720930233
0.9536679536679536
0.9538461538461539
0.9540229885057471
0.9541984732824428
0.9543726235741445
0.9545454545454546
0.9547169811320755
0.9548872180451128
0.9550561797752809
0.9552238805970149
0.9553903345724907
0.9555555555555556
0.955719557195572
0.9558823529411765
0.9560439560439561
0.9562043795620438
0.9563636363636364
0.9565217391304348
0.9566787003610109
0.9568345323741008
0.956989247311828
0.9571428571428572
0.9572953736654805
0.9574468085106383
0.9575971731448764
0.9577464788732394
0.9578947368421052
0.958041958041958
0.9581881533101045
0.9583333333333334
0.9584775086505191
0.9586206896551724
0.9587628865979382
0.958904109589041
0.9590443686006825
0.9591836734693877
0.9593220338983051
0.9594594594594594
0.9595959595959596
0.959731543624161
0.959866220735786
0.96
0.9601328903654485
0.9602649006622517
0.9603960396039604
0.9605263157894737
0.9606557377049181
0.9607843137254902
0.9609120521172638
0.961038961038961
0.9611650485436893
0.9612903225806452
0.9614147909967846
0.9646302250803859
0.9647435897435898
0.967948717948718
0.9711538461538461
0.9743589743589743
0.9744408945686901
0.9745222929936306
0.9746031746031746
0.9746835443037974
1.0
1.0
1.0
1.0
1.0
1.0
1.0
1.0
1.0
1.0
1.0
1.0
1.0
1.0
1.0
1.0
1.0
1.0
1.0
1.0
1.0
1.0
1.0
1.0
1.0
1.0
1.0
1.0
1.0
1.0
1.0
1.0
1.0
1.0
1.0
1.0
1.0
1.0
1.0
1.0
1.0
1.0
1.0
1.0
1.0
1.0
1.0
1.0
1.0
1.0
1.0
1.0
1.0
1.0
1.0
1.0
1.0
1.0
1.0
1.0
1.0
1.0
1.0
1.0
1.0
1.0
1.0
1.0
1.0
1.0
1.0
1.0
1.0
0.4134078212290503
0.41899441340782123
0.4245810055865922
0.4301675977653631
0.43575418994413406
0.441340782122905
0.44692737430167595
0.45251396648044695
0.4581005586592179
0.46368715083798884
0.4692737430167598
0.4748603351955307
0.48044692737430167
0.4860335195530726
0.49162011173184356
0.4972067039106145
0.5027932960893855
0.5083798882681564
0.5139664804469274
0.5195530726256983
0.5251396648044693
0.5307262569832403
0.5363128491620112
0.5418994413407822
0.547486033519553
0.553072625698324
0.5586592178770949
0.5642458100558659
0.5698324022346368
0.5722222222222222
0.5777777777777777
0.5833333333333334
0.5888888888888889
0.5944444444444444
0.6
0.6055555555555555
0.6111111111111112
0.6166666666666667
0.6222222222222222
0.6277777777777778
0.6333333333333333
0.6388888888888888
0.6444444444444445
0.65
0.6555555555555556
0.6611111111111111
0.6666666666666666
0.6722222222222223
0.6777777777777778
0.6833333333333333
0.6888888888888889
0.6944444444444444
0.7
0.7055555555555556
0.7111111111111111
0.7166666666666667
0.7222222222222222
0.7277777777777777
0.7333333333333333
0.7388888888888889
0.7444444444444445
0.75
0.7555555555555555
0.7611111111111111
0.7666666666666667
0.7722222222222223
0.7777777777777778
0.7833333333333333
0.7888888888888889
0.7944444444444444
0.8
0.8055555555555556
0.8111111111111111
0.8166666666666667
0.8222222222222222
0.8277777777777777
0.8333333333333334
0.8388888888888889
0.8444444444444444
0.85
0.8555555555555555
0.8611111111111112
0.8666666666666667
0.8722222222222222
0.8777777777777778
0.8833333333333333
0.8888888888888888
0.8944444444444445
0.9
0.9055555555555556
0.9111111111111111
0.9166666666666666
0.9222222222222223
0.9277777777777778
0.9333333333333333
0.9388888888888889
0.9444444444444444
0.95
0.9555555555555556
0.9611111111111111
0.9666666666666667
0.9722222222222222
0.9777777777777777
0.9833333333333333
0.9888888888888889
0.8403755868544601
0.8450704225352113
0.8497652582159625
0.8504672897196262
0.8551401869158879
0.8598130841121495
0.8644859813084113
0.8691588785046729
0.8738317757009346
0.8785046728971962
0.8790697674418605
0.8796296296296297
0.880184331797235
0.8807339449541285
0.8812785388127854
0.8818181818181818
0.8823529411764706
0.8828828828828829
0.8834080717488789
0.8839285714285714
0.8844444444444445
0.8888888888888888
0.8933333333333333
0.8977777777777778
0.9022222222222223
0.9066666666666666
0.9111111111111111
0.9155555555555556
0.92
0.9244444444444444
0.9288888888888889
0.9333333333333333
0.9377777777777778
0.9422222222222222
0.9466666666666667
0.9469026548672567
0.947136563876652
0.9473684210526315
0.9475982532751092
0.9478260869565217
0.948051948051948
0.9482758620689655
0.9484978540772532
0.9487179487179487
0.948936170212766
0.9491525423728814
0.9493670886075949
0.9495798319327731
0.9497907949790795
0.95
0.950207468879668
0.9504132231404959
0.9506172839506173
0.9508196721311475
0.9510204081632653
0.9512195121951219
0.951417004048583
0.9516129032258065
0.9518072289156626
0.952
0.952191235059761
0.9523809523809523
0.9525691699604744
0.952755905511811
0.9529411764705882
0.953125
0.953307392996109
0.9534883720930233
0.9536679536679536
0.9538461538461539
0.9540229885057471
0.9541984732824428
0.9543726235741445
0.9545454545454546
0.9547169811320755
0.9548872180451128
0.9550561797752809
0.9552238805970149
0.9553903345724907
0.9555555555555556
0.955719557195572
0.9558823529411765
0.9560439560439561
0.9562043795620438
0.9563636363636364
0.9565217391304348
0.9566787003610109
0.9568345323741008
0.956989247311828
0.9571428571428572
0.9572953736654805
0.9574468085106383
0.9575971731448764
0.9577464788732394
0.9578947368421052
0.958041958041958
0.9581881533101045
0.9583333333333334
0.9584775086505191
0.9586206896551724
0.9587628865979382
0.958904109589041
0.9590443686006825
0.9591836734693877
0.9593220338983051
0.9594594594594594
0.9595959595959596
0.959731543624161
0.959866220735786
0.96
0.9601328903654485
0.9602649006622517
0.9603960396039604
0.9605263157894737
0.9606557377049181
0.9607843137254902
0.9609120521172638
0.961038961038961
0.9611650485436893
0.9612903225806452
0.9614147909967846
0.9646302250803859
0.9647435897435898
0.967948717948718
0.9711538461538461
0.9743589743589743
0.9744408945686901
0.9745222929936306
0.9746031746031746
0.9746835443037974
1.0
1.0
1.0
1.0
1.0
1.0
1.0
1.0
1.0
1.0
1.0
1.0
1.0
1.0
1.0
1.0
1.0
1.0
1.0
1.0
1.0
1.0
1.0
1.0
1.0
1.0
1.0
1.0
1.0
1.0
1.0
1.0
1.0
1.0
1.0
1.0
1.0
1.0
1.0
1.0
1.0
1.0
1.0
1.0
1.0
1.0
1.0
1.0
1.0
1.0
1.0
1.0
1.0
1.0
1.0
1.0
1.0
1.0
1.0
1.0
1.0
1.0
1.0
1.0
1.0
1.0
1.0
1.0
1.0
1.0
1.0
1.0
1.0
1.0
1.0
1.0
1.0
1.0
1.0
1.0
1.0
1.0
1.0
1.0
1.0
1.0
1.0
1.0
1.0
1.0
1.0
1.0
1.0
1.0
1.0
1.0
1.0
1.0
1.0
1.0
1.0
1.0
1.0
1.0
1.0
1.0
1.0
1.0
1.0
1.0
1.0
1.0
1.0
1.0
1.0
1.0
1.0
1.0
1.0
1.0
1.0
1.0
1.0
1.0
1.0
1.0
1.0
1.0
1.0
1.0
1.0
1.0
1.0
1.0
1.0
1.0
1.0
1.0
1.0
1.0
1.0
1.0
1.0
1.0
1.0
1.0
0.26618705035971224
0.2697841726618705
0.2733812949640288
0.27697841726618705
0.2805755395683453
0.2841726618705036
0.28776978417266186
0.29136690647482016
0.2949640287769784
0.29856115107913667
0.302158273381295
0.3057553956834532
0.30935251798561153
0.3129496402877698
0.31654676258992803
0.31899641577060933
0.3225806451612903
0.32616487455197135
0.32974910394265233
0.3333333333333333
0.33691756272401435
0.34050179211469533
0.34408602150537637
0.34767025089605735
0.35125448028673834
0.3548387096774194
0.35842293906810035
0.36200716845878134
0.3655913978494624
0.36917562724014336
0.3727598566308244
0.3763440860215054
0.37992831541218636
0.3835125448028674
0.3870967741935484
0.34935897435897434
0.3525641025641026
0.3557692307692308
0.358974358974359
0.36217948717948717
0.36538461538461536
0.3685897435897436
0.3717948717948718
0.375
0.3769968051118211
0.37898089171974525
0.38095238095238093
0.3829113924050633
0.38485804416403785
0.3867924528301887
0.3887147335423197
0.390625
0.3925233644859813
0.3944099378881988
0.39628482972136225
0.3993808049535604
0.4024767801857585
0.4055727554179567
0.4086687306501548
0.4117647058823529
0.4148606811145511
0.4179566563467492
0.42105263157894735
0.4241486068111455
0.42724458204334365
0.43034055727554177
0.43343653250773995
0.43653250773993807
0.43962848297213625
0.44135802469135804
0.4430769230769231
0.4447852760736196
0.44648318042813456
0.4481707317073171
0.44984802431610943
0.45151515151515154
0.45317220543806647
0.45481927710843373
0.45645645645645644
0.45808383233532934
0.4597014925373134
0.46130952380952384
0.4629080118694362
0.46449704142011833
0.46607669616519176
0.4676470588235294
0.46920821114369504
0.47076023391812866
0.47230320699708456
0.4738372093023256
0.4753623188405797
0.476878612716763
0.4783861671469741
0.47988505747126436
0.4813753581661891
0.4828571428571429
0.4843304843304843
0.48579545454545453
0.48725212464589235
0.4887005649717514
0.49014084507042255
0.49157303370786515
0.49299719887955185
0.49441340782122906
0.4958217270194986
0.49722222222222223
0.4986149584487535
0.5
0.5013774104683195
0.5027472527472527
0.5041095890410959
0.505464480874317
0.5068119891008175
0.5081521739130435
0.5094850948509485
0.5108108108108108
0.5121293800539084
0.5134408602150538
0.514745308310992
0.516042780748663
0.5173333333333333
0.52
0.5212765957446809
0.523936170212766
0.526595744680851
0.5292553191489362
0.5305039787798409
0.5317460317460317
0.5329815303430079
0.5342105263157895
0.5354330708661418
0.5366492146596858
0.5378590078328982
0.5390625
0.5402597402597402
0.5414507772020726
0.5426356589147286
0.5438144329896907
0.5449871465295629
0.5475578406169666
0.5487179487179488
0.5498721227621484
1.0
1.0
1.0
1.0
1.0
1.0
1.0
1.0
1.0
1.0
1.0
1.0
1.0
1.0
1.0
1.0
1.0
1.0
1.0
1.0
1.0
1.0
1.0
1.0
1.0
1.0
1.0
1.0
1.0
1.0
1.0
1.0
1.0
1.0
1.0
1.0
1.0
1.0
1.0
1.0
1.0
1.0
1.0
1.0
1.0
1.0
1.0
1.0
1.0
1.0
1.0
1.0
1.0
1.0
1.0
1.0
1.0
1.0
1.0
1.0
1.0
1.0
1.0
1.0
1.0
1.0
1.0
1.0
1.0
1.0
1.0
1.0
1.0
1.0
1.0
1.0
1.0
1.0
1.0
1.0
1.0
1.0
1.0
1.0
1.0
1.0
1.0
1.0
1.0
1.0
1.0
1.0
1.0
1.0
1.0
1.0
1.0
1.0
1.0
1.0
1.0
1.0
1.0
1.0
1.0
1.0
1.0
1.0
1.0
1.0
1.0
1.0
1.0
1.0
1.0
1.0
1.0
1.0
1.0
1.0
1.0
1.0
1.0
1.0
1.0
1.0
1.0
1.0
1.0
1.0
1.0
1.0
1.0
1.0
1.0
1.0
1.0
1.0
1.0
1.0
1.0
1.0
1.0
1.0
1.0
1.0
0.26618705035971224
0.2697841726618705
0.2733812949640288
0.27697841726618705
0.2805755395683453
0.2841726618705036
0.28776978417266186
0.29136690647482016
0.2949640287769784
0.29856115107913667
0.302158273381295
0.3057553956834532
0.30935251798561153
0.3129496402877698
0.31654676258992803
0.31899641577060933
0.3225806451612903
0.32616487455197135
0.32974910394265233
0.3333333333333333
0.33691756272401435
0.34050179211469533
0.34408602150537637
0.34767025089605735
0.35125448028673834
0.3548387096774194
0.35842293906810035
0.36200716845878134
0.3655913978494624
0.36917562724014336
0.3727598566308244
0.3763440860215054
0.37992831541218636
0.3835125448028674
0.3870967741935484
0.34935897435897434
0.3525641025641026
0.3557692307692308
0.358974358974359
0.36217948717948717
0.36538461538461536
0.3685897435897436
0.3717948717948718
0.375
0.3769968051118211
0.37898089171974525
0.38095238095238093
0.3829113924050633
0.38485804416403785
0.3867924528301887
0.3887147335423197
0.390625
0.3925233644859813
0.3944099378881988
0.39628482972136225
0.3993808049535604
0.4024767801857585
0.4055727554179567
0.4086687306501548
0.4117647058823529
0.4148606811145511
0.4179566563467492
0.42105263157894735
0.4241486068111455
0.42724458204334365
0.43034055727554177
0.43343653250773995
0.43653250773993807
0.43962848297213625
0.44135802469135804
0.4430769230769231
0.4447852760736196
0.44648318042813456
0.4481707317073171
0.44984802431610943
0.45151515151515154
0.45317220543806647
0.45481927710843373
0.45645645645645644
0.45808383233532934
0.4597014925373134
0.46130952380952384
0.4629080118694362
0.46449704142011833
0.46607669616519176
0.4676470588235294
0.46920821114369504
0.47076023391812866
0.47230320699708456
0.4738372093023256
0.4753623188405797
0.476878612716763
0.4783861671469741
0.47988505747126436
0.4813753581661891
0.4828571428571429
0.4843304843304843
0.48579545454545453
0.48725212464589235
0.4887005649717514
0.49014084507042255
0.49157303370786515
0.49299719887955185
0.49441340782122906
0.4958217270194986
0.49722222222222223
0.4986149584487535
0.5
0.5013774104683195
0.5027472527472527
0.5041095890410959
0.505464480874317
0.5068119891008175
0.5081521739130435
0.5094850948509485
0.5108108108108108
0.5121293800539084
0.5134408602150538
0.514745308310992
0.516042780748663
0.5173333333333333
0.52
0.5212765957446809
0.523936170212766
0.526595744680851
0.5292553191489362
0.5305039787798409
0.5317460317460317
0.5329815303430079
0.5342105263157895
0.5354330708661418
0.5366492146596858
0.5378590078328982
0.5390625
0.5402597402597402
0.5414507772020726
0.5426356589147286
0.5438144329896907
0.5449871465295629
0.5475578406169666
0.5487179487179488
0.5498721227621484
1.0
1.0
1.0
1.0
1.0
1.0
1.0
1.0
1.0
1.0
1.0
1.0
1.0
1.0
1.0
1.0
1.0
1.0
1.0
1.0
1.0
1.0
1.0
1.0
1.0
1.0
1.0
1.0
1.0
1.0
1.0
1.0
1.0
1.0
1.0
1.0
1.0
1.0
1.0
1.0
1.0
1.0
1.0
1.0
1.0
1.0
1.0
1.0
1.0
1.0
1.0
1.0
1.0
1.0
1.0
1.0
1.0
1.0
1.0
1.0
1.0
1.0
1.0
1.0
1.0
1.0
1.0
1.0
1.0
1.0
1.0
1.0
1.0
0.4134078212290503
0.41899441340782123
0.4245810055865922
0.4301675977653631
0.43575418994413406
0.441340782122905
0.44692737430167595
0.45251396648044695
0.4581005586592179
0.46368715083798884
0.4692737430167598
0.4748603351955307
0.48044692737430167
0.4860335195530726
0.49162011173184356
0.4972067039106145
0.5027932960893855
0.5083798882681564
0.5139664804469274
0.5195530726256983
0.5251396648044693
0.5307262569832403
0.5363128491620112
0.5418994413407822
0.547486033519553
0.553072625698324
0.5586592178770949
0.5642458100558659
0.5698324022346368
0.5722222222222222
0.5777777777777777
0.5833333333333334
0.5888888888888889
0.5944444444444444
0.6
0.6055555555555555
0.6111111111111112
0.6166666666666667
0.6222222222222222
0.6277777777777778
0.6333333333333333
0.6388888888888888
0.6444444444444445
0.65
0.6555555555555556
0.6611111111111111
0.6666666666666666
0.6722222222222223
0.6777777777777778
0.6833333333333333
0.6888888888888889
0.6944444444444444
1.0
1.0
1.0
1.0
1.0
1.0
1.0
1.0
1.0
1.0
1.0
1.0
1.0
1.0
1.0
1.0
1.0
1.0
1.0
1.0
1.0
1.0
1.0
1.0
1.0
1.0
1.0
1.0
1.0
1.0
1.0
1.0
1.0
1.0
1.0
1.0
1.0
1.0
1.0
1.0
1.0
1.0
1.0
1.0
1.0
1.0
1.0
1.0
1.0
1.0
1.0
1.0
1.0
1.0
1.0
1.0
1.0
1.0
1.0
1.0
1.0
1.0
1.0
1.0
1.0
1.0
1.0
1.0
1.0
1.0
1.0
1.0
1.0
0.8131868131868132
0.8241758241758241
0.8260869565217391
0.8279569892473119
0.8297872340425532
0.8315789473684211
0.8333333333333334
0.8350515463917526
0.8367346938775511
0.8383838383838383
0.84
0.8415841584158416
0.8431372549019608
0.8446601941747572
0.8461538461538461
0.8476190476190476
0.8490566037735849
0.8504672897196262
0.8518518518518519
0.8532110091743119
0.8545454545454545
0.8558558558558559
0.8571428571428571
0.8584070796460177
0.8596491228070176
0.8608695652173913
0.8620689655172413
0.8632478632478633
0.864406779661017
0.865546218487395
0.8666666666666667
0.8677685950413223
0.8688524590163934
0.8699186991869918
0.8709677419354839
0.872
0.873015873015873
0.8740157480314961
0.875
0.875968992248062
0.8769230769230769
0.8778625954198473
0.8787878787878788
0.8796992481203008
0.8805970149253731
0.8814814814814815
0.8823529411764706
0.8832116788321168
0.8840579710144928
0.8848920863309353
0.8857142857142857
0.8865248226950354
0.8873239436619719
0.8881118881118881
0.8888888888888888
0.8896551724137931
0.8904109589041096
0.891156462585034
0.8918918918918919
0.8926174496644296
0.8933333333333333
0.8940397350993378
0.8947368421052632
0.8954248366013072
0.9019607843137255
0.9084967320261438
0.9150326797385621
0.3949579831932773
0.39775910364145656
0.4005602240896359
0.40336134453781514
0.4061624649859944
0.40896358543417366
0.4117647058823529
0.41456582633053224
0.4173669467787115
0.42016806722689076
0.42296918767507
0.4257703081232493
0.3825
0.385
0.3875
0.39
0.3925
0.395
0.3975
0.4
0.4025
0.405
0.4075
0.4089775561097257
0.4114713216957606
0.4139650872817955
0.4164588528678304
0.38009049773755654
0.38235294117647056
0.38461538461538464
0.38687782805429866
0.3891402714932127
0.3914027149321267
0.3936651583710407
0.39592760180995473
0.39819004524886875
0.4004524886877828
0.40271493212669685
0.4040632054176072
0.40632054176072235
0.40857787810383744
0.4108352144469526
0.41309255079006774
0.4153498871331828
0.417607223476298
0.4198645598194131
0.4221218961625282
0.42342342342342343
0.42567567567567566
0.42792792792792794
0.43018018018018017
0.43243243243243246
0.4346846846846847
0.4369369369369369
0.39156626506024095
0.39357429718875503
0.39558232931726905
0.39759036144578314
0.39959839357429716
0.40160642570281124
0.4036144578313253
0.40562248995983935
0.40763052208835343
0.40963855421686746
0.41164658634538154
0.41365461847389556
0.41566265060240964
0.3443708609271523
0.34602649006622516
0.347682119205298
0.34933774834437087
0.3509933774834437
0.3526490066225166
0.3543046357615894
0.35596026490066224
0.3576158940397351
0.35927152317880795
0.3609271523178808
0.36258278145695366
0.36423841059602646
0.3658940397350993
0.3675496688741722
0.36920529801324503
0.3708609271523179
0.37251655629139074
0.3741721854304636
0.3758278145695364
0.37748344370860926
0.3791390728476821
0.38079470198675497
0.3824503311258278
0.3841059602649007
0.38576158940397354
0.38741721854304634
0.3890728476821192
0.39072847682119205
0.39173553719008264
0.3933884297520661
0.3950413223140496
0.39669421487603307
0.39834710743801655
0.4
0.40165289256198344
0.4033057851239669
0.4049586776859504
0.4066115702479339
0.40826446280991735
0.4099173553719008
0.4115702479338843
0.4132231404958678
0.41487603305785126
0.41652892561983473
0.41818181818181815
0.41983471074380163
0.4214876033057851
0.4231404958677686
0.42479338842975206
0.42644628099173554
0.428099173553719
0.4297520661157025
0.43140495867768597
0.43305785123966944
0.43471074380165287
0.43636363636363634
0.4380165289256198
0.4396694214876033
0.4413223140495868
0.44297520661157025
0.4446280991735537
0.4462809917355372
0.4479338842975207
0.44958677685950416
0.4512396694214876
0.45289256198347105
0.45454545454545453
0.456198347107438
0.4578512396694215
0.45950413223140496
0.46115702479338844
0.4628099173553719
0.4644628099173554
0.46611570247933887
0.4677685950413223
0.46942148760330576
0.47107438016528924
0.4727272727272727
0.4743801652892562
0.47603305785123967
0.47768595041322315
0.4793388429752066
0.4809917355371901
0.4826446280991736
0.484297520661157
0.4859504132231405
0.48760330578512395
0.48925619834710743
0.4909090909090909
0.4925619834710744
0.49421487603305786
0.49586776859504134
0.4975206611570248
0.4991735537190083
0.5008264462809917
0.5024793388429752
0.5041322314049587
0.5057851239669422
0.5074380165289256
0.509090909090909
0.5107438016528926
0.512396694214876
0.5140495867768595
0.515702479338843
0.39027431421446385
0.3915211970074813
0.39276807980049877
0.3940149625935162
0.39526184538653364
0.39650872817955113
0.39775561097256856
0.39900249376558605
0.4002493765586035
0.4014962593516209
0.4027431421446384
0.40399002493765584
0.40523690773067333
0.40648379052369077
0.4077306733167082
0.4089775561097257
0.4102244389027431
0.4114713216957606
0.41271820448877805
0.4139650872817955
0.415211970074813
0.4164588528678304
0.4177057356608479
0.41895261845386533
0.42019950124688277
0.42144638403990026
0.4226932668329177
0.4239401496259352
0.4251870324189526
0.4095808383233533
0.41077844311377243
0.4119760479041916
0.41317365269461076
0.41437125748502995
0.4155688622754491
0.4167664670658683
0.4179640718562874
0.41916167664670656
0.41985645933014354
0.42054958183990443
0.4212410501193317
0.42193087008343266
0.4226190476190476
0.4233055885850178
0.42399049881235157
0.4246737841043891
0.4253554502369668
0.4260355029585799
0.42671394799054374
0.42789598108747046
0.42907801418439717
0.4302600472813239
0.4314420803782506
0.4326241134751773
0.43380614657210403
0.43498817966903075
0.43617021276595747
0.4373522458628842
0.4385342789598109
0.4397163120567376
0.44089834515366433
0.44208037825059104
0.4432624113475177
1.0
1.0
1.0
1.0
1.0
1.0
1.0
1.0
1.0
1.0
1.0
1.0
1.0
1.0
1.0
1.0
1.0
1.0
1.0
1.0
1.0
1.0
1.0
1.0
1.0
1.0
1.0
1.0
1.0
1.0
1.0
1.0
1.0
1.0
1.0
1.0
1.0
1.0
1.0
1.0
1.0
1.0
1.0
1.0
1.0
1.0
1.0
1.0
1.0
1.0
1.0
1.0
1.0
1.0
1.0
1.0
1.0
1.0
1.0
1.0
1.0
1.0
1.0
1.0
1.0
1.0
1.0
1.0
1.0
1.0
1.0
1.0
1.0
0.8131868131868132
0.8241758241758241
0.8260869565217391
0.8279569892473119
0.8297872340425532
0.8315789473684211
0.8333333333333334
0.8350515463917526
0.8367346938775511
0.8383838383838383
0.84
0.8415841584158416
0.8431372549019608
0.8446601941747572
0.8461538461538461
0.8476190476190476
0.8490566037735849
0.8504672897196262
0.8518518518518519
0.8532110091743119
0.8545454545454545
0.8558558558558559
0.8571428571428571
0.8584070796460177
0.8596491228070176
0.8608695652173913
0.8620689655172413
0.8632478632478633
0.864406779661017
0.865546218487395
0.8666666666666667
0.8677685950413223
0.8688524590163934
0.8699186991869918
0.8709677419354839
0.872
0.873015873015873
0.8740157480314961
0.875
0.875968992248062
0.8769230769230769
0.8778625954198473
0.8787878787878788
0.8796992481203008
0.8805970149253731
0.8814814814814815
0.8823529411764706
0.8832116788321168
0.8840579710144928
0.8848920863309353
0.8857142857142857
0.8865248226950354
0.8873239436619719
0.8881118881118881
0.8888888888888888
0.8896551724137931
0.8904109589041096
0.891156462585034
0.8918918918918919
0.8926174496644296
0.8933333333333333
0.8940397350993378
0.8947368421052632
0.8954248366013072
0.9019607843137255
0.9084967320261438
0.9150326797385621
0.3949579831932773
0.39775910364145656
0.4005602240896359
0.40336134453781514
0.4061624649859944
0.40896358543417366
0.4117647058823529
0.41456582633053224
0.4173669467787115
0.42016806722689076
0.42296918767507
0.4257703081232493
0.3825
0.385
0.3875
0.39
0.3925
0.395
0.3975
0.4
0.4025
0.405
0.4075
0.4089775561097257
0.4114713216957606
0.4139650872817955
0.4164588528678304
0.38009049773755654
0.38235294117647056
0.38461538461538464
0.38687782805429866
0.3891402714932127
0.3914027149321267
0.3936651583710407
0.39592760180995473
0.39819004524886875
0.4004524886877828
0.40271493212669685
0.4040632054176072
0.40632054176072235
0.40857787810383744
0.4108352144469526
0.41309255079006774
0.4153498871331828
0.417607223476298
0.4198645598194131
0.4221218961625282
0.42342342342342343
0.42567567567567566
0.42792792792792794
0.43018018018018017
0.43243243243243246
0.4346846846846847
0.4369369369369369
0.39156626506024095
0.39357429718875503
0.39558232931726905
0.39759036144578314
0.39959839357429716
0.40160642570281124
0.4036144578313253
0.40562248995983935
0.40763052208835343
0.40963855421686746
0.41164658634538154
0.41365461847389556
0.41566265060240964
0.3443708609271523
0.34602649006622516
0.347682119205298
0.34933774834437087
0.3509933774834437
0.3526490066225166
0.3543046357615894
0.35596026490066224
0.3576158940397351
0.35927152317880795
0.3609271523178808
0.36258278145695366
0.36423841059602646
0.3658940397350993
0.3675496688741722
0.36920529801324503
0.3708609271523179
0.37251655629139074
0.3741721854304636
0.3758278145695364
0.37748344370860926
0.3791390728476821
0.38079470198675497
0.3824503311258278
0.3841059602649007
0.38576158940397354
0.38741721854304634
0.3890728476821192
0.39072847682119205
0.39173553719008264
0.3933884297520661
0.3950413223140496
0.39669421487603307
0.39834710743801655
0.4
0.40165289256198344
0.4033057851239669
0.4049586776859504
0.4066115702479339
0.40826446280991735
0.4099173553719008
0.4115702479338843
0.4132231404958678
0.41487603305785126
0.41652892561983473
0.41818181818181815
0.41983471074380163
0.4214876033057851
0.4231404958677686
0.42479338842975206
0.42644628099173554
0.428099173553719
0.4297520661157025
0.43140495867768597
0.43305785123966944
0.43471074380165287
0.43636363636363634
0.4380165289256198
0.4396694214876033
0.4413223140495868
0.44297520661157025
0.4446280991735537
0.4462809917355372
0.4479338842975207
0.44958677685950416
0.4512396694214876
0.45289256198347105
0.45454545454545453
0.456198347107438
0.4578512396694215
0.45950413223140496
0.46115702479338844
0.4628099173553719
0.4644628099173554
0.46611570247933887
0.4677685950413223
0.46942148760330576
0.47107438016528924
0.4727272727272727
0.4743801652892562
0.47603305785123967
0.47768595041322315
0.4793388429752066
0.4809917355371901
0.4826446280991736
0.484297520661157
0.4859504132231405
0.48760330578512395
0.48925619834710743
0.4909090909090909
0.4925619834710744
0.49421487603305786
0.49586776859504134
0.4975206611570248
0.4991735537190083
0.5008264462809917
0.5024793388429752
0.5041322314049587
0.5057851239669422
0.5074380165289256
0.509090909090909
0.5107438016528926
0.512396694214876
0.5140495867768595
0.515702479338843
0.39027431421446385
0.3915211970074813
0.39276807980049877
0.3940149625935162
0.39526184538653364
0.39650872817955113
0.39775561097256856
0.39900249376558605
0.4002493765586035
0.4014962593516209
0.4027431421446384
0.40399002493765584
0.40523690773067333
0.40648379052369077
0.4077306733167082
0.4089775561097257
0.4102244389027431
0.4114713216957606
0.41271820448877805
0.4139650872817955
0.415211970074813
0.4164588528678304
0.4177057356608479
0.41895261845386533
0.42019950124688277
0.42144638403990026
0.4226932668329177
0.4239401496259352
0.4251870324189526
0.4095808383233533
0.41077844311377243
0.4119760479041916
0.41317365269461076
0.41437125748502995
0.4155688622754491
0.4167664670658683
0.4179640718562874
0.41916167664670656
0.41985645933014354
0.42054958183990443
0.4212410501193317
0.42193087008343266
0.4226190476190476
0.4233055885850178
0.42399049881235157
0.4246737841043891
0.4253554502369668
0.4260355029585799
0.42671394799054374
0.42789598108747046
0.42907801418439717
0.4302600472813239
0.4314420803782506
0.4326241134751773
0.43380614657210403
0.43498817966903075
0.43617021276595747
0.4373522458628842
0.4385342789598109
0.4397163120567376
0.44089834515366433
0.44208037825059104
0.4432624113475177
1.0
1.0
1.0
1.0
1.0
1.0
1.0
1.0
1.0
1.0
1.0
1.0
1.0
1.0
1.0
1.0
1.0
1.0
1.0
1.0
1.0
1.0
1.0
1.0
1.0
1.0
1.0
1.0
1.0
1.0
1.0
1.0
1.0
1.0
1.0
1.0
1.0
1.0
1.0
1.0
1.0
1.0
1.0
1.0
1.0
1.0
1.0
1.0
1.0
1.0
1.0
1.0
1.0
1.0
1.0
1.0
1.0
1.0
1.0
1.0
1.0
1.0
1.0
1.0
1.0
1.0
1.0
1.0
1.0
1.0
1.0
1.0
1.0
0.5826771653543307
0.5905511811023622
0.5984251968503937
0.6062992125984252
0.609375
0.6124031007751938
0.6153846153846154
0.6183206106870229
0.6212121212121212
0.6240601503759399
0.6268656716417911
0.6296296296296297
0.6323529411764706
0.635036496350365
0.6376811594202898
0.6402877697841727
0.6428571428571429
0.6453900709219859
0.647887323943662
0.6503496503496503
0.6527777777777778
0.6551724137931034
0.6575342465753424
0.6598639455782312
0.6621621621621622
0.6644295302013423
0.6666666666666666
0.6688741721854304
0.6710526315789473
0.673202614379085
0.6753246753246753
0.6774193548387096
0.6794871794871795
0.6815286624203821
0.6835443037974683
0.6855345911949685
0.6875
0.6894409937888198
0.691358024691358
0.6932515337423313
0.6951219512195121
0.696969696969697
0.6987951807228916
0.7005988023952096
0.7023809523809523
0.7041420118343196
0.7058823529411765
0.7076023391812866
0.7093023255813954
0.7109826589595376
0.7126436781609196
0.7142857142857143
0.7159090909090909
0.7175141242937854
0.7191011235955056
0.7206703910614525
0.7222222222222222
0.7237569060773481
0.7252747252747253
0.726775956284153
0.7282608695652174
0.7297297297297297
0.7311827956989247
0.732620320855615
0.7340425531914894
0.7354497354497355
0.7407407407407407
0.746031746031746
0.7513227513227513
0.7566137566137566
0.7619047619047619
0.7671957671957672
0.7724867724867724
0.7777777777777778
0.783068783068783
0.6422413793103449
0.646551724137931
0.6508620689655172
0.6551724137931034
0.6594827586206896
0.6637931034482759
0.6681034482758621
0.6724137931034483
0.6767241379310345
0.6810344827586207
0.6853448275862069
0.6866952789699571
0.6909871244635193
0.6952789699570815
0.6995708154506438
0.5985401459854015
0.6021897810218978
0.6058394160583942
0.6094890510948905
0.6131386861313869
0.6167883211678832
0.6204379562043796
0.6240875912408759
0.6277372262773723
0.6313868613138686
0.635036496350365
0.6363636363636364
0.64
0.6436363636363637
0.6472727272727272
0.6509090909090909
0.6545454545454545
0.6581818181818182
0.6618181818181819
0.6654545454545454
0.6666666666666666
0.6702898550724637
0.6739130434782609
0.677536231884058
0.6811594202898551
0.6847826086956522
0.6884057971014492
0.40380549682875266
0.4059196617336152
0.4080338266384778
0.41014799154334036
0.41226215644820297
0.4143763213530655
0.4164904862579281
0.4186046511627907
0.42071881606765327
0.42283298097251587
0.4249471458773784
0.427061310782241
0.42917547568710357
0.4312896405919662
0.4334038054968288
0.4355179704016913
0.4376321353065539
0.4397463002114165
0.4418604651162791
0.4439746300211416
0.44608879492600423
0.44820295983086683
0.4503171247357294
0.452431289640592
0.45454545454545453
0.45665961945031713
0.4587737843551797
0.4608879492600423
0.4630021141649049
0.3249630723781389
0.32644017725258495
0.32791728212703103
0.3293943870014771
0.3308714918759232
0.33234859675036926
0.33382570162481534
0.3353028064992615
0.33677991137370755
0.33825701624815363
0.3397341211225997
0.3412112259970458
0.3338129496402878
0.33525179856115106
0.3366906474820144
0.3381294964028777
0.339568345323741
0.32554945054945056
0.3269230769230769
0.3282967032967033
0.32967032967032966
0.33104395604395603
0.3324175824175824
0.33379120879120877
0.33516483516483514
0.33653846153846156
0.3374485596707819
0.33835616438356164
0.3392612859097127
0.3401639344262295
0.34106412005457026
0.3419618528610354
0.34285714285714286
0.34375
0.344640434192673
0.34552845528455284
0.34641407307171856
0.34776725304465494
0.3491204330175913
0.35047361299052776
0.35182679296346414
0.3531799729364005
0.35453315290933696
0.35588633288227334
0.3572395128552097
0.35859269282814615
0.35994587280108253
0.36129905277401897
0.36265223274695535
0.36400541271989173
0.36535859269282817
1.0
1.0
1.0
1.0
1.0
1.0
1.0
1.0
1.0
1.0
1.0
1.0
1.0
1.0
1.0
1.0
1.0
1.0
1.0
1.0
1.0
1.0
1.0
1.0
1.0
1.0
1.0
1.0
1.0
1.0
1.0
1.0
1.0
1.0
1.0
1.0
1.0
1.0
1.0
1.0
1.0
1.0
1.0
1.0
1.0
1.0
1.0
1.0
1.0
1.0
1.0
1.0
1.0
1.0
1.0
1.0
1.0
1.0
1.0
1.0
1.0
1.0
1.0
1.0
1.0
1.0
1.0
1.0
1.0
1.0
1.0
1.0
1.0
0.5826771653543307
0.5905511811023622
0.5984251968503937
0.6062992125984252
0.609375
0.6124031007751938
0.6153846153846154
0.6183206106870229
0.6212121212121212
0.6240601503759399
0.6268656716417911
0.6296296296296297
0.6323529411764706
0.635036496350365
0.6376811594202898
0.6402877697841727
0.6428571428571429
0.6453900709219859
0.647887323943662
0.6503496503496503
0.6527777777777778
0.6551724137931034
0.6575342465753424
0.6598639455782312
0.6621621621621622
0.6644295302013423
0.6666666666666666
0.6688741721854304
0.6710526315789473
0.673202614379085
0.6753246753246753
0.6774193548387096
0.6794871794871795
0.6815286624203821
0.6835443037974683
0.6855345911949685
0.6875
0.6894409937888198
0.691358024691358
0.6932515337423313
0.6951219512195121
0.696969696969697
0.6987951807228916
0.7005988023952096
0.7023809523809523
0.7041420118343196
0.7058823529411765
0.7076023391812866
0.7093023255813954
0.7109826589595376
0.7126436781609196
0.7142857142857143
0.7159090909090909
0.7175141242937854
0.7191011235955056
0.7206703910614525
0.7222222222222222
0.7237569060773481
0.7252747252747253
0.726775956284153
0.7282608695652174
0.7297297297297297
0.7311827956989247
0.732620320855615
0.7340425531914894
0.7354497354497355
0.7407407407407407
0.746031746031746
0.7513227513227513
0.7566137566137566
0.7619047619047619
0.7671957671957672
0.7724867724867724
0.7777777777777778
0.783068783068783
0.6422413793103449
0.646551724137931
0.6508620689655172
0.6551724137931034
0.6594827586206896
0.6637931034482759
0.6681034482758621
0.6724137931034483
0.6767241379310345
0.6810344827586207
0.6853448275862069
0.6866952789699571
0.6909871244635193
0.6952789699570815
0.6995708154506438
0.5985401459854015
0.6021897810218978
0.6058394160583942
0.6094890510948905
0.6131386861313869
0.6167883211678832
0.6204379562043796
0.6240875912408759
0.6277372262773723
0.6313868613138686
0.635036496350365
0.6363636363636364
0.64
0.6436363636363637
0.6472727272727272
0.6509090909090909
0.6545454545454545
0.6581818181818182
0.6618181818181819
0.6654545454545454
0.6666666666666666
0.6702898550724637
0.6739130434782609
0.677536231884058
0.6811594202898551
0.6847826086956522
0.6884057971014492
0.40380549682875266
0.4059196617336152
0.4080338266384778
0.41014799154334036
0.41226215644820297
0.4143763213530655
0.4164904862579281
0.4186046511627907
0.42071881606765327
0.42283298097251587
0.4249471458773784
0.427061310782241
0.42917547568710357
0.4312896405919662
0.4334038054968288
0.4355179704016913
0.4376321353065539
0.4397463002114165
0.4418604651162791
0.4439746300211416
0.44608879492600423
0.44820295983086683
0.4503171247357294
0.452431289640592
0.45454545454545453
0.45665961945031713
0.4587737843551797
0.4608879492600423
0.4630021141649049
0.3249630723781389
0.32644017725258495
0.32791728212703103
0.3293943870014771
0.3308714918759232
0.33234859675036926
0.33382570162481534
0.3353028064992615
0.33677991137370755
0.33825701624815363
0.3397341211225997
0.3412112259970458
0.3338129496402878
0.33525179856115106
0.3366906474820144
0.3381294964028777
0.339568345323741
0.32554945054945056
0.3269230769230769
0.3282967032967033
0.32967032967032966
0.33104395604395603
0.3324175824175824
0.33379120879120877
0.33516483516483514
0.33653846153846156
0.3374485596707819
0.33835616438356164
0.3392612859097127
0.3401639344262295
0.34106412005457026
0.3419618528610354
0.34285714285714286
0.34375
0.344640434192673
0.34552845528455284
0.34641407307171856
0.34776725304465494
0.3491204330175913
0.35047361299052776
0.35182679296346414
0.3531799729364005
0.35453315290933696
0.35588633288227334
0.3572395128552097
0.35859269282814615
0.35994587280108253
0.36129905277401897
0.36265223274695535
0.36400541271989173
0.36535859269282817
