1.0
1.0
1.0
1.0
1.0
1.0
1.0
1.0
1.0
1.0
1.0
1.0
1.0
1.0
1.0
1.0
1.0
1.0
1.0
1.0
1.0
1.0
1.0
1.0
1.0
1.0
1.0
1.0
1.0
1.0
1.0
1.0
1.0
1.0
1.0
1.0
1.0
1.0
1.0
1.0
1.0
1.0
1.0
1.0
1.0
1.0
1.0
1.0
1.0
1.0
1.0
1.0
1.0
1.0
1.0
1.0
1.0
1.0
1.0
1.0
1.0
1.0
1.0
1.0
1.0
1.0
1.0
1.0
1.0
1.0
1.0
1.0
1.0
1.0
1.0
1.0
1.0
1.0
1.0
1.0
1.0
1.0
1.0
1.0
1.0
1.0
1.0
1.0
1.0
1.0
1.0
1.0
1.0
1.0
1.0
1.0
1.0
1.0
1.0
1.0
1.0
1.0
1.0
1.0
1.0
1.0
1.0
1.0
1.0
1.0
1.0
1.0
1.0
1.0
1.0
1.0
1.0
1.0
1.0
1.0
1.0
1.0
1.0
1.0
1.0
1.0
1.0
1.0
1.0
1.0
1.0
1.0
1.0
1.0
1.0
1.0
1.0
1.0
1.0
1.0
1.0
0.7319587628865979
0.7371134020618557
0.7422680412371134
0.7474226804123711
0.7525773195876289
0.7577319587628866
0.7628865979381443
0.7680412371134021
0.7731958762886598
0.7783505154639175
0.7835051546391752
0.788659793814433
0.7938144329896907
0.7989690721649485
0.8041237113402062
0.8051282051282052
0.8061224489795918
0.8071065989847716
0.8080808080808081
0.8090452261306532
0.81
0.8109452736318408
0.8118811881188119
0.812807881773399
0.8137254901960784
0.8146341463414634
0.8155339805825242
0.8164251207729468
0.8173076923076923
0.8181818181818182
0.819047619047619
0.8199052132701422
0.8207547169811321
0.8215962441314554
0.822429906542056
0.8232558139534883
0.8240740740740741
0.8248847926267281
0.8256880733944955
0.8264840182648402
0.8272727272727273
0.8280542986425339
0.8288288288288288
0.8295964125560538
0.8303571428571429
0.8311111111111111
0.831858407079646
0.8325991189427313
0.8333333333333334
0.834061135371179
0.8347826086956521
0.8354978354978355
0.8362068965517241
0.8369098712446352
0.8376068376068376
0.8382978723404255
0.8389830508474576
0.8396624472573839
0.8403361344537815
0.8410041841004184
0.8416666666666667
0.8423236514522822
0.8429752066115702
0.8436213991769548
0.8442622950819673
0.8448979591836735
0.8455284552845529
0.8461538461538461
0.8467741935483871
0.8473895582329317
0.848
0.848605577689243
0.8492063492063492
0.849802371541502
0.8503937007874016
0.8509803921568627
0.8515625
0.8521400778210116
0.8527131782945736
0.8532818532818532
0.8538461538461538
0.8544061302681992
0.8549618320610687
0.8555133079847909
0.8560606060606061
0.8566037735849057
0.8571428571428571
0.8576779026217228
0.8582089552238806
0.8587360594795539
0.8592592592592593
0.8597785977859779
0.8602941176470589
0.8608058608058609
0.8613138686131386
0.8618181818181818
0.8623188405797102
0.8628158844765343
0.8633093525179856
0.8637992831541219
0.8642857142857143
0.8647686832740213
0.8652482269503546
0.8657243816254417
0.8661971830985915
0.8666666666666667
0.8671328671328671
0.867595818815331
0.8680555555555556
0.8685121107266436
0.8689655172413793
0.8694158075601375
0.8698630136986302
0.8703071672354948
0.8707482993197279
0.8711864406779661
0.8716216216216216
0.8720538720538721
0.87248322147651
0.8729096989966555
0.8733333333333333
0.8737541528239202
0.8741721854304636
0.8745874587458746
0.875
0.8754098360655738
0.8758169934640523
0.8762214983713354
0.8766233766233766
0.8770226537216829
0.8774193548387097
0.8778135048231511
0.8782051282051282
0.8785942492012779
0.8789808917197452
0.8793650793650793
0.879746835443038
0.8801261829652997
0.8805031446540881
0.8808777429467085
0.88125
0.881619937694704
0.8819875776397516
0.8823529411764706
0.8827160493827161
0.8830769230769231
0.8834355828220859
0.8837920489296636
0.8841463414634146
0.8844984802431611
0.8848484848484849
0.8851963746223565
0.8855421686746988
0.8858858858858859
0.8862275449101796
0.8865671641791045
0.8869047619047619
0.887240356083086
0.8875739644970414
0.887905604719764
0.888235294117647
0.8885630498533724
0.8888888888888888
0.8892128279883382
0.8895348837209303
0.8898550724637682
0.8901734104046243
0.8904899135446686
0.8908045977011494
0.8911174785100286
0.8914285714285715
0.8917378917378918
0.8920454545454546
0.8923512747875354
0.8926553672316384
0.8929577464788733
0.8932584269662921
0.8935574229691877
0.8938547486033519
0.8941504178272981
0.8944444444444445
0.8947368421052632
0.8950276243093923
0.8953168044077136
0.8956043956043956
0.8958904109589041
0.8961748633879781
0.896457765667575
0.8967391304347826
0.8970189701897019
0.8972972972972973
0.8975741239892183
0.8978494623655914
0.8981233243967829
0.8983957219251337
0.8986666666666666
0.898936170212766
0.8992042440318302
0.8994708994708994
0.899736147757256
0.9
0.9002624671916011
0.900523560209424
0.9007832898172323
0.9010416666666666
0.9012987012987013
0.9015544041450777
1.0
1.0
1.0
1.0
1.0
1.0
1.0
1.0
1.0
1.0
1.0
1.0
1.0
1.0
1.0
1.0
1.0
1.0
1.0
1.0
1.0
1.0
1.0
1.0
1.0
1.0
1.0
1.0
1.0
1.0
1.0
1.0
1.0
1.0
1.0
1.0
1.0
1.0
1.0
1.0
1.0
1.0
1.0
1.0
1.0
1.0
1.0
1.0
1.0
1.0
1.0
1.0
1.0
1.0
1.0
1.0
1.0
1.0
1.0
1.0
1.0
1.0
1.0
1.0
1.0
1.0
1.0
1.0
1.0
1.0
1.0
1.0
1.0
1.0
1.0
1.0
1.0
1.0
1.0
1.0
1.0
1.0
1.0
1.0
1.0
1.0
1.0
1.0
1.0
1.0
1.0
1.0
1.0
1.0
1.0
1.0
1.0
1.0
1.0
1.0
1.0
1.0
1.0
1.0
1.0
1.0
1.0
1.0
1.0
1.0
1.0
1.0
1.0
1.0
1.0
1.0
1.0
1.0
1.0
1.0
1.0
1.0
1.0
1.0
1.0
1.0
1.0
1.0
1.0
1.0
1.0
1.0
1.0
1.0
1.0
1.0
1.0
1.0
1.0
1.0
1.0
0.7319587628865979
0.7371134020618557
0.7422680412371134
0.7474226804123711
0.7525773195876289
0.7577319587628866
0.7628865979381443
0.7680412371134021
0.7731958762886598
0.7783505154639175
0.7835051546391752
0.788659793814433
0.7938144329896907
0.7989690721649485
0.8041237113402062
0.8051282051282052
0.8061224489795918
0.8071065989847716
0.8080808080808081
0.8090452261306532
0.81
0.8109452736318408
0.8118811881188119
0.812807881773399
0.8137254901960784
0.8146341463414634
0.8155339805825242
0.8164251207729468
0.8173076923076923
0.8181818181818182
0.819047619047619
0.8199052132701422
0.8207547169811321
0.8215962441314554
0.822429906542056
0.8232558139534883
0.8240740740740741
0.8248847926267281
0.8256880733944955
0.8264840182648402
0.8272727272727273
0.8280542986425339
0.8288288288288288
0.8295964125560538
0.8303571428571429
0.8311111111111111
0.831858407079646
0.8325991189427313
0.8333333333333334
0.834061135371179
0.8347826086956521
0.8354978354978355
0.8362068965517241
0.8369098712446352
0.8376068376068376
0.8382978723404255
0.8389830508474576
0.8396624472573839
0.8403361344537815
0.8410041841004184
0.8416666666666667
0.8423236514522822
0.8429752066115702
0.8436213991769548
0.8442622950819673
0.8448979591836735
0.8455284552845529
0.8461538461538461
0.8467741935483871
0.8473895582329317
0.848
0.848605577689243
0.8492063492063492
0.849802371541502
0.8503937007874016
0.8509803921568627
0.8515625
0.8521400778210116
0.8527131782945736
0.8532818532818532
0.8538461538461538
0.8544061302681992
0.8549618320610687
0.8555133079847909
0.8560606060606061
0.8566037735849057
0.8571428571428571
0.8576779026217228
0.8582089552238806
0.8587360594795539
0.8592592592592593
0.8597785977859779
0.8602941176470589
0.8608058608058609
0.8613138686131386
0.8618181818181818
0.8623188405797102
0.8628158844765343
0.8633093525179856
0.8637992831541219
0.8642857142857143
0.8647686832740213
0.8652482269503546
0.8657243816254417
0.8661971830985915
0.8666666666666667
0.8671328671328671
0.867595818815331
0.8680555555555556
0.8685121107266436
0.8689655172413793
0.8694158075601375
0.8698630136986302
0.8703071672354948
0.8707482993197279
0.8711864406779661
0.8716216216216216
0.8720538720538721
0.87248322147651
0.8729096989966555
0.8733333333333333
0.8737541528239202
0.8741721854304636
0.8745874587458746
0.875
0.8754098360655738
0.8758169934640523
0.8762214983713354
0.8766233766233766
0.8770226537216829
0.8774193548387097
0.8778135048231511
0.8782051282051282
0.8785942492012779
0.8789808917197452
0.8793650793650793
0.879746835443038
0.8801261829652997
0.8805031446540881
0.8808777429467085
0.88125
0.881619937694704
0.8819875776397516
0.8823529411764706
0.8827160493827161
0.8830769230769231
0.8834355828220859
0.8837920489296636
0.8841463414634146
0.8844984802431611
0.8848484848484849
0.8851963746223565
0.8855421686746988
0.8858858858858859
0.8862275449101796
0.8865671641791045
0.8869047619047619
0.887240356083086
0.8875739644970414
0.887905604719764
0.888235294117647
0.8885630498533724
0.8888888888888888
0.8892128279883382
0.8895348837209303
0.8898550724637682
0.8901734104046243
0.8904899135446686
0.8908045977011494
0.8911174785100286
0.8914285714285715
0.8917378917378918
0.8920454545454546
0.8923512747875354
0.8926553672316384
0.8929577464788733
0.8932584269662921
0.8935574229691877
0.8938547486033519
0.8941504178272981
0.8944444444444445
0.8947368421052632
0.8950276243093923
0.8953168044077136
0.8956043956043956
0.8958904109589041
0.8961748633879781
0.896457765667575
0.8967391304347826
0.8970189701897019
0.8972972972972973
0.8975741239892183
0.8978494623655914
0.8981233243967829
0.8983957219251337
0.8986666666666666
0.898936170212766
0.8992042440318302
0.8994708994708994
0.899736147757256
0.9
0.9002624671916011
0.900523560209424
0.9007832898172323
0.9010416666666666
0.9012987012987013
0.9015544041450777
1.0
1.0
1.0
1.0
1.0
1.0
1.0
1.0
1.0
1.0
1.0
1.0
1.0
1.0
1.0
1.0
1.0
1.0
1.0
1.0
1.0
1.0
1.0
1.0
1.0
1.0
1.0
1.0
1.0
1.0
1.0
1.0
1.0
1.0
1.0
1.0
1.0
1.0
1.0
1.0
1.0
1.0
1.0
1.0
1.0
1.0
1.0
1.0
1.0
1.0
1.0
1.0
1.0
1.0
1.0
1.0
1.0
1.0
1.0
1.0
1.0
1.0
1.0
1.0
1.0
1.0
1.0
1.0
1.0
1.0
1.0
1.0
1.0
1.0
1.0
1.0
1.0
1.0
1.0
1.0
1.0
1.0
1.0
1.0
1.0
1.0
1.0
1.0
1.0
1.0
1.0
1.0
1.0
1.0
1.0
1.0
1.0
1.0
1.0
1.0
1.0
1.0
1.0
1.0
1.0
1.0
1.0
1.0
1.0
1.0
1.0
1.0
1.0
1.0
1.0
1.0
1.0
1.0
1.0
1.0
1.0
1.0
1.0
1.0
1.0
1.0
1.0
1.0
1.0
1.0
1.0
1.0
1.0
1.0
1.0
1.0
1.0
1.0
1.0
1.0
1.0
0.7319587628865979
0.7371134020618557
0.7422680412371134
0.7474226804123711
0.7525773195876289
0.7577319587628866
0.7628865979381443
0.7680412371134021
0.7731958762886598
0.7783505154639175
0.7835051546391752
0.788659793814433
0.7938144329896907
0.7989690721649485
0.8041237113402062
0.8051282051282052
0.8061224489795918
0.8071065989847716
0.8080808080808081
0.8090452261306532
0.81
0.8109452736318408
0.8118811881188119
0.812807881773399
0.8137254901960784
0.8146341463414634
0.8155339805825242
0.8164251207729468
0.8173076923076923
0.8181818181818182
0.819047619047619
0.8199052132701422
0.8207547169811321
0.8215962441314554
0.822429906542056
0.8232558139534883
0.8240740740740741
0.8248847926267281
0.8256880733944955
0.8264840182648402
0.8272727272727273
0.8280542986425339
0.8288288288288288
0.8295964125560538
0.8303571428571429
0.8311111111111111
0.831858407079646
0.8325991189427313
0.8333333333333334
0.834061135371179
0.8347826086956521
0.8354978354978355
0.8362068965517241
0.8369098712446352
0.8376068376068376
0.8382978723404255
0.8389830508474576
0.8396624472573839
0.8403361344537815
0.8410041841004184
0.8416666666666667
0.8423236514522822
0.8429752066115702
0.8436213991769548
0.8442622950819673
0.8448979591836735
0.8455284552845529
0.8461538461538461
0.8467741935483871
0.8473895582329317
0.848
0.848605577689243
0.8492063492063492
0.849802371541502
0.8503937007874016
0.8509803921568627
0.8515625
0.8521400778210116
0.8527131782945736
0.8532818532818532
0.8538461538461538
0.8544061302681992
0.8549618320610687
0.8555133079847909
0.8560606060606061
0.8566037735849057
0.8571428571428571
0.8576779026217228
0.8582089552238806
0.8587360594795539
0.8592592592592593
0.8597785977859779
0.8602941176470589
0.8608058608058609
0.8613138686131386
0.8618181818181818
0.8623188405797102
0.8628158844765343
0.8633093525179856
0.8637992831541219
0.8642857142857143
0.8647686832740213
0.8652482269503546
0.8657243816254417
0.8661971830985915
0.8666666666666667
0.8671328671328671
0.867595818815331
0.8680555555555556
0.8685121107266436
0.8689655172413793
0.8694158075601375
0.8698630136986302
0.8703071672354948
0.8707482993197279
0.8711864406779661
0.8716216216216216
0.8720538720538721
0.87248322147651
0.8729096989966555
0.8733333333333333
0.8737541528239202
0.8741721854304636
0.8745874587458746
0.875
0.8754098360655738
0.8758169934640523
0.8762214983713354
0.8766233766233766
0.8770226537216829
0.8774193548387097
0.8778135048231511
0.8782051282051282
0.8785942492012779
0.8789808917197452
0.8793650793650793
0.879746835443038
0.8801261829652997
0.8805031446540881
0.8808777429467085
0.88125
0.881619937694704
0.8819875776397516
0.8823529411764706
0.8827160493827161
0.8830769230769231
0.8834355828220859
0.8837920489296636
0.8841463414634146
0.8844984802431611
0.8848484848484849
0.8851963746223565
0.8855421686746988
0.8858858858858859
0.8862275449101796
0.8865671641791045
0.8869047619047619
0.887240356083086
0.8875739644970414
0.887905604719764
0.888235294117647
0.8885630498533724
0.8888888888888888
0.8892128279883382
0.8895348837209303
0.8898550724637682
0.8901734104046243
0.8904899135446686
0.8908045977011494
0.8911174785100286
0.8914285714285715
0.8917378917378918
0.8920454545454546
0.8923512747875354
0.8926553672316384
0.8929577464788733
0.8932584269662921
0.8935574229691877
0.8938547486033519
0.8941504178272981
0.8944444444444445
0.8947368421052632
0.8950276243093923
0.8953168044077136
0.8956043956043956
0.8958904109589041
0.8961748633879781
0.896457765667575
0.8967391304347826
0.8970189701897019
0.8972972972972973
0.8975741239892183
0.8978494623655914
0.8981233243967829
0.8983957219251337
0.8986666666666666
0.898936170212766
0.8992042440318302
0.8994708994708994
0.899736147757256
0.9
0.9002624671916011
0.900523560209424
0.9007832898172323
0.9010416666666666
0.9012987012987013
0.9015544041450777
1.0
1.0
1.0
1.0
1.0
1.0
1.0
1.0
1.0
1.0
1.0
1.0
1.0
1.0
1.0
1.0
1.0
1.0
1.0
1.0
1.0
1.0
1.0
1.0
1.0
1.0
1.0
1.0
1.0
1.0
1.0
1.0
1.0
1.0
1.0
1.0
1.0
1.0
1.0
1.0
1.0
1.0
1.0
1.0
1.0
1.0
1.0
1.0
1.0
1.0
1.0
1.0
1.0
1.0
1.0
1.0
1.0
1.0
1.0
1.0
1.0
1.0
1.0
1.0
1.0
1.0
1.0
1.0
1.0
1.0
1.0
1.0
1.0
1.0
1.0
1.0
1.0
1.0
1.0
1.0
1.0
1.0
1.0
1.0
1.0
1.0
1.0
1.0
1.0
1.0
1.0
1.0
1.0
1.0
1.0
1.0
1.0
1.0
1.0
1.0
1.0
1.0
1.0
1.0
1.0
1.0
1.0
1.0
1.0
1.0
1.0
1.0
1.0
1.0
1.0
1.0
1.0
1.0
1.0
1.0
1.0
1.0
1.0
1.0
1.0
1.0
1.0
1.0
1.0
1.0
1.0
1.0
1.0
1.0
1.0
1.0
1.0
1.0
1.0
1.0
1.0
0.7319587628865979
0.7371134020618557
0.7422680412371134
0.7474226804123711
0.7525773195876289
0.7577319587628866
0.7628865979381443
0.7680412371134021
0.7731958762886598
0.7783505154639175
0.7835051546391752
0.788659793814433
0.7938144329896907
0.7989690721649485
0.8041237113402062
0.8051282051282052
0.8061224489795918
0.8071065989847716
0.8080808080808081
0.8090452261306532
0.81
0.8109452736318408
0.8118811881188119
0.812807881773399
0.8137254901960784
0.8146341463414634
0.8155339805825242
0.8164251207729468
0.8173076923076923
0.8181818181818182
0.819047619047619
0.8199052132701422
0.8207547169811321
0.8215962441314554
0.822429906542056
0.8232558139534883
0.8240740740740741
0.8248847926267281
0.8256880733944955
0.8264840182648402
0.8272727272727273
0.8280542986425339
0.8288288288288288
0.8295964125560538
0.8303571428571429
0.8311111111111111
0.831858407079646
0.8325991189427313
0.8333333333333334
0.834061135371179
0.8347826086956521
0.8354978354978355
0.8362068965517241
0.8369098712446352
0.8376068376068376
0.8382978723404255
0.8389830508474576
0.8396624472573839
0.8403361344537815
0.8410041841004184
0.8416666666666667
0.8423236514522822
0.8429752066115702
0.8436213991769548
0.8442622950819673
0.8448979591836735
0.8455284552845529
0.8461538461538461
0.8467741935483871
0.8473895582329317
0.848
0.848605577689243
0.8492063492063492
0.849802371541502
0.8503937007874016
0.8509803921568627
0.8515625
0.8521400778210116
0.8527131782945736
0.8532818532818532
0.8538461538461538
0.8544061302681992
0.8549618320610687
0.8555133079847909
0.8560606060606061
0.8566037735849057
0.8571428571428571
0.8576779026217228
0.8582089552238806
0.8587360594795539
0.8592592592592593
0.8597785977859779
0.8602941176470589
0.8608058608058609
0.8613138686131386
0.8618181818181818
0.8623188405797102
0.8628158844765343
0.8633093525179856
0.8637992831541219
0.8642857142857143
0.8647686832740213
0.8652482269503546
0.8657243816254417
0.8661971830985915
0.8666666666666667
0.8671328671328671
0.867595818815331
0.8680555555555556
0.8685121107266436
0.8689655172413793
0.8694158075601375
0.8698630136986302
0.8703071672354948
0.8707482993197279
0.8711864406779661
0.8716216216216216
0.8720538720538721
0.87248322147651
0.8729096989966555
0.8733333333333333
0.8737541528239202
0.8741721854304636
0.8745874587458746
0.875
0.8754098360655738
0.8758169934640523
0.8762214983713354
0.8766233766233766
0.8770226537216829
0.8774193548387097
0.8778135048231511
0.8782051282051282
0.8785942492012779
0.8789808917197452
0.8793650793650793
0.879746835443038
0.8801261829652997
0.8805031446540881
0.8808777429467085
0.88125
0.881619937694704
0.8819875776397516
0.8823529411764706
0.8827160493827161
0.8830769230769231
0.8834355828220859
0.8837920489296636
0.8841463414634146
0.8844984802431611
0.8848484848484849
0.8851963746223565
0.8855421686746988
0.8858858858858859
0.8862275449101796
0.8865671641791045
0.8869047619047619
0.887240356083086
0.8875739644970414
0.887905604719764
0.888235294117647
0.8885630498533724
0.8888888888888888
0.8892128279883382
0.8895348837209303
0.8898550724637682
0.8901734104046243
0.8904899135446686
0.8908045977011494
0.8911174785100286
0.8914285714285715
0.8917378917378918
0.8920454545454546
0.8923512747875354
0.8926553672316384
0.8929577464788733
0.8932584269662921
0.8935574229691877
0.8938547486033519
0.8941504178272981
0.8944444444444445
0.8947368421052632
0.8950276243093923
0.8953168044077136
0.8956043956043956
0.8958904109589041
0.8961748633879781
0.896457765667575
0.8967391304347826
0.8970189701897019
0.8972972972972973
0.8975741239892183
0.8978494623655914
0.8981233243967829
0.8983957219251337
0.8986666666666666
0.898936170212766
0.8992042440318302
0.8994708994708994
0.899736147757256
0.9
0.9002624671916011
0.900523560209424
0.9007832898172323
0.9010416666666666
0.9012987012987013
0.9015544041450777
1.0
1.0
1.0
1.0
1.0
1.0
1.0
1.0
1.0
1.0
1.0
1.0
1.0
1.0
1.0
1.0
1.0
1.0
1.0
1.0
1.0
1.0
1.0
1.0
1.0
1.0
1.0
1.0
1.0
1.0
1.0
1.0
1.0
1.0
1.0
1.0
1.0
1.0
1.0
1.0
1.0
1.0
1.0
1.0
1.0
1.0
1.0
1.0
1.0
1.0
1.0
1.0
1.0
1.0
1.0
1.0
1.0
1.0
1.0
1.0
1.0
1.0
1.0
1.0
1.0
1.0
1.0
1.0
1.0
1.0
1.0
1.0
1.0
1.0
1.0
1.0
1.0
1.0
1.0
1.0
1.0
1.0
1.0
1.0
1.0
1.0
1.0
1.0
1.0
1.0
1.0
1.0
1.0
1.0
1.0
1.0
1.0
1.0
1.0
1.0
1.0
1.0
1.0
1.0
1.0
1.0
1.0
1.0
1.0
1.0
1.0
1.0
1.0
1.0
1.0
1.0
1.0
1.0
1.0
1.0
1.0
1.0
1.0
1.0
1.0
1.0
1.0
1.0
1.0
1.0
1.0
1.0
1.0
1.0
1.0
1.0
1.0
1.0
1.0
1.0
1.0
1.0
1.0
1.0
1.0
1.0
1.0
1.0
1.0
1.0
1.0
1.0
1.0
1.0
1.0
1.0
1.0
1.0
1.0
1.0
1.0
1.0
1.0
1.0
1.0
1.0
1.0
1.0
1.0
1.0
1.0
1.0
1.0
1.0
1.0
1.0
1.0
1.0
1.0
1.0
1.0
1.0
1.0
1.0
1.0
1.0
1.0
1.0
1.0
1.0
1.0
1.0
1.0
1.0
1.0
1.0
1.0
1.0
1.0
1.0
1.0
1.0
1.0
1.0
1.0
1.0
1.0
1.0
1.0
1.0
1.0
1.0
1.0
1.0
1.0
1.0
1.0
1.0
1.0
1.0
1.0
1.0
1.0
1.0
1.0
1.0
1.0
1.0
1.0
1.0
1.0
1.0
1.0
1.0
1.0
1.0
1.0
1.0
1.0
1.0
1.0
1.0
1.0
1.0
1.0
1.0
1.0
1.0
1.0
1.0
1.0
1.0
1.0
1.0
1.0
1.0
1.0
1.0
1.0
1.0
1.0
1.0
1.0
1.0
1.0
1.0
1.0
1.0
1.0
1.0
1.0
1.0
1.0
1.0
1.0
1.0
1.0
1.0
1.0
1.0
1.0
1.0
0.7319587628865979
0.7371134020618557
0.7422680412371134
0.7474226804123711
0.7525773195876289
0.7577319587628866
0.7628865979381443
0.7680412371134021
0.7731958762886598
0.7783505154639175
0.7835051546391752
0.788659793814433
0.7938144329896907
0.7989690721649485
0.8041237113402062
0.8051282051282052
0.8061224489795918
0.8071065989847716
0.8080808080808081
0.8090452261306532
0.81
0.8109452736318408
0.8118811881188119
0.812807881773399
0.8137254901960784
0.8146341463414634
0.8155339805825242
0.8164251207729468
0.8173076923076923
0.8181818181818182
0.819047619047619
0.8199052132701422
0.8207547169811321
0.8215962441314554
0.822429906542056
0.8232558139534883
0.8240740740740741
0.8248847926267281
0.8256880733944955
0.8264840182648402
0.8272727272727273
0.8280542986425339
0.8288288288288288
0.8295964125560538
0.8303571428571429
0.8311111111111111
0.831858407079646
0.8325991189427313
0.8333333333333334
0.834061135371179
0.8347826086956521
0.8354978354978355
0.8362068965517241
0.8369098712446352
0.8376068376068376
0.8382978723404255
0.8389830508474576
0.8396624472573839
0.8403361344537815
0.8410041841004184
0.8416666666666667
0.8423236514522822
0.8429752066115702
0.8436213991769548
0.8442622950819673
0.8448979591836735
0.8455284552845529
0.8461538461538461
0.8467741935483871
0.8473895582329317
0.848
0.848605577689243
0.8492063492063492
0.849802371541502
0.8503937007874016
0.8509803921568627
0.8515625
0.8521400778210116
0.8527131782945736
0.8532818532818532
0.8538461538461538
0.8544061302681992
0.8549618320610687
0.8555133079847909
0.8560606060606061
0.8566037735849057
0.8571428571428571
0.8576779026217228
0.8582089552238806
0.8587360594795539
0.8592592592592593
0.8597785977859779
0.8602941176470589
0.8608058608058609
0.8613138686131386
0.8618181818181818
0.8623188405797102
0.8628158844765343
0.8633093525179856
0.8637992831541219
0.8642857142857143
0.8647686832740213
0.8652482269503546
0.8657243816254417
0.8661971830985915
0.8666666666666667
0.8671328671328671
0.867595818815331
0.8680555555555556
0.8685121107266436
0.8689655172413793
0.8694158075601375
0.8698630136986302
0.8703071672354948
0.8707482993197279
0.8711864406779661
0.8716216216216216
0.8720538720538721
0.87248322147651
0.8729096989966555
0.8733333333333333
0.8737541528239202
0.8741721854304636
0.8745874587458746
0.875
0.8754098360655738
0.8758169934640523
0.8762214983713354
0.8766233766233766
0.8770226537216829
0.8774193548387097
0.8778135048231511
0.8782051282051282
0.8785942492012779
0.8789808917197452
0.8793650793650793
0.879746835443038
0.8801261829652997
0.8805031446540881
0.8808777429467085
0.88125
0.881619937694704
0.8819875776397516
0.8823529411764706
0.8827160493827161
0.8830769230769231
0.8834355828220859
0.8837920489296636
0.8841463414634146
0.8844984802431611
0.8848484848484849
0.8851963746223565
0.8855421686746988
0.8858858858858859
0.8862275449101796
0.8865671641791045
0.8869047619047619
0.887240356083086
0.8875739644970414
0.887905604719764
0.888235294117647
0.8885630498533724
0.8888888888888888
0.8892128279883382
0.8895348837209303
0.8898550724637682
0.8901734104046243
0.8904899135446686
0.8908045977011494
0.8911174785100286
0.8914285714285715
0.8917378917378918
0.8920454545454546
0.8923512747875354
0.8926553672316384
0.8929577464788733
0.8932584269662921
0.8935574229691877
0.8938547486033519
0.8941504178272981
0.8944444444444445
0.8947368421052632
0.8950276243093923
0.8953168044077136
0.8956043956043956
0.8958904109589041
0.8961748633879781
0.896457765667575
0.8967391304347826
0.8970189701897019
0.8972972972972973
0.8975741239892183
0.8978494623655914
0.8981233243967829
0.8983957219251337
0.8986666666666666
0.898936170212766
0.8992042440318302
0.8994708994708994
0.899736147757256
0.9
0.9002624671916011
0.900523560209424
0.9007832898172323
0.9010416666666666
0.9012987012987013
0.9015544041450777
1.0
1.0
1.0
1.0
1.0
1.0
1.0
1.0
1.0
1.0
1.0
1.0
1.0
1.0
1.0
1.0
1.0
1.0
1.0
1.0
1.0
1.0
1.0
1.0
1.0
1.0
1.0
1.0
1.0
1.0
1.0
1.0
1.0
1.0
1.0
1.0
1.0
1.0
1.0
1.0
1.0
1.0
1.0
1.0
1.0
1.0
1.0
1.0
1.0
1.0
1.0
1.0
1.0
1.0
1.0
1.0
1.0
1.0
1.0
1.0
1.0
1.0
1.0
1.0
1.0
1.0
1.0
1.0
1.0
1.0
1.0
1.0
1.0
1.0
1.0
1.0
1.0
1.0
1.0
1.0
1.0
1.0
1.0
1.0
1.0
1.0
1.0
1.0
1.0
1.0
1.0
1.0
1.0
1.0
1.0
1.0
1.0
1.0
1.0
1.0
1.0
1.0
1.0
1.0
1.0
1.0
1.0
1.0
1.0
1.0
1.0
1.0
1.0
1.0
1.0
1.0
1.0
1.0
1.0
1.0
1.0
1.0
1.0
1.0
1.0
1.0
1.0
1.0
1.0
1.0
1.0
1.0
1.0
1.0
1.0
1.0
1.0
1.0
1.0
1.0
1.0
1.0
1.0
1.0
1.0
1.0
1.0
1.0
1.0
1.0
1.0
1.0
1.0
1.0
1.0
1.0
1.0
1.0
1.0
1.0
1.0
1.0
1.0
1.0
1.0
1.0
1.0
1.0
1.0
1.0
1.0
1.0
1.0
1.0
1.0
1.0
1.0
1.0
1.0
1.0
1.0
1.0
1.0
1.0
1.0
1.0
1.0
1.0
1.0
1.0
1.0
1.0
1.0
1.0
1.0
1.0
1.0
1.0
1.0
1.0
1.0
1.0
1.0
1.0
1.0
1.0
1.0
1.0
1.0
1.0
1.0
1.0
1.0
1.0
1.0
1.0
1.0
1.0
1.0
1.0
1.0
1.0
1.0
1.0
1.0
1.0
1.0
1.0
1.0
1.0
1.0
1.0
1.0
1.0
1.0
1.0
1.0
1.0
1.0
1.0
1.0
1.0
1.0
1.0
1.0
1.0
1.0
1.0
1.0
1.0
1.0
1.0
1.0
1.0
1.0
1.0
1.0
1.0
1.0
1.0
1.0
1.0
1.0
1.0
1.0
1.0
1.0
1.0
1.0
1.0
1.0
1.0
1.0
1.0
1.0
1.0
1.0
1.0
1.0
1.0
1.0
1.0
0.7319587628865979
0.7371134020618557
0.7422680412371134
0.7474226804123711
0.7525773195876289
0.7577319587628866
0.7628865979381443
0.7680412371134021
0.7731958762886598
0.7783505154639175
0.7835051546391752
0.788659793814433
0.7938144329896907
0.7989690721649485
0.8041237113402062
0.8051282051282052
0.8061224489795918
0.8071065989847716
0.8080808080808081
0.8090452261306532
0.81
0.8109452736318408
0.8118811881188119
0.812807881773399
0.8137254901960784
0.8146341463414634
0.8155339805825242
0.8164251207729468
0.8173076923076923
0.8181818181818182
0.819047619047619
0.8199052132701422
0.8207547169811321
0.8215962441314554
0.822429906542056
0.8232558139534883
0.8240740740740741
0.8248847926267281
0.8256880733944955
0.8264840182648402
0.8272727272727273
0.8280542986425339
0.8288288288288288
0.8295964125560538
0.8303571428571429
0.8311111111111111
0.831858407079646
0.8325991189427313
0.8333333333333334
0.834061135371179
0.8347826086956521
0.8354978354978355
0.8362068965517241
0.8369098712446352
0.8376068376068376
0.8382978723404255
0.8389830508474576
0.8396624472573839
0.8403361344537815
0.8410041841004184
0.8416666666666667
0.8423236514522822
0.8429752066115702
0.8436213991769548
0.8442622950819673
0.8448979591836735
0.8455284552845529
0.8461538461538461
0.8467741935483871
0.8473895582329317
0.848
0.848605577689243
0.8492063492063492
0.849802371541502
0.8503937007874016
0.8509803921568627
0.8515625
0.8521400778210116
0.8527131782945736
0.8532818532818532
0.8538461538461538
0.8544061302681992
0.8549618320610687
0.8555133079847909
0.8560606060606061
0.8566037735849057
0.8571428571428571
0.8576779026217228
0.8582089552238806
0.8587360594795539
0.8592592592592593
0.8597785977859779
0.8602941176470589
0.8608058608058609
0.8613138686131386
0.8618181818181818
0.8623188405797102
0.8628158844765343
0.8633093525179856
0.8637992831541219
0.8642857142857143
0.8647686832740213
0.8652482269503546
0.8657243816254417
0.8661971830985915
0.8666666666666667
0.8671328671328671
0.867595818815331
0.8680555555555556
0.8685121107266436
0.8689655172413793
0.8694158075601375
0.8698630136986302
0.8703071672354948
0.8707482993197279
0.8711864406779661
0.8716216216216216
0.8720538720538721
0.87248322147651
0.8729096989966555
0.8733333333333333
0.8737541528239202
0.8741721854304636
0.8745874587458746
0.875
0.8754098360655738
0.8758169934640523
0.8762214983713354
0.8766233766233766
0.8770226537216829
0.8774193548387097
0.8778135048231511
0.8782051282051282
0.8785942492012779
0.8789808917197452
0.8793650793650793
0.879746835443038
0.8801261829652997
0.8805031446540881
0.8808777429467085
0.88125
0.881619937694704
0.8819875776397516
0.8823529411764706
0.8827160493827161
0.8830769230769231
0.8834355828220859
0.8837920489296636
0.8841463414634146
0.8844984802431611
0.8848484848484849
0.8851963746223565
0.8855421686746988
0.8858858858858859
0.8862275449101796
0.8865671641791045
0.8869047619047619
0.887240356083086
0.8875739644970414
0.887905604719764
0.888235294117647
0.8885630498533724
0.8888888888888888
0.8892128279883382
0.8895348837209303
0.8898550724637682
0.8901734104046243
0.8904899135446686
0.8908045977011494
0.8911174785100286
0.8914285714285715
0.8917378917378918
0.8920454545454546
0.8923512747875354
0.8926553672316384
0.8929577464788733
0.8932584269662921
0.8935574229691877
0.8938547486033519
0.8941504178272981
0.8944444444444445
0.8947368421052632
0.8950276243093923
0.8953168044077136
0.8956043956043956
0.8958904109589041
0.8961748633879781
0.896457765667575
0.8967391304347826
0.8970189701897019
0.8972972972972973
0.8975741239892183
0.8978494623655914
0.8981233243967829
0.8983957219251337
0.8986666666666666
0.898936170212766
0.8992042440318302
0.8994708994708994
0.899736147757256
0.9
0.9002624671916011
0.900523560209424
0.9007832898172323
0.9010416666666666
0.9012987012987013
0.9015544041450777
1.0
1.0
1.0
1.0
1.0
1.0
1.0
1.0
1.0
1.0
1.0
1.0
1.0
1.0
1.0
1.0
1.0
1.0
1.0
1.0
1.0
1.0
1.0
1.0
1.0
1.0
1.0
1.0
1.0
1.0
1.0
1.0
1.0
1.0
1.0
1.0
1.0
1.0
1.0
1.0
1.0
1.0
1.0
1.0
1.0
1.0
1.0
1.0
1.0
1.0
1.0
1.0
1.0
1.0
1.0
1.0
1.0
1.0
1.0
1.0
1.0
1.0
1.0
1.0
1.0
1.0
1.0
1.0
1.0
1.0
1.0
1.0
1.0
1.0
1.0
1.0
1.0
1.0
1.0
1.0
1.0
1.0
1.0
1.0
1.0
1.0
1.0
1.0
1.0
1.0
1.0
1.0
1.0
1.0
1.0
1.0
1.0
1.0
1.0
1.0
1.0
1.0
1.0
1.0
1.0
1.0
1.0
1.0
1.0
1.0
1.0
1.0
1.0
1.0
1.0
1.0
1.0
1.0
1.0
1.0
1.0
1.0
1.0
1.0
1.0
1.0
1.0
1.0
1.0
1.0
1.0
1.0
1.0
1.0
1.0
1.0
1.0
1.0
1.0
1.0
1.0
0.7319587628865979
0.7371134020618557
0.7422680412371134
0.7474226804123711
0.7525773195876289
0.7577319587628866
0.7628865979381443
0.7680412371134021
0.7731958762886598
0.7783505154639175
0.7835051546391752
0.788659793814433
0.7938144329896907
0.7989690721649485
0.8041237113402062
0.8051282051282052
0.8061224489795918
0.8071065989847716
0.8080808080808081
0.8090452261306532
0.81
0.8109452736318408
0.8118811881188119
0.812807881773399
0.8137254901960784
0.8146341463414634
0.8155339805825242
0.8164251207729468
0.8173076923076923
0.8181818181818182
0.819047619047619
0.8199052132701422
0.8207547169811321
0.8215962441314554
0.822429906542056
0.8232558139534883
0.8240740740740741
0.8248847926267281
0.8256880733944955
0.8264840182648402
0.8272727272727273
0.8280542986425339
0.8288288288288288
0.8295964125560538
0.8303571428571429
0.8311111111111111
0.831858407079646
0.8325991189427313
1.0
1.0
1.0
1.0
1.0
1.0
1.0
1.0
1.0
1.0
1.0
1.0
1.0
1.0
1.0
1.0
1.0
1.0
1.0
1.0
1.0
1.0
1.0
1.0
1.0
1.0
1.0
1.0
1.0
1.0
1.0
1.0
1.0
1.0
1.0
1.0
1.0
1.0
1.0
1.0
1.0
1.0
1.0
1.0
1.0
1.0
1.0
1.0
1.0
1.0
1.0
1.0
1.0
1.0
1.0
1.0
1.0
1.0
1.0
1.0
1.0
1.0
1.0
1.0
1.0
1.0
1.0
1.0
1.0
1.0
1.0
1.0
1.0
1.0
1.0
1.0
1.0
1.0
1.0
1.0
1.0
1.0
1.0
1.0
1.0
1.0
1.0
1.0
1.0
1.0
1.0
1.0
1.0
1.0
1.0
1.0
1.0
1.0
1.0
1.0
1.0
1.0
1.0
1.0
1.0
1.0
1.0
1.0
1.0
1.0
1.0
1.0
1.0
1.0
1.0
1.0
1.0
1.0
1.0
1.0
1.0
1.0
1.0
1.0
1.0
1.0
1.0
1.0
1.0
1.0
1.0
1.0
1.0
1.0
1.0
1.0
1.0
1.0
1.0
1.0
1.0
0.7319587628865979
0.7371134020618557
0.7422680412371134
0.7474226804123711
0.7525773195876289
0.7577319587628866
0.7628865979381443
0.7680412371134021
0.7731958762886598
0.7783505154639175
0.7835051546391752
0.788659793814433
0.7938144329896907
0.7989690721649485
0.8041237113402062
0.8051282051282052
0.8061224489795918
0.8071065989847716
0.8080808080808081
0.8090452261306532
0.81
0.8109452736318408
0.8118811881188119
0.812807881773399
0.8137254901960784
0.8146341463414634
0.8155339805825242
0.8164251207729468
0.8173076923076923
0.8181818181818182
0.819047619047619
0.8199052132701422
0.8207547169811321
0.8215962441314554
0.822429906542056
0.8232558139534883
0.8240740740740741
0.8248847926267281
0.8256880733944955
0.8264840182648402
0.8272727272727273
0.8280542986425339
0.8288288288288288
0.8295964125560538
0.8303571428571429
0.8311111111111111
0.831858407079646
0.8325991189427313
0.8333333333333334
0.834061135371179
0.8347826086956521
0.8354978354978355
0.8362068965517241
0.8369098712446352
0.8376068376068376
0.8382978723404255
0.8389830508474576
0.8396624472573839
0.8403361344537815
0.8410041841004184
0.8416666666666667
0.8423236514522822
0.8429752066115702
0.8436213991769548
0.8442622950819673
0.8448979591836735
0.8455284552845529
0.8461538461538461
0.8467741935483871
0.8473895582329317
0.848
0.848605577689243
0.8492063492063492
0.849802371541502
0.8503937007874016
0.8509803921568627
0.8515625
0.8521400778210116
0.8527131782945736
0.8532818532818532
0.8538461538461538
0.8544061302681992
0.8549618320610687
0.8555133079847909
0.8560606060606061
0.8566037735849057
0.8571428571428571
0.8576779026217228
0.8582089552238806
0.8587360594795539
0.8592592592592593
0.8597785977859779
0.8602941176470589
0.8608058608058609
0.8613138686131386
0.8618181818181818
0.8623188405797102
0.8628158844765343
0.8633093525179856
0.8637992831541219
0.8642857142857143
0.8647686832740213
0.8652482269503546
0.8657243816254417
0.8661971830985915
0.8666666666666667
0.8671328671328671
0.867595818815331
0.8680555555555556
0.8685121107266436
0.8689655172413793
0.8694158075601375
0.8698630136986302
0.8703071672354948
0.8707482993197279
0.8711864406779661
0.8716216216216216
0.8720538720538721
0.87248322147651
0.8729096989966555
0.8733333333333333
0.8737541528239202
0.8741721854304636
0.8745874587458746
0.875
0.8754098360655738
0.8758169934640523
0.8762214983713354
0.8766233766233766
0.8770226537216829
0.8774193548387097
0.8778135048231511
0.8782051282051282
0.8785942492012779
0.8789808917197452
0.8793650793650793
0.879746835443038
0.8801261829652997
0.8805031446540881
0.8808777429467085
0.88125
0.881619937694704
0.8819875776397516
0.8823529411764706
0.8827160493827161
0.8830769230769231
0.8834355828220859
0.8837920489296636
0.8841463414634146
0.8844984802431611
0.8848484848484849
0.8851963746223565
0.8855421686746988
0.8858858858858859
0.8862275449101796
0.8865671641791045
0.8869047619047619
0.887240356083086
0.8875739644970414
0.887905604719764
0.888235294117647
0.8885630498533724
0.8888888888888888
0.8892128279883382
0.8895348837209303
0.8898550724637682
0.8901734104046243
0.8904899135446686
0.8908045977011494
0.8911174785100286
0.8914285714285715
0.8917378917378918
0.8920454545454546
0.8923512747875354
0.8926553672316384
0.8929577464788733
0.8932584269662921
0.8935574229691877
0.8938547486033519
0.8941504178272981
0.8944444444444445
0.8947368421052632
0.8950276243093923
0.8953168044077136
0.8956043956043956
0.8958904109589041
0.8961748633879781
0.896457765667575
0.8967391304347826
0.8970189701897019
0.8972972972972973
0.8975741239892183
0.8978494623655914
0.8981233243967829
0.8983957219251337
0.8986666666666666
0.898936170212766
0.8992042440318302
0.8994708994708994
0.899736147757256
0.9
0.9002624671916011
0.900523560209424
0.9007832898172323
0.9010416666666666
0.9012987012987013
0.9015544041450777
1.0
1.0
1.0
1.0
1.0
1.0
1.0
1.0
1.0
1.0
1.0
1.0
1.0
1.0
1.0
1.0
1.0
1.0
1.0
1.0
1.0
1.0
1.0
1.0
1.0
1.0
1.0
1.0
1.0
1.0
1.0
1.0
1.0
1.0
1.0
1.0
1.0
1.0
1.0
1.0
1.0
1.0
1.0
1.0
1.0
1.0
1.0
1.0
1.0
1.0
1.0
1.0
1.0
1.0
1.0
1.0
1.0
1.0
1.0
1.0
1.0
1.0
1.0
1.0
1.0
1.0
1.0
1.0
1.0
1.0
1.0
1.0
1.0
1.0
1.0
1.0
1.0
1.0
1.0
1.0
1.0
1.0
1.0
1.0
1.0
1.0
1.0
1.0
1.0
1.0
1.0
1.0
1.0
1.0
1.0
1.0
1.0
1.0
1.0
1.0
1.0
1.0
1.0
1.0
1.0
1.0
1.0
1.0
1.0
1.0
1.0
1.0
1.0
1.0
1.0
1.0
1.0
1.0
1.0
1.0
1.0
1.0
1.0
1.0
1.0
1.0
1.0
1.0
1.0
1.0
1.0
1.0
1.0
1.0
1.0
1.0
1.0
1.0
1.0
1.0
1.0
0.7319587628865979
0.7371134020618557
0.7422680412371134
0.7474226804123711
0.7525773195876289
0.7577319587628866
0.7628865979381443
0.7680412371134021
0.7731958762886598
0.7783505154639175
0.7835051546391752
0.788659793814433
0.7938144329896907
0.7989690721649485
0.8041237113402062
0.8051282051282052
0.8061224489795918
0.8071065989847716
0.8080808080808081
0.8090452261306532
0.81
0.8109452736318408
0.8118811881188119
0.812807881773399
0.8137254901960784
0.8146341463414634
0.8155339805825242
0.8164251207729468
0.8173076923076923
0.8181818181818182
0.819047619047619
0.8199052132701422
0.8207547169811321
0.8215962441314554
0.822429906542056
0.8232558139534883
0.8240740740740741
0.8248847926267281
0.8256880733944955
0.8264840182648402
0.8272727272727273
0.8280542986425339
0.8288288288288288
0.8295964125560538
0.8303571428571429
0.8311111111111111
0.831858407079646
0.8325991189427313
0.8333333333333334
0.834061135371179
0.8347826086956521
0.8354978354978355
0.8362068965517241
0.8369098712446352
0.8376068376068376
0.8382978723404255
0.8389830508474576
0.8396624472573839
0.8403361344537815
0.8410041841004184
0.8416666666666667
0.8423236514522822
0.8429752066115702
0.8436213991769548
0.8442622950819673
0.8448979591836735
0.8455284552845529
0.8461538461538461
0.8467741935483871
0.8473895582329317
0.848
0.848605577689243
0.8492063492063492
0.849802371541502
0.8503937007874016
0.8509803921568627
0.8515625
0.8521400778210116
0.8527131782945736
0.8532818532818532
0.8538461538461538
0.8544061302681992
0.8549618320610687
0.8555133079847909
0.8560606060606061
0.8566037735849057
0.8571428571428571
0.8576779026217228
0.8582089552238806
0.8587360594795539
0.8592592592592593
0.8597785977859779
0.8602941176470589
0.8608058608058609
0.8613138686131386
0.8618181818181818
0.8623188405797102
0.8628158844765343
0.8633093525179856
0.8637992831541219
0.8642857142857143
0.8647686832740213
0.8652482269503546
0.8657243816254417
0.8661971830985915
0.8666666666666667
0.8671328671328671
0.867595818815331
0.8680555555555556
0.8685121107266436
0.8689655172413793
0.8694158075601375
0.8698630136986302
0.8703071672354948
0.8707482993197279
0.8711864406779661
0.8716216216216216
0.8720538720538721
0.87248322147651
0.8729096989966555
0.8733333333333333
0.8737541528239202
0.8741721854304636
0.8745874587458746
0.875
0.8754098360655738
0.8758169934640523
0.8762214983713354
0.8766233766233766
0.8770226537216829
0.8774193548387097
0.8778135048231511
0.8782051282051282
0.8785942492012779
0.8789808917197452
0.8793650793650793
0.879746835443038
0.8801261829652997
0.8805031446540881
0.8808777429467085
0.88125
0.881619937694704
0.8819875776397516
0.8823529411764706
0.8827160493827161
0.8830769230769231
0.8834355828220859
0.8837920489296636
0.8841463414634146
0.8844984802431611
0.8848484848484849
0.8851963746223565
0.8855421686746988
0.8858858858858859
0.8862275449101796
0.8865671641791045
0.8869047619047619
0.887240356083086
0.8875739644970414
0.887905604719764
0.888235294117647
0.8885630498533724
0.8888888888888888
0.8892128279883382
0.8895348837209303
0.8898550724637682
0.8901734104046243
0.8904899135446686
0.8908045977011494
0.8911174785100286
0.8914285714285715
0.8917378917378918
0.8920454545454546
0.8923512747875354
0.8926553672316384
0.8929577464788733
0.8932584269662921
0.8935574229691877
0.8938547486033519
0.8941504178272981
0.8944444444444445
0.8947368421052632
0.8950276243093923
0.8953168044077136
0.8956043956043956
0.8958904109589041
0.8961748633879781
0.896457765667575
0.8967391304347826
0.8970189701897019
0.8972972972972973
0.8975741239892183
0.8978494623655914
0.8981233243967829
0.8983957219251337
0.8986666666666666
0.898936170212766
0.8992042440318302
0.8994708994708994
0.899736147757256
0.9
0.9002624671916011
0.900523560209424
0.9007832898172323
0.9010416666666666
0.9012987012987013
0.9015544041450777
1.0
1.0
1.0
1.0
1.0
1.0
1.0
1.0
1.0
1.0
1.0
1.0
1.0
1.0
1.0
1.0
1.0
1.0
1.0
1.0
1.0
1.0
1.0
1.0
1.0
1.0
1.0
1.0
1.0
1.0
1.0
1.0
1.0
1.0
1.0
1.0
1.0
1.0
1.0
1.0
1.0
1.0
1.0
1.0
1.0
1.0
1.0
1.0
1.0
1.0
1.0
1.0
1.0
1.0
1.0
1.0
1.0
1.0
1.0
1.0
1.0
1.0
1.0
1.0
1.0
1.0
1.0
1.0
1.0
1.0
1.0
1.0
1.0
1.0
1.0
1.0
1.0
1.0
1.0
1.0
1.0
1.0
1.0
1.0
1.0
1.0
1.0
1.0
1.0
1.0
1.0
1.0
1.0
1.0
1.0
1.0
1.0
1.0
1.0
1.0
1.0
1.0
1.0
1.0
1.0
1.0
1.0
1.0
1.0
1.0
1.0
1.0
1.0
1.0
1.0
1.0
1.0
1.0
1.0
1.0
1.0
1.0
1.0
1.0
1.0
1.0
1.0
1.0
1.0
1.0
1.0
1.0
1.0
1.0
1.0
1.0
1.0
1.0
1.0
1.0
1.0
0.7319587628865979
0.7371134020618557
0.7422680412371134
0.7474226804123711
0.7525773195876289
0.7577319587628866
0.7628865979381443
0.7680412371134021
0.7731958762886598
0.7783505154639175
0.7835051546391752
0.788659793814433
0.7938144329896907
0.7989690721649485
0.8041237113402062
0.8051282051282052
0.8061224489795918
0.8071065989847716
0.8080808080808081
0.8090452261306532
0.81
0.8109452736318408
0.8118811881188119
0.812807881773399
0.8137254901960784
0.8146341463414634
0.8155339805825242
0.8164251207729468
0.8173076923076923
0.8181818181818182
0.819047619047619
0.8199052132701422
0.8207547169811321
0.8215962441314554
0.822429906542056
0.8232558139534883
0.8240740740740741
0.8248847926267281
0.8256880733944955
0.8264840182648402
0.8272727272727273
0.8280542986425339
0.8288288288288288
0.8295964125560538
0.8303571428571429
0.8311111111111111
0.831858407079646
0.8325991189427313
0.8333333333333334
0.834061135371179
0.8347826086956521
0.8354978354978355
0.8362068965517241
0.8369098712446352
0.8376068376068376
0.8382978723404255
0.8389830508474576
0.8396624472573839
0.8403361344537815
0.8410041841004184
0.8416666666666667
0.8423236514522822
0.8429752066115702
0.8436213991769548
0.8442622950819673
0.8448979591836735
0.8455284552845529
0.8461538461538461
0.8467741935483871
0.8473895582329317
0.848
0.848605577689243
0.8492063492063492
0.849802371541502
0.8503937007874016
0.8509803921568627
0.8515625
0.8521400778210116
0.8527131782945736
0.8532818532818532
0.8538461538461538
0.8544061302681992
0.8549618320610687
0.8555133079847909
0.8560606060606061
0.8566037735849057
0.8571428571428571
0.8576779026217228
0.8582089552238806
0.8587360594795539
0.8592592592592593
0.8597785977859779
0.8602941176470589
0.8608058608058609
0.8613138686131386
0.8618181818181818
0.8623188405797102
0.8628158844765343
0.8633093525179856
0.8637992831541219
0.8642857142857143
0.8647686832740213
0.8652482269503546
0.8657243816254417
0.8661971830985915
0.8666666666666667
0.8671328671328671
0.867595818815331
0.8680555555555556
0.8685121107266436
0.8689655172413793
0.8694158075601375
0.8698630136986302
0.8703071672354948
0.8707482993197279
0.8711864406779661
0.8716216216216216
0.8720538720538721
0.87248322147651
0.8729096989966555
0.8733333333333333
0.8737541528239202
0.8741721854304636
0.8745874587458746
0.875
0.8754098360655738
0.8758169934640523
0.8762214983713354
0.8766233766233766
0.8770226537216829
0.8774193548387097
0.8778135048231511
0.8782051282051282
0.8785942492012779
0.8789808917197452
0.8793650793650793
0.879746835443038
0.8801261829652997
0.8805031446540881
0.8808777429467085
0.88125
0.881619937694704
0.8819875776397516
0.8823529411764706
0.8827160493827161
0.8830769230769231
0.8834355828220859
0.8837920489296636
0.8841463414634146
0.8844984802431611
0.8848484848484849
0.8851963746223565
0.8855421686746988
0.8858858858858859
0.8862275449101796
0.8865671641791045
0.8869047619047619
0.887240356083086
0.8875739644970414
0.887905604719764
0.888235294117647
0.8885630498533724
0.8888888888888888
0.8892128279883382
0.8895348837209303
0.8898550724637682
0.8901734104046243
0.8904899135446686
0.8908045977011494
0.8911174785100286
0.8914285714285715
0.8917378917378918
0.8920454545454546
0.8923512747875354
0.8926553672316384
0.8929577464788733
0.8932584269662921
0.8935574229691877
0.8938547486033519
0.8941504178272981
0.8944444444444445
0.8947368421052632
0.8950276243093923
0.8953168044077136
0.8956043956043956
0.8958904109589041
0.8961748633879781
0.896457765667575
0.8967391304347826
0.8970189701897019
0.8972972972972973
0.8975741239892183
0.8978494623655914
0.8981233243967829
0.8983957219251337
0.8986666666666666
0.898936170212766
0.8992042440318302
0.8994708994708994
0.899736147757256
0.9
0.9002624671916011
0.900523560209424
0.9007832898172323
0.9010416666666666
0.9012987012987013
0.9015544041450777
1.0
1.0
1.0
1.0
1.0
1.0
1.0
1.0
1.0
1.0
1.0
1.0
1.0
1.0
1.0
1.0
1.0
1.0
1.0
1.0
1.0
1.0
1.0
1.0
1.0
1.0
1.0
1.0
1.0
1.0
1.0
1.0
1.0
1.0
1.0
1.0
1.0
1.0
1.0
1.0
1.0
1.0
1.0
1.0
1.0
1.0
1.0
1.0
1.0
1.0
1.0
1.0
1.0
1.0
1.0
1.0
1.0
1.0
1.0
1.0
1.0
1.0
1.0
1.0
1.0
1.0
1.0
1.0
1.0
1.0
1.0
1.0
1.0
1.0
1.0
1.0
1.0
1.0
1.0
1.0
1.0
1.0
1.0
1.0
1.0
1.0
1.0
1.0
1.0
1.0
1.0
1.0
1.0
1.0
1.0
1.0
1.0
1.0
1.0
1.0
1.0
1.0
1.0
1.0
1.0
1.0
1.0
1.0
1.0
1.0
1.0
1.0
1.0
1.0
1.0
1.0
1.0
1.0
1.0
1.0
1.0
1.0
1.0
1.0
1.0
1.0
1.0
1.0
1.0
1.0
1.0
1.0
1.0
1.0
1.0
1.0
1.0
1.0
1.0
1.0
1.0
0.7319587628865979
0.7371134020618557
0.7422680412371134
0.7474226804123711
0.7525773195876289
0.7577319587628866
0.7628865979381443
0.7680412371134021
0.7731958762886598
0.7783505154639175
0.7835051546391752
0.788659793814433
0.7938144329896907
0.7989690721649485
0.8041237113402062
0.8051282051282052
0.8061224489795918
0.8071065989847716
0.8080808080808081
0.8090452261306532
0.81
0.8109452736318408
0.8118811881188119
0.812807881773399
0.8137254901960784
0.8146341463414634
0.8155339805825242
0.8164251207729468
0.8173076923076923
0.8181818181818182
0.819047619047619
0.8199052132701422
0.8207547169811321
0.8215962441314554
0.822429906542056
0.8232558139534883
0.8240740740740741
0.8248847926267281
0.8256880733944955
0.8264840182648402
0.8272727272727273
0.8280542986425339
0.8288288288288288
0.8295964125560538
0.8303571428571429
0.8311111111111111
0.831858407079646
0.8325991189427313
0.8333333333333334
0.834061135371179
0.8347826086956521
0.8354978354978355
0.8362068965517241
0.8369098712446352
0.8376068376068376
0.8382978723404255
0.8389830508474576
0.8396624472573839
0.8403361344537815
0.8410041841004184
0.8416666666666667
0.8423236514522822
0.8429752066115702
0.8436213991769548
0.8442622950819673
0.8448979591836735
0.8455284552845529
0.8461538461538461
0.8467741935483871
0.8473895582329317
0.848
0.848605577689243
0.8492063492063492
0.849802371541502
0.8503937007874016
0.8509803921568627
0.8515625
0.8521400778210116
0.8527131782945736
0.8532818532818532
0.8538461538461538
0.8544061302681992
0.8549618320610687
0.8555133079847909
0.8560606060606061
0.8566037735849057
0.8571428571428571
0.8576779026217228
0.8582089552238806
0.8587360594795539
0.8592592592592593
0.8597785977859779
0.8602941176470589
0.8608058608058609
0.8613138686131386
0.8618181818181818
0.8623188405797102
0.8628158844765343
0.8633093525179856
0.8637992831541219
0.8642857142857143
0.8647686832740213
0.8652482269503546
0.8657243816254417
0.8661971830985915
0.8666666666666667
0.8671328671328671
0.867595818815331
0.8680555555555556
0.8685121107266436
0.8689655172413793
0.8694158075601375
0.8698630136986302
0.8703071672354948
0.8707482993197279
0.8711864406779661
0.8716216216216216
0.8720538720538721
0.87248322147651
0.8729096989966555
0.8733333333333333
0.8737541528239202
0.8741721854304636
0.8745874587458746
0.875
0.8754098360655738
0.8758169934640523
0.8762214983713354
0.8766233766233766
0.8770226537216829
0.8774193548387097
0.8778135048231511
0.8782051282051282
0.8785942492012779
0.8789808917197452
0.8793650793650793
0.879746835443038
0.8801261829652997
0.8805031446540881
0.8808777429467085
0.88125
0.881619937694704
0.8819875776397516
0.8823529411764706
0.8827160493827161
0.8830769230769231
0.8834355828220859
0.8837920489296636
0.8841463414634146
0.8844984802431611
0.8848484848484849
0.8851963746223565
0.8855421686746988
0.8858858858858859
0.8862275449101796
0.8865671641791045
0.8869047619047619
0.887240356083086
0.8875739644970414
0.887905604719764
0.888235294117647
0.8885630498533724
0.8888888888888888
0.8892128279883382
0.8895348837209303
0.8898550724637682
0.8901734104046243
0.8904899135446686
0.8908045977011494
0.8911174785100286
0.8914285714285715
0.8917378917378918
0.8920454545454546
0.8923512747875354
0.8926553672316384
0.8929577464788733
0.8932584269662921
0.8935574229691877
0.8938547486033519
0.8941504178272981
0.8944444444444445
0.8947368421052632
0.8950276243093923
0.8953168044077136
0.8956043956043956
0.8958904109589041
0.8961748633879781
0.896457765667575
0.8967391304347826
0.8970189701897019
0.8972972972972973
0.8975741239892183
0.8978494623655914
0.8981233243967829
0.8983957219251337
0.8986666666666666
0.898936170212766
0.8992042440318302
0.8994708994708994
0.899736147757256
0.9
0.9002624671916011
0.900523560209424
0.9007832898172323
0.9010416666666666
0.9012987012987013
0.9015544041450777
