1.0
1.0
1.0
1.0
1.0
1.0
1.0
1.0
1.0
1.0
1.0
1.0
1.0
1.0
1.0
1.0
1.0
0.06896551724137931
0.07279693486590039
0.07662835249042145
0.08045977011494253
0.08396946564885496
0.08745247148288973
0.09090909090909091
0.09433962264150944
0.09774436090225563
0.10150375939849623
0.10486891385767791
0.10820895522388059
0.11152416356877323
0.11481481481481481
0.11808118081180811
0.12177121771217712
0.12546125461254612
0.12915129151291513
0.13284132841328414
0.13653136531365315
0.14022140221402213
0.14391143911439114
0.14760147601476015
0.15129151291512916
0.15498154981549817
0.15867158671586715
0.16236162361623616
0.16605166051660517
0.16974169741697417
0.17343173431734318
0.17712177121771217
0.18081180811808117
0.18450184501845018
0.1881918819188192
0.1918819188191882
0.19557195571955718
0.1992619926199262
0.2029520295202952
0.2066420664206642
0.21033210332103322
0.2140221402214022
0.2177121771217712
0.22140221402214022
0.22509225092250923
0.22878228782287824
0.23247232472324722
0.23616236162361623
0.23985239852398524
0.24354243542435425
0.24723247232472326
0.25092250922509224
0.25461254612546125
0.25830258302583026
0.26199261992619927
0.2656826568265683
0.2693726937269373
0.2730627306273063
0.2767527675276753
0.28044280442804426
0.28413284132841327
0.2878228782287823
0.2915129151291513
0.2952029520295203
0.2988929889298893
0.3025830258302583
0.3062730627306273
0.30996309963099633
0.31365313653136534
0.3173431734317343
0.3210332103321033
0.3247232472324723
0.3284132841328413
0.33210332103321033
0.33579335793357934
0.33948339483394835
0.34191176470588236
0.3443223443223443
0.34798534798534797
0.3516483516483517
0.3553113553113553
0.358974358974359
0.3626373626373626
0.3663003663003663
0.36996336996337
0.37362637362637363
0.3772893772893773
0.38095238095238093
0.38461538461538464
0.3882783882783883
0.39194139194139194
0.3956043956043956
0.3992673992673993
0.40293040293040294
0.4065934065934066
0.41025641025641024
0.4139194139194139
0.4175824175824176
0.42124542124542125
0.4249084249084249
0.42857142857142855
0.43223443223443225
0.4358974358974359
0.43956043956043955
0.4432234432234432
0.4468864468864469
0.45054945054945056
0.45255474452554745
0.45454545454545453
0.4581818181818182
0.4618181818181818
0.46545454545454545
0.4690909090909091
0.4727272727272727
0.4763636363636364
0.48
0.48363636363636364
0.48727272727272725
0.4909090909090909
0.49454545454545457
0.49818181818181817
0.5018181818181818
0.5054545454545455
0.509090909090909
0.5127272727272727
0.5163636363636364
0.52
0.5236363636363637
0.5272727272727272
0.5309090909090909
0.5345454545454545
0.5381818181818182
0.5418181818181819
0.5454545454545454
0.5490909090909091
0.5527272727272727
0.5563636363636364
0.56
0.5636363636363636
0.5672727272727273
0.5709090909090909
0.5745454545454546
0.5781818181818181
0.5818181818181818
0.5854545454545454
0.5890909090909091
0.5927272727272728
0.5963636363636363
0.6
0.6036363636363636
0.6072727272727273
0.610909090909091
0.6145454545454545
0.6181818181818182
0.6218181818181818
0.6254545454545455
0.6290909090909091
0.6327272727272727
0.6363636363636364
0.64
0.6436363636363637
0.6472727272727272
0.6509090909090909
0.6545454545454545
0.6581818181818182
0.6618181818181819
0.6654545454545454
0.6690909090909091
0.6727272727272727
0.6763636363636364
0.68
0.6836363636363636
0.6872727272727273
0.6909090909090909
0.6945454545454546
0.6981818181818182
0.7018181818181818
0.7054545454545454
0.7090909090909091
0.7127272727272728
0.7163636363636363
0.72
0.7236363636363636
0.7272727272727273
0.7282608695652174
0.7318840579710145
0.7355072463768116
0.7391304347826086
0.7427536231884058
0.7463768115942029
0.75
0.7536231884057971
0.7572463768115942
0.7608695652173914
0.7644927536231884
0.7681159420289855
0.7717391304347826
0.7753623188405797
0.7789855072463768
0.782608695652174
0.7862318840579711
0.7898550724637681
0.7934782608695652
0.7971014492753623
0.8007246376811594
0.8043478260869565
0.8079710144927537
0.8115942028985508
0.8152173913043478
0.8188405797101449
0.822463768115942
0.8260869565217391
0.8297101449275363
0.8333333333333334
0.8369565217391305
0.8405797101449275
0.8442028985507246
0.8478260869565217
0.8514492753623188
0.855072463768116
0.8586956521739131
0.8623188405797102
0.8659420289855072
0.8695652173913043
0.8731884057971014
0.8768115942028986
0.8804347826086957
0.8840579710144928
0.8876811594202898
0.8913043478260869
0.894927536231884
0.8985507246376812
0.9021739130434783
0.9057971014492754
0.9094202898550725
0.9130434782608695
0.9166666666666666
0.9202898550724637
0.9239130434782609
0.927536231884058
0.9311594202898551
0.9347826086956522
0.9384057971014492
0.9420289855072463
0.9456521739130435
1.0
1.0
1.0
1.0
1.0
1.0
1.0
1.0
1.0
1.0
1.0
1.0
1.0
1.0
1.0
1.0
1.0
0.06896551724137931
0.07279693486590039
0.07662835249042145
0.08045977011494253
0.08396946564885496
0.08745247148288973
0.09090909090909091
0.09433962264150944
0.09774436090225563
0.10150375939849623
0.10486891385767791
0.10820895522388059
0.11152416356877323
0.11481481481481481
0.11808118081180811
0.12177121771217712
0.12546125461254612
0.12915129151291513
0.13284132841328414
0.13653136531365315
0.14022140221402213
0.14391143911439114
0.14760147601476015
0.15129151291512916
0.15498154981549817
0.15867158671586715
0.16236162361623616
0.16605166051660517
0.16974169741697417
0.17343173431734318
0.17712177121771217
0.18081180811808117
0.18450184501845018
0.1881918819188192
0.1918819188191882
0.19557195571955718
0.1992619926199262
0.2029520295202952
0.2066420664206642
0.21033210332103322
0.2140221402214022
0.2177121771217712
0.22140221402214022
0.22509225092250923
0.22878228782287824
0.23247232472324722
0.23616236162361623
0.23985239852398524
0.24354243542435425
0.24723247232472326
0.25092250922509224
0.25461254612546125
0.25830258302583026
0.26199261992619927
0.2656826568265683
0.2693726937269373
0.2730627306273063
0.2767527675276753
0.28044280442804426
0.28413284132841327
0.2878228782287823
0.2915129151291513
0.2952029520295203
0.2988929889298893
0.3025830258302583
0.3062730627306273
0.30996309963099633
0.31365313653136534
0.3173431734317343
0.3210332103321033
0.3247232472324723
0.3284132841328413
0.33210332103321033
0.33579335793357934
0.33948339483394835
0.34317343173431736
0.34686346863468637
0.3505535055350554
0.35424354243542433
0.35793357933579334
0.36162361623616235
0.36531365313653136
0.36900369003690037
0.3726937269372694
0.3763837638376384
0.3800738007380074
0.3837638376383764
0.3874538745387454
0.39114391143911437
0.3948339483394834
0.3985239852398524
0.4022140221402214
0.4059040590405904
0.4095940959409594
0.4132841328413284
0.41697416974169743
0.42066420664206644
0.42435424354243545
0.4280442804428044
0.4317343173431734
0.4354243542435424
0.43911439114391143
0.44280442804428044
0.44649446494464945
0.45018450184501846
0.45387453874538747
0.4575645756457565
0.4612546125461255
0.46494464944649444
0.46863468634686345
0.47232472324723246
0.47601476014760147
0.4797047970479705
0.4833948339483395
0.4870848708487085
0.4907749077490775
0.4944649446494465
0.4981549815498155
0.5018450184501845
0.5055350553505535
0.5092250922509225
0.5129151291512916
0.5166051660516605
0.5202952029520295
0.5239852398523985
0.5276752767527675
0.5313653136531366
0.5350553505535055
0.5387453874538746
0.5424354243542435
0.5461254612546126
0.5498154981549815
0.5514705882352942
0.5531135531135531
0.5567765567765568
0.5604395604395604
0.5641025641025641
0.5677655677655677
0.5714285714285714
0.575091575091575
0.5787545787545788
0.5824175824175825
0.5860805860805861
0.5897435897435898
0.5934065934065934
0.5948905109489051
0.5963636363636363
0.6
0.6036363636363636
0.6072727272727273
0.610909090909091
0.6145454545454545
0.6181818181818182
0.6218181818181818
0.6254545454545455
0.6290909090909091
0.6327272727272727
0.6363636363636364
0.64
0.6436363636363637
0.6472727272727272
0.6509090909090909
0.6545454545454545
0.6581818181818182
0.6618181818181819
0.6654545454545454
0.6690909090909091
0.6727272727272727
0.6763636363636364
0.68
0.6836363636363636
0.6872727272727273
0.6909090909090909
0.6945454545454546
0.6981818181818182
0.7018181818181818
0.7054545454545454
0.7090909090909091
0.7127272727272728
0.7163636363636363
0.72
0.7236363636363636
0.7272727272727273
0.730909090909091
0.7345454545454545
0.7381818181818182
0.7418181818181818
0.7454545454545455
0.7490909090909091
0.7527272727272727
0.7563636363636363
0.76
0.7636363636363637
0.7672727272727272
0.7709090909090909
0.7745454545454545
0.7781818181818182
0.7818181818181819
0.7854545454545454
0.7890909090909091
0.7927272727272727
0.7963636363636364
0.8
0.8036363636363636
0.8072727272727273
0.8109090909090909
0.8145454545454546
0.8181818181818182
0.8218181818181818
0.8254545454545454
0.8290909090909091
0.8327272727272728
0.8363636363636363
0.84
0.8436363636363636
0.8472727272727273
0.850909090909091
0.8545454545454545
0.8581818181818182
0.8618181818181818
0.8654545454545455
0.8659420289855072
0.8695652173913043
0.8731884057971014
0.8768115942028986
0.8804347826086957
0.8840579710144928
0.8876811594202898
0.8913043478260869
0.894927536231884
0.8985507246376812
0.9021739130434783
0.9057971014492754
0.9094202898550725
0.9130434782608695
0.9166666666666666
0.9202898550724637
0.9239130434782609
0.927536231884058
0.9311594202898551
0.9347826086956522
0.9384057971014492
0.9420289855072463
0.9456521739130435
0.9492753623188406
1.0
1.0
1.0
1.0
1.0
1.0
1.0
1.0
1.0
1.0
1.0
1.0
1.0
1.0
1.0
1.0
1.0
1.0
1.0
1.0
1.0
1.0
1.0
1.0
1.0
1.0
1.0
1.0
1.0
1.0
1.0
1.0
1.0
1.0
0.06896551724137931
0.07279693486590039
0.07662835249042145
0.08045977011494253
0.08396946564885496
0.08745247148288973
0.09090909090909091
0.09433962264150944
0.09774436090225563
0.10150375939849623
0.10486891385767791
0.10820895522388059
0.11152416356877323
0.11481481481481481
0.11808118081180811
0.12177121771217712
0.12546125461254612
0.12915129151291513
0.13284132841328414
0.13653136531365315
0.14022140221402213
0.14391143911439114
0.14760147601476015
0.15129151291512916
0.15498154981549817
0.15867158671586715
0.16236162361623616
0.16605166051660517
0.16974169741697417
0.17343173431734318
0.17712177121771217
0.18081180811808117
0.18450184501845018
0.1881918819188192
0.1918819188191882
0.19557195571955718
0.1992619926199262
0.2029520295202952
0.2066420664206642
0.21033210332103322
0.2140221402214022
0.2177121771217712
0.22140221402214022
0.22509225092250923
0.22878228782287824
0.23247232472324722
0.23616236162361623
0.23985239852398524
0.24354243542435425
0.24723247232472326
0.25092250922509224
0.25461254612546125
0.25830258302583026
0.26199261992619927
0.2656826568265683
0.2693726937269373
0.2730627306273063
0.2767527675276753
0.28044280442804426
0.28413284132841327
0.2878228782287823
0.2915129151291513
0.2952029520295203
0.2988929889298893
0.3025830258302583
0.3062730627306273
0.30996309963099633
0.31365313653136534
0.3173431734317343
0.3210332103321033
0.3247232472324723
0.3284132841328413
0.33210332103321033
0.33579335793357934
0.33948339483394835
0.34317343173431736
0.34686346863468637
0.3505535055350554
0.35424354243542433
0.35793357933579334
0.36162361623616235
0.36531365313653136
0.36900369003690037
0.3726937269372694
0.3763837638376384
0.3800738007380074
0.3837638376383764
0.3874538745387454
0.39114391143911437
0.3948339483394834
0.3985239852398524
0.4022140221402214
0.4059040590405904
0.4095940959409594
0.4132841328413284
0.41697416974169743
0.42066420664206644
0.42435424354243545
0.4280442804428044
0.4317343173431734
0.4354243542435424
0.43911439114391143
0.44280442804428044
0.44649446494464945
0.45018450184501846
0.45387453874538747
0.4575645756457565
0.4612546125461255
0.46494464944649444
0.46863468634686345
0.47232472324723246
0.47601476014760147
0.4797047970479705
0.4833948339483395
0.4870848708487085
0.4907749077490775
0.4944649446494465
0.4981549815498155
0.5018450184501845
0.5036764705882353
0.5054945054945055
0.5091575091575091
0.5128205128205128
0.5164835164835165
0.5201465201465202
0.5238095238095238
0.5274725274725275
0.5311355311355311
0.5347985347985348
0.5384615384615384
0.5421245421245421
0.5457875457875457
0.5474452554744526
0.5490909090909091
0.5527272727272727
0.5563636363636364
0.56
0.5636363636363636
0.5672727272727273
0.5709090909090909
0.5745454545454546
0.5781818181818181
0.5818181818181818
0.5854545454545454
0.5890909090909091
0.5927272727272728
0.5963636363636363
0.6
0.6036363636363636
0.6072727272727273
0.610909090909091
0.6145454545454545
0.6181818181818182
0.6218181818181818
0.6254545454545455
0.6290909090909091
0.6327272727272727
0.6363636363636364
0.64
0.6436363636363637
0.6472727272727272
0.6509090909090909
0.6545454545454545
0.6581818181818182
0.6618181818181819
0.6654545454545454
0.6690909090909091
0.6727272727272727
0.6763636363636364
0.68
0.6836363636363636
0.6872727272727273
0.6909090909090909
0.6945454545454546
0.6981818181818182
0.7018181818181818
0.7054545454545454
0.7090909090909091
0.7127272727272728
0.7163636363636363
0.72
0.7236363636363636
0.7272727272727273
0.730909090909091
0.7345454545454545
0.7381818181818182
0.7418181818181818
0.7454545454545455
0.7490909090909091
0.7527272727272727
0.7563636363636363
0.76
0.7636363636363637
0.7672727272727272
0.7709090909090909
0.7745454545454545
0.7781818181818182
0.7818181818181819
0.7854545454545454
0.7890909090909091
0.7927272727272727
0.7963636363636364
0.8
0.8036363636363636
0.8072727272727273
0.8109090909090909
0.8145454545454546
0.8181818181818182
0.8188405797101449
0.822463768115942
0.8260869565217391
0.8297101449275363
0.8333333333333334
0.8369565217391305
0.8405797101449275
0.8442028985507246
0.8478260869565217
0.8514492753623188
0.855072463768116
0.8586956521739131
0.8623188405797102
0.8659420289855072
0.8695652173913043
0.8731884057971014
0.8768115942028986
0.8804347826086957
0.8840579710144928
0.8876811594202898
0.8913043478260869
0.894927536231884
0.8985507246376812
0.9021739130434783
0.9057971014492754
0.9094202898550725
0.9130434782608695
0.9166666666666666
0.9202898550724637
0.9239130434782609
0.927536231884058
0.9311594202898551
0.9347826086956522
0.9384057971014492
0.9420289855072463
0.9456521739130435
0.9492753623188406
1.0
1.0
1.0
1.0
1.0
1.0
1.0
1.0
1.0
1.0
1.0
1.0
1.0
1.0
1.0
1.0
1.0
0.06896551724137931
0.07279693486590039
0.07662835249042145
0.08045977011494253
0.08396946564885496
0.08745247148288973
0.09090909090909091
0.09433962264150944
0.09774436090225563
0.10150375939849623
0.10486891385767791
0.10820895522388059
0.11152416356877323
0.11481481481481481
0.11808118081180811
0.12177121771217712
0.12546125461254612
0.12915129151291513
0.13284132841328414
0.13653136531365315
0.14022140221402213
0.14391143911439114
0.14760147601476015
0.15129151291512916
0.15498154981549817
0.15867158671586715
0.16236162361623616
0.16605166051660517
0.16974169741697417
0.17343173431734318
0.17712177121771217
0.18081180811808117
0.18450184501845018
0.1881918819188192
0.1918819188191882
0.19557195571955718
0.1992619926199262
0.2029520295202952
0.2066420664206642
0.21033210332103322
0.2140221402214022
0.2177121771217712
0.22140221402214022
0.22509225092250923
0.22878228782287824
0.23247232472324722
0.23616236162361623
0.23985239852398524
0.24354243542435425
0.24723247232472326
0.25092250922509224
0.25461254612546125
0.25830258302583026
0.26199261992619927
0.2656826568265683
0.2693726937269373
0.2730627306273063
0.2767527675276753
0.28044280442804426
0.28413284132841327
0.2878228782287823
0.2915129151291513
0.2952029520295203
0.2988929889298893
0.3025830258302583
0.3062730627306273
0.30996309963099633
0.31365313653136534
0.3173431734317343
0.3210332103321033
0.3247232472324723
0.3284132841328413
0.33210332103321033
0.33579335793357934
0.33948339483394835
0.34317343173431736
0.34686346863468637
0.3505535055350554
0.35424354243542433
0.35793357933579334
0.36162361623616235
0.36531365313653136
0.36900369003690037
0.3726937269372694
0.3763837638376384
0.3800738007380074
0.3837638376383764
0.3874538745387454
0.39114391143911437
0.3948339483394834
0.3985239852398524
0.4022140221402214
0.4059040590405904
0.4095940959409594
0.4132841328413284
0.41697416974169743
0.42066420664206644
0.42435424354243545
0.4280442804428044
0.4317343173431734
0.4354243542435424
0.43911439114391143
0.44280442804428044
0.44649446494464945
0.45018450184501846
0.45387453874538747
0.4575645756457565
0.4612546125461255
0.46494464944649444
0.46863468634686345
0.47232472324723246
0.47601476014760147
0.4797047970479705
0.4833948339483395
0.4870848708487085
0.4907749077490775
0.4944649446494465
0.4981549815498155
0.5018450184501845
0.5055350553505535
0.5073529411764706
0.5091575091575091
0.5128205128205128
0.5164835164835165
0.5201465201465202
0.5238095238095238
0.5274725274725275
0.5291970802919708
0.5309090909090909
0.5345454545454545
0.5381818181818182
0.5418181818181819
0.5454545454545454
0.5490909090909091
0.5527272727272727
0.5563636363636364
0.56
0.5636363636363636
0.5672727272727273
0.5709090909090909
0.5745454545454546
0.5781818181818181
0.5818181818181818
0.5854545454545454
0.5890909090909091
0.5927272727272728
0.5963636363636363
0.6
0.6036363636363636
0.6072727272727273
0.610909090909091
0.6145454545454545
0.6181818181818182
0.6218181818181818
0.6254545454545455
0.6290909090909091
0.6327272727272727
0.6363636363636364
0.64
0.6436363636363637
0.6472727272727272
0.6509090909090909
0.6545454545454545
0.6581818181818182
0.6618181818181819
0.6654545454545454
0.6690909090909091
0.6727272727272727
0.6763636363636364
0.68
0.6836363636363636
0.6872727272727273
0.6909090909090909
0.6945454545454546
0.6981818181818182
0.7018181818181818
0.7054545454545454
0.7090909090909091
0.7127272727272728
0.7163636363636363
0.72
0.7236363636363636
0.7272727272727273
0.730909090909091
0.7345454545454545
0.7381818181818182
0.7418181818181818
0.7454545454545455
0.7490909090909091
0.7527272727272727
0.7563636363636363
0.76
0.7636363636363637
0.7672727272727272
0.7709090909090909
0.7745454545454545
0.7781818181818182
0.7818181818181819
0.7854545454545454
0.7890909090909091
0.7927272727272727
0.7963636363636364
0.8
0.8036363636363636
0.8043478260869565
0.8079710144927537
0.8115942028985508
0.8152173913043478
0.8188405797101449
0.822463768115942
0.8260869565217391
0.8297101449275363
0.8333333333333334
0.8369565217391305
0.8405797101449275
0.8442028985507246
0.8478260869565217
0.8514492753623188
0.855072463768116
0.8586956521739131
0.8623188405797102
0.8659420289855072
0.8695652173913043
0.8731884057971014
0.8768115942028986
0.8804347826086957
0.8840579710144928
0.8876811594202898
0.8913043478260869
0.894927536231884
0.8985507246376812
0.9021739130434783
0.9057971014492754
0.9094202898550725
0.9130434782608695
0.9166666666666666
0.9202898550724637
0.9239130434782609
0.927536231884058
0.9311594202898551
0.9347826086956522
0.9384057971014492
0.9420289855072463
0.9456521739130435
0.9492753623188406
1.0
1.0
1.0
1.0
1.0
1.0
1.0
1.0
1.0
1.0
1.0
1.0
1.0
1.0
1.0
1.0
1.0
1.0
1.0
1.0
1.0
1.0
0.06896551724137931
0.07279693486590039
0.07662835249042145
0.08045977011494253
0.08396946564885496
0.08745247148288973
0.09090909090909091
0.09433962264150944
0.09774436090225563
0.10150375939849623
0.10486891385767791
0.10820895522388059
0.11152416356877323
0.11481481481481481
0.11808118081180811
0.12177121771217712
0.12546125461254612
0.12915129151291513
0.13284132841328414
0.13653136531365315
0.14022140221402213
0.14391143911439114
0.14760147601476015
0.15129151291512916
0.15498154981549817
0.15867158671586715
0.16236162361623616
0.16605166051660517
0.16974169741697417
0.17343173431734318
0.17712177121771217
0.18081180811808117
0.18450184501845018
0.1881918819188192
0.1918819188191882
0.19557195571955718
0.1992619926199262
0.2029520295202952
0.2066420664206642
0.21033210332103322
0.2140221402214022
0.2177121771217712
0.22140221402214022
0.22509225092250923
0.22878228782287824
0.23247232472324722
0.23616236162361623
0.23985239852398524
0.24354243542435425
0.24723247232472326
0.25092250922509224
0.25461254612546125
0.25830258302583026
0.26199261992619927
0.2656826568265683
0.2693726937269373
0.2730627306273063
0.2767527675276753
0.28044280442804426
0.28413284132841327
0.2878228782287823
0.2915129151291513
0.2952029520295203
0.2988929889298893
0.3025830258302583
0.3062730627306273
0.30996309963099633
0.31365313653136534
0.3173431734317343
0.3210332103321033
0.3247232472324723
0.3284132841328413
0.33210332103321033
0.33579335793357934
0.33948339483394835
0.34317343173431736
0.34686346863468637
0.3505535055350554
0.35424354243542433
0.35793357933579334
0.36162361623616235
0.36531365313653136
0.36900369003690037
0.3726937269372694
0.3763837638376384
0.3800738007380074
0.3837638376383764
0.3874538745387454
0.39114391143911437
0.3948339483394834
0.3985239852398524
0.4022140221402214
0.4059040590405904
0.4095940959409594
0.4132841328413284
0.41697416974169743
0.42066420664206644
0.42435424354243545
0.4280442804428044
0.4317343173431734
0.4354243542435424
0.43911439114391143
0.4411764705882353
0.4432234432234432
0.4468864468864469
0.45054945054945056
0.4542124542124542
0.45787545787545786
0.46153846153846156
0.4652014652014652
0.46886446886446886
0.4725274725274725
0.47619047619047616
0.47985347985347987
0.4835164835164835
0.48717948717948717
0.4908424908424908
0.4945054945054945
0.4981684981684982
0.5018315018315018
0.5054945054945055
0.5091575091575091
0.5128205128205128
0.5164835164835165
0.5201465201465202
0.5238095238095238
0.5274725274725275
0.5311355311355311
0.5347985347985348
0.5364963503649635
0.5381818181818182
0.5418181818181819
0.5454545454545454
0.5490909090909091
0.5527272727272727
0.5563636363636364
0.56
0.5636363636363636
0.5672727272727273
0.5709090909090909
0.5745454545454546
0.5781818181818181
0.5818181818181818
0.5854545454545454
0.5890909090909091
0.5927272727272728
0.5963636363636363
0.6
0.6036363636363636
0.6072727272727273
0.610909090909091
0.6145454545454545
0.6181818181818182
0.6218181818181818
0.6254545454545455
0.6290909090909091
0.6327272727272727
0.6363636363636364
0.64
0.6436363636363637
0.6472727272727272
0.6509090909090909
0.6545454545454545
0.6581818181818182
0.6618181818181819
0.6654545454545454
0.6690909090909091
0.6727272727272727
0.6763636363636364
0.68
0.6836363636363636
0.6872727272727273
0.6909090909090909
0.6945454545454546
0.6981818181818182
0.7018181818181818
0.7054545454545454
0.7090909090909091
0.7127272727272728
0.7163636363636363
0.72
0.7236363636363636
0.7272727272727273
0.730909090909091
0.7345454545454545
0.7381818181818182
0.7418181818181818
0.7454545454545455
0.7490909090909091
0.7527272727272727
0.7563636363636363
0.76
0.7636363636363637
0.7672727272727272
0.7709090909090909
0.7745454545454545
0.7781818181818182
0.7818181818181819
0.7854545454545454
0.7890909090909091
0.7927272727272727
0.7963636363636364
0.8
0.8036363636363636
0.8072727272727273
0.8109090909090909
0.8115942028985508
0.8152173913043478
0.8188405797101449
0.822463768115942
0.8260869565217391
0.8297101449275363
0.8333333333333334
0.8369565217391305
0.8405797101449275
0.8442028985507246
0.8478260869565217
0.8514492753623188
0.855072463768116
0.8586956521739131
0.8623188405797102
0.8659420289855072
0.8695652173913043
0.8731884057971014
0.8768115942028986
0.8804347826086957
0.8840579710144928
0.8876811594202898
0.8913043478260869
0.894927536231884
0.8985507246376812
0.9021739130434783
0.9057971014492754
0.9094202898550725
0.9130434782608695
0.9166666666666666
0.9202898550724637
0.9239130434782609
0.927536231884058
0.9311594202898551
0.9347826086956522
0.9384057971014492
0.9420289855072463
0.9456521739130435
0.9492753623188406
0.9528985507246377
