1.0
1.0
1.0
1.0
1.0
1.0
1.0
1.0
1.0
1.0
1.0
1.0
1.0
1.0
1.0
0.41025641025641024
0.4358974358974359
0.46153846153846156
0.48717948717948717
0.5128205128205128
0.5384615384615384
0.5641025641025641
0.5897435897435898
0.6153846153846154
0.6410256410256411
0.6666666666666666
0.675
0.6829268292682927
0.6904761904761905
0.6976744186046512
0.7045454545454546
0.7111111111111111
0.717391304347826
0.723404255319149
0.7291666666666666
0.6545454545454545
0.6727272727272727
0.6909090909090909
0.7090909090909091
0.7272727272727273
0.7454545454545455
0.7636363636363637
0.7818181818181819
0.8
0.8181818181818182
0.8363636363636363
0.8545454545454545
0.8727272727272727
0.8909090909090909
0.9090909090909091
0.9272727272727272
0.9454545454545454
0.9636363636363636
0.7941176470588235
0.8088235294117647
0.8235294117647058
0.8382352941176471
0.8529411764705882
0.8676470588235294
0.8823529411764706
0.8970588235294118
0.9117647058823529
0.9264705882352942
0.9411764705882353
0.9558823529411765
0.9705882352941176
0.8072289156626506
0.8192771084337349
0.8313253012048193
0.8433734939759037
0.8554216867469879
0.8674698795180723
0.8795180722891566
0.891566265060241
0.8928571428571429
0.8941176470588236
0.8953488372093024
0.896551724137931
0.8977272727272727
0.898876404494382
0.9
0.9111111111111111
0.9222222222222223
0.9333333333333333
0.9444444444444444
0.9555555555555556
0.9666666666666667
0.9777777777777777
0.978021978021978
0.9782608695652174
0.978494623655914
0.9787234042553191
0.9789473684210527
0.9791666666666666
0.979381443298969
0.9795918367346939
0.9797979797979798
0.98
0.9801980198019802
0.9803921568627451
0.9805825242718447
0.9807692307692307
0.9537037037037037
0.9629629629629629
0.9722222222222222
0.8091603053435115
0.816793893129771
0.8244274809160306
0.8257575757575758
0.8270676691729323
0.8283582089552238
0.8296296296296296
0.8308823529411765
0.8321167883211679
0.8333333333333334
0.8345323741007195
0.8357142857142857
0.8368794326241135
0.8439716312056738
0.851063829787234
0.8581560283687943
0.8652482269503546
0.8723404255319149
0.8794326241134752
0.8865248226950354
0.8936170212765957
0.900709219858156
0.9078014184397163
0.9148936170212766
0.9219858156028369
0.8675496688741722
0.8741721854304636
0.8807947019867549
0.8535031847133758
0.8598726114649682
0.8662420382165605
0.8726114649681529
0.8789808917197452
0.8853503184713376
0.875
0.88125
0.8875
1.0
1.0
1.0
1.0
1.0
1.0
1.0
1.0
1.0
1.0
1.0
1.0
1.0
1.0
1.0
0.41025641025641024
0.4358974358974359
0.46153846153846156
0.48717948717948717
0.5128205128205128
0.5384615384615384
0.5641025641025641
0.5897435897435898
0.6153846153846154
0.6410256410256411
0.6666666666666666
0.675
0.6829268292682927
0.6904761904761905
0.6976744186046512
0.7045454545454546
0.7111111111111111
0.717391304347826
0.723404255319149
0.7291666666666666
0.6545454545454545
0.6727272727272727
0.6909090909090909
0.7090909090909091
0.7272727272727273
0.7454545454545455
0.7636363636363637
0.7818181818181819
0.8
0.8181818181818182
0.8363636363636363
0.8545454545454545
0.8727272727272727
0.8909090909090909
0.9090909090909091
0.9272727272727272
0.9454545454545454
0.9636363636363636
0.7941176470588235
0.8088235294117647
0.8235294117647058
0.8382352941176471
0.8529411764705882
0.8676470588235294
0.8823529411764706
0.8970588235294118
0.9117647058823529
0.9264705882352942
0.9411764705882353
0.9558823529411765
0.9705882352941176
0.8481012658227848
0.8607594936708861
0.8734177215189873
0.8860759493670886
0.8987341772151899
0.9113924050632911
0.9240506329113924
0.9367088607594937
0.9493670886075949
0.9620253164556962
0.7938144329896907
0.8041237113402062
0.8144329896907216
0.8247422680412371
0.8350515463917526
0.845360824742268
0.8556701030927835
0.865979381443299
0.8762886597938144
0.8865979381443299
0.8969072164948454
0.7333333333333333
0.7416666666666667
0.75
0.7520661157024794
0.7540983606557377
0.7560975609756098
0.7580645161290323
0.76
0.7619047619047619
0.7637795275590551
0.765625
0.7674418604651163
0.7692307692307693
0.7769230769230769
0.7846153846153846
0.7923076923076923
0.7938931297709924
0.7954545454545454
0.7969924812030075
0.8045112781954887
0.8120300751879699
0.8195488721804511
0.8270676691729323
0.8345864661654135
0.8421052631578947
0.849624060150376
0.8571428571428571
0.8646616541353384
0.8656716417910447
0.8666666666666667
0.8676470588235294
0.8686131386861314
0.8695652173913043
0.8175675675675675
0.8243243243243243
0.831081081081081
0.8211920529801324
0.8278145695364238
0.8344370860927153
0.8246753246753247
0.8311688311688312
0.8376623376623377
0.8125
0.81875
0.825
0.83125
0.8375
0.84375
1.0
1.0
1.0
1.0
1.0
1.0
1.0
1.0
1.0
1.0
1.0
1.0
1.0
1.0
1.0
1.0
1.0
1.0
1.0
1.0
1.0
1.0
1.0
1.0
1.0
1.0
1.0
1.0
1.0
1.0
0.41025641025641024
0.4358974358974359
0.46153846153846156
0.48717948717948717
0.5128205128205128
0.5384615384615384
0.5641025641025641
0.5897435897435898
0.6153846153846154
0.6410256410256411
0.6666666666666666
0.675
0.6829268292682927
0.6904761904761905
0.6976744186046512
0.7045454545454546
0.7111111111111111
0.717391304347826
0.723404255319149
0.7291666666666666
0.6545454545454545
0.6727272727272727
0.6909090909090909
0.7090909090909091
0.7272727272727273
0.7454545454545455
0.7636363636363637
0.7818181818181819
0.8
0.8181818181818182
0.8363636363636363
0.8545454545454545
0.8727272727272727
0.8909090909090909
0.9090909090909091
0.9272727272727272
0.9454545454545454
0.9636363636363636
0.7941176470588235
0.8088235294117647
0.8235294117647058
0.8382352941176471
0.8529411764705882
0.8676470588235294
0.8823529411764706
0.8970588235294118
0.9117647058823529
0.9264705882352942
0.9411764705882353
0.9558823529411765
0.9705882352941176
0.9436619718309859
0.9577464788732394
0.971830985915493
0.7446808510638298
0.7553191489361702
0.7659574468085106
0.7684210526315789
0.7708333333333334
0.7731958762886598
0.7755102040816326
0.7777777777777778
0.78
0.7821782178217822
0.7843137254901961
0.7864077669902912
0.7884615384615384
0.7980769230769231
0.8076923076923077
0.8173076923076923
0.819047619047619
0.8207547169811321
0.822429906542056
0.8317757009345794
0.8411214953271028
0.8504672897196262
0.8598130841121495
0.8691588785046729
0.8785046728971962
0.8878504672897196
0.897196261682243
0.9065420560747663
0.9074074074074074
0.908256880733945
0.9090909090909091
0.9099099099099099
0.9107142857142857
0.911504424778761
0.9122807017543859
0.9130434782608695
0.9137931034482759
0.9145299145299145
0.9152542372881356
0.9159663865546218
0.9166666666666666
0.9173553719008265
0.9180327868852459
0.9186991869918699
0.9193548387096774
0.92
0.9206349206349206
0.9212598425196851
0.921875
0.9224806201550387
0.9230769230769231
0.9236641221374046
0.9242424242424242
0.924812030075188
0.9253731343283582
0.9259259259259259
0.9264705882352942
0.927007299270073
0.927536231884058
0.9280575539568345
0.9285714285714286
0.8675496688741722
0.8741721854304636
0.8807947019867549
0.8535031847133758
0.8598726114649682
0.8662420382165605
0.8726114649681529
0.8789808917197452
0.8853503184713376
0.875
0.88125
0.8875
1.0
1.0
1.0
1.0
1.0
1.0
1.0
1.0
1.0
1.0
1.0
1.0
1.0
1.0
1.0
0.41025641025641024
0.4358974358974359
0.46153846153846156
0.48717948717948717
0.5128205128205128
0.5384615384615384
0.5641025641025641
0.5897435897435898
0.6153846153846154
0.6410256410256411
0.6666666666666666
0.675
0.6829268292682927
0.6904761904761905
0.6976744186046512
0.7045454545454546
0.7111111111111111
0.717391304347826
0.723404255319149
0.7291666666666666
0.6545454545454545
0.6727272727272727
0.6909090909090909
0.7090909090909091
0.7272727272727273
0.7454545454545455
0.7636363636363637
0.7818181818181819
0.8
0.8181818181818182
0.8363636363636363
0.8545454545454545
0.8727272727272727
0.8909090909090909
0.9090909090909091
0.9272727272727272
0.9454545454545454
0.9636363636363636
0.7941176470588235
0.8088235294117647
0.8235294117647058
0.8382352941176471
0.8529411764705882
0.8676470588235294
0.8823529411764706
0.8970588235294118
0.9117647058823529
0.9264705882352942
0.9411764705882353
0.9558823529411765
0.9705882352941176
0.9436619718309859
0.9577464788732394
0.971830985915493
0.7446808510638298
0.7553191489361702
0.7659574468085106
0.7684210526315789
0.7708333333333334
0.7731958762886598
0.7755102040816326
0.7777777777777778
0.78
0.7821782178217822
0.7843137254901961
0.7864077669902912
0.7884615384615384
0.7980769230769231
0.8076923076923077
0.8173076923076923
0.819047619047619
0.8207547169811321
0.822429906542056
0.8317757009345794
0.8411214953271028
0.8504672897196262
0.8598130841121495
0.8691588785046729
0.8785046728971962
0.8878504672897196
0.897196261682243
0.9065420560747663
0.9074074074074074
0.908256880733945
0.9090909090909091
0.9099099099099099
0.9107142857142857
0.911504424778761
0.9122807017543859
0.9130434782608695
0.9137931034482759
0.9145299145299145
0.9152542372881356
0.9159663865546218
0.9166666666666666
0.9173553719008265
0.9180327868852459
0.9186991869918699
0.9193548387096774
0.92
0.9206349206349206
0.9212598425196851
0.921875
0.9224806201550387
0.9230769230769231
0.9236641221374046
0.9242424242424242
0.924812030075188
0.9253731343283582
0.9259259259259259
0.9264705882352942
0.927007299270073
0.927536231884058
0.9280575539568345
0.9285714285714286
0.8675496688741722
0.8741721854304636
0.8807947019867549
0.8701298701298701
0.8766233766233766
0.8831168831168831
0.85625
0.8625
0.86875
0.875
0.88125
0.8875
1.0
1.0
1.0
1.0
1.0
1.0
1.0
1.0
1.0
1.0
1.0
1.0
1.0
1.0
1.0
0.41025641025641024
0.4358974358974359
0.46153846153846156
0.48717948717948717
0.5128205128205128
0.5384615384615384
0.5641025641025641
0.5897435897435898
0.6153846153846154
0.6410256410256411
0.6666666666666666
0.675
0.6829268292682927
0.6904761904761905
0.6976744186046512
0.7045454545454546
0.7111111111111111
0.717391304347826
0.723404255319149
0.7291666666666666
0.6545454545454545
0.6727272727272727
0.6909090909090909
0.7090909090909091
0.7272727272727273
0.7454545454545455
0.7636363636363637
0.7818181818181819
0.8
0.8181818181818182
0.8363636363636363
0.8545454545454545
0.8727272727272727
0.8909090909090909
0.9090909090909091
0.9272727272727272
0.9454545454545454
0.9636363636363636
0.7941176470588235
0.8088235294117647
0.8235294117647058
0.8382352941176471
0.8529411764705882
0.8676470588235294
0.8823529411764706
0.8970588235294118
0.9117647058823529
0.9264705882352942
0.9411764705882353
0.9558823529411765
0.9705882352941176
0.9436619718309859
0.9577464788732394
0.971830985915493
0.7865168539325843
0.797752808988764
0.8
0.8021978021978022
0.8043478260869565
0.8152173913043478
0.8260869565217391
0.8369565217391305
0.8478260869565217
0.8586956521739131
0.8695652173913043
0.8804347826086957
0.8913043478260869
0.9021739130434783
0.9032258064516129
0.9042553191489362
0.9052631578947369
0.90625
0.9072164948453608
0.9081632653061225
0.9090909090909091
0.7982456140350878
0.8070175438596491
0.8157894736842105
0.8245614035087719
0.8333333333333334
0.8421052631578947
0.8508771929824561
0.8596491228070176
0.7226277372262774
0.7299270072992701
0.7372262773722628
0.7391304347826086
0.7410071942446043
0.7428571428571429
0.7446808510638298
0.7464788732394366
0.7482517482517482
0.75
0.7517241379310344
0.7534246575342466
0.7551020408163265
0.7619047619047619
0.7687074829931972
0.7755102040816326
0.782312925170068
0.7891156462585034
0.7959183673469388
0.8027210884353742
0.8095238095238095
0.8163265306122449
0.8231292517006803
0.8299319727891157
0.8367346938775511
0.8211920529801324
0.8278145695364238
0.8344370860927153
0.8246753246753247
0.8311688311688312
0.8376623376623377
0.8125
0.81875
0.825
0.83125
0.8375
0.84375
1.0
1.0
1.0
1.0
1.0
1.0
1.0
1.0
1.0
1.0
1.0
1.0
1.0
1.0
1.0
0.41025641025641024
0.4358974358974359
0.46153846153846156
0.48717948717948717
0.5128205128205128
0.5384615384615384
0.5641025641025641
0.5897435897435898
0.6153846153846154
0.6410256410256411
0.6666666666666666
0.675
0.6829268292682927
0.6904761904761905
0.6976744186046512
0.7045454545454546
0.7111111111111111
0.717391304347826
0.723404255319149
0.7291666666666666
0.6545454545454545
0.6727272727272727
0.6909090909090909
0.7090909090909091
0.7272727272727273
0.7454545454545455
0.7636363636363637
0.7818181818181819
0.8
0.8181818181818182
0.8363636363636363
0.8545454545454545
0.8727272727272727
0.8909090909090909
0.9090909090909091
0.9272727272727272
0.9454545454545454
0.9636363636363636
0.7941176470588235
0.8088235294117647
0.8235294117647058
0.8382352941176471
0.8529411764705882
0.8676470588235294
0.8823529411764706
0.8970588235294118
0.9117647058823529
0.9264705882352942
0.9411764705882353
0.9558823529411765
0.9705882352941176
0.8481012658227848
0.8607594936708861
0.8734177215189873
0.8860759493670886
0.8987341772151899
0.9113924050632911
0.9240506329113924
0.9367088607594937
0.9493670886075949
0.9620253164556962
0.8191489361702128
0.8297872340425532
0.8404255319148937
0.851063829787234
0.8617021276595744
0.8723404255319149
0.8829787234042553
0.8936170212765957
0.8947368421052632
0.8958333333333334
0.8969072164948454
0.8979591836734694
0.9081632653061225
0.9183673469387755
0.9285714285714286
0.9387755102040817
0.9489795918367347
0.9591836734693877
0.9693877551020408
0.9696969696969697
0.97
0.9702970297029703
0.9705882352941176
0.970873786407767
0.9711538461538461
0.9714285714285714
0.9537037037037037
0.9629629629629629
0.9722222222222222
0.7681159420289855
0.7753623188405797
0.782608695652174
0.7841726618705036
0.7857142857142857
0.7872340425531915
0.7887323943661971
0.7902097902097902
0.7916666666666666
0.7931034482758621
0.7945205479452054
0.7959183673469388
0.7972972972972973
0.8040540540540541
0.8108108108108109
0.8175675675675675
0.8243243243243243
0.831081081081081
0.8378378378378378
0.8445945945945946
0.8513513513513513
0.8581081081081081
0.8648648648648649
0.8716216216216216
0.8783783783783784
0.8506493506493507
0.8571428571428571
0.8636363636363636
0.8701298701298701
0.8766233766233766
0.8831168831168831
0.8726114649681529
0.8789808917197452
0.8853503184713376
0.875
0.88125
0.8875
