1.0
1.0
1.0
1.0
1.0
1.0
1.0
1.0
1.0
1.0
1.0
1.0
0.2
0.2153846153846154
0.23076923076923078
0.24615384615384617
0.26153846153846155
0.27692307692307694
0.2923076923076923
0.3076923076923077
0.3230769230769231
0.3384615384615385
0.35384615384615387
0.36923076923076925
0.38461538461538464
0.4
0.4090909090909091
0.417910447761194
0.4264705882352941
0.4411764705882353
0.45588235294117646
0.463768115942029
0.4714285714285714
0.4788732394366197
0.49295774647887325
0.5070422535211268
0.5138888888888888
0.5205479452054794
0.527027027027027
0.5405405405405406
0.5540540540540541
0.56
0.5657894736842105
0.5714285714285714
0.5844155844155844
0.5974025974025974
0.6025641025641025
0.6153846153846154
0.6282051282051282
0.6329113924050633
0.6375
0.6419753086419753
0.654320987654321
0.6666666666666666
0.6707317073170732
0.6829268292682927
0.6951219512195121
0.7073170731707317
0.7195121951219512
0.7317073170731707
0.7439024390243902
0.7560975609756098
0.7682926829268293
0.7804878048780488
0.7926829268292683
0.8048780487804879
0.8170731707317073
0.8292682926829268
0.8414634146341463
0.8536585365853658
0.8658536585365854
0.8674698795180723
0.8795180722891566
0.891566265060241
0.9036144578313253
0.9156626506024096
0.927710843373494
1.0
1.0
1.0
1.0
1.0
1.0
1.0
1.0
1.0
1.0
1.0
1.0
0.2
0.2153846153846154
0.23076923076923078
0.24615384615384617
0.26153846153846155
0.27692307692307694
0.2923076923076923
0.3076923076923077
0.3230769230769231
0.3384615384615385
0.35384615384615387
0.36923076923076925
0.38461538461538464
0.4
0.4090909090909091
0.417910447761194
0.4264705882352941
0.4411764705882353
0.45588235294117646
0.463768115942029
0.4714285714285714
0.4788732394366197
0.49295774647887325
0.5070422535211268
0.5138888888888888
0.5205479452054794
0.527027027027027
0.5405405405405406
0.5540540540540541
0.56
0.5657894736842105
0.5714285714285714
0.5844155844155844
0.5974025974025974
0.6025641025641025
0.6153846153846154
0.6282051282051282
0.6329113924050633
0.6375
0.6419753086419753
0.654320987654321
0.6666666666666666
0.6707317073170732
0.6829268292682927
0.6951219512195121
0.7073170731707317
0.7195121951219512
0.7317073170731707
0.7439024390243902
0.7560975609756098
0.7682926829268293
0.7804878048780488
0.7926829268292683
0.8048780487804879
0.8170731707317073
0.8292682926829268
0.8414634146341463
0.8536585365853658
0.8658536585365854
0.8674698795180723
0.8795180722891566
0.891566265060241
0.9036144578313253
0.9156626506024096
0.927710843373494
1.0
1.0
1.0
1.0
1.0
1.0
1.0
1.0
1.0
1.0
1.0
1.0
1.0
1.0
1.0
1.0
1.0
1.0
1.0
1.0
1.0
1.0
1.0
1.0
0.2
0.2153846153846154
0.23076923076923078
0.24615384615384617
0.26153846153846155
0.27692307692307694
0.2923076923076923
0.3076923076923077
0.3230769230769231
0.3384615384615385
0.35384615384615387
0.36923076923076925
0.38461538461538464
0.4
0.4090909090909091
0.417910447761194
0.4264705882352941
0.4411764705882353
0.45588235294117646
0.463768115942029
0.4714285714285714
0.4788732394366197
0.49295774647887325
0.5070422535211268
0.5138888888888888
0.5205479452054794
0.527027027027027
0.5405405405405406
0.5540540540540541
0.56
0.5657894736842105
0.5714285714285714
0.5844155844155844
0.5974025974025974
0.6025641025641025
0.6153846153846154
0.6282051282051282
0.6329113924050633
0.6375
0.6419753086419753
0.654320987654321
0.6666666666666666
0.6707317073170732
0.6829268292682927
0.6951219512195121
0.7073170731707317
0.7195121951219512
0.7317073170731707
0.7439024390243902
0.7560975609756098
0.7682926829268293
0.7804878048780488
0.7926829268292683
0.8048780487804879
0.8170731707317073
0.8292682926829268
0.8414634146341463
0.8536585365853658
0.8658536585365854
0.8674698795180723
0.8795180722891566
0.891566265060241
0.9036144578313253
0.9156626506024096
0.927710843373494
1.0
1.0
1.0
1.0
1.0
1.0
1.0
1.0
1.0
1.0
1.0
1.0
0.2
0.2153846153846154
0.23076923076923078
0.24615384615384617
0.26153846153846155
0.27692307692307694
0.2923076923076923
0.3076923076923077
0.3230769230769231
0.3384615384615385
0.35384615384615387
0.36923076923076925
0.38461538461538464
0.4
0.4090909090909091
0.417910447761194
0.4264705882352941
0.4411764705882353
0.45588235294117646
0.463768115942029
0.4714285714285714
0.4788732394366197
0.49295774647887325
0.5070422535211268
0.5138888888888888
0.5205479452054794
0.527027027027027
0.5405405405405406
0.5540540540540541
0.56
0.5657894736842105
0.5714285714285714
0.5844155844155844
0.5974025974025974
0.6025641025641025
0.6153846153846154
0.6282051282051282
0.6329113924050633
0.6375
0.6419753086419753
0.654320987654321
0.6666666666666666
0.6707317073170732
0.6829268292682927
0.6951219512195121
0.7073170731707317
0.7195121951219512
0.7317073170731707
0.7439024390243902
0.7560975609756098
0.7682926829268293
0.7804878048780488
0.7926829268292683
0.8048780487804879
0.8170731707317073
0.8292682926829268
0.8414634146341463
0.8536585365853658
0.8658536585365854
0.8674698795180723
0.8795180722891566
0.891566265060241
0.9036144578313253
0.9156626506024096
0.927710843373494
1.0
1.0
1.0
1.0
1.0
1.0
1.0
1.0
1.0
1.0
1.0
1.0
0.2
0.2153846153846154
0.23076923076923078
0.24615384615384617
0.26153846153846155
0.27692307692307694
0.2923076923076923
0.3076923076923077
0.3230769230769231
0.3384615384615385
0.35384615384615387
0.36923076923076925
0.38461538461538464
0.4
0.4090909090909091
0.417910447761194
0.4264705882352941
0.4411764705882353
0.45588235294117646
0.463768115942029
0.4714285714285714
0.4788732394366197
0.49295774647887325
0.5070422535211268
0.5138888888888888
0.5205479452054794
0.527027027027027
0.5405405405405406
0.5540540540540541
0.56
0.5657894736842105
0.5714285714285714
0.5844155844155844
0.5974025974025974
0.6025641025641025
0.6153846153846154
0.6282051282051282
0.6329113924050633
0.6375
0.6419753086419753
0.654320987654321
0.6666666666666666
0.6707317073170732
0.6829268292682927
0.6951219512195121
0.7073170731707317
0.7195121951219512
0.7317073170731707
0.7439024390243902
0.7560975609756098
0.7682926829268293
0.7804878048780488
0.7926829268292683
0.8048780487804879
0.8170731707317073
0.8292682926829268
0.8414634146341463
0.8536585365853658
0.8658536585365854
0.8674698795180723
0.8795180722891566
0.891566265060241
0.9036144578313253
0.9156626506024096
0.927710843373494
1.0
1.0
1.0
1.0
1.0
1.0
1.0
1.0
1.0
1.0
1.0
1.0
0.2
0.2153846153846154
0.23076923076923078
0.24615384615384617
0.26153846153846155
0.27692307692307694
0.2923076923076923
0.3076923076923077
0.3230769230769231
0.3384615384615385
0.35384615384615387
0.36923076923076925
0.38461538461538464
0.4
0.4090909090909091
0.417910447761194
0.4264705882352941
0.4411764705882353
0.45588235294117646
0.463768115942029
0.4714285714285714
0.4788732394366197
0.49295774647887325
0.5070422535211268
0.5138888888888888
0.5205479452054794
0.527027027027027
0.5405405405405406
0.5540540540540541
0.56
0.5657894736842105
0.5714285714285714
0.5844155844155844
0.5974025974025974
0.6025641025641025
0.6153846153846154
0.6282051282051282
0.6329113924050633
0.6375
0.6419753086419753
0.654320987654321
0.6666666666666666
0.6707317073170732
0.6829268292682927
0.6951219512195121
0.7073170731707317
0.7195121951219512
0.7317073170731707
0.7439024390243902
0.7560975609756098
0.7682926829268293
0.7804878048780488
0.7926829268292683
0.8048780487804879
0.8170731707317073
0.8292682926829268
0.8414634146341463
0.8536585365853658
0.8658536585365854
0.8674698795180723
0.8795180722891566
0.891566265060241
0.9036144578313253
0.9156626506024096
0.927710843373494
