1.0
1.0
1.0
1.0
1.0
1.0
1.0
1.0
1.0
1.0
1.0
1.0
1.0
1.0
0.8333333333333334
0.8421052631578947
0.85
0.8571428571428571
0.8636363636363636
0.8695652173913043
0.875
1.0
1.0
1.0
1.0
1.0
1.0
1.0
1.0
1.0
1.0
1.0
1.0
1.0
1.0
0.8333333333333334
0.8421052631578947
0.85
0.8571428571428571
0.8636363636363636
0.8695652173913043
0.875
1.0
1.0
1.0
1.0
1.0
1.0
1.0
1.0
1.0
1.0
1.0
1.0
1.0
1.0
1.0
1.0
1.0
1.0
1.0
1.0
1.0
1.0
1.0
1.0
1.0
1.0
1.0
1.0
0.8333333333333334
0.8421052631578947
0.85
0.8571428571428571
0.8636363636363636
0.8695652173913043
0.875
1.0
1.0
1.0
1.0
1.0
1.0
1.0
1.0
1.0
1.0
1.0
1.0
1.0
1.0
0.8333333333333334
0.8421052631578947
0.85
0.8571428571428571
0.8636363636363636
0.8695652173913043
0.875
1.0
1.0
1.0
1.0
1.0
1.0
1.0
1.0
1.0
1.0
1.0
1.0
1.0
1.0
0.8333333333333334
0.8421052631578947
0.85
0.8571428571428571
0.8636363636363636
0.8695652173913043
0.875
1.0
1.0
1.0
1.0
1.0
1.0
1.0
1.0
1.0
1.0
1.0
1.0
1.0
1.0
0.8333333333333334
0.8421052631578947
0.85
0.8571428571428571
0.8636363636363636
0.8695652173913043
0.875
