1.0
1.0
1.0
1.0
1.0
1.0
1.0
1.0
1.0
1.0
1.0
1.0
1.0
1.0
1.0
1.0
0.5483870967741935
0.5625
0.5757575757575758
0.5882352941176471
0.6
0.6111111111111112
0.45098039215686275
0.46153846153846156
0.4716981132075472
0.48148148148148145
0.4909090909090909
0.5
0.5087719298245614
0.5172413793103449
0.5254237288135594
0.5333333333333333
0.5409836065573771
0.5483870967741935
0.5645161290322581
0.5806451612903226
0.5967741935483871
0.6031746031746031
0.609375
0.6153846153846154
0.6212121212121212
0.6268656716417911
0.6323529411764706
0.6376811594202898
0.6428571428571429
0.647887323943662
0.6619718309859155
0.676056338028169
0.6805555555555556
0.684931506849315
0.6891891891891891
0.6933333333333334
0.6973684210526315
0.7012987012987013
0.7051282051282052
0.7088607594936709
0.7125
0.7160493827160493
0.7195121951219512
0.7228915662650602
0.7261904761904762
0.7294117647058823
0.7325581395348837
0.735632183908046
0.7386363636363636
0.7415730337078652
0.7444444444444445
0.7472527472527473
0.7582417582417582
0.7692307692307693
0.7802197802197802
0.7912087912087912
0.8021978021978022
0.8131868131868132
0.8241758241758241
0.8351648351648352
0.8461538461538461
0.8571428571428571
0.8681318681318682
0.8791208791208791
0.8804347826086957
0.8817204301075269
0.8829787234042553
0.8842105263157894
0.8854166666666666
0.8865979381443299
0.8877551020408163
0.8888888888888888
0.89
0.8910891089108911
0.8921568627450981
0.8932038834951457
0.8942307692307693
0.8952380952380953
0.8962264150943396
0.897196261682243
0.8981481481481481
0.8990825688073395
0.9
0.9009009009009009
0.9017857142857143
1.0
1.0
1.0
1.0
1.0
1.0
1.0
1.0
1.0
1.0
1.0
1.0
1.0
1.0
1.0
1.0
0.5483870967741935
0.5625
0.5757575757575758
0.5882352941176471
0.6
0.6111111111111112
0.45098039215686275
0.46153846153846156
0.4716981132075472
0.48148148148148145
0.4909090909090909
0.5
0.5087719298245614
0.5172413793103449
0.5254237288135594
0.5333333333333333
0.5409836065573771
0.5483870967741935
0.5645161290322581
0.5806451612903226
0.5967741935483871
0.6031746031746031
0.609375
0.6153846153846154
0.6212121212121212
0.6268656716417911
0.6323529411764706
0.6376811594202898
0.6428571428571429
0.647887323943662
0.6619718309859155
0.676056338028169
0.6805555555555556
0.684931506849315
0.6891891891891891
0.6933333333333334
0.6973684210526315
0.7012987012987013
0.7051282051282052
0.7088607594936709
0.7125
0.7160493827160493
0.7195121951219512
0.7228915662650602
0.7261904761904762
0.7294117647058823
0.7325581395348837
0.735632183908046
0.7386363636363636
0.7415730337078652
0.7444444444444445
0.7472527472527473
0.7582417582417582
0.7692307692307693
0.7802197802197802
0.7912087912087912
0.8021978021978022
0.8131868131868132
0.8241758241758241
0.8351648351648352
0.8461538461538461
0.8571428571428571
0.8681318681318682
0.8791208791208791
0.8804347826086957
0.8817204301075269
0.8829787234042553
0.8842105263157894
0.8854166666666666
0.8865979381443299
0.8877551020408163
0.8888888888888888
0.89
0.8910891089108911
0.8921568627450981
0.8932038834951457
0.8942307692307693
0.8952380952380953
0.8962264150943396
0.897196261682243
0.8981481481481481
0.8990825688073395
0.9
0.9009009009009009
0.9017857142857143
1.0
1.0
1.0
1.0
1.0
1.0
1.0
1.0
1.0
1.0
1.0
1.0
1.0
1.0
1.0
1.0
0.5483870967741935
0.5625
0.5757575757575758
0.5882352941176471
0.6
0.6111111111111112
0.45098039215686275
0.46153846153846156
0.4716981132075472
0.48148148148148145
0.4909090909090909
0.5
0.5087719298245614
0.5172413793103449
0.5254237288135594
0.5333333333333333
0.5409836065573771
0.5483870967741935
0.5645161290322581
0.5806451612903226
0.5967741935483871
0.6031746031746031
0.609375
0.6153846153846154
0.6212121212121212
0.6268656716417911
0.6323529411764706
0.6376811594202898
0.6428571428571429
0.647887323943662
0.6619718309859155
0.676056338028169
0.6805555555555556
0.684931506849315
0.6891891891891891
0.6933333333333334
0.6973684210526315
0.7012987012987013
0.7051282051282052
0.7088607594936709
0.7125
0.7160493827160493
0.7195121951219512
0.7228915662650602
0.7261904761904762
0.7294117647058823
0.7325581395348837
0.735632183908046
0.7386363636363636
0.7415730337078652
0.7444444444444445
0.7472527472527473
0.7582417582417582
0.7692307692307693
0.7802197802197802
0.7912087912087912
0.8021978021978022
0.8131868131868132
0.8241758241758241
0.8351648351648352
0.8461538461538461
0.8571428571428571
0.8681318681318682
0.8791208791208791
0.8804347826086957
0.8817204301075269
0.8829787234042553
0.8842105263157894
0.8854166666666666
0.8865979381443299
0.8877551020408163
0.8888888888888888
0.89
0.8910891089108911
0.8921568627450981
0.8932038834951457
0.8942307692307693
0.8952380952380953
0.8962264150943396
0.897196261682243
0.8981481481481481
0.8990825688073395
0.9
0.9009009009009009
0.9017857142857143
1.0
1.0
1.0
1.0
1.0
1.0
1.0
1.0
1.0
1.0
1.0
1.0
1.0
1.0
1.0
1.0
0.5483870967741935
0.5625
0.5757575757575758
0.5882352941176471
0.6
0.6111111111111112
0.45098039215686275
0.46153846153846156
0.4716981132075472
0.48148148148148145
0.4909090909090909
0.5
0.5087719298245614
0.5172413793103449
0.5254237288135594
0.5333333333333333
0.5409836065573771
0.5483870967741935
0.5645161290322581
0.5806451612903226
0.5967741935483871
0.6031746031746031
0.609375
0.6153846153846154
0.6212121212121212
0.6268656716417911
0.6323529411764706
0.6376811594202898
0.6428571428571429
0.647887323943662
0.6619718309859155
0.676056338028169
0.6805555555555556
0.684931506849315
0.6891891891891891
0.6933333333333334
0.6973684210526315
0.7012987012987013
0.7051282051282052
0.7088607594936709
0.7125
0.7160493827160493
0.7195121951219512
0.7228915662650602
0.7261904761904762
0.7294117647058823
0.7325581395348837
0.735632183908046
0.7386363636363636
0.7415730337078652
0.7444444444444445
0.7472527472527473
0.7582417582417582
0.7692307692307693
0.7802197802197802
0.7912087912087912
0.8021978021978022
0.8131868131868132
0.8241758241758241
0.8351648351648352
0.8461538461538461
0.8571428571428571
0.8681318681318682
0.8791208791208791
0.8804347826086957
0.8817204301075269
0.8829787234042553
0.8842105263157894
0.8854166666666666
0.8865979381443299
0.8877551020408163
0.8888888888888888
0.89
0.8910891089108911
0.8921568627450981
0.8932038834951457
0.8942307692307693
0.8952380952380953
0.8962264150943396
0.897196261682243
0.8981481481481481
0.8990825688073395
0.9
0.9009009009009009
0.9017857142857143
1.0
1.0
1.0
1.0
1.0
1.0
1.0
1.0
1.0
1.0
1.0
1.0
1.0
1.0
1.0
1.0
1.0
1.0
1.0
1.0
1.0
1.0
1.0
1.0
1.0
1.0
1.0
1.0
1.0
1.0
1.0
1.0
1.0
1.0
1.0
1.0
1.0
1.0
1.0
1.0
1.0
1.0
1.0
1.0
1.0
1.0
1.0
1.0
1.0
1.0
1.0
1.0
1.0
1.0
1.0
1.0
1.0
1.0
1.0
1.0
1.0
1.0
1.0
1.0
1.0
1.0
1.0
1.0
1.0
1.0
1.0
1.0
1.0
1.0
1.0
1.0
1.0
1.0
1.0
1.0
1.0
1.0
1.0
1.0
1.0
1.0
1.0
1.0
1.0
1.0
1.0
1.0
1.0
1.0
1.0
1.0
1.0
1.0
1.0
1.0
1.0
1.0
1.0
1.0
1.0
1.0
1.0
1.0
1.0
1.0
1.0
1.0
1.0
1.0
1.0
1.0
1.0
0.5483870967741935
0.5625
0.5757575757575758
0.5882352941176471
0.6
0.6111111111111112
0.45098039215686275
0.46153846153846156
0.4716981132075472
0.48148148148148145
0.4909090909090909
0.5
0.5087719298245614
0.5172413793103449
0.5254237288135594
0.5333333333333333
0.5409836065573771
0.5483870967741935
0.5645161290322581
0.5806451612903226
0.5967741935483871
0.6031746031746031
0.609375
0.6153846153846154
0.6212121212121212
0.6268656716417911
0.6323529411764706
0.6376811594202898
0.6428571428571429
0.647887323943662
0.6619718309859155
0.676056338028169
0.6805555555555556
0.684931506849315
0.6891891891891891
0.6933333333333334
0.6973684210526315
0.7012987012987013
0.7051282051282052
0.7088607594936709
0.7125
0.7160493827160493
0.7195121951219512
0.7228915662650602
0.7261904761904762
0.7294117647058823
0.7325581395348837
0.735632183908046
0.7386363636363636
0.7415730337078652
0.7444444444444445
0.7472527472527473
0.7582417582417582
0.7692307692307693
0.7802197802197802
0.7912087912087912
0.8021978021978022
0.8131868131868132
0.8241758241758241
0.8351648351648352
0.8461538461538461
0.8571428571428571
0.8681318681318682
0.8791208791208791
0.8804347826086957
0.8817204301075269
0.8829787234042553
0.8842105263157894
0.8854166666666666
0.8865979381443299
0.8877551020408163
0.8888888888888888
0.89
0.8910891089108911
0.8921568627450981
0.8932038834951457
0.8942307692307693
0.8952380952380953
0.8962264150943396
0.897196261682243
0.8981481481481481
0.8990825688073395
0.9
0.9009009009009009
0.9017857142857143
1.0
1.0
1.0
1.0
1.0
1.0
1.0
1.0
1.0
1.0
1.0
1.0
1.0
1.0
1.0
1.0
1.0
1.0
1.0
1.0
1.0
1.0
1.0
1.0
1.0
1.0
1.0
1.0
1.0
1.0
1.0
1.0
1.0
1.0
1.0
1.0
1.0
1.0
1.0
1.0
1.0
1.0
1.0
1.0
1.0
1.0
1.0
1.0
1.0
1.0
1.0
1.0
1.0
1.0
1.0
1.0
1.0
1.0
1.0
1.0
1.0
1.0
1.0
1.0
1.0
1.0
1.0
1.0
1.0
1.0
1.0
1.0
1.0
1.0
1.0
1.0
1.0
1.0
1.0
1.0
1.0
1.0
1.0
1.0
1.0
1.0
1.0
1.0
1.0
1.0
1.0
1.0
1.0
1.0
1.0
1.0
1.0
1.0
1.0
1.0
1.0
1.0
1.0
1.0
1.0
1.0
1.0
1.0
1.0
1.0
1.0
1.0
1.0
1.0
1.0
1.0
1.0
0.5483870967741935
0.5625
0.5757575757575758
0.5882352941176471
0.6
0.6111111111111112
0.45098039215686275
0.46153846153846156
0.4716981132075472
0.48148148148148145
0.4909090909090909
0.5
0.5087719298245614
0.5172413793103449
0.5254237288135594
0.5333333333333333
0.5409836065573771
0.5483870967741935
0.5645161290322581
0.5806451612903226
0.5967741935483871
0.6031746031746031
0.609375
0.6153846153846154
0.6212121212121212
0.6268656716417911
0.6323529411764706
0.6376811594202898
0.6428571428571429
0.647887323943662
0.6619718309859155
0.676056338028169
0.6805555555555556
0.684931506849315
0.6891891891891891
0.6933333333333334
0.6973684210526315
0.7012987012987013
0.7051282051282052
0.7088607594936709
0.7125
0.7160493827160493
0.7195121951219512
0.7228915662650602
0.7261904761904762
0.7294117647058823
0.7325581395348837
0.735632183908046
0.7386363636363636
0.7415730337078652
0.7444444444444445
0.7472527472527473
0.7582417582417582
0.7692307692307693
0.7802197802197802
0.7912087912087912
0.8021978021978022
0.8131868131868132
0.8241758241758241
0.8351648351648352
0.8461538461538461
0.8571428571428571
0.8681318681318682
0.8791208791208791
0.8804347826086957
0.8817204301075269
0.8829787234042553
0.8842105263157894
0.8854166666666666
0.8865979381443299
0.8877551020408163
0.8888888888888888
0.89
0.8910891089108911
0.8921568627450981
0.8932038834951457
0.8942307692307693
0.8952380952380953
0.8962264150943396
0.897196261682243
0.8981481481481481
0.8990825688073395
0.9
0.9009009009009009
0.9017857142857143
1.0
1.0
1.0
1.0
1.0
1.0
1.0
1.0
1.0
1.0
1.0
1.0
1.0
1.0
1.0
1.0
0.5483870967741935
0.5625
0.5757575757575758
0.5882352941176471
0.6
0.6111111111111112
0.45098039215686275
0.46153846153846156
0.4716981132075472
0.48148148148148145
0.4909090909090909
0.5
0.5087719298245614
0.5172413793103449
0.5254237288135594
0.5333333333333333
0.5409836065573771
0.5483870967741935
0.5645161290322581
0.5806451612903226
0.5967741935483871
0.6031746031746031
0.609375
0.6153846153846154
0.6212121212121212
0.6268656716417911
0.6323529411764706
0.6376811594202898
0.6428571428571429
0.647887323943662
0.6619718309859155
0.676056338028169
0.6805555555555556
0.684931506849315
0.6891891891891891
0.6933333333333334
0.6973684210526315
0.7012987012987013
0.7051282051282052
0.7088607594936709
0.7125
0.7160493827160493
0.7195121951219512
0.7228915662650602
0.7261904761904762
0.7294117647058823
0.7325581395348837
0.735632183908046
0.7386363636363636
0.7415730337078652
0.7444444444444445
0.7472527472527473
0.7582417582417582
0.7692307692307693
0.7802197802197802
0.7912087912087912
0.8021978021978022
0.8131868131868132
0.8241758241758241
0.8351648351648352
0.8461538461538461
0.8571428571428571
0.8681318681318682
0.8791208791208791
0.8804347826086957
0.8817204301075269
0.8829787234042553
0.8842105263157894
0.8854166666666666
0.8865979381443299
0.8877551020408163
0.8888888888888888
0.89
0.8910891089108911
0.8921568627450981
0.8932038834951457
0.8942307692307693
0.8952380952380953
0.8962264150943396
0.897196261682243
0.8981481481481481
0.8990825688073395
0.9
0.9009009009009009
0.9017857142857143
1.0
1.0
1.0
1.0
1.0
1.0
1.0
1.0
1.0
1.0
1.0
1.0
1.0
1.0
1.0
1.0
0.5483870967741935
0.5625
0.5757575757575758
0.5882352941176471
0.6
0.6111111111111112
0.45098039215686275
0.46153846153846156
0.4716981132075472
0.48148148148148145
0.4909090909090909
0.5
0.5087719298245614
0.5172413793103449
0.5254237288135594
0.5333333333333333
0.5409836065573771
0.5483870967741935
0.5645161290322581
0.5806451612903226
0.5967741935483871
0.6031746031746031
0.609375
0.6153846153846154
0.6212121212121212
0.6268656716417911
0.6323529411764706
0.6376811594202898
0.6428571428571429
0.647887323943662
0.6619718309859155
0.676056338028169
0.6805555555555556
0.684931506849315
0.6891891891891891
0.6933333333333334
0.6973684210526315
0.7012987012987013
0.7051282051282052
0.7088607594936709
0.7125
0.7160493827160493
0.7195121951219512
0.7228915662650602
0.7261904761904762
0.7294117647058823
0.7325581395348837
0.735632183908046
0.7386363636363636
0.7415730337078652
0.7444444444444445
0.7472527472527473
0.7582417582417582
0.7692307692307693
0.7802197802197802
0.7912087912087912
0.8021978021978022
0.8131868131868132
0.8241758241758241
0.8351648351648352
0.8461538461538461
0.8571428571428571
0.8681318681318682
0.8791208791208791
0.8804347826086957
0.8817204301075269
0.8829787234042553
0.8842105263157894
0.8854166666666666
0.8865979381443299
0.8877551020408163
0.8888888888888888
0.89
0.8910891089108911
0.8921568627450981
0.8932038834951457
0.8942307692307693
0.8952380952380953
0.8962264150943396
0.897196261682243
0.8981481481481481
0.8990825688073395
0.9
0.9009009009009009
0.9017857142857143
1.0
1.0
1.0
1.0
1.0
1.0
1.0
1.0
1.0
1.0
1.0
1.0
1.0
1.0
1.0
1.0
0.5483870967741935
0.5625
0.5757575757575758
0.5882352941176471
0.6
0.6111111111111112
0.45098039215686275
0.46153846153846156
0.4716981132075472
0.48148148148148145
0.4909090909090909
0.5
0.5087719298245614
0.5172413793103449
0.5254237288135594
0.5333333333333333
0.5409836065573771
0.5483870967741935
0.5645161290322581
0.5806451612903226
0.5967741935483871
0.6031746031746031
0.609375
0.6153846153846154
0.6212121212121212
0.6268656716417911
0.6323529411764706
0.6376811594202898
0.6428571428571429
0.647887323943662
0.6619718309859155
0.676056338028169
0.6805555555555556
0.684931506849315
0.6891891891891891
0.6933333333333334
0.6973684210526315
0.7012987012987013
0.7051282051282052
0.7088607594936709
0.7125
0.7160493827160493
0.7195121951219512
0.7228915662650602
0.7261904761904762
0.7294117647058823
0.7325581395348837
0.735632183908046
0.7386363636363636
0.7415730337078652
0.7444444444444445
0.7472527472527473
0.7582417582417582
0.7692307692307693
0.7802197802197802
0.7912087912087912
0.8021978021978022
0.8131868131868132
0.8241758241758241
0.8351648351648352
0.8461538461538461
0.8571428571428571
0.8681318681318682
0.8791208791208791
0.8804347826086957
0.8817204301075269
0.8829787234042553
0.8842105263157894
0.8854166666666666
0.8865979381443299
0.8877551020408163
0.8888888888888888
0.89
0.8910891089108911
0.8921568627450981
0.8932038834951457
0.8942307692307693
0.8952380952380953
0.8962264150943396
0.897196261682243
0.8981481481481481
0.8990825688073395
0.9
0.9009009009009009
0.9017857142857143
1.0
1.0
1.0
1.0
1.0
1.0
1.0
1.0
1.0
1.0
1.0
1.0
1.0
1.0
1.0
1.0
0.5483870967741935
0.5625
0.5757575757575758
0.5882352941176471
0.6
0.6111111111111112
0.45098039215686275
0.46153846153846156
0.4716981132075472
0.48148148148148145
0.4909090909090909
0.5
0.5087719298245614
0.5172413793103449
0.5254237288135594
0.5333333333333333
0.5409836065573771
0.5483870967741935
0.5645161290322581
0.5806451612903226
0.5967741935483871
0.6031746031746031
0.609375
0.6153846153846154
0.6212121212121212
0.6268656716417911
0.6323529411764706
0.6376811594202898
0.6428571428571429
0.647887323943662
0.6619718309859155
0.676056338028169
0.6805555555555556
0.684931506849315
0.6891891891891891
0.6933333333333334
0.6973684210526315
0.7012987012987013
0.7051282051282052
0.7088607594936709
0.7125
0.7160493827160493
0.7195121951219512
0.7228915662650602
0.7261904761904762
0.7294117647058823
0.7325581395348837
0.735632183908046
0.7386363636363636
0.7415730337078652
0.7444444444444445
0.7472527472527473
0.7582417582417582
0.7692307692307693
0.7802197802197802
0.7912087912087912
0.8021978021978022
0.8131868131868132
0.8241758241758241
0.8351648351648352
0.8461538461538461
0.8571428571428571
0.8681318681318682
0.8791208791208791
0.8804347826086957
0.8817204301075269
0.8829787234042553
0.8842105263157894
0.8854166666666666
0.8865979381443299
0.8877551020408163
0.8888888888888888
0.89
0.8910891089108911
0.8921568627450981
0.8932038834951457
0.8942307692307693
0.8952380952380953
0.8962264150943396
0.897196261682243
0.8981481481481481
0.8990825688073395
0.9
0.9009009009009009
0.9017857142857143
1.0
1.0
1.0
1.0
1.0
1.0
1.0
1.0
1.0
1.0
1.0
1.0
1.0
1.0
1.0
1.0
0.5483870967741935
0.5625
0.5757575757575758
0.5882352941176471
0.6
0.6111111111111112
0.45098039215686275
0.46153846153846156
0.4716981132075472
0.48148148148148145
0.4909090909090909
0.5
0.5087719298245614
0.5172413793103449
0.5254237288135594
0.5333333333333333
0.5409836065573771
0.5483870967741935
0.5645161290322581
0.5806451612903226
0.5967741935483871
0.6031746031746031
0.609375
0.6153846153846154
0.6212121212121212
0.6268656716417911
0.6323529411764706
0.6376811594202898
0.6428571428571429
0.647887323943662
0.6619718309859155
0.676056338028169
0.6805555555555556
0.684931506849315
0.6891891891891891
0.6933333333333334
0.6973684210526315
0.7012987012987013
0.7051282051282052
0.7088607594936709
0.7125
0.7160493827160493
0.7195121951219512
0.7228915662650602
0.7261904761904762
0.7294117647058823
0.7325581395348837
0.735632183908046
0.7386363636363636
0.7415730337078652
0.7444444444444445
0.7472527472527473
0.7582417582417582
0.7692307692307693
0.7802197802197802
0.7912087912087912
0.8021978021978022
0.8131868131868132
0.8241758241758241
0.8351648351648352
0.8461538461538461
0.8571428571428571
0.8681318681318682
0.8791208791208791
0.8804347826086957
0.8817204301075269
0.8829787234042553
0.8842105263157894
0.8854166666666666
0.8865979381443299
0.8877551020408163
0.8888888888888888
0.89
0.8910891089108911
0.8921568627450981
0.8932038834951457
0.8942307692307693
0.8952380952380953
0.8962264150943396
0.897196261682243
0.8981481481481481
0.8990825688073395
0.9
0.9009009009009009
0.9017857142857143
1.0
1.0
1.0
1.0
1.0
1.0
1.0
1.0
1.0
1.0
1.0
1.0
1.0
1.0
1.0
1.0
0.5483870967741935
0.5625
0.5757575757575758
0.5882352941176471
0.6
0.6111111111111112
0.45098039215686275
0.46153846153846156
0.4716981132075472
0.48148148148148145
0.4909090909090909
0.5
0.5087719298245614
0.5172413793103449
0.5254237288135594
0.5333333333333333
0.5409836065573771
0.5483870967741935
0.5645161290322581
0.5806451612903226
0.5967741935483871
0.6031746031746031
0.609375
0.6153846153846154
0.6212121212121212
0.6268656716417911
0.6323529411764706
0.6376811594202898
0.6428571428571429
0.647887323943662
0.6619718309859155
0.676056338028169
0.6805555555555556
0.684931506849315
0.6891891891891891
0.6933333333333334
0.6973684210526315
0.7012987012987013
0.7051282051282052
0.7088607594936709
0.7125
0.7160493827160493
0.7195121951219512
0.7228915662650602
0.7261904761904762
0.7294117647058823
0.7325581395348837
0.735632183908046
0.7386363636363636
0.7415730337078652
0.7444444444444445
0.7472527472527473
0.7582417582417582
0.7692307692307693
0.7802197802197802
0.7912087912087912
0.8021978021978022
0.8131868131868132
0.8241758241758241
0.8351648351648352
0.8461538461538461
0.8571428571428571
0.8681318681318682
0.8791208791208791
0.8804347826086957
0.8817204301075269
0.8829787234042553
0.8842105263157894
0.8854166666666666
0.8865979381443299
0.8877551020408163
0.8888888888888888
0.89
0.8910891089108911
0.8921568627450981
0.8932038834951457
0.8942307692307693
0.8952380952380953
0.8962264150943396
0.897196261682243
0.8981481481481481
0.8990825688073395
0.9
0.9009009009009009
0.9017857142857143
