1.0
1.0
1.0
1.0
1.0
1.0
1.0
0.47058823529411764
0.5294117647058824
0.5882352941176471
0.6470588235294118
0.7058823529411765
0.7647058823529411
0.8235294117647058
0.8823529411764706
0.9411764705882353
1.0
1.0
1.0
1.0
1.0
1.0
1.0
1.0
0.47058823529411764
0.5294117647058824
0.5882352941176471
0.6470588235294118
0.7058823529411765
0.7647058823529411
0.8235294117647058
0.8823529411764706
0.9411764705882353
1.0
1.0
1.0
1.0
1.0
1.0
1.0
1.0
1.0
1.0
1.0
1.0
1.0
1.0
1.0
0.47058823529411764
0.5294117647058824
0.5882352941176471
0.6470588235294118
0.7058823529411765
0.7647058823529411
0.8235294117647058
0.8823529411764706
0.9411764705882353
1.0
1.0
1.0
1.0
1.0
1.0
1.0
0.47058823529411764
0.5294117647058824
0.5882352941176471
0.6470588235294118
0.7058823529411765
0.7647058823529411
0.8235294117647058
0.8823529411764706
0.9411764705882353
1.0
1.0
1.0
1.0
1.0
1.0
1.0
1.0
0.47058823529411764
0.5294117647058824
0.5882352941176471
0.6470588235294118
0.7058823529411765
0.7647058823529411
0.8235294117647058
0.8823529411764706
0.9411764705882353
1.0
1.0
1.0
1.0
1.0
1.0
1.0
1.0
0.47058823529411764
0.5294117647058824
0.5882352941176471
0.6470588235294118
0.7058823529411765
0.7647058823529411
0.8235294117647058
0.8823529411764706
0.9411764705882353
1.0
