1.0
1.0
1.0
1.0
1.0
1.0
1.0
1.0
1.0
1.0
1.0
1.0
1.0
1.0
1.0
1.0
1.0
1.0
1.0
1.0
1.0
1.0
1.0
1.0
1.0
0.6046511627906976
0.6136363636363636
0.6222222222222222
0.6304347826086957
0.6382978723404256
0.6458333333333334
0.6530612244897959
0.66
0.6666666666666666
0.5555555555555556
0.5625
0.5692307692307692
0.5757575757575758
0.582089552238806
0.5882352941176471
0.5942028985507246
0.6
0.45263157894736844
0.4583333333333333
0.4639175257731959
0.46938775510204084
0.47474747474747475
0.48
0.48514851485148514
0.49019607843137253
0.49514563106796117
0.5
0.48623853211009177
0.4909090909090909
0.4954954954954955
0.5
0.504424778761062
0.5087719298245614
0.5130434782608696
0.425531914893617
0.4295774647887324
0.43356643356643354
0.4375
0.4413793103448276
0.4452054794520548
0.4489795918367347
0.4527027027027027
0.4563758389261745
0.46
0.46357615894039733
0.46710526315789475
0.47058823529411764
0.474025974025974
0.4774193548387097
0.4807692307692308
0.4840764331210191
0.4873417721518987
0.49056603773584906
0.49375
0.4968944099378882
0.5
0.5030674846625767
0.5060975609756098
0.509090909090909
0.5120481927710844
0.5149700598802395
0.5178571428571429
0.5207100591715976
0.5235294117647059
0.5263157894736842
0.5290697674418605
0.5317919075144508
0.5344827586206896
0.5371428571428571
0.5397727272727273
0.5423728813559322
0.5449438202247191
0.547486033519553
0.55
0.5524861878453039
0.554945054945055
0.5573770491803278
0.5597826086956522
0.5621621621621622
0.5645161290322581
0.5668449197860963
0.5691489361702128
0.5714285714285714
0.5736842105263158
0.5759162303664922
0.578125
0.5803108808290155
0.5824742268041238
0.5846153846153846
0.5867346938775511
0.5888324873096447
0.5909090909090909
0.592964824120603
0.595
1.0
1.0
1.0
1.0
1.0
1.0
1.0
1.0
1.0
1.0
1.0
1.0
1.0
1.0
1.0
1.0
1.0
1.0
1.0
1.0
1.0
1.0
1.0
1.0
1.0
0.6046511627906976
0.6136363636363636
0.6222222222222222
0.6304347826086957
0.6382978723404256
0.6458333333333334
0.6530612244897959
0.66
0.6666666666666666
0.5555555555555556
0.5625
0.5692307692307692
0.5757575757575758
0.582089552238806
0.5882352941176471
0.5942028985507246
0.6
0.45263157894736844
0.4583333333333333
0.4639175257731959
0.46938775510204084
0.47474747474747475
0.48
0.48514851485148514
0.49019607843137253
0.49514563106796117
0.5
0.48623853211009177
0.4909090909090909
0.4954954954954955
0.5
0.504424778761062
0.5087719298245614
0.5130434782608696
0.425531914893617
0.4295774647887324
0.43356643356643354
0.4375
0.4413793103448276
0.4452054794520548
0.4489795918367347
0.4527027027027027
0.4563758389261745
0.46
0.46357615894039733
0.46710526315789475
0.47058823529411764
0.474025974025974
0.4774193548387097
0.4807692307692308
0.4840764331210191
0.4873417721518987
0.49056603773584906
0.49375
0.4968944099378882
0.5
0.5030674846625767
0.5060975609756098
0.509090909090909
0.5120481927710844
0.5149700598802395
0.5178571428571429
0.5207100591715976
0.5235294117647059
0.5263157894736842
0.5290697674418605
0.5317919075144508
0.5344827586206896
0.5371428571428571
0.5397727272727273
0.5423728813559322
0.5449438202247191
0.547486033519553
0.55
0.5524861878453039
0.554945054945055
0.5573770491803278
0.5597826086956522
0.5621621621621622
0.5645161290322581
0.5668449197860963
0.5691489361702128
0.5714285714285714
0.5736842105263158
0.5759162303664922
0.578125
0.5803108808290155
0.5824742268041238
0.5846153846153846
0.5867346938775511
0.5888324873096447
0.5909090909090909
0.592964824120603
0.595
1.0
1.0
1.0
1.0
1.0
1.0
1.0
1.0
1.0
1.0
1.0
1.0
1.0
1.0
1.0
1.0
1.0
1.0
1.0
1.0
1.0
1.0
1.0
1.0
1.0
1.0
1.0
1.0
1.0
1.0
1.0
1.0
1.0
1.0
1.0
1.0
1.0
1.0
1.0
1.0
1.0
1.0
1.0
1.0
1.0
1.0
1.0
1.0
1.0
1.0
1.0
1.0
1.0
1.0
1.0
1.0
1.0
1.0
1.0
1.0
1.0
1.0
1.0
1.0
1.0
1.0
1.0
1.0
1.0
1.0
1.0
1.0
1.0
1.0
1.0
1.0
1.0
1.0
1.0
1.0
1.0
1.0
1.0
1.0
1.0
1.0
1.0
1.0
1.0
1.0
1.0
1.0
1.0
1.0
1.0
1.0
1.0
1.0
1.0
1.0
1.0
1.0
1.0
1.0
1.0
1.0
1.0
1.0
1.0
1.0
1.0
1.0
1.0
1.0
1.0
1.0
1.0
1.0
1.0
1.0
1.0
1.0
1.0
1.0
1.0
1.0
1.0
1.0
1.0
1.0
1.0
1.0
1.0
1.0
1.0
1.0
1.0
1.0
1.0
1.0
1.0
1.0
1.0
1.0
0.6046511627906976
0.6136363636363636
0.6222222222222222
0.6304347826086957
0.6382978723404256
0.6458333333333334
0.6530612244897959
0.66
0.6666666666666666
0.5555555555555556
0.5625
0.5692307692307692
0.5757575757575758
0.582089552238806
0.5882352941176471
0.5942028985507246
0.6
0.45263157894736844
0.4583333333333333
0.4639175257731959
0.46938775510204084
0.47474747474747475
0.48
0.48514851485148514
0.49019607843137253
0.49514563106796117
0.5
0.48623853211009177
0.4909090909090909
0.4954954954954955
0.5
0.504424778761062
0.5087719298245614
0.5130434782608696
0.425531914893617
0.4295774647887324
0.43356643356643354
0.4375
0.4413793103448276
0.4452054794520548
0.4489795918367347
0.4527027027027027
0.4563758389261745
0.46
0.46357615894039733
0.46710526315789475
0.47058823529411764
0.474025974025974
0.4774193548387097
0.4807692307692308
0.4840764331210191
0.4873417721518987
0.49056603773584906
0.49375
0.4968944099378882
0.5
0.5030674846625767
0.5060975609756098
0.509090909090909
0.5120481927710844
0.5149700598802395
0.5178571428571429
0.5207100591715976
0.5235294117647059
0.5263157894736842
0.5290697674418605
0.5317919075144508
0.5344827586206896
0.5371428571428571
0.5397727272727273
0.5423728813559322
0.5449438202247191
0.547486033519553
0.55
0.5524861878453039
0.554945054945055
0.5573770491803278
0.5597826086956522
0.5621621621621622
0.5645161290322581
0.5668449197860963
0.5691489361702128
0.5714285714285714
0.5736842105263158
0.5759162303664922
0.578125
0.5803108808290155
0.5824742268041238
0.5846153846153846
0.5867346938775511
0.5888324873096447
0.5909090909090909
0.592964824120603
0.595
1.0
1.0
1.0
1.0
1.0
1.0
1.0
1.0
1.0
1.0
1.0
1.0
1.0
1.0
1.0
1.0
1.0
1.0
1.0
1.0
1.0
1.0
1.0
1.0
1.0
0.6046511627906976
0.6136363636363636
0.6222222222222222
0.6304347826086957
0.6382978723404256
0.6458333333333334
0.6530612244897959
0.66
0.6666666666666666
0.5555555555555556
0.5625
0.5692307692307692
0.5757575757575758
0.582089552238806
0.5882352941176471
0.5942028985507246
0.6
0.45263157894736844
0.4583333333333333
0.4639175257731959
0.46938775510204084
0.47474747474747475
0.48
0.48514851485148514
0.49019607843137253
0.49514563106796117
0.5
0.48623853211009177
0.4909090909090909
0.4954954954954955
0.5
0.504424778761062
0.5087719298245614
0.5130434782608696
0.425531914893617
0.4295774647887324
0.43356643356643354
0.4375
0.4413793103448276
0.4452054794520548
0.4489795918367347
0.4527027027027027
0.4563758389261745
0.46
0.46357615894039733
0.46710526315789475
0.47058823529411764
0.474025974025974
0.4774193548387097
0.4807692307692308
0.4840764331210191
0.4873417721518987
0.49056603773584906
0.49375
0.4968944099378882
0.5
0.5030674846625767
0.5060975609756098
0.509090909090909
0.5120481927710844
0.5149700598802395
0.5178571428571429
0.5207100591715976
0.5235294117647059
0.5263157894736842
0.5290697674418605
0.5317919075144508
0.5344827586206896
0.5371428571428571
0.5397727272727273
0.5423728813559322
0.5449438202247191
0.547486033519553
0.55
0.5524861878453039
0.554945054945055
0.5573770491803278
0.5597826086956522
0.5621621621621622
0.5645161290322581
0.5668449197860963
0.5691489361702128
0.5714285714285714
0.5736842105263158
0.5759162303664922
0.578125
0.5803108808290155
0.5824742268041238
0.5846153846153846
0.5867346938775511
0.5888324873096447
0.5909090909090909
0.592964824120603
0.595
1.0
1.0
1.0
1.0
1.0
1.0
1.0
1.0
1.0
1.0
1.0
1.0
1.0
1.0
1.0
1.0
1.0
1.0
1.0
1.0
1.0
1.0
1.0
1.0
1.0
1.0
1.0
0.6046511627906976
0.6136363636363636
0.6222222222222222
0.6304347826086957
0.6382978723404256
0.6458333333333334
0.6530612244897959
0.66
0.6666666666666666
0.5555555555555556
0.5625
0.5692307692307692
0.5757575757575758
0.582089552238806
0.5882352941176471
0.5942028985507246
0.6
0.45263157894736844
0.4583333333333333
0.4639175257731959
0.46938775510204084
0.47474747474747475
0.48
0.48514851485148514
0.49019607843137253
0.49514563106796117
0.5
0.48623853211009177
0.4909090909090909
0.4954954954954955
0.5
0.504424778761062
0.5087719298245614
0.5130434782608696
0.425531914893617
0.4295774647887324
0.43356643356643354
0.4375
0.4413793103448276
0.4452054794520548
0.4489795918367347
0.4527027027027027
0.4563758389261745
0.46
0.46357615894039733
0.46710526315789475
0.47058823529411764
0.474025974025974
0.4774193548387097
0.4807692307692308
0.4840764331210191
0.4873417721518987
0.49056603773584906
0.49375
0.4968944099378882
0.5
0.5030674846625767
0.5060975609756098
0.509090909090909
0.5120481927710844
0.5149700598802395
0.5178571428571429
0.5207100591715976
0.5235294117647059
0.5263157894736842
0.5290697674418605
0.5317919075144508
0.5344827586206896
0.5371428571428571
0.5397727272727273
0.5423728813559322
0.5449438202247191
0.547486033519553
0.55
0.5524861878453039
0.554945054945055
0.5573770491803278
0.5597826086956522
0.5621621621621622
0.5645161290322581
0.5668449197860963
0.5691489361702128
0.5714285714285714
0.5736842105263158
0.5759162303664922
0.578125
0.5803108808290155
0.5824742268041238
0.5846153846153846
0.5867346938775511
0.5888324873096447
0.5909090909090909
0.592964824120603
0.595
