1.0
1.0
1.0
1.0
1.0
1.0
1.0
1.0
1.0
1.0
1.0
1.0
1.0
0.15384615384615385
0.16483516483516483
0.17582417582417584
0.18681318681318682
0.1978021978021978
0.2087912087912088
0.21978021978021978
0.23076923076923078
0.24175824175824176
0.25274725274725274
0.26373626373626374
0.27472527472527475
0.2857142857142857
0.2967032967032967
0.3076923076923077
0.31868131868131866
0.32967032967032966
0.34065934065934067
0.3516483516483517
0.3626373626373626
0.37362637362637363
0.38461538461538464
0.3956043956043956
0.4065934065934066
0.4175824175824176
0.42857142857142855
0.43956043956043955
0.45054945054945056
0.46153846153846156
0.4725274725274725
0.4835164835164835
0.4945054945054945
0.5054945054945055
0.5164835164835165
0.5274725274725275
0.5384615384615384
0.5494505494505495
0.5604395604395604
0.5714285714285714
0.5824175824175825
0.5934065934065934
0.6043956043956044
0.6153846153846154
0.6263736263736264
0.6373626373626373
0.6483516483516484
0.6593406593406593
0.6703296703296703
0.6813186813186813
0.6923076923076923
0.7032967032967034
0.7142857142857143
0.7252747252747253
0.7362637362637363
0.7472527472527473
1.0
1.0
1.0
1.0
1.0
1.0
1.0
1.0
1.0
1.0
1.0
1.0
1.0
0.15384615384615385
0.16483516483516483
0.17582417582417584
0.18681318681318682
0.1978021978021978
0.2087912087912088
0.21978021978021978
0.23076923076923078
0.24175824175824176
0.25274725274725274
0.26373626373626374
0.27472527472527475
0.2857142857142857
0.2967032967032967
0.3076923076923077
0.31868131868131866
0.32967032967032966
0.34065934065934067
0.3516483516483517
0.3626373626373626
0.37362637362637363
0.38461538461538464
0.3956043956043956
0.4065934065934066
0.4175824175824176
0.42857142857142855
0.43956043956043955
0.45054945054945056
0.46153846153846156
0.4725274725274725
0.4835164835164835
0.4945054945054945
0.5054945054945055
0.5164835164835165
0.5274725274725275
0.5384615384615384
0.5494505494505495
0.5604395604395604
0.5714285714285714
0.5824175824175825
0.5934065934065934
0.6043956043956044
0.6153846153846154
0.6263736263736264
0.6373626373626373
0.6483516483516484
0.6593406593406593
0.6703296703296703
0.6813186813186813
0.6923076923076923
0.7032967032967034
0.7142857142857143
0.7252747252747253
0.7362637362637363
0.7472527472527473
1.0
1.0
1.0
1.0
1.0
1.0
1.0
1.0
1.0
1.0
1.0
1.0
1.0
1.0
1.0
1.0
1.0
1.0
1.0
1.0
1.0
1.0
1.0
1.0
1.0
1.0
0.15384615384615385
0.16483516483516483
0.17582417582417584
0.18681318681318682
0.1978021978021978
0.2087912087912088
0.21978021978021978
0.23076923076923078
0.24175824175824176
0.25274725274725274
0.26373626373626374
0.27472527472527475
0.2857142857142857
0.2967032967032967
0.3076923076923077
0.31868131868131866
0.32967032967032966
0.34065934065934067
0.3516483516483517
0.3626373626373626
0.37362637362637363
0.38461538461538464
0.3956043956043956
0.4065934065934066
0.4175824175824176
0.42857142857142855
0.43956043956043955
0.45054945054945056
0.46153846153846156
0.4725274725274725
0.4835164835164835
0.4945054945054945
0.5054945054945055
0.5164835164835165
0.5274725274725275
0.5384615384615384
0.5494505494505495
0.5604395604395604
0.5714285714285714
0.5824175824175825
0.5934065934065934
0.6043956043956044
0.6153846153846154
0.6263736263736264
0.6373626373626373
0.6483516483516484
0.6593406593406593
0.6703296703296703
0.6813186813186813
0.6923076923076923
0.7032967032967034
0.7142857142857143
0.7252747252747253
0.7362637362637363
0.7472527472527473
1.0
1.0
1.0
1.0
1.0
1.0
1.0
1.0
1.0
1.0
1.0
1.0
1.0
0.15384615384615385
0.16483516483516483
0.17582417582417584
0.18681318681318682
0.1978021978021978
0.2087912087912088
0.21978021978021978
0.23076923076923078
0.24175824175824176
0.25274725274725274
0.26373626373626374
0.27472527472527475
0.2857142857142857
0.2967032967032967
0.3076923076923077
0.31868131868131866
0.32967032967032966
0.34065934065934067
0.3516483516483517
0.3626373626373626
0.37362637362637363
0.38461538461538464
0.3956043956043956
0.4065934065934066
0.4175824175824176
0.42857142857142855
0.43956043956043955
0.45054945054945056
0.46153846153846156
0.4725274725274725
0.4835164835164835
0.4945054945054945
0.5054945054945055
0.5164835164835165
0.5274725274725275
0.5384615384615384
0.5494505494505495
0.5604395604395604
0.5714285714285714
0.5824175824175825
0.5934065934065934
0.6043956043956044
0.6153846153846154
0.6263736263736264
0.6373626373626373
0.6483516483516484
0.6593406593406593
0.6703296703296703
0.6813186813186813
0.6923076923076923
0.7032967032967034
0.7142857142857143
0.7252747252747253
0.7362637362637363
0.7472527472527473
1.0
1.0
1.0
1.0
1.0
1.0
1.0
1.0
1.0
1.0
1.0
1.0
1.0
0.15384615384615385
0.16483516483516483
0.17582417582417584
0.18681318681318682
0.1978021978021978
0.2087912087912088
0.21978021978021978
0.23076923076923078
0.24175824175824176
0.25274725274725274
0.26373626373626374
0.27472527472527475
0.2857142857142857
0.2967032967032967
0.3076923076923077
0.31868131868131866
0.32967032967032966
0.34065934065934067
0.3516483516483517
0.3626373626373626
0.37362637362637363
0.38461538461538464
0.3956043956043956
0.4065934065934066
0.4175824175824176
0.42857142857142855
0.43956043956043955
0.45054945054945056
0.46153846153846156
0.4725274725274725
0.4835164835164835
0.4945054945054945
0.5054945054945055
0.5164835164835165
0.5274725274725275
0.5384615384615384
0.5494505494505495
0.5604395604395604
0.5714285714285714
0.5824175824175825
0.5934065934065934
0.6043956043956044
0.6153846153846154
0.6263736263736264
0.6373626373626373
0.6483516483516484
0.6593406593406593
0.6703296703296703
0.6813186813186813
0.6923076923076923
0.7032967032967034
0.7142857142857143
0.7252747252747253
0.7362637362637363
0.7472527472527473
1.0
1.0
1.0
1.0
1.0
1.0
1.0
1.0
1.0
1.0
1.0
1.0
1.0
0.15384615384615385
0.16483516483516483
0.17582417582417584
0.18681318681318682
0.1978021978021978
0.2087912087912088
0.21978021978021978
0.23076923076923078
0.24175824175824176
0.25274725274725274
0.26373626373626374
0.27472527472527475
0.2857142857142857
0.2967032967032967
0.3076923076923077
0.31868131868131866
0.32967032967032966
0.34065934065934067
0.3516483516483517
0.3626373626373626
0.37362637362637363
0.38461538461538464
0.3956043956043956
0.4065934065934066
0.4175824175824176
0.42857142857142855
0.43956043956043955
0.45054945054945056
0.46153846153846156
0.4725274725274725
0.4835164835164835
0.4945054945054945
0.5054945054945055
0.5164835164835165
0.5274725274725275
0.5384615384615384
0.5494505494505495
0.5604395604395604
0.5714285714285714
0.5824175824175825
0.5934065934065934
0.6043956043956044
0.6153846153846154
0.6263736263736264
0.6373626373626373
0.6483516483516484
0.6593406593406593
0.6703296703296703
0.6813186813186813
0.6923076923076923
0.7032967032967034
0.7142857142857143
0.7252747252747253
0.7362637362637363
0.7472527472527473
