1.0
1.0
1.0
1.0
1.0
1.0
1.0
1.0
1.0
1.0
1.0
1.0
1.0
1.0
1.0
1.0
1.0
1.0
1.0
1.0
1.0
1.0
1.0
1.0
1.0
1.0
1.0
1.0
1.0
1.0
1.0
1.0
1.0
1.0
1.0
1.0
1.0
1.0
1.0
1.0
1.0
1.0
1.0
1.0
1.0
1.0
1.0
1.0
1.0
1.0
1.0
1.0
1.0
1.0
1.0
1.0
1.0
1.0
1.0
1.0
1.0
1.0
1.0
1.0
1.0
1.0
1.0
1.0
1.0
1.0
1.0
1.0
1.0
1.0
1.0
1.0
1.0
1.0
1.0
1.0
1.0
1.0
1.0
1.0
1.0
0.45989304812834225
0.46524064171123
0.47058823529411764
0.47593582887700536
0.48128342245989303
0.48663101604278075
0.4919786096256685
0.49732620320855614
0.5026737967914439
0.5080213903743316
0.5133689839572193
0.5187165775401069
0.5240641711229946
0.5294117647058824
0.5347593582887701
0.5401069518716578
0.5454545454545454
0.5508021390374331
0.5561497326203209
0.5614973262032086
0.5668449197860963
0.5721925133689839
0.5775401069518716
0.5828877005347594
0.5882352941176471
0.5935828877005348
0.5989304812834224
0.6042780748663101
0.6096256684491979
0.6149732620320856
0.6203208556149733
0.6256684491978609
0.6310160427807486
0.6363636363636364
1.0
1.0
1.0
1.0
1.0
1.0
1.0
1.0
1.0
1.0
1.0
1.0
1.0
1.0
1.0
1.0
1.0
1.0
1.0
1.0
1.0
1.0
1.0
1.0
1.0
1.0
1.0
1.0
1.0
1.0
1.0
1.0
1.0
1.0
1.0
1.0
1.0
1.0
1.0
1.0
1.0
1.0
1.0
1.0
1.0
1.0
1.0
1.0
1.0
1.0
1.0
1.0
1.0
1.0
1.0
1.0
1.0
1.0
1.0
1.0
1.0
1.0
1.0
1.0
1.0
1.0
1.0
1.0
1.0
1.0
1.0
1.0
1.0
1.0
1.0
1.0
1.0
1.0
1.0
1.0
1.0
1.0
1.0
1.0
1.0
0.45989304812834225
0.46524064171123
0.47058823529411764
0.47593582887700536
0.48128342245989303
0.48663101604278075
0.4919786096256685
0.49732620320855614
0.5026737967914439
0.5080213903743316
0.5133689839572193
0.5187165775401069
0.5240641711229946
0.5294117647058824
0.5347593582887701
0.5401069518716578
0.5454545454545454
0.5508021390374331
0.5561497326203209
0.5614973262032086
0.5668449197860963
0.5721925133689839
0.5775401069518716
0.5828877005347594
0.5882352941176471
0.5935828877005348
0.5989304812834224
0.6042780748663101
0.6096256684491979
0.6149732620320856
0.6203208556149733
0.6256684491978609
0.6310160427807486
0.6363636363636364
1.0
1.0
1.0
1.0
1.0
1.0
1.0
1.0
1.0
1.0
1.0
1.0
1.0
1.0
1.0
1.0
1.0
1.0
1.0
1.0
1.0
1.0
1.0
1.0
1.0
1.0
1.0
1.0
1.0
1.0
1.0
1.0
1.0
1.0
1.0
1.0
1.0
1.0
1.0
1.0
1.0
1.0
1.0
1.0
1.0
1.0
1.0
1.0
1.0
1.0
1.0
1.0
1.0
1.0
1.0
1.0
1.0
1.0
1.0
1.0
1.0
1.0
1.0
1.0
1.0
1.0
1.0
1.0
1.0
1.0
1.0
1.0
1.0
1.0
1.0
1.0
1.0
1.0
1.0
1.0
1.0
1.0
1.0
1.0
1.0
1.0
1.0
1.0
1.0
1.0
1.0
1.0
1.0
1.0
1.0
1.0
1.0
1.0
1.0
1.0
1.0
1.0
1.0
1.0
1.0
1.0
1.0
1.0
1.0
1.0
1.0
1.0
1.0
1.0
1.0
1.0
1.0
1.0
1.0
1.0
1.0
1.0
1.0
1.0
1.0
1.0
1.0
1.0
1.0
1.0
1.0
1.0
1.0
1.0
1.0
1.0
1.0
1.0
1.0
1.0
1.0
1.0
1.0
1.0
1.0
1.0
1.0
1.0
1.0
1.0
1.0
1.0
1.0
1.0
1.0
1.0
1.0
1.0
1.0
1.0
1.0
1.0
1.0
1.0
1.0
1.0
1.0
1.0
1.0
1.0
0.45989304812834225
0.46524064171123
0.47058823529411764
0.47593582887700536
0.48128342245989303
0.48663101604278075
0.4919786096256685
0.49732620320855614
0.5026737967914439
0.5080213903743316
0.5133689839572193
0.5187165775401069
0.5240641711229946
0.5294117647058824
0.5347593582887701
0.5401069518716578
0.5454545454545454
0.5508021390374331
0.5561497326203209
0.5614973262032086
0.5668449197860963
0.5721925133689839
0.5775401069518716
0.5828877005347594
0.5882352941176471
0.5935828877005348
0.5989304812834224
0.6042780748663101
0.6096256684491979
0.6149732620320856
0.6203208556149733
0.6256684491978609
0.6310160427807486
0.6363636363636364
1.0
1.0
1.0
1.0
1.0
1.0
1.0
1.0
1.0
1.0
1.0
1.0
1.0
1.0
1.0
1.0
1.0
1.0
1.0
1.0
1.0
1.0
1.0
1.0
1.0
1.0
1.0
1.0
1.0
1.0
1.0
1.0
1.0
1.0
1.0
1.0
1.0
1.0
1.0
1.0
1.0
1.0
1.0
1.0
1.0
1.0
1.0
1.0
1.0
1.0
1.0
1.0
1.0
1.0
1.0
1.0
1.0
1.0
1.0
1.0
1.0
1.0
1.0
1.0
1.0
1.0
1.0
1.0
1.0
1.0
1.0
1.0
1.0
1.0
1.0
1.0
1.0
1.0
1.0
1.0
1.0
1.0
1.0
1.0
1.0
0.45989304812834225
0.46524064171123
0.47058823529411764
0.47593582887700536
0.48128342245989303
0.48663101604278075
0.4919786096256685
0.49732620320855614
0.5026737967914439
0.5080213903743316
0.5133689839572193
0.5187165775401069
0.5240641711229946
0.5294117647058824
0.5347593582887701
0.5401069518716578
0.5454545454545454
0.5508021390374331
0.5561497326203209
0.5614973262032086
0.5668449197860963
0.5721925133689839
0.5775401069518716
0.5828877005347594
0.5882352941176471
0.5935828877005348
0.5989304812834224
0.6042780748663101
0.6096256684491979
0.6149732620320856
0.6203208556149733
0.6256684491978609
0.6310160427807486
0.6363636363636364
1.0
1.0
1.0
1.0
1.0
1.0
1.0
1.0
1.0
1.0
1.0
1.0
1.0
1.0
1.0
1.0
1.0
1.0
1.0
1.0
1.0
1.0
1.0
1.0
1.0
1.0
1.0
1.0
1.0
1.0
1.0
1.0
1.0
1.0
1.0
1.0
1.0
1.0
1.0
1.0
1.0
1.0
1.0
1.0
1.0
1.0
1.0
1.0
1.0
1.0
1.0
1.0
1.0
1.0
1.0
1.0
1.0
1.0
1.0
1.0
1.0
1.0
1.0
1.0
1.0
1.0
1.0
1.0
1.0
1.0
1.0
1.0
1.0
1.0
1.0
1.0
1.0
1.0
1.0
1.0
1.0
1.0
1.0
1.0
1.0
1.0
1.0
1.0
1.0
1.0
1.0
1.0
1.0
1.0
1.0
0.45989304812834225
0.46524064171123
0.47058823529411764
0.47593582887700536
0.48128342245989303
0.48663101604278075
0.4919786096256685
0.49732620320855614
0.5026737967914439
0.5080213903743316
0.5133689839572193
0.5187165775401069
0.5240641711229946
0.5294117647058824
0.5347593582887701
0.5401069518716578
0.5454545454545454
0.5508021390374331
0.5561497326203209
0.5614973262032086
0.5668449197860963
0.5721925133689839
0.5775401069518716
0.5828877005347594
0.5882352941176471
0.5935828877005348
0.5989304812834224
0.6042780748663101
0.6096256684491979
0.6149732620320856
0.6203208556149733
0.6256684491978609
0.6310160427807486
0.6363636363636364
