1.0
1.0
1.0
1.0
1.0
1.0
1.0
1.0
1.0
1.0
1.0
1.0
1.0
1.0
1.0
1.0
1.0
1.0
1.0
1.0
1.0
1.0
1.0
1.0
1.0
1.0
0.8709677419354839
0.875
0.8787878787878788
0.8823529411764706
0.8857142857142857
0.8888888888888888
0.8918918918918919
0.8947368421052632
0.7608695652173914
0.782608695652174
0.8043478260869565
0.8260869565217391
0.8478260869565217
0.8695652173913043
0.8913043478260869
0.9130434782608695
1.0
1.0
1.0
1.0
1.0
1.0
1.0
1.0
1.0
1.0
1.0
1.0
1.0
1.0
1.0
1.0
1.0
1.0
1.0
1.0
1.0
1.0
1.0
1.0
1.0
1.0
0.8709677419354839
0.875
0.8787878787878788
0.8823529411764706
0.8857142857142857
0.8888888888888888
0.8918918918918919
0.8947368421052632
0.7608695652173914
0.782608695652174
0.8043478260869565
0.8260869565217391
0.8478260869565217
0.8695652173913043
0.8913043478260869
0.9130434782608695
1.0
1.0
1.0
1.0
1.0
1.0
1.0
1.0
1.0
1.0
1.0
1.0
1.0
1.0
1.0
1.0
1.0
1.0
1.0
1.0
1.0
1.0
1.0
1.0
1.0
1.0
1.0
1.0
1.0
1.0
1.0
1.0
1.0
1.0
1.0
1.0
1.0
1.0
1.0
1.0
1.0
1.0
1.0
1.0
1.0
1.0
1.0
1.0
1.0
1.0
1.0
1.0
1.0
1.0
1.0
1.0
1.0
1.0
1.0
1.0
0.8709677419354839
0.875
0.8787878787878788
0.8823529411764706
0.8857142857142857
0.8888888888888888
0.8918918918918919
0.8947368421052632
0.7608695652173914
0.782608695652174
0.8043478260869565
0.8260869565217391
0.8478260869565217
0.8695652173913043
0.8913043478260869
0.9130434782608695
1.0
1.0
1.0
1.0
1.0
1.0
1.0
1.0
1.0
1.0
1.0
1.0
1.0
1.0
1.0
1.0
1.0
1.0
1.0
1.0
1.0
1.0
1.0
1.0
1.0
1.0
0.8709677419354839
0.875
0.8787878787878788
0.8823529411764706
0.8857142857142857
0.8888888888888888
0.8918918918918919
0.8947368421052632
0.7608695652173914
0.782608695652174
0.8043478260869565
0.8260869565217391
0.8478260869565217
0.8695652173913043
0.8913043478260869
0.9130434782608695
1.0
1.0
1.0
1.0
1.0
1.0
1.0
1.0
1.0
1.0
1.0
1.0
1.0
1.0
1.0
1.0
1.0
1.0
1.0
1.0
1.0
1.0
1.0
1.0
1.0
1.0
0.8709677419354839
0.875
0.8787878787878788
0.8823529411764706
0.8857142857142857
0.8888888888888888
0.8918918918918919
0.8947368421052632
0.7608695652173914
0.782608695652174
0.8043478260869565
0.8260869565217391
0.8478260869565217
0.8695652173913043
0.8913043478260869
0.9130434782608695
1.0
1.0
1.0
1.0
1.0
1.0
1.0
1.0
1.0
1.0
1.0
1.0
1.0
1.0
1.0
1.0
1.0
1.0
1.0
1.0
1.0
1.0
1.0
1.0
1.0
1.0
0.8709677419354839
0.875
0.8787878787878788
0.8823529411764706
0.8857142857142857
0.8888888888888888
0.8918918918918919
0.8947368421052632
0.7608695652173914
0.782608695652174
0.8043478260869565
0.8260869565217391
0.8478260869565217
0.8695652173913043
0.8913043478260869
0.9130434782608695
