1.0
1.0
1.0
1.0
1.0
1.0
1.0
1.0
1.0
1.0
1.0
1.0
1.0
1.0
1.0
1.0
1.0
1.0
1.0
1.0
1.0
1.0
1.0
1.0
1.0
1.0
1.0
1.0
1.0
1.0
1.0
1.0
1.0
1.0
0.6481481481481481
0.6545454545454545
0.6607142857142857
0.6666666666666666
0.6724137931034483
0.6779661016949152
0.6833333333333333
0.6363636363636364
0.6417910447761194
0.36363636363636365
0.371900826446281
0.38016528925619836
0.3884297520661157
0.39669421487603307
0.4049586776859504
0.4132231404958678
0.4214876033057851
0.4297520661157025
0.4380165289256198
0.4462809917355372
0.45454545454545453
0.4628099173553719
0.47107438016528924
0.4793388429752066
0.48760330578512395
0.49586776859504134
0.5041322314049587
0.512396694214876
0.5206611570247934
0.5289256198347108
0.5371900826446281
0.5454545454545454
0.5537190082644629
0.5619834710743802
0.5702479338842975
0.5785123966942148
0.5867768595041323
0.5950413223140496
0.6033057851239669
0.6115702479338843
0.6198347107438017
0.628099173553719
0.6363636363636364
0.6446280991735537
0.6528925619834711
0.6611570247933884
0.6694214876033058
0.6776859504132231
0.6859504132231405
0.6942148760330579
0.7024793388429752
0.7107438016528925
0.71900826446281
0.7272727272727273
0.7355371900826446
0.743801652892562
0.7520661157024794
0.7603305785123967
0.768595041322314
0.7768595041322314
0.7851239669421488
0.7933884297520661
0.8016528925619835
0.8099173553719008
0.8181818181818182
0.8264462809917356
0.8347107438016529
0.8429752066115702
0.8512396694214877
0.859504132231405
0.8677685950413223
0.8760330578512396
0.8842975206611571
0.8925619834710744
0.9008264462809917
0.9090909090909091
1.0
1.0
1.0
1.0
1.0
1.0
1.0
1.0
1.0
1.0
1.0
1.0
1.0
1.0
1.0
1.0
1.0
1.0
1.0
1.0
1.0
1.0
1.0
1.0
1.0
1.0
1.0
1.0
1.0
1.0
1.0
1.0
1.0
1.0
0.6481481481481481
0.6545454545454545
0.6607142857142857
0.6666666666666666
0.6724137931034483
0.6779661016949152
0.6833333333333333
0.6363636363636364
0.6417910447761194
0.36363636363636365
0.371900826446281
0.38016528925619836
0.3884297520661157
0.39669421487603307
0.4049586776859504
0.4132231404958678
0.4214876033057851
0.4297520661157025
0.4380165289256198
0.4462809917355372
0.45454545454545453
0.4628099173553719
0.47107438016528924
0.4793388429752066
0.48760330578512395
0.49586776859504134
0.5041322314049587
0.512396694214876
0.5206611570247934
0.5289256198347108
0.5371900826446281
0.5454545454545454
0.5537190082644629
0.5619834710743802
0.5702479338842975
0.5785123966942148
0.5867768595041323
0.5950413223140496
0.6033057851239669
0.6115702479338843
0.6198347107438017
0.628099173553719
0.6363636363636364
0.6446280991735537
0.6528925619834711
0.6611570247933884
0.6694214876033058
0.6776859504132231
0.6859504132231405
0.6942148760330579
0.7024793388429752
0.7107438016528925
0.71900826446281
0.7272727272727273
0.7355371900826446
0.743801652892562
0.7520661157024794
0.7603305785123967
0.768595041322314
0.7768595041322314
0.7851239669421488
0.7933884297520661
0.8016528925619835
0.8099173553719008
0.8181818181818182
0.8264462809917356
0.8347107438016529
0.8429752066115702
0.8512396694214877
0.859504132231405
0.8677685950413223
0.8760330578512396
0.8842975206611571
0.8925619834710744
0.9008264462809917
0.9090909090909091
1.0
1.0
1.0
1.0
1.0
1.0
1.0
1.0
1.0
1.0
1.0
1.0
1.0
1.0
1.0
1.0
1.0
1.0
1.0
1.0
1.0
1.0
1.0
1.0
1.0
1.0
1.0
1.0
1.0
1.0
1.0
1.0
1.0
1.0
1.0
1.0
1.0
1.0
1.0
1.0
1.0
1.0
1.0
1.0
1.0
1.0
1.0
1.0
1.0
1.0
1.0
1.0
1.0
1.0
1.0
1.0
1.0
1.0
1.0
1.0
1.0
1.0
1.0
1.0
1.0
1.0
1.0
1.0
1.0
1.0
1.0
1.0
1.0
1.0
1.0
1.0
1.0
0.6481481481481481
0.6545454545454545
0.6607142857142857
0.6666666666666666
0.6724137931034483
0.6779661016949152
0.6833333333333333
0.6363636363636364
0.6417910447761194
0.36363636363636365
0.371900826446281
0.38016528925619836
0.3884297520661157
0.39669421487603307
0.4049586776859504
0.4132231404958678
0.4214876033057851
0.4297520661157025
0.4380165289256198
0.4462809917355372
0.45454545454545453
0.4628099173553719
0.47107438016528924
0.4793388429752066
0.48760330578512395
0.49586776859504134
0.5041322314049587
0.512396694214876
0.5206611570247934
0.5289256198347108
0.5371900826446281
0.5454545454545454
0.5537190082644629
0.5619834710743802
0.5702479338842975
0.5785123966942148
0.5867768595041323
0.5950413223140496
0.6033057851239669
0.6115702479338843
0.6198347107438017
0.628099173553719
0.6363636363636364
0.6446280991735537
0.6528925619834711
0.6611570247933884
0.6694214876033058
0.6776859504132231
0.6859504132231405
0.6942148760330579
0.7024793388429752
0.7107438016528925
0.71900826446281
0.7272727272727273
0.7355371900826446
0.743801652892562
0.7520661157024794
0.7603305785123967
0.768595041322314
0.7768595041322314
0.7851239669421488
0.7933884297520661
0.8016528925619835
0.8099173553719008
0.8181818181818182
0.8264462809917356
0.8347107438016529
0.8429752066115702
0.8512396694214877
0.859504132231405
0.8677685950413223
0.8760330578512396
0.8842975206611571
0.8925619834710744
0.9008264462809917
0.9090909090909091
1.0
1.0
1.0
1.0
1.0
1.0
1.0
1.0
1.0
1.0
1.0
1.0
1.0
1.0
1.0
1.0
1.0
1.0
1.0
1.0
1.0
1.0
1.0
1.0
1.0
1.0
1.0
1.0
1.0
1.0
1.0
1.0
1.0
1.0
0.6481481481481481
0.6545454545454545
0.6607142857142857
0.6666666666666666
0.6724137931034483
0.6779661016949152
0.6833333333333333
0.6363636363636364
0.6417910447761194
0.36363636363636365
0.371900826446281
0.38016528925619836
0.3884297520661157
0.39669421487603307
0.4049586776859504
0.4132231404958678
0.4214876033057851
0.4297520661157025
0.4380165289256198
0.4462809917355372
0.45454545454545453
0.4628099173553719
0.47107438016528924
0.4793388429752066
0.48760330578512395
0.49586776859504134
0.5041322314049587
0.512396694214876
0.5206611570247934
0.5289256198347108
0.5371900826446281
0.5454545454545454
0.5537190082644629
0.5619834710743802
0.5702479338842975
0.5785123966942148
0.5867768595041323
0.5950413223140496
0.6033057851239669
0.6115702479338843
0.6198347107438017
0.628099173553719
0.6363636363636364
0.6446280991735537
0.6528925619834711
0.6611570247933884
0.6694214876033058
0.6776859504132231
0.6859504132231405
0.6942148760330579
0.7024793388429752
0.7107438016528925
0.71900826446281
0.7272727272727273
0.7355371900826446
0.743801652892562
0.7520661157024794
0.7603305785123967
0.768595041322314
0.7768595041322314
0.7851239669421488
0.7933884297520661
0.8016528925619835
0.8099173553719008
0.8181818181818182
0.8264462809917356
0.8347107438016529
0.8429752066115702
0.8512396694214877
0.859504132231405
1.0
1.0
1.0
1.0
1.0
1.0
1.0
1.0
1.0
1.0
1.0
1.0
1.0
1.0
1.0
1.0
1.0
1.0
1.0
1.0
1.0
1.0
1.0
1.0
1.0
1.0
1.0
1.0
1.0
1.0
1.0
1.0
1.0
1.0
0.6481481481481481
0.6545454545454545
0.6607142857142857
0.6666666666666666
0.6724137931034483
0.6779661016949152
0.6833333333333333
0.6363636363636364
0.6417910447761194
0.36363636363636365
0.371900826446281
0.38016528925619836
0.3884297520661157
0.39669421487603307
0.4049586776859504
0.4132231404958678
0.4214876033057851
0.4297520661157025
0.4380165289256198
0.4462809917355372
0.45454545454545453
0.4628099173553719
0.47107438016528924
0.4793388429752066
0.48760330578512395
0.49586776859504134
0.5041322314049587
0.512396694214876
0.5206611570247934
0.5289256198347108
0.5371900826446281
0.5454545454545454
0.5537190082644629
0.5619834710743802
0.5702479338842975
0.5785123966942148
0.5867768595041323
0.5950413223140496
0.6033057851239669
0.6115702479338843
0.6198347107438017
0.628099173553719
0.6363636363636364
0.6446280991735537
0.6528925619834711
0.6611570247933884
0.6694214876033058
0.6776859504132231
0.6859504132231405
0.6942148760330579
0.7024793388429752
0.7107438016528925
0.71900826446281
0.7272727272727273
0.7355371900826446
0.743801652892562
0.7520661157024794
0.7603305785123967
0.768595041322314
0.7768595041322314
0.7851239669421488
0.7933884297520661
0.8016528925619835
0.8099173553719008
0.8181818181818182
0.8264462809917356
0.8347107438016529
0.8429752066115702
0.8512396694214877
0.859504132231405
0.8677685950413223
0.8760330578512396
0.8842975206611571
0.8925619834710744
0.9008264462809917
0.9090909090909091
1.0
1.0
1.0
1.0
1.0
1.0
1.0
1.0
1.0
1.0
1.0
1.0
1.0
1.0
1.0
1.0
1.0
1.0
1.0
1.0
1.0
1.0
1.0
1.0
1.0
1.0
1.0
1.0
1.0
1.0
1.0
1.0
1.0
1.0
0.6481481481481481
0.6545454545454545
0.6607142857142857
0.6666666666666666
0.6724137931034483
0.6779661016949152
0.6833333333333333
0.6363636363636364
0.6417910447761194
0.36363636363636365
0.371900826446281
0.38016528925619836
0.3884297520661157
0.39669421487603307
0.4049586776859504
0.4132231404958678
0.4214876033057851
0.4297520661157025
0.4380165289256198
0.4462809917355372
0.45454545454545453
0.4628099173553719
0.47107438016528924
0.4793388429752066
0.48760330578512395
0.49586776859504134
0.5041322314049587
0.512396694214876
0.5206611570247934
0.5289256198347108
0.5371900826446281
0.5454545454545454
0.5537190082644629
0.5619834710743802
0.5702479338842975
0.5785123966942148
0.5867768595041323
0.5950413223140496
0.6033057851239669
0.6115702479338843
0.6198347107438017
0.628099173553719
0.6363636363636364
0.6446280991735537
0.6528925619834711
0.6611570247933884
0.6694214876033058
0.6776859504132231
0.6859504132231405
0.6942148760330579
0.7024793388429752
0.7107438016528925
0.71900826446281
0.7272727272727273
0.7355371900826446
0.743801652892562
0.7520661157024794
0.7603305785123967
0.768595041322314
0.7768595041322314
0.7851239669421488
0.7933884297520661
0.8016528925619835
0.8099173553719008
0.8181818181818182
0.8264462809917356
0.8347107438016529
0.8429752066115702
0.8512396694214877
0.859504132231405
0.8677685950413223
0.8760330578512396
0.8842975206611571
0.8925619834710744
0.9008264462809917
0.9090909090909091
