1.0
1.0
1.0
1.0
1.0
1.0
1.0
1.0
1.0
1.0
1.0
1.0
0.65
0.7
0.75
0.7619047619047619
0.7727272727272727
0.782608695652174
0.7916666666666666
0.8
0.8076923076923077
0.8148148148148148
1.0
1.0
1.0
1.0
1.0
1.0
1.0
1.0
1.0
1.0
1.0
1.0
0.65
0.7
0.75
0.7619047619047619
0.7727272727272727
0.782608695652174
0.7916666666666666
0.8
0.8076923076923077
0.8148148148148148
1.0
1.0
1.0
1.0
1.0
1.0
1.0
1.0
1.0
1.0
1.0
1.0
1.0
1.0
1.0
1.0
1.0
1.0
1.0
1.0
1.0
1.0
1.0
1.0
0.65
0.7
0.75
0.7619047619047619
0.7727272727272727
0.782608695652174
0.7916666666666666
0.8
0.8076923076923077
0.8148148148148148
0.6052631578947368
0.6153846153846154
0.625
0.6341463414634146
0.6428571428571429
0.6511627906976745
0.6744186046511628
0.6976744186046512
0.7209302325581395
0.7441860465116279
0.7674418604651163
1.0
1.0
1.0
1.0
1.0
1.0
1.0
1.0
1.0
1.0
1.0
1.0
0.65
0.7
0.75
0.7619047619047619
0.7727272727272727
0.782608695652174
0.7916666666666666
0.8
0.8076923076923077
0.8148148148148148
0.6052631578947368
0.6153846153846154
0.625
1.0
1.0
1.0
1.0
1.0
1.0
1.0
1.0
1.0
1.0
1.0
1.0
0.65
0.7
0.75
0.7619047619047619
0.7727272727272727
0.782608695652174
0.7916666666666666
0.8
0.8076923076923077
0.8148148148148148
0.6052631578947368
0.6153846153846154
0.625
0.6341463414634146
0.6428571428571429
0.6511627906976745
0.6744186046511628
0.6976744186046512
0.7209302325581395
0.7441860465116279
0.7674418604651163
1.0
1.0
1.0
1.0
1.0
1.0
1.0
1.0
1.0
1.0
1.0
1.0
0.65
0.7
0.75
0.7619047619047619
0.7727272727272727
0.782608695652174
0.7916666666666666
0.8
0.8076923076923077
0.8148148148148148
0.6052631578947368
0.6153846153846154
0.625
0.6341463414634146
0.6428571428571429
0.6511627906976745
0.6744186046511628
0.6976744186046512
0.7209302325581395
0.7441860465116279
0.7674418604651163
