1.0
1.0
1.0
1.0
1.0
1.0
1.0
1.0
1.0
1.0
1.0
0.5217391304347826
0.5416666666666666
0.56
0.5769230769230769
0.5925925925925926
0.6071428571428571
0.6206896551724138
0.59375
0.6060606060606061
0.6176470588235294
0.6470588235294118
0.6571428571428571
0.6666666666666666
0.6756756756756757
0.6842105263157895
0.7105263157894737
0.7368421052631579
0.7631578947368421
0.7894736842105263
1.0
1.0
1.0
1.0
1.0
1.0
1.0
1.0
1.0
1.0
1.0
0.5217391304347826
0.5416666666666666
0.56
0.5769230769230769
0.5925925925925926
0.6071428571428571
0.6206896551724138
0.59375
0.6060606060606061
0.6176470588235294
0.6470588235294118
0.6571428571428571
0.6666666666666666
0.6756756756756757
0.6842105263157895
0.7105263157894737
0.7368421052631579
0.7631578947368421
0.7894736842105263
1.0
1.0
1.0
1.0
1.0
1.0
1.0
1.0
1.0
1.0
1.0
1.0
1.0
1.0
1.0
1.0
1.0
1.0
1.0
1.0
1.0
1.0
1.0
1.0
1.0
1.0
1.0
1.0
1.0
0.5217391304347826
0.5416666666666666
0.56
0.5769230769230769
0.5925925925925926
0.6071428571428571
0.6206896551724138
0.59375
0.6060606060606061
0.6176470588235294
0.6470588235294118
0.6571428571428571
0.6666666666666666
0.6756756756756757
0.6842105263157895
0.7105263157894737
0.7368421052631579
0.7631578947368421
0.7894736842105263
1.0
1.0
1.0
1.0
1.0
1.0
1.0
1.0
1.0
1.0
1.0
0.5217391304347826
0.5416666666666666
0.56
0.5769230769230769
0.5925925925925926
0.6071428571428571
0.6206896551724138
0.59375
0.6060606060606061
0.6176470588235294
0.6470588235294118
0.6571428571428571
0.6666666666666666
0.6756756756756757
0.6842105263157895
0.7105263157894737
0.7368421052631579
0.7631578947368421
0.7894736842105263
1.0
1.0
1.0
1.0
1.0
1.0
1.0
1.0
1.0
1.0
1.0
0.5217391304347826
0.5416666666666666
0.56
0.5769230769230769
0.5925925925925926
0.6071428571428571
0.6206896551724138
0.59375
0.6060606060606061
0.6176470588235294
0.6470588235294118
0.6571428571428571
0.6666666666666666
0.6756756756756757
0.6842105263157895
0.7105263157894737
0.7368421052631579
0.7631578947368421
0.7894736842105263
1.0
1.0
1.0
1.0
1.0
1.0
1.0
1.0
1.0
1.0
1.0
0.5217391304347826
0.5416666666666666
0.56
0.5769230769230769
0.5925925925925926
0.6071428571428571
0.6206896551724138
0.59375
0.6060606060606061
0.6176470588235294
0.6470588235294118
0.6571428571428571
0.6666666666666666
0.6756756756756757
0.6842105263157895
0.7105263157894737
0.7368421052631579
0.7631578947368421
0.7894736842105263
