1.0
1.0
1.0
1.0
1.0
1.0
1.0
1.0
1.0
1.0
1.0
1.0
1.0
1.0
1.0
1.0
1.0
1.0
1.0
1.0
1.0
1.0
1.0
1.0
1.0
1.0
1.0
1.0
1.0
1.0
1.0
1.0
1.0
1.0
1.0
1.0
1.0
1.0
0.325
0.3333333333333333
0.3416666666666667
0.35
0.35833333333333334
0.36666666666666664
0.375
0.38333333333333336
0.39166666666666666
0.4
0.4083333333333333
0.4166666666666667
0.425
0.43333333333333335
0.44166666666666665
0.45
0.4583333333333333
0.4666666666666667
0.475
0.48333333333333334
0.49166666666666664
0.5
0.5083333333333333
0.5166666666666667
0.525
0.5333333333333333
0.5416666666666666
0.55
0.5583333333333333
0.5666666666666667
0.575
0.5833333333333334
0.5916666666666667
0.6
0.6083333333333333
0.6166666666666667
0.625
0.6333333333333333
0.6416666666666667
0.65
0.6583333333333333
0.6666666666666666
0.675
0.6833333333333333
0.6916666666666667
0.7
0.7083333333333334
0.7166666666666667
0.725
0.7333333333333333
0.7416666666666667
0.75
0.7583333333333333
0.7666666666666667
0.775
0.7833333333333333
0.7916666666666666
0.8
0.8083333333333333
0.8166666666666667
0.825
0.8333333333333334
0.8416666666666667
0.85
0.8583333333333333
0.8666666666666667
0.875
0.8833333333333333
0.8916666666666667
0.9
0.9083333333333333
0.9166666666666666
0.925
0.9333333333333333
0.9416666666666667
0.9421487603305785
0.9504132231404959
0.9586776859504132
0.9669421487603306
0.9752066115702479
0.9834710743801653
0.9917355371900827
1.0
1.0
1.0
1.0
1.0
1.0
1.0
1.0
1.0
1.0
1.0
1.0
1.0
1.0
1.0
1.0
1.0
1.0
1.0
1.0
1.0
1.0
1.0
1.0
1.0
1.0
1.0
1.0
1.0
1.0
1.0
1.0
1.0
1.0
1.0
1.0
1.0
1.0
0.325
0.3333333333333333
0.3416666666666667
0.35
0.35833333333333334
0.36666666666666664
0.375
0.38333333333333336
0.39166666666666666
0.4
0.4083333333333333
0.4166666666666667
0.425
0.43333333333333335
0.44166666666666665
0.45
0.4583333333333333
0.4666666666666667
0.475
0.48333333333333334
0.49166666666666664
0.5
0.5083333333333333
0.5166666666666667
0.525
0.5333333333333333
0.5416666666666666
0.55
0.5583333333333333
0.5666666666666667
0.575
0.5833333333333334
0.5916666666666667
0.6
0.6083333333333333
0.6166666666666667
0.625
0.6333333333333333
0.6416666666666667
0.65
0.6583333333333333
0.6666666666666666
0.675
0.6833333333333333
0.6916666666666667
0.7
0.7083333333333334
0.7166666666666667
0.725
0.7333333333333333
0.7416666666666667
0.75
0.7583333333333333
0.7666666666666667
0.775
0.7833333333333333
0.7916666666666666
0.8
0.8083333333333333
0.8166666666666667
0.825
0.8333333333333334
0.8416666666666667
0.85
0.8583333333333333
0.8666666666666667
0.875
0.8833333333333333
0.8916666666666667
0.9
0.9083333333333333
0.9166666666666666
0.925
0.9333333333333333
0.9416666666666667
0.9421487603305785
0.9504132231404959
0.9586776859504132
0.9669421487603306
0.9752066115702479
0.9834710743801653
0.9917355371900827
1.0
1.0
1.0
1.0
1.0
1.0
1.0
1.0
1.0
1.0
1.0
1.0
1.0
1.0
1.0
1.0
1.0
1.0
1.0
1.0
1.0
1.0
1.0
1.0
1.0
1.0
1.0
1.0
1.0
1.0
1.0
1.0
1.0
1.0
1.0
1.0
1.0
1.0
0.325
0.3333333333333333
0.3416666666666667
0.35
0.35833333333333334
0.36666666666666664
0.375
0.38333333333333336
0.39166666666666666
0.4
0.4083333333333333
0.4166666666666667
0.425
0.43333333333333335
0.44166666666666665
0.45
0.4583333333333333
0.4666666666666667
0.475
0.48333333333333334
0.49166666666666664
0.5
0.5083333333333333
0.5166666666666667
0.525
0.5333333333333333
0.5416666666666666
0.55
0.5583333333333333
0.5666666666666667
0.575
0.5833333333333334
0.5916666666666667
0.6
0.6083333333333333
0.6166666666666667
0.625
0.6333333333333333
0.6416666666666667
0.65
0.6583333333333333
0.6666666666666666
0.675
0.6833333333333333
0.6916666666666667
0.7
0.7083333333333334
0.7166666666666667
0.725
0.7333333333333333
0.7416666666666667
0.75
0.7583333333333333
0.7666666666666667
0.775
0.7833333333333333
0.7916666666666666
0.8
0.8083333333333333
0.8166666666666667
0.825
0.8333333333333334
0.8416666666666667
0.85
0.8583333333333333
0.8666666666666667
0.875
0.8833333333333333
0.8916666666666667
0.9
0.9083333333333333
0.9166666666666666
0.925
0.9333333333333333
0.9416666666666667
0.9421487603305785
0.9504132231404959
0.9586776859504132
0.9669421487603306
0.9752066115702479
0.9834710743801653
0.9917355371900827
1.0
1.0
1.0
1.0
1.0
1.0
1.0
1.0
1.0
1.0
1.0
1.0
1.0
1.0
1.0
1.0
1.0
1.0
1.0
1.0
1.0
1.0
1.0
1.0
1.0
1.0
1.0
1.0
1.0
1.0
1.0
1.0
1.0
1.0
1.0
1.0
1.0
1.0
0.325
0.3333333333333333
0.3416666666666667
0.35
0.35833333333333334
0.36666666666666664
0.375
0.38333333333333336
0.39166666666666666
0.4
0.4083333333333333
0.4166666666666667
0.425
0.43333333333333335
0.44166666666666665
0.45
0.4583333333333333
0.4666666666666667
0.475
0.48333333333333334
0.49166666666666664
0.5
0.5083333333333333
0.5166666666666667
0.525
0.5333333333333333
0.5416666666666666
0.55
0.5583333333333333
0.5666666666666667
0.575
0.5833333333333334
0.5916666666666667
0.6
0.6083333333333333
0.6166666666666667
0.625
0.6333333333333333
0.6416666666666667
0.65
0.6583333333333333
0.6666666666666666
0.675
0.6833333333333333
0.6916666666666667
0.7
0.7083333333333334
0.7166666666666667
0.725
0.7333333333333333
0.7416666666666667
0.75
0.7583333333333333
0.7666666666666667
0.775
0.7833333333333333
0.7916666666666666
0.8
0.8083333333333333
0.8166666666666667
0.825
0.8333333333333334
0.8416666666666667
0.85
0.8583333333333333
0.8666666666666667
0.875
0.8833333333333333
0.8916666666666667
0.9
0.9083333333333333
0.9166666666666666
0.925
0.9333333333333333
0.9416666666666667
0.9421487603305785
0.9504132231404959
0.9586776859504132
0.9669421487603306
0.9752066115702479
0.9834710743801653
0.9917355371900827
1.0
1.0
1.0
1.0
1.0
1.0
1.0
1.0
1.0
1.0
1.0
1.0
1.0
1.0
1.0
1.0
1.0
1.0
1.0
1.0
1.0
1.0
1.0
1.0
1.0
1.0
1.0
1.0
1.0
1.0
1.0
1.0
1.0
1.0
1.0
1.0
1.0
1.0
1.0
1.0
1.0
1.0
1.0
1.0
1.0
1.0
1.0
1.0
1.0
1.0
1.0
1.0
1.0
1.0
1.0
1.0
1.0
1.0
1.0
1.0
1.0
1.0
1.0
1.0
1.0
1.0
1.0
1.0
1.0
1.0
1.0
1.0
1.0
1.0
1.0
0.325
0.3333333333333333
0.3416666666666667
0.35
0.35833333333333334
0.36666666666666664
0.375
0.38333333333333336
0.39166666666666666
0.4
0.4083333333333333
0.4166666666666667
0.425
0.43333333333333335
0.44166666666666665
0.45
0.4583333333333333
0.4666666666666667
0.475
0.48333333333333334
0.49166666666666664
0.5
0.5083333333333333
0.5166666666666667
0.525
0.5333333333333333
0.5416666666666666
0.55
0.5583333333333333
0.5666666666666667
0.575
0.5833333333333334
0.5916666666666667
0.6
0.6083333333333333
0.6166666666666667
0.625
0.6333333333333333
0.6416666666666667
0.65
0.6583333333333333
0.6666666666666666
0.675
0.6833333333333333
0.6916666666666667
0.7
0.7083333333333334
0.7166666666666667
0.725
0.7333333333333333
0.7416666666666667
0.75
0.7583333333333333
0.7666666666666667
0.775
0.7833333333333333
0.7916666666666666
0.8
0.8083333333333333
0.8166666666666667
0.825
0.8333333333333334
0.8416666666666667
0.85
0.8583333333333333
0.8666666666666667
0.875
0.8833333333333333
0.8916666666666667
0.9
0.9083333333333333
0.9166666666666666
0.925
0.9333333333333333
0.9416666666666667
0.9421487603305785
0.9504132231404959
0.9586776859504132
0.9669421487603306
0.9752066115702479
0.9834710743801653
0.9917355371900827
1.0
1.0
1.0
1.0
1.0
1.0
1.0
1.0
1.0
1.0
1.0
1.0
1.0
1.0
1.0
1.0
1.0
1.0
1.0
1.0
1.0
1.0
1.0
1.0
1.0
1.0
1.0
1.0
1.0
1.0
1.0
1.0
1.0
1.0
1.0
1.0
1.0
1.0
1.0
1.0
1.0
1.0
1.0
1.0
1.0
1.0
1.0
1.0
1.0
1.0
1.0
1.0
1.0
1.0
1.0
1.0
1.0
1.0
1.0
1.0
1.0
1.0
1.0
1.0
1.0
1.0
1.0
1.0
1.0
1.0
1.0
1.0
1.0
1.0
1.0
0.325
0.3333333333333333
0.3416666666666667
0.35
0.35833333333333334
0.36666666666666664
0.375
0.38333333333333336
0.39166666666666666
0.4
0.4083333333333333
0.4166666666666667
0.425
0.43333333333333335
0.44166666666666665
0.45
0.4583333333333333
0.4666666666666667
0.475
0.48333333333333334
0.49166666666666664
0.5
0.5083333333333333
0.5166666666666667
0.525
0.5333333333333333
0.5416666666666666
0.55
0.5583333333333333
0.5666666666666667
0.575
0.5833333333333334
0.5916666666666667
0.6
0.6083333333333333
0.6166666666666667
0.625
0.6333333333333333
0.6416666666666667
0.65
0.6583333333333333
0.6666666666666666
0.675
0.6833333333333333
0.6916666666666667
0.7
0.7083333333333334
0.7166666666666667
0.725
0.7333333333333333
0.7416666666666667
0.75
0.7583333333333333
0.7666666666666667
0.775
0.7833333333333333
0.7916666666666666
0.8
0.8083333333333333
0.8166666666666667
0.825
0.8333333333333334
0.8416666666666667
0.85
0.8583333333333333
0.8666666666666667
0.875
0.8833333333333333
0.8916666666666667
0.9
0.9083333333333333
0.9166666666666666
0.925
0.9333333333333333
0.9416666666666667
0.9421487603305785
0.9504132231404959
0.9586776859504132
0.9669421487603306
0.9752066115702479
0.9834710743801653
0.9917355371900827
1.0
1.0
1.0
1.0
1.0
1.0
1.0
1.0
1.0
1.0
1.0
1.0
1.0
1.0
1.0
1.0
1.0
1.0
1.0
1.0
1.0
1.0
1.0
1.0
1.0
1.0
1.0
1.0
1.0
1.0
1.0
1.0
1.0
1.0
1.0
1.0
1.0
1.0
0.325
0.3333333333333333
0.3416666666666667
0.35
0.35833333333333334
0.36666666666666664
0.375
0.38333333333333336
0.39166666666666666
0.4
0.4083333333333333
0.4166666666666667
0.425
0.43333333333333335
0.44166666666666665
0.45
0.4583333333333333
0.4666666666666667
0.475
0.48333333333333334
0.49166666666666664
0.5
0.5083333333333333
0.5166666666666667
0.525
0.5333333333333333
0.5416666666666666
0.55
0.5583333333333333
0.5666666666666667
0.575
0.5833333333333334
0.5916666666666667
0.6
0.6083333333333333
0.6166666666666667
0.625
0.6333333333333333
0.6416666666666667
0.65
0.6583333333333333
0.6666666666666666
0.675
0.6833333333333333
0.6916666666666667
0.7
0.7083333333333334
0.7166666666666667
0.725
0.7333333333333333
0.7416666666666667
0.75
0.7583333333333333
0.7666666666666667
0.775
0.7833333333333333
0.7916666666666666
0.8
0.8083333333333333
0.8166666666666667
0.825
0.8333333333333334
0.8416666666666667
0.85
0.8583333333333333
0.8666666666666667
0.875
0.8833333333333333
0.8916666666666667
0.9
0.9083333333333333
0.9166666666666666
0.925
0.9333333333333333
0.9416666666666667
0.9421487603305785
0.9504132231404959
0.9586776859504132
0.9669421487603306
0.9752066115702479
0.9834710743801653
0.9917355371900827
1.0
1.0
1.0
1.0
1.0
1.0
1.0
1.0
1.0
1.0
1.0
1.0
1.0
1.0
1.0
1.0
1.0
1.0
1.0
1.0
1.0
1.0
1.0
1.0
1.0
1.0
1.0
1.0
1.0
1.0
1.0
1.0
1.0
1.0
1.0
1.0
1.0
1.0
0.325
0.3333333333333333
0.3416666666666667
0.35
0.35833333333333334
0.36666666666666664
0.375
0.38333333333333336
0.39166666666666666
0.4
0.4083333333333333
0.4166666666666667
0.425
0.43333333333333335
0.44166666666666665
0.45
0.4583333333333333
0.4666666666666667
0.475
0.48333333333333334
0.49166666666666664
0.5
0.5083333333333333
0.5166666666666667
0.525
0.5333333333333333
0.5416666666666666
0.55
0.5583333333333333
0.5666666666666667
0.575
0.5833333333333334
0.5916666666666667
0.6
0.6083333333333333
0.6166666666666667
0.625
0.6333333333333333
0.6416666666666667
0.65
0.6583333333333333
0.6666666666666666
0.675
0.6833333333333333
0.6916666666666667
0.7
0.7083333333333334
0.7166666666666667
0.725
0.7333333333333333
0.7416666666666667
0.75
0.7583333333333333
0.7666666666666667
0.775
0.7833333333333333
0.7916666666666666
0.8
0.8083333333333333
0.8166666666666667
0.825
0.8333333333333334
0.8416666666666667
0.85
0.8583333333333333
0.8666666666666667
0.875
0.8833333333333333
0.8916666666666667
0.9
0.9083333333333333
0.9166666666666666
0.925
0.9333333333333333
0.9416666666666667
0.9421487603305785
0.9504132231404959
0.9586776859504132
0.9669421487603306
0.9752066115702479
0.9834710743801653
0.9917355371900827
1.0
1.0
1.0
1.0
1.0
1.0
1.0
1.0
1.0
1.0
1.0
1.0
1.0
1.0
1.0
1.0
1.0
1.0
1.0
1.0
1.0
1.0
1.0
1.0
1.0
1.0
1.0
1.0
1.0
1.0
1.0
1.0
1.0
1.0
1.0
1.0
1.0
1.0
0.325
0.3333333333333333
0.3416666666666667
0.35
0.35833333333333334
0.36666666666666664
0.375
0.38333333333333336
0.39166666666666666
0.4
0.4083333333333333
0.4166666666666667
0.425
0.43333333333333335
0.44166666666666665
0.45
0.4583333333333333
0.4666666666666667
0.475
0.48333333333333334
0.49166666666666664
0.5
0.5083333333333333
0.5166666666666667
0.525
0.5333333333333333
0.5416666666666666
0.55
0.5583333333333333
0.5666666666666667
0.575
0.5833333333333334
0.5916666666666667
0.6
0.6083333333333333
0.6166666666666667
0.625
0.6333333333333333
0.6416666666666667
0.65
0.6583333333333333
0.6666666666666666
0.675
0.6833333333333333
0.6916666666666667
0.7
0.7083333333333334
0.7166666666666667
0.725
0.7333333333333333
0.7416666666666667
0.75
0.7583333333333333
0.7666666666666667
0.775
0.7833333333333333
0.7916666666666666
0.8
0.8083333333333333
0.8166666666666667
0.825
0.8333333333333334
0.8416666666666667
0.85
0.8583333333333333
0.8666666666666667
0.875
0.8833333333333333
0.8916666666666667
0.9
0.9083333333333333
0.9166666666666666
0.925
0.9333333333333333
0.9416666666666667
0.9421487603305785
0.9504132231404959
0.9586776859504132
0.9669421487603306
0.9752066115702479
0.9834710743801653
0.9917355371900827
1.0
1.0
1.0
1.0
1.0
1.0
1.0
1.0
1.0
1.0
1.0
1.0
1.0
1.0
1.0
1.0
1.0
1.0
1.0
1.0
1.0
1.0
1.0
1.0
1.0
1.0
1.0
1.0
1.0
1.0
1.0
1.0
1.0
1.0
1.0
1.0
1.0
1.0
0.325
0.3333333333333333
0.3416666666666667
0.35
0.35833333333333334
0.36666666666666664
0.375
0.38333333333333336
0.39166666666666666
0.4
0.4083333333333333
0.4166666666666667
0.425
0.43333333333333335
0.44166666666666665
0.45
0.4583333333333333
0.4666666666666667
0.475
0.48333333333333334
0.49166666666666664
0.5
0.5083333333333333
0.5166666666666667
0.525
0.5333333333333333
0.5416666666666666
0.55
0.5583333333333333
0.5666666666666667
0.575
0.5833333333333334
0.5916666666666667
0.6
0.6083333333333333
0.6166666666666667
0.625
0.6333333333333333
0.6416666666666667
0.65
0.6583333333333333
0.6666666666666666
0.675
0.6833333333333333
0.6916666666666667
0.7
0.7083333333333334
0.7166666666666667
0.725
0.7333333333333333
0.7416666666666667
0.75
0.7583333333333333
0.7666666666666667
0.775
0.7833333333333333
0.7916666666666666
0.8
0.8083333333333333
0.8166666666666667
0.825
0.8333333333333334
0.8416666666666667
0.85
0.8583333333333333
0.8666666666666667
0.875
0.8833333333333333
0.8916666666666667
0.9
0.9083333333333333
0.9166666666666666
0.925
0.9333333333333333
0.9416666666666667
0.9421487603305785
0.9504132231404959
0.9586776859504132
0.9669421487603306
0.9752066115702479
0.9834710743801653
0.9917355371900827
1.0
1.0
1.0
1.0
1.0
1.0
1.0
1.0
1.0
1.0
1.0
1.0
1.0
1.0
1.0
1.0
1.0
1.0
1.0
1.0
1.0
1.0
1.0
1.0
1.0
1.0
1.0
1.0
1.0
1.0
1.0
1.0
1.0
1.0
1.0
1.0
1.0
1.0
0.325
0.3333333333333333
0.3416666666666667
0.35
0.35833333333333334
0.36666666666666664
0.375
0.38333333333333336
0.39166666666666666
0.4
0.4083333333333333
0.4166666666666667
0.425
0.43333333333333335
0.44166666666666665
0.45
0.4583333333333333
0.4666666666666667
0.475
0.48333333333333334
0.49166666666666664
0.5
0.5083333333333333
0.5166666666666667
0.525
0.5333333333333333
0.5416666666666666
0.55
0.5583333333333333
0.5666666666666667
0.575
0.5833333333333334
0.5916666666666667
0.6
0.6083333333333333
0.6166666666666667
0.625
0.6333333333333333
0.6416666666666667
0.65
0.6583333333333333
0.6666666666666666
0.675
0.6833333333333333
0.6916666666666667
0.7
0.7083333333333334
0.7166666666666667
0.725
0.7333333333333333
0.7416666666666667
0.75
0.7583333333333333
0.7666666666666667
0.775
0.7833333333333333
0.7916666666666666
0.8
0.8083333333333333
0.8166666666666667
0.825
0.8333333333333334
0.8416666666666667
0.85
0.8583333333333333
0.8666666666666667
0.875
0.8833333333333333
0.8916666666666667
0.9
0.9083333333333333
0.9166666666666666
0.925
0.9333333333333333
0.9416666666666667
0.9421487603305785
0.9504132231404959
0.9586776859504132
0.9669421487603306
0.9752066115702479
0.9834710743801653
0.9917355371900827
1.0
1.0
1.0
1.0
1.0
1.0
1.0
1.0
1.0
1.0
1.0
1.0
1.0
1.0
1.0
1.0
1.0
1.0
1.0
1.0
1.0
1.0
1.0
1.0
1.0
1.0
1.0
1.0
1.0
1.0
1.0
1.0
1.0
1.0
1.0
1.0
1.0
1.0
0.325
0.3333333333333333
0.3416666666666667
0.35
0.35833333333333334
0.36666666666666664
0.375
0.38333333333333336
0.39166666666666666
0.4
0.4083333333333333
0.4166666666666667
0.425
0.43333333333333335
0.44166666666666665
0.45
0.4583333333333333
0.4666666666666667
0.475
0.48333333333333334
0.49166666666666664
0.5
0.5083333333333333
0.5166666666666667
0.525
0.5333333333333333
0.5416666666666666
0.55
0.5583333333333333
0.5666666666666667
0.575
0.5833333333333334
0.5916666666666667
0.6
0.6083333333333333
0.6166666666666667
0.625
0.6333333333333333
0.6416666666666667
0.65
0.6583333333333333
0.6666666666666666
0.675
0.6833333333333333
0.6916666666666667
0.7
0.7083333333333334
0.7166666666666667
0.725
0.7333333333333333
0.7416666666666667
0.75
0.7583333333333333
0.7666666666666667
0.775
0.7833333333333333
0.7916666666666666
0.8
0.8083333333333333
0.8166666666666667
0.825
0.8333333333333334
0.8416666666666667
0.85
0.8583333333333333
0.8666666666666667
0.875
0.8833333333333333
0.8916666666666667
0.9
0.9083333333333333
0.9166666666666666
0.925
0.9333333333333333
0.9416666666666667
0.9421487603305785
0.9504132231404959
0.9586776859504132
0.9669421487603306
0.9752066115702479
0.9834710743801653
0.9917355371900827
