1.0
1.0
1.0
1.0
1.0
1.0
1.0
1.0
1.0
1.0
1.0
1.0
1.0
1.0
1.0
1.0
1.0
1.0
1.0
0.2597402597402597
0.2727272727272727
0.2857142857142857
0.2987012987012987
0.3116883116883117
0.3246753246753247
0.33766233766233766
0.35064935064935066
0.36363636363636365
0.37662337662337664
0.38961038961038963
0.4025974025974026
0.4155844155844156
0.42857142857142855
0.44155844155844154
0.45454545454545453
0.4675324675324675
0.4805194805194805
0.4935064935064935
0.5064935064935064
0.5194805194805194
0.5324675324675324
0.5454545454545454
0.5584415584415584
0.5714285714285714
0.5844155844155844
0.5974025974025974
0.6103896103896104
0.6233766233766234
0.6363636363636364
0.6493506493506493
0.6623376623376623
0.6753246753246753
0.6883116883116883
0.7012987012987013
0.7142857142857143
0.7272727272727273
0.7402597402597403
0.7532467532467533
0.7662337662337663
0.7792207792207793
0.7922077922077922
0.8051948051948052
0.8181818181818182
0.8311688311688312
0.8441558441558441
0.8571428571428571
0.8701298701298701
0.8831168831168831
0.8961038961038961
0.9090909090909091
0.9102564102564102
0.9113924050632911
0.9125
0.9135802469135802
0.9146341463414634
0.9156626506024096
0.9166666666666666
0.9176470588235294
0.9186046511627907
0.9195402298850575
0.9204545454545454
0.9213483146067416
0.9222222222222223
0.9230769230769231
0.9239130434782609
0.9247311827956989
0.925531914893617
0.9263157894736842
0.9270833333333334
0.9278350515463918
0.9381443298969072
0.9484536082474226
0.9587628865979382
0.9690721649484536
0.979381443298969
0.9896907216494846
0.9897959183673469
1.0
1.0
1.0
1.0
1.0
1.0
1.0
1.0
1.0
1.0
1.0
1.0
1.0
1.0
1.0
1.0
1.0
1.0
1.0
0.2597402597402597
0.2727272727272727
0.2857142857142857
0.2987012987012987
0.3116883116883117
0.3246753246753247
0.33766233766233766
0.35064935064935066
0.36363636363636365
0.37662337662337664
0.38961038961038963
0.4025974025974026
0.4155844155844156
0.42857142857142855
0.44155844155844154
0.45454545454545453
0.4675324675324675
0.4805194805194805
0.4935064935064935
0.5064935064935064
0.5194805194805194
0.5324675324675324
0.5454545454545454
0.5584415584415584
0.5714285714285714
0.5844155844155844
0.5974025974025974
0.6103896103896104
0.6233766233766234
0.6363636363636364
0.6493506493506493
0.6623376623376623
0.6753246753246753
0.6883116883116883
0.7012987012987013
0.7142857142857143
0.7272727272727273
0.7402597402597403
0.7532467532467533
0.7662337662337663
0.7792207792207793
0.7922077922077922
0.8051948051948052
0.8181818181818182
0.8311688311688312
0.8441558441558441
0.8571428571428571
0.8701298701298701
0.8831168831168831
0.8961038961038961
0.9090909090909091
0.9102564102564102
0.9113924050632911
0.9125
0.9135802469135802
0.9146341463414634
0.9156626506024096
0.9166666666666666
0.9176470588235294
0.9186046511627907
0.9195402298850575
0.9204545454545454
0.9213483146067416
0.9222222222222223
0.9230769230769231
0.9239130434782609
0.9247311827956989
0.925531914893617
0.9263157894736842
0.9270833333333334
0.9278350515463918
0.9381443298969072
0.9484536082474226
0.9587628865979382
0.9690721649484536
0.979381443298969
0.9896907216494846
0.9897959183673469
1.0
1.0
1.0
1.0
1.0
1.0
1.0
1.0
1.0
1.0
1.0
1.0
1.0
1.0
1.0
1.0
1.0
1.0
1.0
0.32786885245901637
0.3442622950819672
0.36065573770491804
0.3770491803278688
0.39344262295081966
0.4098360655737705
0.4262295081967213
0.4426229508196721
0.45901639344262296
0.47540983606557374
0.4918032786885246
0.5081967213114754
0.5245901639344263
0.5409836065573771
0.5573770491803278
0.5737704918032787
0.5901639344262295
0.6065573770491803
0.6229508196721312
0.639344262295082
0.6557377049180327
0.6721311475409836
0.6885245901639344
0.7049180327868853
0.7213114754098361
0.7377049180327869
0.7540983606557377
0.7704918032786885
0.7868852459016393
0.8032786885245902
0.819672131147541
0.8360655737704918
0.8524590163934426
0.8688524590163934
0.8852459016393442
0.9016393442622951
0.9180327868852459
0.9344262295081968
0.9508196721311475
0.9672131147540983
0.9836065573770492
1.0
1.0
1.0
1.0
1.0
1.0
1.0
1.0
1.0
1.0
1.0
1.0
1.0
1.0
1.0
1.0
1.0
1.0
1.0
1.0
0.2597402597402597
0.2727272727272727
0.2857142857142857
0.2987012987012987
0.3116883116883117
0.3246753246753247
0.33766233766233766
0.35064935064935066
0.36363636363636365
0.37662337662337664
0.38961038961038963
0.4025974025974026
0.4155844155844156
0.42857142857142855
0.44155844155844154
0.45454545454545453
0.4675324675324675
0.4805194805194805
0.4935064935064935
0.5064935064935064
0.5194805194805194
0.5324675324675324
0.5454545454545454
0.5584415584415584
0.5714285714285714
0.5844155844155844
0.5974025974025974
0.6103896103896104
0.6233766233766234
0.6363636363636364
0.6493506493506493
0.6623376623376623
0.6753246753246753
0.6883116883116883
0.7012987012987013
0.7142857142857143
0.7272727272727273
0.7402597402597403
0.7532467532467533
0.7662337662337663
0.7792207792207793
0.7922077922077922
0.8051948051948052
0.8181818181818182
0.8311688311688312
0.8441558441558441
0.8571428571428571
0.8701298701298701
0.8831168831168831
0.8961038961038961
0.9090909090909091
0.9102564102564102
0.9113924050632911
0.9125
0.9135802469135802
0.9146341463414634
0.9156626506024096
0.9166666666666666
0.9176470588235294
0.9186046511627907
0.9195402298850575
0.9204545454545454
0.9213483146067416
0.9222222222222223
0.9230769230769231
0.9239130434782609
0.9247311827956989
0.925531914893617
0.9263157894736842
0.9270833333333334
0.9278350515463918
0.9381443298969072
0.9484536082474226
0.9587628865979382
0.9690721649484536
0.979381443298969
0.9896907216494846
0.9897959183673469
1.0
1.0
1.0
1.0
1.0
1.0
1.0
1.0
1.0
1.0
1.0
1.0
1.0
1.0
1.0
1.0
1.0
1.0
1.0
0.2597402597402597
0.2727272727272727
0.2857142857142857
0.2987012987012987
0.3116883116883117
0.3246753246753247
0.33766233766233766
0.35064935064935066
0.36363636363636365
0.37662337662337664
0.38961038961038963
0.4025974025974026
0.4155844155844156
0.42857142857142855
0.44155844155844154
0.45454545454545453
0.4675324675324675
0.4805194805194805
0.4935064935064935
0.5064935064935064
0.5194805194805194
0.5324675324675324
0.5454545454545454
0.5584415584415584
0.5714285714285714
0.5844155844155844
0.5974025974025974
0.6103896103896104
0.6233766233766234
0.6363636363636364
0.6493506493506493
0.6623376623376623
0.6753246753246753
0.6883116883116883
0.7012987012987013
0.7142857142857143
0.7272727272727273
0.7402597402597403
0.7532467532467533
0.7662337662337663
0.7792207792207793
0.7922077922077922
0.8051948051948052
0.8181818181818182
0.8311688311688312
0.8441558441558441
0.8571428571428571
0.8701298701298701
0.8831168831168831
0.8961038961038961
0.9090909090909091
0.9102564102564102
0.9113924050632911
0.9125
0.9135802469135802
0.9146341463414634
0.9156626506024096
0.9166666666666666
0.9176470588235294
0.9186046511627907
0.9195402298850575
0.9204545454545454
0.9213483146067416
0.9222222222222223
0.9230769230769231
0.9239130434782609
0.9247311827956989
0.925531914893617
0.9263157894736842
0.9270833333333334
0.9278350515463918
1.0
1.0
1.0
1.0
1.0
1.0
1.0
1.0
1.0
1.0
1.0
1.0
1.0
1.0
1.0
1.0
1.0
1.0
1.0
0.2597402597402597
0.2727272727272727
0.2857142857142857
0.2987012987012987
0.3116883116883117
0.3246753246753247
0.33766233766233766
0.35064935064935066
0.36363636363636365
0.37662337662337664
0.38961038961038963
0.4025974025974026
0.4155844155844156
0.42857142857142855
0.44155844155844154
0.45454545454545453
0.4675324675324675
0.4805194805194805
0.4935064935064935
0.5064935064935064
0.5194805194805194
0.5324675324675324
0.5454545454545454
0.5584415584415584
0.5714285714285714
0.5844155844155844
0.5974025974025974
0.6103896103896104
0.6233766233766234
0.6363636363636364
0.6493506493506493
0.6623376623376623
0.6753246753246753
0.6883116883116883
0.7012987012987013
0.7142857142857143
0.7272727272727273
0.7402597402597403
0.7532467532467533
0.7662337662337663
0.7792207792207793
0.7922077922077922
0.8051948051948052
0.8181818181818182
0.8311688311688312
0.8441558441558441
0.8571428571428571
0.8701298701298701
0.8831168831168831
0.8961038961038961
0.9090909090909091
0.9102564102564102
0.9113924050632911
0.9125
0.9135802469135802
0.9146341463414634
0.9156626506024096
0.9166666666666666
0.9176470588235294
0.9186046511627907
0.9195402298850575
0.9204545454545454
0.9213483146067416
0.9222222222222223
0.9230769230769231
0.9239130434782609
0.9247311827956989
0.925531914893617
0.9263157894736842
0.9270833333333334
0.9278350515463918
0.9381443298969072
0.9484536082474226
0.9587628865979382
0.9690721649484536
0.979381443298969
0.9896907216494846
0.9897959183673469
1.0
1.0
1.0
1.0
1.0
1.0
1.0
1.0
1.0
1.0
1.0
1.0
1.0
1.0
1.0
1.0
1.0
1.0
1.0
0.2597402597402597
0.2727272727272727
0.2857142857142857
0.2987012987012987
0.3116883116883117
0.3246753246753247
0.33766233766233766
0.35064935064935066
0.36363636363636365
0.37662337662337664
0.38961038961038963
0.4025974025974026
0.4155844155844156
0.42857142857142855
0.44155844155844154
0.45454545454545453
0.4675324675324675
0.4805194805194805
0.4935064935064935
0.5064935064935064
0.5194805194805194
0.5324675324675324
0.5454545454545454
0.5584415584415584
0.5714285714285714
0.5844155844155844
0.5974025974025974
0.6103896103896104
0.6233766233766234
0.6363636363636364
0.6493506493506493
0.6623376623376623
0.6753246753246753
0.6883116883116883
0.7012987012987013
0.7142857142857143
0.7272727272727273
0.7402597402597403
0.7532467532467533
0.7662337662337663
0.7792207792207793
0.7922077922077922
0.8051948051948052
0.8181818181818182
0.8311688311688312
0.8441558441558441
0.8571428571428571
0.8701298701298701
0.8831168831168831
0.8961038961038961
0.9090909090909091
0.9102564102564102
0.9113924050632911
0.9125
0.9135802469135802
0.9146341463414634
0.9156626506024096
0.9166666666666666
0.9176470588235294
0.9186046511627907
0.9195402298850575
0.9204545454545454
0.9213483146067416
0.9222222222222223
0.9230769230769231
0.9239130434782609
0.9247311827956989
0.925531914893617
0.9263157894736842
0.9270833333333334
0.9278350515463918
0.9381443298969072
0.9484536082474226
0.9587628865979382
0.9690721649484536
0.979381443298969
0.9896907216494846
0.9897959183673469
