1.0
1.0
1.0
1.0
1.0
1.0
1.0
1.0
1.0
0.4166666666666667
0.44
0.46153846153846156
0.48148148148148145
0.5
0.5172413793103449
0.5333333333333333
0.5483870967741935
1.0
1.0
1.0
1.0
1.0
1.0
1.0
1.0
1.0
0.4166666666666667
0.44
0.46153846153846156
0.48148148148148145
0.5
0.5172413793103449
0.5333333333333333
0.5483870967741935
1.0
1.0
1.0
1.0
1.0
1.0
1.0
1.0
1.0
1.0
1.0
1.0
1.0
1.0
1.0
1.0
1.0
1.0
0.4166666666666667
0.44
0.46153846153846156
0.48148148148148145
0.5
0.5172413793103449
0.5333333333333333
0.5483870967741935
1.0
1.0
1.0
1.0
1.0
1.0
1.0
1.0
1.0
0.4166666666666667
0.44
0.46153846153846156
0.48148148148148145
0.5
0.5172413793103449
0.5333333333333333
0.5483870967741935
1.0
1.0
1.0
1.0
1.0
1.0
1.0
1.0
1.0
0.4166666666666667
0.44
0.46153846153846156
0.48148148148148145
0.5
0.5172413793103449
0.5333333333333333
0.5483870967741935
1.0
1.0
1.0
1.0
1.0
1.0
1.0
1.0
1.0
0.4166666666666667
0.44
0.46153846153846156
0.48148148148148145
0.5
0.5172413793103449
0.5333333333333333
0.5483870967741935
