1.0
1.0
1.0
1.0
1.0
1.0
1.0
1.0
1.0
1.0
1.0
1.0
1.0
1.0
1.0
1.0
0.38636363636363635
0.4
0.2714285714285714
0.28169014084507044
0.19626168224299065
0.2037037037037037
0.20535714285714285
0.17647058823529413
0.18382352941176472
0.19117647058823528
0.19852941176470587
0.20588235294117646
0.21323529411764705
0.22058823529411764
0.22794117647058823
0.23529411764705882
0.2426470588235294
0.25
0.25735294117647056
0.2647058823529412
0.27205882352941174
0.27941176470588236
0.2867647058823529
0.29411764705882354
0.3014705882352941
0.3088235294117647
0.3161764705882353
0.3235294117647059
0.33088235294117646
0.3357664233576642
0.34057971014492755
0.34532374100719426
0.35
0.3546099290780142
0.3591549295774648
0.36363636363636365
0.3706293706293706
1.0
1.0
1.0
1.0
1.0
1.0
1.0
1.0
1.0
1.0
1.0
1.0
1.0
1.0
1.0
1.0
0.38636363636363635
0.4
0.2714285714285714
0.28169014084507044
0.19626168224299065
0.2037037037037037
0.20535714285714285
0.17647058823529413
0.18382352941176472
0.19117647058823528
0.19852941176470587
0.20588235294117646
0.21323529411764705
0.22058823529411764
0.22794117647058823
0.23529411764705882
0.2426470588235294
0.25
0.25735294117647056
0.2647058823529412
0.27205882352941174
0.27941176470588236
0.2867647058823529
0.29411764705882354
0.3014705882352941
0.3088235294117647
0.3161764705882353
0.3235294117647059
0.33088235294117646
0.3357664233576642
0.34057971014492755
0.34532374100719426
0.35
0.3546099290780142
0.3591549295774648
0.36363636363636365
0.3706293706293706
1.0
1.0
1.0
1.0
1.0
1.0
1.0
1.0
1.0
1.0
1.0
1.0
1.0
1.0
1.0
1.0
1.0
1.0
1.0
1.0
1.0
1.0
1.0
1.0
1.0
1.0
1.0
1.0
1.0
1.0
1.0
1.0
1.0
1.0
1.0
1.0
1.0
1.0
1.0
0.38636363636363635
0.4
0.2714285714285714
0.28169014084507044
0.19626168224299065
0.2037037037037037
0.20535714285714285
0.17647058823529413
0.18382352941176472
0.19117647058823528
0.19852941176470587
0.20588235294117646
0.21323529411764705
0.22058823529411764
0.22794117647058823
0.23529411764705882
0.2426470588235294
0.25
0.25735294117647056
0.2647058823529412
0.27205882352941174
0.27941176470588236
0.2867647058823529
0.29411764705882354
0.3014705882352941
0.3088235294117647
0.3161764705882353
0.3235294117647059
0.33088235294117646
0.3357664233576642
0.34057971014492755
0.34532374100719426
0.35
0.3546099290780142
0.3591549295774648
0.36363636363636365
0.3706293706293706
1.0
1.0
1.0
1.0
1.0
1.0
1.0
1.0
1.0
1.0
1.0
1.0
1.0
1.0
1.0
1.0
0.38636363636363635
0.4
0.2714285714285714
0.28169014084507044
0.19626168224299065
0.2037037037037037
0.20535714285714285
0.17647058823529413
0.18382352941176472
0.19117647058823528
0.19852941176470587
0.20588235294117646
0.21323529411764705
0.22058823529411764
0.22794117647058823
0.23529411764705882
0.2426470588235294
0.25
0.25735294117647056
0.2647058823529412
0.27205882352941174
0.27941176470588236
0.2867647058823529
0.29411764705882354
0.3014705882352941
0.3088235294117647
0.3161764705882353
0.3235294117647059
0.33088235294117646
0.3357664233576642
0.34057971014492755
0.34532374100719426
0.35
0.3546099290780142
0.3591549295774648
0.36363636363636365
0.3706293706293706
1.0
1.0
1.0
1.0
1.0
1.0
1.0
1.0
1.0
1.0
1.0
1.0
1.0
1.0
1.0
1.0
0.38636363636363635
0.4
0.2714285714285714
0.28169014084507044
0.19626168224299065
0.2037037037037037
0.20535714285714285
0.17647058823529413
0.18382352941176472
0.19117647058823528
0.19852941176470587
0.20588235294117646
0.21323529411764705
0.22058823529411764
0.22794117647058823
0.23529411764705882
0.2426470588235294
0.25
0.25735294117647056
0.2647058823529412
0.27205882352941174
0.27941176470588236
0.2867647058823529
0.29411764705882354
0.3014705882352941
0.3088235294117647
0.3161764705882353
0.3235294117647059
0.33088235294117646
0.3357664233576642
0.34057971014492755
0.34532374100719426
0.35
0.3546099290780142
0.3591549295774648
0.36363636363636365
0.3706293706293706
1.0
1.0
1.0
1.0
1.0
1.0
1.0
1.0
1.0
1.0
1.0
1.0
1.0
1.0
1.0
1.0
0.38636363636363635
0.4
0.2714285714285714
0.28169014084507044
0.19626168224299065
0.2037037037037037
0.20535714285714285
0.17647058823529413
0.18382352941176472
0.19117647058823528
0.19852941176470587
0.20588235294117646
0.21323529411764705
0.22058823529411764
0.22794117647058823
0.23529411764705882
0.2426470588235294
0.25
0.25735294117647056
0.2647058823529412
0.27205882352941174
0.27941176470588236
0.2867647058823529
0.29411764705882354
0.3014705882352941
0.3088235294117647
0.3161764705882353
0.3235294117647059
0.33088235294117646
0.3357664233576642
0.34057971014492755
0.34532374100719426
0.35
0.3546099290780142
0.3591549295774648
0.36363636363636365
0.3706293706293706
