1.0
1.0
1.0
1.0
1.0
1.0
1.0
1.0
0.34615384615384615
0.37037037037037035
0.39285714285714285
0.41379310344827586
0.43333333333333335
0.45161290322580644
0.46875
0.48484848484848486
0.5
0.5142857142857142
0.4523809523809524
0.47619047619047616
0.5
0.5238095238095238
0.5476190476190477
0.5714285714285714
0.5952380952380952
0.6190476190476191
0.6428571428571429
0.6666666666666666
0.6904761904761905
0.7142857142857143
0.7380952380952381
0.7619047619047619
0.7857142857142857
0.8095238095238095
0.8333333333333334
0.8571428571428571
0.8604651162790697
0.8636363636363636
0.8666666666666667
0.8695652173913043
0.8723404255319149
0.875
0.8775510204081632
0.88
0.8823529411764706
0.8846153846153846
0.8867924528301887
0.24489795918367346
0.25
0.25510204081632654
0.2602040816326531
0.2653061224489796
0.27040816326530615
0.2755102040816326
0.28061224489795916
0.2857142857142857
0.29081632653061223
0.29591836734693877
0.3010204081632653
0.30612244897959184
0.3112244897959184
0.3163265306122449
0.32142857142857145
0.32653061224489793
0.33163265306122447
0.336734693877551
0.34183673469387754
0.3469387755102041
0.3520408163265306
0.35714285714285715
0.3622448979591837
0.3673469387755102
0.37244897959183676
0.37755102040816324
0.3826530612244898
0.3877551020408163
0.39285714285714285
0.3979591836734694
0.4030612244897959
0.40816326530612246
0.413265306122449
0.41836734693877553
0.42346938775510207
0.42857142857142855
0.4336734693877551
0.4387755102040816
0.44387755102040816
0.4489795918367347
0.45408163265306123
0.45918367346938777
0.4642857142857143
0.46938775510204084
0.4744897959183674
0.47959183673469385
0.4846938775510204
0.4897959183673469
0.49489795918367346
0.5
0.5051020408163265
0.5102040816326531
0.5153061224489796
0.5204081632653061
0.5255102040816326
0.5306122448979592
0.5357142857142857
0.5408163265306123
0.5459183673469388
0.5510204081632653
0.5561224489795918
0.5612244897959183
0.5663265306122449
0.5714285714285714
0.576530612244898
0.5816326530612245
0.5867346938775511
0.5918367346938775
0.5969387755102041
0.6020408163265306
0.6071428571428571
0.6122448979591837
0.6173469387755102
0.6224489795918368
0.6275510204081632
0.6326530612244898
0.6377551020408163
0.6428571428571429
0.6479591836734694
0.6530612244897959
0.6581632653061225
0.6632653061224489
0.6683673469387755
0.6700507614213198
0.6717171717171717
0.6733668341708543
0.675
0.6766169154228856
0.6782178217821783
0.6798029556650246
0.6813725490196079
0.6829268292682927
0.6844660194174758
0.6859903381642513
0.6875
0.6889952153110048
0.6904761904761905
0.6919431279620853
0.6933962264150944
0.6948356807511737
0.6962616822429907
0.6976744186046512
0.6990740740740741
1.0
1.0
1.0
1.0
1.0
1.0
1.0
1.0
0.34615384615384615
0.37037037037037035
0.39285714285714285
0.41379310344827586
0.43333333333333335
0.45161290322580644
0.46875
0.48484848484848486
0.5
0.5142857142857142
0.4523809523809524
0.47619047619047616
0.5
0.5238095238095238
0.5476190476190477
0.5714285714285714
0.5952380952380952
0.6190476190476191
0.6428571428571429
0.6666666666666666
0.6904761904761905
0.7142857142857143
0.7380952380952381
0.7619047619047619
0.7857142857142857
0.8095238095238095
0.8333333333333334
0.8571428571428571
0.8604651162790697
0.8636363636363636
0.8666666666666667
0.8695652173913043
0.8723404255319149
0.875
0.8775510204081632
0.88
0.8823529411764706
0.8846153846153846
0.8867924528301887
0.24489795918367346
0.25
0.25510204081632654
0.2602040816326531
0.2653061224489796
0.27040816326530615
0.2755102040816326
0.28061224489795916
0.2857142857142857
0.29081632653061223
0.29591836734693877
0.3010204081632653
0.30612244897959184
0.3112244897959184
0.3163265306122449
0.32142857142857145
0.32653061224489793
0.33163265306122447
0.336734693877551
0.34183673469387754
0.3469387755102041
0.3520408163265306
0.35714285714285715
0.3622448979591837
0.3673469387755102
0.37244897959183676
0.37755102040816324
0.3826530612244898
0.3877551020408163
0.39285714285714285
0.3979591836734694
0.4030612244897959
0.40816326530612246
0.413265306122449
0.41836734693877553
0.42346938775510207
0.42857142857142855
0.4336734693877551
0.4387755102040816
0.44387755102040816
0.4489795918367347
0.45408163265306123
0.45918367346938777
0.4642857142857143
0.46938775510204084
0.4744897959183674
0.47959183673469385
0.4846938775510204
0.4897959183673469
0.49489795918367346
0.5
0.5051020408163265
0.5102040816326531
0.5153061224489796
0.5204081632653061
0.5255102040816326
0.5306122448979592
0.5357142857142857
0.5408163265306123
0.5459183673469388
0.5510204081632653
0.5561224489795918
0.5612244897959183
0.5663265306122449
0.5714285714285714
0.576530612244898
0.5816326530612245
0.5867346938775511
0.5918367346938775
0.5969387755102041
0.6020408163265306
0.6071428571428571
0.6122448979591837
0.6173469387755102
0.6224489795918368
0.6275510204081632
0.6326530612244898
0.6377551020408163
0.6428571428571429
0.6479591836734694
0.6530612244897959
0.6581632653061225
0.6632653061224489
0.6683673469387755
0.6700507614213198
0.6717171717171717
0.6733668341708543
0.675
0.6766169154228856
0.6782178217821783
0.6798029556650246
0.6813725490196079
0.6829268292682927
0.6844660194174758
0.6859903381642513
0.6875
0.6889952153110048
0.6904761904761905
0.6919431279620853
0.6933962264150944
0.6948356807511737
0.6962616822429907
0.6976744186046512
0.6990740740740741
1.0
1.0
1.0
1.0
1.0
1.0
1.0
1.0
0.34615384615384615
0.37037037037037035
0.39285714285714285
0.41379310344827586
0.43333333333333335
0.45161290322580644
0.46875
0.48484848484848486
0.5
0.5142857142857142
0.4523809523809524
0.47619047619047616
0.5
0.5238095238095238
0.5476190476190477
0.5714285714285714
0.5952380952380952
0.6190476190476191
0.6428571428571429
0.6666666666666666
0.6904761904761905
0.7142857142857143
0.7380952380952381
0.7619047619047619
0.7857142857142857
0.8095238095238095
0.8333333333333334
0.8571428571428571
0.8604651162790697
0.8636363636363636
0.8666666666666667
0.8695652173913043
0.8723404255319149
0.875
0.8775510204081632
0.88
0.8823529411764706
0.8846153846153846
0.8867924528301887
0.24489795918367346
0.25
0.25510204081632654
0.2602040816326531
0.2653061224489796
0.27040816326530615
0.2755102040816326
0.28061224489795916
0.2857142857142857
0.29081632653061223
0.29591836734693877
0.3010204081632653
0.30612244897959184
0.3112244897959184
0.3163265306122449
0.32142857142857145
0.32653061224489793
0.33163265306122447
0.336734693877551
0.34183673469387754
0.3469387755102041
0.3520408163265306
0.35714285714285715
0.3622448979591837
0.3673469387755102
0.37244897959183676
0.37755102040816324
0.3826530612244898
0.3877551020408163
0.39285714285714285
0.3979591836734694
0.4030612244897959
0.40816326530612246
0.413265306122449
0.41836734693877553
0.42346938775510207
0.42857142857142855
0.4336734693877551
0.4387755102040816
0.44387755102040816
0.4489795918367347
0.45408163265306123
0.45918367346938777
0.4642857142857143
0.46938775510204084
0.4744897959183674
0.47959183673469385
0.4846938775510204
0.4897959183673469
0.49489795918367346
0.5
0.5051020408163265
0.5102040816326531
0.5153061224489796
0.5204081632653061
0.5255102040816326
0.5306122448979592
0.5357142857142857
0.5408163265306123
0.5459183673469388
0.5510204081632653
0.5561224489795918
0.5612244897959183
0.5663265306122449
0.5714285714285714
0.576530612244898
0.5816326530612245
0.5867346938775511
0.5918367346938775
0.5969387755102041
0.6020408163265306
0.6071428571428571
0.6122448979591837
0.6173469387755102
0.6224489795918368
0.6275510204081632
0.6326530612244898
0.6377551020408163
0.6428571428571429
0.6479591836734694
0.6530612244897959
0.6581632653061225
0.6632653061224489
0.6683673469387755
0.673469387755102
0.6785714285714286
0.6836734693877551
0.6887755102040817
0.6938775510204082
0.6989795918367347
0.7040816326530612
0.7091836734693877
0.7142857142857143
0.7193877551020408
0.7244897959183674
0.7295918367346939
0.7346938775510204
0.7397959183673469
0.7448979591836735
0.7461928934010152
0.7474747474747475
0.7487437185929648
0.75
0.7512437810945274
0.7524752475247525
0.7536945812807881
0.7549019607843137
0.7560975609756098
0.7572815533980582
0.7584541062801933
0.7596153846153846
0.7607655502392344
0.7619047619047619
0.7630331753554502
0.7641509433962265
0.7652582159624414
0.7663551401869159
0.7674418604651163
0.7685185185185185
1.0
1.0
1.0
1.0
1.0
1.0
1.0
1.0
0.34615384615384615
0.37037037037037035
0.39285714285714285
0.41379310344827586
0.43333333333333335
0.45161290322580644
0.46875
0.48484848484848486
0.5
0.5142857142857142
0.4523809523809524
0.47619047619047616
0.5
0.5238095238095238
0.5476190476190477
0.5714285714285714
0.5952380952380952
0.6190476190476191
0.6428571428571429
0.6666666666666666
0.6904761904761905
0.7142857142857143
0.7380952380952381
0.7619047619047619
0.7857142857142857
0.8095238095238095
0.8333333333333334
0.8571428571428571
0.8604651162790697
0.8636363636363636
0.8666666666666667
0.8695652173913043
0.8723404255319149
0.875
0.8775510204081632
0.88
0.8823529411764706
0.8846153846153846
0.8867924528301887
0.24489795918367346
0.25
0.25510204081632654
0.2602040816326531
0.2653061224489796
0.27040816326530615
0.2755102040816326
0.28061224489795916
0.2857142857142857
0.29081632653061223
0.29591836734693877
0.3010204081632653
0.30612244897959184
0.3112244897959184
0.3163265306122449
0.32142857142857145
0.32653061224489793
0.33163265306122447
0.336734693877551
0.34183673469387754
0.3469387755102041
0.3520408163265306
0.35714285714285715
0.3622448979591837
0.3673469387755102
0.37244897959183676
0.37755102040816324
0.3826530612244898
0.3877551020408163
0.39285714285714285
0.3979591836734694
0.4030612244897959
0.40816326530612246
0.413265306122449
0.41836734693877553
0.42346938775510207
0.42857142857142855
0.4336734693877551
0.4387755102040816
0.44387755102040816
0.4489795918367347
0.45408163265306123
0.45918367346938777
0.4642857142857143
0.46938775510204084
0.4744897959183674
0.47959183673469385
0.4846938775510204
0.4897959183673469
0.49489795918367346
0.5
0.5051020408163265
0.5102040816326531
0.5153061224489796
0.5204081632653061
0.5255102040816326
0.5306122448979592
0.5357142857142857
0.5408163265306123
0.5459183673469388
0.5510204081632653
0.5561224489795918
0.5612244897959183
0.5663265306122449
0.5714285714285714
0.576530612244898
0.5816326530612245
0.5867346938775511
0.5918367346938775
0.5969387755102041
0.6020408163265306
0.6071428571428571
0.6122448979591837
0.6173469387755102
0.6224489795918368
0.6275510204081632
0.6326530612244898
0.6377551020408163
0.6428571428571429
0.6479591836734694
0.6530612244897959
0.6581632653061225
0.6632653061224489
0.6683673469387755
0.673469387755102
0.6785714285714286
0.6836734693877551
0.6887755102040817
0.6938775510204082
0.6989795918367347
0.7040816326530612
0.7091836734693877
0.7142857142857143
0.7193877551020408
0.7244897959183674
0.7295918367346939
0.7346938775510204
0.7397959183673469
0.7448979591836735
0.7461928934010152
0.7474747474747475
0.7487437185929648
0.75
0.7512437810945274
0.7524752475247525
0.7536945812807881
0.7549019607843137
0.7560975609756098
0.7572815533980582
0.7584541062801933
0.7596153846153846
0.7607655502392344
0.7619047619047619
0.7630331753554502
0.7641509433962265
0.7652582159624414
0.7663551401869159
0.7674418604651163
0.7685185185185185
1.0
1.0
1.0
1.0
1.0
1.0
1.0
1.0
1.0
1.0
1.0
1.0
1.0
1.0
1.0
1.0
1.0
1.0
1.0
1.0
1.0
1.0
1.0
1.0
1.0
1.0
1.0
1.0
1.0
1.0
1.0
1.0
1.0
1.0
1.0
1.0
1.0
1.0
1.0
1.0
1.0
1.0
1.0
1.0
1.0
1.0
1.0
1.0
1.0
1.0
1.0
1.0
1.0
1.0
1.0
0.34615384615384615
0.37037037037037035
0.39285714285714285
0.41379310344827586
0.43333333333333335
0.45161290322580644
0.46875
0.48484848484848486
0.5
0.5142857142857142
0.4523809523809524
0.47619047619047616
0.5
0.5238095238095238
0.5476190476190477
0.5714285714285714
0.5952380952380952
0.6190476190476191
0.6428571428571429
0.6666666666666666
0.6904761904761905
0.7142857142857143
0.7380952380952381
0.7619047619047619
0.7857142857142857
0.8095238095238095
0.8333333333333334
0.8571428571428571
0.8604651162790697
0.8636363636363636
0.8666666666666667
0.8695652173913043
0.8723404255319149
0.875
0.8775510204081632
0.88
0.8823529411764706
0.8846153846153846
0.8867924528301887
0.24489795918367346
0.25
0.25510204081632654
0.2602040816326531
0.2653061224489796
0.27040816326530615
0.2755102040816326
0.28061224489795916
0.2857142857142857
0.29081632653061223
0.29591836734693877
0.3010204081632653
0.30612244897959184
0.3112244897959184
0.3163265306122449
0.32142857142857145
0.32653061224489793
0.33163265306122447
0.336734693877551
0.34183673469387754
0.3469387755102041
0.3520408163265306
0.35714285714285715
0.3622448979591837
0.3673469387755102
0.37244897959183676
0.37755102040816324
0.3826530612244898
0.3877551020408163
0.39285714285714285
0.3979591836734694
0.4030612244897959
0.40816326530612246
0.413265306122449
0.41836734693877553
0.42346938775510207
0.42857142857142855
0.4336734693877551
0.4387755102040816
0.44387755102040816
0.4489795918367347
0.45408163265306123
0.45918367346938777
0.4642857142857143
0.46938775510204084
0.4744897959183674
0.47959183673469385
0.4846938775510204
0.4897959183673469
0.49489795918367346
0.5
0.5051020408163265
0.5102040816326531
0.5153061224489796
0.5204081632653061
0.5255102040816326
0.5306122448979592
0.5329949238578681
0.5353535353535354
0.5376884422110553
0.54
0.5422885572139303
0.5445544554455446
0.5467980295566502
0.5490196078431373
0.551219512195122
0.5533980582524272
0.5555555555555556
0.5576923076923077
0.5598086124401914
0.5619047619047619
0.5639810426540285
0.5660377358490566
0.568075117370892
0.5700934579439252
0.5720930232558139
0.5740740740740741
1.0
1.0
1.0
1.0
1.0
1.0
1.0
1.0
1.0
1.0
1.0
1.0
1.0
1.0
1.0
1.0
1.0
1.0
1.0
1.0
1.0
1.0
1.0
1.0
1.0
1.0
1.0
1.0
1.0
1.0
1.0
1.0
1.0
1.0
1.0
1.0
1.0
1.0
1.0
1.0
1.0
1.0
1.0
1.0
1.0
1.0
1.0
1.0
1.0
1.0
1.0
1.0
1.0
1.0
1.0
0.34615384615384615
0.37037037037037035
0.39285714285714285
0.41379310344827586
0.43333333333333335
0.45161290322580644
0.46875
0.48484848484848486
0.5
0.5142857142857142
0.4523809523809524
0.47619047619047616
0.5
0.5238095238095238
0.5476190476190477
0.5714285714285714
0.5952380952380952
0.6190476190476191
0.6428571428571429
0.6666666666666666
0.6904761904761905
0.7142857142857143
0.7380952380952381
0.7619047619047619
0.7857142857142857
0.8095238095238095
0.8333333333333334
0.8571428571428571
0.8604651162790697
0.8636363636363636
0.8666666666666667
0.8695652173913043
0.8723404255319149
0.875
0.8775510204081632
0.88
0.8823529411764706
0.8846153846153846
0.8867924528301887
0.24489795918367346
0.25
0.25510204081632654
0.2602040816326531
0.2653061224489796
0.27040816326530615
0.2755102040816326
0.28061224489795916
0.2857142857142857
0.29081632653061223
0.29591836734693877
0.3010204081632653
0.30612244897959184
0.3112244897959184
0.3163265306122449
0.32142857142857145
0.32653061224489793
0.33163265306122447
0.336734693877551
0.34183673469387754
0.3469387755102041
0.3520408163265306
0.35714285714285715
0.3622448979591837
0.3673469387755102
0.37244897959183676
0.37755102040816324
0.3826530612244898
0.3877551020408163
0.39285714285714285
0.3979591836734694
0.4030612244897959
0.40816326530612246
0.413265306122449
0.41836734693877553
0.42346938775510207
0.42857142857142855
0.4336734693877551
0.4387755102040816
0.44387755102040816
0.4489795918367347
0.45408163265306123
0.45918367346938777
0.4642857142857143
0.46938775510204084
0.4744897959183674
0.47959183673469385
0.4846938775510204
0.4897959183673469
0.49489795918367346
0.5
0.5051020408163265
0.5102040816326531
0.5153061224489796
0.5204081632653061
0.5255102040816326
0.5306122448979592
0.5329949238578681
0.5353535353535354
0.5376884422110553
0.54
0.5422885572139303
0.5445544554455446
0.5467980295566502
0.5490196078431373
0.551219512195122
0.5533980582524272
0.5555555555555556
0.5576923076923077
0.5598086124401914
0.5619047619047619
0.5639810426540285
0.5660377358490566
0.568075117370892
0.5700934579439252
0.5720930232558139
0.5740740740740741
1.0
1.0
1.0
1.0
1.0
1.0
1.0
1.0
0.34615384615384615
0.37037037037037035
0.39285714285714285
0.41379310344827586
0.43333333333333335
0.45161290322580644
0.46875
0.48484848484848486
0.5
0.5142857142857142
0.4523809523809524
0.47619047619047616
0.5
0.5238095238095238
0.5476190476190477
0.5714285714285714
0.5952380952380952
0.6190476190476191
0.6428571428571429
0.6666666666666666
0.6904761904761905
0.7142857142857143
0.7380952380952381
0.7619047619047619
0.7857142857142857
0.8095238095238095
0.8333333333333334
0.8571428571428571
0.8604651162790697
0.8636363636363636
0.8666666666666667
0.8695652173913043
0.8723404255319149
0.875
0.8775510204081632
0.88
0.8823529411764706
0.8846153846153846
0.8867924528301887
0.24489795918367346
0.25
0.25510204081632654
0.2602040816326531
0.2653061224489796
0.27040816326530615
0.2755102040816326
0.28061224489795916
0.2857142857142857
0.29081632653061223
0.29591836734693877
0.3010204081632653
0.30612244897959184
0.3112244897959184
0.3163265306122449
0.32142857142857145
0.32653061224489793
0.33163265306122447
0.336734693877551
0.34183673469387754
0.3469387755102041
0.3520408163265306
0.35714285714285715
0.3622448979591837
1.0
1.0
1.0
1.0
1.0
1.0
1.0
1.0
0.34615384615384615
0.37037037037037035
0.39285714285714285
0.41379310344827586
0.43333333333333335
0.45161290322580644
0.46875
0.48484848484848486
0.5
0.5142857142857142
0.4523809523809524
0.47619047619047616
0.5
0.5238095238095238
0.5476190476190477
0.5714285714285714
0.5952380952380952
0.6190476190476191
0.6428571428571429
0.6666666666666666
0.6904761904761905
0.7142857142857143
0.7380952380952381
0.7619047619047619
0.7857142857142857
0.8095238095238095
0.8333333333333334
0.8571428571428571
0.8604651162790697
0.8636363636363636
0.8666666666666667
0.8695652173913043
0.8723404255319149
0.875
0.8775510204081632
0.88
0.8823529411764706
0.8846153846153846
0.8867924528301887
0.24489795918367346
0.25
0.25510204081632654
0.2602040816326531
0.2653061224489796
0.27040816326530615
0.2755102040816326
0.28061224489795916
0.2857142857142857
0.29081632653061223
0.29591836734693877
0.3010204081632653
0.30612244897959184
0.3112244897959184
0.3163265306122449
0.32142857142857145
0.32653061224489793
0.33163265306122447
0.336734693877551
0.34183673469387754
0.3469387755102041
0.3520408163265306
0.35714285714285715
0.3622448979591837
0.3673469387755102
0.37244897959183676
0.37755102040816324
0.3826530612244898
0.3877551020408163
0.39285714285714285
0.3979591836734694
0.4030612244897959
0.40816326530612246
0.413265306122449
0.41836734693877553
0.42346938775510207
0.42857142857142855
0.4336734693877551
0.4387755102040816
0.44387755102040816
0.4489795918367347
0.45408163265306123
0.45918367346938777
0.4642857142857143
0.46938775510204084
0.4744897959183674
0.47959183673469385
0.4846938775510204
0.4897959183673469
0.49489795918367346
0.5
0.5051020408163265
0.5102040816326531
0.5153061224489796
0.5204081632653061
0.5255102040816326
0.5306122448979592
0.5357142857142857
0.5408163265306123
0.5459183673469388
0.5510204081632653
0.5561224489795918
0.5612244897959183
0.5663265306122449
0.5714285714285714
0.576530612244898
0.5816326530612245
0.5867346938775511
0.5918367346938775
0.5969387755102041
0.6020408163265306
0.6071428571428571
0.6122448979591837
0.6173469387755102
0.6224489795918368
0.6275510204081632
0.6326530612244898
0.6377551020408163
0.6428571428571429
0.6479591836734694
0.6530612244897959
0.6581632653061225
0.6632653061224489
0.6683673469387755
0.673469387755102
0.6785714285714286
0.6836734693877551
0.6887755102040817
0.6938775510204082
0.6989795918367347
0.7040816326530612
0.7091836734693877
0.7142857142857143
0.7193877551020408
0.7244897959183674
0.7295918367346939
0.7346938775510204
0.7397959183673469
0.7448979591836735
0.75
0.7551020408163265
0.7563451776649747
0.7575757575757576
0.7587939698492462
0.76
0.7611940298507462
0.7623762376237624
0.7635467980295566
0.7647058823529411
0.7658536585365854
0.7669902912621359
0.7681159420289855
0.7692307692307693
0.7703349282296651
0.7714285714285715
0.7725118483412322
0.7735849056603774
0.7746478873239436
0.7757009345794392
0.7767441860465116
0.7777777777777778
1.0
1.0
1.0
1.0
1.0
1.0
1.0
1.0
0.34615384615384615
0.37037037037037035
0.39285714285714285
0.41379310344827586
0.43333333333333335
0.45161290322580644
0.46875
0.48484848484848486
0.5
0.5142857142857142
0.4523809523809524
0.47619047619047616
0.5
0.5238095238095238
0.5476190476190477
0.5714285714285714
0.5952380952380952
0.6190476190476191
0.6428571428571429
0.6666666666666666
0.6904761904761905
0.7142857142857143
0.7380952380952381
0.7619047619047619
0.7857142857142857
0.8095238095238095
0.8333333333333334
0.8571428571428571
0.8604651162790697
0.8636363636363636
0.8666666666666667
0.8695652173913043
0.8723404255319149
0.875
0.8775510204081632
0.88
0.8823529411764706
0.8846153846153846
0.8867924528301887
0.24489795918367346
0.25
0.25510204081632654
0.2602040816326531
0.2653061224489796
0.27040816326530615
0.2755102040816326
0.28061224489795916
0.2857142857142857
0.29081632653061223
0.29591836734693877
0.3010204081632653
0.30612244897959184
0.3112244897959184
0.3163265306122449
0.32142857142857145
0.32653061224489793
0.33163265306122447
0.336734693877551
0.34183673469387754
0.3469387755102041
0.3520408163265306
0.35714285714285715
0.3622448979591837
0.3673469387755102
0.37244897959183676
0.37755102040816324
0.3826530612244898
0.3877551020408163
0.39285714285714285
0.3979591836734694
0.4030612244897959
0.40816326530612246
0.413265306122449
0.41836734693877553
0.42346938775510207
0.42857142857142855
0.4336734693877551
0.4387755102040816
0.44387755102040816
0.4489795918367347
0.45408163265306123
0.45918367346938777
0.4642857142857143
0.46938775510204084
0.4744897959183674
0.47959183673469385
0.4846938775510204
0.4897959183673469
0.49489795918367346
0.5
0.5051020408163265
0.5102040816326531
0.5153061224489796
0.5204081632653061
0.5255102040816326
0.5306122448979592
0.5357142857142857
0.5408163265306123
0.5459183673469388
0.5510204081632653
0.5561224489795918
0.5612244897959183
0.5663265306122449
0.5714285714285714
0.576530612244898
0.5816326530612245
0.5867346938775511
0.5918367346938775
0.5969387755102041
0.6020408163265306
0.6071428571428571
0.6122448979591837
0.6173469387755102
0.6224489795918368
0.6275510204081632
0.6326530612244898
0.6377551020408163
0.6428571428571429
0.6479591836734694
0.6530612244897959
0.6581632653061225
0.6632653061224489
0.6683673469387755
0.673469387755102
0.6785714285714286
0.6836734693877551
0.6887755102040817
0.6938775510204082
0.6989795918367347
0.7040816326530612
0.7091836734693877
0.7142857142857143
0.7193877551020408
0.7244897959183674
0.7295918367346939
0.7346938775510204
0.7397959183673469
0.7448979591836735
0.75
0.7551020408163265
0.7563451776649747
0.7575757575757576
0.7587939698492462
0.76
0.7611940298507462
0.7623762376237624
0.7635467980295566
0.7647058823529411
0.7658536585365854
0.7669902912621359
0.7681159420289855
0.7692307692307693
0.7703349282296651
0.7714285714285715
0.7725118483412322
0.7735849056603774
0.7746478873239436
0.7757009345794392
0.7767441860465116
0.7777777777777778
1.0
1.0
1.0
1.0
1.0
1.0
1.0
1.0
0.34615384615384615
0.37037037037037035
0.39285714285714285
0.41379310344827586
0.43333333333333335
0.45161290322580644
0.46875
0.48484848484848486
0.5
0.5142857142857142
0.4523809523809524
0.47619047619047616
0.5
0.5238095238095238
0.5476190476190477
0.5714285714285714
0.5952380952380952
0.6190476190476191
0.6428571428571429
0.6666666666666666
0.6904761904761905
0.7142857142857143
0.7380952380952381
0.7619047619047619
0.7857142857142857
0.8095238095238095
0.8333333333333334
0.8571428571428571
0.8604651162790697
0.8636363636363636
0.8666666666666667
0.8695652173913043
0.8723404255319149
0.875
0.8775510204081632
0.88
0.8823529411764706
0.8846153846153846
0.8867924528301887
0.24489795918367346
0.25
0.25510204081632654
0.2602040816326531
0.2653061224489796
0.27040816326530615
0.2755102040816326
0.28061224489795916
0.2857142857142857
0.29081632653061223
0.29591836734693877
0.3010204081632653
0.30612244897959184
0.3112244897959184
0.3163265306122449
0.32142857142857145
0.32653061224489793
0.33163265306122447
0.336734693877551
0.34183673469387754
0.3469387755102041
0.3520408163265306
0.35714285714285715
0.3622448979591837
0.3673469387755102
0.37244897959183676
0.37755102040816324
0.3826530612244898
0.3877551020408163
0.39285714285714285
0.3979591836734694
0.4030612244897959
0.40816326530612246
0.413265306122449
0.41836734693877553
0.42346938775510207
0.42857142857142855
0.4336734693877551
0.4387755102040816
0.44387755102040816
0.4489795918367347
0.45408163265306123
0.45918367346938777
0.4642857142857143
0.46938775510204084
0.4744897959183674
0.47959183673469385
0.4846938775510204
0.4897959183673469
0.49489795918367346
0.5
0.5051020408163265
0.5102040816326531
0.5153061224489796
0.5204081632653061
0.5255102040816326
0.5306122448979592
0.5357142857142857
0.5408163265306123
0.5459183673469388
0.5510204081632653
0.5561224489795918
0.5612244897959183
0.5663265306122449
0.5714285714285714
0.576530612244898
0.5816326530612245
0.5867346938775511
0.5918367346938775
0.5969387755102041
0.6020408163265306
0.6071428571428571
0.6122448979591837
0.6173469387755102
0.6224489795918368
0.6275510204081632
0.6326530612244898
0.6377551020408163
0.6428571428571429
0.6479591836734694
0.6530612244897959
0.6581632653061225
0.6632653061224489
0.6683673469387755
0.673469387755102
0.6785714285714286
0.6836734693877551
0.6887755102040817
0.6938775510204082
0.6989795918367347
0.7040816326530612
0.7091836734693877
0.7142857142857143
0.7193877551020408
0.7244897959183674
0.7295918367346939
0.7346938775510204
0.7397959183673469
0.7448979591836735
0.75
0.7551020408163265
0.7602040816326531
0.7653061224489796
0.7704081632653061
0.7755102040816326
0.7766497461928934
0.7777777777777778
0.7788944723618091
0.78
0.7810945273631841
0.7821782178217822
0.7832512315270936
0.7843137254901961
0.7853658536585366
0.7864077669902912
0.7874396135265701
0.7884615384615384
0.7894736842105263
0.7904761904761904
0.7914691943127962
0.7924528301886793
0.7934272300469484
0.794392523364486
0.7953488372093023
0.7962962962962963
1.0
1.0
1.0
1.0
1.0
1.0
1.0
1.0
0.34615384615384615
0.37037037037037035
0.39285714285714285
0.41379310344827586
0.43333333333333335
0.45161290322580644
0.46875
0.48484848484848486
0.5
0.5142857142857142
0.4523809523809524
0.47619047619047616
0.5
0.5238095238095238
0.5476190476190477
0.5714285714285714
0.5952380952380952
0.6190476190476191
0.6428571428571429
0.6666666666666666
0.6904761904761905
0.7142857142857143
0.7380952380952381
0.7619047619047619
0.7857142857142857
0.8095238095238095
0.8333333333333334
0.8571428571428571
0.8604651162790697
0.8636363636363636
0.8666666666666667
0.8695652173913043
0.8723404255319149
0.875
0.8775510204081632
0.88
0.8823529411764706
0.8846153846153846
0.8867924528301887
0.24489795918367346
0.25
0.25510204081632654
0.2602040816326531
0.2653061224489796
0.27040816326530615
0.2755102040816326
0.28061224489795916
0.2857142857142857
0.29081632653061223
0.29591836734693877
0.3010204081632653
0.30612244897959184
0.3112244897959184
0.3163265306122449
0.32142857142857145
0.32653061224489793
0.33163265306122447
0.336734693877551
0.34183673469387754
0.3469387755102041
0.3520408163265306
0.35714285714285715
0.3622448979591837
0.3673469387755102
0.37244897959183676
0.37755102040816324
0.3826530612244898
0.3877551020408163
0.39285714285714285
0.3979591836734694
0.4030612244897959
0.40816326530612246
0.413265306122449
0.41836734693877553
0.42346938775510207
0.42857142857142855
0.4336734693877551
0.4387755102040816
0.44387755102040816
0.4489795918367347
0.45408163265306123
0.45918367346938777
0.4642857142857143
0.46938775510204084
0.4744897959183674
0.47959183673469385
0.4846938775510204
0.4897959183673469
0.49489795918367346
0.5
0.5051020408163265
0.5102040816326531
0.5153061224489796
0.5204081632653061
0.5255102040816326
0.5306122448979592
0.5357142857142857
0.5408163265306123
0.5459183673469388
0.5510204081632653
0.5561224489795918
0.5612244897959183
0.5663265306122449
0.5714285714285714
0.576530612244898
0.5816326530612245
0.5867346938775511
0.5918367346938775
0.5969387755102041
0.6020408163265306
0.6071428571428571
0.6122448979591837
0.6173469387755102
0.6224489795918368
0.6275510204081632
0.6326530612244898
0.6377551020408163
0.6428571428571429
0.6479591836734694
0.6530612244897959
0.6581632653061225
0.6632653061224489
0.6683673469387755
0.673469387755102
0.6785714285714286
0.6836734693877551
0.6887755102040817
0.6938775510204082
0.6989795918367347
0.7040816326530612
0.7091836734693877
0.7142857142857143
0.7193877551020408
0.7244897959183674
0.7295918367346939
0.7346938775510204
0.7397959183673469
0.7448979591836735
0.75
0.7551020408163265
0.7602040816326531
0.7653061224489796
0.7704081632653061
0.7755102040816326
0.7766497461928934
0.7777777777777778
0.7788944723618091
0.78
0.7810945273631841
0.7821782178217822
0.7832512315270936
0.7843137254901961
0.7853658536585366
0.7864077669902912
0.7874396135265701
0.7884615384615384
0.7894736842105263
0.7904761904761904
0.7914691943127962
0.7924528301886793
0.7934272300469484
0.794392523364486
0.7953488372093023
0.7962962962962963
