1.0
1.0
1.0
1.0
1.0
1.0
1.0
1.0
1.0
1.0
1.0
1.0
1.0
1.0
1.0
1.0
1.0
1.0
1.0
1.0
1.0
1.0
1.0
1.0
1.0
1.0
1.0
0.23728813559322035
0.24369747899159663
0.25
0.256198347107438
0.26229508196721313
0.2682926829268293
0.27419354838709675
0.28
0.2857142857142857
0.29133858267716534
0.296875
0.3023255813953488
0.3076923076923077
0.31297709923664124
0.2608695652173913
0.2654320987654321
0.26993865030674846
0.27439024390243905
0.2787878787878788
0.28313253012048195
0.2891566265060241
0.29518072289156627
0.30120481927710846
0.3072289156626506
0.3132530120481928
0.3192771084337349
0.3253012048192771
0.3313253012048193
0.3373493975903614
0.3433734939759036
0.3493975903614458
0.35542168674698793
0.3614457831325301
0.3674698795180723
0.37349397590361444
0.3795180722891566
0.3855421686746988
0.39156626506024095
0.39759036144578314
0.4036144578313253
0.40963855421686746
0.41566265060240964
0.42168674698795183
0.42771084337349397
0.43373493975903615
0.4397590361445783
0.4457831325301205
0.45180722891566266
0.4578313253012048
0.463855421686747
0.46987951807228917
0.4759036144578313
0.4819277108433735
0.48502994011976047
0.4880952380952381
0.4911242603550296
0.49411764705882355
0.49707602339181284
0.5
0.5028901734104047
0.5057471264367817
0.5085714285714286
0.5113636363636364
0.5141242937853108
0.5168539325842697
0.5195530726256983
0.5222222222222223
0.5248618784530387
0.5274725274725275
0.5300546448087432
1.0
1.0
1.0
1.0
1.0
1.0
1.0
1.0
1.0
1.0
1.0
1.0
1.0
1.0
1.0
1.0
1.0
1.0
1.0
1.0
1.0
1.0
1.0
1.0
1.0
1.0
1.0
0.23728813559322035
0.24369747899159663
0.25
0.256198347107438
0.26229508196721313
0.2682926829268293
0.27419354838709675
0.28
0.2857142857142857
0.29133858267716534
0.296875
0.3023255813953488
0.3076923076923077
0.31297709923664124
0.2608695652173913
0.2654320987654321
0.26993865030674846
0.27439024390243905
0.2787878787878788
0.28313253012048195
0.2891566265060241
0.29518072289156627
0.30120481927710846
0.3072289156626506
0.3132530120481928
0.3192771084337349
0.3253012048192771
0.3313253012048193
0.3373493975903614
0.3433734939759036
0.3493975903614458
0.35542168674698793
0.3614457831325301
0.3674698795180723
0.37349397590361444
0.3795180722891566
0.3855421686746988
0.39156626506024095
0.39759036144578314
0.4036144578313253
0.40963855421686746
0.41566265060240964
0.42168674698795183
0.42771084337349397
0.43373493975903615
0.4397590361445783
0.4457831325301205
0.45180722891566266
0.4578313253012048
0.463855421686747
0.46987951807228917
0.4759036144578313
0.4819277108433735
0.48502994011976047
0.4880952380952381
0.4911242603550296
0.49411764705882355
0.49707602339181284
0.5
0.5028901734104047
0.5057471264367817
0.5085714285714286
0.5113636363636364
0.5141242937853108
0.5168539325842697
0.5195530726256983
0.5222222222222223
0.5248618784530387
0.5274725274725275
0.5300546448087432
1.0
1.0
1.0
1.0
1.0
1.0
1.0
1.0
1.0
1.0
1.0
1.0
1.0
1.0
1.0
1.0
1.0
1.0
1.0
1.0
1.0
1.0
1.0
1.0
1.0
1.0
1.0
1.0
1.0
1.0
1.0
1.0
1.0
1.0
1.0
1.0
1.0
1.0
1.0
1.0
1.0
1.0
1.0
1.0
1.0
1.0
1.0
1.0
1.0
1.0
1.0
1.0
1.0
1.0
1.0
1.0
1.0
1.0
1.0
1.0
1.0
1.0
1.0
1.0
1.0
1.0
1.0
1.0
1.0
1.0
1.0
1.0
1.0
1.0
1.0
1.0
1.0
1.0
1.0
1.0
1.0
1.0
1.0
1.0
1.0
1.0
1.0
1.0
1.0
1.0
1.0
1.0
1.0
1.0
1.0
1.0
1.0
0.9514563106796117
0.9611650485436893
0.970873786407767
0.9805825242718447
0.9902912621359223
1.0
1.0
1.0
1.0
1.0
1.0
1.0
1.0
1.0
1.0
1.0
1.0
1.0
1.0
1.0
1.0
1.0
1.0
1.0
1.0
1.0
1.0
1.0
1.0
1.0
1.0
1.0
0.23728813559322035
0.24369747899159663
0.25
0.256198347107438
0.26229508196721313
0.2682926829268293
0.27419354838709675
0.28
0.2857142857142857
0.29133858267716534
0.296875
0.3023255813953488
0.3076923076923077
0.31297709923664124
0.2608695652173913
0.2654320987654321
0.26993865030674846
0.27439024390243905
0.2787878787878788
0.28313253012048195
0.2891566265060241
0.29518072289156627
0.30120481927710846
0.3072289156626506
0.3132530120481928
0.3192771084337349
0.3253012048192771
0.3313253012048193
0.3373493975903614
0.3433734939759036
0.3493975903614458
0.35542168674698793
0.3614457831325301
0.3674698795180723
0.37349397590361444
0.3795180722891566
0.3855421686746988
0.39156626506024095
0.39759036144578314
0.4036144578313253
0.40963855421686746
0.41566265060240964
0.42168674698795183
0.42771084337349397
0.43373493975903615
0.4397590361445783
0.4457831325301205
0.45180722891566266
0.4578313253012048
0.463855421686747
0.46987951807228917
0.4759036144578313
0.4819277108433735
0.48502994011976047
0.4880952380952381
0.4911242603550296
0.49411764705882355
0.49707602339181284
0.5
0.5028901734104047
0.5057471264367817
0.5085714285714286
0.5113636363636364
0.5141242937853108
0.5168539325842697
0.5195530726256983
0.5222222222222223
0.5248618784530387
0.5274725274725275
0.5300546448087432
1.0
1.0
1.0
1.0
1.0
1.0
1.0
1.0
1.0
1.0
1.0
1.0
1.0
1.0
1.0
1.0
1.0
1.0
1.0
1.0
1.0
1.0
1.0
1.0
1.0
1.0
1.0
0.23728813559322035
0.24369747899159663
0.25
0.256198347107438
0.26229508196721313
0.2682926829268293
0.27419354838709675
0.28
0.2857142857142857
0.29133858267716534
0.296875
0.3023255813953488
0.3076923076923077
0.31297709923664124
0.2608695652173913
0.2654320987654321
0.26993865030674846
0.27439024390243905
0.2787878787878788
0.28313253012048195
0.2891566265060241
0.29518072289156627
0.30120481927710846
0.3072289156626506
0.3132530120481928
0.3192771084337349
0.3253012048192771
0.3313253012048193
0.3373493975903614
0.3433734939759036
0.3493975903614458
0.35542168674698793
0.3614457831325301
0.3674698795180723
0.37349397590361444
0.3795180722891566
0.3855421686746988
0.39156626506024095
0.39759036144578314
0.4036144578313253
0.40963855421686746
0.41566265060240964
0.42168674698795183
0.42771084337349397
0.43373493975903615
0.4397590361445783
0.4457831325301205
0.45180722891566266
0.4578313253012048
0.463855421686747
0.46987951807228917
0.4759036144578313
0.4819277108433735
0.48502994011976047
0.4880952380952381
0.4911242603550296
0.49411764705882355
0.49707602339181284
0.5
0.5028901734104047
0.5057471264367817
0.5085714285714286
0.5113636363636364
0.5141242937853108
0.5168539325842697
0.5195530726256983
0.5222222222222223
0.5248618784530387
0.5274725274725275
0.5300546448087432
1.0
1.0
1.0
1.0
1.0
1.0
1.0
1.0
1.0
1.0
1.0
1.0
1.0
1.0
1.0
1.0
1.0
1.0
1.0
1.0
1.0
1.0
1.0
1.0
1.0
1.0
1.0
1.0
1.0
1.0
1.0
1.0
1.0
1.0
1.0
1.0
1.0
1.0
1.0
1.0
1.0
1.0
1.0
1.0
1.0
1.0
1.0
1.0
1.0
1.0
1.0
1.0
1.0
1.0
0.23728813559322035
0.24369747899159663
0.25
0.256198347107438
0.26229508196721313
0.2682926829268293
0.27419354838709675
0.28
0.2857142857142857
0.29133858267716534
0.296875
0.3023255813953488
0.3076923076923077
0.31297709923664124
0.2608695652173913
0.2654320987654321
0.26993865030674846
0.27439024390243905
0.2787878787878788
0.28313253012048195
0.2891566265060241
0.29518072289156627
0.30120481927710846
0.3072289156626506
0.3132530120481928
0.3192771084337349
0.3253012048192771
0.3313253012048193
0.3373493975903614
0.3433734939759036
0.3493975903614458
0.35542168674698793
0.3614457831325301
0.3674698795180723
0.37349397590361444
0.3795180722891566
0.3855421686746988
0.39156626506024095
0.39759036144578314
0.4036144578313253
0.40963855421686746
0.41566265060240964
0.42168674698795183
0.42771084337349397
0.43373493975903615
0.4397590361445783
0.4457831325301205
0.45180722891566266
0.4578313253012048
0.463855421686747
0.46987951807228917
0.4759036144578313
0.4819277108433735
0.48502994011976047
0.4880952380952381
0.4911242603550296
0.49411764705882355
0.49707602339181284
0.5
0.5028901734104047
0.5057471264367817
0.5085714285714286
0.5113636363636364
0.5141242937853108
0.5168539325842697
0.5195530726256983
0.5222222222222223
0.5248618784530387
0.5274725274725275
0.5300546448087432
