1.0
1.0
1.0
1.0
1.0
1.0
1.0
1.0
1.0
0.22727272727272727
0.25
0.2727272727272727
0.29545454545454547
0.3181818181818182
0.3409090909090909
0.36363636363636365
0.38636363636363635
0.4090909090909091
0.4318181818181818
0.45454545454545453
0.4772727272727273
0.5
0.5227272727272727
0.5454545454545454
0.5681818181818182
0.5909090909090909
0.6136363636363636
0.6363636363636364
0.6590909090909091
0.6818181818181818
0.7045454545454546
0.7272727272727273
0.75
0.7727272727272727
0.7954545454545454
0.8181818181818182
0.8409090909090909
1.0
1.0
1.0
1.0
1.0
1.0
1.0
1.0
1.0
0.22727272727272727
0.25
0.2727272727272727
0.29545454545454547
0.3181818181818182
0.3409090909090909
0.36363636363636365
0.38636363636363635
0.4090909090909091
0.4318181818181818
0.45454545454545453
0.4772727272727273
0.5
0.5227272727272727
0.5454545454545454
0.5681818181818182
0.5909090909090909
0.6136363636363636
0.6363636363636364
0.6590909090909091
0.6818181818181818
0.7045454545454546
0.7272727272727273
0.75
0.7727272727272727
0.7954545454545454
0.8181818181818182
0.8409090909090909
1.0
1.0
1.0
1.0
1.0
1.0
1.0
1.0
1.0
1.0
1.0
1.0
1.0
1.0
1.0
1.0
1.0
1.0
0.22727272727272727
0.25
0.2727272727272727
0.29545454545454547
0.3181818181818182
0.3409090909090909
0.36363636363636365
0.38636363636363635
0.4090909090909091
0.4318181818181818
0.45454545454545453
0.4772727272727273
0.5
0.5227272727272727
0.5454545454545454
0.5681818181818182
0.5909090909090909
0.6136363636363636
0.6363636363636364
0.6590909090909091
0.6818181818181818
0.7045454545454546
0.7272727272727273
0.75
0.7727272727272727
0.7954545454545454
0.8181818181818182
0.8409090909090909
1.0
1.0
1.0
1.0
1.0
1.0
1.0
1.0
1.0
0.22727272727272727
0.25
0.2727272727272727
0.29545454545454547
0.3181818181818182
0.3409090909090909
0.36363636363636365
0.38636363636363635
0.4090909090909091
0.4318181818181818
0.45454545454545453
0.4772727272727273
0.5
0.5227272727272727
0.5454545454545454
0.5681818181818182
0.5909090909090909
0.6136363636363636
0.6363636363636364
0.6590909090909091
0.6818181818181818
0.7045454545454546
0.7272727272727273
0.75
0.7727272727272727
0.7954545454545454
0.8181818181818182
0.8409090909090909
1.0
1.0
1.0
1.0
1.0
1.0
1.0
1.0
1.0
0.22727272727272727
0.25
0.2727272727272727
0.29545454545454547
0.3181818181818182
0.3409090909090909
0.36363636363636365
0.38636363636363635
0.4090909090909091
0.4318181818181818
0.45454545454545453
0.4772727272727273
0.5
0.5227272727272727
0.5454545454545454
0.5681818181818182
0.5909090909090909
0.6136363636363636
0.6363636363636364
0.6590909090909091
0.6818181818181818
0.7045454545454546
0.7272727272727273
0.75
0.7727272727272727
0.7954545454545454
0.8181818181818182
0.8409090909090909
1.0
1.0
1.0
1.0
1.0
1.0
1.0
1.0
1.0
0.22727272727272727
0.25
0.2727272727272727
0.29545454545454547
0.3181818181818182
0.3409090909090909
0.36363636363636365
0.38636363636363635
0.4090909090909091
0.4318181818181818
0.45454545454545453
0.4772727272727273
0.5
0.5227272727272727
0.5454545454545454
0.5681818181818182
0.5909090909090909
0.6136363636363636
0.6363636363636364
0.6590909090909091
0.6818181818181818
0.7045454545454546
0.7272727272727273
0.75
0.7727272727272727
0.7954545454545454
0.8181818181818182
0.8409090909090909
