1.0
1.0
1.0
1.0
1.0
1.0
1.0
1.0
1.0
1.0
1.0
1.0
1.0
1.0
1.0
1.0
0.26153846153846155
0.27692307692307694
0.2923076923076923
0.3076923076923077
0.3230769230769231
0.3384615384615385
0.35384615384615387
0.36923076923076925
0.38461538461538464
0.4
0.4153846153846154
0.4307692307692308
0.4461538461538462
0.46153846153846156
0.47692307692307695
0.49230769230769234
0.5076923076923077
0.5230769230769231
0.5384615384615384
0.5538461538461539
0.5692307692307692
0.5846153846153846
0.6
0.6153846153846154
0.6307692307692307
0.6461538461538462
0.6615384615384615
0.676923076923077
0.6923076923076923
0.7076923076923077
0.7121212121212122
0.7164179104477612
0.7205882352941176
0.7352941176470589
0.75
0.7647058823529411
0.7794117647058824
0.7941176470588235
0.8088235294117647
0.8235294117647058
0.8382352941176471
0.8529411764705882
0.8676470588235294
0.8823529411764706
0.8970588235294118
0.9117647058823529
0.9264705882352942
0.9411764705882353
0.9558823529411765
0.9705882352941176
0.9852941176470589
1.0
1.0
1.0
1.0
1.0
1.0
1.0
1.0
1.0
1.0
1.0
1.0
1.0
1.0
1.0
1.0
1.0
1.0
0.26153846153846155
0.27692307692307694
0.2923076923076923
0.3076923076923077
0.3230769230769231
0.3384615384615385
0.35384615384615387
0.36923076923076925
0.38461538461538464
0.4
0.4153846153846154
0.4307692307692308
0.4461538461538462
0.46153846153846156
0.47692307692307695
0.49230769230769234
0.5076923076923077
0.5230769230769231
0.5384615384615384
0.5538461538461539
0.5692307692307692
0.5846153846153846
0.6
0.6153846153846154
0.6307692307692307
0.6461538461538462
0.6615384615384615
0.676923076923077
0.6923076923076923
0.7076923076923077
0.7121212121212122
0.7164179104477612
0.7205882352941176
0.7352941176470589
0.75
0.7647058823529411
0.7794117647058824
0.7941176470588235
0.8088235294117647
0.8235294117647058
0.8382352941176471
0.8529411764705882
0.8676470588235294
0.8823529411764706
0.8970588235294118
0.9117647058823529
0.9264705882352942
0.9411764705882353
0.9558823529411765
0.9705882352941176
0.9852941176470589
1.0
1.0
1.0
1.0
1.0
1.0
1.0
1.0
1.0
1.0
1.0
1.0
1.0
1.0
1.0
1.0
1.0
1.0
1.0
1.0
1.0
1.0
1.0
1.0
1.0
1.0
1.0
1.0
1.0
1.0
1.0
1.0
1.0
1.0
0.26153846153846155
0.27692307692307694
0.2923076923076923
0.3076923076923077
0.3230769230769231
0.3384615384615385
0.35384615384615387
0.36923076923076925
0.38461538461538464
0.4
0.4153846153846154
0.4307692307692308
0.4461538461538462
0.46153846153846156
0.47692307692307695
0.49230769230769234
0.5076923076923077
0.5230769230769231
0.5384615384615384
0.5538461538461539
0.5692307692307692
0.5846153846153846
0.6
0.6153846153846154
0.6307692307692307
0.6461538461538462
0.6615384615384615
0.676923076923077
0.6923076923076923
0.7076923076923077
0.7121212121212122
0.7164179104477612
0.7205882352941176
0.7352941176470589
0.75
0.7647058823529411
0.7794117647058824
0.7941176470588235
0.8088235294117647
0.8235294117647058
0.8382352941176471
0.8529411764705882
0.8676470588235294
0.8823529411764706
0.8970588235294118
0.9117647058823529
0.9264705882352942
0.9411764705882353
0.9558823529411765
0.9705882352941176
0.9852941176470589
1.0
1.0
1.0
1.0
1.0
1.0
1.0
1.0
1.0
1.0
1.0
1.0
1.0
1.0
1.0
1.0
1.0
1.0
0.26153846153846155
0.27692307692307694
0.2923076923076923
0.3076923076923077
0.3230769230769231
0.3384615384615385
0.35384615384615387
0.36923076923076925
0.38461538461538464
0.4
0.4153846153846154
0.4307692307692308
0.4461538461538462
0.46153846153846156
1.0
1.0
1.0
1.0
1.0
1.0
1.0
1.0
1.0
1.0
1.0
1.0
1.0
1.0
1.0
1.0
0.26153846153846155
0.27692307692307694
0.2923076923076923
0.3076923076923077
0.3230769230769231
0.3384615384615385
0.35384615384615387
0.36923076923076925
0.38461538461538464
0.4
0.4153846153846154
0.4307692307692308
0.4461538461538462
0.46153846153846156
0.47692307692307695
0.49230769230769234
0.5076923076923077
0.5230769230769231
0.5384615384615384
0.5538461538461539
0.5692307692307692
0.5846153846153846
0.6
0.6153846153846154
0.6307692307692307
0.6461538461538462
0.6615384615384615
0.676923076923077
0.6923076923076923
0.7076923076923077
0.7121212121212122
0.7164179104477612
0.7205882352941176
0.7352941176470589
0.75
0.7647058823529411
0.7794117647058824
0.7941176470588235
0.8088235294117647
0.8235294117647058
0.8382352941176471
0.8529411764705882
0.8676470588235294
0.8823529411764706
0.8970588235294118
0.9117647058823529
0.9264705882352942
0.9411764705882353
0.9558823529411765
0.9705882352941176
0.9852941176470589
1.0
1.0
1.0
1.0
1.0
1.0
1.0
1.0
1.0
1.0
1.0
1.0
1.0
1.0
1.0
1.0
1.0
1.0
0.26153846153846155
0.27692307692307694
0.2923076923076923
0.3076923076923077
0.3230769230769231
0.3384615384615385
0.35384615384615387
0.36923076923076925
0.38461538461538464
0.4
0.4153846153846154
0.4307692307692308
0.4461538461538462
0.46153846153846156
0.47692307692307695
0.49230769230769234
0.5076923076923077
0.5230769230769231
0.5384615384615384
0.5538461538461539
0.5692307692307692
0.5846153846153846
0.6
0.6153846153846154
0.6307692307692307
0.6461538461538462
0.6615384615384615
0.676923076923077
0.6923076923076923
0.7076923076923077
0.7121212121212122
0.7164179104477612
0.7205882352941176
0.7352941176470589
0.75
0.7647058823529411
0.7794117647058824
0.7941176470588235
0.8088235294117647
0.8235294117647058
0.8382352941176471
0.8529411764705882
0.8676470588235294
0.8823529411764706
0.8970588235294118
0.9117647058823529
0.9264705882352942
0.9411764705882353
0.9558823529411765
0.9705882352941176
0.9852941176470589
1.0
1.0
