1.0
1.0
1.0
1.0
1.0
1.0
1.0
1.0
1.0
1.0
1.0
1.0
1.0
1.0
1.0
1.0
1.0
1.0
1.0
1.0
1.0
1.0
1.0
1.0
1.0
1.0
1.0
1.0
1.0
1.0
1.0
1.0
1.0
1.0
1.0
1.0
1.0
1.0
1.0
1.0
1.0
1.0
0.1552346570397112
0.15827338129496402
0.16129032258064516
0.16428571428571428
0.16725978647686832
0.1702127659574468
0.17314487632508835
0.176056338028169
0.17894736842105263
0.18181818181818182
0.18466898954703834
0.1875
0.1903114186851211
0.19310344827586207
0.1958762886597938
0.19863013698630136
0.20136518771331058
0.20408163265306123
0.20677966101694914
0.20945945945945946
0.14788732394366197
0.14988290398126464
0.15186915887850466
0.15384615384615385
0.1558139534883721
0.15777262180974477
0.1597222222222222
0.16166281755196305
0.16359447004608296
0.16551724137931034
0.16743119266055045
0.15611814345991562
0.15789473684210525
0.15966386554621848
0.16142557651991615
0.16317991631799164
0.1649269311064718
0.16666666666666666
0.1683991683991684
0.16942148760330578
0.1711340206185567
0.1728395061728395
0.17453798767967146
0.1762295081967213
0.17791411042944785
0.17959183673469387
0.18126272912423624
0.18292682926829268
0.1845841784989858
0.1862348178137652
0.16518650088809947
0.16666666666666666
0.168141592920354
0.1696113074204947
0.1710758377425044
0.17253521126760563
0.17398945518453426
0.17543859649122806
0.17688266199649738
0.17832167832167833
0.17975567190226877
0.18118466898954705
0.1826086956521739
1.0
1.0
1.0
1.0
1.0
1.0
1.0
1.0
1.0
1.0
1.0
1.0
1.0
1.0
1.0
1.0
1.0
1.0
1.0
1.0
1.0
1.0
1.0
1.0
1.0
1.0
1.0
1.0
1.0
1.0
1.0
1.0
1.0
1.0
1.0
1.0
1.0
1.0
1.0
1.0
1.0
1.0
0.1552346570397112
0.15827338129496402
0.16129032258064516
0.16428571428571428
0.16725978647686832
0.1702127659574468
0.17314487632508835
0.176056338028169
0.17894736842105263
0.18181818181818182
0.18466898954703834
0.1875
0.1903114186851211
0.19310344827586207
0.1958762886597938
0.19863013698630136
0.20136518771331058
0.20408163265306123
0.20677966101694914
0.20945945945945946
0.14788732394366197
0.14988290398126464
0.15186915887850466
0.15384615384615385
0.1558139534883721
0.15777262180974477
0.1597222222222222
0.16166281755196305
0.16359447004608296
0.16551724137931034
0.16743119266055045
0.15611814345991562
0.15789473684210525
0.15966386554621848
0.16142557651991615
0.16317991631799164
0.1649269311064718
0.16666666666666666
0.1683991683991684
0.16942148760330578
0.1711340206185567
0.1728395061728395
0.17453798767967146
0.1762295081967213
0.17791411042944785
0.17959183673469387
0.18126272912423624
0.18292682926829268
0.1845841784989858
0.1862348178137652
0.16518650088809947
0.16666666666666666
0.168141592920354
0.1696113074204947
0.1710758377425044
0.17253521126760563
0.17398945518453426
0.17543859649122806
0.17688266199649738
0.17832167832167833
0.17975567190226877
0.18118466898954705
0.1826086956521739
1.0
1.0
1.0
1.0
1.0
1.0
1.0
1.0
1.0
1.0
1.0
1.0
1.0
1.0
1.0
1.0
1.0
1.0
1.0
1.0
1.0
1.0
1.0
1.0
1.0
1.0
1.0
1.0
1.0
1.0
1.0
1.0
1.0
1.0
1.0
1.0
1.0
1.0
1.0
1.0
1.0
1.0
1.0
1.0
1.0
1.0
1.0
1.0
1.0
1.0
1.0
1.0
1.0
1.0
1.0
1.0
1.0
1.0
1.0
1.0
1.0
1.0
1.0
1.0
1.0
1.0
1.0
1.0
1.0
1.0
1.0
1.0
1.0
1.0
1.0
1.0
1.0
1.0
1.0
1.0
1.0
1.0
1.0
1.0
1.0
1.0
1.0
1.0
1.0
1.0
1.0
1.0
1.0
1.0
1.0
1.0
1.0
1.0
1.0
1.0
1.0
1.0
1.0
1.0
1.0
1.0
1.0
1.0
1.0
1.0
1.0
1.0
1.0
1.0
1.0
1.0
1.0
1.0
1.0
1.0
1.0
1.0
1.0
1.0
1.0
1.0
1.0
1.0
1.0
1.0
1.0
1.0
1.0
1.0
1.0
1.0
1.0
1.0
1.0
1.0
1.0
1.0
1.0
1.0
1.0
1.0
1.0
0.1552346570397112
0.15827338129496402
0.16129032258064516
0.16428571428571428
0.16725978647686832
0.1702127659574468
0.17314487632508835
0.176056338028169
0.17894736842105263
0.18181818181818182
0.18466898954703834
0.1875
0.1903114186851211
0.19310344827586207
0.1958762886597938
0.19863013698630136
0.20136518771331058
0.20408163265306123
0.20677966101694914
0.20945945945945946
0.14788732394366197
0.14988290398126464
0.15186915887850466
0.15384615384615385
0.1558139534883721
0.15777262180974477
0.1597222222222222
0.16166281755196305
0.16359447004608296
0.16551724137931034
0.16743119266055045
0.15611814345991562
0.15789473684210525
0.15966386554621848
0.16142557651991615
0.16317991631799164
0.1649269311064718
0.16666666666666666
0.1683991683991684
0.16942148760330578
0.1711340206185567
0.1728395061728395
0.17453798767967146
0.1762295081967213
0.17791411042944785
0.17959183673469387
0.18126272912423624
0.18292682926829268
0.1845841784989858
0.1862348178137652
0.16518650088809947
0.16666666666666666
0.168141592920354
0.1696113074204947
0.1710758377425044
0.17253521126760563
0.17398945518453426
0.17543859649122806
0.17688266199649738
0.17832167832167833
0.17975567190226877
0.18118466898954705
0.1826086956521739
1.0
1.0
1.0
1.0
1.0
1.0
1.0
1.0
1.0
1.0
1.0
1.0
1.0
1.0
1.0
1.0
1.0
1.0
1.0
1.0
1.0
1.0
1.0
1.0
1.0
1.0
1.0
1.0
1.0
1.0
1.0
1.0
1.0
1.0
1.0
1.0
1.0
1.0
1.0
1.0
1.0
1.0
0.1552346570397112
0.15827338129496402
0.16129032258064516
0.16428571428571428
0.16725978647686832
0.1702127659574468
0.17314487632508835
0.176056338028169
0.17894736842105263
0.18181818181818182
0.18466898954703834
0.1875
0.1903114186851211
0.19310344827586207
0.1958762886597938
0.19863013698630136
0.20136518771331058
0.20408163265306123
0.20677966101694914
0.20945945945945946
0.14788732394366197
0.14988290398126464
0.15186915887850466
0.15384615384615385
0.1558139534883721
0.15777262180974477
0.1597222222222222
0.16166281755196305
0.16359447004608296
0.16551724137931034
0.16743119266055045
0.15611814345991562
0.15789473684210525
0.15966386554621848
0.16142557651991615
0.16317991631799164
0.1649269311064718
0.16666666666666666
0.1683991683991684
0.16942148760330578
0.1711340206185567
0.1728395061728395
0.17453798767967146
0.1762295081967213
0.17791411042944785
0.17959183673469387
0.18126272912423624
0.18292682926829268
0.1845841784989858
0.1862348178137652
0.16518650088809947
0.16666666666666666
0.168141592920354
0.1696113074204947
0.1710758377425044
0.17253521126760563
0.17398945518453426
0.17543859649122806
0.17688266199649738
0.17832167832167833
0.17975567190226877
0.18118466898954705
0.1826086956521739
1.0
1.0
1.0
1.0
1.0
1.0
1.0
1.0
1.0
1.0
1.0
1.0
1.0
1.0
1.0
1.0
1.0
1.0
1.0
1.0
1.0
1.0
1.0
1.0
1.0
1.0
1.0
1.0
1.0
1.0
1.0
1.0
1.0
1.0
1.0
1.0
1.0
1.0
1.0
1.0
1.0
1.0
0.1552346570397112
0.15827338129496402
0.16129032258064516
0.16428571428571428
0.16725978647686832
0.1702127659574468
0.17314487632508835
0.176056338028169
0.17894736842105263
0.18181818181818182
0.18466898954703834
0.1875
0.1903114186851211
0.19310344827586207
0.1958762886597938
0.19863013698630136
0.20136518771331058
0.20408163265306123
0.20677966101694914
0.20945945945945946
0.14788732394366197
0.14988290398126464
0.15186915887850466
0.15384615384615385
0.1558139534883721
0.15777262180974477
0.1597222222222222
0.16166281755196305
0.16359447004608296
0.16551724137931034
0.16743119266055045
0.15611814345991562
0.15789473684210525
0.15966386554621848
0.16142557651991615
0.16317991631799164
0.1649269311064718
0.16666666666666666
0.1683991683991684
0.16942148760330578
0.1711340206185567
0.1728395061728395
0.17453798767967146
0.1762295081967213
0.17791411042944785
0.17959183673469387
0.18126272912423624
0.18292682926829268
0.1845841784989858
0.1862348178137652
0.16518650088809947
0.16666666666666666
0.168141592920354
0.1696113074204947
0.1710758377425044
0.17253521126760563
0.17398945518453426
0.17543859649122806
0.17688266199649738
0.17832167832167833
0.17975567190226877
0.18118466898954705
0.1826086956521739
1.0
1.0
1.0
1.0
1.0
1.0
1.0
1.0
1.0
1.0
1.0
1.0
1.0
1.0
1.0
1.0
1.0
1.0
1.0
1.0
1.0
1.0
1.0
1.0
1.0
1.0
1.0
1.0
1.0
1.0
1.0
1.0
1.0
1.0
1.0
1.0
1.0
1.0
1.0
1.0
1.0
1.0
0.1552346570397112
0.15827338129496402
0.16129032258064516
0.16428571428571428
0.16725978647686832
0.1702127659574468
0.17314487632508835
0.176056338028169
0.17894736842105263
0.18181818181818182
0.18466898954703834
0.1875
0.1903114186851211
0.19310344827586207
0.1958762886597938
0.19863013698630136
0.20136518771331058
0.20408163265306123
0.20677966101694914
0.20945945945945946
0.14788732394366197
0.14988290398126464
0.15186915887850466
0.15384615384615385
0.1558139534883721
0.15777262180974477
0.1597222222222222
0.16166281755196305
0.16359447004608296
0.16551724137931034
0.16743119266055045
0.15611814345991562
0.15789473684210525
0.15966386554621848
0.16142557651991615
0.16317991631799164
0.1649269311064718
0.16666666666666666
0.1683991683991684
0.16942148760330578
0.1711340206185567
0.1728395061728395
0.17453798767967146
0.1762295081967213
0.17791411042944785
0.17959183673469387
0.18126272912423624
0.18292682926829268
0.1845841784989858
0.1862348178137652
0.16518650088809947
0.16666666666666666
0.168141592920354
0.1696113074204947
0.1710758377425044
0.17253521126760563
0.17398945518453426
0.17543859649122806
0.17688266199649738
0.17832167832167833
0.17975567190226877
0.18118466898954705
0.1826086956521739
