1.0
1.0
1.0
1.0
1.0
1.0
1.0
1.0
0.09183673469387756
0.10204081632653061
0.11224489795918367
0.12244897959183673
0.1326530612244898
0.14285714285714285
0.15306122448979592
0.16326530612244897
0.17346938775510204
0.1836734693877551
0.19387755102040816
0.20408163265306123
0.21428571428571427
0.22448979591836735
0.23469387755102042
0.24489795918367346
0.25510204081632654
0.2653061224489796
0.2755102040816326
0.2857142857142857
0.29591836734693877
0.30612244897959184
0.3163265306122449
0.32653061224489793
0.336734693877551
0.3469387755102041
0.35714285714285715
0.3673469387755102
0.37755102040816324
0.3877551020408163
0.3979591836734694
0.40816326530612246
0.41836734693877553
0.42857142857142855
0.4387755102040816
0.4489795918367347
0.45918367346938777
0.46938775510204084
0.47959183673469385
0.4897959183673469
0.5
0.5102040816326531
0.5204081632653061
0.5306122448979592
0.5408163265306123
0.5510204081632653
0.5612244897959183
0.5714285714285714
0.5816326530612245
0.5918367346938775
0.6020408163265306
0.6122448979591837
0.6224489795918368
0.6326530612244898
0.6428571428571429
0.6530612244897959
0.6632653061224489
0.673469387755102
0.6836734693877551
0.6938775510204082
0.7040816326530612
0.7142857142857143
0.7244897959183674
0.7346938775510204
0.7448979591836735
0.7551020408163265
0.7653061224489796
0.7755102040816326
0.7857142857142857
0.7959183673469388
0.8061224489795918
0.8163265306122449
0.826530612244898
0.8367346938775511
0.8469387755102041
0.8571428571428571
0.8673469387755102
0.8775510204081632
0.8877551020408163
0.8979591836734694
0.9081632653061225
0.9183673469387755
0.9285714285714286
0.9387755102040817
0.9489795918367347
0.9591836734693877
0.9693877551020408
0.9795918367346939
1.0
1.0
1.0
1.0
1.0
1.0
1.0
1.0
0.09183673469387756
0.10204081632653061
0.11224489795918367
0.12244897959183673
0.1326530612244898
0.14285714285714285
0.15306122448979592
0.16326530612244897
0.17346938775510204
0.1836734693877551
0.19387755102040816
0.20408163265306123
0.21428571428571427
0.22448979591836735
0.23469387755102042
0.24489795918367346
0.25510204081632654
0.2653061224489796
0.2755102040816326
0.2857142857142857
0.29591836734693877
0.30612244897959184
0.3163265306122449
0.32653061224489793
0.336734693877551
0.3469387755102041
0.35714285714285715
0.3673469387755102
0.37755102040816324
0.3877551020408163
0.3979591836734694
0.40816326530612246
0.41836734693877553
0.42857142857142855
0.4387755102040816
0.4489795918367347
0.45918367346938777
0.46938775510204084
0.47959183673469385
0.4897959183673469
0.5
0.5102040816326531
0.5204081632653061
0.5306122448979592
0.5408163265306123
0.5510204081632653
0.5612244897959183
0.5714285714285714
0.5816326530612245
0.5918367346938775
0.6020408163265306
0.6122448979591837
0.6224489795918368
0.6326530612244898
0.6428571428571429
0.6530612244897959
0.6632653061224489
0.673469387755102
0.6836734693877551
0.6938775510204082
0.7040816326530612
0.7142857142857143
0.7244897959183674
0.7346938775510204
0.7448979591836735
0.7551020408163265
0.7653061224489796
0.7755102040816326
0.7857142857142857
0.7959183673469388
0.8061224489795918
0.8163265306122449
0.826530612244898
0.8367346938775511
0.8469387755102041
0.8571428571428571
0.8673469387755102
0.8775510204081632
0.8877551020408163
0.8979591836734694
0.9081632653061225
0.9183673469387755
0.9285714285714286
0.9387755102040817
0.9489795918367347
0.9591836734693877
0.9693877551020408
0.9795918367346939
1.0
1.0
1.0
1.0
1.0
1.0
1.0
1.0
0.391304347826087
0.43478260869565216
0.4782608695652174
0.5217391304347826
0.5652173913043478
0.6086956521739131
0.6521739130434783
0.6956521739130435
0.7391304347826086
0.782608695652174
0.8260869565217391
0.8695652173913043
0.9130434782608695
0.9565217391304348
1.0
1.0
1.0
1.0
1.0
1.0
1.0
1.0
0.09183673469387756
0.10204081632653061
0.11224489795918367
0.12244897959183673
0.1326530612244898
0.14285714285714285
0.15306122448979592
0.16326530612244897
0.17346938775510204
0.1836734693877551
0.19387755102040816
0.20408163265306123
0.21428571428571427
0.22448979591836735
0.23469387755102042
0.24489795918367346
0.25510204081632654
0.2653061224489796
0.2755102040816326
0.2857142857142857
0.29591836734693877
0.30612244897959184
0.3163265306122449
0.32653061224489793
0.336734693877551
0.3469387755102041
0.35714285714285715
0.3673469387755102
0.37755102040816324
0.3877551020408163
0.3979591836734694
0.40816326530612246
0.41836734693877553
0.42857142857142855
0.4387755102040816
0.4489795918367347
0.45918367346938777
0.46938775510204084
0.47959183673469385
0.4897959183673469
0.5
0.5102040816326531
0.5204081632653061
0.5306122448979592
0.5408163265306123
0.5510204081632653
0.5612244897959183
0.5714285714285714
0.5816326530612245
0.5918367346938775
0.6020408163265306
0.6122448979591837
0.6224489795918368
0.6326530612244898
0.6428571428571429
0.6530612244897959
0.6632653061224489
0.673469387755102
0.6836734693877551
0.6938775510204082
0.7040816326530612
0.7142857142857143
0.7244897959183674
0.7346938775510204
0.7448979591836735
0.7551020408163265
0.7653061224489796
0.7755102040816326
0.7857142857142857
0.7959183673469388
0.8061224489795918
0.8163265306122449
0.826530612244898
0.8367346938775511
0.8469387755102041
0.8571428571428571
0.8673469387755102
0.8775510204081632
0.8877551020408163
0.8979591836734694
0.9081632653061225
0.9183673469387755
0.9285714285714286
0.9387755102040817
0.9489795918367347
0.9591836734693877
0.9693877551020408
0.9795918367346939
1.0
1.0
1.0
1.0
1.0
1.0
1.0
1.0
0.09183673469387756
0.10204081632653061
0.11224489795918367
0.12244897959183673
0.1326530612244898
0.14285714285714285
0.15306122448979592
0.16326530612244897
0.17346938775510204
0.1836734693877551
0.19387755102040816
0.20408163265306123
0.21428571428571427
0.22448979591836735
0.23469387755102042
0.24489795918367346
0.25510204081632654
0.2653061224489796
0.2755102040816326
0.2857142857142857
0.29591836734693877
0.30612244897959184
0.3163265306122449
1.0
1.0
1.0
1.0
1.0
1.0
1.0
1.0
0.09183673469387756
0.10204081632653061
0.11224489795918367
0.12244897959183673
0.1326530612244898
0.14285714285714285
0.15306122448979592
0.16326530612244897
0.17346938775510204
0.1836734693877551
0.19387755102040816
0.20408163265306123
0.21428571428571427
0.22448979591836735
0.23469387755102042
0.24489795918367346
0.25510204081632654
0.2653061224489796
0.2755102040816326
0.2857142857142857
0.29591836734693877
0.30612244897959184
0.3163265306122449
0.32653061224489793
0.336734693877551
0.3469387755102041
0.35714285714285715
0.3673469387755102
0.37755102040816324
0.3877551020408163
0.3979591836734694
0.40816326530612246
0.41836734693877553
0.42857142857142855
0.4387755102040816
0.4489795918367347
0.45918367346938777
0.46938775510204084
0.47959183673469385
0.4897959183673469
0.5
0.5102040816326531
0.5204081632653061
0.5306122448979592
0.5408163265306123
0.5510204081632653
0.5612244897959183
0.5714285714285714
0.5816326530612245
0.5918367346938775
0.6020408163265306
0.6122448979591837
0.6224489795918368
0.6326530612244898
0.6428571428571429
0.6530612244897959
0.6632653061224489
0.673469387755102
0.6836734693877551
0.6938775510204082
0.7040816326530612
0.7142857142857143
0.7244897959183674
0.7346938775510204
0.7448979591836735
0.7551020408163265
0.7653061224489796
0.7755102040816326
0.7857142857142857
0.7959183673469388
0.8061224489795918
0.8163265306122449
0.826530612244898
0.8367346938775511
0.8469387755102041
0.8571428571428571
0.8673469387755102
0.8775510204081632
0.8877551020408163
0.8979591836734694
0.9081632653061225
0.9183673469387755
0.9285714285714286
0.9387755102040817
0.9489795918367347
0.9591836734693877
0.9693877551020408
0.9795918367346939
1.0
1.0
1.0
1.0
1.0
1.0
1.0
1.0
0.09183673469387756
0.10204081632653061
0.11224489795918367
0.12244897959183673
0.1326530612244898
0.14285714285714285
0.15306122448979592
0.16326530612244897
0.17346938775510204
0.1836734693877551
0.19387755102040816
0.20408163265306123
0.21428571428571427
0.22448979591836735
0.23469387755102042
0.24489795918367346
0.25510204081632654
0.2653061224489796
0.2755102040816326
0.2857142857142857
0.29591836734693877
0.30612244897959184
0.3163265306122449
0.32653061224489793
0.336734693877551
0.3469387755102041
0.35714285714285715
0.3673469387755102
0.37755102040816324
0.3877551020408163
0.3979591836734694
0.40816326530612246
0.41836734693877553
0.42857142857142855
0.4387755102040816
0.4489795918367347
0.45918367346938777
0.46938775510204084
0.47959183673469385
0.4897959183673469
0.5
0.5102040816326531
0.5204081632653061
0.5306122448979592
0.5408163265306123
0.5510204081632653
0.5612244897959183
0.5714285714285714
0.5816326530612245
0.5918367346938775
0.6020408163265306
0.6122448979591837
0.6224489795918368
0.6326530612244898
0.6428571428571429
0.6530612244897959
0.6632653061224489
0.673469387755102
0.6836734693877551
0.6938775510204082
0.7040816326530612
0.7142857142857143
0.7244897959183674
0.7346938775510204
0.7448979591836735
0.7551020408163265
0.7653061224489796
0.7755102040816326
0.7857142857142857
0.7959183673469388
0.8061224489795918
0.8163265306122449
0.826530612244898
0.8367346938775511
0.8469387755102041
0.8571428571428571
0.8673469387755102
0.8775510204081632
0.8877551020408163
0.8979591836734694
0.9081632653061225
0.9183673469387755
0.9285714285714286
0.9387755102040817
0.9489795918367347
0.9591836734693877
0.9693877551020408
0.9795918367346939
