|checker| success id$0$color:green$: 
==========================
$FilePath$/home/tiago/empirical-jsvuln-tools-study/tools-testing/tools-docker/odgen/ODGen/builtin_packages/http.js
Line 17	    sink_hqbpillvul_http_setHeader(value);

|checker| success id$0$color:green$: 
==========================
$FilePath$/home/tiago/empirical-jsvuln-tools-study/tools-testing/tools-docker/odgen/ODGen/builtin_packages/http.js
Line 17	    sink_hqbpillvul_http_setHeader(value);

|checker| success id$0$color:green$: 
==========================
$FilePath$/home/tiago/empirical-jsvuln-tools-study/tools-testing/tools-docker/odgen/ODGen/builtin_packages/http.js
Line 17	    sink_hqbpillvul_http_setHeader(value);

|checker| success id$0$color:green$: 
==========================
$FilePath$/home/tiago/empirical-jsvuln-tools-study/tools-testing/tools-docker/odgen/ODGen/builtin_packages/http.js
Line 2	  var OPGen_TAINTED_VAR_url = "" ;
$FilePath$/home/tiago/empirical-jsvuln-tools-study/framework/src/packages/CWE-26/415/package/server.js
Line 33			parsed_request += (dir_struct == "")? "" : "/";
$FilePath$/home/tiago/empirical-jsvuln-tools-study/framework/src/packages/CWE-26/415/package/server.js
Line 36			parsed_request += config.index;
$FilePath$/home/tiago/empirical-jsvuln-tools-study/framework/src/packages/CWE-26/415/package/server.js
Line 40		parsed_request = parsed_request.split("/");
$FilePath$/home/tiago/empirical-jsvuln-tools-study/framework/src/packages/CWE-26/415/package/server.js
Line 71			req_file = "." + parsed_request.join("\/");
$FilePath$/home/tiago/empirical-jsvuln-tools-study/tools-testing/tools-docker/odgen/ODGen/builtin_packages/fs.js
Line 15	  var ret = sink_hqbpillvul_fs_read(pathname);
$FilePath$/home/tiago/empirical-jsvuln-tools-study/framework/src/packages/CWE-26/415/package/server.js
Line 104				data = head + data;
$FilePath$/home/tiago/empirical-jsvuln-tools-study/tools-testing/tools-docker/odgen/ODGen/builtin_packages/http.js
Line 21	    sink_hqbpillvul_http_write(value, value);

|checker| success id$0$color:green$: 
==========================
$FilePath$/home/tiago/empirical-jsvuln-tools-study/tools-testing/tools-docker/odgen/ODGen/builtin_packages/http.js
Line 2	  var OPGen_TAINTED_VAR_url = "" ;
$FilePath$/home/tiago/empirical-jsvuln-tools-study/framework/src/packages/CWE-26/415/package/server.js
Line 33			parsed_request += (dir_struct == "")? "" : "/";
$FilePath$/home/tiago/empirical-jsvuln-tools-study/framework/src/packages/CWE-26/415/package/server.js
Line 36			parsed_request += config.index;
$FilePath$/home/tiago/empirical-jsvuln-tools-study/framework/src/packages/CWE-26/415/package/server.js
Line 40		parsed_request = parsed_request.split("/");
$FilePath$/home/tiago/empirical-jsvuln-tools-study/framework/src/packages/CWE-26/415/package/server.js
Line 71			req_file = "." + parsed_request.join("\/");
$FilePath$/home/tiago/empirical-jsvuln-tools-study/tools-testing/tools-docker/odgen/ODGen/builtin_packages/fs.js
Line 15	  var ret = sink_hqbpillvul_fs_read(pathname);
$FilePath$/home/tiago/empirical-jsvuln-tools-study/framework/src/packages/CWE-26/415/package/server.js
Line 104				data = head + data;
$FilePath$/home/tiago/empirical-jsvuln-tools-study/tools-testing/tools-docker/odgen/ODGen/builtin_packages/http.js
Line 21	    sink_hqbpillvul_http_write(value, value);

