1.0
1.0
1.0
1.0
1.0
1.0
1.0
1.0
1.0
1.0
1.0
1.0
1.0
1.0
1.0
1.0
1.0
1.0
1.0
1.0
1.0
1.0
1.0
1.0
1.0
1.0
1.0
0.39436619718309857
0.4084507042253521
0.4225352112676056
0.43661971830985913
0.4507042253521127
0.4583333333333333
0.4657534246575342
0.47297297297297297
0.48
0.4868421052631579
0.4935064935064935
0.5
0.5128205128205128
0.5256410256410257
0.5384615384615384
0.5512820512820513
0.5641025641025641
0.5769230769230769
0.5897435897435898
0.6025641025641025
0.6153846153846154
0.6282051282051282
0.6410256410256411
1.0
1.0
1.0
1.0
1.0
1.0
1.0
1.0
1.0
1.0
1.0
1.0
1.0
1.0
1.0
1.0
1.0
1.0
1.0
1.0
1.0
1.0
1.0
1.0
1.0
1.0
1.0
0.39436619718309857
0.4084507042253521
0.4225352112676056
0.43661971830985913
0.4507042253521127
0.4583333333333333
0.4657534246575342
0.47297297297297297
0.48
0.4868421052631579
0.4935064935064935
0.5
0.5128205128205128
0.5256410256410257
0.5384615384615384
0.5512820512820513
1.0
1.0
1.0
1.0
1.0
1.0
1.0
1.0
1.0
1.0
1.0
1.0
1.0
1.0
1.0
1.0
1.0
1.0
1.0
1.0
1.0
1.0
1.0
1.0
1.0
1.0
1.0
1.0
1.0
1.0
1.0
1.0
1.0
1.0
1.0
1.0
1.0
1.0
1.0
1.0
1.0
1.0
1.0
1.0
1.0
1.0
1.0
1.0
1.0
1.0
1.0
1.0
1.0
1.0
0.39436619718309857
0.4084507042253521
0.4225352112676056
0.43661971830985913
0.4507042253521127
0.4583333333333333
0.4657534246575342
0.47297297297297297
0.48
0.4868421052631579
0.4935064935064935
0.5
0.5128205128205128
0.5256410256410257
0.5384615384615384
0.5512820512820513
0.5641025641025641
0.5769230769230769
0.5897435897435898
0.6025641025641025
0.6153846153846154
0.6282051282051282
0.6410256410256411
1.0
1.0
1.0
1.0
1.0
1.0
1.0
1.0
1.0
1.0
1.0
1.0
1.0
1.0
1.0
1.0
1.0
1.0
1.0
1.0
1.0
1.0
1.0
1.0
1.0
1.0
1.0
0.39436619718309857
0.4084507042253521
0.4225352112676056
0.43661971830985913
0.4507042253521127
0.4583333333333333
0.4657534246575342
0.47297297297297297
0.48
0.4868421052631579
0.4935064935064935
0.5
0.5128205128205128
0.5256410256410257
0.5384615384615384
0.5512820512820513
0.5641025641025641
0.5769230769230769
0.5897435897435898
0.6025641025641025
0.6153846153846154
0.6282051282051282
0.6410256410256411
1.0
1.0
1.0
1.0
1.0
1.0
1.0
1.0
1.0
1.0
1.0
1.0
1.0
1.0
1.0
1.0
1.0
1.0
1.0
1.0
1.0
1.0
1.0
1.0
1.0
1.0
1.0
0.39436619718309857
0.4084507042253521
0.4225352112676056
0.43661971830985913
0.4507042253521127
0.4583333333333333
0.4657534246575342
0.47297297297297297
0.48
0.4868421052631579
0.4935064935064935
0.5
0.5128205128205128
0.5256410256410257
0.5384615384615384
0.5512820512820513
0.5641025641025641
0.5769230769230769
0.5897435897435898
0.6025641025641025
0.6153846153846154
0.6282051282051282
0.6410256410256411
1.0
1.0
1.0
1.0
1.0
1.0
1.0
1.0
1.0
1.0
1.0
1.0
1.0
1.0
1.0
1.0
1.0
1.0
1.0
1.0
1.0
1.0
1.0
1.0
1.0
1.0
1.0
0.39436619718309857
0.4084507042253521
0.4225352112676056
0.43661971830985913
0.4507042253521127
0.4583333333333333
0.4657534246575342
0.47297297297297297
0.48
0.4868421052631579
0.4935064935064935
0.5
0.5128205128205128
0.5256410256410257
0.5384615384615384
0.5512820512820513
0.5641025641025641
0.5769230769230769
0.5897435897435898
0.6025641025641025
0.6153846153846154
0.6282051282051282
0.6410256410256411
