1.0
1.0
1.0
1.0
1.0
1.0
1.0
1.0
1.0
1.0
1.0
1.0
1.0
1.0
1.0
1.0
1.0
1.0
0.15447154471544716
0.16260162601626016
0.17073170731707318
0.17886178861788618
0.18699186991869918
0.1951219512195122
0.2032520325203252
0.21138211382113822
0.21951219512195122
0.22764227642276422
0.23577235772357724
0.24390243902439024
0.25203252032520324
0.25806451612903225
0.2661290322580645
0.272
0.28
0.288
0.296
0.304
0.312
0.32
0.328
0.336
0.344
0.352
0.36
0.368
0.376
0.384
0.392
0.4
0.408
0.416
0.424
0.432
0.44
0.448
0.456
0.4603174603174603
0.4645669291338583
0.46875
0.4765625
0.484375
0.4921875
0.5
0.5078125
0.515625
0.5193798449612403
0.5230769230769231
0.5267175572519084
0.5303030303030303
0.5338345864661654
0.5373134328358209
0.5407407407407407
0.5441176470588235
0.5474452554744526
0.5507246376811594
0.5539568345323741
0.5571428571428572
0.5602836879432624
0.5633802816901409
0.5664335664335665
0.5694444444444444
0.5724137931034483
0.5753424657534246
0.5782312925170068
0.581081081081081
0.5838926174496645
0.5866666666666667
0.5894039735099338
0.5921052631578947
0.5947712418300654
0.5974025974025974
0.6038961038961039
0.6103896103896104
0.6168831168831169
0.6233766233766234
0.6298701298701299
0.6363636363636364
0.6428571428571429
0.6493506493506493
0.6558441558441559
0.6623376623376623
0.6688311688311688
0.6753246753246753
0.6818181818181818
0.6883116883116883
0.6948051948051948
0.7012987012987013
0.7077922077922078
0.7142857142857143
0.7207792207792207
0.7272727272727273
0.7337662337662337
0.7402597402597403
0.7419354838709677
0.7483870967741936
0.7548387096774194
0.7612903225806451
0.7677419354838709
0.7741935483870968
0.7806451612903226
0.7870967741935484
0.7935483870967742
0.8
0.8064516129032258
0.8129032258064516
0.8193548387096774
0.8258064516129032
0.832258064516129
0.8387096774193549
0.8451612903225807
0.8516129032258064
0.8580645161290322
0.864516129032258
0.8709677419354839
0.8774193548387097
0.8838709677419355
0.8903225806451613
0.896774193548387
0.9032258064516129
0.9096774193548387
0.9161290322580645
0.9225806451612903
0.9290322580645162
0.9354838709677419
0.9419354838709677
0.9483870967741935
0.9548387096774194
0.9612903225806452
0.967741935483871
0.9741935483870968
0.9806451612903225
0.9870967741935484
1.0
1.0
1.0
1.0
1.0
1.0
1.0
1.0
1.0
1.0
1.0
1.0
1.0
1.0
1.0
1.0
1.0
1.0
0.15447154471544716
0.16260162601626016
0.17073170731707318
0.17886178861788618
0.18699186991869918
0.1951219512195122
0.2032520325203252
0.21138211382113822
0.21951219512195122
0.22764227642276422
0.23577235772357724
0.24390243902439024
0.25203252032520324
0.25806451612903225
0.2661290322580645
0.272
0.28
0.288
0.296
0.304
0.312
0.32
0.328
0.336
0.344
0.352
0.36
0.368
0.376
0.384
0.392
0.4
0.408
0.416
0.424
0.432
0.44
0.448
0.456
0.4603174603174603
0.4645669291338583
0.46875
0.4765625
0.484375
0.4921875
0.5
0.5078125
0.515625
0.5193798449612403
0.5230769230769231
0.5267175572519084
0.5303030303030303
0.5338345864661654
0.5373134328358209
0.5407407407407407
0.5441176470588235
0.5474452554744526
0.5507246376811594
0.5539568345323741
0.5571428571428572
0.5602836879432624
0.5633802816901409
0.5664335664335665
0.5694444444444444
0.5724137931034483
0.5753424657534246
0.5782312925170068
0.581081081081081
0.5838926174496645
0.5866666666666667
0.5894039735099338
0.5921052631578947
0.5947712418300654
0.5974025974025974
0.6038961038961039
0.6103896103896104
0.6168831168831169
0.6233766233766234
0.6298701298701299
0.6363636363636364
0.6428571428571429
0.6493506493506493
0.6558441558441559
0.6623376623376623
0.6688311688311688
0.6753246753246753
0.6818181818181818
0.6883116883116883
0.6948051948051948
0.7012987012987013
0.7077922077922078
0.7142857142857143
0.7207792207792207
0.7272727272727273
0.7337662337662337
0.7402597402597403
0.7419354838709677
0.7483870967741936
0.7548387096774194
0.7612903225806451
0.7677419354838709
0.7741935483870968
0.7806451612903226
0.7870967741935484
0.7935483870967742
0.8
0.8064516129032258
0.8129032258064516
0.8193548387096774
0.8258064516129032
0.832258064516129
0.8387096774193549
0.8451612903225807
0.8516129032258064
0.8580645161290322
0.864516129032258
0.8709677419354839
0.8774193548387097
0.8838709677419355
0.8903225806451613
0.896774193548387
0.9032258064516129
0.9096774193548387
0.9161290322580645
0.9225806451612903
0.9290322580645162
0.9354838709677419
0.9419354838709677
0.9483870967741935
0.9548387096774194
0.9612903225806452
0.967741935483871
0.9741935483870968
0.9806451612903225
0.9870967741935484
1.0
1.0
1.0
1.0
1.0
1.0
1.0
1.0
1.0
1.0
1.0
1.0
1.0
1.0
1.0
1.0
1.0
1.0
1.0
1.0
1.0
1.0
1.0
1.0
1.0
1.0
1.0
1.0
1.0
1.0
1.0
1.0
1.0
1.0
1.0
1.0
0.15447154471544716
0.16260162601626016
0.17073170731707318
0.17886178861788618
0.18699186991869918
0.1951219512195122
0.2032520325203252
0.21138211382113822
0.21951219512195122
0.22764227642276422
0.23577235772357724
0.24390243902439024
0.25203252032520324
0.25806451612903225
0.2661290322580645
0.272
0.28
0.288
0.296
0.304
0.312
0.32
0.328
0.336
0.344
0.352
0.36
0.368
0.376
0.384
0.392
0.4
0.408
0.416
0.424
0.432
0.44
0.448
0.456
0.464
0.472
0.47619047619047616
0.48031496062992124
0.484375
0.4921875
0.5
0.5078125
0.515625
0.5234375
0.53125
0.5348837209302325
0.5384615384615384
0.5419847328244275
0.5454545454545454
0.5488721804511278
0.5522388059701493
0.5555555555555556
0.5588235294117647
0.5620437956204379
0.5652173913043478
0.5683453237410072
0.5714285714285714
0.574468085106383
0.5774647887323944
0.5804195804195804
0.5833333333333334
0.5862068965517241
0.589041095890411
0.5918367346938775
0.5945945945945946
0.5973154362416108
0.6
0.6026490066225165
0.6052631578947368
0.6078431372549019
0.6103896103896104
0.6168831168831169
0.6233766233766234
0.6298701298701299
0.6363636363636364
0.6428571428571429
0.6493506493506493
0.6558441558441559
0.6623376623376623
0.6688311688311688
0.6753246753246753
0.6818181818181818
0.6883116883116883
0.6948051948051948
0.7012987012987013
0.7077922077922078
0.7142857142857143
0.7207792207792207
0.7272727272727273
0.7337662337662337
0.7402597402597403
0.7467532467532467
0.7532467532467533
0.7548387096774194
0.7612903225806451
0.7677419354838709
0.7741935483870968
0.7806451612903226
0.7870967741935484
0.7935483870967742
0.8
0.8064516129032258
0.8129032258064516
0.8193548387096774
0.8258064516129032
0.832258064516129
0.8387096774193549
0.8451612903225807
0.8516129032258064
0.8580645161290322
0.864516129032258
0.8709677419354839
0.8774193548387097
0.8838709677419355
0.8903225806451613
0.896774193548387
0.9032258064516129
0.9096774193548387
0.9161290322580645
0.9225806451612903
0.9290322580645162
0.9354838709677419
0.9419354838709677
0.9483870967741935
0.9548387096774194
0.9612903225806452
0.967741935483871
0.9741935483870968
0.9806451612903225
0.9870967741935484
0.9935483870967742
1.0
1.0
1.0
1.0
1.0
1.0
1.0
1.0
1.0
1.0
1.0
1.0
1.0
1.0
1.0
1.0
1.0
1.0
1.0
0.15447154471544716
0.16260162601626016
0.17073170731707318
0.17886178861788618
0.18699186991869918
0.1951219512195122
0.2032520325203252
0.21138211382113822
0.21951219512195122
0.22764227642276422
0.23577235772357724
0.24390243902439024
0.25203252032520324
0.25806451612903225
0.2661290322580645
0.272
1.0
1.0
1.0
1.0
1.0
1.0
1.0
1.0
1.0
1.0
1.0
1.0
1.0
1.0
1.0
1.0
1.0
1.0
0.15447154471544716
0.16260162601626016
0.17073170731707318
0.17886178861788618
0.18699186991869918
0.1951219512195122
0.2032520325203252
0.21138211382113822
0.21951219512195122
0.22764227642276422
0.23577235772357724
0.24390243902439024
0.25203252032520324
0.25806451612903225
0.2661290322580645
0.272
0.28
0.288
0.296
0.304
0.312
0.32
0.328
0.336
0.344
0.352
0.36
0.368
0.376
0.384
0.392
0.4
0.408
0.416
0.424
0.432
0.44
0.448
0.456
0.4603174603174603
0.4645669291338583
0.46875
0.4765625
0.484375
0.4921875
0.5
0.5078125
0.515625
0.5193798449612403
0.5230769230769231
0.5267175572519084
0.5303030303030303
0.5338345864661654
0.5373134328358209
0.5407407407407407
0.5441176470588235
0.5474452554744526
0.5507246376811594
0.5539568345323741
0.5571428571428572
0.5602836879432624
0.5633802816901409
0.5664335664335665
0.5694444444444444
0.5724137931034483
0.5753424657534246
0.5782312925170068
0.581081081081081
0.5838926174496645
0.5866666666666667
0.5894039735099338
0.5921052631578947
0.5947712418300654
0.5974025974025974
0.6038961038961039
0.6103896103896104
0.6168831168831169
0.6233766233766234
0.6298701298701299
0.6363636363636364
0.6428571428571429
0.6493506493506493
0.6558441558441559
0.6623376623376623
0.6688311688311688
0.6753246753246753
0.6818181818181818
0.6883116883116883
0.6948051948051948
0.7012987012987013
0.7077922077922078
0.7142857142857143
0.7207792207792207
0.7272727272727273
0.7337662337662337
0.7402597402597403
0.7419354838709677
0.7483870967741936
0.7548387096774194
0.7612903225806451
0.7677419354838709
0.7741935483870968
0.7806451612903226
0.7870967741935484
0.7935483870967742
0.8
0.8064516129032258
0.8129032258064516
0.8193548387096774
0.8258064516129032
0.832258064516129
0.8387096774193549
0.8451612903225807
0.8516129032258064
0.8580645161290322
0.864516129032258
0.8709677419354839
0.8774193548387097
0.8838709677419355
0.8903225806451613
0.896774193548387
0.9032258064516129
0.9096774193548387
0.9161290322580645
0.9225806451612903
0.9290322580645162
0.9354838709677419
0.9419354838709677
0.9483870967741935
0.9548387096774194
0.9612903225806452
0.967741935483871
0.9741935483870968
0.9806451612903225
0.9870967741935484
1.0
1.0
1.0
1.0
1.0
1.0
1.0
1.0
1.0
1.0
1.0
1.0
1.0
1.0
1.0
1.0
1.0
1.0
0.15447154471544716
0.16260162601626016
0.17073170731707318
0.17886178861788618
0.18699186991869918
0.1951219512195122
0.2032520325203252
0.21138211382113822
0.21951219512195122
0.22764227642276422
0.23577235772357724
0.24390243902439024
0.25203252032520324
0.25806451612903225
0.2661290322580645
0.272
0.28
0.288
0.296
0.304
0.312
0.32
0.328
0.336
0.344
0.352
0.36
0.368
0.376
0.384
0.392
0.4
0.408
0.416
0.424
0.432
0.44
0.448
0.456
0.4603174603174603
0.4645669291338583
0.46875
0.4765625
0.484375
0.4921875
0.5
0.5078125
0.515625
0.5193798449612403
0.5230769230769231
0.5267175572519084
0.5303030303030303
0.5338345864661654
0.5373134328358209
0.5407407407407407
0.5441176470588235
0.5474452554744526
0.5507246376811594
0.5539568345323741
0.5571428571428572
0.5602836879432624
0.5633802816901409
0.5664335664335665
0.5694444444444444
0.5724137931034483
0.5753424657534246
0.5782312925170068
0.581081081081081
0.5838926174496645
0.5866666666666667
0.5894039735099338
0.5921052631578947
0.5947712418300654
0.5974025974025974
0.6038961038961039
0.6103896103896104
0.6168831168831169
0.6233766233766234
0.6298701298701299
0.6363636363636364
0.6428571428571429
0.6493506493506493
0.6558441558441559
0.6623376623376623
0.6688311688311688
0.6753246753246753
0.6818181818181818
0.6883116883116883
0.6948051948051948
0.7012987012987013
0.7077922077922078
0.7142857142857143
0.7207792207792207
0.7272727272727273
0.7337662337662337
0.7402597402597403
0.7419354838709677
0.7483870967741936
0.7548387096774194
0.7612903225806451
0.7677419354838709
0.7741935483870968
0.7806451612903226
0.7870967741935484
0.7935483870967742
0.8
0.8064516129032258
0.8129032258064516
0.8193548387096774
0.8258064516129032
0.832258064516129
0.8387096774193549
0.8451612903225807
0.8516129032258064
0.8580645161290322
0.864516129032258
0.8709677419354839
0.8774193548387097
0.8838709677419355
0.8903225806451613
0.896774193548387
0.9032258064516129
0.9096774193548387
0.9161290322580645
0.9225806451612903
0.9290322580645162
0.9354838709677419
0.9419354838709677
0.9483870967741935
0.9548387096774194
0.9612903225806452
0.967741935483871
0.9741935483870968
0.9806451612903225
0.9870967741935484
