1.0
1.0
1.0
1.0
1.0
1.0
1.0
1.0
1.0
1.0
1.0
1.0
1.0
1.0
1.0
1.0
1.0
1.0
1.0
1.0
1.0
1.0
1.0
1.0
1.0
1.0
1.0
1.0
1.0
1.0
1.0
1.0
1.0
1.0
1.0
1.0
1.0
1.0
1.0
1.0
1.0
1.0
1.0
1.0
1.0
1.0
1.0
1.0
1.0
1.0
1.0
1.0
1.0
1.0
1.0
1.0
0.21923076923076923
0.2230769230769231
0.22692307692307692
0.23076923076923078
0.23461538461538461
0.23846153846153847
0.2423076923076923
0.24615384615384617
0.25
0.25384615384615383
0.25769230769230766
0.26153846153846155
0.2653846153846154
0.2692307692307692
0.27307692307692305
0.27692307692307694
0.28076923076923077
0.2846153846153846
0.28846153846153844
0.2923076923076923
0.29615384615384616
0.3
0.3038461538461538
0.3076923076923077
0.31153846153846154
0.3153846153846154
0.3192307692307692
0.3230769230769231
0.3269230769230769
0.33076923076923076
0.3346153846153846
0.3384615384615385
0.3423076923076923
0.34615384615384615
0.35
0.35384615384615387
0.3576923076923077
0.36153846153846153
0.36538461538461536
0.36923076923076925
0.3730769230769231
0.3769230769230769
0.38076923076923075
0.38461538461538464
0.38846153846153847
0.3923076923076923
0.39615384615384613
0.4
0.40384615384615385
0.4076923076923077
0.4115384615384615
0.4153846153846154
0.41923076923076924
0.4230769230769231
0.4269230769230769
0.4307692307692308
0.4346153846153846
0.43846153846153846
0.4423076923076923
0.4461538461538462
0.45
0.45384615384615384
0.4576923076923077
0.46153846153846156
0.4653846153846154
0.46923076923076923
0.47307692307692306
0.47692307692307695
0.4807692307692308
0.4846153846153846
0.48846153846153845
0.49230769230769234
0.49615384615384617
0.5
0.5038461538461538
0.5076923076923077
0.5115384615384615
0.5153846153846153
0.5192307692307693
0.5230769230769231
0.5269230769230769
0.5307692307692308
0.5346153846153846
0.5384615384615384
0.5423076923076923
0.5461538461538461
0.55
0.5538461538461539
0.5576923076923077
0.5615384615384615
0.5653846153846154
0.5692307692307692
0.573076923076923
0.5769230769230769
0.5807692307692308
0.5846153846153846
0.5884615384615385
0.5923076923076923
0.5961538461538461
0.6
0.6038461538461538
0.6076923076923076
0.6115384615384616
0.6153846153846154
0.6192307692307693
0.6230769230769231
0.6269230769230769
0.6307692307692307
0.6346153846153846
0.6384615384615384
0.6423076923076924
0.6461538461538462
0.65
0.6538461538461539
0.6576923076923077
0.6615384615384615
0.6653846153846154
0.6692307692307692
0.6730769230769231
0.676923076923077
0.6807692307692308
0.6846153846153846
0.6884615384615385
0.6923076923076923
0.6961538461538461
0.7
0.7038461538461539
0.7076923076923077
0.7115384615384616
0.7153846153846154
0.7192307692307692
0.7230769230769231
0.7269230769230769
0.7307692307692307
0.7346153846153847
0.7384615384615385
0.7423076923076923
0.7461538461538462
0.75
0.7538461538461538
1.0
1.0
1.0
1.0
1.0
1.0
1.0
1.0
1.0
1.0
1.0
1.0
1.0
1.0
1.0
1.0
1.0
1.0
1.0
1.0
1.0
1.0
1.0
1.0
1.0
1.0
1.0
1.0
1.0
1.0
1.0
1.0
1.0
1.0
1.0
1.0
1.0
1.0
1.0
1.0
1.0
1.0
1.0
1.0
1.0
1.0
1.0
1.0
1.0
1.0
1.0
1.0
1.0
1.0
1.0
1.0
0.21923076923076923
0.2230769230769231
0.22692307692307692
0.23076923076923078
0.23461538461538461
0.23846153846153847
0.2423076923076923
0.24615384615384617
0.25
0.25384615384615383
0.25769230769230766
0.26153846153846155
0.2653846153846154
0.2692307692307692
0.27307692307692305
0.27692307692307694
0.28076923076923077
0.2846153846153846
0.28846153846153844
0.2923076923076923
0.29615384615384616
0.3
0.3038461538461538
0.3076923076923077
0.31153846153846154
0.3153846153846154
0.3192307692307692
0.3230769230769231
0.3269230769230769
0.33076923076923076
0.3346153846153846
0.3384615384615385
0.3423076923076923
0.34615384615384615
0.35
0.35384615384615387
0.3576923076923077
0.36153846153846153
0.36538461538461536
0.36923076923076925
0.3730769230769231
0.3769230769230769
0.38076923076923075
0.38461538461538464
0.38846153846153847
0.3923076923076923
0.39615384615384613
0.4
0.40384615384615385
0.4076923076923077
0.4115384615384615
0.4153846153846154
0.41923076923076924
0.4230769230769231
0.4269230769230769
0.4307692307692308
0.4346153846153846
0.43846153846153846
0.4423076923076923
0.4461538461538462
0.45
0.45384615384615384
0.4576923076923077
0.46153846153846156
0.4653846153846154
0.46923076923076923
0.47307692307692306
0.47692307692307695
0.4807692307692308
0.4846153846153846
0.48846153846153845
0.49230769230769234
0.49615384615384617
0.5
0.5038461538461538
0.5076923076923077
0.5115384615384615
0.5153846153846153
0.5192307692307693
0.5230769230769231
0.5269230769230769
0.5307692307692308
0.5346153846153846
0.5384615384615384
0.5423076923076923
0.5461538461538461
0.55
0.5538461538461539
0.5576923076923077
0.5615384615384615
0.5653846153846154
0.5692307692307692
0.573076923076923
0.5769230769230769
0.5807692307692308
0.5846153846153846
0.5884615384615385
0.5923076923076923
0.5961538461538461
0.6
0.6038461538461538
0.6076923076923076
0.6115384615384616
0.6153846153846154
0.6192307692307693
0.6230769230769231
0.6269230769230769
0.6307692307692307
0.6346153846153846
0.6384615384615384
0.6423076923076924
0.6461538461538462
0.65
0.6538461538461539
0.6576923076923077
0.6615384615384615
0.6653846153846154
0.6692307692307692
0.6730769230769231
0.676923076923077
0.6807692307692308
0.6846153846153846
0.6884615384615385
0.6923076923076923
0.6961538461538461
0.7
0.7038461538461539
0.7076923076923077
0.7115384615384616
0.7153846153846154
0.7192307692307692
0.7230769230769231
0.7269230769230769
0.7307692307692307
0.7346153846153847
0.7384615384615385
0.7423076923076923
0.7461538461538462
0.75
0.7538461538461538
1.0
1.0
1.0
1.0
1.0
1.0
1.0
1.0
1.0
1.0
1.0
1.0
1.0
1.0
1.0
1.0
1.0
1.0
1.0
1.0
1.0
1.0
1.0
1.0
1.0
1.0
1.0
1.0
1.0
1.0
1.0
1.0
1.0
1.0
1.0
1.0
1.0
1.0
1.0
1.0
1.0
1.0
1.0
1.0
1.0
1.0
1.0
1.0
1.0
1.0
1.0
1.0
1.0
1.0
1.0
1.0
1.0
1.0
1.0
1.0
1.0
1.0
1.0
1.0
1.0
1.0
1.0
1.0
1.0
1.0
1.0
1.0
1.0
1.0
1.0
1.0
1.0
1.0
1.0
1.0
1.0
1.0
1.0
1.0
1.0
1.0
1.0
1.0
1.0
1.0
1.0
1.0
1.0
1.0
1.0
1.0
1.0
1.0
1.0
1.0
1.0
1.0
1.0
1.0
1.0
1.0
1.0
1.0
1.0
1.0
1.0
1.0
0.21923076923076923
0.2230769230769231
0.22692307692307692
0.23076923076923078
0.23461538461538461
0.23846153846153847
0.2423076923076923
0.24615384615384617
0.25
0.25384615384615383
0.25769230769230766
0.26153846153846155
0.2653846153846154
0.2692307692307692
0.27307692307692305
0.27692307692307694
0.28076923076923077
0.2846153846153846
0.28846153846153844
0.2923076923076923
0.29615384615384616
0.3
0.3038461538461538
0.3076923076923077
0.31153846153846154
0.3153846153846154
0.3192307692307692
0.3230769230769231
0.3269230769230769
0.33076923076923076
0.3346153846153846
0.3384615384615385
0.3423076923076923
0.34615384615384615
0.35
0.35384615384615387
0.3576923076923077
0.36153846153846153
0.36538461538461536
0.36923076923076925
0.3730769230769231
0.3769230769230769
0.38076923076923075
0.38461538461538464
0.38846153846153847
0.3923076923076923
0.39615384615384613
0.4
0.40384615384615385
0.4076923076923077
0.4115384615384615
0.4153846153846154
0.41923076923076924
0.4230769230769231
0.4269230769230769
0.4307692307692308
0.4346153846153846
0.43846153846153846
0.4423076923076923
0.4461538461538462
0.45
0.45384615384615384
0.4576923076923077
0.46153846153846156
0.4653846153846154
0.46923076923076923
0.47307692307692306
0.47692307692307695
0.4807692307692308
0.4846153846153846
0.48846153846153845
0.49230769230769234
0.49615384615384617
0.5
0.5038461538461538
0.5076923076923077
0.5115384615384615
0.5153846153846153
0.5192307692307693
0.5230769230769231
0.5269230769230769
0.5307692307692308
0.5346153846153846
0.5384615384615384
0.5423076923076923
0.5461538461538461
0.55
0.5538461538461539
0.5576923076923077
0.5615384615384615
0.5653846153846154
0.5692307692307692
0.573076923076923
0.5769230769230769
0.5807692307692308
0.5846153846153846
0.5884615384615385
0.5923076923076923
0.5961538461538461
0.6
0.6038461538461538
0.6076923076923076
0.6115384615384616
0.6153846153846154
0.6192307692307693
0.6230769230769231
0.6269230769230769
0.6307692307692307
0.6346153846153846
0.6384615384615384
0.6423076923076924
0.6461538461538462
0.65
0.6538461538461539
0.6576923076923077
0.6615384615384615
0.6653846153846154
0.6692307692307692
0.6730769230769231
0.676923076923077
0.6807692307692308
0.6846153846153846
0.6884615384615385
0.6923076923076923
0.6961538461538461
0.7
0.7038461538461539
0.7076923076923077
0.7115384615384616
0.7153846153846154
0.7192307692307692
0.7230769230769231
0.7269230769230769
0.7307692307692307
0.7346153846153847
0.7384615384615385
0.7423076923076923
0.7461538461538462
0.75
0.7538461538461538
1.0
1.0
1.0
1.0
1.0
1.0
1.0
1.0
1.0
1.0
1.0
1.0
1.0
1.0
1.0
1.0
1.0
1.0
1.0
1.0
1.0
1.0
1.0
1.0
1.0
1.0
1.0
1.0
1.0
1.0
1.0
1.0
1.0
1.0
1.0
1.0
1.0
1.0
1.0
1.0
1.0
1.0
1.0
1.0
1.0
1.0
1.0
1.0
1.0
1.0
1.0
1.0
1.0
1.0
1.0
1.0
0.21923076923076923
0.2230769230769231
0.22692307692307692
0.23076923076923078
0.23461538461538461
0.23846153846153847
0.2423076923076923
0.24615384615384617
0.25
0.25384615384615383
0.25769230769230766
0.26153846153846155
0.2653846153846154
0.2692307692307692
0.27307692307692305
0.27692307692307694
0.28076923076923077
0.2846153846153846
0.28846153846153844
0.2923076923076923
0.29615384615384616
0.3
0.3038461538461538
0.3076923076923077
0.31153846153846154
0.3153846153846154
0.3192307692307692
0.3230769230769231
0.3269230769230769
0.33076923076923076
0.3346153846153846
0.3384615384615385
0.3423076923076923
0.34615384615384615
0.35
0.35384615384615387
0.3576923076923077
0.36153846153846153
0.36538461538461536
0.36923076923076925
0.3730769230769231
0.3769230769230769
0.38076923076923075
0.38461538461538464
0.38846153846153847
0.3923076923076923
0.39615384615384613
0.4
0.40384615384615385
0.4076923076923077
0.4115384615384615
0.4153846153846154
0.41923076923076924
0.4230769230769231
0.4269230769230769
0.4307692307692308
0.4346153846153846
0.43846153846153846
0.4423076923076923
0.4461538461538462
0.45
0.45384615384615384
0.4576923076923077
0.46153846153846156
0.4653846153846154
0.46923076923076923
0.47307692307692306
0.47692307692307695
0.4807692307692308
0.4846153846153846
0.48846153846153845
0.49230769230769234
0.49615384615384617
0.5
0.5038461538461538
0.5076923076923077
0.5115384615384615
0.5153846153846153
0.5192307692307693
0.5230769230769231
0.5269230769230769
0.5307692307692308
0.5346153846153846
0.5384615384615384
0.5423076923076923
0.5461538461538461
0.55
0.5538461538461539
0.5576923076923077
0.5615384615384615
0.5653846153846154
0.5692307692307692
0.573076923076923
0.5769230769230769
0.5807692307692308
0.5846153846153846
0.5884615384615385
0.5923076923076923
0.5961538461538461
0.6
0.6038461538461538
0.6076923076923076
0.6115384615384616
0.6153846153846154
0.6192307692307693
0.6230769230769231
0.6269230769230769
0.6307692307692307
0.6346153846153846
0.6384615384615384
0.6423076923076924
0.6461538461538462
0.65
0.6538461538461539
0.6576923076923077
0.6615384615384615
0.6653846153846154
0.6692307692307692
0.6730769230769231
0.676923076923077
0.6807692307692308
0.6846153846153846
0.6884615384615385
0.6923076923076923
0.6961538461538461
0.7
0.7038461538461539
0.7076923076923077
0.7115384615384616
0.7153846153846154
0.7192307692307692
0.7230769230769231
0.7269230769230769
0.7307692307692307
0.7346153846153847
0.7384615384615385
0.7423076923076923
0.7461538461538462
0.75
0.7538461538461538
1.0
1.0
1.0
1.0
1.0
1.0
1.0
1.0
1.0
1.0
1.0
1.0
1.0
1.0
1.0
1.0
1.0
1.0
1.0
1.0
1.0
1.0
1.0
1.0
1.0
1.0
1.0
1.0
1.0
1.0
1.0
1.0
1.0
1.0
1.0
1.0
1.0
1.0
1.0
1.0
1.0
1.0
1.0
1.0
1.0
1.0
1.0
1.0
1.0
1.0
1.0
1.0
1.0
1.0
1.0
1.0
0.21923076923076923
0.2230769230769231
0.22692307692307692
0.23076923076923078
0.23461538461538461
0.23846153846153847
0.2423076923076923
0.24615384615384617
0.25
0.25384615384615383
0.25769230769230766
0.26153846153846155
0.2653846153846154
0.2692307692307692
0.27307692307692305
0.27692307692307694
0.28076923076923077
0.2846153846153846
0.28846153846153844
0.2923076923076923
0.29615384615384616
0.3
0.3038461538461538
0.3076923076923077
0.31153846153846154
0.3153846153846154
0.3192307692307692
0.3230769230769231
0.3269230769230769
0.33076923076923076
0.3346153846153846
0.3384615384615385
0.3423076923076923
0.34615384615384615
0.35
0.35384615384615387
0.3576923076923077
0.36153846153846153
0.36538461538461536
0.36923076923076925
0.3730769230769231
0.3769230769230769
0.38076923076923075
0.38461538461538464
0.38846153846153847
0.3923076923076923
0.39615384615384613
0.4
0.40384615384615385
0.4076923076923077
0.4115384615384615
0.4153846153846154
0.41923076923076924
0.4230769230769231
0.4269230769230769
0.4307692307692308
0.4346153846153846
0.43846153846153846
0.4423076923076923
0.4461538461538462
0.45
0.45384615384615384
0.4576923076923077
0.46153846153846156
0.4653846153846154
0.46923076923076923
0.47307692307692306
0.47692307692307695
0.4807692307692308
0.4846153846153846
0.48846153846153845
0.49230769230769234
0.49615384615384617
0.5
0.5038461538461538
0.5076923076923077
0.5115384615384615
0.5153846153846153
0.5192307692307693
0.5230769230769231
0.5269230769230769
0.5307692307692308
0.5346153846153846
0.5384615384615384
0.5423076923076923
0.5461538461538461
0.55
0.5538461538461539
0.5576923076923077
0.5615384615384615
0.5653846153846154
0.5692307692307692
0.573076923076923
0.5769230769230769
0.5807692307692308
0.5846153846153846
0.5884615384615385
0.5923076923076923
0.5961538461538461
0.6
0.6038461538461538
0.6076923076923076
0.6115384615384616
0.6153846153846154
0.6192307692307693
0.6230769230769231
0.6269230769230769
0.6307692307692307
0.6346153846153846
0.6384615384615384
0.6423076923076924
0.6461538461538462
0.65
0.6538461538461539
0.6576923076923077
0.6615384615384615
0.6653846153846154
0.6692307692307692
0.6730769230769231
0.676923076923077
0.6807692307692308
0.6846153846153846
0.6884615384615385
0.6923076923076923
0.6961538461538461
0.7
0.7038461538461539
0.7076923076923077
0.7115384615384616
0.7153846153846154
0.7192307692307692
0.7230769230769231
0.7269230769230769
0.7307692307692307
0.7346153846153847
0.7384615384615385
0.7423076923076923
0.7461538461538462
0.75
0.7538461538461538
1.0
1.0
1.0
1.0
1.0
1.0
1.0
1.0
1.0
1.0
1.0
1.0
1.0
1.0
1.0
1.0
1.0
1.0
1.0
1.0
1.0
1.0
1.0
1.0
1.0
1.0
1.0
1.0
1.0
1.0
1.0
1.0
1.0
1.0
1.0
1.0
1.0
1.0
1.0
1.0
1.0
1.0
1.0
1.0
1.0
1.0
1.0
1.0
1.0
1.0
1.0
1.0
1.0
1.0
1.0
1.0
0.21923076923076923
0.2230769230769231
0.22692307692307692
0.23076923076923078
0.23461538461538461
0.23846153846153847
0.2423076923076923
0.24615384615384617
0.25
0.25384615384615383
0.25769230769230766
0.26153846153846155
0.2653846153846154
0.2692307692307692
0.27307692307692305
0.27692307692307694
0.28076923076923077
0.2846153846153846
0.28846153846153844
0.2923076923076923
0.29615384615384616
0.3
0.3038461538461538
0.3076923076923077
0.31153846153846154
0.3153846153846154
0.3192307692307692
0.3230769230769231
0.3269230769230769
0.33076923076923076
0.3346153846153846
0.3384615384615385
0.3423076923076923
0.34615384615384615
0.35
0.35384615384615387
0.3576923076923077
0.36153846153846153
0.36538461538461536
0.36923076923076925
0.3730769230769231
0.3769230769230769
0.38076923076923075
0.38461538461538464
0.38846153846153847
0.3923076923076923
0.39615384615384613
0.4
0.40384615384615385
0.4076923076923077
0.4115384615384615
0.4153846153846154
0.41923076923076924
0.4230769230769231
0.4269230769230769
0.4307692307692308
0.4346153846153846
0.43846153846153846
0.4423076923076923
0.4461538461538462
0.45
0.45384615384615384
0.4576923076923077
0.46153846153846156
0.4653846153846154
0.46923076923076923
0.47307692307692306
0.47692307692307695
0.4807692307692308
0.4846153846153846
0.48846153846153845
0.49230769230769234
0.49615384615384617
0.5
0.5038461538461538
0.5076923076923077
0.5115384615384615
0.5153846153846153
0.5192307692307693
0.5230769230769231
0.5269230769230769
0.5307692307692308
0.5346153846153846
0.5384615384615384
0.5423076923076923
0.5461538461538461
0.55
0.5538461538461539
0.5576923076923077
0.5615384615384615
0.5653846153846154
0.5692307692307692
0.573076923076923
0.5769230769230769
0.5807692307692308
0.5846153846153846
0.5884615384615385
0.5923076923076923
0.5961538461538461
0.6
0.6038461538461538
0.6076923076923076
0.6115384615384616
0.6153846153846154
0.6192307692307693
0.6230769230769231
0.6269230769230769
0.6307692307692307
0.6346153846153846
0.6384615384615384
0.6423076923076924
0.6461538461538462
0.65
0.6538461538461539
0.6576923076923077
0.6615384615384615
0.6653846153846154
0.6692307692307692
0.6730769230769231
0.676923076923077
0.6807692307692308
0.6846153846153846
0.6884615384615385
0.6923076923076923
0.6961538461538461
0.7
0.7038461538461539
0.7076923076923077
0.7115384615384616
0.7153846153846154
0.7192307692307692
0.7230769230769231
0.7269230769230769
0.7307692307692307
0.7346153846153847
0.7384615384615385
0.7423076923076923
0.7461538461538462
0.75
0.7538461538461538
