1.0
1.0
1.0
1.0
1.0
1.0
1.0
1.0
1.0
1.0
1.0
1.0
1.0
1.0
1.0
1.0
1.0
1.0
1.0
1.0
1.0
1.0
1.0
1.0
1.0
1.0
1.0
1.0
1.0
1.0
1.0
1.0
1.0
1.0
0.6730769230769231
0.6792452830188679
0.6851851851851852
0.6909090909090909
0.6964285714285714
0.7017543859649122
0.7068965517241379
0.711864406779661
0.7166666666666667
0.7213114754098361
0.7258064516129032
0.7301587301587301
0.734375
0.7384615384615385
0.7424242424242424
0.746268656716418
0.75
0.7536231884057971
0.7571428571428571
0.7605633802816901
0.7638888888888888
0.7671232876712328
0.7702702702702703
0.7733333333333333
0.7763157894736842
0.7792207792207793
0.6703296703296703
0.6739130434782609
0.6774193548387096
0.6808510638297872
0.6842105263157895
0.6875
0.6907216494845361
0.6938775510204082
0.696969696969697
0.7
0.7029702970297029
0.7058823529411765
0.7087378640776699
0.7115384615384616
0.7142857142857143
0.7169811320754716
0.7264150943396226
0.7289719626168224
0.7314814814814815
0.7339449541284404
0.7363636363636363
0.7387387387387387
0.7477477477477478
0.75
0.7589285714285714
0.7610619469026548
0.7631578947368421
0.7652173913043478
0.7672413793103449
0.7692307692307693
0.7711864406779662
0.773109243697479
0.775
0.7768595041322314
0.7786885245901639
0.7804878048780488
0.782258064516129
0.784
0.7857142857142857
0.7874015748031497
0.7890625
0.7906976744186046
0.7923076923076923
0.7938931297709924
0.7954545454545454
0.7969924812030075
0.7985074626865671
0.8
0.8014705882352942
0.8029197080291971
0.8043478260869565
0.8057553956834532
0.8129496402877698
0.8142857142857143
0.8214285714285714
0.8226950354609929
0.823943661971831
1.0
1.0
1.0
1.0
1.0
1.0
1.0
1.0
1.0
1.0
1.0
1.0
1.0
1.0
1.0
1.0
1.0
1.0
1.0
1.0
1.0
1.0
1.0
1.0
1.0
1.0
1.0
1.0
1.0
1.0
1.0
1.0
1.0
1.0
0.6730769230769231
0.6792452830188679
0.6851851851851852
0.6909090909090909
0.6964285714285714
0.7017543859649122
0.7068965517241379
0.711864406779661
0.7166666666666667
0.7213114754098361
0.7258064516129032
0.7301587301587301
0.734375
0.7384615384615385
0.7424242424242424
0.746268656716418
0.75
0.7536231884057971
0.7571428571428571
0.7605633802816901
0.7638888888888888
0.7671232876712328
0.7702702702702703
0.7733333333333333
0.7763157894736842
0.7792207792207793
0.6703296703296703
0.6739130434782609
0.6774193548387096
0.6808510638297872
0.6842105263157895
0.6875
0.6907216494845361
0.6938775510204082
0.696969696969697
0.7
0.7029702970297029
0.7058823529411765
0.7087378640776699
0.7115384615384616
0.7142857142857143
0.7169811320754716
0.7264150943396226
0.7289719626168224
0.7314814814814815
0.7339449541284404
0.7363636363636363
0.7387387387387387
0.7477477477477478
0.75
0.7589285714285714
0.7610619469026548
0.7631578947368421
0.7652173913043478
0.7672413793103449
0.7692307692307693
0.7711864406779662
0.773109243697479
0.775
0.7768595041322314
0.7786885245901639
0.7804878048780488
0.782258064516129
0.784
0.7857142857142857
0.7874015748031497
0.7890625
0.7906976744186046
0.7923076923076923
0.7938931297709924
0.7954545454545454
0.7969924812030075
0.7985074626865671
0.8
0.8014705882352942
0.8029197080291971
0.8043478260869565
0.8057553956834532
0.8129496402877698
0.8142857142857143
0.8214285714285714
0.8226950354609929
0.823943661971831
1.0
1.0
1.0
1.0
1.0
1.0
1.0
1.0
1.0
1.0
1.0
1.0
1.0
1.0
1.0
1.0
1.0
1.0
1.0
1.0
1.0
1.0
1.0
1.0
1.0
1.0
1.0
1.0
1.0
1.0
1.0
1.0
1.0
1.0
1.0
1.0
1.0
1.0
1.0
1.0
1.0
1.0
1.0
1.0
1.0
1.0
1.0
1.0
1.0
1.0
1.0
1.0
1.0
1.0
1.0
1.0
1.0
1.0
1.0
1.0
1.0
1.0
1.0
1.0
1.0
1.0
1.0
1.0
1.0
1.0
1.0
1.0
1.0
1.0
1.0
1.0
1.0
1.0
1.0
1.0
1.0
1.0
1.0
1.0
1.0
1.0
1.0
1.0
1.0
1.0
1.0
1.0
1.0
1.0
1.0
1.0
1.0
1.0
1.0
1.0
1.0
1.0
1.0
1.0
1.0
1.0
1.0
1.0
1.0
1.0
1.0
1.0
1.0
1.0
1.0
1.0
1.0
1.0
1.0
1.0
1.0
1.0
1.0
1.0
1.0
1.0
1.0
1.0
1.0
1.0
1.0
1.0
1.0
1.0
1.0
1.0
1.0
1.0
1.0
1.0
1.0
1.0
1.0
1.0
1.0
1.0
1.0
1.0
1.0
1.0
1.0
0.6730769230769231
0.6792452830188679
0.6851851851851852
0.6909090909090909
0.6964285714285714
0.7017543859649122
0.7068965517241379
0.711864406779661
0.7166666666666667
0.7213114754098361
0.7258064516129032
0.7301587301587301
0.734375
0.7384615384615385
0.7424242424242424
0.746268656716418
0.75
0.7536231884057971
0.7571428571428571
0.7605633802816901
0.7638888888888888
0.7671232876712328
0.7702702702702703
0.7733333333333333
0.7763157894736842
0.7792207792207793
0.6703296703296703
0.6739130434782609
0.6774193548387096
0.6808510638297872
0.6842105263157895
0.6875
0.6907216494845361
0.6938775510204082
0.696969696969697
0.7
0.7029702970297029
0.7058823529411765
0.7087378640776699
0.7115384615384616
0.7142857142857143
0.7169811320754716
0.7264150943396226
0.7289719626168224
0.7314814814814815
0.7339449541284404
0.7363636363636363
0.7387387387387387
0.7477477477477478
0.75
0.7589285714285714
0.7610619469026548
0.7631578947368421
0.7652173913043478
0.7672413793103449
0.7692307692307693
0.7711864406779662
0.773109243697479
0.775
0.7768595041322314
0.7786885245901639
0.7804878048780488
0.782258064516129
0.784
0.7857142857142857
0.7874015748031497
0.7890625
0.7906976744186046
0.7923076923076923
0.7938931297709924
0.7954545454545454
0.7969924812030075
0.7985074626865671
0.8
0.8014705882352942
0.8029197080291971
0.8043478260869565
0.8057553956834532
0.8129496402877698
0.8142857142857143
0.8214285714285714
0.8226950354609929
0.823943661971831
1.0
1.0
1.0
1.0
1.0
1.0
1.0
1.0
1.0
1.0
1.0
1.0
1.0
1.0
1.0
1.0
1.0
1.0
1.0
1.0
1.0
1.0
1.0
1.0
1.0
1.0
1.0
1.0
1.0
1.0
1.0
1.0
1.0
1.0
0.6730769230769231
0.6792452830188679
0.6851851851851852
0.6909090909090909
0.6964285714285714
0.7017543859649122
0.7068965517241379
0.711864406779661
0.7166666666666667
0.7213114754098361
0.7258064516129032
0.7301587301587301
0.734375
0.7384615384615385
0.7424242424242424
0.746268656716418
0.75
0.7536231884057971
0.7571428571428571
0.7605633802816901
0.7638888888888888
0.7671232876712328
0.7702702702702703
0.7733333333333333
0.7763157894736842
0.7792207792207793
0.6703296703296703
0.6739130434782609
0.6774193548387096
0.6808510638297872
0.6842105263157895
0.6875
0.6907216494845361
0.6938775510204082
0.696969696969697
0.7
0.7029702970297029
0.7058823529411765
0.7087378640776699
0.7115384615384616
0.7142857142857143
0.7169811320754716
0.7264150943396226
0.7289719626168224
0.7314814814814815
0.7339449541284404
0.7363636363636363
0.7387387387387387
0.7477477477477478
0.75
0.7589285714285714
0.7610619469026548
0.7631578947368421
0.7652173913043478
0.7672413793103449
0.7692307692307693
0.7711864406779662
0.773109243697479
0.775
0.7768595041322314
0.7786885245901639
0.7804878048780488
0.782258064516129
0.784
0.7857142857142857
0.7874015748031497
0.7890625
0.7906976744186046
0.7923076923076923
0.7938931297709924
0.7954545454545454
0.7969924812030075
0.7985074626865671
0.8
0.8014705882352942
0.8029197080291971
0.8043478260869565
0.8057553956834532
0.8129496402877698
0.8142857142857143
0.8214285714285714
0.8226950354609929
0.823943661971831
1.0
1.0
1.0
1.0
1.0
1.0
1.0
1.0
1.0
1.0
1.0
1.0
1.0
1.0
1.0
1.0
1.0
1.0
1.0
1.0
1.0
1.0
1.0
1.0
1.0
1.0
1.0
1.0
1.0
1.0
1.0
1.0
1.0
1.0
1.0
1.0
1.0
1.0
1.0
1.0
1.0
1.0
0.6730769230769231
0.6792452830188679
0.6851851851851852
0.6909090909090909
0.6964285714285714
0.7017543859649122
0.7068965517241379
0.711864406779661
0.7166666666666667
0.7213114754098361
0.7258064516129032
0.7301587301587301
0.734375
0.7384615384615385
0.7424242424242424
0.746268656716418
0.75
0.7536231884057971
0.7571428571428571
0.7605633802816901
0.7638888888888888
0.7671232876712328
0.7702702702702703
0.7733333333333333
0.7763157894736842
0.7792207792207793
0.6703296703296703
0.6739130434782609
0.6774193548387096
0.6808510638297872
0.6842105263157895
0.6875
0.6907216494845361
0.6938775510204082
0.696969696969697
0.7
0.7029702970297029
0.7058823529411765
0.7087378640776699
0.7115384615384616
0.7142857142857143
0.7169811320754716
0.7264150943396226
0.7289719626168224
0.7314814814814815
0.7339449541284404
0.7363636363636363
0.7387387387387387
0.7477477477477478
0.75
0.7589285714285714
0.7610619469026548
0.7631578947368421
0.7652173913043478
0.7672413793103449
0.7692307692307693
0.7711864406779662
0.773109243697479
0.775
0.7768595041322314
0.7786885245901639
0.7804878048780488
0.782258064516129
0.784
0.7857142857142857
0.7874015748031497
0.7890625
0.7906976744186046
0.7923076923076923
0.7938931297709924
0.7954545454545454
0.7969924812030075
0.7985074626865671
0.8
0.8014705882352942
0.8029197080291971
0.8043478260869565
0.8057553956834532
0.8129496402877698
0.8142857142857143
0.8214285714285714
0.8226950354609929
0.823943661971831
