1.0
1.0
1.0
1.0
1.0
1.0
1.0
0.14285714285714285
0.16071428571428573
0.17857142857142858
0.19642857142857142
0.21052631578947367
0.22413793103448276
0.23728813559322035
0.25
0.26229508196721313
0.27419354838709675
0.2857142857142857
0.296875
0.3076923076923077
0.3181818181818182
0.3283582089552239
0.3382352941176471
0.34782608695652173
0.36231884057971014
0.37681159420289856
0.391304347826087
0.4057971014492754
0.42028985507246375
0.43478260869565216
0.4492753623188406
0.463768115942029
0.4782608695652174
0.4927536231884058
0.5072463768115942
0.5217391304347826
0.5362318840579711
0.5507246376811594
0.5652173913043478
0.5797101449275363
0.5942028985507246
0.6086956521739131
0.6231884057971014
0.6376811594202898
0.6521739130434783
0.6666666666666666
0.6811594202898551
0.6956521739130435
0.7101449275362319
0.7246376811594203
0.7391304347826086
0.7536231884057971
0.7681159420289855
0.782608695652174
0.7971014492753623
0.8115942028985508
0.8260869565217391
0.8405797101449275
0.855072463768116
0.8695652173913043
0.8840579710144928
0.8985507246376812
0.9130434782608695
0.927536231884058
0.9420289855072463
0.9565217391304348
0.9710144927536232
0.9855072463768116
1.0
1.0
1.0
1.0
1.0
1.0
1.0
1.0
0.14285714285714285
0.16071428571428573
0.17857142857142858
0.19298245614035087
0.20689655172413793
0.22033898305084745
0.23333333333333334
0.2459016393442623
0.25806451612903225
0.2698412698412698
0.28125
0.2923076923076923
0.30303030303030304
0.31343283582089554
0.3235294117647059
0.3333333333333333
0.34782608695652173
0.36231884057971014
0.37681159420289856
0.391304347826087
0.4057971014492754
0.42028985507246375
0.43478260869565216
0.4492753623188406
0.463768115942029
0.4782608695652174
0.4927536231884058
0.5072463768115942
0.5217391304347826
0.5362318840579711
0.5507246376811594
0.5652173913043478
0.5797101449275363
0.5942028985507246
0.6086956521739131
0.6231884057971014
0.6376811594202898
0.6521739130434783
0.6666666666666666
0.6811594202898551
0.6956521739130435
0.7101449275362319
0.7246376811594203
0.7391304347826086
0.7536231884057971
0.7681159420289855
0.782608695652174
0.7971014492753623
0.8115942028985508
0.8260869565217391
0.8405797101449275
0.855072463768116
0.8695652173913043
0.8840579710144928
0.8985507246376812
0.9130434782608695
0.927536231884058
0.9420289855072463
0.9565217391304348
0.9710144927536232
0.9855072463768116
1.0
1.0
1.0
1.0
1.0
1.0
1.0
1.0
0.38095238095238093
0.42857142857142855
0.47619047619047616
0.5238095238095238
0.5454545454545454
0.5652173913043478
0.5833333333333334
0.6
0.6153846153846154
0.6296296296296297
0.6428571428571429
0.6551724137931034
0.6666666666666666
0.6774193548387096
0.6875
0.696969696969697
0.7058823529411765
0.7352941176470589
0.7647058823529411
0.7941176470588235
0.8235294117647058
0.8529411764705882
0.8823529411764706
0.9117647058823529
0.9411764705882353
0.9705882352941176
1.0
1.0
1.0
1.0
1.0
1.0
1.0
1.0
0.14285714285714285
0.16071428571428573
0.17857142857142858
0.19642857142857142
0.21052631578947367
0.22413793103448276
0.23728813559322035
0.25
0.26229508196721313
0.27419354838709675
0.2857142857142857
0.296875
0.3076923076923077
0.3181818181818182
0.3283582089552239
0.3382352941176471
0.34782608695652173
0.36231884057971014
0.37681159420289856
0.391304347826087
0.4057971014492754
0.42028985507246375
0.43478260869565216
0.4492753623188406
0.463768115942029
0.4782608695652174
0.4927536231884058
0.5072463768115942
0.5217391304347826
0.5362318840579711
0.5507246376811594
0.5652173913043478
0.5797101449275363
0.5942028985507246
0.6086956521739131
0.6231884057971014
0.6376811594202898
0.6521739130434783
0.6666666666666666
0.6811594202898551
0.6956521739130435
0.7101449275362319
0.7246376811594203
0.7391304347826086
0.7536231884057971
0.7681159420289855
0.782608695652174
0.7971014492753623
0.8115942028985508
0.8260869565217391
0.8405797101449275
0.855072463768116
0.8695652173913043
0.8840579710144928
0.8985507246376812
0.9130434782608695
0.927536231884058
0.9420289855072463
0.9565217391304348
0.9710144927536232
0.9855072463768116
1.0
1.0
1.0
1.0
1.0
1.0
1.0
1.0
0.14285714285714285
0.16071428571428573
0.17857142857142858
0.19642857142857142
0.21052631578947367
0.22413793103448276
0.23728813559322035
0.25
0.26229508196721313
0.27419354838709675
0.2857142857142857
0.296875
0.3076923076923077
0.3181818181818182
0.3283582089552239
0.3382352941176471
0.34782608695652173
0.36231884057971014
0.37681159420289856
0.391304347826087
0.4057971014492754
0.42028985507246375
0.43478260869565216
0.4492753623188406
0.463768115942029
0.4782608695652174
1.0
1.0
1.0
1.0
1.0
1.0
1.0
0.14285714285714285
0.16071428571428573
0.17857142857142858
0.19298245614035087
0.20689655172413793
0.22033898305084745
0.23333333333333334
0.2459016393442623
0.25806451612903225
0.2698412698412698
0.28125
0.2923076923076923
0.30303030303030304
0.31343283582089554
0.3235294117647059
0.3333333333333333
0.34782608695652173
0.36231884057971014
0.37681159420289856
0.391304347826087
0.4057971014492754
0.42028985507246375
0.43478260869565216
0.4492753623188406
0.463768115942029
0.4782608695652174
0.4927536231884058
0.5072463768115942
0.5217391304347826
0.5362318840579711
0.5507246376811594
0.5652173913043478
0.5797101449275363
0.5942028985507246
0.6086956521739131
0.6231884057971014
0.6376811594202898
0.6521739130434783
0.6666666666666666
0.6811594202898551
0.6956521739130435
0.7101449275362319
0.7246376811594203
0.7391304347826086
0.7536231884057971
0.7681159420289855
0.782608695652174
0.7971014492753623
0.8115942028985508
0.8260869565217391
0.8405797101449275
0.855072463768116
0.8695652173913043
0.8840579710144928
0.8985507246376812
0.9130434782608695
0.927536231884058
0.9420289855072463
0.9565217391304348
0.9710144927536232
0.9855072463768116
1.0
1.0
1.0
1.0
1.0
1.0
1.0
1.0
0.14285714285714285
0.16071428571428573
0.17857142857142858
0.19298245614035087
0.20689655172413793
0.22033898305084745
0.23333333333333334
0.2459016393442623
0.25806451612903225
0.2698412698412698
0.28125
0.2923076923076923
0.30303030303030304
0.31343283582089554
0.3235294117647059
0.3333333333333333
0.34782608695652173
0.36231884057971014
0.37681159420289856
0.391304347826087
0.4057971014492754
0.42028985507246375
0.43478260869565216
0.4492753623188406
0.463768115942029
0.4782608695652174
0.4927536231884058
0.5072463768115942
0.5217391304347826
0.5362318840579711
0.5507246376811594
0.5652173913043478
0.5797101449275363
0.5942028985507246
0.6086956521739131
0.6231884057971014
0.6376811594202898
0.6521739130434783
0.6666666666666666
0.6811594202898551
0.6956521739130435
0.7101449275362319
0.7246376811594203
0.7391304347826086
0.7536231884057971
0.7681159420289855
0.782608695652174
0.7971014492753623
0.8115942028985508
0.8260869565217391
0.8405797101449275
0.855072463768116
0.8695652173913043
0.8840579710144928
0.8985507246376812
0.9130434782608695
0.927536231884058
0.9420289855072463
0.9565217391304348
0.9710144927536232
0.9855072463768116
1.0
