|checker| success id$0$color:green$: 
==========================
$FilePath$/home/tiago/empirical-jsvuln-tools-study/tools-testing/tools-docker/odgen/ODGen/builtin_packages/http.js
Line 17	    sink_hqbpillvul_http_setHeader(value);

|checker| success id$0$color:green$: 
==========================
$FilePath$/home/tiago/empirical-jsvuln-tools-study/tools-testing/tools-docker/odgen/ODGen/builtin_packages/http.js
Line 17	    sink_hqbpillvul_http_setHeader(value);

|checker| success id$0$color:green$: 
==========================
$FilePath$/home/tiago/empirical-jsvuln-tools-study/tools-testing/tools-docker/odgen/ODGen/builtin_packages/http.js
Line 17	    sink_hqbpillvul_http_setHeader(value);

|checker| success id$0$color:green$: 
==========================
$FilePath$/home/tiago/empirical-jsvuln-tools-study/tools-testing/tools-docker/odgen/ODGen/builtin_packages/http.js
Line 2	  var OPGen_TAINTED_VAR_url = "" ;
$FilePath$/home/tiago/empirical-jsvuln-tools-study/framework/src/packages/CWE-22/414/package/index.js
Line 11	    var path="."+url.parse(request.url).pathname;   //  url.parse 解析一个地址，得到的是一个对象，对象中有个pathname方法。
$FilePath$/home/tiago/empirical-jsvuln-tools-study/tools-testing/tools-docker/odgen/ODGen/builtin_packages/fs.js
Line 15	  var ret = sink_hqbpillvul_fs_read(pathname);
$FilePath$/home/tiago/empirical-jsvuln-tools-study/tools-testing/tools-docker/odgen/ODGen/builtin_packages/http.js
Line 21	    sink_hqbpillvul_http_write(value, value);

|checker| success id$0$color:green$: 
==========================
$FilePath$/home/tiago/empirical-jsvuln-tools-study/tools-testing/tools-docker/odgen/ODGen/builtin_packages/http.js
Line 2	  var OPGen_TAINTED_VAR_url = "" ;
$FilePath$/home/tiago/empirical-jsvuln-tools-study/framework/src/packages/CWE-22/414/package/index.js
Line 11	    var path="."+url.parse(request.url).pathname;   //  url.parse 解析一个地址，得到的是一个对象，对象中有个pathname方法。
$FilePath$/home/tiago/empirical-jsvuln-tools-study/tools-testing/tools-docker/odgen/ODGen/builtin_packages/fs.js
Line 15	  var ret = sink_hqbpillvul_fs_read(pathname);
$FilePath$/home/tiago/empirical-jsvuln-tools-study/tools-testing/tools-docker/odgen/ODGen/builtin_packages/http.js
Line 21	    sink_hqbpillvul_http_write(value, value);

