|checker| success id$0$color:green$: 
==========================
$FilePath$/home/tiago/empirical-jsvuln-tools-study/tools-testing/tools-docker/odgen/ODGen/builtin_packages/http.js
Line 17	    sink_hqbpillvul_http_setHeader(value);

|checker| success id$0$color:green$: 
==========================
$FilePath$/home/tiago/empirical-jsvuln-tools-study/tools-testing/tools-docker/odgen/ODGen/builtin_packages/http.js
Line 17	    sink_hqbpillvul_http_setHeader(value);

|checker| success id$0$color:green$: 
==========================
$FilePath$/home/tiago/empirical-jsvuln-tools-study/tools-testing/tools-docker/odgen/ODGen/builtin_packages/http.js
Line 17	    sink_hqbpillvul_http_setHeader(value);

|checker| success id$0$color:green$: 
==========================
$FilePath$/home/tiago/empirical-jsvuln-tools-study/tools-testing/tools-docker/odgen/ODGen/builtin_packages/http.js
Line 2	  var OPGen_TAINTED_VAR_url = "" ;
$FilePath$/home/tiago/empirical-jsvuln-tools-study/framework/src/packages/CWE-26/444/package/static.js
Line 6	 var urlObj = url.parse(req.url, true, false);
$FilePath$/home/tiago/empirical-jsvuln-tools-study/framework/src/packages/CWE-26/444/package/static.js
Line 8	 if(urlObj.pathname.indexOf("getcity") != -1){
  console.log(urlObj);
  console.log("In Getcity");
  fs.readFile("cities.dat.txt", function (err,data){
   if (err) throw err;
   var cities = data.toString().split("\n");
   var jsonresult = [];
   for (var i = 0; i < cities.length; i++){
    var myRe = new RegExp("^"+urlObj.query["q"]);
    var result = cities[i].search(myRe);
    if (result != -1){
     jsonresult.push({city:cities[i]});
    }
   }
   console.log(JSON.stringify(jsonresult));
   res.writeHead(200);
   res.end(JSON.stringify(jsonresult));
 });
 }
 else{
  fs.readFile(ROOT_DIR + urlObj.pathname, function (err,data) {
    if (err) {
      res.writeHead(404);
      res.end(JSON.stringify(err));
      return;
    }
    res.writeHead(200);
    res.end(data);
  });
 }
$FilePath$/home/tiago/empirical-jsvuln-tools-study/framework/src/packages/CWE-26/444/package/static.js
Line 28	  fs.readFile(ROOT_DIR + urlObj.pathname, function (err,data) {
    if (err) {
      res.writeHead(404);
      res.end(JSON.stringify(err));
      return;
    }
    res.writeHead(200);
    res.end(data);
  });
$FilePath$/home/tiago/empirical-jsvuln-tools-study/tools-testing/tools-docker/odgen/ODGen/builtin_packages/fs.js
Line 15	  var ret = sink_hqbpillvul_fs_read(pathname);
$FilePath$/home/tiago/empirical-jsvuln-tools-study/tools-testing/tools-docker/odgen/ODGen/builtin_packages/http.js
Line 25	    sink_hqbpillvul_http_write(value, value);

|checker| success id$1$color:green$: 
==========================
$FilePath$/home/tiago/empirical-jsvuln-tools-study/tools-testing/tools-docker/odgen/ODGen/builtin_packages/http.js
Line 2	  var OPGen_TAINTED_VAR_url = "" ;
$FilePath$/home/tiago/empirical-jsvuln-tools-study/framework/src/packages/CWE-26/444/package/static.js
Line 6	 var urlObj = url.parse(req.url, true, false);
$FilePath$/home/tiago/empirical-jsvuln-tools-study/framework/src/packages/CWE-26/444/package/static.js
Line 28	  fs.readFile(ROOT_DIR + urlObj.pathname, function (err,data) {
    if (err) {
      res.writeHead(404);
      res.end(JSON.stringify(err));
      return;
    }
    res.writeHead(200);
    res.end(data);
  });
$FilePath$/home/tiago/empirical-jsvuln-tools-study/tools-testing/tools-docker/odgen/ODGen/builtin_packages/fs.js
Line 15	  var ret = sink_hqbpillvul_fs_read(pathname);
$FilePath$/home/tiago/empirical-jsvuln-tools-study/tools-testing/tools-docker/odgen/ODGen/builtin_packages/http.js
Line 25	    sink_hqbpillvul_http_write(value, value);

|checker| success id$0$color:green$: 
==========================
$FilePath$/home/tiago/empirical-jsvuln-tools-study/tools-testing/tools-docker/odgen/ODGen/builtin_packages/http.js
Line 2	  var OPGen_TAINTED_VAR_url = "" ;
$FilePath$/home/tiago/empirical-jsvuln-tools-study/framework/src/packages/CWE-26/444/package/static.js
Line 6	 var urlObj = url.parse(req.url, true, false);
$FilePath$/home/tiago/empirical-jsvuln-tools-study/framework/src/packages/CWE-26/444/package/static.js
Line 8	 if(urlObj.pathname.indexOf("getcity") != -1){
  console.log(urlObj);
  console.log("In Getcity");
  fs.readFile("cities.dat.txt", function (err,data){
   if (err) throw err;
   var cities = data.toString().split("\n");
   var jsonresult = [];
   for (var i = 0; i < cities.length; i++){
    var myRe = new RegExp("^"+urlObj.query["q"]);
    var result = cities[i].search(myRe);
    if (result != -1){
     jsonresult.push({city:cities[i]});
    }
   }
   console.log(JSON.stringify(jsonresult));
   res.writeHead(200);
   res.end(JSON.stringify(jsonresult));
 });
 }
 else{
  fs.readFile(ROOT_DIR + urlObj.pathname, function (err,data) {
    if (err) {
      res.writeHead(404);
      res.end(JSON.stringify(err));
      return;
    }
    res.writeHead(200);
    res.end(data);
  });
 }
$FilePath$/home/tiago/empirical-jsvuln-tools-study/framework/src/packages/CWE-26/444/package/static.js
Line 28	  fs.readFile(ROOT_DIR + urlObj.pathname, function (err,data) {
    if (err) {
      res.writeHead(404);
      res.end(JSON.stringify(err));
      return;
    }
    res.writeHead(200);
    res.end(data);
  });
$FilePath$/home/tiago/empirical-jsvuln-tools-study/tools-testing/tools-docker/odgen/ODGen/builtin_packages/fs.js
Line 15	  var ret = sink_hqbpillvul_fs_read(pathname);
$FilePath$/home/tiago/empirical-jsvuln-tools-study/tools-testing/tools-docker/odgen/ODGen/builtin_packages/http.js
Line 25	    sink_hqbpillvul_http_write(value, value);

|checker| success id$1$color:green$: 
==========================
$FilePath$/home/tiago/empirical-jsvuln-tools-study/tools-testing/tools-docker/odgen/ODGen/builtin_packages/http.js
Line 2	  var OPGen_TAINTED_VAR_url = "" ;
$FilePath$/home/tiago/empirical-jsvuln-tools-study/framework/src/packages/CWE-26/444/package/static.js
Line 6	 var urlObj = url.parse(req.url, true, false);
$FilePath$/home/tiago/empirical-jsvuln-tools-study/framework/src/packages/CWE-26/444/package/static.js
Line 28	  fs.readFile(ROOT_DIR + urlObj.pathname, function (err,data) {
    if (err) {
      res.writeHead(404);
      res.end(JSON.stringify(err));
      return;
    }
    res.writeHead(200);
    res.end(data);
  });
$FilePath$/home/tiago/empirical-jsvuln-tools-study/tools-testing/tools-docker/odgen/ODGen/builtin_packages/fs.js
Line 15	  var ret = sink_hqbpillvul_fs_read(pathname);
$FilePath$/home/tiago/empirical-jsvuln-tools-study/tools-testing/tools-docker/odgen/ODGen/builtin_packages/http.js
Line 25	    sink_hqbpillvul_http_write(value, value);

