1.0
1.0
1.0
1.0
1.0
1.0
1.0
0.7272727272727273
0.8181818181818182
0.9090909090909091
1.0
1.0
1.0
1.0
1.0
1.0
1.0
1.0
0.7272727272727273
0.8181818181818182
0.9090909090909091
1.0
1.0
1.0
1.0
1.0
1.0
1.0
1.0
1.0
1.0
1.0
1.0
1.0
1.0
1.0
0.7272727272727273
0.8181818181818182
0.9090909090909091
1.0
1.0
1.0
1.0
1.0
1.0
1.0
1.0
0.7272727272727273
0.8181818181818182
1.0
1.0
1.0
1.0
1.0
1.0
1.0
0.7272727272727273
0.8181818181818182
0.9090909090909091
1.0
1.0
1.0
1.0
1.0
1.0
1.0
1.0
0.7272727272727273
0.8181818181818182
0.9090909090909091
1.0
