1.0
1.0
1.0
1.0
1.0
1.0
1.0
1.0
1.0
1.0
1.0
1.0
1.0
1.0
1.0
1.0
1.0
1.0
1.0
1.0
1.0
1.0
1.0
1.0
1.0
1.0
1.0
1.0
1.0
0.9375
0.96875
0.9696969696969697
0.9705882352941176
0.9714285714285714
0.9722222222222222
0.972972972972973
0.9736842105263158
0.9743589743589743
0.975
0.975609756097561
0.9761904761904762
0.9767441860465116
0.9772727272727273
0.9777777777777777
0.9782608695652174
0.9787234042553191
0.9791666666666666
0.9795918367346939
0.98
0.9803921568627451
0.9807692307692307
0.9811320754716981
0.9814814814814815
0.9818181818181818
0.9821428571428571
0.9824561403508771
0.9827586206896551
0.9830508474576272
0.9833333333333333
0.9836065573770492
0.9838709677419355
0.9841269841269841
0.984375
0.9846153846153847
0.9848484848484849
0.9850746268656716
0.9852941176470589
0.9855072463768116
0.9857142857142858
0.9859154929577465
0.9861111111111112
0.9863013698630136
0.9864864864864865
0.9866666666666667
0.9868421052631579
1.0
0.9871794871794872
1.0
1.0
1.0
1.0
1.0
1.0
1.0
1.0
1.0
1.0
1.0
1.0
1.0
1.0
1.0
1.0
1.0
1.0
1.0
1.0
1.0
1.0
1.0
1.0
1.0
1.0
1.0
1.0
1.0
1.0
1.0
1.0
1.0
1.0
1.0
1.0
1.0
1.0
1.0
1.0
1.0
1.0
1.0
1.0
1.0
1.0
1.0
1.0
1.0
1.0
1.0
1.0
1.0
1.0
1.0
1.0
1.0
1.0
1.0
1.0
1.0
1.0
1.0
1.0
1.0
1.0
1.0
1.0
1.0
1.0
1.0
1.0
1.0
1.0
1.0
1.0
1.0
1.0
1.0
1.0
1.0
1.0
1.0
1.0
1.0
1.0
1.0
0.967741935483871
1.0
1.0
1.0
1.0
1.0
1.0
1.0
1.0
1.0
1.0
1.0
1.0
1.0
1.0
1.0
1.0
1.0
1.0
1.0
1.0
1.0
1.0
1.0
1.0
1.0
1.0
1.0
1.0
1.0
1.0
1.0
1.0
1.0
1.0
1.0
1.0
1.0
1.0
1.0
1.0
1.0
1.0
1.0
1.0
1.0
1.0
1.0
1.0
1.0
1.0
1.0
1.0
1.0
1.0
1.0
1.0
1.0
1.0
1.0
1.0
1.0
1.0
1.0
1.0
1.0
1.0
1.0
1.0
1.0
0.9803921568627451
0.9901960784313726
0.9902912621359223
0.9903846153846154
0.9904761904761905
0.9905660377358491
0.9906542056074766
0.9907407407407407
0.9908256880733946
0.990909090909091
0.990990990990991
0.9910714285714286
0.9911504424778761
0.9912280701754386
0.991304347826087
0.9913793103448276
0.9914529914529915
0.9915254237288136
0.9915966386554622
0.9916666666666667
0.9917355371900827
0.9918032786885246
0.991869918699187
0.9919354838709677
0.992
0.9920634920634921
0.9921259842519685
0.9921875
0.9922480620155039
0.9923076923076923
0.9923664122137404
0.9924242424242424
0.9924812030075187
0.9925373134328358
0.9925925925925926
1.0
1.0
1.0
1.0
1.0
1.0
1.0
1.0
1.0
1.0
1.0
1.0
1.0
1.0
1.0
1.0
1.0
1.0
1.0
1.0
1.0
1.0
1.0
1.0
1.0
1.0
1.0
1.0
1.0
1.0
1.0
1.0
1.0
1.0
1.0
1.0
1.0
1.0
1.0
1.0
1.0
1.0
1.0
1.0
1.0
1.0
1.0
1.0
1.0
1.0
1.0
1.0
1.0
1.0
1.0
1.0
1.0
1.0
1.0
0.9375
0.96875
0.9696969696969697
0.9705882352941176
0.9714285714285714
0.9722222222222222
0.972972972972973
0.9736842105263158
0.9743589743589743
0.975
0.975609756097561
0.9761904761904762
0.9767441860465116
0.9772727272727273
0.9777777777777777
0.9782608695652174
0.9787234042553191
0.9791666666666666
0.9795918367346939
0.98
0.9803921568627451
0.9807692307692307
0.9811320754716981
0.9814814814814815
0.9818181818181818
0.9821428571428571
0.9824561403508771
0.9827586206896551
0.9830508474576272
0.9833333333333333
0.9836065573770492
0.9838709677419355
0.9841269841269841
0.984375
0.9846153846153847
0.9848484848484849
0.9850746268656716
0.9852941176470589
0.9855072463768116
0.9857142857142858
0.9859154929577465
0.9861111111111112
0.9863013698630136
0.9864864864864865
0.9866666666666667
0.9868421052631579
1.0
0.9871794871794872
1.0
1.0
1.0
1.0
1.0
1.0
1.0
1.0
1.0
1.0
1.0
1.0
1.0
1.0
1.0
1.0
1.0
1.0
1.0
1.0
1.0
1.0
1.0
1.0
1.0
1.0
1.0
1.0
1.0
1.0
1.0
1.0
1.0
1.0
1.0
1.0
1.0
1.0
1.0
1.0
1.0
1.0
1.0
1.0
1.0
1.0
1.0
1.0
1.0
1.0
1.0
1.0
1.0
1.0
1.0
1.0
1.0
1.0
1.0
1.0
1.0
1.0
1.0
1.0
1.0
1.0
1.0
1.0
1.0
1.0
1.0
1.0
1.0
1.0
1.0
1.0
1.0
1.0
1.0
1.0
1.0
1.0
1.0
1.0
1.0
1.0
1.0
0.967741935483871
1.0
1.0
1.0
1.0
1.0
1.0
1.0
1.0
1.0
1.0
1.0
1.0
1.0
1.0
1.0
1.0
1.0
1.0
1.0
1.0
1.0
1.0
1.0
1.0
1.0
1.0
1.0
1.0
1.0
1.0
1.0
1.0
1.0
1.0
1.0
1.0
1.0
1.0
1.0
1.0
1.0
1.0
1.0
1.0
1.0
1.0
1.0
1.0
1.0
1.0
1.0
1.0
1.0
1.0
1.0
1.0
1.0
1.0
1.0
1.0
1.0
1.0
1.0
1.0
1.0
1.0
1.0
1.0
1.0
1.0
1.0
1.0
1.0
1.0
1.0
1.0
1.0
1.0
1.0
1.0
0.967741935483871
1.0
1.0
1.0
1.0
1.0
1.0
1.0
1.0
1.0
1.0
1.0
1.0
1.0
1.0
1.0
1.0
1.0
1.0
1.0
1.0
1.0
1.0
1.0
1.0
1.0
1.0
1.0
1.0
1.0
1.0
1.0
1.0
1.0
1.0
1.0
1.0
1.0
1.0
1.0
1.0
1.0
1.0
1.0
1.0
1.0
1.0
1.0
1.0
1.0
1.0
1.0
1.0
1.0
1.0
1.0
1.0
1.0
1.0
1.0
1.0
1.0
1.0
1.0
1.0
1.0
1.0
1.0
1.0
1.0
0.9803921568627451
0.9901960784313726
0.9902912621359223
0.9903846153846154
0.9904761904761905
0.9905660377358491
0.9906542056074766
0.9907407407407407
0.9908256880733946
0.990909090909091
0.990990990990991
0.9910714285714286
0.9911504424778761
0.9912280701754386
0.991304347826087
0.9913793103448276
0.9914529914529915
0.9915254237288136
0.9915966386554622
0.9916666666666667
0.9917355371900827
0.9918032786885246
0.991869918699187
0.9919354838709677
0.992
0.9920634920634921
0.9921259842519685
0.9921875
0.9922480620155039
0.9923076923076923
0.9923664122137404
0.9924242424242424
0.9924812030075187
0.9925373134328358
0.9925925925925926
1.0
1.0
1.0
1.0
1.0
1.0
1.0
1.0
1.0
1.0
1.0
1.0
1.0
1.0
1.0
1.0
1.0
1.0
1.0
1.0
1.0
1.0
1.0
1.0
1.0
1.0
1.0
1.0
1.0
1.0
0.9375
0.96875
0.9696969696969697
0.9705882352941176
0.9714285714285714
0.9722222222222222
0.972972972972973
0.9736842105263158
0.9743589743589743
0.975
0.975609756097561
0.9761904761904762
0.9767441860465116
0.9772727272727273
0.9777777777777777
0.9782608695652174
0.9787234042553191
0.9791666666666666
0.9795918367346939
0.98
0.9803921568627451
0.9807692307692307
0.9811320754716981
0.9814814814814815
0.9818181818181818
0.9821428571428571
0.9824561403508771
0.9827586206896551
0.9830508474576272
0.9833333333333333
0.9836065573770492
0.9838709677419355
0.9841269841269841
0.984375
0.9846153846153847
0.9848484848484849
0.9850746268656716
0.9852941176470589
0.9855072463768116
0.9857142857142858
0.9859154929577465
0.9861111111111112
0.9863013698630136
0.9864864864864865
0.9866666666666667
0.9868421052631579
1.0
0.9871794871794872
1.0
1.0
1.0
1.0
1.0
1.0
1.0
1.0
1.0
1.0
1.0
1.0
1.0
1.0
1.0
1.0
1.0
1.0
1.0
1.0
1.0
1.0
1.0
1.0
1.0
1.0
1.0
1.0
1.0
1.0
1.0
1.0
1.0
1.0
1.0
1.0
1.0
1.0
1.0
1.0
1.0
1.0
1.0
1.0
1.0
1.0
1.0
1.0
1.0
1.0
1.0
1.0
1.0
1.0
1.0
1.0
1.0
1.0
