1.0
1.0
1.0
1.0
1.0
1.0
1.0
1.0
1.0
1.0
1.0
1.0
1.0
1.0
1.0
1.0
1.0
1.0
1.0
1.0
1.0
1.0
1.0
1.0
1.0
1.0
1.0
1.0
0.14146341463414633
0.14634146341463414
0.15121951219512195
0.15609756097560976
0.16097560975609757
0.16585365853658537
0.17073170731707318
0.17560975609756097
0.18048780487804877
0.18536585365853658
0.1902439024390244
0.1951219512195122
0.2
0.2048780487804878
0.2097560975609756
0.2146341463414634
0.21951219512195122
0.22439024390243903
0.22926829268292684
0.23414634146341465
0.23902439024390243
0.24390243902439024
0.24878048780487805
0.25365853658536586
0.25853658536585367
0.2634146341463415
0.2682926829268293
0.2731707317073171
0.2780487804878049
0.28292682926829266
0.28780487804878047
0.2926829268292683
0.2975609756097561
0.3024390243902439
0.3073170731707317
0.3121951219512195
0.3170731707317073
0.32195121951219513
0.32682926829268294
0.33170731707317075
0.33658536585365856
0.34146341463414637
0.3463414634146341
0.35121951219512193
0.35609756097560974
0.36097560975609755
0.36585365853658536
0.37073170731707317
0.375609756097561
0.3804878048780488
0.3853658536585366
0.3902439024390244
0.3951219512195122
0.4
0.40487804878048783
0.4097560975609756
0.4146341463414634
0.4195121951219512
0.424390243902439
0.4292682926829268
0.43414634146341463
0.43902439024390244
0.44390243902439025
0.44878048780487806
0.45365853658536587
0.4585365853658537
0.4634146341463415
0.4682926829268293
0.47317073170731705
0.47804878048780486
0.48292682926829267
0.4878048780487805
0.4926829268292683
0.4975609756097561
0.5024390243902439
0.5073170731707317
0.5121951219512195
0.5170731707317073
0.5219512195121951
0.526829268292683
0.5317073170731708
0.5365853658536586
0.5414634146341464
0.5463414634146342
0.551219512195122
0.5560975609756098
0.5609756097560976
0.5658536585365853
0.5707317073170731
0.5756097560975609
0.5804878048780487
0.5853658536585366
0.5902439024390244
0.5951219512195122
0.6
0.6048780487804878
0.6097560975609756
0.6146341463414634
0.6195121951219512
0.624390243902439
0.6292682926829268
0.6341463414634146
0.6390243902439025
0.6439024390243903
0.6487804878048781
1.0
1.0
1.0
1.0
1.0
1.0
1.0
1.0
1.0
1.0
1.0
1.0
1.0
1.0
1.0
1.0
1.0
1.0
1.0
1.0
1.0
1.0
1.0
1.0
1.0
1.0
1.0
1.0
0.14146341463414633
0.14634146341463414
0.15121951219512195
0.15609756097560976
0.16097560975609757
0.16585365853658537
0.17073170731707318
0.17560975609756097
0.18048780487804877
0.18536585365853658
0.1902439024390244
0.1951219512195122
0.2
0.2048780487804878
0.2097560975609756
0.2146341463414634
0.21951219512195122
0.22439024390243903
0.22926829268292684
0.23414634146341465
0.23902439024390243
0.24390243902439024
0.24878048780487805
0.25365853658536586
0.25853658536585367
0.2634146341463415
0.2682926829268293
0.2731707317073171
0.2780487804878049
0.28292682926829266
0.28780487804878047
0.2926829268292683
0.2975609756097561
0.3024390243902439
0.3073170731707317
0.3121951219512195
0.3170731707317073
0.32195121951219513
0.32682926829268294
0.33170731707317075
0.33658536585365856
0.34146341463414637
0.3463414634146341
0.35121951219512193
0.35609756097560974
0.36097560975609755
0.36585365853658536
0.37073170731707317
0.375609756097561
0.3804878048780488
0.3853658536585366
0.3902439024390244
0.3951219512195122
0.4
0.40487804878048783
0.4097560975609756
0.4146341463414634
0.4195121951219512
0.424390243902439
0.4292682926829268
0.43414634146341463
0.43902439024390244
0.44390243902439025
0.44878048780487806
0.45365853658536587
0.4585365853658537
0.4634146341463415
0.4682926829268293
0.47317073170731705
0.47804878048780486
0.48292682926829267
0.4878048780487805
0.4926829268292683
0.4975609756097561
0.5024390243902439
0.5073170731707317
0.5121951219512195
0.5170731707317073
0.5219512195121951
0.526829268292683
0.5317073170731708
0.5365853658536586
0.5414634146341464
0.5463414634146342
0.551219512195122
0.5560975609756098
0.5609756097560976
0.5658536585365853
0.5707317073170731
0.5756097560975609
0.5804878048780487
0.5853658536585366
0.5902439024390244
0.5951219512195122
0.6
0.6048780487804878
0.6097560975609756
0.6146341463414634
0.6195121951219512
0.624390243902439
0.6292682926829268
0.6341463414634146
0.6390243902439025
0.6439024390243903
0.6487804878048781
1.0
1.0
1.0
1.0
1.0
1.0
1.0
1.0
1.0
1.0
1.0
1.0
1.0
1.0
1.0
1.0
1.0
1.0
1.0
1.0
1.0
1.0
1.0
1.0
1.0
1.0
1.0
1.0
1.0
1.0
1.0
1.0
1.0
1.0
1.0
1.0
1.0
1.0
1.0
1.0
1.0
1.0
1.0
1.0
1.0
1.0
1.0
1.0
1.0
1.0
1.0
1.0
1.0
1.0
1.0
1.0
0.14146341463414633
0.14634146341463414
0.15121951219512195
0.15609756097560976
0.16097560975609757
0.16585365853658537
0.17073170731707318
0.17560975609756097
0.18048780487804877
0.18536585365853658
0.1902439024390244
0.1951219512195122
0.2
0.2048780487804878
0.2097560975609756
0.2146341463414634
0.21951219512195122
0.22439024390243903
0.22926829268292684
0.23414634146341465
0.23902439024390243
0.24390243902439024
0.24878048780487805
0.25365853658536586
0.25853658536585367
0.2634146341463415
0.2682926829268293
0.2731707317073171
0.2780487804878049
0.28292682926829266
0.28780487804878047
0.2926829268292683
0.2975609756097561
0.3024390243902439
0.3073170731707317
0.3121951219512195
0.3170731707317073
0.32195121951219513
0.32682926829268294
0.33170731707317075
0.33658536585365856
0.34146341463414637
0.3463414634146341
0.35121951219512193
0.35609756097560974
0.36097560975609755
0.36585365853658536
0.37073170731707317
0.375609756097561
0.3804878048780488
0.3853658536585366
0.3902439024390244
0.3951219512195122
0.4
0.40487804878048783
0.4097560975609756
0.4146341463414634
0.4195121951219512
0.424390243902439
0.4292682926829268
0.43414634146341463
0.43902439024390244
0.44390243902439025
0.44878048780487806
0.45365853658536587
0.4585365853658537
0.4634146341463415
0.4682926829268293
0.47317073170731705
0.47804878048780486
0.48292682926829267
0.4878048780487805
0.4926829268292683
0.4975609756097561
0.5024390243902439
0.5073170731707317
0.5121951219512195
0.5170731707317073
0.5219512195121951
0.526829268292683
0.5317073170731708
0.5365853658536586
0.5414634146341464
0.5463414634146342
0.551219512195122
0.5560975609756098
0.5609756097560976
0.5658536585365853
0.5707317073170731
0.5756097560975609
0.5804878048780487
0.5853658536585366
0.5902439024390244
0.5951219512195122
0.6
0.6048780487804878
0.6097560975609756
0.6146341463414634
0.6195121951219512
0.624390243902439
0.6292682926829268
0.6341463414634146
0.6390243902439025
0.6439024390243903
0.6487804878048781
1.0
1.0
1.0
1.0
1.0
1.0
1.0
1.0
1.0
1.0
1.0
1.0
1.0
1.0
1.0
1.0
1.0
1.0
1.0
1.0
1.0
1.0
1.0
1.0
1.0
1.0
1.0
1.0
0.14146341463414633
0.14634146341463414
0.15121951219512195
0.15609756097560976
0.16097560975609757
0.16585365853658537
0.17073170731707318
0.17560975609756097
0.18048780487804877
0.18536585365853658
0.1902439024390244
0.1951219512195122
0.2
0.2048780487804878
0.2097560975609756
0.2146341463414634
0.21951219512195122
0.22439024390243903
0.22926829268292684
0.23414634146341465
0.23902439024390243
0.24390243902439024
0.24878048780487805
0.25365853658536586
0.25853658536585367
0.2634146341463415
0.2682926829268293
0.2731707317073171
0.2780487804878049
0.28292682926829266
0.28780487804878047
0.2926829268292683
0.2975609756097561
0.3024390243902439
0.3073170731707317
0.3121951219512195
0.3170731707317073
0.32195121951219513
0.32682926829268294
0.33170731707317075
0.33658536585365856
0.34146341463414637
0.3463414634146341
0.35121951219512193
0.35609756097560974
0.36097560975609755
0.36585365853658536
0.37073170731707317
0.375609756097561
0.3804878048780488
0.3853658536585366
0.3902439024390244
0.3951219512195122
0.4
0.40487804878048783
0.4097560975609756
0.4146341463414634
0.4195121951219512
0.424390243902439
0.4292682926829268
0.43414634146341463
0.43902439024390244
0.44390243902439025
0.44878048780487806
0.45365853658536587
0.4585365853658537
0.4634146341463415
0.4682926829268293
0.47317073170731705
0.47804878048780486
0.48292682926829267
0.4878048780487805
0.4926829268292683
0.4975609756097561
0.5024390243902439
0.5073170731707317
0.5121951219512195
0.5170731707317073
0.5219512195121951
0.526829268292683
0.5317073170731708
0.5365853658536586
0.5414634146341464
0.5463414634146342
0.551219512195122
0.5560975609756098
0.5609756097560976
0.5658536585365853
0.5707317073170731
0.5756097560975609
0.5804878048780487
0.5853658536585366
0.5902439024390244
0.5951219512195122
0.6
0.6048780487804878
0.6097560975609756
0.6146341463414634
0.6195121951219512
0.624390243902439
0.6292682926829268
0.6341463414634146
0.6390243902439025
0.6439024390243903
0.6487804878048781
1.0
1.0
1.0
1.0
1.0
1.0
1.0
1.0
1.0
1.0
1.0
1.0
1.0
1.0
1.0
1.0
1.0
1.0
1.0
1.0
1.0
1.0
1.0
1.0
1.0
1.0
1.0
1.0
0.14146341463414633
0.14634146341463414
0.15121951219512195
0.15609756097560976
0.16097560975609757
0.16585365853658537
0.17073170731707318
0.17560975609756097
0.18048780487804877
0.18536585365853658
0.1902439024390244
0.1951219512195122
0.2
0.2048780487804878
0.2097560975609756
0.2146341463414634
0.21951219512195122
0.22439024390243903
0.22926829268292684
0.23414634146341465
0.23902439024390243
0.24390243902439024
0.24878048780487805
0.25365853658536586
0.25853658536585367
0.2634146341463415
0.2682926829268293
0.2731707317073171
0.2780487804878049
0.28292682926829266
0.28780487804878047
0.2926829268292683
0.2975609756097561
0.3024390243902439
0.3073170731707317
0.3121951219512195
0.3170731707317073
0.32195121951219513
0.32682926829268294
0.33170731707317075
0.33658536585365856
0.34146341463414637
0.3463414634146341
0.35121951219512193
0.35609756097560974
0.36097560975609755
0.36585365853658536
0.37073170731707317
0.375609756097561
0.3804878048780488
0.3853658536585366
0.3902439024390244
0.3951219512195122
0.4
0.40487804878048783
0.4097560975609756
0.4146341463414634
0.4195121951219512
0.424390243902439
0.4292682926829268
0.43414634146341463
0.43902439024390244
0.44390243902439025
0.44878048780487806
0.45365853658536587
0.4585365853658537
0.4634146341463415
0.4682926829268293
0.47317073170731705
0.47804878048780486
0.48292682926829267
0.4878048780487805
0.4926829268292683
0.4975609756097561
0.5024390243902439
0.5073170731707317
0.5121951219512195
0.5170731707317073
0.5219512195121951
0.526829268292683
0.5317073170731708
0.5365853658536586
0.5414634146341464
0.5463414634146342
0.551219512195122
0.5560975609756098
0.5609756097560976
0.5658536585365853
0.5707317073170731
0.5756097560975609
0.5804878048780487
0.5853658536585366
0.5902439024390244
0.5951219512195122
0.6
0.6048780487804878
0.6097560975609756
0.6146341463414634
0.6195121951219512
0.624390243902439
0.6292682926829268
0.6341463414634146
0.6390243902439025
0.6439024390243903
0.6487804878048781
1.0
1.0
1.0
1.0
1.0
1.0
1.0
1.0
1.0
1.0
1.0
1.0
1.0
1.0
1.0
1.0
1.0
1.0
1.0
1.0
1.0
1.0
1.0
1.0
1.0
1.0
1.0
1.0
0.14146341463414633
0.14634146341463414
0.15121951219512195
0.15609756097560976
0.16097560975609757
0.16585365853658537
0.17073170731707318
0.17560975609756097
0.18048780487804877
0.18536585365853658
0.1902439024390244
0.1951219512195122
0.2
0.2048780487804878
0.2097560975609756
0.2146341463414634
0.21951219512195122
0.22439024390243903
0.22926829268292684
0.23414634146341465
0.23902439024390243
0.24390243902439024
0.24878048780487805
0.25365853658536586
0.25853658536585367
0.2634146341463415
0.2682926829268293
0.2731707317073171
0.2780487804878049
0.28292682926829266
0.28780487804878047
0.2926829268292683
0.2975609756097561
0.3024390243902439
0.3073170731707317
0.3121951219512195
0.3170731707317073
0.32195121951219513
0.32682926829268294
0.33170731707317075
0.33658536585365856
0.34146341463414637
0.3463414634146341
0.35121951219512193
0.35609756097560974
0.36097560975609755
0.36585365853658536
0.37073170731707317
0.375609756097561
0.3804878048780488
0.3853658536585366
0.3902439024390244
0.3951219512195122
0.4
0.40487804878048783
0.4097560975609756
0.4146341463414634
0.4195121951219512
0.424390243902439
0.4292682926829268
0.43414634146341463
0.43902439024390244
0.44390243902439025
0.44878048780487806
0.45365853658536587
0.4585365853658537
0.4634146341463415
0.4682926829268293
0.47317073170731705
0.47804878048780486
0.48292682926829267
0.4878048780487805
0.4926829268292683
0.4975609756097561
0.5024390243902439
0.5073170731707317
0.5121951219512195
0.5170731707317073
0.5219512195121951
0.526829268292683
0.5317073170731708
0.5365853658536586
0.5414634146341464
0.5463414634146342
0.551219512195122
0.5560975609756098
0.5609756097560976
0.5658536585365853
0.5707317073170731
0.5756097560975609
0.5804878048780487
0.5853658536585366
0.5902439024390244
0.5951219512195122
0.6
0.6048780487804878
0.6097560975609756
0.6146341463414634
0.6195121951219512
0.624390243902439
0.6292682926829268
0.6341463414634146
0.6390243902439025
0.6439024390243903
0.6487804878048781
