1.0
1.0
1.0
1.0
1.0
1.0
1.0
1.0
1.0
1.0
1.0
1.0
1.0
1.0
1.0
1.0
1.0
0.75
0.76
0.7692307692307693
0.7777777777777778
0.7857142857142857
0.7931034482758621
0.6666666666666666
0.6756756756756757
0.6842105263157895
0.6923076923076923
0.7
0.7073170731707317
0.625
0.6326530612244898
0.64
0.6470588235294118
0.6538461538461539
0.660377358490566
0.6666666666666666
0.6727272727272727
0.6666666666666666
0.6724137931034483
0.6896551724137931
0.6949152542372882
0.7
0.7049180327868853
0.7096774193548387
0.7142857142857143
0.71875
0.7230769230769231
0.7272727272727273
0.7424242424242424
0.7575757575757576
0.7391304347826086
0.7536231884057971
0.7681159420289855
1.0
1.0
1.0
1.0
1.0
1.0
1.0
1.0
1.0
1.0
1.0
1.0
1.0
1.0
1.0
1.0
1.0
0.75
0.76
0.7692307692307693
0.7777777777777778
0.7857142857142857
0.7931034482758621
0.6666666666666666
0.6756756756756757
0.6842105263157895
0.6923076923076923
0.7
0.7073170731707317
0.625
0.6326530612244898
0.64
0.6470588235294118
0.6538461538461539
0.660377358490566
0.6666666666666666
0.6727272727272727
0.6551724137931034
0.6610169491525424
0.6779661016949152
0.6949152542372882
0.7
0.7049180327868853
0.7096774193548387
0.7142857142857143
0.71875
0.7230769230769231
0.7272727272727273
0.7313432835820896
0.746268656716418
0.7611940298507462
0.7536231884057971
0.7681159420289855
1.0
1.0
1.0
1.0
1.0
1.0
1.0
1.0
1.0
1.0
1.0
1.0
1.0
1.0
1.0
1.0
1.0
1.0
1.0
1.0
1.0
1.0
1.0
1.0
1.0
1.0
1.0
1.0
1.0
1.0
1.0
1.0
1.0
1.0
1.0
1.0
1.0
1.0
1.0
1.0
1.0
1.0
1.0
1.0
1.0
1.0
1.0
1.0
1.0
1.0
1.0
1.0
1.0
1.0
0.75
0.76
0.7692307692307693
0.7777777777777778
0.7857142857142857
0.7931034482758621
0.6666666666666666
0.6756756756756757
0.6842105263157895
0.6923076923076923
0.7
0.7073170731707317
0.625
0.6326530612244898
0.64
0.6470588235294118
0.6538461538461539
0.660377358490566
0.6666666666666666
0.6727272727272727
0.6551724137931034
0.6610169491525424
0.6779661016949152
0.6949152542372882
0.7
0.7049180327868853
0.7096774193548387
0.7142857142857143
0.71875
0.7230769230769231
0.7272727272727273
0.7313432835820896
0.746268656716418
0.7611940298507462
0.7536231884057971
0.7681159420289855
1.0
1.0
1.0
1.0
1.0
1.0
1.0
1.0
1.0
1.0
1.0
1.0
1.0
1.0
1.0
1.0
1.0
0.75
0.76
0.7692307692307693
0.7777777777777778
0.7857142857142857
0.7931034482758621
0.6666666666666666
0.6756756756756757
0.6842105263157895
0.6923076923076923
0.7
0.7073170731707317
0.625
0.6326530612244898
0.64
0.6470588235294118
0.6538461538461539
0.660377358490566
0.6666666666666666
0.6727272727272727
0.6440677966101694
0.65
0.6557377049180327
0.6721311475409836
0.6885245901639344
0.6935483870967742
0.6984126984126984
0.7142857142857143
0.7301587301587301
0.746031746031746
0.7272727272727273
0.7313432835820896
0.746268656716418
0.7611940298507462
0.7536231884057971
0.7681159420289855
1.0
1.0
1.0
1.0
1.0
1.0
1.0
1.0
1.0
1.0
1.0
1.0
1.0
1.0
1.0
1.0
1.0
0.75
0.76
0.7692307692307693
0.7777777777777778
0.7857142857142857
0.7931034482758621
0.6666666666666666
0.6756756756756757
0.6842105263157895
0.6923076923076923
0.7
0.7073170731707317
0.625
0.6326530612244898
0.64
0.6470588235294118
0.6538461538461539
0.660377358490566
0.6666666666666666
0.6727272727272727
0.6551724137931034
0.6610169491525424
0.6779661016949152
0.6949152542372882
0.7
0.7049180327868853
0.7096774193548387
0.7142857142857143
0.71875
0.7230769230769231
0.7272727272727273
0.7313432835820896
0.746268656716418
0.7611940298507462
0.7536231884057971
0.7681159420289855
1.0
1.0
1.0
1.0
1.0
1.0
1.0
1.0
1.0
1.0
1.0
1.0
1.0
1.0
1.0
1.0
1.0
0.75
0.76
0.7692307692307693
0.7777777777777778
0.7857142857142857
0.7931034482758621
0.6666666666666666
0.6756756756756757
0.6842105263157895
0.6923076923076923
0.7
0.7073170731707317
0.625
0.6326530612244898
0.64
0.6470588235294118
0.6538461538461539
0.660377358490566
0.6666666666666666
0.6727272727272727
0.6551724137931034
0.6610169491525424
0.6779661016949152
0.6949152542372882
0.7
0.7049180327868853
0.7096774193548387
0.7142857142857143
0.71875
0.7230769230769231
0.7272727272727273
0.7313432835820896
0.746268656716418
0.7611940298507462
0.7536231884057971
0.7681159420289855
