1.0
1.0
1.0
1.0
1.0
1.0
1.0
1.0
1.0
1.0
1.0
1.0
1.0
1.0
1.0
1.0
1.0
1.0
1.0
1.0
1.0
1.0
1.0
1.0
1.0
1.0
1.0
1.0
1.0
1.0
1.0
1.0
1.0
1.0
1.0
1.0
1.0
1.0
1.0
1.0
1.0
1.0
1.0
1.0
1.0
1.0
1.0
1.0
1.0
1.0
1.0
1.0
1.0
1.0
1.0
1.0
1.0
1.0
1.0
1.0
1.0
1.0
1.0
1.0
1.0
1.0
1.0
1.0
1.0
1.0
1.0
1.0
1.0
1.0
1.0
1.0
1.0
1.0
1.0
1.0
1.0
1.0
1.0
1.0
1.0
1.0
1.0
1.0
1.0
1.0
1.0
1.0
1.0
1.0
1.0
1.0
1.0
1.0
1.0
1.0
1.0
1.0
1.0
1.0
1.0
1.0
1.0
0.8974358974358975
0.905982905982906
0.8699186991869918
0.8780487804878049
0.8861788617886179
0.8870967741935484
0.888
0.8888888888888888
0.889763779527559
0.890625
0.8914728682170543
0.8923076923076924
0.8931297709923665
0.8939393939393939
0.8947368421052632
0.8955223880597015
0.8962962962962963
0.8970588235294118
0.8978102189781022
0.8985507246376812
0.8992805755395683
0.9
0.900709219858156
0.9014084507042254
0.9020979020979021
0.9027777777777778
0.903448275862069
0.9041095890410958
0.9047619047619048
0.9054054054054054
0.9060402684563759
0.9066666666666666
0.9072847682119205
0.9078947368421053
0.9084967320261438
0.9090909090909091
0.8392857142857143
0.8402366863905325
0.8411764705882353
0.8421052631578947
0.847953216374269
0.8538011695906432
0.8596491228070176
0.8654970760233918
0.8713450292397661
0.872093023255814
0.8728323699421965
0.8735632183908046
0.8742857142857143
0.875
0.8757062146892656
0.8764044943820225
0.8770949720670391
0.8777777777777778
0.8784530386740331
0.8791208791208791
0.8797814207650273
0.8804347826086957
0.8810810810810811
0.8817204301075269
0.8823529411764706
0.8829787234042553
0.8835978835978836
0.8842105263157894
0.8535353535353535
0.8585858585858586
0.8636363636363636
0.8686868686868687
0.8737373737373737
0.8787878787878788
0.8838383838383839
0.8844221105527639
0.8676470588235294
0.8725490196078431
0.8774509803921569
0.8823529411764706
0.8872549019607843
0.8878048780487805
0.8926829268292683
0.8975609756097561
0.9024390243902439
0.8942307692307693
0.8990384615384616
0.9038461538461539
0.9043062200956937
0.9047619047619048
0.9052132701421801
0.9056603773584906
0.9061032863849765
0.9065420560747663
0.9069767441860465
0.9074074074074074
0.9078341013824884
0.908256880733945
0.908675799086758
0.9090909090909091
0.9095022624434389
0.9099099099099099
0.9103139013452914
0.9107142857142857
0.9111111111111111
0.911504424778761
0.9118942731277533
0.9122807017543859
0.9126637554585153
0.9130434782608695
0.9134199134199135
0.9137931034482759
0.9141630901287554
0.9145299145299145
0.9148936170212766
0.9152542372881356
0.9156118143459916
0.9159663865546218
0.9163179916317992
0.9166666666666666
0.91701244813278
0.5888594164456233
0.5915119363395226
0.5941644562334217
0.596816976127321
0.5994694960212201
0.6021220159151194
0.6047745358090185
0.6058201058201058
0.6068601583113457
0.6094986807387863
0.6121372031662269
0.6147757255936676
0.6174142480211082
0.6119791666666666
0.6145833333333334
0.6171875
0.6197916666666666
0.6128205128205129
0.6153846153846154
0.617948717948718
0.6205128205128205
0.6230769230769231
0.6256410256410256
0.6004901960784313
0.6029411764705882
0.6024390243902439
0.5975903614457831
0.6
0.6024096385542169
0.6048192771084338
0.6072289156626506
0.6096385542168675
0.6120481927710844
0.6144578313253012
0.6168674698795181
0.619277108433735
0.6216867469879518
0.6240963855421687
0.6265060240963856
0.6289156626506024
0.6313253012048192
0.6337349397590362
0.636144578313253
0.6385542168674698
0.6409638554216868
0.6433734939759036
0.6457831325301204
0.6481927710843374
0.6506024096385542
0.653012048192771
0.655421686746988
0.6578313253012048
0.6602409638554216
0.6626506024096386
0.6650602409638554
0.6674698795180722
0.6698795180722892
0.672289156626506
0.6746987951807228
0.6771084337349398
0.6795180722891566
0.6819277108433734
0.6843373493975904
0.6850961538461539
0.6875
0.6899038461538461
0.6923076923076923
0.6947115384615384
0.6971153846153846
0.6995192307692307
0.7019230769230769
0.7043269230769231
0.7067307692307693
0.7091346153846154
0.7115384615384616
0.7139423076923077
0.7163461538461539
0.7170263788968825
0.7194244604316546
0.7218225419664268
0.7242206235011991
0.7266187050359713
0.7290167865707434
0.7314148681055156
0.7338129496402878
0.7362110311750599
0.7386091127098321
0.7410071942446043
0.7434052757793765
0.7458033573141487
0.7482014388489209
0.750599520383693
0.7529976019184652
0.7535885167464115
0.7541766109785203
0.7547619047619047
0.7553444180522565
0.7559241706161137
0.7565011820330969
0.7570754716981132
0.7576470588235295
0.7582159624413145
0.7605633802816901
0.7629107981220657
0.7652582159624414
0.7676056338028169
0.7699530516431925
0.7723004694835681
0.7746478873239436
0.7769953051643192
0.7793427230046949
0.7816901408450704
0.784037558685446
0.7863849765258216
0.7887323943661971
0.7910798122065728
0.7934272300469484
0.795774647887324
0.7981220657276995
0.8004694835680751
0.8028169014084507
0.8051643192488263
0.8075117370892019
0.8098591549295775
0.812206572769953
0.8145539906103286
0.8169014084507042
0.8192488262910798
0.8215962441314554
0.823943661971831
0.8262910798122066
0.8286384976525821
0.8309859154929577
0.8333333333333334
0.8356807511737089
0.8380281690140845
0.8403755868544601
0.8427230046948356
0.8450704225352113
0.8474178403755869
0.8497652582159625
0.852112676056338
0.8544600938967136
0.8568075117370892
0.8591549295774648
0.8615023474178404
0.863849765258216
0.8661971830985915
0.8685446009389671
0.8708920187793427
0.8732394366197183
0.8755868544600939
0.8779342723004695
0.8802816901408451
0.8826291079812206
0.8849765258215962
0.8873239436619719
0.8896713615023474
0.892018779342723
0.8943661971830986
0.8967136150234741
0.8990610328638498
0.9014084507042254
0.903755868544601
0.9061032863849765
0.9084507042253521
0.9107981220657277
0.9131455399061033
0.9154929577464789
0.9178403755868545
0.92018779342723
0.9225352112676056
0.9248826291079812
0.9272300469483568
0.9295774647887324
0.931924882629108
0.9342723004694836
0.9366197183098591
0.9389671361502347
0.9413145539906104
0.9436619718309859
0.9460093896713615
0.9483568075117371
0.9507042253521126
0.9530516431924883
0.9553990610328639
0.9577464788732394
0.960093896713615
0.9624413145539906
0.9647887323943662
0.9671361502347418
0.9694835680751174
1.0
1.0
1.0
1.0
1.0
1.0
1.0
1.0
1.0
1.0
1.0
1.0
1.0
1.0
1.0
1.0
1.0
1.0
1.0
1.0
1.0
1.0
1.0
1.0
1.0
1.0
1.0
1.0
1.0
1.0
1.0
1.0
1.0
1.0
1.0
1.0
1.0
1.0
1.0
1.0
1.0
1.0
1.0
1.0
1.0
1.0
1.0
1.0
1.0
1.0
1.0
1.0
1.0
1.0
1.0
1.0
1.0
1.0
1.0
1.0
1.0
1.0
1.0
1.0
1.0
1.0
1.0
1.0
1.0
1.0
1.0
1.0
1.0
1.0
1.0
1.0
1.0
1.0
1.0
1.0
1.0
1.0
1.0
1.0
1.0
1.0
1.0
1.0
1.0
1.0
1.0
1.0
1.0
1.0
1.0
1.0
1.0
1.0
1.0
1.0
1.0
1.0
1.0
1.0
1.0
1.0
1.0
0.8898305084745762
0.8907563025210085
0.8916666666666667
0.9
0.9008264462809917
0.9016393442622951
0.9024390243902439
0.9032258064516129
0.9112903225806451
0.9193548387096774
0.9274193548387096
0.9354838709677419
0.9435483870967742
0.944
0.9444444444444444
0.9448818897637795
0.9453125
0.9457364341085271
0.9461538461538461
0.9465648854961832
0.946969696969697
0.9473684210526315
0.9477611940298507
0.9481481481481482
0.9485294117647058
0.9558823529411765
0.9562043795620438
0.9565217391304348
0.9568345323741008
0.9571428571428572
0.9574468085106383
0.9577464788732394
0.958041958041958
0.9583333333333334
0.9586206896551724
0.958904109589041
0.9591836734693877
0.9594594594594594
0.959731543624161
0.96
0.9602649006622517
0.9605263157894737
0.9607843137254902
0.961038961038961
0.9612903225806452
0.9615384615384616
0.9617834394904459
0.9620253164556962
0.9622641509433962
0.9625
0.9627329192546584
0.9629629629629629
0.9631901840490797
0.9634146341463414
0.9636363636363636
0.963855421686747
0.9640718562874252
0.9642857142857143
0.9644970414201184
0.9647058823529412
0.9649122807017544
0.9651162790697675
0.8743455497382199
0.8795811518324608
0.8802083333333334
0.8808290155440415
0.8814432989690721
0.882051282051282
0.8826530612244898
0.883248730964467
0.8838383838383839
0.8844221105527639
0.885
0.8855721393034826
0.8861386138613861
0.8866995073891626
0.8872549019607843
0.8878048780487805
0.8883495145631068
0.8888888888888888
0.8894230769230769
0.8899521531100478
0.8904761904761904
0.8909952606635071
0.8915094339622641
0.892018779342723
0.8925233644859814
0.8930232558139535
0.8935185185185185
0.8940092165898618
0.8944954128440367
0.8949771689497716
0.8954545454545455
0.8959276018099548
0.8963963963963963
0.8968609865470852
0.8973214285714286
0.8977777777777778
0.8982300884955752
0.8793103448275862
0.8836206896551724
0.8879310344827587
0.8922413793103449
0.896551724137931
0.8969957081545065
0.9012875536480687
0.8940677966101694
0.8983050847457628
0.902542372881356
0.8879668049792531
0.8921161825726142
0.8962655601659751
0.9004149377593361
0.8650793650793651
0.8690476190476191
0.873015873015873
0.876984126984127
0.8809523809523809
0.8849206349206349
0.8888888888888888
0.8893280632411067
0.889763779527559
0.8937007874015748
0.8976377952755905
0.9015748031496063
0.905511811023622
0.5938303341902313
0.596401028277635
0.5913705583756346
0.5939086294416244
0.5964467005076142
0.5989847715736041
0.6015228426395939
0.5804878048780487
0.5829268292682926
0.5853658536585366
0.5878048780487805
0.5831325301204819
0.5855421686746988
0.5879518072289157
0.5903614457831325
0.5927710843373494
0.5951807228915663
0.5975903614457831
0.6
0.6024096385542169
0.6048192771084338
0.6072289156626506
0.6096385542168675
0.6120481927710844
0.6144578313253012
0.6168674698795181
0.619277108433735
0.6216867469879518
0.6240963855421687
0.6265060240963856
0.6289156626506024
0.6313253012048192
0.6337349397590362
0.636144578313253
0.6385542168674698
0.6409638554216868
0.6433734939759036
0.6457831325301204
0.6481927710843374
0.6506024096385542
0.653012048192771
0.655421686746988
0.6578313253012048
0.6602409638554216
0.6626506024096386
0.6650602409638554
0.6674698795180722
0.6698795180722892
0.672289156626506
0.6746987951807228
0.6771084337349398
0.6795180722891566
0.6819277108433734
0.6843373493975904
0.6867469879518072
0.689156626506024
0.691566265060241
0.6939759036144578
0.6963855421686747
0.6987951807228916
0.7012048192771084
0.7036144578313253
0.7060240963855422
0.708433734939759
0.7108433734939759
0.7132530120481928
0.7156626506024096
0.7180722891566265
0.7204819277108434
0.7228915662650602
0.7253012048192771
0.727710843373494
0.7301204819277108
0.7325301204819277
0.7349397590361446
0.7373493975903614
0.7397590361445783
0.7421686746987952
0.744578313253012
0.7469879518072289
0.7493975903614458
0.7518072289156627
0.7542168674698795
0.7566265060240964
0.7590361445783133
0.7614457831325301
0.763855421686747
0.7662650602409639
0.7686746987951807
0.7710843373493976
0.7734939759036145
0.7759036144578313
0.7783132530120482
0.7807228915662651
0.7831325301204819
0.7855421686746988
0.7879518072289157
0.7903614457831325
0.7927710843373494
0.7951807228915663
0.7975903614457831
0.8
0.8024096385542169
0.8048192771084337
0.8072289156626506
0.8096385542168675
0.8120481927710843
0.8144578313253013
0.8168674698795181
0.8192771084337349
0.8216867469879519
0.8240963855421687
0.8265060240963855
0.8289156626506025
0.8313253012048193
0.8337349397590361
0.8361445783132531
0.8385542168674699
0.8409638554216867
0.8433734939759037
0.8457831325301205
0.8481927710843373
0.8506024096385543
0.8509615384615384
0.8533653846153846
0.8557692307692307
0.8581730769230769
0.8605769230769231
0.8629807692307693
0.8653846153846154
0.8677884615384616
0.8701923076923077
0.8725961538461539
0.875
0.8774038461538461
0.8798076923076923
0.8822115384615384
0.8846153846153846
0.8870192307692307
0.8894230769230769
0.8918269230769231
0.8942307692307693
0.8966346153846154
0.8990384615384616
0.9014423076923077
0.9016786570743405
0.9040767386091128
0.9064748201438849
0.9066985645933014
0.9069212410501193
0.9071428571428571
0.9073634204275535
0.9075829383886256
0.9078014184397163
0.9080188679245284
0.908235294117647
0.9084507042253521
0.9107981220657277
0.9131455399061033
0.9154929577464789
0.9178403755868545
0.92018779342723
0.9225352112676056
0.9248826291079812
0.9272300469483568
0.9295774647887324
0.931924882629108
0.9342723004694836
0.9366197183098591
0.9389671361502347
0.9413145539906104
0.9436619718309859
0.9460093896713615
0.9483568075117371
0.9507042253521126
0.9530516431924883
0.9553990610328639
0.9577464788732394
0.960093896713615
0.9624413145539906
0.9647887323943662
0.9671361502347418
0.9694835680751174
1.0
1.0
1.0
1.0
1.0
1.0
1.0
1.0
1.0
1.0
1.0
1.0
1.0
1.0
1.0
1.0
1.0
1.0
1.0
1.0
1.0
1.0
1.0
1.0
1.0
1.0
1.0
1.0
1.0
1.0
1.0
1.0
1.0
1.0
1.0
1.0
1.0
1.0
1.0
1.0
1.0
1.0
1.0
1.0
1.0
1.0
1.0
1.0
1.0
1.0
1.0
1.0
1.0
1.0
1.0
1.0
1.0
1.0
1.0
1.0
1.0
1.0
1.0
1.0
1.0
1.0
1.0
1.0
1.0
1.0
1.0
1.0
1.0
1.0
1.0
1.0
1.0
1.0
1.0
1.0
1.0
1.0
1.0
1.0
1.0
1.0
1.0
1.0
1.0
1.0
1.0
1.0
1.0
1.0
1.0
1.0
1.0
1.0
1.0
1.0
1.0
1.0
1.0
1.0
1.0
1.0
1.0
1.0
1.0
1.0
1.0
1.0
1.0
1.0
1.0
1.0
1.0
1.0
1.0
1.0
1.0
1.0
1.0
1.0
1.0
1.0
1.0
1.0
1.0
1.0
1.0
1.0
1.0
1.0
1.0
1.0
1.0
1.0
1.0
1.0
1.0
1.0
1.0
1.0
1.0
1.0
1.0
1.0
1.0
1.0
1.0
1.0
1.0
1.0
1.0
1.0
1.0
1.0
1.0
1.0
1.0
1.0
1.0
1.0
1.0
1.0
1.0
1.0
1.0
1.0
1.0
1.0
1.0
1.0
1.0
1.0
1.0
1.0
1.0
1.0
1.0
1.0
1.0
1.0
1.0
1.0
1.0
1.0
1.0
1.0
1.0
1.0
1.0
1.0
1.0
1.0
1.0
1.0
1.0
1.0
1.0
1.0
1.0
1.0
1.0
1.0
1.0
1.0
1.0
1.0
1.0
1.0
1.0
1.0
0.9375
0.9464285714285714
0.8916666666666667
0.3323076923076923
0.3353846153846154
0.3303303303303303
0.3333333333333333
0.33633633633633636
0.33933933933933935
0.34234234234234234
0.34534534534534533
0.3483483483483483
0.3482142857142857
0.35119047619047616
0.3541666666666667
0.3560830860534125
0.35798816568047337
0.35988200589970504
0.36176470588235293
0.36363636363636365
0.3654970760233918
0.3673469387755102
0.3691860465116279
0.37209302325581395
0.3739130434782609
0.37572254335260113
0.37752161383285304
0.3793103448275862
0.382183908045977
0.3850574712643678
0.3879310344827586
0.38968481375358166
0.39255014326647564
0.3954154727793696
0.3982808022922636
0.40114613180515757
0.4040114613180516
0.4068767908309456
0.40974212034383956
0.41260744985673353
0.4154727793696275
0.4183381088825215
0.42120343839541546
0.42406876790830944
0.4269340974212034
0.4297994269340974
0.4326647564469914
0.4355300859598854
0.4383954154727794
0.44126074498567336
0.44412607449856734
0.4469914040114613
0.4498567335243553
0.45272206303724927
0.45558739255014324
0.4584527220630373
0.46131805157593125
0.46418338108882523
0.4670487106017192
0.4699140401146132
0.47277936962750716
0.47564469914040114
0.4785100286532951
0.4813753581661891
0.48424068767908307
0.4871060171919771
0.4899713467048711
0.49283667621776506
0.49570200573065903
0.498567335243553
0.501432664756447
0.504297994269341
0.5071633237822349
0.5100286532951289
0.5128939828080229
0.5157593123209169
0.5186246418338109
0.5214899713467048
0.5228571428571429
0.5183098591549296
0.5211267605633803
0.523943661971831
0.5267605633802817
0.5295774647887324
0.532394366197183
0.5352112676056338
0.5305555555555556
0.5333333333333333
0.5361111111111111
0.5388888888888889
0.5416666666666666
0.5399449035812672
0.5426997245179064
0.5454545454545454
0.5482093663911846
0.5509641873278237
0.5537190082644629
0.5564738292011019
0.559228650137741
0.5619834710743802
0.5647382920110193
0.5674931129476584
0.5702479338842975
0.5730027548209367
0.5757575757575758
0.5785123966942148
0.581267217630854
0.5840220385674931
0.5867768595041323
0.5895316804407713
0.5922865013774105
0.5950413223140496
0.5977961432506887
0.6005509641873278
0.6033057851239669
0.6060606060606061
0.6088154269972452
0.6115702479338843
0.6143250688705234
0.6170798898071626
0.6198347107438017
0.6108108108108108
0.6135135135135135
0.6047745358090185
0.6074270557029178
0.610079575596817
0.6127320954907162
0.6153846153846154
0.6164021164021164
0.6190476190476191
0.6041131105398457
0.6066838046272494
0.609254498714653
0.6118251928020566
0.6143958868894601
0.6169665809768637
0.6195372750642674
0.622107969151671
0.6246786632390745
0.6272493573264781
0.6298200514138818
0.6243654822335025
0.6269035532994924
0.6294416243654822
0.631979695431472
0.6345177664974619
0.6048192771084338
0.6072289156626506
0.6096385542168675
0.6120481927710844
0.6144578313253012
0.6168674698795181
0.619277108433735
0.6216867469879518
0.6240963855421687
0.6265060240963856
0.6289156626506024
0.6313253012048192
0.6337349397590362
0.636144578313253
0.6385542168674698
0.6409638554216868
0.6433734939759036
0.6457831325301204
0.6481927710843374
0.6506024096385542
0.653012048192771
0.655421686746988
0.6578313253012048
0.6602409638554216
0.6626506024096386
0.6650602409638554
0.6674698795180722
0.6698795180722892
0.672289156626506
0.6746987951807228
0.6771084337349398
0.6795180722891566
0.6819277108433734
0.6843373493975904
0.6867469879518072
0.689156626506024
0.691566265060241
0.6939759036144578
0.6963855421686747
0.6987951807228916
0.7012048192771084
0.7036144578313253
0.7060240963855422
0.708433734939759
0.7108433734939759
0.7132530120481928
0.7156626506024096
0.7180722891566265
0.7204819277108434
0.7228915662650602
0.7253012048192771
0.7259615384615384
0.7283653846153846
0.7307692307692307
0.7314148681055156
0.7338129496402878
0.7362110311750599
0.7386091127098321
0.7410071942446043
0.7434052757793765
0.7458033573141487
0.7482014388489209
0.750599520383693
0.7529976019184652
0.7553956834532374
0.7577937649880095
0.7601918465227818
0.762589928057554
0.7649880095923262
0.7673860911270983
0.7697841726618705
0.7721822541966427
0.7745803357314148
0.7769784172661871
0.7793764988009593
0.7817745803357314
0.7841726618705036
0.7865707434052758
0.7889688249400479
0.7913669064748201
0.7937649880095923
0.7961630695443646
0.7985611510791367
0.8009592326139089
0.8033573141486811
0.8057553956834532
0.8081534772182254
0.8105515587529976
0.8129496402877698
0.815347721822542
0.8177458033573142
0.8201438848920863
0.8225419664268585
0.8249400479616307
0.8273381294964028
0.829736211031175
0.8321342925659473
0.8345323741007195
0.8369304556354916
0.8393285371702638
0.841726618705036
0.8441247002398081
0.8465227817745803
0.8489208633093526
0.8513189448441247
0.8537170263788969
0.8561151079136691
0.8585131894484412
0.8609112709832134
0.8633093525179856
0.8636363636363636
0.863961813842482
0.8642857142857143
0.8646080760095012
0.8649289099526066
0.8652482269503546
0.8655660377358491
0.8658823529411764
0.8661971830985915
0.8685446009389671
0.8708920187793427
0.8732394366197183
0.8755868544600939
0.8779342723004695
0.8802816901408451
0.8826291079812206
0.8849765258215962
0.8873239436619719
0.8896713615023474
0.892018779342723
0.8943661971830986
0.8967136150234741
0.8990610328638498
0.9014084507042254
0.903755868544601
0.9061032863849765
0.9084507042253521
0.9107981220657277
0.9131455399061033
0.9154929577464789
0.9178403755868545
0.92018779342723
0.9225352112676056
0.9248826291079812
0.9272300469483568
0.9295774647887324
0.931924882629108
0.9342723004694836
0.9366197183098591
0.9389671361502347
0.9413145539906104
0.9436619718309859
0.9460093896713615
0.9483568075117371
0.9507042253521126
0.9530516431924883
0.9553990610328639
0.9577464788732394
0.960093896713615
0.9624413145539906
0.9647887323943662
0.9671361502347418
0.9694835680751174
1.0
1.0
1.0
1.0
1.0
1.0
1.0
1.0
1.0
1.0
1.0
1.0
1.0
1.0
1.0
1.0
1.0
1.0
1.0
1.0
1.0
1.0
1.0
1.0
1.0
1.0
1.0
1.0
1.0
1.0
1.0
1.0
1.0
1.0
1.0
1.0
1.0
1.0
1.0
1.0
1.0
1.0
1.0
1.0
1.0
1.0
1.0
1.0
1.0
1.0
1.0
1.0
1.0
1.0
1.0
1.0
1.0
1.0
1.0
1.0
1.0
1.0
1.0
1.0
1.0
1.0
1.0
1.0
1.0
1.0
1.0
1.0
1.0
1.0
1.0
1.0
1.0
1.0
1.0
1.0
1.0
1.0
1.0
1.0
1.0
1.0
1.0
1.0
1.0
1.0
1.0
1.0
1.0
1.0
1.0
1.0
1.0
1.0
1.0
1.0
1.0
1.0
1.0
1.0
1.0
1.0
1.0
0.8677685950413223
0.8760330578512396
0.8842975206611571
0.8925619834710744
0.9008264462809917
0.9090909090909091
0.9173553719008265
0.9180327868852459
0.9186991869918699
1.0
1.0
1.0
1.0
1.0
1.0
1.0
1.0
1.0
1.0
1.0
1.0
1.0
1.0
1.0
1.0
1.0
1.0
1.0
1.0
1.0
1.0
1.0
1.0
1.0
1.0
1.0
1.0
1.0
1.0
1.0
1.0
1.0
1.0
1.0
1.0
1.0
1.0
1.0
1.0
1.0
1.0
1.0
1.0
1.0
1.0
1.0
1.0
1.0
1.0
1.0
1.0
1.0
1.0
1.0
1.0
1.0
1.0
1.0
1.0
1.0
1.0
1.0
1.0
1.0
1.0
1.0
1.0
1.0
1.0
1.0
1.0
1.0
1.0
1.0
1.0
1.0
1.0
1.0
1.0
1.0
1.0
1.0
1.0
1.0
1.0
1.0
1.0
1.0
1.0
1.0
1.0
1.0
1.0
1.0
1.0
1.0
1.0
1.0
1.0
1.0
1.0
1.0
1.0
1.0
1.0
1.0
0.9210526315789473
0.9217391304347826
0.9224137931034483
0.9230769230769231
0.923728813559322
0.9322033898305084
0.940677966101695
0.9491525423728814
0.9495798319327731
0.95
0.9504132231404959
0.9508196721311475
0.9512195121951219
0.9516129032258065
0.952
0.9523809523809523
0.952755905511811
0.953125
0.9534883720930233
0.9538461538461539
0.9541984732824428
0.9545454545454546
0.9548872180451128
0.9552238805970149
0.9555555555555556
0.9558823529411765
0.9562043795620438
0.9565217391304348
0.9568345323741008
0.9571428571428572
0.9574468085106383
0.9577464788732394
0.958041958041958
0.9583333333333334
0.9586206896551724
0.958904109589041
0.9657534246575342
0.9726027397260274
0.9794520547945206
0.9795918367346939
0.9797297297297297
0.9798657718120806
0.98
0.9548387096774194
0.9612903225806452
0.967741935483871
0.9741935483870968
0.9620253164556962
0.9683544303797469
0.9746835443037974
0.950920245398773
0.9570552147239264
0.9631901840490797
0.9693251533742331
0.9754601226993865
0.935672514619883
0.9415204678362573
0.9473684210526315
0.9532163742690059
0.9590643274853801
0.9649122807017544
0.9707602339181286
0.9329608938547486
0.4883720930232558
0.49127906976744184
0.4941860465116279
0.49709302325581395
0.5
0.502906976744186
0.5058139534883721
0.5087209302325582
0.5116279069767442
0.5145348837209303
0.5174418604651163
0.5203488372093024
0.5232558139534884
0.5261627906976745
0.5290697674418605
0.5319767441860465
0.5348837209302325
0.5377906976744186
0.5406976744186046
0.5436046511627907
0.5449275362318841
0.5206611570247934
0.5234159779614325
0.5106951871657754
0.5133689839572193
0.516042780748663
0.5187165775401069
0.5213903743315508
0.5240641711229946
0.5267379679144385
0.528
0.5292553191489362
0.5319148936170213
0.5345744680851063
0.5372340425531915
0.5398936170212766
0.5411140583554377
0.5437665782493368
0.5464190981432361
0.5490716180371353
0.5517241379310345
0.5543766578249337
0.5570291777188329
0.5596816976127321
0.5623342175066313
0.5649867374005305
0.5676392572944297
0.5702917771883289
0.5729442970822282
0.5755968169761273
0.5782493368700266
0.5809018567639257
0.583554376657825
0.5862068965517241
0.5888594164456233
0.5915119363395226
0.5941644562334217
0.596816976127321
0.5994694960212201
0.6021220159151194
0.6031746031746031
0.604221635883905
0.6068601583113457
0.6094986807387863
0.6121372031662269
0.6051948051948052
0.6077922077922078
0.6103896103896104
0.612987012987013
0.6155844155844156
0.616580310880829
0.6191709844559585
0.6091370558375635
0.6116751269035533
0.6142131979695431
0.6090225563909775
0.6115288220551378
0.6140350877192983
0.6165413533834586
0.6190476190476191
0.6078431372549019
0.6102941176470589
0.6127450980392157
0.6048192771084338
0.6072289156626506
0.6096385542168675
0.6120481927710844
0.6144578313253012
0.6168674698795181
0.619277108433735
0.6216867469879518
0.6240963855421687
0.6265060240963856
0.6289156626506024
0.6313253012048192
0.6337349397590362
0.636144578313253
0.6385542168674698
0.6409638554216868
0.6433734939759036
0.6457831325301204
0.6481927710843374
0.6506024096385542
0.653012048192771
0.655421686746988
0.6578313253012048
0.6602409638554216
0.6626506024096386
0.6650602409638554
0.6674698795180722
0.6698795180722892
0.672289156626506
0.6746987951807228
0.6771084337349398
0.6778846153846154
0.6802884615384616
0.6810551558752997
0.6834532374100719
0.6858513189448441
0.6882494004796164
0.6906474820143885
0.6930455635491607
0.6954436450839329
0.697841726618705
0.7002398081534772
0.7026378896882494
0.7050359712230215
0.7074340527577938
0.709832134292566
0.7122302158273381
0.7146282973621103
0.7170263788968825
0.7194244604316546
0.7218225419664268
0.7242206235011991
0.7266187050359713
0.7290167865707434
0.7314148681055156
0.7338129496402878
0.7362110311750599
0.7386091127098321
0.7410071942446043
0.7434052757793765
0.7458033573141487
0.7482014388489209
0.750599520383693
0.7529976019184652
0.7553956834532374
0.7577937649880095
0.7601918465227818
0.762589928057554
0.7649880095923262
0.7673860911270983
0.7679425837320574
0.7684964200477327
0.7690476190476191
0.7695961995249406
0.7701421800947867
0.7706855791962175
0.7712264150943396
0.7717647058823529
0.7723004694835681
0.7746478873239436
0.7769953051643192
0.7793427230046949
0.7816901408450704
0.784037558685446
0.7863849765258216
0.7887323943661971
0.7910798122065728
0.7934272300469484
0.795774647887324
0.7981220657276995
0.8004694835680751
0.8028169014084507
0.8051643192488263
0.8075117370892019
0.8098591549295775
0.812206572769953
0.8145539906103286
0.8169014084507042
0.8192488262910798
0.8215962441314554
0.823943661971831
0.8262910798122066
0.8286384976525821
0.8309859154929577
0.8333333333333334
0.8356807511737089
0.8380281690140845
0.8403755868544601
0.8427230046948356
0.8450704225352113
0.8474178403755869
0.8497652582159625
0.852112676056338
0.8544600938967136
0.8568075117370892
0.8591549295774648
0.8615023474178404
0.863849765258216
0.8661971830985915
0.8685446009389671
0.8708920187793427
0.8732394366197183
0.8755868544600939
0.8779342723004695
0.8802816901408451
0.8826291079812206
0.8849765258215962
0.8873239436619719
0.8896713615023474
0.892018779342723
0.8943661971830986
0.8967136150234741
0.8990610328638498
0.9014084507042254
0.903755868544601
0.9061032863849765
0.9084507042253521
0.9107981220657277
0.9131455399061033
0.9154929577464789
0.9178403755868545
0.92018779342723
0.9225352112676056
0.9248826291079812
0.9272300469483568
0.9295774647887324
0.931924882629108
0.9342723004694836
0.9366197183098591
0.9389671361502347
0.9413145539906104
0.9436619718309859
0.9460093896713615
0.9483568075117371
0.9507042253521126
0.9530516431924883
0.9553990610328639
0.9577464788732394
0.960093896713615
0.9624413145539906
0.9647887323943662
0.9671361502347418
0.9694835680751174
1.0
1.0
1.0
1.0
1.0
1.0
1.0
1.0
1.0
1.0
1.0
1.0
1.0
1.0
1.0
1.0
1.0
1.0
1.0
1.0
1.0
1.0
1.0
1.0
1.0
1.0
1.0
1.0
1.0
1.0
1.0
1.0
1.0
1.0
1.0
1.0
1.0
1.0
1.0
1.0
1.0
1.0
1.0
1.0
1.0
1.0
1.0
1.0
1.0
1.0
1.0
1.0
1.0
1.0
1.0
1.0
1.0
1.0
1.0
1.0
1.0
1.0
1.0
1.0
1.0
1.0
1.0
1.0
1.0
1.0
1.0
1.0
1.0
1.0
1.0
1.0
1.0
1.0
1.0
1.0
1.0
1.0
1.0
1.0
1.0
1.0
1.0
1.0
1.0
1.0
1.0
1.0
1.0
1.0
1.0
1.0
1.0
1.0
1.0
1.0
1.0
1.0
1.0
1.0
1.0
1.0
1.0
0.9051724137931034
0.9137931034482759
0.9224137931034483
0.9310344827586207
0.9396551724137931
0.8943089430894309
0.8951612903225806
0.896
0.8968253968253969
0.8976377952755905
0.8984375
0.8992248062015504
0.9
0.9007633587786259
0.9015151515151515
0.9022556390977443
0.9029850746268657
0.9037037037037037
0.9044117647058824
0.9051094890510949
0.9057971014492754
0.9064748201438849
0.9071428571428571
0.9078014184397163
0.9084507042253521
0.9090909090909091
0.9097222222222222
0.9103448275862069
0.910958904109589
0.9115646258503401
0.9121621621621622
0.912751677852349
0.9133333333333333
0.9139072847682119
0.9144736842105263
0.9150326797385621
0.9155844155844156
0.9161290322580645
0.9166666666666666
0.9171974522292994
0.9177215189873418
0.9182389937106918
0.91875
0.9192546583850931
0.9197530864197531
0.9202453987730062
0.9207317073170732
0.9212121212121213
0.9216867469879518
0.9221556886227545
0.9226190476190477
0.9230769230769231
0.9235294117647059
0.9239766081871345
0.9244186046511628
0.9248554913294798
0.9252873563218391
0.9257142857142857
0.9261363636363636
0.9265536723163842
0.9269662921348315
0.9273743016759777
0.9277777777777778
0.9281767955801105
0.9337016574585635
0.9392265193370166
0.9447513812154696
0.945054945054945
0.9453551912568307
0.9456521739130435
0.9459459459459459
0.9263157894736842
0.9315789473684211
0.9368421052631579
0.9421052631578948
0.9424083769633508
0.8960396039603961
0.900990099009901
0.905940594059406
0.9108910891089109
0.9158415841584159
0.9207920792079208
0.9257425742574258
0.9261083743842364
0.9264705882352942
0.9313725490196079
0.9362745098039216
0.9411764705882353
0.946078431372549
0.9282296650717703
0.9330143540669856
0.937799043062201
0.9425837320574163
0.9473684210526315
0.9170506912442397
0.9216589861751152
0.9262672811059908
0.9308755760368663
0.9354838709677419
0.9400921658986175
0.9447004608294931
0.5421052631578948
0.5447368421052632
0.5473684210526316
0.55
0.5526315789473685
0.5552631578947368
0.5578947368421052
0.5605263157894737
0.5631578947368421
0.5657894736842105
0.5669291338582677
0.5680628272251309
0.5706806282722513
0.5732984293193717
0.5759162303664922
0.5785340314136126
0.581151832460733
0.5837696335078534
0.5863874345549738
0.5890052356020943
0.5916230366492147
0.5942408376963351
0.5968586387434555
0.599476439790576
0.6020942408376964
0.6047120418848168
0.6073298429319371
0.6099476439790575
0.612565445026178
0.6151832460732984
0.6178010471204188
0.6204188481675392
0.6118251928020566
0.6143958868894601
0.6153846153846154
0.5906862745098039
0.5931372549019608
0.5941320293398533
0.5879518072289157
0.5903614457831325
0.5927710843373494
0.5951807228915663
0.5975903614457831
0.6
0.6024096385542169
0.6048192771084338
0.6072289156626506
0.6096385542168675
0.6120481927710844
0.6144578313253012
0.6168674698795181
0.619277108433735
0.6216867469879518
0.6240963855421687
0.6265060240963856
0.6289156626506024
0.6313253012048192
0.6337349397590362
0.636144578313253
0.6385542168674698
0.6409638554216868
0.6433734939759036
0.6457831325301204
0.6481927710843374
0.6506024096385542
0.653012048192771
0.655421686746988
0.6578313253012048
0.6602409638554216
0.6626506024096386
0.6650602409638554
0.6674698795180722
0.6698795180722892
0.672289156626506
0.6746987951807228
0.6771084337349398
0.6795180722891566
0.6819277108433734
0.6843373493975904
0.6867469879518072
0.6875
0.6899038461538461
0.6923076923076923
0.6930455635491607
0.69377990430622
0.6945107398568019
0.6952380952380952
0.6959619952494062
0.6966824644549763
0.6973995271867612
0.6981132075471698
0.6988235294117647
0.7011764705882353
0.7035294117647058
0.7058823529411765
0.7082352941176471
0.7105882352941176
0.7129411764705882
0.7152941176470589
0.7176470588235294
0.72
0.7223529411764706
0.7247058823529412
0.7270588235294118
0.7294117647058823
0.731764705882353
0.7341176470588235
0.7364705882352941
0.7388235294117647
0.7411764705882353
0.7435294117647059
0.7458823529411764
0.7482352941176471
0.7505882352941177
0.7529411764705882
0.7552941176470588
0.7576470588235295
0.76
0.7623529411764706
0.7647058823529411
0.7670588235294118
0.7694117647058824
0.7717647058823529
0.7741176470588236
0.7764705882352941
0.7788235294117647
0.7811764705882352
0.7835294117647059
0.7858823529411765
0.788235294117647
0.7905882352941176
0.7929411764705883
0.7952941176470588
0.7976470588235294
0.8
0.8023529411764706
0.8047058823529412
0.8070588235294117
0.8094117647058824
0.8117647058823529
0.8141176470588235
0.8164705882352942
0.8188235294117647
0.8211764705882353
0.8235294117647058
0.8258823529411765
0.8282352941176471
0.8305882352941176
0.8329411764705882
0.8352941176470589
0.8376470588235294
0.84
0.8423529411764706
0.8447058823529412
0.8470588235294118
0.8494117647058823
0.851764705882353
0.8541176470588235
0.8544600938967136
0.8568075117370892
0.8591549295774648
0.8615023474178404
0.863849765258216
0.8661971830985915
0.8685446009389671
0.8708920187793427
0.8732394366197183
0.8755868544600939
0.8779342723004695
0.8802816901408451
0.8826291079812206
0.8849765258215962
0.8873239436619719
0.8896713615023474
0.892018779342723
0.8943661971830986
0.8967136150234741
0.8990610328638498
0.9014084507042254
0.903755868544601
0.9061032863849765
0.9084507042253521
0.9107981220657277
0.9131455399061033
0.9154929577464789
0.9178403755868545
0.92018779342723
0.9225352112676056
0.9248826291079812
0.9272300469483568
0.9295774647887324
0.931924882629108
0.9342723004694836
0.9366197183098591
0.9389671361502347
0.9413145539906104
0.9436619718309859
0.9460093896713615
0.9483568075117371
0.9507042253521126
0.9530516431924883
0.9553990610328639
0.9577464788732394
0.960093896713615
0.9624413145539906
0.9647887323943662
0.9671361502347418
0.9694835680751174
