1.0
1.0
1.0
0.23529411764705882
0.29411764705882354
0.35294117647058826
0.4117647058823529
0.47058823529411764
0.5294117647058824
0.5882352941176471
0.6470588235294118
0.7058823529411765
0.7647058823529411
1.0
1.0
1.0
0.23529411764705882
0.29411764705882354
0.35294117647058826
0.4117647058823529
0.47058823529411764
0.5294117647058824
0.5882352941176471
0.6470588235294118
0.7058823529411765
0.7647058823529411
1.0
1.0
1.0
1.0
1.0
1.0
0.23529411764705882
0.29411764705882354
0.35294117647058826
0.4117647058823529
0.47058823529411764
0.5294117647058824
0.5882352941176471
0.6470588235294118
0.7058823529411765
0.7647058823529411
1.0
1.0
1.0
0.23529411764705882
0.29411764705882354
0.35294117647058826
0.4117647058823529
0.47058823529411764
0.5294117647058824
0.5882352941176471
0.6470588235294118
0.7058823529411765
0.7647058823529411
1.0
1.0
1.0
0.23529411764705882
0.29411764705882354
0.35294117647058826
0.4117647058823529
0.47058823529411764
0.5294117647058824
0.5882352941176471
0.6470588235294118
0.7058823529411765
0.7647058823529411
1.0
1.0
1.0
0.23529411764705882
0.29411764705882354
0.35294117647058826
0.4117647058823529
0.47058823529411764
0.5294117647058824
0.5882352941176471
0.6470588235294118
0.7058823529411765
0.7647058823529411
