1.0
1.0
1.0
1.0
1.0
1.0
1.0
1.0
0.1875
0.20833333333333334
0.22916666666666666
0.25
0.2708333333333333
0.2916666666666667
0.3125
0.3333333333333333
0.3541666666666667
0.375
0.3958333333333333
0.4166666666666667
0.4375
0.4583333333333333
0.4791666666666667
0.5
0.5208333333333334
0.5416666666666666
0.5625
0.5833333333333334
0.6041666666666666
0.625
0.6458333333333334
0.6666666666666666
0.6875
0.7083333333333334
0.7291666666666666
0.75
0.7708333333333334
0.7916666666666666
0.8125
0.8333333333333334
0.8541666666666666
0.875
0.8958333333333334
0.9166666666666666
0.9375
0.9583333333333334
0.9791666666666666
1.0
1.0
1.0
1.0
1.0
1.0
1.0
1.0
0.1875
0.20833333333333334
0.22916666666666666
0.25
0.2708333333333333
0.2916666666666667
0.3125
0.3333333333333333
0.3541666666666667
0.375
0.3958333333333333
0.4166666666666667
0.4375
0.4583333333333333
0.4791666666666667
0.5
0.5208333333333334
0.5416666666666666
0.5625
0.5833333333333334
0.6041666666666666
0.625
0.6458333333333334
0.6666666666666666
0.6875
0.7083333333333334
0.7291666666666666
0.75
0.7708333333333334
0.7916666666666666
0.8125
0.8333333333333334
0.8541666666666666
0.875
0.8958333333333334
0.9166666666666666
0.9375
0.9583333333333334
0.9791666666666666
1.0
1.0
1.0
1.0
1.0
1.0
1.0
1.0
1.0
1.0
1.0
1.0
1.0
1.0
1.0
1.0
0.1875
0.20833333333333334
0.22916666666666666
0.25
0.2708333333333333
0.2916666666666667
0.3125
0.3333333333333333
0.3541666666666667
0.375
0.3958333333333333
0.4166666666666667
0.4375
0.4583333333333333
0.4791666666666667
0.5
0.5208333333333334
0.5416666666666666
0.5625
0.5833333333333334
0.6041666666666666
0.625
0.6458333333333334
0.6666666666666666
0.6875
0.7083333333333334
0.7291666666666666
0.75
0.7708333333333334
0.7916666666666666
0.8125
0.8333333333333334
0.8541666666666666
0.875
0.8958333333333334
0.9166666666666666
0.9375
0.9583333333333334
0.9791666666666666
1.0
1.0
1.0
1.0
1.0
1.0
1.0
1.0
0.1875
0.20833333333333334
0.22916666666666666
0.25
0.2708333333333333
0.2916666666666667
0.3125
0.3333333333333333
0.3541666666666667
0.375
0.3958333333333333
0.4166666666666667
0.4375
0.4583333333333333
0.4791666666666667
0.5
0.5208333333333334
0.5416666666666666
0.5625
0.5833333333333334
0.6041666666666666
0.625
0.6458333333333334
0.6666666666666666
0.6875
0.7083333333333334
0.7291666666666666
0.75
0.7708333333333334
0.7916666666666666
0.8125
0.8333333333333334
0.8541666666666666
0.875
0.8958333333333334
0.9166666666666666
0.9375
0.9583333333333334
0.9791666666666666
1.0
1.0
1.0
1.0
1.0
1.0
1.0
1.0
0.1875
0.20833333333333334
0.22916666666666666
0.25
0.2708333333333333
0.2916666666666667
0.3125
0.3333333333333333
0.3541666666666667
0.375
0.3958333333333333
0.4166666666666667
0.4375
0.4583333333333333
0.4791666666666667
0.5
0.5208333333333334
0.5416666666666666
0.5625
0.5833333333333334
0.6041666666666666
0.625
0.6458333333333334
0.6666666666666666
0.6875
0.7083333333333334
0.7291666666666666
0.75
0.7708333333333334
0.7916666666666666
0.8125
0.8333333333333334
0.8541666666666666
0.875
0.8958333333333334
0.9166666666666666
0.9375
0.9583333333333334
0.9791666666666666
1.0
1.0
1.0
1.0
1.0
1.0
1.0
1.0
0.1875
0.20833333333333334
0.22916666666666666
0.25
0.2708333333333333
0.2916666666666667
0.3125
0.3333333333333333
0.3541666666666667
0.375
0.3958333333333333
0.4166666666666667
0.4375
0.4583333333333333
0.4791666666666667
0.5
0.5208333333333334
0.5416666666666666
0.5625
0.5833333333333334
0.6041666666666666
0.625
0.6458333333333334
0.6666666666666666
0.6875
0.7083333333333334
0.7291666666666666
0.75
0.7708333333333334
0.7916666666666666
0.8125
0.8333333333333334
0.8541666666666666
0.875
0.8958333333333334
0.9166666666666666
0.9375
0.9583333333333334
0.9791666666666666
