1.0
1.0
1.0
1.0
1.0
1.0
1.0
1.0
1.0
1.0
0.19298245614035087
0.20689655172413793
0.22033898305084745
0.23333333333333334
0.2459016393442623
0.25806451612903225
0.2698412698412698
0.28125
0.2923076923076923
0.30303030303030304
0.31343283582089554
0.3235294117647059
0.3333333333333333
0.34285714285714286
0.352112676056338
0.3611111111111111
0.3698630136986301
0.3783783783783784
0.38666666666666666
0.39473684210526316
0.4025974025974026
0.41025641025641024
0.4177215189873418
0.425
0.43209876543209874
0.43902439024390244
0.4457831325301205
0.4523809523809524
1.0
1.0
1.0
1.0
1.0
1.0
1.0
1.0
1.0
1.0
0.19298245614035087
0.20689655172413793
0.22033898305084745
0.23333333333333334
0.2459016393442623
0.25806451612903225
0.2698412698412698
0.28125
0.2923076923076923
0.30303030303030304
0.31343283582089554
0.3235294117647059
0.3333333333333333
0.34285714285714286
0.352112676056338
0.3611111111111111
0.3698630136986301
0.3783783783783784
0.38666666666666666
0.39473684210526316
0.4025974025974026
0.41025641025641024
0.4177215189873418
0.425
0.43209876543209874
0.43902439024390244
0.4457831325301205
0.4523809523809524
1.0
1.0
1.0
1.0
1.0
1.0
1.0
1.0
1.0
1.0
1.0
1.0
1.0
1.0
1.0
1.0
1.0
1.0
1.0
1.0
1.0
1.0
1.0
1.0
1.0
1.0
1.0
1.0
1.0
1.0
1.0
1.0
1.0
1.0
1.0
1.0
1.0
1.0
1.0
1.0
1.0
1.0
1.0
1.0
1.0
1.0
1.0
1.0
0.19298245614035087
0.20689655172413793
0.22033898305084745
0.23333333333333334
0.2459016393442623
0.25806451612903225
0.2698412698412698
0.28125
0.2923076923076923
0.30303030303030304
0.31343283582089554
0.3235294117647059
0.3333333333333333
0.34285714285714286
0.352112676056338
0.3611111111111111
0.3698630136986301
0.3783783783783784
0.38666666666666666
0.39473684210526316
0.4025974025974026
0.41025641025641024
0.4177215189873418
0.425
0.43209876543209874
0.43902439024390244
0.4457831325301205
0.4523809523809524
1.0
1.0
1.0
1.0
1.0
1.0
1.0
1.0
1.0
1.0
0.19298245614035087
0.20689655172413793
0.22033898305084745
0.23333333333333334
0.2459016393442623
0.25806451612903225
0.2698412698412698
0.28125
0.2923076923076923
0.30303030303030304
0.31343283582089554
0.3235294117647059
0.3333333333333333
0.34285714285714286
0.352112676056338
0.3611111111111111
0.3698630136986301
0.3783783783783784
0.38666666666666666
0.39473684210526316
0.4025974025974026
0.41025641025641024
0.4177215189873418
0.425
0.43209876543209874
0.43902439024390244
0.4457831325301205
0.4523809523809524
1.0
1.0
1.0
1.0
1.0
1.0
1.0
1.0
1.0
1.0
0.19298245614035087
0.20689655172413793
0.22033898305084745
0.23333333333333334
0.2459016393442623
0.25806451612903225
0.2698412698412698
0.28125
0.2923076923076923
0.30303030303030304
0.31343283582089554
0.3235294117647059
0.3333333333333333
0.34285714285714286
0.352112676056338
0.3611111111111111
0.3698630136986301
0.3783783783783784
0.38666666666666666
0.39473684210526316
0.4025974025974026
0.41025641025641024
0.4177215189873418
0.425
0.43209876543209874
0.43902439024390244
0.4457831325301205
0.4523809523809524
1.0
1.0
1.0
1.0
1.0
1.0
1.0
1.0
1.0
1.0
0.19298245614035087
0.20689655172413793
0.22033898305084745
0.23333333333333334
0.2459016393442623
0.25806451612903225
0.2698412698412698
0.28125
0.2923076923076923
0.30303030303030304
0.31343283582089554
0.3235294117647059
0.3333333333333333
0.34285714285714286
0.352112676056338
0.3611111111111111
0.3698630136986301
0.3783783783783784
0.38666666666666666
0.39473684210526316
0.4025974025974026
0.41025641025641024
0.4177215189873418
0.425
0.43209876543209874
0.43902439024390244
0.4457831325301205
0.4523809523809524
