1.0
1.0
1.0
1.0
1.0
1.0
1.0
1.0
1.0
1.0
1.0
1.0
1.0
1.0
1.0
1.0
1.0
1.0
1.0
1.0
1.0
1.0
1.0
1.0
1.0
1.0
0.17763157894736842
0.1830065359477124
0.18831168831168832
0.1935483870967742
0.1987179487179487
0.20382165605095542
0.2088607594936709
0.2138364779874214
0.21875
0.2236024844720497
0.22839506172839505
0.2331288343558282
0.23780487804878048
0.24242424242424243
0.2469879518072289
0.25149700598802394
0.25595238095238093
0.2603550295857988
0.2647058823529412
0.26900584795321636
0.27325581395348836
0.2774566473988439
0.28160919540229884
0.2857142857142857
0.2897727272727273
0.2937853107344633
0.29775280898876405
0.3016759776536313
0.3055555555555556
0.30939226519337015
0.3131868131868132
0.31693989071038253
0.32065217391304346
0.32432432432432434
0.14186046511627906
0.14385150812064965
0.14583333333333334
0.14780600461893764
0.1497695852534562
0.15172413793103448
0.1536697247706422
0.15560640732265446
0.15753424657534246
0.15945330296127563
0.16136363636363638
0.12521739130434784
0.12695652173913044
0.12869565217391304
0.13043478260869565
0.13217391304347825
0.13391304347826086
0.1356521739130435
0.1373913043478261
0.1391304347826087
0.1408695652173913
0.1426086956521739
0.1443478260869565
0.14608695652173914
0.14782608695652175
0.14956521739130435
0.15130434782608695
0.15304347826086956
0.15478260869565216
0.1565217391304348
0.1582608695652174
0.16
0.1617391304347826
0.1634782608695652
0.16521739130434782
0.16695652173913045
0.16869565217391305
0.17043478260869566
0.17217391304347826
0.17391304347826086
0.17565217391304347
0.17739130434782607
0.1791304347826087
0.1808695652173913
0.1826086956521739
0.18434782608695652
0.18608695652173912
0.18782608695652173
0.18956521739130436
0.19130434782608696
0.19304347826086957
0.19478260869565217
0.19652173913043477
0.19826086956521738
0.2
0.20173913043478262
0.20347826086956522
0.20521739130434782
0.20695652173913043
0.20869565217391303
0.21043478260869566
0.21217391304347827
0.21391304347826087
0.21565217391304348
0.21739130434782608
0.21913043478260869
0.22086956521739132
0.22260869565217392
0.22434782608695653
0.22608695652173913
0.22782608695652173
0.22956521739130434
0.23130434782608697
0.23304347826086957
0.23478260869565218
0.23652173913043478
0.2382608695652174
0.24
0.2417391304347826
0.24347826086956523
0.24521739130434783
0.24695652173913044
0.24869565217391304
0.25043478260869567
0.25217391304347825
0.2539130434782609
0.25565217391304346
0.2573913043478261
0.2591304347826087
0.2608695652173913
0.26260869565217393
0.2643478260869565
0.26608695652173914
0.2678260869565217
0.26956521739130435
0.271304347826087
0.27304347826086955
0.2747826086956522
0.27652173913043476
0.2782608695652174
0.28
0.2817391304347826
0.28347826086956524
0.2852173913043478
0.28695652173913044
0.288695652173913
0.29043478260869565
0.2921739130434783
0.29391304347826086
0.2956521739130435
0.29739130434782607
0.2991304347826087
0.3008695652173913
0.3026086956521739
0.30434782608695654
0.3060869565217391
0.30782608695652175
0.3095652173913043
0.31130434782608696
0.3130434782608696
0.31478260869565217
0.3165217391304348
0.3182608695652174
0.32
0.3217391304347826
0.3234782608695652
0.32521739130434785
0.3269565217391304
0.32869565217391306
0.33043478260869563
0.33217391304347826
0.3339130434782609
0.3356521739130435
0.3373913043478261
0.3391304347826087
0.3408695652173913
0.3426086956521739
0.3443478260869565
0.34608695652173915
0.34782608695652173
0.34956521739130436
0.35130434782608694
0.35304347826086957
0.35478260869565215
0.3565217391304348
0.3582608695652174
0.36
0.3617391304347826
0.3634782608695652
0.3652173913043478
0.36695652173913046
0.36869565217391304
0.37043478260869567
0.37217391304347824
0.3739130434782609
0.37565217391304345
0.3773913043478261
0.3791304347826087
0.3808695652173913
0.3826086956521739
0.3843478260869565
0.38608695652173913
0.38782608695652177
0.38956521739130434
0.391304347826087
0.39304347826086955
0.3947826086956522
0.39652173913043476
0.3982608695652174
0.4
0.4017391304347826
0.40347826086956523
0.4052173913043478
0.40695652173913044
0.40869565217391307
0.41043478260869565
0.4121739130434783
0.41391304347826086
0.4156521739130435
0.41739130434782606
0.4191304347826087
0.42086956521739133
0.4226086956521739
0.42434782608695654
0.4260869565217391
0.42782608695652175
0.4295652173913043
0.43130434782608695
0.4330434782608696
0.43478260869565216
0.4365217391304348
0.43826086956521737
0.44
0.44173913043478263
0.4434782608695652
0.44521739130434784
0.4469565217391304
0.44869565217391305
0.4504347826086956
0.45217391304347826
0.4539130434782609
0.45565217391304347
0.4573913043478261
0.4591304347826087
0.4608695652173913
0.46260869565217394
0.4643478260869565
0.46608695652173915
0.4678260869565217
0.46956521739130436
0.47130434782608693
0.47304347826086957
0.4747826086956522
0.4765217391304348
0.4782608695652174
0.48
0.4817391304347826
0.4834782608695652
0.4852173913043478
0.48695652173913045
0.48869565217391303
0.49043478260869566
0.49217391304347824
0.49391304347826087
0.4956521739130435
0.4973913043478261
0.4991304347826087
0.5008695652173913
0.5026086956521739
0.5043478260869565
0.5060869565217392
0.5078260869565218
0.5095652173913043
0.5113043478260869
0.5130434782608696
0.5147826086956522
0.5165217391304348
0.5182608695652174
0.52
0.5217391304347826
0.5234782608695652
0.5252173913043479
0.5269565217391304
0.528695652173913
0.5304347826086957
0.5321739130434783
0.5339130434782609
0.5356521739130434
0.5373913043478261
0.5391304347826087
0.5408695652173913
0.542608695652174
0.5443478260869565
0.5460869565217391
0.5478260869565217
0.5495652173913044
1.0
1.0
1.0
1.0
1.0
1.0
1.0
1.0
1.0
1.0
1.0
1.0
1.0
1.0
1.0
1.0
1.0
1.0
1.0
1.0
1.0
1.0
1.0
1.0
1.0
1.0
0.17763157894736842
0.1830065359477124
0.18831168831168832
0.1935483870967742
0.1987179487179487
0.20382165605095542
0.2088607594936709
0.2138364779874214
0.21875
0.2236024844720497
0.22839506172839505
0.2331288343558282
0.23780487804878048
0.24242424242424243
0.2469879518072289
0.25149700598802394
0.25595238095238093
0.2603550295857988
0.2647058823529412
0.26900584795321636
0.27325581395348836
0.2774566473988439
0.28160919540229884
0.2857142857142857
0.2897727272727273
0.2937853107344633
0.29775280898876405
0.3016759776536313
0.3055555555555556
0.30939226519337015
0.3131868131868132
0.31693989071038253
0.32065217391304346
0.32432432432432434
0.14186046511627906
0.14385150812064965
0.14583333333333334
0.14780600461893764
0.1497695852534562
0.15172413793103448
0.1536697247706422
0.15560640732265446
0.15753424657534246
0.15945330296127563
0.16136363636363638
0.12521739130434784
0.12695652173913044
0.12869565217391304
0.13043478260869565
0.13217391304347825
0.13391304347826086
0.1356521739130435
0.1373913043478261
0.1391304347826087
0.1408695652173913
0.1426086956521739
0.1443478260869565
0.14608695652173914
0.14782608695652175
0.14956521739130435
0.15130434782608695
0.15304347826086956
0.15478260869565216
0.1565217391304348
0.1582608695652174
0.16
0.1617391304347826
0.1634782608695652
0.16521739130434782
0.16695652173913045
0.16869565217391305
0.17043478260869566
0.17217391304347826
0.17391304347826086
0.17565217391304347
0.17739130434782607
0.1791304347826087
0.1808695652173913
0.1826086956521739
0.18434782608695652
0.18608695652173912
0.18782608695652173
0.18956521739130436
0.19130434782608696
0.19304347826086957
0.19478260869565217
0.19652173913043477
0.19826086956521738
0.2
0.20173913043478262
0.20347826086956522
0.20521739130434782
0.20695652173913043
0.20869565217391303
0.21043478260869566
0.21217391304347827
0.21391304347826087
0.21565217391304348
0.21739130434782608
0.21913043478260869
0.22086956521739132
0.22260869565217392
0.22434782608695653
0.22608695652173913
0.22782608695652173
0.22956521739130434
0.23130434782608697
0.23304347826086957
0.23478260869565218
0.23652173913043478
0.2382608695652174
0.24
0.2417391304347826
0.24347826086956523
0.24521739130434783
0.24695652173913044
0.24869565217391304
0.25043478260869567
0.25217391304347825
0.2539130434782609
0.25565217391304346
0.2573913043478261
0.2591304347826087
0.2608695652173913
0.26260869565217393
0.2643478260869565
0.26608695652173914
0.2678260869565217
0.26956521739130435
0.271304347826087
0.27304347826086955
0.2747826086956522
0.27652173913043476
0.2782608695652174
0.28
0.2817391304347826
0.28347826086956524
0.2852173913043478
0.28695652173913044
0.288695652173913
0.29043478260869565
0.2921739130434783
0.29391304347826086
0.2956521739130435
0.29739130434782607
0.2991304347826087
0.3008695652173913
0.3026086956521739
0.30434782608695654
0.3060869565217391
0.30782608695652175
0.3095652173913043
0.31130434782608696
0.3130434782608696
0.31478260869565217
0.3165217391304348
0.3182608695652174
0.32
0.3217391304347826
0.3234782608695652
0.32521739130434785
0.3269565217391304
0.32869565217391306
0.33043478260869563
0.33217391304347826
0.3339130434782609
0.3356521739130435
0.3373913043478261
0.3391304347826087
0.3408695652173913
0.3426086956521739
0.3443478260869565
0.34608695652173915
0.34782608695652173
0.34956521739130436
0.35130434782608694
0.35304347826086957
0.35478260869565215
0.3565217391304348
0.3582608695652174
0.36
0.3617391304347826
0.3634782608695652
0.3652173913043478
0.36695652173913046
0.36869565217391304
0.37043478260869567
0.37217391304347824
0.3739130434782609
0.37565217391304345
0.3773913043478261
0.3791304347826087
0.3808695652173913
0.3826086956521739
0.3843478260869565
0.38608695652173913
0.38782608695652177
0.38956521739130434
0.391304347826087
0.39304347826086955
0.3947826086956522
0.39652173913043476
0.3982608695652174
0.4
0.4017391304347826
0.40347826086956523
0.4052173913043478
0.40695652173913044
0.40869565217391307
0.41043478260869565
0.4121739130434783
0.41391304347826086
0.4156521739130435
0.41739130434782606
0.4191304347826087
0.42086956521739133
0.4226086956521739
0.42434782608695654
0.4260869565217391
0.42782608695652175
0.4295652173913043
0.43130434782608695
0.4330434782608696
0.43478260869565216
0.4365217391304348
0.43826086956521737
0.44
0.44173913043478263
0.4434782608695652
0.44521739130434784
0.4469565217391304
0.44869565217391305
0.4504347826086956
0.45217391304347826
0.4539130434782609
0.45565217391304347
0.4573913043478261
0.4591304347826087
0.4608695652173913
0.46260869565217394
0.4643478260869565
0.46608695652173915
0.4678260869565217
0.46956521739130436
0.47130434782608693
0.47304347826086957
0.4747826086956522
0.4765217391304348
0.4782608695652174
0.48
0.4817391304347826
0.4834782608695652
0.4852173913043478
0.48695652173913045
0.48869565217391303
0.49043478260869566
0.49217391304347824
0.49391304347826087
0.4956521739130435
0.4973913043478261
0.4991304347826087
0.5008695652173913
0.5026086956521739
0.5043478260869565
0.5060869565217392
0.5078260869565218
0.5095652173913043
0.5113043478260869
0.5130434782608696
0.5147826086956522
0.5165217391304348
0.5182608695652174
0.52
0.5217391304347826
0.5234782608695652
0.5252173913043479
0.5269565217391304
0.528695652173913
0.5304347826086957
0.5321739130434783
0.5339130434782609
0.5356521739130434
0.5373913043478261
0.5391304347826087
0.5408695652173913
0.542608695652174
0.5443478260869565
0.5460869565217391
0.5478260869565217
0.5495652173913044
1.0
1.0
1.0
1.0
1.0
1.0
1.0
1.0
1.0
1.0
1.0
1.0
1.0
1.0
1.0
1.0
1.0
1.0
1.0
1.0
1.0
1.0
1.0
1.0
1.0
1.0
1.0
1.0
1.0
1.0
1.0
1.0
1.0
1.0
1.0
1.0
1.0
1.0
1.0
1.0
1.0
1.0
1.0
1.0
1.0
1.0
1.0
1.0
1.0
1.0
1.0
1.0
1.0
1.0
1.0
1.0
1.0
1.0
1.0
1.0
1.0
1.0
1.0
1.0
1.0
1.0
1.0
1.0
1.0
1.0
1.0
1.0
1.0
1.0
1.0
1.0
1.0
1.0
1.0
1.0
1.0
1.0
1.0
1.0
1.0
1.0
1.0
1.0
1.0
1.0
1.0
1.0
1.0
1.0
1.0
1.0
1.0
0.17763157894736842
0.1830065359477124
0.18831168831168832
0.1935483870967742
0.1987179487179487
0.20382165605095542
0.2088607594936709
0.2138364779874214
0.21875
0.2236024844720497
0.22839506172839505
0.2331288343558282
0.23780487804878048
0.24242424242424243
0.2469879518072289
0.25149700598802394
0.25595238095238093
0.2603550295857988
0.2647058823529412
0.26900584795321636
0.27325581395348836
0.2774566473988439
0.28160919540229884
0.2857142857142857
0.2897727272727273
0.2937853107344633
0.29775280898876405
0.3016759776536313
0.3055555555555556
0.30939226519337015
0.3131868131868132
0.31693989071038253
0.32065217391304346
0.32432432432432434
0.14186046511627906
0.14385150812064965
0.14583333333333334
0.14780600461893764
0.1497695852534562
0.15172413793103448
0.1536697247706422
0.15560640732265446
0.15753424657534246
0.15945330296127563
0.16136363636363638
0.12521739130434784
0.12695652173913044
0.12869565217391304
0.13043478260869565
0.13217391304347825
0.13391304347826086
0.1356521739130435
0.1373913043478261
0.1391304347826087
0.1408695652173913
0.1426086956521739
0.1443478260869565
0.14608695652173914
0.14782608695652175
0.14956521739130435
0.15130434782608695
0.15304347826086956
0.15478260869565216
0.1565217391304348
0.1582608695652174
0.16
0.1617391304347826
0.1634782608695652
0.16521739130434782
0.16695652173913045
0.16869565217391305
0.17043478260869566
0.17217391304347826
0.17391304347826086
0.17565217391304347
0.17739130434782607
0.1791304347826087
0.1808695652173913
0.1826086956521739
0.18434782608695652
0.18608695652173912
0.18782608695652173
0.18956521739130436
0.19130434782608696
0.19304347826086957
0.19478260869565217
0.19652173913043477
0.19826086956521738
0.2
0.20173913043478262
0.20347826086956522
0.20521739130434782
0.20695652173913043
0.20869565217391303
0.21043478260869566
0.21217391304347827
0.21391304347826087
0.21565217391304348
0.21739130434782608
0.21913043478260869
0.22086956521739132
0.22260869565217392
0.22434782608695653
0.22608695652173913
0.22782608695652173
0.22956521739130434
0.23130434782608697
0.23304347826086957
0.23478260869565218
0.23652173913043478
0.2382608695652174
0.24
0.2417391304347826
0.24347826086956523
0.24521739130434783
0.24695652173913044
0.24869565217391304
0.25043478260869567
0.25217391304347825
0.2539130434782609
0.25565217391304346
0.2573913043478261
0.2591304347826087
0.2608695652173913
0.26260869565217393
0.2643478260869565
0.26608695652173914
0.2678260869565217
0.26956521739130435
0.271304347826087
0.27304347826086955
0.2747826086956522
0.27652173913043476
0.2782608695652174
0.28
0.2817391304347826
0.28347826086956524
0.2852173913043478
0.28695652173913044
0.288695652173913
0.29043478260869565
0.2921739130434783
0.29391304347826086
0.2956521739130435
0.29739130434782607
0.2991304347826087
0.3008695652173913
0.3026086956521739
0.30434782608695654
0.3060869565217391
0.30782608695652175
0.3095652173913043
0.31130434782608696
0.3130434782608696
0.31478260869565217
0.3165217391304348
0.3182608695652174
0.32
0.3217391304347826
0.3234782608695652
0.32521739130434785
0.3269565217391304
0.32869565217391306
0.33043478260869563
0.33217391304347826
0.3339130434782609
0.3356521739130435
0.3373913043478261
0.3391304347826087
0.3408695652173913
0.3426086956521739
0.3443478260869565
0.34608695652173915
0.34782608695652173
0.34956521739130436
0.35130434782608694
0.35304347826086957
0.35478260869565215
0.3565217391304348
0.3582608695652174
0.36
0.3617391304347826
0.3634782608695652
0.3652173913043478
0.36695652173913046
0.36869565217391304
0.37043478260869567
0.37217391304347824
0.3739130434782609
0.37565217391304345
0.3773913043478261
0.3791304347826087
0.3808695652173913
0.3826086956521739
0.3843478260869565
0.38608695652173913
0.38782608695652177
0.38956521739130434
0.391304347826087
0.39304347826086955
0.3947826086956522
0.39652173913043476
0.3982608695652174
0.4
0.4017391304347826
0.40347826086956523
0.4052173913043478
0.40695652173913044
0.40869565217391307
0.41043478260869565
0.4121739130434783
0.41391304347826086
0.4156521739130435
0.41739130434782606
0.4191304347826087
0.42086956521739133
0.4226086956521739
0.42434782608695654
0.4260869565217391
0.42782608695652175
0.4295652173913043
0.43130434782608695
0.4330434782608696
0.43478260869565216
0.4365217391304348
0.43826086956521737
0.44
0.44173913043478263
0.4434782608695652
0.44521739130434784
0.4469565217391304
0.44869565217391305
0.4504347826086956
0.45217391304347826
0.4539130434782609
0.45565217391304347
0.4573913043478261
0.4591304347826087
0.4608695652173913
0.46260869565217394
0.4643478260869565
0.46608695652173915
0.4678260869565217
0.46956521739130436
0.47130434782608693
0.47304347826086957
0.4747826086956522
0.4765217391304348
0.4782608695652174
0.48
0.4817391304347826
0.4834782608695652
0.4852173913043478
0.48695652173913045
0.48869565217391303
0.49043478260869566
0.49217391304347824
0.49391304347826087
0.4956521739130435
0.4973913043478261
0.4991304347826087
0.5008695652173913
0.5026086956521739
0.5043478260869565
0.5060869565217392
0.5078260869565218
0.5095652173913043
0.5113043478260869
0.5130434782608696
0.5147826086956522
0.5165217391304348
0.5182608695652174
0.52
0.5217391304347826
0.5234782608695652
0.5252173913043479
0.5269565217391304
0.528695652173913
0.5304347826086957
0.5321739130434783
0.5339130434782609
0.5356521739130434
0.5373913043478261
0.5391304347826087
0.5408695652173913
0.542608695652174
0.5443478260869565
0.5460869565217391
0.5478260869565217
0.5495652173913044
1.0
1.0
1.0
1.0
1.0
1.0
1.0
1.0
1.0
1.0
1.0
1.0
1.0
1.0
1.0
1.0
1.0
1.0
1.0
1.0
1.0
1.0
1.0
1.0
1.0
1.0
0.17763157894736842
0.1830065359477124
0.18831168831168832
0.1935483870967742
0.1987179487179487
0.20382165605095542
0.2088607594936709
0.2138364779874214
0.21875
0.2236024844720497
0.22839506172839505
0.2331288343558282
0.23780487804878048
0.24242424242424243
0.2469879518072289
0.25149700598802394
0.25595238095238093
0.2603550295857988
0.2647058823529412
0.26900584795321636
0.27325581395348836
0.2774566473988439
0.28160919540229884
0.2857142857142857
0.2897727272727273
0.2937853107344633
0.29775280898876405
0.3016759776536313
0.3055555555555556
0.30939226519337015
0.3131868131868132
0.31693989071038253
0.32065217391304346
0.32432432432432434
0.14186046511627906
0.14385150812064965
0.14583333333333334
0.14780600461893764
0.1497695852534562
0.15172413793103448
0.1536697247706422
0.15560640732265446
0.15753424657534246
0.15945330296127563
0.16136363636363638
0.12521739130434784
0.12695652173913044
0.12869565217391304
0.13043478260869565
0.13217391304347825
0.13391304347826086
0.1356521739130435
0.1373913043478261
0.1391304347826087
0.1408695652173913
0.1426086956521739
0.1443478260869565
0.14608695652173914
0.14782608695652175
0.14956521739130435
0.15130434782608695
0.15304347826086956
0.15478260869565216
0.1565217391304348
0.1582608695652174
0.16
0.1617391304347826
0.1634782608695652
0.16521739130434782
0.16695652173913045
0.16869565217391305
0.17043478260869566
0.17217391304347826
0.17391304347826086
0.17565217391304347
0.17739130434782607
0.1791304347826087
0.1808695652173913
0.1826086956521739
0.18434782608695652
0.18608695652173912
0.18782608695652173
0.18956521739130436
0.19130434782608696
0.19304347826086957
0.19478260869565217
0.19652173913043477
0.19826086956521738
0.2
0.20173913043478262
0.20347826086956522
0.20521739130434782
0.20695652173913043
0.20869565217391303
0.21043478260869566
0.21217391304347827
0.21391304347826087
0.21565217391304348
0.21739130434782608
0.21913043478260869
0.22086956521739132
0.22260869565217392
0.22434782608695653
0.22608695652173913
0.22782608695652173
0.22956521739130434
0.23130434782608697
0.23304347826086957
0.23478260869565218
0.23652173913043478
0.2382608695652174
0.24
0.2417391304347826
0.24347826086956523
0.24521739130434783
0.24695652173913044
0.24869565217391304
0.25043478260869567
0.25217391304347825
0.2539130434782609
0.25565217391304346
0.2573913043478261
0.2591304347826087
0.2608695652173913
0.26260869565217393
0.2643478260869565
0.26608695652173914
0.2678260869565217
0.26956521739130435
0.271304347826087
0.27304347826086955
0.2747826086956522
0.27652173913043476
0.2782608695652174
0.28
0.2817391304347826
0.28347826086956524
0.2852173913043478
0.28695652173913044
0.288695652173913
0.29043478260869565
0.2921739130434783
0.29391304347826086
0.2956521739130435
0.29739130434782607
0.2991304347826087
0.3008695652173913
0.3026086956521739
0.30434782608695654
0.3060869565217391
0.30782608695652175
0.3095652173913043
0.31130434782608696
0.3130434782608696
0.31478260869565217
0.3165217391304348
0.3182608695652174
0.32
0.3217391304347826
0.3234782608695652
0.32521739130434785
0.3269565217391304
0.32869565217391306
0.33043478260869563
0.33217391304347826
0.3339130434782609
0.3356521739130435
0.3373913043478261
1.0
1.0
1.0
1.0
1.0
1.0
1.0
1.0
1.0
1.0
1.0
1.0
1.0
1.0
1.0
1.0
1.0
1.0
1.0
1.0
1.0
1.0
1.0
1.0
1.0
1.0
0.17763157894736842
0.1830065359477124
0.18831168831168832
0.1935483870967742
0.1987179487179487
0.20382165605095542
0.2088607594936709
0.2138364779874214
0.21875
0.2236024844720497
0.22839506172839505
0.2331288343558282
0.23780487804878048
0.24242424242424243
0.2469879518072289
0.25149700598802394
0.25595238095238093
0.2603550295857988
0.2647058823529412
0.26900584795321636
0.27325581395348836
0.2774566473988439
0.28160919540229884
0.2857142857142857
0.2897727272727273
0.2937853107344633
0.29775280898876405
0.3016759776536313
0.3055555555555556
0.30939226519337015
0.3131868131868132
0.31693989071038253
0.32065217391304346
0.32432432432432434
0.14186046511627906
0.14385150812064965
0.14583333333333334
0.14780600461893764
0.1497695852534562
0.15172413793103448
0.1536697247706422
0.15560640732265446
0.15753424657534246
0.15945330296127563
0.16136363636363638
0.12521739130434784
0.12695652173913044
0.12869565217391304
0.13043478260869565
0.13217391304347825
0.13391304347826086
0.1356521739130435
0.1373913043478261
0.1391304347826087
0.1408695652173913
0.1426086956521739
0.1443478260869565
0.14608695652173914
0.14782608695652175
0.14956521739130435
0.15130434782608695
0.15304347826086956
0.15478260869565216
0.1565217391304348
0.1582608695652174
0.16
0.1617391304347826
0.1634782608695652
0.16521739130434782
0.16695652173913045
0.16869565217391305
0.17043478260869566
0.17217391304347826
0.17391304347826086
0.17565217391304347
0.17739130434782607
0.1791304347826087
0.1808695652173913
0.1826086956521739
0.18434782608695652
0.18608695652173912
0.18782608695652173
0.18956521739130436
0.19130434782608696
0.19304347826086957
0.19478260869565217
0.19652173913043477
0.19826086956521738
0.2
0.20173913043478262
0.20347826086956522
0.20521739130434782
0.20695652173913043
0.20869565217391303
0.21043478260869566
0.21217391304347827
0.21391304347826087
0.21565217391304348
0.21739130434782608
0.21913043478260869
0.22086956521739132
0.22260869565217392
0.22434782608695653
0.22608695652173913
0.22782608695652173
0.22956521739130434
0.23130434782608697
0.23304347826086957
0.23478260869565218
0.23652173913043478
0.2382608695652174
0.24
0.2417391304347826
0.24347826086956523
0.24521739130434783
0.24695652173913044
0.24869565217391304
0.25043478260869567
0.25217391304347825
0.2539130434782609
0.25565217391304346
0.2573913043478261
0.2591304347826087
0.2608695652173913
0.26260869565217393
0.2643478260869565
0.26608695652173914
0.2678260869565217
0.26956521739130435
0.271304347826087
0.27304347826086955
0.2747826086956522
0.27652173913043476
0.2782608695652174
0.28
0.2817391304347826
0.28347826086956524
0.2852173913043478
0.28695652173913044
0.288695652173913
0.29043478260869565
0.2921739130434783
0.29391304347826086
0.2956521739130435
0.29739130434782607
0.2991304347826087
0.3008695652173913
0.3026086956521739
0.30434782608695654
0.3060869565217391
0.30782608695652175
0.3095652173913043
0.31130434782608696
0.3130434782608696
0.31478260869565217
0.3165217391304348
0.3182608695652174
0.32
0.3217391304347826
0.3234782608695652
0.32521739130434785
0.3269565217391304
0.32869565217391306
0.33043478260869563
0.33217391304347826
0.3339130434782609
0.3356521739130435
0.3373913043478261
0.3391304347826087
0.3408695652173913
0.3426086956521739
0.3443478260869565
0.34608695652173915
0.34782608695652173
0.34956521739130436
0.35130434782608694
0.35304347826086957
0.35478260869565215
0.3565217391304348
0.3582608695652174
0.36
0.3617391304347826
0.3634782608695652
0.3652173913043478
0.36695652173913046
0.36869565217391304
0.37043478260869567
0.37217391304347824
0.3739130434782609
0.37565217391304345
0.3773913043478261
0.3791304347826087
0.3808695652173913
0.3826086956521739
0.3843478260869565
0.38608695652173913
0.38782608695652177
0.38956521739130434
0.391304347826087
0.39304347826086955
0.3947826086956522
0.39652173913043476
0.3982608695652174
0.4
0.4017391304347826
0.40347826086956523
0.4052173913043478
0.40695652173913044
0.40869565217391307
0.41043478260869565
0.4121739130434783
0.41391304347826086
0.4156521739130435
0.41739130434782606
0.4191304347826087
0.42086956521739133
0.4226086956521739
0.42434782608695654
0.4260869565217391
0.42782608695652175
0.4295652173913043
0.43130434782608695
0.4330434782608696
0.43478260869565216
0.4365217391304348
0.43826086956521737
0.44
0.44173913043478263
0.4434782608695652
0.44521739130434784
0.4469565217391304
0.44869565217391305
0.4504347826086956
0.45217391304347826
0.4539130434782609
0.45565217391304347
0.4573913043478261
0.4591304347826087
0.4608695652173913
0.46260869565217394
0.4643478260869565
0.46608695652173915
0.4678260869565217
0.46956521739130436
0.47130434782608693
0.47304347826086957
0.4747826086956522
0.4765217391304348
0.4782608695652174
0.48
0.4817391304347826
0.4834782608695652
0.4852173913043478
0.48695652173913045
0.48869565217391303
0.49043478260869566
0.49217391304347824
0.49391304347826087
0.4956521739130435
0.4973913043478261
0.4991304347826087
0.5008695652173913
0.5026086956521739
0.5043478260869565
0.5060869565217392
0.5078260869565218
0.5095652173913043
0.5113043478260869
0.5130434782608696
0.5147826086956522
0.5165217391304348
0.5182608695652174
0.52
0.5217391304347826
0.5234782608695652
0.5252173913043479
0.5269565217391304
0.528695652173913
0.5304347826086957
0.5321739130434783
0.5339130434782609
0.5356521739130434
0.5373913043478261
0.5391304347826087
0.5408695652173913
0.542608695652174
0.5443478260869565
0.5460869565217391
0.5478260869565217
0.5495652173913044
1.0
1.0
1.0
1.0
1.0
1.0
1.0
1.0
1.0
1.0
1.0
1.0
1.0
1.0
1.0
1.0
1.0
1.0
1.0
1.0
1.0
1.0
1.0
1.0
1.0
1.0
0.17763157894736842
0.1830065359477124
0.18831168831168832
0.1935483870967742
0.1987179487179487
0.20382165605095542
0.2088607594936709
0.2138364779874214
0.21875
0.2236024844720497
0.22839506172839505
0.2331288343558282
0.23780487804878048
0.24242424242424243
0.2469879518072289
0.25149700598802394
0.25595238095238093
0.2603550295857988
0.2647058823529412
0.26900584795321636
0.27325581395348836
0.2774566473988439
0.28160919540229884
0.2857142857142857
0.2897727272727273
0.2937853107344633
0.29775280898876405
0.3016759776536313
0.3055555555555556
0.30939226519337015
0.3131868131868132
0.31693989071038253
0.32065217391304346
0.32432432432432434
0.14186046511627906
0.14385150812064965
0.14583333333333334
0.14780600461893764
0.1497695852534562
0.15172413793103448
0.1536697247706422
0.15560640732265446
0.15753424657534246
0.15945330296127563
0.16136363636363638
0.12521739130434784
0.12695652173913044
0.12869565217391304
0.13043478260869565
0.13217391304347825
0.13391304347826086
0.1356521739130435
0.1373913043478261
0.1391304347826087
0.1408695652173913
0.1426086956521739
0.1443478260869565
0.14608695652173914
0.14782608695652175
0.14956521739130435
0.15130434782608695
0.15304347826086956
0.15478260869565216
0.1565217391304348
0.1582608695652174
0.16
0.1617391304347826
0.1634782608695652
0.16521739130434782
0.16695652173913045
0.16869565217391305
0.17043478260869566
0.17217391304347826
0.17391304347826086
0.17565217391304347
0.17739130434782607
0.1791304347826087
0.1808695652173913
0.1826086956521739
0.18434782608695652
0.18608695652173912
0.18782608695652173
0.18956521739130436
0.19130434782608696
0.19304347826086957
0.19478260869565217
0.19652173913043477
0.19826086956521738
0.2
0.20173913043478262
0.20347826086956522
0.20521739130434782
0.20695652173913043
0.20869565217391303
0.21043478260869566
0.21217391304347827
0.21391304347826087
0.21565217391304348
0.21739130434782608
0.21913043478260869
0.22086956521739132
0.22260869565217392
0.22434782608695653
0.22608695652173913
0.22782608695652173
0.22956521739130434
0.23130434782608697
0.23304347826086957
0.23478260869565218
0.23652173913043478
0.2382608695652174
0.24
0.2417391304347826
0.24347826086956523
0.24521739130434783
0.24695652173913044
0.24869565217391304
0.25043478260869567
0.25217391304347825
0.2539130434782609
0.25565217391304346
0.2573913043478261
0.2591304347826087
0.2608695652173913
0.26260869565217393
0.2643478260869565
0.26608695652173914
0.2678260869565217
0.26956521739130435
0.271304347826087
0.27304347826086955
0.2747826086956522
0.27652173913043476
0.2782608695652174
0.28
0.2817391304347826
0.28347826086956524
0.2852173913043478
0.28695652173913044
0.288695652173913
0.29043478260869565
0.2921739130434783
0.29391304347826086
0.2956521739130435
0.29739130434782607
0.2991304347826087
0.3008695652173913
0.3026086956521739
0.30434782608695654
0.3060869565217391
0.30782608695652175
0.3095652173913043
0.31130434782608696
0.3130434782608696
0.31478260869565217
0.3165217391304348
0.3182608695652174
0.32
0.3217391304347826
0.3234782608695652
0.32521739130434785
0.3269565217391304
0.32869565217391306
0.33043478260869563
0.33217391304347826
0.3339130434782609
0.3356521739130435
0.3373913043478261
0.3391304347826087
0.3408695652173913
0.3426086956521739
0.3443478260869565
0.34608695652173915
0.34782608695652173
0.34956521739130436
0.35130434782608694
0.35304347826086957
0.35478260869565215
0.3565217391304348
0.3582608695652174
0.36
0.3617391304347826
0.3634782608695652
0.3652173913043478
0.36695652173913046
0.36869565217391304
0.37043478260869567
0.37217391304347824
0.3739130434782609
0.37565217391304345
0.3773913043478261
0.3791304347826087
0.3808695652173913
0.3826086956521739
0.3843478260869565
0.38608695652173913
0.38782608695652177
0.38956521739130434
0.391304347826087
0.39304347826086955
0.3947826086956522
0.39652173913043476
0.3982608695652174
0.4
0.4017391304347826
0.40347826086956523
0.4052173913043478
0.40695652173913044
0.40869565217391307
0.41043478260869565
0.4121739130434783
0.41391304347826086
0.4156521739130435
0.41739130434782606
0.4191304347826087
0.42086956521739133
0.4226086956521739
0.42434782608695654
0.4260869565217391
0.42782608695652175
0.4295652173913043
0.43130434782608695
0.4330434782608696
0.43478260869565216
0.4365217391304348
0.43826086956521737
0.44
0.44173913043478263
0.4434782608695652
0.44521739130434784
0.4469565217391304
0.44869565217391305
0.4504347826086956
0.45217391304347826
0.4539130434782609
0.45565217391304347
0.4573913043478261
0.4591304347826087
0.4608695652173913
0.46260869565217394
0.4643478260869565
0.46608695652173915
0.4678260869565217
0.46956521739130436
0.47130434782608693
0.47304347826086957
0.4747826086956522
0.4765217391304348
0.4782608695652174
0.48
0.4817391304347826
0.4834782608695652
0.4852173913043478
0.48695652173913045
0.48869565217391303
0.49043478260869566
0.49217391304347824
0.49391304347826087
0.4956521739130435
0.4973913043478261
0.4991304347826087
0.5008695652173913
0.5026086956521739
0.5043478260869565
0.5060869565217392
0.5078260869565218
0.5095652173913043
0.5113043478260869
0.5130434782608696
0.5147826086956522
0.5165217391304348
0.5182608695652174
0.52
0.5217391304347826
0.5234782608695652
0.5252173913043479
0.5269565217391304
0.528695652173913
0.5304347826086957
0.5321739130434783
0.5339130434782609
0.5356521739130434
0.5373913043478261
0.5391304347826087
0.5408695652173913
0.542608695652174
0.5443478260869565
0.5460869565217391
0.5478260869565217
0.5495652173913044
