1.0
1.0
1.0
1.0
1.0
1.0
1.0
1.0
1.0
1.0
1.0
1.0
1.0
1.0
1.0
1.0
1.0
1.0
1.0
0.29411764705882354
0.3088235294117647
0.3235294117647059
0.3382352941176471
0.35294117647058826
0.36764705882352944
0.38235294117647056
0.39705882352941174
0.4117647058823529
0.4264705882352941
0.4411764705882353
0.45588235294117646
0.47058823529411764
0.4852941176470588
0.5
0.5147058823529411
0.5294117647058824
0.5441176470588235
0.5588235294117647
0.5735294117647058
0.5882352941176471
0.6029411764705882
0.6176470588235294
0.6323529411764706
0.6470588235294118
0.6617647058823529
0.6764705882352942
0.6911764705882353
0.7058823529411765
0.7205882352941176
0.7352941176470589
0.75
0.7647058823529411
0.7794117647058824
0.782608695652174
0.7857142857142857
0.7887323943661971
0.7916666666666666
0.7945205479452054
0.7972972972972973
0.8
0.8133333333333334
1.0
1.0
1.0
1.0
1.0
1.0
1.0
1.0
1.0
1.0
1.0
1.0
1.0
1.0
1.0
1.0
1.0
1.0
1.0
0.29411764705882354
0.3088235294117647
0.3235294117647059
0.3382352941176471
0.35294117647058826
0.36764705882352944
0.38235294117647056
0.39705882352941174
0.4117647058823529
0.4264705882352941
0.4411764705882353
0.45588235294117646
0.47058823529411764
0.4852941176470588
0.5
0.5147058823529411
0.5294117647058824
0.5441176470588235
0.5588235294117647
0.5735294117647058
0.5882352941176471
0.6029411764705882
0.6176470588235294
0.6323529411764706
0.6470588235294118
0.6617647058823529
0.6764705882352942
0.6911764705882353
0.7058823529411765
0.7205882352941176
0.7352941176470589
0.75
0.7647058823529411
0.7794117647058824
0.782608695652174
0.7857142857142857
0.7887323943661971
0.7916666666666666
0.7945205479452054
0.7972972972972973
0.8
0.8133333333333334
1.0
1.0
1.0
1.0
1.0
1.0
1.0
1.0
1.0
1.0
1.0
1.0
1.0
1.0
1.0
1.0
1.0
1.0
1.0
1.0
1.0
1.0
1.0
1.0
1.0
1.0
1.0
1.0
1.0
1.0
1.0
1.0
1.0
1.0
1.0
1.0
1.0
1.0
0.29411764705882354
0.3088235294117647
0.3235294117647059
0.3382352941176471
0.35294117647058826
0.36764705882352944
0.38235294117647056
0.39705882352941174
0.4117647058823529
0.4264705882352941
0.4411764705882353
0.45588235294117646
0.47058823529411764
0.4852941176470588
0.5
0.5147058823529411
0.5294117647058824
0.5441176470588235
0.5588235294117647
0.5735294117647058
0.5882352941176471
0.6029411764705882
0.6176470588235294
0.6323529411764706
0.6470588235294118
0.6617647058823529
0.6764705882352942
0.6911764705882353
0.7058823529411765
0.7205882352941176
0.7352941176470589
0.75
0.7647058823529411
0.7794117647058824
0.782608695652174
0.7857142857142857
0.7887323943661971
0.7916666666666666
0.7945205479452054
0.7972972972972973
0.8
0.8133333333333334
1.0
1.0
1.0
1.0
1.0
1.0
1.0
1.0
1.0
1.0
1.0
1.0
1.0
1.0
1.0
1.0
1.0
1.0
1.0
0.29411764705882354
0.3088235294117647
0.3235294117647059
0.3382352941176471
0.35294117647058826
0.36764705882352944
0.38235294117647056
0.39705882352941174
0.4117647058823529
0.4264705882352941
0.4411764705882353
0.45588235294117646
0.47058823529411764
0.4852941176470588
0.5
0.5147058823529411
0.5294117647058824
0.5441176470588235
0.5588235294117647
0.5735294117647058
0.5882352941176471
0.6029411764705882
0.6176470588235294
0.6323529411764706
0.6470588235294118
0.6617647058823529
0.6764705882352942
0.6911764705882353
0.7058823529411765
0.7205882352941176
0.7352941176470589
0.75
0.7647058823529411
0.7794117647058824
0.782608695652174
0.7857142857142857
0.7887323943661971
0.7916666666666666
0.7945205479452054
0.7972972972972973
0.8
0.8133333333333334
1.0
1.0
1.0
1.0
1.0
1.0
1.0
1.0
1.0
1.0
1.0
1.0
1.0
1.0
1.0
1.0
1.0
1.0
1.0
0.29411764705882354
0.3088235294117647
0.3235294117647059
0.3382352941176471
0.35294117647058826
0.36764705882352944
0.38235294117647056
0.39705882352941174
0.4117647058823529
0.4264705882352941
0.4411764705882353
0.45588235294117646
0.47058823529411764
0.4852941176470588
0.5
0.5147058823529411
0.5294117647058824
0.5441176470588235
0.5588235294117647
0.5735294117647058
0.5882352941176471
0.6029411764705882
0.6176470588235294
0.6323529411764706
0.6470588235294118
0.6617647058823529
0.6764705882352942
0.6911764705882353
0.7058823529411765
0.7205882352941176
0.7352941176470589
0.75
0.7647058823529411
0.7794117647058824
0.782608695652174
0.7857142857142857
0.7887323943661971
0.7916666666666666
0.7945205479452054
0.7972972972972973
0.8
0.8133333333333334
1.0
1.0
1.0
1.0
1.0
1.0
1.0
1.0
1.0
1.0
1.0
1.0
1.0
1.0
1.0
1.0
1.0
1.0
1.0
0.29411764705882354
0.3088235294117647
0.3235294117647059
0.3382352941176471
0.35294117647058826
0.36764705882352944
0.38235294117647056
0.39705882352941174
0.4117647058823529
0.4264705882352941
0.4411764705882353
0.45588235294117646
0.47058823529411764
0.4852941176470588
0.5
0.5147058823529411
0.5294117647058824
0.5441176470588235
0.5588235294117647
0.5735294117647058
0.5882352941176471
0.6029411764705882
0.6176470588235294
0.6323529411764706
0.6470588235294118
0.6617647058823529
0.6764705882352942
0.6911764705882353
0.7058823529411765
0.7205882352941176
0.7352941176470589
0.75
0.7647058823529411
0.7794117647058824
0.782608695652174
0.7857142857142857
0.7887323943661971
0.7916666666666666
0.7945205479452054
0.7972972972972973
0.8
0.8133333333333334
