|checker| success id$0$color:green$: 
==========================
$FilePath$/home/tiago/empirical-jsvuln-tools-study/framework/src/packages/CWE-94/1156/package/index.js
Line 358	App.prototype.mwSendStatic = function mwSendStatic(req, res, cb) {
	const logPrefix = req.logPrefix + 'mwSendStatic() - ';
	const that = this;

	if (req.finished) return cb();

	if (req.routed.staticFullPath) {
		const sendStream = send(req, req.routed.staticFullPath, {index: false});

		req.finished = true;

		that.log.debug(logPrefix + 'Static file found, streaming');

		sendStream.pipe(res);

		sendStream.on('error', function (err) {
			that.log.warn(logPrefix + 'error sending static file to client. err: ' + err.message);

			return cb(err);
		});

		sendStream.on('end', cb);
	} else {
		return cb();
	}
};
$FilePath$/home/tiago/empirical-jsvuln-tools-study/framework/src/packages/CWE-94/1156/package/index.js
Line 371			sendStream.pipe(res);

|checker| success id$0$color:green$: 
==========================
$FilePath$/home/tiago/empirical-jsvuln-tools-study/framework/src/packages/CWE-94/1156/package/index.js
Line 358	App.prototype.mwSendStatic = function mwSendStatic(req, res, cb) {
	const logPrefix = req.logPrefix + 'mwSendStatic() - ';
	const that = this;

	if (req.finished) return cb();

	if (req.routed.staticFullPath) {
		const sendStream = send(req, req.routed.staticFullPath, {index: false});

		req.finished = true;

		that.log.debug(logPrefix + 'Static file found, streaming');

		sendStream.pipe(res);

		sendStream.on('error', function (err) {
			that.log.warn(logPrefix + 'error sending static file to client. err: ' + err.message);

			return cb(err);
		});

		sendStream.on('end', cb);
	} else {
		return cb();
	}
};
$FilePath$/home/tiago/empirical-jsvuln-tools-study/framework/src/packages/CWE-94/1156/package/index.js
Line 371			sendStream.pipe(res);

|checker| success id$0$color:green$: 
==========================
$FilePath$/home/tiago/empirical-jsvuln-tools-study/framework/src/packages/CWE-94/1156/package/index.js
Line 358	App.prototype.mwSendStatic = function mwSendStatic(req, res, cb) {
	const logPrefix = req.logPrefix + 'mwSendStatic() - ';
	const that = this;

	if (req.finished) return cb();

	if (req.routed.staticFullPath) {
		const sendStream = send(req, req.routed.staticFullPath, {index: false});

		req.finished = true;

		that.log.debug(logPrefix + 'Static file found, streaming');

		sendStream.pipe(res);

		sendStream.on('error', function (err) {
			that.log.warn(logPrefix + 'error sending static file to client. err: ' + err.message);

			return cb(err);
		});

		sendStream.on('end', cb);
	} else {
		return cb();
	}
};
$FilePath$/home/tiago/empirical-jsvuln-tools-study/framework/src/packages/CWE-94/1156/package/index.js
Line 371			sendStream.pipe(res);

