1.0
1.0
1.0
1.0
1.0
1.0
1.0
1.0
1.0
1.0
1.0
1.0
1.0
1.0
1.0
1.0
1.0
1.0
1.0
1.0
1.0
1.0
1.0
1.0
1.0
1.0
1.0
1.0
1.0
1.0
1.0
1.0
1.0
1.0
1.0
1.0
1.0
1.0
1.0
1.0
1.0
1.0
1.0
1.0
1.0
1.0
1.0
1.0
1.0
1.0
1.0
1.0
1.0
1.0
1.0
1.0
1.0
1.0
1.0
1.0
1.0
1.0
1.0
0.8888888888888888
0.9027777777777778
0.9041095890410958
0.9054054054054054
0.9066666666666666
0.9078947368421053
0.9090909090909091
0.9102564102564102
0.9113924050632911
0.9125
0.9135802469135802
0.9146341463414634
0.9156626506024096
0.9166666666666666
0.9285714285714286
0.9294117647058824
0.9302325581395349
0.9310344827586207
0.9318181818181818
0.9325842696629213
0.9333333333333333
0.9340659340659341
0.9347826086956522
0.9354838709677419
0.9361702127659575
0.9368421052631579
0.9375
0.9381443298969072
0.9387755102040817
0.9393939393939394
0.94
0.9405940594059405
0.9411764705882353
0.941747572815534
0.9423076923076923
0.9428571428571428
0.9433962264150944
0.9439252336448598
0.9444444444444444
0.944954128440367
0.9454545454545454
0.9459459459459459
0.9464285714285714
0.9469026548672567
0.9473684210526315
0.9478260869565217
0.9482758620689655
0.9487179487179487
0.9491525423728814
0.9495798319327731
0.95
0.9504132231404959
0.9508196721311475
0.9512195121951219
0.9516129032258065
0.952
0.9523809523809523
0.952755905511811
0.953125
0.9534883720930233
0.9538461538461539
0.9541984732824428
0.9545454545454546
0.9548872180451128
0.9552238805970149
0.9555555555555556
0.9558823529411765
0.9562043795620438
0.9565217391304348
0.9568345323741008
0.9571428571428572
0.9574468085106383
0.9577464788732394
0.958041958041958
0.965034965034965
0.972027972027972
0.9790209790209791
0.986013986013986
0.993006993006993
1.0
0.993103448275862
1.0
1.0
1.0
1.0
1.0
1.0
1.0
1.0
1.0
1.0
1.0
1.0
1.0
1.0
1.0
1.0
1.0
1.0
1.0
1.0
1.0
1.0
1.0
1.0
1.0
1.0
1.0
1.0
1.0
1.0
1.0
1.0
1.0
1.0
1.0
0.9722222222222222
0.972972972972973
0.9736842105263158
0.9743589743589743
0.975
0.975609756097561
0.9761904761904762
0.9767441860465116
0.9772727272727273
0.9777777777777777
0.9782608695652174
0.9787234042553191
0.9791666666666666
0.9795918367346939
0.98
0.9803921568627451
0.9807692307692307
0.9811320754716981
0.9814814814814815
0.9818181818181818
0.9821428571428571
0.9824561403508771
0.9827586206896551
0.9830508474576272
0.9833333333333333
0.9836065573770492
0.9838709677419355
0.9841269841269841
0.984375
0.9846153846153847
0.9848484848484849
0.9850746268656716
1.0
1.0
1.0
1.0
1.0
1.0
1.0
1.0
1.0
1.0
1.0
1.0
1.0
1.0
1.0
1.0
1.0
1.0
1.0
1.0
1.0
1.0
1.0
1.0
1.0
1.0
1.0
1.0
1.0
1.0
1.0
1.0
1.0
1.0
1.0
1.0
1.0
1.0
1.0
1.0
1.0
1.0
1.0
1.0
1.0
1.0
1.0
1.0
1.0
1.0
1.0
1.0
1.0
1.0
1.0
1.0
1.0
1.0
1.0
1.0
1.0
1.0
1.0
1.0
1.0
1.0
1.0
1.0
1.0
1.0
1.0
1.0
1.0
1.0
1.0
1.0
1.0
1.0
1.0
1.0
1.0
1.0
1.0
1.0
1.0
1.0
1.0
0.5925925925925926
0.6018518518518519
0.6111111111111112
0.6203703703703703
0.6296296296296297
0.6388888888888888
0.6481481481481481
0.6574074074074074
0.6666666666666666
0.6759259259259259
0.6851851851851852
0.6944444444444444
0.7037037037037037
0.7129629629629629
0.7222222222222222
0.7314814814814815
0.7407407407407407
0.75
0.7592592592592593
0.7685185185185185
0.7777777777777778
0.7870370370370371
0.7962962962962963
0.8055555555555556
0.8148148148148148
0.8240740740740741
0.8333333333333334
0.8425925925925926
0.8518518518518519
0.8611111111111112
0.8703703703703703
0.8715596330275229
0.8727272727272727
0.8738738738738738
0.875
0.8761061946902655
0.8771929824561403
0.8782608695652174
0.8793103448275862
0.8803418803418803
0.8888888888888888
0.8974358974358975
0.905982905982906
0.9145299145299145
0.9230769230769231
0.9316239316239316
0.9401709401709402
0.9487179487179487
0.9572649572649573
0.9658119658119658
0.9743589743589743
0.9829059829059829
0.9914529914529915
1.0
0.9365079365079365
0.9444444444444444
0.9448818897637795
0.9453125
0.9457364341085271
0.9461538461538461
0.9465648854961832
0.946969696969697
0.9473684210526315
0.9477611940298507
0.9481481481481482
0.9485294117647058
0.948905109489051
0.9492753623188406
0.9565217391304348
0.9568345323741008
0.9571428571428572
0.9574468085106383
0.9577464788732394
0.958041958041958
0.965034965034965
0.972027972027972
0.9790209790209791
0.986013986013986
0.993006993006993
1.0
0.993103448275862
1.0
1.0
1.0
1.0
1.0
1.0
1.0
1.0
1.0
1.0
1.0
1.0
1.0
1.0
1.0
1.0
1.0
1.0
1.0
1.0
1.0
1.0
1.0
1.0
1.0
1.0
1.0
1.0
1.0
1.0
1.0
1.0
1.0
1.0
1.0
0.9722222222222222
0.972972972972973
0.9736842105263158
0.9743589743589743
0.975
0.975609756097561
0.9761904761904762
0.9767441860465116
0.9772727272727273
0.9777777777777777
0.9782608695652174
0.9787234042553191
0.9791666666666666
0.9795918367346939
0.98
0.9803921568627451
0.9807692307692307
0.9811320754716981
0.9814814814814815
0.9818181818181818
0.9821428571428571
0.9824561403508771
0.9827586206896551
0.9830508474576272
0.9833333333333333
0.9836065573770492
0.9838709677419355
0.9841269841269841
0.984375
0.9846153846153847
0.9848484848484849
0.9850746268656716
1.0
1.0
1.0
1.0
1.0
1.0
1.0
1.0
1.0
1.0
1.0
1.0
1.0
1.0
1.0
1.0
1.0
1.0
1.0
1.0
1.0
1.0
1.0
1.0
1.0
1.0
1.0
1.0
1.0
1.0
1.0
1.0
1.0
1.0
1.0
1.0
1.0
1.0
1.0
1.0
1.0
1.0
1.0
1.0
1.0
1.0
1.0
1.0
1.0
1.0
1.0
1.0
1.0
1.0
1.0
1.0
1.0
1.0
1.0
1.0
1.0
1.0
1.0
1.0
1.0
1.0
1.0
1.0
1.0
1.0
1.0
1.0
1.0
1.0
1.0
1.0
1.0
1.0
1.0
1.0
1.0
1.0
1.0
1.0
1.0
1.0
1.0
1.0
1.0
1.0
1.0
1.0
1.0
1.0
1.0
1.0
1.0
1.0
1.0
1.0
1.0
1.0
1.0
1.0
1.0
1.0
1.0
1.0
1.0
1.0
1.0
1.0
1.0
1.0
1.0
1.0
1.0
1.0
1.0
1.0
1.0
1.0
1.0
1.0
1.0
1.0
1.0
1.0
1.0
1.0
1.0
1.0
1.0
1.0
1.0
1.0
1.0
1.0
1.0
1.0
1.0
0.5925925925925926
0.6018518518518519
0.6111111111111112
0.6203703703703703
0.6296296296296297
0.6388888888888888
0.6481481481481481
0.6574074074074074
0.6666666666666666
0.6759259259259259
0.6851851851851852
0.6944444444444444
0.7037037037037037
0.7129629629629629
0.7222222222222222
0.7314814814814815
0.7407407407407407
0.75
0.7592592592592593
0.7685185185185185
0.7777777777777778
0.7870370370370371
0.7962962962962963
0.8055555555555556
0.8148148148148148
0.8240740740740741
0.8333333333333334
0.8425925925925926
0.8518518518518519
0.8611111111111112
0.8703703703703703
0.8715596330275229
0.8727272727272727
0.8738738738738738
0.875
0.8761061946902655
0.8771929824561403
0.8782608695652174
0.8793103448275862
0.8803418803418803
0.8888888888888888
0.8974358974358975
0.905982905982906
0.9145299145299145
0.9230769230769231
0.9316239316239316
0.9401709401709402
0.9487179487179487
0.9572649572649573
0.9658119658119658
0.9743589743589743
0.9829059829059829
0.9914529914529915
1.0
0.9365079365079365
0.9444444444444444
0.9448818897637795
0.9453125
0.9457364341085271
0.9461538461538461
0.9465648854961832
0.946969696969697
0.9473684210526315
0.9477611940298507
0.9481481481481482
0.9485294117647058
0.948905109489051
0.9492753623188406
0.9565217391304348
0.9568345323741008
0.9571428571428572
0.9574468085106383
0.9577464788732394
0.958041958041958
0.965034965034965
0.972027972027972
0.9790209790209791
0.986013986013986
0.993006993006993
1.0
0.993103448275862
1.0
1.0
1.0
1.0
1.0
1.0
1.0
1.0
1.0
1.0
1.0
1.0
1.0
1.0
1.0
1.0
1.0
1.0
1.0
1.0
1.0
1.0
1.0
1.0
1.0
1.0
1.0
1.0
1.0
1.0
1.0
1.0
1.0
1.0
1.0
1.0
1.0
1.0
1.0
1.0
1.0
1.0
1.0
1.0
1.0
1.0
1.0
1.0
1.0
1.0
1.0
1.0
1.0
1.0
1.0
1.0
1.0
1.0
1.0
1.0
1.0
1.0
1.0
1.0
1.0
1.0
1.0
1.0
1.0
1.0
1.0
1.0
1.0
1.0
1.0
1.0
1.0
1.0
1.0
1.0
1.0
1.0
1.0
1.0
1.0
1.0
1.0
1.0
1.0
1.0
1.0
1.0
1.0
1.0
1.0
1.0
1.0
1.0
1.0
1.0
1.0
1.0
1.0
1.0
1.0
1.0
1.0
1.0
1.0
1.0
1.0
1.0
1.0
1.0
1.0
1.0
1.0
1.0
1.0
1.0
1.0
1.0
1.0
1.0
1.0
0.9722222222222222
0.972972972972973
0.9736842105263158
0.9743589743589743
0.975
0.975609756097561
0.9761904761904762
0.9767441860465116
0.9772727272727273
0.9777777777777777
0.9782608695652174
0.9787234042553191
0.9791666666666666
0.9795918367346939
0.98
0.9803921568627451
0.9807692307692307
0.9811320754716981
0.9814814814814815
0.9818181818181818
0.9821428571428571
0.9824561403508771
0.9827586206896551
0.9830508474576272
0.9833333333333333
0.9836065573770492
0.9838709677419355
0.9841269841269841
0.984375
0.9846153846153847
0.9848484848484849
0.9850746268656716
1.0
1.0
1.0
1.0
1.0
1.0
1.0
1.0
1.0
1.0
1.0
1.0
1.0
1.0
1.0
1.0
1.0
1.0
1.0
1.0
1.0
1.0
1.0
1.0
1.0
1.0
1.0
1.0
1.0
1.0
1.0
1.0
1.0
1.0
1.0
1.0
1.0
1.0
1.0
1.0
1.0
1.0
1.0
1.0
1.0
1.0
1.0
1.0
1.0
1.0
1.0
1.0
1.0
1.0
1.0
1.0
1.0
1.0
1.0
1.0
1.0
1.0
1.0
1.0
1.0
1.0
1.0
1.0
1.0
1.0
1.0
1.0
1.0
1.0
1.0
1.0
1.0
1.0
1.0
1.0
1.0
1.0
1.0
1.0
1.0
1.0
1.0
0.5925925925925926
0.6018518518518519
0.6111111111111112
0.6203703703703703
0.6296296296296297
0.6388888888888888
0.6481481481481481
0.6574074074074074
0.6666666666666666
0.6759259259259259
0.6851851851851852
0.6944444444444444
0.7037037037037037
0.7129629629629629
0.7222222222222222
0.7314814814814815
0.7407407407407407
0.75
0.7592592592592593
0.7685185185185185
0.7777777777777778
0.7870370370370371
0.7962962962962963
0.8055555555555556
0.8148148148148148
0.8240740740740741
0.8333333333333334
0.8425925925925926
0.8518518518518519
0.8611111111111112
0.8703703703703703
0.8715596330275229
0.8727272727272727
0.8738738738738738
0.875
0.8761061946902655
0.8771929824561403
0.8782608695652174
0.8793103448275862
0.8803418803418803
0.8888888888888888
0.8974358974358975
0.905982905982906
0.9145299145299145
0.9230769230769231
0.9316239316239316
0.9401709401709402
1.0
1.0
1.0
1.0
1.0
1.0
1.0
1.0
1.0
1.0
1.0
1.0
1.0
1.0
1.0
1.0
1.0
1.0
1.0
1.0
1.0
1.0
1.0
1.0
1.0
1.0
1.0
1.0
1.0
1.0
1.0
1.0
1.0
1.0
0.9722222222222222
0.972972972972973
0.9736842105263158
0.9743589743589743
0.975
0.975609756097561
0.9761904761904762
0.9767441860465116
0.9772727272727273
0.9777777777777777
0.9782608695652174
0.9787234042553191
0.9791666666666666
0.9795918367346939
0.98
0.9803921568627451
0.9807692307692307
0.9811320754716981
0.9814814814814815
0.9818181818181818
0.9821428571428571
0.9824561403508771
0.9827586206896551
0.9830508474576272
0.9833333333333333
0.9836065573770492
0.9838709677419355
0.9841269841269841
0.984375
0.9846153846153847
0.9848484848484849
0.9850746268656716
1.0
1.0
1.0
1.0
1.0
1.0
1.0
1.0
1.0
1.0
1.0
1.0
1.0
1.0
1.0
1.0
1.0
1.0
1.0
1.0
1.0
1.0
1.0
1.0
1.0
1.0
1.0
1.0
1.0
1.0
1.0
1.0
1.0
1.0
1.0
1.0
1.0
1.0
1.0
1.0
1.0
1.0
1.0
1.0
1.0
1.0
1.0
1.0
1.0
1.0
1.0
1.0
1.0
1.0
1.0
1.0
1.0
1.0
1.0
1.0
1.0
1.0
1.0
1.0
1.0
1.0
1.0
1.0
1.0
1.0
1.0
1.0
1.0
1.0
1.0
1.0
1.0
1.0
1.0
1.0
1.0
1.0
1.0
1.0
1.0
1.0
1.0
1.0
1.0
1.0
1.0
1.0
1.0
1.0
1.0
1.0
1.0
1.0
1.0
1.0
1.0
1.0
1.0
1.0
1.0
1.0
1.0
1.0
1.0
1.0
1.0
0.9846153846153847
1.0
0.6
0.6090909090909091
0.6181818181818182
0.6272727272727273
0.6363636363636364
0.6454545454545455
0.6545454545454545
0.6636363636363637
0.6727272727272727
0.6818181818181818
0.6909090909090909
0.7
0.7090909090909091
0.7181818181818181
0.7272727272727273
0.7363636363636363
0.7454545454545455
0.7545454545454545
0.7636363636363637
0.7727272727272727
0.7818181818181819
0.7909090909090909
0.8
0.8090909090909091
0.8181818181818182
0.8272727272727273
0.8363636363636363
0.8454545454545455
0.8545454545454545
0.8636363636363636
0.8727272727272727
0.8738738738738738
0.875
0.8761061946902655
0.8771929824561403
0.8782608695652174
0.8793103448275862
0.8803418803418803
0.8813559322033898
0.8823529411764706
0.8907563025210085
0.8991596638655462
0.907563025210084
0.9159663865546218
0.9243697478991597
0.9327731092436975
0.9411764705882353
0.9495798319327731
0.957983193277311
0.9663865546218487
0.9747899159663865
0.9831932773109243
0.9915966386554622
1.0
0.9375
0.9453125
0.9457364341085271
0.9461538461538461
0.9465648854961832
0.946969696969697
0.9473684210526315
0.9477611940298507
0.9481481481481482
0.9485294117647058
0.948905109489051
0.9492753623188406
0.9496402877697842
0.95
0.9571428571428572
0.9574468085106383
0.9577464788732394
0.958041958041958
0.9583333333333334
0.9586206896551724
0.9655172413793104
0.9724137931034482
0.9793103448275862
0.9862068965517241
0.993103448275862
1.0
1.0
1.0
1.0
1.0
1.0
1.0
1.0
1.0
1.0
1.0
1.0
1.0
1.0
1.0
1.0
1.0
1.0
1.0
1.0
1.0
1.0
1.0
1.0
1.0
1.0
1.0
1.0
1.0
1.0
1.0
1.0
1.0
1.0
1.0
0.9722222222222222
0.972972972972973
0.9736842105263158
0.9743589743589743
0.975
0.975609756097561
0.9761904761904762
0.9767441860465116
0.9772727272727273
0.9777777777777777
0.9782608695652174
0.9787234042553191
0.9791666666666666
0.9795918367346939
0.98
0.9803921568627451
0.9807692307692307
0.9811320754716981
0.9814814814814815
0.9818181818181818
0.9821428571428571
0.9824561403508771
0.9827586206896551
0.9830508474576272
0.9833333333333333
0.9836065573770492
0.9838709677419355
0.9841269841269841
0.984375
0.9846153846153847
0.9848484848484849
0.9850746268656716
1.0
1.0
1.0
1.0
1.0
1.0
1.0
1.0
1.0
1.0
1.0
1.0
1.0
1.0
1.0
1.0
1.0
1.0
1.0
1.0
1.0
1.0
1.0
1.0
