|checker| success id$0$color:green$: 
==========================
$FilePath$/app/ODGen/builtin_packages/http.js
Line 17	    sink_hqbpillvul_http_setHeader(value);

|checker| success id$0$color:green$: 
==========================
$FilePath$/app/ODGen/builtin_packages/http.js
Line 17	    sink_hqbpillvul_http_setHeader(value);

|checker| success id$0$color:green$: 
==========================
$FilePath$/app/ODGen/builtin_packages/http.js
Line 17	    sink_hqbpillvul_http_setHeader(value);

|checker| success id$0$color:green$: 
==========================
$FilePath$/app/ODGen/builtin_packages/http.js
Line 2	  var OPGen_TAINTED_VAR_url = "" ;
$FilePath$/src/index.js
Line 51	    var filePath = (request.url.indexOf(".") === 0) ? request.url : "." + request.url;
$FilePath$/app/ODGen/builtin_packages/fs.js
Line 15	  var ret = sink_hqbpillvul_fs_read(pathname);
$FilePath$/app/ODGen/builtin_packages/http.js
Line 25	    sink_hqbpillvul_http_write(value, value);

|checker| success id$1$color:green$: 
==========================
$FilePath$/app/ODGen/builtin_packages/http.js
Line 2	  var OPGen_TAINTED_VAR_url = "" ;
$FilePath$/app/ODGen/builtin_packages/fs.js
Line 15	  var ret = sink_hqbpillvul_fs_read(pathname);
$FilePath$/app/ODGen/builtin_packages/http.js
Line 25	    sink_hqbpillvul_http_write(value, value);

|checker| success id$0$color:green$: 
==========================
$FilePath$/app/ODGen/builtin_packages/http.js
Line 2	  var OPGen_TAINTED_VAR_url = "" ;
$FilePath$/src/index.js
Line 51	    var filePath = (request.url.indexOf(".") === 0) ? request.url : "." + request.url;
$FilePath$/app/ODGen/builtin_packages/fs.js
Line 15	  var ret = sink_hqbpillvul_fs_read(pathname);
$FilePath$/app/ODGen/builtin_packages/http.js
Line 25	    sink_hqbpillvul_http_write(value, value);

|checker| success id$1$color:green$: 
==========================
$FilePath$/app/ODGen/builtin_packages/http.js
Line 2	  var OPGen_TAINTED_VAR_url = "" ;
$FilePath$/app/ODGen/builtin_packages/fs.js
Line 15	  var ret = sink_hqbpillvul_fs_read(pathname);
$FilePath$/app/ODGen/builtin_packages/http.js
Line 25	    sink_hqbpillvul_http_write(value, value);

