1.0
1.0
1.0
1.0
1.0
1.0
1.0
1.0
1.0
1.0
1.0
1.0
1.0
1.0
1.0
1.0
1.0
1.0
1.0
1.0
1.0
1.0
1.0
1.0
1.0
1.0
1.0
1.0
0.9354838709677419
0.9375
0.9393939393939394
0.9411764705882353
0.9428571428571428
0.9444444444444444
0.9459459459459459
0.9473684210526315
0.9487179487179487
0.95
0.9512195121951219
0.9523809523809523
0.9534883720930233
0.9545454545454546
1.0
1.0
1.0
1.0
1.0
1.0
1.0
1.0
1.0
1.0
1.0
1.0
1.0
1.0
1.0
1.0
1.0
1.0
1.0
1.0
1.0
1.0
1.0
1.0
0.38461538461538464
0.3939393939393939
0.40298507462686567
0.4117647058823529
0.42028985507246375
0.42857142857142855
0.43661971830985913
0.4444444444444444
0.4520547945205479
0.4594594594594595
0.4666666666666667
0.47368421052631576
0.4805194805194805
0.48717948717948717
0.4936708860759494
0.5
0.5061728395061729
0.5121951219512195
0.5180722891566265
0.5238095238095238
0.5294117647058824
0.5348837209302325
0.5402298850574713
0.5454545454545454
0.550561797752809
0.5555555555555556
0.5483870967741935
0.5531914893617021
0.5578947368421052
0.5625
0.5670103092783505
0.5714285714285714
0.5757575757575758
0.58
0.5841584158415841
0.5882352941176471
0.5922330097087378
0.5961538461538461
0.6
0.6037735849056604
0.6074766355140186
0.6111111111111112
0.6146788990825688
0.6181818181818182
0.6216216216216216
0.625
0.6283185840707964
0.631578947368421
0.6347826086956522
0.6379310344827587
0.6410256410256411
0.6440677966101694
0.6470588235294118
0.65
0.6528925619834711
0.6557377049180327
0.6585365853658537
0.6612903225806451
0.664
0.6666666666666666
0.6692913385826772
0.671875
0.6744186046511628
0.676923076923077
0.6793893129770993
0.6870229007633588
0.6893939393939394
0.6917293233082706
0.6992481203007519
0.7014925373134329
0.7037037037037037
0.7058823529411765
0.708029197080292
0.7153284671532847
0.717391304347826
0.7194244604316546
0.7214285714285714
0.723404255319149
0.7253521126760564
1.0
1.0
1.0
1.0
1.0
1.0
1.0
1.0
1.0
1.0
1.0
1.0
1.0
1.0
1.0
1.0
1.0
1.0
1.0
1.0
1.0
1.0
1.0
1.0
1.0
1.0
1.0
1.0
0.9354838709677419
0.9375
0.9393939393939394
0.9411764705882353
0.9428571428571428
0.9444444444444444
0.9459459459459459
0.9473684210526315
0.9487179487179487
0.95
0.9512195121951219
0.9523809523809523
0.9534883720930233
0.9545454545454546
1.0
1.0
1.0
1.0
1.0
1.0
1.0
1.0
1.0
1.0
1.0
1.0
1.0
1.0
1.0
1.0
1.0
1.0
1.0
1.0
1.0
1.0
1.0
1.0
0.38461538461538464
0.3939393939393939
0.40298507462686567
0.4117647058823529
0.42028985507246375
0.42857142857142855
0.43661971830985913
0.4444444444444444
0.4520547945205479
0.4594594594594595
0.4666666666666667
0.47368421052631576
0.4805194805194805
0.48717948717948717
0.4936708860759494
0.5
0.5061728395061729
0.5121951219512195
0.5180722891566265
0.5238095238095238
0.5294117647058824
0.5348837209302325
0.5402298850574713
0.5454545454545454
0.550561797752809
0.5555555555555556
0.5483870967741935
0.5531914893617021
0.5578947368421052
0.5625
0.5670103092783505
0.5714285714285714
0.5757575757575758
0.58
0.5841584158415841
0.5882352941176471
0.5922330097087378
0.5961538461538461
0.6
0.6037735849056604
0.6074766355140186
0.6111111111111112
0.6146788990825688
0.6181818181818182
0.6216216216216216
0.625
0.6283185840707964
0.631578947368421
0.6347826086956522
0.6379310344827587
0.6410256410256411
0.6440677966101694
0.6470588235294118
0.65
0.6528925619834711
0.6557377049180327
0.6585365853658537
0.6612903225806451
0.664
0.6666666666666666
0.6692913385826772
0.671875
0.6744186046511628
0.676923076923077
0.6793893129770993
0.6870229007633588
0.6893939393939394
0.6917293233082706
0.6992481203007519
0.7014925373134329
0.7037037037037037
0.7058823529411765
0.708029197080292
0.7153284671532847
0.717391304347826
0.7194244604316546
0.7214285714285714
0.723404255319149
0.7253521126760564
1.0
1.0
1.0
1.0
1.0
1.0
1.0
1.0
1.0
1.0
1.0
1.0
1.0
1.0
1.0
1.0
1.0
1.0
1.0
1.0
1.0
1.0
1.0
1.0
1.0
1.0
1.0
1.0
1.0
1.0
1.0
1.0
1.0
1.0
1.0
1.0
1.0
1.0
1.0
1.0
1.0
1.0
1.0
1.0
1.0
1.0
1.0
1.0
1.0
1.0
1.0
1.0
1.0
1.0
1.0
1.0
1.0
1.0
1.0
1.0
1.0
1.0
1.0
1.0
1.0
1.0
1.0
1.0
1.0
1.0
0.9354838709677419
0.9375
0.9393939393939394
0.9411764705882353
0.9428571428571428
0.9444444444444444
0.9459459459459459
0.9473684210526315
0.9487179487179487
0.95
0.9512195121951219
0.9523809523809523
0.9534883720930233
0.9545454545454546
1.0
1.0
1.0
1.0
1.0
1.0
1.0
1.0
1.0
1.0
1.0
1.0
1.0
1.0
1.0
1.0
1.0
1.0
1.0
1.0
1.0
1.0
1.0
1.0
1.0
1.0
1.0
1.0
1.0
1.0
1.0
1.0
1.0
1.0
1.0
1.0
1.0
1.0
1.0
1.0
1.0
1.0
1.0
1.0
1.0
1.0
1.0
1.0
1.0
1.0
1.0
1.0
1.0
1.0
1.0
1.0
1.0
1.0
1.0
1.0
1.0
1.0
1.0
1.0
1.0
1.0
1.0
1.0
1.0
1.0
1.0
1.0
1.0
1.0
1.0
1.0
1.0
1.0
1.0
1.0
1.0
1.0
1.0
1.0
1.0
1.0
1.0
1.0
1.0
1.0
1.0
1.0
1.0
1.0
1.0
1.0
1.0
1.0
1.0
1.0
1.0
1.0
1.0
1.0
1.0
1.0
1.0
1.0
1.0
1.0
1.0
1.0
1.0
1.0
1.0
1.0
1.0
1.0
1.0
1.0
1.0
1.0
1.0
1.0
1.0
1.0
1.0
0.38461538461538464
0.3939393939393939
0.40298507462686567
0.4117647058823529
0.42028985507246375
0.42857142857142855
0.43661971830985913
0.4444444444444444
0.4520547945205479
0.4594594594594595
0.4666666666666667
0.47368421052631576
0.4805194805194805
0.48717948717948717
0.4936708860759494
0.5
0.5061728395061729
0.5121951219512195
0.5180722891566265
0.5238095238095238
0.5294117647058824
0.5348837209302325
0.5402298850574713
0.5454545454545454
0.550561797752809
0.5555555555555556
0.5483870967741935
0.5531914893617021
0.5578947368421052
0.5625
0.5670103092783505
0.5714285714285714
0.5757575757575758
0.58
0.5841584158415841
0.5882352941176471
0.5922330097087378
0.5961538461538461
0.6
0.6037735849056604
0.6074766355140186
0.6111111111111112
0.6146788990825688
0.6181818181818182
0.6216216216216216
0.625
0.6283185840707964
0.631578947368421
0.6347826086956522
0.6379310344827587
0.6410256410256411
0.6440677966101694
0.6470588235294118
0.65
0.6528925619834711
0.6557377049180327
0.6585365853658537
0.6612903225806451
0.664
0.6666666666666666
0.6692913385826772
0.671875
0.6744186046511628
0.676923076923077
0.6793893129770993
0.6870229007633588
0.6893939393939394
0.6917293233082706
0.6992481203007519
0.7014925373134329
0.7037037037037037
0.7058823529411765
0.708029197080292
0.7153284671532847
0.717391304347826
0.7194244604316546
0.7214285714285714
0.723404255319149
0.7253521126760564
1.0
1.0
1.0
1.0
1.0
1.0
1.0
1.0
1.0
1.0
1.0
1.0
1.0
1.0
1.0
1.0
1.0
1.0
1.0
1.0
1.0
1.0
1.0
1.0
1.0
1.0
1.0
1.0
0.9354838709677419
0.9375
0.9393939393939394
0.9411764705882353
0.9428571428571428
0.9444444444444444
0.9459459459459459
0.9473684210526315
0.9487179487179487
0.95
0.9512195121951219
0.9523809523809523
0.9534883720930233
0.9545454545454546
1.0
1.0
1.0
1.0
1.0
1.0
1.0
1.0
1.0
1.0
1.0
1.0
1.0
1.0
1.0
1.0
1.0
1.0
1.0
1.0
1.0
1.0
1.0
1.0
0.38461538461538464
0.3939393939393939
0.40298507462686567
0.4117647058823529
0.42028985507246375
0.42857142857142855
0.43661971830985913
0.4444444444444444
0.4520547945205479
0.4594594594594595
0.4666666666666667
0.47368421052631576
0.4805194805194805
0.48717948717948717
0.4936708860759494
0.5
0.5061728395061729
0.5121951219512195
0.5180722891566265
0.5238095238095238
0.5294117647058824
0.5348837209302325
0.5402298850574713
0.5454545454545454
0.550561797752809
0.5555555555555556
0.5483870967741935
0.5531914893617021
0.5578947368421052
0.5625
0.5670103092783505
0.5714285714285714
0.5757575757575758
0.58
0.5841584158415841
0.5882352941176471
0.5922330097087378
0.5961538461538461
0.6
0.6037735849056604
0.6074766355140186
0.6111111111111112
0.6146788990825688
0.6181818181818182
0.6216216216216216
0.625
0.6283185840707964
0.631578947368421
0.6347826086956522
0.6379310344827587
0.6410256410256411
0.6440677966101694
0.6470588235294118
0.65
0.6528925619834711
0.6557377049180327
0.6585365853658537
0.6612903225806451
0.664
0.6666666666666666
0.6692913385826772
0.671875
0.6744186046511628
0.676923076923077
0.6793893129770993
0.6870229007633588
0.6893939393939394
0.6917293233082706
0.6992481203007519
0.7014925373134329
0.7037037037037037
0.7058823529411765
0.708029197080292
0.7153284671532847
0.717391304347826
0.7194244604316546
0.7214285714285714
0.723404255319149
0.7253521126760564
1.0
1.0
1.0
1.0
1.0
1.0
1.0
1.0
1.0
1.0
1.0
1.0
1.0
1.0
1.0
1.0
1.0
1.0
1.0
1.0
1.0
1.0
1.0
1.0
1.0
1.0
1.0
1.0
1.0
1.0
1.0
1.0
1.0
1.0
1.0
1.0
1.0
1.0
1.0
1.0
1.0
1.0
1.0
1.0
1.0
1.0
1.0
1.0
1.0
1.0
1.0
1.0
1.0
1.0
1.0
1.0
0.9354838709677419
0.9375
0.9393939393939394
0.9411764705882353
0.9428571428571428
0.9444444444444444
0.9459459459459459
0.9473684210526315
0.9487179487179487
0.95
0.9512195121951219
0.9523809523809523
0.9534883720930233
0.9545454545454546
1.0
1.0
1.0
1.0
1.0
1.0
1.0
1.0
1.0
1.0
1.0
1.0
1.0
1.0
1.0
1.0
1.0
1.0
1.0
1.0
1.0
1.0
1.0
1.0
0.38461538461538464
0.3939393939393939
0.40298507462686567
0.4117647058823529
0.42028985507246375
0.42857142857142855
0.43661971830985913
0.4444444444444444
0.4520547945205479
0.4594594594594595
0.4666666666666667
0.47368421052631576
0.4805194805194805
0.48717948717948717
0.4936708860759494
0.5
0.5061728395061729
0.5121951219512195
0.5180722891566265
0.5238095238095238
0.5294117647058824
0.5348837209302325
0.5402298850574713
0.5454545454545454
0.550561797752809
0.5555555555555556
0.5483870967741935
0.5531914893617021
0.5578947368421052
0.5625
0.5670103092783505
0.5714285714285714
0.5757575757575758
0.58
0.5841584158415841
0.5882352941176471
0.5922330097087378
0.5961538461538461
0.6
0.6037735849056604
0.6074766355140186
0.6111111111111112
0.6146788990825688
0.6181818181818182
0.6216216216216216
0.625
0.6283185840707964
0.631578947368421
0.6347826086956522
0.6379310344827587
0.6410256410256411
0.6440677966101694
0.6470588235294118
0.65
0.6528925619834711
0.6557377049180327
0.6585365853658537
0.6612903225806451
0.664
0.6666666666666666
0.6692913385826772
0.671875
0.6744186046511628
0.676923076923077
0.6793893129770993
0.6870229007633588
0.6893939393939394
0.6917293233082706
0.6992481203007519
0.7014925373134329
0.7037037037037037
0.7058823529411765
0.708029197080292
0.7153284671532847
0.717391304347826
0.7194244604316546
0.7214285714285714
0.723404255319149
0.7253521126760564
