1.0
1.0
1.0
1.0
1.0
1.0
1.0
1.0
1.0
1.0
1.0
1.0
1.0
1.0
1.0
1.0
1.0
1.0
1.0
0.7407407407407407
0.75
0.7586206896551724
0.7666666666666667
0.7741935483870968
0.78125
0.7878787878787878
0.7941176470588235
0.8
0.8055555555555556
0.8108108108108109
0.8157894736842105
0.8205128205128205
0.825
0.8292682926829268
0.8333333333333334
0.3302752293577982
0.33636363636363636
0.34234234234234234
0.3482142857142857
0.35398230088495575
0.35964912280701755
0.3652173913043478
0.3706896551724138
0.37606837606837606
0.3813559322033898
0.3865546218487395
0.2883435582822086
0.2926829268292683
0.296969696969697
0.29411764705882354
0.2982456140350877
0.3023255813953488
0.3063583815028902
0.3103448275862069
0.18771331058020477
0.19047619047619047
0.19322033898305085
0.19594594594594594
0.19865319865319866
0.20134228187919462
0.2040133779264214
0.20666666666666667
0.20930232558139536
0.2119205298013245
0.2145214521452145
0.13306451612903225
0.1350806451612903
0.13709677419354838
0.13911290322580644
0.14112903225806453
0.1431451612903226
0.14516129032258066
0.14717741935483872
0.14919354838709678
0.15120967741935484
0.1532258064516129
0.15524193548387097
0.15725806451612903
0.1592741935483871
0.16129032258064516
0.16330645161290322
0.16532258064516128
0.16733870967741934
0.1693548387096774
0.17137096774193547
0.17338709677419356
0.17540322580645162
0.1774193548387097
0.17943548387096775
0.1814516129032258
0.18346774193548387
0.18548387096774194
0.1875
0.18951612903225806
0.19153225806451613
0.1935483870967742
0.19556451612903225
0.1975806451612903
0.19959677419354838
0.20161290322580644
0.20362903225806453
0.2056451612903226
0.20766129032258066
0.20967741935483872
0.21169354838709678
0.21370967741935484
0.2157258064516129
0.21774193548387097
0.21975806451612903
0.2217741935483871
0.22379032258064516
0.22580645161290322
0.22782258064516128
0.22983870967741934
0.2318548387096774
0.23387096774193547
0.23588709677419356
0.23790322580645162
0.2399193548387097
0.24193548387096775
0.2439516129032258
0.24596774193548387
0.24798387096774194
0.25
0.25201612903225806
0.2540322580645161
0.2560483870967742
0.25806451612903225
0.2600806451612903
0.2620967741935484
0.26411290322580644
0.2661290322580645
0.26814516129032256
0.2701612903225806
0.2721774193548387
0.27419354838709675
0.2762096774193548
0.2782258064516129
0.28024193548387094
0.28225806451612906
0.2842741935483871
0.2862903225806452
0.28830645161290325
0.2903225806451613
0.2923387096774194
0.29435483870967744
0.2963709677419355
0.29838709677419356
0.3004032258064516
0.3024193548387097
0.30443548387096775
0.3064516129032258
0.3084677419354839
0.31048387096774194
0.3125
0.31451612903225806
0.3165322580645161
0.3185483870967742
0.32056451612903225
0.3225806451612903
0.3245967741935484
0.32661290322580644
0.3286290322580645
0.33064516129032256
0.3326612903225806
0.3346774193548387
0.33669354838709675
0.3387096774193548
0.3407258064516129
0.34274193548387094
0.34475806451612906
0.3467741935483871
0.3487903225806452
0.35080645161290325
0.3528225806451613
0.3548387096774194
0.35685483870967744
0.3588709677419355
0.36088709677419356
0.3629032258064516
0.3649193548387097
0.36693548387096775
0.3689516129032258
0.3709677419354839
0.37298387096774194
0.375
0.37701612903225806
0.3790322580645161
0.3810483870967742
0.38306451612903225
0.3850806451612903
0.3870967741935484
0.38911290322580644
0.3911290322580645
0.39314516129032256
0.3951612903225806
0.3971774193548387
0.39919354838709675
0.4012096774193548
0.4032258064516129
0.40524193548387094
0.40725806451612906
0.4092741935483871
0.4112903225806452
0.41330645161290325
0.4153225806451613
0.4173387096774194
0.41935483870967744
0.4213709677419355
0.42338709677419356
0.4254032258064516
0.4274193548387097
0.42943548387096775
0.4314516129032258
0.4334677419354839
0.43548387096774194
0.4375
0.43951612903225806
0.4415322580645161
0.4435483870967742
0.44466800804828976
0.4457831325301205
0.4468937875751503
0.448
0.4491017964071856
0.450199203187251
0.45219123505976094
0.4541832669322709
0.45617529880478086
0.4581673306772908
0.4601593625498008
0.46215139442231074
0.4641434262948207
0.46613545816733065
0.4681274900398406
0.4701195219123506
0.4721115537848606
0.47410358565737054
0.4760956175298805
0.47808764940239046
0.4800796812749004
0.4820717131474104
0.48406374501992033
0.4860557768924303
0.48804780876494025
0.4900398406374502
0.49203187250996017
0.4940239043824701
0.4960159362549801
0.49800796812749004
0.5
0.50199203187251
0.5039840637450199
0.5059760956175299
0.5079681274900398
0.5099601593625498
0.510934393638171
0.5119047619047619
0.5128712871287129
0.5148514851485149
0.5158102766798419
0.5167652859960552
0.5177165354330708
0.5196850393700787
0.5216535433070866
0.5236220472440944
0.5255905511811023
0.5275590551181102
0.5295275590551181
0.531496062992126
0.5334645669291339
0.5354330708661418
0.5374015748031497
0.5393700787401575
0.5413385826771654
0.5433070866141733
0.5452755905511811
0.547244094488189
0.5492125984251969
0.5511811023622047
0.5531496062992126
0.5551181102362205
0.5570866141732284
0.5590551181102362
0.5610236220472441
0.562992125984252
0.5649606299212598
0.5669291338582677
0.5688976377952756
0.5708661417322834
0.5728346456692913
0.5748031496062992
0.5767716535433071
0.5787401574803149
0.5807086614173228
0.5826771653543307
0.5846456692913385
0.5866141732283464
0.5885826771653543
0.5905511811023622
0.59251968503937
0.594488188976378
0.5964566929133859
0.5984251968503937
0.6003937007874016
0.6023622047244095
0.6043307086614174
0.6062992125984252
0.6082677165354331
0.610236220472441
0.6122047244094488
0.6141732283464567
0.6161417322834646
0.6181102362204725
0.6200787401574803
0.6220472440944882
0.6227897838899804
0.6235294117647059
0.62426614481409
0.625
0.6257309941520468
0.6264591439688716
0.6271844660194175
0.629126213592233
0.6310679611650486
0.6330097087378641
0.6349514563106796
0.6368932038834951
0.6388349514563106
0.6407766990291263
0.6427184466019418
0.6446601941747573
0.6466019417475728
0.6485436893203883
0.6504854368932039
0.6524271844660194
0.654368932038835
0.6563106796116505
0.658252427184466
0.6601941747572816
0.6621359223300971
0.6640776699029126
0.6660194174757281
0.6679611650485436
0.6699029126213593
0.6718446601941748
0.6737864077669903
0.6757281553398058
0.6776699029126214
0.6796116504854369
0.6815533980582524
0.683495145631068
0.6854368932038835
0.6873786407766991
0.6893203883495146
0.6912621359223301
0.6932038834951456
0.6951456310679611
0.6970873786407767
0.6990291262135923
0.7009708737864078
0.7029126213592233
0.7048543689320388
0.7067961165048544
0.7087378640776699
0.7106796116504854
0.7126213592233009
0.7145631067961165
0.7165048543689321
0.7184466019417476
0.7203883495145631
0.7223300970873786
0.7242718446601941
0.7262135922330097
0.7281553398058253
0.7300970873786408
0.7306201550387597
0.7311411992263056
0.7316602316602316
0.7321772639691715
0.7326923076923076
0.7332053742802304
0.7337164750957854
0.734225621414914
0.7347328244274809
0.7352380952380952
0.7357414448669202
0.7362428842504743
0.7367424242424242
0.7372400756143668
0.7377358490566037
0.7396226415094339
0.7415094339622641
0.7433962264150943
0.7452830188679245
0.7471698113207547
0.7490566037735849
0.7509433962264151
0.7528301886792453
0.7547169811320755
0.7566037735849057
0.7584905660377359
0.7603773584905661
0.7622641509433963
0.7641509433962265
0.7660377358490567
0.7679245283018868
0.769811320754717
0.7716981132075472
0.7735849056603774
0.7754716981132076
0.7773584905660378
0.779245283018868
0.7811320754716982
0.7830188679245284
0.7849056603773585
0.7867924528301887
0.7886792452830189
0.7905660377358491
0.7924528301886793
0.7943396226415095
0.7962264150943397
0.7981132075471699
0.8
0.8018867924528302
0.8037735849056604
0.8056603773584906
0.8075471698113208
0.809433962264151
0.8113207547169812
0.8132075471698114
0.8150943396226416
0.8169811320754717
0.8188679245283019
0.8207547169811321
0.8226415094339623
0.8245283018867925
0.8264150943396227
0.8283018867924529
0.8301886792452831
0.8320754716981132
0.8339622641509434
0.8358490566037736
0.8377358490566038
0.839622641509434
0.8415094339622642
0.8433962264150944
1.0
1.0
1.0
1.0
1.0
1.0
1.0
1.0
1.0
1.0
1.0
1.0
1.0
1.0
1.0
1.0
1.0
1.0
1.0
1.0
1.0
1.0
1.0
1.0
1.0
1.0
0.12272727272727273
0.12669683257918551
0.13063063063063063
0.13452914798206278
0.13839285714285715
0.14222222222222222
0.14601769911504425
0.14977973568281938
0.15350877192982457
0.1572052401746725
0.1608695652173913
0.1645021645021645
0.16810344827586207
0.17167381974248927
0.1752136752136752
0.17872340425531916
0.18220338983050846
0.1864406779661017
0.1906779661016949
0.19491525423728814
0.19915254237288135
0.2033898305084746
0.2076271186440678
0.211864406779661
0.21610169491525424
0.22033898305084745
0.2245762711864407
0.2288135593220339
0.2330508474576271
0.23728813559322035
0.24152542372881355
0.2457627118644068
0.25
0.2542372881355932
0.2584745762711864
0.2627118644067797
0.2669491525423729
0.2711864406779661
0.2754237288135593
0.2796610169491525
0.2838983050847458
0.288135593220339
0.2923728813559322
0.2966101694915254
0.3008474576271186
0.3050847457627119
0.3080168776371308
0.31092436974789917
0.3138075313807531
0.31666666666666665
0.31950207468879666
0.32231404958677684
0.32510288065843623
0.32786885245901637
0.3306122448979592
0.3333333333333333
0.3360323886639676
0.3387096774193548
0.34274193548387094
0.3467741935483871
0.35080645161290325
0.3548387096774194
0.3588709677419355
0.3629032258064516
0.36693548387096775
0.3709677419354839
0.37349397590361444
0.376
0.3784860557768924
0.38095238095238093
0.383399209486166
0.3858267716535433
0.38976377952755903
0.3937007874015748
0.39763779527559057
0.4015748031496063
0.40551181102362205
0.40784313725490196
0.4117647058823529
0.41568627450980394
0.4196078431372549
0.4235294117647059
0.42578125
0.4296875
0.43359375
0.4375
0.44140625
0.4453125
0.44921875
0.453125
0.45703125
0.4609375
0.46484375
0.46875
0.47265625
0.47470817120622566
0.47674418604651164
0.47876447876447875
0.4826254826254826
0.4846153846153846
0.48659003831417624
0.48854961832061067
0.49236641221374045
0.4961832061068702
0.5
0.5038167938931297
0.5076335877862596
0.5114503816793893
0.5152671755725191
0.5190839694656488
0.5229007633587787
0.5267175572519084
0.5305343511450382
0.5343511450381679
0.5381679389312977
0.5419847328244275
0.5458015267175572
0.549618320610687
0.5534351145038168
0.5572519083969466
0.5610687022900763
0.5648854961832062
0.5687022900763359
0.5725190839694656
0.5763358778625954
0.5801526717557252
0.583969465648855
0.5877862595419847
0.5916030534351145
0.5954198473282443
0.5992366412213741
0.6030534351145038
0.6068702290076335
0.6106870229007634
0.6145038167938931
0.6183206106870229
0.6221374045801527
0.6259541984732825
0.6297709923664122
0.6335877862595419
0.6374045801526718
0.6412213740458015
0.6450381679389313
0.648854961832061
0.6526717557251909
0.6564885496183206
0.6603053435114504
0.6641221374045801
0.6679389312977099
0.6717557251908397
0.6755725190839694
0.6793893129770993
0.683206106870229
0.6870229007633588
0.6908396946564885
0.6946564885496184
0.6984732824427481
0.7022900763358778
0.7061068702290076
0.7099236641221374
0.7137404580152672
0.7175572519083969
0.7213740458015268
0.7251908396946565
0.7290076335877863
0.732824427480916
0.7366412213740458
0.7404580152671756
0.7442748091603053
0.7480916030534351
0.7519083969465649
0.7557251908396947
0.7595419847328244
0.7633587786259542
0.767175572519084
0.7709923664122137
0.7748091603053435
0.7786259541984732
0.7824427480916031
0.7862595419847328
0.7900763358778626
0.7938931297709924
0.7977099236641222
0.8015267175572519
0.8053435114503816
0.8091603053435115
0.8129770992366412
0.816793893129771
0.8206106870229007
0.8244274809160306
0.8282442748091603
0.8320610687022901
0.8358778625954199
0.8396946564885496
0.8403041825095057
0.8409090909090909
0.8415094339622642
0.8421052631578947
0.8426966292134831
0.8432835820895522
0.8438661710037175
0.8444444444444444
0.8450184501845018
0.8455882352941176
0.8461538461538461
0.8467153284671532
0.8472727272727273
0.8478260869565217
0.8483754512635379
0.851985559566787
0.855595667870036
0.8592057761732852
0.8628158844765343
0.8664259927797834
0.8700361010830325
0.8736462093862816
0.8772563176895307
0.8808664259927798
0.8844765342960289
0.8880866425992779
0.8916967509025271
0.8953068592057761
0.8989169675090253
0.9025270758122743
0.9061371841155235
0.9097472924187726
0.9133574007220217
0.9169675090252708
0.9205776173285198
0.924187725631769
0.927797833935018
0.9314079422382672
0.9350180505415162
0.9386281588447654
0.9422382671480144
0.9458483754512635
0.9494584837545126
0.9530685920577617
0.9566787003610109
0.9602888086642599
0.9638989169675091
0.9675090252707581
0.9676258992805755
0.967741935483871
0.9678571428571429
0.9679715302491103
0.9680851063829787
0.9681978798586572
0.9683098591549296
1.0
1.0
1.0
1.0
1.0
1.0
1.0
1.0
1.0
1.0
1.0
1.0
1.0
1.0
1.0
1.0
1.0
1.0
1.0
0.7407407407407407
0.75
0.7586206896551724
0.7666666666666667
0.7741935483870968
0.78125
0.7878787878787878
0.7941176470588235
0.8
0.8055555555555556
0.8108108108108109
0.8157894736842105
0.8205128205128205
0.825
0.8292682926829268
0.8333333333333334
0.3302752293577982
0.33636363636363636
0.34234234234234234
0.3482142857142857
0.35398230088495575
0.35964912280701755
0.3652173913043478
0.3706896551724138
0.37606837606837606
0.3813559322033898
0.3865546218487395
0.2883435582822086
0.2926829268292683
0.296969696969697
0.29411764705882354
0.2982456140350877
0.3023255813953488
0.3063583815028902
0.3103448275862069
0.18771331058020477
0.19047619047619047
0.19322033898305085
0.19594594594594594
0.19865319865319866
0.20134228187919462
0.2040133779264214
0.20666666666666667
0.20930232558139536
0.2119205298013245
0.2145214521452145
0.13306451612903225
0.1350806451612903
0.13709677419354838
0.13911290322580644
0.14112903225806453
0.1431451612903226
0.14516129032258066
0.14717741935483872
0.14919354838709678
0.15120967741935484
0.1532258064516129
0.15524193548387097
0.15725806451612903
0.1592741935483871
0.16129032258064516
0.16330645161290322
0.16532258064516128
0.16733870967741934
0.1693548387096774
0.17137096774193547
0.17338709677419356
0.17540322580645162
0.1774193548387097
0.17943548387096775
0.1814516129032258
0.18346774193548387
0.18548387096774194
0.1875
0.18951612903225806
0.19153225806451613
0.1935483870967742
0.19556451612903225
0.1975806451612903
0.19959677419354838
0.20161290322580644
0.20362903225806453
0.2056451612903226
0.20766129032258066
0.20967741935483872
0.21169354838709678
0.21370967741935484
0.2157258064516129
0.21774193548387097
0.21975806451612903
0.2217741935483871
0.22379032258064516
0.22580645161290322
0.22782258064516128
0.22983870967741934
0.2318548387096774
0.23387096774193547
0.23588709677419356
0.23790322580645162
0.2399193548387097
0.24193548387096775
0.2439516129032258
0.24596774193548387
0.24798387096774194
0.25
0.25201612903225806
0.2540322580645161
0.2560483870967742
0.25806451612903225
0.2600806451612903
0.2620967741935484
0.26411290322580644
0.2661290322580645
0.26814516129032256
0.2701612903225806
0.2721774193548387
0.27419354838709675
0.2762096774193548
0.2782258064516129
0.28024193548387094
0.28225806451612906
0.2842741935483871
0.2862903225806452
0.28830645161290325
0.2903225806451613
0.2923387096774194
0.29435483870967744
0.2963709677419355
0.29838709677419356
0.3004032258064516
0.3024193548387097
0.30443548387096775
0.3064516129032258
0.3084677419354839
0.31048387096774194
0.3125
0.31451612903225806
0.3165322580645161
0.3185483870967742
0.32056451612903225
0.3225806451612903
0.3245967741935484
0.32661290322580644
0.3286290322580645
0.33064516129032256
0.3326612903225806
0.3346774193548387
0.33669354838709675
0.3387096774193548
0.3407258064516129
0.34274193548387094
0.34475806451612906
0.3467741935483871
0.3487903225806452
0.35080645161290325
0.3528225806451613
0.3548387096774194
0.35685483870967744
0.3588709677419355
0.36088709677419356
0.3629032258064516
0.3649193548387097
0.36693548387096775
0.3689516129032258
0.3709677419354839
0.37298387096774194
0.375
0.37701612903225806
0.3790322580645161
0.3810483870967742
0.38306451612903225
0.3850806451612903
0.3870967741935484
0.38911290322580644
0.3911290322580645
0.39314516129032256
0.3951612903225806
0.3971774193548387
0.39919354838709675
0.4012096774193548
0.4032258064516129
0.40524193548387094
0.40725806451612906
0.4092741935483871
0.4112903225806452
0.41330645161290325
0.4153225806451613
0.4173387096774194
0.41935483870967744
0.4213709677419355
0.42338709677419356
0.4254032258064516
0.4274193548387097
0.42943548387096775
0.4314516129032258
0.4334677419354839
0.43548387096774194
0.4375
0.43951612903225806
0.4415322580645161
0.4435483870967742
0.44466800804828976
0.4457831325301205
0.4468937875751503
0.448
0.4491017964071856
0.450199203187251
0.45219123505976094
0.4541832669322709
0.45617529880478086
0.4581673306772908
0.4601593625498008
0.46215139442231074
0.4641434262948207
0.46613545816733065
0.4681274900398406
0.4701195219123506
0.4721115537848606
0.47410358565737054
0.4760956175298805
0.47808764940239046
0.4800796812749004
0.4820717131474104
0.48406374501992033
0.4860557768924303
0.48804780876494025
0.4900398406374502
0.49203187250996017
0.4940239043824701
0.4960159362549801
0.49800796812749004
0.5
0.50199203187251
0.5039840637450199
0.5059760956175299
0.5079681274900398
0.5099601593625498
0.510934393638171
0.5119047619047619
0.5128712871287129
0.5148514851485149
0.5158102766798419
0.5167652859960552
0.5177165354330708
0.5196850393700787
0.5216535433070866
0.5236220472440944
0.5255905511811023
0.5275590551181102
0.5295275590551181
0.531496062992126
0.5334645669291339
0.5354330708661418
0.5374015748031497
0.5393700787401575
0.5413385826771654
0.5433070866141733
0.5452755905511811
0.547244094488189
0.5492125984251969
0.5511811023622047
0.5531496062992126
0.5551181102362205
0.5570866141732284
0.5590551181102362
0.5610236220472441
0.562992125984252
0.5649606299212598
0.5669291338582677
0.5688976377952756
0.5708661417322834
0.5728346456692913
0.5748031496062992
0.5767716535433071
0.5787401574803149
0.5807086614173228
0.5826771653543307
0.5846456692913385
0.5866141732283464
0.5885826771653543
0.5905511811023622
0.59251968503937
0.594488188976378
0.5964566929133859
0.5984251968503937
0.6003937007874016
0.6023622047244095
0.6043307086614174
0.6062992125984252
0.6082677165354331
0.610236220472441
0.6122047244094488
0.6141732283464567
0.6161417322834646
0.6181102362204725
0.6200787401574803
0.6220472440944882
0.6227897838899804
0.6235294117647059
0.62426614481409
0.625
0.6257309941520468
0.6264591439688716
0.6271844660194175
0.629126213592233
0.6310679611650486
0.6330097087378641
0.6349514563106796
0.6368932038834951
0.6388349514563106
0.6407766990291263
0.6427184466019418
0.6446601941747573
0.6466019417475728
0.6485436893203883
0.6504854368932039
0.6524271844660194
0.654368932038835
0.6563106796116505
0.658252427184466
0.6601941747572816
0.6621359223300971
0.6640776699029126
0.6660194174757281
0.6679611650485436
0.6699029126213593
0.6718446601941748
0.6737864077669903
0.6757281553398058
0.6776699029126214
0.6796116504854369
0.6815533980582524
0.683495145631068
0.6854368932038835
0.6873786407766991
0.6893203883495146
0.6912621359223301
0.6932038834951456
0.6951456310679611
0.6970873786407767
0.6990291262135923
0.7009708737864078
0.7029126213592233
0.7048543689320388
0.7067961165048544
0.7087378640776699
0.7106796116504854
0.7126213592233009
0.7145631067961165
0.7165048543689321
0.7184466019417476
0.7203883495145631
0.7223300970873786
0.7242718446601941
0.7262135922330097
0.7281553398058253
0.7300970873786408
0.7306201550387597
0.7311411992263056
0.7316602316602316
0.7321772639691715
0.7326923076923076
0.7332053742802304
0.7337164750957854
0.734225621414914
0.7347328244274809
0.7352380952380952
0.7357414448669202
0.7362428842504743
0.7367424242424242
0.7372400756143668
0.7377358490566037
0.7396226415094339
0.7415094339622641
0.7433962264150943
0.7452830188679245
0.7471698113207547
0.7490566037735849
0.7509433962264151
0.7528301886792453
0.7547169811320755
0.7566037735849057
0.7584905660377359
0.7603773584905661
0.7622641509433963
0.7641509433962265
0.7660377358490567
0.7679245283018868
0.769811320754717
0.7716981132075472
0.7735849056603774
0.7754716981132076
0.7773584905660378
0.779245283018868
0.7811320754716982
0.7830188679245284
0.7849056603773585
0.7867924528301887
0.7886792452830189
0.7905660377358491
0.7924528301886793
0.7943396226415095
0.7962264150943397
0.7981132075471699
0.8
0.8018867924528302
0.8037735849056604
0.8056603773584906
0.8075471698113208
0.809433962264151
0.8113207547169812
0.8132075471698114
0.8150943396226416
0.8169811320754717
0.8188679245283019
0.8207547169811321
0.8226415094339623
0.8245283018867925
0.8264150943396227
0.8283018867924529
0.8301886792452831
0.8320754716981132
0.8339622641509434
0.8358490566037736
0.8377358490566038
0.839622641509434
0.8415094339622642
0.8433962264150944
1.0
1.0
1.0
1.0
1.0
1.0
1.0
1.0
1.0
1.0
1.0
1.0
1.0
1.0
1.0
1.0
1.0
1.0
1.0
1.0
1.0
1.0
1.0
1.0
1.0
1.0
0.12272727272727273
0.12669683257918551
0.13063063063063063
0.13452914798206278
0.13839285714285715
0.14222222222222222
0.14601769911504425
0.14977973568281938
0.15350877192982457
0.1572052401746725
0.1608695652173913
0.1645021645021645
0.16810344827586207
0.17167381974248927
0.1752136752136752
0.17872340425531916
0.18220338983050846
0.1864406779661017
0.1906779661016949
0.19491525423728814
0.19915254237288135
0.2033898305084746
0.2076271186440678
0.211864406779661
0.21610169491525424
0.22033898305084745
0.2245762711864407
0.2288135593220339
0.2330508474576271
0.23728813559322035
0.24152542372881355
0.2457627118644068
0.25
0.2542372881355932
0.2584745762711864
0.2627118644067797
0.2669491525423729
0.2711864406779661
0.2754237288135593
0.2796610169491525
0.2838983050847458
0.288135593220339
0.2923728813559322
0.2966101694915254
0.3008474576271186
0.3050847457627119
0.3080168776371308
0.31092436974789917
0.3138075313807531
0.31666666666666665
0.31950207468879666
0.32231404958677684
0.32510288065843623
0.32786885245901637
0.3306122448979592
0.3333333333333333
0.3360323886639676
0.3387096774193548
0.34274193548387094
0.3467741935483871
0.35080645161290325
0.3548387096774194
0.3588709677419355
0.3629032258064516
0.36693548387096775
0.3709677419354839
0.37349397590361444
0.376
0.3784860557768924
0.38095238095238093
0.383399209486166
0.3858267716535433
0.38976377952755903
0.3937007874015748
0.39763779527559057
0.4015748031496063
0.40551181102362205
0.40784313725490196
0.4117647058823529
0.41568627450980394
0.4196078431372549
0.4235294117647059
0.42578125
0.4296875
0.43359375
0.4375
0.44140625
0.4453125
0.44921875
0.453125
0.45703125
0.4609375
0.46484375
0.46875
0.47265625
0.47470817120622566
0.47674418604651164
0.47876447876447875
0.4826254826254826
0.4846153846153846
0.48659003831417624
0.48854961832061067
0.49236641221374045
0.4961832061068702
0.5
0.5038167938931297
0.5076335877862596
0.5114503816793893
0.5152671755725191
0.5190839694656488
0.5229007633587787
0.5267175572519084
0.5305343511450382
0.5343511450381679
0.5381679389312977
0.5419847328244275
0.5458015267175572
0.549618320610687
0.5534351145038168
0.5572519083969466
0.5610687022900763
0.5648854961832062
0.5687022900763359
0.5725190839694656
0.5763358778625954
0.5801526717557252
0.583969465648855
0.5877862595419847
0.5916030534351145
0.5954198473282443
0.5992366412213741
0.6030534351145038
0.6068702290076335
0.6106870229007634
0.6145038167938931
0.6183206106870229
0.6221374045801527
0.6259541984732825
0.6297709923664122
0.6335877862595419
0.6374045801526718
0.6412213740458015
0.6450381679389313
0.648854961832061
0.6526717557251909
0.6564885496183206
0.6603053435114504
0.6641221374045801
0.6679389312977099
0.6717557251908397
0.6755725190839694
0.6793893129770993
0.683206106870229
0.6870229007633588
0.6908396946564885
0.6946564885496184
0.6984732824427481
0.7022900763358778
0.7061068702290076
0.7099236641221374
0.7137404580152672
0.7175572519083969
0.7213740458015268
0.7251908396946565
0.7290076335877863
0.732824427480916
0.7366412213740458
0.7404580152671756
0.7442748091603053
0.7480916030534351
0.7519083969465649
0.7557251908396947
0.7595419847328244
0.7633587786259542
0.767175572519084
0.7709923664122137
0.7748091603053435
0.7786259541984732
0.7824427480916031
0.7862595419847328
0.7900763358778626
0.7938931297709924
0.7977099236641222
0.8015267175572519
0.8053435114503816
0.8091603053435115
0.8129770992366412
0.816793893129771
0.8206106870229007
0.8244274809160306
0.8282442748091603
0.8320610687022901
0.8358778625954199
0.8396946564885496
0.8403041825095057
0.8409090909090909
0.8415094339622642
0.8421052631578947
0.8426966292134831
0.8432835820895522
0.8438661710037175
0.8444444444444444
0.8450184501845018
0.8455882352941176
0.8461538461538461
0.8467153284671532
0.8472727272727273
0.8478260869565217
0.8483754512635379
0.851985559566787
0.855595667870036
0.8592057761732852
0.8628158844765343
0.8664259927797834
0.8700361010830325
0.8736462093862816
0.8772563176895307
0.8808664259927798
0.8844765342960289
0.8880866425992779
0.8916967509025271
0.8953068592057761
0.8989169675090253
0.9025270758122743
0.9061371841155235
0.9097472924187726
0.9133574007220217
0.9169675090252708
0.9205776173285198
0.924187725631769
0.927797833935018
0.9314079422382672
0.9350180505415162
0.9386281588447654
0.9422382671480144
0.9458483754512635
0.9494584837545126
0.9530685920577617
0.9566787003610109
0.9602888086642599
0.9638989169675091
0.9675090252707581
0.9676258992805755
0.967741935483871
0.9678571428571429
0.9679715302491103
0.9680851063829787
0.9681978798586572
0.9683098591549296
1.0
1.0
1.0
1.0
1.0
1.0
1.0
1.0
1.0
1.0
1.0
1.0
1.0
1.0
1.0
1.0
1.0
1.0
1.0
1.0
1.0
1.0
1.0
1.0
1.0
1.0
1.0
1.0
1.0
1.0
1.0
1.0
1.0
1.0
1.0
1.0
1.0
1.0
1.0
1.0
1.0
1.0
1.0
1.0
1.0
1.0
1.0
1.0
1.0
1.0
1.0
1.0
1.0
1.0
1.0
1.0
1.0
1.0
1.0
1.0
1.0
1.0
1.0
1.0
1.0
1.0
1.0
1.0
1.0
1.0
1.0
1.0
1.0
1.0
1.0
1.0
1.0
1.0
1.0
1.0
1.0
1.0
1.0
1.0
0.7407407407407407
0.75
0.7586206896551724
0.7666666666666667
0.7741935483870968
0.78125
0.7878787878787878
0.7941176470588235
0.8
0.8055555555555556
0.8108108108108109
0.8157894736842105
0.8205128205128205
0.825
0.8292682926829268
0.8333333333333334
0.3302752293577982
0.33636363636363636
0.34234234234234234
0.3482142857142857
0.35398230088495575
0.35964912280701755
0.3652173913043478
0.3706896551724138
0.37606837606837606
0.3813559322033898
0.3865546218487395
0.2883435582822086
0.2926829268292683
0.296969696969697
0.29411764705882354
0.2982456140350877
0.3023255813953488
0.3063583815028902
0.3103448275862069
0.18771331058020477
0.19047619047619047
0.19322033898305085
0.19594594594594594
0.19865319865319866
0.20134228187919462
0.2040133779264214
0.20666666666666667
0.20930232558139536
0.2119205298013245
0.2145214521452145
0.13306451612903225
0.1350806451612903
0.13709677419354838
0.13911290322580644
0.14112903225806453
0.1431451612903226
0.14516129032258066
0.14717741935483872
0.14919354838709678
0.15120967741935484
0.1532258064516129
0.15524193548387097
0.15725806451612903
0.1592741935483871
0.16129032258064516
0.16330645161290322
0.16532258064516128
0.16733870967741934
0.1693548387096774
0.17137096774193547
0.17338709677419356
0.17540322580645162
0.1774193548387097
0.17943548387096775
0.1814516129032258
0.18346774193548387
0.18548387096774194
0.1875
0.18951612903225806
0.19153225806451613
0.1935483870967742
0.19556451612903225
0.1975806451612903
0.19959677419354838
0.20161290322580644
0.20362903225806453
0.2056451612903226
0.20766129032258066
0.20967741935483872
0.21169354838709678
0.21370967741935484
0.2157258064516129
0.21774193548387097
0.21975806451612903
0.2217741935483871
0.22379032258064516
0.22580645161290322
0.22782258064516128
0.22983870967741934
0.2318548387096774
0.23387096774193547
0.23588709677419356
0.23790322580645162
0.2399193548387097
0.24193548387096775
0.2439516129032258
0.24596774193548387
0.24798387096774194
0.25
0.25201612903225806
0.2540322580645161
0.2560483870967742
0.25806451612903225
0.2600806451612903
0.2620967741935484
0.26411290322580644
0.2661290322580645
0.26814516129032256
0.2701612903225806
0.2721774193548387
0.27419354838709675
0.2762096774193548
0.2782258064516129
0.28024193548387094
0.28225806451612906
0.2842741935483871
0.2862903225806452
0.28830645161290325
0.2903225806451613
0.2923387096774194
0.29435483870967744
0.2963709677419355
0.29838709677419356
0.3004032258064516
0.3024193548387097
0.30443548387096775
0.3064516129032258
0.3084677419354839
0.31048387096774194
0.3125
0.31451612903225806
0.3165322580645161
0.3185483870967742
0.32056451612903225
0.3225806451612903
0.3245967741935484
0.32661290322580644
0.3286290322580645
0.33064516129032256
0.3326612903225806
0.3346774193548387
0.33669354838709675
0.3387096774193548
0.3407258064516129
0.34274193548387094
0.34475806451612906
0.3467741935483871
0.3487903225806452
0.35080645161290325
0.3528225806451613
0.3548387096774194
0.35685483870967744
0.3588709677419355
0.36088709677419356
0.3629032258064516
0.3649193548387097
0.36693548387096775
0.3689516129032258
0.3709677419354839
0.37298387096774194
0.375
0.37701612903225806
0.3790322580645161
0.3810483870967742
0.38306451612903225
0.3850806451612903
0.3870967741935484
0.38911290322580644
0.3911290322580645
0.39314516129032256
0.3951612903225806
0.3971774193548387
0.39919354838709675
0.4012096774193548
0.4032258064516129
0.40524193548387094
0.40725806451612906
0.4092741935483871
0.4112903225806452
0.41330645161290325
0.4153225806451613
0.4173387096774194
0.41935483870967744
0.4213709677419355
0.42338709677419356
0.4254032258064516
0.4274193548387097
0.42943548387096775
0.4314516129032258
0.4334677419354839
0.43548387096774194
0.4375
0.43951612903225806
0.4415322580645161
0.4435483870967742
0.44466800804828976
0.4457831325301205
0.4468937875751503
0.448
0.4491017964071856
0.450199203187251
0.45219123505976094
0.4541832669322709
0.45617529880478086
0.4581673306772908
0.4601593625498008
0.46215139442231074
0.4641434262948207
0.46613545816733065
0.4681274900398406
0.4701195219123506
0.4721115537848606
0.47410358565737054
0.4760956175298805
0.47808764940239046
0.4800796812749004
0.4820717131474104
0.48406374501992033
0.4860557768924303
0.48804780876494025
0.4900398406374502
0.49203187250996017
0.4940239043824701
0.4960159362549801
0.49800796812749004
0.5
0.50199203187251
0.5039840637450199
0.5059760956175299
0.5079681274900398
0.5099601593625498
0.510934393638171
0.5119047619047619
0.5128712871287129
0.5148514851485149
0.5158102766798419
0.5167652859960552
0.5177165354330708
0.5196850393700787
0.5216535433070866
0.5236220472440944
0.5255905511811023
0.5275590551181102
0.5295275590551181
0.531496062992126
0.5334645669291339
0.5354330708661418
0.5374015748031497
0.5393700787401575
0.5413385826771654
0.5433070866141733
0.5452755905511811
0.547244094488189
0.5492125984251969
0.5511811023622047
0.5531496062992126
0.5551181102362205
0.5570866141732284
0.5590551181102362
0.5610236220472441
0.562992125984252
0.5649606299212598
0.5669291338582677
0.5688976377952756
0.5708661417322834
0.5728346456692913
0.5748031496062992
0.5767716535433071
0.5787401574803149
0.5807086614173228
0.5826771653543307
0.5846456692913385
0.5866141732283464
0.5885826771653543
0.5905511811023622
0.59251968503937
0.594488188976378
0.5964566929133859
0.5984251968503937
0.6003937007874016
0.6023622047244095
0.6043307086614174
0.6062992125984252
0.6082677165354331
0.610236220472441
0.6122047244094488
0.6141732283464567
0.6161417322834646
0.6181102362204725
0.6200787401574803
0.6220472440944882
0.6227897838899804
0.6235294117647059
0.62426614481409
0.625
0.6257309941520468
0.6264591439688716
0.6271844660194175
0.629126213592233
0.6310679611650486
0.6330097087378641
0.6349514563106796
0.6368932038834951
0.6388349514563106
0.6407766990291263
0.6427184466019418
0.6446601941747573
0.6466019417475728
0.6485436893203883
0.6504854368932039
0.6524271844660194
0.654368932038835
0.6563106796116505
0.658252427184466
0.6601941747572816
0.6621359223300971
0.6640776699029126
0.6660194174757281
0.6679611650485436
0.6699029126213593
0.6718446601941748
0.6737864077669903
0.6757281553398058
0.6776699029126214
0.6796116504854369
0.6815533980582524
0.683495145631068
0.6854368932038835
0.6873786407766991
0.6893203883495146
0.6912621359223301
0.6932038834951456
0.6951456310679611
0.6970873786407767
0.6990291262135923
0.7009708737864078
0.7029126213592233
0.7048543689320388
0.7067961165048544
0.7087378640776699
0.7106796116504854
0.7126213592233009
0.7145631067961165
0.7165048543689321
0.7184466019417476
0.7203883495145631
0.7223300970873786
0.7242718446601941
0.7262135922330097
0.7281553398058253
0.7300970873786408
0.7306201550387597
0.7311411992263056
0.7316602316602316
0.7321772639691715
0.7326923076923076
0.7332053742802304
0.7337164750957854
0.734225621414914
0.7347328244274809
0.7352380952380952
0.7357414448669202
0.7362428842504743
0.7367424242424242
0.7372400756143668
0.7377358490566037
0.7396226415094339
0.7415094339622641
0.7433962264150943
0.7452830188679245
0.7471698113207547
0.7490566037735849
0.7509433962264151
0.7528301886792453
0.7547169811320755
0.7566037735849057
0.7584905660377359
0.7603773584905661
0.7622641509433963
0.7641509433962265
0.7660377358490567
0.7679245283018868
0.769811320754717
0.7716981132075472
0.7735849056603774
0.7754716981132076
0.7773584905660378
0.779245283018868
0.7811320754716982
0.7830188679245284
0.7849056603773585
0.7867924528301887
0.7886792452830189
0.7905660377358491
0.7924528301886793
0.7943396226415095
0.7962264150943397
0.7981132075471699
0.8
0.8018867924528302
0.8037735849056604
0.8056603773584906
0.8075471698113208
0.809433962264151
0.8113207547169812
0.8132075471698114
0.8150943396226416
0.8169811320754717
0.8188679245283019
0.8207547169811321
0.8226415094339623
0.8245283018867925
0.8264150943396227
0.8283018867924529
0.8301886792452831
0.8320754716981132
0.8339622641509434
0.8358490566037736
0.8377358490566038
0.839622641509434
0.8415094339622642
0.8433962264150944
1.0
1.0
1.0
1.0
1.0
1.0
1.0
1.0
1.0
1.0
1.0
1.0
1.0
1.0
1.0
1.0
1.0
1.0
1.0
1.0
1.0
1.0
1.0
1.0
1.0
1.0
1.0
1.0
1.0
1.0
1.0
1.0
1.0
1.0
1.0
1.0
1.0
1.0
1.0
1.0
1.0
1.0
1.0
1.0
1.0
1.0
1.0
1.0
1.0
1.0
1.0
1.0
1.0
1.0
1.0
1.0
1.0
1.0
1.0
1.0
1.0
1.0
1.0
1.0
1.0
1.0
1.0
1.0
1.0
1.0
1.0
1.0
1.0
1.0
1.0
1.0
1.0
1.0
1.0
1.0
1.0
1.0
1.0
1.0
1.0
1.0
1.0
1.0
1.0
1.0
1.0
1.0
1.0
1.0
1.0
1.0
1.0
1.0
1.0
1.0
1.0
1.0
1.0
1.0
1.0
1.0
1.0
1.0
1.0
1.0
1.0
1.0
1.0
1.0
1.0
1.0
1.0
1.0
1.0
1.0
1.0
1.0
1.0
1.0
1.0
1.0
1.0
1.0
1.0
1.0
1.0
1.0
1.0
1.0
1.0
1.0
1.0
1.0
1.0
1.0
1.0
1.0
1.0
1.0
1.0
1.0
1.0
1.0
1.0
1.0
1.0
1.0
1.0
1.0
1.0
1.0
1.0
1.0
1.0
1.0
1.0
1.0
1.0
1.0
1.0
1.0
1.0
1.0
1.0
1.0
1.0
1.0
1.0
1.0
1.0
1.0
1.0
1.0
1.0
1.0
1.0
1.0
1.0
1.0
1.0
1.0
1.0
1.0
1.0
1.0
1.0
1.0
1.0
1.0
1.0
1.0
1.0
1.0
1.0
1.0
1.0
1.0
1.0
1.0
1.0
1.0
1.0
1.0
1.0
1.0
1.0
1.0
1.0
1.0
1.0
1.0
1.0
1.0
1.0
1.0
1.0
1.0
1.0
1.0
1.0
1.0
1.0
1.0
1.0
1.0
1.0
1.0
1.0
1.0
1.0
1.0
1.0
1.0
1.0
1.0
1.0
1.0
1.0
1.0
1.0
1.0
1.0
1.0
1.0
1.0
1.0
1.0
1.0
1.0
1.0
1.0
1.0
1.0
1.0
1.0
1.0
1.0
1.0
1.0
1.0
1.0
1.0
1.0
1.0
1.0
1.0
1.0
1.0
1.0
1.0
1.0
1.0
1.0
1.0
1.0
1.0
1.0
1.0
1.0
1.0
1.0
1.0
1.0
1.0
1.0
1.0
1.0
1.0
1.0
1.0
1.0
1.0
1.0
1.0
1.0
1.0
0.12272727272727273
0.12669683257918551
0.13063063063063063
0.13452914798206278
0.13839285714285715
0.14222222222222222
0.14601769911504425
0.14977973568281938
0.15350877192982457
0.1572052401746725
0.1608695652173913
0.1645021645021645
0.16810344827586207
0.17167381974248927
0.1752136752136752
0.17872340425531916
0.18220338983050846
0.1864406779661017
0.1906779661016949
0.19491525423728814
0.19915254237288135
0.2033898305084746
0.2076271186440678
0.211864406779661
0.21610169491525424
0.22033898305084745
0.2245762711864407
0.2288135593220339
0.2330508474576271
0.23728813559322035
0.24152542372881355
0.2457627118644068
0.25
0.2542372881355932
0.2584745762711864
0.2627118644067797
0.2669491525423729
0.2711864406779661
0.2754237288135593
0.2796610169491525
0.2838983050847458
0.288135593220339
0.2923728813559322
0.2966101694915254
0.3008474576271186
0.3050847457627119
0.3080168776371308
0.31092436974789917
0.3138075313807531
0.31666666666666665
0.31950207468879666
0.32231404958677684
0.32510288065843623
0.32786885245901637
0.3306122448979592
0.3333333333333333
0.3360323886639676
0.3387096774193548
0.34274193548387094
0.3467741935483871
0.35080645161290325
0.3548387096774194
0.3588709677419355
0.3629032258064516
0.36693548387096775
0.3709677419354839
0.37349397590361444
0.376
0.3784860557768924
0.38095238095238093
0.383399209486166
0.3858267716535433
0.38976377952755903
0.3937007874015748
0.39763779527559057
0.4015748031496063
0.40551181102362205
0.40784313725490196
0.4117647058823529
0.41568627450980394
0.4196078431372549
0.4235294117647059
0.42578125
0.4296875
0.43359375
0.4375
0.44140625
0.4453125
0.44921875
0.453125
0.45703125
0.4609375
0.46484375
0.46875
0.47265625
0.47470817120622566
0.47674418604651164
0.47876447876447875
0.4826254826254826
0.4846153846153846
0.48659003831417624
0.48854961832061067
0.49236641221374045
0.4961832061068702
0.5
0.5038167938931297
0.5076335877862596
0.5114503816793893
0.5152671755725191
0.5190839694656488
0.5229007633587787
0.5267175572519084
0.5305343511450382
0.5343511450381679
0.5381679389312977
0.5419847328244275
0.5458015267175572
0.549618320610687
0.5534351145038168
0.5572519083969466
0.5610687022900763
0.5648854961832062
0.5687022900763359
0.5725190839694656
0.5763358778625954
0.5801526717557252
0.583969465648855
0.5877862595419847
0.5916030534351145
0.5954198473282443
0.5992366412213741
0.6030534351145038
0.6068702290076335
0.6106870229007634
0.6145038167938931
0.6183206106870229
0.6221374045801527
0.6259541984732825
0.6297709923664122
0.6335877862595419
0.6374045801526718
0.6412213740458015
0.6450381679389313
0.648854961832061
0.6526717557251909
0.6564885496183206
0.6603053435114504
0.6641221374045801
0.6679389312977099
0.6717557251908397
0.6755725190839694
0.6793893129770993
0.683206106870229
0.6870229007633588
0.6908396946564885
0.6946564885496184
0.6984732824427481
0.7022900763358778
0.7061068702290076
0.7099236641221374
0.7137404580152672
0.7175572519083969
0.7213740458015268
0.7251908396946565
0.7290076335877863
0.732824427480916
0.7366412213740458
0.7404580152671756
0.7442748091603053
0.7480916030534351
0.7519083969465649
0.7557251908396947
0.7595419847328244
0.7633587786259542
0.767175572519084
0.7709923664122137
0.7748091603053435
0.7786259541984732
0.7824427480916031
0.7862595419847328
0.7900763358778626
0.7938931297709924
0.7977099236641222
0.8015267175572519
0.8053435114503816
0.8091603053435115
0.8129770992366412
0.816793893129771
0.8206106870229007
0.8244274809160306
0.8282442748091603
0.8320610687022901
0.8358778625954199
0.8396946564885496
0.8403041825095057
0.8409090909090909
0.8415094339622642
0.8421052631578947
0.8426966292134831
0.8432835820895522
0.8438661710037175
0.8444444444444444
0.8450184501845018
0.8455882352941176
0.8461538461538461
0.8467153284671532
0.8472727272727273
0.8478260869565217
0.8483754512635379
0.851985559566787
0.855595667870036
0.8592057761732852
0.8628158844765343
0.8664259927797834
0.8700361010830325
0.8736462093862816
0.8772563176895307
0.8808664259927798
0.8844765342960289
0.8880866425992779
0.8916967509025271
0.8953068592057761
0.8989169675090253
0.9025270758122743
0.9061371841155235
0.9097472924187726
0.9133574007220217
0.9169675090252708
0.9205776173285198
0.924187725631769
0.927797833935018
0.9314079422382672
0.9350180505415162
0.9386281588447654
0.9422382671480144
0.9458483754512635
0.9494584837545126
0.9530685920577617
0.9566787003610109
0.9602888086642599
0.9638989169675091
0.9675090252707581
0.9676258992805755
0.967741935483871
0.9678571428571429
0.9679715302491103
0.9680851063829787
0.9681978798586572
0.9683098591549296
1.0
1.0
1.0
1.0
1.0
1.0
1.0
1.0
1.0
1.0
1.0
1.0
1.0
1.0
1.0
1.0
1.0
1.0
1.0
0.7407407407407407
0.75
0.7586206896551724
0.7666666666666667
0.7741935483870968
0.78125
0.7878787878787878
0.7941176470588235
0.8
0.8055555555555556
0.8108108108108109
0.8157894736842105
0.8205128205128205
0.825
0.8292682926829268
0.8333333333333334
0.3302752293577982
0.33636363636363636
0.34234234234234234
0.3482142857142857
0.35398230088495575
0.35964912280701755
0.3652173913043478
0.3706896551724138
0.37606837606837606
0.3813559322033898
0.3865546218487395
0.2883435582822086
0.2926829268292683
0.296969696969697
0.29411764705882354
0.2982456140350877
0.3023255813953488
0.3063583815028902
0.3103448275862069
0.18771331058020477
0.19047619047619047
0.19322033898305085
0.19594594594594594
0.19865319865319866
0.20134228187919462
0.2040133779264214
0.20666666666666667
0.20930232558139536
0.2119205298013245
0.2145214521452145
0.13306451612903225
0.1350806451612903
0.13709677419354838
0.13911290322580644
0.14112903225806453
0.1431451612903226
0.14516129032258066
0.14717741935483872
0.14919354838709678
0.15120967741935484
0.1532258064516129
0.15524193548387097
0.15725806451612903
0.1592741935483871
0.16129032258064516
0.16330645161290322
0.16532258064516128
0.16733870967741934
0.1693548387096774
0.17137096774193547
0.17338709677419356
0.17540322580645162
0.1774193548387097
0.17943548387096775
0.1814516129032258
0.18346774193548387
0.18548387096774194
0.1875
0.18951612903225806
0.19153225806451613
0.1935483870967742
0.19556451612903225
0.1975806451612903
0.19959677419354838
0.20161290322580644
0.20362903225806453
0.2056451612903226
0.20766129032258066
0.20967741935483872
0.21169354838709678
0.21370967741935484
0.2157258064516129
0.21774193548387097
0.21975806451612903
0.2217741935483871
0.22379032258064516
0.22580645161290322
0.22782258064516128
0.22983870967741934
0.2318548387096774
0.23387096774193547
0.23588709677419356
0.23790322580645162
0.2399193548387097
0.24193548387096775
0.2439516129032258
0.24596774193548387
0.24798387096774194
0.25
0.25201612903225806
0.2540322580645161
0.2560483870967742
0.25806451612903225
0.2600806451612903
0.2620967741935484
0.26411290322580644
0.2661290322580645
0.26814516129032256
0.2701612903225806
0.2721774193548387
0.27419354838709675
0.2762096774193548
0.2782258064516129
0.28024193548387094
0.28225806451612906
0.2842741935483871
0.2862903225806452
0.28830645161290325
0.2903225806451613
0.2923387096774194
0.29435483870967744
0.2963709677419355
0.29838709677419356
0.3004032258064516
0.3024193548387097
0.30443548387096775
0.3064516129032258
0.3084677419354839
0.31048387096774194
0.3125
0.31451612903225806
0.3165322580645161
0.3185483870967742
0.32056451612903225
1.0
1.0
1.0
1.0
1.0
1.0
1.0
1.0
1.0
1.0
1.0
1.0
1.0
1.0
1.0
1.0
1.0
1.0
1.0
1.0
1.0
1.0
1.0
1.0
1.0
1.0
0.12272727272727273
0.12669683257918551
0.13063063063063063
0.13452914798206278
0.13839285714285715
0.14222222222222222
0.14601769911504425
0.14977973568281938
0.15350877192982457
0.1572052401746725
0.1608695652173913
0.1645021645021645
0.16810344827586207
0.17167381974248927
0.1752136752136752
0.17872340425531916
0.18220338983050846
0.1864406779661017
0.1906779661016949
0.19491525423728814
0.19915254237288135
0.2033898305084746
0.2076271186440678
0.211864406779661
0.21610169491525424
0.22033898305084745
0.2245762711864407
0.2288135593220339
0.2330508474576271
0.23728813559322035
0.24152542372881355
0.2457627118644068
0.25
0.2542372881355932
0.2584745762711864
0.2627118644067797
0.2669491525423729
0.2711864406779661
0.2754237288135593
0.2796610169491525
0.2838983050847458
0.288135593220339
0.2923728813559322
0.2966101694915254
0.3008474576271186
0.3050847457627119
0.3080168776371308
0.31092436974789917
0.3138075313807531
0.31666666666666665
0.31950207468879666
0.32231404958677684
0.32510288065843623
0.32786885245901637
0.3306122448979592
0.3333333333333333
0.3360323886639676
0.3387096774193548
0.34274193548387094
0.3467741935483871
0.35080645161290325
0.3548387096774194
0.3588709677419355
0.3629032258064516
0.36693548387096775
0.3709677419354839
0.37349397590361444
0.376
0.3784860557768924
0.38095238095238093
0.383399209486166
0.3858267716535433
0.38976377952755903
0.3937007874015748
0.39763779527559057
0.4015748031496063
0.40551181102362205
0.40784313725490196
0.4117647058823529
0.41568627450980394
0.4196078431372549
0.4235294117647059
0.42578125
0.4296875
0.43359375
0.4375
0.44140625
0.4453125
0.44921875
0.453125
0.45703125
0.4609375
0.46484375
0.46875
0.47265625
0.47470817120622566
0.47674418604651164
0.47876447876447875
0.4826254826254826
0.4846153846153846
0.48659003831417624
0.48854961832061067
0.49236641221374045
0.4961832061068702
0.5
0.5038167938931297
0.5076335877862596
0.5114503816793893
0.5152671755725191
0.5190839694656488
0.5229007633587787
0.5267175572519084
0.5305343511450382
0.5343511450381679
0.5381679389312977
0.5419847328244275
0.5458015267175572
0.549618320610687
0.5534351145038168
0.5572519083969466
0.5610687022900763
0.5648854961832062
0.5687022900763359
0.5725190839694656
0.5763358778625954
0.5801526717557252
0.583969465648855
0.5877862595419847
0.5916030534351145
0.5954198473282443
0.5992366412213741
0.6030534351145038
0.6068702290076335
0.6106870229007634
0.6145038167938931
0.6183206106870229
0.6221374045801527
0.6259541984732825
0.6297709923664122
0.6335877862595419
0.6374045801526718
0.6412213740458015
0.6450381679389313
0.648854961832061
0.6526717557251909
0.6564885496183206
0.6603053435114504
0.6641221374045801
0.6679389312977099
0.6717557251908397
0.6755725190839694
0.6793893129770993
0.683206106870229
0.6870229007633588
0.6908396946564885
0.6946564885496184
0.6984732824427481
0.7022900763358778
0.7061068702290076
0.7099236641221374
0.7137404580152672
0.7175572519083969
0.7213740458015268
0.7251908396946565
0.7290076335877863
0.732824427480916
0.7366412213740458
0.7404580152671756
0.7442748091603053
0.7480916030534351
0.7519083969465649
0.7557251908396947
0.7595419847328244
0.7633587786259542
0.767175572519084
0.7709923664122137
0.7748091603053435
0.7786259541984732
0.7824427480916031
0.7862595419847328
0.7900763358778626
0.7938931297709924
0.7977099236641222
0.8015267175572519
0.8053435114503816
0.8091603053435115
0.8129770992366412
0.816793893129771
0.8206106870229007
0.8244274809160306
0.8282442748091603
0.8320610687022901
0.8358778625954199
0.8396946564885496
0.8403041825095057
0.8409090909090909
0.8415094339622642
0.8421052631578947
0.8426966292134831
0.8432835820895522
0.8438661710037175
0.8444444444444444
0.8450184501845018
0.8455882352941176
0.8461538461538461
0.8467153284671532
0.8472727272727273
0.8478260869565217
0.8483754512635379
0.851985559566787
0.855595667870036
0.8592057761732852
0.8628158844765343
0.8664259927797834
0.8700361010830325
0.8736462093862816
0.8772563176895307
0.8808664259927798
0.8844765342960289
0.8880866425992779
0.8916967509025271
0.8953068592057761
0.8989169675090253
0.9025270758122743
0.9061371841155235
0.9097472924187726
0.9133574007220217
0.9169675090252708
0.9205776173285198
0.924187725631769
0.927797833935018
0.9314079422382672
0.9350180505415162
0.9386281588447654
0.9422382671480144
0.9458483754512635
0.9494584837545126
0.9530685920577617
0.9566787003610109
0.9602888086642599
0.9638989169675091
0.9675090252707581
0.9676258992805755
0.967741935483871
0.9678571428571429
0.9679715302491103
0.9680851063829787
0.9681978798586572
0.9683098591549296
1.0
1.0
1.0
1.0
1.0
1.0
1.0
1.0
1.0
1.0
1.0
1.0
1.0
1.0
1.0
1.0
1.0
1.0
1.0
0.7407407407407407
0.75
0.7586206896551724
0.7666666666666667
0.7741935483870968
0.78125
0.7878787878787878
0.7941176470588235
0.8
0.8055555555555556
0.8108108108108109
0.8157894736842105
0.8205128205128205
0.825
0.8292682926829268
0.8333333333333334
0.3302752293577982
0.33636363636363636
0.34234234234234234
0.3482142857142857
0.35398230088495575
0.35964912280701755
0.3652173913043478
0.3706896551724138
0.37606837606837606
0.3813559322033898
0.3865546218487395
0.2883435582822086
0.2926829268292683
0.296969696969697
0.29411764705882354
0.2982456140350877
0.3023255813953488
0.3063583815028902
0.3103448275862069
0.18771331058020477
0.19047619047619047
0.19322033898305085
0.19594594594594594
0.19865319865319866
0.20134228187919462
0.2040133779264214
0.20666666666666667
0.20930232558139536
0.2119205298013245
0.2145214521452145
0.13306451612903225
0.1350806451612903
0.13709677419354838
0.13911290322580644
0.14112903225806453
0.1431451612903226
0.14516129032258066
0.14717741935483872
0.14919354838709678
0.15120967741935484
0.1532258064516129
0.15524193548387097
0.15725806451612903
0.1592741935483871
0.16129032258064516
0.16330645161290322
0.16532258064516128
0.16733870967741934
0.1693548387096774
0.17137096774193547
0.17338709677419356
0.17540322580645162
0.1774193548387097
0.17943548387096775
0.1814516129032258
0.18346774193548387
0.18548387096774194
0.1875
0.18951612903225806
0.19153225806451613
0.1935483870967742
0.19556451612903225
0.1975806451612903
0.19959677419354838
0.20161290322580644
0.20362903225806453
0.2056451612903226
0.20766129032258066
0.20967741935483872
0.21169354838709678
0.21370967741935484
0.2157258064516129
0.21774193548387097
0.21975806451612903
0.2217741935483871
0.22379032258064516
0.22580645161290322
0.22782258064516128
0.22983870967741934
0.2318548387096774
0.23387096774193547
0.23588709677419356
0.23790322580645162
0.2399193548387097
0.24193548387096775
0.2439516129032258
0.24596774193548387
0.24798387096774194
0.25
0.25201612903225806
0.2540322580645161
0.2560483870967742
0.25806451612903225
0.2600806451612903
0.2620967741935484
0.26411290322580644
0.2661290322580645
0.26814516129032256
0.2701612903225806
0.2721774193548387
0.27419354838709675
0.2762096774193548
0.2782258064516129
0.28024193548387094
0.28225806451612906
0.2842741935483871
0.2862903225806452
0.28830645161290325
0.2903225806451613
0.2923387096774194
0.29435483870967744
0.2963709677419355
0.29838709677419356
0.3004032258064516
0.3024193548387097
0.30443548387096775
0.3064516129032258
0.3084677419354839
0.31048387096774194
0.3125
0.31451612903225806
0.3165322580645161
0.3185483870967742
0.32056451612903225
0.3225806451612903
0.3245967741935484
0.32661290322580644
0.3286290322580645
0.33064516129032256
0.3326612903225806
0.3346774193548387
0.33669354838709675
0.3387096774193548
0.3407258064516129
0.34274193548387094
0.34475806451612906
0.3467741935483871
0.3487903225806452
0.35080645161290325
0.3528225806451613
0.3548387096774194
0.35685483870967744
0.3588709677419355
0.36088709677419356
0.3629032258064516
0.3649193548387097
0.36693548387096775
0.3689516129032258
0.3709677419354839
0.37298387096774194
0.375
0.37701612903225806
0.3790322580645161
0.3810483870967742
0.38306451612903225
0.3850806451612903
0.3870967741935484
0.38911290322580644
0.3911290322580645
0.39314516129032256
0.3951612903225806
0.3971774193548387
0.39919354838709675
0.4012096774193548
0.4032258064516129
0.40524193548387094
0.40725806451612906
0.4092741935483871
0.4112903225806452
0.41330645161290325
0.4153225806451613
0.4173387096774194
0.41935483870967744
0.4213709677419355
0.42338709677419356
0.4254032258064516
0.4274193548387097
0.42943548387096775
0.4314516129032258
0.4334677419354839
0.43548387096774194
0.4375
0.43951612903225806
0.4415322580645161
0.4435483870967742
0.44466800804828976
0.4457831325301205
0.4468937875751503
0.448
0.4491017964071856
0.450199203187251
0.45219123505976094
0.4541832669322709
0.45617529880478086
0.4581673306772908
0.4601593625498008
0.46215139442231074
0.4641434262948207
0.46613545816733065
0.4681274900398406
0.4701195219123506
0.4721115537848606
0.47410358565737054
0.4760956175298805
0.47808764940239046
0.4800796812749004
0.4820717131474104
0.48406374501992033
0.4860557768924303
0.48804780876494025
0.4900398406374502
0.49203187250996017
0.4940239043824701
0.4960159362549801
0.49800796812749004
0.5
0.50199203187251
0.5039840637450199
0.5059760956175299
0.5079681274900398
0.5099601593625498
0.510934393638171
0.5119047619047619
0.5128712871287129
0.5148514851485149
0.5158102766798419
0.5167652859960552
0.5177165354330708
0.5196850393700787
0.5216535433070866
0.5236220472440944
0.5255905511811023
0.5275590551181102
0.5295275590551181
0.531496062992126
0.5334645669291339
0.5354330708661418
0.5374015748031497
0.5393700787401575
0.5413385826771654
0.5433070866141733
0.5452755905511811
0.547244094488189
0.5492125984251969
0.5511811023622047
0.5531496062992126
0.5551181102362205
0.5570866141732284
0.5590551181102362
0.5610236220472441
0.562992125984252
0.5649606299212598
0.5669291338582677
0.5688976377952756
0.5708661417322834
0.5728346456692913
0.5748031496062992
0.5767716535433071
0.5787401574803149
0.5807086614173228
0.5826771653543307
0.5846456692913385
0.5866141732283464
0.5885826771653543
0.5905511811023622
0.59251968503937
0.594488188976378
0.5964566929133859
0.5984251968503937
0.6003937007874016
0.6023622047244095
0.6043307086614174
0.6062992125984252
0.6082677165354331
0.610236220472441
0.6122047244094488
0.6141732283464567
0.6161417322834646
0.6181102362204725
0.6200787401574803
0.6220472440944882
0.6227897838899804
0.6235294117647059
0.62426614481409
0.625
0.6257309941520468
0.6264591439688716
0.6271844660194175
0.629126213592233
0.6310679611650486
0.6330097087378641
0.6349514563106796
0.6368932038834951
0.6388349514563106
0.6407766990291263
0.6427184466019418
0.6446601941747573
0.6466019417475728
0.6485436893203883
0.6504854368932039
0.6524271844660194
0.654368932038835
0.6563106796116505
0.658252427184466
0.6601941747572816
0.6621359223300971
0.6640776699029126
0.6660194174757281
0.6679611650485436
0.6699029126213593
0.6718446601941748
0.6737864077669903
0.6757281553398058
0.6776699029126214
0.6796116504854369
0.6815533980582524
0.683495145631068
0.6854368932038835
0.6873786407766991
0.6893203883495146
0.6912621359223301
0.6932038834951456
0.6951456310679611
0.6970873786407767
0.6990291262135923
0.7009708737864078
0.7029126213592233
0.7048543689320388
0.7067961165048544
0.7087378640776699
0.7106796116504854
0.7126213592233009
0.7145631067961165
0.7165048543689321
0.7184466019417476
0.7203883495145631
0.7223300970873786
0.7242718446601941
0.7262135922330097
0.7281553398058253
0.7300970873786408
0.7306201550387597
0.7311411992263056
0.7316602316602316
0.7321772639691715
0.7326923076923076
0.7332053742802304
0.7337164750957854
0.734225621414914
0.7347328244274809
0.7352380952380952
0.7357414448669202
0.7362428842504743
0.7367424242424242
0.7372400756143668
0.7377358490566037
0.7396226415094339
0.7415094339622641
0.7433962264150943
0.7452830188679245
0.7471698113207547
0.7490566037735849
0.7509433962264151
0.7528301886792453
0.7547169811320755
0.7566037735849057
0.7584905660377359
0.7603773584905661
0.7622641509433963
0.7641509433962265
0.7660377358490567
0.7679245283018868
0.769811320754717
0.7716981132075472
0.7735849056603774
0.7754716981132076
0.7773584905660378
0.779245283018868
0.7811320754716982
0.7830188679245284
0.7849056603773585
0.7867924528301887
0.7886792452830189
0.7905660377358491
0.7924528301886793
0.7943396226415095
0.7962264150943397
0.7981132075471699
0.8
0.8018867924528302
0.8037735849056604
0.8056603773584906
0.8075471698113208
0.809433962264151
0.8113207547169812
0.8132075471698114
0.8150943396226416
0.8169811320754717
0.8188679245283019
0.8207547169811321
0.8226415094339623
0.8245283018867925
0.8264150943396227
0.8283018867924529
0.8301886792452831
0.8320754716981132
0.8339622641509434
0.8358490566037736
0.8377358490566038
0.839622641509434
0.8415094339622642
0.8433962264150944
1.0
1.0
1.0
1.0
1.0
1.0
1.0
1.0
1.0
1.0
1.0
1.0
1.0
1.0
1.0
1.0
1.0
1.0
1.0
0.7407407407407407
0.75
0.7586206896551724
0.7666666666666667
0.7741935483870968
0.78125
0.7878787878787878
0.7941176470588235
0.8
0.8055555555555556
0.8108108108108109
0.8157894736842105
0.8205128205128205
0.825
0.8292682926829268
0.8333333333333334
0.3302752293577982
0.33636363636363636
0.34234234234234234
0.3482142857142857
0.35398230088495575
0.35964912280701755
0.3652173913043478
0.3706896551724138
0.37606837606837606
0.3813559322033898
0.3865546218487395
0.2883435582822086
0.2926829268292683
0.296969696969697
0.29411764705882354
0.2982456140350877
0.3023255813953488
0.3063583815028902
0.3103448275862069
0.18771331058020477
0.19047619047619047
0.19322033898305085
0.19594594594594594
0.19865319865319866
0.20134228187919462
0.2040133779264214
0.20666666666666667
0.20930232558139536
0.2119205298013245
0.2145214521452145
0.13306451612903225
0.1350806451612903
0.13709677419354838
0.13911290322580644
0.14112903225806453
0.1431451612903226
0.14516129032258066
0.14717741935483872
0.14919354838709678
0.15120967741935484
0.1532258064516129
0.15524193548387097
0.15725806451612903
0.1592741935483871
0.16129032258064516
0.16330645161290322
0.16532258064516128
0.16733870967741934
0.1693548387096774
0.17137096774193547
0.17338709677419356
0.17540322580645162
0.1774193548387097
0.17943548387096775
0.1814516129032258
0.18346774193548387
0.18548387096774194
0.1875
0.18951612903225806
0.19153225806451613
0.1935483870967742
0.19556451612903225
0.1975806451612903
0.19959677419354838
0.20161290322580644
0.20362903225806453
0.2056451612903226
0.20766129032258066
0.20967741935483872
0.21169354838709678
0.21370967741935484
0.2157258064516129
0.21774193548387097
0.21975806451612903
0.2217741935483871
0.22379032258064516
0.22580645161290322
0.22782258064516128
0.22983870967741934
0.2318548387096774
0.23387096774193547
0.23588709677419356
0.23790322580645162
0.2399193548387097
0.24193548387096775
0.2439516129032258
0.24596774193548387
0.24798387096774194
0.25
0.25201612903225806
0.2540322580645161
0.2560483870967742
0.25806451612903225
0.2600806451612903
0.2620967741935484
0.26411290322580644
0.2661290322580645
0.26814516129032256
0.2701612903225806
0.2721774193548387
0.27419354838709675
0.2762096774193548
0.2782258064516129
0.28024193548387094
0.28225806451612906
0.2842741935483871
0.2862903225806452
0.28830645161290325
0.2903225806451613
0.2923387096774194
0.29435483870967744
0.2963709677419355
0.29838709677419356
0.3004032258064516
0.3024193548387097
0.30443548387096775
0.3064516129032258
0.3084677419354839
0.31048387096774194
0.3125
0.31451612903225806
0.3165322580645161
0.3185483870967742
0.32056451612903225
0.3225806451612903
0.3245967741935484
0.32661290322580644
0.3286290322580645
0.33064516129032256
0.3326612903225806
0.3346774193548387
0.33669354838709675
0.3387096774193548
0.3407258064516129
0.34274193548387094
0.34475806451612906
0.3467741935483871
0.3487903225806452
0.35080645161290325
0.3528225806451613
0.3548387096774194
0.35685483870967744
0.3588709677419355
0.36088709677419356
0.3629032258064516
0.3649193548387097
0.36693548387096775
0.3689516129032258
0.3709677419354839
0.37298387096774194
0.375
0.37701612903225806
0.3790322580645161
0.3810483870967742
0.38306451612903225
0.3850806451612903
0.3870967741935484
0.38911290322580644
0.3911290322580645
0.39314516129032256
0.3951612903225806
0.3971774193548387
0.39919354838709675
0.4012096774193548
0.4032258064516129
0.40524193548387094
0.40725806451612906
0.4092741935483871
0.4112903225806452
0.41330645161290325
0.4153225806451613
0.4173387096774194
0.41935483870967744
0.4213709677419355
0.42338709677419356
0.4254032258064516
0.4274193548387097
0.42943548387096775
0.4314516129032258
0.4334677419354839
0.43548387096774194
0.4375
0.43951612903225806
0.4415322580645161
0.4435483870967742
0.44466800804828976
0.4457831325301205
0.4468937875751503
0.448
0.4491017964071856
0.450199203187251
0.45219123505976094
0.4541832669322709
0.45617529880478086
0.4581673306772908
0.4601593625498008
0.46215139442231074
0.4641434262948207
0.46613545816733065
0.4681274900398406
0.4701195219123506
0.4721115537848606
0.47410358565737054
0.4760956175298805
0.47808764940239046
0.4800796812749004
0.4820717131474104
0.48406374501992033
0.4860557768924303
0.48804780876494025
0.4900398406374502
0.49203187250996017
0.4940239043824701
0.4960159362549801
0.49800796812749004
0.5
0.50199203187251
0.5039840637450199
0.5059760956175299
0.5079681274900398
0.5099601593625498
0.510934393638171
0.5119047619047619
0.5128712871287129
0.5148514851485149
0.5158102766798419
0.5167652859960552
0.5177165354330708
0.5196850393700787
0.5216535433070866
0.5236220472440944
0.5255905511811023
0.5275590551181102
0.5295275590551181
0.531496062992126
0.5334645669291339
0.5354330708661418
0.5374015748031497
0.5393700787401575
0.5413385826771654
0.5433070866141733
0.5452755905511811
0.547244094488189
0.5492125984251969
0.5511811023622047
0.5531496062992126
0.5551181102362205
0.5570866141732284
0.5590551181102362
0.5610236220472441
0.562992125984252
0.5649606299212598
0.5669291338582677
0.5688976377952756
0.5708661417322834
0.5728346456692913
0.5748031496062992
0.5767716535433071
0.5787401574803149
0.5807086614173228
0.5826771653543307
0.5846456692913385
0.5866141732283464
0.5885826771653543
0.5905511811023622
0.59251968503937
0.594488188976378
0.5964566929133859
0.5984251968503937
0.6003937007874016
0.6023622047244095
0.6043307086614174
0.6062992125984252
0.6082677165354331
0.610236220472441
0.6122047244094488
0.6141732283464567
0.6161417322834646
0.6181102362204725
0.6200787401574803
0.6220472440944882
0.6227897838899804
0.6235294117647059
0.62426614481409
0.625
0.6257309941520468
0.6264591439688716
0.6271844660194175
0.629126213592233
0.6310679611650486
0.6330097087378641
0.6349514563106796
0.6368932038834951
0.6388349514563106
0.6407766990291263
0.6427184466019418
0.6446601941747573
0.6466019417475728
0.6485436893203883
0.6504854368932039
0.6524271844660194
0.654368932038835
0.6563106796116505
0.658252427184466
0.6601941747572816
0.6621359223300971
0.6640776699029126
0.6660194174757281
0.6679611650485436
0.6699029126213593
0.6718446601941748
0.6737864077669903
0.6757281553398058
0.6776699029126214
0.6796116504854369
0.6815533980582524
0.683495145631068
0.6854368932038835
0.6873786407766991
0.6893203883495146
0.6912621359223301
0.6932038834951456
0.6951456310679611
0.6970873786407767
0.6990291262135923
0.7009708737864078
0.7029126213592233
0.7048543689320388
0.7067961165048544
0.7087378640776699
0.7106796116504854
0.7126213592233009
0.7145631067961165
0.7165048543689321
0.7184466019417476
0.7203883495145631
0.7223300970873786
0.7242718446601941
0.7262135922330097
0.7281553398058253
0.7300970873786408
0.7306201550387597
0.7311411992263056
0.7316602316602316
0.7321772639691715
0.7326923076923076
0.7332053742802304
0.7337164750957854
0.734225621414914
0.7347328244274809
0.7352380952380952
0.7357414448669202
0.7362428842504743
0.7367424242424242
0.7372400756143668
0.7377358490566037
0.7396226415094339
0.7415094339622641
0.7433962264150943
0.7452830188679245
0.7471698113207547
0.7490566037735849
0.7509433962264151
0.7528301886792453
0.7547169811320755
0.7566037735849057
0.7584905660377359
0.7603773584905661
0.7622641509433963
0.7641509433962265
0.7660377358490567
0.7679245283018868
0.769811320754717
0.7716981132075472
0.7735849056603774
0.7754716981132076
0.7773584905660378
0.779245283018868
0.7811320754716982
0.7830188679245284
0.7849056603773585
0.7867924528301887
0.7886792452830189
0.7905660377358491
0.7924528301886793
0.7943396226415095
0.7962264150943397
0.7981132075471699
0.8
0.8018867924528302
0.8037735849056604
0.8056603773584906
0.8075471698113208
0.809433962264151
0.8113207547169812
0.8132075471698114
0.8150943396226416
0.8169811320754717
0.8188679245283019
0.8207547169811321
0.8226415094339623
0.8245283018867925
0.8264150943396227
0.8283018867924529
0.8301886792452831
0.8320754716981132
0.8339622641509434
0.8358490566037736
0.8377358490566038
0.839622641509434
0.8415094339622642
0.8433962264150944
1.0
1.0
1.0
1.0
1.0
1.0
1.0
1.0
1.0
1.0
1.0
1.0
1.0
1.0
1.0
1.0
1.0
1.0
1.0
1.0
1.0
1.0
1.0
1.0
1.0
1.0
0.12272727272727273
0.12669683257918551
0.13063063063063063
0.13452914798206278
0.13839285714285715
0.14222222222222222
0.14601769911504425
0.14977973568281938
0.15350877192982457
0.1572052401746725
0.1608695652173913
0.1645021645021645
0.16810344827586207
0.17167381974248927
0.1752136752136752
0.17872340425531916
0.18220338983050846
0.1864406779661017
0.1906779661016949
0.19491525423728814
0.19915254237288135
0.2033898305084746
0.2076271186440678
0.211864406779661
0.21610169491525424
0.22033898305084745
0.2245762711864407
0.2288135593220339
0.2330508474576271
0.23728813559322035
0.24152542372881355
0.2457627118644068
0.25
0.2542372881355932
0.2584745762711864
0.2627118644067797
0.2669491525423729
0.2711864406779661
0.2754237288135593
0.2796610169491525
0.2838983050847458
0.288135593220339
0.2923728813559322
0.2966101694915254
0.3008474576271186
0.3050847457627119
0.3080168776371308
0.31092436974789917
0.3138075313807531
0.31666666666666665
0.31950207468879666
0.32231404958677684
0.32510288065843623
0.32786885245901637
0.3306122448979592
0.3333333333333333
0.3360323886639676
0.3387096774193548
0.34274193548387094
0.3467741935483871
0.35080645161290325
0.3548387096774194
0.3588709677419355
0.3629032258064516
0.36693548387096775
0.3709677419354839
0.37349397590361444
0.376
0.3784860557768924
0.38095238095238093
0.383399209486166
0.3858267716535433
0.38976377952755903
0.3937007874015748
0.39763779527559057
0.4015748031496063
0.40551181102362205
0.40784313725490196
0.4117647058823529
0.41568627450980394
0.4196078431372549
0.4235294117647059
0.42578125
0.4296875
0.43359375
0.4375
0.44140625
0.4453125
0.44921875
0.453125
0.45703125
0.4609375
0.46484375
0.46875
0.47265625
0.47470817120622566
0.47674418604651164
0.47876447876447875
0.4826254826254826
0.4846153846153846
0.48659003831417624
0.48854961832061067
0.49236641221374045
0.4961832061068702
0.5
0.5038167938931297
0.5076335877862596
0.5114503816793893
0.5152671755725191
0.5190839694656488
0.5229007633587787
0.5267175572519084
0.5305343511450382
0.5343511450381679
0.5381679389312977
0.5419847328244275
0.5458015267175572
0.549618320610687
0.5534351145038168
0.5572519083969466
0.5610687022900763
0.5648854961832062
0.5687022900763359
0.5725190839694656
0.5763358778625954
0.5801526717557252
0.583969465648855
0.5877862595419847
0.5916030534351145
0.5954198473282443
0.5992366412213741
0.6030534351145038
0.6068702290076335
0.6106870229007634
0.6145038167938931
0.6183206106870229
0.6221374045801527
0.6259541984732825
0.6297709923664122
0.6335877862595419
0.6374045801526718
0.6412213740458015
0.6450381679389313
0.648854961832061
0.6526717557251909
0.6564885496183206
0.6603053435114504
0.6641221374045801
0.6679389312977099
0.6717557251908397
0.6755725190839694
0.6793893129770993
0.683206106870229
0.6870229007633588
0.6908396946564885
0.6946564885496184
0.6984732824427481
0.7022900763358778
0.7061068702290076
0.7099236641221374
0.7137404580152672
0.7175572519083969
0.7213740458015268
0.7251908396946565
0.7290076335877863
0.732824427480916
0.7366412213740458
0.7404580152671756
0.7442748091603053
0.7480916030534351
0.7519083969465649
0.7557251908396947
0.7595419847328244
0.7633587786259542
0.767175572519084
0.7709923664122137
0.7748091603053435
0.7786259541984732
0.7824427480916031
0.7862595419847328
0.7900763358778626
0.7938931297709924
0.7977099236641222
0.8015267175572519
0.8053435114503816
0.8091603053435115
0.8129770992366412
0.816793893129771
0.8206106870229007
0.8244274809160306
0.8282442748091603
0.8320610687022901
0.8358778625954199
0.8396946564885496
0.8403041825095057
0.8409090909090909
0.8415094339622642
0.8421052631578947
0.8426966292134831
0.8432835820895522
0.8438661710037175
0.8444444444444444
0.8450184501845018
0.8455882352941176
0.8461538461538461
0.8467153284671532
0.8472727272727273
0.8478260869565217
0.8483754512635379
0.851985559566787
0.855595667870036
0.8592057761732852
0.8628158844765343
0.8664259927797834
0.8700361010830325
0.8736462093862816
0.8772563176895307
0.8808664259927798
0.8844765342960289
0.8880866425992779
0.8916967509025271
0.8953068592057761
0.8989169675090253
0.9025270758122743
0.9061371841155235
0.9097472924187726
0.9133574007220217
0.9169675090252708
0.9205776173285198
0.924187725631769
0.927797833935018
0.9314079422382672
0.9350180505415162
0.9386281588447654
0.9422382671480144
0.9458483754512635
0.9494584837545126
0.9530685920577617
0.9566787003610109
0.9602888086642599
0.9638989169675091
0.9675090252707581
0.9676258992805755
0.967741935483871
0.9678571428571429
0.9679715302491103
0.9680851063829787
0.9681978798586572
0.9683098591549296
