1.0
1.0
1.0
1.0
1.0
1.0
1.0
1.0
1.0
1.0
1.0
1.0
1.0
1.0
1.0
1.0
1.0
1.0
1.0
1.0
1.0
1.0
1.0
1.0
1.0
1.0
1.0
1.0
1.0
1.0
1.0
1.0
1.0
1.0
1.0
1.0
1.0
1.0
1.0
1.0
1.0
1.0
1.0
1.0
1.0
1.0
1.0
1.0
1.0
1.0
1.0
1.0
1.0
1.0
1.0
1.0
1.0
1.0
1.0
1.0
1.0
1.0
1.0
1.0
1.0
1.0
1.0
1.0
1.0
1.0
1.0
1.0
1.0
1.0
1.0
1.0
1.0
1.0
1.0
1.0
1.0
1.0
1.0
1.0
1.0
1.0
1.0
1.0
1.0
1.0
1.0
1.0
1.0
1.0
1.0
1.0
1.0
1.0
1.0
1.0
1.0
1.0
1.0
1.0
1.0
1.0
1.0
0.6842105263157895
0.6907894736842105
0.6973684210526315
0.7039473684210527
0.7105263157894737
0.7171052631578947
0.7236842105263158
0.7302631578947368
0.7368421052631579
0.743421052631579
0.75
0.7516339869281046
0.7532467532467533
0.7548387096774194
0.7564102564102564
0.7579617834394905
0.759493670886076
0.7610062893081762
0.7625
0.7639751552795031
0.7654320987654321
0.7668711656441718
0.7682926829268293
0.7696969696969697
0.7710843373493976
0.7724550898203593
0.7738095238095238
0.7751479289940828
0.7764705882352941
0.7777777777777778
0.7790697674418605
0.7803468208092486
0.7816091954022989
0.7828571428571428
0.7840909090909091
0.7853107344632768
0.7865168539325843
0.7877094972067039
0.7888888888888889
0.7900552486187845
0.7912087912087912
0.7923497267759563
0.7934782608695652
0.7945945945945946
0.7956989247311828
0.7967914438502673
0.7978723404255319
0.798941798941799
0.8
0.8010471204188482
0.8020833333333334
0.8031088082901554
0.8041237113402062
0.8051282051282052
0.8061224489795918
0.8071065989847716
0.8080808080808081
0.8090452261306532
0.81
0.8109452736318408
0.8118811881188119
0.812807881773399
0.8137254901960784
0.8146341463414634
0.8155339805825242
0.8164251207729468
0.8173076923076923
0.8181818181818182
0.819047619047619
0.8199052132701422
0.8207547169811321
0.8215962441314554
0.822429906542056
0.8232558139534883
0.8240740740740741
0.8248847926267281
0.8256880733944955
0.8264840182648402
0.8272727272727273
0.8280542986425339
0.8288288288288288
0.8295964125560538
0.8303571428571429
0.8311111111111111
0.831858407079646
0.8325991189427313
0.8333333333333334
0.834061135371179
0.8347826086956521
0.8354978354978355
0.8362068965517241
0.8369098712446352
0.8376068376068376
0.8382978723404255
0.8389830508474576
0.8396624472573839
0.8403361344537815
0.8410041841004184
0.8416666666666667
0.8423236514522822
0.8429752066115702
0.8436213991769548
0.8442622950819673
0.8448979591836735
0.8455284552845529
0.8461538461538461
0.8467741935483871
0.8473895582329317
0.848
0.848605577689243
0.8492063492063492
0.849802371541502
0.8503937007874016
0.8509803921568627
0.8515625
0.8521400778210116
0.8527131782945736
0.8532818532818532
0.8538461538461538
0.8544061302681992
0.8549618320610687
0.8555133079847909
0.8560606060606061
0.8566037735849057
0.8571428571428571
0.8576779026217228
0.8582089552238806
0.8587360594795539
0.8592592592592593
0.8597785977859779
0.8602941176470589
0.8608058608058609
0.8613138686131386
0.8618181818181818
0.8623188405797102
0.8628158844765343
0.8633093525179856
0.8637992831541219
0.8642857142857143
0.8647686832740213
0.8652482269503546
0.8657243816254417
0.8661971830985915
0.8666666666666667
0.8701754385964913
0.8736842105263158
0.8771929824561403
0.8807017543859649
0.8842105263157894
0.887719298245614
0.8912280701754386
0.8947368421052632
0.8982456140350877
0.9017543859649123
0.9020979020979021
0.9024390243902439
0.9027777777777778
0.903114186851211
0.903448275862069
0.9037800687285223
0.9041095890410958
0.9044368600682594
0.9047619047619048
0.9050847457627119
0.9054054054054054
0.9057239057239057
0.9060402684563759
0.9063545150501672
0.9066666666666666
0.9069767441860465
0.9072847682119205
0.9075907590759076
0.9078947368421053
0.9081967213114754
0.9084967320261438
0.9087947882736156
0.9090909090909091
0.9093851132686084
0.9096774193548387
0.909967845659164
0.9102564102564102
0.9105431309904153
0.910828025477707
0.9111111111111111
0.9113924050632911
0.9116719242902208
0.9119496855345912
0.9122257053291536
0.9125
0.9127725856697819
0.9130434782608695
0.913312693498452
0.9164086687306502
0.9195046439628483
0.9226006191950464
0.9256965944272446
0.9287925696594427
0.9318885448916409
0.934984520123839
0.9380804953560371
0.9411764705882353
0.9442724458204335
0.9473684210526315
0.9504643962848297
0.9535603715170279
0.9566563467492261
0.9597523219814241
0.9628482972136223
0.9659442724458205
0.9690402476780186
0.9721362229102167
0.9752321981424149
0.978328173374613
1.0
1.0
1.0
1.0
1.0
1.0
1.0
1.0
1.0
1.0
1.0
1.0
1.0
1.0
1.0
1.0
1.0
1.0
1.0
1.0
1.0
1.0
1.0
1.0
1.0
1.0
1.0
1.0
1.0
1.0
1.0
1.0
1.0
1.0
1.0
1.0
1.0
1.0
1.0
1.0
1.0
1.0
1.0
1.0
1.0
1.0
1.0
1.0
1.0
1.0
1.0
1.0
1.0
1.0
1.0
1.0
1.0
1.0
1.0
1.0
1.0
1.0
1.0
1.0
1.0
1.0
1.0
1.0
1.0
1.0
1.0
1.0
1.0
1.0
1.0
1.0
1.0
1.0
1.0
1.0
1.0
1.0
1.0
1.0
1.0
1.0
1.0
1.0
1.0
1.0
1.0
1.0
1.0
1.0
1.0
1.0
1.0
1.0
1.0
1.0
1.0
1.0
1.0
0.6842105263157895
0.6907894736842105
0.6973684210526315
0.7039473684210527
0.7105263157894737
0.7171052631578947
0.7236842105263158
0.7302631578947368
0.7368421052631579
0.743421052631579
0.75
0.7516339869281046
0.7532467532467533
0.7548387096774194
0.7564102564102564
0.7579617834394905
0.759493670886076
0.7610062893081762
0.7625
0.7639751552795031
0.7654320987654321
0.7668711656441718
0.7682926829268293
0.7696969696969697
0.7710843373493976
0.7724550898203593
0.7738095238095238
0.7751479289940828
0.7764705882352941
0.7777777777777778
0.7790697674418605
0.7803468208092486
0.7816091954022989
0.7828571428571428
0.7840909090909091
0.7853107344632768
0.7865168539325843
0.7877094972067039
0.7888888888888889
0.7900552486187845
0.7912087912087912
0.7923497267759563
0.7934782608695652
0.7945945945945946
0.7956989247311828
0.7967914438502673
0.7978723404255319
0.798941798941799
0.8
0.8010471204188482
0.8020833333333334
0.8031088082901554
0.8041237113402062
0.8051282051282052
0.8061224489795918
0.8071065989847716
0.8080808080808081
0.8090452261306532
0.81
0.8109452736318408
0.8118811881188119
0.812807881773399
0.8137254901960784
0.8146341463414634
0.8155339805825242
0.8164251207729468
0.8173076923076923
0.8181818181818182
0.819047619047619
0.8199052132701422
0.8207547169811321
0.8215962441314554
0.822429906542056
0.8232558139534883
0.8240740740740741
0.8248847926267281
0.8256880733944955
0.8264840182648402
0.8272727272727273
0.8280542986425339
0.8288288288288288
0.8295964125560538
0.8303571428571429
0.8311111111111111
0.831858407079646
0.8325991189427313
0.8333333333333334
0.834061135371179
0.8347826086956521
0.8354978354978355
0.8362068965517241
0.8369098712446352
0.8376068376068376
0.8382978723404255
0.8389830508474576
0.8396624472573839
0.8403361344537815
0.8410041841004184
0.8416666666666667
0.8423236514522822
0.8429752066115702
0.8436213991769548
0.8442622950819673
0.8448979591836735
0.8455284552845529
0.8461538461538461
0.8467741935483871
0.8473895582329317
0.848
0.848605577689243
0.8492063492063492
0.849802371541502
0.8503937007874016
0.8509803921568627
0.8515625
0.8521400778210116
0.8527131782945736
0.8532818532818532
0.8538461538461538
0.8544061302681992
0.8549618320610687
0.8555133079847909
0.8560606060606061
0.8566037735849057
0.8571428571428571
0.8576779026217228
0.8582089552238806
0.8587360594795539
0.8592592592592593
0.8597785977859779
0.8602941176470589
0.8608058608058609
0.8613138686131386
0.8618181818181818
0.8623188405797102
0.8628158844765343
0.8633093525179856
0.8637992831541219
0.8642857142857143
0.8647686832740213
0.8652482269503546
0.8657243816254417
0.8661971830985915
0.8666666666666667
0.8701754385964913
0.8736842105263158
0.8771929824561403
0.8807017543859649
0.8842105263157894
0.887719298245614
0.8912280701754386
0.8947368421052632
0.8982456140350877
0.9017543859649123
0.9020979020979021
0.9024390243902439
0.9027777777777778
0.903114186851211
0.903448275862069
0.9037800687285223
0.9041095890410958
0.9044368600682594
0.9047619047619048
0.9050847457627119
0.9054054054054054
0.9057239057239057
0.9060402684563759
0.9063545150501672
0.9066666666666666
0.9069767441860465
0.9072847682119205
0.9075907590759076
0.9078947368421053
0.9081967213114754
0.9084967320261438
0.9087947882736156
0.9090909090909091
0.9093851132686084
0.9096774193548387
0.909967845659164
0.9102564102564102
0.9105431309904153
0.910828025477707
0.9111111111111111
0.9113924050632911
0.9116719242902208
0.9119496855345912
0.9122257053291536
0.9125
0.9127725856697819
0.9130434782608695
0.913312693498452
0.9164086687306502
0.9195046439628483
0.9226006191950464
0.9256965944272446
0.9287925696594427
0.9318885448916409
0.934984520123839
0.9380804953560371
0.9411764705882353
0.9442724458204335
0.9473684210526315
0.9504643962848297
0.9535603715170279
0.9566563467492261
0.9597523219814241
0.9628482972136223
0.9659442724458205
0.9690402476780186
0.9721362229102167
0.9752321981424149
0.978328173374613
1.0
1.0
1.0
1.0
1.0
1.0
1.0
1.0
1.0
1.0
1.0
1.0
1.0
1.0
1.0
1.0
1.0
1.0
1.0
1.0
1.0
1.0
1.0
1.0
1.0
1.0
1.0
1.0
1.0
1.0
1.0
1.0
1.0
1.0
1.0
1.0
1.0
1.0
1.0
1.0
1.0
1.0
1.0
1.0
1.0
1.0
1.0
1.0
1.0
1.0
1.0
1.0
1.0
1.0
1.0
1.0
1.0
1.0
1.0
1.0
1.0
1.0
1.0
1.0
1.0
1.0
1.0
1.0
1.0
1.0
1.0
1.0
1.0
1.0
1.0
1.0
1.0
1.0
1.0
1.0
1.0
1.0
1.0
1.0
1.0
1.0
1.0
1.0
1.0
1.0
1.0
1.0
1.0
1.0
1.0
1.0
1.0
1.0
1.0
1.0
1.0
1.0
1.0
1.0
1.0
1.0
1.0
0.6842105263157895
0.6907894736842105
0.6973684210526315
0.7039473684210527
0.7105263157894737
0.7171052631578947
0.7236842105263158
0.7302631578947368
0.7368421052631579
0.743421052631579
0.75
0.7516339869281046
0.7532467532467533
0.7548387096774194
0.7564102564102564
0.7579617834394905
0.759493670886076
0.7610062893081762
0.7625
0.7639751552795031
0.7654320987654321
0.7668711656441718
0.7682926829268293
0.7696969696969697
0.7710843373493976
0.7724550898203593
0.7738095238095238
0.7751479289940828
0.7764705882352941
0.7777777777777778
0.7790697674418605
0.7803468208092486
0.7816091954022989
0.7828571428571428
0.7840909090909091
0.7853107344632768
0.7865168539325843
0.7877094972067039
0.7888888888888889
0.7900552486187845
0.7912087912087912
0.7923497267759563
0.7934782608695652
0.7945945945945946
0.7956989247311828
0.7967914438502673
0.7978723404255319
0.798941798941799
0.8
0.8010471204188482
0.8020833333333334
0.8031088082901554
0.8041237113402062
0.8051282051282052
0.8061224489795918
0.8071065989847716
0.8080808080808081
0.8090452261306532
0.81
0.8109452736318408
0.8118811881188119
0.812807881773399
0.8137254901960784
0.8146341463414634
0.8155339805825242
0.8164251207729468
0.8173076923076923
0.8181818181818182
0.819047619047619
0.8199052132701422
0.8207547169811321
0.8215962441314554
0.822429906542056
0.8232558139534883
0.8240740740740741
0.8248847926267281
0.8256880733944955
0.8264840182648402
0.8272727272727273
0.8280542986425339
0.8288288288288288
0.8295964125560538
0.8303571428571429
0.8311111111111111
0.831858407079646
0.8325991189427313
0.8333333333333334
0.834061135371179
0.8347826086956521
0.8354978354978355
0.8362068965517241
0.8369098712446352
0.8376068376068376
0.8382978723404255
0.8389830508474576
0.8396624472573839
0.8403361344537815
0.8410041841004184
0.8416666666666667
0.8423236514522822
0.8429752066115702
0.8436213991769548
0.8442622950819673
0.8448979591836735
0.8455284552845529
0.8461538461538461
0.8467741935483871
0.8473895582329317
0.848
0.848605577689243
0.8492063492063492
0.849802371541502
0.8503937007874016
0.8509803921568627
0.8515625
0.8521400778210116
0.8527131782945736
0.8532818532818532
0.8538461538461538
0.8544061302681992
0.8549618320610687
0.8555133079847909
0.8560606060606061
0.8566037735849057
0.8571428571428571
0.8576779026217228
0.8582089552238806
0.8587360594795539
0.8592592592592593
0.8597785977859779
0.8602941176470589
0.8608058608058609
0.8613138686131386
0.8618181818181818
0.8623188405797102
0.8628158844765343
0.8633093525179856
0.8637992831541219
0.8642857142857143
0.8647686832740213
0.8652482269503546
0.8657243816254417
0.8661971830985915
0.8666666666666667
0.8701754385964913
0.8736842105263158
0.8771929824561403
0.8807017543859649
0.8842105263157894
0.887719298245614
0.8912280701754386
0.8947368421052632
0.8982456140350877
0.9017543859649123
0.9020979020979021
0.9024390243902439
0.9027777777777778
0.903114186851211
0.903448275862069
0.9037800687285223
0.9041095890410958
0.9044368600682594
0.9047619047619048
0.9050847457627119
0.9054054054054054
0.9057239057239057
0.9060402684563759
0.9063545150501672
0.9066666666666666
0.9069767441860465
0.9072847682119205
0.9075907590759076
0.9078947368421053
0.9081967213114754
0.9084967320261438
0.9087947882736156
0.9090909090909091
0.9093851132686084
0.9096774193548387
0.909967845659164
0.9102564102564102
0.9105431309904153
0.910828025477707
0.9111111111111111
0.9113924050632911
0.9116719242902208
0.9119496855345912
0.9122257053291536
0.9125
0.9127725856697819
0.9130434782608695
0.913312693498452
0.9164086687306502
0.9195046439628483
0.9226006191950464
0.9256965944272446
0.9287925696594427
0.9318885448916409
0.934984520123839
0.9380804953560371
0.9411764705882353
0.9442724458204335
0.9473684210526315
0.9504643962848297
0.9535603715170279
0.9566563467492261
0.9597523219814241
0.9628482972136223
0.9659442724458205
0.9690402476780186
0.9721362229102167
0.9752321981424149
0.978328173374613
1.0
1.0
1.0
1.0
1.0
1.0
1.0
1.0
1.0
1.0
1.0
1.0
1.0
1.0
1.0
1.0
1.0
1.0
1.0
1.0
1.0
1.0
1.0
1.0
1.0
1.0
1.0
1.0
1.0
1.0
1.0
1.0
1.0
1.0
1.0
1.0
1.0
1.0
1.0
1.0
1.0
1.0
1.0
1.0
1.0
1.0
1.0
1.0
1.0
1.0
1.0
1.0
1.0
1.0
1.0
1.0
1.0
1.0
1.0
1.0
1.0
1.0
1.0
1.0
1.0
1.0
1.0
1.0
1.0
1.0
1.0
1.0
1.0
1.0
1.0
1.0
1.0
1.0
1.0
1.0
1.0
1.0
1.0
1.0
1.0
1.0
1.0
1.0
1.0
1.0
1.0
1.0
1.0
1.0
1.0
1.0
1.0
1.0
1.0
1.0
1.0
1.0
1.0
0.6842105263157895
0.6907894736842105
0.6973684210526315
0.7039473684210527
0.7105263157894737
0.7171052631578947
0.7236842105263158
0.7302631578947368
0.7368421052631579
0.743421052631579
0.75
0.7516339869281046
0.7532467532467533
0.7548387096774194
0.7564102564102564
0.7579617834394905
0.759493670886076
0.7610062893081762
0.7625
0.7639751552795031
0.7654320987654321
0.7668711656441718
0.7682926829268293
0.7696969696969697
0.7710843373493976
0.7724550898203593
0.7738095238095238
0.7751479289940828
0.7764705882352941
0.7777777777777778
0.7790697674418605
0.7803468208092486
0.7816091954022989
0.7828571428571428
0.7840909090909091
0.7853107344632768
0.7865168539325843
0.7877094972067039
0.7888888888888889
0.7900552486187845
0.7912087912087912
0.7923497267759563
0.7934782608695652
0.7945945945945946
0.7956989247311828
0.7967914438502673
0.7978723404255319
0.798941798941799
0.8
0.8010471204188482
0.8020833333333334
0.8031088082901554
0.8041237113402062
0.8051282051282052
0.8061224489795918
0.8071065989847716
0.8080808080808081
0.8090452261306532
0.81
0.8109452736318408
0.8118811881188119
0.812807881773399
0.8137254901960784
0.8146341463414634
0.8155339805825242
0.8164251207729468
0.8173076923076923
0.8181818181818182
0.819047619047619
0.8199052132701422
0.8207547169811321
0.8215962441314554
0.822429906542056
0.8232558139534883
0.8240740740740741
0.8248847926267281
0.8256880733944955
0.8264840182648402
0.8272727272727273
0.8280542986425339
0.8288288288288288
0.8295964125560538
0.8303571428571429
0.8311111111111111
0.831858407079646
0.8325991189427313
0.8333333333333334
0.834061135371179
0.8347826086956521
0.8354978354978355
0.8362068965517241
0.8369098712446352
0.8376068376068376
0.8382978723404255
0.8389830508474576
0.8396624472573839
0.8403361344537815
0.8410041841004184
0.8416666666666667
0.8423236514522822
0.8429752066115702
0.8436213991769548
0.8442622950819673
0.8448979591836735
0.8455284552845529
0.8461538461538461
0.8467741935483871
0.8473895582329317
0.848
0.848605577689243
0.8492063492063492
0.849802371541502
0.8503937007874016
0.8509803921568627
0.8515625
0.8521400778210116
0.8527131782945736
0.8532818532818532
0.8538461538461538
0.8544061302681992
0.8549618320610687
0.8555133079847909
0.8560606060606061
0.8566037735849057
0.8571428571428571
0.8576779026217228
0.8582089552238806
0.8587360594795539
0.8592592592592593
0.8597785977859779
0.8602941176470589
0.8608058608058609
0.8613138686131386
0.8618181818181818
0.8623188405797102
0.8628158844765343
0.8633093525179856
0.8637992831541219
0.8642857142857143
0.8647686832740213
0.8652482269503546
0.8657243816254417
0.8661971830985915
0.8666666666666667
0.8701754385964913
0.8736842105263158
0.8771929824561403
0.8807017543859649
0.8842105263157894
0.887719298245614
0.8912280701754386
0.8947368421052632
0.8982456140350877
0.9017543859649123
0.9020979020979021
0.9024390243902439
0.9027777777777778
0.903114186851211
0.903448275862069
0.9037800687285223
0.9041095890410958
0.9044368600682594
0.9047619047619048
0.9050847457627119
0.9054054054054054
0.9057239057239057
0.9060402684563759
0.9063545150501672
0.9066666666666666
0.9069767441860465
0.9072847682119205
0.9075907590759076
0.9078947368421053
0.9081967213114754
0.9084967320261438
0.9087947882736156
0.9090909090909091
0.9093851132686084
0.9096774193548387
0.909967845659164
0.9102564102564102
0.9105431309904153
0.910828025477707
0.9111111111111111
0.9113924050632911
0.9116719242902208
0.9119496855345912
0.9122257053291536
0.9125
0.9127725856697819
0.9130434782608695
0.913312693498452
0.9164086687306502
0.9195046439628483
0.9226006191950464
0.9256965944272446
0.9287925696594427
0.9318885448916409
0.934984520123839
0.9380804953560371
0.9411764705882353
0.9442724458204335
0.9473684210526315
0.9504643962848297
0.9535603715170279
0.9566563467492261
0.9597523219814241
0.9628482972136223
0.9659442724458205
0.9690402476780186
0.9721362229102167
0.9752321981424149
0.978328173374613
1.0
1.0
1.0
1.0
1.0
1.0
1.0
1.0
1.0
1.0
1.0
1.0
1.0
1.0
1.0
1.0
1.0
1.0
1.0
1.0
1.0
1.0
1.0
1.0
1.0
1.0
1.0
1.0
1.0
1.0
1.0
1.0
1.0
1.0
1.0
1.0
1.0
1.0
1.0
1.0
1.0
1.0
1.0
1.0
1.0
1.0
1.0
1.0
1.0
1.0
1.0
1.0
1.0
1.0
1.0
1.0
1.0
1.0
1.0
1.0
1.0
1.0
1.0
1.0
1.0
1.0
1.0
1.0
1.0
1.0
1.0
1.0
1.0
1.0
1.0
1.0
1.0
1.0
1.0
1.0
1.0
1.0
1.0
1.0
1.0
1.0
1.0
1.0
1.0
1.0
1.0
1.0
1.0
1.0
1.0
1.0
1.0
1.0
1.0
1.0
1.0
1.0
1.0
1.0
1.0
1.0
1.0
1.0
1.0
1.0
1.0
1.0
1.0
1.0
1.0
1.0
1.0
1.0
1.0
1.0
1.0
1.0
1.0
1.0
1.0
1.0
1.0
1.0
1.0
1.0
1.0
1.0
1.0
1.0
1.0
1.0
1.0
1.0
1.0
1.0
1.0
1.0
1.0
1.0
1.0
1.0
1.0
1.0
1.0
1.0
1.0
1.0
1.0
1.0
1.0
1.0
1.0
1.0
1.0
1.0
1.0
1.0
1.0
1.0
1.0
1.0
1.0
1.0
1.0
1.0
1.0
1.0
1.0
1.0
1.0
1.0
1.0
1.0
1.0
1.0
1.0
1.0
1.0
1.0
1.0
1.0
1.0
1.0
1.0
1.0
1.0
1.0
1.0
1.0
1.0
1.0
1.0
1.0
1.0
1.0
1.0
1.0
1.0
1.0
1.0
1.0
1.0
1.0
1.0
1.0
1.0
1.0
1.0
1.0
0.6842105263157895
0.6907894736842105
0.6973684210526315
0.7039473684210527
0.7105263157894737
0.7171052631578947
0.7236842105263158
0.7302631578947368
0.7368421052631579
0.743421052631579
0.75
0.7516339869281046
0.7532467532467533
0.7548387096774194
0.7564102564102564
0.7579617834394905
0.759493670886076
0.7610062893081762
0.7625
0.7639751552795031
0.7654320987654321
0.7668711656441718
0.7682926829268293
0.7696969696969697
0.7710843373493976
0.7724550898203593
0.7738095238095238
0.7751479289940828
0.7764705882352941
0.7777777777777778
0.7790697674418605
0.7803468208092486
0.7816091954022989
0.7828571428571428
0.7840909090909091
0.7853107344632768
0.7865168539325843
0.7877094972067039
0.7888888888888889
0.7900552486187845
0.7912087912087912
0.7923497267759563
0.7934782608695652
0.7945945945945946
0.7956989247311828
0.7967914438502673
0.7978723404255319
0.798941798941799
0.8
0.8010471204188482
0.8020833333333334
0.8031088082901554
0.8041237113402062
0.8051282051282052
0.8061224489795918
0.8071065989847716
0.8080808080808081
0.8090452261306532
0.81
0.8109452736318408
0.8118811881188119
0.812807881773399
0.8137254901960784
0.8146341463414634
0.8155339805825242
0.8164251207729468
0.8173076923076923
0.8181818181818182
0.819047619047619
0.8199052132701422
0.8207547169811321
0.8215962441314554
0.822429906542056
0.8232558139534883
0.8240740740740741
0.8248847926267281
0.8256880733944955
0.8264840182648402
0.8272727272727273
0.8280542986425339
0.8288288288288288
0.8295964125560538
0.8303571428571429
0.8311111111111111
0.831858407079646
0.8325991189427313
0.8333333333333334
0.834061135371179
0.8347826086956521
0.8354978354978355
0.8362068965517241
0.8369098712446352
0.8376068376068376
0.8382978723404255
0.8389830508474576
0.8396624472573839
0.8403361344537815
0.8410041841004184
0.8416666666666667
0.8423236514522822
0.8429752066115702
0.8436213991769548
0.8442622950819673
0.8448979591836735
0.8455284552845529
0.8461538461538461
0.8467741935483871
0.8473895582329317
0.848
0.848605577689243
0.8492063492063492
0.849802371541502
0.8503937007874016
0.8509803921568627
0.8515625
0.8521400778210116
0.8527131782945736
0.8532818532818532
0.8538461538461538
0.8544061302681992
0.8549618320610687
0.8555133079847909
0.8560606060606061
0.8566037735849057
0.8571428571428571
0.8576779026217228
0.8582089552238806
0.8587360594795539
0.8592592592592593
0.8597785977859779
0.8602941176470589
0.8608058608058609
0.8613138686131386
0.8618181818181818
0.8623188405797102
0.8628158844765343
0.8633093525179856
0.8637992831541219
0.8642857142857143
0.8647686832740213
0.8652482269503546
0.8657243816254417
0.8661971830985915
0.8666666666666667
0.8701754385964913
0.8736842105263158
0.8771929824561403
0.8807017543859649
0.8842105263157894
0.887719298245614
0.8912280701754386
0.8947368421052632
0.8982456140350877
0.9017543859649123
0.9020979020979021
0.9024390243902439
0.9027777777777778
0.903114186851211
0.903448275862069
0.9037800687285223
0.9041095890410958
0.9044368600682594
0.9047619047619048
0.9050847457627119
0.9054054054054054
0.9057239057239057
0.9060402684563759
0.9063545150501672
0.9066666666666666
0.9069767441860465
0.9072847682119205
0.9075907590759076
0.9078947368421053
0.9081967213114754
0.9084967320261438
0.9087947882736156
0.9090909090909091
0.9093851132686084
0.9096774193548387
0.909967845659164
0.9102564102564102
0.9105431309904153
0.910828025477707
0.9111111111111111
0.9113924050632911
0.9116719242902208
0.9119496855345912
0.9122257053291536
0.9125
0.9127725856697819
0.9130434782608695
0.913312693498452
0.9164086687306502
0.9195046439628483
0.9226006191950464
0.9256965944272446
0.9287925696594427
0.9318885448916409
0.934984520123839
0.9380804953560371
0.9411764705882353
0.9442724458204335
0.9473684210526315
0.9504643962848297
0.9535603715170279
0.9566563467492261
0.9597523219814241
0.9628482972136223
0.9659442724458205
0.9690402476780186
0.9721362229102167
0.9752321981424149
1.0
1.0
1.0
1.0
1.0
1.0
1.0
1.0
1.0
1.0
1.0
1.0
1.0
1.0
1.0
1.0
1.0
1.0
1.0
1.0
1.0
1.0
1.0
1.0
1.0
1.0
1.0
1.0
1.0
1.0
1.0
1.0
1.0
1.0
1.0
1.0
1.0
1.0
1.0
1.0
1.0
1.0
1.0
1.0
1.0
1.0
1.0
1.0
1.0
1.0
1.0
1.0
1.0
1.0
1.0
1.0
1.0
1.0
1.0
1.0
1.0
1.0
1.0
1.0
1.0
1.0
1.0
1.0
1.0
1.0
1.0
1.0
1.0
1.0
1.0
1.0
1.0
1.0
1.0
1.0
1.0
1.0
1.0
1.0
1.0
1.0
1.0
1.0
1.0
1.0
1.0
1.0
1.0
1.0
1.0
1.0
1.0
1.0
1.0
1.0
1.0
1.0
1.0
1.0
1.0
1.0
1.0
1.0
1.0
1.0
1.0
1.0
1.0
1.0
1.0
1.0
1.0
1.0
1.0
1.0
1.0
1.0
1.0
1.0
1.0
1.0
1.0
1.0
1.0
1.0
1.0
1.0
1.0
1.0
1.0
1.0
1.0
1.0
1.0
1.0
1.0
1.0
1.0
1.0
1.0
1.0
1.0
1.0
1.0
1.0
1.0
1.0
1.0
1.0
1.0
1.0
1.0
1.0
1.0
1.0
1.0
1.0
1.0
1.0
1.0
1.0
1.0
1.0
1.0
1.0
1.0
1.0
1.0
1.0
1.0
1.0
1.0
1.0
1.0
1.0
1.0
1.0
1.0
1.0
1.0
1.0
1.0
1.0
1.0
1.0
1.0
1.0
1.0
1.0
1.0
1.0
1.0
1.0
1.0
1.0
1.0
1.0
1.0
1.0
1.0
1.0
0.6842105263157895
0.6907894736842105
0.6973684210526315
0.7039473684210527
0.7105263157894737
0.7171052631578947
0.7236842105263158
0.7302631578947368
0.7368421052631579
0.743421052631579
0.75
0.7516339869281046
0.7532467532467533
0.7548387096774194
0.7564102564102564
0.7579617834394905
0.759493670886076
0.7610062893081762
0.7625
0.7639751552795031
0.7654320987654321
0.7668711656441718
0.7682926829268293
0.7696969696969697
0.7710843373493976
0.7724550898203593
0.7738095238095238
0.7751479289940828
0.7764705882352941
0.7777777777777778
0.7790697674418605
0.7803468208092486
0.7816091954022989
0.7828571428571428
0.7840909090909091
0.7853107344632768
0.7865168539325843
0.7877094972067039
0.7888888888888889
0.7900552486187845
0.7912087912087912
0.7923497267759563
0.7934782608695652
0.7945945945945946
0.7956989247311828
0.7967914438502673
0.7978723404255319
0.798941798941799
0.8
0.8010471204188482
0.8020833333333334
0.8031088082901554
0.8041237113402062
0.8051282051282052
0.8061224489795918
0.8071065989847716
0.8080808080808081
0.8090452261306532
0.81
0.8109452736318408
0.8118811881188119
0.812807881773399
0.8137254901960784
0.8146341463414634
0.8155339805825242
0.8164251207729468
0.8173076923076923
0.8181818181818182
0.819047619047619
0.8199052132701422
0.8207547169811321
0.8215962441314554
0.822429906542056
0.8232558139534883
0.8240740740740741
0.8248847926267281
0.8256880733944955
0.8264840182648402
0.8272727272727273
0.8280542986425339
0.8288288288288288
0.8295964125560538
0.8303571428571429
0.8311111111111111
0.831858407079646
0.8325991189427313
0.8333333333333334
0.834061135371179
0.8347826086956521
0.8354978354978355
0.8362068965517241
0.8369098712446352
0.8376068376068376
0.8382978723404255
0.8389830508474576
0.8396624472573839
0.8403361344537815
0.8410041841004184
0.8416666666666667
0.8423236514522822
0.8429752066115702
0.8436213991769548
0.8442622950819673
0.8448979591836735
0.8455284552845529
0.8461538461538461
0.8467741935483871
0.8473895582329317
0.848
0.848605577689243
0.8492063492063492
0.849802371541502
0.8503937007874016
0.8509803921568627
0.8515625
0.8521400778210116
0.8527131782945736
0.8532818532818532
0.8538461538461538
0.8544061302681992
0.8549618320610687
0.8555133079847909
0.8560606060606061
0.8566037735849057
0.8571428571428571
0.8576779026217228
0.8582089552238806
0.8587360594795539
0.8592592592592593
0.8597785977859779
0.8602941176470589
0.8608058608058609
0.8613138686131386
0.8618181818181818
0.8623188405797102
0.8628158844765343
0.8633093525179856
0.8637992831541219
0.8642857142857143
0.8647686832740213
0.8652482269503546
0.8657243816254417
0.8661971830985915
0.8666666666666667
0.8701754385964913
0.8736842105263158
0.8771929824561403
0.8807017543859649
0.8842105263157894
0.887719298245614
0.8912280701754386
0.8947368421052632
0.8982456140350877
0.9017543859649123
0.9020979020979021
0.9024390243902439
0.9027777777777778
0.903114186851211
0.903448275862069
0.9037800687285223
0.9041095890410958
0.9044368600682594
0.9047619047619048
0.9050847457627119
0.9054054054054054
0.9057239057239057
0.9060402684563759
0.9063545150501672
0.9066666666666666
0.9069767441860465
0.9072847682119205
0.9075907590759076
0.9078947368421053
0.9081967213114754
0.9084967320261438
0.9087947882736156
0.9090909090909091
0.9093851132686084
0.9096774193548387
0.909967845659164
0.9102564102564102
0.9105431309904153
0.910828025477707
0.9111111111111111
0.9113924050632911
0.9116719242902208
0.9119496855345912
0.9122257053291536
0.9125
0.9127725856697819
0.9130434782608695
0.913312693498452
0.9164086687306502
0.9195046439628483
0.9226006191950464
0.9256965944272446
0.9287925696594427
0.9318885448916409
0.934984520123839
0.9380804953560371
0.9411764705882353
0.9442724458204335
0.9473684210526315
0.9504643962848297
0.9535603715170279
0.9566563467492261
0.9597523219814241
0.9628482972136223
1.0
1.0
1.0
1.0
1.0
1.0
1.0
1.0
1.0
1.0
1.0
1.0
1.0
1.0
1.0
1.0
1.0
1.0
1.0
1.0
1.0
1.0
1.0
1.0
1.0
1.0
1.0
1.0
1.0
1.0
1.0
1.0
1.0
1.0
1.0
1.0
1.0
1.0
1.0
1.0
1.0
1.0
1.0
1.0
1.0
1.0
1.0
1.0
1.0
1.0
1.0
1.0
1.0
1.0
1.0
1.0
1.0
1.0
1.0
1.0
1.0
1.0
1.0
1.0
1.0
1.0
1.0
1.0
1.0
1.0
1.0
1.0
1.0
1.0
1.0
1.0
1.0
1.0
1.0
1.0
1.0
1.0
1.0
1.0
1.0
1.0
1.0
1.0
1.0
1.0
1.0
1.0
1.0
1.0
1.0
1.0
1.0
1.0
1.0
1.0
1.0
1.0
1.0
1.0
1.0
1.0
1.0
0.6842105263157895
0.6907894736842105
0.6973684210526315
0.7039473684210527
0.7105263157894737
0.7171052631578947
0.7236842105263158
0.7302631578947368
0.7368421052631579
0.743421052631579
0.75
0.7516339869281046
0.7532467532467533
0.7548387096774194
0.7564102564102564
0.7579617834394905
0.759493670886076
0.7610062893081762
0.7625
0.7639751552795031
0.7654320987654321
0.7668711656441718
0.7682926829268293
0.7696969696969697
0.7710843373493976
0.7724550898203593
0.7738095238095238
0.7751479289940828
0.7764705882352941
0.7777777777777778
0.7790697674418605
0.7803468208092486
0.7816091954022989
0.7828571428571428
0.7840909090909091
1.0
1.0
1.0
1.0
1.0
1.0
1.0
1.0
1.0
1.0
1.0
1.0
1.0
1.0
1.0
1.0
1.0
1.0
1.0
1.0
1.0
1.0
1.0
1.0
1.0
1.0
1.0
1.0
1.0
1.0
1.0
1.0
1.0
1.0
1.0
1.0
1.0
1.0
1.0
1.0
1.0
1.0
1.0
1.0
1.0
1.0
1.0
1.0
1.0
1.0
1.0
1.0
1.0
1.0
1.0
1.0
1.0
1.0
1.0
1.0
1.0
1.0
1.0
1.0
1.0
1.0
1.0
1.0
1.0
1.0
1.0
1.0
1.0
1.0
1.0
1.0
1.0
1.0
1.0
1.0
1.0
1.0
1.0
1.0
1.0
1.0
1.0
1.0
1.0
1.0
1.0
1.0
1.0
1.0
1.0
1.0
1.0
1.0
1.0
1.0
1.0
1.0
1.0
1.0
1.0
1.0
1.0
0.6842105263157895
0.6907894736842105
0.6973684210526315
0.7039473684210527
0.7105263157894737
0.7171052631578947
0.7236842105263158
0.7302631578947368
0.7368421052631579
0.743421052631579
0.75
0.7516339869281046
0.7532467532467533
0.7548387096774194
0.7564102564102564
0.7579617834394905
0.759493670886076
0.7610062893081762
0.7625
0.7639751552795031
0.7654320987654321
0.7668711656441718
0.7682926829268293
0.7696969696969697
0.7710843373493976
0.7724550898203593
0.7738095238095238
0.7751479289940828
0.7764705882352941
0.7777777777777778
0.7790697674418605
0.7803468208092486
0.7816091954022989
0.7828571428571428
0.7840909090909091
0.7853107344632768
0.7865168539325843
0.7877094972067039
0.7888888888888889
0.7900552486187845
0.7912087912087912
0.7923497267759563
0.7934782608695652
0.7945945945945946
0.7956989247311828
0.7967914438502673
0.7978723404255319
0.798941798941799
0.8
0.8010471204188482
0.8020833333333334
0.8031088082901554
0.8041237113402062
0.8051282051282052
0.8061224489795918
0.8071065989847716
0.8080808080808081
0.8090452261306532
0.81
0.8109452736318408
0.8118811881188119
0.812807881773399
0.8137254901960784
0.8146341463414634
0.8155339805825242
0.8164251207729468
0.8173076923076923
0.8181818181818182
0.819047619047619
0.8199052132701422
0.8207547169811321
0.8215962441314554
0.822429906542056
0.8232558139534883
0.8240740740740741
0.8248847926267281
0.8256880733944955
0.8264840182648402
0.8272727272727273
0.8280542986425339
0.8288288288288288
0.8295964125560538
0.8303571428571429
0.8311111111111111
0.831858407079646
0.8325991189427313
0.8333333333333334
0.834061135371179
0.8347826086956521
0.8354978354978355
0.8362068965517241
0.8369098712446352
0.8376068376068376
0.8382978723404255
0.8389830508474576
0.8396624472573839
0.8403361344537815
0.8410041841004184
0.8416666666666667
0.8423236514522822
0.8429752066115702
0.8436213991769548
0.8442622950819673
0.8448979591836735
0.8455284552845529
0.8461538461538461
0.8467741935483871
0.8473895582329317
0.848
0.848605577689243
0.8492063492063492
0.849802371541502
0.8503937007874016
0.8509803921568627
0.8515625
0.8521400778210116
0.8527131782945736
0.8532818532818532
0.8538461538461538
0.8544061302681992
0.8549618320610687
0.8555133079847909
0.8560606060606061
0.8566037735849057
0.8571428571428571
0.8576779026217228
0.8582089552238806
0.8587360594795539
0.8592592592592593
0.8597785977859779
0.8602941176470589
0.8608058608058609
0.8613138686131386
0.8618181818181818
0.8623188405797102
0.8628158844765343
0.8633093525179856
0.8637992831541219
0.8642857142857143
0.8647686832740213
0.8652482269503546
0.8657243816254417
0.8661971830985915
0.8666666666666667
0.8701754385964913
0.8736842105263158
0.8771929824561403
0.8807017543859649
0.8842105263157894
0.887719298245614
0.8912280701754386
0.8947368421052632
0.8982456140350877
0.9017543859649123
0.9020979020979021
0.9024390243902439
0.9027777777777778
0.903114186851211
0.903448275862069
0.9037800687285223
0.9041095890410958
0.9044368600682594
0.9047619047619048
0.9050847457627119
0.9054054054054054
0.9057239057239057
0.9060402684563759
0.9063545150501672
0.9066666666666666
0.9069767441860465
0.9072847682119205
0.9075907590759076
0.9078947368421053
0.9081967213114754
0.9084967320261438
0.9087947882736156
0.9090909090909091
0.9093851132686084
0.9096774193548387
0.909967845659164
0.9102564102564102
0.9105431309904153
0.910828025477707
0.9111111111111111
0.9113924050632911
0.9116719242902208
0.9119496855345912
0.9122257053291536
0.9125
0.9127725856697819
0.9130434782608695
0.913312693498452
0.9164086687306502
0.9195046439628483
0.9226006191950464
0.9256965944272446
0.9287925696594427
0.9318885448916409
0.934984520123839
0.9380804953560371
0.9411764705882353
0.9442724458204335
0.9473684210526315
0.9504643962848297
0.9535603715170279
0.9566563467492261
0.9597523219814241
0.9628482972136223
0.9659442724458205
0.9690402476780186
0.9721362229102167
0.9752321981424149
0.978328173374613
1.0
1.0
1.0
1.0
1.0
1.0
1.0
1.0
1.0
1.0
1.0
1.0
1.0
1.0
1.0
1.0
1.0
1.0
1.0
1.0
1.0
1.0
1.0
1.0
1.0
1.0
1.0
1.0
1.0
1.0
1.0
1.0
1.0
1.0
1.0
1.0
1.0
1.0
1.0
1.0
1.0
1.0
1.0
1.0
1.0
1.0
1.0
1.0
1.0
1.0
1.0
1.0
1.0
1.0
1.0
1.0
1.0
1.0
1.0
1.0
1.0
1.0
1.0
1.0
1.0
1.0
1.0
1.0
1.0
1.0
1.0
1.0
1.0
1.0
1.0
1.0
1.0
1.0
1.0
1.0
1.0
1.0
1.0
1.0
1.0
1.0
1.0
1.0
1.0
1.0
1.0
1.0
1.0
1.0
1.0
1.0
1.0
1.0
1.0
1.0
1.0
1.0
1.0
0.6842105263157895
0.6907894736842105
0.6973684210526315
0.7039473684210527
0.7105263157894737
0.7171052631578947
0.7236842105263158
0.7302631578947368
0.7368421052631579
0.743421052631579
0.75
0.7516339869281046
0.7532467532467533
0.7548387096774194
0.7564102564102564
0.7579617834394905
0.759493670886076
0.7610062893081762
0.7625
0.7639751552795031
0.7654320987654321
0.7668711656441718
0.7682926829268293
0.7696969696969697
0.7710843373493976
0.7724550898203593
0.7738095238095238
0.7751479289940828
0.7764705882352941
0.7777777777777778
0.7790697674418605
0.7803468208092486
0.7816091954022989
0.7828571428571428
0.7840909090909091
0.7853107344632768
0.7865168539325843
0.7877094972067039
0.7888888888888889
0.7900552486187845
0.7912087912087912
0.7923497267759563
0.7934782608695652
0.7945945945945946
0.7956989247311828
0.7967914438502673
0.7978723404255319
0.798941798941799
0.8
0.8010471204188482
0.8020833333333334
0.8031088082901554
0.8041237113402062
0.8051282051282052
0.8061224489795918
0.8071065989847716
0.8080808080808081
0.8090452261306532
0.81
0.8109452736318408
0.8118811881188119
0.812807881773399
0.8137254901960784
0.8146341463414634
0.8155339805825242
0.8164251207729468
0.8173076923076923
0.8181818181818182
0.819047619047619
0.8199052132701422
0.8207547169811321
0.8215962441314554
0.822429906542056
0.8232558139534883
0.8240740740740741
0.8248847926267281
0.8256880733944955
0.8264840182648402
0.8272727272727273
0.8280542986425339
0.8288288288288288
0.8295964125560538
0.8303571428571429
0.8311111111111111
0.831858407079646
0.8325991189427313
0.8333333333333334
0.834061135371179
0.8347826086956521
0.8354978354978355
0.8362068965517241
0.8369098712446352
0.8376068376068376
0.8382978723404255
0.8389830508474576
0.8396624472573839
0.8403361344537815
0.8410041841004184
0.8416666666666667
0.8423236514522822
0.8429752066115702
0.8436213991769548
0.8442622950819673
0.8448979591836735
0.8455284552845529
0.8461538461538461
0.8467741935483871
0.8473895582329317
0.848
0.848605577689243
0.8492063492063492
0.849802371541502
0.8503937007874016
0.8509803921568627
0.8515625
0.8521400778210116
0.8527131782945736
0.8532818532818532
0.8538461538461538
0.8544061302681992
0.8549618320610687
0.8555133079847909
0.8560606060606061
0.8566037735849057
0.8571428571428571
0.8576779026217228
0.8582089552238806
0.8587360594795539
0.8592592592592593
0.8597785977859779
0.8602941176470589
0.8608058608058609
0.8613138686131386
0.8618181818181818
0.8623188405797102
0.8628158844765343
0.8633093525179856
0.8637992831541219
0.8642857142857143
0.8647686832740213
0.8652482269503546
0.8657243816254417
0.8661971830985915
0.8666666666666667
0.8701754385964913
0.8736842105263158
0.8771929824561403
0.8807017543859649
0.8842105263157894
0.887719298245614
0.8912280701754386
0.8947368421052632
0.8982456140350877
0.9017543859649123
0.9020979020979021
0.9024390243902439
0.9027777777777778
0.903114186851211
0.903448275862069
0.9037800687285223
0.9041095890410958
0.9044368600682594
0.9047619047619048
0.9050847457627119
0.9054054054054054
0.9057239057239057
0.9060402684563759
0.9063545150501672
0.9066666666666666
0.9069767441860465
0.9072847682119205
0.9075907590759076
0.9078947368421053
0.9081967213114754
0.9084967320261438
0.9087947882736156
0.9090909090909091
0.9093851132686084
0.9096774193548387
0.909967845659164
0.9102564102564102
0.9105431309904153
0.910828025477707
0.9111111111111111
0.9113924050632911
0.9116719242902208
0.9119496855345912
0.9122257053291536
0.9125
0.9127725856697819
0.9130434782608695
0.913312693498452
0.9164086687306502
0.9195046439628483
0.9226006191950464
0.9256965944272446
0.9287925696594427
0.9318885448916409
0.934984520123839
0.9380804953560371
0.9411764705882353
0.9442724458204335
0.9473684210526315
0.9504643962848297
0.9535603715170279
0.9566563467492261
0.9597523219814241
0.9628482972136223
0.9659442724458205
0.9690402476780186
0.9721362229102167
0.9752321981424149
0.978328173374613
1.0
1.0
1.0
1.0
1.0
1.0
1.0
1.0
1.0
1.0
1.0
1.0
1.0
1.0
1.0
1.0
1.0
1.0
1.0
1.0
1.0
1.0
1.0
1.0
1.0
1.0
1.0
1.0
1.0
1.0
1.0
1.0
1.0
1.0
1.0
1.0
1.0
1.0
1.0
1.0
1.0
1.0
1.0
1.0
1.0
1.0
1.0
1.0
1.0
1.0
1.0
1.0
1.0
1.0
1.0
1.0
1.0
1.0
1.0
1.0
1.0
1.0
1.0
1.0
1.0
1.0
1.0
1.0
1.0
1.0
1.0
1.0
1.0
1.0
1.0
1.0
1.0
1.0
1.0
1.0
1.0
1.0
1.0
1.0
1.0
1.0
1.0
1.0
1.0
1.0
1.0
1.0
1.0
1.0
1.0
1.0
1.0
1.0
1.0
1.0
1.0
1.0
1.0
1.0
1.0
1.0
1.0
0.6842105263157895
0.6907894736842105
0.6973684210526315
0.7039473684210527
0.7105263157894737
0.7171052631578947
0.7236842105263158
0.7302631578947368
0.7368421052631579
0.743421052631579
0.75
0.7516339869281046
0.7532467532467533
0.7548387096774194
0.7564102564102564
0.7579617834394905
0.759493670886076
0.7610062893081762
0.7625
0.7639751552795031
0.7654320987654321
0.7668711656441718
0.7682926829268293
0.7696969696969697
0.7710843373493976
0.7724550898203593
0.7738095238095238
0.7751479289940828
0.7764705882352941
0.7777777777777778
0.7790697674418605
0.7803468208092486
0.7816091954022989
0.7828571428571428
0.7840909090909091
0.7853107344632768
0.7865168539325843
0.7877094972067039
0.7888888888888889
0.7900552486187845
0.7912087912087912
0.7923497267759563
0.7934782608695652
0.7945945945945946
0.7956989247311828
0.7967914438502673
0.7978723404255319
0.798941798941799
0.8
0.8010471204188482
0.8020833333333334
0.8031088082901554
0.8041237113402062
0.8051282051282052
0.8061224489795918
0.8071065989847716
0.8080808080808081
0.8090452261306532
0.81
0.8109452736318408
0.8118811881188119
0.812807881773399
0.8137254901960784
0.8146341463414634
0.8155339805825242
0.8164251207729468
0.8173076923076923
0.8181818181818182
0.819047619047619
0.8199052132701422
0.8207547169811321
0.8215962441314554
0.822429906542056
0.8232558139534883
0.8240740740740741
0.8248847926267281
0.8256880733944955
0.8264840182648402
0.8272727272727273
0.8280542986425339
0.8288288288288288
0.8295964125560538
0.8303571428571429
0.8311111111111111
0.831858407079646
0.8325991189427313
0.8333333333333334
0.834061135371179
0.8347826086956521
0.8354978354978355
0.8362068965517241
0.8369098712446352
0.8376068376068376
0.8382978723404255
0.8389830508474576
0.8396624472573839
0.8403361344537815
0.8410041841004184
0.8416666666666667
0.8423236514522822
0.8429752066115702
0.8436213991769548
0.8442622950819673
0.8448979591836735
0.8455284552845529
0.8461538461538461
0.8467741935483871
0.8473895582329317
0.848
0.848605577689243
0.8492063492063492
0.849802371541502
0.8503937007874016
0.8509803921568627
0.8515625
0.8521400778210116
0.8527131782945736
0.8532818532818532
0.8538461538461538
0.8544061302681992
0.8549618320610687
0.8555133079847909
0.8560606060606061
0.8566037735849057
0.8571428571428571
0.8576779026217228
0.8582089552238806
0.8587360594795539
0.8592592592592593
0.8597785977859779
0.8602941176470589
0.8608058608058609
0.8613138686131386
0.8618181818181818
0.8623188405797102
0.8628158844765343
0.8633093525179856
0.8637992831541219
0.8642857142857143
0.8647686832740213
0.8652482269503546
0.8657243816254417
0.8661971830985915
0.8666666666666667
0.8701754385964913
0.8736842105263158
0.8771929824561403
0.8807017543859649
0.8842105263157894
0.887719298245614
0.8912280701754386
0.8947368421052632
0.8982456140350877
0.9017543859649123
0.9020979020979021
0.9024390243902439
0.9027777777777778
0.903114186851211
0.903448275862069
0.9037800687285223
0.9041095890410958
0.9044368600682594
0.9047619047619048
0.9050847457627119
0.9054054054054054
0.9057239057239057
0.9060402684563759
0.9063545150501672
0.9066666666666666
0.9069767441860465
0.9072847682119205
0.9075907590759076
0.9078947368421053
0.9081967213114754
0.9084967320261438
0.9087947882736156
0.9090909090909091
0.9093851132686084
0.9096774193548387
0.909967845659164
0.9102564102564102
0.9105431309904153
0.910828025477707
0.9111111111111111
0.9113924050632911
0.9116719242902208
0.9119496855345912
0.9122257053291536
0.9125
0.9127725856697819
0.9130434782608695
0.913312693498452
0.9164086687306502
0.9195046439628483
0.9226006191950464
0.9256965944272446
0.9287925696594427
0.9318885448916409
0.934984520123839
0.9380804953560371
0.9411764705882353
0.9442724458204335
0.9473684210526315
0.9504643962848297
0.9535603715170279
0.9566563467492261
0.9597523219814241
0.9628482972136223
0.9659442724458205
0.9690402476780186
0.9721362229102167
0.9752321981424149
0.978328173374613
1.0
1.0
1.0
1.0
1.0
1.0
1.0
1.0
1.0
1.0
1.0
1.0
1.0
1.0
1.0
1.0
1.0
1.0
1.0
1.0
1.0
1.0
1.0
1.0
1.0
1.0
1.0
1.0
1.0
1.0
1.0
1.0
1.0
1.0
1.0
1.0
1.0
1.0
1.0
1.0
1.0
1.0
1.0
1.0
1.0
1.0
1.0
1.0
1.0
1.0
1.0
1.0
1.0
1.0
1.0
1.0
1.0
1.0
1.0
1.0
1.0
1.0
1.0
1.0
1.0
1.0
1.0
1.0
1.0
1.0
1.0
1.0
1.0
1.0
1.0
1.0
1.0
1.0
1.0
1.0
1.0
1.0
1.0
1.0
1.0
1.0
1.0
1.0
1.0
1.0
1.0
1.0
1.0
1.0
1.0
1.0
1.0
1.0
1.0
1.0
1.0
1.0
1.0
0.6842105263157895
0.6907894736842105
0.6973684210526315
0.7039473684210527
0.7105263157894737
0.7171052631578947
0.7236842105263158
0.7302631578947368
0.7368421052631579
0.743421052631579
0.75
0.7516339869281046
0.7532467532467533
0.7548387096774194
0.7564102564102564
0.7579617834394905
0.759493670886076
0.7610062893081762
0.7625
0.7639751552795031
0.7654320987654321
0.7668711656441718
0.7682926829268293
0.7696969696969697
0.7710843373493976
0.7724550898203593
0.7738095238095238
0.7751479289940828
0.7764705882352941
0.7777777777777778
0.7790697674418605
0.7803468208092486
0.7816091954022989
0.7828571428571428
0.7840909090909091
0.7853107344632768
0.7865168539325843
0.7877094972067039
0.7888888888888889
0.7900552486187845
0.7912087912087912
0.7923497267759563
0.7934782608695652
0.7945945945945946
0.7956989247311828
0.7967914438502673
0.7978723404255319
0.798941798941799
0.8
0.8010471204188482
0.8020833333333334
0.8031088082901554
0.8041237113402062
0.8051282051282052
0.8061224489795918
0.8071065989847716
0.8080808080808081
0.8090452261306532
0.81
0.8109452736318408
0.8118811881188119
0.812807881773399
0.8137254901960784
0.8146341463414634
0.8155339805825242
0.8164251207729468
0.8173076923076923
0.8181818181818182
0.819047619047619
0.8199052132701422
0.8207547169811321
0.8215962441314554
0.822429906542056
0.8232558139534883
0.8240740740740741
0.8248847926267281
0.8256880733944955
0.8264840182648402
0.8272727272727273
0.8280542986425339
0.8288288288288288
0.8295964125560538
0.8303571428571429
0.8311111111111111
0.831858407079646
0.8325991189427313
0.8333333333333334
0.834061135371179
0.8347826086956521
0.8354978354978355
0.8362068965517241
0.8369098712446352
0.8376068376068376
0.8382978723404255
0.8389830508474576
0.8396624472573839
0.8403361344537815
0.8410041841004184
0.8416666666666667
0.8423236514522822
0.8429752066115702
0.8436213991769548
0.8442622950819673
0.8448979591836735
0.8455284552845529
0.8461538461538461
0.8467741935483871
0.8473895582329317
0.848
0.848605577689243
0.8492063492063492
0.849802371541502
0.8503937007874016
0.8509803921568627
0.8515625
0.8521400778210116
0.8527131782945736
0.8532818532818532
0.8538461538461538
0.8544061302681992
0.8549618320610687
0.8555133079847909
0.8560606060606061
0.8566037735849057
0.8571428571428571
0.8576779026217228
0.8582089552238806
0.8587360594795539
0.8592592592592593
0.8597785977859779
0.8602941176470589
0.8608058608058609
0.8613138686131386
0.8618181818181818
0.8623188405797102
0.8628158844765343
0.8633093525179856
0.8637992831541219
0.8642857142857143
0.8647686832740213
0.8652482269503546
0.8657243816254417
0.8661971830985915
0.8666666666666667
0.8701754385964913
0.8736842105263158
0.8771929824561403
0.8807017543859649
0.8842105263157894
0.887719298245614
0.8912280701754386
0.8947368421052632
0.8982456140350877
0.9017543859649123
0.9020979020979021
0.9024390243902439
0.9027777777777778
0.903114186851211
0.903448275862069
0.9037800687285223
0.9041095890410958
0.9044368600682594
0.9047619047619048
0.9050847457627119
0.9054054054054054
0.9057239057239057
0.9060402684563759
0.9063545150501672
0.9066666666666666
0.9069767441860465
0.9072847682119205
0.9075907590759076
0.9078947368421053
0.9081967213114754
0.9084967320261438
0.9087947882736156
0.9090909090909091
0.9093851132686084
0.9096774193548387
0.909967845659164
0.9102564102564102
0.9105431309904153
0.910828025477707
0.9111111111111111
0.9113924050632911
0.9116719242902208
0.9119496855345912
0.9122257053291536
0.9125
0.9127725856697819
0.9130434782608695
0.913312693498452
0.9164086687306502
0.9195046439628483
0.9226006191950464
0.9256965944272446
0.9287925696594427
0.9318885448916409
0.934984520123839
0.9380804953560371
0.9411764705882353
0.9442724458204335
0.9473684210526315
0.9504643962848297
0.9535603715170279
0.9566563467492261
0.9597523219814241
0.9628482972136223
0.9659442724458205
0.9690402476780186
0.9721362229102167
0.9752321981424149
0.978328173374613
