1.0
1.0
1.0
1.0
0.028409090909090908
0.03409090909090909
0.03977272727272727
0.045454545454545456
0.05113636363636364
0.056818181818181816
0.0625
0.06818181818181818
0.07386363636363637
0.07954545454545454
0.08522727272727272
0.09090909090909091
0.09659090909090909
0.10227272727272728
0.10795454545454546
0.11363636363636363
0.11931818181818182
0.125
0.13068181818181818
0.13636363636363635
0.14204545454545456
0.14772727272727273
0.1534090909090909
0.1590909090909091
0.16477272727272727
0.17045454545454544
0.17613636363636365
0.18181818181818182
0.1875
0.19318181818181818
0.19886363636363635
0.20454545454545456
0.21022727272727273
0.2159090909090909
0.2215909090909091
0.22727272727272727
0.23295454545454544
0.23863636363636365
0.24431818181818182
0.25
0.2556818181818182
0.26136363636363635
0.26704545454545453
0.2727272727272727
0.2784090909090909
1.0
1.0
1.0
1.0
0.028409090909090908
0.03409090909090909
0.03977272727272727
0.045454545454545456
0.05113636363636364
0.056818181818181816
0.0625
0.06818181818181818
0.07386363636363637
0.07954545454545454
0.08522727272727272
0.09090909090909091
0.09659090909090909
0.10227272727272728
0.10795454545454546
0.11363636363636363
0.11931818181818182
0.125
0.13068181818181818
0.13636363636363635
0.14204545454545456
0.14772727272727273
0.1534090909090909
0.1590909090909091
0.16477272727272727
0.17045454545454544
0.17613636363636365
0.18181818181818182
0.1875
0.19318181818181818
0.19886363636363635
0.20454545454545456
0.21022727272727273
0.2159090909090909
0.2215909090909091
0.22727272727272727
0.23295454545454544
0.23863636363636365
0.24431818181818182
0.25
0.2556818181818182
0.26136363636363635
0.26704545454545453
0.2727272727272727
0.2784090909090909
1.0
1.0
1.0
1.0
1.0
1.0
1.0
1.0
1.0
1.0
0.4782608695652174
0.5
0.52
0.5384615384615384
0.5555555555555556
1.0
1.0
1.0
1.0
0.028409090909090908
0.03409090909090909
0.03977272727272727
0.045454545454545456
0.05113636363636364
0.056818181818181816
0.0625
0.06818181818181818
0.07386363636363637
0.07954545454545454
0.08522727272727272
0.09090909090909091
0.09659090909090909
0.10227272727272728
0.10795454545454546
0.11363636363636363
0.11931818181818182
0.125
0.13068181818181818
0.13636363636363635
0.14204545454545456
0.14772727272727273
0.1534090909090909
0.1590909090909091
0.16477272727272727
0.17045454545454544
0.17613636363636365
0.18181818181818182
0.1875
0.19318181818181818
0.19886363636363635
0.20454545454545456
0.21022727272727273
0.2159090909090909
0.2215909090909091
0.22727272727272727
0.23295454545454544
0.23863636363636365
0.24431818181818182
0.25
0.2556818181818182
0.26136363636363635
0.26704545454545453
0.2727272727272727
0.2784090909090909
1.0
1.0
1.0
1.0
0.028409090909090908
0.03409090909090909
0.03977272727272727
0.045454545454545456
0.05113636363636364
0.056818181818181816
0.0625
0.06818181818181818
0.07386363636363637
0.07954545454545454
0.08522727272727272
0.09090909090909091
0.09659090909090909
0.10227272727272728
0.10795454545454546
0.11363636363636363
0.11931818181818182
0.125
0.13068181818181818
0.13636363636363635
0.14204545454545456
0.14772727272727273
0.1534090909090909
0.1590909090909091
0.16477272727272727
0.17045454545454544
0.17613636363636365
0.18181818181818182
0.1875
0.19318181818181818
0.19886363636363635
0.20454545454545456
0.21022727272727273
0.2159090909090909
0.2215909090909091
0.22727272727272727
0.23295454545454544
0.23863636363636365
0.24431818181818182
0.25
0.2556818181818182
0.26136363636363635
0.26704545454545453
0.2727272727272727
0.2784090909090909
1.0
1.0
1.0
1.0
0.028409090909090908
0.03409090909090909
0.03977272727272727
0.045454545454545456
0.05113636363636364
0.056818181818181816
0.0625
0.06818181818181818
0.07386363636363637
0.07954545454545454
0.08522727272727272
0.09090909090909091
0.09659090909090909
0.10227272727272728
0.10795454545454546
0.11363636363636363
0.11931818181818182
0.125
0.13068181818181818
0.13636363636363635
0.14204545454545456
0.14772727272727273
0.1534090909090909
0.1590909090909091
0.16477272727272727
0.17045454545454544
0.17613636363636365
0.18181818181818182
0.1875
0.19318181818181818
0.19886363636363635
0.20454545454545456
0.21022727272727273
0.2159090909090909
0.2215909090909091
0.22727272727272727
0.23295454545454544
0.23863636363636365
0.24431818181818182
0.25
0.2556818181818182
0.26136363636363635
0.26704545454545453
0.2727272727272727
0.2784090909090909
1.0
1.0
1.0
1.0
0.028409090909090908
0.03409090909090909
0.03977272727272727
0.045454545454545456
0.05113636363636364
0.056818181818181816
0.0625
0.06818181818181818
0.07386363636363637
0.07954545454545454
0.08522727272727272
0.09090909090909091
0.09659090909090909
0.10227272727272728
0.10795454545454546
0.11363636363636363
0.11931818181818182
0.125
0.13068181818181818
0.13636363636363635
0.14204545454545456
0.14772727272727273
0.1534090909090909
0.1590909090909091
0.16477272727272727
0.17045454545454544
0.17613636363636365
0.18181818181818182
0.1875
0.19318181818181818
0.19886363636363635
0.20454545454545456
0.21022727272727273
0.2159090909090909
0.2215909090909091
0.22727272727272727
0.23295454545454544
0.23863636363636365
0.24431818181818182
0.25
0.2556818181818182
0.26136363636363635
0.26704545454545453
0.2727272727272727
0.2784090909090909
