1.0
1.0
1.0
1.0
1.0
1.0
1.0
1.0
1.0
1.0
1.0
1.0
1.0
1.0
1.0
1.0
1.0
1.0
1.0
1.0
1.0
1.0
1.0
1.0
1.0
1.0
1.0
1.0
1.0
1.0
1.0
1.0
1.0
1.0
1.0
1.0
1.0
1.0
1.0
1.0
1.0
1.0
1.0
1.0
1.0
1.0
1.0
1.0
1.0
1.0
1.0
1.0
1.0
1.0
1.0
1.0
1.0
1.0
1.0
1.0
1.0
1.0
1.0
1.0
1.0
1.0
1.0
1.0
1.0
1.0
1.0
1.0
1.0
1.0
1.0
1.0
1.0
1.0
1.0
1.0
1.0
1.0
1.0
1.0
1.0
1.0
1.0
1.0
1.0
1.0
1.0
1.0
1.0
1.0
1.0
1.0
1.0
1.0
1.0
1.0
1.0
1.0
1.0
1.0
1.0
1.0
1.0
1.0
1.0
1.0
1.0
1.0
1.0
1.0
1.0
1.0
1.0
1.0
1.0
1.0
1.0
1.0
1.0
1.0
1.0
1.0
1.0
1.0
1.0
1.0
1.0
1.0
1.0
1.0
1.0
1.0
1.0
1.0
1.0
1.0
1.0
1.0
1.0
1.0
1.0
1.0
1.0
1.0
1.0
1.0
1.0
1.0
1.0
1.0
1.0
1.0
1.0
1.0
1.0
1.0
1.0
1.0
1.0
1.0
1.0
1.0
1.0
1.0
1.0
1.0
1.0
1.0
1.0
1.0
1.0
1.0
1.0
1.0
1.0
1.0
1.0
1.0
1.0
1.0
1.0
1.0
1.0
1.0
1.0
1.0
1.0
1.0
1.0
1.0
1.0
1.0
1.0
1.0
1.0
1.0
1.0
1.0
1.0
1.0
1.0
1.0
1.0
1.0
1.0
1.0
1.0
1.0
1.0
1.0
1.0
1.0
1.0
1.0
1.0
1.0
1.0
1.0
1.0
1.0
1.0
1.0
1.0
1.0
1.0
1.0
1.0
1.0
1.0
1.0
1.0
1.0
1.0
1.0
1.0
1.0
1.0
1.0
1.0
1.0
1.0
1.0
1.0
1.0
1.0
1.0
1.0
1.0
1.0
1.0
1.0
1.0
1.0
1.0
1.0
1.0
1.0
1.0
1.0
1.0
1.0
1.0
1.0
1.0
1.0
1.0
1.0
1.0
1.0
1.0
1.0
1.0
1.0
1.0
1.0
1.0
1.0
1.0
1.0
1.0
1.0
1.0
1.0
1.0
1.0
1.0
1.0
1.0
1.0
1.0
1.0
1.0
1.0
1.0
1.0
1.0
1.0
1.0
1.0
1.0
1.0
1.0
1.0
1.0
1.0
1.0
1.0
1.0
1.0
1.0
1.0
1.0
1.0
1.0
1.0
1.0
1.0
1.0
1.0
1.0
1.0
1.0
1.0
1.0
1.0
1.0
1.0
1.0
1.0
1.0
1.0
1.0
1.0
1.0
1.0
1.0
1.0
1.0
1.0
1.0
1.0
1.0
1.0
1.0
1.0
1.0
1.0
1.0
1.0
1.0
1.0
1.0
1.0
1.0
1.0
1.0
1.0
1.0
1.0
1.0
1.0
1.0
1.0
1.0
1.0
1.0
1.0
1.0
1.0
1.0
1.0
1.0
1.0
1.0
1.0
1.0
1.0
1.0
1.0
1.0
1.0
1.0
1.0
1.0
1.0
1.0
1.0
1.0
1.0
1.0
1.0
1.0
1.0
1.0
1.0
1.0
1.0
1.0
1.0
1.0
1.0
1.0
1.0
1.0
1.0
1.0
1.0
1.0
1.0
1.0
1.0
1.0
1.0
1.0
1.0
1.0
1.0
1.0
1.0
1.0
1.0
1.0
1.0
1.0
1.0
1.0
1.0
1.0
1.0
1.0
1.0
1.0
1.0
1.0
1.0
1.0
1.0
1.0
1.0
1.0
1.0
1.0
1.0
1.0
1.0
1.0
1.0
1.0
1.0
1.0
1.0
1.0
1.0
1.0
1.0
1.0
1.0
1.0
1.0
1.0
1.0
1.0
1.0
1.0
1.0
1.0
1.0
1.0
1.0
1.0
1.0
1.0
1.0
1.0
1.0
1.0
1.0
1.0
1.0
1.0
1.0
1.0
1.0
1.0
1.0
1.0
1.0
1.0
1.0
1.0
1.0
1.0
1.0
1.0
1.0
1.0
1.0
1.0
1.0
1.0
1.0
1.0
1.0
1.0
1.0
1.0
1.0
1.0
1.0
1.0
1.0
1.0
1.0
1.0
1.0
1.0
1.0
1.0
1.0
1.0
1.0
1.0
1.0
1.0
1.0
1.0
1.0
1.0
1.0
1.0
1.0
1.0
1.0
1.0
1.0
1.0
1.0
1.0
1.0
1.0
1.0
1.0
1.0
1.0
1.0
1.0
1.0
1.0
1.0
1.0
1.0
0.996415770609319
0.9982078853046595
1.0
0.9964349376114082
0.9982174688057041
0.998220640569395
0.9982238010657194
0.99822695035461
0.9982300884955753
0.9982332155477032
0.9982363315696648
0.9982394366197183
0.9982425307557118
1.0
0.9930313588850174
0.9947735191637631
0.9965156794425087
0.9982578397212544
1.0
0.9965337954939342
0.9982668977469671
1.0
0.9948364888123924
0.9965576592082617
0.9982788296041308
1.0
0.9463414634146341
0.9479674796747968
0.9495934959349593
0.9512195121951219
0.9528455284552846
0.9544715447154472
0.9560975609756097
0.9577235772357724
0.959349593495935
0.9609756097560975
0.9626016260162602
0.9642276422764228
0.9658536585365853
0.9659090909090909
0.965964343598055
0.9660194174757282
0.9660743134087237
0.9661290322580646
0.966183574879227
0.9662379421221865
0.9662921348314607
0.9663461538461539
0.9664
0.9664536741214057
0.9665071770334929
0.9665605095541401
0.9666136724960255
0.9666666666666667
0.9667194928684627
0.9667721518987342
0.966824644549763
0.9668769716088328
0.9669291338582677
0.9669811320754716
0.967032967032967
0.9670846394984326
0.9671361502347418
0.9671875
0.96875
0.9703125
0.971875
0.9734375
0.975
0.9765625
0.978125
0.9796875
0.98125
0.9828125
0.984375
0.9859375
0.9875
0.9890625
0.990625
0.9921875
0.99375
0.9953125
0.996875
0.9785604900459418
0.9800918836140888
0.9816232771822359
0.9831546707503829
0.9846860643185299
0.9862174578866769
0.9877488514548239
0.9892802450229708
0.9908116385911179
0.9923430321592649
0.9938744257274119
0.9954058192955589
0.996937212863706
0.9863842662632375
0.9878971255673222
0.989409984871407
0.9909228441754917
0.9924357034795764
0.9939485627836612
0.9954614220877458
0.9969742813918305
0.9969788519637462
0.9969834087481146
0.9969879518072289
0.9969924812030075
0.996996996996997
0.9970014992503748
0.9970059880239521
0.9970104633781763
0.9970149253731343
0.9970193740685543
0.9970238095238095
0.9970282317979198
0.9970326409495549
0.997037037037037
0.9970414201183432
0.9970457902511078
0.9970501474926253
0.9970544918998527
0.9970588235294118
0.9970631424375918
0.9970674486803519
0.9970717423133236
0.9970760233918129
0.997080291970803
0.9970845481049563
0.9970887918486172
0.985632183908046
0.9870689655172413
0.9885057471264368
0.9899425287356322
0.9913793103448276
0.992816091954023
0.9942528735632183
0.9956896551724138
0.9971264367816092
0.9872159090909091
0.9886363636363636
0.9900568181818182
0.9914772727272727
0.9928977272727273
0.9943181818181818
0.9957386363636364
0.9971590909090909
0.9929378531073446
0.9943502824858758
0.9957627118644068
0.9971751412429378
0.9778699861687413
0.979253112033195
0.9806362378976486
0.9820193637621023
0.983402489626556
0.9847856154910097
0.9861687413554634
0.9875518672199171
0.9889349930843707
0.9903181189488244
0.991701244813278
0.9930843706777317
0.9944674965421854
0.995850622406639
0.9972337482710927
0.987688098495212
0.9890560875512996
0.9904240766073872
0.9917920656634747
0.9931600547195623
0.9945280437756497
0.9958960328317373
0.9972640218878249
0.9707446808510638
0.9720744680851063
0.973404255319149
0.9747340425531915
0.976063829787234
0.9773936170212766
0.9787234042553191
0.9800531914893617
0.9813829787234043
0.9827127659574468
0.9840425531914894
0.9853723404255319
0.9867021276595744
0.9867197875166003
0.986737400530504
0.9867549668874173
0.9867724867724867
0.9867899603698811
0.9868073878627969
0.9868247694334651
0.9868421052631579
0.9868593955321945
0.9868766404199475
0.9868938401048493
0.9869109947643979
0.9869281045751634
0.9869451697127938
0.9869621903520208
0.9869791666666666
0.9869960988296489
0.988296488946684
0.9895968790637191
0.9908972691807543
0.9921976592977894
0.9934980494148244
0.9947984395318595
0.9960988296488946
0.9973992197659298
0.9948186528497409
0.985897435897436
0.9871794871794872
0.9884615384615385
0.9897435897435898
0.9910256410256411
0.9923076923076923
0.9935897435897436
0.9948717948717949
0.9664179104477612
0.9676616915422885
0.9689054726368159
0.9701492537313433
0.9713930348258707
0.972636815920398
0.9738805970149254
0.9751243781094527
0.9763681592039801
0.9776119402985075
0.9788557213930348
0.9800995024875622
0.9813432835820896
0.9825870646766169
0.9838308457711443
0.9850746268656716
0.986318407960199
0.9875621890547264
0.9888059701492538
0.9900497512437811
0.9912935323383084
0.9925373134328358
0.9925465838509316
0.9925558312655087
0.9925650557620818
0.9938042131350682
0.9950433705080545
0.995049504950495
0.9913793103448276
0.991389913899139
0.9914004914004914
0.9914110429447853
0.991421568627451
0.9914320685434517
0.991442542787286
0.9914529914529915
0.9914634146341463
0.9914738124238733
0.9914841849148418
0.991494532199271
0.991504854368932
0.9915151515151515
0.9915254237288136
0.9915356711003628
0.9915458937198067
0.991556091676719
0.9915662650602409
0.9927710843373494
0.9939759036144579
0.9951807228915662
0.9951865222623345
0.9951923076923077
0.9951980792316927
0.9952038369304557
0.9952095808383233
0.9952153110047847
0.995221027479092
0.9952267303102625
0.9952324195470799
0.9952380952380953
0.995243757431629
0.995249406175772
0.9952550415183867
0.9859154929577465
0.9870892018779343
0.9882629107981221
0.9894366197183099
0.9906103286384976
0.9917840375586855
0.9929577464788732
0.994131455399061
0.9953051643192489
0.9238302502720348
0.9249183895538629
0.926006528835691
0.9270946681175191
0.9281828073993471
0.9292709466811752
0.9303590859630033
0.9314472252448314
0.9325353645266594
0.9336235038084875
0.9347116430903155
0.9357997823721437
0.9368879216539717
0.9379760609357998
0.9390642002176278
0.940152339499456
0.941240478781284
0.9423286180631121
0.9434167573449401
0.9445048966267682
0.9455930359085963
0.9466811751904244
0.9477693144722524
0.9488574537540805
0.9499455930359086
0.9510337323177367
0.9521218715995647
0.9532100108813928
0.9542981501632208
0.955386289445049
0.956474428726877
0.9575625680087051
0.9586507072905331
0.9597388465723613
0.9608269858541894
0.9619151251360174
0.9630032644178455
0.9640914036996736
0.9651795429815017
0.9662676822633297
0.9673558215451578
0.9684439608269858
0.969532100108814
0.970620239390642
0.9717083786724701
0.9727965179542981
0.9738846572361263
0.9749727965179543
0.9760609357997824
0.9771490750816104
0.9782372143634385
0.9793253536452666
0.9804134929270947
0.9815016322089227
0.9825897714907508
0.9836779107725789
0.984766050054407
0.985854189336235
0.9869423286180631
0.9880304678998912
0.9891186071817193
0.9902067464635473
0.9912948857453754
1.0
1.0
1.0
1.0
1.0
1.0
1.0
1.0
1.0
1.0
1.0
1.0
1.0
1.0
1.0
1.0
1.0
1.0
1.0
1.0
1.0
1.0
1.0
1.0
1.0
1.0
1.0
1.0
1.0
1.0
1.0
1.0
1.0
1.0
1.0
1.0
1.0
1.0
1.0
1.0
1.0
1.0
1.0
1.0
1.0
1.0
1.0
1.0
1.0
1.0
1.0
1.0
1.0
1.0
1.0
1.0
1.0
1.0
1.0
1.0
1.0
1.0
1.0
1.0
1.0
1.0
1.0
1.0
1.0
1.0
1.0
1.0
1.0
1.0
1.0
1.0
1.0
1.0
1.0
1.0
1.0
1.0
1.0
1.0
1.0
1.0
1.0
1.0
1.0
1.0
1.0
1.0
1.0
1.0
1.0
1.0
1.0
1.0
1.0
1.0
1.0
1.0
1.0
1.0
1.0
1.0
1.0
1.0
1.0
1.0
1.0
1.0
1.0
1.0
1.0
1.0
1.0
1.0
1.0
1.0
1.0
1.0
1.0
1.0
1.0
1.0
1.0
1.0
1.0
1.0
1.0
1.0
1.0
1.0
1.0
1.0
1.0
1.0
1.0
1.0
1.0
1.0
1.0
1.0
1.0
1.0
1.0
1.0
1.0
1.0
1.0
1.0
1.0
1.0
1.0
1.0
1.0
1.0
1.0
1.0
1.0
1.0
1.0
1.0
1.0
1.0
1.0
1.0
1.0
1.0
1.0
1.0
1.0
1.0
1.0
1.0
1.0
1.0
1.0
1.0
1.0
1.0
1.0
1.0
1.0
1.0
1.0
1.0
1.0
1.0
1.0
1.0
1.0
1.0
1.0
1.0
1.0
1.0
1.0
1.0
1.0
1.0
1.0
1.0
1.0
1.0
1.0
1.0
1.0
1.0
1.0
1.0
1.0
1.0
1.0
1.0
1.0
1.0
1.0
1.0
1.0
1.0
1.0
1.0
1.0
1.0
1.0
1.0
1.0
1.0
1.0
1.0
1.0
1.0
1.0
1.0
1.0
1.0
1.0
1.0
1.0
1.0
1.0
1.0
1.0
1.0
1.0
1.0
1.0
1.0
1.0
1.0
1.0
1.0
1.0
1.0
1.0
1.0
1.0
1.0
1.0
1.0
1.0
1.0
1.0
1.0
1.0
1.0
1.0
1.0
1.0
1.0
1.0
1.0
1.0
1.0
1.0
1.0
1.0
1.0
1.0
1.0
1.0
1.0
1.0
1.0
1.0
1.0
1.0
1.0
1.0
1.0
1.0
1.0
1.0
1.0
1.0
1.0
1.0
1.0
1.0
1.0
1.0
1.0
1.0
1.0
1.0
1.0
1.0
1.0
1.0
1.0
1.0
1.0
1.0
1.0
1.0
1.0
1.0
1.0
1.0
1.0
1.0
1.0
1.0
1.0
1.0
1.0
1.0
1.0
1.0
1.0
1.0
1.0
1.0
1.0
1.0
1.0
1.0
1.0
1.0
1.0
1.0
1.0
1.0
1.0
1.0
1.0
1.0
1.0
1.0
1.0
1.0
1.0
1.0
1.0
1.0
1.0
1.0
1.0
1.0
1.0
1.0
1.0
1.0
1.0
1.0
1.0
1.0
1.0
1.0
1.0
1.0
1.0
1.0
1.0
1.0
1.0
1.0
1.0
1.0
1.0
1.0
1.0
1.0
1.0
1.0
1.0
1.0
1.0
1.0
1.0
1.0
1.0
1.0
1.0
1.0
1.0
1.0
1.0
1.0
1.0
1.0
1.0
1.0
1.0
1.0
1.0
1.0
1.0
1.0
1.0
1.0
1.0
1.0
1.0
1.0
1.0
1.0
1.0
1.0
1.0
1.0
1.0
1.0
1.0
1.0
1.0
1.0
1.0
1.0
1.0
1.0
1.0
1.0
1.0
1.0
1.0
1.0
1.0
1.0
1.0
1.0
1.0
1.0
1.0
1.0
1.0
1.0
1.0
1.0
1.0
1.0
1.0
1.0
1.0
1.0
1.0
1.0
1.0
1.0
1.0
1.0
1.0
1.0
1.0
1.0
1.0
1.0
1.0
1.0
1.0
1.0
1.0
1.0
1.0
1.0
1.0
1.0
1.0
1.0
1.0
1.0
1.0
1.0
1.0
1.0
1.0
1.0
1.0
1.0
1.0
1.0
1.0
1.0
1.0
1.0
1.0
1.0
1.0
1.0
1.0
1.0
1.0
1.0
1.0
1.0
1.0
1.0
1.0
1.0
1.0
1.0
1.0
1.0
1.0
1.0
1.0
1.0
1.0
1.0
1.0
1.0
1.0
1.0
1.0
1.0
1.0
1.0
1.0
1.0
1.0
1.0
1.0
1.0
1.0
1.0
1.0
1.0
1.0
1.0
1.0
1.0
1.0
1.0
1.0
1.0
1.0
1.0
1.0
1.0
1.0
1.0
1.0
1.0
0.996415770609319
0.9982078853046595
1.0
0.9964349376114082
0.9982174688057041
0.998220640569395
0.9982238010657194
0.99822695035461
0.9982300884955753
0.9982332155477032
0.9982363315696648
0.9982394366197183
0.9982425307557118
1.0
0.9930313588850174
0.9947735191637631
0.9965156794425087
0.9982578397212544
1.0
1.0
1.0
1.0
1.0
1.0
1.0
1.0
1.0
1.0
1.0
1.0
1.0
1.0
1.0
1.0
1.0
1.0
1.0
1.0
1.0
1.0
1.0
1.0
1.0
1.0
1.0
0.9804241435562806
0.9820554649265906
0.9836867862969005
0.9853181076672104
0.9869494290375204
0.9885807504078303
0.9902120717781403
0.9918433931484503
0.9934747145187602
0.9951060358890701
0.9967373572593801
0.99836867862969
1.0
0.9967532467532467
0.9983766233766234
1.0
0.9951612903225806
0.9967741935483871
0.9983870967741936
1.0
0.9888535031847133
0.9904458598726115
0.9920382165605095
0.9936305732484076
0.9952229299363057
0.9968152866242038
0.9984076433121019
1.0
0.9501510574018127
0.9516616314199395
0.9531722054380665
0.9546827794561934
0.9561933534743202
0.9577039274924471
0.959214501510574
0.9607250755287009
0.9622356495468278
0.9637462235649547
0.9652567975830816
0.9667673716012085
0.9682779456193353
0.9683257918552036
0.9683734939759037
0.968421052631579
0.9684684684684685
0.9685157421289355
0.968562874251497
0.968609865470852
0.9686567164179104
0.9687034277198212
0.96875
0.9687964338781575
0.9688427299703264
0.9688888888888889
0.9689349112426036
0.9689807976366323
0.9690265486725663
0.9690721649484536
0.9691176470588235
0.9691629955947136
0.969208211143695
0.9692532942898975
0.9692982456140351
0.9693430656934306
0.9693877551020408
0.9694323144104804
0.9708879184861717
0.9723435225618632
0.9737991266375546
0.975254730713246
0.9767103347889374
0.9781659388646288
0.9796215429403202
0.9810771470160117
0.982532751091703
0.9839883551673945
0.9854439592430859
0.9868995633187773
0.9883551673944687
0.9898107714701602
0.9912663755458515
0.992721979621543
0.9941775836972343
0.9956331877729258
0.9970887918486172
0.985632183908046
0.9870689655172413
0.9885057471264368
0.9899425287356322
0.9913793103448276
0.992816091954023
0.9942528735632183
0.9956896551724138
0.9971264367816092
0.9693165969316597
0.9707112970711297
0.9721059972105998
0.9735006973500697
0.9748953974895398
0.9762900976290098
0.9776847977684798
0.9790794979079498
0.9804741980474198
0.9818688981868898
0.9832635983263598
0.9846582984658299
0.9860529986052998
0.9860724233983287
0.9860917941585535
0.9861111111111112
0.986130374479889
0.9861495844875346
0.9861687413554634
0.9861878453038674
0.9862068965517241
0.9862258953168044
0.9862448418156808
0.9862637362637363
0.9862825788751715
0.9863013698630136
0.9863201094391245
0.9863387978142076
0.9863574351978172
0.9863760217983651
0.9877384196185286
0.989100817438692
0.9904632152588556
0.9918256130790191
0.9931880108991825
0.9931972789115646
0.9932065217391305
0.9932157394843962
0.9932249322493225
0.993234100135318
0.9932432432432432
0.9932523616734144
0.9932614555256065
0.9932705248990579
0.9932795698924731
0.9932885906040269
0.9932975871313673
0.9933065595716198
0.9933155080213903
0.9933244325767691
0.9946595460614153
0.9959946595460614
0.9973297730307076
0.9933598937583001
0.9946879150066401
0.9960159362549801
0.99734395750332
0.988173455978975
0.9894875164257556
0.9908015768725361
0.9921156373193167
0.9934296977660972
0.9947437582128777
0.9960578186596584
0.9973718791064389
0.988296488946684
0.9895968790637191
0.9908972691807543
0.9921976592977894
0.9934980494148244
0.9947984395318595
0.9960988296488946
0.9973992197659298
0.9884169884169884
0.9897039897039897
0.990990990990991
0.9922779922779923
0.9935649935649936
0.9948519948519948
0.9961389961389961
0.9974259974259975
0.9948717948717949
0.9173553719008265
0.9185360094451004
0.9197166469893743
0.9208972845336482
0.922077922077922
0.9221698113207547
0.9222614840989399
0.9223529411764706
0.9224441833137486
0.9225352112676056
0.9226260257913247
0.9227166276346604
0.9228070175438596
0.9228971962616822
0.9229871645274212
0.9230769230769231
0.9231664726426076
0.9232558139534883
0.9233449477351916
0.9234338747099768
0.9235225955967555
0.9236111111111112
0.923699421965318
0.9237875288683602
0.9238754325259516
0.923963133640553
0.9240506329113924
0.9241379310344827
0.9242250287026407
0.9243119266055045
0.9243986254295533
0.9244851258581236
0.9245714285714286
0.9246575342465754
0.9247434435575826
0.9248291571753986
0.9249146757679181
0.925
0.9250851305334846
0.9251700680272109
0.9252548131370328
0.9253393665158371
0.9264705882352942
0.9276018099547512
0.9287330316742082
0.9298642533936652
0.9309954751131222
0.9321266968325792
0.9332579185520362
0.9343891402714932
0.9355203619909502
0.9366515837104072
0.9377828054298643
0.9389140271493213
0.9400452488687783
0.9411764705882353
0.9423076923076923
0.9434389140271493
0.9445701357466063
0.9457013574660633
0.9468325791855203
0.9479638009049773
0.9490950226244343
0.9502262443438914
0.9513574660633484
0.9524886877828054
0.9536199095022625
0.9547511312217195
0.9558823529411765
0.9570135746606335
0.9581447963800905
0.9592760180995475
0.9604072398190046
0.9615384615384616
0.9626696832579186
0.9638009049773756
0.9649321266968326
0.9660633484162896
0.9671945701357466
0.9683257918552036
0.9694570135746606
0.9705882352941176
0.9717194570135747
0.9728506787330317
0.9739819004524887
0.9751131221719457
0.9762443438914027
0.9773755656108597
0.9785067873303167
0.9796380090497737
0.9807692307692307
0.9819004524886877
0.9830316742081447
0.9841628959276018
0.9852941176470589
0.9864253393665159
0.9875565610859729
0.9886877828054299
0.9898190045248869
0.9909502262443439
0.9777034559643255
0.9788182831661093
0.979933110367893
0.9810479375696767
0.9821627647714605
0.9832775919732442
0.9843924191750278
0.9855072463768116
0.9866220735785953
0.987736900780379
0.9888517279821628
0.9899665551839465
0.9899777282850779
0.9899888765294772
0.99
0.9900110987791343
0.9911209766925638
0.9878453038674033
0.988950276243094
0.9900552486187846
0.9911602209944751
0.9814207650273225
0.9825136612021858
0.9836065573770492
0.9846994535519126
0.985792349726776
0.9868852459016394
0.9879781420765027
0.9890710382513661
0.9901639344262295
0.9912568306010929
0.9880304678998912
0.9891186071817193
0.9902067464635473
0.9912948857453754
1.0
1.0
1.0
1.0
1.0
1.0
1.0
1.0
1.0
1.0
1.0
1.0
1.0
1.0
1.0
1.0
1.0
1.0
1.0
1.0
1.0
1.0
1.0
1.0
1.0
1.0
1.0
1.0
1.0
1.0
1.0
1.0
1.0
1.0
1.0
1.0
1.0
1.0
1.0
1.0
1.0
1.0
1.0
1.0
1.0
1.0
1.0
1.0
1.0
1.0
1.0
1.0
1.0
1.0
1.0
1.0
1.0
1.0
1.0
1.0
1.0
1.0
1.0
1.0
1.0
1.0
1.0
1.0
1.0
1.0
1.0
1.0
1.0
1.0
1.0
1.0
1.0
1.0
1.0
1.0
1.0
1.0
1.0
1.0
1.0
1.0
1.0
1.0
1.0
1.0
1.0
1.0
1.0
1.0
1.0
1.0
1.0
1.0
1.0
1.0
1.0
1.0
1.0
1.0
1.0
1.0
1.0
1.0
1.0
1.0
1.0
1.0
1.0
1.0
1.0
1.0
1.0
1.0
1.0
1.0
1.0
1.0
1.0
1.0
1.0
1.0
1.0
1.0
1.0
1.0
1.0
1.0
1.0
1.0
1.0
1.0
1.0
1.0
1.0
1.0
1.0
1.0
1.0
1.0
1.0
1.0
1.0
1.0
1.0
1.0
1.0
1.0
1.0
1.0
1.0
1.0
1.0
1.0
1.0
1.0
1.0
1.0
1.0
1.0
1.0
1.0
1.0
1.0
1.0
1.0
1.0
1.0
1.0
1.0
1.0
1.0
1.0
1.0
1.0
1.0
1.0
1.0
1.0
1.0
1.0
1.0
1.0
1.0
1.0
1.0
1.0
1.0
1.0
1.0
1.0
1.0
1.0
1.0
1.0
1.0
1.0
1.0
1.0
1.0
1.0
1.0
1.0
1.0
1.0
1.0
1.0
1.0
1.0
1.0
1.0
1.0
1.0
1.0
1.0
1.0
1.0
1.0
1.0
1.0
1.0
1.0
1.0
1.0
1.0
1.0
1.0
1.0
1.0
1.0
1.0
1.0
1.0
1.0
1.0
1.0
1.0
1.0
1.0
1.0
1.0
1.0
1.0
1.0
1.0
1.0
1.0
1.0
1.0
1.0
1.0
1.0
1.0
1.0
1.0
1.0
1.0
1.0
1.0
1.0
1.0
1.0
1.0
1.0
1.0
1.0
1.0
1.0
1.0
1.0
1.0
1.0
1.0
1.0
1.0
1.0
1.0
1.0
1.0
1.0
1.0
1.0
1.0
1.0
1.0
1.0
1.0
1.0
1.0
1.0
1.0
1.0
1.0
1.0
1.0
1.0
1.0
1.0
1.0
1.0
1.0
1.0
1.0
1.0
1.0
1.0
1.0
1.0
1.0
1.0
1.0
1.0
1.0
1.0
1.0
1.0
1.0
1.0
1.0
1.0
1.0
1.0
1.0
1.0
1.0
1.0
1.0
1.0
1.0
1.0
1.0
1.0
1.0
1.0
1.0
1.0
1.0
1.0
1.0
1.0
1.0
1.0
1.0
1.0
1.0
1.0
1.0
1.0
1.0
1.0
1.0
1.0
1.0
1.0
1.0
1.0
1.0
1.0
1.0
1.0
1.0
1.0
1.0
1.0
1.0
1.0
1.0
1.0
1.0
1.0
1.0
1.0
1.0
1.0
1.0
1.0
1.0
1.0
1.0
1.0
1.0
1.0
1.0
1.0
1.0
1.0
1.0
1.0
1.0
1.0
1.0
1.0
1.0
1.0
1.0
1.0
1.0
1.0
1.0
1.0
1.0
1.0
1.0
1.0
1.0
1.0
1.0
1.0
1.0
1.0
1.0
1.0
1.0
1.0
1.0
1.0
1.0
1.0
1.0
1.0
1.0
1.0
1.0
1.0
1.0
1.0
1.0
1.0
1.0
1.0
1.0
1.0
1.0
1.0
1.0
1.0
1.0
1.0
1.0
1.0
1.0
1.0
1.0
1.0
1.0
1.0
1.0
1.0
1.0
1.0
1.0
1.0
1.0
1.0
1.0
1.0
1.0
1.0
1.0
1.0
1.0
1.0
1.0
1.0
1.0
1.0
1.0
1.0
1.0
1.0
1.0
1.0
1.0
1.0
1.0
1.0
1.0
1.0
1.0
1.0
1.0
1.0
1.0
1.0
1.0
1.0
1.0
1.0
1.0
1.0
1.0
1.0
1.0
1.0
1.0
1.0
1.0
1.0
1.0
1.0
1.0
1.0
1.0
1.0
1.0
1.0
1.0
1.0
1.0
1.0
1.0
1.0
1.0
1.0
1.0
1.0
1.0
1.0
1.0
1.0
1.0
1.0
1.0
1.0
1.0
1.0
1.0
1.0
1.0
1.0
1.0
1.0
1.0
1.0
1.0
1.0
1.0
1.0
1.0
1.0
1.0
1.0
1.0
1.0
1.0
1.0
1.0
1.0
1.0
1.0
0.9875444839857651
0.9893238434163701
0.9911032028469751
0.9928825622775801
0.994661921708185
0.99644128113879
0.998220640569395
1.0
0.9859894921190894
0.9877408056042032
0.989492119089317
0.9912434325744308
0.9929947460595446
0.9947460595446584
0.9964973730297724
0.9982486865148862
1.0
1.0
1.0
1.0
1.0
1.0
1.0
1.0
1.0
1.0
1.0
1.0
1.0
1.0
1.0
1.0
1.0
1.0
1.0
1.0
1.0
1.0
1.0
1.0
1.0
1.0
1.0
1.0
1.0
1.0
1.0
1.0
1.0
1.0
1.0
1.0
1.0
1.0
1.0
1.0
1.0
1.0
1.0
1.0
1.0
1.0
1.0
1.0
1.0
1.0
1.0
1.0
1.0
1.0
1.0
1.0
1.0
1.0
1.0
1.0
1.0
1.0
1.0
1.0
1.0
1.0
1.0
1.0
1.0
1.0
1.0
1.0
1.0
1.0
1.0
1.0
1.0
1.0
1.0
1.0
1.0
1.0
1.0
1.0
1.0
1.0
1.0
1.0
1.0
1.0
1.0
1.0
1.0
1.0
1.0
1.0
1.0
1.0
1.0
1.0
1.0
1.0
1.0
1.0
1.0
1.0
1.0
1.0
1.0
1.0
1.0
1.0
1.0
1.0
1.0
1.0
1.0
1.0
1.0
1.0
1.0
1.0
1.0
1.0
1.0
1.0
1.0
1.0
1.0
1.0
1.0
1.0
1.0
1.0
1.0
1.0
1.0
1.0
1.0
1.0
1.0
1.0
1.0
1.0
1.0
1.0
1.0
1.0
1.0
1.0
1.0
1.0
1.0
1.0
1.0
1.0
1.0
1.0
1.0
1.0
1.0
1.0
1.0
1.0
1.0
1.0
1.0
1.0
1.0
1.0
1.0
1.0
1.0
1.0
1.0
1.0
1.0
1.0
1.0
1.0
1.0
1.0
1.0
1.0
1.0
1.0
1.0
1.0
1.0
1.0
1.0
1.0
1.0
1.0
1.0
1.0
1.0
1.0
1.0
1.0
1.0
1.0
1.0
1.0
1.0
1.0
1.0
1.0
1.0
1.0
1.0
1.0
1.0
1.0
1.0
1.0
1.0
1.0
1.0
1.0
1.0
1.0
1.0
1.0
1.0
1.0
1.0
1.0
1.0
1.0
1.0
1.0
1.0
1.0
1.0
1.0
1.0
1.0
1.0
1.0
1.0
1.0
1.0
1.0
1.0
1.0
1.0
1.0
1.0
1.0
1.0
1.0
1.0
1.0
1.0
1.0
1.0
1.0
1.0
1.0
1.0
1.0
1.0
1.0
1.0
1.0
1.0
1.0
1.0
1.0
1.0
1.0
1.0
1.0
1.0
1.0
1.0
1.0
1.0
1.0
1.0
1.0
1.0
1.0
1.0
1.0
1.0
1.0
1.0
1.0
1.0
1.0
1.0
1.0
1.0
1.0
1.0
1.0
1.0
1.0
1.0
1.0
1.0
1.0
1.0
1.0
1.0
1.0
1.0
1.0
1.0
1.0
1.0
1.0
1.0
1.0
1.0
1.0
1.0
1.0
1.0
1.0
1.0
1.0
1.0
1.0
1.0
1.0
1.0
1.0
1.0
1.0
1.0
1.0
1.0
1.0
1.0
1.0
1.0
1.0
1.0
1.0
1.0
1.0
1.0
1.0
1.0
1.0
1.0
1.0
1.0
1.0
1.0
1.0
1.0
1.0
1.0
1.0
1.0
1.0
1.0
1.0
1.0
1.0
1.0
1.0
1.0
1.0
1.0
1.0
1.0
1.0
1.0
1.0
1.0
1.0
1.0
1.0
1.0
1.0
1.0
1.0
1.0
1.0
1.0
1.0
1.0
1.0
1.0
1.0
1.0
1.0
1.0
1.0
1.0
1.0
1.0
1.0
1.0
1.0
1.0
1.0
1.0
1.0
1.0
1.0
1.0
1.0
1.0
1.0
1.0
1.0
1.0
1.0
1.0
1.0
1.0
1.0
1.0
1.0
1.0
1.0
1.0
1.0
1.0
1.0
1.0
1.0
1.0
1.0
1.0
1.0
1.0
1.0
1.0
1.0
1.0
1.0
1.0
1.0
1.0
1.0
1.0
1.0
1.0
1.0
1.0
1.0
1.0
1.0
1.0
1.0
1.0
1.0
1.0
1.0
1.0
1.0
1.0
1.0
1.0
1.0
1.0
1.0
1.0
1.0
1.0
1.0
1.0
1.0
1.0
1.0
1.0
1.0
1.0
1.0
1.0
1.0
1.0
1.0
1.0
1.0
1.0
1.0
1.0
1.0
1.0
1.0
1.0
1.0
1.0
1.0
1.0
1.0
1.0
1.0
1.0
1.0
1.0
1.0
1.0
1.0
1.0
1.0
1.0
1.0
1.0
1.0
1.0
1.0
1.0
1.0
1.0
1.0
1.0
1.0
1.0
1.0
1.0
1.0
1.0
1.0
1.0
1.0
1.0
1.0
1.0
1.0
1.0
1.0
1.0
1.0
1.0
1.0
1.0
1.0
1.0
1.0
1.0
1.0
1.0
1.0
1.0
1.0
1.0
1.0
1.0
1.0
1.0
1.0
1.0
1.0
1.0
1.0
1.0
1.0
0.996415770609319
0.9982078853046595
0.998211091234347
0.9982142857142857
0.9982174688057041
0.998220640569395
0.9982238010657194
0.99822695035461
0.9982300884955753
0.9982332155477032
1.0
0.9964850615114236
0.9982425307557118
1.0
0.9595959595959596
0.9612794612794613
0.9629629629629629
0.9646464646464646
0.9663299663299664
0.968013468013468
0.9696969696969697
0.9713804713804713
0.9730639730639731
0.9747474747474747
0.9764309764309764
0.9781144781144782
0.9797979797979798
0.9814814814814815
0.9831649831649831
0.9848484848484849
0.9865319865319865
0.9882154882154882
0.98989898989899
0.9915824915824916
0.9932659932659933
0.9949494949494949
0.9966329966329966
0.9983164983164983
1.0
0.9949832775919732
0.9966555183946488
0.9983277591973244
1.0
0.9933665008291874
0.9950248756218906
0.9966832504145937
0.9983416252072969
1.0
0.9617834394904459
0.9633757961783439
0.964968152866242
0.9665605095541401
0.9681528662420382
0.9697452229299363
0.9713375796178344
0.9729299363057324
0.9745222929936306
0.9761146496815286
0.9777070063694268
0.9792993630573248
0.9808917197452229
0.982484076433121
0.9840764331210191
0.9856687898089171
0.9872611464968153
0.9888535031847133
0.9904458598726115
0.9920382165605095
0.9936305732484076
0.9952229299363057
0.9968152866242038
0.9984076433121019
1.0
0.9968304278922345
0.9984152139461173
1.0
0.9890453834115805
0.9906103286384976
0.9921752738654147
0.9937402190923318
0.9953051643192489
0.9968701095461658
0.9984350547730829
1.0
1.0
0.987673343605547
0.9892141756548536
0.9907550077041603
0.9922958397534669
0.9938366718027735
0.9953775038520801
0.9969183359013868
0.9984591679506933
1.0
0.9516837481698389
0.9531478770131772
0.9546120058565154
0.9560761346998536
0.9575402635431918
0.95900439238653
0.9604685212298683
0.9619326500732065
0.9633967789165446
0.9648609077598829
0.9663250366032211
0.9677891654465594
0.9692532942898975
0.9707174231332357
0.972181551976574
0.9736456808199122
0.9751098096632503
0.9765739385065886
0.9780380673499268
0.9795021961932651
0.9809663250366032
0.9824304538799414
0.9838945827232797
0.9853587115666179
0.986822840409956
0.9882869692532943
0.9897510980966325
0.9912152269399708
0.9926793557833089
0.9941434846266471
0.9956076134699854
0.9970717423133236
0.9798850574712644
0.9813218390804598
0.9827586206896551
0.9841954022988506
0.985632183908046
0.9870689655172413
0.9885057471264368
0.9899425287356322
0.9913793103448276
0.992816091954023
0.9942528735632183
0.9956896551724138
0.9971264367816092
0.9858156028368794
0.9872340425531915
0.9886524822695035
0.9900709219858156
0.990084985835694
0.9900990099009901
0.9901129943502824
0.9915254237288136
0.9929378531073446
0.9943502824858758
0.9957627118644068
0.9971751412429378
0.997179125528914
0.9971830985915493
0.9971870604781997
0.9971910112359551
0.9971949509116409
0.9971988795518207
0.9972027972027973
0.9972067039106145
0.99721059972106
0.9972144846796658
0.9972183588317107
0.9972222222222222
0.9972260748959778
0.997229916897507
0.9972337482710927
0.9972375690607734
0.9972413793103448
0.9972451790633609
0.9972489683631361
0.9972527472527473
0.9972565157750343
0.9972602739726028
0.9972640218878249
0.9972677595628415
0.9972714870395635
0.9812332439678284
0.982573726541555
0.9839142091152815
0.985254691689008
0.9865951742627346
0.9879356568364611
0.9892761394101877
0.9906166219839142
0.9919571045576407
0.9932975871313673
0.9946380697050938
0.9959785522788204
0.9959839357429718
0.9959893048128342
0.9959946595460614
0.996
0.9973333333333333
0.993368700265252
0.9933774834437086
0.9933862433862434
0.9933949801849405
0.9934036939313984
0.9934123847167325
0.993421052631579
0.9934296977660972
0.9934383202099738
0.9934469200524246
0.993455497382199
0.9934640522875817
0.9934725848563969
0.9934810951760105
0.9934895833333334
0.9947916666666666
0.99609375
0.9973958333333334
0.918562874251497
0.9197604790419162
0.9209580838323354
0.9221556886227545
0.9233532934131736
0.9245508982035928
0.925748502994012
0.9269461077844311
0.9281437125748503
0.9293413173652695
0.9305389221556887
0.9317365269461078
0.932934131736527
0.9341317365269461
0.9353293413173652
0.9365269461077844
0.9377245508982036
0.9389221556886228
0.9401197604790419
0.9413173652694611
0.9425149700598803
0.9437125748502994
0.9449101796407186
0.9461077844311377
0.9473053892215569
0.948502994011976
0.9497005988023952
0.9508982035928144
0.9520958083832335
0.9532934131736527
0.9544910179640719
0.9556886227544911
0.9568862275449102
0.9580838323353293
0.9592814371257485
0.9604790419161676
0.9616766467065868
0.962874251497006
0.9640718562874252
0.9652694610778443
0.9664670658682635
0.9676646706586827
0.9688622754491018
0.9700598802395209
0.9712574850299401
0.9724550898203593
0.9736526946107784
0.9748502994011976
0.9760479041916168
0.9772455089820359
0.9784431137724551
0.9796407185628743
0.9808383233532935
0.9820359281437125
0.9832335329341317
0.9844311377245509
0.98562874251497
0.9868263473053892
0.9880239520958084
0.9892215568862276
0.9904191616766467
0.9916167664670659
0.9928143712574851
0.9845788849347569
0.9857651245551602
0.9869513641755635
0.9881376037959668
0.9893238434163701
0.9905100830367735
0.9916963226571768
0.9928825622775801
0.9847238542890717
0.9858989424206815
0.9870740305522914
0.9882491186839013
0.9894242068155111
0.9905992949471211
0.9917743830787309
0.9929494712103408
0.9701834862385321
0.9713302752293578
0.9724770642201835
0.9736238532110092
0.9747706422018348
0.9759174311926605
0.9770642201834863
0.9782110091743119
0.9793577981651376
0.9805045871559633
0.981651376146789
0.9827981651376146
0.9839449541284404
0.983963344788087
0.9839816933638444
0.984
0.9840182648401826
0.984036488027366
0.9840546697038725
0.9840728100113766
0.9840909090909091
0.9841089670828603
0.9841269841269841
0.984144960362401
0.9841628959276018
0.984180790960452
0.9841986455981941
0.9842164599774521
0.9842342342342343
0.984251968503937
0.9853768278965129
0.9865016872890888
0.9876265466816648
0.9887514060742407
0.9898762654668166
0.9898876404494382
0.98989898989899
0.9899103139013453
0.9899216125419933
0.9899328859060402
0.9899441340782122
0.9899553571428571
0.9899665551839465
0.9899777282850779
0.9899888765294772
0.99
0.9900110987791343
0.9900221729490022
0.9900332225913622
0.9900442477876106
0.9911504424778761
0.9922566371681416
0.9933628318584071
0.9900881057268722
0.9911894273127754
0.9922907488986784
0.9933920704845814
0.9858078602620087
0.9868995633187773
0.9879912663755459
0.9890829694323144
0.990174672489083
0.9912663755458515
0.99235807860262
0.9934497816593887
0.9912948857453754
1.0
1.0
1.0
1.0
1.0
1.0
1.0
1.0
1.0
1.0
1.0
1.0
1.0
1.0
1.0
1.0
1.0
1.0
1.0
1.0
1.0
1.0
1.0
1.0
1.0
1.0
1.0
1.0
1.0
1.0
1.0
1.0
1.0
1.0
1.0
1.0
1.0
1.0
1.0
1.0
1.0
1.0
1.0
1.0
1.0
1.0
1.0
1.0
1.0
1.0
1.0
1.0
1.0
1.0
1.0
1.0
1.0
1.0
1.0
1.0
1.0
1.0
1.0
1.0
1.0
1.0
1.0
1.0
1.0
1.0
1.0
1.0
1.0
1.0
1.0
1.0
1.0
1.0
1.0
1.0
1.0
1.0
1.0
1.0
1.0
1.0
1.0
1.0
1.0
1.0
1.0
1.0
1.0
1.0
1.0
1.0
1.0
1.0
1.0
1.0
1.0
1.0
1.0
1.0
1.0
1.0
1.0
1.0
1.0
1.0
1.0
1.0
1.0
1.0
1.0
1.0
1.0
1.0
1.0
1.0
1.0
1.0
1.0
1.0
1.0
1.0
1.0
1.0
1.0
1.0
1.0
1.0
1.0
1.0
1.0
1.0
1.0
1.0
1.0
1.0
1.0
1.0
1.0
1.0
1.0
1.0
1.0
1.0
1.0
1.0
1.0
1.0
1.0
1.0
1.0
1.0
1.0
1.0
1.0
1.0
1.0
1.0
1.0
1.0
1.0
1.0
1.0
1.0
1.0
1.0
1.0
1.0
1.0
1.0
1.0
1.0
1.0
1.0
1.0
1.0
1.0
1.0
1.0
1.0
1.0
1.0
1.0
1.0
1.0
1.0
1.0
1.0
1.0
1.0
1.0
1.0
1.0
1.0
1.0
1.0
1.0
1.0
1.0
1.0
1.0
1.0
1.0
1.0
1.0
1.0
1.0
1.0
1.0
1.0
1.0
1.0
1.0
1.0
1.0
1.0
1.0
1.0
1.0
1.0
1.0
1.0
1.0
1.0
1.0
1.0
1.0
1.0
1.0
1.0
1.0
1.0
1.0
1.0
1.0
1.0
1.0
1.0
1.0
1.0
1.0
1.0
1.0
1.0
1.0
1.0
1.0
1.0
1.0
1.0
1.0
1.0
1.0
1.0
1.0
1.0
1.0
1.0
1.0
1.0
1.0
1.0
1.0
1.0
1.0
1.0
1.0
1.0
1.0
1.0
1.0
1.0
1.0
1.0
1.0
1.0
1.0
1.0
1.0
1.0
1.0
1.0
1.0
1.0
1.0
1.0
1.0
1.0
1.0
1.0
1.0
1.0
1.0
1.0
1.0
1.0
1.0
1.0
1.0
1.0
1.0
1.0
1.0
1.0
1.0
1.0
1.0
1.0
1.0
1.0
1.0
1.0
1.0
1.0
1.0
1.0
1.0
1.0
1.0
1.0
1.0
1.0
1.0
1.0
1.0
1.0
1.0
1.0
1.0
1.0
1.0
1.0
1.0
1.0
1.0
1.0
1.0
1.0
1.0
1.0
1.0
1.0
1.0
1.0
1.0
1.0
1.0
1.0
1.0
1.0
1.0
1.0
1.0
1.0
1.0
1.0
1.0
1.0
1.0
1.0
1.0
1.0
1.0
1.0
1.0
1.0
1.0
1.0
1.0
1.0
1.0
1.0
1.0
1.0
1.0
1.0
1.0
1.0
1.0
1.0
1.0
1.0
1.0
1.0
1.0
1.0
1.0
1.0
1.0
1.0
1.0
1.0
1.0
1.0
1.0
1.0
1.0
1.0
1.0
1.0
1.0
1.0
1.0
1.0
1.0
1.0
1.0
1.0
1.0
1.0
1.0
1.0
1.0
1.0
1.0
1.0
1.0
1.0
1.0
1.0
1.0
1.0
1.0
1.0
1.0
1.0
1.0
1.0
1.0
1.0
1.0
1.0
1.0
1.0
1.0
1.0
1.0
1.0
1.0
1.0
1.0
1.0
1.0
1.0
1.0
1.0
1.0
1.0
1.0
1.0
1.0
1.0
1.0
1.0
1.0
1.0
1.0
1.0
1.0
1.0
1.0
1.0
1.0
1.0
1.0
1.0
1.0
1.0
1.0
1.0
1.0
1.0
1.0
1.0
1.0
1.0
1.0
1.0
1.0
1.0
1.0
1.0
1.0
1.0
1.0
1.0
1.0
1.0
1.0
1.0
1.0
1.0
1.0
1.0
1.0
1.0
1.0
1.0
1.0
1.0
1.0
1.0
1.0
1.0
1.0
1.0
1.0
1.0
1.0
1.0
1.0
1.0
1.0
1.0
1.0
1.0
1.0
1.0
1.0
1.0
1.0
1.0
1.0
1.0
1.0
1.0
1.0
1.0
1.0
1.0
1.0
1.0
1.0
1.0
1.0
1.0
1.0
1.0
1.0
1.0
1.0
1.0
1.0
1.0
1.0
1.0
1.0
1.0
1.0
1.0
1.0
0.996415770609319
0.9982078853046595
0.998211091234347
0.9982142857142857
0.9982174688057041
0.998220640569395
0.9982238010657194
0.99822695035461
0.9982300884955753
0.9982332155477032
1.0
0.9964850615114236
0.9982425307557118
1.0
0.9878682842287695
0.9878892733564014
0.9879101899827288
0.9879310344827587
0.9879518072289156
0.9896729776247849
0.9913941480206541
0.9931153184165232
0.9948364888123924
0.9965576592082617
0.9982788296041308
1.0
0.9603960396039604
0.9620462046204621
0.9636963696369637
0.9653465346534653
0.966996699669967
0.9686468646864687
0.9702970297029703
0.971947194719472
0.9735973597359736
0.9752475247524752
0.976897689768977
0.9785478547854786
0.9801980198019802
0.9818481848184818
0.9834983498349835
0.9851485148514851
0.9867986798679867
0.9884488448844885
0.9900990099009901
0.9917491749174917
0.9933993399339934
0.995049504950495
0.9966996699669967
0.9983498349834984
1.0
0.9484375
0.95
0.9515625
0.953125
0.9546875
0.95625
0.9578125
0.959375
0.9609375
0.9625
0.9640625
0.965625
0.9671875
0.96875
0.9703125
0.971875
0.9734375
0.975
0.9765625
0.978125
0.9796875
0.98125
0.9828125
0.984375
0.9859375
0.9875
0.9890625
0.990625
0.9921875
0.99375
0.9953125
0.996875
0.9906976744186047
0.9922480620155039
0.993798449612403
0.9953488372093023
0.9968992248062015
0.9787234042553191
0.9802431610942249
0.9817629179331308
0.9832826747720365
0.9848024316109423
0.986322188449848
0.9878419452887538
0.9893617021276596
0.9908814589665653
0.9924012158054711
0.993920972644377
0.9954407294832827
0.9969604863221885
0.9850074962518741
0.9865067466266867
0.9880059970014993
0.9895052473763118
0.9910044977511244
0.992503748125937
0.9940029985007496
0.9955022488755623
0.9970014992503748
0.9940298507462687
0.9955223880597015
0.9970149253731343
0.962589928057554
0.9640287769784173
0.9654676258992806
0.9669064748201439
0.9683453237410072
0.9697841726618706
0.9712230215827338
0.9726618705035971
0.9741007194244604
0.9755395683453237
0.9769784172661871
0.9784172661870504
0.9798561151079137
0.981294964028777
0.9827338129496402
0.9841726618705036
0.9856115107913669
0.9870503597122302
0.9884892086330935
0.9899280575539569
0.9913669064748202
0.9928057553956835
0.9942446043165467
0.99568345323741
0.9971223021582734
0.9971264367816092
0.994277539341917
0.9957081545064378
0.9971387696709585
0.9112271540469974
0.912532637075718
0.9138381201044387
0.9151436031331592
0.9164490861618799
0.9165580182529335
0.9166666666666666
0.9167750325097529
0.9168831168831169
0.9169909208819714
0.917098445595855
0.9172056921086675
0.917312661498708
0.9174193548387096
0.9175257731958762
0.9176319176319176
0.9177377892030848
0.9178433889602053
0.9179487179487179
0.9180537772087067
0.9181585677749361
0.9182630906768838
0.9183673469387755
0.9184713375796179
0.9185750636132316
0.9186785260482846
0.9187817258883249
0.9188846641318125
0.9189873417721519
0.9190897597977244
0.9191919191919192
0.9192938209331651
0.9193954659949622
0.919496855345912
0.9195979899497487
0.9196988707653702
0.9197994987468672
0.9198998748435544
0.92
0.92125
0.9225
0.92375
0.925
0.92625
0.9275
0.92875
0.93
0.93125
0.9325
0.93375
0.935
0.93625
0.9375
0.93875
0.94
0.94125
0.9425
0.94375
0.945
0.94625
0.9475
0.94875
0.95
0.95125
0.9525
0.95375
0.955
0.95625
0.9575
0.95875
0.96
0.96125
0.9625
0.96375
0.965
0.96625
0.9675
0.96875
0.97
0.97125
0.9725
0.97375
0.975
0.97625
0.9775
0.97875
0.98
0.98125
0.9825
0.98375
0.985
0.98625
0.9875
0.98875
0.99
0.99125
0.9925
0.977859778597786
0.9790897908979089
0.980319803198032
0.981549815498155
0.982779827798278
0.984009840098401
0.985239852398524
0.986469864698647
0.9876998769987699
0.988929889298893
0.990159901599016
0.991389913899139
0.9914004914004914
0.9914110429447853
0.991421568627451
0.9914320685434517
0.99265605875153
0.9818621523579202
0.9830713422007256
0.9842805320435308
0.9854897218863361
0.9866989117291415
0.9879081015719468
0.9891172914147521
0.9891304347826086
0.9891435464414958
0.9891566265060241
0.9891696750902527
0.9903730445246691
0.9915764139590855
0.9927797833935018
0.9892215568862276
0.9904191616766467
0.9916167664670659
0.9928143712574851
0.9845788849347569
0.9857651245551602
0.9869513641755635
0.9881376037959668
0.9893238434163701
0.9905100830367735
0.9916963226571768
0.9928825622775801
0.9847238542890717
0.9858989424206815
0.9870740305522914
0.9882491186839013
0.9894242068155111
0.9905992949471211
0.9917743830787309
0.9929494712103408
0.9701834862385321
0.9713302752293578
0.9724770642201835
0.9736238532110092
0.9747706422018348
0.9759174311926605
0.9770642201834863
0.9782110091743119
0.9793577981651376
0.9805045871559633
0.981651376146789
0.9827981651376146
0.9839449541284404
0.983963344788087
0.9839816933638444
0.984
0.9840182648401826
0.984036488027366
0.9840546697038725
0.9840728100113766
0.9840909090909091
0.9841089670828603
0.9841269841269841
0.984144960362401
0.9841628959276018
0.984180790960452
0.9841986455981941
0.9842164599774521
0.9842342342342343
0.984251968503937
0.9853768278965129
0.9865016872890888
0.9876265466816648
0.9887514060742407
0.9898762654668166
0.9898876404494382
0.98989898989899
0.9899103139013453
0.9899216125419933
0.9899328859060402
0.9899441340782122
0.9899553571428571
0.9899665551839465
0.9899777282850779
0.9899888765294772
0.99
0.9900110987791343
0.9900221729490022
0.9900332225913622
0.9900442477876106
0.9911504424778761
0.9922566371681416
0.9933628318584071
0.9911797133406836
0.9879253567508233
0.9890230515916575
0.9901207464324918
0.991218441273326
0.9836779107725789
0.984766050054407
0.985854189336235
0.9869423286180631
0.9880304678998912
0.9891186071817193
0.9902067464635473
0.9912948857453754
1.0
1.0
1.0
1.0
1.0
1.0
1.0
1.0
1.0
1.0
1.0
1.0
1.0
1.0
1.0
1.0
1.0
1.0
1.0
1.0
1.0
1.0
1.0
1.0
1.0
1.0
1.0
1.0
1.0
1.0
1.0
1.0
1.0
1.0
1.0
1.0
1.0
1.0
1.0
1.0
1.0
1.0
1.0
1.0
1.0
1.0
1.0
1.0
1.0
1.0
1.0
1.0
1.0
1.0
1.0
1.0
1.0
1.0
1.0
1.0
1.0
1.0
1.0
1.0
1.0
1.0
1.0
1.0
1.0
1.0
1.0
1.0
1.0
1.0
1.0
1.0
1.0
1.0
1.0
1.0
1.0
1.0
1.0
1.0
1.0
1.0
1.0
1.0
1.0
1.0
1.0
1.0
1.0
1.0
1.0
1.0
1.0
1.0
1.0
1.0
1.0
1.0
1.0
1.0
1.0
1.0
1.0
1.0
1.0
1.0
1.0
1.0
1.0
1.0
1.0
1.0
1.0
1.0
1.0
1.0
1.0
1.0
1.0
1.0
1.0
1.0
1.0
1.0
1.0
1.0
1.0
1.0
1.0
1.0
1.0
1.0
1.0
1.0
1.0
1.0
1.0
1.0
1.0
1.0
1.0
1.0
1.0
1.0
1.0
1.0
1.0
1.0
1.0
1.0
1.0
1.0
1.0
1.0
1.0
1.0
1.0
1.0
1.0
1.0
1.0
1.0
1.0
1.0
1.0
1.0
1.0
1.0
1.0
1.0
1.0
1.0
1.0
1.0
1.0
1.0
1.0
1.0
1.0
1.0
1.0
1.0
1.0
1.0
1.0
1.0
1.0
1.0
1.0
1.0
1.0
1.0
1.0
1.0
1.0
1.0
1.0
1.0
1.0
1.0
1.0
1.0
1.0
1.0
1.0
1.0
1.0
1.0
1.0
1.0
1.0
1.0
1.0
1.0
1.0
1.0
1.0
1.0
1.0
1.0
1.0
1.0
1.0
1.0
1.0
1.0
1.0
1.0
1.0
1.0
1.0
1.0
1.0
1.0
1.0
1.0
1.0
1.0
1.0
1.0
1.0
1.0
1.0
1.0
1.0
1.0
1.0
1.0
1.0
1.0
1.0
1.0
1.0
1.0
1.0
1.0
1.0
1.0
1.0
1.0
1.0
1.0
1.0
1.0
1.0
1.0
1.0
1.0
1.0
1.0
1.0
1.0
1.0
1.0
1.0
1.0
1.0
1.0
1.0
1.0
1.0
1.0
1.0
1.0
1.0
1.0
1.0
1.0
1.0
1.0
1.0
1.0
1.0
1.0
1.0
1.0
1.0
1.0
1.0
1.0
1.0
1.0
1.0
1.0
1.0
1.0
1.0
1.0
1.0
1.0
1.0
1.0
1.0
1.0
1.0
1.0
1.0
1.0
1.0
1.0
1.0
1.0
1.0
1.0
1.0
1.0
1.0
1.0
1.0
1.0
1.0
1.0
1.0
1.0
1.0
1.0
1.0
1.0
1.0
1.0
1.0
1.0
1.0
1.0
1.0
1.0
1.0
1.0
1.0
1.0
1.0
1.0
1.0
1.0
1.0
1.0
1.0
1.0
1.0
1.0
1.0
1.0
1.0
1.0
1.0
1.0
1.0
1.0
1.0
1.0
1.0
1.0
1.0
1.0
1.0
1.0
1.0
1.0
1.0
1.0
1.0
1.0
1.0
1.0
1.0
1.0
1.0
1.0
1.0
1.0
1.0
1.0
1.0
1.0
1.0
1.0
1.0
1.0
1.0
1.0
1.0
1.0
1.0
1.0
1.0
1.0
1.0
1.0
1.0
1.0
1.0
1.0
1.0
1.0
1.0
1.0
1.0
1.0
1.0
1.0
1.0
1.0
1.0
1.0
1.0
1.0
1.0
1.0
1.0
1.0
1.0
1.0
1.0
1.0
1.0
1.0
1.0
1.0
1.0
1.0
1.0
1.0
1.0
1.0
1.0
1.0
1.0
1.0
1.0
1.0
1.0
1.0
1.0
1.0
1.0
1.0
1.0
1.0
1.0
1.0
1.0
1.0
1.0
1.0
1.0
1.0
1.0
1.0
1.0
1.0
1.0
1.0
1.0
1.0
1.0
1.0
1.0
1.0
1.0
1.0
1.0
1.0
1.0
1.0
1.0
1.0
1.0
1.0
1.0
1.0
1.0
1.0
1.0
1.0
1.0
1.0
1.0
1.0
1.0
1.0
1.0
1.0
1.0
1.0
1.0
1.0
1.0
1.0
1.0
1.0
1.0
1.0
1.0
1.0
1.0
1.0
1.0
1.0
1.0
1.0
1.0
1.0
1.0
1.0
1.0
1.0
1.0
1.0
1.0
1.0
1.0
1.0
1.0
1.0
1.0
1.0
1.0
1.0
1.0
1.0
1.0
1.0
1.0
1.0
1.0
1.0
1.0
1.0
1.0
1.0
1.0
0.996415770609319
0.9982078853046595
0.998211091234347
0.9982142857142857
0.9982174688057041
0.998220640569395
0.9982238010657194
0.99822695035461
0.9982300884955753
0.9982332155477032
1.0
0.9964850615114236
0.9982425307557118
1.0
0.9595959595959596
0.9612794612794613
0.9629629629629629
0.9646464646464646
0.9663299663299664
0.968013468013468
0.9696969696969697
0.9713804713804713
0.9730639730639731
0.9747474747474747
0.9764309764309764
0.9781144781144782
0.9797979797979798
0.9814814814814815
0.9831649831649831
0.9848484848484849
0.9865319865319865
0.9882154882154882
0.98989898989899
0.9915824915824916
0.9932659932659933
0.9949494949494949
0.9966329966329966
0.9983164983164983
1.0
0.947452229299363
0.9490445859872612
0.9506369426751592
0.9522292993630573
0.9538216560509554
0.9554140127388535
0.9570063694267515
0.9585987261146497
0.9601910828025477
0.9617834394904459
0.9633757961783439
0.964968152866242
0.9665605095541401
0.9681528662420382
0.9697452229299363
0.9713375796178344
0.9729299363057324
0.9745222929936306
0.9761146496815286
0.9777070063694268
0.9792993630573248
0.9808917197452229
0.982484076433121
0.9840764331210191
0.9856687898089171
0.9872611464968153
0.9888535031847133
0.9904458598726115
0.9920382165605095
0.9936305732484076
0.9952229299363057
0.9968152866242038
0.9781591263650546
0.9797191887675507
0.9812792511700468
0.982839313572543
0.984399375975039
0.9859594383775351
0.9875195007800313
0.9890795631825273
0.9906396255850234
0.9921996879875195
0.9937597503900156
0.9953198127925117
0.9968798751950078
0.9922480620155039
0.993798449612403
0.9953488372093023
0.9968992248062015
0.9862174578866769
0.9877488514548239
0.9892802450229708
0.9908116385911179
0.9923430321592649
0.9938744257274119
0.9954058192955589
0.996937212863706
0.9969418960244648
0.9969465648854962
0.9969512195121951
0.9969558599695586
0.9969604863221885
0.9969650986342944
0.996969696969697
0.9969742813918305
0.9969788519637462
0.9969834087481146
0.9969879518072289
0.9969924812030075
0.996996996996997
0.9970014992503748
0.9970059880239521
0.9970104633781763
0.9970149253731343
0.9970193740685543
0.9970238095238095
0.9970282317979198
0.9970326409495549
0.997037037037037
0.9970414201183432
0.9970457902511078
0.9970501474926253
0.9970544918998527
0.9941348973607038
0.9956011730205279
0.9970674486803519
0.9912663755458515
0.992721979621543
0.9941775836972343
0.9956331877729258
0.9970887918486172
0.985632183908046
0.9870689655172413
0.9885057471264368
0.9899425287356322
0.9913793103448276
0.992816091954023
0.9942528735632183
0.9956896551724138
0.9971264367816092
0.9928571428571429
0.9942857142857143
0.9957142857142857
0.9971428571428571
0.9858956276445698
0.9873060648801129
0.9887165021156559
0.9901269393511989
0.9901408450704225
0.9901547116736991
0.9901685393258427
0.9915730337078652
0.9929775280898876
0.9943820224719101
0.9957865168539326
0.9971910112359551
0.9971949509116409
0.9971988795518207
0.9972027972027973
0.9972067039106145
0.99721059972106
0.9972144846796658
0.9972183588317107
0.9972222222222222
0.9972260748959778
0.997229916897507
0.9972337482710927
0.9972375690607734
0.9972413793103448
0.9972451790633609
0.9972489683631361
0.9972527472527473
0.9972565157750343
0.9972602739726028
0.9972640218878249
0.9972677595628415
0.9972714870395635
0.997275204359673
0.9972789115646259
0.9972826086956522
0.9972862957937585
0.9813333333333333
0.9826666666666667
0.984
0.9853333333333333
0.9866666666666667
0.988
0.9893333333333333
0.9906666666666667
0.992
0.9933333333333333
0.9946666666666667
0.996
0.9973333333333333
0.9167686658506732
0.9179926560587516
0.9192166462668299
0.9204406364749081
0.9216646266829865
0.9228886168910648
0.9241126070991432
0.9253365973072215
0.9265605875152999
0.9277845777233782
0.9290085679314566
0.9302325581395349
0.9314565483476133
0.9326805385556916
0.9339045287637698
0.9351285189718482
0.9363525091799265
0.9375764993880049
0.9388004895960832
0.9400244798041616
0.9412484700122399
0.9424724602203183
0.9436964504283966
0.944920440636475
0.9461444308445532
0.9473684210526315
0.9485924112607099
0.9498164014687882
0.9510403916768666
0.9522643818849449
0.9534883720930233
0.9547123623011016
0.95593635250918
0.9571603427172583
0.9583843329253366
0.9596083231334149
0.9608323133414932
0.9620563035495716
0.9632802937576499
0.9645042839657283
0.9657282741738066
0.966952264381885
0.9681762545899633
0.9694002447980417
0.9706242350061199
0.9718482252141983
0.9730722154222766
0.9742962056303549
0.9755201958384333
0.9767441860465116
0.97796817625459
0.9791921664626683
0.9804161566707467
0.981640146878825
0.9828641370869033
0.9840881272949816
0.98531211750306
0.9865361077111383
0.9877600979192166
0.988984088127295
0.9902080783353733
0.9914320685434517
0.99265605875153
0.9818621523579202
0.9830713422007256
0.9842805320435308
0.9854897218863361
0.9866989117291415
0.9879081015719468
0.9891172914147521
0.9891304347826086
0.9891435464414958
0.9891566265060241
0.9891696750902527
0.9903730445246691
0.9915764139590855
0.9927797833935018
0.9892215568862276
0.9904191616766467
0.9916167664670659
0.9928143712574851
0.969626168224299
0.9707943925233645
0.9719626168224299
0.9731308411214953
0.9742990654205608
0.9754672897196262
0.9766355140186916
0.977803738317757
0.9789719626168224
0.9801401869158879
0.9813084112149533
0.9824766355140186
0.9836448598130841
0.9836639439906651
0.9836829836829837
0.9837019790454016
0.9837209302325581
0.983739837398374
0.9837587006960556
0.9837775202780996
0.9837962962962963
0.9838150289017341
0.9838337182448037
0.9838523644752019
0.9838709677419355
0.9838895281933256
0.9839080459770115
0.983926521239954
0.9839449541284404
0.983963344788087
0.9851088201603666
0.9862542955326461
0.9873997709049256
0.9885452462772051
0.9896907216494846
0.9897025171624714
0.9897142857142858
0.9897260273972602
0.9897377423033067
0.989749430523918
0.9897610921501706
0.9897727272727272
0.9897843359818388
0.9897959183673469
0.9898074745186863
0.9898190045248869
0.9898305084745763
0.989841986455982
0.9898534385569335
0.9898648648648649
0.990990990990991
0.9921171171171171
0.9932432432432432
0.9899103139013453
0.9910313901345291
0.992152466367713
0.9932735426008968
0.9855555555555555
0.9866666666666667
0.9877777777777778
0.9888888888888889
0.99
0.9911111111111112
0.9922222222222222
0.9933333333333333
0.98568281938326
0.986784140969163
0.987885462555066
0.9889867841409692
0.9900881057268722
0.9911894273127754
0.9922907488986784
0.9933920704845814
0.9858078602620087
0.9868995633187773
0.9879912663755459
0.9890829694323144
0.990174672489083
0.9912663755458515
0.99235807860262
0.9934497816593887
0.9912948857453754
1.0
1.0
1.0
1.0
1.0
1.0
1.0
1.0
1.0
1.0
1.0
1.0
1.0
1.0
1.0
1.0
1.0
1.0
1.0
1.0
1.0
1.0
1.0
1.0
1.0
1.0
1.0
1.0
1.0
1.0
1.0
1.0
1.0
1.0
1.0
1.0
1.0
1.0
1.0
1.0
1.0
1.0
1.0
1.0
1.0
1.0
1.0
1.0
1.0
1.0
1.0
1.0
1.0
1.0
1.0
1.0
1.0
1.0
1.0
1.0
1.0
1.0
1.0
1.0
1.0
1.0
1.0
1.0
1.0
1.0
1.0
1.0
1.0
1.0
1.0
1.0
1.0
1.0
1.0
1.0
1.0
1.0
1.0
1.0
1.0
1.0
1.0
1.0
1.0
1.0
1.0
1.0
1.0
1.0
1.0
1.0
1.0
1.0
1.0
1.0
1.0
1.0
1.0
1.0
1.0
1.0
1.0
1.0
1.0
1.0
1.0
1.0
1.0
1.0
1.0
1.0
1.0
1.0
1.0
1.0
1.0
1.0
1.0
1.0
1.0
1.0
1.0
1.0
1.0
1.0
1.0
1.0
1.0
1.0
1.0
1.0
1.0
1.0
1.0
1.0
1.0
1.0
1.0
1.0
1.0
1.0
1.0
1.0
1.0
1.0
1.0
1.0
1.0
1.0
1.0
1.0
1.0
1.0
1.0
1.0
1.0
1.0
1.0
1.0
1.0
1.0
1.0
1.0
1.0
1.0
1.0
1.0
1.0
1.0
1.0
1.0
1.0
1.0
1.0
1.0
1.0
1.0
1.0
1.0
1.0
1.0
1.0
1.0
1.0
1.0
1.0
1.0
1.0
1.0
1.0
1.0
1.0
1.0
1.0
1.0
1.0
1.0
1.0
1.0
1.0
1.0
1.0
1.0
1.0
1.0
1.0
1.0
1.0
1.0
1.0
1.0
1.0
1.0
1.0
1.0
1.0
1.0
1.0
1.0
1.0
1.0
1.0
1.0
1.0
1.0
1.0
1.0
1.0
1.0
1.0
1.0
1.0
1.0
1.0
1.0
1.0
1.0
1.0
1.0
1.0
1.0
1.0
1.0
1.0
1.0
1.0
1.0
1.0
1.0
1.0
1.0
1.0
1.0
1.0
1.0
1.0
1.0
1.0
1.0
1.0
1.0
1.0
1.0
1.0
1.0
1.0
1.0
1.0
1.0
1.0
1.0
1.0
1.0
1.0
1.0
1.0
1.0
1.0
1.0
1.0
1.0
1.0
1.0
1.0
1.0
1.0
1.0
1.0
1.0
1.0
1.0
1.0
1.0
1.0
1.0
1.0
1.0
1.0
1.0
1.0
1.0
1.0
1.0
1.0
1.0
1.0
1.0
1.0
1.0
1.0
1.0
1.0
1.0
1.0
1.0
1.0
1.0
1.0
1.0
1.0
1.0
1.0
1.0
1.0
1.0
1.0
1.0
1.0
1.0
1.0
1.0
1.0
1.0
1.0
1.0
1.0
1.0
1.0
1.0
1.0
1.0
1.0
1.0
1.0
1.0
1.0
1.0
1.0
1.0
1.0
1.0
1.0
1.0
1.0
1.0
1.0
1.0
1.0
1.0
1.0
1.0
1.0
1.0
1.0
1.0
1.0
1.0
1.0
1.0
1.0
1.0
1.0
1.0
1.0
1.0
1.0
1.0
1.0
1.0
1.0
1.0
1.0
1.0
1.0
1.0
1.0
1.0
1.0
1.0
1.0
1.0
1.0
1.0
1.0
1.0
1.0
1.0
1.0
1.0
1.0
1.0
1.0
1.0
1.0
1.0
1.0
1.0
1.0
1.0
1.0
1.0
1.0
1.0
1.0
1.0
1.0
1.0
1.0
1.0
1.0
1.0
1.0
1.0
1.0
1.0
1.0
1.0
1.0
1.0
1.0
1.0
1.0
1.0
1.0
1.0
1.0
1.0
1.0
1.0
1.0
1.0
1.0
1.0
1.0
1.0
1.0
1.0
1.0
1.0
1.0
1.0
1.0
1.0
1.0
1.0
1.0
1.0
1.0
1.0
1.0
1.0
1.0
1.0
1.0
1.0
1.0
1.0
1.0
1.0
1.0
1.0
1.0
1.0
1.0
1.0
1.0
1.0
1.0
1.0
1.0
1.0
1.0
1.0
1.0
1.0
1.0
1.0
1.0
1.0
1.0
1.0
1.0
1.0
1.0
1.0
1.0
1.0
1.0
1.0
1.0
1.0
1.0
1.0
1.0
1.0
1.0
1.0
1.0
1.0
1.0
1.0
1.0
1.0
1.0
1.0
1.0
1.0
1.0
1.0
1.0
1.0
1.0
1.0
1.0
1.0
1.0
1.0
1.0
1.0
1.0
1.0
1.0
1.0
1.0
1.0
1.0
1.0
1.0
1.0
1.0
1.0
1.0
1.0
1.0
1.0
1.0
1.0
1.0
1.0
1.0
0.996415770609319
0.9982078853046595
0.998211091234347
0.9982142857142857
0.9982174688057041
0.998220640569395
0.9982238010657194
0.99822695035461
0.9982300884955753
0.9982332155477032
1.0
0.9964850615114236
0.9982425307557118
1.0
0.979381443298969
0.9810996563573883
0.9828178694158075
0.9845360824742269
0.9862542955326461
0.9879725085910653
0.9896907216494846
0.9914089347079038
0.993127147766323
0.9948453608247423
0.9965635738831615
0.9982817869415808
1.0
0.9948805460750854
0.9965870307167235
0.9982935153583617
1.0
0.9932318104906938
0.9949238578680203
0.9966159052453468
0.9983079526226735
1.0
1.0
1.0
1.0
1.0
1.0
1.0
1.0
1.0
1.0
1.0
1.0
1.0
1.0
1.0
1.0
1.0
1.0
1.0
1.0
1.0
1.0
1.0
1.0
1.0
1.0
1.0
0.9967741935483871
0.9983870967741936
1.0
0.9627906976744186
0.9643410852713178
0.9658914728682171
0.9674418604651163
0.9689922480620154
0.9705426356589147
0.9720930232558139
0.9736434108527132
0.9751937984496124
0.9767441860465116
0.9782945736434109
0.9798449612403101
0.9813953488372092
0.9829457364341085
0.9844961240310077
0.986046511627907
0.9875968992248062
0.9891472868217054
0.9906976744186047
0.9922480620155039
0.993798449612403
0.9953488372093023
0.9968992248062015
0.9984496124031008
1.0
0.9877675840978594
0.9892966360856269
0.9908256880733946
0.9923547400611621
0.9938837920489296
0.9954128440366973
0.9969418960244648
0.9984709480122325
1.0
0.9894259818731118
0.9909365558912386
0.9924471299093656
0.9939577039274925
0.9954682779456193
0.9969788519637462
0.9984894259818731
1.0
0.9525862068965517
0.9540229885057471
0.9554597701149425
0.9568965517241379
0.9583333333333334
0.9597701149425287
0.9612068965517241
0.9626436781609196
0.9640804597701149
0.9655172413793104
0.9669540229885057
0.9683908045977011
0.9698275862068966
0.9712643678160919
0.9727011494252874
0.9741379310344828
0.9755747126436781
0.9770114942528736
0.978448275862069
0.9798850574712644
0.9813218390804598
0.9827586206896551
0.9841954022988506
0.985632183908046
0.9870689655172413
0.9885057471264368
0.9899425287356322
0.9913793103448276
0.992816091954023
0.9942528735632183
0.9956896551724138
0.9971264367816092
0.9928571428571429
0.992867332382311
0.9928774928774928
0.9928876244665719
0.9928977272727273
0.9929078014184397
0.9929178470254958
0.9929278642149929
0.9929378531073446
0.9929478138222849
0.9929577464788732
0.9929676511954993
0.9929775280898876
0.9929873772791024
0.9929971988795518
0.993006993006993
0.9930167597765364
0.99302649930265
0.9930362116991643
0.9944289693593314
0.9958217270194986
0.9972144846796658
0.9972183588317107
0.9972222222222222
0.9972260748959778
0.997229916897507
0.9972337482710927
0.9972375690607734
0.9972413793103448
0.9972451790633609
0.9972489683631361
0.9972527472527473
0.9972565157750343
0.9972602739726028
0.9972640218878249
0.9945504087193461
0.9959128065395095
0.997275204359673
0.9972789115646259
0.9152119700748129
0.9164588528678305
0.9177057356608479
0.9189526184538653
0.9201995012468828
0.9202988792029888
0.9203980099502488
0.9204968944099379
0.9205955334987593
0.9206939281288724
0.9207920792079208
0.9208899876390606
0.9209876543209876
0.9210850801479655
0.9211822660098522
0.9212792127921279
0.9213759213759214
0.9214723926380368
0.9215686274509803
0.9216646266829865
0.921760391198044
0.9218559218559218
0.9219512195121952
0.9220462850182704
0.9221411192214112
0.9222357229647631
0.9223300970873787
0.9224242424242424
0.9225181598062954
0.9226118500604595
0.9227053140096618
0.9227985524728589
0.9228915662650602
0.9229843561973526
0.9230769230769231
0.9231692677070829
0.9232613908872902
0.9233532934131736
0.9245508982035928
0.925748502994012
0.9269461077844311
0.9281437125748503
0.9293413173652695
0.9305389221556887
0.9317365269461078
0.932934131736527
0.9341317365269461
0.9353293413173652
0.9365269461077844
0.9377245508982036
0.9389221556886228
0.9401197604790419
0.9413173652694611
0.9425149700598803
0.9437125748502994
0.9449101796407186
0.9461077844311377
0.9473053892215569
0.948502994011976
0.9497005988023952
0.9508982035928144
0.9520958083832335
0.9532934131736527
0.9544910179640719
0.9556886227544911
0.9568862275449102
0.9580838323353293
0.9592814371257485
0.9604790419161676
0.9616766467065868
0.962874251497006
0.9640718562874252
0.9652694610778443
0.9664670658682635
0.9676646706586827
0.9688622754491018
0.9700598802395209
0.9712574850299401
0.9724550898203593
0.9736526946107784
0.9748502994011976
0.9760479041916168
0.9772455089820359
0.9784431137724551
0.9796407185628743
0.9808383233532935
0.9820359281437125
0.9832335329341317
0.9844311377245509
0.98562874251497
0.9868263473053892
0.9880239520958084
0.9892215568862276
0.9904191616766467
0.9916167664670659
0.9928143712574851
0.969626168224299
0.9707943925233645
0.9719626168224299
0.9731308411214953
0.9742990654205608
0.9754672897196262
0.9766355140186916
0.977803738317757
0.9789719626168224
0.9801401869158879
0.9813084112149533
0.9824766355140186
0.9836448598130841
0.9836639439906651
0.9836829836829837
0.9837019790454016
0.9837209302325581
0.983739837398374
0.9837587006960556
0.9837775202780996
0.9837962962962963
0.9838150289017341
0.9838337182448037
0.9838523644752019
0.9838709677419355
0.9838895281933256
0.9839080459770115
0.983926521239954
0.9839449541284404
0.983963344788087
0.9851088201603666
0.9862542955326461
0.9873997709049256
0.9885452462772051
0.9896907216494846
0.9897025171624714
0.9897142857142858
0.9897260273972602
0.9897377423033067
0.989749430523918
0.9897610921501706
0.9897727272727272
0.9897843359818388
0.9897959183673469
0.9898074745186863
0.9898190045248869
0.9898305084745763
0.989841986455982
0.9898534385569335
0.9898648648648649
0.990990990990991
0.9921171171171171
0.9932432432432432
0.9854910714285714
0.9866071428571429
0.9877232142857143
0.9888392857142857
0.9899553571428571
0.9910714285714286
0.9921875
0.9933035714285714
0.9856194690265486
0.9867256637168141
0.9878318584070797
0.9889380530973452
0.9900442477876106
0.9911504424778761
0.9922566371681416
0.9900771775082691
0.986827661909989
0.9879253567508233
0.9890230515916575
0.9901207464324918
0.9825897714907508
0.9836779107725789
0.984766050054407
0.985854189336235
0.9869423286180631
0.9880304678998912
0.9891186071817193
0.9902067464635473
