1.0
1.0
1.0
1.0
1.0
1.0
1.0
1.0
1.0
1.0
1.0
1.0
1.0
1.0
1.0
1.0
1.0
1.0
1.0
1.0
1.0
1.0
1.0
1.0
1.0
1.0
1.0
0.8235294117647058
0.8285714285714286
0.8333333333333334
0.8378378378378378
0.8421052631578947
0.8461538461538461
0.85
0.8536585365853658
0.8571428571428571
0.8604651162790697
0.8636363636363636
0.8666666666666667
0.8695652173913043
0.8723404255319149
0.875
0.8775510204081632
0.88
0.8823529411764706
0.8846153846153846
0.8867924528301887
0.8888888888888888
0.8909090909090909
1.0
1.0
1.0
1.0
1.0
1.0
1.0
1.0
1.0
1.0
1.0
1.0
1.0
1.0
1.0
1.0
1.0
1.0
1.0
1.0
1.0
1.0
1.0
1.0
1.0
1.0
1.0
0.8235294117647058
0.8285714285714286
0.8333333333333334
0.8378378378378378
0.8421052631578947
0.8461538461538461
0.85
0.8536585365853658
0.8571428571428571
0.8604651162790697
0.8636363636363636
0.8666666666666667
0.8695652173913043
0.8723404255319149
0.875
0.8775510204081632
0.88
0.8823529411764706
0.8846153846153846
0.8867924528301887
0.8888888888888888
0.8909090909090909
1.0
1.0
1.0
1.0
1.0
1.0
1.0
1.0
1.0
1.0
1.0
1.0
1.0
1.0
1.0
1.0
1.0
1.0
1.0
1.0
1.0
1.0
1.0
1.0
1.0
1.0
1.0
1.0
1.0
1.0
1.0
1.0
1.0
1.0
1.0
1.0
1.0
1.0
1.0
1.0
1.0
1.0
1.0
1.0
1.0
1.0
1.0
1.0
1.0
1.0
1.0
1.0
1.0
1.0
1.0
1.0
1.0
1.0
1.0
1.0
1.0
1.0
1.0
1.0
1.0
1.0
1.0
1.0
1.0
1.0
1.0
1.0
1.0
1.0
1.0
1.0
0.8235294117647058
0.8285714285714286
0.8333333333333334
0.8378378378378378
0.8421052631578947
0.8461538461538461
0.85
0.8536585365853658
0.8571428571428571
0.8604651162790697
0.8636363636363636
0.8666666666666667
0.8695652173913043
0.8723404255319149
0.875
0.8775510204081632
0.88
0.8823529411764706
0.8846153846153846
0.8867924528301887
0.8888888888888888
0.8909090909090909
1.0
1.0
1.0
1.0
1.0
1.0
1.0
1.0
1.0
1.0
1.0
1.0
1.0
1.0
1.0
1.0
1.0
1.0
1.0
1.0
1.0
1.0
1.0
1.0
1.0
1.0
1.0
0.8235294117647058
0.8285714285714286
0.8333333333333334
0.8378378378378378
0.8421052631578947
0.8461538461538461
0.85
0.8536585365853658
0.8571428571428571
0.8604651162790697
0.8636363636363636
0.8666666666666667
0.8695652173913043
0.8723404255319149
0.875
0.8775510204081632
0.88
0.8823529411764706
0.8846153846153846
0.8867924528301887
0.8888888888888888
0.8909090909090909
1.0
1.0
1.0
1.0
1.0
1.0
1.0
1.0
1.0
1.0
1.0
1.0
1.0
1.0
1.0
1.0
1.0
1.0
1.0
1.0
1.0
1.0
1.0
1.0
1.0
1.0
1.0
0.8235294117647058
0.8285714285714286
0.8333333333333334
0.8378378378378378
0.8421052631578947
0.8461538461538461
0.85
0.8536585365853658
0.8571428571428571
0.8604651162790697
0.8636363636363636
0.8666666666666667
0.8695652173913043
0.8723404255319149
0.875
0.8775510204081632
0.88
0.8823529411764706
0.8846153846153846
0.8867924528301887
0.8888888888888888
0.8909090909090909
1.0
1.0
1.0
1.0
1.0
1.0
1.0
1.0
1.0
1.0
1.0
1.0
1.0
1.0
1.0
1.0
1.0
1.0
1.0
1.0
1.0
1.0
1.0
1.0
1.0
1.0
1.0
0.8235294117647058
0.8285714285714286
0.8333333333333334
0.8378378378378378
0.8421052631578947
0.8461538461538461
0.85
0.8536585365853658
0.8571428571428571
0.8604651162790697
0.8636363636363636
0.8666666666666667
0.8695652173913043
0.8723404255319149
0.875
0.8775510204081632
0.88
0.8823529411764706
0.8846153846153846
0.8867924528301887
0.8888888888888888
0.8909090909090909
