1.0
1.0
1.0
1.0
1.0
1.0
1.0
1.0
0.6
0.6666666666666666
0.7333333333333333
0.8
0.8666666666666667
0.9333333333333333
1.0
1.0
1.0
1.0
1.0
1.0
1.0
1.0
1.0
0.6
0.6666666666666666
0.7333333333333333
0.8
0.8666666666666667
0.9333333333333333
1.0
1.0
1.0
1.0
1.0
1.0
1.0
1.0
1.0
1.0
1.0
1.0
1.0
1.0
1.0
1.0
1.0
0.6
0.6666666666666666
0.7333333333333333
0.8
0.8666666666666667
0.9333333333333333
1.0
1.0
1.0
1.0
1.0
1.0
1.0
1.0
1.0
0.6
0.6666666666666666
0.7333333333333333
0.8
0.8666666666666667
0.9333333333333333
1.0
1.0
1.0
1.0
1.0
1.0
1.0
1.0
1.0
0.6
0.6666666666666666
0.7333333333333333
0.8
0.8666666666666667
0.9333333333333333
1.0
1.0
1.0
1.0
1.0
1.0
1.0
1.0
1.0
0.6
0.6666666666666666
0.7333333333333333
0.8
0.8666666666666667
0.9333333333333333
1.0
