|checker| success id$0$color:green$: 
==========================
$FilePath$/home/tiago/empirical-jsvuln-tools-study/framework/src/packages/CWE-400/528/package/index.js
Line 15	module.exports = function parsejson(data) {
  if ('string' != typeof data || !data) {
    return null;
  }

  data = data.replace(rtrimLeft, '').replace(rtrimRight, '');

  // Attempt to parse using the native JSON parser first
  if (global.JSON && JSON.parse) {
    return JSON.parse(data);
  }

  if (rvalidchars.test(data.replace(rvalidescape, '@')
      .replace(rvalidtokens, ']')
      .replace(rvalidbraces, ''))) {
    return (new Function('return ' + data))();
  }
};$FilePath$/home/tiago/empirical-jsvuln-tools-study/framework/src/packages/CWE-400/528/package/index.js
Line 20	  data = data.replace(rtrimLeft, '').replace(rtrimRight, '');
$FilePath$/home/tiago/empirical-jsvuln-tools-study/framework/src/packages/CWE-400/528/package/index.js
Line 30	    return (new Function('return ' + data))();

|checker| success id$1$color:green$: 
==========================
$FilePath$/home/tiago/empirical-jsvuln-tools-study/framework/src/packages/CWE-400/528/package/index.js
Line 12	var rtrimLeft = /^\s+/;
$FilePath$/home/tiago/empirical-jsvuln-tools-study/framework/src/packages/CWE-400/528/package/index.js
Line 20	  data = data.replace(rtrimLeft, '').replace(rtrimRight, '');
$FilePath$/home/tiago/empirical-jsvuln-tools-study/framework/src/packages/CWE-400/528/package/index.js
Line 30	    return (new Function('return ' + data))();

|checker| success id$2$color:green$: 
==========================
$FilePath$/home/tiago/empirical-jsvuln-tools-study/framework/src/packages/CWE-400/528/package/index.js
Line 13	var rtrimRight = /\s+$/;
$FilePath$/home/tiago/empirical-jsvuln-tools-study/framework/src/packages/CWE-400/528/package/index.js
Line 20	  data = data.replace(rtrimLeft, '').replace(rtrimRight, '');
$FilePath$/home/tiago/empirical-jsvuln-tools-study/framework/src/packages/CWE-400/528/package/index.js
Line 30	    return (new Function('return ' + data))();

|checker| success id$3$color:green$: 
==========================
$FilePath$/home/tiago/empirical-jsvuln-tools-study/framework/src/packages/CWE-400/528/package/index.js
Line 15	module.exports = function parsejson(data) {
  if ('string' != typeof data || !data) {
    return null;
  }

  data = data.replace(rtrimLeft, '').replace(rtrimRight, '');

  // Attempt to parse using the native JSON parser first
  if (global.JSON && JSON.parse) {
    return JSON.parse(data);
  }

  if (rvalidchars.test(data.replace(rvalidescape, '@')
      .replace(rvalidtokens, ']')
      .replace(rvalidbraces, ''))) {
    return (new Function('return ' + data))();
  }
};$FilePath$/home/tiago/empirical-jsvuln-tools-study/framework/src/packages/CWE-400/528/package/index.js
Line 20	  data = data.replace(rtrimLeft, '').replace(rtrimRight, '');
$FilePath$/home/tiago/empirical-jsvuln-tools-study/framework/src/packages/CWE-400/528/package/index.js
Line 30	    return (new Function('return ' + data))();

|checker| success id$4$color:green$: 
==========================
$FilePath$/home/tiago/empirical-jsvuln-tools-study/framework/src/packages/CWE-400/528/package/index.js
Line 12	var rtrimLeft = /^\s+/;
$FilePath$/home/tiago/empirical-jsvuln-tools-study/framework/src/packages/CWE-400/528/package/index.js
Line 20	  data = data.replace(rtrimLeft, '').replace(rtrimRight, '');
$FilePath$/home/tiago/empirical-jsvuln-tools-study/framework/src/packages/CWE-400/528/package/index.js
Line 30	    return (new Function('return ' + data))();

|checker| success id$5$color:green$: 
==========================
$FilePath$/home/tiago/empirical-jsvuln-tools-study/framework/src/packages/CWE-400/528/package/index.js
Line 13	var rtrimRight = /\s+$/;
$FilePath$/home/tiago/empirical-jsvuln-tools-study/framework/src/packages/CWE-400/528/package/index.js
Line 20	  data = data.replace(rtrimLeft, '').replace(rtrimRight, '');
$FilePath$/home/tiago/empirical-jsvuln-tools-study/framework/src/packages/CWE-400/528/package/index.js
Line 30	    return (new Function('return ' + data))();

|checker| success id$0$color:green$: 
==========================
$FilePath$/home/tiago/empirical-jsvuln-tools-study/framework/src/packages/CWE-400/528/package/index.js
Line 15	module.exports = function parsejson(data) {
  if ('string' != typeof data || !data) {
    return null;
  }

  data = data.replace(rtrimLeft, '').replace(rtrimRight, '');

  // Attempt to parse using the native JSON parser first
  if (global.JSON && JSON.parse) {
    return JSON.parse(data);
  }

  if (rvalidchars.test(data.replace(rvalidescape, '@')
      .replace(rvalidtokens, ']')
      .replace(rvalidbraces, ''))) {
    return (new Function('return ' + data))();
  }
};$FilePath$/home/tiago/empirical-jsvuln-tools-study/framework/src/packages/CWE-400/528/package/index.js
Line 20	  data = data.replace(rtrimLeft, '').replace(rtrimRight, '');
$FilePath$/home/tiago/empirical-jsvuln-tools-study/framework/src/packages/CWE-400/528/package/index.js
Line 30	    return (new Function('return ' + data))();

|checker| success id$1$color:green$: 
==========================
$FilePath$/home/tiago/empirical-jsvuln-tools-study/framework/src/packages/CWE-400/528/package/index.js
Line 12	var rtrimLeft = /^\s+/;
$FilePath$/home/tiago/empirical-jsvuln-tools-study/framework/src/packages/CWE-400/528/package/index.js
Line 20	  data = data.replace(rtrimLeft, '').replace(rtrimRight, '');
$FilePath$/home/tiago/empirical-jsvuln-tools-study/framework/src/packages/CWE-400/528/package/index.js
Line 30	    return (new Function('return ' + data))();

|checker| success id$2$color:green$: 
==========================
$FilePath$/home/tiago/empirical-jsvuln-tools-study/framework/src/packages/CWE-400/528/package/index.js
Line 13	var rtrimRight = /\s+$/;
$FilePath$/home/tiago/empirical-jsvuln-tools-study/framework/src/packages/CWE-400/528/package/index.js
Line 20	  data = data.replace(rtrimLeft, '').replace(rtrimRight, '');
$FilePath$/home/tiago/empirical-jsvuln-tools-study/framework/src/packages/CWE-400/528/package/index.js
Line 30	    return (new Function('return ' + data))();

|checker| success id$3$color:green$: 
==========================
$FilePath$/home/tiago/empirical-jsvuln-tools-study/framework/src/packages/CWE-400/528/package/index.js
Line 15	module.exports = function parsejson(data) {
  if ('string' != typeof data || !data) {
    return null;
  }

  data = data.replace(rtrimLeft, '').replace(rtrimRight, '');

  // Attempt to parse using the native JSON parser first
  if (global.JSON && JSON.parse) {
    return JSON.parse(data);
  }

  if (rvalidchars.test(data.replace(rvalidescape, '@')
      .replace(rvalidtokens, ']')
      .replace(rvalidbraces, ''))) {
    return (new Function('return ' + data))();
  }
};$FilePath$/home/tiago/empirical-jsvuln-tools-study/framework/src/packages/CWE-400/528/package/index.js
Line 20	  data = data.replace(rtrimLeft, '').replace(rtrimRight, '');
$FilePath$/home/tiago/empirical-jsvuln-tools-study/framework/src/packages/CWE-400/528/package/index.js
Line 30	    return (new Function('return ' + data))();

|checker| success id$4$color:green$: 
==========================
$FilePath$/home/tiago/empirical-jsvuln-tools-study/framework/src/packages/CWE-400/528/package/index.js
Line 12	var rtrimLeft = /^\s+/;
$FilePath$/home/tiago/empirical-jsvuln-tools-study/framework/src/packages/CWE-400/528/package/index.js
Line 20	  data = data.replace(rtrimLeft, '').replace(rtrimRight, '');
$FilePath$/home/tiago/empirical-jsvuln-tools-study/framework/src/packages/CWE-400/528/package/index.js
Line 30	    return (new Function('return ' + data))();

|checker| success id$5$color:green$: 
==========================
$FilePath$/home/tiago/empirical-jsvuln-tools-study/framework/src/packages/CWE-400/528/package/index.js
Line 13	var rtrimRight = /\s+$/;
$FilePath$/home/tiago/empirical-jsvuln-tools-study/framework/src/packages/CWE-400/528/package/index.js
Line 20	  data = data.replace(rtrimLeft, '').replace(rtrimRight, '');
$FilePath$/home/tiago/empirical-jsvuln-tools-study/framework/src/packages/CWE-400/528/package/index.js
Line 30	    return (new Function('return ' + data))();

|checker| success id$0$color:green$: 
==========================
$FilePath$/home/tiago/empirical-jsvuln-tools-study/framework/src/packages/CWE-400/528/package/index.js
Line 15	module.exports = function parsejson(data) {
  if ('string' != typeof data || !data) {
    return null;
  }

  data = data.replace(rtrimLeft, '').replace(rtrimRight, '');

  // Attempt to parse using the native JSON parser first
  if (global.JSON && JSON.parse) {
    return JSON.parse(data);
  }

  if (rvalidchars.test(data.replace(rvalidescape, '@')
      .replace(rvalidtokens, ']')
      .replace(rvalidbraces, ''))) {
    return (new Function('return ' + data))();
  }
};$FilePath$/home/tiago/empirical-jsvuln-tools-study/framework/src/packages/CWE-400/528/package/index.js
Line 20	  data = data.replace(rtrimLeft, '').replace(rtrimRight, '');
$FilePath$/home/tiago/empirical-jsvuln-tools-study/framework/src/packages/CWE-400/528/package/index.js
Line 30	    return (new Function('return ' + data))();

|checker| success id$1$color:green$: 
==========================
$FilePath$/home/tiago/empirical-jsvuln-tools-study/framework/src/packages/CWE-400/528/package/index.js
Line 12	var rtrimLeft = /^\s+/;
$FilePath$/home/tiago/empirical-jsvuln-tools-study/framework/src/packages/CWE-400/528/package/index.js
Line 20	  data = data.replace(rtrimLeft, '').replace(rtrimRight, '');
$FilePath$/home/tiago/empirical-jsvuln-tools-study/framework/src/packages/CWE-400/528/package/index.js
Line 30	    return (new Function('return ' + data))();

|checker| success id$2$color:green$: 
==========================
$FilePath$/home/tiago/empirical-jsvuln-tools-study/framework/src/packages/CWE-400/528/package/index.js
Line 13	var rtrimRight = /\s+$/;
$FilePath$/home/tiago/empirical-jsvuln-tools-study/framework/src/packages/CWE-400/528/package/index.js
Line 20	  data = data.replace(rtrimLeft, '').replace(rtrimRight, '');
$FilePath$/home/tiago/empirical-jsvuln-tools-study/framework/src/packages/CWE-400/528/package/index.js
Line 30	    return (new Function('return ' + data))();

|checker| success id$3$color:green$: 
==========================
$FilePath$/home/tiago/empirical-jsvuln-tools-study/framework/src/packages/CWE-400/528/package/index.js
Line 15	module.exports = function parsejson(data) {
  if ('string' != typeof data || !data) {
    return null;
  }

  data = data.replace(rtrimLeft, '').replace(rtrimRight, '');

  // Attempt to parse using the native JSON parser first
  if (global.JSON && JSON.parse) {
    return JSON.parse(data);
  }

  if (rvalidchars.test(data.replace(rvalidescape, '@')
      .replace(rvalidtokens, ']')
      .replace(rvalidbraces, ''))) {
    return (new Function('return ' + data))();
  }
};$FilePath$/home/tiago/empirical-jsvuln-tools-study/framework/src/packages/CWE-400/528/package/index.js
Line 20	  data = data.replace(rtrimLeft, '').replace(rtrimRight, '');
$FilePath$/home/tiago/empirical-jsvuln-tools-study/framework/src/packages/CWE-400/528/package/index.js
Line 30	    return (new Function('return ' + data))();

|checker| success id$4$color:green$: 
==========================
$FilePath$/home/tiago/empirical-jsvuln-tools-study/framework/src/packages/CWE-400/528/package/index.js
Line 12	var rtrimLeft = /^\s+/;
$FilePath$/home/tiago/empirical-jsvuln-tools-study/framework/src/packages/CWE-400/528/package/index.js
Line 20	  data = data.replace(rtrimLeft, '').replace(rtrimRight, '');
$FilePath$/home/tiago/empirical-jsvuln-tools-study/framework/src/packages/CWE-400/528/package/index.js
Line 30	    return (new Function('return ' + data))();

|checker| success id$5$color:green$: 
==========================
$FilePath$/home/tiago/empirical-jsvuln-tools-study/framework/src/packages/CWE-400/528/package/index.js
Line 13	var rtrimRight = /\s+$/;
$FilePath$/home/tiago/empirical-jsvuln-tools-study/framework/src/packages/CWE-400/528/package/index.js
Line 20	  data = data.replace(rtrimLeft, '').replace(rtrimRight, '');
$FilePath$/home/tiago/empirical-jsvuln-tools-study/framework/src/packages/CWE-400/528/package/index.js
Line 30	    return (new Function('return ' + data))();

