1.0
1.0
1.0
1.0
1.0
1.0
1.0
1.0
1.0
1.0
1.0
1.0
1.0
1.0
1.0
1.0
1.0
1.0
1.0
0.36363636363636365
0.375
0.38596491228070173
0.39655172413793105
0.4067796610169492
0.4166666666666667
0.4262295081967213
0.20454545454545456
0.21052631578947367
0.21641791044776118
0.2222222222222222
0.22794117647058823
0.23357664233576642
0.2391304347826087
0.2446043165467626
0.25
0.2553191489361702
0.2605633802816901
0.26573426573426573
0.2708333333333333
0.27586206896551724
0.2808219178082192
0.2857142857142857
0.2905405405405405
0.2953020134228188
0.3
0.304635761589404
0.14461538461538462
0.1476923076923077
0.15076923076923077
0.15384615384615385
0.15644171779141106
0.15902140672782875
0.16158536585365854
0.16463414634146342
0.1676829268292683
0.17073170731707318
0.17378048780487804
0.17682926829268292
0.1798780487804878
0.18292682926829268
0.18597560975609756
0.18902439024390244
0.19207317073170732
0.1951219512195122
0.19817073170731708
0.20121951219512196
0.20426829268292682
0.2073170731707317
0.21036585365853658
0.21341463414634146
0.21646341463414634
0.21951219512195122
0.2225609756097561
0.22560975609756098
0.22865853658536586
0.23170731707317074
0.2347560975609756
0.23780487804878048
0.24085365853658536
0.24390243902439024
0.24695121951219512
0.25
0.2530487804878049
0.25609756097560976
0.25914634146341464
0.2621951219512195
0.2652439024390244
0.2682926829268293
0.27134146341463417
0.27439024390243905
0.2774390243902439
0.2804878048780488
0.28353658536585363
0.2865853658536585
0.2896341463414634
0.2926829268292683
0.29573170731707316
0.29878048780487804
0.3018292682926829
0.3048780487804878
0.3079268292682927
0.31097560975609756
0.31402439024390244
0.3170731707317073
0.3201219512195122
0.3231707317073171
0.32621951219512196
0.32926829268292684
0.3323170731707317
0.3353658536585366
0.3384146341463415
0.34146341463414637
0.3445121951219512
0.3475609756097561
0.35060975609756095
0.35365853658536583
0.3567073170731707
0.3597560975609756
0.3628048780487805
0.364741641337386
0.3677811550151976
0.3708206686930091
0.3738601823708207
0.3768996960486322
0.3799392097264438
0.3829787234042553
0.3860182370820669
0.3890577507598784
0.39209726443769
0.3951367781155015
0.3981762917933131
0.4012158054711246
0.40425531914893614
0.4072948328267477
0.41033434650455924
0.4133738601823708
0.41641337386018235
0.4194528875379939
0.42249240121580545
0.425531914893617
0.42857142857142855
0.4316109422492401
0.43465045592705165
0.4376899696048632
0.44072948328267475
0.44376899696048633
0.44680851063829785
0.44984802431610943
0.45288753799392095
0.45592705167173253
0.45896656534954405
0.46200607902735563
0.46504559270516715
0.46808510638297873
0.47112462006079026
0.47416413373860183
0.47720364741641336
0.48024316109422494
0.48328267477203646
0.48632218844984804
0.48936170212765956
0.49240121580547114
0.49544072948328266
0.49848024316109424
0.5015197568389058
0.5045592705167173
0.5075987841945289
0.5106382978723404
0.513677811550152
0.5167173252279635
0.5197568389057751
0.5227963525835866
0.5258358662613982
0.5288753799392097
0.5319148936170213
0.5349544072948328
0.5379939209726444
0.541033434650456
0.5440729483282675
0.547112462006079
0.5501519756838906
0.5531914893617021
0.5562310030395137
0.5592705167173252
0.5623100303951368
0.5653495440729484
0.5683890577507599
0.5714285714285714
0.574468085106383
0.5775075987841946
0.5805471124620061
0.5835866261398176
0.5866261398176292
0.5896656534954408
0.5927051671732523
0.5957446808510638
0.5987841945288754
0.601823708206687
0.6048632218844985
0.60790273556231
0.6109422492401215
0.6139817629179332
0.6170212765957447
0.6200607902735562
0.6231003039513677
0.6261398176291794
0.6291793313069909
0.6322188449848024
0.6352583586626139
0.6382978723404256
0.6413373860182371
0.6443768996960486
0.6474164133738601
0.6504559270516718
0.6534954407294833
0.6565349544072948
0.6595744680851063
0.662613981762918
0.6656534954407295
0.668693009118541
0.6717325227963525
0.6747720364741642
0.6778115501519757
0.6808510638297872
0.6838905775075987
0.6869300911854104
0.6899696048632219
0.6930091185410334
0.6960486322188449
0.6990881458966566
0.7021276595744681
0.7051671732522796
0.7082066869300911
0.7112462006079028
0.7142857142857143
0.7173252279635258
0.7203647416413373
0.723404255319149
0.7264437689969605
0.729483282674772
0.7325227963525835
0.7355623100303952
0.7386018237082067
0.7416413373860182
0.7446808510638298
0.7477203647416414
0.7507598784194529
0.7537993920972644
0.756838905775076
0.7598784194528876
0.7629179331306991
0.7659574468085106
0.7689969604863222
0.7720364741641338
0.7750759878419453
0.7781155015197568
0.7811550151975684
0.78419452887538
0.7872340425531915
0.790273556231003
0.7933130699088146
0.7963525835866262
0.7993920972644377
0.8024316109422492
0.8054711246200608
0.8085106382978723
0.8115501519756839
0.8145896656534954
0.817629179331307
0.8206686930091185
0.8237082066869301
0.8267477203647416
0.8297872340425532
0.8328267477203647
0.8358662613981763
0.8389057750759878
0.8419452887537994
0.8449848024316109
0.8480243161094225
0.851063829787234
0.8541033434650456
0.8571428571428571
0.8601823708206687
0.8632218844984803
0.8662613981762918
0.8693009118541033
0.8723404255319149
0.8753799392097265
0.878419452887538
0.8814589665653495
0.8844984802431611
0.8875379939209727
0.8905775075987842
0.8936170212765957
0.8966565349544073
0.8996960486322189
1.0
1.0
1.0
1.0
1.0
1.0
1.0
1.0
1.0
1.0
1.0
1.0
1.0
1.0
1.0
1.0
1.0
1.0
1.0
0.36363636363636365
0.375
0.38596491228070173
0.39655172413793105
0.4067796610169492
0.4166666666666667
0.4262295081967213
0.20454545454545456
0.21052631578947367
0.21641791044776118
0.2222222222222222
0.22794117647058823
0.23357664233576642
0.2391304347826087
0.2446043165467626
0.25
0.2553191489361702
0.2605633802816901
0.26573426573426573
0.2708333333333333
0.27586206896551724
0.2808219178082192
0.2857142857142857
0.2905405405405405
0.2953020134228188
0.3
0.304635761589404
0.14461538461538462
0.1476923076923077
0.15076923076923077
0.15384615384615385
0.15692307692307692
0.16
0.16307692307692306
0.16615384615384615
0.16923076923076924
0.1723076923076923
0.1753846153846154
0.17846153846153845
0.18153846153846154
0.18461538461538463
0.18769230769230769
0.19076923076923077
0.19384615384615383
0.19692307692307692
0.2
0.20307692307692307
0.20615384615384616
0.20923076923076922
0.2123076923076923
0.2153846153846154
0.21846153846153846
0.22153846153846155
0.2246153846153846
0.2276923076923077
0.23076923076923078
0.23384615384615384
0.23692307692307693
0.24
0.24307692307692308
0.24615384615384617
0.24923076923076923
0.2523076923076923
0.2553846153846154
0.25766871165644173
0.2599388379204893
0.2621951219512195
0.2652439024390244
0.2682926829268293
0.27134146341463417
0.27439024390243905
0.2774390243902439
0.2804878048780488
0.28353658536585363
0.2865853658536585
0.2896341463414634
0.2926829268292683
0.29573170731707316
0.29878048780487804
0.3018292682926829
0.3048780487804878
0.3079268292682927
0.31097560975609756
0.31402439024390244
0.3170731707317073
0.3201219512195122
0.3231707317073171
0.32621951219512196
0.32926829268292684
0.3323170731707317
0.3353658536585366
0.3384146341463415
0.34146341463414637
0.3445121951219512
0.3475609756097561
0.35060975609756095
0.35365853658536583
0.3567073170731707
0.3597560975609756
0.3628048780487805
0.36585365853658536
0.36890243902439024
0.3719512195121951
0.375
0.3780487804878049
0.38109756097560976
0.38414634146341464
0.3871951219512195
0.3902439024390244
0.3932926829268293
0.39634146341463417
0.39939024390243905
0.4024390243902439
0.4054878048780488
0.40853658536585363
0.4115853658536585
0.4146341463414634
0.4176829268292683
0.42073170731707316
0.42378048780487804
0.4268292682926829
0.4298780487804878
0.4329268292682927
0.43597560975609756
0.43902439024390244
0.4420731707317073
0.4451219512195122
0.4481707317073171
0.45121951219512196
0.45288753799392095
0.45592705167173253
0.45896656534954405
0.46200607902735563
0.46504559270516715
0.46808510638297873
0.47112462006079026
0.47416413373860183
0.47720364741641336
0.48024316109422494
0.48328267477203646
0.48632218844984804
0.48936170212765956
0.49240121580547114
0.49544072948328266
0.49848024316109424
0.5015197568389058
0.5045592705167173
0.5075987841945289
0.5106382978723404
0.513677811550152
0.5167173252279635
0.5197568389057751
0.5227963525835866
0.5258358662613982
0.5288753799392097
0.5319148936170213
0.5349544072948328
0.5379939209726444
0.541033434650456
0.5440729483282675
0.547112462006079
0.5501519756838906
0.5531914893617021
0.5562310030395137
0.5592705167173252
0.5623100303951368
0.5653495440729484
0.5683890577507599
0.5714285714285714
0.574468085106383
0.5775075987841946
0.5805471124620061
0.5835866261398176
0.5866261398176292
0.5896656534954408
0.5927051671732523
0.5957446808510638
0.5987841945288754
0.601823708206687
0.6048632218844985
0.60790273556231
0.6109422492401215
0.6139817629179332
0.6170212765957447
0.6200607902735562
0.6231003039513677
0.6261398176291794
0.6291793313069909
0.6322188449848024
0.6352583586626139
0.6382978723404256
0.6413373860182371
0.6443768996960486
0.6474164133738601
0.6504559270516718
0.6534954407294833
0.6565349544072948
0.6595744680851063
0.662613981762918
0.6656534954407295
0.668693009118541
0.6717325227963525
0.6747720364741642
0.6778115501519757
0.6808510638297872
0.6838905775075987
0.6869300911854104
0.6899696048632219
0.6930091185410334
0.6960486322188449
0.6990881458966566
0.7021276595744681
0.7051671732522796
0.7082066869300911
0.7112462006079028
0.7142857142857143
0.7173252279635258
0.7203647416413373
0.723404255319149
0.7264437689969605
0.729483282674772
0.7325227963525835
0.7355623100303952
0.7386018237082067
0.7416413373860182
0.7446808510638298
0.7477203647416414
0.7507598784194529
0.7537993920972644
0.756838905775076
0.7598784194528876
0.7629179331306991
0.7659574468085106
0.7689969604863222
0.7720364741641338
0.7750759878419453
0.7781155015197568
0.7811550151975684
0.78419452887538
0.7872340425531915
0.790273556231003
0.7933130699088146
0.7963525835866262
0.7993920972644377
0.8024316109422492
0.8054711246200608
0.8085106382978723
0.8115501519756839
0.8145896656534954
0.817629179331307
0.8206686930091185
0.8237082066869301
0.8267477203647416
0.8297872340425532
0.8328267477203647
0.8358662613981763
0.8389057750759878
0.8419452887537994
0.8449848024316109
0.8480243161094225
0.851063829787234
0.8541033434650456
0.8571428571428571
0.8601823708206687
0.8632218844984803
0.8662613981762918
0.8693009118541033
0.8723404255319149
0.8753799392097265
0.878419452887538
0.8814589665653495
0.8844984802431611
0.8875379939209727
0.8905775075987842
0.8936170212765957
0.8966565349544073
0.8996960486322189
1.0
1.0
1.0
1.0
1.0
1.0
1.0
1.0
1.0
1.0
1.0
1.0
1.0
1.0
1.0
1.0
1.0
1.0
1.0
1.0
1.0
1.0
1.0
1.0
1.0
1.0
1.0
1.0
1.0
1.0
1.0
1.0
1.0
1.0
1.0
1.0
1.0
1.0
1.0
1.0
1.0
1.0
1.0
1.0
1.0
1.0
1.0
1.0
1.0
1.0
1.0
1.0
1.0
1.0
1.0
1.0
1.0
1.0
1.0
1.0
1.0
1.0
1.0
1.0
1.0
0.36363636363636365
0.375
0.38596491228070173
0.39655172413793105
0.4067796610169492
0.4166666666666667
0.4262295081967213
0.20454545454545456
0.21052631578947367
0.21641791044776118
0.2222222222222222
0.22794117647058823
0.23357664233576642
0.2391304347826087
0.2446043165467626
0.25
0.2553191489361702
0.2605633802816901
0.26573426573426573
0.2708333333333333
0.27586206896551724
0.2808219178082192
0.2857142857142857
0.2905405405405405
0.2953020134228188
0.3
0.304635761589404
0.14461538461538462
0.1476923076923077
0.15076923076923077
0.15384615384615385
0.15692307692307692
0.16
0.16307692307692306
0.16615384615384615
0.16923076923076924
0.1723076923076923
0.1753846153846154
0.17846153846153845
0.18153846153846154
0.18461538461538463
0.18769230769230769
0.19076923076923077
0.19384615384615383
0.19692307692307692
0.2
0.20307692307692307
0.20615384615384616
0.20923076923076922
0.2123076923076923
0.2153846153846154
0.21846153846153846
0.22153846153846155
0.2246153846153846
0.2276923076923077
0.23076923076923078
0.23384615384615384
0.23692307692307693
0.24
0.24307692307692308
0.24539877300613497
0.24770642201834864
0.25
0.2530487804878049
0.25609756097560976
0.25914634146341464
0.2621951219512195
0.2652439024390244
0.2682926829268293
0.27134146341463417
0.27439024390243905
0.2774390243902439
0.2804878048780488
0.28353658536585363
0.2865853658536585
0.2896341463414634
0.2926829268292683
0.29573170731707316
0.29878048780487804
0.3018292682926829
0.3048780487804878
0.3079268292682927
0.31097560975609756
0.31402439024390244
0.3170731707317073
0.3201219512195122
0.3231707317073171
0.32621951219512196
0.32926829268292684
0.3323170731707317
0.3353658536585366
0.3384146341463415
0.34146341463414637
0.3445121951219512
0.3475609756097561
0.35060975609756095
0.35365853658536583
0.3567073170731707
0.3597560975609756
0.3628048780487805
0.36585365853658536
0.36890243902439024
0.3719512195121951
0.375
0.3780487804878049
0.38109756097560976
0.38414634146341464
0.3871951219512195
0.3902439024390244
0.3932926829268293
0.39634146341463417
0.39939024390243905
0.4024390243902439
0.4054878048780488
0.40853658536585363
0.4115853658536585
0.4146341463414634
0.4176829268292683
0.42073170731707316
0.42378048780487804
0.4268292682926829
0.4298780487804878
0.4329268292682927
0.43597560975609756
0.43902439024390244
0.4420731707317073
0.4451219512195122
0.4481707317073171
0.45121951219512196
0.45288753799392095
0.45592705167173253
0.45896656534954405
0.46200607902735563
0.46504559270516715
0.46808510638297873
0.47112462006079026
0.47416413373860183
0.47720364741641336
0.48024316109422494
0.48328267477203646
0.48632218844984804
0.48936170212765956
0.49240121580547114
0.49544072948328266
0.49848024316109424
0.5015197568389058
0.5045592705167173
0.5075987841945289
0.5106382978723404
0.513677811550152
0.5167173252279635
0.5197568389057751
0.5227963525835866
0.5258358662613982
0.5288753799392097
0.5319148936170213
0.5349544072948328
0.5379939209726444
0.541033434650456
0.5440729483282675
0.547112462006079
0.5501519756838906
0.5531914893617021
0.5562310030395137
0.5592705167173252
0.5623100303951368
0.5653495440729484
0.5683890577507599
0.5714285714285714
0.574468085106383
0.5775075987841946
0.5805471124620061
0.5835866261398176
0.5866261398176292
0.5896656534954408
0.5927051671732523
0.5957446808510638
0.5987841945288754
0.601823708206687
0.6048632218844985
0.60790273556231
0.6109422492401215
0.6139817629179332
0.6170212765957447
0.6200607902735562
0.6231003039513677
0.6261398176291794
0.6291793313069909
0.6322188449848024
0.6352583586626139
0.6382978723404256
0.6413373860182371
0.6443768996960486
0.6474164133738601
0.6504559270516718
0.6534954407294833
0.6565349544072948
0.6595744680851063
0.662613981762918
0.6656534954407295
0.668693009118541
0.6717325227963525
0.6747720364741642
0.6778115501519757
0.6808510638297872
0.6838905775075987
0.6869300911854104
0.6899696048632219
0.6930091185410334
0.6960486322188449
0.6990881458966566
0.7021276595744681
0.7051671732522796
0.7082066869300911
0.7112462006079028
0.7142857142857143
0.7173252279635258
0.7203647416413373
0.723404255319149
0.7264437689969605
0.729483282674772
0.7325227963525835
0.7355623100303952
0.7386018237082067
0.7416413373860182
0.7446808510638298
0.7477203647416414
0.7507598784194529
0.7537993920972644
0.756838905775076
0.7598784194528876
0.7629179331306991
0.7659574468085106
0.7689969604863222
0.7720364741641338
0.7750759878419453
0.7781155015197568
0.7811550151975684
0.78419452887538
0.7872340425531915
0.790273556231003
0.7933130699088146
0.7963525835866262
0.7993920972644377
0.8024316109422492
0.8054711246200608
0.8085106382978723
0.8115501519756839
0.8145896656534954
0.817629179331307
0.8206686930091185
0.8237082066869301
0.8267477203647416
0.8297872340425532
0.8328267477203647
0.8358662613981763
0.8389057750759878
0.8419452887537994
0.8449848024316109
0.8480243161094225
0.851063829787234
0.8541033434650456
0.8571428571428571
0.8601823708206687
0.8632218844984803
0.8662613981762918
0.8693009118541033
0.8723404255319149
0.8753799392097265
0.878419452887538
0.8814589665653495
0.8844984802431611
0.8875379939209727
0.8905775075987842
0.8936170212765957
0.8966565349544073
0.8996960486322189
1.0
1.0
1.0
1.0
1.0
1.0
1.0
1.0
1.0
1.0
1.0
1.0
1.0
1.0
1.0
1.0
1.0
1.0
1.0
0.36363636363636365
0.375
0.38596491228070173
0.39655172413793105
0.4067796610169492
0.4166666666666667
0.4262295081967213
0.20454545454545456
0.21052631578947367
0.21641791044776118
0.2222222222222222
0.22794117647058823
0.23357664233576642
0.2391304347826087
0.2446043165467626
0.25
0.2553191489361702
0.2605633802816901
0.26573426573426573
0.2708333333333333
0.27586206896551724
0.2808219178082192
0.2857142857142857
0.2905405405405405
0.2953020134228188
0.3
0.304635761589404
0.14461538461538462
0.1476923076923077
0.15076923076923077
0.15384615384615385
0.15644171779141106
0.15902140672782875
0.16158536585365854
0.16463414634146342
0.1676829268292683
0.17073170731707318
0.17378048780487804
0.17682926829268292
0.1798780487804878
0.18292682926829268
0.18597560975609756
0.18902439024390244
0.19207317073170732
0.1951219512195122
0.19817073170731708
0.20121951219512196
0.20426829268292682
0.2073170731707317
0.21036585365853658
0.21341463414634146
0.21646341463414634
0.21951219512195122
0.2225609756097561
0.22560975609756098
0.22865853658536586
0.23170731707317074
0.2347560975609756
0.23780487804878048
0.24085365853658536
0.24390243902439024
0.24695121951219512
0.25
0.2530487804878049
0.25609756097560976
0.25914634146341464
0.2621951219512195
0.2652439024390244
0.2682926829268293
0.27134146341463417
0.27439024390243905
0.2774390243902439
0.2804878048780488
0.28353658536585363
0.2865853658536585
0.2896341463414634
0.2926829268292683
0.29573170731707316
0.29878048780487804
0.3018292682926829
0.3048780487804878
0.3079268292682927
0.31097560975609756
0.31402439024390244
0.3170731707317073
0.3201219512195122
0.3231707317073171
0.32621951219512196
0.32926829268292684
0.3323170731707317
0.3353658536585366
0.3384146341463415
0.34146341463414637
0.3445121951219512
0.3475609756097561
0.35060975609756095
0.35365853658536583
0.3567073170731707
0.3597560975609756
0.3628048780487805
0.364741641337386
0.3677811550151976
0.3708206686930091
0.3738601823708207
0.3768996960486322
0.3799392097264438
0.3829787234042553
0.3860182370820669
0.3890577507598784
0.39209726443769
0.3951367781155015
0.3981762917933131
0.4012158054711246
0.40425531914893614
0.4072948328267477
0.41033434650455924
0.4133738601823708
0.41641337386018235
0.4194528875379939
0.42249240121580545
0.425531914893617
0.42857142857142855
0.4316109422492401
0.43465045592705165
0.4376899696048632
0.44072948328267475
0.44376899696048633
0.44680851063829785
0.44984802431610943
0.45288753799392095
0.45592705167173253
0.45896656534954405
0.46200607902735563
0.46504559270516715
0.46808510638297873
0.47112462006079026
0.47416413373860183
0.47720364741641336
0.48024316109422494
0.48328267477203646
0.48632218844984804
0.48936170212765956
0.49240121580547114
0.49544072948328266
0.49848024316109424
0.5015197568389058
0.5045592705167173
0.5075987841945289
0.5106382978723404
0.513677811550152
0.5167173252279635
0.5197568389057751
0.5227963525835866
0.5258358662613982
0.5288753799392097
0.5319148936170213
0.5349544072948328
0.5379939209726444
0.541033434650456
0.5440729483282675
0.547112462006079
0.5501519756838906
0.5531914893617021
0.5562310030395137
0.5592705167173252
0.5623100303951368
0.5653495440729484
0.5683890577507599
0.5714285714285714
0.574468085106383
0.5775075987841946
0.5805471124620061
0.5835866261398176
0.5866261398176292
0.5896656534954408
0.5927051671732523
0.5957446808510638
0.5987841945288754
0.601823708206687
0.6048632218844985
0.60790273556231
0.6109422492401215
0.6139817629179332
0.6170212765957447
0.6200607902735562
0.6231003039513677
0.6261398176291794
0.6291793313069909
0.6322188449848024
0.6352583586626139
0.6382978723404256
0.6413373860182371
0.6443768996960486
0.6474164133738601
0.6504559270516718
0.6534954407294833
0.6565349544072948
0.6595744680851063
0.662613981762918
0.6656534954407295
0.668693009118541
0.6717325227963525
0.6747720364741642
0.6778115501519757
0.6808510638297872
0.6838905775075987
0.6869300911854104
0.6899696048632219
1.0
1.0
1.0
1.0
1.0
1.0
1.0
1.0
1.0
1.0
1.0
1.0
1.0
1.0
1.0
1.0
1.0
1.0
1.0
0.36363636363636365
0.375
0.38596491228070173
0.39655172413793105
0.4067796610169492
0.4166666666666667
0.4262295081967213
0.20454545454545456
0.21052631578947367
0.21641791044776118
0.2222222222222222
0.22794117647058823
0.23357664233576642
0.2391304347826087
0.2446043165467626
0.25
0.2553191489361702
0.2605633802816901
0.26573426573426573
0.2708333333333333
0.27586206896551724
0.2808219178082192
0.2857142857142857
0.2905405405405405
0.2953020134228188
0.3
0.304635761589404
0.14461538461538462
0.1476923076923077
0.15076923076923077
0.15384615384615385
0.15644171779141106
0.15902140672782875
0.16158536585365854
0.16463414634146342
0.1676829268292683
0.17073170731707318
0.17378048780487804
0.17682926829268292
0.1798780487804878
0.18292682926829268
0.18597560975609756
0.18902439024390244
0.19207317073170732
0.1951219512195122
0.19817073170731708
0.20121951219512196
0.20426829268292682
0.2073170731707317
0.21036585365853658
0.21341463414634146
0.21646341463414634
0.21951219512195122
0.2225609756097561
0.22560975609756098
0.22865853658536586
0.23170731707317074
0.2347560975609756
0.23780487804878048
0.24085365853658536
0.24390243902439024
0.24695121951219512
0.25
0.2530487804878049
0.25609756097560976
0.25914634146341464
0.2621951219512195
0.2652439024390244
0.2682926829268293
0.27134146341463417
0.27439024390243905
0.2774390243902439
0.2804878048780488
0.28353658536585363
0.2865853658536585
0.2896341463414634
0.2926829268292683
0.29573170731707316
0.29878048780487804
0.3018292682926829
0.3048780487804878
0.3079268292682927
0.31097560975609756
0.31402439024390244
0.3170731707317073
0.3201219512195122
0.3231707317073171
0.32621951219512196
0.32926829268292684
0.3323170731707317
0.3353658536585366
0.3384146341463415
0.34146341463414637
0.3445121951219512
0.3475609756097561
0.35060975609756095
0.35365853658536583
0.3567073170731707
0.3597560975609756
0.3628048780487805
0.364741641337386
0.3677811550151976
0.3708206686930091
0.3738601823708207
0.3768996960486322
0.3799392097264438
0.3829787234042553
0.3860182370820669
0.3890577507598784
0.39209726443769
0.3951367781155015
0.3981762917933131
0.4012158054711246
0.40425531914893614
0.4072948328267477
0.41033434650455924
0.4133738601823708
0.41641337386018235
0.4194528875379939
0.42249240121580545
0.425531914893617
0.42857142857142855
0.4316109422492401
0.43465045592705165
0.4376899696048632
0.44072948328267475
0.44376899696048633
0.44680851063829785
0.44984802431610943
0.45288753799392095
0.45592705167173253
0.45896656534954405
0.46200607902735563
0.46504559270516715
0.46808510638297873
0.47112462006079026
0.47416413373860183
0.47720364741641336
0.48024316109422494
0.48328267477203646
0.48632218844984804
0.48936170212765956
0.49240121580547114
0.49544072948328266
0.49848024316109424
0.5015197568389058
0.5045592705167173
0.5075987841945289
0.5106382978723404
0.513677811550152
0.5167173252279635
0.5197568389057751
0.5227963525835866
0.5258358662613982
0.5288753799392097
0.5319148936170213
0.5349544072948328
0.5379939209726444
0.541033434650456
0.5440729483282675
0.547112462006079
0.5501519756838906
0.5531914893617021
0.5562310030395137
0.5592705167173252
0.5623100303951368
0.5653495440729484
0.5683890577507599
0.5714285714285714
0.574468085106383
0.5775075987841946
0.5805471124620061
0.5835866261398176
0.5866261398176292
0.5896656534954408
0.5927051671732523
0.5957446808510638
0.5987841945288754
0.601823708206687
0.6048632218844985
0.60790273556231
0.6109422492401215
0.6139817629179332
0.6170212765957447
0.6200607902735562
0.6231003039513677
0.6261398176291794
0.6291793313069909
0.6322188449848024
0.6352583586626139
0.6382978723404256
0.6413373860182371
0.6443768996960486
0.6474164133738601
0.6504559270516718
0.6534954407294833
0.6565349544072948
0.6595744680851063
0.662613981762918
0.6656534954407295
0.668693009118541
0.6717325227963525
0.6747720364741642
0.6778115501519757
0.6808510638297872
0.6838905775075987
0.6869300911854104
0.6899696048632219
0.6930091185410334
0.6960486322188449
0.6990881458966566
0.7021276595744681
0.7051671732522796
0.7082066869300911
0.7112462006079028
0.7142857142857143
0.7173252279635258
0.7203647416413373
0.723404255319149
0.7264437689969605
0.729483282674772
0.7325227963525835
0.7355623100303952
0.7386018237082067
0.7416413373860182
0.7446808510638298
0.7477203647416414
0.7507598784194529
0.7537993920972644
0.756838905775076
0.7598784194528876
0.7629179331306991
0.7659574468085106
0.7689969604863222
0.7720364741641338
0.7750759878419453
0.7781155015197568
0.7811550151975684
0.78419452887538
0.7872340425531915
0.790273556231003
0.7933130699088146
0.7963525835866262
0.7993920972644377
0.8024316109422492
0.8054711246200608
0.8085106382978723
0.8115501519756839
0.8145896656534954
0.817629179331307
0.8206686930091185
0.8237082066869301
0.8267477203647416
0.8297872340425532
0.8328267477203647
0.8358662613981763
0.8389057750759878
0.8419452887537994
0.8449848024316109
0.8480243161094225
0.851063829787234
0.8541033434650456
0.8571428571428571
0.8601823708206687
0.8632218844984803
0.8662613981762918
0.8693009118541033
0.8723404255319149
0.8753799392097265
0.878419452887538
0.8814589665653495
0.8844984802431611
0.8875379939209727
0.8905775075987842
0.8936170212765957
0.8966565349544073
0.8996960486322189
1.0
1.0
1.0
1.0
1.0
1.0
1.0
1.0
1.0
1.0
1.0
1.0
1.0
1.0
1.0
1.0
1.0
1.0
1.0
0.36363636363636365
0.375
0.38596491228070173
0.39655172413793105
0.4067796610169492
0.4166666666666667
0.4262295081967213
0.20454545454545456
0.21052631578947367
0.21641791044776118
0.2222222222222222
0.22794117647058823
0.23357664233576642
0.2391304347826087
0.2446043165467626
0.25
0.2553191489361702
0.2605633802816901
0.26573426573426573
0.2708333333333333
0.27586206896551724
0.2808219178082192
0.2857142857142857
0.2905405405405405
0.2953020134228188
0.3
0.304635761589404
0.14461538461538462
0.1476923076923077
0.15076923076923077
0.15384615384615385
0.15692307692307692
0.16
0.16307692307692306
0.16615384615384615
0.16923076923076924
0.1723076923076923
0.1753846153846154
0.17846153846153845
0.18153846153846154
0.18461538461538463
0.18769230769230769
0.19076923076923077
0.19384615384615383
0.19692307692307692
0.2
0.20307692307692307
0.20615384615384616
0.20923076923076922
0.2123076923076923
0.2153846153846154
0.21846153846153846
0.22153846153846155
0.2246153846153846
0.2276923076923077
0.23076923076923078
0.23384615384615384
0.23692307692307693
0.24
0.24307692307692308
0.24615384615384617
0.24923076923076923
0.2523076923076923
0.2553846153846154
0.25766871165644173
0.2599388379204893
0.2621951219512195
0.2652439024390244
0.2682926829268293
0.27134146341463417
0.27439024390243905
0.2774390243902439
0.2804878048780488
0.28353658536585363
0.2865853658536585
0.2896341463414634
0.2926829268292683
0.29573170731707316
0.29878048780487804
0.3018292682926829
0.3048780487804878
0.3079268292682927
0.31097560975609756
0.31402439024390244
0.3170731707317073
0.3201219512195122
0.3231707317073171
0.32621951219512196
0.32926829268292684
0.3323170731707317
0.3353658536585366
0.3384146341463415
0.34146341463414637
0.3445121951219512
0.3475609756097561
0.35060975609756095
0.35365853658536583
0.3567073170731707
0.3597560975609756
0.3628048780487805
0.36585365853658536
0.36890243902439024
0.3719512195121951
0.375
0.3780487804878049
0.38109756097560976
0.38414634146341464
0.3871951219512195
0.3902439024390244
0.3932926829268293
0.39634146341463417
0.39939024390243905
0.4024390243902439
0.4054878048780488
0.40853658536585363
0.4115853658536585
0.4146341463414634
0.4176829268292683
0.42073170731707316
0.42378048780487804
0.4268292682926829
0.4298780487804878
0.4329268292682927
0.43597560975609756
0.43902439024390244
0.4420731707317073
0.4451219512195122
0.4481707317073171
0.45121951219512196
0.45288753799392095
0.45592705167173253
0.45896656534954405
0.46200607902735563
0.46504559270516715
0.46808510638297873
0.47112462006079026
0.47416413373860183
0.47720364741641336
0.48024316109422494
0.48328267477203646
0.48632218844984804
0.48936170212765956
0.49240121580547114
0.49544072948328266
0.49848024316109424
0.5015197568389058
0.5045592705167173
0.5075987841945289
0.5106382978723404
0.513677811550152
0.5167173252279635
0.5197568389057751
0.5227963525835866
0.5258358662613982
0.5288753799392097
0.5319148936170213
0.5349544072948328
0.5379939209726444
0.541033434650456
0.5440729483282675
0.547112462006079
0.5501519756838906
0.5531914893617021
0.5562310030395137
0.5592705167173252
0.5623100303951368
0.5653495440729484
0.5683890577507599
0.5714285714285714
0.574468085106383
0.5775075987841946
0.5805471124620061
0.5835866261398176
0.5866261398176292
0.5896656534954408
0.5927051671732523
0.5957446808510638
0.5987841945288754
0.601823708206687
0.6048632218844985
0.60790273556231
0.6109422492401215
0.6139817629179332
0.6170212765957447
0.6200607902735562
0.6231003039513677
0.6261398176291794
0.6291793313069909
0.6322188449848024
0.6352583586626139
0.6382978723404256
0.6413373860182371
0.6443768996960486
0.6474164133738601
0.6504559270516718
0.6534954407294833
0.6565349544072948
0.6595744680851063
0.662613981762918
0.6656534954407295
0.668693009118541
0.6717325227963525
0.6747720364741642
0.6778115501519757
0.6808510638297872
0.6838905775075987
0.6869300911854104
0.6899696048632219
0.6930091185410334
0.6960486322188449
0.6990881458966566
0.7021276595744681
0.7051671732522796
0.7082066869300911
0.7112462006079028
0.7142857142857143
0.7173252279635258
0.7203647416413373
0.723404255319149
0.7264437689969605
0.729483282674772
0.7325227963525835
0.7355623100303952
0.7386018237082067
0.7416413373860182
0.7446808510638298
0.7477203647416414
0.7507598784194529
0.7537993920972644
0.756838905775076
0.7598784194528876
0.7629179331306991
0.7659574468085106
0.7689969604863222
0.7720364741641338
0.7750759878419453
0.7781155015197568
0.7811550151975684
0.78419452887538
0.7872340425531915
0.790273556231003
0.7933130699088146
0.7963525835866262
0.7993920972644377
0.8024316109422492
0.8054711246200608
0.8085106382978723
0.8115501519756839
0.8145896656534954
0.817629179331307
0.8206686930091185
0.8237082066869301
0.8267477203647416
0.8297872340425532
0.8328267477203647
0.8358662613981763
0.8389057750759878
0.8419452887537994
0.8449848024316109
0.8480243161094225
0.851063829787234
0.8541033434650456
0.8571428571428571
0.8601823708206687
0.8632218844984803
0.8662613981762918
0.8693009118541033
0.8723404255319149
0.8753799392097265
0.878419452887538
0.8814589665653495
0.8844984802431611
0.8875379939209727
0.8905775075987842
0.8936170212765957
0.8966565349544073
0.8996960486322189
