1.0
1.0
1.0
1.0
1.0
1.0
1.0
1.0
1.0
1.0
1.0
1.0
1.0
1.0
1.0
1.0
1.0
1.0
1.0
1.0
1.0
1.0
1.0
1.0
1.0
1.0
1.0
1.0
1.0
1.0
1.0
1.0
1.0
1.0
1.0
1.0
1.0
1.0
1.0
1.0
0.09131403118040089
0.0935412026726058
0.0957683741648107
0.09799554565701558
0.10022271714922049
0.10244988864142539
0.10467706013363029
0.10690423162583519
0.1091314031180401
0.111358574610245
0.11358574610244988
0.11581291759465479
0.11804008908685969
0.12026726057906459
0.12249443207126949
0.12472160356347439
0.12694877505567928
0.1291759465478842
0.13140311804008908
0.133630289532294
0.1358574610244989
0.13808463251670378
0.1403118040089087
0.14253897550111358
0.1447661469933185
0.14699331848552338
0.1492204899777283
0.1514476614699332
0.15367483296213807
0.155902004454343
0.15812917594654788
0.1603563474387528
0.16258351893095768
0.16481069042316257
0.16703786191536749
0.16926503340757237
0.1714922048997773
0.17371937639198218
0.1759465478841871
0.17817371937639198
0.18040089086859687
0.18262806236080179
0.18485523385300667
0.1870824053452116
0.18930957683741648
0.1915367483296214
0.19376391982182628
0.19599109131403117
0.19821826280623608
0.20044543429844097
0.2026726057906459
0.20489977728285078
0.2071269487750557
0.20935412026726058
0.21158129175946547
0.21380846325167038
0.21603563474387527
0.2182628062360802
0.22048997772828507
0.22271714922049
0.22494432071269488
0.22717149220489977
0.22939866369710468
0.23162583518930957
0.23385300668151449
0.23608017817371937
0.2383073496659243
0.24053452115812918
0.24276169265033407
0.24498886414253898
0.24721603563474387
0.24944320712694878
0.2516703786191537
0.25389755011135856
0.2561247216035635
0.2583518930957684
0.26057906458797325
0.26280623608017817
0.2650334075723831
0.267260579064588
0.26948775055679286
0.2717149220489978
0.2739420935412027
0.27616926503340755
0.27839643652561247
0.2806236080178174
0.2828507795100223
0.28507795100222716
0.2873051224944321
0.289532293986637
0.29175946547884185
0.29398663697104677
0.2962138084632517
0.2984409799554566
0.30066815144766146
0.3028953229398664
0.3051224944320713
1.0
1.0
1.0
1.0
1.0
1.0
1.0
1.0
1.0
1.0
1.0
1.0
1.0
1.0
1.0
1.0
1.0
1.0
1.0
1.0
1.0
1.0
1.0
1.0
1.0
1.0
1.0
1.0
1.0
1.0
1.0
1.0
1.0
1.0
1.0
1.0
1.0
1.0
1.0
1.0
0.09131403118040089
0.0935412026726058
0.0957683741648107
0.09799554565701558
0.10022271714922049
0.10244988864142539
0.10467706013363029
0.10690423162583519
0.1091314031180401
0.111358574610245
0.11358574610244988
0.11581291759465479
0.11804008908685969
0.12026726057906459
0.12249443207126949
0.12472160356347439
0.12694877505567928
0.1291759465478842
0.13140311804008908
0.133630289532294
0.1358574610244989
0.13808463251670378
0.1403118040089087
0.14253897550111358
0.1447661469933185
0.14699331848552338
0.1492204899777283
0.1514476614699332
0.15367483296213807
0.155902004454343
0.15812917594654788
0.1603563474387528
0.16258351893095768
0.16481069042316257
0.16703786191536749
0.16926503340757237
0.1714922048997773
0.17371937639198218
0.1759465478841871
0.17817371937639198
0.18040089086859687
0.18262806236080179
0.18485523385300667
0.1870824053452116
0.18930957683741648
0.1915367483296214
0.19376391982182628
0.19599109131403117
0.19821826280623608
0.20044543429844097
0.2026726057906459
0.20489977728285078
0.2071269487750557
0.20935412026726058
0.21158129175946547
0.21380846325167038
0.21603563474387527
0.2182628062360802
0.22048997772828507
0.22271714922049
0.22494432071269488
0.22717149220489977
0.22939866369710468
0.23162583518930957
0.23385300668151449
0.23608017817371937
0.2383073496659243
0.24053452115812918
0.24276169265033407
0.24498886414253898
0.24721603563474387
0.24944320712694878
0.2516703786191537
0.25389755011135856
0.2561247216035635
0.2583518930957684
0.26057906458797325
0.26280623608017817
0.2650334075723831
0.267260579064588
0.26948775055679286
0.2717149220489978
0.2739420935412027
0.27616926503340755
0.27839643652561247
0.2806236080178174
0.2828507795100223
0.28507795100222716
0.2873051224944321
0.289532293986637
0.29175946547884185
0.29398663697104677
0.2962138084632517
0.2984409799554566
0.30066815144766146
0.3028953229398664
0.3051224944320713
1.0
1.0
1.0
1.0
1.0
1.0
1.0
1.0
1.0
1.0
1.0
1.0
1.0
1.0
1.0
1.0
1.0
1.0
1.0
1.0
1.0
1.0
1.0
1.0
1.0
1.0
1.0
1.0
1.0
1.0
1.0
1.0
1.0
1.0
1.0
1.0
1.0
1.0
1.0
1.0
0.9534883720930233
0.9545454545454546
0.9555555555555556
0.9565217391304348
0.9574468085106383
0.9583333333333334
0.9591836734693877
0.96
0.9607843137254902
0.9615384615384616
0.9622641509433962
0.9629629629629629
0.9636363636363636
0.9642857142857143
0.9649122807017544
0.9824561403508771
1.0
0.7341772151898734
0.7468354430379747
0.759493670886076
0.7721518987341772
0.7848101265822784
0.7974683544303798
0.810126582278481
0.8227848101265823
0.8354430379746836
0.8481012658227848
0.8607594936708861
0.8734177215189873
0.8860759493670886
0.8987341772151899
0.9113924050632911
0.9240506329113924
0.9367088607594937
0.9493670886075949
0.9620253164556962
0.9746835443037974
0.9873417721518988
1.0
0.898876404494382
0.9101123595505618
0.9213483146067416
0.9325842696629213
0.9438202247191011
0.9550561797752809
0.9662921348314607
1.0
1.0
1.0
1.0
1.0
1.0
1.0
1.0
1.0
1.0
1.0
1.0
1.0
1.0
1.0
1.0
1.0
1.0
1.0
1.0
1.0
1.0
1.0
1.0
1.0
1.0
1.0
1.0
1.0
1.0
1.0
1.0
1.0
1.0
1.0
1.0
1.0
1.0
1.0
1.0
0.09131403118040089
0.0935412026726058
0.0957683741648107
0.09799554565701558
0.10022271714922049
0.10244988864142539
0.10467706013363029
0.10690423162583519
0.1091314031180401
0.111358574610245
0.11358574610244988
0.11581291759465479
0.11804008908685969
0.12026726057906459
0.12249443207126949
0.12472160356347439
0.12694877505567928
0.1291759465478842
0.13140311804008908
0.133630289532294
0.1358574610244989
0.13808463251670378
0.1403118040089087
0.14253897550111358
0.1447661469933185
0.14699331848552338
0.1492204899777283
0.1514476614699332
0.15367483296213807
0.155902004454343
0.15812917594654788
0.1603563474387528
0.16258351893095768
0.16481069042316257
0.16703786191536749
0.16926503340757237
0.1714922048997773
0.17371937639198218
0.1759465478841871
0.17817371937639198
0.18040089086859687
0.18262806236080179
0.18485523385300667
0.1870824053452116
0.18930957683741648
0.1915367483296214
0.19376391982182628
0.19599109131403117
0.19821826280623608
0.20044543429844097
0.2026726057906459
0.20489977728285078
0.2071269487750557
0.20935412026726058
0.21158129175946547
0.21380846325167038
0.21603563474387527
0.2182628062360802
0.22048997772828507
0.22271714922049
0.22494432071269488
0.22717149220489977
0.22939866369710468
0.23162583518930957
0.23385300668151449
0.23608017817371937
0.2383073496659243
0.24053452115812918
0.24276169265033407
0.24498886414253898
0.24721603563474387
0.24944320712694878
0.2516703786191537
0.25389755011135856
0.2561247216035635
0.2583518930957684
0.26057906458797325
0.26280623608017817
0.2650334075723831
0.267260579064588
0.26948775055679286
0.2717149220489978
0.2739420935412027
0.27616926503340755
0.27839643652561247
0.2806236080178174
0.2828507795100223
0.28507795100222716
0.2873051224944321
0.289532293986637
0.29175946547884185
0.29398663697104677
0.2962138084632517
0.2984409799554566
0.30066815144766146
0.3028953229398664
0.3051224944320713
1.0
1.0
1.0
1.0
1.0
1.0
1.0
1.0
1.0
1.0
1.0
1.0
1.0
1.0
1.0
1.0
1.0
1.0
1.0
1.0
1.0
1.0
1.0
1.0
1.0
1.0
1.0
1.0
1.0
1.0
1.0
1.0
1.0
1.0
1.0
1.0
1.0
1.0
1.0
1.0
0.09131403118040089
0.0935412026726058
0.0957683741648107
0.09799554565701558
0.10022271714922049
0.10244988864142539
0.10467706013363029
0.10690423162583519
0.1091314031180401
0.111358574610245
0.11358574610244988
0.11581291759465479
0.11804008908685969
0.12026726057906459
0.12249443207126949
0.12472160356347439
0.12694877505567928
0.1291759465478842
0.13140311804008908
0.133630289532294
0.1358574610244989
0.13808463251670378
0.1403118040089087
0.14253897550111358
0.1447661469933185
0.14699331848552338
0.1492204899777283
0.1514476614699332
0.15367483296213807
0.155902004454343
0.15812917594654788
0.1603563474387528
0.16258351893095768
0.16481069042316257
0.16703786191536749
0.16926503340757237
0.1714922048997773
0.17371937639198218
0.1759465478841871
0.17817371937639198
0.18040089086859687
0.18262806236080179
0.18485523385300667
0.1870824053452116
0.18930957683741648
0.1915367483296214
0.19376391982182628
0.19599109131403117
0.19821826280623608
0.20044543429844097
0.2026726057906459
0.20489977728285078
0.2071269487750557
0.20935412026726058
0.21158129175946547
0.21380846325167038
0.21603563474387527
0.2182628062360802
0.22048997772828507
0.22271714922049
0.22494432071269488
0.22717149220489977
0.22939866369710468
0.23162583518930957
0.23385300668151449
0.23608017817371937
0.2383073496659243
0.24053452115812918
0.24276169265033407
0.24498886414253898
0.24721603563474387
0.24944320712694878
0.2516703786191537
0.25389755011135856
0.2561247216035635
0.2583518930957684
0.26057906458797325
0.26280623608017817
0.2650334075723831
0.267260579064588
0.26948775055679286
0.2717149220489978
0.2739420935412027
0.27616926503340755
0.27839643652561247
0.2806236080178174
0.2828507795100223
0.28507795100222716
0.2873051224944321
0.289532293986637
0.29175946547884185
0.29398663697104677
0.2962138084632517
0.2984409799554566
0.30066815144766146
0.3028953229398664
0.3051224944320713
1.0
1.0
1.0
1.0
1.0
1.0
1.0
1.0
1.0
1.0
1.0
1.0
1.0
1.0
1.0
1.0
1.0
1.0
1.0
1.0
1.0
1.0
1.0
1.0
1.0
1.0
1.0
1.0
1.0
1.0
1.0
1.0
1.0
1.0
1.0
1.0
1.0
1.0
1.0
1.0
0.09131403118040089
0.0935412026726058
0.0957683741648107
0.09799554565701558
0.10022271714922049
0.10244988864142539
0.10467706013363029
0.10690423162583519
0.1091314031180401
0.111358574610245
0.11358574610244988
0.11581291759465479
0.11804008908685969
0.12026726057906459
0.12249443207126949
0.12472160356347439
0.12694877505567928
0.1291759465478842
0.13140311804008908
0.133630289532294
0.1358574610244989
0.13808463251670378
0.1403118040089087
0.14253897550111358
0.1447661469933185
0.14699331848552338
0.1492204899777283
0.1514476614699332
0.15367483296213807
0.155902004454343
0.15812917594654788
0.1603563474387528
0.16258351893095768
0.16481069042316257
0.16703786191536749
0.16926503340757237
0.1714922048997773
0.17371937639198218
0.1759465478841871
0.17817371937639198
0.18040089086859687
0.18262806236080179
0.18485523385300667
0.1870824053452116
0.18930957683741648
0.1915367483296214
0.19376391982182628
0.19599109131403117
0.19821826280623608
0.20044543429844097
0.2026726057906459
0.20489977728285078
0.2071269487750557
0.20935412026726058
0.21158129175946547
0.21380846325167038
0.21603563474387527
0.2182628062360802
0.22048997772828507
0.22271714922049
0.22494432071269488
0.22717149220489977
0.22939866369710468
0.23162583518930957
0.23385300668151449
0.23608017817371937
0.2383073496659243
0.24053452115812918
0.24276169265033407
0.24498886414253898
0.24721603563474387
0.24944320712694878
0.2516703786191537
0.25389755011135856
0.2561247216035635
0.2583518930957684
0.26057906458797325
0.26280623608017817
0.2650334075723831
0.267260579064588
0.26948775055679286
0.2717149220489978
0.2739420935412027
0.27616926503340755
0.27839643652561247
0.2806236080178174
0.2828507795100223
0.28507795100222716
0.2873051224944321
0.289532293986637
0.29175946547884185
0.29398663697104677
0.2962138084632517
0.2984409799554566
0.30066815144766146
0.3028953229398664
0.3051224944320713
1.0
1.0
1.0
1.0
1.0
1.0
1.0
1.0
1.0
1.0
1.0
1.0
1.0
1.0
1.0
1.0
1.0
1.0
1.0
1.0
1.0
1.0
1.0
1.0
1.0
1.0
1.0
1.0
1.0
1.0
1.0
1.0
1.0
1.0
1.0
1.0
1.0
1.0
1.0
1.0
0.09131403118040089
0.0935412026726058
0.0957683741648107
0.09799554565701558
0.10022271714922049
0.10244988864142539
0.10467706013363029
0.10690423162583519
0.1091314031180401
0.111358574610245
0.11358574610244988
0.11581291759465479
0.11804008908685969
0.12026726057906459
0.12249443207126949
0.12472160356347439
0.12694877505567928
0.1291759465478842
0.13140311804008908
0.133630289532294
0.1358574610244989
0.13808463251670378
0.1403118040089087
0.14253897550111358
0.1447661469933185
0.14699331848552338
0.1492204899777283
0.1514476614699332
0.15367483296213807
0.155902004454343
0.15812917594654788
0.1603563474387528
0.16258351893095768
0.16481069042316257
0.16703786191536749
0.16926503340757237
0.1714922048997773
0.17371937639198218
0.1759465478841871
0.17817371937639198
0.18040089086859687
0.18262806236080179
0.18485523385300667
0.1870824053452116
0.18930957683741648
0.1915367483296214
0.19376391982182628
0.19599109131403117
0.19821826280623608
0.20044543429844097
0.2026726057906459
0.20489977728285078
0.2071269487750557
0.20935412026726058
0.21158129175946547
0.21380846325167038
0.21603563474387527
0.2182628062360802
0.22048997772828507
0.22271714922049
0.22494432071269488
0.22717149220489977
0.22939866369710468
0.23162583518930957
0.23385300668151449
0.23608017817371937
0.2383073496659243
0.24053452115812918
0.24276169265033407
0.24498886414253898
0.24721603563474387
0.24944320712694878
0.2516703786191537
0.25389755011135856
0.2561247216035635
0.2583518930957684
0.26057906458797325
0.26280623608017817
0.2650334075723831
0.267260579064588
0.26948775055679286
0.2717149220489978
0.2739420935412027
0.27616926503340755
0.27839643652561247
0.2806236080178174
0.2828507795100223
0.28507795100222716
0.2873051224944321
0.289532293986637
0.29175946547884185
0.29398663697104677
0.2962138084632517
0.2984409799554566
0.30066815144766146
0.3028953229398664
0.3051224944320713
