1.0
1.0
1.0
1.0
1.0
1.0
1.0
1.0
1.0
1.0
1.0
1.0
1.0
1.0
1.0
1.0
1.0
1.0
1.0
1.0
1.0
1.0
1.0
1.0
1.0
1.0
1.0
1.0
1.0
1.0
1.0
1.0
1.0
1.0
1.0
1.0
1.0
1.0
1.0
1.0
1.0
1.0
1.0
1.0
1.0
1.0
1.0
1.0
0.1891891891891892
0.19230769230769232
0.19540229885057472
0.19771863117870722
0.20075757575757575
0.2037735849056604
0.20676691729323307
0.20973782771535582
0.2126865671641791
0.21561338289962825
0.21851851851851853
0.22140221402214022
0.22426470588235295
0.2271062271062271
0.2150170648464164
0.21768707482993196
0.22033898305084745
0.22297297297297297
0.2255892255892256
0.22818791946308725
0.23076923076923078
0.23333333333333334
0.23588039867109634
0.23841059602649006
0.22054380664652568
0.22289156626506024
0.22522522522522523
0.2275449101796407
0.22318840579710145
0.2254335260115607
0.2276657060518732
0.22988505747126436
0.23209169054441262
0.2342857142857143
0.23646723646723647
0.23863636363636365
0.22193211488250653
0.22395833333333334
0.22597402597402597
0.22797927461139897
0.22997416020671835
0.23195876288659795
0.23393316195372751
0.2358974358974359
0.22572815533980584
0.22760290556900725
0.22946859903381642
0.23132530120481928
0.23317307692307693
0.23501199040767387
0.23684210526315788
0.2386634844868735
0.24047619047619048
0.24228028503562946
0.24407582938388625
0.2458628841607565
0.24764150943396226
0.24941176470588236
0.2511737089201878
0.2529274004683841
0.2546728971962617
0.2564102564102564
0.25813953488372093
0.25986078886310904
0.26157407407407407
0.2632794457274827
0.26497695852534564
0.26666666666666666
0.268348623853211
0.2700228832951945
0.271689497716895
0.2733485193621868
0.275
0.2766439909297052
0.27828054298642535
0.2799097065462754
0.28153153153153154
0.28314606741573034
0.28475336322869954
0.28635346756152125
0.28794642857142855
0.289532293986637
0.2911111111111111
0.2926829268292683
0.2942477876106195
0.2958057395143488
0.2973568281938326
0.2989010989010989
0.30043859649122806
0.30196936542669583
0.3034934497816594
0.30501089324618735
0.3065217391304348
0.3080260303687636
0.30952380952380953
0.31101511879049676
0.3125
0.3139784946236559
0.315450643776824
0.3169164882226981
0.31837606837606836
0.31982942430703626
0.32127659574468087
0.3227176220806794
0.3241525423728814
0.32558139534883723
0.22693997071742314
0.22807017543859648
0.2291970802919708
0.2303206997084548
0.2314410480349345
0.23255813953488372
0.23032904148783978
0.23142857142857143
0.23252496433666192
0.2336182336182336
0.23470839260312945
0.23579545454545456
0.23687943262411348
0.23796033994334279
0.23903818953323905
0.2401129943502825
0.24118476727785615
0.24225352112676057
0.24331926863572434
0.2443820224719101
0.24544179523141654
0.24649859943977592
0.24755244755244754
0.24860335195530725
0.2496513249651325
0.25069637883008355
0.2517385257301808
0.25277777777777777
0.2538141470180305
0.2548476454293629
0.25587828492392806
0.2569060773480663
0.2579310344827586
0.25895316804407714
0.25997248968363135
0.260989010989011
0.262002743484225
0.26301369863013696
0.2640218878248974
0.2650273224043716
0.2660300136425648
0.2670299727520436
0.2680272108843537
0.26902173913043476
0.22334455667789002
0.2242152466367713
0.22508398656215006
0.22595078299776286
0.22681564245810057
0.22767857142857142
0.22853957636566333
0.22939866369710468
0.23025583982202447
0.2311111111111111
0.23196448390677027
0.2328159645232816
0.2336655592469546
0.2345132743362832
0.23535911602209944
0.23620309050772628
0.237045203969129
0.23788546255506607
0.23872387238723872
0.23956043956043957
0.24039517014270034
0.2412280701754386
0.2420591456736035
0.24288840262582057
0.24371584699453552
0.2445414847161572
0.24536532170119957
0.24618736383442266
0.2470076169749728
0.24782608695652175
0.248642779587405
0.24945770065075923
0.2502708559046587
0.2510822510822511
0.2518918918918919
0.2526997840172786
0.2535059331175836
0.2543103448275862
0.25511302475780406
0.25591397849462366
0.25671321160042965
0.2575107296137339
0.2583065380493033
0.25910064239828695
0.25989304812834224
0.2606837606837607
0.26147278548559233
0.2622601279317697
0.2630457933972311
0.26382978723404255
0.26461211477151964
0.2653927813163482
0.26617179215270415
0.2669491525423729
0.2677248677248677
0.26849894291754756
0.2692713833157339
0.270042194092827
0.2708113804004215
0.27157894736842103
0.2723449001051525
0.27310924369747897
0.2738719832109129
0.2746331236897275
0.2753926701570681
0.27615062761506276
0.2769070010449321
0.2776617954070981
0.278415015641293
0.21700404858299596
0.21763754045307443
0.21827000808407437
0.21890145395799676
0.2195318805488297
0.22016129032258064
0.22078968573730862
0.22123893805309736
0.22186495176848875
0.22248995983935743
0.2231139646869984
0.22373696872493987
0.224
0.2246203037569944
0.22523961661341854
0.22585794094173983
0.22647527910685805
0.22709163346613545
0.22770700636942676
0.22832140015910898
0.2289348171701113
0.22954725972994441
0.22393822393822393
0.22453703703703703
0.2251349267540478
0.22573189522342066
0.22632794457274827
0.22692307692307692
0.2275172943889316
0.22811059907834103
0.22870299309286263
0.22929447852760737
0.22988505747126436
0.2304747320061256
0.23106350420811017
0.231651376146789
0.2322383498854087
0.23282442748091603
0.23164269492808479
0.23222390317700453
0.2328042328042328
0.23338368580060423
0.2339622641509434
0.23453996983408748
0.2351168048229088
0.23569277108433734
0.236267870579383
0.23247232472324722
0.23303834808259588
0.23360353721444363
1.0
1.0
1.0
1.0
1.0
1.0
1.0
1.0
1.0
1.0
1.0
1.0
1.0
1.0
1.0
1.0
1.0
1.0
1.0
1.0
1.0
1.0
1.0
1.0
1.0
1.0
1.0
1.0
1.0
1.0
1.0
1.0
1.0
1.0
1.0
1.0
1.0
1.0
1.0
1.0
1.0
1.0
1.0
1.0
1.0
1.0
1.0
1.0
0.1891891891891892
0.19230769230769232
0.19540229885057472
0.19771863117870722
0.20075757575757575
0.2037735849056604
0.20676691729323307
0.20973782771535582
0.2126865671641791
0.21561338289962825
0.21851851851851853
0.22140221402214022
0.22426470588235295
0.2271062271062271
0.2150170648464164
0.21768707482993196
0.22033898305084745
0.22297297297297297
0.2255892255892256
0.22818791946308725
0.23076923076923078
0.23333333333333334
0.23588039867109634
0.23841059602649006
0.22054380664652568
0.22289156626506024
0.22522522522522523
0.2275449101796407
0.22318840579710145
0.2254335260115607
0.2276657060518732
0.22988505747126436
0.23209169054441262
0.2342857142857143
0.23646723646723647
0.23863636363636365
0.22193211488250653
0.22395833333333334
0.22597402597402597
0.22797927461139897
0.22997416020671835
0.23195876288659795
0.23393316195372751
0.2358974358974359
0.22572815533980584
0.22760290556900725
0.22946859903381642
0.23132530120481928
0.23317307692307693
0.23501199040767387
0.23684210526315788
0.2386634844868735
0.24047619047619048
0.24228028503562946
0.24407582938388625
0.2458628841607565
0.24764150943396226
0.24941176470588236
0.2511737089201878
0.2529274004683841
0.2546728971962617
0.2564102564102564
0.25813953488372093
0.25986078886310904
0.26157407407407407
0.2632794457274827
0.26497695852534564
0.26666666666666666
0.268348623853211
0.2700228832951945
0.271689497716895
0.2733485193621868
0.275
0.2766439909297052
0.27828054298642535
0.2799097065462754
0.28153153153153154
0.28314606741573034
0.28475336322869954
0.28635346756152125
0.28794642857142855
0.289532293986637
0.2911111111111111
0.2926829268292683
0.2942477876106195
0.2958057395143488
0.2973568281938326
0.2989010989010989
0.30043859649122806
0.30196936542669583
0.3034934497816594
0.30501089324618735
0.3065217391304348
0.3080260303687636
0.30952380952380953
0.31101511879049676
0.3125
0.3139784946236559
0.315450643776824
0.3169164882226981
0.31837606837606836
0.31982942430703626
0.32127659574468087
0.3227176220806794
0.3241525423728814
0.32558139534883723
0.22693997071742314
0.22807017543859648
0.2291970802919708
0.2303206997084548
0.2314410480349345
0.23255813953488372
0.23032904148783978
0.23142857142857143
0.23252496433666192
0.2336182336182336
0.23470839260312945
0.23579545454545456
0.23687943262411348
0.23796033994334279
0.23903818953323905
0.2401129943502825
0.24118476727785615
0.24225352112676057
0.24331926863572434
0.2443820224719101
0.24544179523141654
0.24649859943977592
0.24755244755244754
0.24860335195530725
0.2496513249651325
0.25069637883008355
0.2517385257301808
0.25277777777777777
0.2538141470180305
0.2548476454293629
0.25587828492392806
0.2569060773480663
0.2579310344827586
0.25895316804407714
0.25997248968363135
0.260989010989011
0.262002743484225
0.26301369863013696
0.2640218878248974
0.2650273224043716
0.2660300136425648
0.2670299727520436
0.2680272108843537
0.26902173913043476
0.22334455667789002
0.2242152466367713
0.22508398656215006
0.22595078299776286
0.22681564245810057
0.22767857142857142
0.22853957636566333
0.22939866369710468
0.23025583982202447
0.2311111111111111
0.23196448390677027
0.2328159645232816
0.2336655592469546
0.2345132743362832
0.23535911602209944
0.23620309050772628
0.237045203969129
0.23788546255506607
0.23872387238723872
0.23956043956043957
0.24039517014270034
0.2412280701754386
0.2420591456736035
0.24288840262582057
0.24371584699453552
0.2445414847161572
0.24536532170119957
0.24618736383442266
0.2470076169749728
0.24782608695652175
0.248642779587405
0.24945770065075923
0.2502708559046587
0.2510822510822511
0.2518918918918919
0.2526997840172786
0.2535059331175836
0.2543103448275862
0.25511302475780406
0.25591397849462366
0.25671321160042965
0.2575107296137339
0.2583065380493033
0.25910064239828695
0.25989304812834224
0.2606837606837607
0.26147278548559233
0.2622601279317697
0.2630457933972311
0.26382978723404255
0.26461211477151964
0.2653927813163482
0.26617179215270415
0.2669491525423729
0.2677248677248677
0.26849894291754756
0.2692713833157339
0.270042194092827
0.2708113804004215
0.27157894736842103
0.2723449001051525
0.27310924369747897
0.2738719832109129
0.2746331236897275
0.2753926701570681
0.27615062761506276
0.2769070010449321
0.2776617954070981
0.278415015641293
0.21700404858299596
0.21763754045307443
0.21827000808407437
0.21890145395799676
0.2195318805488297
0.22016129032258064
0.22078968573730862
0.22123893805309736
0.22186495176848875
0.22248995983935743
0.2231139646869984
0.22373696872493987
0.224
0.2246203037569944
0.22523961661341854
0.22585794094173983
0.22647527910685805
0.22709163346613545
0.22770700636942676
0.22832140015910898
0.2289348171701113
0.22954725972994441
0.22393822393822393
0.22453703703703703
0.2251349267540478
0.22573189522342066
0.22632794457274827
0.22692307692307692
0.2275172943889316
0.22811059907834103
0.22870299309286263
0.22929447852760737
0.22988505747126436
0.2304747320061256
0.23106350420811017
0.231651376146789
0.2322383498854087
0.23282442748091603
0.23164269492808479
0.23222390317700453
0.2328042328042328
0.23338368580060423
0.2339622641509434
0.23453996983408748
0.2351168048229088
0.23569277108433734
0.236267870579383
0.23247232472324722
0.23303834808259588
0.23360353721444363
1.0
1.0
1.0
1.0
1.0
1.0
1.0
1.0
1.0
1.0
1.0
1.0
1.0
1.0
1.0
1.0
1.0
1.0
1.0
1.0
1.0
1.0
1.0
1.0
1.0
1.0
1.0
1.0
1.0
1.0
1.0
1.0
1.0
1.0
1.0
1.0
1.0
1.0
1.0
1.0
1.0
1.0
1.0
1.0
1.0
1.0
1.0
1.0
1.0
1.0
1.0
1.0
1.0
1.0
1.0
1.0
1.0
1.0
1.0
1.0
1.0
1.0
1.0
1.0
1.0
1.0
1.0
1.0
1.0
1.0
1.0
1.0
1.0
1.0
1.0
1.0
1.0
1.0
1.0
1.0
1.0
1.0
1.0
1.0
1.0
1.0
1.0
1.0
1.0
1.0
1.0
1.0
1.0
1.0
1.0
1.0
1.0
1.0
1.0
1.0
1.0
1.0
1.0
1.0
1.0
1.0
1.0
1.0
1.0
1.0
1.0
1.0
1.0
1.0
1.0
1.0
1.0
1.0
1.0
1.0
1.0
1.0
1.0
1.0
1.0
1.0
1.0
1.0
1.0
1.0
1.0
1.0
1.0
1.0
1.0
1.0
1.0
1.0
1.0
1.0
1.0
1.0
1.0
1.0
1.0
1.0
1.0
1.0
1.0
1.0
1.0
1.0
1.0
1.0
1.0
1.0
1.0
1.0
1.0
1.0
1.0
1.0
1.0
1.0
1.0
1.0
1.0
1.0
1.0
1.0
1.0
1.0
1.0
1.0
1.0
1.0
1.0
1.0
1.0
1.0
1.0
1.0
1.0
1.0
1.0
1.0
1.0
1.0
1.0
1.0
1.0
1.0
1.0
1.0
1.0
1.0
1.0
1.0
1.0
1.0
1.0
1.0
1.0
1.0
1.0
1.0
1.0
1.0
1.0
1.0
1.0
1.0
1.0
1.0
1.0
1.0
1.0
1.0
1.0
1.0
1.0
1.0
1.0
1.0
1.0
1.0
1.0
1.0
1.0
1.0
1.0
1.0
1.0
1.0
1.0
1.0
1.0
1.0
1.0
1.0
1.0
1.0
1.0
1.0
1.0
1.0
1.0
1.0
1.0
1.0
1.0
1.0
1.0
1.0
1.0
1.0
1.0
1.0
1.0
1.0
1.0
1.0
1.0
1.0
1.0
1.0
1.0
1.0
1.0
1.0
1.0
1.0
1.0
1.0
1.0
1.0
1.0
1.0
1.0
1.0
1.0
1.0
1.0
1.0
1.0
1.0
1.0
1.0
1.0
1.0
1.0
1.0
1.0
1.0
1.0
1.0
1.0
1.0
1.0
1.0
1.0
1.0
1.0
1.0
1.0
1.0
1.0
1.0
1.0
1.0
1.0
1.0
1.0
1.0
1.0
1.0
1.0
0.9636363636363636
0.9637462235649547
0.9667673716012085
0.9697885196374623
0.972809667673716
0.9758308157099698
0.9788519637462235
0.9818731117824774
0.9848942598187311
0.9879154078549849
0.9909365558912386
0.9939577039274925
0.9969788519637462
1.0
0.9822485207100592
0.985207100591716
0.9881656804733728
0.9911242603550295
0.9940828402366864
0.9941002949852508
0.9941176470588236
0.9941348973607038
0.9941520467836257
0.9941690962099126
0.9941860465116279
0.997093023255814
0.9971014492753624
1.0
1.0
1.0
1.0
1.0
1.0
1.0
1.0
1.0
1.0
1.0
1.0
1.0
1.0
1.0
1.0
1.0
1.0
1.0
1.0
1.0
1.0
1.0
1.0
1.0
1.0
1.0
1.0
1.0
1.0
1.0
1.0
1.0
1.0
1.0
1.0
1.0
1.0
1.0
1.0
1.0
1.0
1.0
1.0
1.0
1.0
1.0
1.0
1.0
0.1891891891891892
0.19230769230769232
0.19540229885057472
0.19771863117870722
0.20075757575757575
0.2037735849056604
0.20676691729323307
0.20973782771535582
0.2126865671641791
0.21561338289962825
0.21851851851851853
0.22140221402214022
0.22426470588235295
0.2271062271062271
0.2150170648464164
0.21768707482993196
0.22033898305084745
0.22297297297297297
0.2255892255892256
0.22818791946308725
0.23076923076923078
0.23333333333333334
0.23588039867109634
0.23841059602649006
0.22054380664652568
0.22289156626506024
0.22522522522522523
0.2275449101796407
0.22318840579710145
0.2254335260115607
0.2276657060518732
0.22988505747126436
0.23209169054441262
0.2342857142857143
0.23646723646723647
0.23863636363636365
0.22193211488250653
0.22395833333333334
0.22597402597402597
0.22797927461139897
0.22997416020671835
0.23195876288659795
0.23393316195372751
0.2358974358974359
0.22572815533980584
0.22760290556900725
0.22946859903381642
0.23132530120481928
0.23317307692307693
0.23501199040767387
0.23684210526315788
0.2386634844868735
0.24047619047619048
0.24228028503562946
0.24407582938388625
0.2458628841607565
0.24764150943396226
0.24941176470588236
0.2511737089201878
0.2529274004683841
0.2546728971962617
0.2564102564102564
0.25813953488372093
0.25986078886310904
0.26157407407407407
0.2632794457274827
0.26497695852534564
0.26666666666666666
0.268348623853211
0.2700228832951945
0.271689497716895
0.2733485193621868
0.275
0.2766439909297052
0.27828054298642535
0.2799097065462754
0.28153153153153154
0.28314606741573034
0.28475336322869954
0.28635346756152125
0.28794642857142855
0.289532293986637
0.2911111111111111
0.2926829268292683
0.2942477876106195
0.2958057395143488
0.2973568281938326
0.2989010989010989
0.30043859649122806
0.30196936542669583
0.3034934497816594
0.30501089324618735
0.3065217391304348
0.3080260303687636
0.30952380952380953
0.31101511879049676
0.3125
0.3139784946236559
0.315450643776824
0.3169164882226981
0.31837606837606836
0.31982942430703626
0.32127659574468087
0.3227176220806794
0.3241525423728814
0.32558139534883723
0.22693997071742314
0.22807017543859648
0.2291970802919708
0.2303206997084548
0.2314410480349345
0.23255813953488372
0.23032904148783978
0.23142857142857143
0.23252496433666192
0.2336182336182336
0.23470839260312945
0.23579545454545456
0.23687943262411348
0.23796033994334279
0.23903818953323905
0.2401129943502825
0.24118476727785615
0.24225352112676057
0.24331926863572434
0.2443820224719101
0.24544179523141654
0.24649859943977592
0.24755244755244754
0.24860335195530725
0.2496513249651325
0.25069637883008355
0.2517385257301808
0.25277777777777777
0.2538141470180305
0.2548476454293629
0.25587828492392806
0.2569060773480663
0.2579310344827586
0.25895316804407714
0.25997248968363135
0.260989010989011
0.262002743484225
0.26301369863013696
0.2640218878248974
0.2650273224043716
0.2660300136425648
0.2670299727520436
0.2680272108843537
0.26902173913043476
0.22334455667789002
0.2242152466367713
0.22508398656215006
0.22595078299776286
0.22681564245810057
0.22767857142857142
0.22853957636566333
0.22939866369710468
0.23025583982202447
0.2311111111111111
0.23196448390677027
0.2328159645232816
0.2336655592469546
0.2345132743362832
0.23535911602209944
0.23620309050772628
0.237045203969129
0.23788546255506607
0.23872387238723872
0.23956043956043957
0.24039517014270034
0.2412280701754386
0.2420591456736035
0.24288840262582057
0.24371584699453552
0.2445414847161572
0.24536532170119957
0.24618736383442266
0.2470076169749728
0.24782608695652175
0.248642779587405
0.24945770065075923
0.2502708559046587
0.2510822510822511
0.2518918918918919
0.2526997840172786
0.2535059331175836
0.2543103448275862
0.25511302475780406
0.25591397849462366
0.25671321160042965
0.2575107296137339
0.2583065380493033
0.25910064239828695
0.25989304812834224
0.2606837606837607
0.26147278548559233
0.2622601279317697
0.2630457933972311
0.26382978723404255
0.26461211477151964
0.2653927813163482
0.26617179215270415
0.2669491525423729
0.2677248677248677
0.26849894291754756
0.2692713833157339
0.270042194092827
0.2708113804004215
0.27157894736842103
0.2723449001051525
0.27310924369747897
0.2738719832109129
0.2746331236897275
0.2753926701570681
0.27615062761506276
0.2769070010449321
0.2776617954070981
0.278415015641293
0.21700404858299596
0.21763754045307443
0.21827000808407437
0.21890145395799676
0.2195318805488297
0.22016129032258064
0.22078968573730862
0.22123893805309736
0.22186495176848875
0.22248995983935743
0.2231139646869984
0.22373696872493987
0.224
0.2246203037569944
0.22523961661341854
0.22585794094173983
0.22647527910685805
0.22709163346613545
0.22770700636942676
0.22832140015910898
0.2289348171701113
0.22954725972994441
0.22393822393822393
0.22453703703703703
0.2251349267540478
0.22573189522342066
0.22632794457274827
0.22692307692307692
0.2275172943889316
0.22811059907834103
0.22870299309286263
0.22929447852760737
0.22988505747126436
0.2304747320061256
0.23106350420811017
0.231651376146789
0.2322383498854087
0.23282442748091603
0.23164269492808479
0.23222390317700453
0.2328042328042328
0.23338368580060423
0.2339622641509434
0.23453996983408748
0.2351168048229088
0.23569277108433734
0.236267870579383
0.23247232472324722
0.23303834808259588
0.23360353721444363
1.0
1.0
1.0
1.0
1.0
1.0
1.0
1.0
1.0
1.0
1.0
1.0
1.0
1.0
1.0
1.0
1.0
1.0
1.0
1.0
1.0
1.0
1.0
1.0
1.0
1.0
1.0
1.0
1.0
1.0
1.0
1.0
1.0
1.0
1.0
1.0
1.0
1.0
1.0
1.0
1.0
1.0
1.0
1.0
1.0
1.0
1.0
1.0
0.1891891891891892
0.19230769230769232
0.19540229885057472
0.19771863117870722
0.20075757575757575
0.2037735849056604
0.20676691729323307
0.20973782771535582
0.2126865671641791
0.21561338289962825
0.21851851851851853
0.22140221402214022
0.22426470588235295
0.2271062271062271
0.2150170648464164
0.21768707482993196
0.22033898305084745
0.22297297297297297
0.2255892255892256
0.22818791946308725
0.23076923076923078
0.23333333333333334
0.23588039867109634
0.23841059602649006
0.22054380664652568
0.22289156626506024
0.22522522522522523
0.2275449101796407
0.22318840579710145
0.2254335260115607
0.2276657060518732
0.22988505747126436
0.23209169054441262
0.2342857142857143
0.23646723646723647
0.23863636363636365
0.22193211488250653
0.22395833333333334
0.22597402597402597
0.22797927461139897
0.22997416020671835
0.23195876288659795
0.23393316195372751
0.2358974358974359
0.22572815533980584
0.22760290556900725
0.22946859903381642
0.23132530120481928
0.23317307692307693
0.23501199040767387
0.23684210526315788
0.2386634844868735
0.24047619047619048
0.24228028503562946
0.24407582938388625
0.2458628841607565
0.24764150943396226
0.24941176470588236
0.2511737089201878
0.2529274004683841
0.2546728971962617
0.2564102564102564
0.25813953488372093
0.25986078886310904
0.26157407407407407
0.2632794457274827
0.26497695852534564
0.26666666666666666
0.268348623853211
0.2700228832951945
0.271689497716895
0.2733485193621868
0.275
0.2766439909297052
0.27828054298642535
0.2799097065462754
0.28153153153153154
0.28314606741573034
0.28475336322869954
0.28635346756152125
0.28794642857142855
0.289532293986637
0.2911111111111111
0.2926829268292683
0.2942477876106195
0.2958057395143488
0.2973568281938326
0.2989010989010989
0.30043859649122806
0.30196936542669583
0.3034934497816594
0.30501089324618735
0.3065217391304348
0.3080260303687636
0.30952380952380953
0.31101511879049676
0.3125
0.3139784946236559
0.315450643776824
0.3169164882226981
0.31837606837606836
0.31982942430703626
0.32127659574468087
0.3227176220806794
0.3241525423728814
0.32558139534883723
0.22693997071742314
0.22807017543859648
0.2291970802919708
0.2303206997084548
0.2314410480349345
0.23255813953488372
0.23032904148783978
0.23142857142857143
0.23252496433666192
0.2336182336182336
0.23470839260312945
0.23579545454545456
0.23687943262411348
0.23796033994334279
0.23903818953323905
0.2401129943502825
0.24118476727785615
0.24225352112676057
0.24331926863572434
0.2443820224719101
0.24544179523141654
0.24649859943977592
0.24755244755244754
0.24860335195530725
0.2496513249651325
0.25069637883008355
0.2517385257301808
0.25277777777777777
0.2538141470180305
0.2548476454293629
0.25587828492392806
0.2569060773480663
0.2579310344827586
0.25895316804407714
0.25997248968363135
0.260989010989011
0.262002743484225
0.26301369863013696
0.2640218878248974
0.2650273224043716
0.2660300136425648
0.2670299727520436
0.2680272108843537
0.26902173913043476
0.22334455667789002
0.2242152466367713
0.22508398656215006
0.22595078299776286
0.22681564245810057
0.22767857142857142
0.22853957636566333
0.22939866369710468
0.23025583982202447
0.2311111111111111
0.23196448390677027
0.2328159645232816
0.2336655592469546
0.2345132743362832
0.23535911602209944
0.23620309050772628
0.237045203969129
0.23788546255506607
0.23872387238723872
0.23956043956043957
0.24039517014270034
0.2412280701754386
0.2420591456736035
0.24288840262582057
0.24371584699453552
0.2445414847161572
0.24536532170119957
0.24618736383442266
0.2470076169749728
0.24782608695652175
0.248642779587405
0.24945770065075923
0.2502708559046587
0.2510822510822511
0.2518918918918919
0.2526997840172786
0.2535059331175836
0.2543103448275862
0.25511302475780406
0.25591397849462366
0.25671321160042965
0.2575107296137339
0.2583065380493033
0.25910064239828695
0.25989304812834224
0.2606837606837607
0.26147278548559233
0.2622601279317697
0.2630457933972311
0.26382978723404255
0.26461211477151964
0.2653927813163482
0.26617179215270415
0.2669491525423729
0.2677248677248677
0.26849894291754756
0.2692713833157339
0.270042194092827
0.2708113804004215
0.27157894736842103
0.2723449001051525
0.27310924369747897
0.2738719832109129
0.2746331236897275
0.2753926701570681
0.27615062761506276
0.2769070010449321
0.2776617954070981
0.278415015641293
0.21700404858299596
0.21763754045307443
0.21827000808407437
0.21890145395799676
0.2195318805488297
0.22016129032258064
0.22078968573730862
0.22123893805309736
0.22186495176848875
0.22248995983935743
0.2231139646869984
0.22373696872493987
0.224
0.2246203037569944
0.22523961661341854
0.22585794094173983
0.22647527910685805
0.22709163346613545
0.22770700636942676
0.22832140015910898
0.2289348171701113
0.22954725972994441
0.22393822393822393
0.22453703703703703
0.2251349267540478
0.22573189522342066
0.22632794457274827
0.22692307692307692
0.2275172943889316
0.22811059907834103
0.22870299309286263
0.22929447852760737
0.22988505747126436
0.2304747320061256
0.23106350420811017
0.231651376146789
0.2322383498854087
0.23282442748091603
0.23164269492808479
0.23222390317700453
0.2328042328042328
0.23338368580060423
0.2339622641509434
0.23453996983408748
0.2351168048229088
0.23569277108433734
0.236267870579383
0.23247232472324722
0.23303834808259588
0.23360353721444363
1.0
1.0
1.0
1.0
1.0
1.0
1.0
1.0
1.0
1.0
1.0
1.0
1.0
1.0
1.0
1.0
1.0
1.0
1.0
1.0
1.0
1.0
1.0
1.0
1.0
1.0
1.0
1.0
1.0
1.0
1.0
1.0
1.0
1.0
1.0
1.0
1.0
1.0
1.0
1.0
1.0
1.0
1.0
1.0
1.0
1.0
1.0
1.0
0.1891891891891892
0.19230769230769232
0.19540229885057472
0.19771863117870722
0.20075757575757575
0.2037735849056604
0.20676691729323307
0.20973782771535582
0.2126865671641791
0.21561338289962825
0.21851851851851853
0.22140221402214022
0.22426470588235295
0.2271062271062271
0.2150170648464164
0.21768707482993196
0.22033898305084745
0.22297297297297297
0.2255892255892256
0.22818791946308725
0.23076923076923078
0.23333333333333334
0.23588039867109634
0.23841059602649006
0.22054380664652568
0.22289156626506024
0.22522522522522523
0.2275449101796407
0.22318840579710145
0.2254335260115607
0.2276657060518732
0.22988505747126436
0.23209169054441262
0.2342857142857143
0.23646723646723647
0.23863636363636365
0.22193211488250653
0.22395833333333334
0.22597402597402597
0.22797927461139897
0.22997416020671835
0.23195876288659795
0.23393316195372751
0.2358974358974359
0.22572815533980584
0.22760290556900725
0.22946859903381642
0.23132530120481928
0.23317307692307693
0.23501199040767387
0.23684210526315788
0.2386634844868735
0.24047619047619048
0.24228028503562946
0.24407582938388625
0.2458628841607565
0.24764150943396226
0.24941176470588236
0.2511737089201878
0.2529274004683841
0.2546728971962617
0.2564102564102564
0.25813953488372093
0.25986078886310904
0.26157407407407407
0.2632794457274827
0.26497695852534564
0.26666666666666666
0.268348623853211
0.2700228832951945
0.271689497716895
0.2733485193621868
0.275
0.2766439909297052
0.27828054298642535
0.2799097065462754
0.28153153153153154
0.28314606741573034
0.28475336322869954
0.28635346756152125
0.28794642857142855
0.289532293986637
0.2911111111111111
0.2926829268292683
0.2942477876106195
0.2958057395143488
0.2973568281938326
0.2989010989010989
0.30043859649122806
0.30196936542669583
0.3034934497816594
0.30501089324618735
0.3065217391304348
0.3080260303687636
0.30952380952380953
0.31101511879049676
0.3125
0.3139784946236559
0.315450643776824
0.3169164882226981
0.31837606837606836
0.31982942430703626
0.32127659574468087
0.3227176220806794
0.3241525423728814
0.32558139534883723
0.22693997071742314
0.22807017543859648
0.2291970802919708
0.2303206997084548
0.2314410480349345
0.23255813953488372
0.23032904148783978
0.23142857142857143
0.23252496433666192
0.2336182336182336
0.23470839260312945
0.23579545454545456
0.23687943262411348
0.23796033994334279
0.23903818953323905
0.2401129943502825
0.24118476727785615
0.24225352112676057
0.24331926863572434
0.2443820224719101
0.24544179523141654
0.24649859943977592
0.24755244755244754
0.24860335195530725
0.2496513249651325
0.25069637883008355
0.2517385257301808
0.25277777777777777
0.2538141470180305
0.2548476454293629
0.25587828492392806
0.2569060773480663
0.2579310344827586
0.25895316804407714
0.25997248968363135
0.260989010989011
0.262002743484225
0.26301369863013696
0.2640218878248974
0.2650273224043716
0.2660300136425648
0.2670299727520436
0.2680272108843537
0.26902173913043476
0.22334455667789002
0.2242152466367713
0.22508398656215006
0.22595078299776286
0.22681564245810057
0.22767857142857142
0.22853957636566333
0.22939866369710468
0.23025583982202447
0.2311111111111111
0.23196448390677027
0.2328159645232816
0.2336655592469546
0.2345132743362832
0.23535911602209944
0.23620309050772628
0.237045203969129
0.23788546255506607
0.23872387238723872
0.23956043956043957
0.24039517014270034
0.2412280701754386
0.2420591456736035
0.24288840262582057
0.24371584699453552
0.2445414847161572
0.24536532170119957
0.24618736383442266
0.2470076169749728
0.24782608695652175
0.248642779587405
0.24945770065075923
0.2502708559046587
0.2510822510822511
0.2518918918918919
0.2526997840172786
0.2535059331175836
0.2543103448275862
0.25511302475780406
0.25591397849462366
0.25671321160042965
0.2575107296137339
0.2583065380493033
0.25910064239828695
0.25989304812834224
0.2606837606837607
0.26147278548559233
0.2622601279317697
0.2630457933972311
0.26382978723404255
0.26461211477151964
0.2653927813163482
0.26617179215270415
0.2669491525423729
0.2677248677248677
0.26849894291754756
0.2692713833157339
0.270042194092827
0.2708113804004215
0.27157894736842103
0.2723449001051525
0.27310924369747897
0.2738719832109129
0.2746331236897275
0.2753926701570681
0.27615062761506276
0.2769070010449321
0.2776617954070981
0.278415015641293
0.21700404858299596
0.21763754045307443
0.21827000808407437
0.21890145395799676
0.2195318805488297
0.22016129032258064
0.22078968573730862
0.22123893805309736
0.22186495176848875
0.22248995983935743
0.2231139646869984
0.22373696872493987
0.224
0.2246203037569944
0.22523961661341854
0.22585794094173983
0.22647527910685805
0.22709163346613545
0.22770700636942676
0.22832140015910898
0.2289348171701113
0.22954725972994441
0.22393822393822393
0.22453703703703703
0.2251349267540478
0.22573189522342066
0.22632794457274827
0.22692307692307692
0.2275172943889316
0.22811059907834103
0.22870299309286263
0.22929447852760737
0.22988505747126436
0.2304747320061256
0.23106350420811017
0.231651376146789
0.2322383498854087
0.23282442748091603
0.23164269492808479
0.23222390317700453
0.2328042328042328
0.23338368580060423
0.2339622641509434
0.23453996983408748
0.2351168048229088
0.23569277108433734
0.236267870579383
0.23247232472324722
0.23303834808259588
0.23360353721444363
1.0
1.0
1.0
1.0
1.0
1.0
1.0
1.0
1.0
1.0
1.0
1.0
1.0
1.0
1.0
1.0
1.0
1.0
1.0
1.0
1.0
1.0
1.0
1.0
1.0
1.0
1.0
1.0
1.0
1.0
1.0
1.0
1.0
1.0
1.0
1.0
1.0
1.0
1.0
1.0
1.0
1.0
1.0
1.0
1.0
1.0
1.0
1.0
0.1891891891891892
0.19230769230769232
0.19540229885057472
0.19771863117870722
0.20075757575757575
0.2037735849056604
0.20676691729323307
0.20973782771535582
0.2126865671641791
0.21561338289962825
0.21851851851851853
0.22140221402214022
0.22426470588235295
0.2271062271062271
0.2150170648464164
0.21768707482993196
0.22033898305084745
0.22297297297297297
0.2255892255892256
0.22818791946308725
0.23076923076923078
0.23333333333333334
0.23588039867109634
0.23841059602649006
0.22054380664652568
0.22289156626506024
0.22522522522522523
0.2275449101796407
0.22318840579710145
0.2254335260115607
0.2276657060518732
0.22988505747126436
0.23209169054441262
0.2342857142857143
0.23646723646723647
0.23863636363636365
0.22193211488250653
0.22395833333333334
0.22597402597402597
0.22797927461139897
0.22997416020671835
0.23195876288659795
0.23393316195372751
0.2358974358974359
0.22572815533980584
0.22760290556900725
0.22946859903381642
0.23132530120481928
0.23317307692307693
0.23501199040767387
0.23684210526315788
0.2386634844868735
0.24047619047619048
0.24228028503562946
0.24407582938388625
0.2458628841607565
0.24764150943396226
0.24941176470588236
0.2511737089201878
0.2529274004683841
0.2546728971962617
0.2564102564102564
0.25813953488372093
0.25986078886310904
0.26157407407407407
0.2632794457274827
0.26497695852534564
0.26666666666666666
0.268348623853211
0.2700228832951945
0.271689497716895
0.2733485193621868
0.275
0.2766439909297052
0.27828054298642535
0.2799097065462754
0.28153153153153154
0.28314606741573034
0.28475336322869954
0.28635346756152125
0.28794642857142855
0.289532293986637
0.2911111111111111
0.2926829268292683
0.2942477876106195
0.2958057395143488
0.2973568281938326
0.2989010989010989
0.30043859649122806
0.30196936542669583
0.3034934497816594
0.30501089324618735
0.3065217391304348
0.3080260303687636
0.30952380952380953
0.31101511879049676
0.3125
0.3139784946236559
0.315450643776824
0.3169164882226981
0.31837606837606836
0.31982942430703626
0.32127659574468087
0.3227176220806794
0.3241525423728814
0.32558139534883723
0.22693997071742314
0.22807017543859648
0.2291970802919708
0.2303206997084548
0.2314410480349345
0.23255813953488372
0.23032904148783978
0.23142857142857143
0.23252496433666192
0.2336182336182336
0.23470839260312945
0.23579545454545456
0.23687943262411348
0.23796033994334279
0.23903818953323905
0.2401129943502825
0.24118476727785615
0.24225352112676057
0.24331926863572434
0.2443820224719101
0.24544179523141654
0.24649859943977592
0.24755244755244754
0.24860335195530725
0.2496513249651325
0.25069637883008355
0.2517385257301808
0.25277777777777777
0.2538141470180305
0.2548476454293629
0.25587828492392806
0.2569060773480663
0.2579310344827586
0.25895316804407714
0.25997248968363135
0.260989010989011
0.262002743484225
0.26301369863013696
0.2640218878248974
0.2650273224043716
0.2660300136425648
0.2670299727520436
0.2680272108843537
0.26902173913043476
0.22334455667789002
0.2242152466367713
0.22508398656215006
0.22595078299776286
0.22681564245810057
0.22767857142857142
0.22853957636566333
0.22939866369710468
0.23025583982202447
0.2311111111111111
0.23196448390677027
0.2328159645232816
0.2336655592469546
0.2345132743362832
0.23535911602209944
0.23620309050772628
0.237045203969129
0.23788546255506607
0.23872387238723872
0.23956043956043957
0.24039517014270034
0.2412280701754386
0.2420591456736035
0.24288840262582057
0.24371584699453552
0.2445414847161572
0.24536532170119957
0.24618736383442266
0.2470076169749728
0.24782608695652175
0.248642779587405
0.24945770065075923
0.2502708559046587
0.2510822510822511
0.2518918918918919
0.2526997840172786
0.2535059331175836
0.2543103448275862
0.25511302475780406
0.25591397849462366
0.25671321160042965
0.2575107296137339
0.2583065380493033
0.25910064239828695
0.25989304812834224
0.2606837606837607
0.26147278548559233
0.2622601279317697
0.2630457933972311
0.26382978723404255
0.26461211477151964
0.2653927813163482
0.26617179215270415
0.2669491525423729
0.2677248677248677
0.26849894291754756
0.2692713833157339
0.270042194092827
0.2708113804004215
0.27157894736842103
0.2723449001051525
0.27310924369747897
0.2738719832109129
0.2746331236897275
0.2753926701570681
0.27615062761506276
0.2769070010449321
0.2776617954070981
0.278415015641293
0.21700404858299596
0.21763754045307443
0.21827000808407437
0.21890145395799676
0.2195318805488297
0.22016129032258064
0.22078968573730862
0.22123893805309736
0.22186495176848875
0.22248995983935743
0.2231139646869984
0.22373696872493987
0.224
0.2246203037569944
0.22523961661341854
0.22585794094173983
0.22647527910685805
0.22709163346613545
0.22770700636942676
0.22832140015910898
0.2289348171701113
0.22954725972994441
0.22393822393822393
0.22453703703703703
0.2251349267540478
0.22573189522342066
0.22632794457274827
0.22692307692307692
0.2275172943889316
0.22811059907834103
0.22870299309286263
0.22929447852760737
0.22988505747126436
0.2304747320061256
0.23106350420811017
0.231651376146789
0.2322383498854087
0.23282442748091603
0.23164269492808479
0.23222390317700453
0.2328042328042328
0.23338368580060423
0.2339622641509434
0.23453996983408748
0.2351168048229088
0.23569277108433734
0.236267870579383
0.23247232472324722
0.23303834808259588
0.23360353721444363
