1.0
1.0
1.0
1.0
1.0
1.0
1.0
1.0
1.0
1.0
1.0
1.0
0.8666666666666667
0.875
0.8823529411764706
0.8888888888888888
0.8947368421052632
0.9
0.9047619047619048
0.9090909090909091
0.9130434782608695
0.9166666666666666
0.92
0.9230769230769231
0.9259259259259259
0.9285714285714286
0.9310344827586207
0.9333333333333333
0.9354838709677419
0.9375
0.9393939393939394
0.9411764705882353
0.9428571428571428
0.9714285714285714
1.0
1.0
1.0
1.0
1.0
1.0
1.0
1.0
1.0
1.0
1.0
1.0
1.0
1.0
1.0
1.0
1.0
1.0
1.0
1.0
1.0
1.0
1.0
1.0
1.0
1.0
1.0
1.0
1.0
1.0
1.0
1.0
1.0
1.0
1.0
1.0
1.0
1.0
0.8666666666666667
0.875
0.8823529411764706
0.8888888888888888
0.8947368421052632
0.9
0.9047619047619048
0.9090909090909091
0.9130434782608695
0.9166666666666666
0.92
0.9230769230769231
0.9259259259259259
0.9285714285714286
0.9310344827586207
0.9333333333333333
0.9354838709677419
0.9375
0.9393939393939394
0.9411764705882353
0.9428571428571428
0.9714285714285714
1.0
1.0
1.0
1.0
1.0
1.0
1.0
1.0
1.0
1.0
1.0
1.0
1.0
1.0
1.0
1.0
1.0
1.0
1.0
1.0
1.0
1.0
1.0
1.0
1.0
1.0
1.0
1.0
1.0
1.0
1.0
1.0
1.0
1.0
1.0
1.0
1.0
1.0
0.8666666666666667
0.875
0.8823529411764706
0.8888888888888888
0.8947368421052632
0.9
0.9047619047619048
0.9090909090909091
0.9130434782608695
0.9166666666666666
0.92
0.9230769230769231
0.9259259259259259
0.9285714285714286
0.9310344827586207
0.9333333333333333
0.9354838709677419
0.9375
0.9393939393939394
0.9411764705882353
0.9428571428571428
0.9714285714285714
1.0
1.0
1.0
1.0
1.0
1.0
1.0
1.0
1.0
1.0
1.0
1.0
1.0
1.0
1.0
1.0
1.0
1.0
1.0
1.0
1.0
1.0
1.0
1.0
1.0
1.0
1.0
1.0
1.0
1.0
1.0
1.0
1.0
1.0
1.0
1.0
1.0
1.0
0.8666666666666667
0.875
0.8823529411764706
0.8888888888888888
0.8947368421052632
0.9
0.9047619047619048
0.9090909090909091
0.9130434782608695
0.9166666666666666
0.92
0.9230769230769231
0.9259259259259259
0.9285714285714286
0.9310344827586207
0.9333333333333333
0.9354838709677419
0.9375
0.9393939393939394
0.9411764705882353
0.9428571428571428
0.9714285714285714
1.0
1.0
1.0
1.0
1.0
1.0
1.0
1.0
1.0
1.0
1.0
1.0
1.0
1.0
1.0
1.0
1.0
1.0
1.0
1.0
1.0
1.0
1.0
1.0
1.0
1.0
1.0
1.0
1.0
1.0
1.0
1.0
1.0
1.0
1.0
1.0
1.0
1.0
0.8666666666666667
0.875
0.8823529411764706
0.8888888888888888
0.8947368421052632
0.9
0.9047619047619048
0.9090909090909091
0.9130434782608695
0.9166666666666666
0.92
0.9230769230769231
0.9259259259259259
0.9285714285714286
0.9310344827586207
0.9333333333333333
0.9354838709677419
0.9375
0.9393939393939394
0.9411764705882353
0.9428571428571428
0.9714285714285714
1.0
1.0
1.0
1.0
1.0
1.0
1.0
1.0
1.0
1.0
1.0
1.0
1.0
1.0
1.0
1.0
1.0
1.0
1.0
1.0
1.0
1.0
1.0
1.0
1.0
1.0
1.0
1.0
1.0
1.0
1.0
1.0
1.0
1.0
1.0
1.0
1.0
0.8666666666666667
0.875
0.8823529411764706
0.8888888888888888
0.8947368421052632
0.9
0.9047619047619048
0.9090909090909091
0.9130434782608695
0.9166666666666666
0.92
0.9230769230769231
0.9259259259259259
0.9285714285714286
0.9310344827586207
0.9333333333333333
0.9354838709677419
0.9375
0.9393939393939394
0.9411764705882353
0.9428571428571428
0.9714285714285714
1.0
1.0
1.0
1.0
1.0
1.0
1.0
1.0
1.0
1.0
1.0
1.0
1.0
1.0
1.0
1.0
1.0
1.0
1.0
1.0
1.0
1.0
1.0
1.0
1.0
1.0
1.0
1.0
1.0
1.0
1.0
1.0
0.8666666666666667
0.875
0.8823529411764706
0.8888888888888888
0.8947368421052632
0.9
0.9047619047619048
0.9090909090909091
0.9130434782608695
0.9166666666666666
0.92
0.9230769230769231
0.9259259259259259
0.9285714285714286
0.9310344827586207
0.9333333333333333
0.9354838709677419
0.9375
0.9393939393939394
0.9411764705882353
0.9428571428571428
0.9714285714285714
1.0
1.0
1.0
1.0
1.0
1.0
1.0
1.0
1.0
1.0
1.0
1.0
1.0
1.0
1.0
1.0
1.0
1.0
1.0
1.0
1.0
1.0
1.0
1.0
1.0
1.0
1.0
1.0
1.0
1.0
1.0
1.0
1.0
1.0
1.0
1.0
1.0
1.0
0.8666666666666667
0.875
0.8823529411764706
0.8888888888888888
0.8947368421052632
0.9
0.9047619047619048
0.9090909090909091
0.9130434782608695
0.9166666666666666
0.92
0.9230769230769231
0.9259259259259259
0.9285714285714286
0.9310344827586207
0.9333333333333333
0.9354838709677419
0.9375
0.9393939393939394
0.9411764705882353
0.9428571428571428
0.9714285714285714
1.0
1.0
1.0
1.0
1.0
1.0
1.0
1.0
1.0
1.0
1.0
1.0
1.0
1.0
1.0
1.0
1.0
1.0
1.0
1.0
1.0
1.0
1.0
1.0
1.0
1.0
1.0
1.0
1.0
1.0
1.0
1.0
1.0
1.0
1.0
1.0
1.0
1.0
0.8666666666666667
0.875
0.8823529411764706
0.8888888888888888
0.8947368421052632
0.9
0.9047619047619048
0.9090909090909091
0.9130434782608695
0.9166666666666666
0.92
0.9230769230769231
0.9259259259259259
0.9285714285714286
0.9310344827586207
0.9333333333333333
0.9354838709677419
0.9375
0.9393939393939394
0.9411764705882353
0.9428571428571428
0.9714285714285714
1.0
1.0
1.0
1.0
1.0
1.0
1.0
1.0
1.0
1.0
1.0
1.0
1.0
1.0
1.0
1.0
1.0
1.0
1.0
1.0
1.0
1.0
1.0
1.0
1.0
1.0
1.0
1.0
1.0
1.0
1.0
1.0
1.0
1.0
1.0
1.0
1.0
1.0
0.8666666666666667
0.875
0.8823529411764706
0.8888888888888888
0.8947368421052632
0.9
0.9047619047619048
0.9090909090909091
0.9130434782608695
0.9166666666666666
0.92
0.9230769230769231
0.9259259259259259
0.9285714285714286
0.9310344827586207
0.9333333333333333
0.9354838709677419
0.9375
0.9393939393939394
0.9411764705882353
0.9428571428571428
0.9714285714285714
1.0
1.0
1.0
1.0
1.0
1.0
1.0
1.0
1.0
1.0
1.0
1.0
1.0
1.0
1.0
1.0
1.0
1.0
1.0
1.0
1.0
1.0
1.0
1.0
1.0
1.0
