1.0
1.0
1.0
0.2
0.25
0.3
0.3333333333333333
0.36363636363636365
0.391304347826087
0.4166666666666667
0.44
0.46153846153846156
0.48148148148148145
0.5
0.5172413793103449
0.5333333333333333
0.5483870967741935
0.5625
0.5757575757575758
0.5882352941176471
0.5121951219512195
0.5365853658536586
0.5609756097560976
0.5853658536585366
0.6097560975609756
0.6341463414634146
0.6428571428571429
0.6511627906976745
0.6590909090909091
0.6666666666666666
0.6739130434782609
0.6808510638297872
0.6875
0.6938775510204082
0.7
0.7058823529411765
0.7115384615384616
0.7169811320754716
0.7358490566037735
0.7547169811320755
0.7735849056603774
0.7777777777777778
0.7818181818181819
0.7857142857142857
0.8035714285714286
0.8214285714285714
0.8392857142857143
0.8571428571428571
0.875
0.8771929824561403
0.8793103448275862
0.8813559322033898
0.8833333333333333
0.8852459016393442
0.8870967741935484
0.8888888888888888
0.890625
0.8923076923076924
0.8939393939393939
0.8955223880597015
0.8970588235294118
0.8985507246376812
0.9
0.9014084507042254
0.9027777777777778
0.9041095890410958
0.9054054054054054
0.9066666666666666
0.4394904458598726
0.445859872611465
0.44936708860759494
0.4528301886792453
0.45625
0.45962732919254656
0.46296296296296297
0.4662576687116564
0.4695121951219512
0.4727272727272727
0.4759036144578313
0.47904191616766467
0.48214285714285715
0.48520710059171596
0.48823529411764705
0.49122807017543857
0.4941860465116279
0.49710982658959535
0.5
0.5028571428571429
0.5056818181818182
0.5084745762711864
0.5112359550561798
0.5139664804469274
0.5166666666666667
0.5193370165745856
0.521978021978022
0.5245901639344263
0.5271739130434783
0.5297297297297298
0.532258064516129
0.5347593582887701
0.5372340425531915
0.5396825396825397
0.5421052631578948
0.5445026178010471
0.546875
0.5492227979274611
0.5515463917525774
0.5538461538461539
0.5561224489795918
0.5583756345177665
0.5606060606060606
0.5628140703517588
0.565
0.5671641791044776
0.5693069306930693
0.5714285714285714
0.5735294117647058
0.5756097560975609
0.5776699029126213
0.5797101449275363
0.5817307692307693
0.583732057416268
0.5857142857142857
0.5876777251184834
0.589622641509434
0.5915492957746479
0.5934579439252337
0.5953488372093023
0.5972222222222222
0.5990783410138248
0.6009174311926605
0.6027397260273972
0.4907749077490775
0.4944649446494465
0.4981549815498155
0.5018450184501845
0.5055350553505535
0.5073529411764706
0.5091575091575091
0.5109489051094891
0.5127272727272727
0.5144927536231884
0.516245487364621
0.5179856115107914
0.5197132616487455
0.5214285714285715
0.5231316725978647
0.524822695035461
0.5265017667844523
0.528169014084507
0.5298245614035088
0.5314685314685315
0.5331010452961672
0.5347222222222222
0.5363321799307958
0.5379310344827586
0.5395189003436426
0.541095890410959
0.5426621160409556
0.54421768707483
0.5476190476190477
0.5510204081632653
0.5544217687074829
0.5578231292517006
0.5612244897959183
0.564625850340136
0.5680272108843537
0.5714285714285714
0.5748299319727891
1.0
1.0
1.0
1.0
1.0
1.0
1.0
1.0
1.0
1.0
1.0
1.0
1.0
1.0
1.0
1.0
1.0
1.0
1.0
1.0
1.0
1.0
1.0
1.0
1.0
1.0
1.0
1.0
1.0
1.0
0.8378378378378378
0.8648648648648649
0.8918918918918919
0.918918918918919
0.9459459459459459
0.972972972972973
0.9736842105263158
0.9743589743589743
0.975
0.975609756097561
0.9761904761904762
0.9767441860465116
0.9772727272727273
0.9777777777777777
0.9782608695652174
0.9787234042553191
0.9791666666666666
0.9795918367346939
0.98
0.9803921568627451
0.9807692307692307
0.9811320754716981
0.9814814814814815
0.9818181818181818
0.9821428571428571
0.9824561403508771
0.9827586206896551
0.9830508474576272
0.9833333333333333
0.9836065573770492
0.9838709677419355
0.9841269841269841
0.984375
0.9846153846153847
0.9848484848484849
0.9850746268656716
0.9852941176470589
0.9855072463768116
0.9857142857142858
0.9859154929577465
0.9861111111111112
0.9863013698630136
0.47096774193548385
0.47435897435897434
0.47770700636942676
0.4810126582278481
0.48427672955974843
0.4875
0.4906832298136646
0.49382716049382713
0.49693251533742333
0.5
0.503030303030303
0.5060240963855421
0.5089820359281437
0.5119047619047619
0.514792899408284
0.5176470588235295
0.52046783625731
0.5232558139534884
0.5260115606936416
0.5287356321839081
0.5314285714285715
0.5340909090909091
0.536723163841808
0.5393258426966292
0.5418994413407822
0.5444444444444444
0.5469613259668509
0.5494505494505495
0.5519125683060109
0.5543478260869565
0.5567567567567567
0.5591397849462365
0.5614973262032086
0.5638297872340425
0.5661375661375662
0.5684210526315789
0.5706806282722513
0.5729166666666666
0.5751295336787565
0.5773195876288659
0.5794871794871795
0.5816326530612245
0.583756345177665
0.5858585858585859
0.5879396984924623
0.59
0.5920398009950248
0.594059405940594
0.5960591133004927
0.5980392156862745
0.6
0.6019417475728155
0.6038647342995169
0.6057692307692307
0.6076555023923444
0.6095238095238096
0.6113744075829384
0.6132075471698113
0.6150234741784038
0.616822429906542
0.6186046511627907
0.6203703703703703
0.6221198156682027
0.6238532110091743
0.6255707762557078
0.6272727272727273
0.6289592760180995
0.6306306306306306
0.6322869955156951
0.6339285714285714
0.6355555555555555
0.6371681415929203
0.6387665198237885
0.6403508771929824
0.6419213973799127
0.6434782608695652
0.645021645021645
0.646551724137931
0.648068669527897
0.5333333333333333
0.5368421052631579
0.5403508771929825
0.543859649122807
0.5454545454545454
0.5470383275261324
0.5486111111111112
0.5501730103806228
0.5517241379310345
0.5532646048109966
0.5547945205479452
0.5563139931740614
0.5578231292517006
0.559322033898305
0.5608108108108109
0.5622895622895623
0.5637583892617449
0.5652173913043478
0.5666666666666667
0.5681063122923588
0.5695364238410596
0.570957095709571
0.5723684210526315
0.5737704918032787
0.5751633986928104
0.5765472312703583
0.577922077922078
0.5811688311688312
0.5844155844155844
0.5876623376623377
0.5889967637540453
0.5903225806451613
0.5916398713826366
0.594855305466238
0.5980707395498392
0.6012861736334405
0.6025641025641025
0.6038338658146964
0.6050955414012739
0.6063492063492063
0.6075949367088608
0.6088328075709779
0.610062893081761
0.6112852664576802
0.6125
0.6137071651090342
0.6149068322981367
0.6160990712074303
0.6172839506172839
0.6184615384615385
0.5274151436031331
0.5300261096605744
0.5326370757180157
0.5352480417754569
0.5378590078328982
0.5404699738903395
0.5430809399477807
0.5456919060052219
0.5483028720626631
0.5494791666666666
0.5506493506493506
0.5518134715025906
0.5529715762273901
0.5541237113402062
0.5552699228791774
0.5564102564102564
0.5575447570332481
0.5586734693877551
0.5597964376590331
0.5609137055837563
0.5620253164556962
0.5631313131313131
0.5656565656565656
0.5681818181818182
0.5707070707070707
0.5732323232323232
0.5757575757575758
0.5768261964735516
0.5778894472361809
0.5789473684210527
0.58
0.5810473815461347
0.582089552238806
0.5845771144278606
0.5870646766169154
0.5895522388059702
0.5920398009950248
0.5945273631840796
0.5970149253731343
0.599502487562189
0.6004962779156328
0.6014851485148515
0.6039603960396039
0.6049382716049383
0.6059113300492611
0.6068796068796068
0.6078431372549019
0.60880195599022
0.6097560975609756
0.610705596107056
0.6116504854368932
0.612590799031477
0.6135265700483091
0.6144578313253012
0.6153846153846154
0.6163069544364509
0.5797752808988764
0.5807174887892377
0.5816554809843401
0.5825892857142857
0.5835189309576837
0.5844444444444444
0.5853658536585366
0.5862831858407079
0.58719646799117
0.5881057268722467
0.589010989010989
0.5899122807017544
0.5908096280087527
0.5917030567685589
0.5925925925925926
0.5934782608695652
0.5943600867678959
0.5952380952380952
0.5961123110151187
0.5969827586206896
0.5978494623655914
0.5987124463519313
0.5995717344753747
0.6004273504273504
0.6012793176972282
0.6021276595744681
0.6029723991507431
0.6038135593220338
0.6046511627906976
0.6054852320675106
0.6063157894736843
0.6071428571428571
0.6079664570230608
0.608786610878661
0.6096033402922756
0.6104166666666667
0.6112266112266113
0.6120331950207469
0.6128364389233955
0.6136363636363636
0.5559701492537313
0.5578358208955224
0.5597014925373134
0.5615671641791045
0.5634328358208955
0.5652985074626866
0.5671641791044776
0.5690298507462687
0.5708955223880597
0.5716945996275605
0.5735567970204841
0.5743494423791822
0.5762081784386617
0.5780669144981413
0.5799256505576208
0.5817843866171004
0.5836431226765799
0.5855018587360595
0.587360594795539
0.5892193308550185
0.5910780669144982
0.5929368029739777
0.5947955390334573
0.5966542750929368
0.5985130111524164
0.6003717472118959
0.6022304832713755
0.604089219330855
0.6059479553903345
0.6078066914498141
0.6096654275092936
0.6115241635687733
0.6133828996282528
0.6152416356877324
0.6159554730983302
0.6166666666666667
0.6173752310536045
0.6180811808118081
0.6187845303867403
0.6194852941176471
0.6213235294117647
0.6231617647058824
0.6238532110091743
0.6256880733944954
0.6263736263736264
0.6270566727605119
0.6277372262773723
0.6284153005464481
0.6290909090909091
0.6297640653357531
0.6304347826086957
0.6322463768115942
0.6340579710144928
0.6358695652173914
0.6376811594202898
0.6383363471971067
0.6389891696750902
0.6396396396396397
0.6402877697841727
0.6409335727109515
1.0
1.0
1.0
0.2
0.25
0.3
0.3333333333333333
0.36363636363636365
0.391304347826087
0.4166666666666667
0.44
0.46153846153846156
0.48148148148148145
0.5
0.5172413793103449
0.5333333333333333
0.5483870967741935
0.5625
0.5757575757575758
0.5882352941176471
0.5121951219512195
0.5365853658536586
0.5609756097560976
0.5853658536585366
0.6097560975609756
0.6341463414634146
0.6428571428571429
0.6511627906976745
0.6590909090909091
0.6666666666666666
0.6739130434782609
0.6808510638297872
0.6875
0.6938775510204082
0.7
0.7058823529411765
0.7115384615384616
0.7169811320754716
0.7358490566037735
0.7547169811320755
0.7735849056603774
0.7777777777777778
0.7818181818181819
0.7857142857142857
0.8035714285714286
0.8214285714285714
0.8392857142857143
0.8571428571428571
0.875
0.8771929824561403
0.8793103448275862
0.8813559322033898
0.8833333333333333
0.8852459016393442
0.8870967741935484
0.8888888888888888
0.890625
0.8923076923076924
0.8939393939393939
0.8955223880597015
0.8970588235294118
0.8985507246376812
0.9
0.9014084507042254
0.9027777777777778
0.9041095890410958
0.9054054054054054
0.9066666666666666
0.4394904458598726
0.445859872611465
0.44936708860759494
0.4528301886792453
0.45625
0.45962732919254656
0.46296296296296297
0.4662576687116564
0.4695121951219512
0.4727272727272727
0.4759036144578313
0.47904191616766467
0.48214285714285715
0.48520710059171596
0.48823529411764705
0.49122807017543857
0.4941860465116279
0.49710982658959535
0.5
0.5028571428571429
0.5056818181818182
0.5084745762711864
0.5112359550561798
0.5139664804469274
0.5166666666666667
0.5193370165745856
0.521978021978022
0.5245901639344263
0.5271739130434783
0.5297297297297298
0.532258064516129
0.5347593582887701
0.5372340425531915
0.5396825396825397
0.5421052631578948
0.5445026178010471
0.546875
0.5492227979274611
0.5515463917525774
0.5538461538461539
0.5561224489795918
0.5583756345177665
0.5606060606060606
0.5628140703517588
0.565
0.5671641791044776
0.5693069306930693
0.5714285714285714
0.5735294117647058
0.5756097560975609
0.5776699029126213
0.5797101449275363
0.5817307692307693
0.583732057416268
0.5857142857142857
0.5876777251184834
0.589622641509434
0.5915492957746479
0.5934579439252337
0.5953488372093023
0.5972222222222222
0.5990783410138248
0.6009174311926605
0.6027397260273972
0.4907749077490775
0.4944649446494465
0.4981549815498155
0.5018450184501845
0.5055350553505535
0.5073529411764706
0.5091575091575091
0.5109489051094891
0.5127272727272727
0.5144927536231884
0.516245487364621
0.5179856115107914
0.5197132616487455
0.5214285714285715
0.5231316725978647
0.524822695035461
0.5265017667844523
0.528169014084507
0.5298245614035088
0.5314685314685315
0.5331010452961672
0.5347222222222222
0.5363321799307958
0.5379310344827586
0.5395189003436426
0.541095890410959
0.5426621160409556
0.54421768707483
0.5476190476190477
0.5510204081632653
0.5544217687074829
0.5578231292517006
0.5612244897959183
0.564625850340136
0.5680272108843537
0.5714285714285714
0.5748299319727891
1.0
1.0
1.0
1.0
1.0
1.0
1.0
1.0
1.0
1.0
1.0
1.0
1.0
1.0
1.0
1.0
1.0
1.0
1.0
1.0
1.0
1.0
1.0
1.0
1.0
1.0
1.0
1.0
1.0
1.0
0.8378378378378378
0.8648648648648649
0.8918918918918919
0.918918918918919
0.9459459459459459
0.972972972972973
0.9736842105263158
0.9743589743589743
0.975
0.975609756097561
0.9761904761904762
0.9767441860465116
0.9772727272727273
0.9777777777777777
0.9782608695652174
0.9787234042553191
0.9791666666666666
0.9795918367346939
0.98
0.9803921568627451
0.9807692307692307
0.9811320754716981
0.9814814814814815
0.9818181818181818
0.9821428571428571
0.9824561403508771
0.9827586206896551
0.9830508474576272
0.9833333333333333
0.9836065573770492
0.9838709677419355
0.9841269841269841
0.984375
0.9846153846153847
0.9848484848484849
0.9850746268656716
0.9852941176470589
0.9855072463768116
0.9857142857142858
0.9859154929577465
0.9861111111111112
0.9863013698630136
0.47096774193548385
0.47435897435897434
0.47770700636942676
0.4810126582278481
0.48427672955974843
0.4875
0.4906832298136646
0.49382716049382713
0.49693251533742333
0.5
0.503030303030303
0.5060240963855421
0.5089820359281437
0.5119047619047619
0.514792899408284
0.5176470588235295
0.52046783625731
0.5232558139534884
0.5260115606936416
0.5287356321839081
0.5314285714285715
0.5340909090909091
0.536723163841808
0.5393258426966292
0.5418994413407822
0.5444444444444444
0.5469613259668509
0.5494505494505495
0.5519125683060109
0.5543478260869565
0.5567567567567567
0.5591397849462365
0.5614973262032086
0.5638297872340425
0.5661375661375662
0.5684210526315789
0.5706806282722513
0.5729166666666666
0.5751295336787565
0.5773195876288659
0.5794871794871795
0.5816326530612245
0.583756345177665
0.5858585858585859
0.5879396984924623
0.59
0.5920398009950248
0.594059405940594
0.5960591133004927
0.5980392156862745
0.6
0.6019417475728155
0.6038647342995169
0.6057692307692307
0.6076555023923444
0.6095238095238096
0.6113744075829384
0.6132075471698113
0.6150234741784038
0.616822429906542
0.6186046511627907
0.6203703703703703
0.6221198156682027
0.6238532110091743
0.6255707762557078
0.6272727272727273
0.6289592760180995
0.6306306306306306
0.6322869955156951
0.6339285714285714
0.6355555555555555
0.6371681415929203
0.6387665198237885
0.6403508771929824
0.6419213973799127
0.6434782608695652
0.645021645021645
0.646551724137931
0.648068669527897
0.5333333333333333
0.5368421052631579
0.5403508771929825
0.543859649122807
0.5454545454545454
0.5470383275261324
0.5486111111111112
0.5501730103806228
0.5517241379310345
0.5532646048109966
0.5547945205479452
0.5563139931740614
0.5578231292517006
0.559322033898305
0.5608108108108109
0.5622895622895623
0.5637583892617449
0.5652173913043478
0.5666666666666667
0.5681063122923588
0.5695364238410596
0.570957095709571
0.5723684210526315
0.5737704918032787
0.5751633986928104
0.5765472312703583
0.577922077922078
0.5811688311688312
0.5844155844155844
0.5876623376623377
0.5889967637540453
0.5903225806451613
0.5916398713826366
0.594855305466238
0.5980707395498392
0.6012861736334405
0.6025641025641025
0.6038338658146964
0.6050955414012739
0.6063492063492063
0.6075949367088608
0.6088328075709779
0.610062893081761
0.6112852664576802
0.6125
0.6137071651090342
0.6149068322981367
0.6160990712074303
0.6172839506172839
0.6184615384615385
0.5274151436031331
0.5300261096605744
0.5326370757180157
0.5352480417754569
0.5378590078328982
0.5404699738903395
0.5430809399477807
0.5456919060052219
0.5483028720626631
0.5494791666666666
0.5506493506493506
0.5518134715025906
0.5529715762273901
0.5541237113402062
0.5552699228791774
0.5564102564102564
0.5575447570332481
0.5586734693877551
0.5597964376590331
0.5609137055837563
0.5620253164556962
0.5631313131313131
0.5656565656565656
0.5681818181818182
0.5707070707070707
0.5732323232323232
0.5757575757575758
0.5768261964735516
0.5778894472361809
0.5789473684210527
0.58
0.5810473815461347
0.582089552238806
0.5845771144278606
0.5870646766169154
0.5895522388059702
0.5920398009950248
0.5945273631840796
0.5970149253731343
0.599502487562189
0.6004962779156328
0.6014851485148515
0.6039603960396039
0.6049382716049383
0.6059113300492611
0.6068796068796068
0.6078431372549019
0.60880195599022
0.6097560975609756
0.610705596107056
0.6116504854368932
0.612590799031477
0.6135265700483091
0.6144578313253012
0.6153846153846154
0.6163069544364509
0.5797752808988764
0.5807174887892377
0.5816554809843401
0.5825892857142857
0.5835189309576837
0.5844444444444444
0.5853658536585366
0.5862831858407079
0.58719646799117
0.5881057268722467
0.589010989010989
0.5899122807017544
0.5908096280087527
0.5917030567685589
0.5925925925925926
0.5934782608695652
0.5943600867678959
0.5952380952380952
0.5961123110151187
0.5969827586206896
0.5978494623655914
0.5987124463519313
0.5995717344753747
0.6004273504273504
0.6012793176972282
0.6021276595744681
0.6029723991507431
0.6038135593220338
0.6046511627906976
0.6054852320675106
0.6063157894736843
0.6071428571428571
0.6079664570230608
0.608786610878661
0.6096033402922756
0.6104166666666667
0.6112266112266113
0.6120331950207469
0.6128364389233955
0.6136363636363636
0.5559701492537313
0.5578358208955224
0.5597014925373134
0.5615671641791045
0.5634328358208955
0.5652985074626866
0.5671641791044776
0.5690298507462687
0.5708955223880597
0.5716945996275605
0.5735567970204841
0.5743494423791822
0.5762081784386617
0.5780669144981413
0.5799256505576208
0.5817843866171004
0.5836431226765799
0.5855018587360595
0.587360594795539
0.5892193308550185
0.5910780669144982
0.5929368029739777
0.5947955390334573
0.5966542750929368
0.5985130111524164
0.6003717472118959
0.6022304832713755
0.604089219330855
0.6059479553903345
0.6078066914498141
0.6096654275092936
0.6115241635687733
0.6133828996282528
0.6152416356877324
0.6159554730983302
0.6166666666666667
0.6173752310536045
0.6180811808118081
0.6187845303867403
0.6194852941176471
0.6213235294117647
0.6231617647058824
0.6238532110091743
0.6256880733944954
0.6263736263736264
0.6270566727605119
0.6277372262773723
0.6284153005464481
0.6290909090909091
0.6297640653357531
0.6304347826086957
0.6322463768115942
0.6340579710144928
0.6358695652173914
0.6376811594202898
0.6383363471971067
0.6389891696750902
0.6396396396396397
0.6402877697841727
0.6409335727109515
1.0
1.0
1.0
1.0
1.0
1.0
0.2
0.25
0.3
0.3333333333333333
0.36363636363636365
0.391304347826087
0.4166666666666667
0.44
0.46153846153846156
0.48148148148148145
0.5
0.5172413793103449
0.5333333333333333
0.5483870967741935
0.5625
0.5757575757575758
0.5882352941176471
0.5121951219512195
0.5365853658536586
0.5609756097560976
0.5853658536585366
0.6097560975609756
0.6341463414634146
0.6428571428571429
0.6511627906976745
0.6590909090909091
0.6666666666666666
0.6739130434782609
0.6808510638297872
0.6875
0.6938775510204082
0.7
0.7058823529411765
0.7115384615384616
0.7169811320754716
0.7358490566037735
0.7547169811320755
0.7735849056603774
0.7777777777777778
0.7818181818181819
0.7857142857142857
0.8035714285714286
0.8214285714285714
0.8392857142857143
0.8571428571428571
0.875
0.8771929824561403
0.8793103448275862
0.8813559322033898
0.8833333333333333
0.8852459016393442
0.8870967741935484
0.8888888888888888
0.890625
0.8923076923076924
0.8939393939393939
0.8955223880597015
0.8970588235294118
0.8985507246376812
0.9
0.9014084507042254
0.9027777777777778
0.9041095890410958
0.9054054054054054
0.9066666666666666
0.4394904458598726
0.445859872611465
0.44936708860759494
0.4528301886792453
0.45625
0.45962732919254656
0.46296296296296297
0.4662576687116564
0.4695121951219512
0.4727272727272727
0.4759036144578313
0.47904191616766467
0.48214285714285715
0.48520710059171596
0.48823529411764705
0.49122807017543857
0.4941860465116279
0.49710982658959535
0.5
0.5028571428571429
0.5056818181818182
0.5084745762711864
0.5112359550561798
0.5139664804469274
0.5166666666666667
0.5193370165745856
0.521978021978022
0.5245901639344263
0.5271739130434783
0.5297297297297298
0.532258064516129
0.5347593582887701
0.5372340425531915
0.5396825396825397
0.5421052631578948
0.5445026178010471
0.546875
0.5492227979274611
0.5515463917525774
0.5538461538461539
0.5561224489795918
0.5583756345177665
0.5606060606060606
0.5628140703517588
0.565
0.5671641791044776
0.5693069306930693
0.5714285714285714
0.5735294117647058
0.5756097560975609
0.5776699029126213
0.5797101449275363
0.5817307692307693
0.583732057416268
0.5857142857142857
0.5876777251184834
0.589622641509434
0.5915492957746479
0.5934579439252337
0.5953488372093023
0.5972222222222222
0.5990783410138248
0.6009174311926605
0.6027397260273972
0.4907749077490775
0.4944649446494465
0.4981549815498155
0.5018450184501845
0.5055350553505535
0.5073529411764706
0.5091575091575091
0.5109489051094891
0.5127272727272727
0.5144927536231884
0.516245487364621
0.5179856115107914
0.5197132616487455
0.5214285714285715
0.5231316725978647
0.524822695035461
0.5265017667844523
0.528169014084507
0.5298245614035088
0.5314685314685315
0.5331010452961672
0.5347222222222222
0.5363321799307958
0.5379310344827586
0.5395189003436426
0.541095890410959
0.5426621160409556
0.54421768707483
0.5476190476190477
0.5510204081632653
0.5544217687074829
0.5578231292517006
0.5612244897959183
0.564625850340136
0.5680272108843537
0.5714285714285714
0.5748299319727891
1.0
1.0
1.0
1.0
1.0
1.0
1.0
1.0
1.0
1.0
1.0
1.0
1.0
1.0
1.0
1.0
1.0
1.0
1.0
1.0
1.0
1.0
1.0
1.0
1.0
1.0
1.0
1.0
1.0
1.0
1.0
1.0
1.0
1.0
1.0
1.0
1.0
1.0
1.0
1.0
1.0
1.0
1.0
1.0
1.0
1.0
1.0
1.0
1.0
1.0
1.0
1.0
1.0
1.0
1.0
1.0
1.0
1.0
1.0
1.0
1.0
1.0
1.0
1.0
1.0
1.0
1.0
1.0
1.0
1.0
1.0
1.0
1.0
1.0
1.0
1.0
1.0
1.0
1.0
1.0
1.0
1.0
1.0
1.0
1.0
1.0
1.0
1.0
1.0
1.0
1.0
1.0
1.0
1.0
1.0
1.0
1.0
1.0
1.0
1.0
1.0
1.0
1.0
1.0
1.0
1.0
1.0
1.0
1.0
1.0
1.0
1.0
1.0
1.0
1.0
1.0
1.0
1.0
1.0
1.0
1.0
1.0
1.0
1.0
1.0
1.0
1.0
1.0
1.0
1.0
1.0
1.0
1.0
1.0
1.0
1.0
1.0
1.0
1.0
1.0
1.0
1.0
1.0
1.0
1.0
1.0
1.0
1.0
1.0
1.0
1.0
1.0
1.0
1.0
1.0
1.0
1.0
1.0
1.0
1.0
1.0
1.0
1.0
1.0
1.0
1.0
1.0
1.0
1.0
1.0
1.0
1.0
1.0
1.0
1.0
1.0
1.0
1.0
1.0
1.0
1.0
1.0
1.0
1.0
1.0
1.0
1.0
1.0
1.0
1.0
1.0
1.0
1.0
1.0
1.0
1.0
1.0
1.0
1.0
1.0
1.0
1.0
1.0
1.0
1.0
1.0
1.0
1.0
1.0
1.0
1.0
1.0
1.0
1.0
1.0
1.0
1.0
1.0
1.0
1.0
1.0
1.0
1.0
1.0
1.0
1.0
1.0
1.0
1.0
1.0
1.0
1.0
1.0
1.0
1.0
1.0
1.0
1.0
1.0
1.0
1.0
1.0
1.0
1.0
1.0
1.0
1.0
1.0
1.0
1.0
1.0
1.0
1.0
1.0
1.0
1.0
1.0
1.0
1.0
1.0
1.0
1.0
1.0
1.0
1.0
1.0
1.0
1.0
1.0
1.0
1.0
1.0
1.0
1.0
1.0
1.0
1.0
1.0
1.0
1.0
1.0
1.0
1.0
1.0
1.0
1.0
1.0
1.0
1.0
1.0
1.0
1.0
1.0
1.0
1.0
1.0
1.0
1.0
1.0
1.0
1.0
1.0
1.0
1.0
1.0
1.0
1.0
1.0
1.0
1.0
1.0
1.0
1.0
1.0
1.0
1.0
1.0
1.0
1.0
1.0
1.0
1.0
1.0
1.0
1.0
1.0
1.0
1.0
1.0
1.0
1.0
1.0
1.0
1.0
1.0
1.0
1.0
1.0
1.0
1.0
1.0
1.0
1.0
1.0
1.0
1.0
1.0
1.0
1.0
1.0
1.0
1.0
1.0
1.0
1.0
1.0
1.0
0.9972144846796658
1.0
1.0
1.0
1.0
1.0
1.0
1.0
1.0
1.0
1.0
1.0
1.0
1.0
1.0
1.0
1.0
1.0
1.0
1.0
1.0
1.0
1.0
1.0
1.0
1.0
1.0
1.0
1.0
1.0
1.0
1.0
0.8378378378378378
0.8648648648648649
0.8918918918918919
0.918918918918919
0.9459459459459459
0.972972972972973
0.9736842105263158
0.9743589743589743
0.975
0.975609756097561
0.9761904761904762
0.9767441860465116
0.9772727272727273
0.9777777777777777
0.9782608695652174
0.9787234042553191
0.9791666666666666
0.9795918367346939
0.98
0.9803921568627451
0.9807692307692307
0.9811320754716981
0.9814814814814815
0.9818181818181818
0.9821428571428571
0.9824561403508771
0.9827586206896551
0.9830508474576272
0.9833333333333333
0.9836065573770492
0.9838709677419355
0.9841269841269841
0.984375
0.9846153846153847
0.9848484848484849
0.9850746268656716
0.9852941176470589
0.9855072463768116
0.9857142857142858
0.9859154929577465
0.9861111111111112
0.9863013698630136
0.47096774193548385
0.47435897435897434
0.47770700636942676
0.4810126582278481
0.48427672955974843
0.4875
0.4906832298136646
0.49382716049382713
0.49693251533742333
0.5
0.503030303030303
0.5060240963855421
0.5089820359281437
0.5119047619047619
0.514792899408284
0.5176470588235295
0.52046783625731
0.5232558139534884
0.5260115606936416
0.5287356321839081
0.5314285714285715
0.5340909090909091
0.536723163841808
0.5393258426966292
0.5418994413407822
0.5444444444444444
0.5469613259668509
0.5494505494505495
0.5519125683060109
0.5543478260869565
0.5567567567567567
0.5591397849462365
0.5614973262032086
0.5638297872340425
0.5661375661375662
0.5684210526315789
0.5706806282722513
0.5729166666666666
0.5751295336787565
0.5773195876288659
0.5794871794871795
0.5816326530612245
0.583756345177665
0.5858585858585859
0.5879396984924623
0.59
0.5920398009950248
0.594059405940594
0.5960591133004927
0.5980392156862745
0.6
0.6019417475728155
0.6038647342995169
0.6057692307692307
0.6076555023923444
0.6095238095238096
0.6113744075829384
0.6132075471698113
0.6150234741784038
0.616822429906542
0.6186046511627907
0.6203703703703703
0.6221198156682027
0.6238532110091743
0.6255707762557078
0.6272727272727273
0.6289592760180995
0.6306306306306306
0.6322869955156951
0.6339285714285714
0.6355555555555555
0.6371681415929203
0.6387665198237885
0.6403508771929824
0.6419213973799127
0.6434782608695652
0.645021645021645
0.646551724137931
0.648068669527897
0.5333333333333333
0.5368421052631579
0.5403508771929825
0.543859649122807
0.5454545454545454
0.5470383275261324
0.5486111111111112
0.5501730103806228
0.5517241379310345
0.5532646048109966
0.5547945205479452
0.5563139931740614
0.5578231292517006
0.559322033898305
0.5608108108108109
0.5622895622895623
0.5637583892617449
0.5652173913043478
0.5666666666666667
0.5681063122923588
0.5695364238410596
0.570957095709571
0.5723684210526315
0.5737704918032787
0.5751633986928104
0.5765472312703583
0.577922077922078
0.5811688311688312
0.5844155844155844
0.5876623376623377
0.5889967637540453
0.5903225806451613
0.5916398713826366
0.594855305466238
0.5980707395498392
0.6012861736334405
0.6025641025641025
0.6038338658146964
0.6050955414012739
0.6063492063492063
0.6075949367088608
0.6088328075709779
0.610062893081761
0.6112852664576802
0.6125
0.6137071651090342
0.6149068322981367
0.6160990712074303
0.6172839506172839
0.6184615384615385
0.5274151436031331
0.5300261096605744
0.5326370757180157
0.5352480417754569
0.5378590078328982
0.5404699738903395
0.5430809399477807
0.5456919060052219
0.5483028720626631
0.5494791666666666
0.5506493506493506
0.5518134715025906
0.5529715762273901
0.5541237113402062
0.5552699228791774
0.5564102564102564
0.5575447570332481
0.5586734693877551
0.5597964376590331
0.5609137055837563
0.5620253164556962
0.5631313131313131
0.5656565656565656
0.5681818181818182
0.5707070707070707
0.5732323232323232
0.5757575757575758
0.5768261964735516
0.5778894472361809
0.5789473684210527
0.58
0.5810473815461347
0.582089552238806
0.5845771144278606
0.5870646766169154
0.5895522388059702
0.5920398009950248
0.5945273631840796
0.5970149253731343
0.599502487562189
0.6004962779156328
0.6014851485148515
0.6039603960396039
0.6049382716049383
0.6059113300492611
0.6068796068796068
0.6078431372549019
0.60880195599022
0.6097560975609756
0.610705596107056
0.6116504854368932
0.612590799031477
0.6135265700483091
0.6144578313253012
0.6153846153846154
0.6163069544364509
0.5797752808988764
0.5807174887892377
0.5816554809843401
0.5825892857142857
0.5835189309576837
0.5844444444444444
0.5853658536585366
0.5862831858407079
0.58719646799117
0.5881057268722467
0.589010989010989
0.5899122807017544
0.5908096280087527
0.5917030567685589
0.5925925925925926
0.5934782608695652
0.5943600867678959
0.5952380952380952
0.5961123110151187
0.5969827586206896
0.5978494623655914
0.5987124463519313
0.5995717344753747
0.6004273504273504
0.6012793176972282
0.6021276595744681
0.6029723991507431
0.6038135593220338
0.6046511627906976
0.6054852320675106
0.6063157894736843
0.6071428571428571
0.6079664570230608
0.608786610878661
0.6096033402922756
0.6104166666666667
0.6112266112266113
0.6120331950207469
0.6128364389233955
0.6136363636363636
0.5559701492537313
0.5578358208955224
0.5597014925373134
0.5615671641791045
0.5634328358208955
0.5652985074626866
0.5671641791044776
0.5690298507462687
0.5708955223880597
0.5716945996275605
0.5735567970204841
0.5743494423791822
0.5762081784386617
0.5780669144981413
0.5799256505576208
0.5817843866171004
0.5836431226765799
0.5855018587360595
0.587360594795539
0.5892193308550185
0.5910780669144982
0.5929368029739777
0.5947955390334573
0.5966542750929368
0.5985130111524164
0.6003717472118959
0.6022304832713755
0.604089219330855
0.6059479553903345
0.6078066914498141
0.6096654275092936
0.6115241635687733
0.6133828996282528
0.6152416356877324
0.6159554730983302
0.6166666666666667
0.6173752310536045
0.6180811808118081
0.6187845303867403
0.6194852941176471
0.6213235294117647
0.6231617647058824
0.6238532110091743
0.6256880733944954
0.6263736263736264
0.6270566727605119
0.6277372262773723
0.6284153005464481
0.6290909090909091
0.6297640653357531
0.6304347826086957
0.6322463768115942
0.6340579710144928
0.6358695652173914
0.6376811594202898
0.6383363471971067
0.6389891696750902
0.6396396396396397
0.6402877697841727
0.6409335727109515
1.0
1.0
1.0
0.2
0.25
0.3
0.3333333333333333
0.36363636363636365
0.391304347826087
0.4166666666666667
0.44
0.46153846153846156
0.48148148148148145
0.5
0.5172413793103449
0.5333333333333333
0.5483870967741935
0.5625
0.5757575757575758
0.5882352941176471
0.5121951219512195
0.5365853658536586
0.5609756097560976
0.5853658536585366
0.6097560975609756
0.6341463414634146
0.6428571428571429
0.6511627906976745
0.6590909090909091
0.6666666666666666
0.6739130434782609
0.6808510638297872
0.6875
0.6938775510204082
0.7
0.7058823529411765
0.7115384615384616
0.7169811320754716
0.7358490566037735
0.7547169811320755
0.7735849056603774
0.7777777777777778
0.7818181818181819
0.7857142857142857
0.8035714285714286
0.8214285714285714
0.8392857142857143
0.8571428571428571
0.875
0.8771929824561403
0.8793103448275862
0.8813559322033898
0.8833333333333333
0.8852459016393442
0.8870967741935484
0.8888888888888888
0.890625
0.8923076923076924
0.8939393939393939
0.8955223880597015
0.8970588235294118
0.8985507246376812
0.9
0.9014084507042254
0.9027777777777778
0.9041095890410958
0.9054054054054054
0.9066666666666666
0.4394904458598726
0.445859872611465
0.44936708860759494
0.4528301886792453
0.45625
0.45962732919254656
0.46296296296296297
0.4662576687116564
0.4695121951219512
0.4727272727272727
0.4759036144578313
0.47904191616766467
0.48214285714285715
0.48520710059171596
0.48823529411764705
0.49122807017543857
0.4941860465116279
0.49710982658959535
0.5
0.5028571428571429
0.5056818181818182
0.5084745762711864
0.5112359550561798
0.5139664804469274
0.5166666666666667
0.5193370165745856
0.521978021978022
0.5245901639344263
0.5271739130434783
0.5297297297297298
0.532258064516129
0.5347593582887701
0.5372340425531915
0.5396825396825397
0.5421052631578948
0.5445026178010471
0.546875
0.5492227979274611
0.5515463917525774
0.5538461538461539
0.5561224489795918
0.5583756345177665
0.5606060606060606
0.5628140703517588
0.565
0.5671641791044776
0.5693069306930693
0.5714285714285714
0.5735294117647058
0.5756097560975609
0.5776699029126213
0.5797101449275363
0.5817307692307693
0.583732057416268
0.5857142857142857
0.5876777251184834
0.589622641509434
0.5915492957746479
0.5934579439252337
0.5953488372093023
0.5972222222222222
0.5990783410138248
0.6009174311926605
0.6027397260273972
0.4907749077490775
0.4944649446494465
0.4981549815498155
0.5018450184501845
0.5055350553505535
0.5073529411764706
0.5091575091575091
0.5109489051094891
0.5127272727272727
0.5144927536231884
0.516245487364621
0.5179856115107914
0.5197132616487455
0.5214285714285715
0.5231316725978647
0.524822695035461
0.5265017667844523
0.528169014084507
0.5298245614035088
0.5314685314685315
0.5331010452961672
0.5347222222222222
0.5363321799307958
0.5379310344827586
0.5395189003436426
0.541095890410959
0.5426621160409556
0.54421768707483
0.5476190476190477
0.5510204081632653
0.5544217687074829
0.5578231292517006
0.5612244897959183
0.564625850340136
0.5680272108843537
0.5714285714285714
0.5748299319727891
1.0
1.0
1.0
1.0
1.0
1.0
1.0
1.0
1.0
1.0
1.0
1.0
1.0
1.0
1.0
1.0
1.0
1.0
1.0
1.0
1.0
1.0
1.0
1.0
1.0
1.0
1.0
1.0
1.0
1.0
0.8378378378378378
0.8648648648648649
0.8918918918918919
0.918918918918919
0.9459459459459459
0.972972972972973
0.9736842105263158
0.9743589743589743
0.975
0.975609756097561
0.9761904761904762
0.9767441860465116
0.9772727272727273
0.9777777777777777
0.9782608695652174
0.9787234042553191
0.9791666666666666
0.9795918367346939
0.98
0.9803921568627451
0.9807692307692307
0.9811320754716981
0.9814814814814815
0.9818181818181818
0.9821428571428571
0.9824561403508771
0.9827586206896551
0.9830508474576272
0.9833333333333333
0.9836065573770492
0.9838709677419355
0.9841269841269841
0.984375
0.9846153846153847
0.9848484848484849
0.9850746268656716
0.9852941176470589
0.9855072463768116
0.9857142857142858
0.9859154929577465
0.9861111111111112
0.9863013698630136
0.47096774193548385
0.47435897435897434
0.47770700636942676
0.4810126582278481
0.48427672955974843
0.4875
0.4906832298136646
0.49382716049382713
0.49693251533742333
0.5
0.503030303030303
0.5060240963855421
0.5089820359281437
0.5119047619047619
0.514792899408284
0.5176470588235295
0.52046783625731
0.5232558139534884
0.5260115606936416
0.5287356321839081
0.5314285714285715
0.5340909090909091
0.536723163841808
0.5393258426966292
0.5418994413407822
0.5444444444444444
0.5469613259668509
0.5494505494505495
0.5519125683060109
0.5543478260869565
0.5567567567567567
0.5591397849462365
0.5614973262032086
0.5638297872340425
0.5661375661375662
0.5684210526315789
0.5706806282722513
0.5729166666666666
0.5751295336787565
0.5773195876288659
0.5794871794871795
0.5816326530612245
0.583756345177665
0.5858585858585859
0.5879396984924623
0.59
0.5920398009950248
0.594059405940594
0.5960591133004927
0.5980392156862745
0.6
0.6019417475728155
0.6038647342995169
0.6057692307692307
0.6076555023923444
0.6095238095238096
0.6113744075829384
0.6132075471698113
0.6150234741784038
0.616822429906542
0.6186046511627907
0.6203703703703703
0.6221198156682027
0.6238532110091743
0.6255707762557078
0.6272727272727273
0.6289592760180995
0.6306306306306306
0.6322869955156951
0.6339285714285714
0.6355555555555555
0.6371681415929203
0.6387665198237885
0.6403508771929824
0.6419213973799127
0.6434782608695652
0.645021645021645
0.646551724137931
0.648068669527897
0.5333333333333333
0.5368421052631579
0.5403508771929825
0.543859649122807
0.5454545454545454
0.5470383275261324
0.5486111111111112
0.5501730103806228
0.5517241379310345
0.5532646048109966
0.5547945205479452
0.5563139931740614
0.5578231292517006
0.559322033898305
0.5608108108108109
0.5622895622895623
0.5637583892617449
0.5652173913043478
0.5666666666666667
0.5681063122923588
0.5695364238410596
0.570957095709571
0.5723684210526315
0.5737704918032787
0.5751633986928104
0.5765472312703583
0.577922077922078
0.5811688311688312
0.5844155844155844
0.5876623376623377
0.5889967637540453
0.5903225806451613
0.5916398713826366
0.594855305466238
0.5980707395498392
0.6012861736334405
0.6025641025641025
0.6038338658146964
0.6050955414012739
0.6063492063492063
0.6075949367088608
0.6088328075709779
0.610062893081761
0.6112852664576802
0.6125
0.6137071651090342
0.6149068322981367
0.6160990712074303
0.6172839506172839
0.6184615384615385
0.5274151436031331
0.5300261096605744
0.5326370757180157
0.5352480417754569
0.5378590078328982
0.5404699738903395
0.5430809399477807
0.5456919060052219
0.5483028720626631
0.5494791666666666
0.5506493506493506
0.5518134715025906
0.5529715762273901
0.5541237113402062
0.5552699228791774
0.5564102564102564
0.5575447570332481
0.5586734693877551
0.5597964376590331
0.5609137055837563
0.5620253164556962
0.5631313131313131
0.5656565656565656
0.5681818181818182
0.5707070707070707
0.5732323232323232
0.5757575757575758
0.5768261964735516
0.5778894472361809
0.5789473684210527
0.58
0.5810473815461347
0.582089552238806
0.5845771144278606
0.5870646766169154
0.5895522388059702
0.5920398009950248
0.5945273631840796
0.5970149253731343
0.599502487562189
0.6004962779156328
0.6014851485148515
0.6039603960396039
0.6049382716049383
0.6059113300492611
0.6068796068796068
0.6078431372549019
0.60880195599022
0.6097560975609756
0.610705596107056
0.6116504854368932
0.612590799031477
0.6135265700483091
0.6144578313253012
0.6153846153846154
0.6163069544364509
0.5797752808988764
0.5807174887892377
0.5816554809843401
0.5825892857142857
0.5835189309576837
0.5844444444444444
0.5853658536585366
0.5862831858407079
0.58719646799117
0.5881057268722467
0.589010989010989
0.5899122807017544
0.5908096280087527
0.5917030567685589
0.5925925925925926
0.5934782608695652
0.5943600867678959
0.5952380952380952
0.5961123110151187
0.5969827586206896
0.5978494623655914
0.5987124463519313
0.5995717344753747
0.6004273504273504
0.6012793176972282
0.6021276595744681
0.6029723991507431
0.6038135593220338
0.6046511627906976
0.6054852320675106
0.6063157894736843
0.6071428571428571
0.6079664570230608
0.608786610878661
0.6096033402922756
0.6104166666666667
0.6112266112266113
0.6120331950207469
0.6128364389233955
0.6136363636363636
0.5559701492537313
0.5578358208955224
0.5597014925373134
0.5615671641791045
0.5634328358208955
0.5652985074626866
0.5671641791044776
0.5690298507462687
0.5708955223880597
0.5716945996275605
0.5735567970204841
0.5743494423791822
0.5762081784386617
0.5780669144981413
0.5799256505576208
0.5817843866171004
0.5836431226765799
0.5855018587360595
0.587360594795539
0.5892193308550185
0.5910780669144982
0.5929368029739777
0.5947955390334573
0.5966542750929368
0.5985130111524164
0.6003717472118959
0.6022304832713755
0.604089219330855
0.6059479553903345
0.6078066914498141
0.6096654275092936
0.6115241635687733
0.6133828996282528
0.6152416356877324
0.6159554730983302
0.6166666666666667
0.6173752310536045
0.6180811808118081
0.6187845303867403
0.6194852941176471
0.6213235294117647
0.6231617647058824
0.6238532110091743
0.6256880733944954
0.6263736263736264
0.6270566727605119
0.6277372262773723
0.6284153005464481
0.6290909090909091
0.6297640653357531
0.6304347826086957
0.6322463768115942
0.6340579710144928
0.6358695652173914
0.6376811594202898
0.6383363471971067
0.6389891696750902
0.6396396396396397
0.6402877697841727
0.6409335727109515
1.0
1.0
1.0
0.2
0.25
0.3
0.3333333333333333
0.36363636363636365
0.391304347826087
0.4166666666666667
0.44
0.46153846153846156
0.48148148148148145
0.5
0.5172413793103449
0.5333333333333333
0.5483870967741935
0.5625
0.5757575757575758
0.5882352941176471
1.0
1.0
1.0
0.2
0.25
0.3
0.3333333333333333
0.36363636363636365
0.391304347826087
0.4166666666666667
0.44
0.46153846153846156
0.48148148148148145
0.5
0.5172413793103449
0.5333333333333333
0.5483870967741935
0.5625
0.5757575757575758
0.5882352941176471
0.5121951219512195
0.5365853658536586
0.5609756097560976
0.5853658536585366
0.6097560975609756
0.6341463414634146
0.6428571428571429
0.6511627906976745
0.6590909090909091
0.6666666666666666
0.6739130434782609
0.6808510638297872
0.6875
0.6938775510204082
0.7
0.7058823529411765
0.7115384615384616
0.7169811320754716
0.7358490566037735
0.7547169811320755
0.7735849056603774
0.7777777777777778
0.7818181818181819
0.7857142857142857
0.8035714285714286
0.8214285714285714
0.8392857142857143
0.8571428571428571
0.875
0.8771929824561403
0.8793103448275862
0.8813559322033898
0.8833333333333333
0.8852459016393442
0.8870967741935484
0.8888888888888888
0.890625
0.8923076923076924
0.8939393939393939
0.8955223880597015
0.8970588235294118
0.8985507246376812
0.9
0.9014084507042254
0.9027777777777778
0.9041095890410958
0.9054054054054054
0.9066666666666666
0.4394904458598726
0.445859872611465
0.44936708860759494
0.4528301886792453
0.45625
0.45962732919254656
0.46296296296296297
0.4662576687116564
0.4695121951219512
0.4727272727272727
0.4759036144578313
0.47904191616766467
0.48214285714285715
0.48520710059171596
0.48823529411764705
0.49122807017543857
0.4941860465116279
0.49710982658959535
0.5
0.5028571428571429
0.5056818181818182
0.5084745762711864
0.5112359550561798
0.5139664804469274
0.5166666666666667
0.5193370165745856
0.521978021978022
0.5245901639344263
0.5271739130434783
0.5297297297297298
0.532258064516129
0.5347593582887701
0.5372340425531915
0.5396825396825397
0.5421052631578948
0.5445026178010471
0.546875
0.5492227979274611
0.5515463917525774
0.5538461538461539
0.5561224489795918
0.5583756345177665
0.5606060606060606
0.5628140703517588
0.565
0.5671641791044776
0.5693069306930693
0.5714285714285714
0.5735294117647058
0.5756097560975609
0.5776699029126213
0.5797101449275363
0.5817307692307693
0.583732057416268
0.5857142857142857
0.5876777251184834
0.589622641509434
0.5915492957746479
0.5934579439252337
0.5953488372093023
0.5972222222222222
0.5990783410138248
0.6009174311926605
0.6027397260273972
0.4907749077490775
0.4944649446494465
0.4981549815498155
0.5018450184501845
0.5055350553505535
0.5073529411764706
0.5091575091575091
0.5109489051094891
0.5127272727272727
0.5144927536231884
0.516245487364621
0.5179856115107914
0.5197132616487455
0.5214285714285715
0.5231316725978647
0.524822695035461
0.5265017667844523
0.528169014084507
0.5298245614035088
0.5314685314685315
0.5331010452961672
0.5347222222222222
0.5363321799307958
0.5379310344827586
0.5395189003436426
0.541095890410959
0.5426621160409556
0.54421768707483
0.5476190476190477
0.5510204081632653
0.5544217687074829
0.5578231292517006
0.5612244897959183
0.564625850340136
0.5680272108843537
0.5714285714285714
0.5748299319727891
1.0
1.0
1.0
1.0
1.0
1.0
1.0
1.0
1.0
1.0
1.0
1.0
1.0
1.0
1.0
1.0
1.0
1.0
1.0
1.0
1.0
1.0
1.0
1.0
1.0
1.0
1.0
1.0
1.0
1.0
0.8378378378378378
0.8648648648648649
0.8918918918918919
0.918918918918919
0.9459459459459459
0.972972972972973
0.9736842105263158
0.9743589743589743
0.975
0.975609756097561
0.9761904761904762
0.9767441860465116
0.9772727272727273
0.9777777777777777
0.9782608695652174
0.9787234042553191
0.9791666666666666
0.9795918367346939
0.98
0.9803921568627451
0.9807692307692307
0.9811320754716981
0.9814814814814815
0.9818181818181818
0.9821428571428571
0.9824561403508771
0.9827586206896551
0.9830508474576272
0.9833333333333333
0.9836065573770492
0.9838709677419355
0.9841269841269841
0.984375
0.9846153846153847
0.9848484848484849
0.9850746268656716
0.9852941176470589
0.9855072463768116
0.9857142857142858
0.9859154929577465
0.9861111111111112
0.9863013698630136
0.47096774193548385
0.47435897435897434
0.47770700636942676
0.4810126582278481
0.48427672955974843
0.4875
0.4906832298136646
0.49382716049382713
0.49693251533742333
0.5
0.503030303030303
0.5060240963855421
0.5089820359281437
0.5119047619047619
0.514792899408284
0.5176470588235295
0.52046783625731
0.5232558139534884
0.5260115606936416
0.5287356321839081
0.5314285714285715
0.5340909090909091
0.536723163841808
0.5393258426966292
0.5418994413407822
0.5444444444444444
0.5469613259668509
0.5494505494505495
0.5519125683060109
0.5543478260869565
0.5567567567567567
0.5591397849462365
0.5614973262032086
0.5638297872340425
0.5661375661375662
0.5684210526315789
0.5706806282722513
0.5729166666666666
0.5751295336787565
0.5773195876288659
0.5794871794871795
0.5816326530612245
0.583756345177665
0.5858585858585859
0.5879396984924623
0.59
0.5920398009950248
0.594059405940594
0.5960591133004927
0.5980392156862745
0.6
0.6019417475728155
0.6038647342995169
0.6057692307692307
0.6076555023923444
0.6095238095238096
0.6113744075829384
0.6132075471698113
0.6150234741784038
0.616822429906542
0.6186046511627907
0.6203703703703703
0.6221198156682027
0.6238532110091743
0.6255707762557078
0.6272727272727273
0.6289592760180995
0.6306306306306306
0.6322869955156951
0.6339285714285714
0.6355555555555555
0.6371681415929203
0.6387665198237885
0.6403508771929824
0.6419213973799127
0.6434782608695652
0.645021645021645
0.646551724137931
0.648068669527897
0.5333333333333333
0.5368421052631579
0.5403508771929825
0.543859649122807
0.5454545454545454
0.5470383275261324
0.5486111111111112
0.5501730103806228
0.5517241379310345
0.5532646048109966
0.5547945205479452
0.5563139931740614
0.5578231292517006
0.559322033898305
0.5608108108108109
0.5622895622895623
0.5637583892617449
0.5652173913043478
0.5666666666666667
0.5681063122923588
0.5695364238410596
0.570957095709571
0.5723684210526315
0.5737704918032787
0.5751633986928104
0.5765472312703583
0.577922077922078
0.5811688311688312
0.5844155844155844
0.5876623376623377
0.5889967637540453
0.5903225806451613
0.5916398713826366
0.594855305466238
0.5980707395498392
0.6012861736334405
0.6025641025641025
0.6038338658146964
0.6050955414012739
0.6063492063492063
0.6075949367088608
0.6088328075709779
0.610062893081761
0.6112852664576802
0.6125
0.6137071651090342
0.6149068322981367
0.6160990712074303
0.6172839506172839
0.6184615384615385
0.5274151436031331
0.5300261096605744
0.5326370757180157
0.5352480417754569
0.5378590078328982
0.5404699738903395
0.5430809399477807
0.5456919060052219
0.5483028720626631
0.5494791666666666
0.5506493506493506
0.5518134715025906
0.5529715762273901
0.5541237113402062
0.5552699228791774
0.5564102564102564
0.5575447570332481
0.5586734693877551
0.5597964376590331
0.5609137055837563
0.5620253164556962
0.5631313131313131
0.5656565656565656
0.5681818181818182
0.5707070707070707
0.5732323232323232
0.5757575757575758
0.5768261964735516
0.5778894472361809
0.5789473684210527
0.58
0.5810473815461347
0.582089552238806
0.5845771144278606
0.5870646766169154
0.5895522388059702
0.5920398009950248
0.5945273631840796
0.5970149253731343
0.599502487562189
0.6004962779156328
0.6014851485148515
0.6039603960396039
0.6049382716049383
0.6059113300492611
0.6068796068796068
0.6078431372549019
0.60880195599022
0.6097560975609756
0.610705596107056
0.6116504854368932
0.612590799031477
0.6135265700483091
0.6144578313253012
0.6153846153846154
0.6163069544364509
0.5797752808988764
0.5807174887892377
0.5816554809843401
0.5825892857142857
0.5835189309576837
0.5844444444444444
0.5853658536585366
0.5862831858407079
0.58719646799117
0.5881057268722467
0.589010989010989
0.5899122807017544
0.5908096280087527
0.5917030567685589
0.5925925925925926
0.5934782608695652
0.5943600867678959
0.5952380952380952
0.5961123110151187
0.5969827586206896
0.5978494623655914
0.5987124463519313
0.5995717344753747
0.6004273504273504
0.6012793176972282
0.6021276595744681
0.6029723991507431
0.6038135593220338
0.6046511627906976
0.6054852320675106
0.6063157894736843
0.6071428571428571
0.6079664570230608
0.608786610878661
0.6096033402922756
0.6104166666666667
0.6112266112266113
0.6120331950207469
0.6128364389233955
0.6136363636363636
0.5559701492537313
0.5578358208955224
0.5597014925373134
0.5615671641791045
0.5634328358208955
0.5652985074626866
0.5671641791044776
0.5690298507462687
0.5708955223880597
0.5716945996275605
0.5735567970204841
0.5743494423791822
0.5762081784386617
0.5780669144981413
0.5799256505576208
0.5817843866171004
0.5836431226765799
0.5855018587360595
0.587360594795539
0.5892193308550185
0.5910780669144982
0.5929368029739777
0.5947955390334573
0.5966542750929368
0.5985130111524164
0.6003717472118959
0.6022304832713755
0.604089219330855
0.6059479553903345
0.6078066914498141
0.6096654275092936
0.6115241635687733
0.6133828996282528
0.6152416356877324
0.6159554730983302
0.6166666666666667
0.6173752310536045
0.6180811808118081
0.6187845303867403
0.6194852941176471
0.6213235294117647
0.6231617647058824
0.6238532110091743
0.6256880733944954
0.6263736263736264
0.6270566727605119
0.6277372262773723
0.6284153005464481
0.6290909090909091
0.6297640653357531
0.6304347826086957
0.6322463768115942
0.6340579710144928
0.6358695652173914
0.6376811594202898
0.6383363471971067
0.6389891696750902
0.6396396396396397
0.6402877697841727
0.6409335727109515
