1.0
1.0
1.0
1.0
1.0
1.0
1.0
1.0
1.0
1.0
1.0
1.0
1.0
1.0
1.0
1.0
1.0
1.0
1.0
1.0
1.0
1.0
1.0
1.0
1.0
1.0
1.0
1.0
1.0
1.0
1.0
1.0
1.0
1.0
1.0
1.0
1.0
1.0
1.0
1.0
0.4939759036144578
0.5
0.5058823529411764
0.5116279069767442
0.5172413793103449
0.5227272727272727
0.5280898876404494
0.5333333333333333
0.5384615384615384
0.5434782608695652
0.5483870967741935
0.5531914893617021
0.5578947368421052
0.5625
0.5670103092783505
0.5714285714285714
0.5757575757575758
0.58
0.5841584158415841
0.5882352941176471
0.5922330097087378
0.4217687074829932
0.42567567567567566
0.42953020134228187
0.43333333333333335
0.4
0.4036144578313253
0.40718562874251496
0.4107142857142857
0.41420118343195267
0.4176470588235294
0.42105263157894735
0.42441860465116277
0.4277456647398844
0.43103448275862066
0.4342857142857143
0.4375
0.4406779661016949
0.4438202247191011
0.44692737430167595
0.45
0.4530386740331492
0.45604395604395603
0.45901639344262296
0.46195652173913043
0.4648648648648649
0.46774193548387094
0.47058823529411764
0.4734042553191489
0.47619047619047616
0.4789473684210526
0.47668393782383417
0.48186528497409326
0.48704663212435234
0.4896907216494845
0.4752475247524752
0.4801980198019802
0.4827586206896552
0.4852941176470588
0.4878048780487805
0.49029126213592233
0.4927536231884058
0.4951923076923077
0.49760765550239233
0.5
0.5023696682464455
0.5047169811320755
0.5070422535211268
0.5093457943925234
0.5116279069767442
0.5138888888888888
0.5161290322580645
0.518348623853211
0.5205479452054794
0.5227272727272727
0.5248868778280543
0.5294117647058824
0.5339366515837104
0.5384615384615384
0.5405405405405406
0.545045045045045
0.5495495495495496
0.5540540540540541
0.5585585585585585
0.5630630630630631
0.5675675675675675
0.5720720720720721
0.5765765765765766
0.581081081081081
0.5855855855855856
0.5900900900900901
0.5945945945945946
0.5990990990990991
0.6036036036036037
0.6081081081081081
0.6126126126126126
0.6171171171171171
0.6216216216216216
0.6261261261261262
0.6306306306306306
0.6351351351351351
0.6396396396396397
0.6441441441441441
0.6486486486486487
0.6531531531531531
0.6547085201793722
0.65625
0.6577777777777778
0.6592920353982301
0.6607929515418502
0.6622807017543859
0.6637554585152838
0.6652173913043479
0.6666666666666666
0.6681034482758621
0.6695278969957081
0.6709401709401709
0.6752136752136753
0.6794871794871795
0.6837606837606838
0.688034188034188
0.6923076923076923
0.6317829457364341
0.6356589147286822
0.6395348837209303
0.6434108527131783
0.6447876447876448
0.6461538461538462
0.6475095785440613
0.648854961832061
0.6501901140684411
0.6515151515151515
0.6528301886792452
0.6541353383458647
0.6554307116104869
0.6567164179104478
0.6579925650557621
0.6617100371747212
0.6654275092936803
0.6691449814126395
0.6728624535315985
0.6765799256505576
0.6802973977695167
0.6840148698884758
0.6877323420074349
0.6914498141263941
0.6951672862453532
0.6988847583643123
0.7026022304832714
0.7063197026022305
0.7074074074074074
0.7084870848708487
0.7095588235294118
0.7106227106227107
0.7116788321167883
0.7127272727272728
0.7137681159420289
0.7148014440433214
0.7158273381294964
0.7168458781362007
0.7204301075268817
0.7240143369175627
0.7275985663082437
0.7311827956989247
0.7347670250896058
0.7383512544802867
0.7419354838709677
0.7455197132616488
0.7491039426523297
0.7526881720430108
0.7562724014336918
0.7598566308243727
0.7634408602150538
0.7670250896057348
0.7706093189964157
0.7741935483870968
0.7777777777777778
0.7813620071684588
0.7849462365591398
0.7885304659498208
0.7921146953405018
0.7956989247311828
0.7992831541218638
0.8028673835125448
0.8064516129032258
0.7337662337662337
0.737012987012987
0.7402597402597403
0.7435064935064936
0.7467532467532467
0.75
0.7532467532467533
0.7564935064935064
0.7597402597402597
0.762987012987013
0.7662337662337663
0.7694805194805194
0.7727272727272727
0.775974025974026
0.7792207792207793
0.7824675324675324
0.7857142857142857
0.788961038961039
0.7922077922077922
0.7928802588996764
0.7935483870967742
0.7942122186495176
0.7948717948717948
0.7955271565495208
0.7961783439490446
0.7968253968253968
0.7974683544303798
0.7981072555205048
0.7987421383647799
0.799373040752351
0.8
0.8006230529595015
0.8012422360248447
0.8018575851393189
0.8024691358024691
0.803076923076923
0.803680981595092
0.8042813455657493
0.8048780487804879
0.8054711246200608
0.806060606060606
0.8066465256797583
0.8072289156626506
0.8078078078078078
0.7848837209302325
0.7877906976744186
0.7906976744186046
0.7936046511627907
0.7965116279069767
0.7994186046511628
0.8023255813953488
0.8052325581395349
0.8081395348837209
1.0
1.0
1.0
1.0
1.0
1.0
1.0
1.0
1.0
1.0
1.0
1.0
1.0
1.0
1.0
1.0
1.0
1.0
1.0
1.0
1.0
1.0
1.0
1.0
1.0
1.0
1.0
1.0
1.0
1.0
1.0
1.0
1.0
1.0
1.0
1.0
1.0
1.0
1.0
1.0
0.4939759036144578
0.5
0.5058823529411764
0.5116279069767442
0.5172413793103449
0.5227272727272727
0.5280898876404494
0.5333333333333333
0.5384615384615384
0.5434782608695652
0.5483870967741935
0.5531914893617021
0.5578947368421052
0.5625
0.5670103092783505
0.5714285714285714
0.5757575757575758
0.58
0.5841584158415841
0.5882352941176471
0.5922330097087378
0.4217687074829932
0.42567567567567566
0.42953020134228187
0.43333333333333335
0.4
0.4036144578313253
0.40718562874251496
0.4107142857142857
0.41420118343195267
0.4176470588235294
0.42105263157894735
0.42441860465116277
0.4277456647398844
0.43103448275862066
0.4342857142857143
0.4375
0.4406779661016949
0.4438202247191011
0.44692737430167595
0.45
0.4530386740331492
0.45604395604395603
0.45901639344262296
0.46195652173913043
0.4648648648648649
0.46774193548387094
0.47058823529411764
0.4734042553191489
0.47619047619047616
0.4789473684210526
0.46464646464646464
0.4696969696969697
0.4723618090452261
0.475
0.47761194029850745
0.4801980198019802
0.4827586206896552
0.4852941176470588
0.4878048780487805
0.49029126213592233
0.4927536231884058
0.4951923076923077
0.49760765550239233
0.5
0.5023696682464455
0.5047169811320755
0.5070422535211268
0.5093457943925234
0.5116279069767442
0.5138888888888888
0.5161290322580645
0.518348623853211
0.5229357798165137
0.5275229357798165
0.5321100917431193
0.5342465753424658
0.5388127853881278
0.54337899543379
0.547945205479452
0.5525114155251142
0.5570776255707762
0.5616438356164384
0.5662100456621004
0.5707762557077626
0.5753424657534246
0.5799086757990868
0.5844748858447488
0.589041095890411
0.593607305936073
0.5981735159817352
0.6027397260273972
0.6073059360730594
0.6118721461187214
0.6164383561643836
0.6210045662100456
0.6255707762557078
0.6301369863013698
0.634703196347032
0.639269406392694
0.6438356164383562
0.6484018264840182
0.65
0.6515837104072398
0.6531531531531531
0.6547085201793722
0.65625
0.6577777777777778
0.6592920353982301
0.6607929515418502
0.6622807017543859
0.6637554585152838
0.6652173913043479
0.6666666666666666
0.670995670995671
0.6753246753246753
0.6796536796536796
0.683982683982684
0.6853448275862069
0.6866952789699571
0.688034188034188
0.6923076923076923
0.6653061224489796
0.6693877551020408
0.673469387755102
0.6775510204081633
0.6816326530612244
0.6857142857142857
0.689795918367347
0.6938775510204082
0.6979591836734694
0.6277372262773723
0.6313868613138686
0.635036496350365
0.6386861313868614
0.6423357664233577
0.6459854014598541
0.6496350364963503
0.6532846715328468
0.656934306569343
0.6605839416058394
0.6642335766423357
0.6678832116788321
0.6715328467153284
0.6751824817518248
0.6788321167883211
0.6824817518248175
0.6861313868613139
0.6897810218978102
0.6934306569343066
0.6655052264808362
0.6689895470383276
0.6724738675958188
0.6759581881533101
0.6770833333333334
0.6782006920415224
0.6793103448275862
0.6804123711340206
0.6815068493150684
0.6825938566552902
0.6836734693877551
0.6847457627118644
0.6858108108108109
0.6868686868686869
0.6879194630872483
0.6912751677852349
0.6946308724832215
0.697986577181208
0.7013422818791947
0.7046979865771812
0.7080536912751678
0.7114093959731543
0.714765100671141
0.7181208053691275
0.7214765100671141
0.7248322147651006
0.7281879194630873
0.7315436241610739
0.7324414715719063
0.7333333333333333
0.7342192691029901
0.7350993377483444
0.735973597359736
0.7368421052631579
0.7377049180327869
0.738562091503268
0.739413680781759
0.7402597402597403
0.7435064935064936
0.7467532467532467
0.75
0.7532467532467533
0.7564935064935064
0.7597402597402597
0.762987012987013
0.7662337662337663
0.7694805194805194
0.7727272727272727
0.775974025974026
0.7792207792207793
0.7824675324675324
0.7857142857142857
0.788961038961039
0.7922077922077922
0.7954545454545454
0.7987012987012987
0.801948051948052
0.8051948051948052
0.8084415584415584
0.8116883116883117
0.814935064935065
0.8181818181818182
0.8214285714285714
0.79375
0.794392523364486
0.7950310559006211
0.7956656346749226
0.7962962962962963
0.796923076923077
0.7975460122699386
0.7981651376146789
0.7987804878048781
0.7993920972644377
0.8
0.8006042296072508
0.8012048192771084
0.8018018018018018
0.8023952095808383
0.8029850746268656
0.8035714285714286
0.8041543026706232
0.8047337278106509
0.8053097345132744
0.8058823529411765
0.8064516129032258
0.8070175438596491
0.8075801749271136
0.8081395348837209
1.0
1.0
1.0
1.0
1.0
1.0
1.0
1.0
1.0
1.0
1.0
1.0
1.0
1.0
1.0
1.0
1.0
1.0
1.0
1.0
1.0
1.0
1.0
1.0
1.0
1.0
1.0
1.0
1.0
1.0
1.0
1.0
1.0
1.0
1.0
1.0
1.0
1.0
1.0
1.0
1.0
1.0
1.0
1.0
1.0
1.0
1.0
1.0
1.0
1.0
1.0
1.0
1.0
1.0
1.0
1.0
1.0
1.0
1.0
1.0
1.0
1.0
1.0
1.0
1.0
1.0
1.0
1.0
1.0
1.0
1.0
1.0
1.0
1.0
1.0
1.0
1.0
1.0
1.0
1.0
1.0
1.0
1.0
1.0
1.0
1.0
1.0
1.0
1.0
1.0
1.0
1.0
1.0
1.0
1.0
1.0
1.0
1.0
1.0
1.0
1.0
1.0
1.0
1.0
1.0
1.0
1.0
1.0
1.0
1.0
1.0
1.0
1.0
1.0
1.0
1.0
1.0
1.0
1.0
1.0
1.0
1.0
1.0
1.0
1.0
1.0
1.0
1.0
1.0
1.0
1.0
0.4939759036144578
0.5
0.5058823529411764
0.5116279069767442
0.5172413793103449
0.5227272727272727
0.5280898876404494
0.5333333333333333
0.5384615384615384
0.5434782608695652
0.5483870967741935
0.5531914893617021
0.5578947368421052
0.5625
0.5670103092783505
0.5714285714285714
0.5757575757575758
0.58
0.5841584158415841
0.5882352941176471
0.5922330097087378
0.4217687074829932
0.42567567567567566
0.42953020134228187
0.43333333333333335
0.4
0.4036144578313253
0.40718562874251496
0.4107142857142857
0.41420118343195267
0.4176470588235294
0.42105263157894735
0.42441860465116277
0.4277456647398844
0.43103448275862066
0.4342857142857143
0.4375
0.4406779661016949
0.4438202247191011
0.44692737430167595
0.45
0.4530386740331492
0.45604395604395603
0.45901639344262296
0.46195652173913043
0.4648648648648649
0.46774193548387094
0.47058823529411764
0.4734042553191489
0.47619047619047616
0.4789473684210526
0.4791666666666667
0.484375
0.4845360824742268
0.4896907216494845
0.4948453608247423
0.5
0.5051546391752577
0.5076923076923077
0.5102040816326531
0.5126903553299492
0.5177664974619289
0.5228426395939086
0.5279187817258884
0.5329949238578681
0.5380710659898477
0.5431472081218274
0.5482233502538071
0.5505050505050505
0.5527638190954773
0.555
0.5572139303482587
0.5621890547263682
0.5643564356435643
0.5665024630541872
0.5686274509803921
0.5707317073170731
0.5728155339805825
0.5748792270531401
0.5769230769230769
0.5789473684210527
0.580952380952381
0.5829383886255924
0.5849056603773585
0.5868544600938967
0.5915492957746479
0.5934579439252337
0.5953488372093023
0.5972222222222222
0.5990783410138248
0.6009174311926605
0.6027397260273972
0.6045454545454545
0.6063348416289592
0.6108597285067874
0.6153846153846154
0.6199095022624435
0.6244343891402715
0.6289592760180995
0.6334841628959276
0.6380090497737556
0.6425339366515838
0.6470588235294118
0.6515837104072398
0.6561085972850679
0.6606334841628959
0.665158371040724
0.669683257918552
0.6742081447963801
0.6756756756756757
0.6801801801801802
0.6755555555555556
0.68
0.6844444444444444
0.6652360515021459
0.6695278969957081
0.6709401709401709
0.6723404255319149
0.673728813559322
0.6751054852320675
0.6764705882352942
0.6778242677824268
0.6791666666666667
0.6804979253112033
0.6818181818181818
0.6831275720164609
0.6844262295081968
0.6857142857142857
0.6869918699186992
0.6882591093117408
0.6895161290322581
0.6907630522088354
0.692
0.6932270916334662
0.6944444444444444
0.6956521739130435
0.6968503937007874
0.6980392156862745
0.69921875
0.7003891050583657
0.7015503875968992
0.7027027027027027
0.7065637065637066
0.7104247104247104
0.7142857142857143
0.7181467181467182
0.722007722007722
0.6287625418060201
0.6321070234113713
0.6354515050167224
0.6387959866220736
0.6421404682274248
0.6454849498327759
0.6488294314381271
0.6521739130434783
0.6555183946488294
0.6588628762541806
0.6622073578595318
0.6655518394648829
0.6688963210702341
0.6722408026755853
0.6755852842809364
0.6789297658862876
0.6822742474916388
0.68561872909699
0.6889632107023411
0.6634615384615384
0.6666666666666666
0.6698717948717948
0.6730769230769231
0.6741214057507987
0.6751592356687898
0.6761904761904762
0.6772151898734177
0.6782334384858044
0.6792452830188679
0.6802507836990596
0.68125
0.6822429906542056
0.6832298136645962
0.6842105263157895
0.6873065015479877
0.6904024767801857
0.6934984520123839
0.6965944272445821
0.6996904024767802
0.7027863777089783
0.7058823529411765
0.7089783281733746
0.7120743034055728
0.7151702786377709
0.718266253869969
0.7213622291021672
0.7244582043343654
0.7253086419753086
0.7261538461538461
0.7269938650306749
0.72782874617737
0.7286585365853658
0.729483282674772
0.7303030303030303
0.7311178247734139
0.7319277108433735
0.7327327327327328
0.7357357357357357
0.7387387387387387
0.7417417417417418
0.7447447447447447
0.7477477477477478
0.7507507507507507
0.7537537537537538
0.7567567567567568
0.7597597597597597
0.7627627627627628
0.7657657657657657
0.7687687687687688
0.7717717717717718
0.7747747747747747
0.7777777777777778
0.7807807807807807
0.7837837837837838
0.7867867867867868
0.7897897897897898
0.7927927927927928
0.7957957957957958
0.7987987987987988
0.8018018018018018
0.8048048048048048
0.8078078078078078
0.7848837209302325
0.7877906976744186
0.7906976744186046
0.7936046511627907
0.7965116279069767
0.7994186046511628
0.8023255813953488
0.8052325581395349
0.8081395348837209
1.0
1.0
1.0
1.0
1.0
1.0
1.0
1.0
1.0
1.0
1.0
1.0
1.0
1.0
1.0
1.0
1.0
1.0
1.0
1.0
1.0
1.0
1.0
1.0
1.0
1.0
1.0
1.0
1.0
1.0
1.0
1.0
1.0
1.0
1.0
1.0
1.0
1.0
1.0
1.0
0.4939759036144578
0.5
0.5058823529411764
0.5116279069767442
0.5172413793103449
0.5227272727272727
0.5280898876404494
0.5333333333333333
0.5384615384615384
0.5434782608695652
0.5483870967741935
0.5531914893617021
0.5578947368421052
0.5625
0.5670103092783505
0.5714285714285714
0.5757575757575758
0.58
0.5841584158415841
0.5882352941176471
0.5922330097087378
0.4217687074829932
0.42567567567567566
0.42953020134228187
0.43333333333333335
0.4
0.4036144578313253
0.40718562874251496
0.4107142857142857
0.41420118343195267
0.4176470588235294
0.42105263157894735
0.42441860465116277
0.4277456647398844
0.43103448275862066
0.4342857142857143
0.4375
0.4406779661016949
0.4438202247191011
0.44692737430167595
0.45
0.4530386740331492
0.45604395604395603
0.45901639344262296
0.46195652173913043
0.4648648648648649
0.46774193548387094
0.47058823529411764
0.4734042553191489
0.47619047619047616
0.4789473684210526
0.47668393782383417
0.48186528497409326
0.48704663212435234
0.472636815920398
0.47761194029850745
0.48258706467661694
0.48756218905472637
0.4925373134328358
0.4975124378109453
0.5024875621890548
0.5074626865671642
0.5049019607843137
0.5098039215686274
0.5121951219512195
0.5145631067961165
0.5169082125603864
0.5192307692307693
0.5215311004784688
0.5238095238095238
0.5260663507109005
0.5308056872037915
0.5355450236966824
1.0
1.0
1.0
1.0
1.0
1.0
1.0
1.0
1.0
1.0
1.0
1.0
1.0
1.0
1.0
1.0
1.0
1.0
1.0
1.0
1.0
1.0
1.0
1.0
1.0
1.0
1.0
1.0
1.0
1.0
1.0
1.0
1.0
1.0
1.0
1.0
1.0
1.0
1.0
1.0
0.4939759036144578
0.5
0.5058823529411764
0.5116279069767442
0.5172413793103449
0.5227272727272727
0.5280898876404494
0.5333333333333333
0.5384615384615384
0.5434782608695652
0.5483870967741935
0.5531914893617021
0.5578947368421052
0.5625
0.5670103092783505
0.5714285714285714
0.5757575757575758
0.58
0.5841584158415841
0.5882352941176471
0.5922330097087378
0.4217687074829932
0.42567567567567566
0.42953020134228187
0.43333333333333335
0.4
0.4036144578313253
0.40718562874251496
0.4107142857142857
0.41420118343195267
0.4176470588235294
0.42105263157894735
0.42441860465116277
0.4277456647398844
0.43103448275862066
0.4342857142857143
0.4375
0.4406779661016949
0.4438202247191011
0.44692737430167595
0.45
0.4530386740331492
0.45604395604395603
0.45901639344262296
0.46195652173913043
0.4648648648648649
0.46774193548387094
0.47058823529411764
0.4734042553191489
0.47619047619047616
0.4789473684210526
0.47668393782383417
0.48186528497409326
0.48704663212435234
0.4896907216494845
0.49230769230769234
0.49489795918367346
0.4803921568627451
0.4852941176470588
0.4878048780487805
0.49029126213592233
0.4927536231884058
0.4951923076923077
0.49760765550239233
0.5
0.5023696682464455
0.5047169811320755
0.5070422535211268
0.5093457943925234
0.5116279069767442
0.5138888888888888
0.5161290322580645
0.518348623853211
0.5229357798165137
0.5275229357798165
0.5321100917431193
0.5342465753424658
0.5388127853881278
0.54337899543379
0.547945205479452
0.5525114155251142
0.5570776255707762
0.5616438356164384
0.5662100456621004
0.5707762557077626
0.5753424657534246
0.5799086757990868
0.5844748858447488
0.589041095890411
0.593607305936073
0.5981735159817352
0.6027397260273972
0.6073059360730594
0.6118721461187214
0.6164383561643836
0.6210045662100456
0.6255707762557078
0.6301369863013698
0.634703196347032
0.639269406392694
0.6438356164383562
0.6484018264840182
0.65
0.6515837104072398
0.6531531531531531
0.6547085201793722
0.65625
0.6577777777777778
0.6592920353982301
0.6607929515418502
0.6622807017543859
0.6637554585152838
0.6652173913043479
0.6666666666666666
0.670995670995671
0.6753246753246753
0.6796536796536796
0.683982683982684
0.6853448275862069
0.6866952789699571
0.688034188034188
0.6923076923076923
0.6197718631178707
0.623574144486692
0.6273764258555133
0.6311787072243346
0.6349809885931559
0.6387832699619772
0.6425855513307985
0.6463878326996197
0.6501901140684411
0.6539923954372624
0.6577946768060836
0.6615969581749049
0.6653992395437263
0.6692015209125475
0.6730038022813688
0.6768060836501901
0.6806083650190115
0.6844106463878327
0.688212927756654
0.6618181818181819
0.6630434782608695
0.6642599277978339
0.6654676258992805
0.6666666666666666
0.6678571428571428
0.6690391459074733
0.6702127659574468
0.6713780918727915
0.6725352112676056
0.6736842105263158
0.6748251748251748
0.6759581881533101
0.6770833333333334
0.6782006920415224
0.6793103448275862
0.6804123711340206
0.6815068493150684
0.6825938566552902
0.6836734693877551
0.6847457627118644
0.6858108108108109
0.6868686868686869
0.6879194630872483
0.6889632107023411
0.667741935483871
0.6709677419354839
0.6741935483870968
0.6774193548387096
0.6806451612903226
0.6838709677419355
0.6870967741935484
0.6903225806451613
0.6935483870967742
0.6687306501547987
0.6718266253869969
0.6749226006191951
0.6780185758513931
0.6790123456790124
0.68
0.6809815950920245
0.6819571865443425
0.6829268292682927
0.6838905775075987
0.6848484848484848
0.6858006042296072
0.6867469879518072
0.6876876876876877
0.688622754491018
0.6916167664670658
0.6946107784431138
0.6976047904191617
0.7005988023952096
0.7035928143712575
0.7065868263473054
0.7095808383233533
0.7125748502994012
0.7155688622754491
0.718562874251497
0.7215568862275449
0.7245508982035929
0.7275449101796407
0.7283582089552239
0.7291666666666666
0.7299703264094956
0.7307692307692307
0.7315634218289085
0.7323529411764705
0.7331378299120235
0.7339181286549707
0.7346938775510204
0.7354651162790697
0.7383720930232558
0.7412790697674418
0.7441860465116279
0.747093023255814
0.75
0.752906976744186
0.7558139534883721
0.7587209302325582
0.7616279069767442
0.7645348837209303
0.7674418604651163
0.7703488372093024
0.7732558139534884
0.7761627906976745
0.7790697674418605
0.7819767441860465
0.7848837209302325
0.7877906976744186
0.7906976744186046
0.7936046511627907
0.7965116279069767
0.7994186046511628
0.8023255813953488
0.8052325581395349
0.8081395348837209
1.0
1.0
1.0
1.0
1.0
1.0
1.0
1.0
1.0
1.0
1.0
1.0
1.0
1.0
1.0
1.0
1.0
1.0
1.0
1.0
1.0
1.0
1.0
1.0
1.0
1.0
1.0
1.0
1.0
1.0
1.0
1.0
1.0
1.0
1.0
1.0
1.0
1.0
1.0
1.0
0.4939759036144578
0.5
0.5058823529411764
0.5116279069767442
0.5172413793103449
0.5227272727272727
0.5280898876404494
0.5333333333333333
0.5384615384615384
0.5434782608695652
0.5483870967741935
0.5531914893617021
0.5578947368421052
0.5625
0.5670103092783505
0.5714285714285714
0.5757575757575758
0.58
0.5841584158415841
0.5882352941176471
0.5922330097087378
0.4217687074829932
0.42567567567567566
0.42953020134228187
0.43333333333333335
0.4
0.4036144578313253
0.40718562874251496
0.4107142857142857
0.41420118343195267
0.4176470588235294
0.42105263157894735
0.42441860465116277
0.4277456647398844
0.43103448275862066
0.4342857142857143
0.4375
0.4406779661016949
0.4438202247191011
0.44692737430167595
0.45
0.4530386740331492
0.45604395604395603
0.45901639344262296
0.46195652173913043
0.4648648648648649
0.46774193548387094
0.47058823529411764
0.4734042553191489
0.47619047619047616
0.4789473684210526
0.46464646464646464
0.4696969696969697
0.4723618090452261
0.475
0.47761194029850745
0.4801980198019802
0.4827586206896552
0.4852941176470588
0.4878048780487805
0.49029126213592233
0.4927536231884058
0.4951923076923077
0.49760765550239233
0.5
0.5023696682464455
0.5047169811320755
0.5070422535211268
0.5093457943925234
0.5116279069767442
0.5138888888888888
0.5161290322580645
0.518348623853211
0.5229357798165137
0.5275229357798165
0.5321100917431193
0.5342465753424658
0.5388127853881278
0.54337899543379
0.547945205479452
0.5525114155251142
0.5570776255707762
0.5616438356164384
0.5662100456621004
0.5707762557077626
0.5753424657534246
0.5799086757990868
0.5844748858447488
0.589041095890411
0.593607305936073
0.5981735159817352
0.6027397260273972
0.6073059360730594
0.6118721461187214
0.6164383561643836
0.6210045662100456
0.6255707762557078
0.6301369863013698
0.634703196347032
0.639269406392694
0.6438356164383562
0.6484018264840182
0.65
0.6515837104072398
0.6531531531531531
0.6547085201793722
0.65625
0.6577777777777778
0.6592920353982301
0.6607929515418502
0.6622807017543859
0.6637554585152838
0.6652173913043479
0.6666666666666666
0.670995670995671
0.6753246753246753
0.6796536796536796
0.683982683982684
0.6853448275862069
0.6866952789699571
0.688034188034188
0.6923076923076923
0.6317829457364341
0.6356589147286822
0.6395348837209303
0.6434108527131783
0.6447876447876448
0.6461538461538462
0.6475095785440613
0.648854961832061
0.6501901140684411
0.6515151515151515
0.6528301886792452
0.6541353383458647
0.6554307116104869
0.6567164179104478
0.6579925650557621
0.6617100371747212
0.6654275092936803
0.6691449814126395
0.6728624535315985
0.6765799256505576
0.6802973977695167
0.6840148698884758
0.6877323420074349
0.6914498141263941
0.6951672862453532
0.6988847583643123
0.7026022304832714
0.7063197026022305
0.7074074074074074
0.7084870848708487
0.7095588235294118
0.7106227106227107
0.7116788321167883
0.7127272727272728
0.7137681159420289
0.7148014440433214
0.7158273381294964
0.7168458781362007
0.7204301075268817
0.7240143369175627
0.7275985663082437
0.7311827956989247
0.7347670250896058
0.7383512544802867
0.7419354838709677
0.7455197132616488
0.7491039426523297
0.7526881720430108
0.7562724014336918
0.7598566308243727
0.7634408602150538
0.7670250896057348
0.7706093189964157
0.7741935483870968
0.7777777777777778
0.7813620071684588
0.7849462365591398
0.7885304659498208
0.7921146953405018
0.7956989247311828
0.7992831541218638
0.8028673835125448
0.8064516129032258
0.8071428571428572
0.8078291814946619
0.8085106382978723
0.8091872791519434
0.8098591549295775
0.8105263157894737
0.8111888111888111
0.8118466898954704
0.8125
0.8131487889273357
0.8137931034482758
0.8144329896907216
0.815068493150685
0.8156996587030717
0.8163265306122449
0.8169491525423729
0.8175675675675675
0.8181818181818182
0.8187919463087249
0.8193979933110368
0.82
0.8205980066445183
0.8211920529801324
0.8217821782178217
0.8223684210526315
0.7537537537537538
0.7567567567567568
0.7597597597597597
0.7627627627627628
0.7657657657657657
0.7687687687687688
0.7717717717717718
0.7747747747747747
0.7777777777777778
0.7807807807807807
0.7837837837837838
0.7867867867867868
0.7897897897897898
0.7927927927927928
0.7957957957957958
0.7987987987987988
0.8018018018018018
0.8048048048048048
0.8078078078078078
0.7848837209302325
0.7877906976744186
0.7906976744186046
0.7936046511627907
0.7965116279069767
0.7994186046511628
0.8023255813953488
0.8052325581395349
0.8081395348837209
