1.0
1.0
1.0
1.0
1.0
1.0
1.0
1.0
1.0
1.0
1.0
1.0
1.0
1.0
1.0
1.0
1.0
1.0
1.0
1.0
1.0
1.0
1.0
1.0
1.0
1.0
1.0
1.0
1.0
1.0
1.0
1.0
1.0
1.0
1.0
1.0
1.0
1.0
1.0
1.0
0.37962962962962965
0.3853211009174312
0.39090909090909093
0.3963963963963964
0.4017857142857143
0.40707964601769914
0.41228070175438597
0.41739130434782606
0.4224137931034483
0.42735042735042733
0.4322033898305085
0.4369747899159664
0.44166666666666665
0.4462809917355372
0.45081967213114754
0.45528455284552843
0.4596774193548387
0.464
0.46825396825396826
0.47244094488188976
0.4765625
0.33513513513513515
0.3387096774193548
0.3422459893048128
0.34574468085106386
0.3492063492063492
0.3526315789473684
0.35602094240837695
0.359375
0.3626943005181347
0.36597938144329895
0.36923076923076925
0.37244897959183676
0.3756345177664975
0.3787878787878788
0.38190954773869346
0.385
0.3880597014925373
0.3910891089108911
0.39408866995073893
0.39705882352941174
0.4
0.4029126213592233
0.34146341463414637
0.3441295546558704
0.3467741935483871
0.3493975903614458
0.352
0.3545816733067729
0.35714285714285715
0.35968379446640314
0.36220472440944884
0.36470588235294116
0.3671875
0.36964980544747084
0.37209302325581395
0.3745173745173745
0.3769230769230769
0.3793103448275862
0.3816793893129771
0.3840304182509506
0.38636363636363635
0.3886792452830189
0.39097744360902253
0.39325842696629215
0.39552238805970147
0.39776951672862454
0.4
0.4022140221402214
0.40441176470588236
0.4065934065934066
0.40875912408759124
0.4109090909090909
0.41304347826086957
0.4151624548736462
0.4172661870503597
0.41935483870967744
0.42142857142857143
0.4234875444839858
0.425531914893617
0.4275618374558304
0.4295774647887324
0.43157894736842106
0.43356643356643354
0.4355400696864111
0.4375
0.43944636678200694
0.38095238095238093
0.3827893175074184
0.38461538461538464
0.3864306784660767
0.38823529411764707
0.39002932551319647
0.391812865497076
0.3935860058309038
0.3953488372093023
0.39710144927536234
0.3988439306358382
0.40057636887608067
0.40229885057471265
0.4040114613180516
0.4057142857142857
0.4074074074074074
0.4090909090909091
0.41076487252124644
0.4124293785310734
0.4140845070422535
0.4157303370786517
0.4173669467787115
0.41899441340782123
0.4206128133704735
0.4222222222222222
0.42382271468144045
0.425414364640884
0.42699724517906334
0.42857142857142855
0.4301369863013699
0.43169398907103823
0.4332425068119891
0.43478260869565216
0.4363143631436314
0.43783783783783786
0.30812854442344045
0.30943396226415093
0.3107344632768362
0.31203007518796994
0.3133208255159475
0.3146067415730337
0.31588785046728973
0.31716417910447764
0.31843575418994413
0.31970260223048325
0.3209647495361781
0.32222222222222224
0.3234750462107209
0.3247232472324723
0.3259668508287293
0.3272058823529412
0.3284403669724771
0.32967032967032966
0.33089579524680074
0.33211678832116787
0.3333333333333333
0.33454545454545453
0.33575317604355714
0.33695652173913043
0.33815551537070526
0.33935018050541516
0.34054054054054056
0.34172661870503596
0.34290843806104127
0.34408602150537637
0.34525939177101966
0.3464285714285714
0.34759358288770054
0.3487544483985765
0.34991119005328597
0.35106382978723405
0.35221238938053095
0.35335689045936397
0.3544973544973545
0.35563380281690143
0.30851063829787234
0.3095599393019727
0.3106060606060606
0.31164901664145234
0.31268882175226587
0.3137254901960784
0.3147590361445783
0.3157894736842105
0.31681681681681684
0.31784107946026985
0.3188622754491018
0.31988041853512705
0.3208955223880597
0.32190760059612517
0.3229166666666667
0.32392273402674593
0.3058659217877095
1.0
1.0
1.0
1.0
1.0
1.0
1.0
1.0
1.0
1.0
1.0
1.0
1.0
1.0
1.0
1.0
1.0
1.0
1.0
1.0
1.0
1.0
1.0
1.0
1.0
1.0
1.0
1.0
1.0
1.0
1.0
1.0
1.0
1.0
1.0
1.0
1.0
1.0
1.0
1.0
0.37962962962962965
0.3853211009174312
0.39090909090909093
0.3963963963963964
0.4017857142857143
0.40707964601769914
0.41228070175438597
0.41739130434782606
0.4224137931034483
0.42735042735042733
0.4322033898305085
0.4369747899159664
0.44166666666666665
0.4462809917355372
0.45081967213114754
0.45528455284552843
0.4596774193548387
0.464
0.46825396825396826
0.47244094488188976
0.4765625
0.33513513513513515
0.3387096774193548
0.3422459893048128
0.34574468085106386
0.3492063492063492
0.3526315789473684
0.35602094240837695
0.359375
0.3626943005181347
0.36597938144329895
0.36923076923076925
0.37244897959183676
0.3756345177664975
0.3787878787878788
0.38190954773869346
0.385
0.3880597014925373
0.3910891089108911
0.39408866995073893
0.39705882352941174
0.4
0.4029126213592233
0.34146341463414637
0.3441295546558704
0.3467741935483871
0.3493975903614458
0.352
0.3545816733067729
0.35714285714285715
0.35968379446640314
0.36220472440944884
0.36470588235294116
0.3671875
0.36964980544747084
0.37209302325581395
0.3745173745173745
0.3769230769230769
0.3793103448275862
0.3816793893129771
0.3840304182509506
0.38636363636363635
0.3886792452830189
0.39097744360902253
0.39325842696629215
0.39552238805970147
0.39776951672862454
0.4
0.4022140221402214
0.40441176470588236
0.4065934065934066
0.40875912408759124
0.4109090909090909
0.41304347826086957
0.4151624548736462
0.4172661870503597
0.41935483870967744
0.42142857142857143
0.4234875444839858
0.425531914893617
0.4275618374558304
0.4295774647887324
0.43157894736842106
0.43356643356643354
0.4355400696864111
0.4375
0.43944636678200694
0.38095238095238093
0.3827893175074184
0.38461538461538464
0.3864306784660767
0.38823529411764707
0.39002932551319647
0.391812865497076
0.3935860058309038
0.3953488372093023
0.39710144927536234
0.3988439306358382
0.40057636887608067
0.40229885057471265
0.4040114613180516
0.4057142857142857
0.4074074074074074
0.4090909090909091
0.41076487252124644
0.4124293785310734
0.4140845070422535
0.4157303370786517
0.4173669467787115
0.41899441340782123
0.4206128133704735
0.4222222222222222
0.42382271468144045
0.425414364640884
0.42699724517906334
0.42857142857142855
0.4301369863013699
0.43169398907103823
0.4332425068119891
0.43478260869565216
0.4363143631436314
0.43783783783783786
0.30812854442344045
0.30943396226415093
0.3107344632768362
0.31203007518796994
0.3133208255159475
0.3146067415730337
0.31588785046728973
0.31716417910447764
0.31843575418994413
0.31970260223048325
0.3209647495361781
0.32222222222222224
0.3234750462107209
0.3247232472324723
0.3259668508287293
0.3272058823529412
0.3284403669724771
0.32967032967032966
0.33089579524680074
0.33211678832116787
0.3333333333333333
0.33454545454545453
0.33575317604355714
0.33695652173913043
0.33815551537070526
0.33935018050541516
0.34054054054054056
0.34172661870503596
0.34290843806104127
0.34408602150537637
0.34525939177101966
0.3464285714285714
0.34759358288770054
0.3487544483985765
0.34991119005328597
0.35106382978723405
0.35221238938053095
0.35335689045936397
0.3544973544973545
0.35563380281690143
0.30851063829787234
0.3095599393019727
0.3106060606060606
0.31164901664145234
0.31268882175226587
0.3137254901960784
0.3147590361445783
0.3157894736842105
0.31681681681681684
0.31784107946026985
0.3188622754491018
0.31988041853512705
0.3208955223880597
0.32190760059612517
0.3229166666666667
0.32392273402674593
0.3058659217877095
1.0
1.0
1.0
1.0
1.0
1.0
1.0
1.0
1.0
1.0
1.0
1.0
1.0
1.0
1.0
1.0
1.0
1.0
1.0
1.0
1.0
1.0
1.0
1.0
1.0
1.0
1.0
1.0
1.0
1.0
1.0
1.0
1.0
1.0
1.0
1.0
1.0
1.0
1.0
1.0
1.0
1.0
1.0
1.0
1.0
1.0
1.0
1.0
1.0
1.0
1.0
1.0
1.0
1.0
1.0
1.0
1.0
1.0
1.0
1.0
1.0
1.0
1.0
1.0
1.0
1.0
1.0
1.0
1.0
1.0
1.0
1.0
1.0
1.0
1.0
1.0
1.0
1.0
1.0
1.0
1.0
1.0
1.0
1.0
1.0
1.0
1.0
1.0
1.0
1.0
1.0
1.0
1.0
1.0
1.0
1.0
1.0
1.0
1.0
1.0
1.0
1.0
1.0
1.0
1.0
1.0
1.0
1.0
1.0
1.0
1.0
1.0
1.0
1.0
1.0
1.0
1.0
1.0
1.0
1.0
1.0
1.0
1.0
1.0
1.0
1.0
1.0
1.0
1.0
1.0
1.0
1.0
1.0
1.0
1.0
1.0
1.0
1.0
1.0
1.0
1.0
1.0
1.0
1.0
1.0
1.0
1.0
1.0
1.0
1.0
1.0
1.0
1.0
1.0
1.0
1.0
1.0
1.0
1.0
1.0
1.0
1.0
1.0
1.0
1.0
1.0
1.0
1.0
1.0
1.0
1.0
1.0
1.0
1.0
1.0
1.0
1.0
1.0
1.0
1.0
1.0
1.0
1.0
1.0
1.0
1.0
1.0
1.0
1.0
1.0
1.0
1.0
1.0
1.0
1.0
1.0
1.0
1.0
1.0
1.0
1.0
1.0
1.0
1.0
1.0
1.0
1.0
1.0
1.0
1.0
1.0
1.0
1.0
1.0
1.0
1.0
1.0
1.0
1.0
0.7885304659498208
0.7921146953405018
0.7956989247311828
0.7992831541218638
0.8028673835125448
0.8064516129032258
0.8100358422939068
0.8136200716845878
0.8172043010752689
0.8207885304659498
0.8243727598566308
0.8279569892473119
0.8315412186379928
0.8351254480286738
0.8387096774193549
0.8422939068100358
0.8458781362007168
0.8494623655913979
0.8530465949820788
0.8566308243727598
0.8602150537634409
0.8637992831541219
0.8673835125448028
0.8709677419354839
0.8745519713261649
0.8781362007168458
0.8817204301075269
0.8853046594982079
0.8888888888888888
0.8924731182795699
0.8960573476702509
0.899641577060932
0.9032258064516129
0.9068100358422939
0.910394265232975
0.9139784946236559
0.9175627240143369
0.921146953405018
0.9247311827956989
0.9283154121863799
0.931899641577061
0.9354838709677419
0.9390681003584229
0.942652329749104
0.946236559139785
0.9498207885304659
0.953405017921147
0.956989247311828
0.9605734767025089
0.96415770609319
0.967741935483871
0.9713261648745519
0.974910394265233
0.978494623655914
0.982078853046595
0.985663082437276
0.9857142857142858
0.9857651245551602
0.9858156028368794
0.9858657243816255
0.9859154929577465
0.9859649122807017
0.986013986013986
0.9860627177700348
0.9861111111111112
0.986159169550173
0.9862068965517241
0.9862542955326461
0.9863013698630136
0.9863481228668942
0.9863945578231292
0.9864406779661017
0.9864864864864865
0.9865319865319865
0.9865771812080537
0.9866220735785953
0.9866666666666667
0.9867109634551495
0.9900332225913622
0.9900662251655629
0.9900990099009901
0.9901315789473685
0.9901639344262295
0.9901960784313726
0.990228013029316
0.9902597402597403
0.9902912621359223
0.9903225806451613
0.9935483870967742
0.9809523809523809
0.9841269841269841
0.9873015873015873
0.9904761904761905
0.990506329113924
0.9905362776025236
0.9905660377358491
0.9905956112852664
0.990625
0.9906542056074766
0.9906832298136646
0.9907120743034056
0.9907407407407407
0.9907692307692307
0.99079754601227
0.9908256880733946
0.9908536585365854
0.9908814589665653
0.990909090909091
0.9939393939393939
0.987987987987988
0.990990990990991
0.993993993993994
0.9707602339181286
0.9736842105263158
0.9766081871345029
0.97953216374269
0.9824561403508771
0.9853801169590644
0.9883040935672515
0.9912280701754386
0.9770114942528736
0.9798850574712644
0.9827586206896551
0.985632183908046
0.9885057471264368
0.9913793103448276
0.9885714285714285
0.9914285714285714
1.0
1.0
1.0
1.0
1.0
1.0
1.0
1.0
1.0
1.0
1.0
1.0
1.0
1.0
1.0
1.0
1.0
1.0
1.0
1.0
1.0
1.0
1.0
1.0
1.0
1.0
1.0
1.0
1.0
1.0
1.0
1.0
1.0
1.0
1.0
1.0
1.0
1.0
1.0
1.0
0.37962962962962965
0.3853211009174312
0.39090909090909093
0.3963963963963964
0.4017857142857143
0.40707964601769914
0.41228070175438597
0.41739130434782606
0.4224137931034483
0.42735042735042733
0.4322033898305085
0.4369747899159664
0.44166666666666665
0.4462809917355372
0.45081967213114754
0.45528455284552843
0.4596774193548387
0.464
0.46825396825396826
0.47244094488188976
0.4765625
0.33513513513513515
0.3387096774193548
0.3422459893048128
0.34574468085106386
0.3492063492063492
0.3526315789473684
0.35602094240837695
0.359375
0.3626943005181347
0.36597938144329895
0.36923076923076925
0.37244897959183676
0.3756345177664975
0.3787878787878788
0.38190954773869346
0.385
0.3880597014925373
0.3910891089108911
0.39408866995073893
0.39705882352941174
0.4
0.4029126213592233
0.34146341463414637
0.3441295546558704
0.3467741935483871
0.3493975903614458
0.352
0.3545816733067729
0.35714285714285715
0.35968379446640314
0.36220472440944884
0.36470588235294116
0.3671875
0.36964980544747084
0.37209302325581395
0.3745173745173745
0.3769230769230769
0.3793103448275862
0.3816793893129771
0.3840304182509506
0.38636363636363635
0.3886792452830189
0.39097744360902253
0.39325842696629215
0.39552238805970147
0.39776951672862454
0.4
0.4022140221402214
0.40441176470588236
0.4065934065934066
0.40875912408759124
0.4109090909090909
0.41304347826086957
0.4151624548736462
0.4172661870503597
0.41935483870967744
0.42142857142857143
0.4234875444839858
0.425531914893617
0.4275618374558304
0.4295774647887324
0.43157894736842106
0.43356643356643354
0.4355400696864111
0.4375
0.43944636678200694
0.38095238095238093
0.3827893175074184
0.38461538461538464
0.3864306784660767
0.38823529411764707
0.39002932551319647
0.391812865497076
0.3935860058309038
0.3953488372093023
0.39710144927536234
0.3988439306358382
0.40057636887608067
0.40229885057471265
0.4040114613180516
0.4057142857142857
0.4074074074074074
0.4090909090909091
0.41076487252124644
0.4124293785310734
0.4140845070422535
0.4157303370786517
0.4173669467787115
0.41899441340782123
0.4206128133704735
0.4222222222222222
0.42382271468144045
0.425414364640884
0.42699724517906334
0.42857142857142855
0.4301369863013699
0.43169398907103823
0.4332425068119891
0.43478260869565216
0.4363143631436314
0.43783783783783786
0.30812854442344045
0.30943396226415093
0.3107344632768362
0.31203007518796994
0.3133208255159475
0.3146067415730337
0.31588785046728973
0.31716417910447764
0.31843575418994413
0.31970260223048325
0.3209647495361781
0.32222222222222224
0.3234750462107209
0.3247232472324723
0.3259668508287293
0.3272058823529412
0.3284403669724771
0.32967032967032966
0.33089579524680074
0.33211678832116787
0.3333333333333333
0.33454545454545453
0.33575317604355714
0.33695652173913043
0.33815551537070526
0.33935018050541516
0.34054054054054056
0.34172661870503596
0.34290843806104127
0.34408602150537637
0.34525939177101966
0.3464285714285714
0.34759358288770054
0.3487544483985765
0.34991119005328597
0.35106382978723405
0.35221238938053095
0.35335689045936397
0.3544973544973545
0.35563380281690143
0.30851063829787234
0.3095599393019727
0.3106060606060606
0.31164901664145234
0.31268882175226587
0.3137254901960784
0.3147590361445783
0.3157894736842105
0.31681681681681684
0.31784107946026985
0.3188622754491018
0.31988041853512705
0.3208955223880597
0.32190760059612517
0.3229166666666667
0.32392273402674593
0.3058659217877095
1.0
1.0
1.0
1.0
1.0
1.0
1.0
1.0
1.0
1.0
1.0
1.0
1.0
1.0
1.0
1.0
1.0
1.0
1.0
1.0
1.0
1.0
1.0
1.0
1.0
1.0
1.0
1.0
1.0
1.0
1.0
1.0
1.0
1.0
1.0
1.0
1.0
1.0
1.0
1.0
0.37962962962962965
0.3853211009174312
0.39090909090909093
0.3963963963963964
0.4017857142857143
0.40707964601769914
0.41228070175438597
0.41739130434782606
0.4224137931034483
0.42735042735042733
0.4322033898305085
0.4369747899159664
0.44166666666666665
0.4462809917355372
0.45081967213114754
0.45528455284552843
0.4596774193548387
0.464
0.46825396825396826
0.47244094488188976
0.4765625
0.33513513513513515
0.3387096774193548
0.3422459893048128
0.34574468085106386
0.3492063492063492
0.3526315789473684
0.35602094240837695
0.359375
0.3626943005181347
0.36597938144329895
0.36923076923076925
0.37244897959183676
0.3756345177664975
0.3787878787878788
0.38190954773869346
0.385
0.3880597014925373
0.3910891089108911
0.39408866995073893
0.39705882352941174
0.4
0.4029126213592233
0.34146341463414637
0.3441295546558704
0.3467741935483871
0.3493975903614458
0.352
0.3545816733067729
0.35714285714285715
0.35968379446640314
0.36220472440944884
0.36470588235294116
0.3671875
0.36964980544747084
0.37209302325581395
0.3745173745173745
0.3769230769230769
0.3793103448275862
0.3816793893129771
0.3840304182509506
0.38636363636363635
0.3886792452830189
0.39097744360902253
0.39325842696629215
0.39552238805970147
0.39776951672862454
0.4
0.4022140221402214
0.40441176470588236
0.4065934065934066
0.40875912408759124
0.4109090909090909
0.41304347826086957
0.4151624548736462
0.4172661870503597
0.41935483870967744
0.42142857142857143
0.4234875444839858
0.425531914893617
0.4275618374558304
0.4295774647887324
0.43157894736842106
0.43356643356643354
0.4355400696864111
0.4375
0.43944636678200694
0.38095238095238093
0.3827893175074184
0.38461538461538464
0.3864306784660767
0.38823529411764707
0.39002932551319647
0.391812865497076
0.3935860058309038
0.3953488372093023
0.39710144927536234
0.3988439306358382
0.40057636887608067
0.40229885057471265
0.4040114613180516
0.4057142857142857
0.4074074074074074
0.4090909090909091
0.41076487252124644
0.4124293785310734
0.4140845070422535
0.4157303370786517
0.4173669467787115
0.41899441340782123
0.4206128133704735
0.4222222222222222
0.42382271468144045
0.425414364640884
0.42699724517906334
0.42857142857142855
0.4301369863013699
0.43169398907103823
0.4332425068119891
0.43478260869565216
0.4363143631436314
0.43783783783783786
0.30812854442344045
0.30943396226415093
0.3107344632768362
0.31203007518796994
0.3133208255159475
0.3146067415730337
0.31588785046728973
0.31716417910447764
0.31843575418994413
0.31970260223048325
0.3209647495361781
0.32222222222222224
0.3234750462107209
0.3247232472324723
0.3259668508287293
0.3272058823529412
0.3284403669724771
0.32967032967032966
0.33089579524680074
0.33211678832116787
0.3333333333333333
0.33454545454545453
0.33575317604355714
0.33695652173913043
0.33815551537070526
0.33935018050541516
0.34054054054054056
0.34172661870503596
0.34290843806104127
0.34408602150537637
0.34525939177101966
0.3464285714285714
0.34759358288770054
0.3487544483985765
0.34991119005328597
0.35106382978723405
0.35221238938053095
0.35335689045936397
0.3544973544973545
0.35563380281690143
0.30851063829787234
0.3095599393019727
0.3106060606060606
0.31164901664145234
0.31268882175226587
0.3137254901960784
0.3147590361445783
0.3157894736842105
0.31681681681681684
0.31784107946026985
0.3188622754491018
0.31988041853512705
0.3208955223880597
0.32190760059612517
0.3229166666666667
0.32392273402674593
0.3058659217877095
1.0
1.0
1.0
1.0
1.0
1.0
1.0
1.0
1.0
1.0
1.0
1.0
1.0
1.0
1.0
1.0
1.0
1.0
1.0
1.0
1.0
1.0
1.0
1.0
1.0
1.0
1.0
1.0
1.0
1.0
1.0
1.0
1.0
1.0
1.0
1.0
1.0
1.0
1.0
1.0
0.37962962962962965
0.3853211009174312
0.39090909090909093
0.3963963963963964
0.4017857142857143
0.40707964601769914
0.41228070175438597
0.41739130434782606
0.4224137931034483
0.42735042735042733
0.4322033898305085
0.4369747899159664
0.44166666666666665
0.4462809917355372
0.45081967213114754
0.45528455284552843
0.4596774193548387
0.464
0.46825396825396826
0.47244094488188976
0.4765625
0.33513513513513515
0.3387096774193548
0.3422459893048128
0.34574468085106386
0.3492063492063492
0.3526315789473684
0.35602094240837695
0.359375
0.3626943005181347
0.36597938144329895
0.36923076923076925
0.37244897959183676
0.3756345177664975
0.3787878787878788
0.38190954773869346
0.385
0.3880597014925373
0.3910891089108911
0.39408866995073893
0.39705882352941174
0.4
0.4029126213592233
0.34146341463414637
0.3441295546558704
0.3467741935483871
0.3493975903614458
0.352
0.3545816733067729
0.35714285714285715
0.35968379446640314
0.36220472440944884
0.36470588235294116
0.3671875
0.36964980544747084
0.37209302325581395
0.3745173745173745
0.3769230769230769
0.3793103448275862
0.3816793893129771
0.3840304182509506
0.38636363636363635
0.3886792452830189
0.39097744360902253
0.39325842696629215
0.39552238805970147
0.39776951672862454
0.4
0.4022140221402214
0.40441176470588236
0.4065934065934066
0.40875912408759124
0.4109090909090909
0.41304347826086957
0.4151624548736462
0.4172661870503597
0.41935483870967744
0.42142857142857143
0.4234875444839858
0.425531914893617
0.4275618374558304
0.4295774647887324
0.43157894736842106
0.43356643356643354
0.4355400696864111
0.4375
0.43944636678200694
0.38095238095238093
0.3827893175074184
0.38461538461538464
0.3864306784660767
0.38823529411764707
0.39002932551319647
0.391812865497076
0.3935860058309038
0.3953488372093023
0.39710144927536234
0.3988439306358382
0.40057636887608067
0.40229885057471265
0.4040114613180516
0.4057142857142857
0.4074074074074074
0.4090909090909091
0.41076487252124644
0.4124293785310734
0.4140845070422535
0.4157303370786517
0.4173669467787115
0.41899441340782123
0.4206128133704735
0.4222222222222222
0.42382271468144045
0.425414364640884
0.42699724517906334
0.42857142857142855
0.4301369863013699
0.43169398907103823
0.4332425068119891
0.43478260869565216
0.4363143631436314
0.43783783783783786
0.30812854442344045
0.30943396226415093
0.3107344632768362
0.31203007518796994
0.3133208255159475
0.3146067415730337
0.31588785046728973
0.31716417910447764
0.31843575418994413
0.31970260223048325
0.3209647495361781
0.32222222222222224
0.3234750462107209
0.3247232472324723
0.3259668508287293
0.3272058823529412
0.3284403669724771
0.32967032967032966
0.33089579524680074
0.33211678832116787
0.3333333333333333
0.33454545454545453
0.33575317604355714
0.33695652173913043
0.33815551537070526
0.33935018050541516
0.34054054054054056
0.34172661870503596
0.34290843806104127
0.34408602150537637
0.34525939177101966
0.3464285714285714
0.34759358288770054
0.3487544483985765
0.34991119005328597
0.35106382978723405
0.35221238938053095
0.35335689045936397
0.3544973544973545
0.35563380281690143
0.30851063829787234
0.3095599393019727
0.3106060606060606
0.31164901664145234
0.31268882175226587
0.3137254901960784
0.3147590361445783
0.3157894736842105
0.31681681681681684
0.31784107946026985
0.3188622754491018
0.31988041853512705
0.3208955223880597
0.32190760059612517
0.3229166666666667
0.32392273402674593
0.3058659217877095
1.0
1.0
1.0
1.0
1.0
1.0
1.0
1.0
1.0
1.0
1.0
1.0
1.0
1.0
1.0
1.0
1.0
1.0
1.0
1.0
1.0
1.0
1.0
1.0
1.0
1.0
1.0
1.0
1.0
1.0
1.0
1.0
1.0
1.0
1.0
1.0
1.0
1.0
1.0
1.0
0.37962962962962965
0.3853211009174312
0.39090909090909093
0.3963963963963964
0.4017857142857143
0.40707964601769914
0.41228070175438597
0.41739130434782606
0.4224137931034483
0.42735042735042733
0.4322033898305085
0.4369747899159664
0.44166666666666665
0.4462809917355372
0.45081967213114754
0.45528455284552843
0.4596774193548387
0.464
0.46825396825396826
0.47244094488188976
0.4765625
0.33513513513513515
0.3387096774193548
0.3422459893048128
0.34574468085106386
0.3492063492063492
0.3526315789473684
0.35602094240837695
0.359375
0.3626943005181347
0.36597938144329895
0.36923076923076925
0.37244897959183676
0.3756345177664975
0.3787878787878788
0.38190954773869346
0.385
0.3880597014925373
0.3910891089108911
0.39408866995073893
0.39705882352941174
0.4
0.4029126213592233
0.34146341463414637
0.3441295546558704
0.3467741935483871
0.3493975903614458
0.352
0.3545816733067729
0.35714285714285715
0.35968379446640314
0.36220472440944884
0.36470588235294116
0.3671875
0.36964980544747084
0.37209302325581395
0.3745173745173745
0.3769230769230769
0.3793103448275862
0.3816793893129771
0.3840304182509506
0.38636363636363635
0.3886792452830189
0.39097744360902253
0.39325842696629215
0.39552238805970147
0.39776951672862454
0.4
0.4022140221402214
0.40441176470588236
0.4065934065934066
0.40875912408759124
0.4109090909090909
0.41304347826086957
0.4151624548736462
0.4172661870503597
0.41935483870967744
0.42142857142857143
0.4234875444839858
0.425531914893617
0.4275618374558304
0.4295774647887324
0.43157894736842106
0.43356643356643354
0.4355400696864111
0.4375
0.43944636678200694
0.38095238095238093
0.3827893175074184
0.38461538461538464
0.3864306784660767
0.38823529411764707
0.39002932551319647
0.391812865497076
0.3935860058309038
0.3953488372093023
0.39710144927536234
0.3988439306358382
0.40057636887608067
0.40229885057471265
0.4040114613180516
0.4057142857142857
0.4074074074074074
0.4090909090909091
0.41076487252124644
0.4124293785310734
0.4140845070422535
0.4157303370786517
0.4173669467787115
0.41899441340782123
0.4206128133704735
0.4222222222222222
0.42382271468144045
0.425414364640884
0.42699724517906334
0.42857142857142855
0.4301369863013699
0.43169398907103823
0.4332425068119891
0.43478260869565216
0.4363143631436314
0.43783783783783786
0.30812854442344045
0.30943396226415093
0.3107344632768362
0.31203007518796994
0.3133208255159475
0.3146067415730337
0.31588785046728973
0.31716417910447764
0.31843575418994413
0.31970260223048325
0.3209647495361781
0.32222222222222224
0.3234750462107209
0.3247232472324723
0.3259668508287293
0.3272058823529412
0.3284403669724771
0.32967032967032966
0.33089579524680074
0.33211678832116787
0.3333333333333333
0.33454545454545453
0.33575317604355714
0.33695652173913043
0.33815551537070526
0.33935018050541516
0.34054054054054056
0.34172661870503596
0.34290843806104127
0.34408602150537637
0.34525939177101966
0.3464285714285714
0.34759358288770054
0.3487544483985765
0.34991119005328597
0.35106382978723405
0.35221238938053095
0.35335689045936397
0.3544973544973545
0.35563380281690143
0.30851063829787234
0.3095599393019727
0.3106060606060606
0.31164901664145234
0.31268882175226587
0.3137254901960784
0.3147590361445783
0.3157894736842105
0.31681681681681684
0.31784107946026985
0.3188622754491018
0.31988041853512705
0.3208955223880597
0.32190760059612517
0.3229166666666667
0.32392273402674593
0.3058659217877095
