1.0
1.0
1.0
1.0
1.0
1.0
1.0
1.0
1.0
1.0
1.0
1.0
1.0
1.0
1.0
1.0
1.0
1.0
1.0
1.0
0.22826086956521738
0.23655913978494625
0.24468085106382978
0.25263157894736843
0.2604166666666667
0.26804123711340205
0.2755102040816326
0.2828282828282828
0.29
0.297029702970297
0.30392156862745096
0.3106796116504854
0.3173076923076923
0.3238095238095238
0.24822695035460993
0.2535211267605634
0.25170068027210885
0.25675675675675674
0.26174496644295303
0.26666666666666666
0.1646586345381526
0.168
0.17131474103585656
0.1746031746031746
0.17786561264822134
0.18110236220472442
0.1843137254901961
0.1875
0.19066147859922178
0.1937984496124031
0.1969111969111969
0.2
0.20306513409961685
0.20610687022900764
0.20912547528517111
0.21212121212121213
0.21509433962264152
0.21804511278195488
0.2209737827715356
0.22388059701492538
0.22676579925650558
0.22962962962962963
0.23247232472324722
0.23529411764705882
0.23809523809523808
0.24087591240875914
0.24363636363636362
0.2463768115942029
0.25
0.2536231884057971
0.2572463768115942
0.2608695652173913
0.2644927536231884
0.26811594202898553
0.2717391304347826
0.2753623188405797
0.27898550724637683
0.2826086956521739
0.286231884057971
0.2898550724637681
0.29347826086956524
0.2971014492753623
0.3007246376811594
0.30434782608695654
0.3079710144927536
0.3115942028985507
0.31521739130434784
0.3188405797101449
0.322463768115942
0.32608695652173914
0.32971014492753625
0.3333333333333333
0.33695652173913043
0.34057971014492755
0.3442028985507246
0.34782608695652173
0.35144927536231885
0.35507246376811596
0.358695652173913
0.36231884057971014
0.36594202898550726
0.3695652173913043
0.37318840579710144
0.37681159420289856
0.3804347826086957
0.38405797101449274
0.38768115942028986
0.391304347826087
0.39492753623188404
0.39855072463768115
0.40217391304347827
0.4057971014492754
0.40942028985507245
0.41304347826086957
0.4166666666666667
0.42028985507246375
0.42391304347826086
0.427536231884058
0.4311594202898551
0.43478260869565216
0.4384057971014493
0.4420289855072464
0.44565217391304346
0.4492753623188406
0.4528985507246377
0.45652173913043476
0.4601449275362319
0.463768115942029
0.4673913043478261
0.47101449275362317
0.4746376811594203
0.4782608695652174
0.48188405797101447
0.4855072463768116
0.4891304347826087
0.4927536231884058
0.4963768115942029
0.5
0.5036231884057971
0.5072463768115942
0.5108695652173914
0.5144927536231884
0.5181159420289855
0.5217391304347826
0.5253623188405797
0.5289855072463768
0.532608695652174
0.5362318840579711
0.5398550724637681
0.5434782608695652
0.5471014492753623
0.5507246376811594
0.5543478260869565
0.5579710144927537
0.5615942028985508
0.5652173913043478
0.5688405797101449
0.572463768115942
0.5760869565217391
0.5797101449275363
0.5833333333333334
0.5869565217391305
0.5905797101449275
0.5942028985507246
0.5978260869565217
0.5992779783393501
0.6007194244604317
0.6021505376344086
0.6035714285714285
0.604982206405694
0.6063829787234043
0.607773851590106
0.6091549295774648
0.6105263157894737
0.6118881118881119
0.6132404181184669
0.6145833333333334
0.615916955017301
0.6172413793103448
0.6185567010309279
0.6198630136986302
0.621160409556314
0.6224489795918368
0.6237288135593221
0.625
0.6262626262626263
0.62751677852349
0.6287625418060201
0.63
0.6312292358803987
0.6324503311258278
0.6336633663366337
0.6348684210526315
0.6360655737704918
0.6372549019607843
0.6384364820846905
0.6396103896103896
0.6407766990291263
0.6419354838709678
0.6430868167202572
0.6442307692307693
0.645367412140575
0.6464968152866242
0.6476190476190476
0.6487341772151899
0.6498422712933754
0.6509433962264151
0.6520376175548589
0.653125
0.6542056074766355
0.65527950310559
0.6563467492260062
0.6574074074074074
0.6584615384615384
0.6595092024539877
0.6605504587155964
0.6615853658536586
0.662613981762918
0.6636363636363637
0.6646525679758308
0.6656626506024096
0.6686746987951807
0.6716867469879518
0.6746987951807228
0.677710843373494
0.6807228915662651
0.6816816816816816
0.6826347305389222
0.6856287425149701
0.688622754491018
0.6916167664670658
0.6946107784431138
0.6955223880597015
0.6964285714285714
0.6973293768545994
0.6982248520710059
0.6991150442477876
0.7
0.7008797653958945
0.7017543859649122
0.7026239067055393
0.7034883720930233
0.7043478260869566
0.7052023121387283
0.7060518731988472
0.7068965517241379
0.7077363896848138
0.7085714285714285
0.7094017094017094
0.7102272727272727
0.7110481586402266
0.711864406779661
0.7126760563380282
0.7134831460674157
0.7142857142857143
0.7150837988826816
0.7158774373259053
0.7166666666666667
0.7174515235457064
0.7182320441988951
0.71900826446281
0.7197802197802198
0.7225274725274725
0.7252747252747253
0.728021978021978
0.7307692307692307
0.7335164835164835
0.7342465753424657
0.7349726775956285
0.7356948228882834
0.7364130434782609
0.7371273712737128
0.7378378378378379
0.738544474393531
0.739247311827957
0.739946380697051
0.7406417112299465
0.7413333333333333
0.7420212765957447
0.7427055702917772
0.7433862433862434
0.7440633245382586
0.7447368421052631
0.7454068241469817
0.7480314960629921
0.7506561679790026
0.7532808398950132
0.7559055118110236
0.756544502617801
0.7571801566579635
0.7578125
0.7584415584415585
0.7590673575129534
0.7596899224806202
0.7603092783505154
0.7609254498714653
0.7615384615384615
0.7621483375959079
0.7627551020408163
0.7633587786259542
0.7639593908629442
0.7645569620253164
0.7651515151515151
0.7657430730478589
0.7663316582914573
0.7669172932330827
0.7675
0.7680798004987531
0.7686567164179104
0.7692307692307693
0.7698019801980198
0.7703703703703704
0.770935960591133
0.7733990147783252
0.7758620689655172
0.7764127764127764
0.7769607843137255
0.7775061124694377
0.7780487804878049
0.7785888077858881
0.779126213592233
0.7796610169491526
0.7801932367149759
0.7807228915662651
0.78125
0.7817745803357314
0.7822966507177034
0.7828162291169452
0.7833333333333333
0.7838479809976246
0.7862232779097387
0.7885985748218527
0.7909738717339667
0.7933491686460807
0.7957244655581948
0.7962085308056872
0.7966903073286052
0.7971698113207547
0.7976470588235294
0.7981220657276995
0.7985948477751756
0.7990654205607477
0.8014018691588785
0.8037383177570093
0.8060747663551402
0.8084112149532711
0.8107476635514018
0.8111888111888111
0.8116279069767441
0.8120649651972158
0.8125
0.812933025404157
0.8133640552995391
0.8137931034482758
0.8160919540229885
0.8165137614678899
0.816933638443936
0.817351598173516
0.8177676537585421
0.8200455580865603
0.8223234624145785
0.8246013667425968
0.826879271070615
0.8291571753986332
0.8314350797266514
0.8337129840546698
0.835990888382688
0.8382687927107062
0.8405466970387244
0.8428246013667426
0.8451025056947609
0.8473804100227791
0.8477272727272728
0.85
0.8503401360544217
0.8506787330316742
0.8510158013544018
0.8513513513513513
0.851685393258427
0.852017937219731
0.8523489932885906
0.8526785714285714
0.8530066815144766
0.8533333333333334
1.0
1.0
1.0
1.0
1.0
1.0
1.0
1.0
1.0
1.0
1.0
1.0
1.0
1.0
1.0
1.0
1.0
1.0
1.0
1.0
0.22826086956521738
0.23655913978494625
0.24468085106382978
0.25263157894736843
0.2604166666666667
0.26804123711340205
0.2755102040816326
0.2828282828282828
0.29
0.297029702970297
0.30392156862745096
0.3106796116504854
0.3173076923076923
0.3238095238095238
0.24822695035460993
0.2535211267605634
0.25170068027210885
0.25675675675675674
0.26174496644295303
0.26666666666666666
0.1646586345381526
0.168
0.17131474103585656
0.1746031746031746
0.17786561264822134
0.18110236220472442
0.1843137254901961
0.1875
0.19066147859922178
0.1937984496124031
0.1969111969111969
0.2
0.20306513409961685
0.20610687022900764
0.20912547528517111
0.21212121212121213
0.21509433962264152
0.21804511278195488
0.2209737827715356
0.22388059701492538
0.22676579925650558
0.22962962962962963
0.23247232472324722
0.23529411764705882
0.23809523809523808
0.24087591240875914
0.24363636363636362
0.2463768115942029
0.25
0.2536231884057971
0.2572463768115942
0.2608695652173913
0.2644927536231884
0.26811594202898553
0.2717391304347826
0.2753623188405797
0.27898550724637683
0.2826086956521739
0.286231884057971
0.2898550724637681
0.29347826086956524
0.2971014492753623
0.3007246376811594
0.30434782608695654
0.3079710144927536
0.3115942028985507
0.31521739130434784
0.3188405797101449
0.322463768115942
0.32608695652173914
0.32971014492753625
0.3333333333333333
0.33695652173913043
0.34057971014492755
0.3442028985507246
0.34782608695652173
0.35144927536231885
0.35507246376811596
0.358695652173913
0.36231884057971014
0.36594202898550726
0.3695652173913043
0.37318840579710144
0.37681159420289856
0.3804347826086957
0.38405797101449274
0.38768115942028986
0.391304347826087
0.39492753623188404
0.39855072463768115
0.40217391304347827
0.4057971014492754
0.40942028985507245
0.41304347826086957
0.4166666666666667
0.42028985507246375
0.42391304347826086
0.427536231884058
0.4311594202898551
0.43478260869565216
0.4384057971014493
0.4420289855072464
0.44565217391304346
0.4492753623188406
0.4528985507246377
0.45652173913043476
0.4601449275362319
0.463768115942029
0.4673913043478261
0.47101449275362317
0.4746376811594203
0.4782608695652174
0.48188405797101447
0.4855072463768116
0.4891304347826087
0.4927536231884058
0.4963768115942029
0.5
0.5036231884057971
0.5072463768115942
0.5108695652173914
0.5144927536231884
0.5181159420289855
0.5217391304347826
0.5253623188405797
0.5289855072463768
0.532608695652174
0.5362318840579711
0.5398550724637681
0.5434782608695652
0.5471014492753623
0.5507246376811594
0.5543478260869565
0.5579710144927537
0.5615942028985508
0.5652173913043478
0.5688405797101449
0.572463768115942
0.5760869565217391
0.5797101449275363
0.5833333333333334
0.5869565217391305
0.5905797101449275
0.5942028985507246
0.5978260869565217
0.5992779783393501
0.6007194244604317
0.6021505376344086
0.6035714285714285
0.604982206405694
0.6063829787234043
0.607773851590106
0.6091549295774648
0.6105263157894737
0.6118881118881119
0.6132404181184669
0.6145833333333334
0.615916955017301
0.6172413793103448
0.6185567010309279
0.6198630136986302
0.621160409556314
0.6224489795918368
0.6237288135593221
0.625
0.6262626262626263
0.62751677852349
0.6287625418060201
0.63
0.6312292358803987
0.6324503311258278
0.6336633663366337
0.6348684210526315
0.6360655737704918
0.6372549019607843
0.6384364820846905
0.6396103896103896
0.6407766990291263
0.6419354838709678
0.6430868167202572
0.6442307692307693
0.645367412140575
0.6464968152866242
0.6476190476190476
0.6487341772151899
0.6498422712933754
0.6509433962264151
0.6520376175548589
0.653125
0.6542056074766355
0.65527950310559
0.6563467492260062
0.6574074074074074
0.6584615384615384
0.6595092024539877
0.6605504587155964
0.6615853658536586
0.662613981762918
0.6636363636363637
0.6646525679758308
0.6656626506024096
0.6686746987951807
0.6716867469879518
0.6746987951807228
0.677710843373494
0.6807228915662651
0.6816816816816816
0.6826347305389222
0.6856287425149701
0.688622754491018
0.6916167664670658
0.6946107784431138
0.6955223880597015
0.6964285714285714
0.6973293768545994
0.6982248520710059
0.6991150442477876
0.7
0.7008797653958945
0.7017543859649122
0.7026239067055393
0.7034883720930233
0.7043478260869566
0.7052023121387283
0.7060518731988472
0.7068965517241379
0.7077363896848138
0.7085714285714285
0.7094017094017094
0.7102272727272727
0.7110481586402266
0.711864406779661
0.7126760563380282
0.7134831460674157
0.7142857142857143
0.7150837988826816
0.7158774373259053
0.7166666666666667
0.7174515235457064
0.7182320441988951
0.71900826446281
0.7197802197802198
0.7225274725274725
0.7252747252747253
0.728021978021978
0.7307692307692307
0.7335164835164835
0.7342465753424657
0.7349726775956285
0.7356948228882834
0.7364130434782609
0.7371273712737128
0.7378378378378379
0.738544474393531
0.739247311827957
0.739946380697051
0.7406417112299465
0.7413333333333333
0.7420212765957447
0.7427055702917772
0.7433862433862434
0.7440633245382586
0.7447368421052631
0.7454068241469817
0.7480314960629921
0.7506561679790026
0.7532808398950132
0.7559055118110236
0.756544502617801
0.7571801566579635
0.7578125
0.7584415584415585
0.7590673575129534
0.7596899224806202
0.7603092783505154
0.7609254498714653
0.7615384615384615
0.7621483375959079
0.7627551020408163
0.7633587786259542
0.7639593908629442
0.7645569620253164
0.7651515151515151
0.7657430730478589
0.7663316582914573
0.7669172932330827
0.7675
0.7680798004987531
0.7686567164179104
0.7692307692307693
0.7698019801980198
0.7703703703703704
0.770935960591133
0.7733990147783252
0.7758620689655172
0.7764127764127764
0.7769607843137255
0.7775061124694377
0.7780487804878049
0.7785888077858881
0.779126213592233
0.7796610169491526
0.7801932367149759
0.7807228915662651
0.78125
0.7817745803357314
0.7822966507177034
0.7828162291169452
0.7833333333333333
0.7838479809976246
0.7862232779097387
0.7885985748218527
0.7909738717339667
0.7933491686460807
0.7957244655581948
0.7962085308056872
0.7966903073286052
0.7971698113207547
0.7976470588235294
0.7981220657276995
0.7985948477751756
0.7990654205607477
0.8014018691588785
0.8037383177570093
0.8060747663551402
0.8084112149532711
0.8107476635514018
0.8111888111888111
0.8116279069767441
0.8120649651972158
0.8125
0.812933025404157
0.8133640552995391
0.8137931034482758
0.8160919540229885
0.8165137614678899
0.816933638443936
0.817351598173516
0.8177676537585421
0.8200455580865603
0.8223234624145785
0.8246013667425968
0.826879271070615
0.8291571753986332
0.8314350797266514
0.8337129840546698
0.835990888382688
0.8382687927107062
0.8405466970387244
0.8428246013667426
0.8451025056947609
0.8473804100227791
0.8477272727272728
0.85
0.8503401360544217
0.8506787330316742
0.8510158013544018
0.8513513513513513
0.851685393258427
0.852017937219731
0.8523489932885906
0.8526785714285714
0.8530066815144766
0.8533333333333334
1.0
1.0
1.0
1.0
1.0
1.0
1.0
1.0
1.0
1.0
1.0
1.0
1.0
1.0
1.0
1.0
1.0
1.0
1.0
1.0
1.0
1.0
1.0
1.0
1.0
1.0
1.0
1.0
1.0
1.0
1.0
1.0
1.0
1.0
1.0
1.0
1.0
1.0
1.0
1.0
1.0
1.0
1.0
1.0
1.0
1.0
1.0
1.0
1.0
1.0
1.0
1.0
1.0
1.0
1.0
1.0
1.0
1.0
1.0
1.0
1.0
1.0
1.0
1.0
1.0
1.0
1.0
1.0
1.0
1.0
1.0
1.0
1.0
1.0
1.0
1.0
1.0
1.0
1.0
1.0
1.0
1.0
1.0
1.0
1.0
1.0
1.0
1.0
1.0
1.0
1.0
1.0
1.0
1.0
1.0
1.0
1.0
1.0
1.0
1.0
1.0
1.0
1.0
1.0
1.0
1.0
1.0
1.0
1.0
1.0
1.0
1.0
1.0
1.0
1.0
1.0
1.0
1.0
1.0
1.0
1.0
1.0
1.0
1.0
1.0
1.0
1.0
1.0
1.0
1.0
1.0
1.0
1.0
1.0
1.0
1.0
1.0
1.0
1.0
1.0
1.0
1.0
1.0
1.0
1.0
1.0
1.0
1.0
1.0
1.0
1.0
1.0
1.0
1.0
1.0
1.0
1.0
1.0
1.0
1.0
1.0
1.0
1.0
1.0
1.0
1.0
1.0
1.0
1.0
1.0
1.0
1.0
1.0
1.0
1.0
1.0
1.0
1.0
1.0
1.0
1.0
1.0
1.0
1.0
1.0
1.0
1.0
1.0
1.0
1.0
1.0
1.0
1.0
1.0
1.0
1.0
1.0
1.0
1.0
1.0
1.0
1.0
1.0
1.0
1.0
1.0
1.0
1.0
1.0
1.0
1.0
1.0
1.0
1.0
1.0
1.0
1.0
1.0
1.0
1.0
1.0
1.0
1.0
1.0
1.0
1.0
1.0
1.0
1.0
1.0
1.0
1.0
1.0
1.0
1.0
1.0
1.0
1.0
1.0
1.0
1.0
1.0
1.0
1.0
1.0
1.0
1.0
1.0
1.0
1.0
1.0
1.0
1.0
1.0
1.0
1.0
1.0
1.0
1.0
1.0
1.0
1.0
1.0
1.0
1.0
1.0
1.0
1.0
1.0
1.0
1.0
1.0
1.0
1.0
1.0
1.0
1.0
1.0
1.0
1.0
1.0
1.0
1.0
1.0
1.0
1.0
1.0
1.0
1.0
1.0
1.0
1.0
1.0
1.0
1.0
1.0
1.0
1.0
1.0
1.0
1.0
1.0
1.0
1.0
1.0
1.0
1.0
1.0
1.0
1.0
1.0
1.0
1.0
1.0
1.0
1.0
1.0
1.0
1.0
1.0
1.0
1.0
1.0
1.0
1.0
1.0
1.0
1.0
1.0
1.0
1.0
1.0
1.0
1.0
1.0
1.0
1.0
1.0
1.0
1.0
1.0
1.0
1.0
1.0
1.0
1.0
1.0
1.0
1.0
1.0
1.0
1.0
1.0
1.0
1.0
1.0
1.0
1.0
1.0
1.0
1.0
1.0
1.0
1.0
1.0
1.0
1.0
1.0
1.0
1.0
1.0
1.0
1.0
1.0
1.0
1.0
1.0
1.0
1.0
1.0
1.0
1.0
1.0
1.0
1.0
1.0
1.0
1.0
1.0
1.0
1.0
1.0
1.0
1.0
1.0
1.0
1.0
1.0
1.0
1.0
1.0
1.0
1.0
1.0
0.22826086956521738
0.23655913978494625
0.24468085106382978
0.25263157894736843
0.2604166666666667
0.26804123711340205
0.2755102040816326
0.2828282828282828
0.29
0.297029702970297
0.30392156862745096
0.3106796116504854
0.3173076923076923
0.3238095238095238
0.24822695035460993
0.2535211267605634
0.25170068027210885
0.25675675675675674
0.26174496644295303
0.26666666666666666
0.1646586345381526
0.168
0.17131474103585656
0.1746031746031746
0.17786561264822134
0.18110236220472442
0.1843137254901961
0.1875
0.19066147859922178
0.1937984496124031
0.1969111969111969
0.2
0.20306513409961685
0.20610687022900764
0.20912547528517111
0.21212121212121213
0.21509433962264152
0.21804511278195488
0.2209737827715356
0.22388059701492538
0.22676579925650558
0.22962962962962963
0.23247232472324722
0.23529411764705882
0.23809523809523808
0.24087591240875914
0.24363636363636362
0.2463768115942029
0.25
0.2536231884057971
0.2572463768115942
0.2608695652173913
0.2644927536231884
0.26811594202898553
0.2717391304347826
0.2753623188405797
0.27898550724637683
0.2826086956521739
0.286231884057971
0.2898550724637681
0.29347826086956524
0.2971014492753623
0.3007246376811594
0.30434782608695654
0.3079710144927536
0.3115942028985507
0.31521739130434784
0.3188405797101449
0.322463768115942
0.32608695652173914
0.32971014492753625
0.3333333333333333
0.33695652173913043
0.34057971014492755
0.3442028985507246
0.34782608695652173
0.35144927536231885
0.35507246376811596
0.358695652173913
0.36231884057971014
0.36594202898550726
0.3695652173913043
0.37318840579710144
0.37681159420289856
0.3804347826086957
0.38405797101449274
0.38768115942028986
0.391304347826087
0.39492753623188404
0.39855072463768115
0.40217391304347827
0.4057971014492754
0.40942028985507245
0.41304347826086957
0.4166666666666667
0.42028985507246375
0.42391304347826086
0.427536231884058
0.4311594202898551
0.43478260869565216
0.4384057971014493
0.4420289855072464
0.44565217391304346
0.4492753623188406
0.4528985507246377
0.45652173913043476
0.4601449275362319
0.463768115942029
0.4673913043478261
0.47101449275362317
0.4746376811594203
0.4782608695652174
0.48188405797101447
0.4855072463768116
0.4891304347826087
0.4927536231884058
0.4963768115942029
0.5
0.5036231884057971
0.5072463768115942
0.5108695652173914
0.5144927536231884
0.5181159420289855
0.5217391304347826
0.5253623188405797
0.5289855072463768
0.532608695652174
0.5362318840579711
0.5398550724637681
0.5434782608695652
0.5471014492753623
0.5507246376811594
0.5543478260869565
0.5579710144927537
0.5615942028985508
0.5652173913043478
0.5688405797101449
0.572463768115942
0.5760869565217391
0.5797101449275363
0.5833333333333334
0.5869565217391305
0.5905797101449275
0.5942028985507246
0.5978260869565217
0.5992779783393501
0.6007194244604317
0.6021505376344086
0.6035714285714285
0.604982206405694
0.6063829787234043
0.607773851590106
0.6091549295774648
0.6105263157894737
0.6118881118881119
0.6132404181184669
0.6145833333333334
0.615916955017301
0.6172413793103448
0.6185567010309279
0.6198630136986302
0.621160409556314
0.6224489795918368
0.6237288135593221
0.625
0.6262626262626263
0.62751677852349
0.6287625418060201
0.63
0.6312292358803987
0.6324503311258278
0.6336633663366337
0.6348684210526315
0.6360655737704918
0.6372549019607843
0.6384364820846905
0.6396103896103896
0.6407766990291263
0.6419354838709678
0.6430868167202572
0.6442307692307693
0.645367412140575
0.6464968152866242
0.6476190476190476
0.6487341772151899
0.6498422712933754
0.6509433962264151
0.6520376175548589
0.653125
0.6542056074766355
0.65527950310559
0.6563467492260062
0.6574074074074074
0.6584615384615384
0.6595092024539877
0.6605504587155964
0.6615853658536586
0.662613981762918
0.6636363636363637
0.6646525679758308
0.6656626506024096
0.6686746987951807
0.6716867469879518
0.6746987951807228
0.677710843373494
0.6807228915662651
0.6816816816816816
0.6826347305389222
0.6856287425149701
0.688622754491018
0.6916167664670658
0.6946107784431138
0.6955223880597015
0.6964285714285714
0.6973293768545994
0.6982248520710059
0.6991150442477876
0.7
0.7008797653958945
0.7017543859649122
0.7026239067055393
0.7034883720930233
0.7043478260869566
0.7052023121387283
0.7060518731988472
0.7068965517241379
0.7077363896848138
0.7085714285714285
0.7094017094017094
0.7102272727272727
0.7110481586402266
0.711864406779661
0.7126760563380282
0.7134831460674157
0.7142857142857143
0.7150837988826816
0.7158774373259053
0.7166666666666667
0.7174515235457064
0.7182320441988951
0.71900826446281
0.7197802197802198
0.7225274725274725
0.7252747252747253
0.728021978021978
0.7307692307692307
0.7335164835164835
0.7342465753424657
0.7349726775956285
0.7356948228882834
0.7364130434782609
0.7371273712737128
0.7378378378378379
0.738544474393531
0.739247311827957
0.739946380697051
0.7406417112299465
0.7413333333333333
0.7420212765957447
0.7427055702917772
0.7433862433862434
0.7440633245382586
0.7447368421052631
0.7454068241469817
0.7480314960629921
0.7506561679790026
0.7532808398950132
0.7559055118110236
0.756544502617801
0.7571801566579635
0.7578125
0.7584415584415585
0.7590673575129534
0.7596899224806202
0.7603092783505154
0.7609254498714653
0.7615384615384615
0.7621483375959079
0.7627551020408163
0.7633587786259542
0.7639593908629442
0.7645569620253164
0.7651515151515151
0.7657430730478589
0.7663316582914573
0.7669172932330827
0.7675
0.7680798004987531
0.7686567164179104
0.7692307692307693
0.7698019801980198
0.7703703703703704
0.770935960591133
0.7733990147783252
0.7758620689655172
0.7764127764127764
0.7769607843137255
0.7775061124694377
0.7780487804878049
0.7785888077858881
0.779126213592233
0.7796610169491526
0.7801932367149759
0.7807228915662651
0.78125
0.7817745803357314
0.7822966507177034
0.7828162291169452
0.7833333333333333
0.7838479809976246
0.7862232779097387
0.7885985748218527
0.7909738717339667
0.7933491686460807
0.7957244655581948
0.7962085308056872
0.7966903073286052
0.7971698113207547
0.7976470588235294
0.7981220657276995
0.7985948477751756
0.7990654205607477
0.8014018691588785
0.8037383177570093
0.8060747663551402
0.8084112149532711
0.8107476635514018
0.8111888111888111
0.8116279069767441
0.8120649651972158
0.8125
0.812933025404157
0.8133640552995391
0.8137931034482758
0.8160919540229885
0.8165137614678899
0.816933638443936
0.817351598173516
0.8177676537585421
0.8200455580865603
0.8223234624145785
0.8246013667425968
0.826879271070615
0.8291571753986332
0.8314350797266514
0.8337129840546698
0.835990888382688
0.8382687927107062
0.8405466970387244
0.8428246013667426
0.8451025056947609
0.8473804100227791
0.8477272727272728
0.85
0.8503401360544217
0.8506787330316742
0.8510158013544018
0.8513513513513513
0.851685393258427
0.852017937219731
0.8523489932885906
0.8526785714285714
0.8530066815144766
0.8533333333333334
1.0
1.0
1.0
1.0
1.0
1.0
1.0
1.0
1.0
1.0
1.0
1.0
1.0
1.0
1.0
1.0
1.0
1.0
1.0
1.0
0.22826086956521738
0.23655913978494625
0.24468085106382978
0.25263157894736843
0.2604166666666667
0.26804123711340205
0.2755102040816326
0.2828282828282828
0.29
0.297029702970297
0.30392156862745096
0.3106796116504854
0.3173076923076923
0.3238095238095238
0.24822695035460993
0.2535211267605634
0.25170068027210885
0.25675675675675674
0.26174496644295303
0.26666666666666666
0.1646586345381526
0.168
0.17131474103585656
0.1746031746031746
0.17786561264822134
0.18110236220472442
0.1843137254901961
0.1875
0.19066147859922178
0.1937984496124031
0.1969111969111969
0.2
0.20306513409961685
0.20610687022900764
0.20912547528517111
0.21212121212121213
0.21509433962264152
0.21804511278195488
0.2209737827715356
0.22388059701492538
0.22676579925650558
0.22962962962962963
0.23247232472324722
0.23529411764705882
0.23809523809523808
0.24087591240875914
0.24363636363636362
0.2463768115942029
0.25
0.2536231884057971
0.2572463768115942
0.2608695652173913
0.2644927536231884
0.26811594202898553
0.2717391304347826
0.2753623188405797
0.27898550724637683
0.2826086956521739
0.286231884057971
0.2898550724637681
0.29347826086956524
0.2971014492753623
0.3007246376811594
0.30434782608695654
0.3079710144927536
0.3115942028985507
0.31521739130434784
0.3188405797101449
0.322463768115942
0.32608695652173914
0.32971014492753625
0.3333333333333333
0.33695652173913043
0.34057971014492755
0.3442028985507246
0.34782608695652173
0.35144927536231885
0.35507246376811596
0.358695652173913
0.36231884057971014
0.36594202898550726
0.3695652173913043
0.37318840579710144
0.37681159420289856
0.3804347826086957
0.38405797101449274
0.38768115942028986
0.391304347826087
0.39492753623188404
0.39855072463768115
0.40217391304347827
0.4057971014492754
0.40942028985507245
0.41304347826086957
0.4166666666666667
0.42028985507246375
0.42391304347826086
0.427536231884058
0.4311594202898551
0.43478260869565216
0.4384057971014493
0.4420289855072464
0.44565217391304346
0.4492753623188406
0.4528985507246377
0.45652173913043476
0.4601449275362319
0.463768115942029
0.4673913043478261
0.47101449275362317
0.4746376811594203
0.4782608695652174
0.48188405797101447
0.4855072463768116
0.4891304347826087
0.4927536231884058
0.4963768115942029
0.5
0.5036231884057971
0.5072463768115942
0.5108695652173914
0.5144927536231884
0.5181159420289855
0.5217391304347826
0.5253623188405797
0.5289855072463768
0.532608695652174
0.5362318840579711
0.5398550724637681
0.5434782608695652
0.5471014492753623
0.5507246376811594
0.5543478260869565
0.5579710144927537
0.5615942028985508
0.5652173913043478
0.5688405797101449
0.572463768115942
0.5760869565217391
0.5797101449275363
0.5833333333333334
0.5869565217391305
0.5905797101449275
0.5942028985507246
0.5978260869565217
0.5992779783393501
0.6007194244604317
0.6021505376344086
0.6035714285714285
0.604982206405694
0.6063829787234043
0.607773851590106
0.6091549295774648
0.6105263157894737
0.6118881118881119
0.6132404181184669
0.6145833333333334
0.615916955017301
0.6172413793103448
0.6185567010309279
0.6198630136986302
0.621160409556314
0.6224489795918368
0.6237288135593221
0.625
0.6262626262626263
0.62751677852349
0.6287625418060201
0.63
0.6312292358803987
0.6324503311258278
0.6336633663366337
0.6348684210526315
0.6360655737704918
0.6372549019607843
0.6384364820846905
0.6396103896103896
0.6407766990291263
0.6419354838709678
1.0
1.0
1.0
1.0
1.0
1.0
1.0
1.0
1.0
1.0
1.0
1.0
1.0
1.0
1.0
1.0
1.0
1.0
1.0
1.0
1.0
1.0
0.22826086956521738
0.23655913978494625
0.24468085106382978
0.25263157894736843
0.2604166666666667
0.26804123711340205
0.2755102040816326
0.2828282828282828
0.29
0.297029702970297
0.30392156862745096
0.3106796116504854
0.3173076923076923
0.3238095238095238
0.24822695035460993
0.2535211267605634
0.25170068027210885
0.25675675675675674
0.26174496644295303
0.26666666666666666
0.1646586345381526
0.168
0.17131474103585656
0.1746031746031746
0.17786561264822134
0.18110236220472442
0.1843137254901961
0.1875
0.19066147859922178
0.1937984496124031
0.1969111969111969
0.2
0.20306513409961685
0.20610687022900764
0.20912547528517111
0.21212121212121213
0.21509433962264152
0.21804511278195488
0.2209737827715356
0.22388059701492538
0.22676579925650558
0.22962962962962963
0.23247232472324722
0.23529411764705882
0.23809523809523808
0.24087591240875914
0.24363636363636362
0.2463768115942029
0.25
0.2536231884057971
0.2572463768115942
0.2608695652173913
0.2644927536231884
0.26811594202898553
0.2717391304347826
0.2753623188405797
0.27898550724637683
0.2826086956521739
0.286231884057971
0.2898550724637681
0.29347826086956524
0.2971014492753623
0.3007246376811594
0.30434782608695654
0.3079710144927536
0.3115942028985507
0.31521739130434784
0.3188405797101449
0.322463768115942
0.32608695652173914
0.32971014492753625
0.3333333333333333
0.33695652173913043
0.34057971014492755
0.3442028985507246
0.34782608695652173
0.35144927536231885
0.35507246376811596
0.358695652173913
0.36231884057971014
0.36594202898550726
0.3695652173913043
0.37318840579710144
0.37681159420289856
0.3804347826086957
0.38405797101449274
0.38768115942028986
0.391304347826087
0.39492753623188404
0.39855072463768115
0.40217391304347827
0.4057971014492754
0.40942028985507245
0.41304347826086957
0.4166666666666667
0.42028985507246375
0.42391304347826086
0.427536231884058
0.4311594202898551
0.43478260869565216
0.4384057971014493
0.4420289855072464
0.44565217391304346
0.4492753623188406
0.4528985507246377
0.45652173913043476
0.4601449275362319
0.463768115942029
0.4673913043478261
0.47101449275362317
0.4746376811594203
0.4782608695652174
0.48188405797101447
0.4855072463768116
0.4891304347826087
0.4927536231884058
0.4963768115942029
0.5
0.5036231884057971
0.5072463768115942
0.5108695652173914
0.5144927536231884
0.5181159420289855
0.5217391304347826
0.5253623188405797
0.5289855072463768
0.532608695652174
0.5362318840579711
0.5398550724637681
0.5434782608695652
0.5471014492753623
0.5507246376811594
0.5543478260869565
0.5579710144927537
0.5615942028985508
0.5652173913043478
0.5688405797101449
0.572463768115942
0.5760869565217391
0.5797101449275363
0.5833333333333334
0.5869565217391305
0.5905797101449275
0.5942028985507246
0.5978260869565217
0.5992779783393501
0.6007194244604317
0.6021505376344086
0.6035714285714285
0.604982206405694
0.6063829787234043
0.607773851590106
0.6091549295774648
0.6105263157894737
0.6118881118881119
0.6132404181184669
0.6145833333333334
0.615916955017301
0.6172413793103448
0.6185567010309279
0.6198630136986302
0.621160409556314
0.6224489795918368
0.6237288135593221
0.625
0.6262626262626263
0.62751677852349
0.6287625418060201
0.63
0.6312292358803987
0.6324503311258278
0.6336633663366337
0.6348684210526315
0.6360655737704918
0.6372549019607843
0.6384364820846905
0.6396103896103896
0.6407766990291263
0.6419354838709678
0.6430868167202572
0.6442307692307693
0.645367412140575
0.6464968152866242
0.6476190476190476
0.6487341772151899
0.6498422712933754
0.6509433962264151
0.6520376175548589
0.653125
0.6542056074766355
0.65527950310559
0.6563467492260062
0.6574074074074074
0.6584615384615384
0.6595092024539877
0.6605504587155964
0.6615853658536586
0.662613981762918
0.6636363636363637
0.6646525679758308
0.6656626506024096
0.6686746987951807
0.6716867469879518
0.6746987951807228
0.677710843373494
0.6807228915662651
0.6816816816816816
0.6826347305389222
0.6856287425149701
0.688622754491018
0.6916167664670658
0.6946107784431138
0.6955223880597015
0.6964285714285714
0.6973293768545994
0.6982248520710059
0.6991150442477876
0.7
0.7008797653958945
0.7017543859649122
0.7026239067055393
0.7034883720930233
0.7043478260869566
0.7052023121387283
0.7060518731988472
0.7068965517241379
0.7077363896848138
0.7085714285714285
0.7094017094017094
0.7102272727272727
0.7110481586402266
0.711864406779661
0.7126760563380282
0.7134831460674157
0.7142857142857143
0.7150837988826816
0.7158774373259053
0.7166666666666667
0.7174515235457064
0.7182320441988951
0.71900826446281
0.7197802197802198
0.7225274725274725
0.7252747252747253
0.728021978021978
0.7307692307692307
0.7335164835164835
0.7342465753424657
0.7349726775956285
0.7356948228882834
0.7364130434782609
0.7371273712737128
0.7378378378378379
0.738544474393531
0.739247311827957
0.739946380697051
0.7406417112299465
0.7413333333333333
0.7420212765957447
0.7427055702917772
0.7433862433862434
0.7440633245382586
0.7447368421052631
0.7454068241469817
0.7480314960629921
0.7506561679790026
0.7532808398950132
0.7559055118110236
0.756544502617801
0.7571801566579635
0.7578125
0.7584415584415585
0.7590673575129534
0.7596899224806202
0.7603092783505154
0.7609254498714653
0.7615384615384615
0.7621483375959079
0.7627551020408163
0.7633587786259542
0.7639593908629442
0.7645569620253164
0.7651515151515151
0.7657430730478589
0.7663316582914573
0.7669172932330827
0.7675
0.7680798004987531
0.7686567164179104
0.7692307692307693
0.7698019801980198
0.7703703703703704
0.770935960591133
0.7733990147783252
0.7758620689655172
0.7764127764127764
0.7769607843137255
0.7775061124694377
0.7780487804878049
0.7785888077858881
0.779126213592233
0.7796610169491526
0.7801932367149759
0.7807228915662651
0.78125
0.7817745803357314
0.7822966507177034
0.7828162291169452
0.7833333333333333
0.7838479809976246
0.7862232779097387
0.7885985748218527
0.7909738717339667
0.7933491686460807
0.7957244655581948
0.7962085308056872
0.7966903073286052
0.7971698113207547
0.7976470588235294
0.7981220657276995
0.7985948477751756
0.7990654205607477
0.8014018691588785
0.8037383177570093
0.8060747663551402
0.8084112149532711
0.8107476635514018
0.8111888111888111
0.8116279069767441
0.8120649651972158
0.8125
0.812933025404157
0.8133640552995391
0.8137931034482758
0.8160919540229885
0.8165137614678899
0.816933638443936
0.817351598173516
0.8177676537585421
0.8200455580865603
0.8223234624145785
0.8246013667425968
0.826879271070615
0.8291571753986332
0.8314350797266514
0.8337129840546698
0.835990888382688
0.8382687927107062
0.8405466970387244
0.8428246013667426
0.8451025056947609
0.8473804100227791
0.8477272727272728
0.85
0.8503401360544217
0.8506787330316742
0.8510158013544018
0.8513513513513513
0.851685393258427
0.852017937219731
0.8523489932885906
0.8526785714285714
0.8530066815144766
0.8533333333333334
