1.0
1.0
1.0
1.0
1.0
1.0
1.0
1.0
1.0
1.0
1.0
1.0
1.0
1.0
1.0
1.0
1.0
1.0
1.0
1.0
1.0
1.0
1.0
1.0
1.0
1.0
1.0
1.0
1.0
1.0
1.0
1.0
0.17647058823529413
0.18085106382978725
0.18518518518518517
0.18947368421052632
0.193717277486911
0.19791666666666666
0.20207253886010362
0.20618556701030927
0.21025641025641026
0.21428571428571427
0.2182741116751269
0.2222222222222222
0.22613065326633167
0.23
0.23383084577114427
0.2376237623762376
0.2076271186440678
1.0
1.0
1.0
1.0
1.0
1.0
1.0
1.0
1.0
1.0
1.0
1.0
1.0
1.0
1.0
1.0
1.0
1.0
1.0
1.0
1.0
1.0
1.0
1.0
1.0
1.0
1.0
1.0
1.0
1.0
1.0
1.0
0.17647058823529413
0.18085106382978725
0.18518518518518517
0.18947368421052632
0.193717277486911
0.19791666666666666
0.20207253886010362
0.20618556701030927
0.21025641025641026
0.21428571428571427
0.2182741116751269
0.2222222222222222
0.22613065326633167
0.23
0.23383084577114427
0.2376237623762376
0.2076271186440678
1.0
1.0
1.0
1.0
1.0
1.0
1.0
1.0
1.0
1.0
1.0
1.0
1.0
1.0
1.0
1.0
1.0
1.0
1.0
1.0
1.0
1.0
1.0
1.0
1.0
1.0
1.0
1.0
1.0
1.0
1.0
1.0
1.0
1.0
1.0
1.0
1.0
1.0
1.0
1.0
1.0
1.0
1.0
1.0
1.0
1.0
1.0
1.0
1.0
1.0
1.0
1.0
1.0
1.0
1.0
1.0
1.0
1.0
1.0
1.0
1.0
1.0
1.0
1.0
1.0
1.0
1.0
1.0
1.0
1.0
1.0
1.0
1.0
1.0
1.0
1.0
1.0
1.0
1.0
1.0
1.0
0.17647058823529413
0.18085106382978725
0.18518518518518517
0.18947368421052632
0.193717277486911
0.19791666666666666
0.20207253886010362
0.20618556701030927
0.21025641025641026
0.21428571428571427
0.2182741116751269
0.2222222222222222
0.22613065326633167
0.23
0.23383084577114427
0.2376237623762376
0.2076271186440678
1.0
1.0
1.0
1.0
1.0
1.0
1.0
1.0
1.0
1.0
1.0
1.0
1.0
1.0
1.0
1.0
1.0
1.0
1.0
1.0
1.0
1.0
1.0
1.0
1.0
1.0
1.0
1.0
1.0
1.0
1.0
1.0
0.17647058823529413
0.18085106382978725
0.18518518518518517
0.18947368421052632
0.193717277486911
0.19791666666666666
0.20207253886010362
0.20618556701030927
0.21025641025641026
0.21428571428571427
0.2182741116751269
0.2222222222222222
0.22613065326633167
0.23
0.23383084577114427
0.2376237623762376
0.2076271186440678
1.0
1.0
1.0
1.0
1.0
1.0
1.0
1.0
1.0
1.0
1.0
1.0
1.0
1.0
1.0
1.0
1.0
1.0
1.0
1.0
1.0
1.0
1.0
1.0
1.0
1.0
1.0
1.0
1.0
1.0
1.0
1.0
0.17647058823529413
0.18085106382978725
0.18518518518518517
0.18947368421052632
0.193717277486911
0.19791666666666666
0.20207253886010362
0.20618556701030927
0.21025641025641026
0.21428571428571427
0.2182741116751269
0.2222222222222222
0.22613065326633167
0.23
0.23383084577114427
0.2376237623762376
0.2076271186440678
1.0
1.0
1.0
1.0
1.0
1.0
1.0
1.0
1.0
1.0
1.0
1.0
1.0
1.0
1.0
1.0
1.0
1.0
1.0
1.0
1.0
1.0
1.0
1.0
1.0
1.0
1.0
1.0
1.0
1.0
1.0
1.0
0.17647058823529413
0.18085106382978725
0.18518518518518517
0.18947368421052632
0.193717277486911
0.19791666666666666
0.20207253886010362
0.20618556701030927
0.21025641025641026
0.21428571428571427
0.2182741116751269
0.2222222222222222
0.22613065326633167
0.23
0.23383084577114427
0.2376237623762376
0.2076271186440678
