1.0
1.0
1.0
1.0
1.0
1.0
1.0
1.0
1.0
1.0
1.0
1.0
1.0
1.0
1.0
1.0
1.0
1.0
1.0
1.0
1.0
0.34375
0.35384615384615387
0.36363636363636365
0.373134328358209
0.38235294117647056
0.391304347826087
0.4
0.4084507042253521
0.4166666666666667
0.4246575342465753
0.43243243243243246
0.44
0.4473684210526316
0.45454545454545453
0.46153846153846156
0.46835443037974683
0.475
0.48148148148148145
0.4878048780487805
0.4939759036144578
0.5
0.5058823529411764
0.5116279069767442
0.5172413793103449
0.5227272727272727
0.5280898876404494
0.5393258426966292
0.550561797752809
0.5617977528089888
0.5730337078651685
0.5842696629213483
0.5955056179775281
0.6067415730337079
0.6179775280898876
0.6292134831460674
0.6404494382022472
0.651685393258427
0.6629213483146067
0.6741573033707865
0.6853932584269663
0.6966292134831461
0.7078651685393258
0.7191011235955056
0.7303370786516854
0.7415730337078652
0.7528089887640449
0.7640449438202247
0.7752808988764045
0.7865168539325843
0.797752808988764
0.8089887640449438
0.8202247191011236
0.8314606741573034
0.8426966292134831
0.8539325842696629
0.8651685393258427
0.8764044943820225
0.8876404494382022
0.898876404494382
0.9101123595505618
0.9213483146067416
0.9222222222222223
0.9333333333333333
0.9444444444444444
0.9555555555555556
0.9560439560439561
0.9565217391304348
1.0
1.0
1.0
1.0
1.0
1.0
1.0
1.0
1.0
1.0
1.0
1.0
1.0
1.0
1.0
1.0
1.0
1.0
1.0
1.0
1.0
0.34375
0.35384615384615387
0.36363636363636365
0.373134328358209
0.38235294117647056
0.391304347826087
0.4
0.4084507042253521
0.4166666666666667
0.4246575342465753
0.43243243243243246
0.44
0.4473684210526316
0.45454545454545453
0.46153846153846156
0.46835443037974683
0.475
0.48148148148148145
0.4878048780487805
0.4939759036144578
0.5
0.5058823529411764
0.5116279069767442
0.5172413793103449
0.5227272727272727
0.5280898876404494
0.5393258426966292
0.550561797752809
0.5617977528089888
0.5730337078651685
0.5842696629213483
0.5955056179775281
0.6067415730337079
0.6179775280898876
0.6292134831460674
0.6404494382022472
0.651685393258427
0.6629213483146067
0.6741573033707865
0.6853932584269663
0.6966292134831461
0.7078651685393258
0.7191011235955056
0.7303370786516854
0.7415730337078652
0.7528089887640449
0.7640449438202247
0.7752808988764045
0.7865168539325843
0.797752808988764
0.8089887640449438
0.8202247191011236
0.8314606741573034
0.8426966292134831
0.8539325842696629
0.8651685393258427
0.8764044943820225
0.8876404494382022
0.898876404494382
0.9101123595505618
0.9213483146067416
0.9222222222222223
0.9333333333333333
0.9444444444444444
0.9555555555555556
0.9560439560439561
0.9565217391304348
1.0
1.0
1.0
1.0
1.0
1.0
1.0
1.0
1.0
1.0
1.0
1.0
1.0
1.0
1.0
1.0
1.0
1.0
1.0
1.0
1.0
1.0
1.0
1.0
1.0
1.0
1.0
1.0
1.0
1.0
1.0
1.0
1.0
1.0
1.0
1.0
1.0
1.0
1.0
1.0
1.0
1.0
1.0
1.0
1.0
1.0
1.0
1.0
1.0
1.0
1.0
1.0
1.0
1.0
1.0
1.0
1.0
1.0
1.0
1.0
1.0
1.0
1.0
0.34375
0.35384615384615387
0.36363636363636365
0.373134328358209
0.38235294117647056
0.391304347826087
0.4
0.4084507042253521
0.4166666666666667
0.4246575342465753
0.43243243243243246
0.44
0.4473684210526316
0.45454545454545453
0.46153846153846156
0.46835443037974683
0.475
0.48148148148148145
0.4878048780487805
0.4939759036144578
0.5
0.5058823529411764
0.5116279069767442
0.5172413793103449
0.5227272727272727
0.5280898876404494
0.5393258426966292
0.550561797752809
0.5617977528089888
0.5730337078651685
0.5842696629213483
0.5955056179775281
0.6067415730337079
0.6179775280898876
0.6292134831460674
0.6404494382022472
0.651685393258427
0.6629213483146067
0.6741573033707865
0.6853932584269663
0.6966292134831461
0.7078651685393258
0.7191011235955056
0.7303370786516854
0.7415730337078652
0.7528089887640449
0.7640449438202247
0.7752808988764045
0.7865168539325843
0.797752808988764
0.8089887640449438
0.8202247191011236
0.8314606741573034
0.8426966292134831
0.8539325842696629
0.8651685393258427
0.8764044943820225
0.8876404494382022
0.898876404494382
0.9101123595505618
0.9213483146067416
0.9222222222222223
0.9333333333333333
0.9444444444444444
0.9555555555555556
0.9560439560439561
0.9565217391304348
1.0
1.0
1.0
1.0
1.0
1.0
1.0
1.0
1.0
1.0
1.0
1.0
1.0
1.0
1.0
1.0
1.0
1.0
1.0
1.0
1.0
0.34375
0.35384615384615387
0.36363636363636365
0.373134328358209
0.38235294117647056
0.391304347826087
0.4
0.4084507042253521
0.4166666666666667
0.4246575342465753
0.43243243243243246
0.44
0.4473684210526316
0.45454545454545453
0.46153846153846156
0.46835443037974683
0.475
0.48148148148148145
0.4878048780487805
0.4939759036144578
0.5
0.5058823529411764
0.5116279069767442
0.5172413793103449
0.5227272727272727
0.5280898876404494
0.5393258426966292
0.550561797752809
0.5617977528089888
0.5730337078651685
0.5842696629213483
0.5955056179775281
0.6067415730337079
0.6179775280898876
0.6292134831460674
0.6404494382022472
0.651685393258427
0.6629213483146067
0.6741573033707865
0.6853932584269663
0.6966292134831461
0.7078651685393258
0.7191011235955056
0.7303370786516854
0.7415730337078652
0.7528089887640449
0.7640449438202247
0.7752808988764045
0.7865168539325843
0.797752808988764
0.8089887640449438
0.8202247191011236
0.8314606741573034
0.8426966292134831
0.8539325842696629
0.8651685393258427
0.8764044943820225
0.8876404494382022
0.898876404494382
0.9101123595505618
0.9213483146067416
0.9222222222222223
0.9333333333333333
0.9444444444444444
0.9555555555555556
1.0
1.0
1.0
1.0
1.0
1.0
1.0
1.0
1.0
1.0
1.0
1.0
1.0
1.0
1.0
1.0
1.0
1.0
1.0
1.0
1.0
0.34375
0.35384615384615387
0.36363636363636365
0.373134328358209
0.38235294117647056
0.391304347826087
0.4
0.4084507042253521
0.4166666666666667
0.4246575342465753
0.43243243243243246
0.44
0.4473684210526316
0.45454545454545453
0.46153846153846156
0.46835443037974683
0.475
0.48148148148148145
0.4878048780487805
0.4939759036144578
0.5
0.5058823529411764
0.5116279069767442
0.5172413793103449
0.5227272727272727
0.5280898876404494
0.5393258426966292
0.550561797752809
0.5617977528089888
0.5730337078651685
0.5842696629213483
0.5955056179775281
0.6067415730337079
0.6179775280898876
0.6292134831460674
0.6404494382022472
0.651685393258427
0.6629213483146067
0.6741573033707865
0.6853932584269663
0.6966292134831461
0.7078651685393258
0.7191011235955056
0.7303370786516854
0.7415730337078652
0.7528089887640449
0.7640449438202247
0.7752808988764045
0.7865168539325843
0.797752808988764
0.8089887640449438
0.8202247191011236
0.8314606741573034
0.8426966292134831
0.8539325842696629
0.8651685393258427
0.8764044943820225
0.8876404494382022
0.898876404494382
0.9101123595505618
0.9213483146067416
0.9222222222222223
0.9333333333333333
0.9444444444444444
0.9555555555555556
0.9560439560439561
0.9565217391304348
1.0
1.0
1.0
1.0
1.0
1.0
1.0
1.0
1.0
1.0
1.0
1.0
1.0
1.0
1.0
1.0
1.0
1.0
1.0
1.0
1.0
0.34375
0.35384615384615387
0.36363636363636365
0.373134328358209
0.38235294117647056
0.391304347826087
0.4
0.4084507042253521
0.4166666666666667
0.4246575342465753
0.43243243243243246
0.44
0.4473684210526316
0.45454545454545453
0.46153846153846156
0.46835443037974683
0.475
0.48148148148148145
0.4878048780487805
0.4939759036144578
0.5
0.5058823529411764
0.5116279069767442
0.5172413793103449
0.5227272727272727
0.5280898876404494
0.5393258426966292
0.550561797752809
0.5617977528089888
0.5730337078651685
0.5842696629213483
0.5955056179775281
0.6067415730337079
0.6179775280898876
0.6292134831460674
0.6404494382022472
0.651685393258427
0.6629213483146067
0.6741573033707865
0.6853932584269663
0.6966292134831461
0.7078651685393258
0.7191011235955056
0.7303370786516854
0.7415730337078652
0.7528089887640449
0.7640449438202247
0.7752808988764045
0.7865168539325843
0.797752808988764
0.8089887640449438
0.8202247191011236
0.8314606741573034
0.8426966292134831
0.8539325842696629
0.8651685393258427
0.8764044943820225
0.8876404494382022
0.898876404494382
0.9101123595505618
0.9213483146067416
0.9222222222222223
0.9333333333333333
0.9444444444444444
0.9555555555555556
0.9560439560439561
0.9565217391304348
