1.0
1.0
1.0
1.0
1.0
1.0
1.0
1.0
1.0
1.0
1.0
1.0
1.0
1.0
1.0
1.0
1.0
1.0
1.0
1.0
1.0
1.0
1.0
1.0
1.0
1.0
1.0
1.0
1.0
1.0
1.0
1.0
1.0
1.0
1.0
1.0
1.0
1.0
1.0
1.0
1.0
1.0
1.0
1.0
1.0
1.0
1.0
1.0
1.0
1.0
1.0
1.0
1.0
1.0
1.0
1.0
1.0
1.0
1.0
1.0
1.0
1.0
1.0
1.0
1.0
1.0
1.0
1.0
1.0
1.0
1.0
1.0
1.0
1.0
1.0
1.0
1.0
1.0
1.0
1.0
1.0
1.0
1.0
1.0
1.0
1.0
1.0
1.0
1.0
1.0
1.0
1.0
1.0
1.0
1.0
1.0
1.0
1.0
1.0
1.0
1.0
1.0
1.0
1.0
1.0
1.0
1.0
1.0
1.0
1.0
1.0
1.0
1.0
1.0
1.0
1.0
1.0
1.0
1.0
1.0
1.0
0.9384615384615385
0.9389312977099237
0.9393939393939394
0.9398496240601504
0.9402985074626866
0.9407407407407408
0.9411764705882353
0.9416058394160584
0.9420289855072463
0.9424460431654677
0.9428571428571428
0.9432624113475178
0.9436619718309859
0.9440559440559441
0.84472049689441
0.845679012345679
0.8466257668711656
0.8475609756097561
0.8484848484848485
0.8493975903614458
0.8502994011976048
0.8511904761904762
0.8520710059171598
0.8529411764705882
0.8538011695906432
0.8546511627906976
0.8554913294797688
0.8563218390804598
0.8571428571428571
0.8579545454545454
0.8587570621468926
0.8595505617977528
0.8603351955307262
0.8611111111111112
0.861878453038674
0.8626373626373627
0.8633879781420765
0.8641304347826086
0.8648648648648649
0.8655913978494624
0.8663101604278075
0.8670212765957447
0.8677248677248677
0.868421052631579
0.8691099476439791
0.8697916666666666
0.8704663212435233
0.8711340206185567
0.8717948717948718
0.8724489795918368
0.8730964467005076
0.8737373737373737
0.8743718592964824
0.875
0.8756218905472637
0.8762376237623762
0.8768472906403941
0.8774509803921569
0.8780487804878049
0.8786407766990292
0.8792270531400966
0.8798076923076923
0.8803827751196173
0.8809523809523809
0.8815165876777251
0.8820754716981132
0.8826291079812206
0.883177570093458
0.8837209302325582
0.8842592592592593
0.8847926267281107
0.8853211009174312
0.8858447488584474
0.8863636363636364
0.8868778280542986
0.8873873873873874
0.8878923766816144
0.8883928571428571
0.8888888888888888
0.8893805309734514
0.8898678414096917
0.8903508771929824
0.8908296943231441
0.8913043478260869
0.8917748917748918
0.8922413793103449
0.8927038626609443
0.8931623931623932
0.8936170212765957
0.8940677966101694
0.8945147679324894
0.8949579831932774
0.895397489539749
0.8958333333333334
0.8962655601659751
0.8966942148760331
0.897119341563786
0.8975409836065574
0.8979591836734694
0.8983739837398373
0.8987854251012146
0.8991935483870968
0.8995983935742972
0.9
0.900398406374502
0.9007936507936508
0.9011857707509882
0.9015748031496063
0.9019607843137255
0.90234375
0.9027237354085603
0.9031007751937985
0.9034749034749034
0.9038461538461539
0.9042145593869731
0.9045801526717557
0.9049429657794676
0.9053030303030303
0.9056603773584906
0.9060150375939849
0.9063670411985019
0.9067164179104478
0.9070631970260223
0.9074074074074074
0.9077490774907749
0.9080882352941176
0.9084249084249084
0.9087591240875912
0.9090909090909091
1.0
1.0
1.0
1.0
1.0
1.0
1.0
1.0
1.0
1.0
1.0
1.0
1.0
1.0
1.0
1.0
1.0
1.0
1.0
1.0
1.0
1.0
1.0
1.0
1.0
1.0
1.0
1.0
1.0
1.0
1.0
1.0
1.0
1.0
1.0
1.0
1.0
1.0
1.0
1.0
1.0
1.0
1.0
1.0
1.0
1.0
1.0
1.0
1.0
1.0
1.0
1.0
1.0
1.0
1.0
1.0
1.0
1.0
1.0
1.0
1.0
1.0
1.0
1.0
1.0
1.0
1.0
1.0
1.0
1.0
1.0
1.0
1.0
1.0
1.0
1.0
1.0
1.0
1.0
1.0
1.0
1.0
1.0
1.0
1.0
1.0
1.0
1.0
1.0
1.0
1.0
1.0
1.0
1.0
1.0
1.0
1.0
1.0
1.0
1.0
1.0
1.0
1.0
1.0
1.0
1.0
1.0
1.0
1.0
1.0
1.0
1.0
1.0
1.0
1.0
1.0
1.0
1.0
1.0
1.0
1.0
0.9384615384615385
0.9389312977099237
0.9393939393939394
0.9398496240601504
0.9402985074626866
0.9407407407407408
0.9411764705882353
0.9416058394160584
0.9420289855072463
0.9424460431654677
0.9428571428571428
0.9432624113475178
0.9436619718309859
0.9440559440559441
0.84472049689441
0.845679012345679
0.8466257668711656
0.8475609756097561
0.8484848484848485
0.8493975903614458
0.8502994011976048
0.8511904761904762
0.8520710059171598
0.8529411764705882
0.8538011695906432
0.8546511627906976
0.8554913294797688
0.8563218390804598
0.8571428571428571
0.8579545454545454
0.8587570621468926
0.8595505617977528
0.8603351955307262
0.8611111111111112
0.861878453038674
0.8626373626373627
0.8633879781420765
0.8641304347826086
0.8648648648648649
0.8655913978494624
0.8663101604278075
0.8670212765957447
0.8677248677248677
0.868421052631579
0.8691099476439791
0.8697916666666666
0.8704663212435233
0.8711340206185567
0.8717948717948718
0.8724489795918368
0.8730964467005076
0.8737373737373737
0.8743718592964824
0.875
0.8756218905472637
0.8762376237623762
0.8768472906403941
0.8774509803921569
0.8780487804878049
0.8786407766990292
0.8792270531400966
0.8798076923076923
0.8803827751196173
0.8809523809523809
0.8815165876777251
0.8820754716981132
0.8826291079812206
0.883177570093458
0.8837209302325582
0.8842592592592593
0.8847926267281107
0.8853211009174312
0.8858447488584474
0.8863636363636364
0.8868778280542986
0.8873873873873874
0.8878923766816144
0.8883928571428571
0.8888888888888888
0.8893805309734514
0.8898678414096917
0.8903508771929824
0.8908296943231441
0.8913043478260869
0.8917748917748918
0.8922413793103449
0.8927038626609443
0.8931623931623932
0.8936170212765957
0.8940677966101694
0.8945147679324894
0.8949579831932774
0.895397489539749
0.8958333333333334
0.8962655601659751
0.8966942148760331
0.897119341563786
0.8975409836065574
0.8979591836734694
0.8983739837398373
0.8987854251012146
0.8991935483870968
0.8995983935742972
0.9
0.900398406374502
0.9007936507936508
0.9011857707509882
0.9015748031496063
0.9019607843137255
0.90234375
0.9027237354085603
0.9031007751937985
0.9034749034749034
0.9038461538461539
0.9042145593869731
0.9045801526717557
0.9049429657794676
0.9053030303030303
0.9056603773584906
0.9060150375939849
0.9063670411985019
0.9067164179104478
0.9070631970260223
0.9074074074074074
0.9077490774907749
0.9080882352941176
0.9084249084249084
0.9087591240875912
0.9090909090909091
1.0
1.0
1.0
1.0
1.0
1.0
1.0
1.0
1.0
1.0
1.0
1.0
1.0
1.0
1.0
1.0
1.0
1.0
1.0
1.0
1.0
1.0
1.0
1.0
1.0
1.0
1.0
1.0
1.0
1.0
1.0
1.0
1.0
1.0
1.0
1.0
1.0
1.0
1.0
1.0
1.0
1.0
1.0
1.0
1.0
1.0
1.0
1.0
1.0
1.0
1.0
1.0
1.0
1.0
1.0
1.0
1.0
1.0
1.0
1.0
1.0
1.0
1.0
1.0
1.0
1.0
1.0
1.0
1.0
1.0
1.0
1.0
1.0
1.0
1.0
1.0
1.0
1.0
1.0
1.0
1.0
1.0
1.0
1.0
1.0
1.0
1.0
1.0
1.0
1.0
1.0
1.0
1.0
1.0
1.0
1.0
1.0
1.0
1.0
1.0
1.0
1.0
1.0
1.0
1.0
1.0
1.0
1.0
1.0
1.0
1.0
1.0
1.0
1.0
1.0
1.0
1.0
1.0
1.0
1.0
1.0
1.0
1.0
1.0
1.0
1.0
1.0
1.0
1.0
1.0
1.0
1.0
1.0
1.0
1.0
1.0
1.0
1.0
1.0
1.0
1.0
1.0
1.0
1.0
1.0
1.0
1.0
1.0
1.0
1.0
1.0
1.0
1.0
1.0
1.0
1.0
1.0
1.0
1.0
1.0
1.0
1.0
1.0
1.0
1.0
1.0
1.0
1.0
1.0
1.0
1.0
1.0
1.0
1.0
1.0
1.0
1.0
1.0
1.0
1.0
1.0
1.0
1.0
1.0
1.0
1.0
1.0
1.0
1.0
1.0
1.0
1.0
1.0
1.0
1.0
1.0
1.0
1.0
1.0
1.0
1.0
1.0
1.0
1.0
1.0
1.0
1.0
1.0
1.0
1.0
1.0
1.0
1.0
1.0
1.0
1.0
1.0
1.0
1.0
1.0
1.0
1.0
1.0
1.0
1.0
1.0
1.0
1.0
1.0
1.0
1.0
1.0
1.0
1.0
1.0
1.0
1.0
1.0
1.0
1.0
1.0
1.0
1.0
1.0
1.0
1.0
1.0
1.0
1.0
1.0
0.996031746031746
1.0
0.9693486590038314
0.9731800766283525
0.9770114942528736
0.9808429118773946
0.9846743295019157
0.9885057471264368
0.9923371647509579
0.9961685823754789
1.0
0.9703703703703703
0.9740740740740741
0.9777777777777777
0.9814814814814815
0.9851851851851852
0.9888888888888889
0.9925925925925926
0.9962962962962963
1.0
0.9713261648745519
0.974910394265233
0.978494623655914
0.982078853046595
0.985663082437276
0.989247311827957
0.992831541218638
0.996415770609319
1.0
1.0
1.0
1.0
1.0
1.0
1.0
1.0
1.0
1.0
1.0
1.0
1.0
1.0
1.0
1.0
1.0
1.0
1.0
1.0
1.0
1.0
1.0
1.0
1.0
1.0
1.0
1.0
1.0
1.0
1.0
1.0
1.0
1.0
1.0
1.0
1.0
1.0
1.0
1.0
1.0
1.0
1.0
1.0
1.0
1.0
1.0
1.0
1.0
1.0
1.0
1.0
1.0
1.0
1.0
1.0
1.0
1.0
1.0
1.0
1.0
1.0
1.0
1.0
1.0
1.0
1.0
1.0
1.0
1.0
1.0
1.0
1.0
1.0
1.0
1.0
1.0
1.0
1.0
1.0
1.0
1.0
1.0
1.0
1.0
1.0
1.0
1.0
1.0
1.0
1.0
1.0
1.0
1.0
1.0
1.0
1.0
1.0
1.0
1.0
1.0
1.0
1.0
1.0
1.0
1.0
1.0
1.0
1.0
1.0
1.0
1.0
1.0
1.0
1.0
1.0
1.0
1.0
1.0
1.0
1.0
1.0
0.9384615384615385
0.9389312977099237
0.9393939393939394
0.9398496240601504
0.9402985074626866
0.9407407407407408
0.9411764705882353
0.9416058394160584
0.9420289855072463
0.9424460431654677
0.9428571428571428
0.9432624113475178
0.9436619718309859
0.9440559440559441
0.84472049689441
0.845679012345679
0.8466257668711656
0.8475609756097561
0.8484848484848485
0.8493975903614458
0.8502994011976048
0.8511904761904762
0.8520710059171598
0.8529411764705882
0.8538011695906432
0.8546511627906976
0.8554913294797688
0.8563218390804598
0.8571428571428571
0.8579545454545454
0.8587570621468926
0.8595505617977528
0.8603351955307262
0.8611111111111112
0.861878453038674
0.8626373626373627
0.8633879781420765
0.8641304347826086
0.8648648648648649
0.8655913978494624
0.8663101604278075
0.8670212765957447
0.8677248677248677
0.868421052631579
0.8691099476439791
0.8697916666666666
0.8704663212435233
0.8711340206185567
0.8717948717948718
0.8724489795918368
0.8730964467005076
0.8737373737373737
0.8743718592964824
0.875
0.8756218905472637
0.8762376237623762
0.8768472906403941
0.8774509803921569
0.8780487804878049
0.8786407766990292
0.8792270531400966
0.8798076923076923
0.8803827751196173
0.8809523809523809
0.8815165876777251
0.8820754716981132
0.8826291079812206
0.883177570093458
0.8837209302325582
0.8842592592592593
0.8847926267281107
0.8853211009174312
0.8858447488584474
0.8863636363636364
0.8868778280542986
0.8873873873873874
0.8878923766816144
0.8883928571428571
0.8888888888888888
0.8893805309734514
0.8898678414096917
0.8903508771929824
0.8908296943231441
0.8913043478260869
0.8917748917748918
0.8922413793103449
0.8927038626609443
0.8931623931623932
0.8936170212765957
0.8940677966101694
0.8945147679324894
0.8949579831932774
0.895397489539749
0.8958333333333334
0.8962655601659751
0.8966942148760331
0.897119341563786
0.8975409836065574
0.8979591836734694
0.8983739837398373
0.8987854251012146
0.8991935483870968
0.8995983935742972
0.9
0.900398406374502
0.9007936507936508
0.9011857707509882
0.9015748031496063
0.9019607843137255
0.90234375
0.9027237354085603
0.9031007751937985
0.9034749034749034
0.9038461538461539
0.9042145593869731
0.9045801526717557
0.9049429657794676
0.9053030303030303
0.9056603773584906
0.9060150375939849
0.9063670411985019
0.9067164179104478
0.9070631970260223
0.9074074074074074
0.9077490774907749
0.9080882352941176
0.9084249084249084
0.9087591240875912
0.9090909090909091
1.0
1.0
1.0
1.0
1.0
1.0
1.0
1.0
1.0
1.0
1.0
1.0
1.0
1.0
1.0
1.0
1.0
1.0
1.0
1.0
1.0
1.0
1.0
1.0
1.0
1.0
1.0
1.0
1.0
1.0
1.0
1.0
1.0
1.0
1.0
1.0
1.0
1.0
1.0
1.0
1.0
1.0
1.0
1.0
1.0
1.0
1.0
1.0
1.0
1.0
1.0
1.0
1.0
1.0
1.0
1.0
1.0
1.0
1.0
1.0
1.0
1.0
1.0
1.0
1.0
1.0
1.0
1.0
1.0
1.0
1.0
1.0
1.0
1.0
1.0
1.0
1.0
1.0
1.0
1.0
1.0
1.0
1.0
1.0
1.0
1.0
1.0
1.0
1.0
1.0
1.0
1.0
1.0
1.0
1.0
1.0
1.0
1.0
1.0
1.0
1.0
1.0
1.0
1.0
1.0
1.0
1.0
1.0
1.0
1.0
1.0
1.0
1.0
1.0
1.0
1.0
1.0
1.0
1.0
1.0
1.0
0.9384615384615385
0.9389312977099237
0.9393939393939394
0.9398496240601504
0.9402985074626866
0.9407407407407408
0.9411764705882353
0.9416058394160584
0.9420289855072463
0.9424460431654677
0.9428571428571428
0.9432624113475178
0.9436619718309859
0.9440559440559441
0.84472049689441
0.845679012345679
0.8466257668711656
0.8475609756097561
0.8484848484848485
0.8493975903614458
0.8502994011976048
0.8511904761904762
0.8520710059171598
0.8529411764705882
0.8538011695906432
0.8546511627906976
0.8554913294797688
0.8563218390804598
0.8571428571428571
0.8579545454545454
0.8587570621468926
0.8595505617977528
0.8603351955307262
0.8611111111111112
0.861878453038674
0.8626373626373627
0.8633879781420765
0.8641304347826086
0.8648648648648649
0.8655913978494624
0.8663101604278075
0.8670212765957447
0.8677248677248677
0.868421052631579
0.8691099476439791
0.8697916666666666
0.8704663212435233
0.8711340206185567
0.8717948717948718
0.8724489795918368
0.8730964467005076
0.8737373737373737
0.8743718592964824
0.875
0.8756218905472637
0.8762376237623762
0.8768472906403941
0.8774509803921569
0.8780487804878049
0.8786407766990292
0.8792270531400966
0.8798076923076923
0.8803827751196173
0.8809523809523809
0.8815165876777251
0.8820754716981132
0.8826291079812206
0.883177570093458
0.8837209302325582
0.8842592592592593
0.8847926267281107
0.8853211009174312
0.8858447488584474
0.8863636363636364
0.8868778280542986
0.8873873873873874
0.8878923766816144
0.8883928571428571
0.8888888888888888
0.8893805309734514
0.8898678414096917
0.8903508771929824
0.8908296943231441
0.8913043478260869
0.8917748917748918
0.8922413793103449
0.8927038626609443
0.8931623931623932
0.8936170212765957
0.8940677966101694
0.8945147679324894
0.8949579831932774
0.895397489539749
0.8958333333333334
0.8962655601659751
0.8966942148760331
0.897119341563786
0.8975409836065574
0.8979591836734694
0.8983739837398373
0.8987854251012146
0.8991935483870968
0.8995983935742972
0.9
0.900398406374502
0.9007936507936508
0.9011857707509882
0.9015748031496063
0.9019607843137255
0.90234375
0.9027237354085603
0.9031007751937985
0.9034749034749034
0.9038461538461539
0.9042145593869731
0.9045801526717557
0.9049429657794676
0.9053030303030303
0.9056603773584906
0.9060150375939849
0.9063670411985019
0.9067164179104478
0.9070631970260223
0.9074074074074074
0.9077490774907749
0.9080882352941176
0.9084249084249084
0.9087591240875912
0.9090909090909091
1.0
1.0
1.0
1.0
1.0
1.0
1.0
1.0
1.0
1.0
1.0
1.0
1.0
1.0
1.0
1.0
1.0
1.0
1.0
1.0
1.0
1.0
1.0
1.0
1.0
1.0
1.0
1.0
1.0
1.0
1.0
1.0
1.0
1.0
1.0
1.0
1.0
1.0
1.0
1.0
1.0
1.0
1.0
1.0
1.0
1.0
1.0
1.0
1.0
1.0
1.0
1.0
1.0
1.0
1.0
1.0
1.0
1.0
1.0
1.0
1.0
1.0
1.0
1.0
1.0
1.0
1.0
1.0
1.0
1.0
1.0
1.0
1.0
1.0
1.0
1.0
1.0
1.0
1.0
1.0
1.0
1.0
1.0
1.0
1.0
1.0
1.0
1.0
1.0
1.0
1.0
1.0
1.0
1.0
1.0
1.0
1.0
1.0
1.0
1.0
1.0
1.0
1.0
1.0
1.0
1.0
1.0
1.0
1.0
1.0
1.0
1.0
1.0
1.0
1.0
1.0
1.0
1.0
1.0
1.0
1.0
0.9384615384615385
0.9389312977099237
0.9393939393939394
0.9398496240601504
0.9402985074626866
0.9407407407407408
0.9411764705882353
0.9416058394160584
0.9420289855072463
0.9424460431654677
0.9428571428571428
0.9432624113475178
0.9436619718309859
0.9440559440559441
0.84472049689441
0.845679012345679
0.8466257668711656
0.8475609756097561
0.8484848484848485
0.8493975903614458
0.8502994011976048
0.8511904761904762
0.8520710059171598
0.8529411764705882
0.8538011695906432
0.8546511627906976
0.8554913294797688
0.8563218390804598
0.8571428571428571
0.8579545454545454
0.8587570621468926
0.8595505617977528
0.8603351955307262
0.8611111111111112
0.861878453038674
0.8626373626373627
0.8633879781420765
0.8641304347826086
0.8648648648648649
0.8655913978494624
0.8663101604278075
0.8670212765957447
0.8677248677248677
0.868421052631579
0.8691099476439791
0.8697916666666666
0.8704663212435233
0.8711340206185567
0.8717948717948718
0.8724489795918368
0.8730964467005076
0.8737373737373737
0.8743718592964824
0.875
0.8756218905472637
0.8762376237623762
0.8768472906403941
0.8774509803921569
0.8780487804878049
0.8786407766990292
0.8792270531400966
0.8798076923076923
0.8803827751196173
0.8809523809523809
0.8815165876777251
0.8820754716981132
0.8826291079812206
0.883177570093458
0.8837209302325582
0.8842592592592593
0.8847926267281107
0.8853211009174312
0.8858447488584474
0.8863636363636364
0.8868778280542986
0.8873873873873874
0.8878923766816144
0.8883928571428571
0.8888888888888888
0.8893805309734514
0.8898678414096917
0.8903508771929824
0.8908296943231441
0.8913043478260869
0.8917748917748918
0.8922413793103449
0.8927038626609443
0.8931623931623932
0.8936170212765957
0.8940677966101694
0.8945147679324894
0.8949579831932774
0.895397489539749
0.8958333333333334
0.8962655601659751
0.8966942148760331
0.897119341563786
0.8975409836065574
0.8979591836734694
0.8983739837398373
0.8987854251012146
0.8991935483870968
0.8995983935742972
0.9
0.900398406374502
0.9007936507936508
0.9011857707509882
0.9015748031496063
0.9019607843137255
0.90234375
0.9027237354085603
0.9031007751937985
0.9034749034749034
0.9038461538461539
0.9042145593869731
0.9045801526717557
0.9049429657794676
0.9053030303030303
0.9056603773584906
0.9060150375939849
0.9063670411985019
0.9067164179104478
0.9070631970260223
0.9074074074074074
0.9077490774907749
0.9080882352941176
0.9084249084249084
0.9087591240875912
0.9090909090909091
1.0
1.0
1.0
1.0
1.0
1.0
1.0
1.0
1.0
1.0
1.0
1.0
1.0
1.0
1.0
1.0
1.0
1.0
1.0
1.0
1.0
1.0
1.0
1.0
1.0
1.0
1.0
1.0
1.0
1.0
1.0
1.0
1.0
1.0
1.0
1.0
1.0
1.0
1.0
1.0
1.0
1.0
1.0
1.0
1.0
1.0
1.0
1.0
1.0
1.0
1.0
1.0
1.0
1.0
1.0
1.0
1.0
1.0
1.0
1.0
1.0
1.0
1.0
1.0
1.0
1.0
1.0
1.0
1.0
1.0
1.0
1.0
1.0
1.0
1.0
1.0
1.0
1.0
1.0
1.0
1.0
1.0
1.0
1.0
1.0
1.0
1.0
1.0
1.0
1.0
1.0
1.0
1.0
1.0
1.0
1.0
1.0
1.0
1.0
1.0
1.0
1.0
1.0
1.0
1.0
1.0
1.0
1.0
1.0
1.0
1.0
1.0
1.0
1.0
1.0
1.0
1.0
1.0
1.0
1.0
1.0
0.9384615384615385
0.9389312977099237
0.9393939393939394
0.9398496240601504
0.9402985074626866
0.9407407407407408
0.9411764705882353
0.9416058394160584
0.9420289855072463
0.9424460431654677
0.9428571428571428
0.9432624113475178
0.9436619718309859
0.9440559440559441
0.84472049689441
0.845679012345679
0.8466257668711656
0.8475609756097561
0.8484848484848485
0.8493975903614458
0.8502994011976048
0.8511904761904762
0.8520710059171598
0.8529411764705882
0.8538011695906432
0.8546511627906976
0.8554913294797688
0.8563218390804598
0.8571428571428571
0.8579545454545454
0.8587570621468926
0.8595505617977528
0.8603351955307262
0.8611111111111112
0.861878453038674
0.8626373626373627
0.8633879781420765
0.8641304347826086
0.8648648648648649
0.8655913978494624
0.8663101604278075
0.8670212765957447
0.8677248677248677
0.868421052631579
0.8691099476439791
0.8697916666666666
0.8704663212435233
0.8711340206185567
0.8717948717948718
0.8724489795918368
0.8730964467005076
0.8737373737373737
0.8743718592964824
0.875
0.8756218905472637
0.8762376237623762
0.8768472906403941
0.8774509803921569
0.8780487804878049
0.8786407766990292
0.8792270531400966
0.8798076923076923
0.8803827751196173
0.8809523809523809
0.8815165876777251
0.8820754716981132
0.8826291079812206
0.883177570093458
0.8837209302325582
0.8842592592592593
0.8847926267281107
0.8853211009174312
0.8858447488584474
0.8863636363636364
0.8868778280542986
0.8873873873873874
0.8878923766816144
0.8883928571428571
0.8888888888888888
0.8893805309734514
0.8898678414096917
0.8903508771929824
0.8908296943231441
0.8913043478260869
0.8917748917748918
0.8922413793103449
0.8927038626609443
0.8931623931623932
0.8936170212765957
0.8940677966101694
0.8945147679324894
0.8949579831932774
0.895397489539749
0.8958333333333334
0.8962655601659751
0.8966942148760331
0.897119341563786
0.8975409836065574
0.8979591836734694
0.8983739837398373
0.8987854251012146
0.8991935483870968
0.8995983935742972
0.9
0.900398406374502
0.9007936507936508
0.9011857707509882
0.9015748031496063
0.9019607843137255
0.90234375
0.9027237354085603
0.9031007751937985
0.9034749034749034
0.9038461538461539
0.9042145593869731
0.9045801526717557
0.9049429657794676
0.9053030303030303
0.9056603773584906
0.9060150375939849
0.9063670411985019
0.9067164179104478
0.9070631970260223
0.9074074074074074
0.9077490774907749
0.9080882352941176
0.9084249084249084
0.9087591240875912
0.9090909090909091
