1.0
1.0
1.0
1.0
1.0
1.0
1.0
1.0
1.0
1.0
1.0
1.0
1.0
1.0
1.0
1.0
1.0
1.0
1.0
1.0
1.0
1.0
1.0
1.0
1.0
1.0
1.0
1.0
1.0
1.0
1.0
1.0
1.0
1.0
1.0
1.0
1.0
1.0
1.0
1.0
1.0
1.0
1.0
1.0
1.0
1.0
1.0
1.0
1.0
1.0
1.0
1.0
1.0
1.0
1.0
1.0
1.0
1.0
1.0
1.0
1.0
1.0
1.0
1.0
1.0
1.0
1.0
1.0
1.0
1.0
1.0
1.0
1.0
1.0
1.0
1.0
0.9871794871794872
0.9873417721518988
0.9875
1.0
1.0
1.0
1.0
1.0
1.0
1.0
1.0
1.0
1.0
1.0
1.0
1.0
1.0
1.0
1.0
1.0
1.0
1.0
1.0
0.9174311926605505
0.926605504587156
0.9357798165137615
0.944954128440367
0.9541284403669725
0.963302752293578
0.9636363636363636
0.963963963963964
0.9642857142857143
0.9646017699115044
0.9649122807017544
0.9652173913043478
0.9655172413793104
1.0
1.0
1.0
1.0
1.0
1.0
1.0
1.0
1.0
1.0
1.0
1.0
1.0
1.0
1.0
1.0
1.0
1.0
1.0
1.0
1.0
1.0
1.0
1.0
1.0
1.0
1.0
1.0
1.0
1.0
1.0
1.0
1.0
1.0
1.0
1.0
1.0
1.0
1.0
1.0
1.0
1.0
1.0
1.0
1.0
1.0
1.0
1.0
1.0
1.0
1.0
1.0
1.0
1.0
1.0
1.0
1.0
1.0
1.0
1.0
1.0
1.0
1.0
1.0
1.0
1.0
1.0
1.0
1.0
1.0
1.0
1.0
1.0
1.0
1.0
1.0
0.9871794871794872
0.9873417721518988
0.9875
1.0
1.0
1.0
1.0
1.0
1.0
1.0
1.0
1.0
1.0
1.0
1.0
1.0
1.0
1.0
1.0
1.0
1.0
1.0
0.99
1.0
1.0
1.0
1.0
1.0
1.0
0.8688524590163934
0.8770491803278688
0.8852459016393442
0.8934426229508197
0.9016393442622951
0.9098360655737705
0.9105691056910569
0.9112903225806451
0.912
0.9126984126984127
0.9133858267716536
0.9140625
0.9147286821705426
1.0
1.0
1.0
1.0
1.0
1.0
1.0
1.0
1.0
1.0
1.0
1.0
1.0
1.0
1.0
1.0
1.0
1.0
1.0
1.0
1.0
1.0
1.0
1.0
1.0
1.0
1.0
1.0
1.0
1.0
1.0
1.0
1.0
1.0
1.0
1.0
1.0
1.0
1.0
1.0
1.0
1.0
1.0
1.0
1.0
1.0
1.0
1.0
1.0
1.0
1.0
1.0
1.0
1.0
1.0
1.0
1.0
1.0
1.0
1.0
1.0
1.0
1.0
1.0
1.0
1.0
1.0
1.0
1.0
1.0
1.0
1.0
1.0
1.0
1.0
1.0
1.0
1.0
1.0
1.0
1.0
1.0
1.0
1.0
1.0
1.0
1.0
1.0
1.0
1.0
1.0
1.0
1.0
1.0
1.0
1.0
1.0
1.0
1.0
1.0
1.0
1.0
1.0
1.0
1.0
1.0
1.0
1.0
1.0
1.0
1.0
1.0
1.0
1.0
1.0
1.0
1.0
1.0
1.0
1.0
1.0
1.0
1.0
1.0
1.0
1.0
1.0
1.0
1.0
1.0
1.0
1.0
1.0
1.0
1.0
1.0
1.0
1.0
1.0
1.0
1.0
1.0
1.0
1.0
1.0
1.0
1.0
1.0
1.0
1.0
1.0
1.0
1.0
0.9871794871794872
0.9873417721518988
0.9875
1.0
1.0
1.0
1.0
1.0
1.0
1.0
1.0
1.0
1.0
1.0
1.0
1.0
1.0
1.0
1.0
1.0
1.0
1.0
0.908256880733945
0.9174311926605505
0.926605504587156
0.9357798165137615
0.944954128440367
0.7878787878787878
0.7954545454545454
0.803030303030303
0.8106060606060606
0.8181818181818182
0.8257575757575758
0.8333333333333334
0.8345864661654135
0.835820895522388
0.837037037037037
0.8382352941176471
0.8394160583941606
0.8405797101449275
0.841726618705036
0.8489208633093526
0.8561151079136691
0.8633093525179856
0.8642857142857143
0.8356164383561644
0.7884615384615384
0.7948717948717948
0.8012820512820513
0.8076923076923077
0.8141025641025641
0.8205128205128205
0.8164556962025317
0.8227848101265823
0.7660818713450293
0.7719298245614035
0.7777777777777778
0.783625730994152
0.7894736842105263
0.7953216374269005
0.8011695906432749
0.8070175438596491
0.8128654970760234
0.8187134502923976
0.8245614035087719
0.8304093567251462
0.8362573099415205
1.0
1.0
1.0
1.0
1.0
1.0
1.0
1.0
1.0
1.0
1.0
1.0
1.0
1.0
1.0
1.0
1.0
1.0
1.0
1.0
1.0
1.0
1.0
1.0
1.0
1.0
1.0
1.0
1.0
1.0
1.0
1.0
1.0
1.0
1.0
1.0
1.0
1.0
1.0
1.0
1.0
1.0
1.0
1.0
1.0
1.0
1.0
1.0
1.0
1.0
1.0
1.0
1.0
1.0
1.0
1.0
1.0
1.0
1.0
1.0
1.0
1.0
1.0
1.0
1.0
1.0
1.0
1.0
1.0
1.0
1.0
1.0
1.0
1.0
1.0
1.0
0.9871794871794872
0.9873417721518988
0.9875
1.0
1.0
1.0
1.0
1.0
1.0
1.0
1.0
1.0
1.0
1.0
1.0
1.0
1.0
1.0
1.0
1.0
1.0
1.0
1.0
0.9900990099009901
1.0
1.0
1.0
1.0
1.0
1.0
0.9224137931034483
0.9310344827586207
0.9396551724137931
0.9482758620689655
0.9568965517241379
0.9655172413793104
0.9658119658119658
0.9661016949152542
0.9663865546218487
0.9666666666666667
0.9669421487603306
0.9672131147540983
0.967479674796748
0.7947019867549668
0.8013245033112583
0.8079470198675497
0.8145695364238411
0.8211920529801324
0.8278145695364238
0.8344370860927153
0.8410596026490066
0.847682119205298
0.8543046357615894
0.8552631578947368
0.793939393939394
0.8
0.806060606060606
0.8121212121212121
0.8181818181818182
0.8242424242424242
0.8303030303030303
0.8363636363636363
0.8424242424242424
0.8484848484848485
0.8545454545454545
0.8606060606060606
0.8666666666666667
1.0
1.0
1.0
1.0
1.0
1.0
1.0
1.0
1.0
1.0
1.0
1.0
1.0
1.0
1.0
1.0
1.0
1.0
1.0
1.0
1.0
1.0
1.0
1.0
1.0
1.0
1.0
1.0
1.0
1.0
1.0
1.0
1.0
1.0
1.0
1.0
1.0
1.0
1.0
1.0
1.0
1.0
1.0
1.0
1.0
1.0
1.0
1.0
1.0
1.0
1.0
1.0
1.0
1.0
1.0
1.0
1.0
1.0
1.0
1.0
1.0
1.0
1.0
1.0
1.0
1.0
1.0
1.0
1.0
1.0
1.0
1.0
1.0
1.0
1.0
1.0
0.9871794871794872
0.9873417721518988
0.9875
1.0
1.0
1.0
1.0
1.0
1.0
1.0
1.0
1.0
1.0
1.0
1.0
1.0
1.0
1.0
1.0
1.0
1.0
1.0
0.99
1.0
1.0
1.0
1.0
1.0
1.0
0.828125
0.8359375
0.84375
0.8515625
0.859375
0.8671875
0.875
0.875968992248062
0.8769230769230769
0.8778625954198473
0.8787878787878788
0.8796992481203008
0.8805970149253731
0.8814814814814815
0.8888888888888888
0.8962962962962963
0.9037037037037037
0.82
0.8266666666666667
0.8333333333333334
0.84
0.8466666666666667
0.8533333333333334
0.86
0.8666666666666667
0.8733333333333333
0.88
0.8866666666666667
0.8933333333333333
0.9
0.9006622516556292
0.9013157894736842
0.8518518518518519
0.8580246913580247
0.8641975308641975
0.8703703703703703
0.8765432098765432
0.8827160493827161
1.0
1.0
1.0
1.0
1.0
1.0
1.0
1.0
1.0
1.0
1.0
1.0
1.0
1.0
1.0
1.0
1.0
1.0
1.0
1.0
1.0
1.0
1.0
1.0
1.0
1.0
1.0
1.0
1.0
1.0
1.0
1.0
1.0
1.0
1.0
1.0
1.0
1.0
1.0
1.0
1.0
1.0
1.0
1.0
1.0
1.0
1.0
1.0
1.0
1.0
1.0
1.0
1.0
1.0
1.0
1.0
1.0
1.0
1.0
1.0
1.0
1.0
1.0
1.0
1.0
1.0
1.0
1.0
1.0
1.0
1.0
1.0
1.0
1.0
1.0
1.0
0.9871794871794872
0.9873417721518988
0.9875
1.0
1.0
1.0
1.0
1.0
1.0
1.0
1.0
1.0
1.0
1.0
1.0
1.0
1.0
1.0
1.0
1.0
1.0
1.0
0.9252336448598131
0.9345794392523364
0.9439252336448598
0.9532710280373832
0.9626168224299065
0.8524590163934426
0.860655737704918
0.8688524590163934
0.8770491803278688
0.8852459016393442
0.8934426229508197
0.9016393442622951
0.9098360655737705
0.9180327868852459
0.9262295081967213
0.9344262295081968
0.9426229508196722
0.9508196721311475
0.9512195121951219
0.855072463768116
0.8623188405797102
0.8695652173913043
0.8768115942028986
0.8840579710144928
0.8913043478260869
0.8920863309352518
0.8928571428571429
0.8936170212765957
0.8943661971830986
0.8951048951048951
0.8958333333333334
0.896551724137931
0.7797619047619048
0.7857142857142857
0.7916666666666666
0.7976190476190477
0.8035714285714286
0.8095238095238095
0.8154761904761905
0.8214285714285714
0.8273809523809523
0.8333333333333334
0.8294117647058824
0.8352941176470589
0.8362573099415205
