1.0
1.0
1.0
1.0
1.0
1.0
1.0
1.0
1.0
1.0
1.0
0.5217391304347826
0.5652173913043478
0.6086956521739131
0.6521739130434783
0.6956521739130435
0.7391304347826086
0.782608695652174
0.8260869565217391
0.8695652173913043
0.875
0.9166666666666666
0.92
0.9230769230769231
0.9259259259259259
0.9285714285714286
0.9310344827586207
0.9333333333333333
0.9354838709677419
0.9375
0.9393939393939394
0.9411764705882353
0.9705882352941176
0.9714285714285714
0.9722222222222222
1.0
1.0
1.0
1.0
1.0
1.0
1.0
1.0
1.0
1.0
1.0
0.5217391304347826
0.5652173913043478
0.6086956521739131
0.6521739130434783
0.6956521739130435
0.7391304347826086
0.782608695652174
0.8260869565217391
0.8695652173913043
0.875
0.9166666666666666
0.92
0.9230769230769231
0.9259259259259259
0.9285714285714286
0.9310344827586207
0.9333333333333333
0.9354838709677419
0.9375
0.9393939393939394
0.9411764705882353
0.9705882352941176
0.9714285714285714
0.9722222222222222
1.0
1.0
1.0
1.0
1.0
1.0
1.0
1.0
1.0
1.0
1.0
0.5714285714285714
0.6190476190476191
0.6666666666666666
0.6818181818181818
0.6956521739130435
0.7391304347826086
0.782608695652174
0.7916666666666666
0.8333333333333334
0.875
0.9166666666666666
0.92
0.9230769230769231
0.9259259259259259
0.9285714285714286
0.9310344827586207
0.9333333333333333
0.9354838709677419
0.9375
0.9393939393939394
0.9411764705882353
0.9705882352941176
1.0
1.0
1.0
1.0
1.0
1.0
1.0
1.0
1.0
1.0
1.0
0.5217391304347826
0.5652173913043478
0.6086956521739131
0.6521739130434783
0.6956521739130435
0.7391304347826086
0.782608695652174
0.8260869565217391
0.8695652173913043
0.875
0.9166666666666666
0.92
0.9230769230769231
0.9259259259259259
0.9285714285714286
0.9310344827586207
0.9333333333333333
0.9354838709677419
0.9375
0.9393939393939394
0.9411764705882353
1.0
1.0
1.0
1.0
1.0
1.0
1.0
1.0
1.0
1.0
1.0
0.5217391304347826
0.5652173913043478
0.6086956521739131
0.6521739130434783
0.6956521739130435
0.7391304347826086
0.782608695652174
0.8260869565217391
0.8695652173913043
0.875
0.9166666666666666
0.92
0.9230769230769231
0.9259259259259259
0.9285714285714286
0.9310344827586207
0.9333333333333333
0.9354838709677419
0.9375
0.9393939393939394
0.9411764705882353
0.9705882352941176
0.9714285714285714
0.9722222222222222
1.0
1.0
1.0
1.0
1.0
1.0
1.0
1.0
1.0
1.0
1.0
0.5217391304347826
0.5652173913043478
0.6086956521739131
0.6521739130434783
0.6956521739130435
0.7391304347826086
0.782608695652174
0.8260869565217391
0.8695652173913043
0.875
0.9166666666666666
0.92
0.9230769230769231
0.9259259259259259
0.9285714285714286
0.9310344827586207
0.9333333333333333
0.9354838709677419
0.9375
0.9393939393939394
0.9411764705882353
0.9705882352941176
0.9714285714285714
0.9722222222222222
