1.0
1.0
1.0
1.0
1.0
1.0
1.0
1.0
1.0
1.0
1.0
1.0
1.0
1.0
1.0
1.0
1.0
1.0
1.0
1.0
1.0
1.0
1.0
1.0
1.0
1.0
1.0
1.0
1.0
0.7317073170731707
0.7560975609756098
0.7619047619047619
0.7674418604651163
0.7727272727272727
0.7777777777777778
0.782608695652174
0.7872340425531915
0.7916666666666666
0.7959183673469388
0.8
0.803921568627451
0.8076923076923077
0.8113207547169812
0.8148148148148148
0.8181818181818182
0.8363636363636363
0.8392857142857143
0.8421052631578947
0.8448275862068966
0.847457627118644
0.85
0.8524590163934426
0.8548387096774194
0.8571428571428571
0.859375
0.8615384615384616
0.8636363636363636
0.8656716417910447
0.8676470588235294
0.8695652173913043
0.8714285714285714
0.8732394366197183
0.875
0.8767123287671232
0.8783783783783784
0.88
0.881578947368421
0.8831168831168831
0.8846153846153846
0.8860759493670886
0.8875
0.8888888888888888
0.8902439024390244
0.891566265060241
0.8928571428571429
0.8941176470588236
0.8953488372093024
0.896551724137931
0.8977272727272727
0.898876404494382
0.9
0.9010989010989011
0.9021739130434783
0.9130434782608695
0.9239130434782609
0.9347826086956522
0.9456521739130435
0.9565217391304348
0.967391304347826
0.9782608695652174
0.9891304347826086
1.0
0.9489795918367347
0.9591836734693877
0.9693877551020408
0.9696969696969697
0.97
0.9702970297029703
0.9705882352941176
0.970873786407767
0.9805825242718447
0.9902912621359223
1.0
0.9629629629629629
0.9722222222222222
0.9814814814814815
0.9907407407407407
0.9908256880733946
0.990909090909091
0.990990990990991
0.9910714285714286
0.9911504424778761
0.9912280701754386
0.991304347826087
0.9913793103448276
0.9914529914529915
0.9915254237288136
0.9915966386554622
0.9916666666666667
0.9917355371900827
0.9918032786885246
0.991869918699187
0.9919354838709677
0.992
0.9920634920634921
0.9921259842519685
0.9921875
0.927536231884058
0.9347826086956522
0.9420289855072463
0.9492753623188406
0.9565217391304348
0.9637681159420289
0.9640287769784173
0.9642857142857143
0.9645390070921985
0.9647887323943662
0.965034965034965
0.9652777777777778
0.9722222222222222
0.9791666666666666
0.9861111111111112
0.9930555555555556
0.9171974522292994
0.9235668789808917
0.9299363057324841
0.9363057324840764
0.9426751592356688
0.9490445859872612
0.9554140127388535
0.9617834394904459
0.9101796407185628
0.9161676646706587
0.9221556886227545
0.9281437125748503
0.9341317365269461
0.9401197604790419
0.9186046511627907
0.9244186046511628
0.9302325581395349
0.936046511627907
0.9418604651162791
0.9005524861878453
0.9060773480662984
0.9116022099447514
0.9171270718232044
0.9226519337016574
0.9281767955801105
0.9337016574585635
0.9392265193370166
0.9193548387096774
0.9247311827956989
0.9301075268817204
0.9354838709677419
0.9408602150537635
1.0
1.0
1.0
1.0
1.0
1.0
1.0
1.0
1.0
1.0
1.0
1.0
1.0
1.0
1.0
1.0
1.0
1.0
1.0
1.0
1.0
1.0
1.0
1.0
1.0
1.0
1.0
1.0
1.0
0.7692307692307693
0.7948717948717948
0.8205128205128205
0.8461538461538461
0.8717948717948718
0.875
0.8780487804878049
0.8809523809523809
0.8837209302325582
0.8863636363636364
0.8888888888888888
0.8913043478260869
0.8936170212765957
0.8958333333333334
0.8979591836734694
0.9
0.9019607843137255
0.9038461538461539
0.9056603773584906
0.9245283018867925
0.9259259259259259
0.9272727272727272
0.9285714285714286
0.9298245614035088
0.9310344827586207
0.9322033898305084
0.9333333333333333
0.9344262295081968
0.9354838709677419
0.9365079365079365
0.9375
0.9384615384615385
0.9393939393939394
0.9402985074626866
0.9411764705882353
0.9420289855072463
0.9428571428571428
0.9436619718309859
0.9444444444444444
0.9452054794520548
0.9459459459459459
0.9466666666666667
0.9473684210526315
0.948051948051948
0.9487179487179487
0.9493670886075949
0.95
0.9506172839506173
0.9512195121951219
0.9518072289156626
0.9523809523809523
0.9529411764705882
0.9534883720930233
0.9540229885057471
0.9545454545454546
0.9550561797752809
0.9555555555555556
0.9666666666666667
0.9777777777777777
0.9888888888888889
1.0
0.9578947368421052
0.968421052631579
0.9789473684210527
0.9791666666666666
0.979381443298969
0.9795918367346939
0.9797979797979798
0.98
0.99
0.9900990099009901
0.9901960784313726
0.9902912621359223
0.9903846153846154
0.9904761904761905
0.9905660377358491
0.9906542056074766
0.9907407407407407
0.9908256880733946
0.990909090909091
0.990990990990991
0.9910714285714286
0.9911504424778761
0.9912280701754386
0.991304347826087
0.9913793103448276
0.9914529914529915
0.9915254237288136
0.9915966386554622
0.9916666666666667
0.9523809523809523
0.9603174603174603
0.9682539682539683
0.9761904761904762
0.9841269841269841
0.9920634920634921
0.9130434782608695
0.9202898550724637
0.927536231884058
0.9280575539568345
0.9285714285714286
0.9290780141843972
0.9295774647887324
0.9300699300699301
0.9370629370629371
0.9440559440559441
0.951048951048951
0.958041958041958
0.965034965034965
0.972027972027972
0.9790209790209791
0.986013986013986
0.993006993006993
0.9166666666666666
0.9230769230769231
0.9294871794871795
0.9358974358974359
0.9423076923076923
0.9487179487179487
0.9551282051282052
0.9615384615384616
0.9041916167664671
0.9101796407185628
0.9161676646706587
0.9221556886227545
0.9281437125748503
0.9341317365269461
0.9401197604790419
0.9461077844311377
0.9244186046511628
0.9302325581395349
0.936046511627907
0.9418604651162791
0.9476744186046512
0.9111111111111111
0.9166666666666666
0.9222222222222223
0.9277777777777778
0.9333333333333333
0.9388888888888889
0.918918918918919
0.9243243243243243
0.9297297297297298
0.9351351351351351
0.9405405405405406
1.0
1.0
1.0
1.0
1.0
1.0
1.0
1.0
1.0
1.0
1.0
1.0
1.0
1.0
1.0
1.0
1.0
1.0
1.0
1.0
1.0
1.0
1.0
1.0
1.0
1.0
1.0
1.0
1.0
1.0
1.0
1.0
1.0
1.0
1.0
1.0
1.0
1.0
1.0
1.0
1.0
1.0
1.0
1.0
1.0
1.0
1.0
1.0
1.0
1.0
1.0
1.0
1.0
1.0
1.0
1.0
1.0
1.0
0.7142857142857143
0.7380952380952381
0.7619047619047619
0.7857142857142857
0.8095238095238095
0.8333333333333334
0.8571428571428571
0.8809523809523809
0.7307692307692307
0.75
0.7692307692307693
0.7884615384615384
0.8076923076923077
0.8113207547169812
0.8148148148148148
0.8181818181818182
0.8214285714285714
0.8245614035087719
0.8275862068965517
0.8305084745762712
0.8333333333333334
0.8360655737704918
0.8387096774193549
0.8412698412698413
0.84375
0.8461538461538461
0.8484848484848485
0.8636363636363636
0.8656716417910447
0.8676470588235294
0.8695652173913043
0.8714285714285714
0.8732394366197183
0.875
0.8767123287671232
0.8783783783783784
0.88
0.881578947368421
0.8831168831168831
0.8846153846153846
0.8860759493670886
0.8875
0.8888888888888888
0.8902439024390244
0.891566265060241
0.8928571428571429
0.8941176470588236
0.8953488372093024
0.896551724137931
0.8977272727272727
0.898876404494382
0.9
0.9010989010989011
0.9021739130434783
0.9032258064516129
0.9042553191489362
0.9052631578947369
0.90625
0.9072164948453608
0.9081632653061225
0.9090909090909091
0.91
0.9108910891089109
0.9117647058823529
0.912621359223301
0.9223300970873787
0.9320388349514563
0.941747572815534
0.9514563106796117
0.9166666666666666
0.9259259259259259
0.9351851851851852
0.9357798165137615
0.9363636363636364
0.9369369369369369
0.9375
0.9380530973451328
0.9469026548672567
0.9473684210526315
0.9478260869565217
0.9482758620689655
0.9487179487179487
0.9491525423728814
0.9495798319327731
0.95
0.9504132231404959
0.9508196721311475
0.9512195121951219
0.9516129032258065
0.952
0.9523809523809523
0.952755905511811
0.953125
0.9534883720930233
0.9538461538461539
0.9541984732824428
0.9545454545454546
0.9548872180451128
0.8827586206896552
0.8896551724137931
0.896551724137931
0.8972602739726028
0.8979591836734694
0.8986486486486487
0.8993288590604027
0.9
0.9066666666666666
0.9133333333333333
0.92
0.9266666666666666
0.9333333333333333
0.94
0.9466666666666667
0.9533333333333334
0.96
0.9294871794871795
0.9358974358974359
0.9423076923076923
0.9487179487179487
0.9551282051282052
0.9615384615384616
0.9207317073170732
0.926829268292683
0.9329268292682927
0.9390243902439024
0.9451219512195121
0.9512195121951219
0.9075144508670521
0.9132947976878613
0.9190751445086706
0.9248554913294798
0.930635838150289
0.9364161849710982
0.9421965317919075
0.9479768786127167
0.9166666666666666
0.9222222222222223
0.9277777777777778
0.9333333333333333
0.9388888888888889
0.918918918918919
0.9243243243243243
0.9297297297297298
0.9351351351351351
0.9405405405405406
1.0
1.0
1.0
1.0
1.0
1.0
1.0
1.0
1.0
1.0
1.0
1.0
1.0
1.0
1.0
1.0
1.0
1.0
1.0
1.0
1.0
1.0
1.0
1.0
1.0
1.0
1.0
1.0
1.0
0.8571428571428571
0.8857142857142857
0.8888888888888888
0.8918918918918919
0.8947368421052632
0.8974358974358975
0.9
0.9024390243902439
0.9047619047619048
0.9069767441860465
0.9090909090909091
0.9111111111111111
0.9130434782608695
0.9148936170212766
0.9166666666666666
0.9183673469387755
0.9387755102040817
0.94
0.9411764705882353
0.9423076923076923
0.9433962264150944
0.9444444444444444
0.9454545454545454
0.9464285714285714
0.9473684210526315
0.9482758620689655
0.9491525423728814
0.95
0.9508196721311475
0.9516129032258065
0.9523809523809523
0.953125
0.9538461538461539
0.9545454545454546
0.9552238805970149
0.9558823529411765
0.9565217391304348
0.9571428571428572
0.9577464788732394
0.9583333333333334
0.958904109589041
0.9594594594594594
0.96
0.9605263157894737
0.961038961038961
0.9615384615384616
0.9620253164556962
0.9625
0.9629629629629629
0.9634146341463414
0.963855421686747
0.9642857142857143
0.9647058823529412
0.9651162790697675
0.9767441860465116
0.9883720930232558
1.0
0.8787878787878788
0.8888888888888888
0.898989898989899
0.9090909090909091
0.9191919191919192
0.9292929292929293
0.9393939393939394
0.9494949494949495
0.8715596330275229
0.8807339449541285
0.8899082568807339
0.8990825688073395
0.908256880733945
0.9174311926605505
0.9181818181818182
0.918918918918919
0.9196428571428571
0.9203539823008849
0.9210526315789473
0.9217391304347826
0.9304347826086956
0.9391304347826087
0.9478260869565217
0.9565217391304348
0.8740157480314961
0.8818897637795275
0.889763779527559
0.890625
0.8914728682170543
0.8923076923076924
0.8931297709923665
0.8939393939393939
0.9015151515151515
0.9090909090909091
0.9166666666666666
0.9242424242424242
0.9318181818181818
0.9393939393939394
0.946969696969697
0.9545454545454546
0.9621212121212122
0.9343065693430657
0.9416058394160584
0.948905109489051
0.9562043795620438
0.9565217391304348
1.0
1.0
1.0
1.0
1.0
1.0
1.0
1.0
1.0
1.0
1.0
1.0
1.0
1.0
1.0
1.0
1.0
1.0
1.0
1.0
1.0
1.0
1.0
1.0
1.0
1.0
1.0
1.0
1.0
0.7142857142857143
0.7380952380952381
0.7619047619047619
0.7857142857142857
0.8095238095238095
0.8333333333333334
0.8571428571428571
0.8809523809523809
0.7916666666666666
0.8125
0.8163265306122449
0.82
0.8235294117647058
0.8269230769230769
0.8301886792452831
0.8333333333333334
0.8363636363636363
0.8392857142857143
0.8421052631578947
0.8448275862068966
0.847457627118644
0.85
0.8524590163934426
0.8548387096774194
0.8709677419354839
0.873015873015873
0.875
0.8769230769230769
0.8787878787878788
0.8805970149253731
0.8823529411764706
0.8840579710144928
0.8857142857142857
0.8873239436619719
0.8888888888888888
0.8904109589041096
0.8918918918918919
0.8933333333333333
0.8947368421052632
0.8961038961038961
0.8974358974358975
0.8987341772151899
0.9
0.9012345679012346
0.9024390243902439
0.9036144578313253
0.9047619047619048
0.9058823529411765
0.9069767441860465
0.9080459770114943
0.9090909090909091
0.9101123595505618
0.9111111111111111
0.9120879120879121
0.9130434782608695
0.9139784946236559
0.9148936170212766
0.9157894736842105
0.9166666666666666
0.9175257731958762
0.9183673469387755
0.9191919191919192
0.9292929292929293
0.9393939393939394
0.9494949494949495
0.9134615384615384
0.9230769230769231
0.9326923076923077
0.9423076923076923
0.9428571428571428
0.9433962264150944
0.9439252336448598
0.9444444444444444
0.944954128440367
0.9454545454545454
0.9459459459459459
0.9464285714285714
0.9469026548672567
0.9473684210526315
0.9478260869565217
0.9482758620689655
0.9487179487179487
0.9491525423728814
0.9495798319327731
0.95
0.9504132231404959
0.9508196721311475
0.9512195121951219
0.9516129032258065
0.875
0.8823529411764706
0.8897058823529411
0.8905109489051095
0.8913043478260869
0.8920863309352518
0.8928571428571429
0.8936170212765957
0.900709219858156
0.9078014184397163
0.9148936170212766
0.9219858156028369
0.9290780141843972
0.9361702127659575
0.9432624113475178
0.950354609929078
0.9574468085106383
0.9006622516556292
0.9072847682119205
0.9139072847682119
0.9205298013245033
0.9271523178807947
0.9337748344370861
0.9342105263157895
0.934640522875817
0.935064935064935
0.9354838709677419
0.9358974358974359
0.9363057324840764
0.9426751592356688
0.9490445859872612
0.9554140127388535
0.9617834394904459
0.926829268292683
0.9329268292682927
0.9390243902439024
0.9451219512195121
0.9512195121951219
0.9075144508670521
0.9132947976878613
0.9190751445086706
0.9248554913294798
0.930635838150289
0.9364161849710982
0.9421965317919075
0.9479768786127167
0.9116022099447514
0.9171270718232044
0.9226519337016574
0.9281767955801105
0.9337016574585635
0.9392265193370166
0.9193548387096774
0.9247311827956989
0.9301075268817204
0.9354838709677419
0.9408602150537635
1.0
1.0
1.0
1.0
1.0
1.0
1.0
1.0
1.0
1.0
1.0
1.0
1.0
1.0
1.0
1.0
1.0
1.0
1.0
1.0
1.0
1.0
1.0
1.0
1.0
1.0
1.0
1.0
1.0
0.8823529411764706
0.9117647058823529
0.9142857142857143
0.9166666666666666
0.918918918918919
0.9210526315789473
0.9230769230769231
0.925
0.926829268292683
0.9285714285714286
0.9302325581395349
0.9318181818181818
0.9333333333333333
0.9347826086956522
0.9361702127659575
0.9375
0.9583333333333334
0.9591836734693877
0.96
0.9607843137254902
0.9615384615384616
0.9622641509433962
0.9629629629629629
0.9636363636363636
0.9642857142857143
0.9649122807017544
0.9655172413793104
0.9661016949152542
0.9666666666666667
0.9672131147540983
0.967741935483871
0.9682539682539683
0.96875
0.9692307692307692
0.9696969696969697
0.9701492537313433
0.9705882352941176
0.9710144927536232
0.9714285714285714
0.971830985915493
0.9722222222222222
0.9726027397260274
0.972972972972973
0.9733333333333334
0.9736842105263158
0.974025974025974
0.9743589743589743
0.9746835443037974
0.975
0.9753086419753086
0.975609756097561
0.9759036144578314
0.9761904761904762
0.9764705882352941
0.9882352941176471
0.9883720930232558
0.9885057471264368
0.9886363636363636
0.9887640449438202
0.9888888888888889
0.989010989010989
0.9891304347826086
0.989247311827957
0.9893617021276596
0.9894736842105263
0.9895833333333334
0.9896907216494846
0.9897959183673469
0.98989898989899
0.99
0.9900990099009901
0.9901960784313726
0.9902912621359223
0.9903846153846154
0.9904761904761905
0.9130434782608695
0.9217391304347826
0.9304347826086956
0.9391304347826087
0.9478260869565217
0.9565217391304348
0.9568965517241379
0.9572649572649573
0.9576271186440678
0.957983193277311
0.9583333333333334
0.9586776859504132
0.9669421487603306
0.9752066115702479
0.9834710743801653
0.9917355371900827
0.9097744360902256
0.9172932330827067
0.924812030075188
0.9253731343283582
0.9259259259259259
0.9264705882352942
0.927007299270073
0.927536231884058
0.9347826086956522
0.9420289855072463
0.9492753623188406
0.9565217391304348
0.9637681159420289
0.9710144927536232
0.9782608695652174
0.9855072463768116
0.9927536231884058
0.9139072847682119
0.9205298013245033
0.9271523178807947
0.9337748344370861
0.9403973509933775
0.9470198675496688
0.9536423841059603
0.9602649006622517
0.9299363057324841
0.9363057324840764
0.9426751592356688
0.9490445859872612
0.9554140127388535
0.9617834394904459
0.9212121212121213
0.9272727272727272
0.9333333333333333
0.9393939393939394
0.9454545454545454
0.9515151515151515
0.9294117647058824
0.9352941176470588
0.9411764705882353
0.9470588235294117
0.9529411764705882
0.9106145251396648
0.9162011173184358
0.9217877094972067
0.9273743016759777
0.9329608938547486
0.9385474860335196
0.9441340782122905
0.9497206703910615
0.9193548387096774
0.9247311827956989
0.9301075268817204
0.9354838709677419
0.9408602150537635
