1.0
1.0
1.0
1.0
1.0
1.0
1.0
1.0
1.0
1.0
1.0
1.0
1.0
1.0
1.0
1.0
1.0
1.0
1.0
0.5
0.5121951219512195
0.5365853658536586
0.5609756097560976
0.5853658536585366
0.6097560975609756
0.6341463414634146
0.6585365853658537
0.6829268292682927
0.7073170731707317
0.7317073170731707
0.7560975609756098
0.7804878048780488
0.8048780487804879
0.8292682926829268
0.8536585365853658
0.8780487804878049
0.9024390243902439
0.926829268292683
0.9512195121951219
0.9523809523809523
0.9534883720930233
0.9545454545454546
0.9555555555555556
0.9565217391304348
0.9782608695652174
1.0
1.0
1.0
1.0
1.0
1.0
1.0
1.0
1.0
1.0
1.0
1.0
1.0
1.0
1.0
1.0
1.0
1.0
1.0
1.0
1.0
1.0
1.0
1.0
1.0
1.0
1.0
1.0
1.0
0.5
0.5121951219512195
0.5365853658536586
0.5609756097560976
0.5853658536585366
0.6097560975609756
0.6341463414634146
0.6585365853658537
0.6829268292682927
0.7073170731707317
0.7317073170731707
0.7560975609756098
0.7804878048780488
0.8048780487804879
0.8292682926829268
0.8536585365853658
0.8780487804878049
0.9024390243902439
0.926829268292683
0.9512195121951219
0.9523809523809523
0.9534883720930233
0.9545454545454546
0.9555555555555556
0.9565217391304348
0.9782608695652174
1.0
1.0
1.0
1.0
1.0
1.0
1.0
1.0
1.0
1.0
1.0
1.0
1.0
1.0
1.0
1.0
1.0
1.0
1.0
1.0
1.0
1.0
1.0
1.0
1.0
1.0
1.0
1.0
1.0
1.0
1.0
1.0
1.0
1.0
1.0
1.0
1.0
1.0
1.0
1.0
1.0
1.0
1.0
1.0
1.0
1.0
1.0
1.0
1.0
1.0
1.0
1.0
1.0
1.0
1.0
1.0
1.0
1.0
1.0
1.0
1.0
1.0
1.0
1.0
1.0
1.0
1.0
1.0
1.0
1.0
1.0
1.0
1.0
1.0
1.0
1.0
0.5
0.5121951219512195
0.5365853658536586
0.5609756097560976
0.5853658536585366
0.6097560975609756
0.6341463414634146
0.6585365853658537
0.6829268292682927
0.7073170731707317
0.7317073170731707
0.7560975609756098
0.7804878048780488
0.8048780487804879
0.8292682926829268
0.8536585365853658
0.8780487804878049
0.9024390243902439
0.926829268292683
0.9512195121951219
0.9523809523809523
0.9534883720930233
0.9545454545454546
0.9555555555555556
0.9565217391304348
0.9782608695652174
1.0
1.0
1.0
1.0
1.0
1.0
1.0
1.0
1.0
1.0
1.0
1.0
1.0
1.0
1.0
1.0
1.0
1.0
1.0
1.0
1.0
1.0
1.0
1.0
1.0
1.0
1.0
1.0
1.0
1.0
1.0
1.0
1.0
1.0
1.0
1.0
1.0
0.5
0.5121951219512195
0.5365853658536586
0.5609756097560976
0.5853658536585366
0.6097560975609756
0.6341463414634146
0.6585365853658537
0.6829268292682927
0.7073170731707317
0.7317073170731707
0.7560975609756098
0.7804878048780488
0.8048780487804879
0.8292682926829268
0.8536585365853658
0.8780487804878049
0.9024390243902439
0.926829268292683
0.9512195121951219
0.9523809523809523
0.9534883720930233
0.9545454545454546
0.9555555555555556
0.9565217391304348
0.9782608695652174
1.0
1.0
1.0
1.0
1.0
1.0
1.0
1.0
1.0
1.0
1.0
1.0
1.0
1.0
1.0
1.0
1.0
1.0
1.0
1.0
1.0
1.0
1.0
1.0
1.0
1.0
1.0
1.0
1.0
1.0
1.0
1.0
1.0
1.0
1.0
1.0
1.0
1.0
1.0
1.0
1.0
1.0
1.0
1.0
1.0
1.0
1.0
1.0
0.5
0.5121951219512195
0.5365853658536586
0.5609756097560976
0.5853658536585366
0.6097560975609756
0.6341463414634146
0.6585365853658537
0.6829268292682927
0.7073170731707317
0.7317073170731707
0.7560975609756098
0.7804878048780488
0.8048780487804879
0.8292682926829268
0.8536585365853658
0.8780487804878049
0.9024390243902439
0.926829268292683
0.9512195121951219
0.9523809523809523
0.9534883720930233
0.9545454545454546
0.9555555555555556
0.9565217391304348
0.9782608695652174
1.0
1.0
1.0
1.0
1.0
1.0
1.0
1.0
1.0
1.0
