1.0
1.0
1.0
1.0
1.0
1.0
1.0
1.0
1.0
1.0
1.0
1.0
1.0
1.0
0.9375
0.9411764705882353
0.9444444444444444
0.9473684210526315
0.95
0.9523809523809523
0.9545454545454546
0.9565217391304348
0.9583333333333334
0.96
0.9615384615384616
0.9629629629629629
0.9642857142857143
0.9655172413793104
0.9666666666666667
0.967741935483871
0.96875
0.9696969696969697
0.3793103448275862
0.38636363636363635
0.39325842696629215
0.4
0.4065934065934066
0.41304347826086957
0.41935483870967744
0.425531914893617
0.43157894736842106
0.4375
0.44329896907216493
0.4489795918367347
0.45454545454545453
0.46
0.46534653465346537
0.47058823529411764
0.47572815533980584
0.4807692307692308
0.4857142857142857
0.49056603773584906
0.4953271028037383
0.5
0.5045871559633027
0.509090909090909
0.5135135135135135
0.5178571428571429
0.5221238938053098
0.5263157894736842
0.5304347826086957
0.5344827586206896
0.5384615384615384
0.5423728813559322
0.3987730061349693
0.4024390243902439
0.40606060606060607
0.40963855421686746
0.41317365269461076
0.4166666666666667
0.42011834319526625
0.4235294117647059
0.4269005847953216
0.43023255813953487
0.43352601156069365
0.4367816091954023
0.44
0.42391304347826086
0.42702702702702705
0.43010752688172044
0.43315508021390375
0.43617021276595747
0.43915343915343913
0.4421052631578947
0.44502617801047123
0.4479166666666667
0.45077720207253885
0.4536082474226804
0.43842364532019706
0.4411764705882353
0.44390243902439025
0.44660194174757284
0.4492753623188406
0.4519230769230769
0.45454545454545453
0.45714285714285713
0.4597156398104265
0.46226415094339623
0.4647887323943662
0.4672897196261682
0.4697674418604651
0.4722222222222222
0.47465437788018433
0.47706422018348627
0.45454545454545453
0.45689655172413796
0.4592274678111588
0.46153846153846156
0.46382978723404256
0.4661016949152542
0.46835443037974683
0.47058823529411764
0.47280334728033474
0.475
0.47717842323651455
0.4793388429752066
0.48148148148148145
0.472
0.47410358565737054
0.47619047619047616
0.4782608695652174
0.48031496062992124
0.4823529411764706
0.484375
0.48638132295719844
0.4883720930232558
0.47924528301886793
0.48120300751879697
0.48314606741573035
0.48507462686567165
0.48698884758364314
0.4888888888888889
0.4907749077490775
0.49264705882352944
0.4945054945054945
0.49635036496350365
0.49818181818181817
0.5
0.5018050541516246
0.4861111111111111
0.48788927335640137
0.4896551724137931
0.49140893470790376
0.4931506849315068
0.4948805460750853
0.4965986394557823
0.49830508474576274
0.5
0.5016835016835017
0.5033557046979866
0.5050167224080268
0.495114006514658
0.4967532467532468
0.49838187702265374
0.5
0.5016077170418006
0.5032051282051282
0.5047923322683706
0.5063694267515924
0.5079365079365079
0.509493670886076
0.5110410094637224
0.5125786163522013
0.5141065830721003
0.5061349693251533
0.5076452599388379
0.5091463414634146
0.5106382978723404
0.5121212121212121
0.513595166163142
0.5150602409638554
0.5165165165165165
0.5179640718562875
0.5194029850746269
0.5208333333333334
1.0
1.0
1.0
1.0
1.0
1.0
1.0
1.0
1.0
1.0
1.0
1.0
1.0
1.0
0.9375
0.9411764705882353
0.9444444444444444
0.9473684210526315
0.95
0.9523809523809523
0.9545454545454546
0.9565217391304348
0.9583333333333334
0.96
0.9615384615384616
0.9629629629629629
0.9642857142857143
0.9655172413793104
0.9666666666666667
0.967741935483871
0.96875
0.9696969696969697
0.3793103448275862
0.38636363636363635
0.39325842696629215
0.4
0.4065934065934066
0.41304347826086957
0.41935483870967744
0.425531914893617
0.43157894736842106
0.4375
0.44329896907216493
0.4489795918367347
0.45454545454545453
0.46
0.46534653465346537
0.47058823529411764
0.47572815533980584
0.4807692307692308
0.4857142857142857
0.49056603773584906
0.4953271028037383
0.5
0.5045871559633027
0.509090909090909
0.5135135135135135
0.5178571428571429
0.5221238938053098
0.5263157894736842
0.5304347826086957
0.5344827586206896
0.5384615384615384
0.5423728813559322
0.3987730061349693
0.4024390243902439
0.40606060606060607
0.40963855421686746
0.41317365269461076
0.4166666666666667
0.42011834319526625
0.4235294117647059
0.4269005847953216
0.43023255813953487
0.43352601156069365
0.4367816091954023
0.44
0.42391304347826086
0.42702702702702705
0.43010752688172044
0.43315508021390375
0.43617021276595747
0.43915343915343913
0.4421052631578947
0.44502617801047123
0.4479166666666667
0.45077720207253885
0.4536082474226804
0.43842364532019706
0.4411764705882353
0.44390243902439025
0.44660194174757284
0.4492753623188406
0.4519230769230769
0.45454545454545453
0.45714285714285713
0.4597156398104265
0.46226415094339623
0.4647887323943662
0.4672897196261682
0.4697674418604651
0.4722222222222222
0.47465437788018433
0.47706422018348627
0.45454545454545453
0.45689655172413796
0.4592274678111588
0.46153846153846156
0.46382978723404256
0.4661016949152542
0.46835443037974683
0.47058823529411764
0.47280334728033474
0.475
0.47717842323651455
0.4793388429752066
0.48148148148148145
0.472
0.47410358565737054
0.47619047619047616
0.4782608695652174
0.48031496062992124
0.4823529411764706
0.484375
0.48638132295719844
0.4883720930232558
0.47924528301886793
0.48120300751879697
0.48314606741573035
0.48507462686567165
0.48698884758364314
0.4888888888888889
0.4907749077490775
0.49264705882352944
0.4945054945054945
0.49635036496350365
0.49818181818181817
0.5
0.5018050541516246
0.4861111111111111
0.48788927335640137
0.4896551724137931
0.49140893470790376
0.4931506849315068
0.4948805460750853
0.4965986394557823
0.49830508474576274
0.5
0.5016835016835017
0.5033557046979866
0.5050167224080268
0.495114006514658
0.4967532467532468
0.49838187702265374
0.5
0.5016077170418006
0.5032051282051282
0.5047923322683706
0.5063694267515924
0.5079365079365079
0.509493670886076
0.5110410094637224
0.5125786163522013
0.5141065830721003
0.5061349693251533
0.5076452599388379
0.5091463414634146
0.5106382978723404
0.5121212121212121
0.513595166163142
0.5150602409638554
0.5165165165165165
0.5179640718562875
0.5194029850746269
0.5208333333333334
1.0
1.0
1.0
1.0
1.0
1.0
1.0
1.0
1.0
1.0
1.0
1.0
1.0
1.0
1.0
1.0
1.0
1.0
1.0
1.0
1.0
1.0
1.0
1.0
1.0
1.0
1.0
1.0
1.0
1.0
1.0
1.0
1.0
1.0
1.0
1.0
1.0
1.0
1.0
1.0
1.0
1.0
1.0
1.0
1.0
1.0
1.0
1.0
1.0
1.0
1.0
1.0
1.0
1.0
1.0
1.0
1.0
1.0
1.0
1.0
1.0
1.0
1.0
1.0
1.0
1.0
1.0
1.0
1.0
1.0
1.0
1.0
1.0
1.0
1.0
1.0
1.0
1.0
1.0
1.0
1.0
1.0
1.0
1.0
1.0
1.0
1.0
1.0
1.0
1.0
1.0
1.0
1.0
1.0
1.0
1.0
1.0
1.0
1.0
1.0
1.0
1.0
1.0
1.0
1.0
1.0
1.0
1.0
1.0
1.0
1.0
1.0
1.0
1.0
1.0
1.0
1.0
1.0
1.0
1.0
1.0
1.0
1.0
1.0
1.0
1.0
1.0
1.0
1.0
1.0
1.0
1.0
1.0
1.0
1.0
1.0
1.0
1.0
1.0
1.0
1.0
1.0
1.0
1.0
1.0
1.0
1.0
1.0
1.0
1.0
1.0
1.0
1.0
1.0
1.0
1.0
1.0
1.0
1.0
1.0
1.0
1.0
1.0
1.0
1.0
1.0
1.0
1.0
1.0
1.0
1.0
1.0
1.0
1.0
1.0
0.9777777777777777
0.9833333333333333
0.9888888888888889
0.9944444444444445
1.0
0.9526315789473684
0.9578947368421052
0.9631578947368421
0.968421052631579
0.9736842105263158
0.9789473684210527
0.9842105263157894
0.9894736842105263
0.9947368421052631
1.0
1.0
1.0
1.0
1.0
1.0
1.0
1.0
1.0
1.0
1.0
1.0
1.0
1.0
1.0
1.0
1.0
1.0
0.9375
0.9411764705882353
0.9444444444444444
0.9473684210526315
0.95
0.9523809523809523
0.9545454545454546
0.9565217391304348
0.9583333333333334
0.96
0.9615384615384616
0.9629629629629629
0.9642857142857143
0.9655172413793104
0.9666666666666667
0.967741935483871
0.96875
0.9696969696969697
0.3793103448275862
0.38636363636363635
0.39325842696629215
0.4
0.4065934065934066
0.41304347826086957
0.41935483870967744
0.425531914893617
0.43157894736842106
0.4375
0.44329896907216493
0.4489795918367347
0.45454545454545453
0.46
0.46534653465346537
0.47058823529411764
0.47572815533980584
0.4807692307692308
0.4857142857142857
0.49056603773584906
0.4953271028037383
0.5
0.5045871559633027
0.509090909090909
0.5135135135135135
0.5178571428571429
0.5221238938053098
0.5263157894736842
0.5304347826086957
0.5344827586206896
0.5384615384615384
0.5423728813559322
0.3987730061349693
0.4024390243902439
0.40606060606060607
0.40963855421686746
0.41317365269461076
0.4166666666666667
0.42011834319526625
0.4235294117647059
0.4269005847953216
0.43023255813953487
0.43352601156069365
0.4367816091954023
0.44
0.42391304347826086
0.42702702702702705
0.43010752688172044
0.43315508021390375
0.43617021276595747
0.43915343915343913
0.4421052631578947
0.44502617801047123
0.4479166666666667
0.45077720207253885
0.4536082474226804
0.43842364532019706
0.4411764705882353
0.44390243902439025
0.44660194174757284
0.4492753623188406
0.4519230769230769
0.45454545454545453
0.45714285714285713
0.4597156398104265
0.46226415094339623
0.4647887323943662
0.4672897196261682
0.4697674418604651
0.4722222222222222
0.47465437788018433
0.47706422018348627
0.45454545454545453
0.45689655172413796
0.4592274678111588
0.46153846153846156
0.46382978723404256
0.4661016949152542
0.46835443037974683
0.47058823529411764
0.47280334728033474
0.475
0.47717842323651455
0.4793388429752066
0.48148148148148145
0.472
0.47410358565737054
0.47619047619047616
0.4782608695652174
0.48031496062992124
0.4823529411764706
0.484375
0.48638132295719844
0.4883720930232558
0.47924528301886793
0.48120300751879697
0.48314606741573035
0.48507462686567165
0.48698884758364314
0.4888888888888889
0.4907749077490775
0.49264705882352944
0.4945054945054945
0.49635036496350365
0.49818181818181817
0.5
0.5018050541516246
0.4861111111111111
0.48788927335640137
0.4896551724137931
0.49140893470790376
0.4931506849315068
0.4948805460750853
0.4965986394557823
0.49830508474576274
0.5
0.5016835016835017
0.5033557046979866
0.5050167224080268
0.495114006514658
0.4967532467532468
0.49838187702265374
0.5
0.5016077170418006
0.5032051282051282
0.5047923322683706
0.5063694267515924
0.5079365079365079
0.509493670886076
0.5110410094637224
0.5125786163522013
0.5141065830721003
0.5061349693251533
0.5076452599388379
0.5091463414634146
0.5106382978723404
0.5121212121212121
0.513595166163142
0.5150602409638554
0.5165165165165165
0.5179640718562875
0.5194029850746269
0.5208333333333334
1.0
1.0
1.0
1.0
1.0
1.0
1.0
1.0
1.0
1.0
1.0
1.0
1.0
1.0
0.9375
0.9411764705882353
0.9444444444444444
0.9473684210526315
0.95
0.9523809523809523
0.9545454545454546
0.9565217391304348
0.9583333333333334
0.96
0.9615384615384616
0.9629629629629629
0.9642857142857143
0.9655172413793104
0.9666666666666667
0.967741935483871
0.96875
0.9696969696969697
0.3793103448275862
0.38636363636363635
0.39325842696629215
0.4
0.4065934065934066
0.41304347826086957
0.41935483870967744
0.425531914893617
0.43157894736842106
0.4375
0.44329896907216493
0.4489795918367347
0.45454545454545453
0.46
0.46534653465346537
0.47058823529411764
0.47572815533980584
0.4807692307692308
0.4857142857142857
0.49056603773584906
0.4953271028037383
0.5
0.5045871559633027
0.509090909090909
0.5135135135135135
0.5178571428571429
0.5221238938053098
0.5263157894736842
0.5304347826086957
0.5344827586206896
0.5384615384615384
0.5423728813559322
0.3987730061349693
0.4024390243902439
0.40606060606060607
0.40963855421686746
0.41317365269461076
0.4166666666666667
0.42011834319526625
0.4235294117647059
0.4269005847953216
0.43023255813953487
0.43352601156069365
0.4367816091954023
0.44
0.42391304347826086
0.42702702702702705
0.43010752688172044
0.43315508021390375
0.43617021276595747
0.43915343915343913
0.4421052631578947
0.44502617801047123
0.4479166666666667
0.45077720207253885
0.4536082474226804
0.43842364532019706
0.4411764705882353
0.44390243902439025
0.44660194174757284
0.4492753623188406
0.4519230769230769
0.45454545454545453
0.45714285714285713
0.4597156398104265
0.46226415094339623
0.4647887323943662
0.4672897196261682
0.4697674418604651
0.4722222222222222
0.47465437788018433
0.47706422018348627
0.45454545454545453
0.45689655172413796
0.4592274678111588
0.46153846153846156
0.46382978723404256
0.4661016949152542
0.46835443037974683
0.47058823529411764
0.47280334728033474
0.475
0.47717842323651455
0.4793388429752066
0.48148148148148145
0.472
0.47410358565737054
0.47619047619047616
0.4782608695652174
0.48031496062992124
0.4823529411764706
0.484375
0.48638132295719844
0.4883720930232558
0.47924528301886793
0.48120300751879697
0.48314606741573035
0.48507462686567165
0.48698884758364314
0.4888888888888889
0.4907749077490775
0.49264705882352944
0.4945054945054945
0.49635036496350365
0.49818181818181817
0.5
0.5018050541516246
0.4861111111111111
0.48788927335640137
0.4896551724137931
0.49140893470790376
0.4931506849315068
0.4948805460750853
0.4965986394557823
0.49830508474576274
0.5
0.5016835016835017
0.5033557046979866
0.5050167224080268
0.495114006514658
0.4967532467532468
0.49838187702265374
0.5
0.5016077170418006
0.5032051282051282
0.5047923322683706
0.5063694267515924
0.5079365079365079
0.509493670886076
0.5110410094637224
0.5125786163522013
0.5141065830721003
0.5061349693251533
0.5076452599388379
0.5091463414634146
0.5106382978723404
0.5121212121212121
0.513595166163142
0.5150602409638554
0.5165165165165165
0.5179640718562875
0.5194029850746269
0.5208333333333334
1.0
1.0
1.0
1.0
1.0
1.0
1.0
1.0
1.0
1.0
1.0
1.0
1.0
1.0
0.9375
0.9411764705882353
0.9444444444444444
0.9473684210526315
0.95
0.9523809523809523
0.9545454545454546
0.9565217391304348
0.9583333333333334
0.96
0.9615384615384616
0.9629629629629629
0.9642857142857143
0.9655172413793104
0.9666666666666667
0.967741935483871
0.96875
0.9696969696969697
0.3793103448275862
0.38636363636363635
0.39325842696629215
0.4
0.4065934065934066
0.41304347826086957
0.41935483870967744
0.425531914893617
0.43157894736842106
0.4375
0.44329896907216493
0.4489795918367347
0.45454545454545453
0.46
0.46534653465346537
0.47058823529411764
0.47572815533980584
0.4807692307692308
0.4857142857142857
0.49056603773584906
0.4953271028037383
0.5
0.5045871559633027
0.509090909090909
0.5135135135135135
0.5178571428571429
0.5221238938053098
0.5263157894736842
0.5304347826086957
0.5344827586206896
0.5384615384615384
0.5423728813559322
0.3987730061349693
0.4024390243902439
0.40606060606060607
0.40963855421686746
0.41317365269461076
0.4166666666666667
0.42011834319526625
0.4235294117647059
0.4269005847953216
0.43023255813953487
0.43352601156069365
0.4367816091954023
0.44
0.42391304347826086
0.42702702702702705
0.43010752688172044
0.43315508021390375
0.43617021276595747
0.43915343915343913
0.4421052631578947
0.44502617801047123
0.4479166666666667
0.45077720207253885
0.4536082474226804
0.43842364532019706
0.4411764705882353
0.44390243902439025
0.44660194174757284
0.4492753623188406
0.4519230769230769
0.45454545454545453
0.45714285714285713
0.4597156398104265
0.46226415094339623
0.4647887323943662
0.4672897196261682
0.4697674418604651
0.4722222222222222
0.47465437788018433
0.47706422018348627
0.45454545454545453
0.45689655172413796
0.4592274678111588
0.46153846153846156
0.46382978723404256
0.4661016949152542
0.46835443037974683
0.47058823529411764
0.47280334728033474
0.475
0.47717842323651455
0.4793388429752066
0.48148148148148145
0.472
0.47410358565737054
0.47619047619047616
0.4782608695652174
0.48031496062992124
0.4823529411764706
0.484375
0.48638132295719844
0.4883720930232558
0.47924528301886793
0.48120300751879697
0.48314606741573035
0.48507462686567165
0.48698884758364314
0.4888888888888889
0.4907749077490775
0.49264705882352944
0.4945054945054945
0.49635036496350365
0.49818181818181817
0.5
0.5018050541516246
0.4861111111111111
0.48788927335640137
0.4896551724137931
0.49140893470790376
0.4931506849315068
0.4948805460750853
0.4965986394557823
0.49830508474576274
0.5
0.5016835016835017
0.5033557046979866
0.5050167224080268
0.495114006514658
0.4967532467532468
0.49838187702265374
0.5
0.5016077170418006
0.5032051282051282
0.5047923322683706
0.5063694267515924
0.5079365079365079
0.509493670886076
0.5110410094637224
0.5125786163522013
0.5141065830721003
0.5061349693251533
0.5076452599388379
0.5091463414634146
0.5106382978723404
0.5121212121212121
0.513595166163142
0.5150602409638554
0.5165165165165165
0.5179640718562875
0.5194029850746269
0.5208333333333334
1.0
1.0
1.0
1.0
1.0
1.0
1.0
1.0
1.0
1.0
1.0
1.0
1.0
1.0
0.9375
0.9411764705882353
0.9444444444444444
0.9473684210526315
0.95
0.9523809523809523
0.9545454545454546
0.9565217391304348
0.9583333333333334
0.96
0.9615384615384616
0.9629629629629629
0.9642857142857143
0.9655172413793104
0.9666666666666667
0.967741935483871
0.96875
0.9696969696969697
0.3793103448275862
0.38636363636363635
0.39325842696629215
0.4
0.4065934065934066
0.41304347826086957
0.41935483870967744
0.425531914893617
0.43157894736842106
0.4375
0.44329896907216493
0.4489795918367347
0.45454545454545453
0.46
0.46534653465346537
0.47058823529411764
0.47572815533980584
0.4807692307692308
0.4857142857142857
0.49056603773584906
0.4953271028037383
0.5
0.5045871559633027
0.509090909090909
0.5135135135135135
0.5178571428571429
0.5221238938053098
0.5263157894736842
0.5304347826086957
0.5344827586206896
0.5384615384615384
0.5423728813559322
0.3987730061349693
0.4024390243902439
0.40606060606060607
0.40963855421686746
0.41317365269461076
0.4166666666666667
0.42011834319526625
0.4235294117647059
0.4269005847953216
0.43023255813953487
0.43352601156069365
0.4367816091954023
0.44
0.42391304347826086
0.42702702702702705
0.43010752688172044
0.43315508021390375
0.43617021276595747
0.43915343915343913
0.4421052631578947
0.44502617801047123
0.4479166666666667
0.45077720207253885
0.4536082474226804
0.43842364532019706
0.4411764705882353
0.44390243902439025
0.44660194174757284
0.4492753623188406
0.4519230769230769
0.45454545454545453
0.45714285714285713
0.4597156398104265
0.46226415094339623
0.4647887323943662
0.4672897196261682
0.4697674418604651
0.4722222222222222
0.47465437788018433
0.47706422018348627
0.45454545454545453
0.45689655172413796
0.4592274678111588
0.46153846153846156
0.46382978723404256
0.4661016949152542
0.46835443037974683
0.47058823529411764
0.47280334728033474
0.475
0.47717842323651455
0.4793388429752066
0.48148148148148145
0.472
0.47410358565737054
0.47619047619047616
0.4782608695652174
0.48031496062992124
0.4823529411764706
0.484375
0.48638132295719844
0.4883720930232558
0.47924528301886793
0.48120300751879697
0.48314606741573035
0.48507462686567165
0.48698884758364314
0.4888888888888889
0.4907749077490775
0.49264705882352944
0.4945054945054945
0.49635036496350365
0.49818181818181817
0.5
0.5018050541516246
0.4861111111111111
0.48788927335640137
0.4896551724137931
0.49140893470790376
0.4931506849315068
0.4948805460750853
0.4965986394557823
0.49830508474576274
0.5
0.5016835016835017
0.5033557046979866
0.5050167224080268
0.495114006514658
0.4967532467532468
0.49838187702265374
0.5
0.5016077170418006
0.5032051282051282
0.5047923322683706
0.5063694267515924
0.5079365079365079
0.509493670886076
0.5110410094637224
0.5125786163522013
0.5141065830721003
0.5061349693251533
0.5076452599388379
0.5091463414634146
0.5106382978723404
0.5121212121212121
0.513595166163142
0.5150602409638554
0.5165165165165165
0.5179640718562875
0.5194029850746269
0.5208333333333334
