1.0
1.0
1.0
1.0
1.0
1.0
1.0
1.0
1.0
1.0
1.0
0.6666666666666666
0.7222222222222222
0.7777777777777778
0.8333333333333334
0.8888888888888888
0.8947368421052632
0.9473684210526315
1.0
1.0
1.0
1.0
1.0
1.0
1.0
1.0
1.0
1.0
1.0
1.0
1.0
1.0
1.0
1.0
0.6956521739130435
0.7083333333333334
0.72
0.7307692307692307
0.7407407407407407
0.75
0.7586206896551724
0.7666666666666667
0.7741935483870968
0.352112676056338
0.3611111111111111
0.3698630136986301
0.3783783783783784
0.38666666666666666
0.39473684210526316
0.4025974025974026
0.41025641025641024
0.4177215189873418
0.425
0.43209876543209874
0.43902439024390244
0.4457831325301205
0.4523809523809524
0.2826086956521739
0.28776978417266186
0.29285714285714287
0.2978723404255319
0.3028169014084507
0.3076923076923077
0.3125
0.31724137931034485
0.3219178082191781
0.32653061224489793
0.3310810810810811
0.33557046979865773
0.34
0.2639593908629442
0.2676767676767677
0.271356783919598
0.275
0.27860696517412936
0.28217821782178215
0.2857142857142857
0.28921568627450983
0.2926829268292683
0.2961165048543689
0.2995169082125604
0.30288461538461536
0.1797752808988764
0.18207282913165265
0.18435754189944134
0.18662952646239556
0.18888888888888888
0.16911764705882354
0.17114914425427874
0.17317073170731706
0.17518248175182483
0.17718446601941748
0.1791767554479419
0.18115942028985507
0.18357487922705315
0.1859903381642512
0.18840579710144928
0.19082125603864733
0.1932367149758454
0.1956521739130435
0.19806763285024154
0.20048309178743962
0.2028985507246377
0.20531400966183574
0.20772946859903382
0.21014492753623187
0.21256038647342995
0.21497584541062803
0.21739130434782608
0.21980676328502416
0.2222222222222222
0.2246376811594203
0.22705314009661837
0.22946859903381642
0.2318840579710145
0.23429951690821257
0.23671497584541062
0.2391304347826087
0.24154589371980675
0.24396135265700483
0.2463768115942029
0.24879227053140096
0.25120772946859904
0.2536231884057971
0.2560386473429952
0.2584541062801932
0.2608695652173913
0.2632850241545894
0.26570048309178745
0.26811594202898553
0.27053140096618356
0.27294685990338163
0.2753623188405797
0.2777777777777778
0.28019323671497587
0.2826086956521739
0.28502415458937197
0.28743961352657005
0.2898550724637681
0.2922705314009662
0.2946859903381642
0.2971014492753623
0.2995169082125604
0.30193236714975846
0.30434782608695654
0.30676328502415456
0.30917874396135264
0.3115942028985507
0.3140096618357488
0.3164251207729469
0.3188405797101449
0.321256038647343
0.32367149758454106
0.32608695652173914
0.3285024154589372
0.3309178743961353
0.3333333333333333
0.3357487922705314
0.33816425120772947
0.34057971014492755
0.34299516908212563
0.34541062801932365
0.34782608695652173
0.3502415458937198
0.3526570048309179
0.35507246376811596
0.357487922705314
0.35990338164251207
0.36231884057971014
0.3647342995169082
0.3671497584541063
0.3695652173913043
0.3719806763285024
0.3743961352657005
0.37681159420289856
0.37922705314009664
0.38164251207729466
0.38405797101449274
0.3864734299516908
0.3888888888888889
0.391304347826087
0.39371980676328505
0.3961352657004831
0.39855072463768115
0.40096618357487923
0.4033816425120773
0.4057971014492754
0.4082125603864734
0.4106280193236715
0.41304347826086957
0.41545893719806765
0.4178743961352657
0.42028985507246375
0.4227053140096618
0.4251207729468599
0.427536231884058
0.42995169082125606
0.4323671497584541
0.43478260869565216
0.43719806763285024
0.4396135265700483
0.4420289855072464
0.4444444444444444
0.4468599033816425
0.4492753623188406
0.45169082125603865
0.45410628019323673
0.45652173913043476
0.45893719806763283
0.4613526570048309
0.463768115942029
0.46618357487922707
0.46859903381642515
0.47101449275362317
0.47342995169082125
0.4758454106280193
0.4782608695652174
0.4806763285024155
0.4830917874396135
0.4855072463768116
0.48792270531400966
0.49033816425120774
0.4927536231884058
0.49516908212560384
0.4975845410628019
0.5
0.5024154589371981
0.5048309178743962
0.5072463768115942
0.5096618357487923
0.5120772946859904
0.5132530120481927
0.5144230769230769
0.5155875299760192
0.5167464114832536
0.5178997613365155
0.5190476190476191
0.5201900237529691
0.5213270142180095
0.5224586288416075
0.5235849056603774
0.5247058823529411
0.5258215962441315
0.528169014084507
0.5305164319248826
0.5328638497652582
0.5352112676056338
0.5375586854460094
0.539906103286385
0.5422535211267606
0.5446009389671361
0.5469483568075117
0.5492957746478874
0.5516431924882629
0.5539906103286385
0.5563380281690141
0.5586854460093896
0.5610328638497653
0.5633802816901409
0.5657276995305164
0.568075117370892
0.5690866510538641
0.5700934579439252
0.572429906542056
0.5747663551401869
0.5771028037383178
0.5794392523364486
0.5817757009345794
0.5827505827505828
0.5837209302325581
0.5846867749419954
0.5856481481481481
0.5866050808314087
0.5875576036866359
0.5885057471264368
0.5908045977011495
0.593103448275862
0.5954022988505747
0.5977011494252874
0.6
0.6022988505747127
0.6045977011494252
0.6068965517241379
0.6091954022988506
0.6114942528735632
0.6137931034482759
0.6160919540229886
0.6183908045977011
0.6206896551724138
0.6215596330275229
0.6224256292906178
0.6232876712328768
0.6241457858769932
0.625
0.6258503401360545
0.6266968325791855
0.6275395033860045
0.6283783783783784
0.6292134831460674
0.6300448430493274
0.6308724832214765
0.6316964285714286
0.6325167037861915
0.6333333333333333
0.6341463414634146
0.6349557522123894
0.6357615894039735
0.6365638766519823
0.6373626373626373
1.0
1.0
1.0
1.0
1.0
1.0
1.0
1.0
1.0
1.0
1.0
0.6666666666666666
0.7222222222222222
0.7777777777777778
0.8333333333333334
0.8888888888888888
0.8947368421052632
0.9473684210526315
1.0
1.0
1.0
1.0
1.0
1.0
1.0
1.0
1.0
1.0
1.0
1.0
1.0
1.0
1.0
1.0
0.6956521739130435
0.7083333333333334
0.72
0.7307692307692307
0.7407407407407407
0.75
0.7586206896551724
0.7666666666666667
0.7741935483870968
0.352112676056338
0.3611111111111111
0.3698630136986301
0.3783783783783784
0.38666666666666666
0.39473684210526316
0.4025974025974026
0.41025641025641024
0.4177215189873418
0.425
0.43209876543209874
0.43902439024390244
0.4457831325301205
0.4523809523809524
0.2826086956521739
0.28776978417266186
0.29285714285714287
0.2978723404255319
0.3028169014084507
0.3076923076923077
0.3125
0.31724137931034485
0.3219178082191781
0.32653061224489793
0.3310810810810811
0.33557046979865773
0.34
0.2639593908629442
0.2676767676767677
0.271356783919598
0.275
0.27860696517412936
0.28217821782178215
0.2857142857142857
0.28921568627450983
0.2926829268292683
0.2961165048543689
0.2995169082125604
0.30288461538461536
0.1797752808988764
0.18207282913165265
0.18435754189944134
0.18662952646239556
0.18888888888888888
0.16911764705882354
0.17114914425427874
0.17317073170731706
0.17518248175182483
0.17718446601941748
0.1791767554479419
0.18115942028985507
0.18357487922705315
0.1859903381642512
0.18840579710144928
0.19082125603864733
0.1932367149758454
0.1956521739130435
0.19806763285024154
0.20048309178743962
0.2028985507246377
0.20531400966183574
0.20772946859903382
0.21014492753623187
0.21256038647342995
0.21497584541062803
0.21739130434782608
0.21980676328502416
0.2222222222222222
0.2246376811594203
0.22705314009661837
0.22946859903381642
0.2318840579710145
0.23429951690821257
0.23671497584541062
0.2391304347826087
0.24154589371980675
0.24396135265700483
0.2463768115942029
0.24879227053140096
0.25120772946859904
0.2536231884057971
0.2560386473429952
0.2584541062801932
0.2608695652173913
0.2632850241545894
0.26570048309178745
0.26811594202898553
0.27053140096618356
0.27294685990338163
0.2753623188405797
0.2777777777777778
0.28019323671497587
0.2826086956521739
0.28502415458937197
0.28743961352657005
0.2898550724637681
0.2922705314009662
0.2946859903381642
0.2971014492753623
0.2995169082125604
0.30193236714975846
0.30434782608695654
0.30676328502415456
0.30917874396135264
0.3115942028985507
0.3140096618357488
0.3164251207729469
0.3188405797101449
0.321256038647343
0.32367149758454106
0.32608695652173914
0.3285024154589372
0.3309178743961353
0.3333333333333333
0.3357487922705314
0.33816425120772947
0.34057971014492755
0.34299516908212563
0.34541062801932365
0.34782608695652173
0.3502415458937198
0.3526570048309179
0.35507246376811596
0.357487922705314
0.35990338164251207
0.36231884057971014
0.3647342995169082
0.3671497584541063
0.3695652173913043
0.3719806763285024
0.3743961352657005
0.37681159420289856
0.37922705314009664
0.38164251207729466
0.38405797101449274
0.3864734299516908
0.3888888888888889
0.391304347826087
0.39371980676328505
0.3961352657004831
0.39855072463768115
0.40096618357487923
0.4033816425120773
0.4057971014492754
0.4082125603864734
0.4106280193236715
0.41304347826086957
0.41545893719806765
0.4178743961352657
0.42028985507246375
0.4227053140096618
0.4251207729468599
0.427536231884058
0.42995169082125606
0.4323671497584541
0.43478260869565216
0.43719806763285024
0.4396135265700483
0.4420289855072464
0.4444444444444444
0.4468599033816425
0.4492753623188406
0.45169082125603865
0.45410628019323673
0.45652173913043476
0.45893719806763283
0.4613526570048309
0.463768115942029
0.46618357487922707
0.46859903381642515
0.47101449275362317
0.47342995169082125
0.4758454106280193
0.4782608695652174
0.4806763285024155
0.4830917874396135
0.4855072463768116
0.48792270531400966
0.49033816425120774
0.4927536231884058
0.49516908212560384
0.4975845410628019
0.5
0.5024154589371981
0.5048309178743962
0.5072463768115942
0.5096618357487923
0.5120772946859904
0.5132530120481927
0.5144230769230769
0.5155875299760192
0.5167464114832536
0.5178997613365155
0.5190476190476191
0.5201900237529691
0.5213270142180095
0.5224586288416075
0.5235849056603774
0.5247058823529411
0.5258215962441315
0.528169014084507
0.5305164319248826
0.5328638497652582
0.5352112676056338
0.5375586854460094
0.539906103286385
0.5422535211267606
0.5446009389671361
0.5469483568075117
0.5492957746478874
0.5516431924882629
0.5539906103286385
0.5563380281690141
0.5586854460093896
0.5610328638497653
0.5633802816901409
0.5657276995305164
0.568075117370892
0.5690866510538641
0.5700934579439252
0.572429906542056
0.5747663551401869
0.5771028037383178
0.5794392523364486
0.5817757009345794
0.5827505827505828
0.5837209302325581
0.5846867749419954
0.5856481481481481
0.5866050808314087
0.5875576036866359
0.5885057471264368
0.5908045977011495
0.593103448275862
0.5954022988505747
0.5977011494252874
0.6
0.6022988505747127
0.6045977011494252
0.6068965517241379
0.6091954022988506
0.6114942528735632
0.6137931034482759
0.6160919540229886
0.6183908045977011
0.6206896551724138
0.6215596330275229
0.6224256292906178
0.6232876712328768
0.6241457858769932
0.625
0.6258503401360545
0.6266968325791855
0.6275395033860045
0.6283783783783784
0.6292134831460674
0.6300448430493274
0.6308724832214765
0.6316964285714286
0.6325167037861915
0.6333333333333333
0.6341463414634146
0.6349557522123894
0.6357615894039735
0.6365638766519823
0.6373626373626373
1.0
1.0
1.0
1.0
1.0
1.0
1.0
1.0
1.0
1.0
1.0
1.0
1.0
1.0
1.0
1.0
1.0
1.0
1.0
1.0
1.0
1.0
0.6666666666666666
0.7222222222222222
0.7777777777777778
0.8333333333333334
0.8888888888888888
0.8947368421052632
0.9473684210526315
1.0
1.0
1.0
1.0
1.0
1.0
1.0
1.0
1.0
1.0
1.0
1.0
1.0
1.0
1.0
1.0
1.0
1.0
1.0
1.0
1.0
1.0
1.0
1.0
1.0
1.0
1.0
1.0
1.0
1.0
1.0
1.0
1.0
1.0
1.0
1.0
1.0
1.0
1.0
1.0
1.0
1.0
1.0
1.0
1.0
1.0
1.0
1.0
1.0
1.0
1.0
1.0
1.0
1.0
1.0
1.0
1.0
1.0
1.0
1.0
1.0
1.0
1.0
1.0
1.0
1.0
1.0
1.0
1.0
1.0
1.0
1.0
1.0
1.0
1.0
1.0
1.0
1.0
1.0
1.0
1.0
1.0
1.0
1.0
1.0
1.0
1.0
1.0
1.0
1.0
1.0
1.0
1.0
1.0
1.0
1.0
1.0
1.0
1.0
1.0
1.0
1.0
1.0
1.0
1.0
1.0
1.0
1.0
1.0
1.0
1.0
1.0
1.0
1.0
1.0
1.0
1.0
1.0
1.0
1.0
1.0
1.0
1.0
1.0
1.0
1.0
1.0
1.0
1.0
1.0
1.0
1.0
1.0
1.0
1.0
1.0
1.0
1.0
1.0
1.0
1.0
1.0
1.0
1.0
1.0
1.0
1.0
1.0
1.0
1.0
1.0
1.0
1.0
1.0
1.0
1.0
1.0
1.0
1.0
1.0
1.0
1.0
1.0
1.0
1.0
1.0
1.0
1.0
1.0
1.0
1.0
1.0
1.0
1.0
1.0
1.0
1.0
1.0
1.0
1.0
1.0
1.0
1.0
1.0
1.0
1.0
1.0
1.0
1.0
1.0
1.0
1.0
1.0
1.0
1.0
1.0
1.0
1.0
1.0
1.0
1.0
1.0
1.0
1.0
1.0
1.0
1.0
1.0
1.0
1.0
1.0
1.0
1.0
1.0
1.0
1.0
1.0
1.0
1.0
1.0
1.0
1.0
1.0
1.0
1.0
1.0
1.0
1.0
1.0
1.0
1.0
1.0
1.0
1.0
1.0
1.0
1.0
1.0
1.0
1.0
1.0
1.0
1.0
1.0
1.0
1.0
1.0
1.0
1.0
1.0
1.0
1.0
1.0
1.0
1.0
1.0
1.0
1.0
1.0
1.0
1.0
1.0
1.0
1.0
1.0
1.0
1.0
1.0
1.0
1.0
1.0
1.0
1.0
1.0
1.0
1.0
1.0
1.0
1.0
1.0
1.0
1.0
1.0
1.0
1.0
1.0
1.0
1.0
1.0
1.0
1.0
1.0
1.0
1.0
1.0
1.0
1.0
1.0
1.0
1.0
1.0
1.0
1.0
1.0
1.0
1.0
0.6956521739130435
0.7083333333333334
0.72
0.7307692307692307
0.7407407407407407
0.75
0.7586206896551724
0.7666666666666667
0.7741935483870968
0.352112676056338
0.3611111111111111
0.3698630136986301
0.3783783783783784
0.38666666666666666
0.39473684210526316
0.4025974025974026
0.41025641025641024
0.4177215189873418
0.425
0.43209876543209874
0.43902439024390244
0.4457831325301205
0.4523809523809524
0.2826086956521739
0.28776978417266186
0.29285714285714287
0.2978723404255319
0.3028169014084507
0.3076923076923077
0.3125
0.31724137931034485
0.3219178082191781
0.32653061224489793
0.3310810810810811
0.33557046979865773
0.34
0.2639593908629442
0.2676767676767677
0.271356783919598
0.275
0.27860696517412936
0.28217821782178215
0.2857142857142857
0.28921568627450983
0.2926829268292683
0.2961165048543689
0.2995169082125604
0.30288461538461536
0.1797752808988764
0.18207282913165265
0.18435754189944134
0.18662952646239556
0.18888888888888888
0.16911764705882354
0.17114914425427874
0.17317073170731706
0.17518248175182483
0.17718446601941748
0.1791767554479419
0.18115942028985507
0.18357487922705315
0.1859903381642512
0.18840579710144928
0.19082125603864733
0.1932367149758454
0.1956521739130435
0.19806763285024154
0.20048309178743962
0.2028985507246377
0.20531400966183574
0.20772946859903382
0.21014492753623187
0.21256038647342995
0.21497584541062803
0.21739130434782608
0.21980676328502416
0.2222222222222222
0.2246376811594203
0.22705314009661837
0.22946859903381642
0.2318840579710145
0.23429951690821257
0.23671497584541062
0.2391304347826087
0.24154589371980675
0.24396135265700483
0.2463768115942029
0.24879227053140096
0.25120772946859904
0.2536231884057971
0.2560386473429952
0.2584541062801932
0.2608695652173913
0.2632850241545894
0.26570048309178745
0.26811594202898553
0.27053140096618356
0.27294685990338163
0.2753623188405797
0.2777777777777778
0.28019323671497587
0.2826086956521739
0.28502415458937197
0.28743961352657005
0.2898550724637681
0.2922705314009662
0.2946859903381642
0.2971014492753623
0.2995169082125604
0.30193236714975846
0.30434782608695654
0.30676328502415456
0.30917874396135264
0.3115942028985507
0.3140096618357488
0.3164251207729469
0.3188405797101449
0.321256038647343
0.32367149758454106
0.32608695652173914
0.3285024154589372
0.3309178743961353
0.3333333333333333
0.3357487922705314
0.33816425120772947
0.34057971014492755
0.34299516908212563
0.34541062801932365
0.34782608695652173
0.3502415458937198
0.3526570048309179
0.35507246376811596
0.357487922705314
0.35990338164251207
0.36231884057971014
0.3647342995169082
0.3671497584541063
0.3695652173913043
0.3719806763285024
0.3743961352657005
0.37681159420289856
0.37922705314009664
0.38164251207729466
0.38405797101449274
0.3864734299516908
0.3888888888888889
0.391304347826087
0.39371980676328505
0.3961352657004831
0.39855072463768115
0.40096618357487923
0.4033816425120773
0.4057971014492754
0.4082125603864734
0.4106280193236715
0.41304347826086957
0.41545893719806765
0.4178743961352657
0.42028985507246375
0.4227053140096618
0.4251207729468599
0.427536231884058
0.42995169082125606
0.4323671497584541
0.43478260869565216
0.43719806763285024
0.4396135265700483
0.4420289855072464
0.4444444444444444
0.4468599033816425
0.4492753623188406
0.45169082125603865
0.45410628019323673
0.45652173913043476
0.45893719806763283
0.4613526570048309
0.463768115942029
0.46618357487922707
0.46859903381642515
0.47101449275362317
0.47342995169082125
0.4758454106280193
0.4782608695652174
0.4806763285024155
0.4830917874396135
0.4855072463768116
0.48792270531400966
0.49033816425120774
0.4927536231884058
0.49516908212560384
0.4975845410628019
0.5
0.5024154589371981
0.5048309178743962
0.5072463768115942
0.5096618357487923
0.5120772946859904
0.5132530120481927
0.5144230769230769
0.5155875299760192
0.5167464114832536
0.5178997613365155
0.5190476190476191
0.5201900237529691
0.5213270142180095
0.5224586288416075
0.5235849056603774
0.5247058823529411
0.5258215962441315
0.528169014084507
0.5305164319248826
0.5328638497652582
0.5352112676056338
0.5375586854460094
0.539906103286385
0.5422535211267606
0.5446009389671361
0.5469483568075117
0.5492957746478874
0.5516431924882629
0.5539906103286385
0.5563380281690141
0.5586854460093896
0.5610328638497653
0.5633802816901409
0.5657276995305164
0.568075117370892
0.5690866510538641
0.5700934579439252
0.572429906542056
0.5747663551401869
0.5771028037383178
0.5794392523364486
0.5817757009345794
0.5827505827505828
0.5837209302325581
0.5846867749419954
0.5856481481481481
0.5866050808314087
0.5875576036866359
0.5885057471264368
0.5908045977011495
0.593103448275862
0.5954022988505747
0.5977011494252874
0.6
0.6022988505747127
0.6045977011494252
0.6068965517241379
0.6091954022988506
0.6114942528735632
0.6137931034482759
0.6160919540229886
0.6183908045977011
0.6206896551724138
0.6215596330275229
0.6224256292906178
0.6232876712328768
0.6241457858769932
0.625
0.6258503401360545
0.6266968325791855
0.6275395033860045
0.6283783783783784
0.6292134831460674
0.6300448430493274
0.6308724832214765
0.6316964285714286
0.6325167037861915
0.6333333333333333
0.6341463414634146
0.6349557522123894
0.6357615894039735
0.6365638766519823
0.6373626373626373
1.0
1.0
1.0
1.0
1.0
1.0
1.0
1.0
1.0
1.0
1.0
0.6666666666666666
0.7222222222222222
0.7777777777777778
0.8333333333333334
0.8888888888888888
0.8947368421052632
0.9473684210526315
1.0
1.0
1.0
1.0
1.0
1.0
1.0
1.0
1.0
1.0
1.0
1.0
1.0
1.0
1.0
1.0
0.6956521739130435
0.7083333333333334
0.72
0.7307692307692307
0.7407407407407407
0.75
0.7586206896551724
0.7666666666666667
0.7741935483870968
0.352112676056338
0.3611111111111111
0.3698630136986301
0.3783783783783784
0.38666666666666666
0.39473684210526316
0.4025974025974026
0.41025641025641024
0.4177215189873418
0.425
0.43209876543209874
0.43902439024390244
0.4457831325301205
0.4523809523809524
0.2826086956521739
0.28776978417266186
0.29285714285714287
0.2978723404255319
0.3028169014084507
0.3076923076923077
0.3125
0.31724137931034485
0.3219178082191781
0.32653061224489793
0.3310810810810811
0.33557046979865773
0.34
0.2639593908629442
0.2676767676767677
0.271356783919598
0.275
0.27860696517412936
0.28217821782178215
0.2857142857142857
0.28921568627450983
0.2926829268292683
0.2961165048543689
0.2995169082125604
0.30288461538461536
0.1797752808988764
0.18207282913165265
0.18435754189944134
0.18662952646239556
0.18888888888888888
0.16911764705882354
0.17114914425427874
0.17317073170731706
0.17518248175182483
0.17718446601941748
0.1791767554479419
0.18115942028985507
0.18357487922705315
0.1859903381642512
0.18840579710144928
0.19082125603864733
0.1932367149758454
0.1956521739130435
0.19806763285024154
0.20048309178743962
0.2028985507246377
0.20531400966183574
0.20772946859903382
0.21014492753623187
0.21256038647342995
0.21497584541062803
0.21739130434782608
0.21980676328502416
0.2222222222222222
0.2246376811594203
0.22705314009661837
0.22946859903381642
0.2318840579710145
0.23429951690821257
0.23671497584541062
0.2391304347826087
0.24154589371980675
0.24396135265700483
0.2463768115942029
0.24879227053140096
0.25120772946859904
0.2536231884057971
0.2560386473429952
0.2584541062801932
0.2608695652173913
0.2632850241545894
0.26570048309178745
0.26811594202898553
0.27053140096618356
0.27294685990338163
0.2753623188405797
0.2777777777777778
0.28019323671497587
0.2826086956521739
0.28502415458937197
0.28743961352657005
0.2898550724637681
0.2922705314009662
0.2946859903381642
0.2971014492753623
0.2995169082125604
0.30193236714975846
0.30434782608695654
0.30676328502415456
0.30917874396135264
0.3115942028985507
0.3140096618357488
0.3164251207729469
0.3188405797101449
0.321256038647343
0.32367149758454106
0.32608695652173914
0.3285024154589372
0.3309178743961353
0.3333333333333333
0.3357487922705314
0.33816425120772947
0.34057971014492755
0.34299516908212563
0.34541062801932365
0.34782608695652173
0.3502415458937198
0.3526570048309179
0.35507246376811596
0.357487922705314
0.35990338164251207
0.36231884057971014
0.3647342995169082
0.3671497584541063
0.3695652173913043
0.3719806763285024
0.3743961352657005
0.37681159420289856
0.37922705314009664
0.38164251207729466
0.38405797101449274
0.3864734299516908
0.3888888888888889
0.391304347826087
0.39371980676328505
0.3961352657004831
0.39855072463768115
0.40096618357487923
0.4033816425120773
0.4057971014492754
0.4082125603864734
0.4106280193236715
0.41304347826086957
0.41545893719806765
0.4178743961352657
0.42028985507246375
0.4227053140096618
0.4251207729468599
0.427536231884058
0.42995169082125606
0.4323671497584541
0.43478260869565216
0.43719806763285024
0.4396135265700483
0.4420289855072464
0.4444444444444444
0.4468599033816425
0.4492753623188406
0.45169082125603865
0.45410628019323673
0.45652173913043476
0.45893719806763283
0.4613526570048309
0.463768115942029
0.46618357487922707
0.46859903381642515
0.47101449275362317
0.47342995169082125
0.4758454106280193
0.4782608695652174
0.4806763285024155
0.4830917874396135
0.4855072463768116
0.48792270531400966
0.49033816425120774
0.4927536231884058
0.49516908212560384
0.4975845410628019
0.5
0.5024154589371981
0.5048309178743962
0.5072463768115942
0.5096618357487923
0.5120772946859904
0.5132530120481927
0.5144230769230769
0.5155875299760192
0.5167464114832536
0.5178997613365155
0.5190476190476191
0.5201900237529691
0.5213270142180095
0.5224586288416075
0.5235849056603774
0.5247058823529411
0.5258215962441315
0.528169014084507
0.5305164319248826
0.5328638497652582
0.5352112676056338
0.5375586854460094
0.539906103286385
0.5422535211267606
0.5446009389671361
0.5469483568075117
0.5492957746478874
0.5516431924882629
0.5539906103286385
0.5563380281690141
0.5586854460093896
0.5610328638497653
0.5633802816901409
0.5657276995305164
0.568075117370892
0.5690866510538641
0.5700934579439252
0.572429906542056
0.5747663551401869
0.5771028037383178
0.5794392523364486
0.5817757009345794
0.5827505827505828
0.5837209302325581
0.5846867749419954
0.5856481481481481
0.5866050808314087
0.5875576036866359
0.5885057471264368
0.5908045977011495
0.593103448275862
0.5954022988505747
0.5977011494252874
0.6
0.6022988505747127
0.6045977011494252
0.6068965517241379
0.6091954022988506
0.6114942528735632
0.6137931034482759
0.6160919540229886
0.6183908045977011
0.6206896551724138
0.6215596330275229
0.6224256292906178
0.6232876712328768
0.6241457858769932
0.625
0.6258503401360545
0.6266968325791855
0.6275395033860045
0.6283783783783784
0.6292134831460674
0.6300448430493274
0.6308724832214765
0.6316964285714286
0.6325167037861915
0.6333333333333333
0.6341463414634146
0.6349557522123894
0.6357615894039735
0.6365638766519823
0.6373626373626373
1.0
1.0
1.0
1.0
1.0
1.0
1.0
1.0
1.0
1.0
1.0
0.6666666666666666
0.7222222222222222
0.7777777777777778
0.8333333333333334
0.8888888888888888
0.8947368421052632
0.9473684210526315
1.0
1.0
1.0
1.0
1.0
1.0
1.0
1.0
1.0
1.0
1.0
1.0
1.0
1.0
0.6666666666666666
0.7222222222222222
0.7777777777777778
0.8333333333333334
0.8888888888888888
0.8947368421052632
0.9473684210526315
1.0
1.0
1.0
1.0
1.0
1.0
1.0
1.0
1.0
1.0
1.0
1.0
1.0
1.0
1.0
1.0
0.6956521739130435
0.7083333333333334
0.72
0.7307692307692307
0.7407407407407407
0.75
0.7586206896551724
0.7666666666666667
0.7741935483870968
0.352112676056338
0.3611111111111111
0.3698630136986301
0.3783783783783784
0.38666666666666666
0.39473684210526316
0.4025974025974026
0.41025641025641024
0.4177215189873418
0.425
0.43209876543209874
0.43902439024390244
0.4457831325301205
0.4523809523809524
0.2826086956521739
0.28776978417266186
0.29285714285714287
0.2978723404255319
0.3028169014084507
0.3076923076923077
0.3125
0.31724137931034485
0.3219178082191781
0.32653061224489793
0.3310810810810811
0.33557046979865773
0.34
0.2639593908629442
0.2676767676767677
0.271356783919598
0.275
0.27860696517412936
0.28217821782178215
0.2857142857142857
0.28921568627450983
0.2926829268292683
0.2961165048543689
0.2995169082125604
0.30288461538461536
0.1797752808988764
0.18207282913165265
0.18435754189944134
0.18662952646239556
0.18888888888888888
0.16911764705882354
0.17114914425427874
0.17317073170731706
0.17518248175182483
0.17718446601941748
0.1791767554479419
0.18115942028985507
0.18357487922705315
0.1859903381642512
0.18840579710144928
0.19082125603864733
0.1932367149758454
0.1956521739130435
0.19806763285024154
0.20048309178743962
0.2028985507246377
0.20531400966183574
0.20772946859903382
0.21014492753623187
0.21256038647342995
0.21497584541062803
0.21739130434782608
0.21980676328502416
0.2222222222222222
0.2246376811594203
0.22705314009661837
0.22946859903381642
0.2318840579710145
0.23429951690821257
0.23671497584541062
0.2391304347826087
0.24154589371980675
0.24396135265700483
0.2463768115942029
0.24879227053140096
0.25120772946859904
0.2536231884057971
0.2560386473429952
0.2584541062801932
0.2608695652173913
0.2632850241545894
0.26570048309178745
0.26811594202898553
0.27053140096618356
0.27294685990338163
0.2753623188405797
0.2777777777777778
0.28019323671497587
0.2826086956521739
0.28502415458937197
0.28743961352657005
0.2898550724637681
0.2922705314009662
0.2946859903381642
0.2971014492753623
0.2995169082125604
0.30193236714975846
0.30434782608695654
0.30676328502415456
0.30917874396135264
0.3115942028985507
0.3140096618357488
0.3164251207729469
0.3188405797101449
0.321256038647343
0.32367149758454106
0.32608695652173914
0.3285024154589372
0.3309178743961353
0.3333333333333333
0.3357487922705314
0.33816425120772947
0.34057971014492755
0.34299516908212563
0.34541062801932365
0.34782608695652173
0.3502415458937198
0.3526570048309179
0.35507246376811596
0.357487922705314
0.35990338164251207
0.36231884057971014
0.3647342995169082
0.3671497584541063
0.3695652173913043
0.3719806763285024
0.3743961352657005
0.37681159420289856
0.37922705314009664
0.38164251207729466
0.38405797101449274
0.3864734299516908
0.3888888888888889
0.391304347826087
0.39371980676328505
0.3961352657004831
0.39855072463768115
0.40096618357487923
0.4033816425120773
0.4057971014492754
0.4082125603864734
0.4106280193236715
0.41304347826086957
0.41545893719806765
0.4178743961352657
0.42028985507246375
0.4227053140096618
0.4251207729468599
0.427536231884058
0.42995169082125606
0.4323671497584541
0.43478260869565216
0.43719806763285024
0.4396135265700483
0.4420289855072464
0.4444444444444444
0.4468599033816425
0.4492753623188406
0.45169082125603865
0.45410628019323673
0.45652173913043476
0.45893719806763283
0.4613526570048309
0.463768115942029
0.46618357487922707
0.46859903381642515
0.47101449275362317
0.47342995169082125
0.4758454106280193
0.4782608695652174
0.4806763285024155
0.4830917874396135
0.4855072463768116
0.48792270531400966
0.49033816425120774
0.4927536231884058
0.49516908212560384
0.4975845410628019
0.5
0.5024154589371981
0.5048309178743962
0.5072463768115942
0.5096618357487923
0.5120772946859904
0.5132530120481927
0.5144230769230769
0.5155875299760192
0.5167464114832536
0.5178997613365155
0.5190476190476191
0.5201900237529691
0.5213270142180095
0.5224586288416075
0.5235849056603774
0.5247058823529411
0.5258215962441315
0.528169014084507
0.5305164319248826
0.5328638497652582
0.5352112676056338
0.5375586854460094
0.539906103286385
0.5422535211267606
0.5446009389671361
0.5469483568075117
0.5492957746478874
0.5516431924882629
0.5539906103286385
0.5563380281690141
0.5586854460093896
0.5610328638497653
0.5633802816901409
0.5657276995305164
0.568075117370892
0.5690866510538641
0.5700934579439252
0.572429906542056
0.5747663551401869
0.5771028037383178
0.5794392523364486
0.5817757009345794
0.5827505827505828
0.5837209302325581
0.5846867749419954
0.5856481481481481
0.5866050808314087
0.5875576036866359
0.5885057471264368
0.5908045977011495
0.593103448275862
0.5954022988505747
0.5977011494252874
0.6
0.6022988505747127
0.6045977011494252
0.6068965517241379
0.6091954022988506
0.6114942528735632
0.6137931034482759
0.6160919540229886
0.6183908045977011
0.6206896551724138
0.6215596330275229
0.6224256292906178
0.6232876712328768
0.6241457858769932
0.625
0.6258503401360545
0.6266968325791855
0.6275395033860045
0.6283783783783784
0.6292134831460674
0.6300448430493274
0.6308724832214765
0.6316964285714286
0.6325167037861915
0.6333333333333333
0.6341463414634146
0.6349557522123894
0.6357615894039735
0.6365638766519823
0.6373626373626373
