1.0
1.0
1.0
1.0
1.0
1.0
1.0
1.0
1.0
1.0
1.0
1.0
1.0
1.0
1.0
1.0
1.0
1.0
1.0
1.0
1.0
1.0
1.0
1.0
1.0
1.0
1.0
1.0
1.0
1.0
1.0
1.0
1.0
1.0
1.0
1.0
1.0
1.0
1.0
1.0
1.0
1.0
1.0
1.0
1.0
1.0
1.0
1.0
1.0
1.0
1.0
1.0
1.0
1.0
1.0
1.0
1.0
1.0
1.0
1.0
1.0
1.0
1.0
1.0
1.0
1.0
1.0
1.0
1.0
1.0
1.0
1.0
1.0
1.0
1.0
1.0
1.0
1.0
1.0
1.0
1.0
1.0
1.0
1.0
1.0
1.0
1.0
1.0
1.0
1.0
1.0
1.0
1.0
1.0
1.0
1.0
1.0
1.0
1.0
1.0
1.0
1.0
1.0
1.0
1.0
1.0
1.0
1.0
1.0
1.0
1.0
1.0
1.0
1.0
1.0
1.0
1.0
1.0
1.0
1.0
1.0
1.0
1.0
1.0
1.0
1.0
1.0
1.0
1.0
1.0
1.0
1.0
1.0
1.0
1.0
1.0
1.0
1.0
1.0
1.0
1.0
1.0
1.0
1.0
1.0
1.0
1.0
1.0
1.0
1.0
1.0
1.0
1.0
1.0
1.0
1.0
1.0
1.0
1.0
1.0
1.0
1.0
1.0
1.0
1.0
1.0
1.0
0.1006590772917915
0.10119760479041916
0.10173548773189707
0.10227272727272728
0.10280932456664674
0.1033452807646356
0.10388059701492537
0.10441527446300716
0.10494931425163984
0.10467179183914843
0.10526315789473684
0.10585452395032525
0.10644589000591366
0.10703725606150206
0.10762862211709048
0.10821998817267889
0.10881135422826729
0.10940272028385571
0.10999408633944412
0.11058545239503252
0.11117681845062094
0.11176818450620934
0.11235955056179775
0.11295091661738617
0.11354228267297457
0.11413364872856298
0.11472501478415138
0.1153163808397398
0.1159077468953282
0.11649911295091661
0.11709047900650503
0.11768184506209343
0.11827321111768184
0.11886457717327026
0.11945594322885866
0.12004730928444707
0.12063867534003549
0.12123004139562389
0.1218214074512123
0.12241277350680072
0.12300413956238912
0.12359550561797752
0.12418687167356594
0.12477823772915435
0.12536960378474277
0.12596096984033117
0.12655233589591958
0.12714370195150798
0.1277350680070964
0.1283264340626848
0.12891780011827322
0.12950916617386163
0.13010053222945003
0.13069189828503844
0.13128326434062684
0.13187463039621525
0.13246599645180368
0.13305736250739209
0.1336487285629805
0.1342400946185689
0.1348314606741573
0.1354228267297457
0.1360141927853341
0.13660555884092254
0.13719692489651095
0.13778829095209935
0.13837965700768776
0.13897102306327616
0.13956238911886457
0.140153755174453
0.1407451212300414
0.1413364872856298
0.1419278533412182
0.14251921939680662
0.14311058545239502
0.14370195150798346
0.14429331756357186
0.14488468361916026
0.14547604967474867
0.14606741573033707
0.14665878178592548
0.14725014784151388
0.14784151389710232
0.14843287995269072
0.14902424600827913
0.14961561206386753
0.15020697811945594
0.15079834417504434
0.15138971023063277
0.15198107628622118
0.15257244234180958
0.153163808397398
0.1537551744529864
0.1543465405085748
0.15493790656416323
0.15552927261975164
0.15612063867534004
0.15671200473092844
0.15730337078651685
0.15789473684210525
0.15848610289769366
0.1590774689532821
0.1596688350088705
0.1602602010644589
0.1608515671200473
0.1614429331756357
0.16203429923122412
0.16262566528681255
0.16321703134240095
0.16380839739798936
0.16439976345357776
0.16499112950916617
0.16558249556475457
0.166173861620343
0.1667652276759314
0.16735659373151981
0.16794795978710822
0.16853932584269662
0.16913069189828503
0.16972205795387343
0.17031342400946187
0.17090479006505027
0.17149615612063868
0.17208752217622708
0.17267888823181549
0.1732702542874039
0.17386162034299232
0.17445298639858073
0.17504435245416913
0.17563571850975754
0.17622708456534594
0.17681845062093435
0.17740981667652278
0.17800118273211119
0.1785925487876996
0.179183914843288
0.1797752808988764
0.1803666469544648
0.1809580130100532
0.18154937906564164
0.18214074512123005
0.18273211117681845
0.18332347723240686
1.0
1.0
1.0
1.0
1.0
1.0
1.0
1.0
1.0
1.0
1.0
1.0
1.0
1.0
1.0
1.0
1.0
1.0
1.0
1.0
1.0
1.0
1.0
1.0
1.0
1.0
1.0
1.0
1.0
1.0
1.0
1.0
1.0
1.0
1.0
1.0
1.0
1.0
1.0
1.0
1.0
1.0
1.0
1.0
1.0
1.0
1.0
1.0
1.0
1.0
1.0
1.0
1.0
1.0
1.0
1.0
1.0
1.0
1.0
1.0
1.0
1.0
1.0
1.0
1.0
1.0
1.0
1.0
1.0
1.0
1.0
1.0
1.0
1.0
1.0
1.0
1.0
1.0
1.0
1.0
1.0
1.0
1.0
1.0
1.0
1.0
1.0
1.0
1.0
1.0
1.0
1.0
1.0
1.0
1.0
1.0
1.0
1.0
1.0
1.0
1.0
1.0
1.0
1.0
1.0
1.0
1.0
1.0
1.0
1.0
1.0
1.0
1.0
1.0
1.0
1.0
1.0
1.0
1.0
1.0
1.0
1.0
1.0
1.0
1.0
1.0
1.0
1.0
1.0
1.0
1.0
1.0
1.0
1.0
1.0
1.0
1.0
1.0
1.0
1.0
1.0
1.0
1.0
1.0
1.0
1.0
1.0
1.0
1.0
1.0
1.0
1.0
1.0
1.0
1.0
1.0
1.0
1.0
1.0
1.0
1.0
1.0
1.0
1.0
1.0
1.0
1.0
0.1006590772917915
0.10119760479041916
0.10173548773189707
0.10227272727272728
0.10280932456664674
0.1033452807646356
0.10388059701492537
0.10441527446300716
0.10494931425163984
0.10467179183914843
0.10526315789473684
0.10585452395032525
0.10644589000591366
0.10703725606150206
0.10762862211709048
0.10821998817267889
0.10881135422826729
0.10940272028385571
0.10999408633944412
0.11058545239503252
0.11117681845062094
0.11176818450620934
0.11235955056179775
0.11295091661738617
0.11354228267297457
0.11413364872856298
0.11472501478415138
0.1153163808397398
0.1159077468953282
0.11649911295091661
0.11709047900650503
0.11768184506209343
0.11827321111768184
0.11886457717327026
0.11945594322885866
0.12004730928444707
0.12063867534003549
0.12123004139562389
0.1218214074512123
0.12241277350680072
0.12300413956238912
0.12359550561797752
0.12418687167356594
0.12477823772915435
0.12536960378474277
0.12596096984033117
0.12655233589591958
0.12714370195150798
0.1277350680070964
0.1283264340626848
0.12891780011827322
0.12950916617386163
0.13010053222945003
0.13069189828503844
0.13128326434062684
0.13187463039621525
0.13246599645180368
0.13305736250739209
0.1336487285629805
0.1342400946185689
0.1348314606741573
0.1354228267297457
0.1360141927853341
0.13660555884092254
0.13719692489651095
0.13778829095209935
0.13837965700768776
0.13897102306327616
0.13956238911886457
0.140153755174453
0.1407451212300414
0.1413364872856298
0.1419278533412182
0.14251921939680662
0.14311058545239502
0.14370195150798346
0.14429331756357186
0.14488468361916026
0.14547604967474867
0.14606741573033707
0.14665878178592548
0.14725014784151388
0.14784151389710232
0.14843287995269072
0.14902424600827913
0.14961561206386753
0.15020697811945594
0.15079834417504434
0.15138971023063277
0.15198107628622118
0.15257244234180958
0.153163808397398
0.1537551744529864
0.1543465405085748
0.15493790656416323
0.15552927261975164
0.15612063867534004
0.15671200473092844
0.15730337078651685
0.15789473684210525
0.15848610289769366
0.1590774689532821
0.1596688350088705
0.1602602010644589
0.1608515671200473
0.1614429331756357
0.16203429923122412
0.16262566528681255
0.16321703134240095
0.16380839739798936
0.16439976345357776
0.16499112950916617
0.16558249556475457
0.166173861620343
0.1667652276759314
0.16735659373151981
0.16794795978710822
0.16853932584269662
0.16913069189828503
0.16972205795387343
0.17031342400946187
0.17090479006505027
0.17149615612063868
0.17208752217622708
0.17267888823181549
0.1732702542874039
0.17386162034299232
0.17445298639858073
0.17504435245416913
0.17563571850975754
0.17622708456534594
0.17681845062093435
0.17740981667652278
0.17800118273211119
0.1785925487876996
0.179183914843288
0.1797752808988764
0.1803666469544648
0.1809580130100532
0.18154937906564164
0.18214074512123005
0.18273211117681845
0.18332347723240686
1.0
1.0
1.0
1.0
1.0
1.0
1.0
1.0
1.0
1.0
1.0
1.0
1.0
1.0
1.0
1.0
1.0
1.0
1.0
1.0
1.0
1.0
1.0
1.0
1.0
1.0
1.0
1.0
1.0
1.0
1.0
1.0
1.0
1.0
1.0
1.0
1.0
1.0
1.0
1.0
1.0
1.0
1.0
1.0
1.0
1.0
1.0
1.0
1.0
1.0
1.0
1.0
1.0
1.0
1.0
1.0
1.0
1.0
1.0
1.0
1.0
1.0
1.0
1.0
1.0
1.0
1.0
1.0
1.0
1.0
1.0
1.0
1.0
1.0
1.0
1.0
1.0
1.0
1.0
1.0
1.0
1.0
1.0
1.0
1.0
1.0
1.0
1.0
1.0
1.0
1.0
1.0
1.0
1.0
1.0
1.0
1.0
1.0
1.0
1.0
1.0
1.0
1.0
1.0
1.0
1.0
1.0
1.0
1.0
1.0
1.0
1.0
1.0
1.0
1.0
1.0
1.0
1.0
1.0
1.0
1.0
1.0
1.0
1.0
1.0
1.0
1.0
1.0
1.0
1.0
1.0
1.0
1.0
1.0
1.0
1.0
1.0
1.0
1.0
1.0
1.0
1.0
1.0
1.0
1.0
1.0
1.0
1.0
1.0
1.0
1.0
1.0
1.0
1.0
1.0
1.0
1.0
1.0
1.0
1.0
1.0
1.0
1.0
1.0
1.0
1.0
1.0
0.1006590772917915
0.10119760479041916
0.10173548773189707
0.10227272727272728
0.10280932456664674
0.1033452807646356
0.10388059701492537
0.10441527446300716
0.10494931425163984
0.10467179183914843
0.10526315789473684
0.10585452395032525
0.10644589000591366
0.10703725606150206
0.10762862211709048
0.10821998817267889
0.10881135422826729
0.10940272028385571
0.10999408633944412
0.11058545239503252
0.11117681845062094
0.11176818450620934
0.11235955056179775
0.11295091661738617
0.11354228267297457
0.11413364872856298
0.11472501478415138
0.1153163808397398
0.1159077468953282
0.11649911295091661
0.11709047900650503
0.11768184506209343
0.11827321111768184
0.11886457717327026
0.11945594322885866
0.12004730928444707
0.12063867534003549
0.12123004139562389
0.1218214074512123
0.12241277350680072
0.12300413956238912
0.12359550561797752
0.12418687167356594
0.12477823772915435
0.12536960378474277
0.12596096984033117
0.12655233589591958
0.12714370195150798
0.1277350680070964
0.1283264340626848
0.12891780011827322
0.12950916617386163
0.13010053222945003
0.13069189828503844
0.13128326434062684
0.13187463039621525
0.13246599645180368
0.13305736250739209
0.1336487285629805
0.1342400946185689
0.1348314606741573
0.1354228267297457
0.1360141927853341
0.13660555884092254
0.13719692489651095
0.13778829095209935
0.13837965700768776
0.13897102306327616
0.13956238911886457
0.140153755174453
0.1407451212300414
0.1413364872856298
0.1419278533412182
0.14251921939680662
0.14311058545239502
0.14370195150798346
0.14429331756357186
0.14488468361916026
0.14547604967474867
0.14606741573033707
0.14665878178592548
0.14725014784151388
0.14784151389710232
0.14843287995269072
0.14902424600827913
0.14961561206386753
0.15020697811945594
0.15079834417504434
0.15138971023063277
0.15198107628622118
0.15257244234180958
0.153163808397398
0.1537551744529864
0.1543465405085748
0.15493790656416323
0.15552927261975164
0.15612063867534004
0.15671200473092844
0.15730337078651685
0.15789473684210525
0.15848610289769366
0.1590774689532821
0.1596688350088705
0.1602602010644589
0.1608515671200473
0.1614429331756357
0.16203429923122412
0.16262566528681255
0.16321703134240095
0.16380839739798936
0.16439976345357776
0.16499112950916617
0.16558249556475457
0.166173861620343
0.1667652276759314
0.16735659373151981
0.16794795978710822
0.16853932584269662
0.16913069189828503
0.16972205795387343
0.17031342400946187
0.17090479006505027
0.17149615612063868
0.17208752217622708
0.17267888823181549
0.1732702542874039
0.17386162034299232
0.17445298639858073
0.17504435245416913
0.17563571850975754
0.17622708456534594
0.17681845062093435
0.17740981667652278
0.17800118273211119
0.1785925487876996
0.179183914843288
0.1797752808988764
0.1803666469544648
0.1809580130100532
0.18154937906564164
0.18214074512123005
0.18273211117681845
0.18332347723240686
1.0
1.0
1.0
1.0
1.0
1.0
1.0
1.0
1.0
1.0
1.0
1.0
1.0
1.0
1.0
1.0
1.0
1.0
1.0
1.0
1.0
1.0
1.0
1.0
1.0
1.0
1.0
1.0
1.0
1.0
1.0
1.0
1.0
1.0
1.0
1.0
1.0
1.0
1.0
1.0
1.0
1.0
1.0
1.0
1.0
1.0
1.0
1.0
1.0
1.0
1.0
1.0
1.0
1.0
1.0
1.0
1.0
1.0
1.0
1.0
1.0
1.0
1.0
1.0
1.0
1.0
1.0
1.0
1.0
1.0
1.0
1.0
1.0
1.0
1.0
1.0
1.0
1.0
1.0
1.0
1.0
1.0
1.0
1.0
1.0
1.0
1.0
1.0
1.0
1.0
1.0
1.0
1.0
1.0
1.0
1.0
1.0
1.0
1.0
1.0
1.0
1.0
1.0
1.0
1.0
1.0
1.0
1.0
1.0
1.0
1.0
1.0
1.0
1.0
1.0
1.0
1.0
1.0
1.0
1.0
1.0
1.0
1.0
1.0
1.0
1.0
1.0
1.0
1.0
1.0
1.0
1.0
1.0
1.0
1.0
1.0
1.0
1.0
1.0
1.0
1.0
1.0
1.0
1.0
1.0
1.0
1.0
1.0
1.0
1.0
1.0
1.0
1.0
1.0
1.0
1.0
1.0
1.0
1.0
1.0
1.0
1.0
1.0
1.0
1.0
1.0
1.0
0.1006590772917915
0.10119760479041916
0.10173548773189707
0.10227272727272728
0.10280932456664674
0.1033452807646356
0.10388059701492537
0.10441527446300716
0.10494931425163984
0.10467179183914843
0.10526315789473684
0.10585452395032525
0.10644589000591366
0.10703725606150206
0.10762862211709048
0.10821998817267889
0.10881135422826729
0.10940272028385571
0.10999408633944412
0.11058545239503252
0.11117681845062094
0.11176818450620934
0.11235955056179775
0.11295091661738617
0.11354228267297457
0.11413364872856298
0.11472501478415138
0.1153163808397398
0.1159077468953282
0.11649911295091661
0.11709047900650503
0.11768184506209343
0.11827321111768184
0.11886457717327026
0.11945594322885866
0.12004730928444707
0.12063867534003549
0.12123004139562389
0.1218214074512123
0.12241277350680072
0.12300413956238912
0.12359550561797752
0.12418687167356594
0.12477823772915435
0.12536960378474277
0.12596096984033117
0.12655233589591958
0.12714370195150798
0.1277350680070964
0.1283264340626848
0.12891780011827322
0.12950916617386163
0.13010053222945003
0.13069189828503844
0.13128326434062684
0.13187463039621525
0.13246599645180368
0.13305736250739209
0.1336487285629805
0.1342400946185689
0.1348314606741573
0.1354228267297457
0.1360141927853341
0.13660555884092254
0.13719692489651095
0.13778829095209935
0.13837965700768776
0.13897102306327616
0.13956238911886457
0.140153755174453
0.1407451212300414
0.1413364872856298
0.1419278533412182
0.14251921939680662
0.14311058545239502
0.14370195150798346
0.14429331756357186
0.14488468361916026
0.14547604967474867
0.14606741573033707
0.14665878178592548
0.14725014784151388
0.14784151389710232
0.14843287995269072
0.14902424600827913
0.14961561206386753
0.15020697811945594
0.15079834417504434
0.15138971023063277
0.15198107628622118
0.15257244234180958
0.153163808397398
0.1537551744529864
0.1543465405085748
0.15493790656416323
0.15552927261975164
0.15612063867534004
0.15671200473092844
0.15730337078651685
0.15789473684210525
0.15848610289769366
0.1590774689532821
0.1596688350088705
0.1602602010644589
0.1608515671200473
0.1614429331756357
0.16203429923122412
0.16262566528681255
0.16321703134240095
0.16380839739798936
0.16439976345357776
0.16499112950916617
0.16558249556475457
0.166173861620343
0.1667652276759314
0.16735659373151981
0.16794795978710822
0.16853932584269662
0.16913069189828503
0.16972205795387343
0.17031342400946187
0.17090479006505027
0.17149615612063868
0.17208752217622708
0.17267888823181549
0.1732702542874039
0.17386162034299232
0.17445298639858073
0.17504435245416913
0.17563571850975754
0.17622708456534594
0.17681845062093435
0.17740981667652278
0.17800118273211119
0.1785925487876996
0.179183914843288
0.1797752808988764
0.1803666469544648
0.1809580130100532
0.18154937906564164
0.18214074512123005
0.18273211117681845
0.18332347723240686
1.0
1.0
1.0
1.0
1.0
1.0
1.0
1.0
1.0
1.0
1.0
1.0
1.0
1.0
1.0
1.0
1.0
1.0
1.0
1.0
1.0
1.0
1.0
1.0
1.0
1.0
1.0
1.0
1.0
1.0
1.0
1.0
1.0
1.0
1.0
1.0
1.0
1.0
1.0
1.0
1.0
1.0
1.0
1.0
1.0
1.0
1.0
1.0
1.0
1.0
1.0
1.0
1.0
1.0
1.0
1.0
1.0
1.0
1.0
1.0
1.0
1.0
1.0
1.0
1.0
1.0
1.0
1.0
1.0
1.0
1.0
1.0
1.0
1.0
1.0
1.0
1.0
1.0
1.0
1.0
1.0
1.0
1.0
1.0
1.0
1.0
1.0
1.0
1.0
1.0
1.0
1.0
1.0
1.0
1.0
1.0
1.0
1.0
1.0
1.0
1.0
1.0
1.0
1.0
1.0
1.0
1.0
1.0
1.0
1.0
1.0
1.0
1.0
1.0
1.0
1.0
1.0
1.0
1.0
1.0
1.0
1.0
1.0
1.0
1.0
1.0
1.0
1.0
1.0
1.0
1.0
1.0
1.0
1.0
1.0
1.0
1.0
1.0
1.0
1.0
1.0
1.0
1.0
1.0
1.0
1.0
1.0
1.0
1.0
1.0
1.0
1.0
1.0
1.0
1.0
1.0
1.0
1.0
1.0
1.0
1.0
1.0
1.0
1.0
1.0
1.0
1.0
1.0
1.0
1.0
1.0
1.0
1.0
1.0
1.0
1.0
1.0
1.0
1.0
1.0
1.0
1.0
1.0
1.0
1.0
1.0
1.0
1.0
1.0
1.0
1.0
1.0
1.0
1.0
1.0
1.0
1.0
1.0
1.0
1.0
1.0
1.0
1.0
1.0
1.0
1.0
1.0
1.0
1.0
1.0
1.0
1.0
1.0
1.0
1.0
1.0
1.0
1.0
1.0
1.0
1.0
1.0
1.0
1.0
1.0
1.0
1.0
1.0
1.0
1.0
1.0
1.0
1.0
1.0
1.0
1.0
1.0
1.0
1.0
1.0
1.0
1.0
1.0
1.0
1.0
1.0
1.0
1.0
1.0
1.0
1.0
1.0
1.0
1.0
1.0
1.0
1.0
1.0
1.0
1.0
1.0
1.0
1.0
1.0
1.0
1.0
1.0
1.0
1.0
1.0
1.0
1.0
1.0
1.0
1.0
1.0
1.0
1.0
1.0
1.0
1.0
1.0
1.0
1.0
1.0
1.0
1.0
1.0
1.0
1.0
1.0
1.0
1.0
1.0
1.0
1.0
1.0
1.0
1.0
1.0
1.0
1.0
1.0
1.0
1.0
1.0
1.0
1.0
1.0
1.0
1.0
1.0
1.0
1.0
1.0
1.0
1.0
1.0
1.0
1.0
1.0
1.0
1.0
1.0
1.0
1.0
1.0
1.0
1.0
1.0
1.0
1.0
1.0
1.0
1.0
1.0
1.0
1.0
1.0
1.0
1.0
1.0
1.0
1.0
1.0
1.0
1.0
1.0
1.0
1.0
1.0
1.0
1.0
1.0
1.0
1.0
1.0
1.0
1.0
1.0
1.0
1.0
1.0
1.0
1.0
1.0
1.0
1.0
1.0
1.0
1.0
1.0
1.0
0.1006590772917915
0.10119760479041916
0.10173548773189707
0.10227272727272728
0.10280932456664674
0.1033452807646356
0.10388059701492537
0.10441527446300716
0.10494931425163984
0.10467179183914843
0.10526315789473684
0.10585452395032525
0.10644589000591366
0.10703725606150206
0.10762862211709048
0.10821998817267889
0.10881135422826729
0.10940272028385571
0.10999408633944412
0.11058545239503252
0.11117681845062094
0.11176818450620934
0.11235955056179775
0.11295091661738617
0.11354228267297457
0.11413364872856298
0.11472501478415138
0.1153163808397398
0.1159077468953282
0.11649911295091661
0.11709047900650503
0.11768184506209343
0.11827321111768184
0.11886457717327026
0.11945594322885866
0.12004730928444707
0.12063867534003549
0.12123004139562389
0.1218214074512123
0.12241277350680072
0.12300413956238912
0.12359550561797752
0.12418687167356594
0.12477823772915435
0.12536960378474277
0.12596096984033117
0.12655233589591958
0.12714370195150798
0.1277350680070964
0.1283264340626848
0.12891780011827322
0.12950916617386163
0.13010053222945003
0.13069189828503844
0.13128326434062684
0.13187463039621525
0.13246599645180368
0.13305736250739209
0.1336487285629805
0.1342400946185689
0.1348314606741573
0.1354228267297457
0.1360141927853341
0.13660555884092254
0.13719692489651095
0.13778829095209935
0.13837965700768776
0.13897102306327616
0.13956238911886457
0.140153755174453
0.1407451212300414
0.1413364872856298
0.1419278533412182
0.14251921939680662
0.14311058545239502
0.14370195150798346
0.14429331756357186
0.14488468361916026
0.14547604967474867
0.14606741573033707
0.14665878178592548
0.14725014784151388
0.14784151389710232
0.14843287995269072
0.14902424600827913
0.14961561206386753
0.15020697811945594
0.15079834417504434
0.15138971023063277
0.15198107628622118
0.15257244234180958
0.153163808397398
0.1537551744529864
0.1543465405085748
0.15493790656416323
0.15552927261975164
0.15612063867534004
0.15671200473092844
0.15730337078651685
0.15789473684210525
0.15848610289769366
0.1590774689532821
0.1596688350088705
0.1602602010644589
0.1608515671200473
0.1614429331756357
0.16203429923122412
0.16262566528681255
0.16321703134240095
0.16380839739798936
0.16439976345357776
0.16499112950916617
0.16558249556475457
0.166173861620343
0.1667652276759314
0.16735659373151981
0.16794795978710822
0.16853932584269662
0.16913069189828503
0.16972205795387343
0.17031342400946187
0.17090479006505027
0.17149615612063868
0.17208752217622708
0.17267888823181549
0.1732702542874039
0.17386162034299232
0.17445298639858073
0.17504435245416913
0.17563571850975754
0.17622708456534594
0.17681845062093435
0.17740981667652278
0.17800118273211119
0.1785925487876996
0.179183914843288
0.1797752808988764
0.1803666469544648
0.1809580130100532
0.18154937906564164
0.18214074512123005
0.18273211117681845
0.18332347723240686
1.0
1.0
1.0
1.0
1.0
1.0
1.0
1.0
1.0
1.0
1.0
1.0
1.0
1.0
1.0
1.0
1.0
1.0
1.0
1.0
1.0
1.0
1.0
1.0
1.0
1.0
1.0
1.0
1.0
1.0
1.0
1.0
1.0
1.0
1.0
1.0
1.0
1.0
1.0
1.0
1.0
1.0
1.0
1.0
1.0
1.0
1.0
1.0
1.0
1.0
1.0
1.0
1.0
1.0
1.0
1.0
1.0
1.0
1.0
1.0
1.0
1.0
1.0
1.0
1.0
1.0
1.0
1.0
1.0
1.0
1.0
1.0
1.0
1.0
1.0
1.0
1.0
1.0
1.0
1.0
1.0
1.0
1.0
1.0
1.0
1.0
1.0
1.0
1.0
1.0
1.0
1.0
1.0
1.0
1.0
1.0
1.0
1.0
1.0
1.0
1.0
1.0
1.0
1.0
1.0
1.0
1.0
1.0
1.0
1.0
1.0
1.0
1.0
1.0
1.0
1.0
1.0
1.0
1.0
1.0
1.0
1.0
1.0
1.0
1.0
1.0
1.0
1.0
1.0
1.0
1.0
1.0
1.0
1.0
1.0
1.0
1.0
1.0
1.0
1.0
1.0
1.0
1.0
1.0
1.0
1.0
1.0
1.0
1.0
1.0
1.0
1.0
1.0
1.0
1.0
1.0
1.0
1.0
1.0
1.0
1.0
1.0
1.0
1.0
1.0
1.0
1.0
1.0
1.0
1.0
1.0
1.0
1.0
1.0
1.0
1.0
1.0
1.0
1.0
1.0
1.0
1.0
1.0
1.0
1.0
1.0
1.0
1.0
1.0
1.0
1.0
1.0
1.0
1.0
1.0
1.0
1.0
1.0
1.0
1.0
1.0
1.0
1.0
1.0
1.0
1.0
1.0
1.0
1.0
1.0
1.0
1.0
1.0
1.0
1.0
1.0
1.0
1.0
1.0
1.0
1.0
1.0
1.0
1.0
1.0
1.0
1.0
1.0
1.0
1.0
1.0
1.0
1.0
1.0
1.0
1.0
1.0
1.0
1.0
1.0
1.0
1.0
1.0
1.0
1.0
1.0
1.0
1.0
1.0
1.0
1.0
1.0
1.0
1.0
1.0
1.0
1.0
1.0
1.0
1.0
1.0
1.0
1.0
1.0
1.0
1.0
1.0
1.0
1.0
1.0
1.0
1.0
1.0
1.0
1.0
1.0
1.0
1.0
1.0
1.0
1.0
1.0
1.0
1.0
1.0
1.0
1.0
1.0
1.0
1.0
1.0
1.0
1.0
1.0
1.0
1.0
1.0
1.0
1.0
1.0
1.0
1.0
1.0
1.0
1.0
1.0
1.0
1.0
1.0
1.0
1.0
1.0
1.0
1.0
1.0
1.0
1.0
1.0
1.0
1.0
1.0
1.0
1.0
1.0
1.0
1.0
1.0
1.0
1.0
1.0
1.0
1.0
1.0
1.0
1.0
1.0
1.0
1.0
1.0
1.0
1.0
1.0
1.0
1.0
1.0
1.0
1.0
1.0
1.0
1.0
1.0
1.0
1.0
1.0
1.0
1.0
1.0
1.0
1.0
1.0
1.0
1.0
1.0
1.0
1.0
1.0
1.0
1.0
1.0
1.0
1.0
1.0
1.0
0.1006590772917915
0.10119760479041916
0.10173548773189707
0.10227272727272728
0.10280932456664674
0.1033452807646356
0.10388059701492537
0.10441527446300716
0.10494931425163984
0.10467179183914843
0.10526315789473684
0.10585452395032525
0.10644589000591366
0.10703725606150206
0.10762862211709048
0.10821998817267889
0.10881135422826729
0.10940272028385571
0.10999408633944412
0.11058545239503252
0.11117681845062094
0.11176818450620934
0.11235955056179775
0.11295091661738617
0.11354228267297457
0.11413364872856298
0.11472501478415138
0.1153163808397398
0.1159077468953282
0.11649911295091661
0.11709047900650503
0.11768184506209343
0.11827321111768184
0.11886457717327026
0.11945594322885866
0.12004730928444707
0.12063867534003549
0.12123004139562389
0.1218214074512123
0.12241277350680072
0.12300413956238912
0.12359550561797752
0.12418687167356594
0.12477823772915435
0.12536960378474277
0.12596096984033117
0.12655233589591958
0.12714370195150798
0.1277350680070964
0.1283264340626848
0.12891780011827322
0.12950916617386163
0.13010053222945003
0.13069189828503844
0.13128326434062684
0.13187463039621525
0.13246599645180368
0.13305736250739209
0.1336487285629805
0.1342400946185689
0.1348314606741573
0.1354228267297457
0.1360141927853341
0.13660555884092254
0.13719692489651095
0.13778829095209935
0.13837965700768776
0.13897102306327616
0.13956238911886457
0.140153755174453
0.1407451212300414
0.1413364872856298
0.1419278533412182
0.14251921939680662
0.14311058545239502
0.14370195150798346
0.14429331756357186
0.14488468361916026
0.14547604967474867
0.14606741573033707
0.14665878178592548
0.14725014784151388
0.14784151389710232
0.14843287995269072
0.14902424600827913
0.14961561206386753
0.15020697811945594
0.15079834417504434
0.15138971023063277
0.15198107628622118
0.15257244234180958
0.153163808397398
0.1537551744529864
0.1543465405085748
0.15493790656416323
0.15552927261975164
0.15612063867534004
0.15671200473092844
0.15730337078651685
0.15789473684210525
0.15848610289769366
0.1590774689532821
0.1596688350088705
0.1602602010644589
0.1608515671200473
0.1614429331756357
0.16203429923122412
0.16262566528681255
0.16321703134240095
0.16380839739798936
0.16439976345357776
0.16499112950916617
0.16558249556475457
0.166173861620343
0.1667652276759314
0.16735659373151981
0.16794795978710822
0.16853932584269662
0.16913069189828503
0.16972205795387343
0.17031342400946187
0.17090479006505027
0.17149615612063868
0.17208752217622708
0.17267888823181549
0.1732702542874039
0.17386162034299232
0.17445298639858073
0.17504435245416913
0.17563571850975754
0.17622708456534594
0.17681845062093435
0.17740981667652278
0.17800118273211119
0.1785925487876996
0.179183914843288
0.1797752808988764
0.1803666469544648
0.1809580130100532
0.18154937906564164
0.18214074512123005
0.18273211117681845
0.18332347723240686
1.0
1.0
1.0
1.0
1.0
1.0
1.0
1.0
1.0
1.0
1.0
1.0
1.0
1.0
1.0
1.0
1.0
1.0
1.0
1.0
1.0
1.0
1.0
1.0
1.0
1.0
1.0
1.0
1.0
1.0
1.0
1.0
1.0
1.0
1.0
1.0
1.0
1.0
1.0
1.0
1.0
1.0
1.0
1.0
1.0
1.0
1.0
1.0
1.0
1.0
1.0
1.0
1.0
1.0
1.0
1.0
1.0
1.0
1.0
1.0
1.0
1.0
1.0
1.0
1.0
1.0
1.0
1.0
1.0
1.0
1.0
1.0
1.0
1.0
1.0
1.0
1.0
1.0
1.0
1.0
1.0
1.0
1.0
1.0
1.0
1.0
1.0
1.0
1.0
1.0
1.0
1.0
1.0
1.0
1.0
1.0
1.0
1.0
1.0
1.0
1.0
1.0
1.0
1.0
1.0
1.0
1.0
1.0
1.0
1.0
1.0
1.0
1.0
1.0
1.0
1.0
1.0
1.0
1.0
1.0
1.0
1.0
1.0
1.0
1.0
1.0
1.0
1.0
1.0
1.0
1.0
1.0
1.0
1.0
1.0
1.0
1.0
1.0
1.0
1.0
1.0
1.0
1.0
1.0
1.0
1.0
1.0
1.0
1.0
1.0
1.0
1.0
1.0
1.0
1.0
1.0
1.0
1.0
1.0
1.0
1.0
1.0
1.0
1.0
1.0
1.0
1.0
0.1006590772917915
0.10119760479041916
0.10173548773189707
0.10227272727272728
0.10280932456664674
0.1033452807646356
0.10388059701492537
0.10441527446300716
0.10494931425163984
0.10467179183914843
0.10526315789473684
0.10585452395032525
0.10644589000591366
0.10703725606150206
0.10762862211709048
0.10821998817267889
0.10881135422826729
0.10940272028385571
0.10999408633944412
0.11058545239503252
0.11117681845062094
0.11176818450620934
0.11235955056179775
0.11295091661738617
0.11354228267297457
0.11413364872856298
0.11472501478415138
0.1153163808397398
0.1159077468953282
0.11649911295091661
0.11709047900650503
0.11768184506209343
0.11827321111768184
0.11886457717327026
0.11945594322885866
0.12004730928444707
0.12063867534003549
0.12123004139562389
0.1218214074512123
0.12241277350680072
0.12300413956238912
0.12359550561797752
0.12418687167356594
0.12477823772915435
0.12536960378474277
0.12596096984033117
0.12655233589591958
0.12714370195150798
0.1277350680070964
0.1283264340626848
0.12891780011827322
0.12950916617386163
0.13010053222945003
0.13069189828503844
0.13128326434062684
0.13187463039621525
0.13246599645180368
0.13305736250739209
0.1336487285629805
0.1342400946185689
0.1348314606741573
0.1354228267297457
0.1360141927853341
0.13660555884092254
0.13719692489651095
0.13778829095209935
0.13837965700768776
0.13897102306327616
0.13956238911886457
0.140153755174453
0.1407451212300414
0.1413364872856298
0.1419278533412182
0.14251921939680662
0.14311058545239502
0.14370195150798346
0.14429331756357186
0.14488468361916026
0.14547604967474867
0.14606741573033707
0.14665878178592548
0.14725014784151388
0.14784151389710232
0.14843287995269072
0.14902424600827913
0.14961561206386753
0.15020697811945594
0.15079834417504434
0.15138971023063277
0.15198107628622118
0.15257244234180958
0.153163808397398
0.1537551744529864
0.1543465405085748
0.15493790656416323
0.15552927261975164
0.15612063867534004
0.15671200473092844
0.15730337078651685
0.15789473684210525
0.15848610289769366
0.1590774689532821
0.1596688350088705
0.1602602010644589
0.1608515671200473
0.1614429331756357
0.16203429923122412
0.16262566528681255
0.16321703134240095
0.16380839739798936
0.16439976345357776
0.16499112950916617
0.16558249556475457
0.166173861620343
0.1667652276759314
0.16735659373151981
0.16794795978710822
0.16853932584269662
0.16913069189828503
0.16972205795387343
0.17031342400946187
0.17090479006505027
0.17149615612063868
0.17208752217622708
0.17267888823181549
0.1732702542874039
0.17386162034299232
0.17445298639858073
0.17504435245416913
0.17563571850975754
0.17622708456534594
0.17681845062093435
0.17740981667652278
0.17800118273211119
0.1785925487876996
0.179183914843288
0.1797752808988764
0.1803666469544648
0.1809580130100532
0.18154937906564164
0.18214074512123005
0.18273211117681845
0.18332347723240686
1.0
1.0
1.0
1.0
1.0
1.0
1.0
1.0
1.0
1.0
1.0
1.0
1.0
1.0
1.0
1.0
1.0
1.0
1.0
1.0
1.0
1.0
1.0
1.0
1.0
1.0
1.0
1.0
1.0
1.0
1.0
1.0
1.0
1.0
1.0
1.0
1.0
1.0
1.0
1.0
1.0
1.0
1.0
1.0
1.0
1.0
1.0
1.0
1.0
1.0
1.0
1.0
1.0
1.0
1.0
1.0
1.0
1.0
1.0
1.0
1.0
1.0
1.0
1.0
1.0
1.0
1.0
1.0
1.0
1.0
1.0
1.0
1.0
1.0
1.0
1.0
1.0
1.0
1.0
1.0
1.0
1.0
1.0
1.0
1.0
1.0
1.0
1.0
1.0
1.0
1.0
1.0
1.0
1.0
1.0
1.0
1.0
1.0
1.0
1.0
1.0
1.0
1.0
1.0
1.0
1.0
1.0
1.0
1.0
1.0
1.0
1.0
1.0
1.0
1.0
1.0
1.0
1.0
1.0
1.0
1.0
1.0
1.0
1.0
1.0
1.0
1.0
1.0
1.0
1.0
1.0
1.0
1.0
1.0
1.0
1.0
1.0
1.0
1.0
1.0
1.0
1.0
1.0
1.0
1.0
1.0
1.0
1.0
1.0
1.0
1.0
1.0
1.0
1.0
1.0
1.0
1.0
1.0
1.0
1.0
1.0
1.0
1.0
1.0
1.0
1.0
1.0
0.1006590772917915
0.10119760479041916
0.10173548773189707
0.10227272727272728
0.10280932456664674
0.1033452807646356
0.10388059701492537
0.10441527446300716
0.10494931425163984
0.10467179183914843
0.10526315789473684
0.10585452395032525
0.10644589000591366
0.10703725606150206
0.10762862211709048
0.10821998817267889
0.10881135422826729
0.10940272028385571
0.10999408633944412
0.11058545239503252
0.11117681845062094
0.11176818450620934
0.11235955056179775
0.11295091661738617
0.11354228267297457
0.11413364872856298
0.11472501478415138
0.1153163808397398
0.1159077468953282
0.11649911295091661
0.11709047900650503
0.11768184506209343
0.11827321111768184
0.11886457717327026
0.11945594322885866
0.12004730928444707
0.12063867534003549
0.12123004139562389
0.1218214074512123
0.12241277350680072
0.12300413956238912
0.12359550561797752
0.12418687167356594
0.12477823772915435
0.12536960378474277
0.12596096984033117
0.12655233589591958
0.12714370195150798
0.1277350680070964
0.1283264340626848
0.12891780011827322
0.12950916617386163
0.13010053222945003
0.13069189828503844
0.13128326434062684
0.13187463039621525
0.13246599645180368
0.13305736250739209
0.1336487285629805
0.1342400946185689
0.1348314606741573
0.1354228267297457
0.1360141927853341
0.13660555884092254
0.13719692489651095
0.13778829095209935
0.13837965700768776
0.13897102306327616
0.13956238911886457
0.140153755174453
0.1407451212300414
0.1413364872856298
0.1419278533412182
0.14251921939680662
0.14311058545239502
0.14370195150798346
0.14429331756357186
0.14488468361916026
0.14547604967474867
0.14606741573033707
0.14665878178592548
0.14725014784151388
0.14784151389710232
0.14843287995269072
0.14902424600827913
0.14961561206386753
0.15020697811945594
0.15079834417504434
0.15138971023063277
0.15198107628622118
0.15257244234180958
0.153163808397398
0.1537551744529864
0.1543465405085748
0.15493790656416323
0.15552927261975164
0.15612063867534004
0.15671200473092844
0.15730337078651685
0.15789473684210525
0.15848610289769366
0.1590774689532821
0.1596688350088705
0.1602602010644589
0.1608515671200473
0.1614429331756357
0.16203429923122412
0.16262566528681255
0.16321703134240095
0.16380839739798936
0.16439976345357776
0.16499112950916617
0.16558249556475457
0.166173861620343
0.1667652276759314
0.16735659373151981
0.16794795978710822
0.16853932584269662
0.16913069189828503
0.16972205795387343
0.17031342400946187
0.17090479006505027
0.17149615612063868
0.17208752217622708
0.17267888823181549
0.1732702542874039
0.17386162034299232
0.17445298639858073
0.17504435245416913
0.17563571850975754
0.17622708456534594
0.17681845062093435
0.17740981667652278
0.17800118273211119
0.1785925487876996
0.179183914843288
0.1797752808988764
0.1803666469544648
0.1809580130100532
0.18154937906564164
0.18214074512123005
0.18273211117681845
0.18332347723240686
1.0
1.0
1.0
1.0
1.0
1.0
1.0
1.0
1.0
1.0
1.0
1.0
1.0
1.0
1.0
1.0
1.0
1.0
1.0
1.0
1.0
1.0
1.0
1.0
1.0
1.0
1.0
1.0
1.0
1.0
1.0
1.0
1.0
1.0
1.0
1.0
1.0
1.0
1.0
1.0
1.0
1.0
1.0
1.0
1.0
1.0
1.0
1.0
1.0
1.0
1.0
1.0
1.0
1.0
1.0
1.0
1.0
1.0
1.0
1.0
1.0
1.0
1.0
1.0
1.0
1.0
1.0
1.0
1.0
1.0
1.0
1.0
1.0
1.0
1.0
1.0
1.0
1.0
1.0
1.0
1.0
1.0
1.0
1.0
1.0
1.0
1.0
1.0
1.0
1.0
1.0
1.0
1.0
1.0
1.0
1.0
1.0
1.0
1.0
1.0
1.0
1.0
1.0
1.0
1.0
1.0
1.0
1.0
1.0
1.0
1.0
1.0
1.0
1.0
1.0
1.0
1.0
1.0
1.0
1.0
1.0
1.0
1.0
1.0
1.0
1.0
1.0
1.0
1.0
1.0
1.0
1.0
1.0
1.0
1.0
1.0
1.0
1.0
1.0
1.0
1.0
1.0
1.0
1.0
1.0
1.0
1.0
1.0
1.0
1.0
1.0
1.0
1.0
1.0
1.0
1.0
1.0
1.0
1.0
1.0
1.0
1.0
1.0
1.0
1.0
1.0
1.0
0.1006590772917915
0.10119760479041916
0.10173548773189707
0.10227272727272728
0.10280932456664674
0.1033452807646356
0.10388059701492537
0.10441527446300716
0.10494931425163984
0.10467179183914843
0.10526315789473684
0.10585452395032525
0.10644589000591366
0.10703725606150206
0.10762862211709048
0.10821998817267889
0.10881135422826729
0.10940272028385571
0.10999408633944412
0.11058545239503252
0.11117681845062094
0.11176818450620934
0.11235955056179775
0.11295091661738617
0.11354228267297457
0.11413364872856298
0.11472501478415138
0.1153163808397398
0.1159077468953282
0.11649911295091661
0.11709047900650503
0.11768184506209343
0.11827321111768184
0.11886457717327026
0.11945594322885866
0.12004730928444707
0.12063867534003549
0.12123004139562389
0.1218214074512123
0.12241277350680072
0.12300413956238912
0.12359550561797752
0.12418687167356594
0.12477823772915435
0.12536960378474277
0.12596096984033117
0.12655233589591958
0.12714370195150798
0.1277350680070964
0.1283264340626848
0.12891780011827322
0.12950916617386163
0.13010053222945003
0.13069189828503844
0.13128326434062684
0.13187463039621525
0.13246599645180368
0.13305736250739209
0.1336487285629805
0.1342400946185689
0.1348314606741573
0.1354228267297457
0.1360141927853341
0.13660555884092254
0.13719692489651095
0.13778829095209935
0.13837965700768776
0.13897102306327616
0.13956238911886457
0.140153755174453
0.1407451212300414
0.1413364872856298
0.1419278533412182
0.14251921939680662
0.14311058545239502
0.14370195150798346
0.14429331756357186
0.14488468361916026
0.14547604967474867
0.14606741573033707
0.14665878178592548
0.14725014784151388
0.14784151389710232
0.14843287995269072
0.14902424600827913
0.14961561206386753
0.15020697811945594
0.15079834417504434
0.15138971023063277
0.15198107628622118
0.15257244234180958
0.153163808397398
0.1537551744529864
0.1543465405085748
0.15493790656416323
0.15552927261975164
0.15612063867534004
0.15671200473092844
0.15730337078651685
0.15789473684210525
0.15848610289769366
0.1590774689532821
0.1596688350088705
0.1602602010644589
0.1608515671200473
0.1614429331756357
0.16203429923122412
0.16262566528681255
0.16321703134240095
0.16380839739798936
0.16439976345357776
0.16499112950916617
0.16558249556475457
0.166173861620343
0.1667652276759314
0.16735659373151981
0.16794795978710822
0.16853932584269662
0.16913069189828503
0.16972205795387343
0.17031342400946187
0.17090479006505027
0.17149615612063868
0.17208752217622708
0.17267888823181549
0.1732702542874039
0.17386162034299232
0.17445298639858073
0.17504435245416913
0.17563571850975754
0.17622708456534594
0.17681845062093435
0.17740981667652278
0.17800118273211119
0.1785925487876996
0.179183914843288
0.1797752808988764
0.1803666469544648
0.1809580130100532
0.18154937906564164
0.18214074512123005
0.18273211117681845
0.18332347723240686
1.0
1.0
1.0
1.0
1.0
1.0
1.0
1.0
1.0
1.0
1.0
1.0
1.0
1.0
1.0
1.0
1.0
1.0
1.0
1.0
1.0
1.0
1.0
1.0
1.0
1.0
1.0
1.0
1.0
1.0
1.0
1.0
1.0
1.0
1.0
1.0
1.0
1.0
1.0
1.0
1.0
1.0
1.0
1.0
1.0
1.0
1.0
1.0
1.0
1.0
1.0
1.0
1.0
1.0
1.0
1.0
1.0
1.0
1.0
1.0
1.0
1.0
1.0
1.0
1.0
1.0
1.0
1.0
1.0
1.0
1.0
1.0
1.0
1.0
1.0
1.0
1.0
1.0
1.0
1.0
1.0
1.0
1.0
1.0
1.0
1.0
1.0
1.0
1.0
1.0
1.0
1.0
1.0
1.0
1.0
1.0
1.0
1.0
1.0
1.0
1.0
1.0
1.0
1.0
1.0
1.0
1.0
1.0
1.0
1.0
1.0
1.0
1.0
1.0
1.0
1.0
1.0
1.0
1.0
1.0
1.0
1.0
1.0
1.0
1.0
1.0
1.0
1.0
1.0
1.0
1.0
1.0
1.0
1.0
1.0
1.0
1.0
1.0
1.0
1.0
1.0
1.0
1.0
1.0
1.0
1.0
1.0
1.0
1.0
1.0
1.0
1.0
1.0
1.0
1.0
1.0
1.0
1.0
1.0
1.0
1.0
1.0
1.0
1.0
1.0
1.0
1.0
0.1006590772917915
0.10119760479041916
0.10173548773189707
0.10227272727272728
0.10280932456664674
0.1033452807646356
0.10388059701492537
0.10441527446300716
0.10494931425163984
0.10467179183914843
0.10526315789473684
0.10585452395032525
0.10644589000591366
0.10703725606150206
0.10762862211709048
0.10821998817267889
0.10881135422826729
0.10940272028385571
0.10999408633944412
0.11058545239503252
0.11117681845062094
0.11176818450620934
0.11235955056179775
0.11295091661738617
0.11354228267297457
0.11413364872856298
0.11472501478415138
0.1153163808397398
0.1159077468953282
0.11649911295091661
0.11709047900650503
0.11768184506209343
0.11827321111768184
0.11886457717327026
0.11945594322885866
0.12004730928444707
0.12063867534003549
0.12123004139562389
0.1218214074512123
0.12241277350680072
0.12300413956238912
0.12359550561797752
0.12418687167356594
0.12477823772915435
0.12536960378474277
0.12596096984033117
0.12655233589591958
0.12714370195150798
0.1277350680070964
0.1283264340626848
0.12891780011827322
0.12950916617386163
0.13010053222945003
0.13069189828503844
0.13128326434062684
0.13187463039621525
0.13246599645180368
0.13305736250739209
0.1336487285629805
0.1342400946185689
0.1348314606741573
0.1354228267297457
0.1360141927853341
0.13660555884092254
0.13719692489651095
0.13778829095209935
0.13837965700768776
0.13897102306327616
0.13956238911886457
0.140153755174453
0.1407451212300414
0.1413364872856298
0.1419278533412182
0.14251921939680662
0.14311058545239502
0.14370195150798346
0.14429331756357186
0.14488468361916026
0.14547604967474867
0.14606741573033707
0.14665878178592548
0.14725014784151388
0.14784151389710232
0.14843287995269072
0.14902424600827913
0.14961561206386753
0.15020697811945594
0.15079834417504434
0.15138971023063277
0.15198107628622118
0.15257244234180958
0.153163808397398
0.1537551744529864
0.1543465405085748
0.15493790656416323
0.15552927261975164
0.15612063867534004
0.15671200473092844
0.15730337078651685
0.15789473684210525
0.15848610289769366
0.1590774689532821
0.1596688350088705
0.1602602010644589
0.1608515671200473
0.1614429331756357
0.16203429923122412
0.16262566528681255
0.16321703134240095
0.16380839739798936
0.16439976345357776
0.16499112950916617
0.16558249556475457
0.166173861620343
0.1667652276759314
0.16735659373151981
0.16794795978710822
0.16853932584269662
0.16913069189828503
0.16972205795387343
0.17031342400946187
0.17090479006505027
0.17149615612063868
0.17208752217622708
0.17267888823181549
0.1732702542874039
0.17386162034299232
0.17445298639858073
0.17504435245416913
0.17563571850975754
0.17622708456534594
0.17681845062093435
0.17740981667652278
0.17800118273211119
0.1785925487876996
0.179183914843288
0.1797752808988764
0.1803666469544648
0.1809580130100532
0.18154937906564164
0.18214074512123005
0.18273211117681845
0.18332347723240686
1.0
1.0
1.0
1.0
1.0
1.0
1.0
1.0
1.0
1.0
1.0
1.0
1.0
1.0
1.0
1.0
1.0
1.0
1.0
1.0
1.0
1.0
1.0
1.0
1.0
1.0
1.0
1.0
1.0
1.0
1.0
1.0
1.0
1.0
1.0
1.0
1.0
1.0
1.0
1.0
1.0
1.0
1.0
1.0
1.0
1.0
1.0
1.0
1.0
1.0
1.0
1.0
1.0
1.0
1.0
1.0
1.0
1.0
1.0
1.0
1.0
1.0
1.0
1.0
1.0
1.0
1.0
1.0
1.0
1.0
1.0
1.0
1.0
1.0
1.0
1.0
1.0
1.0
1.0
1.0
1.0
1.0
1.0
1.0
1.0
1.0
1.0
1.0
1.0
1.0
1.0
1.0
1.0
1.0
1.0
1.0
1.0
1.0
1.0
1.0
1.0
1.0
1.0
1.0
1.0
1.0
1.0
1.0
1.0
1.0
1.0
1.0
1.0
1.0
1.0
1.0
1.0
1.0
1.0
1.0
1.0
1.0
1.0
1.0
1.0
1.0
1.0
1.0
1.0
1.0
1.0
1.0
1.0
1.0
1.0
1.0
1.0
1.0
1.0
1.0
1.0
1.0
1.0
1.0
1.0
1.0
1.0
1.0
1.0
1.0
1.0
1.0
1.0
1.0
1.0
1.0
1.0
1.0
1.0
1.0
1.0
1.0
1.0
1.0
1.0
1.0
1.0
0.1006590772917915
0.10119760479041916
0.10173548773189707
0.10227272727272728
0.10280932456664674
0.1033452807646356
0.10388059701492537
0.10441527446300716
0.10494931425163984
0.10467179183914843
0.10526315789473684
0.10585452395032525
0.10644589000591366
0.10703725606150206
0.10762862211709048
0.10821998817267889
0.10881135422826729
0.10940272028385571
0.10999408633944412
0.11058545239503252
0.11117681845062094
0.11176818450620934
0.11235955056179775
0.11295091661738617
0.11354228267297457
0.11413364872856298
0.11472501478415138
0.1153163808397398
0.1159077468953282
0.11649911295091661
0.11709047900650503
0.11768184506209343
0.11827321111768184
0.11886457717327026
0.11945594322885866
0.12004730928444707
0.12063867534003549
0.12123004139562389
0.1218214074512123
0.12241277350680072
0.12300413956238912
0.12359550561797752
0.12418687167356594
0.12477823772915435
0.12536960378474277
0.12596096984033117
0.12655233589591958
0.12714370195150798
0.1277350680070964
0.1283264340626848
0.12891780011827322
0.12950916617386163
0.13010053222945003
0.13069189828503844
0.13128326434062684
0.13187463039621525
0.13246599645180368
0.13305736250739209
0.1336487285629805
0.1342400946185689
0.1348314606741573
0.1354228267297457
0.1360141927853341
0.13660555884092254
0.13719692489651095
0.13778829095209935
0.13837965700768776
0.13897102306327616
0.13956238911886457
0.140153755174453
0.1407451212300414
0.1413364872856298
0.1419278533412182
0.14251921939680662
0.14311058545239502
0.14370195150798346
0.14429331756357186
0.14488468361916026
0.14547604967474867
0.14606741573033707
0.14665878178592548
0.14725014784151388
0.14784151389710232
0.14843287995269072
0.14902424600827913
0.14961561206386753
0.15020697811945594
0.15079834417504434
0.15138971023063277
0.15198107628622118
0.15257244234180958
0.153163808397398
0.1537551744529864
0.1543465405085748
0.15493790656416323
0.15552927261975164
0.15612063867534004
0.15671200473092844
0.15730337078651685
0.15789473684210525
0.15848610289769366
0.1590774689532821
0.1596688350088705
0.1602602010644589
0.1608515671200473
0.1614429331756357
0.16203429923122412
0.16262566528681255
0.16321703134240095
0.16380839739798936
0.16439976345357776
0.16499112950916617
0.16558249556475457
0.166173861620343
0.1667652276759314
0.16735659373151981
0.16794795978710822
0.16853932584269662
0.16913069189828503
0.16972205795387343
0.17031342400946187
0.17090479006505027
0.17149615612063868
0.17208752217622708
0.17267888823181549
0.1732702542874039
0.17386162034299232
0.17445298639858073
0.17504435245416913
0.17563571850975754
0.17622708456534594
0.17681845062093435
0.17740981667652278
0.17800118273211119
0.1785925487876996
0.179183914843288
0.1797752808988764
0.1803666469544648
0.1809580130100532
0.18154937906564164
0.18214074512123005
0.18273211117681845
0.18332347723240686
1.0
1.0
1.0
1.0
1.0
1.0
1.0
1.0
1.0
1.0
1.0
1.0
1.0
1.0
1.0
1.0
1.0
1.0
1.0
1.0
1.0
1.0
1.0
1.0
1.0
1.0
1.0
1.0
1.0
1.0
1.0
1.0
1.0
1.0
1.0
1.0
1.0
1.0
1.0
1.0
1.0
1.0
1.0
1.0
1.0
1.0
1.0
1.0
1.0
1.0
1.0
1.0
1.0
1.0
1.0
1.0
1.0
1.0
1.0
1.0
1.0
1.0
1.0
1.0
1.0
1.0
1.0
1.0
1.0
1.0
1.0
1.0
1.0
1.0
1.0
1.0
1.0
1.0
1.0
1.0
1.0
1.0
1.0
1.0
1.0
1.0
1.0
1.0
1.0
1.0
1.0
1.0
1.0
1.0
1.0
1.0
1.0
1.0
1.0
1.0
1.0
1.0
1.0
1.0
1.0
1.0
1.0
1.0
1.0
1.0
1.0
1.0
1.0
1.0
1.0
1.0
1.0
1.0
1.0
1.0
1.0
1.0
1.0
1.0
1.0
1.0
1.0
1.0
1.0
1.0
1.0
1.0
1.0
1.0
1.0
1.0
1.0
1.0
1.0
1.0
1.0
1.0
1.0
1.0
1.0
1.0
1.0
1.0
1.0
1.0
1.0
1.0
1.0
1.0
1.0
1.0
1.0
1.0
1.0
1.0
1.0
1.0
1.0
1.0
1.0
1.0
1.0
0.1006590772917915
0.10119760479041916
0.10173548773189707
0.10227272727272728
0.10280932456664674
0.1033452807646356
0.10388059701492537
0.10441527446300716
0.10494931425163984
0.10467179183914843
0.10526315789473684
0.10585452395032525
0.10644589000591366
0.10703725606150206
0.10762862211709048
0.10821998817267889
0.10881135422826729
0.10940272028385571
0.10999408633944412
0.11058545239503252
0.11117681845062094
0.11176818450620934
0.11235955056179775
0.11295091661738617
0.11354228267297457
0.11413364872856298
0.11472501478415138
0.1153163808397398
0.1159077468953282
0.11649911295091661
0.11709047900650503
0.11768184506209343
0.11827321111768184
0.11886457717327026
0.11945594322885866
0.12004730928444707
0.12063867534003549
0.12123004139562389
0.1218214074512123
0.12241277350680072
0.12300413956238912
0.12359550561797752
0.12418687167356594
0.12477823772915435
0.12536960378474277
0.12596096984033117
0.12655233589591958
0.12714370195150798
0.1277350680070964
0.1283264340626848
0.12891780011827322
0.12950916617386163
0.13010053222945003
0.13069189828503844
0.13128326434062684
0.13187463039621525
0.13246599645180368
0.13305736250739209
0.1336487285629805
0.1342400946185689
0.1348314606741573
0.1354228267297457
0.1360141927853341
0.13660555884092254
0.13719692489651095
0.13778829095209935
0.13837965700768776
0.13897102306327616
0.13956238911886457
0.140153755174453
0.1407451212300414
0.1413364872856298
0.1419278533412182
0.14251921939680662
0.14311058545239502
0.14370195150798346
0.14429331756357186
0.14488468361916026
0.14547604967474867
0.14606741573033707
0.14665878178592548
0.14725014784151388
0.14784151389710232
0.14843287995269072
0.14902424600827913
0.14961561206386753
0.15020697811945594
0.15079834417504434
0.15138971023063277
0.15198107628622118
0.15257244234180958
0.153163808397398
0.1537551744529864
0.1543465405085748
0.15493790656416323
0.15552927261975164
0.15612063867534004
0.15671200473092844
0.15730337078651685
0.15789473684210525
0.15848610289769366
0.1590774689532821
0.1596688350088705
0.1602602010644589
0.1608515671200473
0.1614429331756357
0.16203429923122412
0.16262566528681255
0.16321703134240095
0.16380839739798936
0.16439976345357776
0.16499112950916617
0.16558249556475457
0.166173861620343
0.1667652276759314
0.16735659373151981
0.16794795978710822
0.16853932584269662
0.16913069189828503
0.16972205795387343
0.17031342400946187
0.17090479006505027
0.17149615612063868
0.17208752217622708
0.17267888823181549
0.1732702542874039
0.17386162034299232
0.17445298639858073
0.17504435245416913
0.17563571850975754
0.17622708456534594
0.17681845062093435
0.17740981667652278
0.17800118273211119
0.1785925487876996
0.179183914843288
0.1797752808988764
0.1803666469544648
0.1809580130100532
0.18154937906564164
0.18214074512123005
0.18273211117681845
0.18332347723240686
