1.0
1.0
1.0
1.0
1.0
1.0
1.0
1.0
1.0
1.0
1.0
1.0
1.0
1.0
1.0
0.7272727272727273
0.7727272727272727
0.782608695652174
0.7916666666666666
0.8
0.8076923076923077
0.8148148148148148
0.8214285714285714
0.2823529411764706
0.29411764705882354
0.3058823529411765
0.3176470588235294
0.32941176470588235
0.3411764705882353
0.35294117647058826
0.36470588235294116
0.3764705882352941
0.38823529411764707
0.4
0.4117647058823529
0.4235294117647059
0.43529411764705883
0.4470588235294118
0.4588235294117647
0.47058823529411764
0.4823529411764706
0.49411764705882355
0.5058823529411764
0.5176470588235295
0.5294117647058824
0.5411764705882353
0.5529411764705883
0.5647058823529412
0.5764705882352941
0.5882352941176471
0.6
0.611764705882353
0.6235294117647059
0.6352941176470588
0.6470588235294118
0.6588235294117647
0.6705882352941176
0.6823529411764706
0.6941176470588235
0.7058823529411765
0.7176470588235294
0.7209302325581395
0.7241379310344828
0.7272727272727273
0.7303370786516854
0.7415730337078652
0.7528089887640449
0.7640449438202247
0.7752808988764045
0.7777777777777778
0.7802197802197802
0.782608695652174
0.7849462365591398
0.7956989247311828
0.8064516129032258
0.8172043010752689
0.8279569892473119
0.8387096774193549
0.8494623655913979
0.8602150537634409
0.8709677419354839
0.8817204301075269
0.8924731182795699
0.9032258064516129
0.9139784946236559
0.9247311827956989
1.0
1.0
1.0
1.0
1.0
1.0
1.0
1.0
1.0
1.0
1.0
1.0
1.0
1.0
1.0
0.7272727272727273
0.7727272727272727
0.782608695652174
0.7916666666666666
0.8
0.8076923076923077
0.8148148148148148
0.8214285714285714
0.2823529411764706
0.29411764705882354
0.3058823529411765
0.3176470588235294
0.32941176470588235
0.3411764705882353
0.35294117647058826
0.36470588235294116
0.3764705882352941
0.38823529411764707
0.4
0.4117647058823529
0.4235294117647059
0.43529411764705883
0.4470588235294118
0.4588235294117647
0.47058823529411764
0.4823529411764706
0.49411764705882355
0.5058823529411764
0.5176470588235295
0.5294117647058824
0.5411764705882353
0.5529411764705883
0.5647058823529412
0.5764705882352941
0.5882352941176471
0.6
0.611764705882353
0.6235294117647059
0.6352941176470588
0.6470588235294118
0.6588235294117647
0.6705882352941176
0.6823529411764706
0.6941176470588235
0.7058823529411765
0.7176470588235294
0.7209302325581395
0.7241379310344828
0.7272727272727273
0.7303370786516854
0.7415730337078652
0.7528089887640449
0.7640449438202247
0.7752808988764045
0.7777777777777778
0.7802197802197802
0.782608695652174
0.7849462365591398
0.7956989247311828
0.8064516129032258
0.8172043010752689
0.8279569892473119
0.8387096774193549
0.8494623655913979
0.8602150537634409
0.8709677419354839
0.8817204301075269
0.8924731182795699
0.9032258064516129
0.9139784946236559
0.9247311827956989
1.0
1.0
1.0
1.0
1.0
1.0
1.0
1.0
1.0
1.0
1.0
1.0
1.0
1.0
1.0
1.0
1.0
1.0
1.0
1.0
1.0
1.0
1.0
1.0
1.0
1.0
1.0
1.0
1.0
1.0
0.7272727272727273
0.7727272727272727
0.782608695652174
0.7916666666666666
0.8
0.8076923076923077
0.8148148148148148
0.8214285714285714
0.2823529411764706
0.29411764705882354
0.3058823529411765
0.3176470588235294
0.32941176470588235
0.3411764705882353
0.35294117647058826
0.36470588235294116
0.3764705882352941
0.38823529411764707
0.4
0.4117647058823529
0.4235294117647059
0.43529411764705883
0.4470588235294118
0.4588235294117647
0.47058823529411764
0.4823529411764706
0.49411764705882355
0.5058823529411764
0.5176470588235295
0.5294117647058824
0.5411764705882353
0.5529411764705883
0.5647058823529412
0.5764705882352941
0.5882352941176471
0.6
0.611764705882353
0.6235294117647059
0.6352941176470588
0.6470588235294118
0.6588235294117647
0.6705882352941176
0.6823529411764706
0.6941176470588235
0.7058823529411765
0.7176470588235294
0.7209302325581395
0.7241379310344828
0.7272727272727273
0.7303370786516854
0.7415730337078652
0.7528089887640449
0.7640449438202247
0.7752808988764045
0.7777777777777778
0.7802197802197802
0.782608695652174
0.7849462365591398
0.7956989247311828
0.8064516129032258
0.8172043010752689
0.8279569892473119
0.8387096774193549
0.8494623655913979
0.8602150537634409
0.8709677419354839
0.8817204301075269
0.8924731182795699
0.9032258064516129
0.9139784946236559
0.9247311827956989
1.0
1.0
1.0
1.0
1.0
1.0
1.0
1.0
1.0
1.0
1.0
1.0
1.0
1.0
1.0
0.7272727272727273
0.7727272727272727
0.782608695652174
0.7916666666666666
0.8
0.8076923076923077
0.8148148148148148
0.8214285714285714
0.2823529411764706
0.29411764705882354
0.3058823529411765
0.3176470588235294
0.32941176470588235
0.3411764705882353
0.35294117647058826
0.36470588235294116
0.3764705882352941
0.38823529411764707
0.4
0.4117647058823529
0.4235294117647059
0.43529411764705883
0.4470588235294118
0.4588235294117647
0.47058823529411764
0.4823529411764706
0.49411764705882355
0.5058823529411764
0.5176470588235295
0.5294117647058824
0.5411764705882353
0.5529411764705883
0.5647058823529412
0.5764705882352941
0.5882352941176471
0.6
0.611764705882353
0.6235294117647059
0.6352941176470588
0.6470588235294118
0.6588235294117647
0.6705882352941176
0.6823529411764706
0.6941176470588235
0.7058823529411765
0.7176470588235294
0.7209302325581395
0.7241379310344828
0.7272727272727273
0.7303370786516854
0.7415730337078652
0.7528089887640449
0.7640449438202247
0.7752808988764045
0.7777777777777778
0.7802197802197802
0.782608695652174
0.7849462365591398
0.7956989247311828
0.8064516129032258
0.8172043010752689
0.8279569892473119
0.8387096774193549
0.8494623655913979
0.8602150537634409
0.8709677419354839
0.8817204301075269
0.8924731182795699
0.9032258064516129
0.9139784946236559
0.9247311827956989
1.0
1.0
1.0
1.0
1.0
1.0
1.0
1.0
1.0
1.0
1.0
1.0
1.0
1.0
1.0
0.7272727272727273
0.7727272727272727
0.782608695652174
0.7916666666666666
0.8
0.8076923076923077
0.8148148148148148
0.8214285714285714
0.2823529411764706
0.29411764705882354
0.3058823529411765
0.3176470588235294
0.32941176470588235
0.3411764705882353
0.35294117647058826
0.36470588235294116
0.3764705882352941
0.38823529411764707
0.4
0.4117647058823529
0.4235294117647059
0.43529411764705883
0.4470588235294118
0.4588235294117647
0.47058823529411764
0.4823529411764706
0.49411764705882355
0.5058823529411764
0.5176470588235295
0.5294117647058824
0.5411764705882353
0.5529411764705883
0.5647058823529412
0.5764705882352941
0.5882352941176471
0.6
0.611764705882353
0.6235294117647059
0.6352941176470588
0.6470588235294118
0.6588235294117647
0.6705882352941176
0.6823529411764706
0.6941176470588235
0.7058823529411765
0.7176470588235294
0.7209302325581395
0.7241379310344828
0.7272727272727273
0.7303370786516854
0.7415730337078652
0.7528089887640449
0.7640449438202247
0.7752808988764045
0.7777777777777778
0.7802197802197802
0.782608695652174
0.7849462365591398
0.7956989247311828
0.8064516129032258
0.8172043010752689
0.8279569892473119
0.8387096774193549
0.8494623655913979
0.8602150537634409
0.8709677419354839
0.8817204301075269
0.8924731182795699
0.9032258064516129
0.9139784946236559
0.9247311827956989
1.0
1.0
1.0
1.0
1.0
1.0
1.0
1.0
1.0
1.0
1.0
1.0
1.0
1.0
1.0
0.7272727272727273
0.7727272727272727
0.782608695652174
0.7916666666666666
0.8
0.8076923076923077
0.8148148148148148
0.8214285714285714
0.2823529411764706
0.29411764705882354
0.3058823529411765
0.3176470588235294
0.32941176470588235
0.3411764705882353
0.35294117647058826
0.36470588235294116
0.3764705882352941
0.38823529411764707
0.4
0.4117647058823529
0.4235294117647059
0.43529411764705883
0.4470588235294118
0.4588235294117647
0.47058823529411764
0.4823529411764706
0.49411764705882355
0.5058823529411764
0.5176470588235295
0.5294117647058824
0.5411764705882353
0.5529411764705883
0.5647058823529412
0.5764705882352941
0.5882352941176471
0.6
0.611764705882353
0.6235294117647059
0.6352941176470588
0.6470588235294118
0.6588235294117647
0.6705882352941176
0.6823529411764706
0.6941176470588235
0.7058823529411765
0.7176470588235294
0.7209302325581395
0.7241379310344828
0.7272727272727273
0.7303370786516854
0.7415730337078652
0.7528089887640449
0.7640449438202247
0.7752808988764045
0.7777777777777778
0.7802197802197802
0.782608695652174
0.7849462365591398
0.7956989247311828
0.8064516129032258
0.8172043010752689
0.8279569892473119
0.8387096774193549
0.8494623655913979
0.8602150537634409
0.8709677419354839
0.8817204301075269
0.8924731182795699
0.9032258064516129
0.9139784946236559
0.9247311827956989
