1.0
1.0
1.0
1.0
1.0
1.0
1.0
1.0
1.0
1.0
1.0
1.0
1.0
1.0
1.0
1.0
1.0
1.0
1.0
1.0
1.0
1.0
1.0
1.0
1.0
1.0
1.0
1.0
1.0
1.0
1.0
1.0
1.0
1.0
1.0
1.0
1.0
1.0
1.0
0.8333333333333334
0.8367346938775511
0.84
0.8431372549019608
0.8461538461538461
0.8490566037735849
0.8518518518518519
0.8545454545454545
0.8571428571428571
0.8596491228070176
0.8620689655172413
0.864406779661017
0.8666666666666667
0.8688524590163934
0.8709677419354839
0.873015873015873
0.875
0.8769230769230769
0.8923076923076924
0.9076923076923077
0.9090909090909091
0.9104477611940298
0.9117647058823529
0.9130434782608695
0.9142857142857143
0.9154929577464789
0.9166666666666666
0.9178082191780822
0.918918918918919
0.92
0.9210526315789473
0.922077922077922
0.9230769230769231
0.9240506329113924
0.925
0.9259259259259259
0.926829268292683
0.927710843373494
0.9285714285714286
0.9294117647058824
0.9302325581395349
0.9310344827586207
0.9318181818181818
0.9325842696629213
0.9333333333333333
0.9340659340659341
0.9347826086956522
0.9354838709677419
0.9361702127659575
0.9368421052631579
0.9375
0.9381443298969072
0.9387755102040817
0.9393939393939394
0.94
0.9405940594059405
0.9411764705882353
0.941747572815534
0.9423076923076923
0.9428571428571428
0.9433962264150944
0.9439252336448598
0.9444444444444444
0.944954128440367
0.9454545454545454
0.9459459459459459
0.9464285714285714
0.9469026548672567
0.9473684210526315
0.9478260869565217
0.9482758620689655
0.9487179487179487
0.9491525423728814
0.9495798319327731
0.95
0.9504132231404959
0.9508196721311475
0.9512195121951219
0.9516129032258065
0.952
0.9523809523809523
0.952755905511811
0.953125
0.9534883720930233
0.9538461538461539
0.6544502617801047
0.6596858638743456
0.6649214659685864
0.6701570680628273
0.675392670157068
0.680628272251309
0.6858638743455497
0.6910994764397905
0.6963350785340314
0.7015706806282722
0.7068062827225131
0.7120418848167539
0.7172774869109948
0.7225130890052356
0.7277486910994765
0.7329842931937173
0.7382198952879581
0.743455497382199
0.7486910994764397
0.7539267015706806
0.7591623036649214
0.7643979057591623
0.7696335078534031
0.774869109947644
0.7801047120418848
0.7853403141361257
0.7905759162303665
0.7958115183246073
0.7846153846153846
0.7897435897435897
0.7948717948717948
0.8
1.0
1.0
1.0
1.0
1.0
1.0
1.0
1.0
1.0
1.0
1.0
1.0
1.0
1.0
1.0
1.0
1.0
1.0
1.0
1.0
1.0
1.0
1.0
1.0
1.0
1.0
1.0
1.0
1.0
1.0
1.0
1.0
1.0
1.0
1.0
1.0
1.0
1.0
1.0
0.8333333333333334
0.8367346938775511
0.84
0.8431372549019608
0.8461538461538461
0.8490566037735849
0.8518518518518519
0.8545454545454545
0.8571428571428571
0.8596491228070176
0.8620689655172413
0.864406779661017
0.8666666666666667
0.8688524590163934
0.8709677419354839
0.873015873015873
0.875
0.8769230769230769
0.8923076923076924
0.9076923076923077
0.9090909090909091
0.9104477611940298
0.9117647058823529
0.9130434782608695
0.9142857142857143
0.9154929577464789
0.9166666666666666
0.9178082191780822
0.918918918918919
0.92
0.9210526315789473
0.922077922077922
0.9230769230769231
0.9240506329113924
0.925
0.9259259259259259
0.926829268292683
0.927710843373494
0.9285714285714286
0.9294117647058824
0.9302325581395349
0.9310344827586207
0.9318181818181818
0.9325842696629213
0.9333333333333333
0.9340659340659341
0.9347826086956522
0.9354838709677419
0.9361702127659575
0.9368421052631579
0.9375
0.9381443298969072
0.9387755102040817
0.9393939393939394
0.94
0.9405940594059405
0.9411764705882353
0.941747572815534
0.9423076923076923
0.9428571428571428
0.9433962264150944
0.9439252336448598
0.9444444444444444
0.944954128440367
0.9454545454545454
0.9459459459459459
0.9464285714285714
0.9469026548672567
0.9473684210526315
0.9478260869565217
0.9482758620689655
0.9487179487179487
0.9491525423728814
0.9495798319327731
0.95
0.9504132231404959
0.9508196721311475
0.9512195121951219
0.9516129032258065
0.952
0.9523809523809523
0.952755905511811
0.953125
0.9534883720930233
0.9538461538461539
0.9541984732824428
0.9545454545454546
0.9548872180451128
0.9552238805970149
0.9555555555555556
0.9558823529411765
0.9562043795620438
0.9565217391304348
0.9568345323741008
0.9571428571428572
0.9574468085106383
0.9577464788732394
0.958041958041958
0.9583333333333334
0.9586206896551724
0.958904109589041
0.9591836734693877
0.9594594594594594
0.959731543624161
0.96
0.9602649006622517
0.9605263157894737
0.9607843137254902
0.961038961038961
0.9612903225806452
0.9615384615384616
0.9617834394904459
0.9620253164556962
0.7846153846153846
0.7897435897435897
0.7948717948717948
0.8
1.0
1.0
1.0
1.0
1.0
1.0
1.0
1.0
1.0
1.0
1.0
1.0
1.0
1.0
1.0
1.0
1.0
1.0
1.0
1.0
1.0
1.0
1.0
1.0
1.0
1.0
1.0
1.0
1.0
1.0
1.0
1.0
1.0
1.0
1.0
1.0
1.0
1.0
1.0
1.0
1.0
1.0
1.0
1.0
1.0
1.0
1.0
1.0
1.0
1.0
1.0
1.0
1.0
1.0
1.0
1.0
1.0
1.0
1.0
1.0
1.0
1.0
1.0
1.0
1.0
1.0
1.0
1.0
1.0
1.0
1.0
1.0
1.0
1.0
1.0
1.0
1.0
1.0
1.0
1.0
1.0
1.0
1.0
1.0
1.0
1.0
1.0
1.0
1.0
1.0
1.0
1.0
1.0
1.0
1.0
1.0
1.0
1.0
1.0
1.0
1.0
1.0
1.0
1.0
1.0
1.0
1.0
1.0
1.0
1.0
1.0
1.0
1.0
1.0
1.0
1.0
1.0
1.0
1.0
1.0
1.0
1.0
1.0
1.0
1.0
1.0
1.0
1.0
1.0
1.0
1.0
1.0
1.0
1.0
1.0
1.0
1.0
1.0
1.0
1.0
1.0
1.0
1.0
1.0
1.0
1.0
1.0
1.0
1.0
1.0
1.0
1.0
1.0
1.0
1.0
1.0
1.0
1.0
1.0
1.0
1.0
1.0
1.0
1.0
1.0
1.0
1.0
1.0
1.0
1.0
1.0
1.0
1.0
1.0
1.0
1.0
1.0
1.0
1.0
1.0
1.0
1.0
1.0
1.0
1.0
1.0
1.0
1.0
1.0
1.0
1.0
0.8333333333333334
0.8367346938775511
0.84
0.8431372549019608
0.8461538461538461
0.8490566037735849
0.8518518518518519
0.8545454545454545
0.8571428571428571
0.8596491228070176
0.8620689655172413
0.864406779661017
0.8666666666666667
0.8688524590163934
0.8709677419354839
0.873015873015873
0.875
0.8769230769230769
0.8923076923076924
0.9076923076923077
0.9090909090909091
0.9104477611940298
0.9117647058823529
0.9130434782608695
0.9142857142857143
0.9154929577464789
0.9166666666666666
0.9178082191780822
0.918918918918919
0.92
0.9210526315789473
0.922077922077922
0.9230769230769231
0.9240506329113924
0.925
0.9259259259259259
0.926829268292683
0.927710843373494
0.9285714285714286
0.9294117647058824
0.9302325581395349
0.9310344827586207
0.9318181818181818
0.9325842696629213
0.9333333333333333
0.9340659340659341
0.9347826086956522
0.9354838709677419
0.9361702127659575
0.9368421052631579
0.9375
0.9381443298969072
0.9387755102040817
0.9393939393939394
0.94
0.9405940594059405
0.9411764705882353
0.941747572815534
0.9423076923076923
0.9428571428571428
0.9433962264150944
0.9439252336448598
0.9444444444444444
0.944954128440367
0.9454545454545454
0.9459459459459459
0.9464285714285714
0.9469026548672567
0.9473684210526315
0.9478260869565217
0.9482758620689655
0.9487179487179487
0.9491525423728814
0.9495798319327731
0.95
0.9504132231404959
0.9508196721311475
0.9512195121951219
0.9516129032258065
0.952
0.9523809523809523
0.952755905511811
0.953125
0.9534883720930233
0.9538461538461539
0.9541984732824428
0.9545454545454546
0.9548872180451128
0.9552238805970149
0.9555555555555556
0.9558823529411765
0.9562043795620438
0.9565217391304348
0.9568345323741008
0.9571428571428572
0.9574468085106383
0.9577464788732394
0.958041958041958
0.9583333333333334
0.9586206896551724
0.958904109589041
0.9591836734693877
0.9594594594594594
0.959731543624161
0.96
0.9602649006622517
0.9605263157894737
0.9607843137254902
0.961038961038961
0.9612903225806452
0.9615384615384616
0.9617834394904459
0.9620253164556962
0.7846153846153846
0.7897435897435897
0.7948717948717948
0.8
1.0
1.0
1.0
1.0
1.0
1.0
1.0
1.0
1.0
1.0
1.0
1.0
1.0
1.0
1.0
1.0
1.0
1.0
1.0
1.0
1.0
1.0
1.0
1.0
1.0
1.0
1.0
1.0
1.0
1.0
1.0
1.0
1.0
1.0
1.0
1.0
1.0
1.0
1.0
0.8333333333333334
0.8367346938775511
0.84
0.8431372549019608
0.8461538461538461
0.8490566037735849
0.8518518518518519
0.8545454545454545
0.8571428571428571
0.8596491228070176
0.8620689655172413
0.864406779661017
0.8666666666666667
0.8688524590163934
0.8709677419354839
0.873015873015873
0.875
0.8769230769230769
0.8923076923076924
0.9076923076923077
0.9090909090909091
0.9104477611940298
0.9117647058823529
0.9130434782608695
0.9142857142857143
0.9154929577464789
0.9166666666666666
0.9178082191780822
0.918918918918919
0.92
0.9210526315789473
0.922077922077922
0.9230769230769231
0.9240506329113924
0.925
0.9259259259259259
0.926829268292683
0.927710843373494
0.9285714285714286
0.9294117647058824
0.9302325581395349
0.9310344827586207
0.9318181818181818
0.9325842696629213
0.9333333333333333
0.9340659340659341
0.9347826086956522
0.9354838709677419
0.9361702127659575
0.9368421052631579
0.9375
0.9381443298969072
0.9387755102040817
0.9393939393939394
0.94
0.9405940594059405
0.9411764705882353
0.941747572815534
0.9423076923076923
0.9428571428571428
0.9433962264150944
0.9439252336448598
0.9444444444444444
0.944954128440367
0.9454545454545454
0.9459459459459459
0.9464285714285714
0.9469026548672567
0.9473684210526315
0.9478260869565217
0.9482758620689655
0.9487179487179487
0.9491525423728814
0.9495798319327731
0.95
0.9504132231404959
0.9508196721311475
0.9512195121951219
0.9516129032258065
0.952
0.9523809523809523
0.952755905511811
0.953125
0.9534883720930233
0.9538461538461539
0.9541984732824428
0.9545454545454546
0.9548872180451128
0.9552238805970149
0.9555555555555556
0.9558823529411765
0.9562043795620438
0.9565217391304348
0.9568345323741008
0.9571428571428572
0.9574468085106383
0.9577464788732394
0.958041958041958
0.9583333333333334
0.9586206896551724
0.958904109589041
0.9591836734693877
0.9594594594594594
0.959731543624161
0.96
0.9602649006622517
0.9605263157894737
0.9607843137254902
0.961038961038961
0.9612903225806452
0.9615384615384616
0.9617834394904459
0.9620253164556962
0.7846153846153846
0.7897435897435897
0.7948717948717948
0.8
1.0
1.0
1.0
1.0
1.0
1.0
1.0
1.0
1.0
1.0
1.0
1.0
1.0
1.0
1.0
1.0
1.0
1.0
1.0
1.0
1.0
1.0
1.0
1.0
1.0
1.0
1.0
1.0
1.0
1.0
1.0
1.0
1.0
1.0
1.0
1.0
1.0
1.0
1.0
0.8333333333333334
0.8367346938775511
0.84
0.8431372549019608
0.8461538461538461
0.8490566037735849
0.8518518518518519
0.8545454545454545
0.8571428571428571
0.8596491228070176
0.8620689655172413
0.864406779661017
0.8666666666666667
0.8688524590163934
0.8709677419354839
0.873015873015873
0.875
0.8769230769230769
0.8923076923076924
0.9076923076923077
0.9090909090909091
0.9104477611940298
0.9117647058823529
0.9130434782608695
0.9142857142857143
0.9154929577464789
0.9166666666666666
0.9178082191780822
0.918918918918919
0.92
0.9210526315789473
0.922077922077922
0.9230769230769231
0.9240506329113924
0.925
0.9259259259259259
0.926829268292683
0.927710843373494
0.9285714285714286
0.9294117647058824
0.9302325581395349
0.9310344827586207
0.9318181818181818
0.9325842696629213
0.9333333333333333
0.9340659340659341
0.9347826086956522
0.9354838709677419
0.9361702127659575
0.9368421052631579
0.9375
0.9381443298969072
0.9387755102040817
0.9393939393939394
0.94
0.9405940594059405
0.9411764705882353
0.941747572815534
0.9423076923076923
0.9428571428571428
0.9433962264150944
0.9439252336448598
0.9444444444444444
0.944954128440367
0.9454545454545454
0.9459459459459459
0.9464285714285714
0.9469026548672567
0.9473684210526315
0.9478260869565217
0.9482758620689655
0.9487179487179487
0.9491525423728814
0.9495798319327731
0.95
0.9504132231404959
0.9508196721311475
0.9512195121951219
0.9516129032258065
0.952
0.9523809523809523
0.952755905511811
0.953125
0.9534883720930233
0.9538461538461539
0.6544502617801047
0.6596858638743456
0.6649214659685864
0.6701570680628273
0.675392670157068
0.680628272251309
0.6858638743455497
0.6910994764397905
0.6963350785340314
0.7015706806282722
0.7068062827225131
0.7120418848167539
0.7172774869109948
0.7225130890052356
0.7277486910994765
0.7329842931937173
0.7382198952879581
0.743455497382199
0.7486910994764397
0.7539267015706806
0.7591623036649214
0.7643979057591623
0.7696335078534031
0.774869109947644
0.7801047120418848
0.7853403141361257
0.7905759162303665
0.7958115183246073
0.7846153846153846
0.7897435897435897
0.7948717948717948
0.8
1.0
1.0
1.0
1.0
1.0
1.0
1.0
1.0
1.0
1.0
1.0
1.0
1.0
1.0
1.0
1.0
1.0
1.0
1.0
1.0
1.0
1.0
1.0
1.0
1.0
1.0
1.0
1.0
1.0
1.0
1.0
1.0
1.0
1.0
1.0
1.0
1.0
1.0
1.0
0.8333333333333334
0.8367346938775511
0.84
0.8431372549019608
0.8461538461538461
0.8490566037735849
0.8518518518518519
0.8545454545454545
0.8571428571428571
0.8596491228070176
0.8620689655172413
0.864406779661017
0.8666666666666667
0.8688524590163934
0.8709677419354839
0.873015873015873
0.875
0.8769230769230769
0.8923076923076924
0.9076923076923077
0.9090909090909091
0.9104477611940298
0.9117647058823529
0.9130434782608695
0.9142857142857143
0.9154929577464789
0.9166666666666666
0.9178082191780822
0.918918918918919
0.92
0.9210526315789473
0.922077922077922
0.9230769230769231
0.9240506329113924
0.925
0.9259259259259259
0.926829268292683
0.927710843373494
0.9285714285714286
0.9294117647058824
0.9302325581395349
0.9310344827586207
0.9318181818181818
0.9325842696629213
0.9333333333333333
0.9340659340659341
0.9347826086956522
0.9354838709677419
0.9361702127659575
0.9368421052631579
0.9375
0.9381443298969072
0.9387755102040817
0.9393939393939394
0.94
0.9405940594059405
0.9411764705882353
0.941747572815534
0.9423076923076923
0.9428571428571428
0.9433962264150944
0.9439252336448598
0.9444444444444444
0.944954128440367
0.9454545454545454
0.9459459459459459
0.9464285714285714
0.9469026548672567
0.9473684210526315
0.9478260869565217
0.9482758620689655
0.9487179487179487
0.9491525423728814
0.9495798319327731
0.95
0.9504132231404959
0.9508196721311475
0.9512195121951219
0.9516129032258065
0.952
0.9523809523809523
0.952755905511811
0.953125
0.9534883720930233
0.9538461538461539
0.9541984732824428
0.9545454545454546
0.9548872180451128
0.9552238805970149
0.9555555555555556
0.9558823529411765
0.9562043795620438
0.9565217391304348
0.9568345323741008
0.9571428571428572
0.9574468085106383
0.9577464788732394
0.958041958041958
0.9583333333333334
0.9586206896551724
0.958904109589041
0.9591836734693877
0.9594594594594594
0.959731543624161
0.96
0.9602649006622517
0.9605263157894737
0.9607843137254902
0.961038961038961
0.9612903225806452
0.9615384615384616
0.9617834394904459
0.9620253164556962
0.7846153846153846
0.7897435897435897
0.7948717948717948
0.8
