1.0
1.0
1.0
1.0
1.0
1.0
1.0
1.0
1.0
1.0
1.0
1.0
1.0
1.0
1.0
1.0
1.0
1.0
1.0
1.0
1.0
1.0
1.0
1.0
0.08928571428571429
0.09252669039145907
0.09574468085106383
0.0989399293286219
0.10211267605633803
0.10526315789473684
0.10839160839160839
0.11149825783972125
0.11458333333333333
0.11764705882352941
0.1206896551724138
0.12371134020618557
0.1267123287671233
0.1296928327645051
0.1326530612244898
0.097799511002445
0.1
0.10218978102189781
0.10436893203883495
0.10653753026634383
0.10869565217391304
0.1108433734939759
0.11298076923076923
0.11510791366906475
0.11722488038277512
0.11933174224343675
0.12142857142857143
0.12351543942992874
0.12559241706161137
0.1276595744680851
0.12971698113207547
0.13176470588235295
0.13380281690140844
0.11350293542074363
1.0
1.0
1.0
1.0
1.0
1.0
1.0
1.0
1.0
1.0
1.0
1.0
1.0
1.0
1.0
1.0
1.0
0.13636363636363635
0.14285714285714285
0.14925373134328357
0.15555555555555556
0.16176470588235295
0.1678832116788321
0.17391304347826086
0.17985611510791366
0.18571428571428572
0.19148936170212766
0.19718309859154928
0.20279720279720279
0.20833333333333334
0.21379310344827587
0.2191780821917808
0.22448979591836735
0.22972972972972974
0.2348993288590604
0.24
0.24503311258278146
0.25
0.2549019607843137
0.2597402597402597
0.2645161290322581
0.2692307692307692
0.13069908814589665
0.13333333333333333
0.13595166163141995
0.13855421686746988
0.14114114114114115
0.1437125748502994
0.14
0.14245014245014245
0.14488636363636365
0.14730878186968838
0.1497175141242938
0.15211267605633802
0.1544943820224719
0.1568627450980392
0.15921787709497207
0.1615598885793872
0.1638888888888889
0.16620498614958448
0.1685082872928177
0.1569620253164557
0.1590909090909091
0.16120906801007556
0.16331658291457288
0.1658291457286432
0.16834170854271358
0.1708542713567839
0.17336683417085427
0.17587939698492464
0.17839195979899497
0.18090452261306533
0.18341708542713567
0.18592964824120603
0.1884422110552764
0.19095477386934673
0.1934673366834171
0.19597989949748743
0.1984924623115578
0.20100502512562815
0.20351758793969849
0.20603015075376885
0.20854271356783918
0.21105527638190955
0.2135678391959799
0.21608040201005024
0.2185929648241206
0.22110552763819097
0.2236180904522613
0.22613065326633167
0.228643216080402
0.23115577889447236
0.23366834170854273
0.23618090452261306
0.23869346733668342
0.24120603015075376
0.24371859296482412
0.24623115577889448
0.24874371859296482
0.25125628140703515
0.2537688442211055
0.2562814070351759
0.25879396984924624
0.2613065326633166
0.2638190954773869
0.2663316582914573
0.26884422110552764
0.271356783919598
0.27386934673366836
0.27638190954773867
0.27889447236180903
0.2814070351758794
0.28391959798994976
0.2864321608040201
0.2889447236180904
0.2914572864321608
0.29396984924623115
0.2964824120603015
0.2989949748743719
0.3015075376884422
0.30402010050251255
0.3065326633165829
0.30904522613065327
0.31155778894472363
0.314070351758794
0.3165829145728643
0.31909547738693467
0.3208020050125313
0.3233082706766917
0.3258145363408521
0.3283208020050125
0.3308270676691729
0.3333333333333333
0.3358395989974937
0.3383458646616541
0.3408521303258145
0.3433583959899749
0.3458646616541353
0.3483709273182957
0.3508771929824561
0.3533834586466165
0.3558897243107769
0.3583959899749373
1.0
1.0
1.0
1.0
1.0
1.0
1.0
1.0
1.0
1.0
1.0
1.0
1.0
1.0
1.0
1.0
1.0
1.0
1.0
1.0
1.0
1.0
1.0
1.0
0.08928571428571429
0.09252669039145907
0.09574468085106383
0.0989399293286219
0.10211267605633803
0.10526315789473684
0.10839160839160839
0.11149825783972125
0.11458333333333333
0.11764705882352941
0.1206896551724138
0.12371134020618557
0.1267123287671233
0.1296928327645051
0.1326530612244898
0.097799511002445
0.1
0.10218978102189781
0.10436893203883495
0.10653753026634383
0.10869565217391304
0.1108433734939759
0.11298076923076923
0.11510791366906475
0.11722488038277512
0.11933174224343675
0.12142857142857143
0.12351543942992874
0.12559241706161137
0.1276595744680851
0.12971698113207547
0.13176470588235295
0.13380281690140844
0.11350293542074363
1.0
1.0
1.0
1.0
1.0
1.0
1.0
1.0
1.0
1.0
1.0
1.0
1.0
1.0
1.0
1.0
1.0
0.13636363636363635
0.14285714285714285
0.14925373134328357
0.15555555555555556
0.16176470588235295
0.1678832116788321
0.17391304347826086
0.17985611510791366
0.18571428571428572
0.19148936170212766
0.19718309859154928
0.20279720279720279
0.20833333333333334
0.21379310344827587
0.2191780821917808
0.22448979591836735
0.22972972972972974
0.2348993288590604
0.24
0.24503311258278146
0.25
0.2549019607843137
0.2597402597402597
0.2645161290322581
0.2692307692307692
0.13069908814589665
0.13333333333333333
0.13595166163141995
0.13855421686746988
0.14114114114114115
0.1437125748502994
0.14
0.14245014245014245
0.14488636363636365
0.14730878186968838
0.1497175141242938
0.15211267605633802
0.1544943820224719
0.1568627450980392
0.15921787709497207
0.1615598885793872
0.1638888888888889
0.16620498614958448
0.1685082872928177
0.1569620253164557
0.1590909090909091
0.16120906801007556
0.16331658291457288
0.1658291457286432
0.16834170854271358
0.1708542713567839
0.17336683417085427
0.17587939698492464
0.17839195979899497
0.18090452261306533
0.18341708542713567
0.18592964824120603
0.1884422110552764
0.19095477386934673
0.1934673366834171
0.19597989949748743
0.1984924623115578
0.20100502512562815
0.20351758793969849
0.20603015075376885
0.20854271356783918
0.21105527638190955
0.2135678391959799
0.21608040201005024
0.2185929648241206
0.22110552763819097
0.2236180904522613
0.22613065326633167
0.228643216080402
0.23115577889447236
0.23366834170854273
0.23618090452261306
0.23869346733668342
0.24120603015075376
0.24371859296482412
0.24623115577889448
0.24874371859296482
0.25125628140703515
0.2537688442211055
0.2562814070351759
0.25879396984924624
0.2613065326633166
0.2638190954773869
0.2663316582914573
0.26884422110552764
0.271356783919598
0.27386934673366836
0.27638190954773867
0.27889447236180903
0.2814070351758794
0.28391959798994976
0.2864321608040201
0.2889447236180904
0.2914572864321608
0.29396984924623115
0.2964824120603015
0.2989949748743719
0.3015075376884422
0.30402010050251255
0.3065326633165829
0.30904522613065327
0.31155778894472363
0.314070351758794
0.3165829145728643
0.31909547738693467
0.3208020050125313
0.3233082706766917
0.3258145363408521
0.3283208020050125
0.3308270676691729
0.3333333333333333
0.3358395989974937
0.3383458646616541
0.3408521303258145
0.3433583959899749
0.3458646616541353
0.3483709273182957
0.3508771929824561
0.3533834586466165
0.3558897243107769
0.3583959899749373
1.0
1.0
1.0
1.0
1.0
1.0
1.0
1.0
1.0
1.0
1.0
1.0
1.0
1.0
1.0
1.0
1.0
1.0
1.0
1.0
1.0
1.0
1.0
1.0
1.0
1.0
1.0
1.0
1.0
1.0
1.0
1.0
1.0
1.0
1.0
1.0
1.0
1.0
1.0
1.0
1.0
1.0
1.0
1.0
1.0
1.0
1.0
1.0
1.0
1.0
1.0
1.0
1.0
1.0
1.0
1.0
1.0
1.0
1.0
1.0
1.0
1.0
1.0
1.0
1.0
1.0
1.0
1.0
1.0
1.0
1.0
1.0
1.0
1.0
1.0
1.0
1.0
1.0
1.0
1.0
1.0
1.0
0.08928571428571429
0.09252669039145907
0.09574468085106383
0.0989399293286219
0.10211267605633803
0.10526315789473684
0.10839160839160839
0.11149825783972125
0.11458333333333333
0.11764705882352941
0.1206896551724138
0.12371134020618557
0.1267123287671233
0.1296928327645051
0.1326530612244898
0.097799511002445
0.1
0.10218978102189781
0.10436893203883495
0.10653753026634383
0.10869565217391304
0.1108433734939759
0.11298076923076923
0.11510791366906475
0.11722488038277512
0.11933174224343675
0.12142857142857143
0.12351543942992874
0.12559241706161137
0.1276595744680851
0.12971698113207547
0.13176470588235295
0.13380281690140844
0.11350293542074363
1.0
1.0
1.0
1.0
1.0
1.0
1.0
1.0
1.0
1.0
1.0
1.0
1.0
1.0
1.0
1.0
1.0
1.0
1.0
1.0
1.0
1.0
1.0
1.0
1.0
1.0
1.0
1.0
1.0
1.0
1.0
1.0
1.0
1.0
1.0
1.0
1.0
1.0
1.0
1.0
1.0
1.0
1.0
1.0
1.0
1.0
1.0
1.0
1.0
1.0
1.0
1.0
1.0
1.0
1.0
1.0
1.0
1.0
1.0
1.0
1.0
1.0
1.0
1.0
1.0
1.0
1.0
1.0
1.0
1.0
1.0
1.0
1.0
1.0
1.0
1.0
1.0
1.0
1.0
1.0
1.0
1.0
1.0
1.0
1.0
1.0
1.0
1.0
1.0
1.0
1.0
1.0
1.0
1.0
1.0
1.0
1.0
1.0
1.0
1.0
1.0
1.0
1.0
1.0
1.0
1.0
1.0
1.0
1.0
1.0
1.0
1.0
1.0
1.0
1.0
1.0
1.0
1.0
1.0
1.0
1.0
1.0
1.0
1.0
1.0
1.0
1.0
1.0
1.0
1.0
1.0
1.0
1.0
1.0
1.0
1.0
1.0
1.0
1.0
1.0
1.0
1.0
1.0
1.0
1.0
1.0
1.0
1.0
1.0
1.0
1.0
1.0
1.0
1.0
1.0
1.0
1.0
1.0
1.0
1.0
0.13636363636363635
0.14285714285714285
0.14925373134328357
0.15555555555555556
0.16176470588235295
0.1678832116788321
0.17391304347826086
0.17985611510791366
0.18571428571428572
0.19148936170212766
0.19718309859154928
0.20279720279720279
0.20833333333333334
0.21379310344827587
0.2191780821917808
0.22448979591836735
0.22972972972972974
0.2348993288590604
0.24
0.24503311258278146
0.25
0.2549019607843137
0.2597402597402597
0.2645161290322581
0.2692307692307692
0.13069908814589665
0.13333333333333333
0.13595166163141995
0.13855421686746988
0.14114114114114115
0.1437125748502994
0.14
0.14245014245014245
0.14488636363636365
0.14730878186968838
0.1497175141242938
0.15211267605633802
0.1544943820224719
0.1568627450980392
0.15921787709497207
0.1615598885793872
0.1638888888888889
0.16620498614958448
0.1685082872928177
0.1569620253164557
0.1590909090909091
0.16120906801007556
0.16331658291457288
0.1658291457286432
0.16834170854271358
0.1708542713567839
0.17336683417085427
0.17587939698492464
0.17839195979899497
0.18090452261306533
0.18341708542713567
0.18592964824120603
0.1884422110552764
0.19095477386934673
0.1934673366834171
0.19597989949748743
0.1984924623115578
0.20100502512562815
0.20351758793969849
0.20603015075376885
0.20854271356783918
0.21105527638190955
0.2135678391959799
0.21608040201005024
0.2185929648241206
0.22110552763819097
0.2236180904522613
0.22613065326633167
0.228643216080402
0.23115577889447236
0.23366834170854273
0.23618090452261306
0.23869346733668342
0.24120603015075376
0.24371859296482412
0.24623115577889448
0.24874371859296482
0.25125628140703515
0.2537688442211055
0.2562814070351759
0.25879396984924624
0.2613065326633166
0.2638190954773869
0.2663316582914573
0.26884422110552764
0.271356783919598
0.27386934673366836
0.27638190954773867
0.27889447236180903
0.2814070351758794
0.28391959798994976
0.2864321608040201
0.2889447236180904
0.2914572864321608
0.29396984924623115
0.2964824120603015
0.2989949748743719
0.3015075376884422
0.30402010050251255
0.3065326633165829
0.30904522613065327
0.31155778894472363
0.314070351758794
0.3165829145728643
0.31909547738693467
0.3208020050125313
0.3233082706766917
0.3258145363408521
0.3283208020050125
0.3308270676691729
0.3333333333333333
0.3358395989974937
0.3383458646616541
0.3408521303258145
0.3433583959899749
0.3458646616541353
0.3483709273182957
0.3508771929824561
0.3533834586466165
0.3558897243107769
0.3583959899749373
1.0
1.0
1.0
1.0
1.0
1.0
1.0
1.0
1.0
1.0
1.0
1.0
1.0
1.0
1.0
1.0
1.0
1.0
1.0
1.0
1.0
1.0
1.0
1.0
0.08928571428571429
0.09252669039145907
0.09574468085106383
0.0989399293286219
0.10211267605633803
0.10526315789473684
0.10839160839160839
0.11149825783972125
0.11458333333333333
0.11764705882352941
0.1206896551724138
0.12371134020618557
0.1267123287671233
0.1296928327645051
0.1326530612244898
0.097799511002445
0.1
0.10218978102189781
0.10436893203883495
0.10653753026634383
0.10869565217391304
0.1108433734939759
0.11298076923076923
0.11510791366906475
0.11722488038277512
0.11933174224343675
0.12142857142857143
0.12351543942992874
0.12559241706161137
0.1276595744680851
0.12971698113207547
0.13176470588235295
0.13380281690140844
0.11350293542074363
1.0
1.0
1.0
1.0
1.0
1.0
1.0
1.0
1.0
1.0
1.0
1.0
1.0
1.0
1.0
1.0
1.0
0.13636363636363635
0.14285714285714285
0.14925373134328357
0.15555555555555556
0.16176470588235295
0.1678832116788321
0.17391304347826086
0.17985611510791366
0.18571428571428572
0.19148936170212766
0.19718309859154928
0.20279720279720279
0.20833333333333334
0.21379310344827587
0.2191780821917808
0.22448979591836735
0.22972972972972974
0.2348993288590604
0.24
0.24503311258278146
0.25
0.2549019607843137
0.2597402597402597
0.2645161290322581
0.2692307692307692
0.13069908814589665
0.13333333333333333
0.13595166163141995
0.13855421686746988
0.14114114114114115
0.1437125748502994
0.14
0.14245014245014245
0.14488636363636365
0.14730878186968838
0.1497175141242938
0.15211267605633802
0.1544943820224719
0.1568627450980392
0.15921787709497207
0.1615598885793872
0.1638888888888889
0.16620498614958448
0.1685082872928177
0.1569620253164557
0.1590909090909091
0.16120906801007556
0.16331658291457288
0.1658291457286432
0.16834170854271358
0.1708542713567839
0.17336683417085427
0.17587939698492464
0.17839195979899497
0.18090452261306533
0.18341708542713567
0.18592964824120603
0.1884422110552764
0.19095477386934673
0.1934673366834171
0.19597989949748743
0.1984924623115578
0.20100502512562815
0.20351758793969849
0.20603015075376885
0.20854271356783918
0.21105527638190955
0.2135678391959799
0.21608040201005024
0.2185929648241206
0.22110552763819097
0.2236180904522613
0.22613065326633167
0.228643216080402
0.23115577889447236
0.23366834170854273
0.23618090452261306
0.23869346733668342
0.24120603015075376
0.24371859296482412
0.24623115577889448
0.24874371859296482
0.25125628140703515
0.2537688442211055
0.2562814070351759
0.25879396984924624
0.2613065326633166
0.2638190954773869
0.2663316582914573
0.26884422110552764
0.271356783919598
0.27386934673366836
0.27638190954773867
0.27889447236180903
0.2814070351758794
0.28391959798994976
0.2864321608040201
0.2889447236180904
0.2914572864321608
0.29396984924623115
0.2964824120603015
0.2989949748743719
0.3015075376884422
0.30402010050251255
0.3065326633165829
0.30904522613065327
0.31155778894472363
0.314070351758794
0.3165829145728643
0.31909547738693467
0.3208020050125313
0.3233082706766917
0.3258145363408521
0.3283208020050125
0.3308270676691729
0.3333333333333333
0.3358395989974937
0.3383458646616541
0.3408521303258145
0.3433583959899749
0.3458646616541353
0.3483709273182957
0.3508771929824561
0.3533834586466165
0.3558897243107769
0.3583959899749373
1.0
1.0
1.0
1.0
1.0
1.0
1.0
1.0
1.0
1.0
1.0
1.0
1.0
1.0
1.0
1.0
1.0
1.0
1.0
1.0
1.0
1.0
1.0
1.0
0.08928571428571429
0.09252669039145907
0.09574468085106383
0.0989399293286219
0.10211267605633803
0.10526315789473684
0.10839160839160839
0.11149825783972125
0.11458333333333333
0.11764705882352941
0.1206896551724138
0.12371134020618557
0.1267123287671233
0.1296928327645051
0.1326530612244898
0.097799511002445
0.1
0.10218978102189781
0.10436893203883495
0.10653753026634383
0.10869565217391304
0.1108433734939759
0.11298076923076923
0.11510791366906475
0.11722488038277512
0.11933174224343675
0.12142857142857143
0.12351543942992874
0.12559241706161137
0.1276595744680851
0.12971698113207547
0.13176470588235295
0.13380281690140844
0.11350293542074363
1.0
1.0
1.0
1.0
1.0
1.0
1.0
1.0
1.0
1.0
1.0
1.0
1.0
1.0
1.0
1.0
1.0
0.13636363636363635
0.14285714285714285
0.14925373134328357
0.15555555555555556
0.16176470588235295
0.1678832116788321
0.17391304347826086
0.17985611510791366
0.18571428571428572
0.19148936170212766
0.19718309859154928
0.20279720279720279
0.20833333333333334
0.21379310344827587
0.2191780821917808
0.22448979591836735
0.22972972972972974
0.2348993288590604
0.24
0.24503311258278146
0.25
0.2549019607843137
0.2597402597402597
0.2645161290322581
0.2692307692307692
0.13069908814589665
0.13333333333333333
0.13595166163141995
0.13855421686746988
0.14114114114114115
0.1437125748502994
0.14
0.14245014245014245
0.14488636363636365
0.14730878186968838
0.1497175141242938
0.15211267605633802
0.1544943820224719
0.1568627450980392
0.15921787709497207
0.1615598885793872
0.1638888888888889
0.16620498614958448
0.1685082872928177
0.1569620253164557
0.1590909090909091
0.16120906801007556
0.16331658291457288
0.1658291457286432
0.16834170854271358
0.1708542713567839
0.17336683417085427
0.17587939698492464
0.17839195979899497
0.18090452261306533
0.18341708542713567
0.18592964824120603
0.1884422110552764
0.19095477386934673
0.1934673366834171
0.19597989949748743
0.1984924623115578
0.20100502512562815
0.20351758793969849
0.20603015075376885
0.20854271356783918
0.21105527638190955
0.2135678391959799
0.21608040201005024
0.2185929648241206
0.22110552763819097
0.2236180904522613
0.22613065326633167
0.228643216080402
0.23115577889447236
0.23366834170854273
0.23618090452261306
0.23869346733668342
0.24120603015075376
0.24371859296482412
0.24623115577889448
0.24874371859296482
0.25125628140703515
0.2537688442211055
0.2562814070351759
0.25879396984924624
0.2613065326633166
0.2638190954773869
0.2663316582914573
0.26884422110552764
0.271356783919598
0.27386934673366836
0.27638190954773867
0.27889447236180903
0.2814070351758794
0.28391959798994976
0.2864321608040201
0.2889447236180904
0.2914572864321608
0.29396984924623115
0.2964824120603015
0.2989949748743719
0.3015075376884422
0.30402010050251255
0.3065326633165829
0.30904522613065327
0.31155778894472363
0.314070351758794
0.3165829145728643
0.31909547738693467
0.3208020050125313
0.3233082706766917
0.3258145363408521
0.3283208020050125
0.3308270676691729
0.3333333333333333
0.3358395989974937
0.3383458646616541
0.3408521303258145
0.3433583959899749
0.3458646616541353
0.3483709273182957
0.3508771929824561
0.3533834586466165
0.3558897243107769
0.3583959899749373
1.0
1.0
1.0
1.0
1.0
1.0
1.0
1.0
1.0
1.0
1.0
1.0
1.0
1.0
1.0
1.0
1.0
1.0
1.0
1.0
1.0
1.0
1.0
1.0
0.08928571428571429
0.09252669039145907
0.09574468085106383
0.0989399293286219
0.10211267605633803
0.10526315789473684
0.10839160839160839
0.11149825783972125
0.11458333333333333
0.11764705882352941
0.1206896551724138
0.12371134020618557
0.1267123287671233
0.1296928327645051
0.1326530612244898
0.097799511002445
0.1
0.10218978102189781
0.10436893203883495
0.10653753026634383
0.10869565217391304
0.1108433734939759
0.11298076923076923
0.11510791366906475
0.11722488038277512
0.11933174224343675
0.12142857142857143
0.12351543942992874
0.12559241706161137
0.1276595744680851
0.12971698113207547
0.13176470588235295
0.13380281690140844
0.11350293542074363
1.0
1.0
1.0
1.0
1.0
1.0
1.0
1.0
1.0
1.0
1.0
1.0
1.0
1.0
1.0
1.0
1.0
0.13636363636363635
0.14285714285714285
0.14925373134328357
0.15555555555555556
0.16176470588235295
0.1678832116788321
0.17391304347826086
0.17985611510791366
0.18571428571428572
0.19148936170212766
0.19718309859154928
0.20279720279720279
0.20833333333333334
0.21379310344827587
0.2191780821917808
0.22448979591836735
0.22972972972972974
0.2348993288590604
0.24
0.24503311258278146
0.25
0.2549019607843137
0.2597402597402597
0.2645161290322581
0.2692307692307692
0.13069908814589665
0.13333333333333333
0.13595166163141995
0.13855421686746988
0.14114114114114115
0.1437125748502994
0.14
0.14245014245014245
0.14488636363636365
0.14730878186968838
0.1497175141242938
0.15211267605633802
0.1544943820224719
0.1568627450980392
0.15921787709497207
0.1615598885793872
0.1638888888888889
0.16620498614958448
0.1685082872928177
0.1569620253164557
0.1590909090909091
0.16120906801007556
0.16331658291457288
0.1658291457286432
0.16834170854271358
0.1708542713567839
0.17336683417085427
0.17587939698492464
0.17839195979899497
0.18090452261306533
0.18341708542713567
0.18592964824120603
0.1884422110552764
0.19095477386934673
0.1934673366834171
0.19597989949748743
0.1984924623115578
0.20100502512562815
0.20351758793969849
0.20603015075376885
0.20854271356783918
0.21105527638190955
0.2135678391959799
0.21608040201005024
0.2185929648241206
0.22110552763819097
0.2236180904522613
0.22613065326633167
0.228643216080402
0.23115577889447236
0.23366834170854273
0.23618090452261306
0.23869346733668342
0.24120603015075376
0.24371859296482412
0.24623115577889448
0.24874371859296482
0.25125628140703515
0.2537688442211055
0.2562814070351759
0.25879396984924624
0.2613065326633166
0.2638190954773869
0.2663316582914573
0.26884422110552764
0.271356783919598
0.27386934673366836
0.27638190954773867
0.27889447236180903
0.2814070351758794
0.28391959798994976
0.2864321608040201
0.2889447236180904
0.2914572864321608
0.29396984924623115
0.2964824120603015
0.2989949748743719
0.3015075376884422
0.30402010050251255
0.3065326633165829
0.30904522613065327
0.31155778894472363
0.314070351758794
0.3165829145728643
0.31909547738693467
0.3208020050125313
0.3233082706766917
0.3258145363408521
0.3283208020050125
0.3308270676691729
0.3333333333333333
0.3358395989974937
0.3383458646616541
0.3408521303258145
0.3433583959899749
0.3458646616541353
0.3483709273182957
0.3508771929824561
0.3533834586466165
0.3558897243107769
0.3583959899749373
