1.0
1.0
1.0
1.0
1.0
1.0
1.0
1.0
1.0
1.0
1.0
1.0
1.0
1.0
1.0
1.0
1.0
1.0
1.0
1.0
1.0
1.0
1.0
1.0
1.0
1.0
1.0
1.0
1.0
1.0
1.0
1.0
0.13360323886639677
0.13765182186234817
0.1417004048582996
0.145748987854251
0.14979757085020243
0.15384615384615385
0.15789473684210525
0.16194331983805668
0.1659919028340081
0.1700404858299595
0.17408906882591094
0.17813765182186234
0.18218623481781376
0.1862348178137652
0.1902834008097166
0.19433198380566802
0.19838056680161945
0.20242914979757085
0.20647773279352227
0.21052631578947367
0.2145748987854251
0.21862348178137653
0.22267206477732793
0.22672064777327935
0.23076923076923078
0.23481781376518218
0.2388663967611336
0.242914979757085
0.24696356275303644
0.25101214574898784
0.2550607287449393
0.2591093117408907
0.2631578947368421
0.26720647773279355
0.27125506072874495
0.27530364372469635
0.2793522267206478
0.2834008097165992
0.2874493927125506
0.291497975708502
0.29554655870445345
0.29959514170040485
0.30364372469635625
0.3076923076923077
0.3117408906882591
0.3157894736842105
0.31983805668016196
0.32388663967611336
0.32793522267206476
0.3319838056680162
0.3360323886639676
0.340080971659919
0.3441295546558704
0.3481781376518219
0.3522267206477733
0.3562753036437247
0.3603238866396761
0.3643724696356275
0.3684210526315789
0.3724696356275304
0.3765182186234818
0.3805668016194332
0.38461538461538464
0.38866396761133604
0.39271255060728744
0.3967611336032389
0.4008097165991903
0.4048582995951417
0.4089068825910931
0.41295546558704455
0.41700404858299595
0.42105263157894735
0.4251012145748988
0.4291497975708502
0.4331983805668016
0.43724696356275305
0.44129554655870445
0.44534412955465585
0.4493927125506073
0.4534412955465587
0.4574898785425101
0.46153846153846156
0.46558704453441296
0.46963562753036436
0.47368421052631576
0.4777327935222672
0.4817813765182186
0.48582995951417
0.4898785425101215
0.4939271255060729
0.4979757085020243
0.5020242914979757
0.5060728744939271
0.5101214574898786
0.5141700404858299
0.5182186234817814
0.5222672064777328
0.5263157894736842
0.5303643724696356
0.5344129554655871
0.5384615384615384
0.5425101214574899
0.5465587044534413
0.5506072874493927
0.5546558704453441
0.5587044534412956
0.562753036437247
0.5668016194331984
0.5708502024291497
0.5748987854251012
0.5789473684210527
0.582995951417004
0.5870445344129555
0.5910931174089069
0.5951417004048583
0.5991902834008097
0.6032388663967612
0.6072874493927125
0.611336032388664
0.6153846153846154
0.6194331983805668
0.6234817813765182
0.6275303643724697
0.631578947368421
0.6356275303643725
0.6396761133603239
0.6437246963562753
0.6477732793522267
0.6518218623481782
0.6558704453441295
0.659919028340081
0.6639676113360324
0.6680161943319838
0.6720647773279352
0.6761133603238867
0.680161943319838
0.6842105263157895
0.6882591093117408
0.6923076923076923
0.6963562753036437
0.7004048582995951
1.0
1.0
1.0
1.0
1.0
1.0
1.0
1.0
1.0
1.0
1.0
1.0
1.0
1.0
1.0
1.0
1.0
1.0
1.0
1.0
1.0
1.0
1.0
1.0
1.0
1.0
1.0
1.0
1.0
1.0
1.0
1.0
0.13360323886639677
0.13765182186234817
0.1417004048582996
0.145748987854251
0.14979757085020243
0.15384615384615385
0.15789473684210525
0.16194331983805668
0.1659919028340081
0.1700404858299595
0.17408906882591094
0.17813765182186234
0.18218623481781376
0.1862348178137652
0.1902834008097166
0.19433198380566802
0.19838056680161945
0.20242914979757085
0.20647773279352227
0.21052631578947367
0.2145748987854251
0.21862348178137653
0.22267206477732793
0.22672064777327935
0.23076923076923078
0.23481781376518218
0.2388663967611336
0.242914979757085
0.24696356275303644
0.25101214574898784
0.2550607287449393
0.2591093117408907
0.2631578947368421
0.26720647773279355
0.27125506072874495
0.27530364372469635
0.2793522267206478
0.2834008097165992
0.2874493927125506
0.291497975708502
0.29554655870445345
0.29959514170040485
0.30364372469635625
0.3076923076923077
0.3117408906882591
0.3157894736842105
0.31983805668016196
0.32388663967611336
0.32793522267206476
0.3319838056680162
0.3360323886639676
0.340080971659919
0.3441295546558704
0.3481781376518219
0.3522267206477733
0.3562753036437247
0.3603238866396761
0.3643724696356275
0.3684210526315789
0.3724696356275304
0.3765182186234818
0.3805668016194332
0.38461538461538464
0.38866396761133604
0.39271255060728744
0.3967611336032389
0.4008097165991903
0.4048582995951417
0.4089068825910931
0.41295546558704455
0.41700404858299595
0.42105263157894735
0.4251012145748988
0.4291497975708502
0.4331983805668016
0.43724696356275305
0.44129554655870445
0.44534412955465585
0.4493927125506073
0.4534412955465587
0.4574898785425101
0.46153846153846156
0.46558704453441296
0.46963562753036436
0.47368421052631576
0.4777327935222672
0.4817813765182186
0.48582995951417
0.4898785425101215
0.4939271255060729
0.4979757085020243
0.5020242914979757
0.5060728744939271
0.5101214574898786
0.5141700404858299
0.5182186234817814
0.5222672064777328
0.5263157894736842
0.5303643724696356
0.5344129554655871
0.5384615384615384
0.5425101214574899
0.5465587044534413
0.5506072874493927
0.5546558704453441
0.5587044534412956
0.562753036437247
0.5668016194331984
0.5708502024291497
0.5748987854251012
0.5789473684210527
0.582995951417004
0.5870445344129555
0.5910931174089069
0.5951417004048583
0.5991902834008097
0.6032388663967612
0.6072874493927125
0.611336032388664
0.6153846153846154
0.6194331983805668
0.6234817813765182
0.6275303643724697
0.631578947368421
0.6356275303643725
0.6396761133603239
0.6437246963562753
0.6477732793522267
0.6518218623481782
0.6558704453441295
0.659919028340081
0.6639676113360324
0.6680161943319838
0.6720647773279352
0.6761133603238867
0.680161943319838
0.6842105263157895
0.6882591093117408
0.6923076923076923
0.6963562753036437
0.7004048582995951
0.7044534412955465
1.0
1.0
1.0
1.0
1.0
1.0
1.0
1.0
1.0
1.0
1.0
1.0
1.0
1.0
1.0
1.0
1.0
1.0
1.0
1.0
1.0
1.0
1.0
1.0
1.0
1.0
1.0
1.0
1.0
1.0
1.0
1.0
1.0
1.0
1.0
1.0
1.0
1.0
1.0
1.0
1.0
1.0
1.0
1.0
1.0
1.0
1.0
1.0
1.0
1.0
1.0
1.0
1.0
1.0
1.0
1.0
1.0
1.0
1.0
1.0
1.0
1.0
1.0
1.0
0.13360323886639677
0.13765182186234817
0.1417004048582996
0.145748987854251
0.14979757085020243
0.15384615384615385
0.15789473684210525
0.16194331983805668
0.1659919028340081
0.1700404858299595
0.17408906882591094
0.17813765182186234
0.18218623481781376
0.1862348178137652
0.1902834008097166
0.19433198380566802
0.19838056680161945
0.20242914979757085
0.20647773279352227
0.21052631578947367
0.2145748987854251
0.21862348178137653
0.22267206477732793
0.22672064777327935
0.23076923076923078
0.23481781376518218
0.2388663967611336
0.242914979757085
0.24696356275303644
0.25101214574898784
0.2550607287449393
0.2591093117408907
0.2631578947368421
0.26720647773279355
0.27125506072874495
0.27530364372469635
0.2793522267206478
0.2834008097165992
0.2874493927125506
0.291497975708502
0.29554655870445345
0.29959514170040485
0.30364372469635625
0.3076923076923077
0.3117408906882591
0.3157894736842105
0.31983805668016196
0.32388663967611336
0.32793522267206476
0.3319838056680162
0.3360323886639676
0.340080971659919
0.3441295546558704
0.3481781376518219
0.3522267206477733
0.3562753036437247
0.3603238866396761
0.3643724696356275
0.3684210526315789
0.3724696356275304
0.3765182186234818
0.3805668016194332
0.38461538461538464
0.38866396761133604
0.39271255060728744
0.3967611336032389
0.4008097165991903
0.4048582995951417
0.4089068825910931
0.41295546558704455
0.41700404858299595
0.42105263157894735
0.4251012145748988
0.4291497975708502
0.4331983805668016
0.43724696356275305
0.44129554655870445
0.44534412955465585
0.4493927125506073
0.4534412955465587
0.4574898785425101
0.46153846153846156
0.46558704453441296
0.46963562753036436
0.47368421052631576
0.4777327935222672
0.4817813765182186
0.48582995951417
0.4898785425101215
0.4939271255060729
0.4979757085020243
0.5020242914979757
0.5060728744939271
0.5101214574898786
0.5141700404858299
0.5182186234817814
0.5222672064777328
0.5263157894736842
0.5303643724696356
0.5344129554655871
0.5384615384615384
0.5425101214574899
0.5465587044534413
0.5506072874493927
0.5546558704453441
0.5587044534412956
0.562753036437247
0.5668016194331984
0.5708502024291497
0.5748987854251012
0.5789473684210527
0.582995951417004
0.5870445344129555
0.5910931174089069
0.5951417004048583
0.5991902834008097
0.6032388663967612
0.6072874493927125
0.611336032388664
0.6153846153846154
0.6194331983805668
0.6234817813765182
0.6275303643724697
0.631578947368421
0.6356275303643725
0.6396761133603239
0.6437246963562753
0.6477732793522267
0.6518218623481782
0.6558704453441295
0.659919028340081
0.6639676113360324
0.6680161943319838
0.6720647773279352
0.6761133603238867
0.680161943319838
0.6842105263157895
0.6882591093117408
0.6923076923076923
0.6963562753036437
0.7004048582995951
1.0
1.0
1.0
1.0
1.0
1.0
1.0
1.0
1.0
1.0
1.0
1.0
1.0
1.0
1.0
1.0
1.0
1.0
1.0
1.0
1.0
1.0
1.0
1.0
1.0
1.0
1.0
1.0
1.0
1.0
1.0
1.0
0.13360323886639677
0.13765182186234817
0.1417004048582996
0.145748987854251
0.14979757085020243
0.15384615384615385
0.15789473684210525
0.16194331983805668
0.1659919028340081
0.1700404858299595
0.17408906882591094
0.17813765182186234
1.0
1.0
1.0
1.0
1.0
1.0
1.0
1.0
1.0
1.0
1.0
1.0
1.0
1.0
1.0
1.0
1.0
1.0
1.0
1.0
1.0
1.0
1.0
1.0
1.0
1.0
1.0
1.0
1.0
1.0
1.0
1.0
0.13360323886639677
0.13765182186234817
0.1417004048582996
0.145748987854251
0.14979757085020243
0.15384615384615385
0.15789473684210525
0.16194331983805668
0.1659919028340081
0.1700404858299595
0.17408906882591094
0.17813765182186234
0.18218623481781376
0.1862348178137652
0.1902834008097166
0.19433198380566802
0.19838056680161945
0.20242914979757085
0.20647773279352227
0.21052631578947367
0.2145748987854251
0.21862348178137653
0.22267206477732793
0.22672064777327935
0.23076923076923078
0.23481781376518218
0.2388663967611336
0.242914979757085
0.24696356275303644
0.25101214574898784
0.2550607287449393
0.2591093117408907
0.2631578947368421
0.26720647773279355
0.27125506072874495
0.27530364372469635
0.2793522267206478
0.2834008097165992
0.2874493927125506
0.291497975708502
0.29554655870445345
0.29959514170040485
0.30364372469635625
0.3076923076923077
0.3117408906882591
0.3157894736842105
0.31983805668016196
0.32388663967611336
0.32793522267206476
0.3319838056680162
0.3360323886639676
0.340080971659919
0.3441295546558704
0.3481781376518219
0.3522267206477733
0.3562753036437247
0.3603238866396761
0.3643724696356275
0.3684210526315789
0.3724696356275304
0.3765182186234818
0.3805668016194332
0.38461538461538464
0.38866396761133604
0.39271255060728744
0.3967611336032389
0.4008097165991903
0.4048582995951417
0.4089068825910931
0.41295546558704455
0.41700404858299595
0.42105263157894735
0.4251012145748988
0.4291497975708502
0.4331983805668016
0.43724696356275305
0.44129554655870445
0.44534412955465585
0.4493927125506073
0.4534412955465587
0.4574898785425101
0.46153846153846156
0.46558704453441296
0.46963562753036436
0.47368421052631576
0.4777327935222672
0.4817813765182186
0.48582995951417
0.4898785425101215
0.4939271255060729
0.4979757085020243
0.5020242914979757
0.5060728744939271
0.5101214574898786
0.5141700404858299
0.5182186234817814
0.5222672064777328
0.5263157894736842
0.5303643724696356
0.5344129554655871
0.5384615384615384
0.5425101214574899
0.5465587044534413
0.5506072874493927
0.5546558704453441
0.5587044534412956
0.562753036437247
0.5668016194331984
0.5708502024291497
0.5748987854251012
0.5789473684210527
0.582995951417004
0.5870445344129555
0.5910931174089069
0.5951417004048583
0.5991902834008097
0.6032388663967612
0.6072874493927125
0.611336032388664
0.6153846153846154
0.6194331983805668
0.6234817813765182
0.6275303643724697
0.631578947368421
0.6356275303643725
0.6396761133603239
0.6437246963562753
0.6477732793522267
0.6518218623481782
0.6558704453441295
0.659919028340081
0.6639676113360324
0.6680161943319838
0.6720647773279352
0.6761133603238867
0.680161943319838
0.6842105263157895
0.6882591093117408
0.6923076923076923
0.6963562753036437
0.7004048582995951
0.7044534412955465
1.0
1.0
1.0
1.0
1.0
1.0
1.0
1.0
1.0
1.0
1.0
1.0
1.0
1.0
1.0
1.0
1.0
1.0
1.0
1.0
1.0
1.0
1.0
1.0
1.0
1.0
1.0
1.0
1.0
1.0
1.0
1.0
0.13360323886639677
0.13765182186234817
0.1417004048582996
0.145748987854251
0.14979757085020243
0.15384615384615385
0.15789473684210525
0.16194331983805668
0.1659919028340081
0.1700404858299595
0.17408906882591094
0.17813765182186234
0.18218623481781376
0.1862348178137652
0.1902834008097166
0.19433198380566802
0.19838056680161945
0.20242914979757085
0.20647773279352227
0.21052631578947367
0.2145748987854251
0.21862348178137653
0.22267206477732793
0.22672064777327935
0.23076923076923078
0.23481781376518218
0.2388663967611336
0.242914979757085
0.24696356275303644
0.25101214574898784
0.2550607287449393
0.2591093117408907
0.2631578947368421
0.26720647773279355
0.27125506072874495
0.27530364372469635
0.2793522267206478
0.2834008097165992
0.2874493927125506
0.291497975708502
0.29554655870445345
0.29959514170040485
0.30364372469635625
0.3076923076923077
0.3117408906882591
0.3157894736842105
0.31983805668016196
0.32388663967611336
0.32793522267206476
0.3319838056680162
0.3360323886639676
0.340080971659919
0.3441295546558704
0.3481781376518219
0.3522267206477733
0.3562753036437247
0.3603238866396761
0.3643724696356275
0.3684210526315789
0.3724696356275304
0.3765182186234818
0.3805668016194332
0.38461538461538464
0.38866396761133604
0.39271255060728744
0.3967611336032389
0.4008097165991903
0.4048582995951417
0.4089068825910931
0.41295546558704455
0.41700404858299595
0.42105263157894735
0.4251012145748988
0.4291497975708502
0.4331983805668016
0.43724696356275305
0.44129554655870445
0.44534412955465585
0.4493927125506073
0.4534412955465587
0.4574898785425101
0.46153846153846156
0.46558704453441296
0.46963562753036436
0.47368421052631576
0.4777327935222672
0.4817813765182186
0.48582995951417
0.4898785425101215
0.4939271255060729
0.4979757085020243
0.5020242914979757
0.5060728744939271
0.5101214574898786
0.5141700404858299
0.5182186234817814
0.5222672064777328
0.5263157894736842
0.5303643724696356
0.5344129554655871
0.5384615384615384
0.5425101214574899
0.5465587044534413
0.5506072874493927
0.5546558704453441
0.5587044534412956
0.562753036437247
0.5668016194331984
0.5708502024291497
0.5748987854251012
0.5789473684210527
0.582995951417004
0.5870445344129555
0.5910931174089069
0.5951417004048583
0.5991902834008097
0.6032388663967612
0.6072874493927125
0.611336032388664
0.6153846153846154
0.6194331983805668
0.6234817813765182
0.6275303643724697
0.631578947368421
0.6356275303643725
0.6396761133603239
0.6437246963562753
0.6477732793522267
0.6518218623481782
0.6558704453441295
0.659919028340081
0.6639676113360324
0.6680161943319838
0.6720647773279352
0.6761133603238867
0.680161943319838
0.6842105263157895
0.6882591093117408
0.6923076923076923
0.6963562753036437
0.7004048582995951
0.7044534412955465
