1.0
1.0
1.0
1.0
1.0
1.0
1.0
1.0
1.0
1.0
1.0
1.0
1.0
1.0
1.0
1.0
1.0
1.0
1.0
1.0
1.0
1.0
1.0
1.0
1.0
1.0
1.0
1.0
1.0
1.0
1.0
1.0
1.0
1.0
1.0
1.0
1.0
1.0
1.0
1.0
1.0
1.0
1.0
1.0
1.0
1.0
1.0
1.0
1.0
1.0
1.0
1.0
1.0
1.0
1.0
1.0
1.0
1.0
1.0
1.0
1.0
1.0
1.0
1.0
1.0
1.0
1.0
1.0
1.0
1.0
1.0
1.0
1.0
1.0
1.0
1.0
1.0
1.0
1.0
1.0
1.0
1.0
1.0
1.0
1.0
1.0
1.0
1.0
1.0
1.0
1.0
1.0
1.0
1.0
1.0
1.0
1.0
1.0
1.0
1.0
1.0
1.0
1.0
1.0
1.0
1.0
1.0
1.0
1.0
1.0
1.0
1.0
1.0
1.0
1.0
1.0
1.0
1.0
1.0
1.0
1.0
1.0
1.0
1.0
1.0
1.0
1.0
1.0
1.0
1.0
1.0
1.0
1.0
1.0
1.0
1.0
1.0
1.0
1.0
1.0
1.0
1.0
1.0
1.0
1.0
1.0
1.0
1.0
1.0
1.0
1.0
1.0
1.0
1.0
1.0
1.0
1.0
1.0
1.0
1.0
1.0
1.0
1.0
1.0
1.0
1.0
1.0
1.0
1.0
1.0
1.0
1.0
1.0
1.0
1.0
1.0
1.0
1.0
1.0
1.0
1.0
1.0
1.0
1.0
1.0
1.0
1.0
1.0
1.0
1.0
1.0
1.0
1.0
1.0
1.0
1.0
1.0
1.0
1.0
1.0
1.0
1.0
1.0
1.0
1.0
1.0
1.0
1.0
1.0
1.0
1.0
1.0
1.0
1.0
1.0
1.0
1.0
1.0
1.0
1.0
1.0
1.0
1.0
1.0
1.0
1.0
1.0
1.0
1.0
1.0
1.0
1.0
1.0
1.0
1.0
1.0
1.0
1.0
0.991701244813278
0.995850622406639
0.9958677685950413
0.9958847736625515
0.9959016393442623
0.9959183673469387
0.9959349593495935
0.9959514170040485
0.9959677419354839
0.9959839357429718
0.996
0.9960159362549801
0.996031746031746
0.9960474308300395
0.9960629921259843
0.996078431372549
0.99609375
0.9961089494163424
0.9961240310077519
0.9961389961389961
0.9961538461538462
0.9961685823754789
0.9961832061068703
0.9961977186311787
0.9962121212121212
0.9962264150943396
0.9962406015037594
0.9962546816479401
0.996268656716418
0.9962825278810409
0.9962962962962963
0.996309963099631
0.9963235294117647
0.9963369963369964
0.9963503649635036
0.9963636363636363
0.9963768115942029
0.9963898916967509
0.9964028776978417
0.996415770609319
0.9964285714285714
0.99644128113879
1.0
1.0
0.8761609907120743
0.8792569659442725
0.8796296296296297
0.88
0.8803680981595092
0.8807339449541285
0.8810975609756098
0.8814589665653495
0.8818181818181818
0.8821752265861027
0.8825301204819277
0.8828828828828829
0.8832335329341318
0.8835820895522388
0.8839285714285714
0.884272997032641
0.8846153846153846
0.8849557522123894
0.8852941176470588
0.8856304985337243
0.8859649122807017
0.8862973760932945
0.8866279069767442
0.8869565217391304
0.8872832369942196
0.8876080691642652
0.8879310344827587
0.8882521489971347
0.8885714285714286
0.8888888888888888
0.8892045454545454
0.8895184135977338
0.8898305084745762
0.8901408450704226
0.8904494382022472
0.8907563025210085
0.8910614525139665
0.8913649025069638
0.8916666666666667
0.8919667590027701
0.8947368421052632
0.8975069252077562
0.9002770083102493
0.9030470914127424
0.9058171745152355
0.9085872576177285
0.9113573407202216
0.9141274238227147
0.9168975069252078
0.9196675900277008
0.9224376731301939
0.925207756232687
0.9279778393351801
0.9307479224376731
0.9335180055401662
0.9362880886426593
0.9390581717451524
0.9418282548476454
0.9445983379501385
0.9473684210526315
0.9501385041551247
0.9529085872576177
0.9556786703601108
0.9584487534626038
0.961218836565097
0.96398891966759
0.9667590027700831
0.9695290858725761
0.9722991689750693
0.9723756906077348
0.9724517906336089
0.9752066115702479
0.977961432506887
0.9807162534435262
0.9834710743801653
0.9862258953168044
0.9889807162534435
0.989010989010989
0.989041095890411
0.9917808219178083
0.9945205479452055
0.9972602739726028
1.0
0.9945652173913043
0.9972826086956522
0.9945945945945946
0.9972972972972973
0.9973045822102425
0.9973118279569892
0.9973190348525469
0.9973262032085561
0.9664082687338501
0.9689922480620154
0.9715762273901809
0.9741602067183462
0.9767441860465116
0.979328165374677
0.9819121447028424
0.9844961240310077
0.9870801033591732
0.9896640826873385
0.9922480620155039
0.9948320413436692
0.9974160206718347
0.9974226804123711
0.9974293059125964
0.9974358974358974
0.9974424552429667
0.9974489795918368
0.9974554707379135
0.9974619289340102
0.9974683544303797
0.9974747474747475
0.9974811083123426
0.9974874371859297
0.9974937343358395
0.9950124688279302
0.9975062344139651
0.9662650602409638
0.9686746987951808
0.9710843373493976
0.9734939759036144
0.9759036144578314
0.9783132530120482
0.980722891566265
0.983132530120482
0.9855421686746988
0.9879518072289156
0.9903614457831326
0.9927710843373494
0.9951807228915662
0.9975903614457832
0.9346846846846847
0.9369369369369369
0.9391891891891891
0.9414414414414415
0.9436936936936937
0.9459459459459459
0.9481981981981982
0.9504504504504504
0.9527027027027027
0.954954954954955
0.9572072072072072
0.9594594594594594
0.9617117117117117
0.963963963963964
0.9662162162162162
0.9684684684684685
0.9707207207207207
0.972972972972973
0.9752252252252253
0.9774774774774775
0.9797297297297297
0.9819819819819819
0.9842342342342343
0.9864864864864865
0.9887387387387387
0.990990990990991
0.9932432432432432
0.9954954954954955
0.9844444444444445
0.9866666666666667
0.9888888888888889
0.9911111111111112
0.9933333333333333
0.9933481152993349
0.9933628318584071
0.9933774834437086
0.9933920704845814
0.9934065934065934
0.993421052631579
0.9934354485776805
0.9934497816593887
0.9934640522875817
0.9934782608695653
0.9934924078091106
0.9935064935064936
0.9935205183585313
0.9935344827586207
0.9935483870967742
0.9935622317596566
0.9935760171306209
0.9935897435897436
0.9936034115138592
0.9936170212765958
0.9936305732484076
0.9936440677966102
0.9936575052854123
0.9936708860759493
0.9936842105263158
0.9936974789915967
0.9937106918238994
0.9937238493723849
0.9937369519832986
0.99375
0.9937629937629938
0.9937759336099585
0.9937888198757764
0.993801652892562
0.9938144329896907
0.9938271604938271
0.9938398357289527
0.9938524590163934
0.9938650306748467
0.9938775510204082
0.9938900203665988
0.9939024390243902
0.9939148073022313
0.9939271255060729
0.9939393939393939
0.9939516129032258
0.993963782696177
0.9939759036144579
0.9939879759519038
0.994
0.9940119760479041
0.9920477137176938
0.9940357852882704
0.9940476190476191
0.9920948616600791
0.9940711462450593
0.9921259842519685
0.9940944881889764
0.9941060903732809
0.990234375
0.9921875
0.994140625
0.9902912621359223
0.980806142034549
0.982725527831094
0.9846449136276392
0.9865642994241842
0.9884836852207294
0.9885057471264368
0.988527724665392
1.0
1.0
1.0
1.0
1.0
1.0
1.0
1.0
1.0
1.0
1.0
1.0
1.0
1.0
1.0
1.0
1.0
1.0
1.0
1.0
1.0
1.0
1.0
1.0
1.0
1.0
1.0
1.0
1.0
1.0
1.0
1.0
1.0
1.0
1.0
1.0
1.0
1.0
1.0
1.0
1.0
1.0
1.0
1.0
1.0
1.0
1.0
1.0
1.0
1.0
1.0
1.0
1.0
1.0
1.0
1.0
1.0
1.0
1.0
1.0
1.0
1.0
1.0
1.0
1.0
1.0
1.0
1.0
1.0
1.0
1.0
1.0
1.0
1.0
1.0
1.0
1.0
1.0
1.0
1.0
1.0
1.0
1.0
1.0
1.0
1.0
1.0
1.0
1.0
1.0
1.0
1.0
1.0
1.0
1.0
1.0
1.0
1.0
1.0
1.0
1.0
1.0
1.0
1.0
1.0
1.0
1.0
1.0
1.0
1.0
1.0
1.0
1.0
1.0
1.0
1.0
1.0
1.0
1.0
1.0
1.0
1.0
1.0
1.0
1.0
1.0
1.0
1.0
1.0
1.0
1.0
1.0
1.0
1.0
1.0
1.0
1.0
1.0
1.0
1.0
1.0
1.0
1.0
1.0
1.0
1.0
1.0
1.0
1.0
1.0
1.0
1.0
1.0
1.0
1.0
1.0
1.0
1.0
1.0
1.0
1.0
1.0
1.0
1.0
1.0
1.0
1.0
1.0
1.0
1.0
1.0
1.0
1.0
1.0
1.0
1.0
1.0
1.0
1.0
1.0
1.0
1.0
1.0
1.0
1.0
1.0
1.0
1.0
1.0
1.0
1.0
1.0
1.0
1.0
1.0
1.0
1.0
1.0
1.0
1.0
1.0
1.0
1.0
1.0
1.0
1.0
1.0
1.0
1.0
1.0
1.0
1.0
1.0
1.0
1.0
1.0
1.0
1.0
1.0
1.0
1.0
1.0
1.0
1.0
1.0
1.0
1.0
1.0
1.0
1.0
1.0
1.0
1.0
1.0
1.0
1.0
1.0
0.952
0.956
0.96
0.964
0.968
0.972
0.976
0.98
0.984
0.988
0.992
0.996
1.0
1.0
1.0
1.0
1.0
1.0
1.0
1.0
1.0
1.0
1.0
0.9923954372623575
0.9961977186311787
0.9962121212121212
0.9962264150943396
0.9962406015037594
0.9962546816479401
0.996268656716418
0.9962825278810409
0.9962962962962963
0.996309963099631
0.9963235294117647
0.9963369963369964
0.9963503649635036
0.9963636363636363
0.9963768115942029
0.9963898916967509
0.9964028776978417
0.996415770609319
0.9964285714285714
0.99644128113879
0.9964539007092199
0.9964664310954063
0.9964788732394366
0.9964912280701754
0.9965034965034965
0.9965156794425087
0.9965277777777778
0.9965397923875432
0.996551724137931
0.9965635738831615
0.9965753424657534
0.9965870307167235
0.9965986394557823
0.9966101694915255
0.9966216216216216
0.9966329966329966
0.9966442953020134
0.9966555183946488
0.9966666666666667
0.9966777408637874
0.9966887417218543
0.9966996699669967
0.9967105263157895
0.9967213114754099
0.9967320261437909
0.996742671009772
0.9967532467532467
0.9967637540453075
0.9967741935483871
0.9967845659163987
0.9967948717948718
0.9968051118210862
0.9968152866242038
0.9968253968253968
0.9968354430379747
0.9968454258675079
0.9968553459119497
0.9968652037617555
0.996875
0.9937888198757764
0.9938080495356038
0.9938271604938271
0.9969135802469136
0.9969230769230769
0.9969325153374233
0.9939024390243902
0.9969512195121951
0.9969604863221885
0.996969696969697
0.9593023255813954
0.9594202898550724
0.9623188405797102
0.9652173913043478
0.9681159420289855
0.9710144927536232
0.9739130434782609
0.9768115942028985
0.9797101449275363
0.9826086956521739
0.9855072463768116
0.9884057971014493
0.991304347826087
0.9942028985507246
0.9971014492753624
0.9913793103448276
0.9942528735632183
0.994269340974212
0.9942857142857143
0.9943019943019943
0.9943181818181818
0.9943342776203966
0.9943502824858758
0.9943661971830986
0.9943820224719101
0.9943977591036415
0.994413407821229
0.9944289693593314
0.9944444444444445
0.9944598337950139
0.994475138121547
0.9944903581267218
0.9945054945054945
0.9945205479452055
0.994535519125683
0.9945504087193461
0.9945652173913043
0.994579945799458
0.9945945945945946
0.9946091644204852
0.9946236559139785
0.9946380697050938
0.9973190348525469
0.9973262032085561
0.9946808510638298
0.9973404255319149
0.9973474801061007
0.9973544973544973
0.9973614775725593
0.9973684210526316
0.9973753280839895
0.9973821989528796
0.9973890339425587
0.9973958333333334
0.9974025974025974
0.9974093264248705
0.9974160206718347
0.9974226804123711
0.9974293059125964
0.9974358974358974
0.9974424552429667
0.9974489795918368
0.9974554707379135
0.9974619289340102
0.9974683544303797
0.9974747474747475
0.9974811083123426
0.9974874371859297
0.9974937343358395
0.9975
0.9975062344139651
0.9975124378109452
0.9975186104218362
0.9975247524752475
0.9975308641975309
0.9975369458128078
0.9975429975429976
0.9975490196078431
0.9975550122249389
0.9975609756097561
0.9975669099756691
0.9856115107913669
0.988009592326139
0.9904076738609112
0.9928057553956835
0.9952038369304557
0.9952153110047847
0.9952267303102625
0.9952380952380953
0.995249406175772
0.995260663507109
0.9952718676122931
0.9952830188679245
0.9952941176470588
0.9953051643192489
0.9953161592505855
0.9953271028037384
0.9953379953379954
0.9953488372093023
0.9953596287703016
0.9953703703703703
0.9953810623556582
0.9953917050691244
0.9954022988505747
0.9954128440366973
0.9954233409610984
0.9954337899543378
0.9954441913439636
0.9954545454545455
0.9954648526077098
0.995475113122172
0.9954853273137697
0.9954954954954955
0.9955056179775281
0.9955156950672646
0.9955257270693513
0.9955357142857143
0.9955456570155902
0.9955555555555555
0.9955654101995566
0.995575221238938
0.9955849889624724
0.9955947136563876
0.9956043956043956
0.9956140350877193
0.9956236323851203
0.9956331877729258
0.9956427015250545
0.9956521739130435
0.9956616052060737
0.9956709956709957
0.9956803455723542
0.9956896551724138
0.9956989247311828
0.9957081545064378
0.9957173447537473
0.9957264957264957
0.9915074309978769
0.9936305732484076
0.9398797595190381
0.9418837675350702
0.9438877755511023
0.9458917835671342
0.9478957915831663
0.9498997995991983
0.9519038076152304
0.9539078156312625
0.9559118236472945
0.9579158316633266
0.9599198396793587
0.9619238476953907
0.9639278557114228
0.9659318637274549
0.9679358717434869
0.969939879759519
0.9719438877755511
0.972
0.974
0.976
0.978
0.98
0.982
0.984
0.986
0.988
0.99
0.992
0.994
0.9940119760479041
0.9940239043824701
0.9940357852882704
0.9940476190476191
0.994059405940594
0.9940711462450593
0.9940828402366864
0.9940944881889764
0.9902152641878669
0.9921722113502935
0.9941291585127201
0.994140625
0.9902912621359223
0.980806142034549
0.982725527831094
0.9846449136276392
0.9865642994241842
0.9884836852207294
0.9885057471264368
0.988527724665392
1.0
1.0
1.0
1.0
1.0
1.0
1.0
1.0
1.0
1.0
1.0
1.0
1.0
1.0
1.0
1.0
1.0
1.0
1.0
1.0
1.0
1.0
1.0
1.0
1.0
1.0
1.0
1.0
1.0
1.0
1.0
1.0
1.0
1.0
1.0
1.0
1.0
1.0
1.0
1.0
1.0
1.0
1.0
1.0
1.0
1.0
1.0
1.0
1.0
1.0
1.0
1.0
1.0
1.0
1.0
1.0
1.0
1.0
1.0
1.0
1.0
1.0
1.0
1.0
1.0
1.0
1.0
1.0
1.0
1.0
1.0
1.0
1.0
1.0
1.0
1.0
1.0
1.0
1.0
1.0
1.0
1.0
1.0
1.0
1.0
1.0
1.0
1.0
1.0
1.0
1.0
1.0
1.0
1.0
1.0
1.0
1.0
1.0
1.0
1.0
1.0
1.0
1.0
1.0
1.0
1.0
1.0
1.0
1.0
1.0
1.0
1.0
1.0
1.0
1.0
1.0
1.0
1.0
1.0
1.0
1.0
1.0
1.0
1.0
1.0
1.0
1.0
1.0
1.0
1.0
1.0
1.0
1.0
1.0
1.0
1.0
1.0
1.0
1.0
1.0
1.0
1.0
1.0
1.0
1.0
1.0
1.0
1.0
1.0
1.0
1.0
1.0
1.0
1.0
1.0
1.0
1.0
1.0
1.0
1.0
1.0
1.0
1.0
1.0
1.0
1.0
1.0
1.0
1.0
1.0
1.0
1.0
1.0
1.0
1.0
1.0
1.0
1.0
1.0
1.0
1.0
1.0
1.0
1.0
1.0
1.0
1.0
1.0
1.0
1.0
1.0
1.0
1.0
1.0
1.0
1.0
1.0
1.0
1.0
1.0
1.0
1.0
1.0
1.0
1.0
1.0
1.0
1.0
1.0
1.0
1.0
1.0
1.0
1.0
1.0
1.0
1.0
1.0
1.0
1.0
1.0
1.0
1.0
1.0
1.0
1.0
1.0
1.0
1.0
1.0
1.0
1.0
1.0
1.0
1.0
1.0
1.0
0.952
0.956
0.96
0.964
0.968
0.972
0.976
0.98
0.984
0.988
0.992
0.996
1.0
1.0
1.0
1.0
1.0
1.0
1.0
1.0
1.0
1.0
1.0
0.9923954372623575
0.9961977186311787
0.9962121212121212
0.9962264150943396
0.9962406015037594
0.9962546816479401
0.996268656716418
0.9962825278810409
0.9962962962962963
0.996309963099631
0.9963235294117647
0.9963369963369964
0.9963503649635036
0.9963636363636363
0.9963768115942029
0.9963898916967509
0.9964028776978417
0.996415770609319
0.9964285714285714
0.99644128113879
0.9964539007092199
0.9964664310954063
0.9964788732394366
0.9964912280701754
0.9965034965034965
0.9965156794425087
0.9965277777777778
0.9965397923875432
0.996551724137931
0.9965635738831615
0.9965753424657534
0.9965870307167235
0.9965986394557823
0.9966101694915255
0.9966216216216216
0.9966329966329966
0.9966442953020134
0.9966555183946488
0.9966666666666667
0.9966777408637874
0.9966887417218543
0.9966996699669967
0.9967105263157895
0.9967213114754099
0.9967320261437909
0.996742671009772
0.9967532467532467
0.9967637540453075
0.9967741935483871
0.9967845659163987
0.9967948717948718
0.9968051118210862
0.9968152866242038
0.9968253968253968
0.9968354430379747
0.9968454258675079
0.9968553459119497
0.9968652037617555
0.996875
0.9937888198757764
0.9938080495356038
0.9938271604938271
0.9969135802469136
0.9969230769230769
0.9969325153374233
0.9939024390243902
0.9969512195121951
0.9969604863221885
0.996969696969697
0.9593023255813954
0.9594202898550724
0.9623188405797102
0.9652173913043478
0.9681159420289855
0.9710144927536232
0.9739130434782609
0.9768115942028985
0.9797101449275363
0.9826086956521739
0.9855072463768116
0.9884057971014493
0.991304347826087
0.9942028985507246
0.9971014492753624
0.9913793103448276
0.9942528735632183
0.994269340974212
0.9942857142857143
0.9943019943019943
0.9943181818181818
0.9943342776203966
0.9943502824858758
0.9943661971830986
0.9943820224719101
0.9943977591036415
0.994413407821229
0.9944289693593314
0.9944444444444445
0.9944598337950139
0.994475138121547
0.9944903581267218
0.9945054945054945
0.9945205479452055
0.994535519125683
0.9945504087193461
0.9945652173913043
0.994579945799458
0.9945945945945946
0.9946091644204852
0.9946236559139785
0.9946380697050938
0.9973190348525469
0.9973262032085561
0.9946808510638298
0.9973404255319149
0.9973474801061007
0.9973544973544973
0.9973614775725593
0.9973684210526316
0.9973753280839895
0.9973821989528796
0.9973890339425587
0.9973958333333334
0.9974025974025974
0.9974093264248705
0.9974160206718347
0.9974226804123711
0.9974293059125964
0.9974358974358974
0.9974424552429667
0.9974489795918368
0.9974554707379135
0.9974619289340102
0.9974683544303797
0.9974747474747475
0.9974811083123426
0.9974874371859297
0.9974937343358395
0.9975
0.9975062344139651
0.9975124378109452
0.9975186104218362
0.9975247524752475
0.9975308641975309
0.9975369458128078
0.9975429975429976
0.9975490196078431
0.9975550122249389
0.9975609756097561
0.9975669099756691
0.9856115107913669
0.988009592326139
0.9904076738609112
0.9928057553956835
0.9952038369304557
0.9952153110047847
0.9952267303102625
0.9952380952380953
0.995249406175772
0.995260663507109
0.9952718676122931
0.9952830188679245
0.9952941176470588
0.9953051643192489
0.9953161592505855
0.9953271028037384
0.9953379953379954
0.9953488372093023
0.9953596287703016
0.9953703703703703
0.9953810623556582
0.9953917050691244
0.9954022988505747
0.9954128440366973
0.9954233409610984
0.9954337899543378
0.9954441913439636
0.9954545454545455
0.9954648526077098
0.995475113122172
0.9954853273137697
0.9954954954954955
0.9955056179775281
0.9955156950672646
0.9955257270693513
0.9955357142857143
0.9955456570155902
0.9955555555555555
0.9955654101995566
0.995575221238938
0.9955849889624724
0.9955947136563876
0.9956043956043956
0.9956140350877193
0.9956236323851203
0.9956331877729258
0.9956427015250545
0.9956521739130435
0.9956616052060737
0.9956709956709957
0.9956803455723542
0.9956896551724138
0.9956989247311828
0.9957081545064378
0.9957173447537473
0.9957264957264957
0.9915074309978769
0.9936305732484076
0.9398797595190381
0.9418837675350702
0.9438877755511023
0.9458917835671342
0.9478957915831663
0.9498997995991983
0.9519038076152304
0.9539078156312625
0.9559118236472945
0.9579158316633266
0.9599198396793587
0.9619238476953907
0.9639278557114228
0.9659318637274549
0.9679358717434869
0.969939879759519
0.9719438877755511
0.972
0.974
0.976
0.978
0.98
0.982
0.984
0.986
0.988
0.99
0.992
0.994
0.9940119760479041
0.9940239043824701
0.9940357852882704
0.9940476190476191
0.994059405940594
0.9940711462450593
0.9940828402366864
0.9940944881889764
0.9902152641878669
0.9921722113502935
0.9941291585127201
0.994140625
0.9902912621359223
0.980806142034549
0.982725527831094
0.9846449136276392
0.9865642994241842
0.9884836852207294
0.9885057471264368
0.988527724665392
1.0
1.0
1.0
1.0
1.0
1.0
1.0
1.0
1.0
1.0
1.0
1.0
1.0
1.0
1.0
1.0
1.0
1.0
1.0
1.0
1.0
1.0
1.0
1.0
1.0
1.0
1.0
1.0
1.0
1.0
1.0
1.0
1.0
1.0
1.0
1.0
1.0
1.0
1.0
1.0
1.0
1.0
1.0
1.0
1.0
1.0
1.0
1.0
1.0
1.0
1.0
1.0
1.0
1.0
1.0
1.0
1.0
1.0
1.0
1.0
1.0
1.0
1.0
1.0
1.0
1.0
1.0
1.0
1.0
1.0
1.0
1.0
1.0
1.0
1.0
1.0
1.0
1.0
1.0
1.0
1.0
1.0
1.0
1.0
1.0
1.0
1.0
1.0
1.0
1.0
1.0
1.0
1.0
1.0
1.0
1.0
1.0
1.0
1.0
1.0
1.0
1.0
1.0
1.0
1.0
1.0
1.0
1.0
1.0
1.0
1.0
1.0
1.0
1.0
1.0
1.0
1.0
1.0
1.0
1.0
1.0
1.0
1.0
1.0
1.0
1.0
1.0
1.0
1.0
1.0
1.0
1.0
1.0
1.0
1.0
1.0
1.0
1.0
1.0
1.0
1.0
1.0
1.0
1.0
1.0
1.0
1.0
1.0
1.0
1.0
1.0
1.0
1.0
1.0
1.0
1.0
1.0
1.0
1.0
1.0
1.0
1.0
1.0
1.0
1.0
1.0
1.0
1.0
1.0
1.0
1.0
1.0
1.0
1.0
1.0
1.0
1.0
1.0
1.0
1.0
1.0
1.0
1.0
1.0
1.0
1.0
1.0
1.0
1.0
1.0
1.0
1.0
1.0
1.0
1.0
1.0
1.0
1.0
1.0
1.0
1.0
1.0
1.0
1.0
1.0
1.0
1.0
1.0
1.0
1.0
1.0
1.0
1.0
1.0
1.0
1.0
1.0
1.0
1.0
1.0
1.0
1.0
1.0
1.0
1.0
1.0
1.0
1.0
1.0
1.0
1.0
1.0
1.0
1.0
1.0
1.0
1.0
1.0
1.0
1.0
1.0
1.0
1.0
1.0
1.0
1.0
1.0
1.0
1.0
1.0
1.0
1.0
1.0
1.0
1.0
1.0
1.0
1.0
1.0
1.0
1.0
1.0
1.0
1.0
1.0
1.0
1.0
1.0
1.0
1.0
1.0
1.0
1.0
1.0
1.0
1.0
1.0
1.0
1.0
1.0
1.0
1.0
1.0
1.0
1.0
1.0
1.0
1.0
1.0
1.0
1.0
1.0
1.0
1.0
1.0
1.0
1.0
1.0
1.0
1.0
1.0
1.0
1.0
1.0
1.0
1.0
1.0
1.0
1.0
1.0
1.0
1.0
1.0
1.0
1.0
1.0
1.0
1.0
1.0
1.0
1.0
1.0
1.0
1.0
1.0
1.0
1.0
1.0
1.0
1.0
1.0
1.0
1.0
1.0
1.0
1.0
1.0
1.0
1.0
1.0
1.0
1.0
1.0
1.0
1.0
1.0
1.0
1.0
1.0
1.0
1.0
1.0
1.0
1.0
1.0
1.0
1.0
1.0
1.0
1.0
1.0
1.0
1.0
1.0
1.0
1.0
1.0
1.0
1.0
1.0
1.0
1.0
1.0
1.0
1.0
1.0
1.0
1.0
1.0
1.0
1.0
1.0
1.0
1.0
1.0
1.0
1.0
1.0
1.0
1.0
1.0
1.0
1.0
1.0
1.0
1.0
1.0
1.0
1.0
1.0
1.0
1.0
1.0
1.0
1.0
1.0
1.0
1.0
1.0
1.0
1.0
1.0
1.0
1.0
1.0
1.0
1.0
1.0
1.0
1.0
1.0
1.0
0.9907407407407407
0.9953703703703703
0.9953917050691244
0.9954128440366973
0.9954337899543378
0.9954545454545455
0.995475113122172
0.9954954954954955
0.9955156950672646
0.9955357142857143
0.9955555555555555
0.995575221238938
0.9955947136563876
0.9956140350877193
0.9956331877729258
0.9956521739130435
0.9956709956709957
0.9956896551724138
0.9957081545064378
0.9957264957264957
0.9957446808510638
0.9957627118644068
0.9957805907172996
0.9957983193277311
0.99581589958159
0.9958333333333333
0.995850622406639
0.9958677685950413
0.9958847736625515
0.9959016393442623
0.9959183673469387
0.9959349593495935
0.9959514170040485
0.9959677419354839
0.9959839357429718
0.996
0.9960159362549801
0.996031746031746
0.9960474308300395
0.9960629921259843
0.996078431372549
0.99609375
0.9961089494163424
0.9961240310077519
0.9961389961389961
0.9961538461538462
0.9961685823754789
0.9961832061068703
0.9961977186311787
0.9962121212121212
0.9962264150943396
0.9962406015037594
0.9962546816479401
0.996268656716418
0.9962825278810409
0.9962962962962963
0.996309963099631
0.9963235294117647
0.9963369963369964
0.9963503649635036
0.9963636363636363
0.9963768115942029
0.9963898916967509
0.9964028776978417
0.996415770609319
0.9964285714285714
0.99644128113879
0.9964539007092199
0.9964664310954063
0.9964788732394366
0.9964912280701754
0.9965034965034965
0.9965156794425087
0.9965277777777778
0.9965397923875432
0.996551724137931
0.9965635738831615
0.9965753424657534
0.9965870307167235
0.9965986394557823
0.9545454545454546
0.9546925566343042
0.9579288025889967
0.9611650485436893
0.9612903225806452
0.9614147909967846
0.9646302250803859
0.9678456591639871
0.9710610932475884
0.9742765273311897
0.977491961414791
0.9807073954983923
0.9839228295819936
0.9871382636655949
0.9903536977491961
0.9935691318327974
0.9967845659163987
0.9904458598726115
0.9936305732484076
0.9968152866242038
0.9905362776025236
0.9936908517350158
0.9937106918238994
0.9937304075235109
0.99375
0.9937694704049844
0.9937888198757764
0.9938080495356038
0.9938271604938271
0.9938461538461538
0.9938650306748467
0.9938837920489296
0.9939024390243902
0.993920972644377
0.9939393939393939
0.9939577039274925
0.9939759036144579
0.993993993993994
0.9940119760479041
0.9940298507462687
0.9940476190476191
0.9940652818991098
0.9940828402366864
0.9941002949852508
0.9941176470588236
0.9941348973607038
0.9941520467836257
0.9970760233918129
0.9970845481049563
0.997093023255814
0.9971014492753624
0.9971098265895953
0.9971181556195965
0.9971264367816092
0.997134670487106
0.9971428571428571
0.9971509971509972
0.9971590909090909
0.9971671388101983
0.9971751412429378
0.9971830985915493
0.9971910112359551
0.9971988795518207
0.9972067039106145
0.9972144846796658
0.9972222222222222
0.997229916897507
0.9972375690607734
0.9972451790633609
0.9972527472527473
0.9972602739726028
0.9972677595628415
0.997275204359673
0.9972826086956522
0.997289972899729
0.9972972972972973
0.9973045822102425
0.9973118279569892
0.9973190348525469
0.9973262032085561
0.9973333333333333
0.9973404255319149
0.9973474801061007
0.9973544973544973
0.9973614775725593
0.9973684210526316
0.9973753280839895
0.9947780678851175
0.9973890339425587
0.9973958333333334
0.9672544080604534
0.9697732997481109
0.9722921914357683
0.9748110831234257
0.9773299748110831
0.9798488664987406
0.982367758186398
0.9848866498740554
0.9874055415617129
0.9899244332493703
0.9924433249370277
0.9949622166246851
0.9974811083123426
0.9974874371859297
0.9974937343358395
0.9975
0.9975062344139651
0.9975124378109452
0.9975186104218362
0.9975247524752475
0.9975308641975309
0.9975369458128078
0.9975429975429976
0.9975490196078431
0.9975550122249389
0.9975609756097561
0.9975669099756691
0.9975728155339806
0.9975786924939467
0.9975845410628019
0.9975903614457832
0.9975961538461539
0.9976019184652278
0.9976076555023924
0.9952380952380953
0.9976190476190476
0.995260663507109
0.9976303317535545
0.9377777777777778
0.94
0.9422222222222222
0.9444444444444444
0.9466666666666667
0.9488888888888889
0.9511111111111111
0.9533333333333334
0.9555555555555556
0.9577777777777777
0.96
0.9622222222222222
0.9644444444444444
0.9666666666666667
0.9688888888888889
0.9711111111111111
0.9733333333333334
0.9755555555555555
0.9777777777777777
0.98
0.9822222222222222
0.9844444444444445
0.9866666666666667
0.9888888888888889
0.9911111111111112
0.9933333333333333
0.9955555555555555
0.9977777777777778
0.9977827050997783
0.9847161572052402
0.9868995633187773
0.9890829694323144
0.9912663755458515
0.9934497816593887
0.9934640522875817
0.9934782608695653
0.9934924078091106
0.9935064935064936
0.9935205183585313
0.9935344827586207
0.9935483870967742
0.9935622317596566
0.9935760171306209
0.9935897435897436
0.9936034115138592
0.9936170212765958
0.9936305732484076
0.9936440677966102
0.9936575052854123
0.9936708860759493
0.9936842105263158
0.9936974789915967
0.9937106918238994
0.9937238493723849
0.9937369519832986
0.99375
0.9937629937629938
0.9937759336099585
0.9937888198757764
0.993801652892562
0.9938144329896907
0.9938271604938271
0.9938398357289527
0.9938524590163934
0.9938650306748467
0.9938775510204082
0.9938900203665988
0.9939024390243902
0.9939148073022313
0.9939271255060729
0.9939393939393939
0.9939516129032258
0.993963782696177
0.9939759036144579
0.9939879759519038
0.994
0.9940119760479041
0.9940239043824701
0.9940357852882704
0.9940476190476191
0.994059405940594
0.9940711462450593
0.9940828402366864
0.9940944881889764
0.9941060903732809
0.9921722113502935
0.9941291585127201
0.994140625
1.0
1.0
1.0
1.0
1.0
1.0
1.0
1.0
1.0
1.0
1.0
1.0
1.0
1.0
1.0
1.0
1.0
1.0
1.0
1.0
1.0
1.0
1.0
1.0
1.0
1.0
1.0
1.0
1.0
1.0
1.0
1.0
1.0
1.0
1.0
1.0
1.0
1.0
1.0
1.0
1.0
1.0
1.0
1.0
1.0
1.0
1.0
1.0
1.0
1.0
1.0
1.0
1.0
1.0
1.0
1.0
1.0
1.0
1.0
1.0
1.0
1.0
1.0
1.0
1.0
1.0
1.0
1.0
1.0
1.0
1.0
1.0
1.0
1.0
1.0
1.0
1.0
1.0
1.0
1.0
1.0
1.0
1.0
1.0
1.0
1.0
1.0
1.0
1.0
1.0
1.0
1.0
1.0
1.0
1.0
1.0
1.0
1.0
1.0
1.0
1.0
1.0
1.0
1.0
1.0
1.0
1.0
1.0
1.0
1.0
1.0
1.0
1.0
1.0
1.0
1.0
1.0
1.0
1.0
1.0
1.0
1.0
1.0
1.0
1.0
1.0
1.0
1.0
1.0
1.0
1.0
1.0
1.0
1.0
1.0
1.0
1.0
1.0
1.0
1.0
1.0
1.0
1.0
1.0
1.0
1.0
1.0
1.0
1.0
1.0
1.0
1.0
1.0
1.0
1.0
1.0
1.0
1.0
1.0
1.0
1.0
1.0
1.0
1.0
1.0
1.0
1.0
1.0
1.0
1.0
1.0
1.0
1.0
1.0
1.0
1.0
1.0
1.0
1.0
1.0
1.0
1.0
1.0
1.0
1.0
1.0
1.0
1.0
1.0
1.0
1.0
1.0
1.0
1.0
1.0
1.0
1.0
1.0
1.0
1.0
1.0
1.0
1.0
1.0
1.0
1.0
1.0
1.0
1.0
1.0
1.0
1.0
1.0
1.0
1.0
1.0
1.0
1.0
1.0
1.0
1.0
1.0
1.0
1.0
1.0
1.0
1.0
1.0
1.0
1.0
1.0
1.0
1.0
1.0
1.0
1.0
1.0
1.0
1.0
1.0
1.0
1.0
1.0
1.0
1.0
1.0
1.0
1.0
1.0
1.0
1.0
1.0
1.0
1.0
1.0
1.0
1.0
1.0
1.0
1.0
1.0
1.0
1.0
1.0
1.0
1.0
1.0
1.0
1.0
1.0
1.0
1.0
1.0
1.0
1.0
1.0
1.0
1.0
1.0
1.0
1.0
1.0
1.0
1.0
1.0
1.0
1.0
1.0
1.0
1.0
1.0
1.0
1.0
1.0
1.0
1.0
1.0
1.0
1.0
1.0
1.0
1.0
1.0
1.0
1.0
1.0
1.0
1.0
1.0
1.0
1.0
1.0
1.0
1.0
1.0
1.0
1.0
1.0
1.0
1.0
1.0
1.0
1.0
1.0
1.0
1.0
1.0
1.0
1.0
1.0
1.0
1.0
1.0
1.0
1.0
1.0
1.0
1.0
1.0
1.0
1.0
1.0
1.0
1.0
1.0
1.0
1.0
1.0
1.0
1.0
1.0
1.0
1.0
1.0
1.0
1.0
1.0
1.0
1.0
1.0
1.0
1.0
1.0
1.0
1.0
1.0
1.0
1.0
1.0
1.0
1.0
1.0
1.0
1.0
1.0
1.0
1.0
1.0
1.0
1.0
1.0
1.0
1.0
1.0
1.0
1.0
1.0
1.0
1.0
1.0
1.0
1.0
1.0
1.0
1.0
1.0
1.0
1.0
1.0
1.0
1.0
1.0
1.0
1.0
1.0
1.0
1.0
1.0
1.0
1.0
1.0
1.0
1.0
1.0
1.0
1.0
1.0
1.0
1.0
1.0
1.0
1.0
0.9907407407407407
0.9953703703703703
0.9953917050691244
0.9954128440366973
0.9954337899543378
0.9954545454545455
0.995475113122172
0.9954954954954955
0.9955156950672646
0.9955357142857143
0.9955555555555555
0.995575221238938
0.9955947136563876
0.9956140350877193
0.9956331877729258
0.9956521739130435
0.9956709956709957
0.9956896551724138
0.9957081545064378
0.9957264957264957
0.9957446808510638
0.9957627118644068
0.9957805907172996
0.9957983193277311
0.99581589958159
0.9958333333333333
0.995850622406639
0.9958677685950413
0.9958847736625515
0.9959016393442623
0.9959183673469387
0.9959349593495935
0.9959514170040485
0.9959677419354839
0.9959839357429718
0.996
0.9960159362549801
0.996031746031746
0.9960474308300395
0.9960629921259843
0.996078431372549
0.99609375
0.9961089494163424
0.9961240310077519
0.9961389961389961
0.9961538461538462
0.9961685823754789
0.9961832061068703
0.9961977186311787
0.9962121212121212
0.9962264150943396
0.9962406015037594
0.9962546816479401
0.996268656716418
0.9962825278810409
0.9962962962962963
0.996309963099631
0.9963235294117647
0.9963369963369964
0.9963503649635036
0.9963636363636363
0.9963768115942029
0.9963898916967509
0.9964028776978417
0.996415770609319
0.9964285714285714
0.99644128113879
0.9964539007092199
0.9964664310954063
0.9964788732394366
0.9964912280701754
0.9965034965034965
0.9965156794425087
0.9965277777777778
0.9965397923875432
0.996551724137931
0.9965635738831615
0.9965753424657534
0.9965870307167235
0.9965986394557823
0.9545454545454546
0.9546925566343042
0.9579288025889967
0.9611650485436893
0.9612903225806452
0.9614147909967846
0.9646302250803859
0.9678456591639871
0.9710610932475884
0.9742765273311897
0.977491961414791
0.9807073954983923
0.9839228295819936
0.9871382636655949
0.9903536977491961
0.9935691318327974
0.9967845659163987
0.9904458598726115
0.9936305732484076
0.9968152866242038
0.9905362776025236
0.9936908517350158
0.9937106918238994
0.9937304075235109
0.99375
0.9937694704049844
0.9937888198757764
0.9938080495356038
0.9938271604938271
0.9938461538461538
0.9938650306748467
0.9938837920489296
0.9939024390243902
0.993920972644377
0.9939393939393939
0.9939577039274925
0.9939759036144579
0.993993993993994
0.9940119760479041
0.9940298507462687
0.9940476190476191
0.9940652818991098
0.9940828402366864
0.9941002949852508
0.9941176470588236
0.9941348973607038
0.9941520467836257
0.9970760233918129
0.9970845481049563
0.997093023255814
0.9971014492753624
0.9971098265895953
0.9971181556195965
0.9971264367816092
0.997134670487106
0.9971428571428571
0.9971509971509972
0.9971590909090909
0.9971671388101983
0.9971751412429378
0.9971830985915493
0.9971910112359551
0.9971988795518207
0.9972067039106145
0.9972144846796658
0.9972222222222222
0.997229916897507
0.9972375690607734
0.9972451790633609
0.9972527472527473
0.9972602739726028
0.9972677595628415
0.997275204359673
0.9972826086956522
0.997289972899729
0.9972972972972973
0.9973045822102425
0.9973118279569892
0.9973190348525469
0.9973262032085561
0.9973333333333333
0.9973404255319149
0.9973474801061007
0.9973544973544973
0.9973614775725593
0.9973684210526316
0.9973753280839895
0.9947780678851175
0.9973890339425587
0.9973958333333334
0.9672544080604534
0.9697732997481109
0.9722921914357683
0.9748110831234257
0.9773299748110831
0.9798488664987406
0.982367758186398
0.9848866498740554
0.9874055415617129
0.9899244332493703
0.9924433249370277
0.9949622166246851
0.9974811083123426
0.9974874371859297
0.9974937343358395
0.9975
0.9975062344139651
0.9975124378109452
0.9975186104218362
0.9975247524752475
0.9975308641975309
0.9975369458128078
0.9975429975429976
0.9975490196078431
0.9975550122249389
0.9975609756097561
0.9975669099756691
0.9975728155339806
0.9975786924939467
0.9975845410628019
0.9975903614457832
0.9975961538461539
0.9976019184652278
0.9976076555023924
0.9952380952380953
0.9976190476190476
0.995260663507109
0.9976303317535545
0.9377777777777778
0.94
0.9422222222222222
0.9444444444444444
0.9466666666666667
0.9488888888888889
0.9511111111111111
0.9533333333333334
0.9555555555555556
0.9577777777777777
0.96
0.9622222222222222
0.9644444444444444
0.9666666666666667
0.9688888888888889
0.9711111111111111
0.9733333333333334
0.9755555555555555
0.9777777777777777
0.98
0.9822222222222222
0.9844444444444445
0.9866666666666667
0.9888888888888889
0.9911111111111112
0.9933333333333333
0.9955555555555555
0.9977777777777778
0.9977827050997783
0.9847161572052402
0.9868995633187773
0.9890829694323144
0.9912663755458515
0.9934497816593887
0.9934640522875817
0.9934782608695653
0.9934924078091106
0.9935064935064936
0.9935205183585313
0.9935344827586207
0.9935483870967742
0.9935622317596566
0.9935760171306209
0.9935897435897436
0.9936034115138592
0.9936170212765958
0.9936305732484076
0.9936440677966102
0.9936575052854123
0.9936708860759493
0.9936842105263158
0.9936974789915967
0.9937106918238994
0.9937238493723849
0.9937369519832986
0.99375
0.9937629937629938
0.9937759336099585
0.9937888198757764
0.993801652892562
0.9938144329896907
0.9938271604938271
0.9938398357289527
0.9938524590163934
0.9938650306748467
0.9938775510204082
0.9938900203665988
0.9939024390243902
0.9939148073022313
0.9939271255060729
0.9939393939393939
0.9939516129032258
0.993963782696177
0.9939759036144579
0.9939879759519038
0.994
0.9940119760479041
0.9940239043824701
0.9940357852882704
0.9940476190476191
0.994059405940594
0.9940711462450593
0.9940828402366864
0.9940944881889764
0.9941060903732809
0.9921722113502935
0.9941291585127201
0.994140625
1.0
1.0
1.0
1.0
1.0
1.0
1.0
1.0
1.0
1.0
1.0
1.0
1.0
1.0
1.0
1.0
1.0
1.0
1.0
1.0
1.0
1.0
1.0
1.0
1.0
1.0
1.0
1.0
1.0
1.0
1.0
1.0
1.0
1.0
1.0
1.0
1.0
1.0
1.0
1.0
1.0
1.0
1.0
1.0
1.0
1.0
1.0
1.0
1.0
1.0
1.0
1.0
1.0
1.0
1.0
1.0
1.0
1.0
1.0
1.0
1.0
1.0
1.0
1.0
1.0
1.0
1.0
1.0
1.0
1.0
1.0
1.0
1.0
1.0
1.0
1.0
1.0
1.0
1.0
1.0
1.0
1.0
1.0
1.0
1.0
1.0
1.0
1.0
1.0
1.0
1.0
1.0
1.0
1.0
1.0
1.0
1.0
1.0
1.0
1.0
1.0
1.0
1.0
1.0
1.0
1.0
1.0
1.0
1.0
1.0
1.0
1.0
1.0
1.0
1.0
1.0
1.0
1.0
1.0
1.0
1.0
1.0
1.0
1.0
1.0
1.0
1.0
1.0
1.0
1.0
1.0
1.0
1.0
1.0
1.0
1.0
1.0
1.0
1.0
1.0
1.0
1.0
1.0
1.0
1.0
1.0
1.0
1.0
1.0
1.0
1.0
1.0
1.0
1.0
1.0
1.0
1.0
1.0
1.0
1.0
1.0
1.0
1.0
1.0
1.0
1.0
1.0
1.0
1.0
1.0
1.0
1.0
1.0
1.0
1.0
1.0
1.0
1.0
1.0
1.0
1.0
1.0
1.0
1.0
1.0
1.0
1.0
1.0
1.0
1.0
1.0
1.0
1.0
1.0
1.0
1.0
1.0
1.0
1.0
1.0
1.0
1.0
1.0
1.0
1.0
1.0
1.0
1.0
1.0
1.0
1.0
1.0
1.0
0.9469026548672567
0.9513274336283186
0.9557522123893806
0.9601769911504425
0.9646017699115044
0.9690265486725663
0.9734513274336283
0.9778761061946902
0.9823008849557522
0.9867256637168141
0.9911504424778761
0.995575221238938
1.0
1.0
1.0
1.0
1.0
1.0
1.0
1.0
1.0
1.0
1.0
1.0
1.0
1.0
1.0
1.0
1.0
1.0
1.0
1.0
1.0
1.0
1.0
1.0
1.0
1.0
1.0
1.0
1.0
1.0
1.0
1.0
1.0
1.0
1.0
1.0
1.0
1.0
1.0
1.0
1.0
1.0
1.0
1.0
1.0
1.0
1.0
1.0
1.0
1.0
1.0
1.0
1.0
1.0
1.0
1.0
1.0
1.0
1.0
1.0
1.0
1.0
1.0
1.0
1.0
1.0
1.0
1.0
1.0
1.0
1.0
1.0
1.0
1.0
1.0
1.0
1.0
1.0
1.0
1.0
1.0
1.0
1.0
1.0
1.0
1.0
1.0
1.0
1.0
1.0
1.0
1.0
1.0
1.0
1.0
1.0
1.0
1.0
1.0
1.0
1.0
1.0
1.0
1.0
1.0
1.0
1.0
1.0
1.0
1.0
1.0
1.0
1.0
1.0
1.0
1.0
1.0
1.0
1.0
1.0
1.0
1.0
1.0
1.0
1.0
1.0
1.0
1.0
1.0
1.0
1.0
1.0
1.0
1.0
1.0
1.0
1.0
1.0
1.0
1.0
1.0
1.0
1.0
1.0
1.0
1.0
1.0
1.0
1.0
1.0
1.0
1.0
1.0
1.0
1.0
1.0
1.0
1.0
1.0
1.0
1.0
1.0
1.0
1.0
1.0
1.0
1.0
1.0
1.0
1.0
1.0
1.0
1.0
1.0
1.0
1.0
1.0
1.0
1.0
1.0
1.0
1.0
1.0
1.0
1.0
1.0
1.0
1.0
1.0
1.0
1.0
1.0
1.0
1.0
1.0
1.0
1.0
1.0
1.0
1.0
1.0
1.0
1.0
1.0
1.0
1.0
1.0
1.0
1.0
1.0
1.0
1.0
1.0
1.0
1.0
1.0
1.0
1.0
1.0
1.0
1.0
1.0
1.0
1.0
1.0
1.0
1.0
1.0
1.0
1.0
1.0
1.0
1.0
1.0
1.0
1.0
1.0
1.0
1.0
1.0
1.0
1.0
1.0
1.0
1.0
1.0
1.0
1.0
1.0
1.0
1.0
1.0
1.0
1.0
1.0
1.0
1.0
1.0
1.0
1.0
1.0
0.9953488372093023
1.0
0.84375
0.84765625
0.8482490272373541
0.8488372093023255
0.8494208494208494
0.85
0.8505747126436781
0.851145038167939
0.8517110266159695
0.8522727272727273
0.8528301886792453
0.8533834586466166
0.8539325842696629
0.8544776119402985
0.8550185873605948
0.8555555555555555
0.8560885608856088
0.8566176470588235
0.8571428571428571
0.8576642335766423
0.8581818181818182
0.8586956521739131
0.8592057761732852
0.8597122302158273
0.8602150537634409
0.8607142857142858
0.8612099644128114
0.8617021276595744
0.8621908127208481
0.8626760563380281
0.8631578947368421
0.8636363636363636
0.8641114982578397
0.8645833333333334
0.8650519031141869
0.8655172413793103
0.865979381443299
0.8664383561643836
0.8668941979522184
0.8673469387755102
0.8677966101694915
0.8682432432432432
0.8686868686868687
0.8691275167785235
0.8695652173913043
0.87
0.8704318936877077
0.8708609271523179
0.8712871287128713
0.8717105263157895
0.8721311475409836
0.8725490196078431
0.8729641693811075
0.8733766233766234
0.8737864077669902
0.8770226537216829
0.8802588996763754
0.883495145631068
0.8867313915857605
0.889967637540453
0.8932038834951457
0.8964401294498382
0.8996763754045307
0.9029126213592233
0.9061488673139159
0.9093851132686084
0.912621359223301
0.9158576051779935
0.919093851132686
0.9223300970873787
0.9255663430420712
0.9288025889967637
0.9320388349514563
0.9352750809061489
0.9385113268608414
0.9387096774193548
0.9389067524115756
0.9391025641025641
0.939297124600639
0.9394904458598726
0.9396825396825397
0.939873417721519
0.9400630914826499
0.940251572327044
0.9404388714733543
0.940625
0.940809968847352
0.9409937888198758
0.9411764705882353
0.941358024691358
0.9415384615384615
0.941717791411043
0.9418960244648318
0.9420731707317073
0.9422492401215805
0.9424242424242424
0.9425981873111783
0.9427710843373494
0.9457831325301205
0.9487951807228916
0.9518072289156626
0.9548192771084337
0.9578313253012049
0.9608433734939759
0.963855421686747
0.9668674698795181
0.9698795180722891
0.96996996996997
0.9700598802395209
0.9701492537313433
0.9702380952380952
0.9703264094955489
0.9704142011834319
0.9705014749262537
0.9705882352941176
0.9706744868035191
0.9707602339181286
0.9708454810495627
0.9709302325581395
0.9710144927536232
0.9710982658959537
0.9711815561959655
0.9712643678160919
0.9713467048710601
0.9714285714285714
0.9715099715099715
0.9715909090909091
0.9716713881019831
0.9717514124293786
0.971830985915493
0.9719101123595506
0.9719887955182073
0.9720670391061452
0.9748603351955307
0.9776536312849162
0.9804469273743017
0.9832402234636871
0.9860335195530726
0.9888268156424581
0.9888579387186629
0.9888888888888889
0.9916666666666667
0.9944444444444445
0.9972222222222222
1.0
0.9652406417112299
0.9653333333333334
0.968
0.9706666666666667
0.9733333333333334
0.976
0.9786666666666667
0.9813333333333333
0.984
0.9866666666666667
0.9893333333333333
0.992
0.9946666666666667
0.9973333333333333
1.0
1.0
0.9973544973544973
1.0
0.9973684210526316
1.0
0.9947780678851175
0.9973890339425587
0.9922279792746114
0.9948186528497409
0.9974093264248705
0.9974160206718347
0.9974226804123711
0.9974293059125964
0.9948849104859335
0.9948979591836735
0.9949109414758269
0.9824561403508771
0.9849624060150376
0.9874686716791979
0.9899749373433584
0.9924812030075187
0.9925
0.9925187032418953
0.9925373134328358
0.9925558312655087
0.9925742574257426
0.9925925925925926
0.9926108374384236
0.9926289926289926
0.9926470588235294
0.9926650366748166
0.9926829268292683
0.9927007299270073
0.9927184466019418
0.9927360774818402
0.9927536231884058
0.9927710843373494
0.9927884615384616
0.9928057553956835
0.992822966507177
0.9928400954653938
0.9928571428571429
0.9928741092636579
0.9928909952606635
0.9929078014184397
0.9929245283018868
0.9929411764705882
0.9929577464788732
0.9929742388758782
0.9929906542056075
0.993006993006993
0.9930232558139535
0.9930394431554525
0.9930555555555556
0.9930715935334873
0.9930875576036866
0.993103448275862
0.9931192660550459
0.9931350114416476
0.9931506849315068
0.9931662870159453
0.9931818181818182
0.9931972789115646
0.9932126696832579
0.9932279909706546
0.9932432432432432
0.9932584269662922
0.9932735426008968
0.9932885906040269
0.9933035714285714
0.9933184855233853
0.9933333333333333
0.9933481152993349
0.9676724137931034
0.9698275862068966
0.9719827586206896
0.9741379310344828
0.9762931034482759
0.978448275862069
0.9806034482758621
0.9827586206896551
0.9849137931034483
0.9870689655172413
0.9892241379310345
0.9913793103448276
0.9935344827586207
0.9935483870967742
0.9935622317596566
0.9935760171306209
0.9935897435897436
0.9936034115138592
0.9936170212765958
0.9936305732484076
0.9936440677966102
0.9936575052854123
0.9936708860759493
0.9915966386554622
0.9936974789915967
0.9895615866388309
0.9916492693110647
0.9937369519832986
0.99375
0.9937629937629938
0.9937759336099585
0.9411764705882353
0.9431372549019608
0.9450980392156862
0.9470588235294117
0.9490196078431372
0.9509803921568627
0.9529411764705882
0.9549019607843138
0.9568627450980393
0.9588235294117647
0.9607843137254902
0.9627450980392157
0.9647058823529412
0.9666666666666667
0.9686274509803922
0.9705882352941176
0.9725490196078431
0.9745098039215686
0.9764705882352941
0.9784313725490196
0.9803921568627451
0.9823529411764705
0.984313725490196
0.9862745098039216
0.9882352941176471
0.9901960784313726
0.9921568627450981
0.9941176470588236
0.9921875
0.994140625
0.9941520467836257
0.9903100775193798
0.9808429118773946
0.9827586206896551
0.9846743295019157
0.9865900383141762
0.9885057471264368
0.988527724665392
1.0
1.0
1.0
1.0
1.0
1.0
1.0
1.0
1.0
1.0
1.0
1.0
1.0
1.0
1.0
1.0
1.0
1.0
1.0
1.0
1.0
1.0
1.0
1.0
1.0
1.0
1.0
1.0
1.0
1.0
1.0
1.0
1.0
1.0
1.0
1.0
1.0
1.0
1.0
1.0
1.0
1.0
1.0
1.0
1.0
1.0
1.0
1.0
1.0
1.0
1.0
1.0
1.0
1.0
1.0
1.0
1.0
1.0
1.0
1.0
1.0
1.0
1.0
1.0
1.0
1.0
1.0
1.0
1.0
1.0
1.0
1.0
1.0
1.0
1.0
1.0
1.0
1.0
1.0
1.0
1.0
1.0
1.0
1.0
1.0
1.0
1.0
1.0
1.0
1.0
1.0
1.0
1.0
1.0
1.0
1.0
1.0
1.0
1.0
1.0
1.0
1.0
1.0
1.0
1.0
1.0
1.0
1.0
1.0
1.0
1.0
1.0
1.0
1.0
1.0
1.0
1.0
1.0
1.0
1.0
1.0
1.0
1.0
1.0
1.0
1.0
1.0
1.0
1.0
1.0
1.0
1.0
1.0
1.0
1.0
1.0
1.0
1.0
1.0
1.0
1.0
1.0
1.0
1.0
1.0
1.0
1.0
1.0
1.0
1.0
1.0
1.0
1.0
1.0
1.0
1.0
1.0
1.0
1.0
1.0
1.0
1.0
1.0
1.0
1.0
1.0
1.0
1.0
1.0
1.0
1.0
1.0
1.0
1.0
1.0
1.0
1.0
1.0
1.0
1.0
1.0
1.0
1.0
1.0
1.0
1.0
1.0
1.0
1.0
1.0
1.0
1.0
1.0
1.0
1.0
1.0
1.0
1.0
1.0
1.0
1.0
1.0
1.0
1.0
1.0
1.0
1.0
1.0
1.0
1.0
1.0
1.0
1.0
0.9953488372093023
1.0
0.84375
0.84765625
0.8482490272373541
0.8488372093023255
0.8494208494208494
0.85
0.8505747126436781
0.851145038167939
0.8517110266159695
0.8522727272727273
0.8528301886792453
0.8533834586466166
0.8539325842696629
0.8544776119402985
0.8550185873605948
0.8555555555555555
0.8560885608856088
0.8566176470588235
0.8571428571428571
0.8576642335766423
0.8581818181818182
0.8586956521739131
0.8592057761732852
0.8597122302158273
0.8602150537634409
0.8607142857142858
0.8612099644128114
0.8617021276595744
0.8621908127208481
0.8626760563380281
0.8631578947368421
0.8636363636363636
0.8641114982578397
0.8645833333333334
0.8650519031141869
0.8655172413793103
0.865979381443299
0.8664383561643836
0.8668941979522184
0.8673469387755102
0.8677966101694915
0.8682432432432432
0.8686868686868687
0.8691275167785235
0.8695652173913043
0.87
0.8704318936877077
0.8708609271523179
0.8712871287128713
0.8717105263157895
0.8721311475409836
0.8725490196078431
0.8729641693811075
0.8733766233766234
0.8737864077669902
0.8770226537216829
0.8802588996763754
0.883495145631068
0.8867313915857605
0.889967637540453
0.8932038834951457
0.8964401294498382
0.8996763754045307
0.9029126213592233
0.9061488673139159
0.9093851132686084
0.912621359223301
0.9158576051779935
0.919093851132686
0.9223300970873787
0.9255663430420712
0.9288025889967637
0.9320388349514563
0.9352750809061489
0.9385113268608414
0.9387096774193548
0.9389067524115756
0.9391025641025641
0.939297124600639
0.9394904458598726
0.9396825396825397
0.939873417721519
0.9400630914826499
0.940251572327044
0.9404388714733543
0.940625
0.940809968847352
0.9409937888198758
0.9411764705882353
0.941358024691358
0.9415384615384615
0.941717791411043
0.9418960244648318
0.9420731707317073
0.9422492401215805
0.9424242424242424
0.9425981873111783
0.9427710843373494
0.9457831325301205
0.9487951807228916
0.9518072289156626
0.9548192771084337
0.9578313253012049
0.9608433734939759
0.963855421686747
0.9668674698795181
0.9698795180722891
0.96996996996997
0.9700598802395209
0.9701492537313433
0.9702380952380952
0.9703264094955489
0.9704142011834319
0.9705014749262537
0.9705882352941176
0.9706744868035191
0.9707602339181286
0.9708454810495627
0.9709302325581395
0.9710144927536232
0.9710982658959537
0.9711815561959655
0.9712643678160919
0.9713467048710601
0.9714285714285714
0.9715099715099715
0.9715909090909091
0.9716713881019831
0.9717514124293786
0.971830985915493
0.9719101123595506
0.9719887955182073
0.9720670391061452
0.9748603351955307
0.9776536312849162
0.9804469273743017
0.9832402234636871
0.9860335195530726
0.9888268156424581
0.9888579387186629
0.9888888888888889
0.9916666666666667
0.9944444444444445
0.9972222222222222
1.0
0.9652406417112299
0.9653333333333334
0.968
0.9706666666666667
0.9733333333333334
0.976
0.9786666666666667
0.9813333333333333
0.984
0.9866666666666667
0.9893333333333333
0.992
0.9946666666666667
0.9973333333333333
1.0
1.0
0.9973544973544973
1.0
0.9973684210526316
1.0
0.9947780678851175
0.9973890339425587
0.9922279792746114
0.9948186528497409
0.9974093264248705
0.9974160206718347
0.9974226804123711
0.9974293059125964
0.9948849104859335
0.9948979591836735
0.9949109414758269
0.9824561403508771
0.9849624060150376
0.9874686716791979
0.9899749373433584
0.9924812030075187
0.9925
0.9925187032418953
0.9925373134328358
0.9925558312655087
0.9925742574257426
0.9925925925925926
0.9926108374384236
0.9926289926289926
0.9926470588235294
0.9926650366748166
0.9926829268292683
0.9927007299270073
0.9927184466019418
0.9927360774818402
0.9927536231884058
0.9927710843373494
0.9927884615384616
0.9928057553956835
0.992822966507177
0.9928400954653938
0.9928571428571429
0.9928741092636579
0.9928909952606635
0.9929078014184397
0.9929245283018868
0.9929411764705882
0.9929577464788732
0.9929742388758782
0.9929906542056075
0.993006993006993
0.9930232558139535
0.9930394431554525
0.9930555555555556
0.9930715935334873
0.9930875576036866
0.993103448275862
0.9931192660550459
0.9931350114416476
0.9931506849315068
0.9931662870159453
0.9931818181818182
0.9931972789115646
0.9932126696832579
0.9932279909706546
0.9932432432432432
0.9932584269662922
0.9932735426008968
0.9932885906040269
0.9933035714285714
0.9933184855233853
0.9933333333333333
0.9933481152993349
0.9676724137931034
0.9698275862068966
0.9719827586206896
0.9741379310344828
0.9762931034482759
0.978448275862069
0.9806034482758621
0.9827586206896551
0.9849137931034483
0.9870689655172413
0.9892241379310345
0.9913793103448276
0.9935344827586207
0.9935483870967742
0.9935622317596566
0.9935760171306209
0.9935897435897436
0.9936034115138592
0.9936170212765958
0.9936305732484076
0.9936440677966102
0.9936575052854123
0.9936708860759493
0.9915966386554622
0.9936974789915967
0.9895615866388309
0.9916492693110647
0.9937369519832986
0.99375
0.9937629937629938
0.9937759336099585
0.9411764705882353
0.9431372549019608
0.9450980392156862
0.9470588235294117
0.9490196078431372
0.9509803921568627
0.9529411764705882
0.9549019607843138
0.9568627450980393
0.9588235294117647
0.9607843137254902
0.9627450980392157
0.9647058823529412
0.9666666666666667
0.9686274509803922
0.9705882352941176
0.9725490196078431
0.9745098039215686
0.9764705882352941
0.9784313725490196
0.9803921568627451
0.9823529411764705
0.984313725490196
0.9862745098039216
0.9882352941176471
0.9901960784313726
0.9921568627450981
0.9941176470588236
0.9921875
0.994140625
0.9941520467836257
0.9903100775193798
0.9808429118773946
0.9827586206896551
0.9846743295019157
0.9865900383141762
0.9885057471264368
0.988527724665392
1.0
1.0
1.0
1.0
1.0
1.0
1.0
1.0
1.0
1.0
1.0
1.0
1.0
1.0
1.0
1.0
1.0
1.0
1.0
1.0
1.0
1.0
1.0
1.0
1.0
1.0
1.0
1.0
1.0
1.0
1.0
1.0
1.0
1.0
1.0
1.0
1.0
1.0
1.0
1.0
1.0
1.0
1.0
1.0
1.0
1.0
1.0
1.0
1.0
1.0
1.0
1.0
1.0
1.0
1.0
1.0
1.0
1.0
1.0
1.0
1.0
1.0
1.0
1.0
1.0
1.0
1.0
1.0
1.0
1.0
1.0
1.0
1.0
1.0
1.0
1.0
1.0
1.0
1.0
1.0
1.0
1.0
1.0
1.0
1.0
1.0
1.0
1.0
1.0
1.0
1.0
1.0
1.0
1.0
1.0
1.0
1.0
1.0
1.0
1.0
1.0
1.0
1.0
1.0
1.0
1.0
1.0
1.0
1.0
1.0
1.0
1.0
1.0
1.0
1.0
1.0
1.0
1.0
1.0
1.0
1.0
1.0
1.0
1.0
1.0
1.0
1.0
1.0
1.0
1.0
1.0
1.0
1.0
1.0
1.0
1.0
1.0
1.0
1.0
1.0
1.0
1.0
1.0
1.0
1.0
1.0
1.0
1.0
1.0
1.0
1.0
1.0
1.0
1.0
1.0
1.0
1.0
1.0
1.0
1.0
1.0
1.0
1.0
1.0
1.0
1.0
1.0
1.0
1.0
1.0
1.0
1.0
1.0
1.0
1.0
1.0
1.0
1.0
1.0
1.0
1.0
1.0
1.0
1.0
1.0
1.0
1.0
1.0
1.0
1.0
1.0
1.0
1.0
1.0
1.0
1.0
1.0
1.0
1.0
1.0
1.0
1.0
1.0
1.0
1.0
1.0
1.0
1.0
1.0
1.0
1.0
1.0
1.0
0.9771689497716894
0.9817351598173516
0.9863013698630136
0.9908675799086758
0.9954337899543378
1.0
1.0
1.0
1.0
1.0
1.0
1.0
1.0
1.0
1.0
1.0
1.0
1.0
1.0
1.0
1.0
1.0
1.0
1.0
1.0
0.9795081967213115
0.9836065573770492
0.9877049180327869
0.9918032786885246
0.9959016393442623
0.9959183673469387
0.9959349593495935
0.9959514170040485
0.9959677419354839
0.9959839357429718
0.996
0.9960159362549801
0.996031746031746
0.9960474308300395
0.9960629921259843
0.996078431372549
0.99609375
0.9961089494163424
0.9961240310077519
0.9961389961389961
0.9961538461538462
0.9961685823754789
0.9961832061068703
0.9961977186311787
0.9962121212121212
0.9962264150943396
0.9962406015037594
0.9962546816479401
0.996268656716418
0.9962825278810409
0.9962962962962963
0.996309963099631
0.9963235294117647
0.9963369963369964
0.9963503649635036
0.9963636363636363
0.9963768115942029
0.9963898916967509
0.9964028776978417
0.996415770609319
0.9964285714285714
0.99644128113879
0.9964539007092199
0.9964664310954063
0.9964788732394366
0.9964912280701754
0.9965034965034965
0.9965156794425087
0.9965277777777778
0.9965397923875432
0.996551724137931
0.9965635738831615
0.9965753424657534
0.9965870307167235
0.9965986394557823
0.9966101694915255
0.9932659932659933
0.9966329966329966
0.9966442953020134
0.9966555183946488
0.9966666666666667
0.9584664536741214
0.9616613418530351
0.9648562300319489
0.9680511182108626
0.9712460063897763
0.9744408945686901
0.9776357827476039
0.9808306709265175
0.9840255591054313
0.987220447284345
0.9904153354632588
0.9936102236421726
0.9968051118210862
0.9968152866242038
0.9968253968253968
0.9968354430379747
0.9968454258675079
0.9968553459119497
0.9968652037617555
0.996875
0.9968847352024922
0.9968944099378882
0.9969040247678018
0.9202279202279202
0.9230769230769231
0.9259259259259259
0.9287749287749287
0.9316239316239316
0.9344729344729344
0.9373219373219374
0.9401709401709402
0.9430199430199431
0.9458689458689459
0.9487179487179487
0.9515669515669516
0.9544159544159544
0.9572649572649573
0.9601139601139601
0.9629629629629629
0.9658119658119658
0.9659090909090909
0.96875
0.9715909090909091
0.9716713881019831
0.9745042492917847
0.9773371104815864
0.9774011299435028
0.980225988700565
0.9830508474576272
0.9830985915492958
0.9859154929577465
0.9887323943661972
0.9887640449438202
0.9915730337078652
0.9943820224719101
0.9971910112359551
0.9916434540389972
0.9944289693593314
0.9944444444444445
0.9944598337950139
0.994475138121547
0.9944903581267218
0.9945054945054945
0.9945205479452055
0.994535519125683
0.9945504087193461
0.9945652173913043
0.994579945799458
0.9945945945945946
0.9946091644204852
0.9946236559139785
0.9946380697050938
0.9946524064171123
0.9946666666666667
0.9946808510638298
0.9946949602122016
0.9947089947089947
0.9947229551451188
0.9947368421052631
0.994750656167979
0.9947643979057592
0.9947780678851175
0.9947916666666666
0.9948051948051948
0.9948186528497409
0.9948320413436692
0.9948453608247423
0.9948586118251928
0.9948717948717949
0.9948849104859335
0.9948979591836735
0.9949109414758269
0.9949238578680203
0.9949367088607595
0.9949494949494949
0.9949622166246851
0.9949748743718593
0.9949874686716792
0.9974937343358395
0.9661016949152542
0.9685230024213075
0.9709443099273608
0.9710144927536232
0.9710843373493976
0.9734939759036144
0.9759036144578314
0.9783132530120482
0.980722891566265
0.983132530120482
0.9855421686746988
0.9879518072289156
0.9903614457831326
0.9927710843373494
0.9951807228915662
0.9975903614457832
0.9975961538461539
0.9976019184652278
0.9976076555023924
0.9976133651551312
0.9976190476190476
0.997624703087886
0.9976303317535545
0.9976359338061466
0.9976415094339622
0.9976470588235294
0.9976525821596244
0.9976580796252927
0.9976635514018691
0.9976689976689976
0.9976744186046511
0.9976798143851509
0.9976851851851852
0.9976905311778291
0.9976958525345622
0.9977011494252873
0.9977064220183486
0.9977116704805492
0.997716894977169
0.9977220956719818
0.9977272727272727
0.9977324263038548
0.997737556561086
0.9977426636568849
0.9977477477477478
0.9977528089887641
0.9977578475336323
0.9977628635346756
0.9977678571428571
0.9977728285077951
0.9977777777777778
0.9977827050997783
0.9977876106194691
0.9977924944812362
0.9977973568281938
0.9978021978021978
0.9978070175438597
0.9978118161925602
0.9978165938864629
0.9978213507625272
0.9978260869565218
0.9978308026030369
0.9978354978354979
0.9978401727861771
0.9978448275862069
0.9978494623655914
0.9978540772532188
0.9978586723768736
0.9978632478632479
0.997867803837953
0.997872340425532
0.9978768577494692
0.9978813559322034
0.9978858350951374
0.9978902953586498
0.9978947368421053
0.9978991596638656
0.9979035639412998
0.997907949790795
0.9979123173277662
0.9979166666666667
0.997920997920998
0.9979253112033195
0.9979296066252588
0.9979338842975206
0.9979381443298969
0.9979423868312757
0.997946611909651
0.9979508196721312
0.9979550102249489
0.9979591836734694
0.9979633401221996
0.9979674796747967
0.9979716024340771
0.9979757085020243
0.997979797979798
0.9959758551307847
0.9979879275653923
0.9959919839679359
0.9979959919839679
0.998
0.9960159362549801
0.9920792079207921
0.994059405940594
0.9921104536489151
0.9940828402366864
0.9940944881889764
0.9941060903732809
0.990234375
0.9921875
0.994140625
0.9902912621359223
0.9903100775193798
0.9808429118773946
0.9827586206896551
0.9846743295019157
0.9865900383141762
0.9885057471264368
0.988527724665392
1.0
1.0
1.0
1.0
1.0
1.0
1.0
1.0
1.0
1.0
1.0
1.0
1.0
1.0
1.0
1.0
1.0
1.0
1.0
1.0
1.0
1.0
1.0
1.0
1.0
1.0
1.0
1.0
1.0
1.0
1.0
1.0
1.0
1.0
1.0
1.0
1.0
1.0
1.0
1.0
1.0
1.0
1.0
1.0
1.0
1.0
1.0
1.0
1.0
1.0
1.0
1.0
1.0
1.0
1.0
1.0
1.0
1.0
1.0
1.0
1.0
1.0
1.0
1.0
1.0
1.0
1.0
1.0
1.0
1.0
1.0
1.0
1.0
1.0
1.0
1.0
1.0
1.0
1.0
1.0
1.0
1.0
1.0
1.0
1.0
1.0
1.0
1.0
1.0
1.0
1.0
1.0
1.0
1.0
1.0
1.0
1.0
1.0
1.0
1.0
1.0
1.0
1.0
1.0
1.0
1.0
1.0
1.0
1.0
1.0
1.0
1.0
1.0
1.0
1.0
1.0
1.0
1.0
1.0
1.0
1.0
1.0
1.0
1.0
1.0
1.0
1.0
1.0
1.0
1.0
1.0
1.0
1.0
1.0
1.0
1.0
1.0
1.0
1.0
1.0
1.0
1.0
1.0
1.0
1.0
1.0
1.0
1.0
1.0
1.0
1.0
1.0
1.0
1.0
1.0
1.0
1.0
1.0
1.0
1.0
1.0
1.0
1.0
1.0
1.0
1.0
1.0
1.0
1.0
1.0
1.0
1.0
1.0
1.0
1.0
1.0
1.0
1.0
1.0
1.0
1.0
1.0
1.0
1.0
1.0
1.0
1.0
1.0
1.0
1.0
1.0
1.0
1.0
1.0
1.0
1.0
1.0
1.0
1.0
1.0
1.0
1.0
1.0
1.0
1.0
1.0
1.0
1.0
1.0
1.0
1.0
1.0
1.0
0.9771689497716894
0.9817351598173516
0.9863013698630136
0.9908675799086758
0.9954337899543378
1.0
1.0
1.0
1.0
1.0
1.0
1.0
1.0
1.0
1.0
1.0
1.0
1.0
1.0
1.0
1.0
1.0
1.0
1.0
1.0
0.9795081967213115
0.9836065573770492
0.9877049180327869
0.9918032786885246
0.9959016393442623
0.9959183673469387
0.9959349593495935
0.9959514170040485
0.9959677419354839
0.9959839357429718
0.996
0.9960159362549801
0.996031746031746
0.9960474308300395
0.9960629921259843
0.996078431372549
0.99609375
0.9961089494163424
0.9961240310077519
0.9961389961389961
0.9961538461538462
0.9961685823754789
0.9961832061068703
0.9961977186311787
0.9962121212121212
0.9962264150943396
0.9962406015037594
0.9962546816479401
0.996268656716418
0.9962825278810409
0.9962962962962963
0.996309963099631
0.9963235294117647
0.9963369963369964
0.9963503649635036
0.9963636363636363
0.9963768115942029
0.9963898916967509
0.9964028776978417
0.996415770609319
0.9964285714285714
0.99644128113879
0.9964539007092199
0.9964664310954063
0.9964788732394366
0.9964912280701754
0.9965034965034965
0.9965156794425087
0.9965277777777778
0.9965397923875432
0.996551724137931
0.9965635738831615
0.9965753424657534
0.9965870307167235
0.9965986394557823
0.9966101694915255
0.9932659932659933
0.9966329966329966
0.9966442953020134
0.9966555183946488
0.9966666666666667
0.9584664536741214
0.9616613418530351
0.9648562300319489
0.9680511182108626
0.9712460063897763
0.9744408945686901
0.9776357827476039
0.9808306709265175
0.9840255591054313
0.987220447284345
0.9904153354632588
0.9936102236421726
0.9968051118210862
0.9968152866242038
0.9968253968253968
0.9968354430379747
0.9968454258675079
0.9968553459119497
0.9968652037617555
0.996875
0.9968847352024922
0.9968944099378882
0.9969040247678018
0.9202279202279202
0.9230769230769231
0.9259259259259259
0.9287749287749287
0.9316239316239316
0.9344729344729344
0.9373219373219374
0.9401709401709402
0.9430199430199431
0.9458689458689459
0.9487179487179487
0.9515669515669516
0.9544159544159544
0.9572649572649573
0.9601139601139601
0.9629629629629629
0.9658119658119658
0.9659090909090909
0.96875
0.9715909090909091
0.9716713881019831
0.9745042492917847
0.9773371104815864
0.9774011299435028
0.980225988700565
0.9830508474576272
0.9830985915492958
0.9859154929577465
0.9887323943661972
0.9887640449438202
0.9915730337078652
0.9943820224719101
0.9971910112359551
0.9916434540389972
0.9944289693593314
0.9944444444444445
0.9944598337950139
0.994475138121547
0.9944903581267218
0.9945054945054945
0.9945205479452055
0.994535519125683
0.9945504087193461
0.9945652173913043
0.994579945799458
0.9945945945945946
0.9946091644204852
0.9946236559139785
0.9946380697050938
0.9946524064171123
0.9946666666666667
0.9946808510638298
0.9946949602122016
0.9947089947089947
0.9947229551451188
0.9947368421052631
0.994750656167979
0.9947643979057592
0.9947780678851175
0.9947916666666666
0.9948051948051948
0.9948186528497409
0.9948320413436692
0.9948453608247423
0.9948586118251928
0.9948717948717949
0.9948849104859335
0.9948979591836735
0.9949109414758269
0.9949238578680203
0.9949367088607595
0.9949494949494949
0.9949622166246851
0.9949748743718593
0.9949874686716792
0.9974937343358395
0.9661016949152542
0.9685230024213075
0.9709443099273608
0.9710144927536232
0.9710843373493976
0.9734939759036144
0.9759036144578314
0.9783132530120482
0.980722891566265
0.983132530120482
0.9855421686746988
0.9879518072289156
0.9903614457831326
0.9927710843373494
0.9951807228915662
0.9975903614457832
0.9975961538461539
0.9976019184652278
0.9976076555023924
0.9976133651551312
0.9976190476190476
0.997624703087886
0.9976303317535545
0.9976359338061466
0.9976415094339622
0.9976470588235294
0.9976525821596244
0.9976580796252927
0.9976635514018691
0.9976689976689976
0.9976744186046511
0.9976798143851509
0.9976851851851852
0.9976905311778291
0.9976958525345622
0.9977011494252873
0.9977064220183486
0.9977116704805492
0.997716894977169
0.9977220956719818
0.9977272727272727
0.9977324263038548
0.997737556561086
0.9977426636568849
0.9977477477477478
0.9977528089887641
0.9977578475336323
0.9977628635346756
0.9977678571428571
0.9977728285077951
0.9977777777777778
0.9977827050997783
0.9977876106194691
0.9977924944812362
0.9977973568281938
0.9978021978021978
0.9978070175438597
0.9978118161925602
0.9978165938864629
0.9978213507625272
0.9978260869565218
0.9978308026030369
0.9978354978354979
0.9978401727861771
0.9978448275862069
0.9978494623655914
0.9978540772532188
0.9978586723768736
0.9978632478632479
0.997867803837953
0.997872340425532
0.9978768577494692
0.9978813559322034
0.9978858350951374
0.9978902953586498
0.9978947368421053
0.9978991596638656
0.9979035639412998
0.997907949790795
0.9979123173277662
0.9979166666666667
0.997920997920998
0.9979253112033195
0.9979296066252588
0.9979338842975206
0.9979381443298969
0.9979423868312757
0.997946611909651
0.9979508196721312
0.9979550102249489
0.9979591836734694
0.9979633401221996
0.9979674796747967
0.9979716024340771
0.9979757085020243
0.997979797979798
0.9959758551307847
0.9979879275653923
0.9959919839679359
0.9979959919839679
0.998
0.9960159362549801
0.9920792079207921
0.994059405940594
0.9921104536489151
0.9940828402366864
0.9940944881889764
0.9941060903732809
0.990234375
0.9921875
0.994140625
0.9902912621359223
0.9903100775193798
0.9808429118773946
0.9827586206896551
0.9846743295019157
0.9865900383141762
0.9885057471264368
0.988527724665392
