1.0
1.0
1.0
1.0
1.0
1.0
1.0
1.0
1.0
1.0
1.0
1.0
1.0
1.0
1.0
1.0
1.0
1.0
1.0
1.0
1.0
1.0
1.0
1.0
1.0
1.0
1.0
1.0
1.0
1.0
1.0
1.0
1.0
1.0
1.0
1.0
1.0
1.0
1.0
1.0
1.0
0.6086956521739131
0.6231884057971014
0.6376811594202898
0.6521739130434783
0.6666666666666666
0.6811594202898551
0.6956521739130435
0.7101449275362319
0.7246376811594203
0.7391304347826086
0.7536231884057971
0.7681159420289855
0.782608695652174
0.7971014492753623
0.8115942028985508
0.8260869565217391
0.8405797101449275
0.855072463768116
0.8695652173913043
0.8840579710144928
0.8985507246376812
0.9130434782608695
0.927536231884058
0.9420289855072463
0.9565217391304348
0.9571428571428572
0.9577464788732394
0.9583333333333334
0.958904109589041
0.9594594594594594
0.96
0.9605263157894737
0.961038961038961
0.9615384615384616
0.9620253164556962
0.9625
0.9629629629629629
0.9634146341463414
0.963855421686747
0.9642857142857143
0.9647058823529412
0.9651162790697675
0.9655172413793104
0.9659090909090909
0.9662921348314607
0.9666666666666667
0.967032967032967
0.967391304347826
0.967741935483871
0.9680851063829787
0.968421052631579
0.96875
0.9690721649484536
0.979381443298969
0.9896907216494846
1.0
0.6712328767123288
0.678082191780822
0.684931506849315
0.6917808219178082
0.6986301369863014
0.7054794520547946
0.7123287671232876
0.7191780821917808
0.726027397260274
0.7328767123287672
0.7397260273972602
0.7465753424657534
0.7534246575342466
0.7602739726027398
0.7671232876712328
0.773972602739726
0.7808219178082192
0.7876712328767124
0.7945205479452054
0.8013698630136986
0.8082191780821918
0.7579617834394905
0.7643312101910829
0.7707006369426752
0.7770700636942676
0.7834394904458599
0.7898089171974523
0.7961783439490446
0.802547770700637
0.8089171974522293
0.8152866242038217
0.8164556962025317
0.8176100628930818
0.81875
0.8198757763975155
0.8209876543209876
0.8220858895705522
0.823170731707317
0.8242424242424242
0.8253012048192772
0.8263473053892215
0.8273809523809523
0.8284023668639053
0.8294117647058824
0.8352941176470589
0.8411764705882353
0.8470588235294118
0.8529411764705882
0.8588235294117647
0.8647058823529412
0.8705882352941177
0.8764705882352941
0.8823529411764706
0.888235294117647
0.8941176470588236
0.9
0.9058823529411765
0.9117647058823529
0.9176470588235294
0.9235294117647059
0.9294117647058824
0.9352941176470588
0.9411764705882353
0.9470588235294117
0.9529411764705882
0.9588235294117647
0.9647058823529412
0.9705882352941176
0.9764705882352941
0.9823529411764705
0.9545454545454546
0.9602272727272727
0.9659090909090909
0.9715909090909091
0.9772727272727273
0.9829545454545454
0.925531914893617
0.9308510638297872
0.9312169312169312
0.9315789473684211
0.9319371727748691
0.9322916666666666
0.9326424870466321
0.9378238341968912
0.9430051813471503
0.9481865284974094
0.9533678756476683
0.9585492227979274
0.9637305699481865
0.9689119170984456
0.9740932642487047
0.9792746113989638
0.9844559585492227
0.9317073170731708
0.9365853658536586
0.9414634146341463
0.9463414634146341
0.9512195121951219
0.9560975609756097
0.9609756097560975
0.9658536585365853
0.9707317073170731
0.975609756097561
0.9804878048780488
0.9853658536585366
0.8942731277533039
0.8986784140969163
0.9030837004405287
0.9074889867841409
0.9118942731277533
0.9162995594713657
0.920704845814978
0.9251101321585903
0.9295154185022027
0.933920704845815
0.9063829787234042
0.9106382978723404
0.9148936170212766
0.9191489361702128
0.9234042553191489
0.9276595744680851
0.9319148936170213
0.9361702127659575
0.8532818532818532
0.8571428571428571
0.861003861003861
0.8648648648648649
0.8687258687258688
0.8725868725868726
0.8764478764478765
0.8803088803088803
0.8841698841698842
0.888030888030888
0.8918918918918919
0.8957528957528957
0.8996138996138996
0.9034749034749034
0.9073359073359073
0.9076923076923077
0.8843283582089553
0.8880597014925373
0.8917910447761194
0.8955223880597015
0.8992537313432836
0.9029850746268657
0.9067164179104478
0.9104477611940298
0.9107806691449815
0.9111111111111111
0.9114391143911439
0.9117647058823529
0.9120879120879121
0.9124087591240876
0.9127272727272727
0.9130434782608695
0.9133574007220217
0.9136690647482014
0.9139784946236559
0.9142857142857143
0.9145907473309609
0.9148936170212766
0.9151943462897526
0.9154929577464789
0.9157894736842105
0.916083916083916
0.9163763066202091
0.9166666666666666
0.916955017301038
0.9172413793103448
0.9175257731958762
0.9178082191780822
0.9180887372013652
0.9183673469387755
0.9186440677966101
0.918918918918919
0.9069767441860465
0.9102990033222591
0.9136212624584718
0.9169435215946844
1.0
1.0
1.0
1.0
1.0
1.0
1.0
1.0
1.0
1.0
1.0
1.0
1.0
1.0
1.0
1.0
1.0
1.0
1.0
1.0
1.0
1.0
1.0
1.0
1.0
1.0
1.0
1.0
1.0
1.0
1.0
1.0
1.0
1.0
1.0
1.0
1.0
0.4810126582278481
0.4875
0.49382716049382713
0.5
0.5060240963855421
0.5119047619047619
0.5176470588235295
0.5232558139534884
0.5287356321839081
0.5340909090909091
0.5393258426966292
0.5444444444444444
0.5494505494505495
0.5543478260869565
0.5591397849462365
0.5638297872340425
0.5684210526315789
0.5729166666666666
0.5773195876288659
0.5816326530612245
0.5858585858585859
0.59
0.594059405940594
0.5980392156862745
0.6019417475728155
0.6057692307692307
0.6095238095238096
0.6132075471698113
0.616822429906542
0.6203703703703703
0.6238532110091743
0.6272727272727273
0.6306306306306306
0.6339285714285714
0.6371681415929203
0.6403508771929824
0.6434782608695652
0.646551724137931
0.6495726495726496
0.652542372881356
0.6554621848739496
0.6583333333333333
0.6611570247933884
0.6639344262295082
0.6666666666666666
0.6693548387096774
0.672
0.6746031746031746
0.6771653543307087
0.6796875
0.6821705426356589
0.6846153846153846
0.6870229007633588
0.6893939393939394
0.6917293233082706
0.6940298507462687
0.6962962962962963
0.6985294117647058
0.7058823529411765
0.7132352941176471
0.7205882352941176
0.7279411764705882
0.7352941176470589
0.7426470588235294
0.75
0.7573529411764706
0.7647058823529411
0.7720588235294118
0.7794117647058824
0.7867647058823529
0.7941176470588235
0.8014705882352942
0.8088235294117647
0.8161764705882353
0.8235294117647058
0.8308823529411765
0.8382352941176471
0.8455882352941176
0.8529411764705882
0.8602941176470589
0.8676470588235294
0.875
0.8823529411764706
0.8897058823529411
0.8970588235294118
0.9044117647058824
0.9117647058823529
0.9191176470588235
0.9264705882352942
0.9338235294117647
0.9343065693430657
0.9347826086956522
0.935251798561151
0.9357142857142857
0.9361702127659575
0.9366197183098591
0.9370629370629371
0.9375
0.9379310344827586
0.9383561643835616
0.9387755102040817
0.9391891891891891
0.9395973154362416
0.94
0.9403973509933775
0.9470198675496688
0.9536423841059603
0.9602649006622517
0.9605263157894737
0.9607843137254902
0.961038961038961
0.9612903225806452
0.9615384615384616
0.9617834394904459
0.9620253164556962
0.9622641509433962
0.9625
0.9627329192546584
0.9629629629629629
0.9631901840490797
0.9634146341463414
0.9636363636363636
0.963855421686747
0.9640718562874252
0.9642857142857143
0.9644970414201184
0.9647058823529412
0.9649122807017544
0.9651162790697675
0.9653179190751445
0.9655172413793104
0.9657142857142857
0.9659090909090909
0.9661016949152542
0.9662921348314607
0.9664804469273743
0.9666666666666667
0.9668508287292817
0.967032967032967
0.9672131147540983
0.967391304347826
0.9675675675675676
0.967741935483871
0.9679144385026738
0.9680851063829787
0.9682539682539683
0.968421052631579
0.9685863874345549
0.96875
0.9689119170984456
0.9690721649484536
0.9692307692307692
0.9693877551020408
0.9695431472081218
0.9696969696969697
0.9698492462311558
0.97
0.9701492537313433
0.9702970297029703
0.9704433497536946
0.9705882352941176
0.9707317073170731
0.970873786407767
0.9710144927536232
0.9711538461538461
0.9712918660287081
0.9714285714285714
0.9715639810426541
0.9716981132075472
0.971830985915493
0.9719626168224299
0.9720930232558139
0.9722222222222222
0.9723502304147466
0.9724770642201835
0.9726027397260274
0.9727272727272728
0.9728506787330317
0.972972972972973
0.9730941704035875
0.9732142857142857
0.9733333333333334
0.9734513274336283
0.973568281938326
0.9736842105263158
0.9737991266375546
0.9739130434782609
0.974025974025974
0.9741379310344828
0.9742489270386266
0.9743589743589743
0.9744680851063829
0.9745762711864406
1.0
1.0
1.0
1.0
1.0
1.0
1.0
1.0
1.0
1.0
1.0
1.0
1.0
1.0
1.0
1.0
1.0
1.0
1.0
1.0
1.0
1.0
1.0
1.0
1.0
1.0
1.0
1.0
1.0
1.0
1.0
1.0
1.0
1.0
1.0
1.0
1.0
1.0
1.0
1.0
1.0
0.6086956521739131
0.6231884057971014
0.6376811594202898
0.6521739130434783
0.6666666666666666
0.6811594202898551
0.6956521739130435
0.7101449275362319
0.7246376811594203
0.7391304347826086
0.7536231884057971
0.7681159420289855
0.782608695652174
0.7971014492753623
0.8115942028985508
0.8260869565217391
0.8405797101449275
0.855072463768116
0.8695652173913043
0.8840579710144928
0.8985507246376812
0.9130434782608695
0.927536231884058
0.9420289855072463
0.9565217391304348
0.9571428571428572
0.9577464788732394
0.9583333333333334
0.958904109589041
0.9594594594594594
0.96
0.9605263157894737
0.961038961038961
0.9615384615384616
0.9620253164556962
0.9625
0.9629629629629629
0.9634146341463414
0.963855421686747
0.9642857142857143
0.9647058823529412
0.9651162790697675
0.9655172413793104
0.9659090909090909
0.9662921348314607
0.9666666666666667
0.967032967032967
0.967391304347826
0.967741935483871
0.9680851063829787
0.968421052631579
0.96875
0.9690721649484536
0.979381443298969
0.9896907216494846
1.0
0.6712328767123288
0.678082191780822
0.684931506849315
0.6917808219178082
0.6986301369863014
0.7054794520547946
0.7123287671232876
0.7191780821917808
0.726027397260274
0.7328767123287672
0.7397260273972602
0.7465753424657534
0.7534246575342466
0.7602739726027398
0.7671232876712328
0.773972602739726
0.7808219178082192
0.7876712328767124
0.7945205479452054
0.8013698630136986
0.8082191780821918
0.7041420118343196
0.7100591715976331
0.7159763313609467
0.7218934911242604
0.727810650887574
0.7337278106508875
0.7396449704142012
0.7455621301775148
0.7514792899408284
0.757396449704142
0.7633136094674556
0.7692307692307693
0.7751479289940828
0.7810650887573964
0.7869822485207101
0.7657142857142857
0.7714285714285715
0.7771428571428571
0.7828571428571428
0.7885714285714286
0.7942857142857143
0.7954545454545454
0.7621621621621621
0.7675675675675676
0.772972972972973
0.7783783783783784
0.7837837837837838
0.7891891891891892
0.7945945945945946
0.8
0.8054054054054054
0.7894736842105263
0.7947368421052632
0.8
0.8052631578947368
0.7777777777777778
0.7828282828282829
0.7839195979899497
0.785
0.7860696517412935
0.7871287128712872
0.7881773399014779
0.7892156862745098
0.7902439024390244
0.7912621359223301
0.7922705314009661
0.7932692307692307
0.7942583732057417
0.7952380952380952
0.8
0.8047619047619048
0.8095238095238095
0.8142857142857143
0.819047619047619
0.8238095238095238
0.8285714285714286
0.8333333333333334
0.8380952380952381
0.8428571428571429
0.8476190476190476
0.8523809523809524
0.8571428571428571
0.861904761904762
0.8666666666666667
0.8714285714285714
0.8761904761904762
0.8809523809523809
0.8857142857142857
0.8904761904761904
0.8952380952380953
0.9
0.9047619047619048
0.9095238095238095
0.9142857142857143
0.919047619047619
0.9238095238095239
0.9285714285714286
0.9333333333333333
0.9380952380952381
0.9428571428571428
0.9476190476190476
0.8620689655172413
0.8663793103448276
0.8706896551724138
0.875
0.8793103448275862
0.8836206896551724
0.8879310344827587
0.8922413793103449
0.896551724137931
0.9008620689655172
0.875
0.8791666666666667
0.8833333333333333
0.8875
0.8916666666666667
0.8958333333333334
0.9
0.9004149377593361
0.9008264462809917
0.9012345679012346
0.9016393442622951
0.9020408163265307
0.9024390243902439
0.902834008097166
0.9032258064516129
0.9036144578313253
0.904
0.9043824701195219
0.9047619047619048
0.9051383399209486
0.905511811023622
0.9058823529411765
0.90625
0.9066147859922179
0.9105058365758755
0.9108527131782945
0.9111969111969112
0.9115384615384615
0.9118773946360154
0.9122137404580153
0.9125475285171103
0.9128787878787878
0.9132075471698113
0.9135338345864662
0.9138576779026217
0.914179104477612
0.9144981412639405
0.9148148148148149
0.915129151291513
0.9154411764705882
0.9157509157509157
0.916058394160584
0.9163636363636364
0.9166666666666666
0.9169675090252708
0.9172661870503597
0.9175627240143369
0.9178571428571428
0.9181494661921709
0.9184397163120568
0.9187279151943463
0.9190140845070423
0.9192982456140351
0.8915254237288136
0.8949152542372881
0.8983050847457628
0.9016949152542373
0.9050847457627119
0.9084745762711864
0.911864406779661
0.9152542372881356
0.9186440677966101
0.9220338983050848
0.9069767441860465
0.9102990033222591
0.9136212624584718
0.9169435215946844
1.0
1.0
1.0
1.0
1.0
1.0
1.0
1.0
1.0
1.0
1.0
1.0
1.0
1.0
1.0
1.0
1.0
1.0
1.0
1.0
1.0
1.0
1.0
1.0
1.0
1.0
1.0
1.0
1.0
1.0
1.0
1.0
1.0
1.0
1.0
1.0
1.0
0.4810126582278481
0.4875
0.49382716049382713
0.5
0.5060240963855421
0.5119047619047619
0.5176470588235295
0.5232558139534884
0.5287356321839081
0.5340909090909091
0.5393258426966292
0.5444444444444444
0.5494505494505495
0.5543478260869565
0.5591397849462365
0.5638297872340425
0.5684210526315789
0.5729166666666666
0.5773195876288659
0.5816326530612245
0.5858585858585859
0.59
0.594059405940594
0.5980392156862745
0.6019417475728155
0.6057692307692307
0.6095238095238096
0.6132075471698113
0.616822429906542
0.6203703703703703
0.6238532110091743
0.6272727272727273
0.6306306306306306
0.6339285714285714
0.6371681415929203
0.6403508771929824
0.6434782608695652
0.646551724137931
0.6495726495726496
0.652542372881356
0.6554621848739496
0.6583333333333333
0.6611570247933884
0.6639344262295082
0.6666666666666666
0.6693548387096774
0.672
0.6746031746031746
0.6771653543307087
0.6796875
0.6821705426356589
0.6846153846153846
0.6870229007633588
0.6893939393939394
0.6917293233082706
0.6940298507462687
0.6962962962962963
0.6985294117647058
0.7058823529411765
0.7132352941176471
0.7205882352941176
0.7279411764705882
0.7352941176470589
0.7426470588235294
0.75
0.7573529411764706
0.7647058823529411
0.7720588235294118
0.7794117647058824
0.7867647058823529
0.7941176470588235
0.8014705882352942
0.8088235294117647
0.8161764705882353
0.8235294117647058
0.8308823529411765
0.8382352941176471
0.8455882352941176
0.8529411764705882
0.8602941176470589
0.8676470588235294
0.875
0.8823529411764706
0.8897058823529411
0.8970588235294118
0.9044117647058824
0.9117647058823529
0.9191176470588235
0.9264705882352942
0.9338235294117647
0.9343065693430657
0.9347826086956522
0.935251798561151
0.9357142857142857
0.9361702127659575
0.9366197183098591
0.9370629370629371
0.9375
0.9379310344827586
0.9383561643835616
0.9387755102040817
0.9391891891891891
0.9395973154362416
0.94
0.9403973509933775
0.9470198675496688
0.9536423841059603
0.9602649006622517
0.9605263157894737
0.9607843137254902
0.961038961038961
0.9612903225806452
0.9615384615384616
0.9617834394904459
0.9620253164556962
0.9622641509433962
0.9625
0.9627329192546584
0.9629629629629629
0.9631901840490797
0.9634146341463414
0.9636363636363636
0.963855421686747
0.9640718562874252
0.9642857142857143
0.9644970414201184
0.9647058823529412
0.9649122807017544
0.9651162790697675
0.9653179190751445
0.9655172413793104
0.9657142857142857
0.9659090909090909
0.9661016949152542
0.9662921348314607
0.9664804469273743
0.9666666666666667
0.9668508287292817
0.967032967032967
0.9672131147540983
0.967391304347826
0.9675675675675676
0.967741935483871
0.9679144385026738
0.9680851063829787
0.9682539682539683
0.968421052631579
0.9685863874345549
0.96875
0.9689119170984456
0.9690721649484536
0.9692307692307692
0.9693877551020408
0.9695431472081218
0.9696969696969697
0.9698492462311558
0.97
0.9701492537313433
0.9702970297029703
0.9704433497536946
0.9705882352941176
0.9707317073170731
0.970873786407767
0.9710144927536232
0.9711538461538461
0.9712918660287081
0.9714285714285714
0.9715639810426541
0.9716981132075472
0.971830985915493
0.9719626168224299
0.9720930232558139
0.9722222222222222
0.9723502304147466
0.9724770642201835
0.9726027397260274
0.9727272727272728
0.9728506787330317
0.972972972972973
0.9730941704035875
0.9732142857142857
0.9733333333333334
0.9734513274336283
0.973568281938326
0.9736842105263158
0.9737991266375546
0.9739130434782609
0.974025974025974
0.9741379310344828
0.9742489270386266
0.9743589743589743
0.9744680851063829
0.9745762711864406
1.0
1.0
1.0
1.0
1.0
1.0
1.0
1.0
1.0
1.0
1.0
1.0
1.0
1.0
1.0
1.0
1.0
1.0
1.0
1.0
1.0
1.0
1.0
1.0
1.0
1.0
1.0
1.0
1.0
1.0
1.0
1.0
1.0
1.0
1.0
1.0
1.0
1.0
1.0
1.0
1.0
1.0
1.0
1.0
1.0
1.0
1.0
1.0
1.0
1.0
1.0
1.0
1.0
1.0
1.0
1.0
1.0
1.0
1.0
1.0
1.0
1.0
1.0
1.0
1.0
1.0
1.0
1.0
1.0
1.0
1.0
1.0
1.0
1.0
1.0
1.0
1.0
1.0
1.0
1.0
1.0
1.0
0.6086956521739131
0.6231884057971014
0.6376811594202898
0.6521739130434783
0.6666666666666666
0.6811594202898551
0.6956521739130435
0.7101449275362319
0.7246376811594203
0.7391304347826086
0.7536231884057971
0.7681159420289855
0.782608695652174
0.7971014492753623
0.8115942028985508
0.8260869565217391
0.8405797101449275
0.855072463768116
0.8695652173913043
0.8840579710144928
0.8985507246376812
0.9130434782608695
0.927536231884058
0.9420289855072463
0.9565217391304348
0.9571428571428572
0.9577464788732394
0.9583333333333334
0.958904109589041
0.9594594594594594
0.96
0.9605263157894737
0.961038961038961
0.9615384615384616
0.9620253164556962
0.9625
0.9629629629629629
0.9634146341463414
0.963855421686747
0.9642857142857143
0.9647058823529412
0.9651162790697675
0.9655172413793104
0.9659090909090909
0.9662921348314607
0.9666666666666667
0.967032967032967
0.967391304347826
0.967741935483871
0.9680851063829787
0.968421052631579
0.96875
0.9690721649484536
0.979381443298969
0.9896907216494846
1.0
0.6712328767123288
0.678082191780822
0.684931506849315
0.6917808219178082
0.6986301369863014
0.7054794520547946
0.7123287671232876
0.7191780821917808
0.726027397260274
0.7328767123287672
0.7397260273972602
0.7465753424657534
0.7534246575342466
0.7602739726027398
0.7671232876712328
0.773972602739726
0.7808219178082192
0.7876712328767124
0.7945205479452054
0.8013698630136986
0.8082191780821918
0.7727272727272727
0.7792207792207793
0.7806451612903226
0.782051282051282
0.7834394904458599
0.7848101265822784
0.7861635220125787
0.7875
0.7888198757763976
0.7901234567901234
0.7914110429447853
0.7926829268292683
0.793939393939394
0.7951807228915663
0.7964071856287425
0.7976190476190477
0.7988165680473372
0.8
0.8058823529411765
0.8117647058823529
0.8176470588235294
0.8235294117647058
0.8294117647058824
0.8304093567251462
0.8313953488372093
0.8323699421965318
0.8333333333333334
0.8342857142857143
0.8352272727272727
0.8361581920903954
0.8370786516853933
0.8379888268156425
0.8435754189944135
0.8491620111731844
0.8547486033519553
0.8603351955307262
0.8659217877094972
0.8715083798882681
0.8770949720670391
0.88268156424581
0.888268156424581
0.8938547486033519
0.8994413407821229
0.9050279329608939
0.9106145251396648
0.9162011173184358
0.9217877094972067
0.9273743016759777
0.9329608938547486
0.9385474860335196
0.9441340782122905
0.9497206703910615
0.9553072625698324
0.9608938547486033
0.9664804469273743
0.9720670391061452
0.9776536312849162
0.9832402234636871
0.9888268156424581
0.839622641509434
0.8443396226415094
0.8490566037735849
0.8537735849056604
0.8584905660377359
0.8632075471698113
0.8679245283018868
0.8726415094339622
0.8732394366197183
0.8738317757009346
0.8744186046511628
0.875
0.8755760368663594
0.880184331797235
0.8847926267281107
0.8894009216589862
0.8940092165898618
0.8986175115207373
0.9032258064516129
0.9078341013824884
0.9124423963133641
0.9170506912442397
0.9216589861751152
0.9262672811059908
0.9308755760368663
0.9354838709677419
0.9400921658986175
0.9447004608294931
0.9493087557603687
0.9539170506912442
0.9585253456221198
0.9631336405529954
0.967741935483871
0.9461883408071748
0.9506726457399103
0.9551569506726457
0.9596412556053812
0.9641255605381166
0.968609865470852
0.9393939393939394
0.9437229437229437
0.948051948051948
0.9523809523809523
0.9567099567099567
0.961038961038961
0.9653679653679653
0.9655172413793104
0.9656652360515021
0.9658119658119658
0.9659574468085106
0.9661016949152542
0.9662447257383966
0.9663865546218487
0.9665271966527197
0.9666666666666667
0.966804979253112
0.9669421487603306
0.9670781893004116
0.9711934156378601
0.9367588932806324
0.9407114624505929
0.9446640316205533
0.9486166007905138
0.9525691699604744
0.9565217391304348
0.9604743083003953
0.9644268774703557
0.9683794466403162
0.9723320158102767
0.9724409448818898
0.8888888888888888
0.8924731182795699
0.8960573476702509
0.899641577060932
0.9032258064516129
0.9068100358422939
0.910394265232975
0.9139784946236559
0.9175627240143369
0.921146953405018
0.9247311827956989
0.9283154121863799
0.931899641577061
0.9354838709677419
0.9390681003584229
0.8737541528239202
0.8770764119601329
0.8803986710963455
0.8837209302325582
0.8870431893687708
0.8903654485049833
0.893687707641196
0.8970099667774086
0.9003322259136213
0.9036544850498339
0.9069767441860465
0.9102990033222591
0.9136212624584718
0.9169435215946844
1.0
1.0
1.0
1.0
1.0
1.0
1.0
1.0
1.0
1.0
1.0
1.0
1.0
1.0
1.0
1.0
1.0
1.0
1.0
1.0
1.0
1.0
1.0
1.0
1.0
1.0
1.0
1.0
1.0
1.0
1.0
1.0
1.0
1.0
1.0
1.0
1.0
1.0
1.0
1.0
1.0
1.0
1.0
1.0
1.0
1.0
1.0
1.0
1.0
1.0
1.0
1.0
1.0
1.0
1.0
1.0
1.0
1.0
1.0
1.0
1.0
1.0
1.0
1.0
1.0
1.0
1.0
1.0
1.0
1.0
1.0
1.0
1.0
1.0
1.0
1.0
1.0
1.0
1.0
1.0
1.0
1.0
1.0
1.0
1.0
1.0
1.0
1.0
1.0
1.0
1.0
1.0
1.0
1.0
1.0
1.0
1.0
1.0
1.0
1.0
1.0
1.0
1.0
1.0
1.0
1.0
1.0
1.0
1.0
1.0
1.0
1.0
1.0
1.0
1.0
1.0
1.0
1.0
1.0
1.0
1.0
1.0
1.0
0.4810126582278481
0.4875
0.49382716049382713
0.5
0.5060240963855421
0.5119047619047619
0.5176470588235295
0.5232558139534884
0.5287356321839081
0.5340909090909091
0.5393258426966292
0.5444444444444444
0.5494505494505495
0.5543478260869565
0.5591397849462365
0.5638297872340425
0.5684210526315789
0.5729166666666666
0.5773195876288659
0.5816326530612245
0.5858585858585859
0.59
0.594059405940594
0.5980392156862745
0.6019417475728155
0.6057692307692307
0.6095238095238096
0.6132075471698113
0.616822429906542
0.6203703703703703
0.6238532110091743
0.6272727272727273
0.6306306306306306
0.6339285714285714
0.6371681415929203
0.6403508771929824
0.6434782608695652
0.646551724137931
0.6495726495726496
0.652542372881356
0.6554621848739496
0.6583333333333333
0.6611570247933884
0.6639344262295082
0.6666666666666666
0.6693548387096774
0.672
0.6746031746031746
0.6771653543307087
0.6796875
0.6821705426356589
0.6846153846153846
0.6870229007633588
0.6893939393939394
0.6917293233082706
0.6940298507462687
0.6962962962962963
0.6985294117647058
0.7058823529411765
0.7132352941176471
0.7205882352941176
0.7279411764705882
0.7352941176470589
0.7426470588235294
0.75
0.7573529411764706
0.7647058823529411
0.7720588235294118
0.7794117647058824
0.7867647058823529
0.7941176470588235
0.8014705882352942
0.8088235294117647
0.8161764705882353
0.8235294117647058
0.8308823529411765
0.8382352941176471
0.8455882352941176
0.8529411764705882
0.8602941176470589
0.8676470588235294
0.875
0.8823529411764706
0.8897058823529411
0.8970588235294118
0.9044117647058824
0.9117647058823529
0.9191176470588235
0.9264705882352942
0.9338235294117647
0.9343065693430657
0.9347826086956522
0.935251798561151
0.9357142857142857
0.9361702127659575
0.9366197183098591
0.9370629370629371
0.9375
0.9379310344827586
0.9383561643835616
0.9387755102040817
0.9391891891891891
0.9395973154362416
0.94
0.9403973509933775
0.9470198675496688
0.9536423841059603
0.9602649006622517
0.9605263157894737
0.9607843137254902
0.961038961038961
0.9612903225806452
0.9615384615384616
0.9617834394904459
0.9620253164556962
0.9622641509433962
0.9625
0.9627329192546584
0.9629629629629629
0.9631901840490797
0.9634146341463414
0.9636363636363636
0.963855421686747
0.9640718562874252
0.9642857142857143
0.9644970414201184
0.9647058823529412
0.9649122807017544
0.9651162790697675
0.9653179190751445
0.9655172413793104
0.9657142857142857
0.9659090909090909
0.9661016949152542
0.9662921348314607
0.9664804469273743
0.9666666666666667
0.9668508287292817
0.967032967032967
0.9672131147540983
0.967391304347826
0.9675675675675676
0.967741935483871
0.9679144385026738
0.9680851063829787
0.9682539682539683
0.968421052631579
0.9685863874345549
0.96875
0.9689119170984456
0.9690721649484536
0.9692307692307692
0.9693877551020408
0.9695431472081218
0.9696969696969697
0.9698492462311558
0.97
0.9701492537313433
0.9702970297029703
0.9704433497536946
0.9705882352941176
0.9707317073170731
0.970873786407767
0.9710144927536232
0.9711538461538461
0.9712918660287081
0.9714285714285714
0.9715639810426541
0.9716981132075472
0.971830985915493
0.9719626168224299
0.9720930232558139
0.9722222222222222
0.9723502304147466
0.9724770642201835
0.9726027397260274
0.9727272727272728
0.9728506787330317
0.972972972972973
0.9730941704035875
0.9732142857142857
0.9733333333333334
0.9734513274336283
0.973568281938326
0.9736842105263158
0.9737991266375546
0.9739130434782609
0.974025974025974
0.9741379310344828
0.9742489270386266
0.9743589743589743
0.9744680851063829
0.9745762711864406
1.0
1.0
1.0
1.0
1.0
1.0
1.0
1.0
1.0
1.0
1.0
1.0
1.0
1.0
1.0
1.0
1.0
1.0
1.0
1.0
1.0
1.0
1.0
1.0
1.0
1.0
1.0
1.0
1.0
1.0
1.0
1.0
1.0
1.0
1.0
1.0
1.0
1.0
1.0
1.0
1.0
0.6086956521739131
0.6231884057971014
0.6376811594202898
0.6521739130434783
0.6666666666666666
0.6811594202898551
0.6956521739130435
0.7101449275362319
0.7246376811594203
0.7391304347826086
0.7536231884057971
0.7681159420289855
0.782608695652174
0.7971014492753623
0.8115942028985508
0.8260869565217391
0.8405797101449275
0.855072463768116
0.8695652173913043
0.8840579710144928
0.8985507246376812
0.9130434782608695
0.927536231884058
0.9420289855072463
0.9565217391304348
0.9571428571428572
0.9577464788732394
0.9583333333333334
0.958904109589041
0.9594594594594594
0.96
0.9605263157894737
0.961038961038961
0.9615384615384616
0.9620253164556962
0.9625
0.9629629629629629
0.9634146341463414
0.963855421686747
0.9642857142857143
0.9647058823529412
0.9651162790697675
0.9655172413793104
0.9659090909090909
0.9662921348314607
0.9666666666666667
0.967032967032967
0.967391304347826
0.967741935483871
0.9680851063829787
0.968421052631579
0.96875
0.9690721649484536
0.979381443298969
0.9896907216494846
1.0
0.6712328767123288
0.678082191780822
0.684931506849315
0.6917808219178082
0.6986301369863014
0.7054794520547946
0.7123287671232876
0.7191780821917808
0.726027397260274
0.7328767123287672
0.7397260273972602
0.7465753424657534
0.7534246575342466
0.7602739726027398
0.7671232876712328
0.773972602739726
0.7808219178082192
0.7876712328767124
0.7945205479452054
0.8013698630136986
0.8082191780821918
0.7628205128205128
0.7692307692307693
0.7756410256410257
0.782051282051282
0.7884615384615384
0.7948717948717948
0.8012820512820513
0.8076923076923077
0.8141025641025641
0.8205128205128205
0.7962962962962963
0.8024691358024691
0.808641975308642
0.8148148148148148
0.8209876543209876
0.8271604938271605
0.8083832335329342
0.8143712574850299
0.8203592814371258
0.8263473053892215
0.7315789473684211
0.7368421052631579
0.7421052631578947
0.7473684210526316
0.7526315789473684
0.7578947368421053
0.7631578947368421
0.7684210526315789
0.7736842105263158
0.7789473684210526
0.7842105263157895
0.7894736842105263
0.7947368421052632
0.8
0.8052631578947368
0.806282722513089
0.7635467980295566
0.7684729064039408
0.7696078431372549
0.7707317073170732
0.7718446601941747
0.7729468599033816
0.7740384615384616
0.7788461538461539
0.7836538461538461
0.7884615384615384
0.7932692307692307
0.7980769230769231
0.8028846153846154
0.8076923076923077
0.8125
0.8173076923076923
0.8221153846153846
0.7889908256880734
0.7935779816513762
0.7981651376146789
0.8027522935779816
0.8073394495412844
1.0
1.0
1.0
1.0
1.0
1.0
1.0
1.0
1.0
1.0
1.0
1.0
1.0
1.0
1.0
1.0
1.0
1.0
1.0
1.0
1.0
1.0
1.0
1.0
1.0
1.0
1.0
1.0
1.0
1.0
1.0
1.0
1.0
1.0
1.0
1.0
1.0
0.4810126582278481
0.4875
0.49382716049382713
0.5
0.5060240963855421
0.5119047619047619
0.5176470588235295
0.5232558139534884
0.5287356321839081
0.5340909090909091
0.5393258426966292
0.5444444444444444
0.5494505494505495
0.5543478260869565
0.5591397849462365
0.5638297872340425
0.5684210526315789
0.5729166666666666
0.5773195876288659
0.5816326530612245
0.5858585858585859
0.59
0.594059405940594
0.5980392156862745
0.6019417475728155
0.6057692307692307
0.6095238095238096
0.6132075471698113
0.616822429906542
0.6203703703703703
0.6238532110091743
0.6272727272727273
0.6306306306306306
0.6339285714285714
0.6371681415929203
0.6403508771929824
0.6434782608695652
0.646551724137931
0.6495726495726496
0.652542372881356
0.6554621848739496
0.6583333333333333
0.6611570247933884
0.6639344262295082
0.6666666666666666
0.6693548387096774
0.672
0.6746031746031746
0.6771653543307087
0.6796875
0.6821705426356589
0.6846153846153846
0.6870229007633588
0.6893939393939394
0.6917293233082706
0.6940298507462687
0.6962962962962963
0.6985294117647058
0.7058823529411765
0.7132352941176471
0.7205882352941176
0.7279411764705882
0.7352941176470589
0.7426470588235294
0.75
0.7573529411764706
0.7647058823529411
0.7720588235294118
0.7794117647058824
0.7867647058823529
0.7941176470588235
0.8014705882352942
0.8088235294117647
0.8161764705882353
0.8235294117647058
0.8308823529411765
0.8382352941176471
0.8455882352941176
0.8529411764705882
0.8602941176470589
0.8676470588235294
0.875
0.8823529411764706
0.8897058823529411
0.8970588235294118
0.9044117647058824
0.9117647058823529
0.9191176470588235
0.9264705882352942
0.9338235294117647
0.9343065693430657
0.9347826086956522
0.935251798561151
0.9357142857142857
0.9361702127659575
0.9366197183098591
0.9370629370629371
0.9375
0.9379310344827586
0.9383561643835616
0.9387755102040817
0.9391891891891891
0.9395973154362416
0.94
0.9403973509933775
0.9470198675496688
0.9536423841059603
0.9602649006622517
0.9605263157894737
0.9607843137254902
0.961038961038961
0.9612903225806452
0.9615384615384616
0.9617834394904459
0.9620253164556962
0.9622641509433962
0.9625
0.9627329192546584
0.9629629629629629
0.9631901840490797
0.9634146341463414
0.9636363636363636
0.963855421686747
0.9640718562874252
0.9642857142857143
0.9644970414201184
0.9647058823529412
0.9649122807017544
0.9651162790697675
0.9653179190751445
0.9655172413793104
0.9657142857142857
1.0
1.0
1.0
1.0
1.0
1.0
1.0
1.0
1.0
1.0
1.0
1.0
1.0
1.0
1.0
1.0
1.0
1.0
1.0
1.0
1.0
1.0
1.0
1.0
1.0
1.0
1.0
1.0
1.0
1.0
1.0
1.0
1.0
1.0
1.0
1.0
1.0
1.0
1.0
1.0
1.0
1.0
1.0
1.0
1.0
0.6086956521739131
0.6231884057971014
0.6376811594202898
0.6521739130434783
0.6666666666666666
0.6811594202898551
0.6956521739130435
0.7101449275362319
0.7246376811594203
0.7391304347826086
0.7536231884057971
0.7681159420289855
0.782608695652174
0.7971014492753623
0.8115942028985508
0.8260869565217391
0.8405797101449275
0.855072463768116
0.8695652173913043
0.8840579710144928
0.8985507246376812
0.9130434782608695
0.927536231884058
0.9420289855072463
0.9565217391304348
0.9571428571428572
0.9577464788732394
0.9583333333333334
0.958904109589041
0.9594594594594594
0.96
0.9605263157894737
0.961038961038961
0.9615384615384616
0.9620253164556962
0.9625
0.9629629629629629
0.9634146341463414
0.963855421686747
0.9642857142857143
0.9647058823529412
0.9651162790697675
0.9655172413793104
0.9659090909090909
0.9662921348314607
0.9666666666666667
0.967032967032967
0.967391304347826
0.967741935483871
0.9680851063829787
0.968421052631579
0.96875
0.9690721649484536
0.979381443298969
0.9896907216494846
1.0
0.6712328767123288
0.678082191780822
0.684931506849315
0.6917808219178082
0.6986301369863014
0.7054794520547946
0.7123287671232876
0.7191780821917808
0.726027397260274
0.7328767123287672
0.7397260273972602
0.7465753424657534
0.7534246575342466
0.7602739726027398
0.7671232876712328
0.773972602739726
0.7808219178082192
0.7876712328767124
0.7945205479452054
0.8013698630136986
0.8082191780821918
0.7727272727272727
0.7792207792207793
0.7857142857142857
0.7922077922077922
0.7987012987012987
0.8051948051948052
0.8116883116883117
0.8129032258064516
0.8141025641025641
0.8152866242038217
0.8164556962025317
0.8176100628930818
0.81875
0.8198757763975155
0.8209876543209876
0.8220858895705522
0.823170731707317
0.8242424242424242
0.8253012048192772
0.8263473053892215
0.8273809523809523
0.8284023668639053
0.8294117647058824
0.8304093567251462
0.8313953488372093
0.8323699421965318
0.8333333333333334
0.8342857142857143
0.84
0.8409090909090909
0.8418079096045198
0.8426966292134831
0.8435754189944135
0.8444444444444444
0.8453038674033149
0.8461538461538461
0.8469945355191257
0.8478260869565217
0.8486486486486486
0.8494623655913979
0.8502673796791443
0.851063829787234
0.8518518518518519
0.8526315789473684
0.8534031413612565
0.8541666666666666
0.8549222797927462
0.8556701030927835
0.8564102564102564
0.8571428571428571
0.8578680203045685
0.8585858585858586
0.8592964824120602
0.86
0.8606965174129353
0.8613861386138614
0.8620689655172413
0.8186046511627907
0.8232558139534883
0.827906976744186
0.8325581395348837
0.8372093023255814
0.8418604651162791
0.8465116279069768
0.8511627906976744
0.8558139534883721
0.8604651162790697
0.8651162790697674
0.8697674418604651
0.8506787330316742
0.8253275109170306
0.8296943231441049
0.834061135371179
0.8384279475982532
0.8427947598253275
0.8471615720524017
0.851528384279476
0.8521739130434782
0.8528138528138528
0.853448275862069
0.8540772532188842
0.8547008547008547
0.8553191489361702
0.8559322033898306
0.8565400843881856
0.8571428571428571
0.8613445378151261
0.865546218487395
0.8697478991596639
0.8739495798319328
0.8781512605042017
0.8823529411764706
0.8865546218487395
0.8907563025210085
0.8949579831932774
0.8991596638655462
0.9033613445378151
0.907563025210084
0.9117647058823529
0.9159663865546218
0.9201680672268907
0.9243697478991597
0.9285714285714286
0.9327731092436975
0.9369747899159664
0.9411764705882353
0.9453781512605042
0.9495798319327731
0.9537815126050421
0.957983193277311
0.9621848739495799
0.9663865546218487
0.9705882352941176
0.9508196721311475
0.9549180327868853
0.9590163934426229
0.9631147540983607
0.9672131147540983
0.9713114754098361
0.8847583643122676
0.8884758364312267
0.8921933085501859
0.895910780669145
0.8996282527881041
0.9033457249070632
0.9070631970260223
0.9107806691449815
0.9144981412639405
0.9182156133828996
0.9219330855018587
0.9256505576208178
0.929368029739777
0.9330855018587361
0.9368029739776952
0.9068100358422939
0.910394265232975
0.9139784946236559
0.9175627240143369
0.921146953405018
0.9247311827956989
0.9283154121863799
0.931899641577061
0.9354838709677419
0.9390681003584229
0.8737541528239202
0.8770764119601329
0.8803986710963455
0.8837209302325582
0.8870431893687708
0.8903654485049833
0.893687707641196
0.8970099667774086
0.9003322259136213
0.9036544850498339
0.9069767441860465
0.9102990033222591
0.9136212624584718
0.9169435215946844
1.0
1.0
1.0
1.0
1.0
1.0
1.0
1.0
1.0
1.0
1.0
1.0
1.0
1.0
1.0
1.0
1.0
1.0
1.0
1.0
1.0
1.0
1.0
1.0
1.0
1.0
1.0
1.0
1.0
1.0
1.0
1.0
1.0
1.0
1.0
1.0
1.0
0.4810126582278481
0.4875
0.49382716049382713
0.5
0.5060240963855421
0.5119047619047619
0.5176470588235295
0.5232558139534884
0.5287356321839081
0.5340909090909091
0.5393258426966292
0.5444444444444444
0.5494505494505495
0.5543478260869565
0.5591397849462365
0.5638297872340425
0.5684210526315789
0.5729166666666666
0.5773195876288659
0.5816326530612245
0.5858585858585859
0.59
0.594059405940594
0.5980392156862745
0.6019417475728155
0.6057692307692307
0.6095238095238096
0.6132075471698113
0.616822429906542
0.6203703703703703
0.6238532110091743
0.6272727272727273
0.6306306306306306
0.6339285714285714
0.6371681415929203
0.6403508771929824
0.6434782608695652
0.646551724137931
0.6495726495726496
0.652542372881356
0.6554621848739496
0.6583333333333333
0.6611570247933884
0.6639344262295082
0.6666666666666666
0.6693548387096774
0.672
0.6746031746031746
0.6771653543307087
0.6796875
0.6821705426356589
0.6846153846153846
0.6870229007633588
0.6893939393939394
0.6917293233082706
0.6940298507462687
0.6962962962962963
0.6985294117647058
0.7058823529411765
0.7132352941176471
0.7205882352941176
0.7279411764705882
0.7352941176470589
0.7426470588235294
0.75
0.7573529411764706
0.7647058823529411
0.7720588235294118
0.7794117647058824
0.7867647058823529
0.7941176470588235
0.8014705882352942
0.8088235294117647
0.8161764705882353
0.8235294117647058
0.8308823529411765
0.8382352941176471
0.8455882352941176
0.8529411764705882
0.8602941176470589
0.8676470588235294
0.875
0.8823529411764706
0.8897058823529411
0.8970588235294118
0.9044117647058824
0.9117647058823529
0.9191176470588235
0.9264705882352942
0.9338235294117647
0.9343065693430657
0.9347826086956522
0.935251798561151
0.9357142857142857
0.9361702127659575
0.9366197183098591
0.9370629370629371
0.9375
0.9379310344827586
0.9383561643835616
0.9387755102040817
0.9391891891891891
0.9395973154362416
0.94
0.9403973509933775
0.9470198675496688
0.9536423841059603
0.9602649006622517
0.9605263157894737
0.9607843137254902
0.961038961038961
0.9612903225806452
0.9615384615384616
0.9617834394904459
0.9620253164556962
0.9622641509433962
0.9625
0.9627329192546584
0.9629629629629629
0.9631901840490797
0.9634146341463414
0.9636363636363636
0.963855421686747
0.9640718562874252
0.9642857142857143
0.9644970414201184
0.9647058823529412
0.9649122807017544
0.9651162790697675
0.9653179190751445
0.9655172413793104
0.9657142857142857
0.9659090909090909
0.9661016949152542
0.9662921348314607
0.9664804469273743
0.9666666666666667
0.9668508287292817
0.967032967032967
0.9672131147540983
0.967391304347826
0.9675675675675676
0.967741935483871
0.9679144385026738
0.9680851063829787
0.9682539682539683
0.968421052631579
0.9685863874345549
0.96875
0.9689119170984456
0.9690721649484536
0.9692307692307692
0.9693877551020408
0.9695431472081218
0.9696969696969697
0.9698492462311558
0.97
0.9701492537313433
0.9702970297029703
0.9704433497536946
0.9705882352941176
0.9707317073170731
0.970873786407767
0.9710144927536232
0.9711538461538461
0.9712918660287081
0.9714285714285714
0.9715639810426541
0.9716981132075472
0.971830985915493
0.9719626168224299
0.9720930232558139
0.9722222222222222
0.9723502304147466
0.9724770642201835
0.9726027397260274
0.9727272727272728
0.9728506787330317
0.972972972972973
0.9730941704035875
0.9732142857142857
0.9733333333333334
0.9734513274336283
0.973568281938326
0.9736842105263158
0.9737991266375546
0.9739130434782609
0.974025974025974
0.9741379310344828
0.9742489270386266
0.9743589743589743
0.9744680851063829
0.9745762711864406
