1.0
1.0
1.0
1.0
1.0
1.0
1.0
1.0
1.0
1.0
1.0
1.0
1.0
0.8235294117647058
0.8333333333333334
0.8421052631578947
0.85
0.8571428571428571
0.8636363636363636
0.8695652173913043
0.875
0.88
0.8846153846153846
0.8888888888888888
0.8928571428571429
0.896551724137931
0.9
0.9032258064516129
0.90625
0.9090909090909091
0.9117647058823529
0.9142857142857143
0.9166666666666666
0.918918918918919
0.9210526315789473
0.9230769230769231
0.925
0.926829268292683
0.9285714285714286
0.9302325581395349
0.9318181818181818
0.9333333333333333
0.9347826086956522
0.9361702127659575
0.9375
0.9387755102040817
0.94
0.9411764705882353
0.9423076923076923
0.9433962264150944
0.9444444444444444
0.9454545454545454
0.9464285714285714
0.9473684210526315
0.9482758620689655
0.9491525423728814
0.95
0.9508196721311475
0.9516129032258065
0.9523809523809523
0.953125
0.9538461538461539
0.9545454545454546
0.9552238805970149
0.9558823529411765
0.9565217391304348
0.9571428571428572
0.9577464788732394
0.9583333333333334
0.958904109589041
0.9594594594594594
0.96
0.9605263157894737
0.961038961038961
0.9615384615384616
0.9620253164556962
0.9625
0.9629629629629629
0.9634146341463414
0.963855421686747
0.9642857142857143
0.9647058823529412
0.9651162790697675
0.9655172413793104
0.9659090909090909
0.9662921348314607
0.9666666666666667
0.967032967032967
0.967391304347826
0.967741935483871
0.9680851063829787
0.968421052631579
0.96875
0.9690721649484536
0.9693877551020408
0.9696969696969697
0.97
0.9702970297029703
0.9801980198019802
0.9900990099009901
1.0
1.0
1.0
1.0
1.0
1.0
1.0
0.8244274809160306
0.8320610687022901
0.8396946564885496
0.8473282442748091
0.8549618320610687
0.8625954198473282
0.8702290076335878
0.8778625954198473
0.8854961832061069
0.8931297709923665
0.9007633587786259
0.9083969465648855
0.916030534351145
0.9236641221374046
0.9312977099236641
0.9389312977099237
0.9465648854961832
0.9541984732824428
0.9618320610687023
0.9694656488549618
0.9770992366412213
0.9847328244274809
0.9923664122137404
1.0
1.0
1.0
1.0
1.0
1.0
1.0
1.0
1.0
1.0
1.0
1.0
1.0
1.0
1.0
1.0
1.0
1.0
1.0
1.0
1.0
1.0
1.0
1.0
1.0
1.0
1.0
1.0
1.0
1.0
1.0
1.0
1.0
1.0
1.0
1.0
1.0
1.0
1.0
1.0
1.0
1.0
1.0
1.0
1.0
1.0
1.0
1.0
1.0
1.0
1.0
1.0
1.0
1.0
1.0
1.0
1.0
1.0
1.0
1.0
1.0
1.0
1.0
1.0
1.0
1.0
1.0
1.0
1.0
1.0
1.0
1.0
1.0
1.0
1.0
1.0
1.0
1.0
1.0
1.0
1.0
1.0
1.0
1.0
1.0
1.0
1.0
1.0
1.0
1.0
1.0
1.0
1.0
1.0
1.0
1.0
1.0
1.0
1.0
1.0
1.0
1.0
1.0
1.0
1.0
1.0
1.0
1.0
1.0
1.0
1.0
1.0
1.0
1.0
1.0
1.0
1.0
1.0
1.0
1.0
1.0
1.0
1.0
1.0
1.0
1.0
1.0
1.0
1.0
1.0
1.0
1.0
1.0
1.0
1.0
1.0
1.0
1.0
1.0
1.0
1.0
1.0
1.0
1.0
1.0
1.0
1.0
1.0
1.0
1.0
1.0
1.0
1.0
1.0
1.0
1.0
1.0
1.0
1.0
1.0
1.0
1.0
1.0
1.0
1.0
1.0
1.0
1.0
1.0
1.0
1.0
1.0
1.0
1.0
1.0
1.0
1.0
1.0
1.0
1.0
1.0
1.0
1.0
1.0
1.0
1.0
1.0
1.0
1.0
1.0
1.0
1.0
1.0
1.0
1.0
1.0
1.0
1.0
1.0
1.0
1.0
0.9651162790697675
0.8560411311053985
0.8586118251928021
0.8611825192802056
0.8637532133676092
0.8663239074550129
0.8688946015424165
0.87146529562982
0.8717948717948718
0.8721227621483376
0.8746803069053708
0.8772378516624041
0.8797953964194374
0.8823529411764706
0.8849104859335039
0.887468030690537
0.8900255754475703
0.8925831202046036
0.8951406649616368
0.8976982097186701
0.9002557544757033
0.9028132992327366
0.9053708439897699
0.907928388746803
0.9104859335038363
0.9130434782608695
0.9156010230179028
0.9181585677749361
0.8955223880597015
0.8980099502487562
0.900497512437811
0.9029850746268657
0.9054726368159204
0.9079601990049752
0.9104477611940298
0.9129353233830846
0.8141592920353983
0.8163716814159292
0.8185840707964602
0.8207964601769911
0.8230088495575221
0.8252212389380531
0.827433628318584
0.8296460176991151
0.831858407079646
0.834070796460177
0.8362831858407079
0.838495575221239
0.8407079646017699
0.8429203539823009
0.8451327433628318
0.8473451327433629
0.8495575221238938
0.8517699115044248
0.8539823008849557
0.8561946902654868
0.8584070796460177
0.8606194690265486
0.8628318584070797
0.8650442477876106
0.8672566371681416
0.8694690265486725
0.8716814159292036
0.8738938053097345
0.8761061946902655
0.7876984126984127
0.7896825396825397
0.7916666666666666
0.7936507936507936
0.7956349206349206
0.7976190476190477
0.7996031746031746
0.8015873015873016
0.8035714285714286
0.8055555555555556
0.8075396825396826
0.8095238095238095
0.8115079365079365
0.8134920634920635
0.8154761904761905
0.8174603174603174
0.8194444444444444
0.8214285714285714
0.8234126984126984
0.8253968253968254
0.8273809523809523
0.8293650793650794
0.8313492063492064
0.8333333333333334
0.8353174603174603
0.8373015873015873
0.8392857142857143
0.8412698412698413
0.8432539682539683
0.8452380952380952
0.8472222222222222
0.8492063492063492
0.8511904761904762
0.8531746031746031
0.8551587301587301
0.8571428571428571
0.8591269841269841
0.8611111111111112
0.8630952380952381
0.8650793650793651
0.8670634920634921
0.8690476190476191
0.871031746031746
0.873015873015873
0.8681102362204725
0.8700787401574803
0.8720472440944882
0.8740157480314961
1.0
1.0
1.0
1.0
1.0
1.0
1.0
1.0
1.0
1.0
1.0
1.0
1.0
0.8235294117647058
0.8333333333333334
0.8421052631578947
0.85
0.8571428571428571
0.8636363636363636
0.8695652173913043
0.875
0.88
0.8846153846153846
0.8888888888888888
0.8928571428571429
0.896551724137931
0.9
0.9032258064516129
0.90625
0.9090909090909091
0.9117647058823529
0.9142857142857143
0.9166666666666666
0.918918918918919
0.9210526315789473
0.9230769230769231
0.925
0.926829268292683
0.9285714285714286
0.9302325581395349
0.9318181818181818
0.9333333333333333
0.9347826086956522
0.9361702127659575
0.9375
0.9387755102040817
0.94
0.9411764705882353
0.9423076923076923
0.9433962264150944
0.9444444444444444
0.9454545454545454
0.9464285714285714
0.9473684210526315
0.9482758620689655
0.9491525423728814
0.95
0.9508196721311475
0.9516129032258065
0.9523809523809523
0.953125
0.9538461538461539
0.9545454545454546
0.9552238805970149
0.9558823529411765
0.9565217391304348
0.9571428571428572
0.9577464788732394
0.9583333333333334
0.958904109589041
0.9594594594594594
0.96
0.9605263157894737
0.961038961038961
0.9615384615384616
0.9620253164556962
0.9625
0.9629629629629629
0.9634146341463414
0.963855421686747
0.9642857142857143
0.9647058823529412
0.9651162790697675
0.9655172413793104
0.9659090909090909
0.9662921348314607
0.9666666666666667
0.967032967032967
0.967391304347826
0.967741935483871
0.9680851063829787
0.968421052631579
0.96875
0.9690721649484536
0.9693877551020408
0.9696969696969697
0.97
0.9702970297029703
0.9801980198019802
0.9900990099009901
1.0
1.0
1.0
1.0
1.0
1.0
1.0
0.8244274809160306
0.8320610687022901
0.8396946564885496
0.8473282442748091
0.8549618320610687
0.8625954198473282
0.8702290076335878
0.8778625954198473
0.8854961832061069
0.8931297709923665
0.9007633587786259
0.9083969465648855
0.916030534351145
0.9236641221374046
0.9312977099236641
0.9389312977099237
0.9465648854961832
0.9541984732824428
0.9618320610687023
0.9694656488549618
0.9770992366412213
0.9847328244274809
0.9923664122137404
1.0
1.0
1.0
1.0
1.0
1.0
1.0
1.0
1.0
1.0
1.0
1.0
1.0
1.0
1.0
1.0
1.0
1.0
1.0
1.0
1.0
1.0
1.0
1.0
1.0
1.0
1.0
1.0
1.0
1.0
1.0
1.0
1.0
1.0
1.0
1.0
1.0
1.0
1.0
1.0
1.0
1.0
1.0
1.0
1.0
1.0
1.0
1.0
1.0
1.0
1.0
1.0
1.0
1.0
1.0
1.0
1.0
1.0
1.0
1.0
1.0
1.0
1.0
1.0
1.0
1.0
1.0
1.0
1.0
1.0
1.0
1.0
1.0
1.0
1.0
1.0
1.0
1.0
1.0
1.0
1.0
1.0
1.0
1.0
1.0
1.0
1.0
1.0
1.0
1.0
1.0
1.0
1.0
1.0
1.0
1.0
1.0
1.0
1.0
1.0
1.0
1.0
1.0
1.0
1.0
1.0
1.0
1.0
1.0
1.0
1.0
1.0
1.0
1.0
1.0
1.0
1.0
1.0
1.0
1.0
1.0
1.0
1.0
1.0
1.0
1.0
1.0
1.0
1.0
1.0
1.0
1.0
1.0
1.0
1.0
1.0
1.0
1.0
1.0
1.0
1.0
1.0
1.0
1.0
1.0
1.0
1.0
1.0
1.0
1.0
1.0
1.0
1.0
1.0
1.0
1.0
1.0
1.0
1.0
1.0
1.0
1.0
1.0
1.0
1.0
1.0
1.0
1.0
1.0
1.0
1.0
1.0
1.0
1.0
1.0
1.0
1.0
1.0
1.0
1.0
1.0
1.0
1.0
1.0
1.0
1.0
1.0
1.0
1.0
1.0
1.0
1.0
1.0
1.0
1.0
1.0
1.0
1.0
1.0
1.0
1.0
0.9651162790697675
0.8451776649746193
0.8477157360406091
0.850253807106599
0.850632911392405
0.851010101010101
0.8535353535353535
0.8560606060606061
0.8585858585858586
0.8611111111111112
0.8636363636363636
0.8661616161616161
0.8686868686868687
0.8712121212121212
0.8737373737373737
0.8762626262626263
0.8787878787878788
0.8813131313131313
0.8838383838383839
0.8863636363636364
0.8888888888888888
0.8914141414141414
0.8939393939393939
0.8964646464646465
0.898989898989899
0.9015151515151515
0.9040404040404041
0.9065656565656566
0.9090909090909091
0.9116161616161617
0.9141414141414141
0.9166666666666666
0.8943488943488943
0.8968058968058968
0.8992628992628993
0.9017199017199017
0.9041769041769042
0.9066339066339066
0.9090909090909091
0.9115479115479116
0.8230088495575221
0.8252212389380531
0.827433628318584
0.8296460176991151
0.831858407079646
0.834070796460177
0.8362831858407079
0.838495575221239
0.8407079646017699
0.8429203539823009
0.8451327433628318
0.8473451327433629
0.8495575221238938
0.8517699115044248
0.8539823008849557
0.8561946902654868
0.8584070796460177
0.8606194690265486
0.8628318584070797
0.8650442477876106
0.8672566371681416
0.8694690265486725
0.8716814159292036
0.8738938053097345
0.8761061946902655
0.8706140350877193
0.8728070175438597
0.875
0.8771929824561403
0.7893700787401575
0.7913385826771654
0.7933070866141733
0.7952755905511811
0.797244094488189
0.7992125984251969
0.8011811023622047
0.8031496062992126
0.8051181102362205
0.8070866141732284
0.8090551181102362
0.8110236220472441
0.812992125984252
0.8149606299212598
0.8169291338582677
0.8188976377952756
0.8208661417322834
0.8228346456692913
0.8248031496062992
0.8267716535433071
0.8287401574803149
0.8307086614173228
0.8326771653543307
0.8346456692913385
0.8366141732283464
0.8385826771653543
0.8405511811023622
0.84251968503937
0.844488188976378
0.8464566929133859
0.8484251968503937
0.8503937007874016
0.8523622047244095
0.8543307086614174
0.8562992125984252
0.8582677165354331
0.860236220472441
0.8622047244094488
0.8641732283464567
0.8661417322834646
0.8681102362204725
0.8700787401574803
0.8720472440944882
0.8740157480314961
0.8759842519685039
0.8779527559055118
0.8799212598425197
1.0
1.0
1.0
1.0
1.0
1.0
1.0
1.0
1.0
1.0
1.0
1.0
1.0
1.0
1.0
1.0
1.0
1.0
1.0
1.0
1.0
1.0
1.0
1.0
1.0
1.0
1.0
1.0
1.0
1.0
1.0
1.0
1.0
1.0
1.0
1.0
1.0
1.0
1.0
1.0
1.0
1.0
1.0
1.0
1.0
1.0
1.0
1.0
1.0
1.0
1.0
1.0
1.0
1.0
1.0
1.0
1.0
1.0
1.0
1.0
1.0
1.0
1.0
1.0
1.0
1.0
1.0
1.0
1.0
1.0
1.0
1.0
1.0
1.0
1.0
1.0
1.0
1.0
1.0
1.0
1.0
1.0
1.0
1.0
1.0
1.0
1.0
1.0
1.0
1.0
1.0
1.0
1.0
1.0
1.0
1.0
1.0
1.0
1.0
1.0
1.0
1.0
1.0
1.0
0.8235294117647058
0.8333333333333334
0.8421052631578947
0.85
0.8571428571428571
0.8636363636363636
0.8695652173913043
0.875
0.88
0.8846153846153846
0.8888888888888888
0.8928571428571429
0.896551724137931
0.9
0.9032258064516129
0.90625
0.9090909090909091
0.9117647058823529
0.9142857142857143
0.9166666666666666
0.918918918918919
0.9210526315789473
0.9230769230769231
0.925
0.926829268292683
0.9285714285714286
0.9302325581395349
0.9318181818181818
0.9333333333333333
0.9347826086956522
0.9361702127659575
0.9375
0.9387755102040817
0.94
0.9411764705882353
0.9423076923076923
0.9433962264150944
0.9444444444444444
0.9454545454545454
0.9464285714285714
0.9473684210526315
0.9482758620689655
0.9491525423728814
0.95
0.9508196721311475
0.9516129032258065
0.9523809523809523
0.953125
0.9538461538461539
0.9545454545454546
0.9552238805970149
0.9558823529411765
0.9565217391304348
0.9571428571428572
0.9577464788732394
0.9583333333333334
0.958904109589041
0.9594594594594594
0.96
0.9605263157894737
0.961038961038961
0.9615384615384616
0.9620253164556962
0.9625
0.9629629629629629
0.9634146341463414
0.963855421686747
0.9642857142857143
0.9647058823529412
0.9651162790697675
0.9655172413793104
0.9659090909090909
0.9662921348314607
0.9666666666666667
0.967032967032967
0.967391304347826
0.967741935483871
0.9680851063829787
0.968421052631579
0.96875
0.9690721649484536
0.9693877551020408
0.9696969696969697
0.97
0.9702970297029703
0.9801980198019802
0.9900990099009901
1.0
1.0
1.0
1.0
1.0
1.0
1.0
0.8244274809160306
0.8320610687022901
0.8396946564885496
0.8473282442748091
0.8549618320610687
0.8625954198473282
0.8702290076335878
0.8778625954198473
0.8854961832061069
0.8931297709923665
0.9007633587786259
0.9083969465648855
0.916030534351145
0.9236641221374046
0.9312977099236641
0.9389312977099237
0.9465648854961832
0.9541984732824428
0.9618320610687023
0.9694656488549618
0.9770992366412213
0.9847328244274809
0.9923664122137404
1.0
1.0
1.0
1.0
1.0
1.0
1.0
1.0
1.0
1.0
1.0
1.0
1.0
1.0
1.0
1.0
1.0
1.0
1.0
1.0
1.0
1.0
1.0
1.0
1.0
1.0
1.0
1.0
1.0
1.0
1.0
1.0
1.0
1.0
1.0
1.0
1.0
1.0
1.0
1.0
1.0
1.0
1.0
1.0
1.0
1.0
1.0
1.0
1.0
1.0
1.0
1.0
1.0
1.0
1.0
1.0
1.0
1.0
1.0
1.0
1.0
1.0
1.0
1.0
1.0
1.0
1.0
1.0
1.0
1.0
1.0
1.0
1.0
1.0
1.0
1.0
1.0
1.0
1.0
1.0
1.0
1.0
1.0
1.0
1.0
1.0
1.0
1.0
1.0
1.0
1.0
1.0
1.0
1.0
1.0
1.0
1.0
1.0
1.0
1.0
1.0
1.0
1.0
1.0
1.0
1.0
1.0
1.0
1.0
1.0
1.0
1.0
1.0
1.0
1.0
1.0
1.0
1.0
1.0
1.0
1.0
1.0
1.0
1.0
1.0
1.0
1.0
1.0
1.0
1.0
1.0
1.0
1.0
1.0
1.0
1.0
1.0
1.0
1.0
1.0
1.0
1.0
1.0
1.0
1.0
1.0
1.0
1.0
1.0
1.0
1.0
1.0
1.0
1.0
1.0
1.0
1.0
1.0
1.0
1.0
1.0
1.0
1.0
1.0
1.0
1.0
1.0
1.0
1.0
1.0
1.0
1.0
1.0
1.0
1.0
1.0
1.0
1.0
1.0
1.0
1.0
1.0
1.0
1.0
1.0
1.0
1.0
1.0
1.0
1.0
1.0
1.0
1.0
1.0
1.0
1.0
1.0
1.0
1.0
0.8418367346938775
0.8443877551020408
0.8469387755102041
0.8473282442748091
0.8477157360406091
0.850253807106599
0.8527918781725888
0.8553299492385786
0.8578680203045685
0.8604060913705583
0.8629441624365483
0.8654822335025381
0.868020304568528
0.8705583756345178
0.8730964467005076
0.8756345177664975
0.8781725888324873
0.8807106598984772
0.883248730964467
0.8857868020304569
0.8883248730964467
0.8908629441624365
0.8934010152284264
0.8959390862944162
0.8984771573604061
0.9010152284263959
0.9035532994923858
0.9060913705583756
0.9086294416243654
0.9111675126903553
0.9137055837563451
0.907035175879397
0.9095477386934674
0.9120603015075377
0.914572864321608
0.8239277652370203
0.8261851015801355
0.8284424379232506
0.8306997742663657
0.8329571106094809
0.835214446952596
0.837471783295711
0.8397291196388262
0.8419864559819413
0.8442437923250564
0.8465011286681715
0.8487584650112867
0.8510158013544018
0.8532731376975169
0.8555304740406321
0.8577878103837472
0.8600451467268623
0.8623024830699775
0.8645598194130926
0.8668171557562077
0.8690744920993227
0.871331828442438
0.873589164785553
0.8758465011286681
0.8781038374717833
0.8783783783783784
0.7883064516129032
0.7903225806451613
0.7923387096774194
0.7943548387096774
0.7963709677419355
0.7983870967741935
0.8004032258064516
0.8024193548387096
0.8044354838709677
0.8064516129032258
0.8084677419354839
0.8104838709677419
0.8125
0.8145161290322581
0.8165322580645161
0.8185483870967742
0.8205645161290323
0.8225806451612904
0.8245967741935484
0.8266129032258065
0.8286290322580645
0.8306451612903226
0.8326612903225806
0.8346774193548387
0.8366935483870968
0.8387096774193549
0.8407258064516129
0.842741935483871
0.844758064516129
0.8467741935483871
0.8487903225806451
0.8508064516129032
0.8528225806451613
0.8548387096774194
0.8568548387096774
0.8588709677419355
0.8608870967741935
0.8629032258064516
0.8631790744466801
0.8634538152610441
0.8637274549098196
0.864
0.8642714570858283
0.8645418326693227
0.8648111332007953
0.8650793650793651
0.8670634920634921
0.8690476190476191
0.871031746031746
0.873015873015873
0.875
0.876984126984127
0.8772277227722772
0.8774703557312253
0.8725490196078431
0.87279843444227
1.0
1.0
1.0
1.0
1.0
1.0
1.0
1.0
1.0
1.0
1.0
1.0
1.0
0.8235294117647058
0.8333333333333334
0.8421052631578947
0.85
0.8571428571428571
0.8636363636363636
0.8695652173913043
0.875
0.88
0.8846153846153846
0.8888888888888888
0.8928571428571429
0.896551724137931
0.9
0.9032258064516129
0.90625
0.9090909090909091
0.9117647058823529
0.9142857142857143
0.9166666666666666
0.918918918918919
0.9210526315789473
0.9230769230769231
0.925
0.926829268292683
0.9285714285714286
0.9302325581395349
0.9318181818181818
0.9333333333333333
0.9347826086956522
0.9361702127659575
0.9375
0.9387755102040817
0.94
0.9411764705882353
0.9423076923076923
0.9433962264150944
0.9444444444444444
0.9454545454545454
0.9464285714285714
0.9473684210526315
0.9482758620689655
0.9491525423728814
0.95
0.9508196721311475
0.9516129032258065
0.9523809523809523
0.953125
0.9538461538461539
0.9545454545454546
0.9552238805970149
0.9558823529411765
0.9565217391304348
0.9571428571428572
0.9577464788732394
0.9583333333333334
0.958904109589041
0.9594594594594594
0.96
0.9605263157894737
0.961038961038961
0.9615384615384616
0.9620253164556962
0.9625
0.9629629629629629
0.9634146341463414
0.963855421686747
0.9642857142857143
0.9647058823529412
0.9651162790697675
0.9655172413793104
0.9659090909090909
0.9662921348314607
0.9666666666666667
0.967032967032967
0.967391304347826
0.967741935483871
0.9680851063829787
0.968421052631579
0.96875
0.9690721649484536
0.9693877551020408
0.9696969696969697
0.97
0.9702970297029703
0.9801980198019802
0.9900990099009901
1.0
1.0
1.0
1.0
1.0
1.0
1.0
0.8244274809160306
0.8320610687022901
0.8396946564885496
0.8473282442748091
0.8549618320610687
0.8625954198473282
0.8702290076335878
0.8778625954198473
0.8854961832061069
0.8931297709923665
0.9007633587786259
0.9083969465648855
0.916030534351145
0.9236641221374046
0.9312977099236641
0.9389312977099237
0.9465648854961832
0.9541984732824428
0.9618320610687023
0.9694656488549618
0.9770992366412213
0.9847328244274809
0.9923664122137404
1.0
1.0
1.0
1.0
1.0
1.0
1.0
1.0
1.0
1.0
1.0
1.0
1.0
1.0
1.0
1.0
1.0
1.0
1.0
1.0
1.0
1.0
1.0
1.0
1.0
1.0
1.0
1.0
1.0
1.0
1.0
1.0
1.0
1.0
1.0
1.0
1.0
1.0
1.0
1.0
1.0
1.0
1.0
1.0
1.0
1.0
1.0
1.0
1.0
1.0
1.0
1.0
1.0
1.0
1.0
1.0
1.0
1.0
1.0
1.0
1.0
1.0
1.0
1.0
1.0
1.0
1.0
1.0
1.0
1.0
1.0
1.0
1.0
1.0
1.0
1.0
1.0
1.0
1.0
1.0
1.0
1.0
1.0
1.0
1.0
1.0
1.0
1.0
1.0
1.0
1.0
1.0
1.0
1.0
1.0
1.0
1.0
1.0
1.0
1.0
1.0
1.0
1.0
1.0
1.0
1.0
1.0
1.0
1.0
1.0
1.0
1.0
1.0
1.0
1.0
1.0
1.0
1.0
1.0
1.0
1.0
1.0
1.0
1.0
1.0
1.0
1.0
1.0
1.0
1.0
1.0
1.0
1.0
1.0
1.0
1.0
1.0
1.0
1.0
1.0
1.0
1.0
1.0
1.0
1.0
1.0
1.0
1.0
1.0
1.0
1.0
1.0
1.0
1.0
1.0
1.0
1.0
1.0
1.0
1.0
1.0
1.0
1.0
1.0
1.0
1.0
1.0
1.0
1.0
1.0
1.0
1.0
1.0
1.0
1.0
1.0
1.0
1.0
1.0
1.0
1.0
1.0
1.0
1.0
1.0
1.0
1.0
1.0
1.0
1.0
1.0
1.0
1.0
1.0
1.0
1.0
1.0
1.0
1.0
0.9649122807017544
0.8401015228426396
0.8426395939086294
0.8451776649746193
0.8477157360406091
0.850253807106599
0.8527918781725888
0.8553299492385786
0.8578680203045685
0.8604060913705583
0.8629441624365483
0.8654822335025381
0.868020304568528
0.8705583756345178
0.8730964467005076
0.8756345177664975
0.8781725888324873
0.8807106598984772
0.883248730964467
0.8857868020304569
0.8883248730964467
0.8908629441624365
0.8934010152284264
0.8959390862944162
0.8984771573604061
0.9010152284263959
0.9035532994923858
0.9060913705583756
0.9086294416243654
0.9111675126903553
0.9137055837563451
0.916243654822335
0.9187817258883249
0.9213197969543148
0.9238578680203046
0.9263959390862944
0.9289340101522843
0.9314720812182741
0.934010152284264
0.9341772151898734
0.9343434343434344
0.9345088161209067
0.9346733668341709
0.9348370927318296
0.935
0.9351620947630923
0.9353233830845771
0.9354838709677419
0.9356435643564357
0.9381188118811881
0.9405940594059405
0.943069306930693
0.9455445544554455
0.948019801980198
0.9504950495049505
0.9506172839506173
0.9507389162561576
0.9508599508599509
0.9509803921568627
0.9511002444987775
0.9512195121951219
0.9513381995133819
0.9514563106796117
0.9515738498789347
0.9516908212560387
0.9518072289156626
0.9519230769230769
0.9520383693045563
0.9521531100478469
0.9522673031026253
0.9523809523809523
0.9524940617577197
0.95260663507109
0.9527186761229315
0.9528301886792453
0.9529411764705882
0.9530516431924883
0.9531615925058547
0.9532710280373832
0.9533799533799534
0.9534883720930233
0.9535962877030162
0.9537037037037037
0.953810623556582
0.9539170506912442
0.9540229885057471
0.9541284403669725
0.954233409610984
1.0
1.0
1.0
1.0
1.0
1.0
1.0
1.0
1.0
1.0
1.0
1.0
1.0
0.8235294117647058
0.8333333333333334
0.8421052631578947
0.85
0.8571428571428571
0.8636363636363636
0.8695652173913043
0.875
0.88
0.8846153846153846
0.8888888888888888
0.8928571428571429
0.896551724137931
0.9
0.9032258064516129
0.90625
0.9090909090909091
0.9117647058823529
0.9142857142857143
0.9166666666666666
0.918918918918919
0.9210526315789473
0.9230769230769231
0.925
0.926829268292683
0.9285714285714286
0.9302325581395349
0.9318181818181818
0.9333333333333333
0.9347826086956522
0.9361702127659575
0.9375
0.9387755102040817
0.94
0.9411764705882353
0.9423076923076923
0.9433962264150944
0.9444444444444444
0.9454545454545454
0.9464285714285714
0.9473684210526315
0.9482758620689655
0.9491525423728814
0.95
0.9508196721311475
0.9516129032258065
0.9523809523809523
0.953125
0.9538461538461539
0.9545454545454546
0.9552238805970149
0.9558823529411765
0.9565217391304348
0.9571428571428572
0.9577464788732394
0.9583333333333334
0.958904109589041
0.9594594594594594
0.96
0.9605263157894737
0.961038961038961
0.9615384615384616
0.9620253164556962
0.9625
0.9629629629629629
0.9634146341463414
0.963855421686747
0.9642857142857143
0.9647058823529412
0.9651162790697675
0.9655172413793104
0.9659090909090909
0.9662921348314607
0.9666666666666667
0.967032967032967
0.967391304347826
0.967741935483871
0.9680851063829787
0.968421052631579
0.96875
0.9690721649484536
0.9693877551020408
0.9696969696969697
0.97
0.9702970297029703
0.9801980198019802
0.9900990099009901
1.0
1.0
1.0
1.0
1.0
1.0
1.0
0.8244274809160306
0.8320610687022901
0.8396946564885496
0.8473282442748091
0.8549618320610687
0.8625954198473282
0.8702290076335878
0.8778625954198473
0.8854961832061069
0.8931297709923665
0.9007633587786259
0.9083969465648855
0.916030534351145
0.9236641221374046
0.9312977099236641
0.9389312977099237
0.9465648854961832
0.9541984732824428
0.9618320610687023
0.9694656488549618
0.9770992366412213
0.9847328244274809
0.9923664122137404
1.0
1.0
1.0
1.0
1.0
1.0
1.0
1.0
1.0
1.0
1.0
1.0
1.0
1.0
1.0
1.0
1.0
1.0
1.0
1.0
1.0
1.0
1.0
1.0
1.0
1.0
1.0
1.0
1.0
1.0
1.0
1.0
1.0
1.0
1.0
1.0
1.0
1.0
1.0
1.0
1.0
1.0
1.0
1.0
1.0
1.0
1.0
1.0
1.0
1.0
1.0
1.0
1.0
1.0
1.0
1.0
1.0
1.0
1.0
1.0
1.0
1.0
1.0
1.0
1.0
1.0
1.0
1.0
1.0
1.0
1.0
1.0
1.0
1.0
1.0
1.0
1.0
1.0
1.0
1.0
1.0
1.0
1.0
1.0
1.0
1.0
1.0
1.0
1.0
1.0
1.0
1.0
1.0
1.0
1.0
1.0
1.0
1.0
1.0
1.0
1.0
1.0
1.0
1.0
1.0
1.0
1.0
1.0
1.0
1.0
1.0
1.0
1.0
1.0
1.0
1.0
1.0
1.0
1.0
1.0
1.0
1.0
1.0
1.0
1.0
1.0
1.0
1.0
1.0
1.0
1.0
1.0
1.0
1.0
1.0
1.0
1.0
1.0
1.0
1.0
1.0
1.0
1.0
1.0
1.0
1.0
1.0
1.0
1.0
1.0
1.0
1.0
1.0
1.0
1.0
1.0
1.0
1.0
1.0
1.0
1.0
1.0
1.0
1.0
1.0
1.0
1.0
1.0
1.0
1.0
1.0
1.0
1.0
1.0
1.0
1.0
1.0
1.0
1.0
1.0
1.0
1.0
1.0
1.0
1.0
1.0
1.0
1.0
1.0
1.0
1.0
1.0
1.0
1.0
1.0
1.0
1.0
1.0
1.0
0.9649122807017544
0.8401015228426396
0.8426395939086294
0.8451776649746193
0.8477157360406091
0.850253807106599
0.8527918781725888
0.8553299492385786
0.8578680203045685
0.8604060913705583
0.8629441624365483
0.8654822335025381
0.868020304568528
0.8705583756345178
0.8730964467005076
0.8756345177664975
0.8781725888324873
0.8807106598984772
0.883248730964467
0.8857868020304569
0.8883248730964467
0.8908629441624365
0.8934010152284264
0.8959390862944162
0.8984771573604061
0.9010152284263959
0.9035532994923858
0.9060913705583756
0.9086294416243654
0.9111675126903553
0.9137055837563451
0.916243654822335
0.9187817258883249
0.9213197969543148
0.9238578680203046
0.9263959390862944
0.9289340101522843
0.9314720812182741
0.934010152284264
0.9341772151898734
0.9343434343434344
0.9345088161209067
0.9346733668341709
0.9348370927318296
0.935
0.9351620947630923
0.9353233830845771
0.9354838709677419
0.9356435643564357
0.9381188118811881
0.9405940594059405
0.943069306930693
0.9455445544554455
0.948019801980198
0.9504950495049505
0.9506172839506173
0.9507389162561576
0.9508599508599509
0.9509803921568627
0.9511002444987775
0.9512195121951219
0.9513381995133819
0.9514563106796117
0.9515738498789347
0.9516908212560387
0.9518072289156626
0.9519230769230769
0.9520383693045563
0.9521531100478469
0.9522673031026253
0.9523809523809523
0.9524940617577197
0.95260663507109
0.9527186761229315
0.9528301886792453
0.9529411764705882
0.9530516431924883
0.9531615925058547
0.9532710280373832
0.9533799533799534
0.9534883720930233
0.9535962877030162
0.9537037037037037
0.953810623556582
0.9539170506912442
0.9540229885057471
0.9541284403669725
0.954233409610984
1.0
1.0
1.0
1.0
1.0
1.0
1.0
1.0
1.0
1.0
1.0
1.0
1.0
0.8235294117647058
0.8333333333333334
0.8421052631578947
0.85
0.8571428571428571
0.8636363636363636
0.8695652173913043
0.875
0.88
0.8846153846153846
0.8888888888888888
0.8928571428571429
0.896551724137931
0.9
0.9032258064516129
0.90625
0.9090909090909091
0.9117647058823529
0.9142857142857143
0.9166666666666666
0.918918918918919
0.9210526315789473
0.9230769230769231
0.925
0.926829268292683
0.9285714285714286
0.9302325581395349
0.9318181818181818
0.9333333333333333
0.9347826086956522
0.9361702127659575
0.9375
0.9387755102040817
0.94
0.9411764705882353
0.9423076923076923
0.9433962264150944
0.9444444444444444
0.9454545454545454
0.9464285714285714
0.9473684210526315
0.9482758620689655
0.9491525423728814
0.95
0.9508196721311475
0.9516129032258065
0.9523809523809523
0.953125
0.9538461538461539
0.9545454545454546
0.9552238805970149
0.9558823529411765
0.9565217391304348
0.9571428571428572
0.9577464788732394
0.9583333333333334
0.958904109589041
0.9594594594594594
0.96
0.9605263157894737
0.961038961038961
0.9615384615384616
0.9620253164556962
0.9625
0.9629629629629629
0.9634146341463414
0.963855421686747
0.9642857142857143
0.9647058823529412
0.9651162790697675
0.9655172413793104
0.9659090909090909
0.9662921348314607
0.9666666666666667
0.967032967032967
0.967391304347826
0.967741935483871
0.9680851063829787
0.968421052631579
0.96875
0.9690721649484536
0.9693877551020408
0.9696969696969697
0.97
0.9702970297029703
0.9801980198019802
0.9900990099009901
1.0
1.0
1.0
1.0
1.0
1.0
1.0
0.8244274809160306
0.8320610687022901
0.8396946564885496
0.8473282442748091
0.8549618320610687
0.8625954198473282
0.8702290076335878
0.8778625954198473
0.8854961832061069
0.8931297709923665
0.9007633587786259
0.9083969465648855
0.916030534351145
0.9236641221374046
0.9312977099236641
0.9389312977099237
0.9465648854961832
0.9541984732824428
0.9618320610687023
0.9694656488549618
0.9770992366412213
0.9847328244274809
0.9923664122137404
1.0
1.0
1.0
1.0
1.0
1.0
1.0
1.0
1.0
1.0
1.0
1.0
1.0
1.0
1.0
1.0
1.0
1.0
1.0
1.0
1.0
1.0
1.0
1.0
1.0
1.0
1.0
1.0
1.0
1.0
1.0
1.0
1.0
1.0
1.0
1.0
1.0
1.0
1.0
1.0
1.0
1.0
1.0
1.0
1.0
1.0
1.0
1.0
1.0
1.0
1.0
1.0
1.0
1.0
1.0
1.0
1.0
1.0
1.0
1.0
1.0
1.0
1.0
1.0
1.0
1.0
1.0
1.0
1.0
1.0
1.0
1.0
1.0
1.0
1.0
1.0
1.0
1.0
1.0
1.0
1.0
1.0
1.0
1.0
1.0
1.0
1.0
1.0
1.0
1.0
1.0
1.0
1.0
1.0
1.0
1.0
1.0
1.0
1.0
1.0
1.0
1.0
1.0
1.0
1.0
1.0
1.0
1.0
1.0
1.0
1.0
1.0
1.0
1.0
1.0
1.0
1.0
1.0
1.0
1.0
1.0
1.0
1.0
1.0
1.0
1.0
1.0
1.0
1.0
1.0
1.0
1.0
1.0
1.0
1.0
1.0
1.0
1.0
1.0
1.0
1.0
1.0
1.0
1.0
1.0
1.0
1.0
1.0
1.0
1.0
1.0
1.0
1.0
1.0
1.0
1.0
1.0
1.0
1.0
1.0
1.0
1.0
1.0
1.0
1.0
1.0
1.0
1.0
1.0
1.0
1.0
1.0
1.0
1.0
1.0
1.0
1.0
1.0
1.0
1.0
1.0
1.0
1.0
1.0
1.0
1.0
1.0
1.0
1.0
1.0
1.0
1.0
1.0
1.0
1.0
1.0
1.0
1.0
1.0
0.9565217391304348
0.9594202898550724
0.9623188405797102
0.9624277456647399
0.962536023054755
0.9654178674351584
0.9655172413793104
0.8425
0.845
0.8475
0.85
0.8525
0.855
0.8575
0.86
0.8625
0.865
0.8675
0.87
0.8725
0.875
0.8775
0.88
0.8825
0.885
0.8875
0.89
0.8925
0.895
0.8975
0.9
0.9025
0.905
0.9075
0.91
0.9125
0.915
0.9175
0.92
0.9225
0.925
0.9275
0.93
0.9325
0.935
0.9351620947630923
0.9353233830845771
0.9354838709677419
0.9356435643564357
0.9358024691358025
0.9359605911330049
0.9361179361179361
0.9362745098039216
0.9364303178484108
0.9365853658536586
0.9367396593673966
0.9391727493917275
0.9416058394160584
0.9440389294403893
0.9464720194647201
0.948905109489051
0.9513381995133819
0.9514563106796117
0.9515738498789347
1.0
1.0
1.0
1.0
1.0
1.0
1.0
1.0
1.0
1.0
1.0
1.0
1.0
0.8235294117647058
0.8333333333333334
0.8421052631578947
0.85
0.8571428571428571
0.8636363636363636
0.8695652173913043
0.875
0.88
0.8846153846153846
0.8888888888888888
0.8928571428571429
0.896551724137931
0.9
0.9032258064516129
0.90625
0.9090909090909091
0.9117647058823529
0.9142857142857143
0.9166666666666666
0.918918918918919
0.9210526315789473
0.9230769230769231
0.925
0.926829268292683
0.9285714285714286
0.9302325581395349
0.9318181818181818
0.9333333333333333
0.9347826086956522
0.9361702127659575
0.9375
0.9387755102040817
0.94
0.9411764705882353
0.9423076923076923
0.9433962264150944
0.9444444444444444
0.9454545454545454
0.9464285714285714
0.9473684210526315
0.9482758620689655
0.9491525423728814
0.95
0.9508196721311475
0.9516129032258065
0.9523809523809523
0.953125
0.9538461538461539
0.9545454545454546
0.9552238805970149
0.9558823529411765
0.9565217391304348
0.9571428571428572
0.9577464788732394
0.9583333333333334
0.958904109589041
0.9594594594594594
0.96
0.9605263157894737
0.961038961038961
0.9615384615384616
0.9620253164556962
0.9625
0.9629629629629629
0.9634146341463414
0.963855421686747
0.9642857142857143
0.9647058823529412
0.9651162790697675
0.9655172413793104
0.9659090909090909
0.9662921348314607
0.9666666666666667
0.967032967032967
0.967391304347826
0.967741935483871
0.9680851063829787
0.968421052631579
0.96875
0.9690721649484536
0.9693877551020408
0.9696969696969697
0.97
0.9702970297029703
0.9801980198019802
0.9900990099009901
1.0
1.0
1.0
1.0
1.0
1.0
1.0
0.8244274809160306
0.8320610687022901
0.8396946564885496
0.8473282442748091
0.8549618320610687
0.8625954198473282
0.8702290076335878
0.8778625954198473
0.8854961832061069
0.8931297709923665
0.9007633587786259
0.9083969465648855
0.916030534351145
0.9236641221374046
0.9312977099236641
0.9389312977099237
0.9465648854961832
0.9541984732824428
0.9618320610687023
0.9694656488549618
0.9770992366412213
0.9847328244274809
0.9923664122137404
1.0
1.0
1.0
1.0
1.0
1.0
1.0
1.0
1.0
1.0
1.0
1.0
1.0
1.0
1.0
1.0
1.0
1.0
1.0
1.0
1.0
1.0
1.0
1.0
1.0
1.0
1.0
1.0
1.0
1.0
1.0
1.0
1.0
1.0
1.0
1.0
1.0
1.0
1.0
1.0
1.0
1.0
1.0
1.0
1.0
1.0
1.0
1.0
1.0
1.0
1.0
1.0
1.0
1.0
1.0
1.0
1.0
1.0
1.0
1.0
1.0
1.0
1.0
1.0
1.0
1.0
1.0
1.0
1.0
1.0
1.0
1.0
1.0
1.0
1.0
1.0
1.0
1.0
1.0
1.0
1.0
1.0
1.0
1.0
1.0
1.0
1.0
1.0
1.0
1.0
1.0
1.0
1.0
1.0
1.0
1.0
1.0
1.0
1.0
1.0
1.0
1.0
1.0
1.0
1.0
1.0
1.0
1.0
1.0
1.0
1.0
1.0
1.0
1.0
1.0
1.0
1.0
1.0
1.0
1.0
1.0
1.0
1.0
1.0
1.0
1.0
1.0
1.0
1.0
1.0
1.0
1.0
1.0
1.0
1.0
1.0
1.0
1.0
1.0
1.0
1.0
1.0
1.0
1.0
1.0
1.0
1.0
1.0
1.0
1.0
1.0
1.0
1.0
1.0
1.0
1.0
1.0
1.0
1.0
1.0
1.0
1.0
1.0
1.0
1.0
1.0
1.0
1.0
1.0
1.0
1.0
1.0
1.0
1.0
1.0
1.0
1.0
1.0
1.0
1.0
1.0
1.0
1.0
1.0
1.0
1.0
1.0
1.0
1.0
1.0
1.0
1.0
1.0
1.0
1.0
1.0
1.0
1.0
1.0
0.9565217391304348
0.9594202898550724
0.9623188405797102
0.9624277456647399
0.962536023054755
0.9654178674351584
0.9655172413793104
0.8425
0.845
0.8475
0.85
0.8525
0.855
0.8575
0.86
0.8625
0.865
0.8675
0.87
0.8725
0.875
0.8775
0.88
0.8825
0.885
0.8875
0.89
0.8925
0.895
0.8975
0.9
0.9025
0.905
0.9075
0.91
0.9125
0.915
0.9175
0.92
0.9225
0.925
0.9275
0.93
0.9325
0.935
0.9351620947630923
0.9353233830845771
0.9354838709677419
0.9356435643564357
0.9358024691358025
0.9359605911330049
0.9361179361179361
0.9362745098039216
0.9364303178484108
0.9365853658536586
0.9367396593673966
0.9391727493917275
0.9416058394160584
0.9440389294403893
0.9464720194647201
0.948905109489051
0.9513381995133819
0.9514563106796117
0.9515738498789347
1.0
1.0
1.0
1.0
1.0
1.0
1.0
1.0
1.0
1.0
1.0
1.0
1.0
0.8235294117647058
0.8333333333333334
0.8421052631578947
0.85
0.8571428571428571
0.8636363636363636
0.8695652173913043
0.875
0.88
0.8846153846153846
0.8888888888888888
0.8928571428571429
0.896551724137931
0.9
0.9032258064516129
0.90625
0.9090909090909091
0.9117647058823529
0.9142857142857143
0.9166666666666666
0.918918918918919
0.9210526315789473
0.9230769230769231
0.925
0.926829268292683
0.9285714285714286
0.9302325581395349
0.9318181818181818
0.9333333333333333
0.9347826086956522
0.9361702127659575
0.9375
0.9387755102040817
0.94
0.9411764705882353
0.9423076923076923
0.9433962264150944
0.9444444444444444
0.9454545454545454
0.9464285714285714
0.9473684210526315
0.9482758620689655
0.9491525423728814
0.95
0.9508196721311475
0.9516129032258065
0.9523809523809523
0.953125
0.9538461538461539
0.9545454545454546
0.9552238805970149
0.9558823529411765
0.9565217391304348
0.9571428571428572
0.9577464788732394
0.9583333333333334
0.958904109589041
0.9594594594594594
0.96
0.9605263157894737
0.961038961038961
0.9615384615384616
0.9620253164556962
0.9625
0.9629629629629629
0.9634146341463414
0.963855421686747
0.9642857142857143
0.9647058823529412
0.9651162790697675
0.9655172413793104
0.9659090909090909
0.9662921348314607
0.9666666666666667
0.967032967032967
0.967391304347826
0.967741935483871
0.9680851063829787
0.968421052631579
0.96875
0.9690721649484536
0.9693877551020408
0.9696969696969697
0.97
0.9702970297029703
0.9801980198019802
0.9900990099009901
1.0
1.0
1.0
1.0
1.0
1.0
1.0
0.8244274809160306
0.8320610687022901
0.8396946564885496
0.8473282442748091
0.8549618320610687
0.8625954198473282
0.8702290076335878
0.8778625954198473
0.8854961832061069
0.8931297709923665
0.9007633587786259
0.9083969465648855
0.916030534351145
0.9236641221374046
0.9312977099236641
0.9389312977099237
0.9465648854961832
0.9541984732824428
0.9618320610687023
0.9694656488549618
0.9770992366412213
0.9847328244274809
0.9923664122137404
1.0
1.0
1.0
1.0
1.0
1.0
1.0
1.0
1.0
1.0
1.0
1.0
1.0
1.0
1.0
1.0
1.0
1.0
1.0
1.0
1.0
1.0
1.0
1.0
1.0
1.0
1.0
1.0
1.0
1.0
1.0
1.0
1.0
1.0
1.0
1.0
1.0
1.0
1.0
1.0
1.0
1.0
1.0
1.0
1.0
1.0
1.0
1.0
1.0
1.0
1.0
1.0
1.0
1.0
1.0
1.0
1.0
1.0
1.0
1.0
1.0
1.0
1.0
1.0
1.0
1.0
1.0
1.0
1.0
1.0
1.0
1.0
1.0
1.0
1.0
1.0
1.0
1.0
1.0
1.0
1.0
1.0
1.0
1.0
1.0
1.0
1.0
1.0
1.0
1.0
1.0
1.0
1.0
1.0
1.0
1.0
1.0
1.0
1.0
1.0
1.0
1.0
1.0
1.0
1.0
1.0
1.0
1.0
1.0
1.0
1.0
1.0
1.0
1.0
1.0
1.0
1.0
1.0
1.0
1.0
1.0
1.0
1.0
1.0
1.0
1.0
1.0
1.0
1.0
1.0
1.0
1.0
1.0
1.0
1.0
1.0
1.0
1.0
1.0
1.0
1.0
1.0
1.0
1.0
1.0
1.0
1.0
1.0
1.0
1.0
1.0
1.0
1.0
1.0
1.0
1.0
1.0
1.0
1.0
1.0
1.0
1.0
1.0
1.0
1.0
1.0
1.0
1.0
1.0
1.0
1.0
1.0
1.0
1.0
1.0
1.0
1.0
1.0
1.0
1.0
1.0
1.0
1.0
1.0
1.0
1.0
1.0
1.0
1.0
1.0
1.0
1.0
1.0
1.0
1.0
1.0
1.0
1.0
1.0
0.9375
0.9403409090909091
0.9431818181818182
0.9460227272727273
0.9488636363636364
0.9517045454545454
0.9545454545454546
0.9573863636363636
0.8366336633663366
0.8391089108910891
0.8415841584158416
0.844059405940594
0.8465346534653465
0.849009900990099
0.8514851485148515
0.8539603960396039
0.8564356435643564
0.8589108910891089
0.8613861386138614
0.8638613861386139
0.8663366336633663
0.8688118811881188
0.8712871287128713
0.8737623762376238
0.8762376237623762
0.8787128712871287
0.8811881188118812
0.8836633663366337
0.8861386138613861
0.8886138613861386
0.8910891089108911
0.8935643564356436
0.8960396039603961
0.8985148514851485
0.900990099009901
0.9034653465346535
0.905940594059406
0.9084158415841584
0.9108910891089109
0.9133663366336634
0.9158415841584159
0.9183168316831684
0.9207920792079208
0.9232673267326733
0.9234567901234568
0.9236453201970444
0.9261083743842364
0.9285714285714286
0.9310344827586207
0.9334975369458128
0.9359605911330049
0.9384236453201971
0.9408866995073891
0.9433497536945813
0.9365853658536586
0.9390243902439024
0.9414634146341463
0.9439024390243902
0.8434782608695652
0.8456521739130435
0.8478260869565217
0.85
0.8521739130434782
0.8543478260869565
0.8565217391304348
0.8586956521739131
0.8608695652173913
0.8630434782608696
0.8652173913043478
0.8673913043478261
0.8695652173913043
0.8717391304347826
0.8739130434782608
0.8760869565217392
0.8782608695652174
0.8804347826086957
0.8826086956521739
0.8847826086956522
0.8869565217391304
0.8891304347826087
0.8913043478260869
0.8934782608695652
0.8956521739130435
0.8978260869565218
0.9
0.9021739130434783
0.9043478260869565
0.9045553145336226
0.8260869565217391
0.8280632411067194
0.8300395256916996
0.8320158102766798
0.83399209486166
0.8359683794466403
0.8379446640316206
0.8399209486166008
0.841897233201581
0.8438735177865613
0.8458498023715415
0.8478260869565217
0.849802371541502
0.8517786561264822
0.8537549407114624
0.8557312252964426
0.857707509881423
0.8596837944664032
0.8616600790513834
0.8636363636363636
0.8656126482213439
0.8675889328063241
0.8695652173913043
0.8715415019762845
0.8735177865612648
0.873767258382643
0.8740157480314961
