1.0
1.0
1.0
1.0
1.0
1.0
0.3684210526315789
0.4
0.42857142857142855
0.3333333333333333
0.36666666666666664
0.4
0.43333333333333335
0.4666666666666667
0.5
0.5333333333333333
0.5666666666666667
0.6
0.6333333333333333
0.6666666666666666
0.6774193548387096
0.6875
0.71875
0.75
0.78125
0.8125
0.84375
0.875
1.0
1.0
1.0
1.0
1.0
1.0
0.3684210526315789
0.4
0.42857142857142855
0.3333333333333333
0.36666666666666664
0.4
0.43333333333333335
0.4666666666666667
0.5
0.5333333333333333
0.5666666666666667
0.6
0.6333333333333333
0.6666666666666666
0.6774193548387096
0.6875
0.71875
0.75
0.78125
0.8125
0.84375
0.875
1.0
1.0
1.0
1.0
1.0
1.0
1.0
1.0
1.0
1.0
1.0
1.0
1.0
1.0
1.0
0.3684210526315789
0.4
0.42857142857142855
0.3333333333333333
0.36666666666666664
0.4
0.43333333333333335
0.4666666666666667
0.5
0.5333333333333333
0.5666666666666667
0.6
0.6333333333333333
0.6666666666666666
0.6774193548387096
0.6875
0.71875
0.75
0.78125
0.8125
0.84375
0.875
1.0
1.0
1.0
1.0
1.0
1.0
0.3684210526315789
0.4
0.42857142857142855
0.3333333333333333
0.36666666666666664
0.4
0.43333333333333335
0.4666666666666667
0.5
0.5333333333333333
0.5666666666666667
0.6
0.6333333333333333
0.6666666666666666
0.6774193548387096
0.6875
0.71875
0.75
1.0
1.0
1.0
1.0
1.0
1.0
0.3684210526315789
0.4
0.42857142857142855
0.3333333333333333
0.36666666666666664
0.4
0.43333333333333335
0.4666666666666667
0.5
0.5333333333333333
0.5666666666666667
0.6
0.6333333333333333
0.6666666666666666
0.6774193548387096
0.6875
0.71875
0.75
0.78125
0.8125
0.84375
0.875
1.0
1.0
1.0
1.0
1.0
1.0
0.3684210526315789
0.4
0.42857142857142855
0.3333333333333333
0.36666666666666664
0.4
0.43333333333333335
0.4666666666666667
0.5
0.5333333333333333
0.5666666666666667
0.6
0.6333333333333333
0.6666666666666666
0.6774193548387096
0.6875
0.71875
0.75
0.78125
0.8125
0.84375
0.875
