1.0
1.0
1.0
1.0
1.0
1.0
1.0
1.0
1.0
1.0
1.0
1.0
1.0
1.0
1.0
1.0
1.0
0.46153846153846156
0.475
0.4878048780487805
0.5
0.5116279069767442
0.5227272727272727
0.5333333333333333
0.5434782608695652
0.5531914893617021
0.5625
0.5714285714285714
0.58
0.5882352941176471
0.6078431372549019
0.6274509803921569
0.6470588235294118
0.6666666666666666
0.6862745098039216
0.7058823529411765
0.7254901960784313
0.7450980392156863
0.7647058823529411
0.7692307692307693
0.7735849056603774
0.7777777777777778
0.7818181818181819
0.7857142857142857
0.8035714285714286
0.8214285714285714
0.8245614035087719
0.8421052631578947
0.8596491228070176
0.8771929824561403
1.0
1.0
1.0
1.0
1.0
1.0
1.0
1.0
1.0
1.0
1.0
1.0
1.0
1.0
1.0
1.0
1.0
0.46153846153846156
0.475
0.4878048780487805
0.5
0.5116279069767442
0.5227272727272727
0.5333333333333333
0.5434782608695652
0.5531914893617021
0.5625
0.5714285714285714
0.58
0.5882352941176471
0.6078431372549019
0.6274509803921569
0.6470588235294118
0.6666666666666666
0.6862745098039216
0.7058823529411765
0.7254901960784313
0.7450980392156863
0.7647058823529411
0.7692307692307693
0.7735849056603774
0.7777777777777778
0.7818181818181819
0.7857142857142857
0.8035714285714286
0.8214285714285714
0.8245614035087719
0.8421052631578947
0.8596491228070176
0.8771929824561403
1.0
1.0
1.0
1.0
1.0
1.0
1.0
1.0
1.0
1.0
1.0
1.0
1.0
1.0
1.0
1.0
1.0
1.0
1.0
1.0
1.0
1.0
1.0
1.0
1.0
1.0
1.0
1.0
1.0
1.0
1.0
1.0
1.0
1.0
0.46153846153846156
0.475
0.4878048780487805
0.5
0.5116279069767442
0.5227272727272727
0.5333333333333333
0.5434782608695652
0.5531914893617021
0.5625
0.5714285714285714
0.58
0.5882352941176471
0.6078431372549019
0.6274509803921569
0.6470588235294118
0.6666666666666666
0.6862745098039216
0.7058823529411765
0.7254901960784313
0.7450980392156863
0.7647058823529411
0.7692307692307693
0.7735849056603774
0.7777777777777778
0.7818181818181819
0.7857142857142857
0.8035714285714286
0.8214285714285714
0.8245614035087719
0.8421052631578947
0.8596491228070176
0.8771929824561403
1.0
1.0
1.0
1.0
1.0
1.0
1.0
1.0
1.0
1.0
1.0
1.0
1.0
1.0
1.0
1.0
1.0
0.46153846153846156
0.475
0.4878048780487805
0.5
0.5116279069767442
0.5227272727272727
0.5333333333333333
0.5434782608695652
0.5531914893617021
0.5625
0.5714285714285714
0.58
0.5882352941176471
0.6078431372549019
0.6274509803921569
0.6470588235294118
0.6666666666666666
0.6862745098039216
0.7058823529411765
0.7254901960784313
0.7450980392156863
0.7647058823529411
0.7692307692307693
0.7735849056603774
0.7777777777777778
0.7818181818181819
0.7857142857142857
0.8035714285714286
0.8214285714285714
0.8245614035087719
0.8421052631578947
0.8596491228070176
0.8771929824561403
1.0
1.0
1.0
1.0
1.0
1.0
1.0
1.0
1.0
1.0
1.0
1.0
1.0
1.0
1.0
1.0
1.0
1.0
1.0
1.0
1.0
1.0
1.0
1.0
0.46153846153846156
0.475
0.4878048780487805
0.5
0.5116279069767442
0.5227272727272727
0.5333333333333333
0.5434782608695652
0.5531914893617021
0.5625
0.5714285714285714
0.58
0.5882352941176471
0.6078431372549019
0.6274509803921569
0.6470588235294118
0.6666666666666666
0.6862745098039216
0.7058823529411765
0.7254901960784313
0.7450980392156863
0.7647058823529411
0.7692307692307693
0.7735849056603774
0.7777777777777778
0.7818181818181819
0.7857142857142857
0.8035714285714286
0.8214285714285714
0.8245614035087719
0.8421052631578947
0.8596491228070176
0.8771929824561403
