|checker| success id$0$color:green$: 
==========================
$FilePath$/src/index.js
Line 7	PromtHere.prototype.open = function(dir) {
	var cmd = null;
	switch(process.platform) {
	    case "win32":
	        cmd = 'start "' + dir + '" /D "' + dir + '"';
	        break;
	    case "win64":
	        cmd = 'start "' + dir + '" /D "' + dir + '"';
	        break;
	    default:
	        throw new Error(process.platform + " is not supported. Please CONTRIBUTE at https://github.com/s-a/node-prompt-here.");
	}
	child_process.exec(cmd);
};
$FilePath$/src/index.js
Line 11		        cmd = 'start "' + dir + '" /D "' + dir + '"';
$FilePath$/app/ODGen/builtin_packages/child_process.js
Line 6	  sink_hqbpillvul_exec(sink);

|checker| success id$1$color:green$: 
==========================
$FilePath$/src/index.js
Line 7	PromtHere.prototype.open = function(dir) {
	var cmd = null;
	switch(process.platform) {
	    case "win32":
	        cmd = 'start "' + dir + '" /D "' + dir + '"';
	        break;
	    case "win64":
	        cmd = 'start "' + dir + '" /D "' + dir + '"';
	        break;
	    default:
	        throw new Error(process.platform + " is not supported. Please CONTRIBUTE at https://github.com/s-a/node-prompt-here.");
	}
	child_process.exec(cmd);
};
$FilePath$/src/index.js
Line 14		        cmd = 'start "' + dir + '" /D "' + dir + '"';
$FilePath$/app/ODGen/builtin_packages/child_process.js
Line 6	  sink_hqbpillvul_exec(sink);

|checker| success id$0$color:green$: 
==========================
$FilePath$/src/index.js
Line 7	PromtHere.prototype.open = function(dir) {
	var cmd = null;
	switch(process.platform) {
	    case "win32":
	        cmd = 'start "' + dir + '" /D "' + dir + '"';
	        break;
	    case "win64":
	        cmd = 'start "' + dir + '" /D "' + dir + '"';
	        break;
	    default:
	        throw new Error(process.platform + " is not supported. Please CONTRIBUTE at https://github.com/s-a/node-prompt-here.");
	}
	child_process.exec(cmd);
};
$FilePath$/src/index.js
Line 11		        cmd = 'start "' + dir + '" /D "' + dir + '"';
$FilePath$/app/ODGen/builtin_packages/child_process.js
Line 6	  sink_hqbpillvul_exec(sink);

|checker| success id$1$color:green$: 
==========================
$FilePath$/src/index.js
Line 7	PromtHere.prototype.open = function(dir) {
	var cmd = null;
	switch(process.platform) {
	    case "win32":
	        cmd = 'start "' + dir + '" /D "' + dir + '"';
	        break;
	    case "win64":
	        cmd = 'start "' + dir + '" /D "' + dir + '"';
	        break;
	    default:
	        throw new Error(process.platform + " is not supported. Please CONTRIBUTE at https://github.com/s-a/node-prompt-here.");
	}
	child_process.exec(cmd);
};
$FilePath$/src/index.js
Line 14		        cmd = 'start "' + dir + '" /D "' + dir + '"';
$FilePath$/app/ODGen/builtin_packages/child_process.js
Line 6	  sink_hqbpillvul_exec(sink);

|checker| success id$0$color:green$: 
==========================
$FilePath$/src/index.js
Line 7	PromtHere.prototype.open = function(dir) {
	var cmd = null;
	switch(process.platform) {
	    case "win32":
	        cmd = 'start "' + dir + '" /D "' + dir + '"';
	        break;
	    case "win64":
	        cmd = 'start "' + dir + '" /D "' + dir + '"';
	        break;
	    default:
	        throw new Error(process.platform + " is not supported. Please CONTRIBUTE at https://github.com/s-a/node-prompt-here.");
	}
	child_process.exec(cmd);
};
$FilePath$/src/index.js
Line 11		        cmd = 'start "' + dir + '" /D "' + dir + '"';
$FilePath$/app/ODGen/builtin_packages/child_process.js
Line 6	  sink_hqbpillvul_exec(sink);

|checker| success id$1$color:green$: 
==========================
$FilePath$/src/index.js
Line 7	PromtHere.prototype.open = function(dir) {
	var cmd = null;
	switch(process.platform) {
	    case "win32":
	        cmd = 'start "' + dir + '" /D "' + dir + '"';
	        break;
	    case "win64":
	        cmd = 'start "' + dir + '" /D "' + dir + '"';
	        break;
	    default:
	        throw new Error(process.platform + " is not supported. Please CONTRIBUTE at https://github.com/s-a/node-prompt-here.");
	}
	child_process.exec(cmd);
};
$FilePath$/src/index.js
Line 14		        cmd = 'start "' + dir + '" /D "' + dir + '"';
$FilePath$/app/ODGen/builtin_packages/child_process.js
Line 6	  sink_hqbpillvul_exec(sink);

|checker| success id$0$color:green$: 
==========================
$FilePath$/src/index.js
Line 7	PromtHere.prototype.open = function(dir) {
	var cmd = null;
	switch(process.platform) {
	    case "win32":
	        cmd = 'start "' + dir + '" /D "' + dir + '"';
	        break;
	    case "win64":
	        cmd = 'start "' + dir + '" /D "' + dir + '"';
	        break;
	    default:
	        throw new Error(process.platform + " is not supported. Please CONTRIBUTE at https://github.com/s-a/node-prompt-here.");
	}
	child_process.exec(cmd);
};
$FilePath$/src/index.js
Line 14		        cmd = 'start "' + dir + '" /D "' + dir + '"';
$FilePath$/app/ODGen/builtin_packages/child_process.js
Line 6	  sink_hqbpillvul_exec(sink);

|checker| success id$1$color:green$: 
==========================
$FilePath$/src/index.js
Line 7	PromtHere.prototype.open = function(dir) {
	var cmd = null;
	switch(process.platform) {
	    case "win32":
	        cmd = 'start "' + dir + '" /D "' + dir + '"';
	        break;
	    case "win64":
	        cmd = 'start "' + dir + '" /D "' + dir + '"';
	        break;
	    default:
	        throw new Error(process.platform + " is not supported. Please CONTRIBUTE at https://github.com/s-a/node-prompt-here.");
	}
	child_process.exec(cmd);
};
$FilePath$/src/index.js
Line 11		        cmd = 'start "' + dir + '" /D "' + dir + '"';
$FilePath$/app/ODGen/builtin_packages/child_process.js
Line 6	  sink_hqbpillvul_exec(sink);

|checker| success id$2$color:green$: 
==========================
$FilePath$/src/index.js
Line 7	PromtHere.prototype.open = function(dir) {
	var cmd = null;
	switch(process.platform) {
	    case "win32":
	        cmd = 'start "' + dir + '" /D "' + dir + '"';
	        break;
	    case "win64":
	        cmd = 'start "' + dir + '" /D "' + dir + '"';
	        break;
	    default:
	        throw new Error(process.platform + " is not supported. Please CONTRIBUTE at https://github.com/s-a/node-prompt-here.");
	}
	child_process.exec(cmd);
};
$FilePath$/src/index.js
Line 14		        cmd = 'start "' + dir + '" /D "' + dir + '"';
$FilePath$/app/ODGen/builtin_packages/child_process.js
Line 6	  sink_hqbpillvul_exec(sink);

|checker| success id$3$color:green$: 
==========================
$FilePath$/src/index.js
Line 7	PromtHere.prototype.open = function(dir) {
	var cmd = null;
	switch(process.platform) {
	    case "win32":
	        cmd = 'start "' + dir + '" /D "' + dir + '"';
	        break;
	    case "win64":
	        cmd = 'start "' + dir + '" /D "' + dir + '"';
	        break;
	    default:
	        throw new Error(process.platform + " is not supported. Please CONTRIBUTE at https://github.com/s-a/node-prompt-here.");
	}
	child_process.exec(cmd);
};
$FilePath$/src/index.js
Line 11		        cmd = 'start "' + dir + '" /D "' + dir + '"';
$FilePath$/app/ODGen/builtin_packages/child_process.js
Line 6	  sink_hqbpillvul_exec(sink);

|checker| success id$0$color:green$: 
==========================
$FilePath$/src/index.js
Line 7	PromtHere.prototype.open = function(dir) {
	var cmd = null;
	switch(process.platform) {
	    case "win32":
	        cmd = 'start "' + dir + '" /D "' + dir + '"';
	        break;
	    case "win64":
	        cmd = 'start "' + dir + '" /D "' + dir + '"';
	        break;
	    default:
	        throw new Error(process.platform + " is not supported. Please CONTRIBUTE at https://github.com/s-a/node-prompt-here.");
	}
	child_process.exec(cmd);
};
$FilePath$/src/index.js
Line 14		        cmd = 'start "' + dir + '" /D "' + dir + '"';
$FilePath$/app/ODGen/builtin_packages/child_process.js
Line 6	  sink_hqbpillvul_exec(sink);

|checker| success id$1$color:green$: 
==========================
$FilePath$/src/index.js
Line 7	PromtHere.prototype.open = function(dir) {
	var cmd = null;
	switch(process.platform) {
	    case "win32":
	        cmd = 'start "' + dir + '" /D "' + dir + '"';
	        break;
	    case "win64":
	        cmd = 'start "' + dir + '" /D "' + dir + '"';
	        break;
	    default:
	        throw new Error(process.platform + " is not supported. Please CONTRIBUTE at https://github.com/s-a/node-prompt-here.");
	}
	child_process.exec(cmd);
};
$FilePath$/src/index.js
Line 11		        cmd = 'start "' + dir + '" /D "' + dir + '"';
$FilePath$/app/ODGen/builtin_packages/child_process.js
Line 6	  sink_hqbpillvul_exec(sink);

|checker| success id$2$color:green$: 
==========================
$FilePath$/src/index.js
Line 7	PromtHere.prototype.open = function(dir) {
	var cmd = null;
	switch(process.platform) {
	    case "win32":
	        cmd = 'start "' + dir + '" /D "' + dir + '"';
	        break;
	    case "win64":
	        cmd = 'start "' + dir + '" /D "' + dir + '"';
	        break;
	    default:
	        throw new Error(process.platform + " is not supported. Please CONTRIBUTE at https://github.com/s-a/node-prompt-here.");
	}
	child_process.exec(cmd);
};
$FilePath$/src/index.js
Line 14		        cmd = 'start "' + dir + '" /D "' + dir + '"';
$FilePath$/app/ODGen/builtin_packages/child_process.js
Line 6	  sink_hqbpillvul_exec(sink);

|checker| success id$3$color:green$: 
==========================
$FilePath$/src/index.js
Line 7	PromtHere.prototype.open = function(dir) {
	var cmd = null;
	switch(process.platform) {
	    case "win32":
	        cmd = 'start "' + dir + '" /D "' + dir + '"';
	        break;
	    case "win64":
	        cmd = 'start "' + dir + '" /D "' + dir + '"';
	        break;
	    default:
	        throw new Error(process.platform + " is not supported. Please CONTRIBUTE at https://github.com/s-a/node-prompt-here.");
	}
	child_process.exec(cmd);
};
$FilePath$/src/index.js
Line 11		        cmd = 'start "' + dir + '" /D "' + dir + '"';
$FilePath$/app/ODGen/builtin_packages/child_process.js
Line 6	  sink_hqbpillvul_exec(sink);

|checker| success id$0$color:green$: 
==========================
$FilePath$/src/index.js
Line 7	PromtHere.prototype.open = function(dir) {
	var cmd = null;
	switch(process.platform) {
	    case "win32":
	        cmd = 'start "' + dir + '" /D "' + dir + '"';
	        break;
	    case "win64":
	        cmd = 'start "' + dir + '" /D "' + dir + '"';
	        break;
	    default:
	        throw new Error(process.platform + " is not supported. Please CONTRIBUTE at https://github.com/s-a/node-prompt-here.");
	}
	child_process.exec(cmd);
};
$FilePath$/src/index.js
Line 14		        cmd = 'start "' + dir + '" /D "' + dir + '"';
$FilePath$/app/ODGen/builtin_packages/child_process.js
Line 6	  sink_hqbpillvul_exec(sink);

|checker| success id$1$color:green$: 
==========================
$FilePath$/src/index.js
Line 7	PromtHere.prototype.open = function(dir) {
	var cmd = null;
	switch(process.platform) {
	    case "win32":
	        cmd = 'start "' + dir + '" /D "' + dir + '"';
	        break;
	    case "win64":
	        cmd = 'start "' + dir + '" /D "' + dir + '"';
	        break;
	    default:
	        throw new Error(process.platform + " is not supported. Please CONTRIBUTE at https://github.com/s-a/node-prompt-here.");
	}
	child_process.exec(cmd);
};
$FilePath$/src/index.js
Line 11		        cmd = 'start "' + dir + '" /D "' + dir + '"';
$FilePath$/app/ODGen/builtin_packages/child_process.js
Line 6	  sink_hqbpillvul_exec(sink);

|checker| success id$2$color:green$: 
==========================
$FilePath$/src/index.js
Line 7	PromtHere.prototype.open = function(dir) {
	var cmd = null;
	switch(process.platform) {
	    case "win32":
	        cmd = 'start "' + dir + '" /D "' + dir + '"';
	        break;
	    case "win64":
	        cmd = 'start "' + dir + '" /D "' + dir + '"';
	        break;
	    default:
	        throw new Error(process.platform + " is not supported. Please CONTRIBUTE at https://github.com/s-a/node-prompt-here.");
	}
	child_process.exec(cmd);
};
$FilePath$/src/index.js
Line 14		        cmd = 'start "' + dir + '" /D "' + dir + '"';
$FilePath$/app/ODGen/builtin_packages/child_process.js
Line 6	  sink_hqbpillvul_exec(sink);

|checker| success id$3$color:green$: 
==========================
$FilePath$/src/index.js
Line 7	PromtHere.prototype.open = function(dir) {
	var cmd = null;
	switch(process.platform) {
	    case "win32":
	        cmd = 'start "' + dir + '" /D "' + dir + '"';
	        break;
	    case "win64":
	        cmd = 'start "' + dir + '" /D "' + dir + '"';
	        break;
	    default:
	        throw new Error(process.platform + " is not supported. Please CONTRIBUTE at https://github.com/s-a/node-prompt-here.");
	}
	child_process.exec(cmd);
};
$FilePath$/src/index.js
Line 11		        cmd = 'start "' + dir + '" /D "' + dir + '"';
$FilePath$/app/ODGen/builtin_packages/child_process.js
Line 6	  sink_hqbpillvul_exec(sink);

