1.0
1.0
1.0
0.06451612903225806
0.08064516129032258
0.0967741935483871
0.11290322580645161
0.12903225806451613
0.14516129032258066
0.16129032258064516
0.1774193548387097
0.1935483870967742
0.20967741935483872
0.22580645161290322
0.24193548387096775
0.25806451612903225
0.27419354838709675
0.2903225806451613
0.3064516129032258
0.3225806451612903
0.3387096774193548
0.3548387096774194
0.3709677419354839
0.3870967741935484
0.4032258064516129
0.41935483870967744
0.43548387096774194
0.45161290322580644
0.46774193548387094
0.4838709677419355
0.5
0.5161290322580645
0.532258064516129
0.5483870967741935
0.5645161290322581
0.5806451612903226
0.5967741935483871
0.6129032258064516
0.6290322580645161
0.6451612903225806
0.6612903225806451
0.6774193548387096
0.6935483870967742
0.7096774193548387
0.7258064516129032
0.7419354838709677
0.7580645161290323
0.7741935483870968
0.7903225806451613
0.8064516129032258
0.8225806451612904
0.8387096774193549
0.8548387096774194
0.8709677419354839
0.8870967741935484
0.9032258064516129
0.9193548387096774
0.9354838709677419
0.9516129032258065
0.967741935483871
0.9838709677419355
1.0
1.0
1.0
1.0
0.06451612903225806
0.08064516129032258
0.0967741935483871
0.11290322580645161
0.12903225806451613
0.14516129032258066
0.16129032258064516
0.1774193548387097
0.1935483870967742
0.20967741935483872
0.22580645161290322
0.24193548387096775
0.25806451612903225
0.27419354838709675
0.2903225806451613
0.3064516129032258
0.3225806451612903
0.3387096774193548
0.3548387096774194
0.3709677419354839
0.3870967741935484
0.4032258064516129
0.41935483870967744
0.43548387096774194
0.45161290322580644
0.46774193548387094
0.4838709677419355
0.5
0.5161290322580645
0.532258064516129
0.5483870967741935
0.5645161290322581
0.5806451612903226
0.5967741935483871
0.6129032258064516
0.6290322580645161
0.6451612903225806
0.6612903225806451
0.6774193548387096
0.6935483870967742
0.7096774193548387
0.7258064516129032
0.7419354838709677
0.7580645161290323
0.7741935483870968
0.7903225806451613
0.8064516129032258
0.8225806451612904
0.8387096774193549
0.8548387096774194
0.8709677419354839
0.8870967741935484
0.9032258064516129
0.9193548387096774
0.9354838709677419
0.9516129032258065
0.967741935483871
0.9838709677419355
1.0
1.0
1.0
1.0
0.06451612903225806
0.08064516129032258
0.0967741935483871
0.11290322580645161
0.12903225806451613
0.14516129032258066
0.16129032258064516
0.1774193548387097
0.1935483870967742
0.20967741935483872
0.22580645161290322
0.24193548387096775
0.25806451612903225
0.27419354838709675
0.2903225806451613
0.3064516129032258
0.3225806451612903
0.3387096774193548
0.3548387096774194
0.3709677419354839
0.3870967741935484
0.4032258064516129
0.41935483870967744
0.43548387096774194
0.45161290322580644
0.46774193548387094
0.4838709677419355
0.5
0.5161290322580645
0.532258064516129
0.5483870967741935
0.5645161290322581
0.5806451612903226
0.5967741935483871
0.6129032258064516
0.6290322580645161
0.6451612903225806
0.6612903225806451
0.6774193548387096
0.6935483870967742
0.7096774193548387
0.7258064516129032
0.7419354838709677
0.7580645161290323
0.7741935483870968
0.7903225806451613
0.8064516129032258
0.8225806451612904
0.8387096774193549
0.8548387096774194
0.8709677419354839
0.8870967741935484
0.9032258064516129
0.9193548387096774
0.9354838709677419
0.9516129032258065
0.967741935483871
0.9838709677419355
1.0
1.0
1.0
1.0
0.06451612903225806
0.08064516129032258
0.0967741935483871
0.11290322580645161
0.12903225806451613
0.14516129032258066
0.16129032258064516
0.1774193548387097
0.1935483870967742
0.20967741935483872
0.22580645161290322
0.24193548387096775
0.25806451612903225
0.27419354838709675
0.2903225806451613
0.3064516129032258
0.3225806451612903
0.3387096774193548
0.3548387096774194
0.3709677419354839
0.3870967741935484
0.4032258064516129
0.41935483870967744
0.43548387096774194
0.45161290322580644
0.46774193548387094
0.4838709677419355
0.5
0.5161290322580645
0.532258064516129
0.5483870967741935
0.5645161290322581
0.5806451612903226
0.5967741935483871
0.6129032258064516
0.6290322580645161
0.6451612903225806
0.6612903225806451
0.6774193548387096
0.6935483870967742
0.7096774193548387
0.7258064516129032
0.7419354838709677
0.7580645161290323
0.7741935483870968
0.7903225806451613
0.8064516129032258
0.8225806451612904
0.8387096774193549
0.8548387096774194
0.8709677419354839
0.8870967741935484
0.9032258064516129
0.9193548387096774
0.9354838709677419
0.9516129032258065
0.967741935483871
0.9838709677419355
1.0
1.0
1.0
1.0
1.0
1.0
1.0
0.06451612903225806
0.08064516129032258
0.0967741935483871
0.11290322580645161
0.12903225806451613
0.14516129032258066
0.16129032258064516
0.1774193548387097
0.1935483870967742
0.20967741935483872
0.22580645161290322
0.24193548387096775
0.25806451612903225
0.27419354838709675
0.2903225806451613
0.3064516129032258
0.3225806451612903
0.3387096774193548
0.3548387096774194
0.3709677419354839
0.3870967741935484
0.4032258064516129
0.41935483870967744
0.43548387096774194
0.45161290322580644
0.46774193548387094
0.4838709677419355
0.5
0.5161290322580645
0.532258064516129
0.5483870967741935
0.5645161290322581
0.5806451612903226
0.5967741935483871
0.6129032258064516
0.6290322580645161
0.6451612903225806
0.6612903225806451
0.6774193548387096
0.6935483870967742
0.7096774193548387
0.7258064516129032
0.7419354838709677
0.7580645161290323
0.7741935483870968
0.7903225806451613
0.8064516129032258
0.8225806451612904
0.8387096774193549
0.8548387096774194
0.8709677419354839
0.8870967741935484
0.9032258064516129
0.9193548387096774
0.9354838709677419
0.9516129032258065
0.967741935483871
0.9838709677419355
1.0
1.0
1.0
1.0
1.0
1.0
1.0
0.06451612903225806
0.08064516129032258
0.0967741935483871
0.11290322580645161
0.12903225806451613
0.14516129032258066
0.16129032258064516
0.1774193548387097
0.1935483870967742
0.20967741935483872
0.22580645161290322
0.24193548387096775
0.25806451612903225
0.27419354838709675
0.2903225806451613
0.3064516129032258
0.3225806451612903
0.3387096774193548
0.3548387096774194
0.3709677419354839
0.3870967741935484
0.4032258064516129
0.41935483870967744
0.43548387096774194
0.45161290322580644
0.46774193548387094
0.4838709677419355
0.5
0.5161290322580645
0.532258064516129
0.5483870967741935
0.5645161290322581
0.5806451612903226
0.5967741935483871
0.6129032258064516
0.6290322580645161
0.6451612903225806
0.6612903225806451
0.6774193548387096
0.6935483870967742
0.7096774193548387
0.7258064516129032
0.7419354838709677
0.7580645161290323
0.7741935483870968
0.7903225806451613
0.8064516129032258
0.8225806451612904
0.8387096774193549
0.8548387096774194
0.8709677419354839
0.8870967741935484
0.9032258064516129
0.9193548387096774
0.9354838709677419
0.9516129032258065
0.967741935483871
0.9838709677419355
1.0
1.0
1.0
1.0
0.06451612903225806
0.08064516129032258
0.0967741935483871
0.11290322580645161
0.12903225806451613
0.14516129032258066
0.16129032258064516
0.1774193548387097
0.1935483870967742
0.20967741935483872
0.22580645161290322
0.24193548387096775
0.25806451612903225
0.27419354838709675
0.2903225806451613
0.3064516129032258
0.3225806451612903
0.3387096774193548
0.3548387096774194
0.3709677419354839
0.3870967741935484
0.4032258064516129
0.41935483870967744
0.43548387096774194
0.45161290322580644
0.46774193548387094
0.4838709677419355
0.5
0.5161290322580645
0.532258064516129
0.5483870967741935
0.5645161290322581
0.5806451612903226
0.5967741935483871
0.6129032258064516
0.6290322580645161
0.6451612903225806
0.6612903225806451
0.6774193548387096
0.6935483870967742
0.7096774193548387
0.7258064516129032
0.7419354838709677
0.7580645161290323
0.7741935483870968
0.7903225806451613
0.8064516129032258
0.8225806451612904
0.8387096774193549
0.8548387096774194
0.8709677419354839
0.8870967741935484
0.9032258064516129
0.9193548387096774
0.9354838709677419
0.9516129032258065
0.967741935483871
0.9838709677419355
1.0
1.0
1.0
1.0
0.06451612903225806
0.08064516129032258
0.0967741935483871
0.11290322580645161
0.12903225806451613
0.14516129032258066
0.16129032258064516
0.1774193548387097
0.1935483870967742
0.20967741935483872
0.22580645161290322
0.24193548387096775
0.25806451612903225
0.27419354838709675
0.2903225806451613
0.3064516129032258
0.3225806451612903
0.3387096774193548
0.3548387096774194
0.3709677419354839
0.3870967741935484
0.4032258064516129
0.41935483870967744
0.43548387096774194
0.45161290322580644
0.46774193548387094
0.4838709677419355
0.5
0.5161290322580645
0.532258064516129
0.5483870967741935
0.5645161290322581
0.5806451612903226
0.5967741935483871
0.6129032258064516
0.6290322580645161
0.6451612903225806
0.6612903225806451
0.6774193548387096
0.6935483870967742
0.7096774193548387
0.7258064516129032
0.7419354838709677
0.7580645161290323
0.7741935483870968
0.7903225806451613
0.8064516129032258
0.8225806451612904
0.8387096774193549
0.8548387096774194
0.8709677419354839
0.8870967741935484
0.9032258064516129
0.9193548387096774
0.9354838709677419
0.9516129032258065
0.967741935483871
0.9838709677419355
1.0
1.0
1.0
1.0
0.06451612903225806
0.08064516129032258
0.0967741935483871
0.11290322580645161
0.12903225806451613
0.14516129032258066
0.16129032258064516
0.1774193548387097
0.1935483870967742
0.20967741935483872
0.22580645161290322
0.24193548387096775
0.25806451612903225
0.27419354838709675
0.2903225806451613
0.3064516129032258
0.3225806451612903
0.3387096774193548
0.3548387096774194
0.3709677419354839
0.3870967741935484
0.4032258064516129
0.41935483870967744
0.43548387096774194
0.45161290322580644
0.46774193548387094
0.4838709677419355
0.5
0.5161290322580645
0.532258064516129
0.5483870967741935
0.5645161290322581
0.5806451612903226
0.5967741935483871
0.6129032258064516
0.6290322580645161
0.6451612903225806
0.6612903225806451
0.6774193548387096
0.6935483870967742
0.7096774193548387
0.7258064516129032
0.7419354838709677
0.7580645161290323
0.7741935483870968
0.7903225806451613
0.8064516129032258
0.8225806451612904
0.8387096774193549
0.8548387096774194
0.8709677419354839
0.8870967741935484
0.9032258064516129
0.9193548387096774
0.9354838709677419
0.9516129032258065
0.967741935483871
0.9838709677419355
1.0
1.0
1.0
1.0
0.06451612903225806
0.08064516129032258
0.0967741935483871
0.11290322580645161
0.12903225806451613
0.14516129032258066
0.16129032258064516
0.1774193548387097
0.1935483870967742
0.20967741935483872
0.22580645161290322
0.24193548387096775
0.25806451612903225
0.27419354838709675
0.2903225806451613
0.3064516129032258
0.3225806451612903
0.3387096774193548
0.3548387096774194
0.3709677419354839
0.3870967741935484
0.4032258064516129
0.41935483870967744
0.43548387096774194
0.45161290322580644
0.46774193548387094
0.4838709677419355
0.5
0.5161290322580645
0.532258064516129
0.5483870967741935
0.5645161290322581
0.5806451612903226
0.5967741935483871
0.6129032258064516
0.6290322580645161
0.6451612903225806
0.6612903225806451
0.6774193548387096
0.6935483870967742
0.7096774193548387
0.7258064516129032
0.7419354838709677
0.7580645161290323
0.7741935483870968
0.7903225806451613
0.8064516129032258
0.8225806451612904
0.8387096774193549
0.8548387096774194
0.8709677419354839
0.8870967741935484
0.9032258064516129
0.9193548387096774
0.9354838709677419
0.9516129032258065
0.967741935483871
0.9838709677419355
1.0
1.0
1.0
1.0
0.06451612903225806
0.08064516129032258
0.0967741935483871
0.11290322580645161
0.12903225806451613
0.14516129032258066
0.16129032258064516
0.1774193548387097
0.1935483870967742
0.20967741935483872
0.22580645161290322
0.24193548387096775
0.25806451612903225
0.27419354838709675
0.2903225806451613
0.3064516129032258
0.3225806451612903
0.3387096774193548
0.3548387096774194
0.3709677419354839
0.3870967741935484
0.4032258064516129
0.41935483870967744
0.43548387096774194
0.45161290322580644
0.46774193548387094
0.4838709677419355
0.5
0.5161290322580645
0.532258064516129
0.5483870967741935
0.5645161290322581
0.5806451612903226
0.5967741935483871
0.6129032258064516
0.6290322580645161
0.6451612903225806
0.6612903225806451
0.6774193548387096
0.6935483870967742
0.7096774193548387
0.7258064516129032
0.7419354838709677
0.7580645161290323
0.7741935483870968
0.7903225806451613
0.8064516129032258
0.8225806451612904
0.8387096774193549
0.8548387096774194
0.8709677419354839
0.8870967741935484
0.9032258064516129
0.9193548387096774
0.9354838709677419
0.9516129032258065
0.967741935483871
0.9838709677419355
1.0
1.0
1.0
1.0
0.06451612903225806
0.08064516129032258
0.0967741935483871
0.11290322580645161
0.12903225806451613
0.14516129032258066
0.16129032258064516
0.1774193548387097
0.1935483870967742
0.20967741935483872
0.22580645161290322
0.24193548387096775
0.25806451612903225
0.27419354838709675
0.2903225806451613
0.3064516129032258
0.3225806451612903
0.3387096774193548
0.3548387096774194
0.3709677419354839
0.3870967741935484
0.4032258064516129
0.41935483870967744
0.43548387096774194
0.45161290322580644
0.46774193548387094
0.4838709677419355
0.5
0.5161290322580645
0.532258064516129
0.5483870967741935
0.5645161290322581
0.5806451612903226
0.5967741935483871
0.6129032258064516
0.6290322580645161
0.6451612903225806
0.6612903225806451
0.6774193548387096
0.6935483870967742
0.7096774193548387
0.7258064516129032
0.7419354838709677
0.7580645161290323
0.7741935483870968
0.7903225806451613
0.8064516129032258
0.8225806451612904
0.8387096774193549
0.8548387096774194
0.8709677419354839
0.8870967741935484
0.9032258064516129
0.9193548387096774
0.9354838709677419
0.9516129032258065
0.967741935483871
0.9838709677419355
1.0
