1.0
1.0
1.0
1.0
1.0
1.0
1.0
1.0
1.0
1.0
1.0
1.0
1.0
1.0
1.0
1.0
1.0
1.0
1.0
1.0
1.0
1.0
1.0
1.0
1.0
1.0
1.0
1.0
1.0
1.0
1.0
1.0
1.0
1.0
1.0
1.0
1.0
1.0
1.0
1.0
1.0
1.0
1.0
1.0
1.0
1.0
1.0
1.0
1.0
1.0
1.0
1.0
1.0
1.0
1.0
1.0
1.0
1.0
1.0
1.0
1.0
1.0
1.0
1.0
1.0
1.0
0.19476744186046513
0.19710144927536233
0.1994219653179191
0.2017291066282421
0.20402298850574713
0.20630372492836677
0.20857142857142857
0.21082621082621084
0.21306818181818182
0.2159090909090909
0.21875
0.2215909090909091
0.22443181818181818
0.22727272727272727
0.23011363636363635
0.23295454545454544
0.23579545454545456
0.23863636363636365
0.24147727272727273
0.24431818181818182
0.2471590909090909
0.25
0.2521246458923513
0.2542372881355932
0.2563380281690141
0.25842696629213485
0.2605042016806723
0.26256983240223464
0.2646239554317549
0.26666666666666666
0.26869806094182824
0.27071823204419887
0.2727272727272727
0.27472527472527475
0.27671232876712326
0.2786885245901639
0.28065395095367845
0.2826086956521739
0.2845528455284553
0.2864864864864865
0.2884097035040431
0.2903225806451613
0.29222520107238603
0.29411764705882354
0.296
0.2978723404255319
0.29973474801061006
0.30158730158730157
0.3034300791556728
0.30526315789473685
0.30708661417322836
0.3089005235602094
0.31070496083550914
0.3125
0.3142857142857143
0.3160621761658031
0.3178294573643411
0.31958762886597936
0.3213367609254499
0.3181818181818182
0.3198992443324937
0.32160804020100503
0.3233082706766917
0.325
0.3266832917705736
0.3283582089552239
0.33002481389578164
0.3316831683168317
0.3333333333333333
0.33497536945812806
0.3366093366093366
0.3382352941176471
0.33985330073349634
0.34146341463414637
0.34306569343065696
0.3446601941747573
0.34624697336561744
0.34782608695652173
0.3493975903614458
0.35096153846153844
0.35251798561151076
0.35406698564593303
0.3556085918854415
0.35714285714285715
0.3586698337292161
0.36018957345971564
0.3617021276595745
0.3632075471698113
0.36470588235294116
0.36619718309859156
0.36768149882903983
0.3691588785046729
0.3706293706293706
0.37209302325581395
0.37354988399071926
0.375
0.37644341801385683
0.37701149425287356
0.37844036697247707
0.37986270022883295
0.3812785388127854
0.3826879271070615
0.3840909090909091
0.3854875283446712
0.38687782805429866
0.38826185101580135
0.38963963963963966
0.39101123595505616
0.3923766816143498
0.39373601789709173
0.3950892857142857
0.39643652561247217
0.3977777777777778
0.3991130820399113
0.4004424778761062
0.40176600441501104
0.39869281045751637
0.4
0.40130151843817785
0.4025974025974026
0.4038876889848812
0.4051724137931034
0.4064516129032258
0.40772532188841204
0.4089935760171306
0.41025641025641024
0.4115138592750533
0.4127659574468085
0.4140127388535032
0.4152542372881356
0.4164904862579281
0.4177215189873418
0.4189473684210526
0.42016806722689076
0.4068825910931174
0.4080808080808081
0.4092741935483871
0.4104627766599598
0.41164658634538154
0.41282565130260523
0.414
0.4151696606786427
0.4163346613545817
0.41749502982107356
0.41865079365079366
0.41568627450980394
0.41682974559686886
0.41796875
0.4191033138401559
0.42023346303501946
0.42135922330097086
0.42248062015503873
0.42359767891682787
0.4247104247104247
0.4258188824662813
0.4269230769230769
0.42802303262955854
0.42911877394636017
0.43021032504780116
0.42722117202268434
0.42830188679245285
0.4293785310734463
0.43045112781954886
0.43151969981238275
0.43258426966292135
0.4336448598130841
0.43470149253731344
0.43575418994413406
0.4359925788497217
0.43703703703703706
0.43807763401109057
0.43911439114391143
0.44014732965009207
0.4411764705882353
0.44220183486238535
0.4432234432234432
0.41467576791808874
0.41567291311754684
0.4166666666666667
0.41765704584040747
0.4186440677966102
0.4196277495769882
0.4206081081081081
0.42158516020236086
0.3934169278996865
0.39436619718309857
0.3953125
0.3962558502340094
0.397196261682243
0.39813374805598756
0.39906832298136646
0.4
0.40092879256965946
0.401854714064915
0.4027777777777778
0.4036979969183359
0.4046153846153846
0.4055299539170507
0.40644171779141103
0.40735068912710565
0.40825688073394495
0.40916030534351144
0.4100609756097561
0.410958904109589
0.41185410334346506
0.41274658573596357
0.41363636363636364
0.4145234493192133
0.41540785498489424
0.416289592760181
0.4171686746987952
0.4180451127819549
0.4189189189189189
0.4197901049475262
0.42065868263473055
0.42152466367713004
0.4223880597014925
0.4232488822652757
0.42410714285714285
0.424962852897474
0.4258160237388724
0.4266666666666667
0.4275147928994083
0.42836041358936483
0.42920353982300885
0.43004418262150224
0.4308823529411765
0.43171806167400884
0.43255131964809385
0.4333821376281113
0.4342105263157895
0.43503649635036495
0.4358600583090379
0.4366812227074236
0.4375
0.43831640058055155
0.4391304347826087
0.4399421128798842
0.4407514450867052
0.44155844155844154
0.4423631123919308
0.44316546762589926
0.44396551724137934
0.4447632711621234
0.4455587392550143
0.44635193133047213
0.4471428571428571
0.4479315263908702
0.44871794871794873
0.44950213371266
0.4502840909090909
0.451063829787234
0.4518413597733711
0.4526166902404526
0.4533898305084746
0.4541607898448519
0.45492957746478874
0.45569620253164556
0.45646067415730335
0.45722300140252453
0.4579831932773109
0.45874125874125876
0.4594972067039106
0.4602510460251046
0.4610027855153203
0.4617524339360223
0.4631432545201669
0.46453407510431155
0.4659248956884562
0.4673157162726008
0.46870653685674546
0.47009735744089015
0.4714881780250348
0.4728789986091794
0.47426981919332406
0.475
0.47572815533980584
0.47645429362880887
0.47717842323651455
0.47790055248618785
0.47796143250688705
0.4793388429752066
0.48005502063273725
1.0
1.0
1.0
1.0
1.0
1.0
1.0
1.0
1.0
1.0
1.0
1.0
1.0
1.0
1.0
1.0
1.0
1.0
1.0
1.0
1.0
1.0
1.0
1.0
1.0
1.0
1.0
1.0
1.0
1.0
1.0
1.0
1.0
1.0
1.0
1.0
1.0
1.0
1.0
1.0
1.0
1.0
1.0
1.0
1.0
1.0
1.0
1.0
1.0
1.0
1.0
1.0
1.0
1.0
1.0
1.0
1.0
1.0
1.0
1.0
1.0
1.0
1.0
1.0
1.0
1.0
0.19476744186046513
0.19710144927536233
0.1994219653179191
0.2017291066282421
0.20402298850574713
0.20630372492836677
0.20857142857142857
0.21082621082621084
0.21306818181818182
0.2159090909090909
0.21875
0.2215909090909091
0.22443181818181818
0.22727272727272727
0.23011363636363635
0.23295454545454544
0.23579545454545456
0.23863636363636365
0.24147727272727273
0.24431818181818182
0.2471590909090909
0.25
0.2521246458923513
0.2542372881355932
0.2563380281690141
0.25842696629213485
0.2605042016806723
0.26256983240223464
0.2646239554317549
0.26666666666666666
0.26869806094182824
0.27071823204419887
0.2727272727272727
0.27472527472527475
0.27671232876712326
0.2786885245901639
0.28065395095367845
0.2826086956521739
0.2845528455284553
0.2864864864864865
0.2884097035040431
0.2903225806451613
0.29222520107238603
0.29411764705882354
0.296
0.2978723404255319
0.29973474801061006
0.30158730158730157
0.3034300791556728
0.30526315789473685
0.30708661417322836
0.3089005235602094
0.31070496083550914
0.3125
0.3142857142857143
0.3160621761658031
0.3178294573643411
0.31958762886597936
0.3213367609254499
0.3181818181818182
0.3198992443324937
0.32160804020100503
0.3233082706766917
0.325
0.3266832917705736
0.3283582089552239
0.33002481389578164
0.3316831683168317
0.3333333333333333
0.33497536945812806
0.3366093366093366
0.3382352941176471
0.33985330073349634
0.34146341463414637
0.34306569343065696
0.3446601941747573
0.34624697336561744
0.34782608695652173
0.3493975903614458
0.35096153846153844
0.35251798561151076
0.35406698564593303
0.3556085918854415
0.35714285714285715
0.3586698337292161
0.36018957345971564
0.3617021276595745
0.3632075471698113
0.36470588235294116
0.36619718309859156
0.36768149882903983
0.3691588785046729
0.3706293706293706
0.37209302325581395
0.37354988399071926
0.375
0.37644341801385683
0.37701149425287356
0.37844036697247707
0.37986270022883295
0.3812785388127854
0.3826879271070615
0.3840909090909091
0.3854875283446712
0.38687782805429866
0.38826185101580135
0.38963963963963966
0.39101123595505616
0.3923766816143498
0.39373601789709173
0.3950892857142857
0.39643652561247217
0.3977777777777778
0.3991130820399113
0.4004424778761062
0.40176600441501104
0.39869281045751637
0.4
0.40130151843817785
0.4025974025974026
0.4038876889848812
0.4051724137931034
0.4064516129032258
0.40772532188841204
0.4089935760171306
0.41025641025641024
0.4115138592750533
0.4127659574468085
0.4140127388535032
0.4152542372881356
0.4164904862579281
0.4177215189873418
0.4189473684210526
0.42016806722689076
0.4068825910931174
0.4080808080808081
0.4092741935483871
0.4104627766599598
0.41164658634538154
0.41282565130260523
0.414
0.4151696606786427
0.4163346613545817
0.41749502982107356
0.41865079365079366
0.41568627450980394
0.41682974559686886
0.41796875
0.4191033138401559
0.42023346303501946
0.42135922330097086
0.42248062015503873
0.42359767891682787
0.4247104247104247
0.4258188824662813
0.4269230769230769
0.42802303262955854
0.42911877394636017
0.43021032504780116
0.42722117202268434
0.42830188679245285
0.4293785310734463
0.43045112781954886
0.43151969981238275
0.43258426966292135
0.4336448598130841
0.43470149253731344
0.43575418994413406
0.4359925788497217
0.43703703703703706
0.43807763401109057
0.43911439114391143
0.44014732965009207
0.4411764705882353
0.44220183486238535
0.4432234432234432
0.41467576791808874
0.41567291311754684
0.4166666666666667
0.41765704584040747
0.4186440677966102
0.4196277495769882
0.4206081081081081
0.42158516020236086
0.3934169278996865
0.39436619718309857
0.3953125
0.3962558502340094
0.397196261682243
0.39813374805598756
0.39906832298136646
0.4
0.40092879256965946
0.401854714064915
0.4027777777777778
0.4036979969183359
0.4046153846153846
0.4055299539170507
0.40644171779141103
0.40735068912710565
0.40825688073394495
0.40916030534351144
0.4100609756097561
0.410958904109589
0.41185410334346506
0.41274658573596357
0.41363636363636364
0.4145234493192133
0.41540785498489424
0.416289592760181
0.4171686746987952
0.4180451127819549
0.4189189189189189
0.4197901049475262
0.42065868263473055
0.42152466367713004
0.4223880597014925
0.4232488822652757
0.42410714285714285
0.424962852897474
0.4258160237388724
0.4266666666666667
0.4275147928994083
0.42836041358936483
0.42920353982300885
0.43004418262150224
0.4308823529411765
0.43171806167400884
0.43255131964809385
0.4333821376281113
0.4342105263157895
0.43503649635036495
0.4358600583090379
0.4366812227074236
0.4375
0.43831640058055155
0.4391304347826087
0.4399421128798842
0.4407514450867052
0.44155844155844154
0.4423631123919308
0.44316546762589926
0.44396551724137934
0.4447632711621234
0.4455587392550143
0.44635193133047213
0.4471428571428571
0.4479315263908702
0.44871794871794873
0.44950213371266
0.4502840909090909
0.451063829787234
0.4518413597733711
0.4526166902404526
0.4533898305084746
0.4541607898448519
0.45492957746478874
0.45569620253164556
0.45646067415730335
0.45722300140252453
0.4579831932773109
0.45874125874125876
0.4594972067039106
0.4602510460251046
0.4610027855153203
0.4617524339360223
0.4631432545201669
0.46453407510431155
0.4659248956884562
0.4673157162726008
0.46870653685674546
0.47009735744089015
0.4714881780250348
0.4728789986091794
0.47426981919332406
0.475
0.47572815533980584
0.47645429362880887
0.47717842323651455
0.47790055248618785
0.47796143250688705
0.4793388429752066
0.48005502063273725
1.0
1.0
1.0
1.0
1.0
1.0
1.0
1.0
1.0
1.0
1.0
1.0
1.0
1.0
1.0
1.0
1.0
1.0
1.0
1.0
1.0
1.0
1.0
1.0
1.0
1.0
1.0
1.0
1.0
1.0
1.0
1.0
1.0
1.0
1.0
1.0
1.0
1.0
1.0
1.0
1.0
1.0
1.0
1.0
1.0
1.0
1.0
1.0
1.0
1.0
1.0
1.0
1.0
1.0
1.0
1.0
1.0
1.0
1.0
1.0
1.0
1.0
1.0
1.0
1.0
1.0
1.0
1.0
1.0
1.0
1.0
1.0
1.0
1.0
1.0
1.0
1.0
1.0
1.0
1.0
1.0
1.0
1.0
1.0
1.0
1.0
1.0
1.0
1.0
1.0
1.0
1.0
1.0
1.0
1.0
1.0
1.0
1.0
1.0
1.0
1.0
1.0
1.0
1.0
1.0
1.0
1.0
1.0
1.0
1.0
1.0
1.0
1.0
1.0
1.0
1.0
1.0
1.0
1.0
1.0
1.0
1.0
1.0
1.0
1.0
1.0
1.0
1.0
1.0
1.0
1.0
1.0
1.0
1.0
1.0
1.0
1.0
1.0
1.0
1.0
1.0
1.0
1.0
1.0
1.0
1.0
1.0
1.0
1.0
1.0
1.0
1.0
1.0
1.0
1.0
1.0
1.0
1.0
1.0
1.0
1.0
1.0
1.0
1.0
1.0
1.0
1.0
1.0
1.0
1.0
1.0
1.0
1.0
1.0
1.0
1.0
1.0
1.0
1.0
1.0
1.0
1.0
1.0
1.0
1.0
1.0
1.0
1.0
1.0
1.0
1.0
1.0
1.0
1.0
1.0
1.0
1.0
1.0
1.0
1.0
1.0
1.0
1.0
1.0
1.0
1.0
1.0
1.0
1.0
1.0
1.0
1.0
1.0
1.0
1.0
1.0
1.0
1.0
1.0
1.0
1.0
1.0
1.0
1.0
1.0
1.0
1.0
1.0
1.0
1.0
1.0
1.0
1.0
1.0
1.0
1.0
1.0
1.0
1.0
1.0
1.0
1.0
1.0
1.0
1.0
1.0
1.0
1.0
1.0
1.0
1.0
1.0
1.0
1.0
1.0
1.0
1.0
1.0
1.0
1.0
1.0
1.0
1.0
1.0
1.0
1.0
1.0
1.0
1.0
1.0
1.0
1.0
1.0
1.0
1.0
1.0
1.0
1.0
1.0
1.0
1.0
1.0
1.0
1.0
1.0
1.0
1.0
1.0
1.0
1.0
1.0
1.0
1.0
1.0
1.0
1.0
1.0
1.0
1.0
1.0
1.0
1.0
1.0
1.0
1.0
1.0
1.0
1.0
1.0
1.0
1.0
1.0
1.0
1.0
1.0
1.0
1.0
1.0
1.0
1.0
1.0
1.0
1.0
1.0
1.0
1.0
1.0
1.0
1.0
1.0
1.0
1.0
1.0
1.0
1.0
1.0
1.0
1.0
1.0
1.0
1.0
1.0
1.0
1.0
1.0
1.0
1.0
1.0
1.0
1.0
1.0
1.0
1.0
1.0
1.0
1.0
1.0
1.0
1.0
1.0
1.0
1.0
1.0
1.0
1.0
1.0
1.0
1.0
1.0
1.0
1.0
1.0
1.0
1.0
1.0
1.0
1.0
1.0
1.0
1.0
1.0
1.0
1.0
1.0
1.0
1.0
1.0
1.0
1.0
1.0
1.0
1.0
1.0
1.0
1.0
1.0
1.0
1.0
1.0
1.0
1.0
1.0
1.0
1.0
1.0
1.0
1.0
1.0
1.0
1.0
1.0
1.0
0.19476744186046513
0.19710144927536233
0.1994219653179191
0.2017291066282421
0.20402298850574713
0.20630372492836677
0.20857142857142857
0.21082621082621084
0.21306818181818182
0.2159090909090909
0.21875
0.2215909090909091
0.22443181818181818
0.22727272727272727
0.23011363636363635
0.23295454545454544
0.23579545454545456
0.23863636363636365
0.24147727272727273
0.24431818181818182
0.2471590909090909
0.25
0.2521246458923513
0.2542372881355932
0.2563380281690141
0.25842696629213485
0.2605042016806723
0.26256983240223464
0.2646239554317549
0.26666666666666666
0.26869806094182824
0.27071823204419887
0.2727272727272727
0.27472527472527475
0.27671232876712326
0.2786885245901639
0.28065395095367845
0.2826086956521739
0.2845528455284553
0.2864864864864865
0.2884097035040431
0.2903225806451613
0.29222520107238603
0.29411764705882354
0.296
0.2978723404255319
0.29973474801061006
0.30158730158730157
0.3034300791556728
0.30526315789473685
0.30708661417322836
0.3089005235602094
0.31070496083550914
0.3125
0.3142857142857143
0.3160621761658031
0.3178294573643411
0.31958762886597936
0.3213367609254499
0.3181818181818182
0.3198992443324937
0.32160804020100503
0.3233082706766917
0.325
0.3266832917705736
0.3283582089552239
0.33002481389578164
0.3316831683168317
0.3333333333333333
0.33497536945812806
0.3366093366093366
0.3382352941176471
0.33985330073349634
0.34146341463414637
0.34306569343065696
0.3446601941747573
0.34624697336561744
0.34782608695652173
0.3493975903614458
0.35096153846153844
0.35251798561151076
0.35406698564593303
0.3556085918854415
0.35714285714285715
0.3586698337292161
0.36018957345971564
0.3617021276595745
0.3632075471698113
0.36470588235294116
0.36619718309859156
0.36768149882903983
0.3691588785046729
0.3706293706293706
0.37209302325581395
0.37354988399071926
0.375
0.37644341801385683
0.37701149425287356
0.37844036697247707
0.37986270022883295
0.3812785388127854
0.3826879271070615
0.3840909090909091
0.3854875283446712
0.38687782805429866
0.38826185101580135
0.38963963963963966
0.39101123595505616
0.3923766816143498
0.39373601789709173
0.3950892857142857
0.39643652561247217
0.3977777777777778
0.3991130820399113
0.4004424778761062
0.40176600441501104
0.39869281045751637
0.4
0.40130151843817785
0.4025974025974026
0.4038876889848812
0.4051724137931034
0.4064516129032258
0.40772532188841204
0.4089935760171306
0.41025641025641024
0.4115138592750533
0.4127659574468085
0.4140127388535032
0.4152542372881356
0.4164904862579281
0.4177215189873418
0.4189473684210526
0.42016806722689076
0.4068825910931174
0.4080808080808081
0.4092741935483871
0.4104627766599598
0.41164658634538154
0.41282565130260523
0.414
0.4151696606786427
0.4163346613545817
0.41749502982107356
0.41865079365079366
0.41568627450980394
0.41682974559686886
0.41796875
0.4191033138401559
0.42023346303501946
0.42135922330097086
0.42248062015503873
0.42359767891682787
0.4247104247104247
0.4258188824662813
0.4269230769230769
0.42802303262955854
0.42911877394636017
0.43021032504780116
0.42722117202268434
0.42830188679245285
0.4293785310734463
0.43045112781954886
0.43151969981238275
0.43258426966292135
0.4336448598130841
0.43470149253731344
0.43575418994413406
0.4359925788497217
0.43703703703703706
0.43807763401109057
0.43911439114391143
0.44014732965009207
0.4411764705882353
0.44220183486238535
0.4432234432234432
0.41467576791808874
0.41567291311754684
0.4166666666666667
0.41765704584040747
0.4186440677966102
0.4196277495769882
0.4206081081081081
0.42158516020236086
0.3934169278996865
0.39436619718309857
0.3953125
0.3962558502340094
0.397196261682243
0.39813374805598756
0.39906832298136646
0.4
0.40092879256965946
0.401854714064915
0.4027777777777778
0.4036979969183359
0.4046153846153846
0.4055299539170507
0.40644171779141103
0.40735068912710565
0.40825688073394495
0.40916030534351144
0.4100609756097561
0.410958904109589
0.41185410334346506
0.41274658573596357
0.41363636363636364
0.4145234493192133
0.41540785498489424
0.416289592760181
0.4171686746987952
0.4180451127819549
0.4189189189189189
0.4197901049475262
0.42065868263473055
0.42152466367713004
0.4223880597014925
0.4232488822652757
0.42410714285714285
0.424962852897474
0.4258160237388724
0.4266666666666667
0.4275147928994083
0.42836041358936483
0.42920353982300885
0.43004418262150224
0.4308823529411765
0.43171806167400884
0.43255131964809385
0.4333821376281113
0.4342105263157895
0.43503649635036495
0.4358600583090379
0.4366812227074236
0.4375
0.43831640058055155
0.4391304347826087
0.4399421128798842
0.4407514450867052
0.44155844155844154
0.4423631123919308
0.44316546762589926
0.44396551724137934
0.4447632711621234
0.4455587392550143
0.44635193133047213
0.4471428571428571
0.4479315263908702
0.44871794871794873
0.44950213371266
0.4502840909090909
0.451063829787234
0.4518413597733711
0.4526166902404526
0.4533898305084746
0.4541607898448519
0.45492957746478874
0.45569620253164556
0.45646067415730335
0.45722300140252453
0.4579831932773109
0.45874125874125876
0.4594972067039106
0.4602510460251046
0.4610027855153203
0.4617524339360223
0.4631432545201669
0.46453407510431155
0.4659248956884562
0.4673157162726008
0.46870653685674546
0.47009735744089015
0.4714881780250348
0.4728789986091794
0.47426981919332406
0.475
0.47572815533980584
0.47645429362880887
0.47717842323651455
0.47790055248618785
0.4786206896551724
0.4786795048143054
0.48005502063273725
1.0
1.0
1.0
1.0
1.0
1.0
1.0
1.0
1.0
1.0
1.0
1.0
1.0
1.0
1.0
1.0
1.0
1.0
1.0
1.0
1.0
1.0
1.0
1.0
1.0
1.0
1.0
1.0
1.0
1.0
1.0
1.0
1.0
1.0
1.0
1.0
1.0
1.0
1.0
1.0
1.0
1.0
1.0
1.0
1.0
1.0
1.0
1.0
1.0
1.0
1.0
1.0
1.0
1.0
1.0
1.0
1.0
1.0
1.0
1.0
1.0
1.0
1.0
1.0
1.0
1.0
0.19476744186046513
0.19710144927536233
0.1994219653179191
0.2017291066282421
0.20402298850574713
0.20630372492836677
0.20857142857142857
0.21082621082621084
0.21306818181818182
0.2159090909090909
0.21875
0.2215909090909091
0.22443181818181818
0.22727272727272727
0.23011363636363635
0.23295454545454544
0.23579545454545456
0.23863636363636365
0.24147727272727273
0.24431818181818182
0.2471590909090909
0.25
0.2521246458923513
0.2542372881355932
0.2563380281690141
0.25842696629213485
0.2605042016806723
0.26256983240223464
0.2646239554317549
0.26666666666666666
0.26869806094182824
0.27071823204419887
0.2727272727272727
0.27472527472527475
0.27671232876712326
0.2786885245901639
0.28065395095367845
0.2826086956521739
0.2845528455284553
0.2864864864864865
0.2884097035040431
0.2903225806451613
0.29222520107238603
0.29411764705882354
0.296
0.2978723404255319
0.29973474801061006
0.30158730158730157
0.3034300791556728
0.30526315789473685
0.30708661417322836
0.3089005235602094
0.31070496083550914
0.3125
0.3142857142857143
0.3160621761658031
0.3178294573643411
0.31958762886597936
0.3213367609254499
0.3181818181818182
0.3198992443324937
0.32160804020100503
0.3233082706766917
0.325
0.3266832917705736
0.3283582089552239
0.33002481389578164
0.3316831683168317
0.3333333333333333
0.33497536945812806
0.3366093366093366
0.3382352941176471
0.33985330073349634
0.34146341463414637
0.34306569343065696
0.3446601941747573
0.34624697336561744
0.34782608695652173
0.3493975903614458
0.35096153846153844
0.35251798561151076
0.35406698564593303
0.3556085918854415
0.35714285714285715
0.3586698337292161
0.36018957345971564
0.3617021276595745
0.3632075471698113
0.36470588235294116
0.36619718309859156
0.36768149882903983
0.3691588785046729
0.3706293706293706
0.37209302325581395
0.37354988399071926
0.375
0.37644341801385683
0.37701149425287356
0.37844036697247707
0.37986270022883295
0.3812785388127854
0.3826879271070615
0.3840909090909091
0.3854875283446712
0.38687782805429866
0.38826185101580135
0.38963963963963966
0.39101123595505616
0.3923766816143498
0.39373601789709173
0.3950892857142857
0.39643652561247217
0.3977777777777778
0.3991130820399113
0.4004424778761062
0.40176600441501104
0.39869281045751637
0.4
0.40130151843817785
0.4025974025974026
0.4038876889848812
0.4051724137931034
0.4064516129032258
0.40772532188841204
0.4089935760171306
0.41025641025641024
0.4115138592750533
0.4127659574468085
0.4140127388535032
0.4152542372881356
0.4164904862579281
0.4177215189873418
0.4189473684210526
0.42016806722689076
0.4068825910931174
0.4080808080808081
0.4092741935483871
0.4104627766599598
0.41164658634538154
0.41282565130260523
0.414
0.4151696606786427
0.4163346613545817
0.41749502982107356
0.41865079365079366
0.41568627450980394
0.41682974559686886
0.41796875
0.4191033138401559
0.42023346303501946
0.42135922330097086
0.42248062015503873
0.42359767891682787
0.4247104247104247
0.4258188824662813
0.4269230769230769
0.42802303262955854
0.42911877394636017
0.43021032504780116
0.42722117202268434
0.42830188679245285
0.4293785310734463
0.43045112781954886
0.43151969981238275
0.43258426966292135
0.4336448598130841
0.43470149253731344
0.43575418994413406
0.4359925788497217
0.43703703703703706
0.43807763401109057
0.43911439114391143
0.44014732965009207
0.4411764705882353
0.44220183486238535
0.4432234432234432
0.41467576791808874
0.41567291311754684
0.4166666666666667
0.41765704584040747
0.4186440677966102
0.4196277495769882
0.4206081081081081
0.42158516020236086
0.3934169278996865
0.39436619718309857
0.3953125
0.3962558502340094
0.397196261682243
0.39813374805598756
0.39906832298136646
0.4
0.40092879256965946
0.401854714064915
0.4027777777777778
0.4036979969183359
0.4046153846153846
0.4055299539170507
0.40644171779141103
0.40735068912710565
0.40825688073394495
0.40916030534351144
0.4100609756097561
0.410958904109589
0.41185410334346506
0.41274658573596357
0.41363636363636364
0.4145234493192133
0.41540785498489424
0.416289592760181
0.4171686746987952
0.4180451127819549
0.4189189189189189
0.4197901049475262
0.42065868263473055
0.42152466367713004
0.4223880597014925
0.4232488822652757
0.42410714285714285
0.424962852897474
0.4258160237388724
0.4266666666666667
0.4275147928994083
0.42836041358936483
0.42920353982300885
0.43004418262150224
0.4308823529411765
0.43171806167400884
0.43255131964809385
0.4333821376281113
0.4342105263157895
0.43503649635036495
0.4358600583090379
0.4366812227074236
0.4375
0.43831640058055155
0.4391304347826087
0.4399421128798842
0.4407514450867052
0.44155844155844154
0.4423631123919308
0.44316546762589926
0.44396551724137934
0.4447632711621234
0.4455587392550143
0.44635193133047213
0.4471428571428571
0.4479315263908702
0.44871794871794873
0.44950213371266
0.4502840909090909
0.451063829787234
0.4518413597733711
0.4526166902404526
0.4533898305084746
0.4541607898448519
0.45492957746478874
0.45569620253164556
0.45646067415730335
0.45722300140252453
0.4579831932773109
0.45874125874125876
0.4594972067039106
0.4602510460251046
0.4610027855153203
0.4617524339360223
0.4631432545201669
0.46453407510431155
0.4659248956884562
0.4673157162726008
0.46870653685674546
0.47009735744089015
0.4714881780250348
0.4728789986091794
0.47426981919332406
0.475
0.47572815533980584
0.47645429362880887
0.47717842323651455
0.47790055248618785
0.47796143250688705
0.4793388429752066
0.48005502063273725
1.0
1.0
1.0
1.0
1.0
1.0
1.0
1.0
1.0
1.0
1.0
1.0
1.0
1.0
1.0
1.0
1.0
1.0
1.0
1.0
1.0
1.0
1.0
1.0
1.0
1.0
1.0
1.0
1.0
1.0
1.0
1.0
1.0
1.0
1.0
1.0
1.0
1.0
1.0
1.0
1.0
1.0
1.0
1.0
1.0
1.0
1.0
1.0
1.0
1.0
1.0
1.0
1.0
1.0
1.0
1.0
1.0
1.0
1.0
1.0
1.0
1.0
1.0
1.0
1.0
1.0
0.19476744186046513
0.19710144927536233
0.1994219653179191
0.2017291066282421
0.20402298850574713
0.20630372492836677
0.20857142857142857
0.21082621082621084
0.21306818181818182
0.2159090909090909
0.21875
0.2215909090909091
0.22443181818181818
0.22727272727272727
0.23011363636363635
0.23295454545454544
0.23579545454545456
0.23863636363636365
0.24147727272727273
0.24431818181818182
0.2471590909090909
0.25
0.2521246458923513
0.2542372881355932
0.2563380281690141
0.25842696629213485
0.2605042016806723
0.26256983240223464
0.2646239554317549
0.26666666666666666
0.26869806094182824
0.27071823204419887
0.2727272727272727
0.27472527472527475
0.27671232876712326
0.2786885245901639
0.28065395095367845
0.2826086956521739
0.2845528455284553
0.2864864864864865
0.2884097035040431
0.2903225806451613
0.29222520107238603
0.29411764705882354
0.296
0.2978723404255319
0.29973474801061006
0.30158730158730157
0.3034300791556728
0.30526315789473685
0.30708661417322836
0.3089005235602094
0.31070496083550914
0.3125
0.3142857142857143
0.3160621761658031
0.3178294573643411
0.31958762886597936
0.3213367609254499
0.3181818181818182
0.3198992443324937
0.32160804020100503
0.3233082706766917
0.325
0.3266832917705736
0.3283582089552239
0.33002481389578164
0.3316831683168317
0.3333333333333333
0.33497536945812806
0.3366093366093366
0.3382352941176471
0.33985330073349634
0.34146341463414637
0.34306569343065696
0.3446601941747573
0.34624697336561744
0.34782608695652173
0.3493975903614458
0.35096153846153844
0.35251798561151076
0.35406698564593303
0.3556085918854415
0.35714285714285715
0.3586698337292161
0.36018957345971564
0.3617021276595745
0.3632075471698113
0.36470588235294116
0.36619718309859156
0.36768149882903983
0.3691588785046729
0.3706293706293706
0.37209302325581395
0.37354988399071926
0.375
0.37644341801385683
0.37701149425287356
0.37844036697247707
0.37986270022883295
0.3812785388127854
0.3826879271070615
0.3840909090909091
0.3854875283446712
0.38687782805429866
0.38826185101580135
0.38963963963963966
0.39101123595505616
0.3923766816143498
0.39373601789709173
0.3950892857142857
0.39643652561247217
0.3977777777777778
0.3991130820399113
0.4004424778761062
0.40176600441501104
0.39869281045751637
0.4
0.40130151843817785
0.4025974025974026
0.4038876889848812
0.4051724137931034
0.4064516129032258
0.40772532188841204
0.4089935760171306
0.41025641025641024
0.4115138592750533
0.4127659574468085
0.4140127388535032
0.4152542372881356
0.4164904862579281
0.4177215189873418
0.4189473684210526
0.42016806722689076
0.4068825910931174
0.4080808080808081
0.4092741935483871
0.4104627766599598
0.41164658634538154
0.41282565130260523
0.414
0.4151696606786427
0.4163346613545817
0.41749502982107356
0.41865079365079366
0.41568627450980394
0.41682974559686886
0.41796875
0.4191033138401559
0.42023346303501946
0.42135922330097086
0.42248062015503873
0.42359767891682787
0.4247104247104247
0.4258188824662813
0.4269230769230769
0.42802303262955854
0.42911877394636017
0.43021032504780116
0.42722117202268434
0.42830188679245285
0.4293785310734463
0.43045112781954886
0.43151969981238275
0.43258426966292135
0.4336448598130841
0.43470149253731344
0.43575418994413406
0.4359925788497217
0.43703703703703706
0.43807763401109057
0.43911439114391143
0.44014732965009207
0.4411764705882353
0.44220183486238535
0.4432234432234432
0.41467576791808874
0.41567291311754684
0.4166666666666667
0.41765704584040747
0.4186440677966102
0.4196277495769882
0.4206081081081081
0.42158516020236086
0.3934169278996865
0.39436619718309857
0.3953125
0.3962558502340094
0.397196261682243
0.39813374805598756
0.39906832298136646
0.4
0.40092879256965946
0.401854714064915
0.4027777777777778
0.4036979969183359
0.4046153846153846
0.4055299539170507
0.40644171779141103
0.40735068912710565
0.40825688073394495
0.40916030534351144
0.4100609756097561
0.410958904109589
0.41185410334346506
0.41274658573596357
0.41363636363636364
0.4145234493192133
0.41540785498489424
0.416289592760181
0.4171686746987952
0.4180451127819549
0.4189189189189189
0.4197901049475262
0.42065868263473055
0.42152466367713004
0.4223880597014925
0.4232488822652757
0.42410714285714285
0.424962852897474
0.4258160237388724
0.4266666666666667
0.4275147928994083
0.42836041358936483
0.42920353982300885
0.43004418262150224
0.4308823529411765
0.43171806167400884
0.43255131964809385
0.4333821376281113
0.4342105263157895
0.43503649635036495
0.4358600583090379
0.4366812227074236
0.4375
0.43831640058055155
0.4391304347826087
0.4399421128798842
0.4407514450867052
0.44155844155844154
0.4423631123919308
0.44316546762589926
0.44396551724137934
0.4447632711621234
0.4455587392550143
0.44635193133047213
0.4471428571428571
0.4479315263908702
0.44871794871794873
0.44950213371266
0.4502840909090909
0.451063829787234
0.4518413597733711
0.4526166902404526
0.4533898305084746
0.4541607898448519
0.45492957746478874
0.45569620253164556
0.45646067415730335
0.45722300140252453
0.4579831932773109
0.45874125874125876
0.4594972067039106
0.4602510460251046
0.4610027855153203
0.4617524339360223
0.4631432545201669
0.46453407510431155
0.4659248956884562
0.4673157162726008
0.46870653685674546
0.47009735744089015
0.4714881780250348
0.4728789986091794
0.47426981919332406
0.475
0.47572815533980584
0.47645429362880887
0.47717842323651455
0.47790055248618785
0.4786206896551724
0.4786795048143054
0.48005502063273725
1.0
1.0
1.0
1.0
1.0
1.0
1.0
1.0
1.0
1.0
1.0
1.0
1.0
1.0
1.0
1.0
1.0
1.0
1.0
1.0
1.0
1.0
1.0
1.0
1.0
1.0
1.0
1.0
1.0
1.0
1.0
1.0
1.0
1.0
1.0
1.0
1.0
1.0
1.0
1.0
1.0
1.0
1.0
1.0
1.0
1.0
1.0
1.0
1.0
1.0
1.0
1.0
1.0
1.0
1.0
1.0
1.0
1.0
1.0
1.0
1.0
1.0
1.0
1.0
1.0
1.0
0.19476744186046513
0.19710144927536233
0.1994219653179191
0.2017291066282421
0.20402298850574713
0.20630372492836677
0.20857142857142857
0.21082621082621084
0.21306818181818182
0.2159090909090909
0.21875
0.2215909090909091
0.22443181818181818
0.22727272727272727
0.23011363636363635
0.23295454545454544
0.23579545454545456
0.23863636363636365
0.24147727272727273
0.24431818181818182
0.2471590909090909
0.25
0.2521246458923513
0.2542372881355932
0.2563380281690141
0.25842696629213485
0.2605042016806723
0.26256983240223464
0.2646239554317549
0.26666666666666666
0.26869806094182824
0.27071823204419887
0.2727272727272727
0.27472527472527475
0.27671232876712326
0.2786885245901639
0.28065395095367845
0.2826086956521739
0.2845528455284553
0.2864864864864865
0.2884097035040431
0.2903225806451613
0.29222520107238603
0.29411764705882354
0.296
0.2978723404255319
0.29973474801061006
0.30158730158730157
0.3034300791556728
0.30526315789473685
0.30708661417322836
0.3089005235602094
0.31070496083550914
0.3125
0.3142857142857143
0.3160621761658031
0.3178294573643411
0.31958762886597936
0.3213367609254499
0.3181818181818182
0.3198992443324937
0.32160804020100503
0.3233082706766917
0.325
0.3266832917705736
0.3283582089552239
0.33002481389578164
0.3316831683168317
0.3333333333333333
0.33497536945812806
0.3366093366093366
0.3382352941176471
0.33985330073349634
0.34146341463414637
0.34306569343065696
0.3446601941747573
0.34624697336561744
0.34782608695652173
0.3493975903614458
0.35096153846153844
0.35251798561151076
0.35406698564593303
0.3556085918854415
0.35714285714285715
0.3586698337292161
0.36018957345971564
0.3617021276595745
0.3632075471698113
0.36470588235294116
0.36619718309859156
0.36768149882903983
0.3691588785046729
0.3706293706293706
0.37209302325581395
0.37354988399071926
0.375
0.37644341801385683
0.37701149425287356
0.37844036697247707
0.37986270022883295
0.3812785388127854
0.3826879271070615
0.3840909090909091
0.3854875283446712
0.38687782805429866
0.38826185101580135
0.38963963963963966
0.39101123595505616
0.3923766816143498
0.39373601789709173
0.3950892857142857
0.39643652561247217
0.3977777777777778
0.3991130820399113
0.4004424778761062
0.40176600441501104
0.39869281045751637
0.4
0.40130151843817785
0.4025974025974026
0.4038876889848812
0.4051724137931034
0.4064516129032258
0.40772532188841204
0.4089935760171306
0.41025641025641024
0.4115138592750533
0.4127659574468085
0.4140127388535032
0.4152542372881356
0.4164904862579281
0.4177215189873418
0.4189473684210526
0.42016806722689076
0.4068825910931174
0.4080808080808081
0.4092741935483871
0.4104627766599598
0.41164658634538154
0.41282565130260523
0.414
0.4151696606786427
0.4163346613545817
0.41749502982107356
0.41865079365079366
0.41568627450980394
0.41682974559686886
0.41796875
0.4191033138401559
0.42023346303501946
0.42135922330097086
0.42248062015503873
0.42359767891682787
0.4247104247104247
0.4258188824662813
0.4269230769230769
0.42802303262955854
0.42911877394636017
0.43021032504780116
0.42722117202268434
0.42830188679245285
0.4293785310734463
0.43045112781954886
0.43151969981238275
0.43258426966292135
0.4336448598130841
0.43470149253731344
0.43575418994413406
0.4359925788497217
0.43703703703703706
0.43807763401109057
0.43911439114391143
0.44014732965009207
0.4411764705882353
0.44220183486238535
0.4432234432234432
0.41467576791808874
0.41567291311754684
0.4166666666666667
0.41765704584040747
0.4186440677966102
0.4196277495769882
0.4206081081081081
0.42158516020236086
0.3934169278996865
0.39436619718309857
0.3953125
0.3962558502340094
0.397196261682243
0.39813374805598756
0.39906832298136646
0.4
0.40092879256965946
0.401854714064915
0.4027777777777778
0.4036979969183359
0.4046153846153846
0.4055299539170507
0.40644171779141103
0.40735068912710565
0.40825688073394495
0.40916030534351144
0.4100609756097561
0.410958904109589
0.41185410334346506
0.41274658573596357
0.41363636363636364
0.4145234493192133
0.41540785498489424
0.416289592760181
0.4171686746987952
0.4180451127819549
0.4189189189189189
0.4197901049475262
0.42065868263473055
0.42152466367713004
0.4223880597014925
0.4232488822652757
0.42410714285714285
0.424962852897474
0.4258160237388724
0.4266666666666667
0.4275147928994083
0.42836041358936483
0.42920353982300885
0.43004418262150224
0.4308823529411765
0.43171806167400884
0.43255131964809385
0.4333821376281113
0.4342105263157895
0.43503649635036495
0.4358600583090379
0.4366812227074236
0.4375
0.43831640058055155
0.4391304347826087
0.4399421128798842
0.4407514450867052
0.44155844155844154
0.4423631123919308
0.44316546762589926
0.44396551724137934
0.4447632711621234
0.4455587392550143
0.44635193133047213
0.4471428571428571
0.4479315263908702
0.44871794871794873
0.44950213371266
0.4502840909090909
0.451063829787234
0.4518413597733711
0.4526166902404526
0.4533898305084746
0.4541607898448519
0.45492957746478874
0.45569620253164556
0.45646067415730335
0.45722300140252453
0.4579831932773109
0.45874125874125876
0.4594972067039106
0.4602510460251046
0.4610027855153203
0.4617524339360223
0.4631432545201669
0.46453407510431155
0.4659248956884562
0.4673157162726008
0.46870653685674546
0.47009735744089015
0.4714881780250348
0.4728789986091794
0.47426981919332406
0.475
0.47572815533980584
0.47645429362880887
0.47717842323651455
0.47790055248618785
0.47796143250688705
0.4793388429752066
0.48005502063273725
