1.0
1.0
1.0
1.0
1.0
0.375
0.4375
0.5
0.5625
0.625
0.6875
0.75
0.8125
0.875
0.9375
1.0
0.7083333333333334
0.75
0.7916666666666666
0.8333333333333334
0.875
0.9166666666666666
0.9583333333333334
1.0
1.0
1.0
1.0
1.0
1.0
0.46153846153846156
0.5384615384615384
0.6153846153846154
0.6923076923076923
0.7692307692307693
0.8461538461538461
0.9230769230769231
1.0
0.5833333333333334
0.625
0.6666666666666666
0.7083333333333334
0.75
0.7916666666666666
0.8333333333333334
0.875
0.9166666666666666
0.9583333333333334
1.0
1.0
1.0
1.0
1.0
1.0
0.375
0.4375
0.5
0.5625
0.625
0.6875
0.75
0.8125
0.875
0.9375
1.0
1.0
1.0
1.0
1.0
1.0
0.375
0.4375
0.5
0.5625
0.625
0.6875
0.75
0.8125
0.875
0.9375
1.0
0.7083333333333334
0.75
0.7916666666666666
0.8333333333333334
0.875
0.9166666666666666
0.9583333333333334
1.0
1.0
1.0
1.0
1.0
1.0
0.375
0.4375
0.5
0.5625
0.625
0.6875
0.75
0.8125
0.875
0.9375
1.0
0.7083333333333334
0.75
0.7916666666666666
0.8333333333333334
0.875
0.9166666666666666
0.9583333333333334
1.0
1.0
1.0
1.0
1.0
1.0
0.46153846153846156
0.5384615384615384
0.6153846153846154
0.6923076923076923
0.7692307692307693
0.8461538461538461
0.9230769230769231
1.0
0.5833333333333334
0.625
0.6666666666666666
0.7083333333333334
0.75
0.7916666666666666
0.8333333333333334
0.875
0.9166666666666666
0.9583333333333334
1.0
1.0
1.0
1.0
1.0
1.0
0.375
0.4375
0.5
0.5625
0.625
0.6875
0.75
0.8125
0.875
0.9375
1.0
0.7083333333333334
0.75
0.7916666666666666
0.8333333333333334
0.875
0.9166666666666666
0.9583333333333334
1.0
