|checker| success id$0$color:green$: 
==========================
$FilePath$/home/tiago/empirical-jsvuln-tools-study/tools-testing/tools-docker/odgen/ODGen/builtin_packages/http.js
Line 17	    sink_hqbpillvul_http_setHeader(value);

|checker| success id$0$color:green$: 
==========================
$FilePath$/home/tiago/empirical-jsvuln-tools-study/tools-testing/tools-docker/odgen/ODGen/builtin_packages/http.js
Line 17	    sink_hqbpillvul_http_setHeader(value);

|checker| success id$0$color:green$: 
==========================
$FilePath$/home/tiago/empirical-jsvuln-tools-study/tools-testing/tools-docker/odgen/ODGen/builtin_packages/http.js
Line 17	    sink_hqbpillvul_http_setHeader(value);

|checker| success id$0$color:green$: 
==========================
$FilePath$/home/tiago/empirical-jsvuln-tools-study/tools-testing/tools-docker/odgen/ODGen/builtin_packages/http.js
Line 2	  var OPGen_TAINTED_VAR_url = "" ;
$FilePath$/home/tiago/empirical-jsvuln-tools-study/framework/src/packages/CWE-22/467/package/utahcityfinder.js
Line 8	   var urlObj = url.parse(req.url, true, false);
$FilePath$/home/tiago/empirical-jsvuln-tools-study/framework/src/packages/CWE-22/467/package/utahcityfinder.js
Line 9	   if (urlObj.pathname.indexOf("getcity") != -1) {
      fs.readFile(ROOT_DIR + "cities.dat.txt", function (err, data) {
         if (err) {
            throw err;
         }
         var cityPrefix = new RegExp("^" + urlObj.query["q"]);
	 console.log(cityPrefix);
         var cities = data.toString().split("\n");
         var cityJson = [];
	 for (var i = 0; i < cities.length; ++i) {
	    var regExResult = cities[i].search(cityPrefix);
            if (regExResult != -1) {
	       cityJson.push({city:cities[i]});
	       console.log(cities[i]);
	    }            
         }
	 console.log(cityJson);
         console.log(JSON.stringify(cityJson));
   	 res.writeHead(200);
	 res.end(JSON.stringify(cityJson));
      });      
      console.log("GOT INTO GET CITY!!");
   } else {
      fs.readFile(ROOT_DIR + urlObj.pathname, function (err,data) {
         if (err) {
            res.writeHead(404);
            res.end(JSON.stringify(err));
            return;
         }

         console.log("URL path: " + urlObj.pathname);
         console.log("URL search: " + urlObj.search);
         console.log("URL query: " + urlObj.query['q']);
         res.writeHead(200);
         res.end(data);
      });
   }
$FilePath$/home/tiago/empirical-jsvuln-tools-study/framework/src/packages/CWE-22/467/package/utahcityfinder.js
Line 32	      fs.readFile(ROOT_DIR + urlObj.pathname, function (err,data) {
         if (err) {
            res.writeHead(404);
            res.end(JSON.stringify(err));
            return;
         }

         console.log("URL path: " + urlObj.pathname);
         console.log("URL search: " + urlObj.search);
         console.log("URL query: " + urlObj.query['q']);
         res.writeHead(200);
         res.end(data);
      });
$FilePath$/home/tiago/empirical-jsvuln-tools-study/tools-testing/tools-docker/odgen/ODGen/builtin_packages/fs.js
Line 15	  var ret = sink_hqbpillvul_fs_read(pathname);
$FilePath$/home/tiago/empirical-jsvuln-tools-study/tools-testing/tools-docker/odgen/ODGen/builtin_packages/http.js
Line 25	    sink_hqbpillvul_http_write(value, value);

|checker| success id$1$color:green$: 
==========================
$FilePath$/home/tiago/empirical-jsvuln-tools-study/tools-testing/tools-docker/odgen/ODGen/builtin_packages/http.js
Line 2	  var OPGen_TAINTED_VAR_url = "" ;
$FilePath$/home/tiago/empirical-jsvuln-tools-study/framework/src/packages/CWE-22/467/package/utahcityfinder.js
Line 8	   var urlObj = url.parse(req.url, true, false);
$FilePath$/home/tiago/empirical-jsvuln-tools-study/framework/src/packages/CWE-22/467/package/utahcityfinder.js
Line 32	      fs.readFile(ROOT_DIR + urlObj.pathname, function (err,data) {
         if (err) {
            res.writeHead(404);
            res.end(JSON.stringify(err));
            return;
         }

         console.log("URL path: " + urlObj.pathname);
         console.log("URL search: " + urlObj.search);
         console.log("URL query: " + urlObj.query['q']);
         res.writeHead(200);
         res.end(data);
      });
$FilePath$/home/tiago/empirical-jsvuln-tools-study/tools-testing/tools-docker/odgen/ODGen/builtin_packages/fs.js
Line 15	  var ret = sink_hqbpillvul_fs_read(pathname);
$FilePath$/home/tiago/empirical-jsvuln-tools-study/tools-testing/tools-docker/odgen/ODGen/builtin_packages/http.js
Line 25	    sink_hqbpillvul_http_write(value, value);

|checker| success id$0$color:green$: 
==========================
$FilePath$/home/tiago/empirical-jsvuln-tools-study/tools-testing/tools-docker/odgen/ODGen/builtin_packages/http.js
Line 2	  var OPGen_TAINTED_VAR_url = "" ;
$FilePath$/home/tiago/empirical-jsvuln-tools-study/framework/src/packages/CWE-22/467/package/utahcityfinder.js
Line 8	   var urlObj = url.parse(req.url, true, false);
$FilePath$/home/tiago/empirical-jsvuln-tools-study/framework/src/packages/CWE-22/467/package/utahcityfinder.js
Line 9	   if (urlObj.pathname.indexOf("getcity") != -1) {
      fs.readFile(ROOT_DIR + "cities.dat.txt", function (err, data) {
         if (err) {
            throw err;
         }
         var cityPrefix = new RegExp("^" + urlObj.query["q"]);
	 console.log(cityPrefix);
         var cities = data.toString().split("\n");
         var cityJson = [];
	 for (var i = 0; i < cities.length; ++i) {
	    var regExResult = cities[i].search(cityPrefix);
            if (regExResult != -1) {
	       cityJson.push({city:cities[i]});
	       console.log(cities[i]);
	    }            
         }
	 console.log(cityJson);
         console.log(JSON.stringify(cityJson));
   	 res.writeHead(200);
	 res.end(JSON.stringify(cityJson));
      });      
      console.log("GOT INTO GET CITY!!");
   } else {
      fs.readFile(ROOT_DIR + urlObj.pathname, function (err,data) {
         if (err) {
            res.writeHead(404);
            res.end(JSON.stringify(err));
            return;
         }

         console.log("URL path: " + urlObj.pathname);
         console.log("URL search: " + urlObj.search);
         console.log("URL query: " + urlObj.query['q']);
         res.writeHead(200);
         res.end(data);
      });
   }
$FilePath$/home/tiago/empirical-jsvuln-tools-study/framework/src/packages/CWE-22/467/package/utahcityfinder.js
Line 32	      fs.readFile(ROOT_DIR + urlObj.pathname, function (err,data) {
         if (err) {
            res.writeHead(404);
            res.end(JSON.stringify(err));
            return;
         }

         console.log("URL path: " + urlObj.pathname);
         console.log("URL search: " + urlObj.search);
         console.log("URL query: " + urlObj.query['q']);
         res.writeHead(200);
         res.end(data);
      });
$FilePath$/home/tiago/empirical-jsvuln-tools-study/tools-testing/tools-docker/odgen/ODGen/builtin_packages/fs.js
Line 15	  var ret = sink_hqbpillvul_fs_read(pathname);
$FilePath$/home/tiago/empirical-jsvuln-tools-study/tools-testing/tools-docker/odgen/ODGen/builtin_packages/http.js
Line 25	    sink_hqbpillvul_http_write(value, value);

|checker| success id$1$color:green$: 
==========================
$FilePath$/home/tiago/empirical-jsvuln-tools-study/tools-testing/tools-docker/odgen/ODGen/builtin_packages/http.js
Line 2	  var OPGen_TAINTED_VAR_url = "" ;
$FilePath$/home/tiago/empirical-jsvuln-tools-study/framework/src/packages/CWE-22/467/package/utahcityfinder.js
Line 8	   var urlObj = url.parse(req.url, true, false);
$FilePath$/home/tiago/empirical-jsvuln-tools-study/framework/src/packages/CWE-22/467/package/utahcityfinder.js
Line 32	      fs.readFile(ROOT_DIR + urlObj.pathname, function (err,data) {
         if (err) {
            res.writeHead(404);
            res.end(JSON.stringify(err));
            return;
         }

         console.log("URL path: " + urlObj.pathname);
         console.log("URL search: " + urlObj.search);
         console.log("URL query: " + urlObj.query['q']);
         res.writeHead(200);
         res.end(data);
      });
$FilePath$/home/tiago/empirical-jsvuln-tools-study/tools-testing/tools-docker/odgen/ODGen/builtin_packages/fs.js
Line 15	  var ret = sink_hqbpillvul_fs_read(pathname);
$FilePath$/home/tiago/empirical-jsvuln-tools-study/tools-testing/tools-docker/odgen/ODGen/builtin_packages/http.js
Line 25	    sink_hqbpillvul_http_write(value, value);

