1.0
1.0
1.0
1.0
1.0
1.0
1.0
1.0
1.0
1.0
1.0
1.0
1.0
1.0
1.0
1.0
1.0
1.0
1.0
1.0
1.0
1.0
1.0
1.0
1.0
1.0
0.39705882352941174
0.4057971014492754
0.4142857142857143
0.4225352112676056
0.4305555555555556
0.4383561643835616
0.44594594594594594
0.4533333333333333
0.35714285714285715
0.36363636363636365
0.37
0.37623762376237624
0.38235294117647056
0.3883495145631068
0.3942307692307692
0.4
0.4056603773584906
0.41509433962264153
0.42452830188679247
0.42990654205607476
0.4351851851851852
0.44036697247706424
0.44545454545454544
0.45045045045045046
0.45535714285714285
0.46017699115044247
0.4649122807017544
0.46956521739130436
0.47413793103448276
0.47863247863247865
0.4830508474576271
0.48739495798319327
0.49166666666666664
0.49586776859504134
0.5
0.5040650406504065
0.5080645161290323
0.512
0.5158730158730159
0.5196850393700787
0.5234375
0.5271317829457365
0.5307692307692308
0.5343511450381679
0.5378787878787878
0.5413533834586466
0.5447761194029851
0.5481481481481482
0.5514705882352942
0.5547445255474452
0.5579710144927537
0.5611510791366906
0.5642857142857143
0.5673758865248227
0.5704225352112676
0.5734265734265734
0.5763888888888888
0.5793103448275863
0.5821917808219178
0.5850340136054422
0.5878378378378378
0.5906040268456376
0.5933333333333334
0.5960264900662252
0.5986842105263158
0.6013071895424836
0.5344827586206896
0.5402298850574713
0.5459770114942529
0.5517241379310345
0.5574712643678161
0.5632183908045977
0.5689655172413793
0.5747126436781609
0.5804597701149425
0.5862068965517241
0.5919540229885057
0.5977011494252874
0.603448275862069
0.6091954022988506
0.6149425287356322
0.6206896551724138
0.6264367816091954
0.632183908045977
0.6379310344827587
0.6436781609195402
0.6494252873563219
0.6551724137931034
0.6609195402298851
0.6666666666666666
0.6724137931034483
0.6781609195402298
0.6839080459770115
0.6896551724137931
0.6954022988505747
0.7011494252873564
0.7068965517241379
0.7126436781609196
0.7183908045977011
0.7241379310344828
0.7298850574712644
0.735632183908046
0.7413793103448276
0.7471264367816092
0.7528735632183908
0.7586206896551724
0.764367816091954
0.7701149425287356
0.7758620689655172
0.7771428571428571
0.7784090909090909
0.7796610169491526
0.7808988764044944
0.7821229050279329
0.7833333333333333
0.7845303867403315
0.7857142857142857
0.7868852459016393
0.7880434782608695
0.7891891891891892
0.7903225806451613
0.7914438502673797
0.7925531914893617
0.7936507936507936
0.7947368421052632
0.7958115183246073
0.796875
0.7979274611398963
0.8031088082901554
0.8082901554404145
0.8134715025906736
0.8186528497409327
0.8238341968911918
0.8290155440414507
0.8341968911917098
0.8393782383419689
0.844559585492228
0.8497409326424871
0.8549222797927462
0.8601036269430051
0.8652849740932642
0.8704663212435233
0.8756476683937824
0.8808290155440415
0.8860103626943006
0.8911917098445595
0.8963730569948186
0.9015544041450777
0.9067357512953368
0.9072164948453608
0.9076923076923077
0.9081632653061225
0.9086294416243654
0.9090909090909091
0.9095477386934674
0.91
0.9104477611940298
0.9108910891089109
0.9113300492610837
0.9117647058823529
0.9121951219512195
0.912621359223301
0.9130434782608695
0.9134615384615384
0.9138755980861244
0.9142857142857143
0.919047619047619
0.9238095238095239
0.9285714285714286
0.9333333333333333
0.9380952380952381
0.9428571428571428
0.943127962085308
0.9433962264150944
0.9481132075471698
1.0
1.0
1.0
1.0
1.0
1.0
1.0
1.0
1.0
1.0
1.0
1.0
1.0
1.0
1.0
1.0
1.0
1.0
1.0
1.0
1.0
1.0
1.0
1.0
1.0
1.0
0.39705882352941174
0.4057971014492754
0.4142857142857143
0.4225352112676056
0.4305555555555556
0.4383561643835616
0.44594594594594594
0.4533333333333333
0.35714285714285715
0.36363636363636365
0.37
0.37623762376237624
0.38235294117647056
0.3883495145631068
0.3942307692307692
0.4
0.4056603773584906
0.41509433962264153
0.42452830188679247
0.42990654205607476
0.4351851851851852
0.44036697247706424
0.44545454545454544
0.45045045045045046
0.45535714285714285
0.46017699115044247
0.4649122807017544
0.46956521739130436
0.47413793103448276
0.47863247863247865
0.4830508474576271
0.48739495798319327
0.49166666666666664
0.49586776859504134
0.5
0.5040650406504065
0.5080645161290323
0.512
0.5158730158730159
0.5196850393700787
0.5234375
0.5271317829457365
0.5307692307692308
0.5343511450381679
0.5378787878787878
0.5413533834586466
0.5447761194029851
0.5481481481481482
0.5514705882352942
0.5547445255474452
0.5579710144927537
0.5611510791366906
0.5642857142857143
0.5673758865248227
0.5704225352112676
0.5734265734265734
0.5763888888888888
0.5793103448275863
0.5821917808219178
0.5850340136054422
0.5878378378378378
0.5906040268456376
0.5933333333333334
0.5960264900662252
0.5986842105263158
0.6013071895424836
0.5344827586206896
0.5402298850574713
0.5459770114942529
0.5517241379310345
0.5574712643678161
0.5632183908045977
0.5689655172413793
0.5747126436781609
0.5804597701149425
0.5862068965517241
0.5919540229885057
0.5977011494252874
0.603448275862069
0.6091954022988506
0.6149425287356322
0.6206896551724138
0.6264367816091954
0.632183908045977
0.6379310344827587
0.6436781609195402
0.6494252873563219
0.6551724137931034
0.6609195402298851
0.6666666666666666
0.6724137931034483
0.6781609195402298
0.6839080459770115
0.6857142857142857
0.6875
0.6892655367231638
0.6910112359550562
0.6927374301675978
0.6944444444444444
0.6961325966850829
0.6978021978021978
0.6994535519125683
0.7010869565217391
0.7027027027027027
0.7043010752688172
0.7058823529411765
0.7074468085106383
0.708994708994709
0.7105263157894737
0.7120418848167539
0.7135416666666666
0.7150259067357513
0.7202072538860104
0.7253886010362695
0.7305699481865285
0.7357512953367875
0.7409326424870466
0.7461139896373057
0.7512953367875648
0.7564766839378239
0.7616580310880829
0.7668393782383419
0.772020725388601
0.7772020725388601
0.7823834196891192
0.7875647668393783
0.7927461139896373
0.7979274611398963
0.8031088082901554
0.8082901554404145
0.8134715025906736
0.8186528497409327
0.8238341968911918
0.8247422680412371
0.8256410256410256
0.826530612244898
0.8274111675126904
0.8282828282828283
0.8291457286432161
0.83
0.8308457711442786
0.8316831683168316
0.8325123152709359
0.8333333333333334
0.8341463414634146
0.8349514563106796
0.8357487922705314
0.8365384615384616
0.8373205741626795
0.8380952380952381
0.8428571428571429
0.8476190476190476
0.8523809523809524
0.8571428571428571
0.861904761904762
0.8666666666666667
0.8672985781990521
0.8679245283018868
0.8726415094339622
0.8773584905660378
0.8820754716981132
0.8867924528301887
0.8915094339622641
0.8962264150943396
0.9009433962264151
0.9056603773584906
0.910377358490566
0.9150943396226415
0.9198113207547169
0.9245283018867925
0.9292452830188679
0.9339622641509434
0.9386792452830188
0.9433962264150944
0.9481132075471698
1.0
1.0
1.0
1.0
1.0
1.0
1.0
1.0
1.0
1.0
1.0
1.0
1.0
1.0
1.0
1.0
1.0
1.0
1.0
1.0
1.0
1.0
1.0
1.0
1.0
1.0
1.0
1.0
1.0
1.0
1.0
1.0
1.0
1.0
1.0
1.0
1.0
1.0
1.0
1.0
1.0
1.0
1.0
1.0
1.0
1.0
1.0
1.0
1.0
1.0
1.0
1.0
1.0
1.0
1.0
1.0
1.0
1.0
1.0
1.0
1.0
1.0
1.0
1.0
1.0
1.0
1.0
1.0
1.0
1.0
1.0
1.0
1.0
1.0
1.0
1.0
1.0
1.0
1.0
1.0
1.0
1.0
1.0
1.0
1.0
1.0
1.0
1.0
1.0
1.0
1.0
1.0
1.0
1.0
1.0
1.0
1.0
1.0
1.0
1.0
1.0
1.0
1.0
1.0
1.0
1.0
1.0
1.0
1.0
1.0
1.0
1.0
1.0
1.0
1.0
1.0
1.0
1.0
0.39705882352941174
0.4057971014492754
0.4142857142857143
0.4225352112676056
0.4305555555555556
0.4383561643835616
0.44594594594594594
0.4533333333333333
0.35714285714285715
0.36363636363636365
0.37
0.37623762376237624
0.38235294117647056
0.3883495145631068
0.3942307692307692
0.4
0.4056603773584906
0.41509433962264153
0.42452830188679247
0.42990654205607476
0.4351851851851852
0.44036697247706424
0.44545454545454544
0.45045045045045046
0.45535714285714285
0.46017699115044247
0.4649122807017544
0.46956521739130436
0.47413793103448276
0.47863247863247865
0.4830508474576271
0.48739495798319327
0.49166666666666664
0.49586776859504134
0.5
0.5040650406504065
0.5080645161290323
0.512
0.5158730158730159
0.5196850393700787
0.5234375
0.5271317829457365
0.5307692307692308
0.5343511450381679
0.5378787878787878
0.5413533834586466
0.5447761194029851
0.5481481481481482
0.5514705882352942
0.5547445255474452
0.5579710144927537
0.5611510791366906
0.5642857142857143
0.5673758865248227
0.5704225352112676
0.5734265734265734
0.5763888888888888
0.5793103448275863
0.5821917808219178
0.5850340136054422
0.5878378378378378
0.5906040268456376
0.5933333333333334
0.5960264900662252
0.5986842105263158
0.6013071895424836
0.5344827586206896
0.5402298850574713
0.5459770114942529
0.5517241379310345
0.5542857142857143
0.5568181818181818
0.559322033898305
0.5617977528089888
0.5642458100558659
0.5666666666666667
0.569060773480663
0.5714285714285714
0.5737704918032787
0.5760869565217391
0.5783783783783784
0.5806451612903226
0.5828877005347594
0.5851063829787234
0.5873015873015873
0.5894736842105263
0.5916230366492147
0.59375
0.5958549222797928
0.6010362694300518
0.6062176165803109
0.6113989637305699
0.616580310880829
0.6217616580310881
0.6269430051813472
0.6321243523316062
0.6373056994818653
0.6424870466321243
0.6476683937823834
0.6528497409326425
0.6580310880829016
0.6632124352331606
0.6683937823834197
0.6735751295336787
0.6787564766839378
0.6839378238341969
0.689119170984456
0.694300518134715
0.6994818652849741
0.7046632124352331
0.7061855670103093
0.7076923076923077
0.7091836734693877
0.7106598984771574
0.7121212121212122
0.7135678391959799
0.715
0.7164179104477612
0.7178217821782178
0.7192118226600985
0.7205882352941176
0.7219512195121951
0.7233009708737864
0.7246376811594203
0.7259615384615384
0.7272727272727273
0.7285714285714285
0.7333333333333333
0.7380952380952381
0.7428571428571429
0.7476190476190476
0.7523809523809524
0.7571428571428571
0.7582938388625592
0.7594339622641509
0.7641509433962265
0.7688679245283019
0.7735849056603774
0.7783018867924528
0.7830188679245284
0.7877358490566038
0.7924528301886793
0.7971698113207547
0.8018867924528302
0.8066037735849056
0.8113207547169812
0.8160377358490566
0.8207547169811321
0.8254716981132075
0.8301886792452831
0.8349056603773585
0.839622641509434
0.8443396226415094
0.8490566037735849
0.8537735849056604
0.8584905660377359
0.8632075471698113
0.8679245283018868
0.8726415094339622
0.8773584905660378
0.8820754716981132
0.8867924528301887
0.8915094339622641
0.8962264150943396
0.9009433962264151
0.9056603773584906
0.910377358490566
0.9150943396226415
0.9198113207547169
0.9245283018867925
0.9292452830188679
0.9339622641509434
0.9386792452830188
0.9433962264150944
0.9481132075471698
1.0
1.0
1.0
1.0
1.0
1.0
1.0
1.0
1.0
1.0
1.0
1.0
1.0
1.0
1.0
1.0
1.0
1.0
1.0
1.0
1.0
1.0
1.0
1.0
1.0
1.0
0.39705882352941174
0.4057971014492754
0.4142857142857143
0.4225352112676056
0.4305555555555556
0.4383561643835616
0.44594594594594594
0.4533333333333333
0.35714285714285715
0.36363636363636365
0.37
0.37623762376237624
0.38235294117647056
0.3883495145631068
0.3942307692307692
0.4
0.4056603773584906
0.41509433962264153
0.42452830188679247
0.42990654205607476
0.4351851851851852
0.44036697247706424
0.44545454545454544
0.45045045045045046
0.45535714285714285
0.46017699115044247
0.4649122807017544
0.46956521739130436
0.47413793103448276
0.47863247863247865
0.4830508474576271
0.48739495798319327
0.49166666666666664
0.49586776859504134
0.5
0.5040650406504065
0.5080645161290323
0.512
0.5158730158730159
0.5196850393700787
0.5234375
0.5271317829457365
0.5307692307692308
0.5343511450381679
0.5378787878787878
0.5413533834586466
0.5447761194029851
0.5481481481481482
0.5514705882352942
0.5547445255474452
0.5579710144927537
0.5611510791366906
0.5642857142857143
0.5673758865248227
0.5704225352112676
0.5734265734265734
0.5763888888888888
0.5793103448275863
0.5821917808219178
0.5850340136054422
0.5878378378378378
0.5906040268456376
0.5933333333333334
0.5960264900662252
0.5986842105263158
0.6013071895424836
0.5344827586206896
0.5402298850574713
0.5459770114942529
0.5517241379310345
0.5574712643678161
0.5632183908045977
0.5689655172413793
0.5747126436781609
0.5804597701149425
0.5862068965517241
0.5919540229885057
0.5977011494252874
0.603448275862069
0.6091954022988506
0.6149425287356322
0.6206896551724138
0.6264367816091954
0.632183908045977
0.6379310344827587
0.6436781609195402
0.6494252873563219
0.6551724137931034
0.6609195402298851
0.6666666666666666
0.6724137931034483
0.6781609195402298
0.6839080459770115
0.6857142857142857
0.6875
0.6892655367231638
0.6910112359550562
0.6927374301675978
0.6944444444444444
0.6961325966850829
0.6978021978021978
0.6994535519125683
0.7010869565217391
0.7027027027027027
0.7043010752688172
0.7058823529411765
0.7074468085106383
0.708994708994709
0.7105263157894737
0.7120418848167539
0.7135416666666666
0.7150259067357513
0.7202072538860104
0.7253886010362695
0.7305699481865285
0.7357512953367875
0.7409326424870466
0.7461139896373057
0.7512953367875648
0.7564766839378239
0.7616580310880829
0.7668393782383419
0.772020725388601
0.7772020725388601
0.7823834196891192
0.7875647668393783
0.7927461139896373
0.7979274611398963
0.8031088082901554
0.8082901554404145
0.8134715025906736
0.8186528497409327
0.8238341968911918
0.8247422680412371
0.8256410256410256
0.826530612244898
0.8274111675126904
0.8282828282828283
0.8291457286432161
0.83
0.8308457711442786
0.8316831683168316
0.8325123152709359
0.8333333333333334
0.8341463414634146
0.8349514563106796
0.8357487922705314
0.8365384615384616
0.8373205741626795
0.8380952380952381
0.8428571428571429
0.8476190476190476
0.8523809523809524
0.8571428571428571
0.861904761904762
0.8666666666666667
0.8672985781990521
0.8679245283018868
0.8726415094339622
0.8773584905660378
0.8820754716981132
0.8867924528301887
0.8915094339622641
0.8962264150943396
0.9009433962264151
0.9056603773584906
0.910377358490566
0.9150943396226415
0.9198113207547169
0.9245283018867925
0.9292452830188679
0.9339622641509434
0.9386792452830188
0.9433962264150944
0.9481132075471698
1.0
1.0
1.0
1.0
1.0
1.0
1.0
1.0
1.0
1.0
1.0
1.0
1.0
1.0
1.0
1.0
1.0
1.0
1.0
1.0
1.0
1.0
1.0
1.0
1.0
1.0
0.39705882352941174
0.4057971014492754
0.4142857142857143
0.4225352112676056
0.4305555555555556
0.4383561643835616
0.44594594594594594
0.4533333333333333
0.35714285714285715
0.36363636363636365
0.37
0.37623762376237624
0.38235294117647056
0.3883495145631068
0.3942307692307692
0.4
0.4056603773584906
0.41509433962264153
0.42452830188679247
0.42990654205607476
0.4351851851851852
0.44036697247706424
0.44545454545454544
0.45045045045045046
0.45535714285714285
0.46017699115044247
0.4649122807017544
0.46956521739130436
0.47413793103448276
0.47863247863247865
0.4830508474576271
0.48739495798319327
0.49166666666666664
0.49586776859504134
0.5
0.5040650406504065
0.5080645161290323
0.512
0.5158730158730159
0.5196850393700787
0.5234375
0.5271317829457365
0.5307692307692308
0.5343511450381679
0.5378787878787878
0.5413533834586466
0.5447761194029851
0.5481481481481482
0.5514705882352942
0.5547445255474452
0.5579710144927537
0.5611510791366906
0.5642857142857143
0.5673758865248227
0.5704225352112676
0.5734265734265734
0.5763888888888888
0.5793103448275863
0.5821917808219178
0.5850340136054422
0.5878378378378378
0.5906040268456376
0.5933333333333334
0.5960264900662252
0.5986842105263158
0.6013071895424836
0.5344827586206896
0.5402298850574713
0.5459770114942529
0.5517241379310345
0.5574712643678161
0.5632183908045977
0.5689655172413793
0.5747126436781609
0.5804597701149425
0.5862068965517241
0.5919540229885057
0.5977011494252874
0.603448275862069
0.6091954022988506
0.6149425287356322
0.6206896551724138
0.6264367816091954
0.632183908045977
0.6379310344827587
0.6436781609195402
0.6494252873563219
0.6551724137931034
0.6609195402298851
0.6666666666666666
0.6724137931034483
0.6781609195402298
0.6839080459770115
0.6896551724137931
0.6954022988505747
0.7011494252873564
0.7068965517241379
0.7126436781609196
0.7183908045977011
0.7241379310344828
0.7298850574712644
0.735632183908046
0.7413793103448276
0.7471264367816092
0.7528735632183908
0.7586206896551724
0.764367816091954
0.7701149425287356
0.7758620689655172
0.7771428571428571
0.7784090909090909
0.7796610169491526
0.7808988764044944
0.7821229050279329
0.7833333333333333
0.7845303867403315
0.7857142857142857
0.7868852459016393
0.7880434782608695
0.7891891891891892
0.7903225806451613
0.7914438502673797
0.7925531914893617
0.7936507936507936
0.7947368421052632
0.7958115183246073
0.796875
0.7979274611398963
0.8031088082901554
0.8082901554404145
0.8134715025906736
0.8186528497409327
0.8238341968911918
0.8290155440414507
0.8341968911917098
0.8393782383419689
0.844559585492228
0.8497409326424871
0.8549222797927462
0.8601036269430051
0.8652849740932642
0.8704663212435233
0.8756476683937824
0.8808290155440415
0.8860103626943006
0.8911917098445595
0.8963730569948186
0.9015544041450777
0.9067357512953368
0.9072164948453608
0.9076923076923077
0.9081632653061225
0.9086294416243654
0.9090909090909091
0.9095477386934674
0.91
0.9104477611940298
0.9108910891089109
0.9113300492610837
0.9117647058823529
0.9121951219512195
0.912621359223301
0.9130434782608695
0.9134615384615384
0.9138755980861244
0.9142857142857143
0.919047619047619
0.9238095238095239
0.9285714285714286
0.9333333333333333
0.9380952380952381
0.9428571428571428
0.943127962085308
0.9433962264150944
0.9481132075471698
1.0
1.0
1.0
1.0
1.0
1.0
1.0
1.0
1.0
1.0
1.0
1.0
1.0
1.0
1.0
1.0
1.0
1.0
1.0
1.0
1.0
1.0
1.0
1.0
1.0
1.0
0.39705882352941174
0.4057971014492754
0.4142857142857143
0.4225352112676056
0.4305555555555556
0.4383561643835616
0.44594594594594594
0.4533333333333333
0.35714285714285715
0.36363636363636365
0.37
0.37623762376237624
0.38235294117647056
0.3883495145631068
0.3942307692307692
0.4
0.4056603773584906
0.41509433962264153
0.42452830188679247
0.42990654205607476
0.4351851851851852
0.44036697247706424
0.44545454545454544
0.45045045045045046
0.45535714285714285
0.46017699115044247
0.4649122807017544
0.46956521739130436
0.47413793103448276
0.47863247863247865
0.4830508474576271
0.48739495798319327
0.49166666666666664
0.49586776859504134
0.5
0.5040650406504065
0.5080645161290323
0.512
0.5158730158730159
0.5196850393700787
0.5234375
0.5271317829457365
0.5307692307692308
0.5343511450381679
0.5378787878787878
0.5413533834586466
0.5447761194029851
0.5481481481481482
0.5514705882352942
0.5547445255474452
0.5579710144927537
0.5611510791366906
0.5642857142857143
0.5673758865248227
0.5704225352112676
0.5734265734265734
0.5763888888888888
0.5793103448275863
0.5821917808219178
0.5850340136054422
0.5878378378378378
0.5906040268456376
0.5933333333333334
0.5960264900662252
0.5986842105263158
0.6013071895424836
0.5344827586206896
0.5402298850574713
0.5459770114942529
0.5517241379310345
0.5542857142857143
0.5568181818181818
0.559322033898305
0.5617977528089888
0.5642458100558659
0.5666666666666667
0.569060773480663
0.5714285714285714
0.5737704918032787
0.5760869565217391
0.5783783783783784
0.5806451612903226
0.5828877005347594
0.5851063829787234
0.5873015873015873
0.5894736842105263
0.5916230366492147
0.59375
0.5958549222797928
0.6010362694300518
0.6062176165803109
0.6113989637305699
0.616580310880829
0.6217616580310881
0.6269430051813472
0.6321243523316062
0.6373056994818653
0.6424870466321243
0.6476683937823834
0.6528497409326425
0.6580310880829016
0.6632124352331606
0.6683937823834197
0.6735751295336787
0.6787564766839378
0.6839378238341969
0.689119170984456
0.694300518134715
0.6994818652849741
0.7046632124352331
0.7061855670103093
0.7076923076923077
0.7091836734693877
0.7106598984771574
0.7121212121212122
0.7135678391959799
0.715
0.7164179104477612
0.7178217821782178
0.7192118226600985
0.7205882352941176
0.7219512195121951
0.7233009708737864
0.7246376811594203
0.7259615384615384
0.7272727272727273
0.7285714285714285
0.7333333333333333
0.7380952380952381
0.7428571428571429
0.7476190476190476
0.7523809523809524
0.7571428571428571
0.7582938388625592
0.7594339622641509
0.7641509433962265
0.7688679245283019
0.7735849056603774
0.7783018867924528
0.7830188679245284
0.7877358490566038
0.7924528301886793
0.7971698113207547
0.8018867924528302
0.8066037735849056
0.8113207547169812
0.8160377358490566
0.8207547169811321
0.8254716981132075
0.8301886792452831
0.8349056603773585
0.839622641509434
0.8443396226415094
0.8490566037735849
0.8537735849056604
0.8584905660377359
0.8632075471698113
0.8679245283018868
0.8726415094339622
0.8773584905660378
0.8820754716981132
0.8867924528301887
0.8915094339622641
0.8962264150943396
0.9009433962264151
0.9056603773584906
0.910377358490566
0.9150943396226415
0.9198113207547169
0.9245283018867925
0.9292452830188679
0.9339622641509434
0.9386792452830188
0.9433962264150944
0.9481132075471698
