1.0
1.0
1.0
1.0
1.0
1.0
1.0
1.0
1.0
1.0
1.0
1.0
1.0
1.0
1.0
0.8888888888888888
0.9444444444444444
1.0
0.9047619047619048
0.9523809523809523
1.0
0.4888888888888889
0.5111111111111111
0.5333333333333333
0.5555555555555556
0.5777777777777777
0.6
0.6222222222222222
0.6444444444444445
0.6666666666666666
0.6888888888888889
0.7111111111111111
0.717391304347826
0.7391304347826086
0.7608695652173914
0.782608695652174
0.8043478260869565
0.8260869565217391
0.8478260869565217
0.8695652173913043
0.8913043478260869
0.9130434782608695
0.9347826086956522
0.9565217391304348
0.9782608695652174
1.0
1.0
1.0
1.0
1.0
1.0
1.0
1.0
1.0
1.0
1.0
1.0
1.0
1.0
1.0
1.0
0.8888888888888888
0.9444444444444444
1.0
0.7916666666666666
0.8333333333333334
0.875
0.9166666666666666
0.9583333333333334
1.0
0.5555555555555556
0.5777777777777777
0.6
0.6086956521739131
0.6304347826086957
0.6521739130434783
0.6739130434782609
0.6956521739130435
0.717391304347826
0.7391304347826086
0.7608695652173914
0.782608695652174
0.8043478260869565
0.8260869565217391
0.8478260869565217
0.8695652173913043
0.8913043478260869
0.9130434782608695
0.9347826086956522
0.9565217391304348
0.9782608695652174
1.0
1.0
1.0
1.0
1.0
1.0
1.0
1.0
1.0
1.0
1.0
1.0
1.0
1.0
1.0
1.0
1.0
1.0
1.0
1.0
1.0
1.0
1.0
1.0
1.0
1.0
1.0
1.0
1.0
1.0
1.0
0.8888888888888888
0.9444444444444444
1.0
0.95
1.0
0.9130434782608695
0.9565217391304348
1.0
0.5333333333333333
0.5555555555555556
0.5777777777777777
0.5869565217391305
0.6086956521739131
0.6304347826086957
0.6521739130434783
0.6739130434782609
0.6956521739130435
0.717391304347826
0.7391304347826086
0.7608695652173914
0.782608695652174
0.8043478260869565
0.8260869565217391
0.8478260869565217
0.8695652173913043
0.8913043478260869
0.9130434782608695
0.9347826086956522
0.9565217391304348
0.9782608695652174
1.0
1.0
1.0
1.0
1.0
1.0
1.0
1.0
1.0
1.0
1.0
1.0
1.0
1.0
1.0
1.0
0.8888888888888888
0.9444444444444444
1.0
0.4222222222222222
0.4444444444444444
0.4666666666666667
0.4888888888888889
0.5111111111111111
0.5333333333333333
0.5555555555555556
0.5777777777777777
0.6
0.6222222222222222
0.6444444444444445
0.6666666666666666
0.6888888888888889
0.7111111111111111
0.717391304347826
0.7391304347826086
0.7608695652173914
0.782608695652174
0.8043478260869565
0.8260869565217391
0.8478260869565217
0.8695652173913043
0.8913043478260869
0.9130434782608695
0.9347826086956522
0.9565217391304348
0.9782608695652174
1.0
1.0
1.0
1.0
1.0
1.0
1.0
1.0
1.0
1.0
1.0
1.0
1.0
1.0
1.0
1.0
0.8888888888888888
0.9444444444444444
1.0
0.5588235294117647
0.5882352941176471
0.6176470588235294
0.6285714285714286
0.6571428571428571
0.6857142857142857
0.7142857142857143
0.7428571428571429
0.7714285714285715
0.8
0.8055555555555556
0.8108108108108109
0.8157894736842105
0.8421052631578947
0.868421052631579
0.8947368421052632
0.9210526315789473
0.9473684210526315
0.9736842105263158
1.0
0.8478260869565217
0.8695652173913043
0.8913043478260869
0.9130434782608695
0.9347826086956522
0.9565217391304348
0.9782608695652174
1.0
1.0
1.0
1.0
1.0
1.0
1.0
1.0
1.0
1.0
1.0
1.0
1.0
1.0
1.0
1.0
0.8888888888888888
0.9444444444444444
1.0
0.4222222222222222
0.4444444444444444
0.4666666666666667
0.4888888888888889
0.5111111111111111
0.5333333333333333
0.5555555555555556
0.5777777777777777
0.6
0.6222222222222222
0.6444444444444445
0.6521739130434783
0.6739130434782609
0.6956521739130435
0.717391304347826
0.7391304347826086
0.7608695652173914
0.782608695652174
0.8043478260869565
0.8260869565217391
0.8478260869565217
0.8695652173913043
0.8913043478260869
0.9130434782608695
0.9347826086956522
0.9565217391304348
0.9782608695652174
1.0
