1.0
1.0
1.0
1.0
1.0
1.0
1.0
1.0
1.0
1.0
1.0
1.0
1.0
1.0
1.0
1.0
1.0
1.0
1.0
1.0
1.0
1.0
1.0
1.0
1.0
1.0
1.0
1.0
1.0
1.0
1.0
1.0
1.0
1.0
1.0
1.0
1.0
1.0
1.0
1.0
1.0
1.0
1.0
1.0
1.0
1.0
1.0
1.0
1.0
1.0
1.0
1.0
1.0
1.0
1.0
1.0
1.0
1.0
1.0
1.0
1.0
1.0
1.0
1.0
1.0
1.0
1.0
1.0
1.0
1.0
1.0
1.0
1.0
1.0
1.0
1.0
1.0
1.0
1.0
1.0
1.0
1.0
1.0
1.0
1.0
1.0
1.0
1.0
1.0
1.0
1.0
1.0
1.0
1.0
1.0
1.0
1.0
1.0
1.0
1.0
1.0
1.0
1.0
1.0
1.0
1.0
1.0
1.0
1.0
1.0
1.0
1.0
1.0
1.0
0.905511811023622
0.90625
0.9069767441860465
0.9076923076923077
0.9083969465648855
0.916030534351145
0.9166666666666666
0.9242424242424242
0.9318181818181818
0.9393939393939394
0.946969696969697
0.9545454545454546
0.9621212121212122
0.9696969696969697
0.9772727272727273
0.9848484848484849
0.9924242424242424
1.0
0.95
0.9571428571428572
0.9642857142857143
0.9714285714285714
0.9716312056737588
0.971830985915493
0.9586206896551724
0.9655172413793104
0.9724137931034482
0.9726027397260274
0.9662162162162162
0.972972972972973
0.6839622641509434
0.6886792452830188
0.6933962264150944
0.6981132075471698
0.7028301886792453
0.7075471698113207
0.7122641509433962
0.7169811320754716
0.7216981132075472
0.7264150943396226
0.7311320754716981
0.7358490566037735
0.7405660377358491
0.7452830188679245
0.75
0.7547169811320755
0.7594339622641509
0.7641509433962265
0.7688679245283019
0.7735849056603774
0.7783018867924528
0.7830188679245284
0.7877358490566038
0.7924528301886793
0.7971698113207547
0.8018867924528302
0.8066037735849056
0.8113207547169812
0.8160377358490566
0.8207547169811321
0.8254716981132075
0.8301886792452831
0.8349056603773585
0.839622641509434
0.8443396226415094
0.8490566037735849
0.8537735849056604
0.8584905660377359
0.8632075471698113
0.8679245283018868
0.8726415094339622
0.8773584905660378
0.8820754716981132
0.8867924528301887
0.8915094339622641
0.8962264150943396
0.9009433962264151
0.9056603773584906
0.910377358490566
0.9150943396226415
0.9198113207547169
0.9245283018867925
0.9292452830188679
0.9339622641509434
0.9386792452830188
0.9433962264150944
0.9481132075471698
0.9528301886792453
0.9575471698113207
0.9622641509433962
0.9669811320754716
0.9716981132075472
0.9764150943396226
0.9811320754716981
0.9720930232558139
0.9767441860465116
0.9813953488372092
0.9098712446351931
0.9141630901287554
0.9184549356223176
0.9227467811158798
0.927038626609442
0.9313304721030042
0.9356223175965666
0.9399141630901288
0.944206008583691
0.9484978540772532
0.9527896995708155
0.9570815450643777
0.9613733905579399
0.9656652360515021
0.9699570815450643
0.9742489270386266
0.9785407725321889
0.9828326180257511
0.9829059829059829
0.9829787234042553
0.9830508474576272
0.9831223628691983
0.9790794979079498
0.9832635983263598
0.9833333333333333
0.983402489626556
0.9834710743801653
0.9755102040816327
0.9795918367346939
0.9836734693877551
0.983739837398374
0.9838056680161943
0.9799196787148594
0.9839357429718876
0.984
0.9840637450199203
1.0
1.0
1.0
1.0
1.0
1.0
1.0
1.0
1.0
1.0
1.0
1.0
1.0
1.0
1.0
1.0
1.0
1.0
1.0
1.0
1.0
1.0
1.0
1.0
1.0
1.0
1.0
1.0
1.0
1.0
1.0
1.0
1.0
1.0
1.0
1.0
1.0
1.0
1.0
1.0
1.0
1.0
1.0
1.0
1.0
1.0
1.0
1.0
1.0
1.0
1.0
1.0
1.0
1.0
1.0
1.0
1.0
1.0
1.0
1.0
1.0
1.0
1.0
1.0
1.0
1.0
1.0
1.0
1.0
1.0
1.0
1.0
1.0
1.0
1.0
1.0
1.0
1.0
1.0
1.0
1.0
1.0
1.0
1.0
1.0
1.0
1.0
1.0
1.0
1.0
1.0
1.0
1.0
1.0
1.0
1.0
1.0
1.0
1.0
1.0
1.0
1.0
1.0
0.6227544910179641
0.6287425149700598
0.6347305389221557
0.6407185628742516
0.6467065868263473
0.6488095238095238
0.650887573964497
0.6529411764705882
0.6549707602339181
0.6608187134502924
0.6666666666666666
0.672514619883041
0.6783625730994152
0.6842105263157895
0.6900584795321637
0.695906432748538
0.7017543859649122
0.7076023391812866
0.7134502923976608
0.7192982456140351
0.7251461988304093
0.7309941520467836
0.7368421052631579
0.7426900584795322
0.7485380116959064
0.7543859649122807
0.7602339181286549
0.7660818713450293
0.7719298245614035
0.7777777777777778
0.783625730994152
0.7894736842105263
0.7953216374269005
0.8011695906432749
0.8070175438596491
0.8128654970760234
0.8187134502923976
0.8245614035087719
0.8304093567251462
0.8362573099415205
0.8421052631578947
0.847953216374269
0.8538011695906432
0.8596491228070176
0.8654970760233918
0.8713450292397661
0.8771929824561403
0.8830409356725146
0.8888888888888888
0.8947368421052632
0.9005847953216374
0.9064327485380117
0.9122807017543859
0.9181286549707602
0.9239766081871345
0.9298245614035088
0.935672514619883
0.9415204678362573
0.9473684210526315
0.9532163742690059
0.9590643274853801
0.9649122807017544
0.9651162790697675
0.9653179190751445
0.9655172413793104
0.9657142857142857
0.9659090909090909
0.9661016949152542
0.9662921348314607
0.9664804469273743
0.9666666666666667
0.9722222222222222
0.9777777777777777
0.9833333333333333
0.9888888888888889
0.9944444444444445
1.0
1.0
0.9891304347826086
0.9891891891891892
0.989247311827957
0.9893048128342246
0.9946524064171123
1.0
0.9641025641025641
0.9692307692307692
0.9743589743589743
0.9794871794871794
0.9795918367346939
0.9747474747474747
0.9797979797979798
0.9027777777777778
0.9074074074074074
0.9120370370370371
0.9166666666666666
0.9212962962962963
0.9259259259259259
0.9305555555555556
0.9351851851851852
0.9398148148148148
0.9444444444444444
0.9490740740740741
0.9537037037037037
0.9583333333333334
0.9629629629629629
0.9675925925925926
0.9722222222222222
0.9768518518518519
0.9814814814814815
0.9770642201834863
0.981651376146789
0.9817351598173516
0.9773755656108597
0.9819004524886877
0.9732142857142857
0.9776785714285714
0.9821428571428571
0.9822222222222222
0.9779735682819384
0.9780701754385965
0.9781659388646288
0.9782608695652174
0.9783549783549783
1.0
1.0
1.0
1.0
1.0
1.0
1.0
1.0
1.0
1.0
1.0
1.0
1.0
1.0
1.0
1.0
1.0
1.0
1.0
1.0
1.0
1.0
1.0
1.0
1.0
1.0
1.0
1.0
1.0
1.0
1.0
1.0
1.0
1.0
1.0
1.0
1.0
1.0
1.0
1.0
1.0
1.0
1.0
1.0
1.0
1.0
1.0
1.0
1.0
1.0
1.0
1.0
1.0
1.0
1.0
1.0
1.0
1.0
1.0
1.0
1.0
1.0
1.0
1.0
1.0
1.0
1.0
1.0
1.0
1.0
1.0
1.0
1.0
1.0
1.0
1.0
1.0
1.0
1.0
1.0
1.0
1.0
1.0
1.0
1.0
1.0
1.0
1.0
1.0
1.0
1.0
1.0
1.0
1.0
1.0
1.0
1.0
1.0
0.9611650485436893
0.970873786407767
0.9805825242718447
0.9902912621359223
1.0
1.0
1.0
1.0
1.0
1.0
1.0
1.0
1.0
1.0
1.0
1.0
1.0
1.0
1.0
1.0
1.0
1.0
1.0
1.0
1.0
1.0
1.0
1.0
1.0
1.0
1.0
1.0
1.0
1.0
1.0
1.0
1.0
1.0
1.0
1.0
1.0
1.0
1.0
1.0
1.0
1.0
1.0
1.0
1.0
1.0
1.0
1.0
1.0
1.0
1.0
1.0
1.0
1.0
1.0
1.0
1.0
1.0
1.0
1.0
1.0
1.0
1.0
1.0
1.0
1.0
1.0
1.0
1.0
1.0
1.0
1.0
1.0
1.0
1.0
1.0
1.0
1.0
1.0
1.0
1.0
1.0
1.0
1.0
1.0
1.0
1.0
1.0
1.0
1.0
1.0
1.0
1.0
1.0
1.0
1.0
1.0
1.0
0.99
1.0
1.0
1.0
1.0
1.0
1.0
1.0
0.8699186991869918
0.8709677419354839
0.872
0.873015873015873
0.8740157480314961
0.8818897637795275
0.889763779527559
0.8976377952755905
0.905511811023622
0.9133858267716536
0.9212598425196851
0.9291338582677166
0.937007874015748
0.9448818897637795
0.952755905511811
0.9606299212598425
0.968503937007874
0.9763779527559056
0.984251968503937
0.9921259842519685
1.0
0.9922480620155039
1.0
1.0
0.9849624060150376
0.9924812030075187
1.0
1.0
1.0
1.0
0.9927536231884058
1.0
1.0
0.9929078014184397
1.0
0.9861111111111112
0.9862068965517241
0.9863013698630136
0.9863945578231292
0.9931972789115646
1.0
0.8604651162790697
0.8662790697674418
0.872093023255814
0.877906976744186
0.8837209302325582
0.8895348837209303
0.8953488372093024
0.9011627906976745
0.9069767441860465
0.9127906976744186
0.9186046511627907
0.9244186046511628
0.9302325581395349
0.936046511627907
0.9418604651162791
0.9476744186046512
0.9534883720930233
0.9593023255813954
0.9651162790697675
0.9709302325581395
0.9767441860465116
0.9825581395348837
0.9883720930232558
0.9941860465116279
0.9942196531791907
0.9942528735632183
0.9830508474576272
0.9887005649717514
0.9943502824858758
0.9943820224719101
0.994413407821229
0.9944444444444445
0.9574468085106383
0.9627659574468085
0.9680851063829787
0.973404255319149
0.9735449735449735
0.9736842105263158
0.8942307692307693
0.8990384615384616
0.9038461538461539
0.9086538461538461
0.9134615384615384
0.9182692307692307
0.9230769230769231
0.9278846153846154
0.9326923076923077
0.9375
0.9423076923076923
0.9471153846153846
0.9519230769230769
0.9567307692307693
0.9615384615384616
0.9663461538461539
0.9711538461538461
0.9759615384615384
0.9760765550239234
0.9761904761904762
0.9626168224299065
0.9672897196261683
0.9719626168224299
0.9675925925925926
0.9170305676855895
0.9213973799126638
0.925764192139738
0.9301310043668122
0.9344978165938864
0.9388646288209607
0.9432314410480349
0.9475982532751092
0.9519650655021834
0.9563318777292577
0.9606986899563319
0.9650655021834061
0.9694323144104804
0.9695652173913043
0.9333333333333333
0.9375
0.9416666666666667
0.9458333333333333
0.95
0.9541666666666667
0.9583333333333334
0.9625
0.9666666666666667
0.966804979253112
0.7672131147540984
0.7704918032786885
0.7737704918032787
0.7770491803278688
0.780327868852459
0.7836065573770492
0.7868852459016393
0.7901639344262295
0.7934426229508197
0.7967213114754098
0.8
0.8032786885245902
0.8065573770491803
0.8098360655737705
0.8131147540983606
0.8163934426229508
0.819672131147541
0.8229508196721311
0.8262295081967214
0.8295081967213115
0.8327868852459016
0.8360655737704918
0.839344262295082
0.8426229508196721
0.8459016393442623
0.8491803278688524
0.8524590163934426
0.8557377049180328
0.8590163934426229
0.8622950819672132
0.8655737704918033
0.8688524590163934
0.8721311475409836
0.8754098360655738
0.8786885245901639
0.8819672131147541
0.8852459016393442
0.8885245901639345
0.8918032786885246
0.8950819672131147
0.898360655737705
0.9016393442622951
0.9049180327868852
0.9081967213114754
0.9114754098360656
0.9147540983606557
0.9180327868852459
0.921311475409836
0.9245901639344263
0.9278688524590164
0.9311475409836065
0.9344262295081968
0.9377049180327869
0.940983606557377
0.9442622950819672
0.9475409836065574
0.9508196721311475
0.9540983606557377
0.9573770491803278
0.9606557377049181
0.9639344262295082
0.9672131147540983
0.9704918032786886
0.9737704918032787
0.9738562091503268
0.9676375404530745
0.970873786407767
0.9741100323624595
0.9741935483870968
0.9742765273311897
0.9681528662420382
0.9713375796178344
0.9745222929936306
1.0
1.0
1.0
1.0
1.0
1.0
1.0
1.0
1.0
1.0
1.0
1.0
1.0
1.0
1.0
1.0
1.0
1.0
1.0
1.0
1.0
1.0
1.0
1.0
1.0
1.0
1.0
1.0
1.0
1.0
1.0
1.0
1.0
1.0
1.0
1.0
1.0
1.0
1.0
1.0
1.0
1.0
1.0
1.0
1.0
1.0
1.0
1.0
1.0
1.0
1.0
1.0
1.0
1.0
1.0
1.0
1.0
1.0
1.0
1.0
1.0
1.0
1.0
1.0
1.0
1.0
1.0
1.0
1.0
1.0
1.0
1.0
1.0
1.0
1.0
1.0
1.0
1.0
1.0
1.0
1.0
1.0
1.0
1.0
1.0
1.0
1.0
1.0
1.0
1.0
1.0
1.0
1.0
1.0
1.0
1.0
1.0
1.0
0.9801980198019802
0.9803921568627451
0.9805825242718447
0.9807692307692307
0.9903846153846154
1.0
1.0
1.0
1.0
0.864
0.872
0.88
0.888
0.896
0.904
0.912
0.92
0.928
0.936
0.944
0.952
0.96
0.968
0.976
0.984
0.992
1.0
1.0
0.9136690647482014
0.9142857142857143
0.9148936170212766
0.9154929577464789
0.916083916083916
0.9230769230769231
0.9236111111111112
0.9305555555555556
0.9375
0.9444444444444444
0.9513888888888888
0.9583333333333334
0.9652777777777778
0.9722222222222222
0.9791666666666666
0.9861111111111112
0.9930555555555556
1.0
0.9863945578231292
0.9931972789115646
1.0
1.0
1.0
1.0
0.993421052631579
1.0
0.9807692307692307
0.9871794871794872
0.9935897435897436
0.9397590361445783
0.9457831325301205
0.9518072289156626
0.9578313253012049
0.963855421686747
0.9698795180722891
0.9759036144578314
0.9819277108433735
0.9879518072289156
0.9880239520958084
0.9764705882352941
0.9823529411764705
0.9882352941176471
0.9883040935672515
0.9883720930232558
0.9884393063583815
0.9885057471264368
0.9505494505494505
0.9560439560439561
0.9615384615384616
0.967032967032967
0.9672131147540983
0.967391304347826
0.9623655913978495
1.0
1.0
1.0
1.0
1.0
1.0
1.0
1.0
1.0
1.0
1.0
1.0
1.0
1.0
1.0
1.0
1.0
1.0
1.0
1.0
1.0
1.0
1.0
1.0
1.0
1.0
1.0
1.0
1.0
1.0
1.0
1.0
1.0
1.0
1.0
1.0
1.0
1.0
1.0
1.0
1.0
1.0
1.0
1.0
1.0
1.0
1.0
1.0
1.0
1.0
1.0
1.0
1.0
1.0
1.0
1.0
1.0
1.0
1.0
1.0
1.0
1.0
1.0
1.0
1.0
1.0
1.0
1.0
1.0
1.0
1.0
1.0
1.0
1.0
1.0
1.0
1.0
1.0
1.0
1.0
1.0
1.0
1.0
1.0
1.0
1.0
1.0
1.0
1.0
1.0
1.0
1.0
1.0
1.0
1.0
1.0
1.0
1.0
1.0
0.9174311926605505
0.926605504587156
0.9357798165137615
0.944954128440367
0.9541284403669725
0.963302752293578
0.9724770642201835
0.981651376146789
0.9908256880733946
0.8934426229508197
0.8943089430894309
0.8951612903225806
0.896
0.8968253968253969
0.9047619047619048
0.905511811023622
0.9133858267716536
0.9212598425196851
0.9291338582677166
0.937007874015748
0.9448818897637795
0.952755905511811
0.9606299212598425
0.968503937007874
0.9763779527559056
0.984251968503937
0.9921259842519685
0.9921875
0.9922480620155039
0.9923076923076923
0.9923664122137404
0.9924242424242424
0.9777777777777777
0.9851851851851852
0.9925925925925926
0.9926470588235294
0.9927007299270073
1.0
1.0
1.0
1.0
1.0
1.0
1.0
1.0
1.0
1.0
1.0
1.0
1.0
1.0
1.0
1.0
1.0
1.0
1.0
1.0
1.0
1.0
1.0
1.0
1.0
1.0
1.0
1.0
1.0
1.0
1.0
1.0
1.0
1.0
1.0
1.0
1.0
1.0
1.0
1.0
1.0
1.0
1.0
1.0
1.0
1.0
1.0
1.0
1.0
1.0
1.0
1.0
1.0
1.0
1.0
1.0
1.0
1.0
1.0
1.0
1.0
1.0
1.0
1.0
1.0
1.0
1.0
1.0
1.0
1.0
1.0
1.0
1.0
1.0
1.0
1.0
1.0
1.0
1.0
1.0
1.0
1.0
1.0
1.0
1.0
1.0
1.0
1.0
1.0
1.0
1.0
1.0
1.0
1.0
1.0
1.0
1.0
1.0
1.0
1.0
1.0
1.0
1.0
0.9811320754716981
0.9905660377358491
1.0
1.0
1.0
1.0
0.9734513274336283
0.9823008849557522
0.9911504424778761
0.9826086956521739
0.991304347826087
0.6424581005586593
0.6480446927374302
0.6536312849162011
0.659217877094972
0.664804469273743
0.6666666666666666
0.6685082872928176
0.6703296703296703
0.6721311475409836
0.6775956284153005
0.6830601092896175
0.6885245901639344
0.6939890710382514
0.6994535519125683
0.7049180327868853
0.7103825136612022
0.7158469945355191
0.7213114754098361
0.726775956284153
0.73224043715847
0.7377049180327869
0.7431693989071039
0.7486338797814208
0.7540983606557377
0.7595628415300546
0.7650273224043715
0.7704918032786885
0.7759562841530054
0.7814207650273224
0.7868852459016393
0.7923497267759563
0.7978142076502732
0.8032786885245902
0.8087431693989071
0.8142076502732241
0.819672131147541
0.825136612021858
0.8306010928961749
0.8360655737704918
0.8415300546448088
0.8469945355191257
0.8524590163934426
0.8579234972677595
0.8633879781420765
0.8688524590163934
0.8743169398907104
0.8797814207650273
0.8852459016393442
0.8907103825136612
0.8961748633879781
0.9016393442622951
0.907103825136612
0.912568306010929
0.9180327868852459
0.9234972677595629
0.9289617486338798
0.9344262295081968
0.9398907103825137
0.9453551912568307
0.9508196721311475
0.9562841530054644
0.9617486338797814
0.9619565217391305
0.9621621621621622
0.9623655913978495
0.9625668449197861
0.9627659574468085
0.9629629629629629
0.9631578947368421
0.9633507853403142
0.9635416666666666
0.9637305699481865
0.9639175257731959
0.9641025641025641
0.9642857142857143
0.9644670050761421
0.9646464646464646
0.964824120603015
0.965
0.9651741293532339
0.9653465346534653
0.9655172413793104
0.9656862745098039
0.9658536585365853
0.9660194174757282
0.966183574879227
0.9663461538461539
0.9665071770334929
0.9712918660287081
0.9760765550239234
0.9808612440191388
0.9856459330143541
0.9904306220095693
0.9952153110047847
0.9952380952380953
0.995260663507109
0.9952830188679245
0.9953051643192489
0.9953271028037384
0.9907407407407407
0.9953703703703703
0.9818181818181818
0.9863636363636363
0.990909090909091
0.9864864864864865
0.990990990990991
0.9866071428571429
0.9910714285714286
0.9911111111111112
0.9911504424778761
0.982532751091703
0.9868995633187773
0.9912663755458515
