1.0
1.0
1.0
1.0
1.0
1.0
1.0
1.0
1.0
1.0
1.0
1.0
1.0
1.0
1.0
1.0
1.0
1.0
1.0
1.0
1.0
1.0
1.0
1.0
1.0
0.5
0.5192307692307693
0.5384615384615384
0.5576923076923077
0.5769230769230769
0.5961538461538461
0.6153846153846154
0.6346153846153846
0.6538461538461539
0.6730769230769231
0.6792452830188679
0.6851851851851852
0.7037037037037037
0.7222222222222222
0.7407407407407407
0.7592592592592593
0.7777777777777778
0.7818181818181819
0.7857142857142857
0.7894736842105263
0.7931034482758621
0.7966101694915254
0.8
0.8032786885245902
0.8064516129032258
0.8095238095238095
0.8125
0.8153846153846154
0.8181818181818182
0.8208955223880597
0.8235294117647058
0.8260869565217391
0.8285714285714286
0.8309859154929577
0.8333333333333334
0.8356164383561644
0.8378378378378378
0.8513513513513513
0.8648648648648649
0.8783783783783784
0.8918918918918919
0.9054054054054054
0.918918918918919
0.9324324324324325
0.9459459459459459
0.9594594594594594
0.96
0.9605263157894737
0.9736842105263158
0.9868421052631579
0.987012987012987
0.9871794871794872
0.9873417721518988
0.9875
0.9876543209876543
0.9878048780487805
0.9879518072289156
0.9880952380952381
0.9882352941176471
0.9883720930232558
0.9885057471264368
0.9886363636363636
0.9887640449438202
0.9888888888888889
0.989010989010989
0.9891304347826086
1.0
1.0
1.0
1.0
1.0
1.0
1.0
1.0
1.0
1.0
1.0
1.0
1.0
1.0
1.0
1.0
1.0
1.0
1.0
1.0
1.0
1.0
1.0
1.0
1.0
1.0
1.0
1.0
1.0
1.0
1.0
1.0
1.0
1.0
1.0
1.0
1.0
1.0
1.0
1.0
1.0
1.0
1.0
1.0
1.0
1.0
1.0
1.0
1.0
1.0
1.0
1.0
1.0
1.0
1.0
1.0
1.0
1.0
1.0
1.0
1.0
1.0
1.0
1.0
0.5
0.5192307692307693
0.5384615384615384
0.5576923076923077
0.5769230769230769
0.5961538461538461
0.6153846153846154
0.6346153846153846
0.6538461538461539
0.6730769230769231
0.6792452830188679
0.6851851851851852
0.7037037037037037
0.7222222222222222
0.7407407407407407
0.7592592592592593
0.7777777777777778
0.7818181818181819
0.7857142857142857
0.7894736842105263
0.7931034482758621
0.7966101694915254
0.8
0.8032786885245902
0.8064516129032258
0.8095238095238095
0.8125
0.8153846153846154
0.8181818181818182
0.8208955223880597
0.8235294117647058
0.8260869565217391
0.8285714285714286
0.8309859154929577
0.8333333333333334
0.8356164383561644
0.8378378378378378
0.8513513513513513
0.8648648648648649
0.8783783783783784
0.8918918918918919
0.9054054054054054
0.918918918918919
0.9324324324324325
0.9459459459459459
0.9594594594594594
0.96
0.9605263157894737
0.9736842105263158
0.9868421052631579
0.987012987012987
0.9871794871794872
0.9873417721518988
0.9875
0.9876543209876543
0.9878048780487805
0.9879518072289156
0.9880952380952381
0.9882352941176471
0.9883720930232558
0.9885057471264368
0.9886363636363636
0.9887640449438202
0.9888888888888889
0.989010989010989
0.9891304347826086
1.0
1.0
1.0
1.0
1.0
1.0
1.0
1.0
1.0
1.0
1.0
1.0
1.0
1.0
1.0
1.0
1.0
1.0
1.0
1.0
1.0
1.0
1.0
1.0
1.0
1.0
1.0
1.0
1.0
1.0
1.0
1.0
1.0
1.0
1.0
1.0
1.0
1.0
1.0
1.0
1.0
1.0
1.0
1.0
1.0
1.0
1.0
1.0
1.0
1.0
1.0
1.0
1.0
1.0
1.0
1.0
1.0
1.0
1.0
1.0
1.0
1.0
1.0
1.0
1.0
1.0
1.0
1.0
1.0
1.0
1.0
1.0
1.0
1.0
1.0
1.0
1.0
1.0
1.0
1.0
1.0
1.0
1.0
1.0
1.0
1.0
1.0
1.0
0.5
0.5192307692307693
0.5384615384615384
0.5576923076923077
0.5769230769230769
0.5961538461538461
0.6153846153846154
0.6346153846153846
0.6538461538461539
0.6730769230769231
0.6792452830188679
0.6851851851851852
0.7037037037037037
0.7222222222222222
0.7407407407407407
0.7592592592592593
0.7777777777777778
0.7818181818181819
0.7857142857142857
0.7894736842105263
0.7931034482758621
0.7966101694915254
0.8
0.8032786885245902
0.8064516129032258
0.8095238095238095
0.8125
0.8153846153846154
0.8181818181818182
0.8208955223880597
0.8235294117647058
0.8260869565217391
0.8285714285714286
0.8309859154929577
0.8333333333333334
0.8356164383561644
0.8378378378378378
0.8513513513513513
0.8648648648648649
0.8783783783783784
0.8918918918918919
0.9054054054054054
0.918918918918919
0.9324324324324325
0.9459459459459459
0.9594594594594594
0.96
0.9605263157894737
0.9736842105263158
0.9868421052631579
0.987012987012987
0.9871794871794872
0.9873417721518988
0.9875
0.9876543209876543
0.9878048780487805
0.9879518072289156
0.9880952380952381
0.9882352941176471
0.9883720930232558
0.9885057471264368
0.9886363636363636
0.9887640449438202
0.9888888888888889
0.989010989010989
0.9891304347826086
1.0
1.0
1.0
1.0
1.0
1.0
1.0
1.0
1.0
1.0
1.0
1.0
1.0
1.0
1.0
1.0
1.0
1.0
1.0
1.0
1.0
1.0
1.0
1.0
1.0
1.0
1.0
1.0
1.0
1.0
1.0
1.0
1.0
1.0
1.0
1.0
1.0
1.0
1.0
1.0
1.0
1.0
1.0
1.0
1.0
1.0
1.0
1.0
1.0
1.0
1.0
1.0
1.0
1.0
1.0
1.0
1.0
1.0
1.0
1.0
1.0
1.0
1.0
1.0
0.5
0.5192307692307693
0.5384615384615384
0.5576923076923077
0.5769230769230769
0.5961538461538461
0.6153846153846154
0.6346153846153846
0.6538461538461539
0.6730769230769231
0.6792452830188679
0.6851851851851852
0.7037037037037037
0.7222222222222222
0.7407407407407407
0.7592592592592593
0.7777777777777778
0.7818181818181819
0.7857142857142857
0.7894736842105263
0.7931034482758621
0.7966101694915254
0.8
0.8032786885245902
0.8064516129032258
0.8095238095238095
0.8125
0.8153846153846154
0.8181818181818182
0.8208955223880597
0.8235294117647058
0.8260869565217391
1.0
1.0
1.0
1.0
1.0
1.0
1.0
1.0
1.0
1.0
1.0
1.0
1.0
1.0
1.0
1.0
1.0
1.0
1.0
1.0
1.0
1.0
1.0
1.0
1.0
0.5
0.5192307692307693
0.5384615384615384
0.5576923076923077
0.5769230769230769
0.5961538461538461
0.6153846153846154
0.6346153846153846
0.6538461538461539
0.6730769230769231
0.6792452830188679
0.6851851851851852
0.7037037037037037
0.7222222222222222
0.7407407407407407
0.7592592592592593
0.7777777777777778
0.7818181818181819
0.7857142857142857
0.7894736842105263
0.7931034482758621
0.7966101694915254
0.8
0.8032786885245902
0.8064516129032258
0.8095238095238095
0.8125
0.8153846153846154
0.8181818181818182
0.8208955223880597
0.8235294117647058
0.8260869565217391
0.8285714285714286
0.8309859154929577
0.8333333333333334
0.8356164383561644
0.8378378378378378
0.8513513513513513
0.8648648648648649
0.8783783783783784
0.8918918918918919
0.9054054054054054
0.918918918918919
0.9324324324324325
0.9459459459459459
0.9594594594594594
0.96
0.9605263157894737
0.9736842105263158
0.9868421052631579
0.987012987012987
0.9871794871794872
0.9873417721518988
0.9875
0.9876543209876543
0.9878048780487805
0.9879518072289156
0.9880952380952381
0.9882352941176471
0.9883720930232558
0.9885057471264368
0.9886363636363636
0.9887640449438202
0.9888888888888889
0.989010989010989
0.9891304347826086
1.0
1.0
1.0
1.0
1.0
1.0
1.0
1.0
1.0
1.0
1.0
1.0
1.0
1.0
1.0
1.0
1.0
1.0
1.0
1.0
1.0
1.0
1.0
1.0
1.0
1.0
1.0
1.0
1.0
1.0
1.0
1.0
1.0
1.0
1.0
1.0
1.0
1.0
1.0
1.0
1.0
1.0
1.0
1.0
1.0
1.0
1.0
1.0
1.0
1.0
1.0
1.0
1.0
1.0
1.0
1.0
1.0
1.0
1.0
1.0
1.0
1.0
1.0
1.0
0.5
0.5192307692307693
0.5384615384615384
0.5576923076923077
0.5769230769230769
0.5961538461538461
0.6153846153846154
0.6346153846153846
0.6538461538461539
0.6730769230769231
0.6792452830188679
0.6851851851851852
0.7037037037037037
0.7222222222222222
0.7407407407407407
0.7592592592592593
0.7777777777777778
0.7818181818181819
0.7857142857142857
0.7894736842105263
0.7931034482758621
0.7966101694915254
0.8
0.8032786885245902
0.8064516129032258
0.8095238095238095
0.8125
0.8153846153846154
0.8181818181818182
0.8208955223880597
0.8235294117647058
0.8260869565217391
0.8285714285714286
0.8309859154929577
0.8333333333333334
0.8356164383561644
0.8378378378378378
0.8513513513513513
0.8648648648648649
0.8783783783783784
0.8918918918918919
0.9054054054054054
0.918918918918919
0.9324324324324325
0.9459459459459459
0.9594594594594594
0.96
0.9605263157894737
0.9736842105263158
0.9868421052631579
0.987012987012987
0.9871794871794872
0.9873417721518988
0.9875
0.9876543209876543
0.9878048780487805
0.9879518072289156
0.9880952380952381
0.9882352941176471
0.9883720930232558
0.9885057471264368
0.9886363636363636
0.9887640449438202
0.9888888888888889
0.989010989010989
0.9891304347826086
1.0
1.0
1.0
1.0
1.0
1.0
1.0
1.0
1.0
1.0
1.0
1.0
1.0
1.0
1.0
1.0
1.0
1.0
1.0
1.0
1.0
1.0
1.0
1.0
1.0
1.0
1.0
1.0
1.0
1.0
1.0
1.0
1.0
1.0
1.0
1.0
1.0
1.0
1.0
