1.0
1.0
1.0
1.0
1.0
1.0
1.0
1.0
1.0
1.0
1.0
1.0
1.0
0.18421052631578946
0.21052631578947367
0.23684210526315788
0.2631578947368421
0.2894736842105263
0.3157894736842105
0.34210526315789475
0.3684210526315789
0.39473684210526316
0.42105263157894735
0.4473684210526316
0.47368421052631576
0.5
0.5263157894736842
1.0
1.0
1.0
1.0
1.0
1.0
1.0
1.0
1.0
1.0
1.0
1.0
1.0
0.18421052631578946
0.21052631578947367
0.23684210526315788
0.2631578947368421
0.2894736842105263
0.3157894736842105
0.34210526315789475
0.3684210526315789
0.39473684210526316
0.42105263157894735
0.4473684210526316
0.47368421052631576
0.5
0.5263157894736842
1.0
1.0
1.0
1.0
1.0
1.0
1.0
1.0
1.0
1.0
1.0
1.0
1.0
1.0
1.0
1.0
1.0
1.0
1.0
1.0
1.0
1.0
1.0
1.0
1.0
1.0
0.18421052631578946
0.21052631578947367
0.23684210526315788
0.2631578947368421
0.2894736842105263
0.3157894736842105
0.34210526315789475
0.3684210526315789
0.39473684210526316
0.42105263157894735
0.4473684210526316
0.47368421052631576
0.5
0.5263157894736842
1.0
1.0
1.0
1.0
1.0
1.0
1.0
1.0
1.0
1.0
1.0
1.0
1.0
0.18421052631578946
0.21052631578947367
0.23684210526315788
0.2631578947368421
0.2894736842105263
0.3157894736842105
0.34210526315789475
0.3684210526315789
0.39473684210526316
0.42105263157894735
0.4473684210526316
0.47368421052631576
0.5
0.5263157894736842
1.0
1.0
1.0
1.0
1.0
1.0
1.0
1.0
1.0
1.0
1.0
1.0
1.0
0.18421052631578946
0.21052631578947367
0.23684210526315788
0.2631578947368421
0.2894736842105263
0.3157894736842105
0.34210526315789475
0.3684210526315789
0.39473684210526316
0.42105263157894735
0.4473684210526316
0.47368421052631576
0.5
0.5263157894736842
1.0
1.0
1.0
1.0
1.0
1.0
1.0
1.0
1.0
1.0
1.0
1.0
1.0
0.18421052631578946
0.21052631578947367
0.23684210526315788
0.2631578947368421
0.2894736842105263
0.3157894736842105
0.34210526315789475
0.3684210526315789
0.39473684210526316
0.42105263157894735
0.4473684210526316
0.47368421052631576
0.5
0.5263157894736842
