1.0
1.0
1.0
1.0
0.03937007874015748
0.047244094488188976
0.05511811023622047
0.06299212598425197
0.07086614173228346
0.07874015748031496
0.08661417322834646
0.09448818897637795
0.10236220472440945
0.11023622047244094
0.11811023622047244
0.12598425196850394
0.13385826771653545
0.14173228346456693
0.14960629921259844
0.15748031496062992
0.16535433070866143
0.1732283464566929
0.18110236220472442
0.1889763779527559
0.1968503937007874
0.2047244094488189
0.2125984251968504
0.2204724409448819
0.2283464566929134
0.23622047244094488
0.2440944881889764
0.25196850393700787
0.25984251968503935
0.2677165354330709
0.2755905511811024
0.28346456692913385
0.29133858267716534
0.2992125984251969
0.30708661417322836
0.31496062992125984
0.3228346456692913
0.33070866141732286
0.33858267716535434
0.3464566929133858
0.3543307086614173
0.36220472440944884
0.3671875
0.37209302325581395
0.3769230769230769
0.3816793893129771
0.3893129770992366
0.3969465648854962
0.40458015267175573
0.4122137404580153
0.4198473282442748
0.42748091603053434
0.4351145038167939
0.44274809160305345
0.45038167938931295
0.4580152671755725
0.46564885496183206
0.4732824427480916
0.48091603053435117
0.48854961832061067
0.4961832061068702
0.5038167938931297
0.5114503816793893
0.5190839694656488
0.5267175572519084
0.5343511450381679
0.5419847328244275
0.549618320610687
0.5572519083969466
0.5648854961832062
0.5725190839694656
0.5757575757575758
0.5833333333333334
0.5909090909090909
0.5984848484848485
0.6060606060606061
0.6136363636363636
0.6212121212121212
0.6287878787878788
0.6363636363636364
0.6439393939393939
0.6515151515151515
0.6590909090909091
0.6666666666666666
0.6742424242424242
0.6818181818181818
0.6893939393939394
0.696969696969697
0.7045454545454546
0.7121212121212122
0.7196969696969697
0.7272727272727273
0.7348484848484849
0.7424242424242424
0.75
0.7575757575757576
0.7651515151515151
0.7727272727272727
0.7803030303030303
0.7878787878787878
0.7954545454545454
0.803030303030303
0.8106060606060606
0.8181818181818182
0.8257575757575758
0.8333333333333334
0.8409090909090909
0.8484848484848485
0.8560606060606061
0.8636363636363636
0.8712121212121212
0.8787878787878788
0.8863636363636364
0.8939393939393939
0.9015151515151515
0.9090909090909091
0.9166666666666666
0.9242424242424242
0.9318181818181818
0.9393939393939394
0.946969696969697
0.9545454545454546
0.9621212121212122
1.0
1.0
1.0
1.0
0.03937007874015748
0.047244094488188976
0.05511811023622047
0.06299212598425197
0.07086614173228346
0.07874015748031496
0.08661417322834646
0.09448818897637795
0.10236220472440945
0.11023622047244094
0.11811023622047244
0.12598425196850394
0.13385826771653545
0.14173228346456693
0.14960629921259844
0.15748031496062992
0.16535433070866143
0.1732283464566929
0.18110236220472442
0.1889763779527559
0.1968503937007874
0.2047244094488189
0.2125984251968504
0.2204724409448819
0.2283464566929134
0.23622047244094488
0.2440944881889764
0.25196850393700787
0.25984251968503935
0.2677165354330709
0.2755905511811024
0.28346456692913385
0.29133858267716534
0.2992125984251969
0.30708661417322836
0.31496062992125984
0.3228346456692913
0.33070866141732286
0.33858267716535434
0.3464566929133858
0.3543307086614173
0.36220472440944884
0.3671875
0.37209302325581395
0.3769230769230769
0.3816793893129771
0.3893129770992366
0.3969465648854962
0.40458015267175573
0.4122137404580153
0.4198473282442748
0.42748091603053434
0.4351145038167939
0.44274809160305345
0.45038167938931295
0.4580152671755725
0.46564885496183206
0.4732824427480916
0.48091603053435117
0.48854961832061067
0.4961832061068702
0.5038167938931297
0.5114503816793893
0.5190839694656488
0.5267175572519084
0.5343511450381679
0.5419847328244275
0.549618320610687
0.5572519083969466
0.5648854961832062
0.5725190839694656
0.5757575757575758
0.5833333333333334
0.5909090909090909
0.5984848484848485
0.6060606060606061
0.6136363636363636
0.6212121212121212
0.6287878787878788
0.6363636363636364
0.6439393939393939
0.6515151515151515
0.6590909090909091
0.6666666666666666
0.6742424242424242
0.6818181818181818
0.6893939393939394
0.696969696969697
0.7045454545454546
0.7121212121212122
0.7196969696969697
0.7272727272727273
0.7348484848484849
0.7424242424242424
0.75
0.7575757575757576
0.7651515151515151
0.7727272727272727
0.7803030303030303
0.7878787878787878
0.7954545454545454
0.803030303030303
0.8106060606060606
0.8181818181818182
0.8257575757575758
0.8333333333333334
0.8409090909090909
0.8484848484848485
0.8560606060606061
0.8636363636363636
0.8712121212121212
0.8787878787878788
0.8863636363636364
0.8939393939393939
0.9015151515151515
0.9090909090909091
0.9166666666666666
0.9242424242424242
0.9318181818181818
0.9393939393939394
0.946969696969697
0.9545454545454546
0.9621212121212122
1.0
1.0
1.0
1.0
1.0
1.0
1.0
1.0
0.03937007874015748
0.047244094488188976
0.05511811023622047
0.06299212598425197
0.07086614173228346
0.07874015748031496
0.08661417322834646
0.09448818897637795
0.10236220472440945
0.11023622047244094
0.11811023622047244
0.12598425196850394
0.13385826771653545
0.14173228346456693
0.14960629921259844
0.15748031496062992
0.16535433070866143
0.1732283464566929
0.18110236220472442
0.1889763779527559
0.1968503937007874
0.2047244094488189
0.2125984251968504
0.2204724409448819
0.2283464566929134
0.23622047244094488
0.2440944881889764
0.25196850393700787
0.25984251968503935
0.2677165354330709
0.2755905511811024
0.28346456692913385
0.29133858267716534
0.2992125984251969
0.30708661417322836
0.31496062992125984
0.3228346456692913
0.33070866141732286
0.33858267716535434
0.3464566929133858
0.3543307086614173
0.36220472440944884
0.3671875
0.37209302325581395
0.3769230769230769
0.3816793893129771
0.3893129770992366
0.3969465648854962
0.40458015267175573
0.4122137404580153
0.4198473282442748
0.42748091603053434
0.4351145038167939
0.44274809160305345
0.45038167938931295
0.4580152671755725
0.46564885496183206
0.4732824427480916
0.48091603053435117
0.48854961832061067
0.4961832061068702
0.5038167938931297
0.5114503816793893
0.5190839694656488
0.5267175572519084
0.5343511450381679
0.5419847328244275
0.549618320610687
0.5572519083969466
0.5648854961832062
0.5725190839694656
0.5757575757575758
0.5833333333333334
0.5909090909090909
0.5984848484848485
0.6060606060606061
0.6136363636363636
0.6212121212121212
0.6287878787878788
0.6363636363636364
0.6439393939393939
0.6515151515151515
0.6590909090909091
0.6666666666666666
0.6742424242424242
0.6818181818181818
0.6893939393939394
0.696969696969697
0.7045454545454546
0.7121212121212122
0.7196969696969697
0.7272727272727273
0.7348484848484849
0.7424242424242424
0.75
0.7575757575757576
0.7651515151515151
0.7727272727272727
0.7803030303030303
0.7878787878787878
0.7954545454545454
0.803030303030303
0.8106060606060606
0.8181818181818182
0.8257575757575758
0.8333333333333334
0.8409090909090909
0.8484848484848485
0.8560606060606061
0.8636363636363636
0.8712121212121212
0.8787878787878788
0.8863636363636364
0.8939393939393939
0.9015151515151515
0.9090909090909091
0.9166666666666666
0.9242424242424242
0.9318181818181818
0.9393939393939394
0.946969696969697
0.9545454545454546
0.9621212121212122
1.0
1.0
1.0
1.0
0.03937007874015748
0.047244094488188976
0.05511811023622047
0.06299212598425197
0.07086614173228346
0.07874015748031496
0.08661417322834646
0.09448818897637795
0.10236220472440945
0.11023622047244094
0.11811023622047244
0.12598425196850394
0.13385826771653545
0.14173228346456693
0.14960629921259844
0.15748031496062992
0.16535433070866143
0.1732283464566929
0.18110236220472442
0.1889763779527559
0.1968503937007874
0.2047244094488189
0.2125984251968504
0.2204724409448819
0.2283464566929134
0.23622047244094488
0.2440944881889764
0.25196850393700787
0.25984251968503935
0.2677165354330709
0.2755905511811024
0.28346456692913385
0.29133858267716534
0.2992125984251969
0.30708661417322836
0.31496062992125984
0.3228346456692913
0.33070866141732286
0.33858267716535434
0.3464566929133858
0.3543307086614173
0.36220472440944884
0.3671875
0.37209302325581395
0.3769230769230769
0.3816793893129771
0.3893129770992366
0.3969465648854962
0.40458015267175573
0.4122137404580153
0.4198473282442748
0.42748091603053434
0.4351145038167939
0.44274809160305345
0.45038167938931295
0.4580152671755725
0.46564885496183206
0.4732824427480916
0.48091603053435117
0.48854961832061067
0.4961832061068702
0.5038167938931297
0.5114503816793893
0.5190839694656488
0.5267175572519084
0.5343511450381679
0.5419847328244275
0.549618320610687
0.5572519083969466
0.5648854961832062
0.5725190839694656
0.5757575757575758
1.0
1.0
1.0
1.0
0.03937007874015748
0.047244094488188976
0.05511811023622047
0.06299212598425197
0.07086614173228346
0.07874015748031496
0.08661417322834646
0.09448818897637795
0.10236220472440945
0.11023622047244094
0.11811023622047244
0.12598425196850394
0.13385826771653545
0.14173228346456693
0.14960629921259844
0.15748031496062992
0.16535433070866143
0.1732283464566929
0.18110236220472442
0.1889763779527559
0.1968503937007874
0.2047244094488189
0.2125984251968504
0.2204724409448819
0.2283464566929134
0.23622047244094488
0.2440944881889764
0.25196850393700787
0.25984251968503935
0.2677165354330709
0.2755905511811024
0.28346456692913385
0.29133858267716534
0.2992125984251969
0.30708661417322836
0.31496062992125984
0.3228346456692913
0.33070866141732286
0.33858267716535434
0.3464566929133858
0.3543307086614173
0.36220472440944884
0.3671875
0.37209302325581395
0.3769230769230769
0.3816793893129771
0.3893129770992366
0.3969465648854962
0.40458015267175573
0.4122137404580153
0.4198473282442748
0.42748091603053434
0.4351145038167939
0.44274809160305345
0.45038167938931295
0.4580152671755725
0.46564885496183206
0.4732824427480916
0.48091603053435117
0.48854961832061067
0.4961832061068702
0.5038167938931297
0.5114503816793893
0.5190839694656488
0.5267175572519084
0.5343511450381679
0.5419847328244275
0.549618320610687
0.5572519083969466
0.5648854961832062
0.5725190839694656
0.5757575757575758
0.5833333333333334
0.5909090909090909
0.5984848484848485
0.6060606060606061
0.6136363636363636
0.6212121212121212
0.6287878787878788
0.6363636363636364
0.6439393939393939
0.6515151515151515
0.6590909090909091
0.6666666666666666
0.6742424242424242
0.6818181818181818
0.6893939393939394
0.696969696969697
0.7045454545454546
0.7121212121212122
0.7196969696969697
0.7272727272727273
0.7348484848484849
0.7424242424242424
0.75
0.7575757575757576
0.7651515151515151
0.7727272727272727
0.7803030303030303
0.7878787878787878
0.7954545454545454
0.803030303030303
0.8106060606060606
0.8181818181818182
0.8257575757575758
0.8333333333333334
0.8409090909090909
0.8484848484848485
0.8560606060606061
0.8636363636363636
0.8712121212121212
0.8787878787878788
0.8863636363636364
0.8939393939393939
0.9015151515151515
0.9090909090909091
0.9166666666666666
0.9242424242424242
0.9318181818181818
0.9393939393939394
0.946969696969697
0.9545454545454546
0.9621212121212122
1.0
1.0
1.0
1.0
0.03937007874015748
0.047244094488188976
0.05511811023622047
0.06299212598425197
0.07086614173228346
0.07874015748031496
0.08661417322834646
0.09448818897637795
0.10236220472440945
0.11023622047244094
0.11811023622047244
0.12598425196850394
0.13385826771653545
0.14173228346456693
0.14960629921259844
0.15748031496062992
0.16535433070866143
0.1732283464566929
0.18110236220472442
0.1889763779527559
0.1968503937007874
0.2047244094488189
0.2125984251968504
0.2204724409448819
0.2283464566929134
0.23622047244094488
0.2440944881889764
0.25196850393700787
0.25984251968503935
0.2677165354330709
0.2755905511811024
0.28346456692913385
0.29133858267716534
0.2992125984251969
0.30708661417322836
0.31496062992125984
0.3228346456692913
0.33070866141732286
0.33858267716535434
0.3464566929133858
0.3543307086614173
0.36220472440944884
0.3671875
0.37209302325581395
0.3769230769230769
0.3816793893129771
0.3893129770992366
0.3969465648854962
0.40458015267175573
0.4122137404580153
0.4198473282442748
0.42748091603053434
0.4351145038167939
0.44274809160305345
0.45038167938931295
0.4580152671755725
0.46564885496183206
0.4732824427480916
0.48091603053435117
0.48854961832061067
0.4961832061068702
0.5038167938931297
0.5114503816793893
0.5190839694656488
0.5267175572519084
0.5343511450381679
0.5419847328244275
0.549618320610687
0.5572519083969466
0.5648854961832062
0.5725190839694656
0.5757575757575758
0.5833333333333334
0.5909090909090909
0.5984848484848485
0.6060606060606061
0.6136363636363636
0.6212121212121212
0.6287878787878788
0.6363636363636364
0.6439393939393939
0.6515151515151515
0.6590909090909091
0.6666666666666666
0.6742424242424242
0.6818181818181818
0.6893939393939394
0.696969696969697
0.7045454545454546
0.7121212121212122
0.7196969696969697
0.7272727272727273
0.7348484848484849
0.7424242424242424
0.75
0.7575757575757576
0.7651515151515151
0.7727272727272727
0.7803030303030303
0.7878787878787878
0.7954545454545454
0.803030303030303
0.8106060606060606
0.8181818181818182
0.8257575757575758
0.8333333333333334
0.8409090909090909
0.8484848484848485
0.8560606060606061
0.8636363636363636
0.8712121212121212
0.8787878787878788
0.8863636363636364
0.8939393939393939
0.9015151515151515
0.9090909090909091
0.9166666666666666
0.9242424242424242
0.9318181818181818
0.9393939393939394
0.946969696969697
0.9545454545454546
0.9621212121212122
