1.0
1.0
1.0
1.0
1.0
1.0
1.0
1.0
1.0
1.0
1.0
1.0
1.0
1.0
1.0
1.0
1.0
1.0
1.0
1.0
1.0
1.0
1.0
1.0
1.0
1.0
1.0
1.0
1.0
1.0
1.0
1.0
1.0
1.0
1.0
1.0
1.0
1.0
1.0
1.0
1.0
1.0
1.0
1.0
1.0
1.0
1.0
1.0
1.0
0.6578947368421053
0.6623376623376623
0.6666666666666666
0.6708860759493671
0.675
0.6790123456790124
0.6829268292682927
0.6867469879518072
0.6904761904761905
0.6941176470588235
0.6976744186046512
0.7011494252873564
0.7045454545454546
0.7078651685393258
0.7111111111111111
0.7142857142857143
0.717391304347826
0.7204301075268817
0.723404255319149
0.7263157894736842
0.5035971223021583
0.5071428571428571
0.5106382978723404
0.5140845070422535
0.5174825174825175
0.5208333333333334
0.5241379310344828
0.5273972602739726
0.5306122448979592
0.5337837837837838
0.5369127516778524
0.54
0.543046357615894
0.5460526315789473
0.5490196078431373
0.551948051948052
0.5548387096774193
0.5576923076923077
0.5605095541401274
0.5632911392405063
0.5660377358490566
0.5384615384615384
0.5411764705882353
0.543859649122807
0.5465116279069767
0.5491329479768786
0.5517241379310345
0.5542857142857143
0.5568181818181818
0.559322033898305
0.5617977528089888
0.5642458100558659
0.5666666666666667
0.569060773480663
0.5714285714285714
0.5737704918032787
0.5760869565217391
0.5783783783783784
0.5806451612903226
0.5828877005347594
0.5851063829787234
0.5873015873015873
0.5894736842105263
0.5916230366492147
0.59375
0.5958549222797928
0.5979381443298969
0.6
0.5130434782608696
0.5151515151515151
0.5106382978723404
0.5148936170212766
0.5191489361702127
0.5234042553191489
0.5276595744680851
0.5319148936170213
0.5361702127659574
0.5404255319148936
0.5446808510638298
0.548936170212766
0.5531914893617021
0.5574468085106383
0.5617021276595745
0.5659574468085107
0.5702127659574469
0.574468085106383
0.5787234042553191
0.5829787234042553
0.5872340425531914
0.5914893617021276
0.5957446808510638
0.597457627118644
0.5991561181434599
0.6008403361344538
0.602510460251046
0.6041666666666666
0.6058091286307054
0.6074380165289256
0.6090534979423868
0.610655737704918
0.6122448979591837
0.6138211382113821
0.6153846153846154
0.6169354838709677
0.6184738955823293
0.62
0.6215139442231076
0.623015873015873
0.6245059288537549
0.6259842519685039
0.6274509803921569
0.62890625
0.6303501945525292
0.6317829457364341
0.6332046332046332
0.6346153846153846
0.6360153256704981
0.6374045801526718
0.6387832699619772
0.6401515151515151
0.6415094339622641
0.6428571428571429
0.6441947565543071
0.6455223880597015
0.6468401486988847
0.6481481481481481
0.6494464944649446
0.6507352941176471
0.652014652014652
0.6532846715328468
0.6545454545454545
0.6557971014492754
0.6570397111913358
0.658273381294964
0.6594982078853047
0.6607142857142857
0.6619217081850534
0.6631205673758865
0.6643109540636042
0.6654929577464789
0.6666666666666666
0.6678321678321678
0.6689895470383276
0.6701388888888888
0.671280276816609
0.6724137931034483
0.6735395189003437
0.6746575342465754
0.6757679180887372
0.6768707482993197
0.6779661016949152
0.6790540540540541
0.6801346801346801
0.6812080536912751
0.6822742474916388
0.6833333333333333
0.6843853820598007
0.6854304635761589
0.6864686468646864
0.6875
0.6885245901639344
0.6895424836601307
0.6905537459283387
0.6915584415584416
0.6925566343042071
0.6935483870967742
0.6945337620578779
0.6955128205128205
0.6964856230031949
0.697452229299363
0.6984126984126984
0.6993670886075949
0.7003154574132492
0.7012578616352201
0.7021943573667712
0.703125
0.7040498442367601
0.7049689440993789
0.7058823529411765
0.7067901234567902
0.7076923076923077
0.7085889570552147
0.709480122324159
0.7103658536585366
0.7112462006079028
0.7121212121212122
0.7129909365558912
0.713855421686747
0.7147147147147147
0.7155688622754491
0.7164179104477612
0.7172619047619048
0.7181008902077152
0.7189349112426036
0.7197640117994101
0.7205882352941176
0.7214076246334311
0.7222222222222222
0.7230320699708455
0.7238372093023255
0.7246376811594203
0.7254335260115607
0.7262247838616714
0.7270114942528736
0.7277936962750716
0.7285714285714285
0.7293447293447294
0.7301136363636364
0.7308781869688386
0.731638418079096
0.7323943661971831
0.7331460674157303
0.7338935574229691
0.7346368715083799
0.7353760445682451
0.7361111111111112
0.7368421052631579
0.7375690607734806
0.7382920110192838
0.739010989010989
0.7397260273972602
0.7404371584699454
0.7411444141689373
0.7418478260869565
0.7425474254742548
0.7432432432432432
0.7439353099730458
0.7446236559139785
0.7473118279569892
0.75
0.7526881720430108
0.7553763440860215
0.7580645161290323
0.7587131367292225
0.7593582887700535
0.76
0.7606382978723404
0.7612732095490716
0.7619047619047619
0.762532981530343
0.7631578947368421
0.7637795275590551
0.7643979057591623
0.7650130548302873
0.765625
0.7662337662337663
0.7668393782383419
0.7674418604651163
0.7680412371134021
0.7686375321336761
0.7692307692307693
0.7698209718670077
0.7704081632653061
0.7709923664122137
0.7715736040609137
0.7721518987341772
0.7727272727272727
0.7732997481108312
0.7738693467336684
0.7744360902255639
0.775
0.7755610972568578
0.7761194029850746
0.7766749379652605
0.7772277227722773
0.7777777777777778
0.7783251231527094
0.7788697788697788
0.7794117647058824
0.7799511002444988
0.7804878048780488
0.781021897810219
0.7815533980582524
0.7820823244552058
0.782608695652174
0.7831325301204819
0.7836538461538461
0.7841726618705036
0.784688995215311
0.7852028639618138
0.7857142857142857
0.7862232779097387
0.7867298578199052
0.7872340425531915
0.7877358490566038
1.0
1.0
1.0
1.0
1.0
1.0
1.0
1.0
1.0
1.0
1.0
1.0
1.0
1.0
1.0
1.0
1.0
1.0
1.0
1.0
1.0
1.0
1.0
1.0
1.0
1.0
1.0
1.0
1.0
1.0
1.0
1.0
1.0
1.0
1.0
1.0
1.0
1.0
1.0
1.0
1.0
1.0
1.0
1.0
1.0
1.0
1.0
1.0
1.0
0.6578947368421053
0.6623376623376623
0.6666666666666666
0.6708860759493671
0.675
0.6790123456790124
0.6829268292682927
0.6867469879518072
0.6904761904761905
0.6941176470588235
0.6976744186046512
0.7011494252873564
0.7045454545454546
0.7078651685393258
0.7111111111111111
0.7142857142857143
0.717391304347826
0.7204301075268817
0.723404255319149
0.7263157894736842
0.5035971223021583
0.5071428571428571
0.5106382978723404
0.5140845070422535
0.5174825174825175
0.5208333333333334
0.5241379310344828
0.5273972602739726
0.5306122448979592
0.5337837837837838
0.5369127516778524
0.54
0.543046357615894
0.5460526315789473
0.5490196078431373
0.551948051948052
0.5548387096774193
0.5576923076923077
0.5605095541401274
0.5632911392405063
0.5660377358490566
0.5384615384615384
0.5411764705882353
0.543859649122807
0.5465116279069767
0.5491329479768786
0.5517241379310345
0.5542857142857143
0.5568181818181818
0.559322033898305
0.5617977528089888
0.5642458100558659
0.5666666666666667
0.569060773480663
0.5714285714285714
0.5737704918032787
0.5760869565217391
0.5783783783783784
0.5806451612903226
0.5828877005347594
0.5851063829787234
0.5873015873015873
0.5894736842105263
0.5916230366492147
0.59375
0.5958549222797928
0.5979381443298969
0.6
0.5130434782608696
0.5151515151515151
0.5106382978723404
0.5148936170212766
0.5191489361702127
0.5234042553191489
0.5276595744680851
0.5319148936170213
0.5361702127659574
0.5404255319148936
0.5446808510638298
0.548936170212766
0.5531914893617021
0.5574468085106383
0.5617021276595745
0.5659574468085107
0.5702127659574469
0.574468085106383
0.5787234042553191
0.5829787234042553
0.5872340425531914
0.5914893617021276
0.5957446808510638
0.597457627118644
0.5991561181434599
0.6008403361344538
0.602510460251046
0.6041666666666666
0.6058091286307054
0.6074380165289256
0.6090534979423868
0.610655737704918
0.6122448979591837
0.6138211382113821
0.6153846153846154
0.6169354838709677
0.6184738955823293
0.62
0.6215139442231076
0.623015873015873
0.6245059288537549
0.6259842519685039
0.6274509803921569
0.62890625
0.6303501945525292
0.6317829457364341
0.6332046332046332
0.6346153846153846
0.6360153256704981
0.6374045801526718
0.6387832699619772
0.6401515151515151
0.6415094339622641
0.6428571428571429
0.6441947565543071
0.6455223880597015
0.6468401486988847
0.6481481481481481
0.6494464944649446
0.6507352941176471
0.652014652014652
0.6532846715328468
0.6545454545454545
0.6557971014492754
0.6570397111913358
0.658273381294964
0.6594982078853047
0.6607142857142857
0.6619217081850534
0.6631205673758865
0.6643109540636042
0.6654929577464789
0.6666666666666666
0.6678321678321678
0.6689895470383276
0.6701388888888888
0.671280276816609
0.6724137931034483
0.6735395189003437
0.6746575342465754
0.6757679180887372
0.6768707482993197
0.6779661016949152
0.6790540540540541
0.6801346801346801
0.6812080536912751
0.6822742474916388
0.6833333333333333
0.6843853820598007
0.6854304635761589
0.6864686468646864
0.6875
0.6885245901639344
0.6895424836601307
0.6905537459283387
0.6915584415584416
0.6925566343042071
0.6935483870967742
0.6945337620578779
0.6955128205128205
0.6964856230031949
0.697452229299363
0.6984126984126984
0.6993670886075949
0.7003154574132492
0.7012578616352201
0.7021943573667712
0.703125
0.7040498442367601
0.7049689440993789
0.7058823529411765
0.7067901234567902
0.7076923076923077
0.7085889570552147
0.709480122324159
0.7103658536585366
0.7112462006079028
0.7121212121212122
0.7129909365558912
0.713855421686747
0.7147147147147147
0.7155688622754491
0.7164179104477612
0.7172619047619048
0.7181008902077152
0.7189349112426036
0.7197640117994101
0.7205882352941176
0.7214076246334311
0.7222222222222222
0.7230320699708455
0.7238372093023255
0.7246376811594203
0.7254335260115607
0.7262247838616714
0.7270114942528736
0.7277936962750716
0.7285714285714285
0.7293447293447294
0.7301136363636364
0.7308781869688386
0.731638418079096
0.7323943661971831
0.7331460674157303
0.7338935574229691
0.7346368715083799
0.7353760445682451
0.7361111111111112
0.7368421052631579
0.7375690607734806
0.7382920110192838
0.739010989010989
0.7397260273972602
0.7404371584699454
0.7411444141689373
0.7418478260869565
0.7425474254742548
0.7432432432432432
0.7439353099730458
0.7446236559139785
0.7473118279569892
0.75
0.7526881720430108
0.7553763440860215
0.7580645161290323
0.7587131367292225
0.7593582887700535
0.76
0.7606382978723404
0.7612732095490716
0.7619047619047619
0.762532981530343
0.7631578947368421
0.7637795275590551
0.7643979057591623
0.7650130548302873
0.765625
0.7662337662337663
0.7668393782383419
0.7674418604651163
0.7680412371134021
0.7686375321336761
0.7692307692307693
0.7698209718670077
0.7704081632653061
0.7709923664122137
0.7715736040609137
0.7721518987341772
0.7727272727272727
0.7732997481108312
0.7738693467336684
0.7744360902255639
0.775
0.7755610972568578
0.7761194029850746
0.7766749379652605
0.7772277227722773
0.7777777777777778
0.7783251231527094
0.7788697788697788
0.7794117647058824
0.7799511002444988
0.7804878048780488
0.781021897810219
0.7815533980582524
0.7820823244552058
0.782608695652174
0.7831325301204819
0.7836538461538461
0.7841726618705036
0.784688995215311
0.7852028639618138
0.7857142857142857
0.7862232779097387
0.7867298578199052
0.7872340425531915
0.7877358490566038
0.788235294117647
0.7887323943661971
0.7892271662763466
0.7897196261682243
0.7902097902097902
0.7906976744186046
0.7911832946635731
1.0
1.0
1.0
1.0
1.0
1.0
1.0
1.0
1.0
1.0
1.0
1.0
1.0
1.0
1.0
1.0
1.0
1.0
1.0
1.0
1.0
1.0
1.0
1.0
1.0
1.0
1.0
1.0
1.0
1.0
1.0
1.0
1.0
1.0
1.0
1.0
1.0
1.0
1.0
1.0
1.0
1.0
1.0
1.0
1.0
1.0
1.0
1.0
1.0
0.6578947368421053
0.6623376623376623
0.6666666666666666
0.6708860759493671
0.675
0.6790123456790124
0.6829268292682927
0.6867469879518072
0.6904761904761905
0.6941176470588235
0.6976744186046512
0.7011494252873564
0.7045454545454546
0.7078651685393258
0.7111111111111111
0.7142857142857143
0.717391304347826
0.7204301075268817
0.723404255319149
0.7263157894736842
0.5035971223021583
0.5071428571428571
0.5106382978723404
0.5140845070422535
0.5174825174825175
0.5208333333333334
0.5241379310344828
0.5273972602739726
0.5306122448979592
0.5337837837837838
0.5369127516778524
0.54
0.543046357615894
0.5460526315789473
0.5490196078431373
0.551948051948052
0.5548387096774193
0.5576923076923077
0.5605095541401274
0.5632911392405063
0.5660377358490566
0.5384615384615384
0.5411764705882353
0.543859649122807
0.5465116279069767
0.5491329479768786
0.5517241379310345
0.5542857142857143
0.5568181818181818
0.559322033898305
0.5617977528089888
0.5642458100558659
0.5666666666666667
0.569060773480663
0.5714285714285714
0.5737704918032787
0.5760869565217391
0.5783783783783784
0.5806451612903226
0.5828877005347594
0.5851063829787234
0.5873015873015873
0.5894736842105263
0.5916230366492147
0.59375
0.5958549222797928
0.5979381443298969
0.6
0.5130434782608696
0.5151515151515151
0.5106382978723404
0.5148936170212766
0.5191489361702127
0.5234042553191489
0.5276595744680851
0.5319148936170213
0.5361702127659574
0.5404255319148936
0.5446808510638298
0.548936170212766
0.5531914893617021
0.5574468085106383
0.5617021276595745
0.5659574468085107
0.5702127659574469
0.574468085106383
0.5787234042553191
0.5829787234042553
0.5872340425531914
0.5914893617021276
0.5957446808510638
0.597457627118644
0.5991561181434599
0.6008403361344538
0.602510460251046
0.6041666666666666
0.6058091286307054
0.6074380165289256
0.6090534979423868
0.610655737704918
0.6122448979591837
0.6138211382113821
0.6153846153846154
0.6169354838709677
0.6184738955823293
0.62
0.6215139442231076
0.623015873015873
0.6245059288537549
0.6259842519685039
0.6274509803921569
0.62890625
0.6303501945525292
0.6317829457364341
0.6332046332046332
0.6346153846153846
0.6360153256704981
0.6374045801526718
0.6387832699619772
0.6401515151515151
0.6415094339622641
0.6428571428571429
0.6441947565543071
0.6455223880597015
0.6468401486988847
0.6481481481481481
0.6494464944649446
0.6507352941176471
0.652014652014652
0.6532846715328468
0.6545454545454545
0.6557971014492754
0.6570397111913358
0.658273381294964
0.6594982078853047
0.6607142857142857
0.6619217081850534
0.6631205673758865
0.6643109540636042
0.6654929577464789
0.6666666666666666
0.6678321678321678
0.6689895470383276
0.6701388888888888
0.671280276816609
0.6724137931034483
0.6735395189003437
0.6746575342465754
0.6757679180887372
0.6768707482993197
0.6779661016949152
0.6790540540540541
0.6801346801346801
0.6812080536912751
0.6822742474916388
0.6833333333333333
0.6843853820598007
0.6854304635761589
0.6864686468646864
0.6875
0.6885245901639344
0.6895424836601307
0.6905537459283387
0.6915584415584416
0.6925566343042071
0.6935483870967742
0.6945337620578779
0.6955128205128205
0.6964856230031949
0.697452229299363
0.6984126984126984
0.6993670886075949
0.7003154574132492
0.7012578616352201
0.7021943573667712
0.703125
0.7040498442367601
0.7049689440993789
0.7058823529411765
0.7067901234567902
0.7076923076923077
0.7085889570552147
0.709480122324159
0.7103658536585366
0.7112462006079028
0.7121212121212122
0.7129909365558912
0.713855421686747
0.7147147147147147
0.7155688622754491
0.7164179104477612
0.7172619047619048
0.7181008902077152
0.7189349112426036
0.7197640117994101
0.7205882352941176
0.7214076246334311
0.7222222222222222
0.7230320699708455
0.7238372093023255
0.7246376811594203
0.7254335260115607
0.7262247838616714
0.7270114942528736
0.7277936962750716
0.7285714285714285
0.7293447293447294
0.7301136363636364
0.7308781869688386
0.731638418079096
0.7323943661971831
0.7331460674157303
0.7338935574229691
0.7346368715083799
0.7353760445682451
0.7361111111111112
0.7368421052631579
0.7375690607734806
0.7382920110192838
0.739010989010989
0.7397260273972602
0.7404371584699454
0.7411444141689373
0.7418478260869565
0.7425474254742548
0.7432432432432432
0.7439353099730458
0.7446236559139785
0.7473118279569892
0.75
0.7526881720430108
0.7553763440860215
0.7580645161290323
0.7587131367292225
0.7593582887700535
0.76
0.7606382978723404
0.7612732095490716
0.7619047619047619
0.762532981530343
0.7631578947368421
0.7637795275590551
0.7643979057591623
0.7650130548302873
0.765625
0.7662337662337663
0.7668393782383419
0.7674418604651163
0.7680412371134021
0.7686375321336761
0.7692307692307693
0.7698209718670077
0.7704081632653061
0.7709923664122137
0.7715736040609137
0.7721518987341772
0.7727272727272727
0.7732997481108312
0.7738693467336684
0.7744360902255639
0.775
0.7755610972568578
0.7761194029850746
0.7766749379652605
0.7772277227722773
0.7777777777777778
0.7783251231527094
0.7788697788697788
0.7794117647058824
0.7799511002444988
0.7804878048780488
0.781021897810219
0.7815533980582524
0.7820823244552058
0.782608695652174
0.7831325301204819
0.7836538461538461
0.7841726618705036
0.784688995215311
0.7852028639618138
0.7857142857142857
0.7862232779097387
0.7867298578199052
0.7872340425531915
0.7877358490566038
1.0
1.0
1.0
1.0
1.0
1.0
1.0
1.0
1.0
1.0
1.0
1.0
1.0
1.0
1.0
1.0
1.0
1.0
1.0
1.0
1.0
1.0
1.0
1.0
1.0
1.0
1.0
1.0
1.0
1.0
1.0
1.0
1.0
1.0
1.0
1.0
1.0
1.0
1.0
1.0
1.0
1.0
1.0
1.0
1.0
1.0
1.0
1.0
1.0
0.6578947368421053
0.6623376623376623
0.6666666666666666
0.6708860759493671
0.675
0.6790123456790124
0.6829268292682927
0.6867469879518072
0.6904761904761905
0.6941176470588235
0.6976744186046512
0.7011494252873564
0.7045454545454546
0.7078651685393258
0.7111111111111111
0.7142857142857143
0.717391304347826
0.7204301075268817
0.723404255319149
0.7263157894736842
0.5035971223021583
0.5071428571428571
0.5106382978723404
0.5140845070422535
0.5174825174825175
0.5208333333333334
0.5241379310344828
0.5273972602739726
0.5306122448979592
0.5337837837837838
0.5369127516778524
0.54
0.543046357615894
0.5460526315789473
0.5490196078431373
0.551948051948052
0.5548387096774193
0.5576923076923077
0.5605095541401274
0.5632911392405063
0.5660377358490566
0.5384615384615384
0.5411764705882353
0.543859649122807
0.5465116279069767
0.5491329479768786
0.5517241379310345
0.5542857142857143
0.5568181818181818
0.559322033898305
0.5617977528089888
0.5642458100558659
0.5666666666666667
0.569060773480663
0.5714285714285714
0.5737704918032787
0.5760869565217391
0.5783783783783784
0.5806451612903226
0.5828877005347594
0.5851063829787234
0.5873015873015873
0.5894736842105263
0.5916230366492147
0.59375
0.5958549222797928
0.5979381443298969
0.6
0.5130434782608696
0.5151515151515151
0.5106382978723404
0.5148936170212766
0.5191489361702127
0.5234042553191489
0.5276595744680851
0.5319148936170213
0.5361702127659574
0.5404255319148936
0.5446808510638298
0.548936170212766
0.5531914893617021
0.5574468085106383
0.5617021276595745
0.5659574468085107
0.5702127659574469
0.574468085106383
0.5787234042553191
0.5829787234042553
0.5872340425531914
0.5914893617021276
0.5957446808510638
0.597457627118644
0.5991561181434599
0.6008403361344538
0.602510460251046
0.6041666666666666
0.6058091286307054
0.6074380165289256
0.6090534979423868
0.610655737704918
0.6122448979591837
0.6138211382113821
0.6153846153846154
0.6169354838709677
0.6184738955823293
0.62
0.6215139442231076
0.623015873015873
0.6245059288537549
0.6259842519685039
0.6274509803921569
0.62890625
0.6303501945525292
0.6317829457364341
0.6332046332046332
0.6346153846153846
0.6360153256704981
0.6374045801526718
0.6387832699619772
0.6401515151515151
0.6415094339622641
0.6428571428571429
0.6441947565543071
0.6455223880597015
0.6468401486988847
0.6481481481481481
0.6494464944649446
0.6507352941176471
0.652014652014652
0.6532846715328468
0.6545454545454545
0.6557971014492754
0.6570397111913358
0.658273381294964
0.6594982078853047
0.6607142857142857
0.6619217081850534
0.6631205673758865
0.6643109540636042
0.6654929577464789
0.6666666666666666
0.6678321678321678
0.6689895470383276
0.6701388888888888
0.671280276816609
0.6724137931034483
0.6735395189003437
0.6746575342465754
0.6757679180887372
0.6768707482993197
0.6779661016949152
0.6790540540540541
0.6801346801346801
0.6812080536912751
0.6822742474916388
0.6833333333333333
0.6843853820598007
0.6854304635761589
0.6864686468646864
0.6875
0.6885245901639344
0.6895424836601307
0.6905537459283387
0.6915584415584416
0.6925566343042071
0.6935483870967742
0.6945337620578779
0.6955128205128205
0.6964856230031949
0.697452229299363
0.6984126984126984
0.6993670886075949
0.7003154574132492
0.7012578616352201
0.7021943573667712
0.703125
0.7040498442367601
0.7049689440993789
0.7058823529411765
0.7067901234567902
0.7076923076923077
0.7085889570552147
0.709480122324159
0.7103658536585366
0.7112462006079028
0.7121212121212122
0.7129909365558912
0.713855421686747
0.7147147147147147
0.7155688622754491
0.7164179104477612
0.7172619047619048
0.7181008902077152
0.7189349112426036
0.7197640117994101
0.7205882352941176
0.7214076246334311
0.7222222222222222
0.7230320699708455
0.7238372093023255
0.7246376811594203
0.7254335260115607
0.7262247838616714
0.7270114942528736
0.7277936962750716
0.7285714285714285
0.7293447293447294
0.7301136363636364
0.7308781869688386
0.731638418079096
0.7323943661971831
0.7331460674157303
0.7338935574229691
0.7346368715083799
0.7353760445682451
0.7361111111111112
0.7368421052631579
0.7375690607734806
0.7382920110192838
0.739010989010989
0.7397260273972602
0.7404371584699454
0.7411444141689373
0.7418478260869565
0.7425474254742548
0.7432432432432432
0.7439353099730458
0.7446236559139785
0.7473118279569892
0.75
0.7526881720430108
0.7553763440860215
0.7580645161290323
0.7587131367292225
0.7593582887700535
0.76
0.7606382978723404
0.7612732095490716
0.7619047619047619
0.762532981530343
0.7631578947368421
0.7637795275590551
0.7643979057591623
0.7650130548302873
0.765625
0.7662337662337663
0.7668393782383419
0.7674418604651163
0.7680412371134021
0.7686375321336761
0.7692307692307693
0.7698209718670077
0.7704081632653061
0.7709923664122137
0.7715736040609137
0.7721518987341772
0.7727272727272727
0.7732997481108312
0.7738693467336684
0.7744360902255639
0.775
0.7755610972568578
0.7761194029850746
0.7766749379652605
0.7772277227722773
0.7777777777777778
0.7783251231527094
0.7788697788697788
0.7794117647058824
0.7799511002444988
0.7804878048780488
0.781021897810219
0.7815533980582524
0.7820823244552058
0.782608695652174
0.7831325301204819
0.7836538461538461
0.7841726618705036
0.784688995215311
0.7852028639618138
0.7857142857142857
0.7862232779097387
0.7867298578199052
0.7872340425531915
0.7877358490566038
0.788235294117647
0.7887323943661971
0.7892271662763466
0.7897196261682243
0.7902097902097902
0.7906976744186046
0.7911832946635731
1.0
1.0
1.0
1.0
1.0
1.0
1.0
1.0
1.0
1.0
1.0
1.0
1.0
1.0
1.0
1.0
1.0
1.0
1.0
1.0
1.0
1.0
1.0
1.0
1.0
1.0
1.0
1.0
1.0
1.0
1.0
1.0
1.0
1.0
1.0
1.0
1.0
1.0
1.0
1.0
1.0
1.0
1.0
1.0
1.0
1.0
1.0
1.0
1.0
1.0
1.0
1.0
1.0
1.0
1.0
1.0
1.0
1.0
1.0
1.0
1.0
1.0
1.0
1.0
1.0
1.0
1.0
1.0
1.0
1.0
1.0
1.0
1.0
1.0
1.0
1.0
1.0
1.0
1.0
1.0
1.0
1.0
1.0
1.0
1.0
1.0
1.0
1.0
1.0
1.0
1.0
1.0
1.0
1.0
1.0
1.0
1.0
1.0
1.0
1.0
1.0
1.0
1.0
1.0
1.0
1.0
1.0
1.0
1.0
1.0
1.0
1.0
1.0
1.0
1.0
1.0
1.0
1.0
1.0
0.9836065573770492
0.9918032786885246
1.0
1.0
1.0
1.0
1.0
1.0
1.0
1.0
1.0
1.0
1.0
1.0
1.0
1.0
1.0
1.0
1.0
1.0
1.0
1.0
1.0
1.0
1.0
1.0
1.0
1.0
1.0
1.0
1.0
1.0
1.0
1.0
1.0
1.0
1.0
1.0
1.0
1.0
1.0
1.0
1.0
1.0
1.0
1.0
1.0
1.0
1.0
1.0
1.0
1.0
0.6578947368421053
0.6623376623376623
0.6666666666666666
0.6708860759493671
0.675
0.6790123456790124
0.6829268292682927
0.6867469879518072
0.6904761904761905
0.6941176470588235
0.6976744186046512
0.7011494252873564
0.7045454545454546
0.7078651685393258
0.7111111111111111
0.7142857142857143
0.717391304347826
0.7204301075268817
0.723404255319149
0.7263157894736842
0.5035971223021583
0.5071428571428571
0.5106382978723404
0.5140845070422535
0.5174825174825175
0.5208333333333334
0.5241379310344828
0.5273972602739726
0.5306122448979592
0.5337837837837838
0.5369127516778524
0.54
0.543046357615894
0.5460526315789473
0.5490196078431373
0.551948051948052
0.5548387096774193
0.5576923076923077
0.5605095541401274
0.5632911392405063
0.5660377358490566
0.5384615384615384
0.5411764705882353
0.543859649122807
0.5465116279069767
0.5491329479768786
0.5517241379310345
0.5542857142857143
0.5568181818181818
0.559322033898305
0.5617977528089888
0.5642458100558659
0.5666666666666667
0.569060773480663
0.5714285714285714
0.5737704918032787
0.5760869565217391
0.5783783783783784
0.5806451612903226
0.5828877005347594
0.5851063829787234
0.5873015873015873
0.5894736842105263
0.5916230366492147
0.59375
0.5958549222797928
0.5979381443298969
0.6
0.5130434782608696
0.5151515151515151
0.5106382978723404
0.5148936170212766
0.5191489361702127
0.5234042553191489
0.5276595744680851
0.5319148936170213
0.5361702127659574
0.5404255319148936
0.5446808510638298
0.548936170212766
0.5531914893617021
0.5574468085106383
0.5617021276595745
0.5659574468085107
0.5702127659574469
0.574468085106383
0.5787234042553191
0.5829787234042553
0.5872340425531914
0.5914893617021276
0.5957446808510638
0.597457627118644
0.5991561181434599
0.6008403361344538
0.602510460251046
0.6041666666666666
0.6058091286307054
0.6074380165289256
0.6090534979423868
0.610655737704918
0.6122448979591837
0.6138211382113821
0.6153846153846154
0.6169354838709677
0.6184738955823293
0.62
0.6215139442231076
0.623015873015873
0.6245059288537549
0.6259842519685039
0.6274509803921569
0.62890625
0.6303501945525292
0.6317829457364341
0.6332046332046332
0.6346153846153846
0.6360153256704981
0.6374045801526718
0.6387832699619772
0.6401515151515151
0.6415094339622641
0.6428571428571429
0.6441947565543071
0.6455223880597015
0.6468401486988847
0.6481481481481481
0.6494464944649446
0.6507352941176471
0.652014652014652
0.6532846715328468
0.6545454545454545
0.6557971014492754
0.6570397111913358
0.658273381294964
0.6594982078853047
0.6607142857142857
0.6619217081850534
0.6631205673758865
0.6643109540636042
0.6654929577464789
0.6666666666666666
0.6678321678321678
0.6689895470383276
0.6701388888888888
0.671280276816609
0.6724137931034483
0.6735395189003437
0.6746575342465754
0.6757679180887372
0.6768707482993197
0.6779661016949152
0.6790540540540541
0.6801346801346801
0.6812080536912751
0.6822742474916388
0.6833333333333333
0.6843853820598007
0.6854304635761589
0.6864686468646864
0.6875
0.6885245901639344
0.6895424836601307
0.6905537459283387
0.6915584415584416
0.6925566343042071
0.6935483870967742
0.6945337620578779
0.6955128205128205
0.6964856230031949
0.697452229299363
0.6984126984126984
0.6993670886075949
0.7003154574132492
0.7012578616352201
0.7021943573667712
0.703125
0.7040498442367601
0.7049689440993789
0.7058823529411765
0.7067901234567902
0.7076923076923077
0.7085889570552147
0.709480122324159
0.7103658536585366
0.7112462006079028
0.7121212121212122
0.7129909365558912
0.713855421686747
0.7147147147147147
0.7155688622754491
0.7164179104477612
0.7172619047619048
0.7181008902077152
0.7189349112426036
0.7197640117994101
0.7205882352941176
0.7214076246334311
0.7222222222222222
0.7230320699708455
0.7238372093023255
0.7246376811594203
0.7254335260115607
0.7262247838616714
0.7270114942528736
0.7277936962750716
0.7285714285714285
0.7293447293447294
0.7301136363636364
0.7308781869688386
0.731638418079096
0.7323943661971831
0.7331460674157303
0.7338935574229691
0.7346368715083799
0.7353760445682451
0.7361111111111112
0.7368421052631579
0.7375690607734806
0.7382920110192838
0.739010989010989
0.7397260273972602
0.7404371584699454
0.7411444141689373
0.7418478260869565
0.7425474254742548
0.7432432432432432
0.7439353099730458
0.7446236559139785
0.7473118279569892
0.75
0.7526881720430108
0.7553763440860215
0.7580645161290323
0.7587131367292225
0.7593582887700535
0.76
0.7606382978723404
0.7612732095490716
0.7619047619047619
0.762532981530343
0.7631578947368421
0.7637795275590551
0.7643979057591623
0.7650130548302873
0.765625
0.7662337662337663
0.7668393782383419
0.7674418604651163
0.7680412371134021
0.7686375321336761
0.7692307692307693
0.7698209718670077
0.7704081632653061
0.7709923664122137
0.7715736040609137
0.7721518987341772
0.7727272727272727
0.7732997481108312
0.7738693467336684
0.7744360902255639
0.775
0.7755610972568578
0.7761194029850746
0.7766749379652605
0.7772277227722773
0.7777777777777778
0.7783251231527094
0.7788697788697788
0.7794117647058824
0.7799511002444988
0.7804878048780488
0.781021897810219
0.7815533980582524
0.7820823244552058
0.782608695652174
0.7831325301204819
0.7836538461538461
0.7841726618705036
0.784688995215311
0.7852028639618138
0.7857142857142857
0.7862232779097387
0.7867298578199052
0.7872340425531915
0.7877358490566038
1.0
1.0
1.0
1.0
1.0
1.0
1.0
1.0
1.0
1.0
1.0
1.0
1.0
1.0
1.0
1.0
1.0
1.0
1.0
1.0
1.0
1.0
1.0
1.0
1.0
1.0
1.0
1.0
1.0
1.0
1.0
1.0
1.0
1.0
1.0
1.0
1.0
1.0
1.0
1.0
1.0
1.0
1.0
1.0
1.0
1.0
1.0
1.0
1.0
1.0
1.0
1.0
1.0
1.0
1.0
1.0
1.0
1.0
1.0
1.0
1.0
1.0
1.0
1.0
1.0
1.0
1.0
1.0
1.0
1.0
1.0
1.0
1.0
1.0
1.0
1.0
1.0
1.0
1.0
1.0
1.0
1.0
1.0
1.0
1.0
1.0
1.0
1.0
1.0
1.0
1.0
1.0
1.0
1.0
1.0
1.0
1.0
1.0
1.0
1.0
1.0
1.0
1.0
1.0
1.0
1.0
1.0
1.0
1.0
1.0
1.0
1.0
1.0
1.0
1.0
1.0
1.0
1.0
1.0
0.9836065573770492
0.9918032786885246
1.0
1.0
1.0
1.0
1.0
1.0
1.0
1.0
1.0
1.0
1.0
1.0
1.0
1.0
1.0
1.0
1.0
1.0
1.0
1.0
1.0
1.0
1.0
1.0
1.0
1.0
1.0
1.0
1.0
1.0
1.0
1.0
1.0
1.0
1.0
1.0
1.0
1.0
1.0
1.0
1.0
1.0
1.0
1.0
1.0
1.0
1.0
1.0
1.0
1.0
0.6578947368421053
0.6623376623376623
0.6666666666666666
0.6708860759493671
0.675
0.6790123456790124
0.6829268292682927
0.6867469879518072
0.6904761904761905
0.6941176470588235
0.6976744186046512
0.7011494252873564
0.7045454545454546
0.7078651685393258
0.7111111111111111
0.7142857142857143
0.717391304347826
0.7204301075268817
0.723404255319149
0.7263157894736842
0.5035971223021583
0.5071428571428571
0.5106382978723404
0.5140845070422535
0.5174825174825175
0.5208333333333334
0.5241379310344828
0.5273972602739726
0.5306122448979592
0.5337837837837838
0.5369127516778524
0.54
0.543046357615894
0.5460526315789473
0.5490196078431373
0.551948051948052
0.5548387096774193
0.5576923076923077
0.5605095541401274
0.5632911392405063
0.5660377358490566
0.5384615384615384
0.5411764705882353
0.543859649122807
0.5465116279069767
0.5491329479768786
0.5517241379310345
0.5542857142857143
0.5568181818181818
0.559322033898305
0.5617977528089888
0.5642458100558659
0.5666666666666667
0.569060773480663
0.5714285714285714
0.5737704918032787
0.5760869565217391
0.5783783783783784
0.5806451612903226
0.5828877005347594
0.5851063829787234
0.5873015873015873
0.5894736842105263
0.5916230366492147
0.59375
0.5958549222797928
0.5979381443298969
0.6
0.5130434782608696
0.5151515151515151
0.5106382978723404
0.5148936170212766
0.5191489361702127
0.5234042553191489
0.5276595744680851
0.5319148936170213
0.5361702127659574
0.5404255319148936
0.5446808510638298
0.548936170212766
0.5531914893617021
0.5574468085106383
0.5617021276595745
0.5659574468085107
0.5702127659574469
0.574468085106383
0.5787234042553191
0.5829787234042553
0.5872340425531914
0.5914893617021276
0.5957446808510638
0.597457627118644
0.5991561181434599
0.6008403361344538
0.602510460251046
0.6041666666666666
0.6058091286307054
0.6074380165289256
0.6090534979423868
0.610655737704918
0.6122448979591837
0.6138211382113821
0.6153846153846154
0.6169354838709677
0.6184738955823293
0.62
0.6215139442231076
0.623015873015873
0.6245059288537549
0.6259842519685039
0.6274509803921569
0.62890625
0.6303501945525292
0.6317829457364341
0.6332046332046332
0.6346153846153846
0.6360153256704981
0.6374045801526718
0.6387832699619772
0.6401515151515151
0.6415094339622641
0.6428571428571429
0.6441947565543071
0.6455223880597015
0.6468401486988847
0.6481481481481481
0.6494464944649446
0.6507352941176471
0.652014652014652
0.6532846715328468
0.6545454545454545
0.6557971014492754
0.6570397111913358
0.658273381294964
0.6594982078853047
0.6607142857142857
0.6619217081850534
0.6631205673758865
0.6643109540636042
0.6654929577464789
0.6666666666666666
0.6678321678321678
0.6689895470383276
0.6701388888888888
0.671280276816609
0.6724137931034483
0.6735395189003437
0.6746575342465754
0.6757679180887372
0.6768707482993197
0.6779661016949152
0.6790540540540541
0.6801346801346801
0.6812080536912751
0.6822742474916388
0.6833333333333333
0.6843853820598007
0.6854304635761589
0.6864686468646864
0.6875
0.6885245901639344
0.6895424836601307
0.6905537459283387
0.6915584415584416
0.6925566343042071
0.6935483870967742
0.6945337620578779
0.6955128205128205
0.6964856230031949
0.697452229299363
0.6984126984126984
0.6993670886075949
0.7003154574132492
0.7012578616352201
0.7021943573667712
0.703125
0.7040498442367601
0.7049689440993789
0.7058823529411765
0.7067901234567902
0.7076923076923077
0.7085889570552147
0.709480122324159
0.7103658536585366
0.7112462006079028
0.7121212121212122
0.7129909365558912
0.713855421686747
0.7147147147147147
0.7155688622754491
0.7164179104477612
0.7172619047619048
0.7181008902077152
0.7189349112426036
0.7197640117994101
0.7205882352941176
0.7214076246334311
0.7222222222222222
0.7230320699708455
0.7238372093023255
0.7246376811594203
0.7254335260115607
0.7262247838616714
0.7270114942528736
0.7277936962750716
0.7285714285714285
0.7293447293447294
0.7301136363636364
0.7308781869688386
0.731638418079096
0.7323943661971831
0.7331460674157303
0.7338935574229691
0.7346368715083799
0.7353760445682451
0.7361111111111112
0.7368421052631579
0.7375690607734806
0.7382920110192838
0.739010989010989
0.7397260273972602
0.7404371584699454
0.7411444141689373
0.7418478260869565
0.7425474254742548
0.7432432432432432
0.7439353099730458
0.7446236559139785
0.7473118279569892
0.75
0.7526881720430108
0.7553763440860215
0.7580645161290323
0.7587131367292225
0.7593582887700535
0.76
0.7606382978723404
0.7612732095490716
0.7619047619047619
0.762532981530343
0.7631578947368421
0.7637795275590551
0.7643979057591623
0.7650130548302873
0.765625
0.7662337662337663
0.7668393782383419
0.7674418604651163
0.7680412371134021
0.7686375321336761
0.7692307692307693
0.7698209718670077
0.7704081632653061
0.7709923664122137
0.7715736040609137
0.7721518987341772
0.7727272727272727
0.7732997481108312
0.7738693467336684
0.7744360902255639
0.775
0.7755610972568578
0.7761194029850746
0.7766749379652605
0.7772277227722773
0.7777777777777778
0.7783251231527094
0.7788697788697788
0.7794117647058824
0.7799511002444988
0.7804878048780488
0.781021897810219
0.7815533980582524
0.7820823244552058
0.782608695652174
0.7831325301204819
0.7836538461538461
0.7841726618705036
0.784688995215311
0.7852028639618138
0.7857142857142857
0.7862232779097387
0.7867298578199052
0.7872340425531915
0.7877358490566038
1.0
1.0
1.0
1.0
1.0
1.0
1.0
1.0
1.0
1.0
1.0
1.0
1.0
1.0
1.0
1.0
1.0
1.0
1.0
1.0
1.0
1.0
1.0
1.0
1.0
1.0
1.0
1.0
1.0
1.0
1.0
1.0
1.0
1.0
1.0
1.0
1.0
1.0
1.0
1.0
1.0
1.0
1.0
1.0
1.0
1.0
1.0
1.0
1.0
0.6578947368421053
0.6623376623376623
0.6666666666666666
0.6708860759493671
0.675
0.6790123456790124
0.6829268292682927
0.6867469879518072
0.6904761904761905
0.6941176470588235
0.6976744186046512
0.7011494252873564
0.7045454545454546
0.7078651685393258
0.7111111111111111
0.7142857142857143
0.717391304347826
0.7204301075268817
0.723404255319149
0.7263157894736842
0.5035971223021583
0.5071428571428571
0.5106382978723404
0.5140845070422535
0.5174825174825175
0.5208333333333334
0.5241379310344828
0.5273972602739726
0.5306122448979592
0.5337837837837838
0.5369127516778524
0.54
0.543046357615894
0.5460526315789473
0.5490196078431373
0.551948051948052
0.5548387096774193
0.5576923076923077
0.5605095541401274
0.5632911392405063
0.5660377358490566
0.5384615384615384
0.5411764705882353
0.543859649122807
0.5465116279069767
0.5491329479768786
0.5517241379310345
0.5542857142857143
0.5568181818181818
0.559322033898305
0.5617977528089888
0.5642458100558659
0.5666666666666667
0.569060773480663
0.5714285714285714
0.5737704918032787
0.5760869565217391
0.5783783783783784
0.5806451612903226
0.5828877005347594
0.5851063829787234
0.5873015873015873
0.5894736842105263
0.5916230366492147
0.59375
0.5958549222797928
0.5979381443298969
0.6
0.5130434782608696
0.5151515151515151
0.5106382978723404
0.5148936170212766
0.5191489361702127
0.5234042553191489
0.5276595744680851
0.5319148936170213
0.5361702127659574
0.5404255319148936
0.5446808510638298
0.548936170212766
0.5531914893617021
0.5574468085106383
0.5617021276595745
0.5659574468085107
0.5702127659574469
0.574468085106383
0.5787234042553191
0.5829787234042553
0.5872340425531914
0.5914893617021276
0.5957446808510638
0.597457627118644
0.5991561181434599
0.6008403361344538
0.602510460251046
0.6041666666666666
0.6058091286307054
0.6074380165289256
0.6090534979423868
0.610655737704918
0.6122448979591837
0.6138211382113821
0.6153846153846154
0.6169354838709677
0.6184738955823293
0.62
0.6215139442231076
0.623015873015873
0.6245059288537549
0.6259842519685039
0.6274509803921569
0.62890625
0.6303501945525292
0.6317829457364341
0.6332046332046332
0.6346153846153846
0.6360153256704981
0.6374045801526718
0.6387832699619772
0.6401515151515151
0.6415094339622641
0.6428571428571429
0.6441947565543071
0.6455223880597015
0.6468401486988847
0.6481481481481481
0.6494464944649446
0.6507352941176471
0.652014652014652
0.6532846715328468
0.6545454545454545
0.6557971014492754
0.6570397111913358
0.658273381294964
0.6594982078853047
0.6607142857142857
0.6619217081850534
0.6631205673758865
0.6643109540636042
0.6654929577464789
0.6666666666666666
0.6678321678321678
0.6689895470383276
0.6701388888888888
0.671280276816609
0.6724137931034483
0.6735395189003437
0.6746575342465754
0.6757679180887372
0.6768707482993197
0.6779661016949152
0.6790540540540541
0.6801346801346801
0.6812080536912751
0.6822742474916388
0.6833333333333333
0.6843853820598007
0.6854304635761589
0.6864686468646864
0.6875
0.6885245901639344
0.6895424836601307
0.6905537459283387
0.6915584415584416
0.6925566343042071
0.6935483870967742
0.6945337620578779
0.6955128205128205
0.6964856230031949
0.697452229299363
0.6984126984126984
0.6993670886075949
0.7003154574132492
0.7012578616352201
0.7021943573667712
0.703125
0.7040498442367601
0.7049689440993789
0.7058823529411765
0.7067901234567902
0.7076923076923077
0.7085889570552147
0.709480122324159
0.7103658536585366
0.7112462006079028
0.7121212121212122
0.7129909365558912
0.713855421686747
0.7147147147147147
0.7155688622754491
0.7164179104477612
0.7172619047619048
0.7181008902077152
0.7189349112426036
0.7197640117994101
0.7205882352941176
0.7214076246334311
0.7222222222222222
0.7230320699708455
0.7238372093023255
0.7246376811594203
0.7254335260115607
0.7262247838616714
0.7270114942528736
0.7277936962750716
0.7285714285714285
0.7293447293447294
1.0
1.0
1.0
1.0
1.0
1.0
1.0
1.0
1.0
1.0
1.0
1.0
1.0
1.0
1.0
1.0
1.0
1.0
1.0
1.0
1.0
1.0
1.0
1.0
1.0
1.0
1.0
1.0
1.0
1.0
1.0
1.0
1.0
1.0
1.0
1.0
1.0
1.0
1.0
1.0
1.0
1.0
1.0
1.0
1.0
1.0
1.0
1.0
1.0
1.0
1.0
1.0
1.0
1.0
1.0
1.0
1.0
1.0
1.0
1.0
1.0
1.0
1.0
1.0
1.0
1.0
1.0
1.0
1.0
1.0
1.0
1.0
1.0
1.0
1.0
1.0
1.0
1.0
1.0
1.0
1.0
1.0
1.0
1.0
1.0
1.0
1.0
1.0
1.0
1.0
1.0
1.0
1.0
1.0
1.0
1.0
1.0
1.0
0.6578947368421053
0.6623376623376623
0.6666666666666666
0.6708860759493671
0.675
0.6790123456790124
0.6829268292682927
0.6867469879518072
0.6904761904761905
0.6941176470588235
0.6976744186046512
0.7011494252873564
0.7045454545454546
0.7078651685393258
0.7111111111111111
0.7142857142857143
0.717391304347826
0.7204301075268817
0.723404255319149
0.7263157894736842
0.5035971223021583
0.5071428571428571
0.5106382978723404
0.5140845070422535
0.5174825174825175
0.5208333333333334
0.5241379310344828
0.5273972602739726
0.5306122448979592
0.5337837837837838
0.5369127516778524
0.54
0.543046357615894
0.5460526315789473
0.5490196078431373
0.551948051948052
0.5548387096774193
0.5576923076923077
0.5605095541401274
0.5632911392405063
0.5660377358490566
0.5384615384615384
0.5411764705882353
0.543859649122807
0.5465116279069767
0.5491329479768786
0.5517241379310345
0.5542857142857143
0.5568181818181818
0.559322033898305
0.5617977528089888
0.5642458100558659
0.5666666666666667
0.569060773480663
0.5714285714285714
0.5737704918032787
0.5760869565217391
0.5783783783783784
0.5806451612903226
0.5828877005347594
0.5851063829787234
0.5873015873015873
0.5894736842105263
0.5916230366492147
0.59375
0.5958549222797928
0.5979381443298969
0.6
0.5130434782608696
0.5151515151515151
0.5106382978723404
0.5148936170212766
0.5191489361702127
0.5234042553191489
0.5276595744680851
0.5319148936170213
0.5361702127659574
0.5404255319148936
0.5446808510638298
0.548936170212766
0.5531914893617021
0.5574468085106383
0.5617021276595745
0.5659574468085107
0.5702127659574469
0.574468085106383
0.5787234042553191
0.5829787234042553
0.5872340425531914
0.5914893617021276
0.5957446808510638
0.597457627118644
0.5991561181434599
0.6008403361344538
0.602510460251046
0.6041666666666666
0.6058091286307054
0.6074380165289256
0.6090534979423868
0.610655737704918
0.6122448979591837
0.6138211382113821
0.6153846153846154
0.6169354838709677
0.6184738955823293
0.62
0.6215139442231076
0.623015873015873
0.6245059288537549
0.6259842519685039
0.6274509803921569
0.62890625
0.6303501945525292
0.6317829457364341
0.6332046332046332
0.6346153846153846
0.6360153256704981
0.6374045801526718
0.6387832699619772
0.6401515151515151
0.6415094339622641
0.6428571428571429
0.6441947565543071
0.6455223880597015
0.6468401486988847
0.6481481481481481
0.6494464944649446
0.6507352941176471
0.652014652014652
0.6532846715328468
0.6545454545454545
0.6557971014492754
0.6570397111913358
0.658273381294964
0.6594982078853047
0.6607142857142857
0.6619217081850534
0.6631205673758865
0.6643109540636042
0.6654929577464789
0.6666666666666666
0.6678321678321678
0.6689895470383276
0.6701388888888888
0.671280276816609
0.6724137931034483
0.6735395189003437
0.6746575342465754
0.6757679180887372
0.6768707482993197
0.6779661016949152
0.6790540540540541
0.6801346801346801
0.6812080536912751
0.6822742474916388
0.6833333333333333
0.6843853820598007
0.6854304635761589
0.6864686468646864
0.6875
0.6885245901639344
0.6895424836601307
0.6905537459283387
0.6915584415584416
0.6925566343042071
0.6935483870967742
0.6945337620578779
0.6955128205128205
0.6964856230031949
0.697452229299363
0.6984126984126984
0.6993670886075949
0.7003154574132492
0.7012578616352201
0.7021943573667712
0.703125
0.7040498442367601
0.7049689440993789
0.7058823529411765
0.7067901234567902
0.7076923076923077
0.7085889570552147
0.709480122324159
0.7103658536585366
0.7112462006079028
0.7121212121212122
0.7129909365558912
0.713855421686747
0.7147147147147147
0.7155688622754491
0.7164179104477612
0.7172619047619048
0.7181008902077152
0.7189349112426036
0.7197640117994101
0.7205882352941176
0.7214076246334311
0.7222222222222222
0.7230320699708455
0.7238372093023255
0.7246376811594203
0.7254335260115607
0.7262247838616714
0.7270114942528736
0.7277936962750716
0.7285714285714285
0.7293447293447294
0.7301136363636364
0.7308781869688386
0.731638418079096
0.7323943661971831
0.7331460674157303
0.7338935574229691
0.7346368715083799
0.7353760445682451
0.7361111111111112
0.7368421052631579
0.7375690607734806
0.7382920110192838
0.739010989010989
0.7397260273972602
0.7404371584699454
0.7411444141689373
0.7418478260869565
0.7425474254742548
0.7432432432432432
0.7439353099730458
0.7446236559139785
0.7473118279569892
0.75
0.7526881720430108
0.7553763440860215
0.7580645161290323
0.7587131367292225
0.7593582887700535
0.76
0.7606382978723404
0.7612732095490716
0.7619047619047619
0.762532981530343
0.7631578947368421
0.7637795275590551
0.7643979057591623
0.7650130548302873
0.765625
0.7662337662337663
0.7668393782383419
0.7674418604651163
0.7680412371134021
0.7686375321336761
0.7692307692307693
0.7698209718670077
0.7704081632653061
0.7709923664122137
0.7715736040609137
0.7721518987341772
0.7727272727272727
0.7732997481108312
0.7738693467336684
0.7744360902255639
0.775
0.7755610972568578
0.7761194029850746
0.7766749379652605
0.7772277227722773
0.7777777777777778
0.7783251231527094
0.7788697788697788
0.7794117647058824
0.7799511002444988
0.7804878048780488
0.781021897810219
0.7815533980582524
0.7820823244552058
0.782608695652174
0.7831325301204819
0.7836538461538461
0.7841726618705036
0.784688995215311
0.7852028639618138
0.7857142857142857
0.7862232779097387
0.7867298578199052
0.7872340425531915
0.7877358490566038
1.0
1.0
1.0
1.0
1.0
1.0
1.0
1.0
1.0
1.0
1.0
1.0
1.0
1.0
1.0
1.0
1.0
1.0
1.0
1.0
1.0
1.0
1.0
1.0
1.0
1.0
1.0
1.0
1.0
1.0
1.0
1.0
1.0
1.0
1.0
1.0
1.0
1.0
1.0
1.0
1.0
1.0
1.0
1.0
1.0
1.0
1.0
1.0
1.0
0.6578947368421053
0.6623376623376623
0.6666666666666666
0.6708860759493671
0.675
0.6790123456790124
0.6829268292682927
0.6867469879518072
0.6904761904761905
0.6941176470588235
0.6976744186046512
0.7011494252873564
0.7045454545454546
0.7078651685393258
0.7111111111111111
0.7142857142857143
0.717391304347826
0.7204301075268817
0.723404255319149
0.7263157894736842
0.5035971223021583
0.5071428571428571
0.5106382978723404
0.5140845070422535
0.5174825174825175
0.5208333333333334
0.5241379310344828
0.5273972602739726
0.5306122448979592
0.5337837837837838
0.5369127516778524
0.54
0.543046357615894
0.5460526315789473
0.5490196078431373
0.551948051948052
0.5548387096774193
0.5576923076923077
0.5605095541401274
0.5632911392405063
0.5660377358490566
0.5384615384615384
0.5411764705882353
0.543859649122807
0.5465116279069767
0.5491329479768786
0.5517241379310345
0.5542857142857143
0.5568181818181818
0.559322033898305
0.5617977528089888
0.5642458100558659
0.5666666666666667
0.569060773480663
0.5714285714285714
0.5737704918032787
0.5760869565217391
0.5783783783783784
0.5806451612903226
0.5828877005347594
0.5851063829787234
0.5873015873015873
0.5894736842105263
0.5916230366492147
0.59375
0.5958549222797928
0.5979381443298969
0.6
0.5130434782608696
0.5151515151515151
0.5106382978723404
0.5148936170212766
0.5191489361702127
0.5234042553191489
0.5276595744680851
0.5319148936170213
0.5361702127659574
0.5404255319148936
0.5446808510638298
0.548936170212766
0.5531914893617021
0.5574468085106383
0.5617021276595745
0.5659574468085107
0.5702127659574469
0.574468085106383
0.5787234042553191
0.5829787234042553
0.5872340425531914
0.5914893617021276
0.5957446808510638
0.597457627118644
0.5991561181434599
0.6008403361344538
0.602510460251046
0.6041666666666666
0.6058091286307054
0.6074380165289256
0.6090534979423868
0.610655737704918
0.6122448979591837
0.6138211382113821
0.6153846153846154
0.6169354838709677
0.6184738955823293
0.62
0.6215139442231076
0.623015873015873
0.6245059288537549
0.6259842519685039
0.6274509803921569
0.62890625
0.6303501945525292
0.6317829457364341
0.6332046332046332
0.6346153846153846
0.6360153256704981
0.6374045801526718
0.6387832699619772
0.6401515151515151
0.6415094339622641
0.6428571428571429
0.6441947565543071
0.6455223880597015
0.6468401486988847
0.6481481481481481
0.6494464944649446
0.6507352941176471
0.652014652014652
0.6532846715328468
0.6545454545454545
0.6557971014492754
0.6570397111913358
0.658273381294964
0.6594982078853047
0.6607142857142857
0.6619217081850534
0.6631205673758865
0.6643109540636042
0.6654929577464789
0.6666666666666666
0.6678321678321678
0.6689895470383276
0.6701388888888888
0.671280276816609
0.6724137931034483
0.6735395189003437
0.6746575342465754
0.6757679180887372
0.6768707482993197
0.6779661016949152
0.6790540540540541
0.6801346801346801
0.6812080536912751
0.6822742474916388
0.6833333333333333
0.6843853820598007
0.6854304635761589
0.6864686468646864
0.6875
0.6885245901639344
0.6895424836601307
0.6905537459283387
0.6915584415584416
0.6925566343042071
0.6935483870967742
0.6945337620578779
0.6955128205128205
0.6964856230031949
0.697452229299363
0.6984126984126984
0.6993670886075949
0.7003154574132492
0.7012578616352201
0.7021943573667712
0.703125
0.7040498442367601
0.7049689440993789
0.7058823529411765
0.7067901234567902
0.7076923076923077
0.7085889570552147
0.709480122324159
0.7103658536585366
0.7112462006079028
0.7121212121212122
0.7129909365558912
0.713855421686747
0.7147147147147147
0.7155688622754491
0.7164179104477612
0.7172619047619048
0.7181008902077152
0.7189349112426036
0.7197640117994101
0.7205882352941176
0.7214076246334311
0.7222222222222222
0.7230320699708455
0.7238372093023255
0.7246376811594203
0.7254335260115607
0.7262247838616714
0.7270114942528736
0.7277936962750716
0.7285714285714285
0.7293447293447294
0.7301136363636364
0.7308781869688386
0.731638418079096
0.7323943661971831
0.7331460674157303
0.7338935574229691
0.7346368715083799
0.7353760445682451
0.7361111111111112
0.7368421052631579
0.7375690607734806
0.7382920110192838
0.739010989010989
0.7397260273972602
0.7404371584699454
0.7411444141689373
0.7418478260869565
0.7425474254742548
0.7432432432432432
0.7439353099730458
0.7446236559139785
0.7473118279569892
0.75
0.7526881720430108
0.7553763440860215
0.7580645161290323
0.7587131367292225
0.7593582887700535
0.76
0.7606382978723404
0.7612732095490716
0.7619047619047619
0.762532981530343
0.7631578947368421
0.7637795275590551
0.7643979057591623
0.7650130548302873
0.765625
0.7662337662337663
0.7668393782383419
0.7674418604651163
0.7680412371134021
0.7686375321336761
0.7692307692307693
0.7698209718670077
0.7704081632653061
0.7709923664122137
0.7715736040609137
0.7721518987341772
0.7727272727272727
0.7732997481108312
0.7738693467336684
0.7744360902255639
0.775
0.7755610972568578
0.7761194029850746
0.7766749379652605
0.7772277227722773
0.7777777777777778
0.7783251231527094
0.7788697788697788
0.7794117647058824
0.7799511002444988
0.7804878048780488
0.781021897810219
0.7815533980582524
0.7820823244552058
0.782608695652174
0.7831325301204819
0.7836538461538461
0.7841726618705036
0.784688995215311
0.7852028639618138
0.7857142857142857
0.7862232779097387
0.7867298578199052
0.7872340425531915
0.7877358490566038
