1.0
1.0
1.0
1.0
1.0
1.0
1.0
1.0
1.0
1.0
0.16417910447761194
0.1791044776119403
0.19402985074626866
0.208955223880597
0.22388059701492538
0.23880597014925373
0.2537313432835821
0.26865671641791045
0.2835820895522388
0.29850746268656714
0.31343283582089554
0.3283582089552239
0.34328358208955223
0.3582089552238806
0.373134328358209
0.3880597014925373
0.40298507462686567
0.417910447761194
0.43283582089552236
0.44776119402985076
0.4626865671641791
0.47761194029850745
0.4925373134328358
0.5074626865671642
0.5223880597014925
0.5373134328358209
0.5522388059701493
0.5671641791044776
0.582089552238806
0.5970149253731343
0.6119402985074627
0.6268656716417911
0.6323529411764706
0.6376811594202898
0.6428571428571429
0.647887323943662
0.6527777777777778
0.6575342465753424
0.6621621621621622
0.6756756756756757
1.0
1.0
1.0
1.0
1.0
1.0
1.0
1.0
1.0
1.0
0.16417910447761194
0.1791044776119403
0.19402985074626866
0.208955223880597
0.22388059701492538
0.23880597014925373
0.2537313432835821
0.26865671641791045
0.2835820895522388
0.29850746268656714
0.31343283582089554
0.3283582089552239
0.34328358208955223
0.3582089552238806
0.373134328358209
0.3880597014925373
0.40298507462686567
0.417910447761194
0.43283582089552236
0.44776119402985076
0.4626865671641791
0.47761194029850745
0.4925373134328358
0.5074626865671642
0.5223880597014925
0.5373134328358209
0.5522388059701493
0.5671641791044776
0.582089552238806
0.5970149253731343
0.6119402985074627
0.6268656716417911
0.6323529411764706
0.6376811594202898
0.6428571428571429
0.647887323943662
0.6527777777777778
0.6575342465753424
0.6621621621621622
0.6756756756756757
1.0
1.0
1.0
1.0
1.0
1.0
1.0
1.0
1.0
1.0
1.0
1.0
1.0
1.0
1.0
1.0
1.0
1.0
1.0
1.0
0.16417910447761194
0.1791044776119403
0.19402985074626866
0.208955223880597
0.22388059701492538
0.23880597014925373
0.2537313432835821
0.26865671641791045
0.2835820895522388
0.29850746268656714
0.31343283582089554
0.3283582089552239
0.34328358208955223
0.3582089552238806
0.373134328358209
0.3880597014925373
0.40298507462686567
0.417910447761194
0.43283582089552236
0.44776119402985076
0.4626865671641791
0.47761194029850745
0.4925373134328358
0.5074626865671642
0.5223880597014925
0.5373134328358209
0.5522388059701493
0.5671641791044776
0.582089552238806
0.5970149253731343
0.6119402985074627
0.6268656716417911
0.6323529411764706
0.6376811594202898
0.6428571428571429
0.647887323943662
0.6527777777777778
0.6575342465753424
0.6621621621621622
0.6756756756756757
0.6891891891891891
1.0
1.0
1.0
1.0
1.0
1.0
1.0
1.0
1.0
1.0
0.16417910447761194
0.1791044776119403
0.19402985074626866
0.208955223880597
0.22388059701492538
0.23880597014925373
0.2537313432835821
0.26865671641791045
0.2835820895522388
0.29850746268656714
0.31343283582089554
0.3283582089552239
0.34328358208955223
0.3582089552238806
0.373134328358209
0.3880597014925373
0.40298507462686567
0.417910447761194
0.43283582089552236
0.44776119402985076
0.4626865671641791
0.47761194029850745
0.4925373134328358
0.5074626865671642
0.5223880597014925
0.5373134328358209
0.5522388059701493
0.5671641791044776
0.582089552238806
0.5970149253731343
0.6119402985074627
0.6268656716417911
0.6323529411764706
0.6376811594202898
0.6428571428571429
0.647887323943662
0.6527777777777778
0.6575342465753424
0.6621621621621622
0.6756756756756757
0.6891891891891891
1.0
1.0
1.0
1.0
1.0
1.0
1.0
1.0
1.0
1.0
0.16417910447761194
0.1791044776119403
0.19402985074626866
0.208955223880597
0.22388059701492538
0.23880597014925373
0.2537313432835821
0.26865671641791045
0.2835820895522388
0.29850746268656714
0.31343283582089554
0.3283582089552239
0.34328358208955223
0.3582089552238806
0.373134328358209
0.3880597014925373
0.40298507462686567
0.417910447761194
0.43283582089552236
0.44776119402985076
0.4626865671641791
0.47761194029850745
0.4925373134328358
0.5074626865671642
0.5223880597014925
0.5373134328358209
0.5522388059701493
0.5671641791044776
0.582089552238806
0.5970149253731343
0.6119402985074627
0.6268656716417911
0.6323529411764706
0.6376811594202898
0.6428571428571429
0.647887323943662
0.6527777777777778
0.6575342465753424
0.6621621621621622
0.6756756756756757
0.6891891891891891
1.0
1.0
1.0
1.0
1.0
1.0
1.0
1.0
1.0
1.0
0.16417910447761194
0.1791044776119403
0.19402985074626866
0.208955223880597
0.22388059701492538
0.23880597014925373
0.2537313432835821
0.26865671641791045
0.2835820895522388
0.29850746268656714
0.31343283582089554
0.3283582089552239
0.34328358208955223
0.3582089552238806
0.373134328358209
0.3880597014925373
0.40298507462686567
0.417910447761194
0.43283582089552236
0.44776119402985076
0.4626865671641791
0.47761194029850745
0.4925373134328358
0.5074626865671642
0.5223880597014925
0.5373134328358209
0.5522388059701493
0.5671641791044776
0.582089552238806
0.5970149253731343
0.6119402985074627
0.6268656716417911
0.6323529411764706
0.6376811594202898
0.6428571428571429
0.647887323943662
0.6527777777777778
0.6575342465753424
0.6621621621621622
0.6756756756756757
0.6891891891891891
