1.0
1.0
1.0
1.0
1.0
1.0
1.0
1.0
1.0
1.0
1.0
1.0
1.0
1.0
1.0
1.0
0.85
0.8571428571428571
0.8636363636363636
0.8695652173913043
0.875
0.88
0.8846153846153846
0.4897959183673469
0.5102040816326531
0.5306122448979592
0.5510204081632653
0.5714285714285714
0.5918367346938775
0.6122448979591837
0.6326530612244898
0.6530612244897959
0.673469387755102
0.6938775510204082
0.7142857142857143
0.7346938775510204
0.7551020408163265
0.7755102040816326
0.7959183673469388
0.8163265306122449
0.8367346938775511
0.8571428571428571
0.8775510204081632
0.8979591836734694
0.9183673469387755
0.9387755102040817
1.0
1.0
1.0
1.0
1.0
1.0
1.0
1.0
1.0
1.0
1.0
1.0
1.0
1.0
1.0
1.0
0.85
0.8571428571428571
0.8636363636363636
0.8695652173913043
0.875
0.88
0.8846153846153846
0.4897959183673469
0.5102040816326531
0.5306122448979592
0.5510204081632653
0.5714285714285714
0.5918367346938775
0.6122448979591837
0.6326530612244898
0.6530612244897959
0.673469387755102
0.6938775510204082
0.7142857142857143
0.7346938775510204
0.7551020408163265
0.7755102040816326
0.7959183673469388
0.8163265306122449
0.8367346938775511
0.8571428571428571
0.8775510204081632
0.8979591836734694
0.9183673469387755
0.9387755102040817
1.0
1.0
1.0
1.0
1.0
1.0
1.0
1.0
1.0
1.0
1.0
1.0
1.0
1.0
1.0
1.0
1.0
1.0
1.0
1.0
1.0
1.0
1.0
1.0
1.0
1.0
1.0
1.0
1.0
1.0
1.0
1.0
0.85
0.8571428571428571
0.8636363636363636
0.8695652173913043
0.875
0.88
0.8846153846153846
0.4897959183673469
0.5102040816326531
0.5306122448979592
0.5510204081632653
0.5714285714285714
0.5918367346938775
0.6122448979591837
0.6326530612244898
0.6530612244897959
0.673469387755102
0.6938775510204082
0.7142857142857143
0.7346938775510204
0.7551020408163265
0.7755102040816326
0.7959183673469388
0.8163265306122449
0.8367346938775511
0.8571428571428571
0.8775510204081632
0.8979591836734694
0.9183673469387755
0.9387755102040817
1.0
1.0
1.0
1.0
1.0
1.0
1.0
1.0
1.0
1.0
1.0
1.0
1.0
1.0
1.0
1.0
0.85
0.8571428571428571
0.8636363636363636
0.8695652173913043
0.875
0.88
0.8846153846153846
0.4897959183673469
0.5102040816326531
0.5306122448979592
0.5510204081632653
0.5714285714285714
0.5918367346938775
0.6122448979591837
0.6326530612244898
0.6530612244897959
0.673469387755102
0.6938775510204082
0.7142857142857143
0.7346938775510204
0.7551020408163265
0.7755102040816326
0.7959183673469388
0.8163265306122449
0.8367346938775511
0.8571428571428571
0.8775510204081632
0.8979591836734694
0.9183673469387755
1.0
1.0
1.0
1.0
1.0
1.0
1.0
1.0
1.0
1.0
1.0
1.0
1.0
1.0
1.0
1.0
0.85
0.8571428571428571
0.8636363636363636
0.8695652173913043
0.875
0.88
0.8846153846153846
0.4897959183673469
0.5102040816326531
0.5306122448979592
0.5510204081632653
0.5714285714285714
0.5918367346938775
0.6122448979591837
0.6326530612244898
0.6530612244897959
0.673469387755102
0.6938775510204082
0.7142857142857143
0.7346938775510204
0.7551020408163265
0.7755102040816326
0.7959183673469388
0.8163265306122449
0.8367346938775511
0.8571428571428571
0.8775510204081632
0.8979591836734694
0.9183673469387755
0.9387755102040817
1.0
1.0
1.0
1.0
1.0
1.0
1.0
1.0
1.0
1.0
1.0
1.0
1.0
1.0
1.0
1.0
0.85
0.8571428571428571
0.8636363636363636
0.8695652173913043
0.875
0.88
0.8846153846153846
0.4897959183673469
0.5102040816326531
0.5306122448979592
0.5510204081632653
0.5714285714285714
0.5918367346938775
0.6122448979591837
0.6326530612244898
0.6530612244897959
0.673469387755102
0.6938775510204082
0.7142857142857143
0.7346938775510204
0.7551020408163265
0.7755102040816326
0.7959183673469388
0.8163265306122449
0.8367346938775511
0.8571428571428571
0.8775510204081632
0.8979591836734694
0.9183673469387755
0.9387755102040817
