1.0
1.0
1.0
1.0
1.0
0.2727272727272727
0.3181818181818182
0.36363636363636365
0.391304347826087
0.4166666666666667
0.44
0.46153846153846156
0.48148148148148145
0.5
0.5172413793103449
0.5333333333333333
0.5483870967741935
0.5625
0.5757575757575758
0.5882352941176471
0.6
0.6111111111111112
0.6216216216216216
0.6486486486486487
0.6756756756756757
0.7027027027027027
1.0
1.0
1.0
1.0
1.0
0.2727272727272727
0.3181818181818182
0.36363636363636365
0.391304347826087
0.4166666666666667
0.44
0.46153846153846156
0.48148148148148145
0.5
0.5172413793103449
0.5333333333333333
0.5483870967741935
0.5625
0.5757575757575758
0.5882352941176471
0.6
0.6111111111111112
0.6216216216216216
0.6486486486486487
0.6756756756756757
0.7027027027027027
1.0
1.0
1.0
1.0
1.0
1.0
1.0
1.0
1.0
1.0
0.2727272727272727
0.3181818181818182
0.36363636363636365
0.391304347826087
0.4166666666666667
0.44
0.46153846153846156
0.48148148148148145
0.5
0.5172413793103449
0.5333333333333333
0.5483870967741935
0.5625
0.5757575757575758
0.5882352941176471
0.6
0.6111111111111112
0.6216216216216216
0.6486486486486487
0.6756756756756757
0.7027027027027027
1.0
1.0
1.0
1.0
1.0
0.2727272727272727
0.3181818181818182
0.36363636363636365
0.391304347826087
0.4166666666666667
0.44
0.46153846153846156
0.48148148148148145
0.5
0.5172413793103449
0.5333333333333333
0.5483870967741935
0.5625
0.5757575757575758
0.5882352941176471
0.6
0.6111111111111112
0.6216216216216216
0.6486486486486487
0.6756756756756757
0.7027027027027027
1.0
1.0
1.0
1.0
1.0
0.2727272727272727
0.3181818181818182
0.36363636363636365
0.391304347826087
0.4166666666666667
0.44
0.46153846153846156
0.48148148148148145
0.5
0.5172413793103449
0.5333333333333333
0.5483870967741935
0.5625
0.5757575757575758
0.5882352941176471
0.6
0.6111111111111112
0.6216216216216216
0.6486486486486487
0.6756756756756757
0.7027027027027027
1.0
1.0
1.0
1.0
1.0
0.2727272727272727
0.3181818181818182
0.36363636363636365
0.391304347826087
0.4166666666666667
0.44
0.46153846153846156
0.48148148148148145
0.5
0.5172413793103449
0.5333333333333333
0.5483870967741935
0.5625
0.5757575757575758
0.5882352941176471
0.6
0.6111111111111112
0.6216216216216216
0.6486486486486487
0.6756756756756757
0.7027027027027027
