1.0
1.0
1.0
1.0
1.0
1.0
1.0
1.0
1.0
1.0
1.0
1.0
1.0
1.0
1.0
1.0
1.0
1.0
1.0
1.0
1.0
1.0
1.0
1.0
1.0
1.0
1.0
1.0
1.0
1.0
0.8378378378378378
0.8421052631578947
0.8461538461538461
0.85
0.8536585365853658
0.8571428571428571
0.8604651162790697
0.8636363636363636
1.0
1.0
1.0
1.0
1.0
1.0
1.0
1.0
1.0
1.0
1.0
1.0
1.0
1.0
1.0
1.0
1.0
1.0
1.0
1.0
1.0
1.0
1.0
1.0
1.0
1.0
1.0
1.0
1.0
1.0
0.8378378378378378
0.8421052631578947
0.8461538461538461
0.85
0.8536585365853658
0.8571428571428571
0.8604651162790697
0.8636363636363636
1.0
1.0
1.0
1.0
1.0
1.0
1.0
1.0
1.0
1.0
1.0
1.0
1.0
1.0
1.0
1.0
1.0
1.0
1.0
1.0
1.0
1.0
1.0
1.0
1.0
1.0
1.0
1.0
1.0
1.0
1.0
1.0
1.0
1.0
1.0
1.0
1.0
1.0
1.0
1.0
1.0
1.0
1.0
1.0
1.0
1.0
1.0
1.0
1.0
1.0
1.0
1.0
1.0
1.0
1.0
1.0
1.0
1.0
1.0
0.8378378378378378
0.8421052631578947
0.8461538461538461
0.85
0.8536585365853658
0.8571428571428571
0.8604651162790697
0.8636363636363636
0.8666666666666667
0.8163265306122449
0.8367346938775511
0.8571428571428571
0.8775510204081632
0.88
0.8823529411764706
0.8846153846153846
0.8867924528301887
0.8888888888888888
0.8909090909090909
0.8928571428571429
0.8947368421052632
0.896551724137931
0.8983050847457628
0.9
0.9016393442622951
0.9032258064516129
0.9047619047619048
0.90625
0.9076923076923077
0.9090909090909091
0.9104477611940298
0.9117647058823529
0.9130434782608695
0.9142857142857143
0.9154929577464789
0.9166666666666666
0.9178082191780822
0.918918918918919
0.92
0.9210526315789473
0.922077922077922
0.9230769230769231
0.9240506329113924
0.925
0.9259259259259259
0.926829268292683
0.927710843373494
0.9285714285714286
0.9294117647058824
0.9302325581395349
0.9310344827586207
0.9318181818181818
0.9325842696629213
0.9333333333333333
0.9340659340659341
0.9347826086956522
0.9354838709677419
0.9361702127659575
0.9368421052631579
0.9375
0.9381443298969072
0.9387755102040817
0.9393939393939394
0.94
0.9405940594059405
0.9411764705882353
0.941747572815534
0.9423076923076923
0.9428571428571428
0.9433962264150944
0.9439252336448598
0.9444444444444444
0.944954128440367
0.9454545454545454
0.9459459459459459
0.9464285714285714
0.9469026548672567
0.9473684210526315
0.9478260869565217
0.9482758620689655
0.9487179487179487
0.9491525423728814
0.9495798319327731
0.95
0.9504132231404959
0.9508196721311475
0.9512195121951219
0.9516129032258065
0.952
0.9523809523809523
0.952755905511811
0.953125
0.9534883720930233
0.9538461538461539
0.9541984732824428
0.9545454545454546
0.9548872180451128
0.9552238805970149
0.9555555555555556
0.9558823529411765
0.9562043795620438
0.9565217391304348
0.9568345323741008
0.9571428571428572
0.9507042253521126
0.9577464788732394
1.0
1.0
1.0
1.0
1.0
1.0
1.0
1.0
1.0
1.0
1.0
1.0
1.0
1.0
1.0
1.0
1.0
1.0
1.0
1.0
1.0
1.0
1.0
1.0
1.0
1.0
1.0
1.0
1.0
1.0
0.96875
1.0
0.825
0.85
0.875
0.9
0.925
0.95
0.975
1.0
1.0
0.9333333333333333
0.9555555555555556
0.9777777777777777
1.0
1.0
1.0
1.0
1.0
1.0
1.0
1.0
1.0
1.0
1.0
1.0
1.0
1.0
1.0
1.0
1.0
1.0
1.0
1.0
1.0
1.0
1.0
1.0
1.0
1.0
1.0
1.0
1.0
1.0
1.0
1.0
1.0
1.0
1.0
1.0
1.0
1.0
0.8157894736842105
0.8421052631578947
0.868421052631579
0.8947368421052632
0.9210526315789473
0.9473684210526315
0.9736842105263158
1.0
1.0
0.975609756097561
1.0
0.875
0.8775510204081632
0.88
0.8823529411764706
0.8846153846153846
0.8867924528301887
0.8888888888888888
0.8909090909090909
0.847457627118644
0.864406779661017
0.8813559322033898
0.8983050847457628
0.9
0.9016393442622951
0.9032258064516129
0.9047619047619048
0.90625
0.9076923076923077
0.9090909090909091
0.9104477611940298
0.9117647058823529
0.9130434782608695
0.9142857142857143
0.9154929577464789
0.9166666666666666
0.9178082191780822
0.918918918918919
0.92
0.9210526315789473
0.922077922077922
0.9230769230769231
0.9240506329113924
0.925
0.9259259259259259
0.926829268292683
0.927710843373494
0.9285714285714286
0.9294117647058824
0.9302325581395349
0.9310344827586207
0.9318181818181818
0.9325842696629213
0.9333333333333333
0.9340659340659341
0.9347826086956522
0.9354838709677419
0.9361702127659575
0.9368421052631579
0.9375
0.9381443298969072
0.9387755102040817
0.9393939393939394
0.94
0.9405940594059405
0.9411764705882353
0.941747572815534
0.9423076923076923
0.9428571428571428
0.9433962264150944
0.9439252336448598
0.9444444444444444
0.944954128440367
0.9454545454545454
0.9459459459459459
0.9464285714285714
0.9469026548672567
0.9473684210526315
0.9478260869565217
0.9482758620689655
0.9487179487179487
0.9491525423728814
0.9495798319327731
0.95
0.9504132231404959
0.9508196721311475
0.9512195121951219
0.9516129032258065
0.952
0.9523809523809523
0.952755905511811
0.953125
0.9534883720930233
0.9538461538461539
0.9541984732824428
0.9545454545454546
0.9548872180451128
0.9552238805970149
0.9555555555555556
0.9558823529411765
0.9562043795620438
0.9565217391304348
0.9568345323741008
0.9571428571428572
0.9574468085106383
0.9577464788732394
1.0
1.0
1.0
1.0
1.0
1.0
1.0
1.0
1.0
1.0
1.0
1.0
1.0
1.0
1.0
1.0
1.0
1.0
1.0
1.0
1.0
1.0
1.0
1.0
1.0
1.0
1.0
1.0
1.0
1.0
0.8378378378378378
0.8421052631578947
0.8461538461538461
0.85
0.8536585365853658
0.8571428571428571
0.8604651162790697
0.8636363636363636
0.75
0.7692307692307693
0.7884615384615384
0.8076923076923077
0.8269230769230769
0.8461538461538461
0.8653846153846154
0.8846153846153846
0.8392857142857143
0.8571428571428571
0.875
0.8928571428571429
0.8947368421052632
0.896551724137931
0.8983050847457628
0.9
0.9016393442622951
0.9032258064516129
0.9047619047619048
0.90625
0.9076923076923077
0.9090909090909091
0.9104477611940298
0.9117647058823529
0.9130434782608695
0.9142857142857143
0.9154929577464789
0.9166666666666666
0.9178082191780822
0.918918918918919
0.92
0.9210526315789473
0.922077922077922
0.9230769230769231
0.9240506329113924
0.925
0.9259259259259259
0.926829268292683
0.927710843373494
0.9285714285714286
0.9294117647058824
0.9302325581395349
0.9310344827586207
0.9318181818181818
0.9325842696629213
0.9333333333333333
0.9340659340659341
0.9347826086956522
0.9354838709677419
0.9361702127659575
0.9368421052631579
0.9375
0.9381443298969072
0.9387755102040817
0.9393939393939394
0.94
0.9405940594059405
0.9411764705882353
0.941747572815534
0.9423076923076923
0.9428571428571428
0.9433962264150944
0.9439252336448598
0.9444444444444444
0.944954128440367
0.9454545454545454
0.9459459459459459
0.9464285714285714
0.9469026548672567
0.9473684210526315
0.9478260869565217
0.9482758620689655
0.9487179487179487
0.9491525423728814
0.9495798319327731
0.95
0.9504132231404959
0.9508196721311475
0.9512195121951219
0.9516129032258065
0.952
0.9523809523809523
0.952755905511811
0.953125
0.9534883720930233
0.9538461538461539
0.9541984732824428
0.9545454545454546
0.9548872180451128
0.9552238805970149
0.9555555555555556
0.9558823529411765
0.9562043795620438
0.9565217391304348
0.9568345323741008
0.950354609929078
0.9574468085106383
0.9577464788732394
