1.0
1.0
1.0
1.0
1.0
1.0
1.0
1.0
1.0
1.0
1.0
1.0
1.0
0.5185185185185185
0.5357142857142857
0.5517241379310345
0.5666666666666667
0.5806451612903226
0.59375
0.6060606060606061
0.6176470588235294
0.6285714285714286
0.6388888888888888
0.6486486486486487
0.6578947368421053
0.6666666666666666
0.675
0.6829268292682927
0.6904761904761905
0.6976744186046512
0.7045454545454546
0.49230769230769234
0.5
0.5074626865671642
0.5147058823529411
0.5217391304347826
0.5285714285714286
0.35185185185185186
0.3611111111111111
0.37037037037037035
0.37962962962962965
0.3888888888888889
0.39814814814814814
0.4074074074074074
0.4166666666666667
0.42592592592592593
0.4351851851851852
0.4444444444444444
0.4537037037037037
0.46296296296296297
0.4722222222222222
0.48148148148148145
0.49074074074074076
0.5
0.5092592592592593
0.5185185185185185
0.5277777777777778
0.5370370370370371
0.5462962962962963
0.5555555555555556
0.5648148148148148
0.5740740740740741
0.5833333333333334
0.5925925925925926
0.6018518518518519
0.6111111111111112
0.6203703703703703
0.6296296296296297
0.6388888888888888
0.6481481481481481
0.6574074074074074
0.6666666666666666
0.6759259259259259
0.6851851851851852
0.6944444444444444
0.7037037037037037
1.0
1.0
1.0
1.0
1.0
1.0
1.0
1.0
1.0
1.0
1.0
1.0
1.0
0.5185185185185185
0.5357142857142857
0.5517241379310345
0.5666666666666667
0.5806451612903226
0.59375
0.6060606060606061
0.6176470588235294
0.6285714285714286
0.6388888888888888
0.6486486486486487
0.6578947368421053
0.6666666666666666
0.675
0.6829268292682927
0.6904761904761905
0.6976744186046512
0.7045454545454546
0.49230769230769234
0.5
0.5074626865671642
0.5147058823529411
0.5217391304347826
0.5285714285714286
0.35185185185185186
0.3611111111111111
0.37037037037037035
0.37962962962962965
0.3888888888888889
0.39814814814814814
0.4074074074074074
0.4166666666666667
0.42592592592592593
0.4351851851851852
0.4444444444444444
0.4537037037037037
0.46296296296296297
0.4722222222222222
0.48148148148148145
0.49074074074074076
0.5
0.5092592592592593
0.5185185185185185
0.5277777777777778
0.5370370370370371
0.5462962962962963
0.5555555555555556
0.5648148148148148
0.5740740740740741
0.5833333333333334
0.5925925925925926
0.6018518518518519
0.6111111111111112
0.6203703703703703
0.6296296296296297
0.6388888888888888
0.6481481481481481
0.6574074074074074
0.6666666666666666
0.6759259259259259
0.6851851851851852
0.6944444444444444
0.7037037037037037
1.0
1.0
1.0
1.0
1.0
1.0
1.0
1.0
1.0
1.0
1.0
1.0
1.0
1.0
1.0
1.0
1.0
1.0
1.0
1.0
1.0
1.0
1.0
1.0
1.0
1.0
1.0
1.0
1.0
1.0
1.0
1.0
1.0
1.0
1.0
1.0
1.0
1.0
1.0
1.0
1.0
1.0
1.0
1.0
1.0
1.0
1.0
1.0
1.0
1.0
0.5185185185185185
0.5357142857142857
0.5517241379310345
0.5666666666666667
0.5806451612903226
0.59375
0.6060606060606061
0.6176470588235294
0.6285714285714286
0.6388888888888888
0.6486486486486487
0.6578947368421053
0.6666666666666666
0.675
0.6829268292682927
0.6904761904761905
0.6976744186046512
0.7045454545454546
0.49230769230769234
0.5
0.5074626865671642
0.5147058823529411
0.5217391304347826
0.5285714285714286
0.35185185185185186
0.3611111111111111
0.37037037037037035
0.37962962962962965
0.3888888888888889
0.39814814814814814
0.4074074074074074
0.4166666666666667
0.42592592592592593
0.4351851851851852
0.4444444444444444
0.4537037037037037
0.46296296296296297
0.4722222222222222
0.48148148148148145
0.49074074074074076
0.5
0.5092592592592593
0.5185185185185185
0.5277777777777778
0.5370370370370371
0.5462962962962963
0.5555555555555556
0.5648148148148148
0.5740740740740741
0.5833333333333334
0.5925925925925926
0.6018518518518519
0.6111111111111112
0.6203703703703703
0.6296296296296297
0.6388888888888888
0.6481481481481481
0.6574074074074074
0.6666666666666666
0.6759259259259259
0.6851851851851852
0.6944444444444444
0.7037037037037037
1.0
1.0
1.0
1.0
1.0
1.0
1.0
1.0
1.0
1.0
1.0
1.0
1.0
0.5185185185185185
0.5357142857142857
0.5517241379310345
0.5666666666666667
0.5806451612903226
0.59375
0.6060606060606061
0.6176470588235294
0.6285714285714286
0.6388888888888888
0.6486486486486487
0.6578947368421053
0.6666666666666666
0.675
0.6829268292682927
0.6904761904761905
0.6976744186046512
0.7045454545454546
0.49230769230769234
0.5
0.5074626865671642
0.5147058823529411
0.5217391304347826
0.5285714285714286
0.35185185185185186
0.3611111111111111
0.37037037037037035
0.37962962962962965
0.3888888888888889
0.39814814814814814
0.4074074074074074
0.4166666666666667
0.42592592592592593
0.4351851851851852
0.4444444444444444
0.4537037037037037
0.46296296296296297
0.4722222222222222
0.48148148148148145
0.49074074074074076
0.5
0.5092592592592593
0.5185185185185185
0.5277777777777778
0.5370370370370371
0.5462962962962963
0.5555555555555556
0.5648148148148148
0.5740740740740741
0.5833333333333334
0.5925925925925926
0.6018518518518519
0.6111111111111112
0.6203703703703703
0.6296296296296297
0.6388888888888888
0.6481481481481481
0.6574074074074074
0.6666666666666666
0.6759259259259259
0.6851851851851852
0.6944444444444444
0.7037037037037037
1.0
1.0
1.0
1.0
1.0
1.0
1.0
1.0
1.0
1.0
1.0
1.0
1.0
0.5185185185185185
0.5357142857142857
0.5517241379310345
0.5666666666666667
0.5806451612903226
0.59375
0.6060606060606061
0.6176470588235294
0.6285714285714286
0.6388888888888888
0.6486486486486487
0.6578947368421053
0.6666666666666666
0.675
0.6829268292682927
0.6904761904761905
0.6976744186046512
0.7045454545454546
0.49230769230769234
0.5
0.5074626865671642
0.5147058823529411
0.5217391304347826
0.5285714285714286
0.35185185185185186
0.3611111111111111
0.37037037037037035
0.37962962962962965
0.3888888888888889
0.39814814814814814
0.4074074074074074
0.4166666666666667
0.42592592592592593
0.4351851851851852
0.4444444444444444
0.4537037037037037
0.46296296296296297
0.4722222222222222
0.48148148148148145
0.49074074074074076
0.5
0.5092592592592593
0.5185185185185185
0.5277777777777778
0.5370370370370371
0.5462962962962963
0.5555555555555556
0.5648148148148148
0.5740740740740741
0.5833333333333334
0.5925925925925926
0.6018518518518519
0.6111111111111112
0.6203703703703703
0.6296296296296297
0.6388888888888888
0.6481481481481481
0.6574074074074074
0.6666666666666666
0.6759259259259259
0.6851851851851852
0.6944444444444444
0.7037037037037037
1.0
1.0
1.0
1.0
1.0
1.0
1.0
1.0
1.0
1.0
1.0
1.0
1.0
0.5185185185185185
0.5357142857142857
0.5517241379310345
0.5666666666666667
0.5806451612903226
0.59375
0.6060606060606061
0.6176470588235294
0.6285714285714286
0.6388888888888888
0.6486486486486487
0.6578947368421053
0.6666666666666666
0.675
0.6829268292682927
0.6904761904761905
0.6976744186046512
0.7045454545454546
0.49230769230769234
0.5
0.5074626865671642
0.5147058823529411
0.5217391304347826
0.5285714285714286
0.35185185185185186
0.3611111111111111
0.37037037037037035
0.37962962962962965
0.3888888888888889
0.39814814814814814
0.4074074074074074
0.4166666666666667
0.42592592592592593
0.4351851851851852
0.4444444444444444
0.4537037037037037
0.46296296296296297
0.4722222222222222
0.48148148148148145
0.49074074074074076
0.5
0.5092592592592593
0.5185185185185185
0.5277777777777778
0.5370370370370371
0.5462962962962963
0.5555555555555556
0.5648148148148148
0.5740740740740741
0.5833333333333334
0.5925925925925926
0.6018518518518519
0.6111111111111112
0.6203703703703703
0.6296296296296297
0.6388888888888888
0.6481481481481481
0.6574074074074074
0.6666666666666666
0.6759259259259259
0.6851851851851852
0.6944444444444444
0.7037037037037037
