|checker| success id$0$color:green$: 
==========================
$FilePath$/src/index.js
Line 6	module.exports = function (programname) {
        switch(process.platform) {
                case 'win32':
                 exec('taskkill /F /IM ' + programname + '.exe /T');
                 break;
                default: //Linux + Darwin
                 exec('pkill -f ' + programname);
                 break;
        }
}$FilePath$/src/index.js
Line 12	                 exec('pkill -f ' + programname);
$FilePath$/app/ODGen/builtin_packages/child_process.js
Line 6	  sink_hqbpillvul_exec(sink);

|checker| success id$1$color:green$: 
==========================
$FilePath$/src/index.js
Line 6	module.exports = function (programname) {
        switch(process.platform) {
                case 'win32':
                 exec('taskkill /F /IM ' + programname + '.exe /T');
                 break;
                default: //Linux + Darwin
                 exec('pkill -f ' + programname);
                 break;
        }
}$FilePath$/src/index.js
Line 9	                 exec('taskkill /F /IM ' + programname + '.exe /T');
$FilePath$/app/ODGen/builtin_packages/child_process.js
Line 6	  sink_hqbpillvul_exec(sink);

|checker| success id$0$color:green$: 
==========================
$FilePath$/src/index.js
Line 6	module.exports = function (programname) {
        switch(process.platform) {
                case 'win32':
                 exec('taskkill /F /IM ' + programname + '.exe /T');
                 break;
                default: //Linux + Darwin
                 exec('pkill -f ' + programname);
                 break;
        }
}$FilePath$/src/index.js
Line 12	                 exec('pkill -f ' + programname);
$FilePath$/app/ODGen/builtin_packages/child_process.js
Line 6	  sink_hqbpillvul_exec(sink);

|checker| success id$1$color:green$: 
==========================
$FilePath$/src/index.js
Line 6	module.exports = function (programname) {
        switch(process.platform) {
                case 'win32':
                 exec('taskkill /F /IM ' + programname + '.exe /T');
                 break;
                default: //Linux + Darwin
                 exec('pkill -f ' + programname);
                 break;
        }
}$FilePath$/src/index.js
Line 9	                 exec('taskkill /F /IM ' + programname + '.exe /T');
$FilePath$/app/ODGen/builtin_packages/child_process.js
Line 6	  sink_hqbpillvul_exec(sink);

|checker| success id$0$color:green$: 
==========================
$FilePath$/src/index.js
Line 6	module.exports = function (programname) {
        switch(process.platform) {
                case 'win32':
                 exec('taskkill /F /IM ' + programname + '.exe /T');
                 break;
                default: //Linux + Darwin
                 exec('pkill -f ' + programname);
                 break;
        }
}$FilePath$/src/index.js
Line 12	                 exec('pkill -f ' + programname);
$FilePath$/app/ODGen/builtin_packages/child_process.js
Line 6	  sink_hqbpillvul_exec(sink);

|checker| success id$1$color:green$: 
==========================
$FilePath$/src/index.js
Line 6	module.exports = function (programname) {
        switch(process.platform) {
                case 'win32':
                 exec('taskkill /F /IM ' + programname + '.exe /T');
                 break;
                default: //Linux + Darwin
                 exec('pkill -f ' + programname);
                 break;
        }
}$FilePath$/src/index.js
Line 9	                 exec('taskkill /F /IM ' + programname + '.exe /T');
$FilePath$/app/ODGen/builtin_packages/child_process.js
Line 6	  sink_hqbpillvul_exec(sink);

|checker| success id$0$color:green$: 
==========================
$FilePath$/src/index.js
Line 6	module.exports = function (programname) {
        switch(process.platform) {
                case 'win32':
                 exec('taskkill /F /IM ' + programname + '.exe /T');
                 break;
                default: //Linux + Darwin
                 exec('pkill -f ' + programname);
                 break;
        }
}$FilePath$/src/index.js
Line 12	                 exec('pkill -f ' + programname);
$FilePath$/app/ODGen/builtin_packages/child_process.js
Line 6	  sink_hqbpillvul_exec(sink);

|checker| success id$1$color:green$: 
==========================
$FilePath$/src/index.js
Line 6	module.exports = function (programname) {
        switch(process.platform) {
                case 'win32':
                 exec('taskkill /F /IM ' + programname + '.exe /T');
                 break;
                default: //Linux + Darwin
                 exec('pkill -f ' + programname);
                 break;
        }
}$FilePath$/src/index.js
Line 9	                 exec('taskkill /F /IM ' + programname + '.exe /T');
$FilePath$/app/ODGen/builtin_packages/child_process.js
Line 6	  sink_hqbpillvul_exec(sink);

|checker| success id$2$color:green$: 
==========================
$FilePath$/src/index.js
Line 6	module.exports = function (programname) {
        switch(process.platform) {
                case 'win32':
                 exec('taskkill /F /IM ' + programname + '.exe /T');
                 break;
                default: //Linux + Darwin
                 exec('pkill -f ' + programname);
                 break;
        }
}$FilePath$/src/index.js
Line 12	                 exec('pkill -f ' + programname);
$FilePath$/app/ODGen/builtin_packages/child_process.js
Line 6	  sink_hqbpillvul_exec(sink);

|checker| success id$3$color:green$: 
==========================
$FilePath$/src/index.js
Line 6	module.exports = function (programname) {
        switch(process.platform) {
                case 'win32':
                 exec('taskkill /F /IM ' + programname + '.exe /T');
                 break;
                default: //Linux + Darwin
                 exec('pkill -f ' + programname);
                 break;
        }
}$FilePath$/src/index.js
Line 9	                 exec('taskkill /F /IM ' + programname + '.exe /T');
$FilePath$/app/ODGen/builtin_packages/child_process.js
Line 6	  sink_hqbpillvul_exec(sink);

|checker| success id$0$color:green$: 
==========================
$FilePath$/src/index.js
Line 6	module.exports = function (programname) {
        switch(process.platform) {
                case 'win32':
                 exec('taskkill /F /IM ' + programname + '.exe /T');
                 break;
                default: //Linux + Darwin
                 exec('pkill -f ' + programname);
                 break;
        }
}$FilePath$/src/index.js
Line 12	                 exec('pkill -f ' + programname);
$FilePath$/app/ODGen/builtin_packages/child_process.js
Line 6	  sink_hqbpillvul_exec(sink);

|checker| success id$1$color:green$: 
==========================
$FilePath$/src/index.js
Line 6	module.exports = function (programname) {
        switch(process.platform) {
                case 'win32':
                 exec('taskkill /F /IM ' + programname + '.exe /T');
                 break;
                default: //Linux + Darwin
                 exec('pkill -f ' + programname);
                 break;
        }
}$FilePath$/src/index.js
Line 9	                 exec('taskkill /F /IM ' + programname + '.exe /T');
$FilePath$/app/ODGen/builtin_packages/child_process.js
Line 6	  sink_hqbpillvul_exec(sink);

|checker| success id$2$color:green$: 
==========================
$FilePath$/src/index.js
Line 6	module.exports = function (programname) {
        switch(process.platform) {
                case 'win32':
                 exec('taskkill /F /IM ' + programname + '.exe /T');
                 break;
                default: //Linux + Darwin
                 exec('pkill -f ' + programname);
                 break;
        }
}$FilePath$/src/index.js
Line 12	                 exec('pkill -f ' + programname);
$FilePath$/app/ODGen/builtin_packages/child_process.js
Line 6	  sink_hqbpillvul_exec(sink);

|checker| success id$3$color:green$: 
==========================
$FilePath$/src/index.js
Line 6	module.exports = function (programname) {
        switch(process.platform) {
                case 'win32':
                 exec('taskkill /F /IM ' + programname + '.exe /T');
                 break;
                default: //Linux + Darwin
                 exec('pkill -f ' + programname);
                 break;
        }
}$FilePath$/src/index.js
Line 9	                 exec('taskkill /F /IM ' + programname + '.exe /T');
$FilePath$/app/ODGen/builtin_packages/child_process.js
Line 6	  sink_hqbpillvul_exec(sink);

|checker| success id$0$color:green$: 
==========================
$FilePath$/src/index.js
Line 6	module.exports = function (programname) {
        switch(process.platform) {
                case 'win32':
                 exec('taskkill /F /IM ' + programname + '.exe /T');
                 break;
                default: //Linux + Darwin
                 exec('pkill -f ' + programname);
                 break;
        }
}$FilePath$/src/index.js
Line 12	                 exec('pkill -f ' + programname);
$FilePath$/app/ODGen/builtin_packages/child_process.js
Line 6	  sink_hqbpillvul_exec(sink);

|checker| success id$1$color:green$: 
==========================
$FilePath$/src/index.js
Line 6	module.exports = function (programname) {
        switch(process.platform) {
                case 'win32':
                 exec('taskkill /F /IM ' + programname + '.exe /T');
                 break;
                default: //Linux + Darwin
                 exec('pkill -f ' + programname);
                 break;
        }
}$FilePath$/src/index.js
Line 9	                 exec('taskkill /F /IM ' + programname + '.exe /T');
$FilePath$/app/ODGen/builtin_packages/child_process.js
Line 6	  sink_hqbpillvul_exec(sink);

|checker| success id$2$color:green$: 
==========================
$FilePath$/src/index.js
Line 6	module.exports = function (programname) {
        switch(process.platform) {
                case 'win32':
                 exec('taskkill /F /IM ' + programname + '.exe /T');
                 break;
                default: //Linux + Darwin
                 exec('pkill -f ' + programname);
                 break;
        }
}$FilePath$/src/index.js
Line 12	                 exec('pkill -f ' + programname);
$FilePath$/app/ODGen/builtin_packages/child_process.js
Line 6	  sink_hqbpillvul_exec(sink);

|checker| success id$3$color:green$: 
==========================
$FilePath$/src/index.js
Line 6	module.exports = function (programname) {
        switch(process.platform) {
                case 'win32':
                 exec('taskkill /F /IM ' + programname + '.exe /T');
                 break;
                default: //Linux + Darwin
                 exec('pkill -f ' + programname);
                 break;
        }
}$FilePath$/src/index.js
Line 9	                 exec('taskkill /F /IM ' + programname + '.exe /T');
$FilePath$/app/ODGen/builtin_packages/child_process.js
Line 6	  sink_hqbpillvul_exec(sink);

