1.0
1.0
1.0
1.0
1.0
1.0
1.0
1.0
1.0
1.0
1.0
1.0
1.0
1.0
1.0
1.0
1.0
1.0
1.0
1.0
1.0
1.0
1.0
1.0
1.0
1.0
1.0
0.32075471698113206
0.3333333333333333
0.34545454545454546
0.35714285714285715
0.3684210526315789
0.3793103448275862
0.3898305084745763
0.4
0.4098360655737705
0.41935483870967744
0.42857142857142855
0.4375
0.4461538461538462
0.45454545454545453
0.4626865671641791
0.47058823529411764
0.4782608695652174
0.4857142857142857
0.49295774647887325
0.5
0.5068493150684932
0.5135135135135135
0.52
0.5263157894736842
0.3504273504273504
0.3559322033898305
0.36134453781512604
0.36666666666666664
0.20361990950226244
0.2072072072072072
0.21076233183856502
0.21428571428571427
0.21777777777777776
0.22123893805309736
0.21074380165289255
0.2139917695473251
0.2145748987854251
0.21862348178137653
0.22267206477732793
0.22672064777327935
0.23076923076923078
0.23481781376518218
0.2388663967611336
0.242914979757085
0.24696356275303644
0.25101214574898784
0.2550607287449393
0.2591093117408907
0.2631578947368421
0.26720647773279355
0.27125506072874495
0.27530364372469635
0.2793522267206478
0.2834008097165992
0.2874493927125506
0.291497975708502
0.29554655870445345
0.29959514170040485
0.30364372469635625
0.3076923076923077
0.3117408906882591
0.3157894736842105
0.31983805668016196
0.32388663967611336
0.32793522267206476
0.3319838056680162
0.3360323886639676
0.340080971659919
0.3441295546558704
0.3481781376518219
0.3522267206477733
0.3562753036437247
0.3603238866396761
0.3643724696356275
0.3684210526315789
0.3724696356275304
0.3765182186234818
0.3805668016194332
0.38461538461538464
0.38866396761133604
0.39271255060728744
0.3967611336032389
0.4008097165991903
0.4048582995951417
0.4089068825910931
0.41295546558704455
0.41700404858299595
0.42105263157894735
0.4251012145748988
0.4291497975708502
0.4331983805668016
0.43724696356275305
0.44129554655870445
0.44534412955465585
0.4493927125506073
0.4534412955465587
0.4574898785425101
0.46153846153846156
1.0
1.0
1.0
1.0
1.0
1.0
1.0
1.0
1.0
1.0
1.0
1.0
1.0
1.0
1.0
1.0
1.0
1.0
1.0
1.0
1.0
1.0
1.0
1.0
1.0
1.0
1.0
0.32075471698113206
0.3333333333333333
0.34545454545454546
0.35714285714285715
0.3684210526315789
0.3793103448275862
0.3898305084745763
0.4
0.4098360655737705
0.41935483870967744
0.42857142857142855
0.4375
0.4461538461538462
0.45454545454545453
0.4626865671641791
0.47058823529411764
0.4782608695652174
0.4857142857142857
0.49295774647887325
0.5
0.5068493150684932
0.5135135135135135
0.52
0.5263157894736842
0.3504273504273504
0.3559322033898305
0.36134453781512604
0.36666666666666664
0.20361990950226244
0.2072072072072072
0.21076233183856502
0.21428571428571427
0.21777777777777776
0.22123893805309736
0.21074380165289255
0.2139917695473251
0.2145748987854251
0.21862348178137653
0.22267206477732793
0.22672064777327935
0.23076923076923078
0.23481781376518218
0.2388663967611336
0.242914979757085
0.24696356275303644
0.25101214574898784
0.2550607287449393
0.2591093117408907
0.2631578947368421
0.26720647773279355
0.27125506072874495
0.27530364372469635
0.2793522267206478
0.2834008097165992
0.2874493927125506
0.291497975708502
0.29554655870445345
0.29959514170040485
0.30364372469635625
0.3076923076923077
0.3117408906882591
0.3157894736842105
0.31983805668016196
0.32388663967611336
0.32793522267206476
0.3319838056680162
0.3360323886639676
0.340080971659919
0.3441295546558704
0.3481781376518219
0.3522267206477733
0.3562753036437247
0.3603238866396761
0.3643724696356275
0.3684210526315789
0.3724696356275304
0.3765182186234818
0.3805668016194332
0.38461538461538464
0.38866396761133604
0.39271255060728744
0.3967611336032389
0.4008097165991903
0.4048582995951417
0.4089068825910931
0.41295546558704455
0.41700404858299595
0.42105263157894735
0.4251012145748988
0.4291497975708502
0.4331983805668016
0.43724696356275305
0.44129554655870445
0.44534412955465585
0.4493927125506073
0.4534412955465587
0.4574898785425101
0.46153846153846156
0.46558704453441296
1.0
1.0
1.0
1.0
1.0
1.0
1.0
1.0
1.0
1.0
1.0
1.0
1.0
1.0
1.0
1.0
1.0
1.0
1.0
1.0
1.0
1.0
1.0
1.0
1.0
1.0
1.0
1.0
1.0
1.0
1.0
1.0
1.0
1.0
1.0
1.0
1.0
1.0
1.0
1.0
1.0
1.0
1.0
1.0
1.0
1.0
1.0
1.0
1.0
1.0
1.0
1.0
1.0
1.0
1.0
1.0
1.0
1.0
1.0
1.0
1.0
1.0
1.0
1.0
1.0
1.0
1.0
1.0
1.0
1.0
1.0
1.0
1.0
1.0
1.0
1.0
1.0
1.0
1.0
1.0
1.0
1.0
1.0
1.0
1.0
1.0
1.0
1.0
1.0
1.0
0.32075471698113206
0.3333333333333333
0.34545454545454546
0.35714285714285715
0.3684210526315789
0.3793103448275862
0.3898305084745763
0.4
0.4098360655737705
0.41935483870967744
0.42857142857142855
0.4375
0.4461538461538462
0.45454545454545453
0.4626865671641791
0.47058823529411764
0.4782608695652174
0.4857142857142857
0.49295774647887325
0.5
0.5068493150684932
0.5135135135135135
0.52
0.5263157894736842
0.3504273504273504
0.3559322033898305
0.36134453781512604
0.36666666666666664
0.20361990950226244
0.2072072072072072
0.21076233183856502
0.21428571428571427
0.21777777777777776
0.22123893805309736
0.21074380165289255
0.2139917695473251
0.2145748987854251
0.21862348178137653
0.22267206477732793
0.22672064777327935
0.23076923076923078
0.23481781376518218
0.2388663967611336
0.242914979757085
0.24696356275303644
0.25101214574898784
0.2550607287449393
0.2591093117408907
0.2631578947368421
0.26720647773279355
0.27125506072874495
0.27530364372469635
0.2793522267206478
0.2834008097165992
0.2874493927125506
0.291497975708502
0.29554655870445345
0.29959514170040485
0.30364372469635625
0.3076923076923077
0.3117408906882591
0.3157894736842105
0.31983805668016196
0.32388663967611336
0.32793522267206476
0.3319838056680162
0.3360323886639676
0.340080971659919
0.3441295546558704
0.3481781376518219
0.3522267206477733
0.3562753036437247
0.3603238866396761
0.3643724696356275
0.3684210526315789
0.3724696356275304
0.3765182186234818
0.3805668016194332
0.38461538461538464
0.38866396761133604
0.39271255060728744
0.3967611336032389
0.4008097165991903
0.4048582995951417
0.4089068825910931
0.41295546558704455
0.41700404858299595
0.42105263157894735
0.4251012145748988
0.4291497975708502
0.4331983805668016
0.43724696356275305
0.44129554655870445
0.44534412955465585
0.4493927125506073
0.4534412955465587
0.4574898785425101
0.46153846153846156
1.0
1.0
1.0
1.0
1.0
1.0
1.0
1.0
1.0
1.0
1.0
1.0
1.0
1.0
1.0
1.0
1.0
1.0
1.0
1.0
1.0
1.0
1.0
1.0
1.0
1.0
1.0
0.32075471698113206
0.3333333333333333
0.34545454545454546
0.35714285714285715
0.3684210526315789
0.3793103448275862
0.3898305084745763
0.4
0.4098360655737705
0.41935483870967744
0.42857142857142855
0.4375
0.4461538461538462
0.45454545454545453
0.4626865671641791
0.47058823529411764
0.4782608695652174
0.4857142857142857
0.49295774647887325
0.5
0.5068493150684932
0.5135135135135135
0.52
0.5263157894736842
0.3504273504273504
0.3559322033898305
0.36134453781512604
0.36666666666666664
0.20361990950226244
0.2072072072072072
0.21076233183856502
0.21428571428571427
0.21777777777777776
0.22123893805309736
0.21074380165289255
0.2139917695473251
0.2145748987854251
0.21862348178137653
0.22267206477732793
0.22672064777327935
0.23076923076923078
0.23481781376518218
0.2388663967611336
0.242914979757085
0.24696356275303644
0.25101214574898784
0.2550607287449393
0.2591093117408907
0.2631578947368421
0.26720647773279355
0.27125506072874495
0.27530364372469635
0.2793522267206478
0.2834008097165992
0.2874493927125506
0.291497975708502
0.29554655870445345
0.29959514170040485
0.30364372469635625
0.3076923076923077
0.3117408906882591
0.3157894736842105
0.31983805668016196
0.32388663967611336
0.32793522267206476
0.3319838056680162
0.3360323886639676
0.340080971659919
0.3441295546558704
0.3481781376518219
0.3522267206477733
0.3562753036437247
0.3603238866396761
0.3643724696356275
0.3684210526315789
0.3724696356275304
0.3765182186234818
0.3805668016194332
0.38461538461538464
0.38866396761133604
0.39271255060728744
0.3967611336032389
0.4008097165991903
0.4048582995951417
0.4089068825910931
0.41295546558704455
0.41700404858299595
0.42105263157894735
0.4251012145748988
0.4291497975708502
0.4331983805668016
0.43724696356275305
0.44129554655870445
0.44534412955465585
0.4493927125506073
0.4534412955465587
0.4574898785425101
0.46153846153846156
1.0
1.0
1.0
1.0
1.0
1.0
1.0
1.0
1.0
1.0
1.0
1.0
1.0
1.0
1.0
1.0
1.0
1.0
1.0
1.0
1.0
1.0
1.0
1.0
1.0
1.0
1.0
0.32075471698113206
0.3333333333333333
0.34545454545454546
0.35714285714285715
0.3684210526315789
0.3793103448275862
0.3898305084745763
0.4
0.4098360655737705
0.41935483870967744
0.42857142857142855
0.4375
0.4461538461538462
0.45454545454545453
0.4626865671641791
0.47058823529411764
0.4782608695652174
0.4857142857142857
0.49295774647887325
0.5
0.5068493150684932
0.5135135135135135
0.52
0.5263157894736842
0.3504273504273504
0.3559322033898305
0.36134453781512604
0.36666666666666664
0.20361990950226244
0.2072072072072072
0.21076233183856502
0.21428571428571427
0.21777777777777776
0.22123893805309736
0.21074380165289255
0.2139917695473251
0.2145748987854251
0.21862348178137653
0.22267206477732793
0.22672064777327935
0.23076923076923078
0.23481781376518218
0.2388663967611336
0.242914979757085
0.24696356275303644
0.25101214574898784
0.2550607287449393
0.2591093117408907
0.2631578947368421
0.26720647773279355
0.27125506072874495
0.27530364372469635
0.2793522267206478
0.2834008097165992
0.2874493927125506
0.291497975708502
0.29554655870445345
0.29959514170040485
0.30364372469635625
0.3076923076923077
0.3117408906882591
0.3157894736842105
0.31983805668016196
0.32388663967611336
0.32793522267206476
0.3319838056680162
0.3360323886639676
0.340080971659919
0.3441295546558704
0.3481781376518219
0.3522267206477733
0.3562753036437247
0.3603238866396761
0.3643724696356275
0.3684210526315789
0.3724696356275304
0.3765182186234818
0.3805668016194332
0.38461538461538464
0.38866396761133604
0.39271255060728744
0.3967611336032389
0.4008097165991903
0.4048582995951417
0.4089068825910931
0.41295546558704455
0.41700404858299595
0.42105263157894735
0.4251012145748988
0.4291497975708502
0.4331983805668016
0.43724696356275305
0.44129554655870445
0.44534412955465585
0.4493927125506073
0.4534412955465587
0.4574898785425101
0.46153846153846156
0.46558704453441296
1.0
1.0
1.0
1.0
1.0
1.0
1.0
1.0
1.0
1.0
1.0
1.0
1.0
1.0
1.0
1.0
1.0
1.0
1.0
1.0
1.0
1.0
1.0
1.0
1.0
1.0
1.0
0.32075471698113206
0.3333333333333333
0.34545454545454546
0.35714285714285715
0.3684210526315789
0.3793103448275862
0.3898305084745763
0.4
0.4098360655737705
0.41935483870967744
0.42857142857142855
0.4375
0.4461538461538462
0.45454545454545453
0.4626865671641791
0.47058823529411764
0.4782608695652174
0.4857142857142857
0.49295774647887325
0.5
0.5068493150684932
0.5135135135135135
0.52
0.5263157894736842
0.3504273504273504
0.3559322033898305
0.36134453781512604
0.36666666666666664
0.20361990950226244
0.2072072072072072
0.21076233183856502
0.21428571428571427
0.21777777777777776
0.22123893805309736
0.21074380165289255
0.2139917695473251
0.2145748987854251
0.21862348178137653
0.22267206477732793
0.22672064777327935
0.23076923076923078
0.23481781376518218
0.2388663967611336
0.242914979757085
0.24696356275303644
0.25101214574898784
0.2550607287449393
0.2591093117408907
0.2631578947368421
0.26720647773279355
0.27125506072874495
0.27530364372469635
0.2793522267206478
0.2834008097165992
0.2874493927125506
0.291497975708502
0.29554655870445345
0.29959514170040485
0.30364372469635625
0.3076923076923077
0.3117408906882591
0.3157894736842105
0.31983805668016196
0.32388663967611336
0.32793522267206476
0.3319838056680162
0.3360323886639676
0.340080971659919
0.3441295546558704
0.3481781376518219
0.3522267206477733
0.3562753036437247
0.3603238866396761
0.3643724696356275
0.3684210526315789
0.3724696356275304
0.3765182186234818
0.3805668016194332
0.38461538461538464
0.38866396761133604
0.39271255060728744
0.3967611336032389
0.4008097165991903
0.4048582995951417
0.4089068825910931
0.41295546558704455
0.41700404858299595
0.42105263157894735
0.4251012145748988
0.4291497975708502
0.4331983805668016
0.43724696356275305
0.44129554655870445
0.44534412955465585
0.4493927125506073
0.4534412955465587
0.4574898785425101
