1.0
1.0
1.0
1.0
1.0
1.0
1.0
1.0
1.0
1.0
1.0
1.0
1.0
1.0
1.0
1.0
1.0
0.72
0.76
0.8
0.84
0.88
0.92
0.96
1.0
0.896551724137931
0.9310344827586207
0.9655172413793104
0.9666666666666667
0.967741935483871
0.96875
0.9696969696969697
0.9705882352941176
0.9714285714285714
1.0
1.0
1.0
1.0
1.0
1.0
1.0
1.0
1.0
1.0
1.0
1.0
1.0
1.0
1.0
1.0
1.0
1.0
0.72
0.76
0.8
0.84
0.88
0.92
0.96
1.0
0.896551724137931
0.9310344827586207
0.9655172413793104
0.9666666666666667
0.967741935483871
0.96875
0.9696969696969697
0.9705882352941176
0.9714285714285714
1.0
1.0
1.0
1.0
1.0
1.0
1.0
1.0
1.0
1.0
1.0
1.0
1.0
1.0
1.0
1.0
1.0
1.0
1.0
1.0
1.0
1.0
1.0
1.0
1.0
1.0
1.0
1.0
1.0
1.0
1.0
1.0
1.0
1.0
1.0
0.72
0.76
0.8
0.84
0.88
0.92
0.96
1.0
0.896551724137931
0.9310344827586207
0.9655172413793104
0.9666666666666667
0.967741935483871
0.96875
0.9696969696969697
0.9705882352941176
0.9714285714285714
1.0
1.0
1.0
1.0
1.0
1.0
1.0
1.0
1.0
1.0
1.0
1.0
1.0
1.0
1.0
1.0
1.0
1.0
0.72
0.76
0.8
0.84
0.88
0.92
0.96
1.0
0.8666666666666667
0.8709677419354839
0.9032258064516129
0.9354838709677419
0.967741935483871
1.0
0.9142857142857143
0.9428571428571428
0.9714285714285714
1.0
1.0
1.0
1.0
1.0
1.0
1.0
1.0
1.0
1.0
1.0
1.0
1.0
1.0
1.0
1.0
1.0
1.0
0.72
0.76
0.8
0.84
0.88
0.92
0.96
1.0
0.8666666666666667
0.8709677419354839
0.9032258064516129
0.9354838709677419
0.967741935483871
1.0
0.9142857142857143
0.9428571428571428
0.9714285714285714
1.0
1.0
1.0
1.0
1.0
1.0
1.0
1.0
1.0
1.0
1.0
1.0
1.0
1.0
1.0
1.0
1.0
1.0
0.72
0.76
0.8
0.84
0.88
0.92
0.96
1.0
0.8666666666666667
0.8709677419354839
0.9032258064516129
0.9354838709677419
0.967741935483871
1.0
0.9142857142857143
0.9428571428571428
0.9714285714285714
1.0
