1.0
1.0
1.0
1.0
1.0
1.0
1.0
1.0
1.0
1.0
1.0
1.0
1.0
1.0
1.0
1.0
1.0
1.0
1.0
1.0
1.0
1.0
1.0
1.0
1.0
1.0
1.0
1.0
1.0
1.0
1.0
1.0
1.0
1.0
1.0
1.0
1.0
0.42696629213483145
0.43820224719101125
0.449438202247191
0.4606741573033708
0.47191011235955055
0.48314606741573035
0.4943820224719101
0.5056179775280899
0.5168539325842697
0.5280898876404494
0.5393258426966292
0.550561797752809
0.46296296296296297
0.46788990825688076
0.4727272727272727
0.4818181818181818
0.4909090909090909
0.5
0.5045045045045045
0.5089285714285714
0.49572649572649574
0.5042735042735043
0.5128205128205128
0.5213675213675214
0.5299145299145299
0.5163934426229508
0.5245901639344263
0.5327868852459017
0.5409836065573771
0.5491803278688525
0.5573770491803278
0.5655737704918032
0.5737704918032787
0.5819672131147541
0.5901639344262295
0.5983606557377049
0.6065573770491803
0.6147540983606558
0.6229508196721312
0.6311475409836066
0.639344262295082
0.6475409836065574
0.6557377049180327
0.6639344262295082
0.6721311475409836
0.680327868852459
0.6885245901639344
0.6967213114754098
0.7049180327868853
0.7131147540983607
0.7213114754098361
0.7295081967213115
0.7377049180327869
0.7459016393442623
0.7540983606557377
0.7622950819672131
0.7704918032786885
0.7786885245901639
0.7868852459016393
0.7950819672131147
0.8032786885245902
0.8048780487804879
0.8064516129032258
0.8145161290322581
0.8225806451612904
0.8306451612903226
0.8387096774193549
0.8467741935483871
0.8548387096774194
0.8629032258064516
0.8709677419354839
0.8790322580645161
1.0
1.0
1.0
1.0
1.0
1.0
1.0
1.0
1.0
1.0
1.0
1.0
1.0
1.0
1.0
1.0
1.0
1.0
1.0
1.0
1.0
1.0
1.0
1.0
1.0
1.0
1.0
1.0
1.0
1.0
1.0
1.0
1.0
1.0
1.0
1.0
1.0
0.42696629213483145
0.43820224719101125
0.449438202247191
0.4606741573033708
0.47191011235955055
0.48314606741573035
0.4943820224719101
0.5056179775280899
0.5168539325842697
0.5280898876404494
0.5393258426966292
0.550561797752809
0.46296296296296297
0.46788990825688076
0.4727272727272727
0.4818181818181818
0.4909090909090909
0.5
0.5045045045045045
0.5089285714285714
0.49572649572649574
0.5042735042735043
0.5128205128205128
0.5213675213675214
0.5299145299145299
0.5163934426229508
0.5245901639344263
0.5327868852459017
0.5409836065573771
0.5491803278688525
0.5573770491803278
0.5655737704918032
0.5737704918032787
0.5819672131147541
0.5901639344262295
0.5983606557377049
0.6065573770491803
0.6147540983606558
0.6229508196721312
0.6311475409836066
0.639344262295082
0.6475409836065574
0.6557377049180327
0.6639344262295082
0.6721311475409836
0.680327868852459
0.6885245901639344
0.6967213114754098
0.7049180327868853
0.7131147540983607
0.7213114754098361
0.7295081967213115
0.7377049180327869
0.7459016393442623
0.7540983606557377
0.7622950819672131
0.7704918032786885
0.7786885245901639
0.7868852459016393
0.7950819672131147
0.8032786885245902
0.8048780487804879
0.8064516129032258
0.8145161290322581
0.8225806451612904
0.8306451612903226
0.8387096774193549
0.8467741935483871
0.8548387096774194
0.8629032258064516
0.8709677419354839
0.8790322580645161
1.0
1.0
1.0
1.0
1.0
1.0
1.0
1.0
1.0
1.0
1.0
1.0
1.0
1.0
1.0
1.0
1.0
1.0
1.0
1.0
1.0
1.0
1.0
1.0
1.0
1.0
1.0
1.0
1.0
1.0
1.0
1.0
1.0
1.0
1.0
1.0
1.0
1.0
1.0
1.0
1.0
1.0
1.0
1.0
1.0
1.0
1.0
1.0
1.0
1.0
1.0
1.0
1.0
1.0
1.0
1.0
1.0
1.0
1.0
1.0
1.0
1.0
1.0
1.0
1.0
1.0
1.0
1.0
1.0
1.0
1.0
1.0
1.0
1.0
0.42696629213483145
0.43820224719101125
0.449438202247191
0.4606741573033708
0.47191011235955055
0.48314606741573035
0.4943820224719101
0.5056179775280899
0.5168539325842697
0.5280898876404494
0.5393258426966292
0.550561797752809
0.46296296296296297
0.46788990825688076
0.4727272727272727
0.4818181818181818
0.4909090909090909
0.5
0.5045045045045045
0.5089285714285714
0.49572649572649574
0.5042735042735043
0.5128205128205128
0.5213675213675214
0.5299145299145299
0.5163934426229508
0.5245901639344263
0.5327868852459017
0.5409836065573771
0.5491803278688525
0.5573770491803278
0.5655737704918032
0.5737704918032787
0.5819672131147541
0.5901639344262295
0.5983606557377049
0.6065573770491803
0.6147540983606558
0.6229508196721312
0.6311475409836066
0.639344262295082
0.6475409836065574
0.6557377049180327
0.6639344262295082
0.6721311475409836
0.680327868852459
0.6885245901639344
0.6967213114754098
0.7049180327868853
0.7131147540983607
0.7213114754098361
0.7295081967213115
0.7377049180327869
0.7459016393442623
0.7540983606557377
0.7622950819672131
0.7704918032786885
0.7786885245901639
0.7868852459016393
0.7950819672131147
0.8032786885245902
0.8048780487804879
0.8064516129032258
0.8145161290322581
0.8225806451612904
0.8306451612903226
0.8387096774193549
0.8467741935483871
0.8548387096774194
0.8629032258064516
0.8709677419354839
0.8790322580645161
1.0
1.0
1.0
1.0
1.0
1.0
1.0
1.0
1.0
1.0
1.0
1.0
1.0
1.0
1.0
1.0
1.0
1.0
1.0
1.0
1.0
1.0
1.0
1.0
1.0
1.0
1.0
1.0
1.0
1.0
1.0
1.0
1.0
1.0
1.0
1.0
1.0
0.42696629213483145
0.43820224719101125
0.449438202247191
0.4606741573033708
0.47191011235955055
0.48314606741573035
0.4943820224719101
0.5056179775280899
0.5168539325842697
0.5280898876404494
0.5393258426966292
0.550561797752809
0.46296296296296297
0.46788990825688076
0.4727272727272727
0.4818181818181818
0.4909090909090909
0.5
0.5045045045045045
0.5089285714285714
0.49572649572649574
0.5042735042735043
0.5128205128205128
0.5213675213675214
0.5299145299145299
0.5163934426229508
0.5245901639344263
0.5327868852459017
0.5409836065573771
0.5491803278688525
0.5573770491803278
0.5655737704918032
0.5737704918032787
0.5819672131147541
0.5901639344262295
0.5983606557377049
0.6065573770491803
0.6147540983606558
0.6229508196721312
0.6311475409836066
0.639344262295082
0.6475409836065574
0.6557377049180327
1.0
1.0
1.0
1.0
1.0
1.0
1.0
1.0
1.0
1.0
1.0
1.0
1.0
1.0
1.0
1.0
1.0
1.0
1.0
1.0
1.0
1.0
1.0
1.0
1.0
1.0
1.0
1.0
1.0
1.0
1.0
1.0
1.0
1.0
1.0
1.0
1.0
0.42696629213483145
0.43820224719101125
0.449438202247191
0.4606741573033708
0.47191011235955055
0.48314606741573035
0.4943820224719101
0.5056179775280899
0.5168539325842697
0.5280898876404494
0.5393258426966292
0.550561797752809
0.5319148936170213
0.5425531914893617
0.5531914893617021
0.5638297872340425
0.574468085106383
0.48672566371681414
0.49122807017543857
0.4956521739130435
0.5043478260869565
0.5130434782608696
0.5217391304347826
0.5258620689655172
0.5299145299145299
0.5163934426229508
0.5245901639344263
0.5327868852459017
0.5409836065573771
0.5491803278688525
0.5573770491803278
0.5655737704918032
0.5737704918032787
0.5819672131147541
0.5901639344262295
0.5983606557377049
0.6065573770491803
0.6147540983606558
0.6229508196721312
0.6311475409836066
0.639344262295082
0.6475409836065574
0.6557377049180327
0.6639344262295082
0.6721311475409836
0.680327868852459
0.6885245901639344
0.6967213114754098
0.7049180327868853
0.7131147540983607
0.7213114754098361
0.7295081967213115
0.7377049180327869
0.7459016393442623
0.7540983606557377
0.7622950819672131
0.7704918032786885
0.7786885245901639
0.7868852459016393
0.7950819672131147
0.8032786885245902
0.8048780487804879
0.8064516129032258
0.8145161290322581
0.8225806451612904
0.8306451612903226
0.8387096774193549
0.8467741935483871
0.8548387096774194
0.8629032258064516
0.8709677419354839
0.8790322580645161
1.0
1.0
1.0
1.0
1.0
1.0
1.0
1.0
1.0
1.0
1.0
1.0
1.0
1.0
1.0
1.0
1.0
1.0
1.0
1.0
1.0
1.0
1.0
1.0
1.0
1.0
1.0
1.0
1.0
1.0
1.0
1.0
1.0
1.0
1.0
1.0
1.0
0.42696629213483145
0.43820224719101125
0.449438202247191
0.4606741573033708
0.47191011235955055
0.48314606741573035
0.4943820224719101
0.5056179775280899
0.5168539325842697
0.5280898876404494
0.5393258426966292
0.550561797752809
0.5319148936170213
0.5425531914893617
0.5531914893617021
0.5638297872340425
0.574468085106383
0.5555555555555556
0.5656565656565656
0.5757575757575758
0.5858585858585859
0.5959595959595959
0.5084745762711864
0.5126050420168067
0.5166666666666667
0.525
0.5333333333333333
0.5416666666666666
0.5454545454545454
0.5491803278688525
0.5573770491803278
0.5655737704918032
0.5737704918032787
0.5819672131147541
0.5901639344262295
0.5983606557377049
0.6065573770491803
0.6147540983606558
0.6229508196721312
0.6311475409836066
0.639344262295082
0.6475409836065574
0.6557377049180327
0.6639344262295082
0.6721311475409836
0.680327868852459
0.6885245901639344
0.6967213114754098
0.7049180327868853
0.7131147540983607
0.7213114754098361
0.7295081967213115
0.7377049180327869
0.7459016393442623
0.7540983606557377
0.7622950819672131
0.7704918032786885
0.7786885245901639
0.7868852459016393
0.7950819672131147
0.8032786885245902
0.8048780487804879
0.8064516129032258
0.8145161290322581
0.8225806451612904
0.8306451612903226
0.8387096774193549
0.8467741935483871
0.8548387096774194
0.8629032258064516
0.8709677419354839
0.8790322580645161
