1.0
1.0
1.0
1.0
1.0
1.0
1.0
1.0
1.0
1.0
1.0
1.0
1.0
1.0
1.0
0.6956521739130435
0.7083333333333334
0.72
0.7307692307692307
0.7407407407407407
0.75
0.21782178217821782
0.22772277227722773
0.2376237623762376
0.24509803921568626
0.2549019607843137
0.2621359223300971
0.2692307692307692
0.25217391304347825
0.25862068965517243
0.26495726495726496
0.2711864406779661
0.25190839694656486
0.2595419847328244
0.26515151515151514
0.2706766917293233
0.27611940298507465
0.2814814814814815
0.2635135135135135
0.2702702702702703
0.2751677852348993
0.28
0.27741935483870966
0.28205128205128205
0.28662420382165604
0.2822085889570552
0.2865853658536585
0.2909090909090909
0.29518072289156627
0.211864406779661
0.21610169491525424
0.22033898305084745
0.2245762711864407
0.22784810126582278
0.23109243697478993
0.23430962343096234
0.2375
0.2188679245283019
0.22264150943396227
0.22641509433962265
0.23018867924528302
0.2339622641509434
0.23773584905660378
0.24150943396226415
0.24528301886792453
0.2490566037735849
0.2528301886792453
0.25660377358490566
0.26037735849056604
0.2641509433962264
0.2679245283018868
0.27169811320754716
0.27547169811320754
0.2792452830188679
0.2830188679245283
0.28679245283018867
0.29056603773584905
0.2943396226415094
0.2981132075471698
0.3018867924528302
0.30566037735849055
0.30943396226415093
0.3132075471698113
0.3169811320754717
0.32075471698113206
0.32452830188679244
0.3283018867924528
0.3320754716981132
0.33584905660377357
0.33962264150943394
0.3433962264150943
0.3471698113207547
0.35094339622641507
0.35471698113207545
0.3584905660377358
0.3622641509433962
0.3660377358490566
0.36981132075471695
0.37358490566037733
0.37735849056603776
0.38113207547169814
0.3849056603773585
0.3886792452830189
0.39245283018867927
0.39622641509433965
0.4
0.40225563909774437
0.4044943820224719
0.40671641791044777
0.40892193308550184
0.4111111111111111
0.4132841328413284
0.41544117647058826
0.2787286063569682
0.2804878048780488
0.2822384428223844
0.271461716937355
0.2737819025522042
0.27610208816705334
0.27842227378190254
0.28074245939675174
0.28306264501160094
0.2853828306264501
0.2877030162412993
0.2900232018561485
0.2923433874709977
0.29466357308584684
0.29698375870069604
0.29930394431554525
0.30162412993039445
0.3039443155452436
0.3062645011600928
0.308584686774942
0.3109048723897912
0.31322505800464034
0.31554524361948955
0.31786542923433875
0.32018561484918795
0.3225058004640371
0.3248259860788863
0.3271461716937355
0.3294663573085847
0.33178654292343385
0.33410672853828305
0.33642691415313225
0.33874709976798145
0.34106728538283065
0.3433874709976798
0.345707656612529
0.3480278422273782
0.3503480278422274
0.35266821345707655
0.35498839907192575
0.35730858468677495
0.35962877030162416
0.3619489559164733
0.3642691415313225
0.3665893271461717
0.3689095127610209
0.37122969837587005
0.37354988399071926
0.37587006960556846
0.37819025522041766
0.3805104408352668
0.382830626450116
0.3851508120649652
0.3874709976798144
0.38979118329466356
0.39211136890951276
0.39443155452436196
0.39675174013921116
0.3990719257540603
0.4013921113689095
0.4037122969837587
0.4060324825986079
0.40835266821345706
0.41067285382830626
0.41299303944315546
0.41531322505800466
0.4176334106728538
0.419953596287703
0.4222737819025522
0.4245939675174014
0.42691415313225056
0.42923433874709976
0.43155452436194897
0.43387470997679817
0.4361948955916473
0.4385150812064965
0.4408352668213457
0.4431554524361949
0.44547563805104406
0.44779582366589327
0.45011600928074247
0.45243619489559167
0.4547563805104408
0.45707656612529
0.4593967517401392
0.4617169373549884
0.46403712296983757
0.46635730858468677
0.46867749419953597
0.4709976798143852
0.4733178654292343
0.4756380510440835
0.4779582366589327
0.4802784222737819
0.48259860788863107
0.48491879350348027
0.4872389791183295
0.4895591647331787
0.4918793503480278
0.494199535962877
0.4965197215777262
0.4988399071925754
0.5011600928074246
0.5034802784222738
0.505800464037123
0.5081206496519721
0.5104408352668214
0.5127610208816705
0.5150812064965197
0.5174013921113689
0.5197215777262181
0.5220417633410673
0.5243619489559165
0.5266821345707656
0.5290023201856149
0.531322505800464
0.5336426914153132
0.5359628770301624
0.5382830626450116
0.5406032482598608
0.54292343387471
0.5452436194895591
0.5475638051044084
0.5498839907192575
0.5522041763341067
0.5545243619489559
0.5568445475638051
0.5591647331786543
0.5614849187935035
0.5638051044083526
0.5661252900232019
0.568445475638051
0.5707656612529002
0.5730858468677494
0.5754060324825986
0.5777262180974478
0.580046403712297
0.5823665893271461
0.5846867749419954
0.5870069605568445
0.5893271461716937
0.5916473317865429
0.5939675174013921
0.5949074074074074
0.5958429561200924
0.5967741935483871
0.5977011494252874
0.5986238532110092
0.5995423340961098
0.6004566210045662
0.6013667425968109
0.6022727272727273
0.6031746031746031
0.6040723981900452
0.6049661399548533
0.6058558558558559
0.6067415730337079
0.6076233183856502
0.6085011185682326
0.609375
0.6102449888641426
0.6111111111111112
0.6119733924611973
0.6128318584070797
0.6136865342163356
0.6145374449339207
0.6153846153846154
0.6162280701754386
0.6170678336980306
0.6179039301310044
0.6187363834422658
0.6195652173913043
0.6203904555314533
0.6212121212121212
0.6220302375809935
0.6228448275862069
0.6236559139784946
0.6244635193133047
0.6252676659528907
0.6260683760683761
0.6268656716417911
0.6276595744680851
0.6284501061571125
0.6305732484076433
0.6326963906581741
0.6348195329087049
0.6369426751592356
0.6390658174097664
0.6411889596602972
0.643312101910828
0.6454352441613588
0.6461864406779662
0.6469344608879493
0.6476793248945147
0.6484210526315789
0.6505263157894737
0.6526315789473685
0.6547368421052632
0.6568421052631579
0.6589473684210526
0.6610526315789473
0.6631578947368421
0.6652631578947369
0.6673684210526316
0.6694736842105263
0.671578947368421
0.6736842105263158
0.6757894736842105
0.6778947368421052
0.68
0.6821052631578948
0.6842105263157895
0.6863157894736842
0.6884210526315789
0.6905263157894737
0.6926315789473684
0.6947368421052632
0.6968421052631579
0.6989473684210527
0.7010526315789474
0.7031578947368421
0.7052631578947368
0.7073684210526315
0.7094736842105264
0.7115789473684211
0.7136842105263158
0.7157894736842105
0.7178947368421053
0.72
0.7221052631578947
0.7242105263157895
0.7263157894736842
0.728421052631579
0.7305263157894737
0.7326315789473684
0.7347368421052631
0.7368421052631579
0.7389473684210527
0.7410526315789474
0.7431578947368421
0.7452631578947368
0.7473684210526316
0.7494736842105263
0.751578947368421
0.7536842105263157
0.7557894736842106
0.7578947368421053
0.76
0.7621052631578947
0.7642105263157895
0.7663157894736842
0.7684210526315789
0.7705263157894737
0.7726315789473684
0.7747368421052632
0.7768421052631579
0.7789473684210526
0.7794117647058824
0.7815126050420168
0.7836134453781513
0.7857142857142857
0.7878151260504201
0.7899159663865546
0.792016806722689
0.7941176470588235
0.7962184873949579
0.7983193277310925
0.8004201680672269
1.0
1.0
1.0
1.0
1.0
1.0
1.0
1.0
1.0
1.0
1.0
1.0
1.0
1.0
1.0
0.6956521739130435
0.7083333333333334
0.72
0.7307692307692307
0.7407407407407407
0.75
0.21782178217821782
0.22772277227722773
0.2376237623762376
0.24509803921568626
0.2549019607843137
0.2621359223300971
0.2692307692307692
0.25217391304347825
0.25862068965517243
0.26495726495726496
0.2711864406779661
0.25190839694656486
0.2595419847328244
0.26515151515151514
0.2706766917293233
0.27611940298507465
0.2814814814814815
0.2635135135135135
0.2702702702702703
0.2751677852348993
0.28
0.27741935483870966
0.28205128205128205
0.28662420382165604
0.2822085889570552
0.2865853658536585
0.2909090909090909
0.29518072289156627
0.211864406779661
0.21610169491525424
0.22033898305084745
0.2245762711864407
0.22784810126582278
0.23109243697478993
0.23430962343096234
0.2375
0.2188679245283019
0.22264150943396227
0.22641509433962265
0.23018867924528302
0.2339622641509434
0.23773584905660378
0.24150943396226415
0.24528301886792453
0.2490566037735849
0.2528301886792453
0.25660377358490566
0.26037735849056604
0.2641509433962264
0.2679245283018868
0.27169811320754716
0.27547169811320754
0.2792452830188679
0.2830188679245283
0.28679245283018867
0.29056603773584905
0.2943396226415094
0.2981132075471698
0.3018867924528302
0.30566037735849055
0.30943396226415093
0.3132075471698113
0.3169811320754717
0.32075471698113206
0.32452830188679244
0.3283018867924528
0.3320754716981132
0.33584905660377357
0.33962264150943394
0.3433962264150943
0.3471698113207547
0.35094339622641507
0.35471698113207545
0.3584905660377358
0.3622641509433962
0.3660377358490566
0.36981132075471695
0.37358490566037733
0.37735849056603776
0.38113207547169814
0.3849056603773585
0.3886792452830189
0.39245283018867927
0.39622641509433965
0.4
0.40225563909774437
0.4044943820224719
0.40671641791044777
0.40892193308550184
0.4111111111111111
0.4132841328413284
0.41544117647058826
0.2787286063569682
0.2804878048780488
0.2822384428223844
0.271461716937355
0.2737819025522042
0.27610208816705334
0.27842227378190254
0.28074245939675174
0.28306264501160094
0.2853828306264501
0.2877030162412993
0.2900232018561485
0.2923433874709977
0.29466357308584684
0.29698375870069604
0.29930394431554525
0.30162412993039445
0.3039443155452436
0.3062645011600928
0.308584686774942
0.3109048723897912
0.31322505800464034
0.31554524361948955
0.31786542923433875
0.32018561484918795
0.3225058004640371
0.3248259860788863
0.3271461716937355
0.3294663573085847
0.33178654292343385
0.33410672853828305
0.33642691415313225
0.33874709976798145
0.34106728538283065
0.3433874709976798
0.345707656612529
0.3480278422273782
0.3503480278422274
0.35266821345707655
0.35498839907192575
0.35730858468677495
0.35962877030162416
0.3619489559164733
0.3642691415313225
0.3665893271461717
0.3689095127610209
0.37122969837587005
0.37354988399071926
0.37587006960556846
0.37819025522041766
0.3805104408352668
0.382830626450116
0.3851508120649652
0.3874709976798144
0.38979118329466356
0.39211136890951276
0.39443155452436196
0.39675174013921116
0.3990719257540603
0.4013921113689095
0.4037122969837587
0.4060324825986079
0.40835266821345706
0.41067285382830626
0.41299303944315546
0.41531322505800466
0.4176334106728538
0.419953596287703
0.4222737819025522
0.4245939675174014
0.42691415313225056
0.42923433874709976
0.43155452436194897
0.43387470997679817
0.4361948955916473
0.4385150812064965
0.4408352668213457
0.4431554524361949
0.44547563805104406
0.44779582366589327
0.45011600928074247
0.45243619489559167
0.4547563805104408
0.45707656612529
0.4593967517401392
0.4617169373549884
0.46403712296983757
0.46635730858468677
0.46867749419953597
0.4709976798143852
0.4733178654292343
0.4756380510440835
0.4779582366589327
0.4802784222737819
0.48259860788863107
0.48491879350348027
0.4872389791183295
0.4895591647331787
0.4918793503480278
0.494199535962877
0.4965197215777262
0.4988399071925754
0.5011600928074246
0.5034802784222738
0.505800464037123
0.5081206496519721
0.5104408352668214
0.5127610208816705
0.5150812064965197
0.5174013921113689
0.5197215777262181
0.5220417633410673
0.5243619489559165
0.5266821345707656
0.5290023201856149
0.531322505800464
0.5336426914153132
0.5359628770301624
0.5382830626450116
0.5406032482598608
0.54292343387471
0.5452436194895591
0.5475638051044084
0.5498839907192575
0.5522041763341067
0.5545243619489559
0.5568445475638051
0.5591647331786543
0.5614849187935035
0.5638051044083526
0.5661252900232019
0.568445475638051
0.5707656612529002
0.5730858468677494
0.5754060324825986
0.5777262180974478
0.580046403712297
0.5823665893271461
0.5846867749419954
0.5870069605568445
0.5893271461716937
0.5916473317865429
0.5939675174013921
0.5949074074074074
0.5958429561200924
0.5967741935483871
0.5977011494252874
0.5986238532110092
0.5995423340961098
0.6004566210045662
0.6013667425968109
0.6022727272727273
0.6031746031746031
0.6040723981900452
0.6049661399548533
0.6058558558558559
0.6067415730337079
0.6076233183856502
0.6085011185682326
0.609375
0.6102449888641426
0.6111111111111112
0.6119733924611973
0.6128318584070797
0.6136865342163356
0.6145374449339207
0.6153846153846154
0.6162280701754386
0.6170678336980306
0.6179039301310044
0.6187363834422658
0.6195652173913043
0.6203904555314533
0.6212121212121212
0.6220302375809935
0.6228448275862069
0.6236559139784946
0.6244635193133047
0.6252676659528907
0.6260683760683761
0.6268656716417911
0.6276595744680851
0.6284501061571125
0.6305732484076433
0.6326963906581741
0.6348195329087049
0.6369426751592356
0.6390658174097664
0.6411889596602972
0.643312101910828
0.6454352441613588
0.6461864406779662
0.6469344608879493
0.6476793248945147
0.6484210526315789
0.6505263157894737
0.6526315789473685
0.6547368421052632
0.6568421052631579
0.6589473684210526
0.6610526315789473
0.6631578947368421
0.6652631578947369
0.6673684210526316
0.6694736842105263
0.671578947368421
0.6736842105263158
0.6757894736842105
0.6778947368421052
0.68
0.6821052631578948
0.6842105263157895
0.6863157894736842
0.6884210526315789
0.6905263157894737
0.6926315789473684
0.6947368421052632
0.6968421052631579
0.6989473684210527
0.7010526315789474
0.7031578947368421
0.7052631578947368
0.7073684210526315
0.7094736842105264
0.7115789473684211
0.7136842105263158
0.7157894736842105
0.7178947368421053
0.72
0.7221052631578947
0.7242105263157895
0.7263157894736842
0.728421052631579
0.7305263157894737
0.7326315789473684
0.7347368421052631
0.7368421052631579
0.7389473684210527
0.7410526315789474
0.7431578947368421
0.7452631578947368
0.7473684210526316
0.7494736842105263
0.751578947368421
0.7536842105263157
0.7557894736842106
0.7578947368421053
0.76
0.7621052631578947
0.7642105263157895
0.7663157894736842
0.7684210526315789
0.7705263157894737
0.7726315789473684
0.7747368421052632
0.7768421052631579
0.7789473684210526
0.7794117647058824
0.7815126050420168
0.7836134453781513
0.7857142857142857
0.7878151260504201
0.7899159663865546
0.792016806722689
0.7941176470588235
0.7962184873949579
0.7983193277310925
0.8004201680672269
1.0
1.0
1.0
1.0
1.0
1.0
1.0
1.0
1.0
1.0
1.0
1.0
1.0
1.0
1.0
0.6956521739130435
0.7083333333333334
0.72
0.7307692307692307
0.7407407407407407
0.2079207920792079
0.21782178217821782
0.22772277227722773
0.23529411764705882
0.24509803921568626
0.2524271844660194
0.25961538461538464
0.24347826086956523
0.25
0.2564102564102564
0.2627118644067797
0.24427480916030533
0.25190839694656486
0.25757575757575757
0.2631578947368421
0.26865671641791045
0.2740740740740741
0.25675675675675674
0.2635135135135135
0.2684563758389262
0.2733333333333333
0.2709677419354839
0.27564102564102566
0.2802547770700637
0.27607361963190186
0.2804878048780488
0.28484848484848485
0.2891566265060241
0.2076271186440678
0.211864406779661
0.21610169491525424
0.22033898305084745
0.22362869198312235
0.226890756302521
0.2301255230125523
0.23333333333333334
0.21509433962264152
0.2188679245283019
0.22264150943396227
0.22641509433962265
0.23018867924528302
0.2339622641509434
0.23773584905660378
0.24150943396226415
0.24528301886792453
0.2490566037735849
0.2528301886792453
0.25660377358490566
0.26037735849056604
0.2641509433962264
0.2679245283018868
0.27169811320754716
0.27547169811320754
0.2792452830188679
0.2830188679245283
0.28679245283018867
0.29056603773584905
0.2943396226415094
0.2981132075471698
0.3018867924528302
0.30566037735849055
0.30943396226415093
0.3132075471698113
0.3169811320754717
0.32075471698113206
0.32452830188679244
0.3283018867924528
0.3320754716981132
0.33584905660377357
0.33962264150943394
0.3433962264150943
0.3471698113207547
0.35094339622641507
0.35471698113207545
0.3584905660377358
0.3622641509433962
0.3660377358490566
0.36981132075471695
0.37358490566037733
0.37735849056603776
0.38113207547169814
0.3849056603773585
0.3886792452830189
0.39245283018867927
0.39622641509433965
0.39849624060150374
0.40074906367041196
0.40298507462686567
0.4052044609665427
0.4074074074074074
0.4095940959409594
0.4117647058823529
0.2762836185819071
0.2780487804878049
0.2798053527980535
0.2691415313225058
0.271461716937355
0.2737819025522042
0.27610208816705334
0.27842227378190254
0.28074245939675174
0.28306264501160094
0.2853828306264501
0.2877030162412993
0.2900232018561485
0.2923433874709977
0.29466357308584684
0.29698375870069604
0.29930394431554525
0.30162412993039445
0.3039443155452436
0.3062645011600928
0.308584686774942
0.3109048723897912
0.31322505800464034
0.31554524361948955
0.31786542923433875
0.32018561484918795
0.3225058004640371
0.3248259860788863
0.3271461716937355
0.3294663573085847
0.33178654292343385
0.33410672853828305
0.33642691415313225
0.33874709976798145
0.34106728538283065
0.3433874709976798
0.345707656612529
0.3480278422273782
0.3503480278422274
0.35266821345707655
0.35498839907192575
0.35730858468677495
0.35962877030162416
0.3619489559164733
0.3642691415313225
0.3665893271461717
0.3689095127610209
0.37122969837587005
0.37354988399071926
0.37587006960556846
0.37819025522041766
0.3805104408352668
0.382830626450116
0.3851508120649652
0.3874709976798144
0.38979118329466356
0.39211136890951276
0.39443155452436196
0.39675174013921116
0.3990719257540603
0.4013921113689095
0.4037122969837587
0.4060324825986079
0.40835266821345706
0.41067285382830626
0.41299303944315546
0.41531322505800466
0.4176334106728538
0.419953596287703
0.4222737819025522
0.4245939675174014
0.42691415313225056
0.42923433874709976
0.43155452436194897
0.43387470997679817
0.4361948955916473
0.4385150812064965
0.4408352668213457
0.4431554524361949
0.44547563805104406
0.44779582366589327
0.45011600928074247
0.45243619489559167
0.4547563805104408
0.45707656612529
0.4593967517401392
0.4617169373549884
0.46403712296983757
0.46635730858468677
0.46867749419953597
0.4709976798143852
0.4733178654292343
0.4756380510440835
0.4779582366589327
0.4802784222737819
0.48259860788863107
0.48491879350348027
0.4872389791183295
0.4895591647331787
0.4918793503480278
0.494199535962877
0.4965197215777262
0.4988399071925754
0.5011600928074246
0.5034802784222738
0.505800464037123
0.5081206496519721
0.5104408352668214
0.5127610208816705
0.5150812064965197
0.5174013921113689
0.5197215777262181
0.5220417633410673
0.5243619489559165
0.5266821345707656
0.5290023201856149
0.531322505800464
0.5336426914153132
0.5359628770301624
0.5382830626450116
0.5406032482598608
0.54292343387471
0.5452436194895591
0.5475638051044084
0.5498839907192575
0.5522041763341067
0.5545243619489559
0.5568445475638051
0.5591647331786543
0.5614849187935035
0.5638051044083526
0.5661252900232019
0.568445475638051
0.5707656612529002
0.5730858468677494
0.5754060324825986
0.5777262180974478
0.580046403712297
0.5823665893271461
0.5846867749419954
0.5870069605568445
0.5893271461716937
0.5916473317865429
0.5939675174013921
0.5962877030162413
0.5986078886310905
0.6009280742459396
0.6018518518518519
0.6027713625866051
0.6036866359447005
0.6045977011494252
0.6068965517241379
0.6091954022988506
0.6114942528735632
0.6137931034482759
0.6160919540229886
0.6183908045977011
0.6206896551724138
0.6229885057471264
0.6252873563218391
0.6261467889908257
0.6270022883295194
0.6278538812785388
0.6287015945330297
0.6295454545454545
0.6303854875283447
0.6312217194570136
0.6320541760722348
0.6328828828828829
0.6337078651685393
0.6345291479820628
0.6353467561521253
0.6361607142857143
0.6369710467706013
0.6377777777777778
0.6385809312638581
0.6393805309734514
0.6401766004415012
0.6409691629955947
0.6417582417582418
0.6425438596491229
0.6433260393873085
0.6441048034934498
0.644880174291939
0.6456521739130435
0.6464208242950108
0.6471861471861472
0.6479481641468683
0.6487068965517241
0.6494623655913978
0.6502145922746781
0.6509635974304069
0.6517094017094017
0.652452025586354
0.6531914893617021
0.6539278131634819
0.6546610169491526
0.6553911205073996
0.6561181434599156
0.6568421052631579
0.6589473684210526
0.6610526315789473
0.6631578947368421
0.6652631578947369
0.6673684210526316
0.6694736842105263
0.671578947368421
0.6736842105263158
0.6757894736842105
0.6778947368421052
0.68
0.6821052631578948
0.6842105263157895
0.6863157894736842
0.6884210526315789
0.6905263157894737
0.6926315789473684
0.6947368421052632
0.6968421052631579
0.6989473684210527
0.7010526315789474
0.7031578947368421
0.7052631578947368
0.7073684210526315
0.7094736842105264
0.7115789473684211
0.7136842105263158
0.7157894736842105
0.7178947368421053
0.72
0.7221052631578947
0.7242105263157895
0.7263157894736842
0.728421052631579
0.7305263157894737
0.7326315789473684
0.7347368421052631
0.7368421052631579
0.7389473684210527
0.7410526315789474
0.7431578947368421
0.7452631578947368
0.7473684210526316
0.7494736842105263
0.751578947368421
0.7536842105263157
0.7557894736842106
0.7578947368421053
0.7584033613445378
0.7589098532494759
0.7594142259414226
0.7599164926931107
0.7620041753653445
0.7640918580375783
0.7661795407098121
0.7682672233820459
0.7703549060542797
0.7724425887265136
0.7745302713987474
0.7766179540709812
0.778705636743215
0.7807933194154488
0.7828810020876826
0.7849686847599165
0.7870563674321504
0.7891440501043842
0.791231732776618
0.7933194154488518
0.7954070981210856
0.7974947807933194
0.7995824634655533
0.8016701461377871
0.8037578288100209
0.8041666666666667
0.80625
0.8083333333333333
0.8104166666666667
0.8125
0.8145833333333333
0.8166666666666667
0.81875
0.8208333333333333
0.8229166666666666
0.825
1.0
1.0
1.0
1.0
1.0
1.0
1.0
1.0
1.0
1.0
1.0
1.0
1.0
1.0
1.0
0.6956521739130435
0.7083333333333334
0.72
0.7307692307692307
0.7407407407407407
0.2079207920792079
0.21782178217821782
0.22772277227722773
0.23529411764705882
0.24509803921568626
0.2524271844660194
0.25961538461538464
0.24347826086956523
0.25
0.2564102564102564
0.2627118644067797
0.24427480916030533
0.25190839694656486
0.25757575757575757
0.2631578947368421
0.26865671641791045
0.2740740740740741
0.25675675675675674
0.2635135135135135
0.2684563758389262
0.2733333333333333
0.2709677419354839
0.27564102564102566
0.2802547770700637
0.27607361963190186
0.2804878048780488
0.28484848484848485
0.2891566265060241
0.2076271186440678
0.211864406779661
0.21610169491525424
0.22033898305084745
0.22362869198312235
0.226890756302521
0.2301255230125523
0.23333333333333334
0.21509433962264152
0.2188679245283019
0.22264150943396227
0.22641509433962265
0.23018867924528302
0.2339622641509434
0.23773584905660378
0.24150943396226415
0.24528301886792453
0.2490566037735849
0.2528301886792453
0.25660377358490566
0.26037735849056604
0.2641509433962264
0.2679245283018868
0.27169811320754716
0.27547169811320754
0.2792452830188679
0.2830188679245283
0.28679245283018867
0.29056603773584905
0.2943396226415094
0.2981132075471698
0.3018867924528302
0.30566037735849055
0.30943396226415093
0.3132075471698113
0.3169811320754717
0.32075471698113206
0.32452830188679244
0.3283018867924528
0.3320754716981132
0.33584905660377357
0.33962264150943394
0.3433962264150943
0.3471698113207547
0.35094339622641507
0.35471698113207545
0.3584905660377358
0.3622641509433962
0.3660377358490566
0.36981132075471695
0.37358490566037733
0.37735849056603776
0.38113207547169814
0.3849056603773585
0.3886792452830189
0.39245283018867927
0.39622641509433965
0.39849624060150374
0.40074906367041196
0.40298507462686567
0.4052044609665427
0.4074074074074074
0.4095940959409594
0.4117647058823529
0.2762836185819071
0.2780487804878049
0.2798053527980535
0.2691415313225058
0.271461716937355
0.2737819025522042
0.27610208816705334
0.27842227378190254
0.28074245939675174
0.28306264501160094
0.2853828306264501
0.2877030162412993
0.2900232018561485
0.2923433874709977
0.29466357308584684
0.29698375870069604
0.29930394431554525
0.30162412993039445
0.3039443155452436
0.3062645011600928
0.308584686774942
0.3109048723897912
0.31322505800464034
0.31554524361948955
0.31786542923433875
0.32018561484918795
0.3225058004640371
0.3248259860788863
0.3271461716937355
0.3294663573085847
0.33178654292343385
0.33410672853828305
0.33642691415313225
0.33874709976798145
0.34106728538283065
0.3433874709976798
0.345707656612529
0.3480278422273782
0.3503480278422274
0.35266821345707655
0.35498839907192575
0.35730858468677495
0.35962877030162416
0.3619489559164733
0.3642691415313225
0.3665893271461717
0.3689095127610209
0.37122969837587005
0.37354988399071926
0.37587006960556846
0.37819025522041766
0.3805104408352668
0.382830626450116
0.3851508120649652
0.3874709976798144
0.38979118329466356
0.39211136890951276
0.39443155452436196
0.39675174013921116
0.3990719257540603
0.4013921113689095
0.4037122969837587
0.4060324825986079
0.40835266821345706
0.41067285382830626
0.41299303944315546
0.41531322505800466
0.4176334106728538
0.419953596287703
0.4222737819025522
0.4245939675174014
0.42691415313225056
0.42923433874709976
0.43155452436194897
0.43387470997679817
0.4361948955916473
0.4385150812064965
0.4408352668213457
0.4431554524361949
0.44547563805104406
0.44779582366589327
0.45011600928074247
0.45243619489559167
0.4547563805104408
0.45707656612529
0.4593967517401392
0.4617169373549884
0.46403712296983757
0.46635730858468677
0.46867749419953597
0.4709976798143852
0.4733178654292343
0.4756380510440835
0.4779582366589327
0.4802784222737819
0.48259860788863107
0.48491879350348027
0.4872389791183295
0.4895591647331787
0.4918793503480278
0.494199535962877
0.4965197215777262
0.4988399071925754
0.5011600928074246
0.5034802784222738
0.505800464037123
0.5081206496519721
0.5104408352668214
0.5127610208816705
0.5150812064965197
0.5174013921113689
0.5197215777262181
0.5220417633410673
0.5243619489559165
0.5266821345707656
0.5290023201856149
0.531322505800464
0.5336426914153132
0.5359628770301624
0.5382830626450116
0.5406032482598608
0.54292343387471
0.5452436194895591
0.5475638051044084
0.5498839907192575
0.5522041763341067
0.5545243619489559
0.5568445475638051
0.5591647331786543
0.5614849187935035
0.5638051044083526
0.5661252900232019
0.568445475638051
0.5707656612529002
0.5730858468677494
0.5754060324825986
0.5777262180974478
0.580046403712297
0.5823665893271461
0.5846867749419954
0.5870069605568445
0.5893271461716937
0.5916473317865429
0.5939675174013921
0.5962877030162413
0.5986078886310905
0.6009280742459396
0.6018518518518519
0.6027713625866051
0.6036866359447005
0.6045977011494252
0.6068965517241379
0.6091954022988506
0.6114942528735632
0.6137931034482759
0.6160919540229886
0.6183908045977011
0.6206896551724138
0.6229885057471264
0.6252873563218391
0.6261467889908257
0.6270022883295194
0.6278538812785388
0.6287015945330297
0.6295454545454545
0.6303854875283447
0.6312217194570136
0.6320541760722348
0.6328828828828829
0.6337078651685393
0.6345291479820628
0.6353467561521253
0.6361607142857143
0.6369710467706013
0.6377777777777778
0.6385809312638581
0.6393805309734514
0.6401766004415012
0.6409691629955947
0.6417582417582418
0.6425438596491229
0.6433260393873085
0.6441048034934498
0.644880174291939
0.6456521739130435
0.6464208242950108
0.6471861471861472
0.6479481641468683
0.6487068965517241
0.6494623655913978
0.6502145922746781
0.6509635974304069
0.6517094017094017
0.652452025586354
0.6531914893617021
0.6539278131634819
0.6546610169491526
0.6553911205073996
0.6561181434599156
0.6568421052631579
0.6589473684210526
0.6610526315789473
0.6631578947368421
0.6652631578947369
0.6673684210526316
0.6694736842105263
0.671578947368421
0.6736842105263158
0.6757894736842105
0.6778947368421052
0.68
0.6821052631578948
0.6842105263157895
0.6863157894736842
0.6884210526315789
0.6905263157894737
0.6926315789473684
0.6947368421052632
0.6968421052631579
0.6989473684210527
0.7010526315789474
0.7031578947368421
0.7052631578947368
0.7073684210526315
0.7094736842105264
0.7115789473684211
0.7136842105263158
0.7157894736842105
0.7178947368421053
0.72
0.7221052631578947
0.7242105263157895
0.7263157894736842
0.728421052631579
0.7305263157894737
0.7326315789473684
0.7347368421052631
0.7368421052631579
0.7389473684210527
0.7410526315789474
0.7431578947368421
0.7452631578947368
0.7473684210526316
0.7494736842105263
0.751578947368421
0.7536842105263157
0.7557894736842106
0.7578947368421053
0.7584033613445378
0.7589098532494759
0.7594142259414226
0.7599164926931107
0.7620041753653445
0.7640918580375783
0.7661795407098121
0.7682672233820459
0.7703549060542797
0.7724425887265136
0.7745302713987474
0.7766179540709812
0.778705636743215
0.7807933194154488
0.7828810020876826
0.7849686847599165
0.7870563674321504
0.7891440501043842
0.791231732776618
0.7933194154488518
0.7954070981210856
0.7974947807933194
0.7995824634655533
0.8016701461377871
0.8037578288100209
0.8041666666666667
0.80625
0.8083333333333333
0.8104166666666667
0.8125
0.8145833333333333
0.8166666666666667
0.81875
0.8208333333333333
0.8229166666666666
0.825
1.0
1.0
1.0
1.0
1.0
1.0
1.0
1.0
1.0
1.0
1.0
1.0
1.0
1.0
1.0
1.0
1.0
1.0
1.0
1.0
1.0
1.0
1.0
1.0
1.0
1.0
1.0
1.0
1.0
1.0
1.0
1.0
1.0
1.0
1.0
0.6956521739130435
0.7083333333333334
0.72
0.7307692307692307
0.7407407407407407
0.75
0.21782178217821782
0.22772277227722773
0.2376237623762376
0.24509803921568626
0.2549019607843137
0.2621359223300971
0.2692307692307692
0.25217391304347825
0.25862068965517243
0.26495726495726496
0.2711864406779661
0.25190839694656486
0.2595419847328244
0.26515151515151514
0.2706766917293233
0.27611940298507465
0.2814814814814815
0.2635135135135135
0.2702702702702703
0.2751677852348993
0.28
0.27741935483870966
0.28205128205128205
0.28662420382165604
0.2822085889570552
0.2865853658536585
0.2909090909090909
0.29518072289156627
0.211864406779661
0.21610169491525424
0.22033898305084745
0.2245762711864407
0.22784810126582278
0.23109243697478993
0.23430962343096234
0.2375
0.2188679245283019
0.22264150943396227
0.22641509433962265
0.23018867924528302
0.2339622641509434
0.23773584905660378
0.24150943396226415
0.24528301886792453
0.2490566037735849
0.2528301886792453
0.25660377358490566
0.26037735849056604
0.2641509433962264
0.2679245283018868
0.27169811320754716
0.27547169811320754
0.2792452830188679
0.2830188679245283
0.28679245283018867
0.29056603773584905
0.2943396226415094
0.2981132075471698
0.3018867924528302
0.30566037735849055
0.30943396226415093
0.3132075471698113
0.3169811320754717
0.32075471698113206
0.32452830188679244
0.3283018867924528
0.3320754716981132
0.33584905660377357
0.33962264150943394
0.3433962264150943
0.3471698113207547
0.35094339622641507
0.35471698113207545
0.3584905660377358
0.3622641509433962
0.3660377358490566
0.36981132075471695
0.37358490566037733
0.37735849056603776
0.38113207547169814
0.3849056603773585
0.3886792452830189
0.39245283018867927
0.39622641509433965
0.4
0.40225563909774437
0.4044943820224719
0.40671641791044777
0.40892193308550184
0.4111111111111111
0.4132841328413284
0.41544117647058826
0.2787286063569682
0.2804878048780488
0.2822384428223844
0.271461716937355
0.2737819025522042
0.27610208816705334
0.27842227378190254
0.28074245939675174
0.28306264501160094
0.2853828306264501
0.2877030162412993
0.2900232018561485
0.2923433874709977
0.29466357308584684
0.29698375870069604
0.29930394431554525
0.30162412993039445
0.3039443155452436
0.3062645011600928
0.308584686774942
0.3109048723897912
0.31322505800464034
0.31554524361948955
0.31786542923433875
0.32018561484918795
0.3225058004640371
0.3248259860788863
0.3271461716937355
0.3294663573085847
0.33178654292343385
0.33410672853828305
0.33642691415313225
0.33874709976798145
0.34106728538283065
0.3433874709976798
0.345707656612529
0.3480278422273782
0.3503480278422274
0.35266821345707655
0.35498839907192575
0.35730858468677495
0.35962877030162416
0.3619489559164733
0.3642691415313225
0.3665893271461717
0.3689095127610209
0.37122969837587005
0.37354988399071926
0.37587006960556846
0.37819025522041766
0.3805104408352668
0.382830626450116
0.3851508120649652
0.3874709976798144
0.38979118329466356
0.39211136890951276
0.39443155452436196
0.39675174013921116
0.3990719257540603
0.4013921113689095
0.4037122969837587
0.4060324825986079
0.40835266821345706
0.41067285382830626
0.41299303944315546
0.41531322505800466
0.4176334106728538
0.419953596287703
0.4222737819025522
0.4245939675174014
0.42691415313225056
0.42923433874709976
0.43155452436194897
0.43387470997679817
0.4361948955916473
0.4385150812064965
0.4408352668213457
0.4431554524361949
0.44547563805104406
0.44779582366589327
0.45011600928074247
0.45243619489559167
0.4547563805104408
0.45707656612529
0.4593967517401392
0.4617169373549884
0.46403712296983757
0.46635730858468677
0.46867749419953597
0.4709976798143852
0.4733178654292343
0.4756380510440835
0.4779582366589327
0.4802784222737819
0.48259860788863107
0.48491879350348027
0.4872389791183295
0.4895591647331787
0.4918793503480278
0.494199535962877
0.4965197215777262
0.4988399071925754
0.5011600928074246
0.5034802784222738
0.505800464037123
0.5081206496519721
0.5104408352668214
0.5127610208816705
0.5150812064965197
0.5174013921113689
0.5197215777262181
0.5220417633410673
0.5243619489559165
0.5266821345707656
0.5290023201856149
0.531322505800464
0.5336426914153132
0.5359628770301624
0.5382830626450116
0.5406032482598608
0.54292343387471
0.5452436194895591
0.5475638051044084
0.5498839907192575
0.5522041763341067
0.5545243619489559
0.5568445475638051
0.5591647331786543
0.5614849187935035
0.5638051044083526
0.5661252900232019
0.568445475638051
0.5707656612529002
0.5730858468677494
0.5754060324825986
0.5777262180974478
0.580046403712297
0.5823665893271461
0.5846867749419954
0.5870069605568445
0.5893271461716937
0.5916473317865429
0.5939675174013921
0.5962877030162413
0.5986078886310905
0.6009280742459396
0.6032482598607889
0.6041666666666666
0.605080831408776
0.6059907834101382
0.6068965517241379
0.6091954022988506
0.6114942528735632
0.6137931034482759
0.6160919540229886
0.6183908045977011
0.6206896551724138
0.6229885057471264
0.6252873563218391
0.6275862068965518
0.6284403669724771
0.6292906178489702
0.6301369863013698
0.6309794988610479
0.6318181818181818
0.6326530612244898
0.6334841628959276
0.6343115124153499
0.6351351351351351
0.6359550561797753
0.6367713004484304
0.6375838926174496
0.6383928571428571
0.6391982182628062
0.64
0.6407982261640798
0.6415929203539823
0.6423841059602649
0.6431718061674009
0.643956043956044
0.6447368421052632
0.6455142231947484
0.6462882096069869
0.6470588235294118
0.6478260869565218
0.648590021691974
0.6493506493506493
0.6501079913606912
0.6508620689655172
0.6516129032258065
0.6523605150214592
0.6531049250535332
0.6538461538461539
0.6545842217484008
0.6553191489361702
0.6560509554140127
0.6567796610169492
0.6575052854122622
0.6582278481012658
0.6589473684210526
0.6610526315789473
0.6631578947368421
0.6652631578947369
0.6673684210526316
0.6694736842105263
0.671578947368421
0.6736842105263158
0.6757894736842105
0.6778947368421052
0.68
0.6821052631578948
0.6842105263157895
0.6863157894736842
0.6884210526315789
0.6905263157894737
0.6926315789473684
0.6947368421052632
0.6968421052631579
0.6989473684210527
0.7010526315789474
0.7031578947368421
0.7052631578947368
0.7073684210526315
0.7094736842105264
0.7115789473684211
0.7136842105263158
0.7157894736842105
0.7178947368421053
0.72
0.7221052631578947
0.7242105263157895
0.7263157894736842
0.728421052631579
0.7305263157894737
0.7326315789473684
0.7347368421052631
0.7368421052631579
0.7389473684210527
0.7410526315789474
0.7431578947368421
0.7452631578947368
0.7473684210526316
0.7494736842105263
0.751578947368421
0.7536842105263157
0.7557894736842106
0.7578947368421053
0.76
0.7605042016806722
0.7610062893081762
0.7615062761506276
0.7620041753653445
0.7640918580375783
0.7661795407098121
0.7682672233820459
0.7703549060542797
0.7724425887265136
0.7745302713987474
0.7766179540709812
0.778705636743215
0.7807933194154488
0.7828810020876826
0.7849686847599165
0.7870563674321504
0.7891440501043842
0.791231732776618
0.7933194154488518
0.7954070981210856
0.7974947807933194
0.7995824634655533
0.8016701461377871
0.8037578288100209
0.8058455114822547
0.80625
0.8083333333333333
0.8104166666666667
0.8125
0.8145833333333333
0.8166666666666667
0.81875
0.8208333333333333
0.8229166666666666
0.825
0.8270833333333333
1.0
1.0
1.0
1.0
1.0
1.0
1.0
1.0
1.0
1.0
1.0
1.0
1.0
1.0
1.0
1.0
1.0
1.0
1.0
1.0
1.0
1.0
1.0
1.0
1.0
1.0
1.0
1.0
1.0
1.0
1.0
1.0
1.0
1.0
1.0
0.6956521739130435
0.7083333333333334
0.72
0.7307692307692307
0.7407407407407407
0.75
0.21782178217821782
0.22772277227722773
0.2376237623762376
0.24509803921568626
0.2549019607843137
0.2621359223300971
0.2692307692307692
0.25217391304347825
0.25862068965517243
0.26495726495726496
0.2711864406779661
0.25190839694656486
0.2595419847328244
0.26515151515151514
0.2706766917293233
0.27611940298507465
0.2814814814814815
0.2635135135135135
0.2702702702702703
0.2751677852348993
0.28
0.27741935483870966
0.28205128205128205
0.28662420382165604
0.2822085889570552
0.2865853658536585
0.2909090909090909
0.29518072289156627
0.211864406779661
0.21610169491525424
0.22033898305084745
0.2245762711864407
0.22784810126582278
0.23109243697478993
0.23430962343096234
0.2375
0.2188679245283019
0.22264150943396227
0.22641509433962265
0.23018867924528302
0.2339622641509434
0.23773584905660378
0.24150943396226415
0.24528301886792453
0.2490566037735849
0.2528301886792453
0.25660377358490566
0.26037735849056604
0.2641509433962264
0.2679245283018868
0.27169811320754716
0.27547169811320754
0.2792452830188679
0.2830188679245283
0.28679245283018867
0.29056603773584905
0.2943396226415094
0.2981132075471698
0.3018867924528302
0.30566037735849055
0.30943396226415093
0.3132075471698113
0.3169811320754717
0.32075471698113206
0.32452830188679244
0.3283018867924528
0.3320754716981132
0.33584905660377357
0.33962264150943394
0.3433962264150943
0.3471698113207547
0.35094339622641507
0.35471698113207545
0.3584905660377358
0.3622641509433962
0.3660377358490566
0.36981132075471695
0.37358490566037733
0.37735849056603776
0.38113207547169814
0.3849056603773585
0.3886792452830189
0.39245283018867927
0.39622641509433965
0.4
0.40225563909774437
0.4044943820224719
0.40671641791044777
0.40892193308550184
0.4111111111111111
0.4132841328413284
0.41544117647058826
0.2787286063569682
0.2804878048780488
0.2822384428223844
0.271461716937355
0.2737819025522042
0.27610208816705334
0.27842227378190254
0.28074245939675174
0.28306264501160094
0.2853828306264501
0.2877030162412993
0.2900232018561485
0.2923433874709977
0.29466357308584684
0.29698375870069604
0.29930394431554525
0.30162412993039445
0.3039443155452436
0.3062645011600928
0.308584686774942
0.3109048723897912
0.31322505800464034
0.31554524361948955
0.31786542923433875
0.32018561484918795
0.3225058004640371
0.3248259860788863
0.3271461716937355
0.3294663573085847
0.33178654292343385
0.33410672853828305
0.33642691415313225
0.33874709976798145
0.34106728538283065
0.3433874709976798
0.345707656612529
0.3480278422273782
0.3503480278422274
0.35266821345707655
0.35498839907192575
0.35730858468677495
0.35962877030162416
0.3619489559164733
0.3642691415313225
0.3665893271461717
0.3689095127610209
0.37122969837587005
0.37354988399071926
0.37587006960556846
0.37819025522041766
0.3805104408352668
0.382830626450116
0.3851508120649652
0.3874709976798144
0.38979118329466356
0.39211136890951276
0.39443155452436196
0.39675174013921116
0.3990719257540603
0.4013921113689095
0.4037122969837587
0.4060324825986079
0.40835266821345706
0.41067285382830626
0.41299303944315546
0.41531322505800466
0.4176334106728538
0.419953596287703
0.4222737819025522
0.4245939675174014
0.42691415313225056
0.42923433874709976
0.43155452436194897
0.43387470997679817
0.4361948955916473
0.4385150812064965
0.4408352668213457
0.4431554524361949
0.44547563805104406
0.44779582366589327
0.45011600928074247
0.45243619489559167
0.4547563805104408
0.45707656612529
0.4593967517401392
0.4617169373549884
0.46403712296983757
0.46635730858468677
0.46867749419953597
0.4709976798143852
0.4733178654292343
0.4756380510440835
0.4779582366589327
0.4802784222737819
0.48259860788863107
0.48491879350348027
0.4872389791183295
0.4895591647331787
0.4918793503480278
0.494199535962877
0.4965197215777262
0.4988399071925754
0.5011600928074246
0.5034802784222738
0.505800464037123
0.5081206496519721
0.5104408352668214
0.5127610208816705
0.5150812064965197
0.5174013921113689
0.5197215777262181
0.5220417633410673
0.5243619489559165
0.5266821345707656
0.5290023201856149
0.531322505800464
0.5336426914153132
0.5359628770301624
0.5382830626450116
0.5406032482598608
0.54292343387471
0.5452436194895591
0.5475638051044084
0.5498839907192575
0.5522041763341067
0.5545243619489559
0.5568445475638051
0.5591647331786543
0.5614849187935035
0.5638051044083526
0.5661252900232019
0.568445475638051
0.5707656612529002
0.5730858468677494
0.5754060324825986
0.5777262180974478
0.580046403712297
0.5823665893271461
0.5846867749419954
0.5870069605568445
0.5893271461716937
0.5916473317865429
0.5939675174013921
0.5962877030162413
0.5986078886310905
0.6009280742459396
0.6032482598607889
0.6041666666666666
0.605080831408776
0.6059907834101382
0.6068965517241379
0.6091954022988506
0.6114942528735632
0.6137931034482759
0.6160919540229886
0.6183908045977011
0.6206896551724138
0.6229885057471264
0.6252873563218391
0.6275862068965518
0.6284403669724771
0.6292906178489702
0.6301369863013698
0.6309794988610479
0.6318181818181818
0.6326530612244898
0.6334841628959276
0.6343115124153499
0.6351351351351351
0.6359550561797753
0.6367713004484304
0.6375838926174496
0.6383928571428571
0.6391982182628062
0.64
0.6407982261640798
0.6415929203539823
0.6423841059602649
0.6431718061674009
0.643956043956044
0.6447368421052632
0.6455142231947484
0.6462882096069869
0.6470588235294118
0.6478260869565218
0.648590021691974
0.6493506493506493
0.6501079913606912
0.6508620689655172
0.6516129032258065
0.6523605150214592
0.6531049250535332
0.6538461538461539
0.6545842217484008
0.6553191489361702
0.6560509554140127
0.6567796610169492
0.6575052854122622
0.6582278481012658
0.6589473684210526
0.6610526315789473
0.6631578947368421
0.6652631578947369
0.6673684210526316
0.6694736842105263
0.671578947368421
0.6736842105263158
0.6757894736842105
0.6778947368421052
0.68
0.6821052631578948
0.6842105263157895
0.6863157894736842
0.6884210526315789
0.6905263157894737
0.6926315789473684
0.6947368421052632
0.6968421052631579
0.6989473684210527
0.7010526315789474
0.7031578947368421
0.7052631578947368
0.7073684210526315
0.7094736842105264
0.7115789473684211
0.7136842105263158
0.7157894736842105
0.7178947368421053
0.72
0.7221052631578947
0.7242105263157895
0.7263157894736842
0.728421052631579
0.7305263157894737
0.7326315789473684
0.7347368421052631
0.7368421052631579
0.7389473684210527
0.7410526315789474
0.7431578947368421
0.7452631578947368
0.7473684210526316
0.7494736842105263
0.751578947368421
0.7536842105263157
0.7557894736842106
0.7578947368421053
0.76
0.7605042016806722
0.7610062893081762
0.7615062761506276
0.7620041753653445
0.7640918580375783
0.7661795407098121
0.7682672233820459
0.7703549060542797
0.7724425887265136
0.7745302713987474
0.7766179540709812
0.778705636743215
0.7807933194154488
0.7828810020876826
0.7849686847599165
0.7870563674321504
0.7891440501043842
0.791231732776618
0.7933194154488518
0.7954070981210856
0.7974947807933194
0.7995824634655533
0.8016701461377871
0.8037578288100209
0.8058455114822547
0.80625
0.8083333333333333
0.8104166666666667
0.8125
0.8145833333333333
0.8166666666666667
0.81875
0.8208333333333333
0.8229166666666666
0.825
0.8270833333333333
1.0
1.0
1.0
1.0
1.0
1.0
1.0
1.0
1.0
1.0
1.0
1.0
1.0
1.0
1.0
0.6956521739130435
0.7083333333333334
0.72
0.7307692307692307
0.7407407407407407
0.2079207920792079
0.21782178217821782
0.22772277227722773
0.23529411764705882
0.24509803921568626
0.2524271844660194
0.25961538461538464
0.24347826086956523
0.25
0.2564102564102564
0.2627118644067797
0.24427480916030533
0.25190839694656486
0.25757575757575757
0.2631578947368421
0.26865671641791045
0.2740740740740741
0.25675675675675674
0.2635135135135135
0.2684563758389262
0.2733333333333333
0.2709677419354839
0.27564102564102566
0.2802547770700637
0.27607361963190186
0.2804878048780488
0.28484848484848485
0.2891566265060241
0.2076271186440678
0.211864406779661
0.21610169491525424
0.22033898305084745
0.22362869198312235
0.226890756302521
0.2301255230125523
0.23333333333333334
0.21509433962264152
0.2188679245283019
0.22264150943396227
0.22641509433962265
0.23018867924528302
0.2339622641509434
0.23773584905660378
0.24150943396226415
0.24528301886792453
0.2490566037735849
0.2528301886792453
0.25660377358490566
0.26037735849056604
0.2641509433962264
0.2679245283018868
0.27169811320754716
0.27547169811320754
0.2792452830188679
0.2830188679245283
0.28679245283018867
0.29056603773584905
0.2943396226415094
0.2981132075471698
0.3018867924528302
0.30566037735849055
0.30943396226415093
0.3132075471698113
0.3169811320754717
0.32075471698113206
0.32452830188679244
0.3283018867924528
0.3320754716981132
0.33584905660377357
0.33962264150943394
0.3433962264150943
0.3471698113207547
0.35094339622641507
0.35471698113207545
0.3584905660377358
0.3622641509433962
0.3660377358490566
0.36981132075471695
0.37358490566037733
0.37735849056603776
0.38113207547169814
0.3849056603773585
0.3886792452830189
0.39245283018867927
0.39622641509433965
0.39849624060150374
0.40074906367041196
0.40298507462686567
0.4052044609665427
0.4074074074074074
0.4095940959409594
0.4117647058823529
0.2762836185819071
0.2780487804878049
0.2798053527980535
0.2691415313225058
0.271461716937355
0.2737819025522042
0.27610208816705334
0.27842227378190254
0.28074245939675174
0.28306264501160094
0.2853828306264501
0.2877030162412993
0.2900232018561485
0.2923433874709977
0.29466357308584684
0.29698375870069604
0.29930394431554525
0.30162412993039445
1.0
1.0
1.0
1.0
1.0
1.0
1.0
1.0
1.0
1.0
1.0
1.0
1.0
1.0
1.0
1.0
1.0
1.0
0.6956521739130435
0.7083333333333334
0.72
0.7307692307692307
0.7407407407407407
0.2079207920792079
0.21782178217821782
0.22772277227722773
0.23529411764705882
0.24509803921568626
0.2524271844660194
0.25961538461538464
0.24347826086956523
0.25
0.2564102564102564
0.2627118644067797
0.24427480916030533
0.25190839694656486
0.25757575757575757
0.2631578947368421
0.26865671641791045
0.2740740740740741
0.25675675675675674
0.2635135135135135
0.2684563758389262
0.2733333333333333
0.2709677419354839
0.27564102564102566
0.2802547770700637
0.27607361963190186
0.2804878048780488
0.28484848484848485
0.2891566265060241
0.2076271186440678
0.211864406779661
0.21610169491525424
0.22033898305084745
0.22362869198312235
0.226890756302521
0.2301255230125523
0.23333333333333334
0.21509433962264152
0.2188679245283019
0.22264150943396227
0.22641509433962265
0.23018867924528302
0.2339622641509434
0.23773584905660378
0.24150943396226415
0.24528301886792453
0.2490566037735849
0.2528301886792453
0.25660377358490566
0.26037735849056604
0.2641509433962264
0.2679245283018868
0.27169811320754716
0.27547169811320754
0.2792452830188679
0.2830188679245283
0.28679245283018867
0.29056603773584905
0.2943396226415094
0.2981132075471698
0.3018867924528302
0.30566037735849055
0.30943396226415093
0.3132075471698113
0.3169811320754717
0.32075471698113206
0.32452830188679244
0.3283018867924528
0.3320754716981132
0.33584905660377357
0.33962264150943394
0.3433962264150943
0.3471698113207547
0.35094339622641507
0.35471698113207545
0.3584905660377358
0.3622641509433962
0.3660377358490566
0.36981132075471695
0.37358490566037733
0.37735849056603776
0.38113207547169814
0.3849056603773585
0.3886792452830189
0.39245283018867927
0.39622641509433965
0.39849624060150374
0.40074906367041196
0.40298507462686567
0.4052044609665427
0.4074074074074074
0.4095940959409594
0.4117647058823529
0.2762836185819071
0.2780487804878049
0.2798053527980535
0.2691415313225058
0.271461716937355
0.2737819025522042
0.27610208816705334
0.27842227378190254
0.28074245939675174
0.28306264501160094
0.2853828306264501
0.2877030162412993
0.2900232018561485
0.2923433874709977
0.29466357308584684
0.29698375870069604
0.29930394431554525
0.30162412993039445
0.3039443155452436
0.3062645011600928
0.308584686774942
0.3109048723897912
0.31322505800464034
0.31554524361948955
0.31786542923433875
0.32018561484918795
0.3225058004640371
0.3248259860788863
0.3271461716937355
0.3294663573085847
0.33178654292343385
0.33410672853828305
0.33642691415313225
0.33874709976798145
0.34106728538283065
0.3433874709976798
0.345707656612529
0.3480278422273782
0.3503480278422274
0.35266821345707655
0.35498839907192575
0.35730858468677495
0.35962877030162416
0.3619489559164733
0.3642691415313225
0.3665893271461717
0.3689095127610209
0.37122969837587005
0.37354988399071926
0.37587006960556846
0.37819025522041766
0.3805104408352668
0.382830626450116
0.3851508120649652
0.3874709976798144
0.38979118329466356
0.39211136890951276
0.39443155452436196
0.39675174013921116
0.3990719257540603
0.4013921113689095
0.4037122969837587
0.4060324825986079
0.40835266821345706
0.41067285382830626
0.41299303944315546
0.41531322505800466
0.4176334106728538
0.419953596287703
0.4222737819025522
0.4245939675174014
0.42691415313225056
0.42923433874709976
0.43155452436194897
0.43387470997679817
0.4361948955916473
0.4385150812064965
0.4408352668213457
0.4431554524361949
0.44547563805104406
0.44779582366589327
0.45011600928074247
0.45243619489559167
0.4547563805104408
0.45707656612529
0.4593967517401392
0.4617169373549884
0.46403712296983757
0.46635730858468677
0.46867749419953597
0.4709976798143852
0.4733178654292343
0.4756380510440835
0.4779582366589327
0.4802784222737819
0.48259860788863107
0.48491879350348027
0.4872389791183295
0.4895591647331787
0.4918793503480278
0.494199535962877
0.4965197215777262
0.4988399071925754
0.5011600928074246
0.5034802784222738
0.505800464037123
0.5081206496519721
0.5104408352668214
0.5127610208816705
0.5150812064965197
0.5174013921113689
0.5197215777262181
0.5220417633410673
0.5243619489559165
0.5266821345707656
0.5290023201856149
0.531322505800464
0.5336426914153132
0.5359628770301624
0.5382830626450116
0.5406032482598608
0.54292343387471
0.5452436194895591
0.5475638051044084
0.5498839907192575
0.5522041763341067
0.5545243619489559
0.5568445475638051
0.5591647331786543
0.5614849187935035
0.5638051044083526
0.5661252900232019
0.568445475638051
0.5707656612529002
0.5730858468677494
0.5754060324825986
0.5777262180974478
0.580046403712297
0.5823665893271461
0.5846867749419954
0.5870069605568445
0.5893271461716937
0.5916473317865429
0.5939675174013921
0.5962877030162413
0.5986078886310905
0.6009280742459396
0.6018518518518519
0.6027713625866051
0.6036866359447005
0.6045977011494252
0.6068965517241379
0.6091954022988506
0.6114942528735632
0.6137931034482759
0.6160919540229886
0.6183908045977011
0.6206896551724138
0.6229885057471264
0.6252873563218391
0.6275862068965518
0.6298850574712643
0.632183908045977
0.6344827586206897
0.6367816091954023
0.639080459770115
0.6413793103448275
0.6436781609195402
0.6459770114942529
0.6482758620689655
0.6505747126436782
0.6528735632183909
0.6551724137931034
0.6574712643678161
0.6597701149425287
0.6620689655172414
0.664367816091954
0.6666666666666666
0.6689655172413793
0.671264367816092
0.6735632183908046
0.6758620689655173
0.6781609195402298
0.6804597701149425
0.6827586206896552
0.6850574712643678
0.6873563218390805
0.6880733944954128
0.6887871853546911
0.6894977168949772
0.6902050113895216
0.6909090909090909
0.691609977324263
0.6923076923076923
0.6930022573363431
0.6936936936936937
0.6943820224719102
0.695067264573991
0.6957494407158836
0.6964285714285714
0.6971046770601337
0.6977777777777778
0.6984478935698448
0.6991150442477876
0.6997792494481236
0.7004405286343612
0.701098901098901
0.7017543859649122
0.7024070021881839
0.7030567685589519
0.7037037037037037
0.7043478260869566
0.7049891540130152
0.7056277056277056
0.7062634989200864
0.7068965517241379
0.7075268817204301
0.7081545064377682
0.708779443254818
0.7094017094017094
0.7100213219616205
0.7106382978723405
0.7112526539278131
0.711864406779661
0.7124735729386892
0.7130801687763713
0.7136842105263158
0.7157894736842105
0.7178947368421053
0.72
0.7221052631578947
0.7242105263157895
0.7263157894736842
0.728421052631579
0.7305263157894737
0.7326315789473684
0.7347368421052631
0.7368421052631579
0.7389473684210527
0.7410526315789474
0.7431578947368421
0.7452631578947368
0.7473684210526316
0.7494736842105263
0.751578947368421
0.7536842105263157
0.7557894736842106
0.7578947368421053
0.76
0.7621052631578947
0.7642105263157895
0.7663157894736842
0.7684210526315789
0.7705263157894737
0.7726315789473684
0.7747368421052632
0.7768421052631579
0.7773109243697479
0.7794117647058824
0.7815126050420168
0.7836134453781513
0.7857142857142857
0.7878151260504201
0.7899159663865546
0.792016806722689
0.7941176470588235
0.7962184873949579
0.7983193277310925
1.0
1.0
1.0
1.0
1.0
1.0
1.0
1.0
1.0
1.0
1.0
1.0
1.0
1.0
1.0
0.6956521739130435
0.7083333333333334
0.72
0.7307692307692307
0.7407407407407407
0.2079207920792079
0.21782178217821782
0.22772277227722773
0.23529411764705882
0.24509803921568626
0.2524271844660194
0.25961538461538464
0.24347826086956523
0.25
0.2564102564102564
0.2627118644067797
0.24427480916030533
0.25190839694656486
0.25757575757575757
0.2631578947368421
0.26865671641791045
0.2740740740740741
0.25675675675675674
0.2635135135135135
0.2684563758389262
0.2733333333333333
0.2709677419354839
0.27564102564102566
0.2802547770700637
0.27607361963190186
0.2804878048780488
0.28484848484848485
0.2891566265060241
0.2076271186440678
0.211864406779661
0.21610169491525424
0.22033898305084745
0.22362869198312235
0.226890756302521
0.2301255230125523
0.23333333333333334
0.21509433962264152
0.2188679245283019
0.22264150943396227
0.22641509433962265
0.23018867924528302
0.2339622641509434
0.23773584905660378
0.24150943396226415
0.24528301886792453
0.2490566037735849
0.2528301886792453
0.25660377358490566
0.26037735849056604
0.2641509433962264
0.2679245283018868
0.27169811320754716
0.27547169811320754
0.2792452830188679
0.2830188679245283
0.28679245283018867
0.29056603773584905
0.2943396226415094
0.2981132075471698
0.3018867924528302
0.30566037735849055
0.30943396226415093
0.3132075471698113
0.3169811320754717
0.32075471698113206
0.32452830188679244
0.3283018867924528
0.3320754716981132
0.33584905660377357
0.33962264150943394
0.3433962264150943
0.3471698113207547
0.35094339622641507
0.35471698113207545
0.3584905660377358
0.3622641509433962
0.3660377358490566
0.36981132075471695
0.37358490566037733
0.37735849056603776
0.38113207547169814
0.3849056603773585
0.3886792452830189
0.39245283018867927
0.39622641509433965
0.39849624060150374
0.40074906367041196
0.40298507462686567
0.4052044609665427
0.4074074074074074
0.4095940959409594
0.4117647058823529
0.2762836185819071
0.2780487804878049
0.2798053527980535
0.2691415313225058
0.271461716937355
0.2737819025522042
0.27610208816705334
0.27842227378190254
0.28074245939675174
0.28306264501160094
0.2853828306264501
0.2877030162412993
0.2900232018561485
0.2923433874709977
0.29466357308584684
0.29698375870069604
0.29930394431554525
0.30162412993039445
0.3039443155452436
0.3062645011600928
0.308584686774942
0.3109048723897912
0.31322505800464034
0.31554524361948955
0.31786542923433875
0.32018561484918795
0.3225058004640371
0.3248259860788863
0.3271461716937355
0.3294663573085847
0.33178654292343385
0.33410672853828305
0.33642691415313225
0.33874709976798145
0.34106728538283065
0.3433874709976798
0.345707656612529
0.3480278422273782
0.3503480278422274
0.35266821345707655
0.35498839907192575
0.35730858468677495
0.35962877030162416
0.3619489559164733
0.3642691415313225
0.3665893271461717
0.3689095127610209
0.37122969837587005
0.37354988399071926
0.37587006960556846
0.37819025522041766
0.3805104408352668
0.382830626450116
0.3851508120649652
0.3874709976798144
0.38979118329466356
0.39211136890951276
0.39443155452436196
0.39675174013921116
0.3990719257540603
0.4013921113689095
0.4037122969837587
0.4060324825986079
0.40835266821345706
0.41067285382830626
0.41299303944315546
0.41531322505800466
0.4176334106728538
0.419953596287703
0.4222737819025522
0.4245939675174014
0.42691415313225056
0.42923433874709976
0.43155452436194897
0.43387470997679817
0.4361948955916473
0.4385150812064965
0.4408352668213457
0.4431554524361949
0.44547563805104406
0.44779582366589327
0.45011600928074247
0.45243619489559167
0.4547563805104408
0.45707656612529
0.4593967517401392
0.4617169373549884
0.46403712296983757
0.46635730858468677
0.46867749419953597
0.4709976798143852
0.4733178654292343
0.4756380510440835
0.4779582366589327
0.4802784222737819
0.48259860788863107
0.48491879350348027
0.4872389791183295
0.4895591647331787
0.4918793503480278
0.494199535962877
0.4965197215777262
0.4988399071925754
0.5011600928074246
0.5034802784222738
0.505800464037123
0.5081206496519721
0.5104408352668214
0.5127610208816705
0.5150812064965197
0.5174013921113689
0.5197215777262181
0.5220417633410673
0.5243619489559165
0.5266821345707656
0.5290023201856149
0.531322505800464
0.5336426914153132
0.5359628770301624
0.5382830626450116
0.5406032482598608
0.54292343387471
0.5452436194895591
0.5475638051044084
0.5498839907192575
0.5522041763341067
0.5545243619489559
0.5568445475638051
0.5591647331786543
0.5614849187935035
0.5638051044083526
0.5661252900232019
0.568445475638051
0.5707656612529002
0.5730858468677494
0.5754060324825986
0.5777262180974478
0.580046403712297
0.5823665893271461
0.5846867749419954
0.5870069605568445
0.5893271461716937
0.5916473317865429
0.5939675174013921
0.5962877030162413
0.5986078886310905
0.6009280742459396
0.6018518518518519
0.6027713625866051
0.6036866359447005
0.6045977011494252
0.6068965517241379
0.6091954022988506
0.6114942528735632
0.6137931034482759
0.6160919540229886
0.6183908045977011
0.6206896551724138
0.6229885057471264
0.6252873563218391
0.6275862068965518
0.6298850574712643
0.632183908045977
0.6344827586206897
0.6367816091954023
0.639080459770115
0.6413793103448275
0.6436781609195402
0.6459770114942529
0.6482758620689655
0.6505747126436782
0.6528735632183909
0.6551724137931034
0.6574712643678161
0.6597701149425287
0.6620689655172414
0.664367816091954
0.6666666666666666
0.6689655172413793
0.671264367816092
0.6735632183908046
0.6758620689655173
0.6781609195402298
0.6804597701149425
0.6827586206896552
0.6850574712643678
0.6873563218390805
0.6880733944954128
0.6887871853546911
0.6894977168949772
0.6902050113895216
0.6909090909090909
0.691609977324263
0.6923076923076923
0.6930022573363431
0.6936936936936937
0.6943820224719102
0.695067264573991
0.6957494407158836
0.6964285714285714
0.6971046770601337
0.6977777777777778
0.6984478935698448
0.6991150442477876
0.6997792494481236
0.7004405286343612
0.701098901098901
0.7017543859649122
0.7024070021881839
0.7030567685589519
0.7037037037037037
0.7043478260869566
0.7049891540130152
0.7056277056277056
0.7062634989200864
0.7068965517241379
0.7075268817204301
0.7081545064377682
0.708779443254818
0.7094017094017094
0.7100213219616205
0.7106382978723405
0.7112526539278131
0.711864406779661
0.7124735729386892
0.7130801687763713
0.7136842105263158
0.7157894736842105
0.7178947368421053
0.72
0.7221052631578947
0.7242105263157895
0.7263157894736842
0.728421052631579
0.7305263157894737
0.7326315789473684
0.7347368421052631
0.7368421052631579
0.7389473684210527
0.7410526315789474
0.7431578947368421
0.7452631578947368
0.7473684210526316
0.7494736842105263
0.751578947368421
0.7536842105263157
0.7557894736842106
0.7578947368421053
0.76
0.7621052631578947
0.7642105263157895
0.7663157894736842
0.7684210526315789
0.7705263157894737
0.7726315789473684
0.7747368421052632
0.7768421052631579
0.7773109243697479
0.7794117647058824
0.7815126050420168
0.7836134453781513
0.7857142857142857
0.7878151260504201
0.7899159663865546
0.792016806722689
0.7941176470588235
0.7962184873949579
0.7983193277310925
