1.0
1.0
1.0
1.0
1.0
1.0
1.0
1.0
1.0
1.0
1.0
1.0
1.0
1.0
1.0
1.0
1.0
1.0
0.6551724137931034
0.6896551724137931
0.7241379310344828
0.7586206896551724
0.7931034482758621
0.8275862068965517
0.8620689655172413
0.8666666666666667
0.8709677419354839
0.875
0.8787878787878788
0.8823529411764706
0.8857142857142857
0.8888888888888888
0.8918918918918919
0.8947368421052632
0.8974358974358975
0.9
0.9024390243902439
0.9047619047619048
0.9069767441860465
0.9090909090909091
0.9111111111111111
0.9130434782608695
0.9148936170212766
0.9166666666666666
0.9183673469387755
0.92
0.9215686274509803
0.9230769230769231
0.9245283018867925
0.9259259259259259
0.9444444444444444
0.9454545454545454
0.9464285714285714
0.9473684210526315
0.9482758620689655
0.9491525423728814
0.95
0.9508196721311475
0.9516129032258065
0.9523809523809523
0.953125
0.9538461538461539
0.9545454545454546
0.9552238805970149
0.9558823529411765
0.9565217391304348
0.9571428571428572
0.9577464788732394
0.9583333333333334
0.958904109589041
0.9594594594594594
0.96
0.9605263157894737
0.961038961038961
0.9615384615384616
0.9620253164556962
0.9625
0.9629629629629629
0.9634146341463414
0.963855421686747
0.9642857142857143
0.9647058823529412
0.9651162790697675
0.9655172413793104
0.9659090909090909
0.9662921348314607
0.9666666666666667
0.967032967032967
0.967391304347826
0.967741935483871
0.9680851063829787
0.968421052631579
0.96875
0.9690721649484536
0.9693877551020408
0.9696969696969697
0.97
0.9702970297029703
0.9705882352941176
0.970873786407767
0.9711538461538461
0.9714285714285714
0.9716981132075472
0.9719626168224299
0.9722222222222222
0.9724770642201835
0.9727272727272728
0.972972972972973
0.9732142857142857
0.9734513274336283
0.9736842105263158
0.9739130434782609
0.9741379310344828
0.9743589743589743
0.9745762711864406
0.9830508474576272
0.9915254237288136
1.0
0.9015151515151515
0.9090909090909091
0.9166666666666666
0.9242424242424242
0.9318181818181818
0.9393939393939394
0.946969696969697
0.9545454545454546
0.9621212121212122
0.9696969696969697
0.9772727272727273
0.9848484848484849
0.9924242424242424
1.0
0.8525641025641025
0.8589743589743589
0.8653846153846154
0.8717948717948718
0.8782051282051282
0.8846153846153846
0.8910256410256411
0.8974358974358975
0.9038461538461539
0.9102564102564102
0.9166666666666666
0.9230769230769231
0.9294871794871795
0.9358974358974359
0.9423076923076923
0.9487179487179487
0.9551282051282052
0.9615384615384616
0.967948717948718
0.9743589743589743
0.9807692307692307
0.9871794871794872
0.9935897435897436
1.0
0.9691358024691358
0.9753086419753086
0.9814814814814815
0.9876543209876543
0.9938271604938271
1.0
1.0
1.0
1.0
1.0
1.0
1.0
1.0
0.8133971291866029
0.8142857142857143
0.8151658767772512
0.8160377358490566
0.8169014084507042
0.8177570093457944
0.822429906542056
0.8271028037383178
0.8317757009345794
0.8364485981308412
0.8411214953271028
0.8457943925233645
0.8504672897196262
0.8551401869158879
0.8598130841121495
0.8644859813084113
0.8691588785046729
0.8738317757009346
0.8785046728971962
0.883177570093458
0.8878504672897196
0.8925233644859814
0.8930232558139535
0.8935185185185185
0.8940092165898618
0.8944954128440367
0.8949771689497716
0.8954545454545455
0.8959276018099548
0.8963963963963963
0.8968609865470852
0.8973214285714286
0.8977777777777778
0.8982300884955752
0.8986784140969163
0.8991228070175439
0.8995633187772926
0.9
0.9004329004329005
0.9008620689655172
0.9012875536480687
1.0
1.0
1.0
1.0
1.0
1.0
1.0
1.0
1.0
1.0
1.0
1.0
1.0
1.0
1.0
1.0
1.0
1.0
0.6551724137931034
0.6896551724137931
0.7241379310344828
0.7586206896551724
0.7931034482758621
0.8275862068965517
0.8620689655172413
0.8666666666666667
0.8709677419354839
0.875
0.8787878787878788
0.8823529411764706
0.8857142857142857
0.8888888888888888
0.8918918918918919
0.8947368421052632
0.8974358974358975
0.9
0.9024390243902439
0.9047619047619048
0.9069767441860465
0.9090909090909091
0.9111111111111111
0.9130434782608695
0.9148936170212766
0.9166666666666666
0.9183673469387755
0.92
0.9215686274509803
0.9230769230769231
0.9245283018867925
0.9259259259259259
0.9444444444444444
0.9454545454545454
0.9464285714285714
0.9473684210526315
0.9482758620689655
0.9491525423728814
0.95
0.9508196721311475
0.9516129032258065
0.9523809523809523
0.953125
0.9538461538461539
0.9545454545454546
0.9552238805970149
0.9558823529411765
0.9565217391304348
0.9571428571428572
0.9577464788732394
0.9583333333333334
0.958904109589041
0.9594594594594594
0.96
0.9605263157894737
0.961038961038961
0.9615384615384616
0.9620253164556962
0.9625
0.9629629629629629
0.9634146341463414
0.963855421686747
0.9642857142857143
0.9647058823529412
0.9651162790697675
0.9655172413793104
0.9659090909090909
0.9662921348314607
0.9666666666666667
0.967032967032967
0.967391304347826
0.967741935483871
0.9680851063829787
0.968421052631579
0.96875
0.9690721649484536
0.9693877551020408
0.9696969696969697
0.97
0.9702970297029703
0.9705882352941176
0.970873786407767
0.9711538461538461
0.9714285714285714
0.9716981132075472
0.9719626168224299
0.9722222222222222
0.9724770642201835
0.9727272727272728
0.972972972972973
0.9732142857142857
0.9734513274336283
0.9736842105263158
0.9739130434782609
0.9741379310344828
0.9743589743589743
0.9745762711864406
0.9830508474576272
0.9915254237288136
1.0
0.9015151515151515
0.9090909090909091
0.9166666666666666
0.9242424242424242
0.9318181818181818
0.9393939393939394
0.946969696969697
0.9545454545454546
0.9621212121212122
0.9696969696969697
0.9772727272727273
0.9848484848484849
0.9924242424242424
1.0
0.8525641025641025
0.8589743589743589
0.8653846153846154
0.8717948717948718
0.8782051282051282
0.8846153846153846
0.8910256410256411
0.8974358974358975
0.9038461538461539
0.9102564102564102
0.9166666666666666
0.9230769230769231
0.9294871794871795
0.9358974358974359
0.9423076923076923
0.9487179487179487
0.9551282051282052
0.9615384615384616
0.967948717948718
0.9743589743589743
0.9807692307692307
0.9871794871794872
0.9935897435897436
1.0
0.9691358024691358
0.9753086419753086
0.9814814814814815
0.9876543209876543
0.9938271604938271
1.0
1.0
1.0
1.0
1.0
1.0
1.0
1.0
0.8133971291866029
0.8142857142857143
0.8151658767772512
0.8160377358490566
0.8169014084507042
0.8177570093457944
0.822429906542056
0.8271028037383178
0.8317757009345794
0.8364485981308412
0.8411214953271028
0.8457943925233645
0.8504672897196262
0.8551401869158879
0.8598130841121495
0.8644859813084113
0.8691588785046729
0.8738317757009346
0.8785046728971962
0.883177570093458
0.8878504672897196
0.8925233644859814
0.8930232558139535
0.8935185185185185
0.8940092165898618
0.8944954128440367
0.8949771689497716
0.8954545454545455
0.8959276018099548
0.8963963963963963
0.8968609865470852
0.8973214285714286
0.8977777777777778
0.8982300884955752
0.8986784140969163
0.8991228070175439
0.8995633187772926
0.9
0.9004329004329005
0.9008620689655172
0.9012875536480687
1.0
1.0
1.0
1.0
1.0
1.0
1.0
1.0
1.0
1.0
1.0
1.0
1.0
1.0
1.0
1.0
1.0
1.0
0.6551724137931034
0.6896551724137931
0.7241379310344828
0.7586206896551724
0.7931034482758621
0.8275862068965517
0.8620689655172413
0.8666666666666667
0.8709677419354839
0.875
0.8787878787878788
0.8823529411764706
0.8857142857142857
0.8888888888888888
0.8918918918918919
0.8947368421052632
0.8974358974358975
0.9
0.9024390243902439
0.9047619047619048
0.9069767441860465
0.9090909090909091
0.9111111111111111
0.9130434782608695
0.9148936170212766
0.9166666666666666
0.9183673469387755
0.92
0.9215686274509803
0.9230769230769231
0.9245283018867925
0.9259259259259259
0.9444444444444444
0.9454545454545454
0.9464285714285714
0.9473684210526315
0.9482758620689655
0.9491525423728814
0.95
0.9508196721311475
0.9516129032258065
0.9523809523809523
0.953125
0.9538461538461539
0.9545454545454546
0.9552238805970149
0.9558823529411765
0.9565217391304348
0.9571428571428572
0.9577464788732394
0.9583333333333334
0.958904109589041
0.9594594594594594
0.96
0.9605263157894737
0.961038961038961
0.9615384615384616
0.9620253164556962
0.9625
0.9629629629629629
0.9634146341463414
0.963855421686747
0.9642857142857143
0.9647058823529412
0.9651162790697675
0.9655172413793104
0.9659090909090909
0.9662921348314607
0.9666666666666667
0.967032967032967
0.967391304347826
0.967741935483871
0.9680851063829787
0.968421052631579
0.96875
0.9690721649484536
0.9693877551020408
0.9696969696969697
0.97
0.9702970297029703
0.9705882352941176
0.970873786407767
0.9711538461538461
0.9714285714285714
0.9716981132075472
0.9719626168224299
0.9722222222222222
0.9724770642201835
0.9727272727272728
0.972972972972973
0.9732142857142857
0.9734513274336283
0.9736842105263158
0.9739130434782609
0.9741379310344828
0.9743589743589743
0.9745762711864406
0.9830508474576272
0.9915254237288136
1.0
0.815068493150685
0.821917808219178
0.8287671232876712
0.8356164383561644
0.8424657534246576
0.8493150684931506
0.8561643835616438
0.863013698630137
0.8698630136986302
0.8767123287671232
0.8835616438356164
0.8904109589041096
0.8972602739726028
0.9041095890410958
0.910958904109589
0.9178082191780822
0.9246575342465754
0.85
0.85625
0.8625
0.86875
0.875
0.88125
0.8875
0.89375
0.9
0.90625
0.9125
0.91875
0.925
0.93125
0.9259259259259259
0.9320987654320988
0.8172043010752689
0.8225806451612904
0.8279569892473119
0.8333333333333334
0.8387096774193549
0.8440860215053764
0.8494623655913979
0.8548387096774194
0.8602150537634409
0.8655913978494624
0.8709677419354839
0.8763440860215054
0.8817204301075269
0.8870967741935484
0.8924731182795699
0.8978494623655914
0.9032258064516129
0.9086021505376344
0.9139784946236559
0.9193548387096774
0.9247311827956989
0.9301075268817204
0.9354838709677419
0.9408602150537635
0.7787610619469026
0.7797356828193832
0.7807017543859649
0.7816593886462883
0.782608695652174
0.7835497835497836
0.7878787878787878
0.7922077922077922
0.7965367965367965
0.8008658008658008
0.8051948051948052
0.8095238095238095
0.8138528138528138
0.8181818181818182
0.8225108225108225
0.8268398268398268
0.8311688311688312
0.8354978354978355
0.8398268398268398
0.8441558441558441
0.8484848484848485
0.8528138528138528
0.853448275862069
0.8540772532188842
0.8547008547008547
0.8553191489361702
0.8559322033898306
0.8565400843881856
0.8571428571428571
0.8577405857740585
0.8583333333333333
0.8589211618257261
0.859504132231405
0.8600823045267489
0.860655737704918
1.0
1.0
1.0
1.0
1.0
1.0
1.0
1.0
1.0
1.0
1.0
1.0
1.0
1.0
1.0
1.0
1.0
1.0
0.6551724137931034
0.6896551724137931
0.7241379310344828
0.7586206896551724
0.7931034482758621
0.8275862068965517
0.8620689655172413
0.8666666666666667
0.8709677419354839
0.875
0.8787878787878788
0.8823529411764706
0.8857142857142857
0.8888888888888888
0.8918918918918919
0.8947368421052632
0.8974358974358975
0.9
0.9024390243902439
0.9047619047619048
0.9069767441860465
0.9090909090909091
0.9111111111111111
0.9130434782608695
0.9148936170212766
0.9166666666666666
0.9183673469387755
0.92
0.9215686274509803
0.9230769230769231
0.9245283018867925
0.9259259259259259
0.9444444444444444
0.9454545454545454
0.9464285714285714
0.9473684210526315
0.9482758620689655
0.9491525423728814
0.95
0.9508196721311475
0.9516129032258065
0.9523809523809523
0.953125
0.9538461538461539
0.9545454545454546
0.9552238805970149
0.9558823529411765
0.9565217391304348
0.9571428571428572
0.9577464788732394
0.9583333333333334
0.958904109589041
0.9594594594594594
0.96
0.9605263157894737
0.961038961038961
0.9615384615384616
0.9620253164556962
0.9625
0.9629629629629629
0.9634146341463414
0.963855421686747
0.9642857142857143
0.9647058823529412
0.9651162790697675
0.9655172413793104
0.9659090909090909
0.9662921348314607
0.9666666666666667
0.967032967032967
0.967391304347826
0.967741935483871
0.9680851063829787
0.968421052631579
0.96875
0.9690721649484536
0.9693877551020408
0.9696969696969697
0.97
0.9702970297029703
0.9705882352941176
0.970873786407767
0.9711538461538461
0.9714285714285714
0.9716981132075472
0.9719626168224299
0.9722222222222222
0.9724770642201835
0.9727272727272728
0.972972972972973
0.9732142857142857
0.9734513274336283
0.9736842105263158
0.9739130434782609
0.9741379310344828
0.9743589743589743
0.9745762711864406
0.9830508474576272
0.9915254237288136
1.0
0.815068493150685
0.821917808219178
0.8287671232876712
0.8356164383561644
0.8424657534246576
0.8493150684931506
0.8561643835616438
0.863013698630137
0.8698630136986302
0.8767123287671232
0.8835616438356164
0.8904109589041096
0.8972602739726028
0.9041095890410958
0.910958904109589
0.9178082191780822
0.9246575342465754
0.85
0.85625
0.8625
0.86875
0.875
0.88125
0.8875
0.89375
0.9
0.90625
0.9125
0.91875
0.925
0.93125
0.9259259259259259
0.9320987654320988
0.8172043010752689
0.8225806451612904
0.8279569892473119
0.8333333333333334
0.8387096774193549
0.8440860215053764
0.8494623655913979
0.8548387096774194
0.8602150537634409
0.8655913978494624
0.8709677419354839
0.8763440860215054
0.8817204301075269
0.8870967741935484
0.8924731182795699
0.8978494623655914
0.9032258064516129
0.9086021505376344
0.9139784946236559
0.9193548387096774
0.9247311827956989
0.9301075268817204
0.9354838709677419
0.9408602150537635
0.7787610619469026
0.7797356828193832
0.7807017543859649
0.7816593886462883
0.782608695652174
0.7835497835497836
0.7878787878787878
0.7922077922077922
0.7965367965367965
0.8008658008658008
0.8051948051948052
0.8095238095238095
0.8138528138528138
0.8181818181818182
0.8225108225108225
0.8268398268398268
0.8311688311688312
0.8354978354978355
0.8398268398268398
0.8441558441558441
0.8484848484848485
0.8528138528138528
0.853448275862069
0.8540772532188842
0.8547008547008547
0.8553191489361702
0.8559322033898306
0.8565400843881856
0.8571428571428571
0.8577405857740585
0.8583333333333333
0.8589211618257261
0.859504132231405
0.8600823045267489
0.860655737704918
1.0
1.0
1.0
1.0
1.0
1.0
1.0
1.0
1.0
1.0
1.0
1.0
1.0
1.0
1.0
1.0
1.0
1.0
1.0
1.0
1.0
1.0
1.0
1.0
1.0
1.0
1.0
1.0
1.0
1.0
1.0
1.0
1.0
1.0
1.0
1.0
0.6551724137931034
0.6896551724137931
0.7241379310344828
0.7586206896551724
0.7931034482758621
0.8275862068965517
0.8620689655172413
0.8666666666666667
0.8709677419354839
0.875
0.8787878787878788
0.8823529411764706
0.8857142857142857
0.8888888888888888
0.8918918918918919
0.8947368421052632
0.8974358974358975
0.9
0.9024390243902439
0.9047619047619048
0.9069767441860465
0.9090909090909091
0.9111111111111111
0.9130434782608695
0.9148936170212766
0.9166666666666666
0.9183673469387755
0.92
0.9215686274509803
0.9230769230769231
0.9245283018867925
0.9259259259259259
0.9444444444444444
0.9454545454545454
0.9464285714285714
0.9473684210526315
0.9482758620689655
0.9491525423728814
0.95
0.9508196721311475
0.9516129032258065
0.9523809523809523
0.953125
0.9538461538461539
0.9545454545454546
0.9552238805970149
0.9558823529411765
0.9565217391304348
0.9571428571428572
0.9577464788732394
0.9583333333333334
0.958904109589041
0.9594594594594594
0.96
0.9605263157894737
0.961038961038961
0.9615384615384616
0.9620253164556962
0.9625
0.9629629629629629
0.9634146341463414
0.963855421686747
0.9642857142857143
0.9647058823529412
0.9651162790697675
0.9655172413793104
0.9659090909090909
0.9662921348314607
0.9666666666666667
0.967032967032967
0.967391304347826
0.967741935483871
0.9680851063829787
0.968421052631579
0.96875
0.9690721649484536
0.9693877551020408
0.9696969696969697
0.97
0.9702970297029703
0.9705882352941176
0.970873786407767
0.9711538461538461
0.9714285714285714
0.9716981132075472
0.9719626168224299
0.9722222222222222
0.9724770642201835
0.9727272727272728
0.972972972972973
0.9732142857142857
0.9734513274336283
0.9736842105263158
0.9739130434782609
0.9741379310344828
0.9743589743589743
0.9745762711864406
0.9747899159663865
0.975
0.9752066115702479
0.9754098360655737
0.975609756097561
0.9758064516129032
0.976
0.984
0.992
1.0
0.802547770700637
0.8089171974522293
0.810126582278481
0.8113207547169812
0.8125
0.8136645962732919
0.8148148148148148
0.8159509202453987
0.8170731707317073
0.8181818181818182
0.8192771084337349
0.8203592814371258
0.8214285714285714
0.8224852071005917
0.8235294117647058
0.8245614035087719
0.8255813953488372
0.8265895953757225
0.8275862068965517
0.8285714285714286
0.8295454545454546
0.8305084745762712
0.8314606741573034
0.8324022346368715
0.8333333333333334
0.8342541436464088
0.8351648351648352
0.8360655737704918
0.8369565217391305
0.8378378378378378
0.8387096774193549
0.839572192513369
0.8404255319148937
0.8412698412698413
0.8421052631578947
0.8429319371727748
0.84375
0.844559585492228
0.845360824742268
0.8461538461538461
0.8469387755102041
0.8477157360406091
0.8484848484848485
0.8492462311557789
0.85
0.8507462686567164
0.8514851485148515
0.8522167487684729
0.8529411764705882
0.8536585365853658
0.8543689320388349
0.855072463768116
0.7574468085106383
0.7617021276595745
0.7659574468085106
0.7702127659574468
0.774468085106383
0.7787234042553192
0.7829787234042553
0.7872340425531915
0.7914893617021277
0.7957446808510639
0.8
0.8042553191489362
0.8085106382978723
0.8127659574468085
0.8170212765957446
0.8212765957446808
0.825531914893617
1.0
1.0
1.0
1.0
1.0
1.0
1.0
1.0
1.0
1.0
1.0
1.0
1.0
1.0
1.0
1.0
1.0
1.0
1.0
1.0
1.0
1.0
1.0
1.0
1.0
1.0
1.0
1.0
1.0
1.0
1.0
1.0
1.0
1.0
1.0
1.0
0.6551724137931034
0.6896551724137931
0.7241379310344828
0.7586206896551724
0.7931034482758621
0.8275862068965517
0.8620689655172413
0.8666666666666667
0.8709677419354839
0.875
0.8787878787878788
0.8823529411764706
0.8857142857142857
0.8888888888888888
0.8918918918918919
0.8947368421052632
0.8974358974358975
0.9
0.9024390243902439
0.9047619047619048
0.9069767441860465
0.9090909090909091
0.9111111111111111
0.9130434782608695
0.9148936170212766
0.9166666666666666
0.9183673469387755
0.92
0.9215686274509803
0.9230769230769231
0.9245283018867925
0.9259259259259259
0.9444444444444444
0.9454545454545454
0.9464285714285714
0.9473684210526315
0.9482758620689655
0.9491525423728814
0.95
0.9508196721311475
0.9516129032258065
0.9523809523809523
0.953125
0.9538461538461539
0.9545454545454546
0.9552238805970149
0.9558823529411765
0.9565217391304348
0.9571428571428572
0.9577464788732394
0.9583333333333334
0.958904109589041
0.9594594594594594
0.96
0.9605263157894737
0.961038961038961
0.9615384615384616
0.9620253164556962
0.9625
0.9629629629629629
0.9634146341463414
0.963855421686747
0.9642857142857143
0.9647058823529412
0.9651162790697675
0.9655172413793104
0.9659090909090909
0.9662921348314607
0.9666666666666667
0.967032967032967
0.967391304347826
0.967741935483871
0.9680851063829787
0.968421052631579
0.96875
0.9690721649484536
0.9693877551020408
0.9696969696969697
0.97
0.9702970297029703
0.9705882352941176
0.970873786407767
0.9711538461538461
0.9714285714285714
0.9716981132075472
0.9719626168224299
0.9722222222222222
0.9724770642201835
0.9727272727272728
0.972972972972973
0.9732142857142857
0.9734513274336283
0.9736842105263158
0.9739130434782609
0.9741379310344828
0.9743589743589743
0.9745762711864406
0.9747899159663865
0.975
0.9752066115702479
0.9754098360655737
0.975609756097561
0.9758064516129032
0.976
0.984
0.992
1.0
0.802547770700637
0.8089171974522293
0.810126582278481
0.8113207547169812
0.8125
0.8136645962732919
0.8148148148148148
0.8159509202453987
0.8170731707317073
0.8181818181818182
0.8192771084337349
0.8203592814371258
0.8214285714285714
0.8224852071005917
0.8235294117647058
0.8245614035087719
0.8255813953488372
0.8265895953757225
0.8275862068965517
0.8285714285714286
0.8295454545454546
0.8305084745762712
0.8314606741573034
0.8324022346368715
0.8333333333333334
0.8342541436464088
0.8351648351648352
0.8360655737704918
0.8369565217391305
0.8378378378378378
0.8387096774193549
0.839572192513369
0.8404255319148937
0.8412698412698413
0.8421052631578947
0.8429319371727748
0.84375
0.844559585492228
0.845360824742268
0.8461538461538461
0.8469387755102041
0.8477157360406091
0.8484848484848485
0.8492462311557789
0.85
0.8507462686567164
0.8514851485148515
0.8522167487684729
0.8529411764705882
0.8536585365853658
0.8543689320388349
0.855072463768116
0.7574468085106383
0.7617021276595745
0.7659574468085106
0.7702127659574468
0.774468085106383
0.7787234042553192
0.7829787234042553
0.7872340425531915
0.7914893617021277
0.7957446808510639
0.8
0.8042553191489362
0.8085106382978723
0.8127659574468085
0.8170212765957446
0.8212765957446808
0.825531914893617
1.0
1.0
1.0
1.0
1.0
1.0
1.0
1.0
1.0
1.0
1.0
1.0
1.0
1.0
1.0
1.0
1.0
1.0
0.6551724137931034
0.6896551724137931
0.7241379310344828
0.7586206896551724
0.7931034482758621
0.8275862068965517
0.8620689655172413
0.8666666666666667
0.8709677419354839
0.875
0.8787878787878788
0.8823529411764706
0.8857142857142857
0.8888888888888888
0.8918918918918919
0.8947368421052632
0.8974358974358975
0.9
0.9024390243902439
0.9047619047619048
0.9069767441860465
0.9090909090909091
0.9111111111111111
0.9130434782608695
0.9148936170212766
0.9166666666666666
0.9183673469387755
0.92
0.9215686274509803
0.9230769230769231
0.9245283018867925
0.9259259259259259
0.9444444444444444
0.9454545454545454
0.9464285714285714
0.9473684210526315
0.9482758620689655
0.9491525423728814
0.95
0.9508196721311475
0.9516129032258065
0.9523809523809523
0.953125
0.9538461538461539
0.9545454545454546
0.9552238805970149
0.9558823529411765
0.9565217391304348
0.9571428571428572
1.0
1.0
1.0
1.0
1.0
1.0
1.0
1.0
1.0
1.0
1.0
1.0
1.0
1.0
1.0
1.0
1.0
1.0
0.6551724137931034
0.6896551724137931
0.7241379310344828
0.7586206896551724
0.7931034482758621
0.8275862068965517
0.8620689655172413
0.8666666666666667
0.8709677419354839
0.875
0.8787878787878788
0.8823529411764706
0.8857142857142857
0.8888888888888888
0.8918918918918919
0.8947368421052632
0.8974358974358975
0.9
0.9024390243902439
0.9047619047619048
0.9069767441860465
0.9090909090909091
0.9111111111111111
0.9130434782608695
0.9148936170212766
0.9166666666666666
0.9183673469387755
0.92
0.9215686274509803
0.9230769230769231
0.9245283018867925
0.9259259259259259
0.9444444444444444
0.9454545454545454
0.9464285714285714
0.9473684210526315
0.9482758620689655
0.9491525423728814
0.95
0.9508196721311475
0.9516129032258065
0.9523809523809523
0.953125
0.9538461538461539
0.9545454545454546
0.9552238805970149
0.9558823529411765
0.9565217391304348
0.9571428571428572
0.9577464788732394
0.9583333333333334
0.958904109589041
0.9594594594594594
0.96
0.9605263157894737
0.961038961038961
0.9615384615384616
0.9620253164556962
0.9625
0.9629629629629629
0.9634146341463414
0.963855421686747
0.9642857142857143
0.9647058823529412
0.9651162790697675
0.9655172413793104
0.9659090909090909
0.9662921348314607
0.9666666666666667
0.967032967032967
0.967391304347826
0.967741935483871
0.9680851063829787
0.968421052631579
0.96875
0.9690721649484536
0.9693877551020408
0.9696969696969697
0.97
0.9702970297029703
0.9705882352941176
0.970873786407767
0.9711538461538461
0.9714285714285714
0.9716981132075472
0.9719626168224299
0.9722222222222222
0.9724770642201835
0.9727272727272728
0.972972972972973
0.9732142857142857
0.9734513274336283
0.9736842105263158
0.9739130434782609
0.9741379310344828
0.9743589743589743
0.9745762711864406
0.9830508474576272
0.9915254237288136
1.0
0.9916666666666667
1.0
0.8402777777777778
0.8472222222222222
0.8541666666666666
0.8611111111111112
0.8680555555555556
0.875
0.8819444444444444
0.8888888888888888
0.8958333333333334
0.9027777777777778
0.903448275862069
0.9041095890410958
0.9047619047619048
0.9054054054054054
0.9060402684563759
0.9066666666666666
0.9072847682119205
0.9078947368421053
0.9084967320261438
0.9090909090909091
0.9096774193548387
0.9102564102564102
0.910828025477707
0.9113924050632911
0.9177215189873418
0.9240506329113924
0.930379746835443
0.9367088607594937
0.9430379746835443
0.9493670886075949
0.9556962025316456
0.9620253164556962
0.9683544303797469
0.9746835443037974
0.9810126582278481
0.9873417721518988
0.9936708860759493
1.0
0.803030303030303
0.8040201005025126
0.805
0.8059701492537313
0.806930693069307
0.8078817733990148
0.8088235294117647
0.8097560975609757
0.8106796116504854
0.8115942028985508
0.8125
0.8133971291866029
0.8142857142857143
0.8151658767772512
0.8160377358490566
0.8169014084507042
0.8177570093457944
0.8186046511627907
0.8194444444444444
0.8202764976958525
0.8211009174311926
0.821917808219178
0.8227272727272728
0.8235294117647058
0.8243243243243243
0.8251121076233184
0.8258928571428571
0.8266666666666667
0.827433628318584
0.8281938325991189
0.8289473684210527
0.8296943231441049
0.8304347826086956
0.8311688311688312
0.8318965517241379
0.8326180257510729
1.0
1.0
1.0
1.0
1.0
1.0
1.0
1.0
1.0
1.0
1.0
1.0
1.0
1.0
1.0
1.0
1.0
1.0
0.6551724137931034
0.6896551724137931
0.7241379310344828
0.7586206896551724
0.7931034482758621
0.8275862068965517
0.8620689655172413
0.8666666666666667
0.8709677419354839
0.875
0.8787878787878788
0.8823529411764706
0.8857142857142857
0.8888888888888888
0.8918918918918919
0.8947368421052632
0.8974358974358975
0.9
0.9024390243902439
0.9047619047619048
0.9069767441860465
0.9090909090909091
0.9111111111111111
0.9130434782608695
0.9148936170212766
0.9166666666666666
0.9183673469387755
0.92
0.9215686274509803
0.9230769230769231
0.9245283018867925
0.9259259259259259
0.9444444444444444
0.9454545454545454
0.9464285714285714
0.9473684210526315
0.9482758620689655
0.9491525423728814
0.95
0.9508196721311475
0.9516129032258065
0.9523809523809523
0.953125
0.9538461538461539
0.9545454545454546
0.9552238805970149
0.9558823529411765
0.9565217391304348
0.9571428571428572
0.9577464788732394
0.9583333333333334
0.958904109589041
0.9594594594594594
0.96
0.9605263157894737
0.961038961038961
0.9615384615384616
0.9620253164556962
0.9625
0.9629629629629629
0.9634146341463414
0.963855421686747
0.9642857142857143
0.9647058823529412
0.9651162790697675
0.9655172413793104
0.9659090909090909
0.9662921348314607
0.9666666666666667
0.967032967032967
0.967391304347826
0.967741935483871
0.9680851063829787
0.968421052631579
0.96875
0.9690721649484536
0.9693877551020408
0.9696969696969697
0.97
0.9702970297029703
0.9705882352941176
0.970873786407767
0.9711538461538461
0.9714285714285714
0.9716981132075472
0.9719626168224299
0.9722222222222222
0.9724770642201835
0.9727272727272728
0.972972972972973
0.9732142857142857
0.9734513274336283
0.9736842105263158
0.9739130434782609
0.9741379310344828
0.9743589743589743
0.9745762711864406
0.9830508474576272
0.9915254237288136
1.0
0.9916666666666667
1.0
0.8402777777777778
0.8472222222222222
0.8541666666666666
0.8611111111111112
0.8680555555555556
0.875
0.8819444444444444
0.8888888888888888
0.8958333333333334
0.9027777777777778
0.903448275862069
0.9041095890410958
0.9047619047619048
0.9054054054054054
0.9060402684563759
0.9066666666666666
0.9072847682119205
0.9078947368421053
0.9084967320261438
0.9090909090909091
0.9096774193548387
0.9102564102564102
0.910828025477707
0.9113924050632911
0.9177215189873418
0.9240506329113924
0.930379746835443
0.9367088607594937
0.9430379746835443
0.9493670886075949
0.9556962025316456
0.9620253164556962
0.9683544303797469
0.9746835443037974
0.9810126582278481
0.9873417721518988
0.9936708860759493
1.0
0.803030303030303
0.8040201005025126
0.805
0.8059701492537313
0.806930693069307
0.8078817733990148
0.8088235294117647
0.8097560975609757
0.8106796116504854
0.8115942028985508
0.8125
0.8133971291866029
0.8142857142857143
0.8151658767772512
0.8160377358490566
0.8169014084507042
0.8177570093457944
0.8186046511627907
0.8194444444444444
0.8202764976958525
0.8211009174311926
0.821917808219178
0.8227272727272728
0.8235294117647058
0.8243243243243243
0.8251121076233184
0.8258928571428571
0.8266666666666667
0.827433628318584
0.8281938325991189
0.8289473684210527
0.8296943231441049
0.8304347826086956
0.8311688311688312
0.8318965517241379
0.8326180257510729
1.0
1.0
1.0
1.0
1.0
1.0
1.0
1.0
1.0
1.0
1.0
1.0
1.0
1.0
1.0
1.0
1.0
1.0
0.6551724137931034
0.6896551724137931
0.7241379310344828
0.7586206896551724
0.7931034482758621
0.8275862068965517
0.8620689655172413
0.8666666666666667
0.8709677419354839
0.875
0.8787878787878788
0.8823529411764706
0.8857142857142857
0.8888888888888888
0.8918918918918919
0.8947368421052632
0.8974358974358975
0.9
0.9024390243902439
0.9047619047619048
0.9069767441860465
0.9090909090909091
0.9111111111111111
0.9130434782608695
0.9148936170212766
0.9166666666666666
0.9183673469387755
0.92
0.9215686274509803
0.9230769230769231
0.9245283018867925
0.9259259259259259
0.9444444444444444
0.9454545454545454
0.9464285714285714
0.9473684210526315
0.9482758620689655
0.9491525423728814
0.95
0.9508196721311475
0.9516129032258065
0.9523809523809523
0.953125
0.9538461538461539
0.9545454545454546
0.9552238805970149
0.9558823529411765
0.9565217391304348
0.9571428571428572
0.9577464788732394
0.9583333333333334
0.958904109589041
0.9594594594594594
0.96
0.9605263157894737
0.961038961038961
0.9615384615384616
0.9620253164556962
0.9625
0.9629629629629629
0.9634146341463414
0.963855421686747
0.9642857142857143
0.9647058823529412
0.9651162790697675
0.9655172413793104
0.9659090909090909
0.9662921348314607
0.9666666666666667
0.967032967032967
0.967391304347826
0.967741935483871
0.9680851063829787
0.968421052631579
0.96875
0.9690721649484536
0.9693877551020408
0.9696969696969697
0.97
0.9702970297029703
0.9705882352941176
0.970873786407767
0.9711538461538461
0.9714285714285714
0.9716981132075472
0.9719626168224299
0.9722222222222222
0.9724770642201835
0.9727272727272728
0.9818181818181818
0.990909090909091
1.0
0.7025316455696202
0.7044025157232704
0.70625
0.7080745341614907
0.7098765432098766
0.7116564417177914
0.7134146341463414
0.7151515151515152
0.7168674698795181
0.718562874251497
0.7202380952380952
0.7218934911242604
0.7235294117647059
0.7251461988304093
0.7267441860465116
0.7283236994219653
0.7298850574712644
0.7314285714285714
0.7329545454545454
0.7344632768361582
0.7359550561797753
0.7374301675977654
0.7388888888888889
0.7403314917127072
0.7417582417582418
0.7431693989071039
0.7445652173913043
0.745945945945946
0.7473118279569892
0.7486631016042781
0.75
0.7513227513227513
0.7526315789473684
0.7539267015706806
0.7552083333333334
0.7564766839378239
0.7577319587628866
0.7589743589743589
0.7602040816326531
0.7614213197969543
0.7626262626262627
0.7638190954773869
0.765
0.7661691542288557
0.7673267326732673
0.7684729064039408
0.7696078431372549
0.7707317073170732
0.7718446601941747
0.7729468599033816
1.0
1.0
1.0
1.0
1.0
1.0
1.0
1.0
1.0
1.0
1.0
1.0
1.0
1.0
1.0
1.0
1.0
1.0
0.6551724137931034
0.6896551724137931
0.7241379310344828
0.7586206896551724
0.7931034482758621
0.8275862068965517
0.8620689655172413
0.8666666666666667
0.8709677419354839
0.875
0.8787878787878788
0.8823529411764706
0.8857142857142857
0.8888888888888888
0.8918918918918919
0.8947368421052632
0.8974358974358975
0.9
0.9024390243902439
0.9047619047619048
0.9069767441860465
0.9090909090909091
0.9111111111111111
0.9130434782608695
0.9148936170212766
0.9166666666666666
0.9183673469387755
0.92
0.9215686274509803
0.9230769230769231
0.9245283018867925
0.9259259259259259
0.9444444444444444
0.9454545454545454
0.9464285714285714
0.9473684210526315
0.9482758620689655
0.9491525423728814
0.95
0.9508196721311475
0.9516129032258065
0.9523809523809523
0.953125
0.9538461538461539
0.9545454545454546
0.9552238805970149
0.9558823529411765
0.9565217391304348
0.9571428571428572
0.9577464788732394
0.9583333333333334
0.958904109589041
0.9594594594594594
0.96
0.9605263157894737
0.961038961038961
0.9615384615384616
0.9620253164556962
0.9625
0.9629629629629629
0.9634146341463414
0.963855421686747
0.9642857142857143
0.9647058823529412
0.9651162790697675
0.9655172413793104
0.9659090909090909
0.9662921348314607
0.9666666666666667
0.967032967032967
0.967391304347826
0.967741935483871
0.9680851063829787
0.968421052631579
0.96875
0.9690721649484536
0.9693877551020408
0.9696969696969697
0.97
0.9702970297029703
0.9705882352941176
0.970873786407767
0.9711538461538461
0.9714285714285714
0.9716981132075472
0.9719626168224299
0.9722222222222222
0.9724770642201835
0.9727272727272728
0.9818181818181818
0.990909090909091
1.0
0.7025316455696202
0.7044025157232704
0.70625
0.7080745341614907
0.7098765432098766
0.7116564417177914
0.7134146341463414
0.7151515151515152
0.7168674698795181
0.718562874251497
0.7202380952380952
0.7218934911242604
0.7235294117647059
0.7251461988304093
0.7267441860465116
0.7283236994219653
0.7298850574712644
0.7314285714285714
0.7329545454545454
0.7344632768361582
0.7359550561797753
0.7374301675977654
0.7388888888888889
0.7403314917127072
0.7417582417582418
0.7431693989071039
0.7445652173913043
0.745945945945946
0.7473118279569892
0.7486631016042781
0.75
0.7513227513227513
0.7526315789473684
0.7539267015706806
0.7552083333333334
0.7564766839378239
0.7577319587628866
0.7589743589743589
0.7602040816326531
0.7614213197969543
0.7626262626262627
0.7638190954773869
0.765
0.7661691542288557
0.7673267326732673
0.7684729064039408
0.7696078431372549
0.7707317073170732
0.7718446601941747
0.7729468599033816
