1.0
1.0
1.0
1.0
1.0
1.0
1.0
1.0
1.0
1.0
1.0
1.0
1.0
1.0
0.2830188679245283
0.2962962962962963
0.3090909090909091
0.32142857142857145
0.3333333333333333
0.3448275862068966
0.3559322033898305
0.36666666666666664
0.3770491803278688
0.2891566265060241
0.2976190476190476
0.3058823529411765
0.313953488372093
0.3218390804597701
0.32954545454545453
0.33707865168539325
0.34444444444444444
0.3516483516483517
0.358695652173913
0.3655913978494624
0.3723404255319149
0.37894736842105264
0.3854166666666667
0.3917525773195876
0.3979591836734694
0.40404040404040403
0.41
0.4158415841584158
0.4215686274509804
0.42718446601941745
0.4326923076923077
0.4380952380952381
0.44339622641509435
0.4485981308411215
0.4537037037037037
0.45871559633027525
0.4636363636363636
0.46846846846846846
0.4732142857142857
0.4778761061946903
0.4824561403508772
0.48695652173913045
0.49137931034482757
0.3118279569892473
0.3155080213903743
0.3191489361702128
0.32275132275132273
0.3263157894736842
0.3298429319371728
0.3333333333333333
0.33678756476683935
0.3402061855670103
0.3435897435897436
0.3469387755102041
0.350253807106599
0.35353535353535354
0.35678391959798994
0.36
0.36318407960199006
0.36633663366336633
0.30120481927710846
1.0
1.0
1.0
1.0
1.0
1.0
1.0
1.0
1.0
1.0
1.0
1.0
1.0
1.0
1.0
1.0
1.0
1.0
1.0
1.0
1.0
1.0
1.0
1.0
1.0
1.0
1.0
1.0
1.0
1.0
1.0
1.0
1.0
1.0
1.0
1.0
1.0
1.0
1.0
1.0
1.0
1.0
1.0
1.0
1.0
1.0
1.0
1.0
1.0
1.0
1.0
1.0
1.0
1.0
1.0
1.0
1.0
1.0
1.0
1.0
1.0
1.0
1.0
1.0
1.0
1.0
1.0
1.0
1.0
1.0
1.0
1.0
1.0
1.0
1.0
1.0
1.0
1.0
1.0
1.0
1.0
1.0
1.0
1.0
1.0
1.0
1.0
1.0
1.0
1.0
1.0
1.0
1.0
1.0
1.0
1.0
1.0
1.0
1.0
1.0
1.0
1.0
1.0
1.0
1.0
1.0
1.0
1.0
1.0
1.0
1.0
1.0
1.0
1.0
1.0
1.0
1.0
1.0
1.0
1.0
1.0
1.0
1.0
1.0
1.0
1.0
1.0
1.0
1.0
0.2830188679245283
0.2962962962962963
0.3090909090909091
0.32142857142857145
0.3333333333333333
0.3448275862068966
0.3559322033898305
0.36666666666666664
0.3770491803278688
0.2891566265060241
0.2976190476190476
0.3058823529411765
0.313953488372093
0.3218390804597701
0.32954545454545453
0.33707865168539325
0.34444444444444444
0.3516483516483517
0.358695652173913
0.3655913978494624
0.3723404255319149
0.37894736842105264
0.3854166666666667
0.3917525773195876
0.3979591836734694
0.40404040404040403
0.41
0.4158415841584158
0.4215686274509804
0.42718446601941745
0.4326923076923077
0.4380952380952381
0.44339622641509435
0.4485981308411215
0.4537037037037037
0.45871559633027525
0.4636363636363636
0.46846846846846846
0.4732142857142857
0.4778761061946903
0.4824561403508772
0.48695652173913045
0.49137931034482757
0.3118279569892473
0.3155080213903743
0.3191489361702128
0.32275132275132273
0.3263157894736842
0.3298429319371728
0.3333333333333333
0.33678756476683935
0.3402061855670103
0.3435897435897436
0.3469387755102041
0.350253807106599
0.35353535353535354
0.35678391959798994
0.36
0.36318407960199006
0.36633663366336633
0.30120481927710846
1.0
1.0
1.0
1.0
1.0
1.0
1.0
1.0
1.0
1.0
1.0
1.0
1.0
1.0
1.0
1.0
1.0
1.0
1.0
1.0
1.0
1.0
1.0
1.0
1.0
1.0
1.0
1.0
1.0
1.0
1.0
1.0
1.0
1.0
1.0
1.0
1.0
1.0
1.0
1.0
1.0
1.0
1.0
1.0
1.0
1.0
1.0
1.0
1.0
1.0
1.0
1.0
1.0
1.0
1.0
1.0
1.0
1.0
1.0
1.0
1.0
1.0
1.0
1.0
1.0
1.0
1.0
1.0
1.0
1.0
1.0
1.0
1.0
1.0
1.0
1.0
1.0
1.0
1.0
1.0
1.0
1.0
1.0
1.0
1.0
1.0
1.0
1.0
1.0
1.0
1.0
1.0
1.0
1.0
1.0
1.0
1.0
1.0
1.0
1.0
1.0
1.0
1.0
1.0
1.0
1.0
1.0
1.0
1.0
1.0
1.0
1.0
1.0
1.0
1.0
1.0
1.0
1.0
1.0
1.0
1.0
1.0
1.0
1.0
1.0
1.0
1.0
1.0
1.0
1.0
1.0
1.0
1.0
1.0
1.0
1.0
1.0
1.0
1.0
1.0
1.0
1.0
1.0
1.0
1.0
1.0
1.0
1.0
1.0
1.0
1.0
1.0
1.0
1.0
1.0
1.0
1.0
1.0
1.0
1.0
1.0
1.0
1.0
1.0
1.0
1.0
1.0
1.0
1.0
1.0
1.0
1.0
1.0
1.0
1.0
1.0
1.0
1.0
1.0
1.0
1.0
1.0
1.0
1.0
1.0
1.0
1.0
1.0
1.0
1.0
1.0
1.0
1.0
1.0
1.0
1.0
1.0
1.0
1.0
1.0
1.0
1.0
1.0
1.0
0.2830188679245283
0.2962962962962963
0.3090909090909091
0.32142857142857145
0.3333333333333333
0.3448275862068966
0.3559322033898305
0.36666666666666664
0.3770491803278688
0.2891566265060241
0.2976190476190476
0.3058823529411765
0.313953488372093
0.3218390804597701
0.32954545454545453
0.33707865168539325
0.34444444444444444
0.3516483516483517
0.358695652173913
0.3655913978494624
0.3723404255319149
0.37894736842105264
0.3854166666666667
0.3917525773195876
0.3979591836734694
0.40404040404040403
0.41
0.4158415841584158
0.4215686274509804
0.42718446601941745
0.4326923076923077
0.4380952380952381
0.44339622641509435
0.4485981308411215
0.4537037037037037
0.45871559633027525
0.4636363636363636
0.46846846846846846
0.4732142857142857
0.4778761061946903
0.4824561403508772
0.48695652173913045
0.49137931034482757
0.3118279569892473
0.3155080213903743
0.3191489361702128
0.32275132275132273
0.3263157894736842
0.3298429319371728
0.3333333333333333
0.33678756476683935
0.3402061855670103
0.3435897435897436
0.3469387755102041
0.350253807106599
0.35353535353535354
0.35678391959798994
0.36
0.36318407960199006
0.36633663366336633
0.30120481927710846
1.0
1.0
1.0
1.0
1.0
1.0
1.0
1.0
1.0
1.0
1.0
1.0
1.0
1.0
1.0
1.0
1.0
1.0
1.0
1.0
1.0
1.0
1.0
1.0
1.0
1.0
1.0
1.0
1.0
1.0
1.0
1.0
1.0
1.0
1.0
1.0
1.0
1.0
1.0
1.0
1.0
1.0
1.0
1.0
1.0
1.0
1.0
1.0
1.0
1.0
1.0
1.0
1.0
1.0
1.0
1.0
1.0
1.0
1.0
1.0
1.0
1.0
1.0
1.0
1.0
1.0
1.0
1.0
1.0
1.0
1.0
1.0
1.0
1.0
1.0
1.0
1.0
1.0
1.0
1.0
1.0
1.0
1.0
1.0
1.0
1.0
1.0
1.0
1.0
1.0
1.0
1.0
1.0
1.0
1.0
1.0
1.0
1.0
1.0
1.0
1.0
1.0
1.0
1.0
1.0
1.0
1.0
1.0
1.0
1.0
1.0
1.0
1.0
1.0
1.0
1.0
1.0
1.0
1.0
1.0
1.0
1.0
1.0
1.0
1.0
1.0
1.0
1.0
1.0
1.0
1.0
1.0
1.0
1.0
1.0
1.0
1.0
1.0
1.0
1.0
1.0
1.0
1.0
1.0
1.0
1.0
1.0
1.0
1.0
1.0
1.0
1.0
1.0
1.0
1.0
1.0
1.0
1.0
1.0
1.0
1.0
1.0
1.0
1.0
1.0
1.0
1.0
1.0
1.0
1.0
1.0
1.0
1.0
1.0
1.0
1.0
1.0
1.0
1.0
1.0
1.0
1.0
1.0
1.0
1.0
1.0
1.0
1.0
1.0
1.0
1.0
1.0
1.0
1.0
1.0
1.0
1.0
1.0
1.0
1.0
1.0
1.0
1.0
1.0
1.0
1.0
1.0
1.0
1.0
1.0
1.0
1.0
1.0
1.0
1.0
1.0
1.0
1.0
1.0
0.2830188679245283
0.2962962962962963
0.3090909090909091
0.32142857142857145
0.3333333333333333
0.3448275862068966
0.3559322033898305
0.36666666666666664
0.3770491803278688
0.2891566265060241
0.2976190476190476
0.3058823529411765
0.313953488372093
0.3218390804597701
0.32954545454545453
0.33707865168539325
0.34444444444444444
0.3516483516483517
0.358695652173913
0.3655913978494624
0.3723404255319149
0.37894736842105264
0.3854166666666667
0.3917525773195876
0.3979591836734694
0.40404040404040403
0.41
0.4158415841584158
0.4215686274509804
0.42718446601941745
0.4326923076923077
0.4380952380952381
0.44339622641509435
0.4485981308411215
0.4537037037037037
0.45871559633027525
0.4636363636363636
0.46846846846846846
0.4732142857142857
0.4778761061946903
0.4824561403508772
0.48695652173913045
0.49137931034482757
0.3118279569892473
0.3155080213903743
0.3191489361702128
0.32275132275132273
0.3263157894736842
0.3298429319371728
0.3333333333333333
0.33678756476683935
0.3402061855670103
0.3435897435897436
0.3469387755102041
0.350253807106599
0.35353535353535354
0.35678391959798994
0.36
0.36318407960199006
0.36633663366336633
0.30120481927710846
1.0
1.0
1.0
1.0
1.0
1.0
1.0
1.0
1.0
1.0
1.0
1.0
1.0
1.0
1.0
1.0
1.0
1.0
1.0
1.0
1.0
1.0
1.0
1.0
1.0
1.0
1.0
1.0
1.0
1.0
1.0
1.0
1.0
1.0
1.0
1.0
1.0
1.0
1.0
1.0
1.0
1.0
1.0
1.0
1.0
1.0
1.0
1.0
1.0
1.0
1.0
1.0
1.0
1.0
1.0
1.0
1.0
1.0
1.0
1.0
1.0
1.0
1.0
1.0
1.0
1.0
1.0
1.0
1.0
1.0
1.0
1.0
1.0
1.0
1.0
1.0
1.0
1.0
1.0
1.0
1.0
1.0
1.0
1.0
1.0
1.0
1.0
1.0
1.0
1.0
1.0
1.0
1.0
1.0
1.0
1.0
1.0
1.0
1.0
1.0
1.0
1.0
1.0
1.0
1.0
1.0
1.0
1.0
1.0
1.0
1.0
1.0
1.0
1.0
1.0
1.0
1.0
1.0
1.0
1.0
1.0
1.0
1.0
1.0
1.0
1.0
1.0
1.0
1.0
1.0
1.0
0.2830188679245283
0.2962962962962963
0.3090909090909091
0.32142857142857145
0.3333333333333333
0.3448275862068966
0.3559322033898305
0.36666666666666664
0.3770491803278688
0.2891566265060241
0.2976190476190476
0.3058823529411765
0.313953488372093
0.3218390804597701
0.32954545454545453
0.33707865168539325
0.34444444444444444
0.3516483516483517
0.358695652173913
0.3655913978494624
0.3723404255319149
0.37894736842105264
0.3854166666666667
0.3917525773195876
0.3979591836734694
0.40404040404040403
0.41
0.4158415841584158
0.4215686274509804
0.42718446601941745
0.4326923076923077
0.4380952380952381
0.44339622641509435
0.4485981308411215
0.4537037037037037
0.45871559633027525
0.4636363636363636
0.46846846846846846
0.4732142857142857
0.4778761061946903
0.4824561403508772
0.48695652173913045
0.49137931034482757
0.3118279569892473
0.3155080213903743
0.3191489361702128
0.32275132275132273
0.3263157894736842
0.3298429319371728
0.3333333333333333
0.33678756476683935
0.3402061855670103
0.3435897435897436
0.3469387755102041
0.350253807106599
0.35353535353535354
0.35678391959798994
0.36
0.36318407960199006
0.36633663366336633
0.30120481927710846
1.0
1.0
1.0
1.0
1.0
1.0
1.0
1.0
1.0
1.0
1.0
1.0
1.0
1.0
1.0
1.0
1.0
1.0
1.0
1.0
1.0
1.0
1.0
1.0
1.0
1.0
1.0
1.0
1.0
1.0
1.0
1.0
1.0
1.0
1.0
1.0
1.0
1.0
1.0
1.0
1.0
1.0
1.0
1.0
1.0
1.0
1.0
1.0
1.0
1.0
1.0
1.0
1.0
1.0
1.0
1.0
1.0
1.0
1.0
1.0
1.0
1.0
1.0
1.0
1.0
1.0
1.0
1.0
1.0
1.0
1.0
1.0
1.0
1.0
1.0
1.0
1.0
1.0
1.0
1.0
1.0
1.0
1.0
1.0
1.0
1.0
1.0
1.0
1.0
1.0
1.0
1.0
1.0
1.0
1.0
1.0
1.0
1.0
1.0
1.0
1.0
1.0
1.0
1.0
1.0
1.0
1.0
1.0
1.0
1.0
1.0
1.0
1.0
1.0
1.0
