1.0
1.0
1.0
1.0
1.0
1.0
1.0
1.0
1.0
1.0
0.7
0.8
0.9
0.9090909090909091
0.9166666666666666
0.9230769230769231
0.9285714285714286
0.9333333333333333
0.9375
0.9411764705882353
0.9444444444444444
0.9473684210526315
0.95
0.9523809523809523
0.9545454545454546
1.0
1.0
1.0
1.0
1.0
1.0
1.0
1.0
1.0
1.0
1.0
0.7
0.7272727272727273
0.75
0.7692307692307693
0.7857142857142857
0.8
0.8125
0.8235294117647058
0.8333333333333334
0.8421052631578947
0.85
0.8571428571428571
0.8636363636363636
0.9090909090909091
0.9545454545454546
1.0
1.0
1.0
1.0
1.0
1.0
1.0
1.0
1.0
1.0
1.0
1.0
1.0
1.0
1.0
1.0
1.0
1.0
1.0
1.0
0.7
0.8
0.9
0.9090909090909091
0.9166666666666666
0.9230769230769231
0.9285714285714286
0.9333333333333333
0.9375
0.9411764705882353
0.9444444444444444
0.9473684210526315
0.95
0.9523809523809523
0.9545454545454546
1.0
1.0
1.0
1.0
1.0
1.0
1.0
1.0
1.0
1.0
1.0
0.7
0.7272727272727273
0.75
0.7692307692307693
0.7857142857142857
0.8
0.8125
0.8235294117647058
0.8333333333333334
0.8421052631578947
0.85
0.8571428571428571
0.8636363636363636
0.9090909090909091
0.9545454545454546
1.0
1.0
1.0
1.0
1.0
1.0
1.0
1.0
1.0
1.0
1.0
0.7
0.7272727272727273
0.75
0.7692307692307693
0.7857142857142857
0.8
0.8125
0.8235294117647058
0.8333333333333334
0.8421052631578947
0.85
0.8571428571428571
0.8636363636363636
0.9090909090909091
0.9545454545454546
1.0
1.0
1.0
1.0
1.0
1.0
1.0
1.0
1.0
1.0
1.0
0.7
0.7272727272727273
0.75
0.7692307692307693
0.7857142857142857
0.8
0.8125
0.8235294117647058
0.8333333333333334
0.8421052631578947
0.85
0.8571428571428571
0.8636363636363636
0.9090909090909091
0.9545454545454546
1.0
