1.0
1.0
1.0
0.3333333333333333
0.4166666666666667
0.5
0.5833333333333334
0.6666666666666666
0.75
0.8333333333333334
0.9166666666666666
1.0
1.0
1.0
1.0
0.3333333333333333
0.4166666666666667
0.5
0.5833333333333334
0.6666666666666666
0.75
0.8333333333333334
0.9166666666666666
1.0
1.0
1.0
1.0
1.0
1.0
1.0
0.3333333333333333
0.4166666666666667
0.5
0.5833333333333334
0.6666666666666666
0.75
0.8333333333333334
0.9166666666666666
1.0
1.0
1.0
1.0
0.3333333333333333
0.4166666666666667
0.5
0.5833333333333334
0.6666666666666666
0.75
0.8333333333333334
0.9166666666666666
1.0
1.0
1.0
1.0
0.3333333333333333
0.4166666666666667
0.5
0.5833333333333334
0.6666666666666666
0.75
0.8333333333333334
0.9166666666666666
1.0
1.0
1.0
1.0
0.3333333333333333
0.4166666666666667
0.5
0.5833333333333334
0.6666666666666666
0.75
0.8333333333333334
0.9166666666666666
1.0
