1.0
1.0
1.0
1.0
1.0
1.0
1.0
1.0
1.0
1.0
1.0
1.0
1.0
1.0
1.0
1.0
1.0
1.0
1.0
1.0
1.0
1.0
1.0
1.0
1.0
1.0
1.0
1.0
1.0
1.0
1.0
1.0
1.0
1.0
1.0
1.0
1.0
1.0
1.0
1.0
1.0
1.0
1.0
1.0
1.0
1.0
1.0
1.0
1.0
1.0
1.0
1.0
1.0
1.0
1.0
1.0
1.0
1.0
1.0
1.0
1.0
1.0
1.0
1.0
1.0
1.0
1.0
1.0
1.0
1.0
1.0
1.0
1.0
1.0
1.0
1.0
1.0
1.0
1.0
1.0
1.0
1.0
1.0
1.0
1.0
1.0
1.0
1.0
1.0
1.0
1.0
1.0
1.0
1.0
1.0
1.0
1.0
1.0
1.0
1.0
1.0
1.0
1.0
1.0
1.0
1.0
1.0
1.0
1.0
1.0
1.0
1.0
1.0
1.0
1.0
1.0
1.0
1.0
0.3268698060941828
0.3296398891966759
0.33240997229916897
0.33518005540166207
0.3379501385041551
0.3407202216066482
0.34349030470914127
0.3462603878116344
0.3490304709141274
0.3518005540166205
0.3545706371191136
0.3573407202216066
0.3601108033240997
0.3628808864265928
0.3656509695290859
0.3684210526315789
0.37119113573407203
0.3739612188365651
0.3767313019390582
0.37950138504155123
0.38227146814404434
0.3850415512465374
0.3878116343490305
0.39058171745152354
0.39335180055401664
0.3961218836565097
0.3988919667590028
0.40166204986149584
0.40443213296398894
0.407202216066482
0.4099722991689751
0.41274238227146814
0.4155124653739612
0.4182825484764543
0.42105263157894735
0.42382271468144045
0.4265927977839335
0.4293628808864266
0.43213296398891965
0.43490304709141275
0.4376731301939058
0.4404432132963989
0.44321329639889195
0.44598337950138506
0.4487534626038781
0.4515235457063712
0.45429362880886426
0.45706371191135736
0.4598337950138504
0.4626038781163435
0.46537396121883656
0.46814404432132967
0.4709141274238227
0.47368421052631576
0.47645429362880887
0.4792243767313019
0.481994459833795
0.48476454293628807
0.48753462603878117
0.4903047091412742
0.4930747922437673
0.49584487534626037
0.4986149584487535
0.5013850415512465
0.5041551246537396
0.5069252077562327
0.5096952908587258
0.5124653739612188
0.5152354570637119
0.518005540166205
0.5207756232686981
0.5235457063711911
0.5263157894736842
0.5290858725761773
0.5318559556786704
0.5346260387811634
0.5373961218836565
0.5401662049861495
0.5429362880886427
0.5457063711911357
0.5484764542936288
0.5512465373961218
0.554016620498615
0.556786703601108
0.5595567867036011
0.5623268698060941
0.5650969529085873
0.5678670360110804
0.5706371191135734
0.5734072022160664
0.5761772853185596
0.5789473684210527
0.5817174515235457
0.5844875346260388
0.5872576177285319
0.590027700831025
0.592797783933518
0.5955678670360111
0.5983379501385041
0.6011080332409973
0.6038781163434903
0.6066481994459834
0.6094182825484764
0.6121883656509696
0.6149584487534626
0.6177285318559557
0.6204986149584487
0.6232686980609419
0.6260387811634349
0.628808864265928
0.631578947368421
0.6343490304709142
0.6371191135734072
0.6398891966759003
0.6426592797783933
0.6454293628808865
0.6481994459833795
0.6509695290858726
0.6537396121883656
1.0
1.0
1.0
1.0
1.0
1.0
1.0
1.0
1.0
1.0
1.0
1.0
1.0
1.0
1.0
1.0
1.0
1.0
1.0
1.0
1.0
1.0
1.0
1.0
1.0
1.0
1.0
1.0
1.0
1.0
1.0
1.0
1.0
1.0
1.0
1.0
1.0
1.0
1.0
1.0
1.0
1.0
1.0
1.0
1.0
1.0
1.0
1.0
1.0
1.0
1.0
1.0
1.0
1.0
1.0
1.0
1.0
1.0
1.0
1.0
1.0
1.0
1.0
1.0
1.0
1.0
1.0
1.0
1.0
1.0
1.0
1.0
1.0
1.0
1.0
1.0
1.0
1.0
1.0
1.0
1.0
1.0
1.0
1.0
1.0
1.0
1.0
1.0
1.0
1.0
1.0
1.0
1.0
1.0
1.0
1.0
1.0
1.0
1.0
1.0
1.0
1.0
1.0
1.0
1.0
1.0
1.0
1.0
1.0
1.0
1.0
1.0
1.0
1.0
1.0
1.0
1.0
0.3268698060941828
0.3296398891966759
0.33240997229916897
0.33518005540166207
0.3379501385041551
0.3407202216066482
0.34349030470914127
0.3462603878116344
0.3490304709141274
0.3518005540166205
0.3545706371191136
0.3573407202216066
0.3601108033240997
0.3628808864265928
0.3656509695290859
0.3684210526315789
0.37119113573407203
0.3739612188365651
0.3767313019390582
0.37950138504155123
0.38227146814404434
0.3850415512465374
0.3878116343490305
0.39058171745152354
0.39335180055401664
0.3961218836565097
0.3988919667590028
0.40166204986149584
0.40443213296398894
0.407202216066482
0.4099722991689751
0.41274238227146814
0.4155124653739612
0.4182825484764543
0.42105263157894735
0.42382271468144045
0.4265927977839335
0.4293628808864266
0.43213296398891965
0.43490304709141275
0.4376731301939058
0.4404432132963989
0.44321329639889195
0.44598337950138506
0.4487534626038781
0.4515235457063712
0.45429362880886426
0.45706371191135736
0.4598337950138504
0.4626038781163435
0.46537396121883656
0.46814404432132967
0.4709141274238227
0.47368421052631576
0.47645429362880887
0.4792243767313019
0.481994459833795
0.48476454293628807
0.48753462603878117
0.4903047091412742
0.4930747922437673
0.49584487534626037
0.4986149584487535
0.5013850415512465
0.5041551246537396
0.5069252077562327
0.5096952908587258
0.5124653739612188
0.5152354570637119
0.518005540166205
0.5207756232686981
0.5235457063711911
0.5263157894736842
0.5290858725761773
0.5318559556786704
0.5346260387811634
0.5373961218836565
0.5401662049861495
0.5429362880886427
0.5457063711911357
0.5484764542936288
0.5512465373961218
0.554016620498615
0.556786703601108
0.5595567867036011
0.5623268698060941
0.5650969529085873
0.5678670360110804
0.5706371191135734
0.5734072022160664
0.5761772853185596
0.5789473684210527
0.5817174515235457
0.5844875346260388
0.5872576177285319
0.590027700831025
0.592797783933518
0.5955678670360111
0.5983379501385041
0.6011080332409973
0.6038781163434903
0.6066481994459834
0.6094182825484764
0.6121883656509696
0.6149584487534626
0.6177285318559557
0.6204986149584487
0.6232686980609419
0.6260387811634349
0.628808864265928
0.631578947368421
0.6343490304709142
0.6371191135734072
0.6398891966759003
0.6426592797783933
0.6454293628808865
0.6481994459833795
0.6509695290858726
0.6537396121883656
1.0
1.0
1.0
1.0
1.0
1.0
1.0
1.0
1.0
1.0
1.0
1.0
1.0
1.0
1.0
1.0
1.0
1.0
1.0
1.0
1.0
1.0
1.0
1.0
1.0
1.0
1.0
1.0
1.0
1.0
1.0
1.0
1.0
1.0
1.0
1.0
1.0
1.0
1.0
1.0
1.0
1.0
1.0
1.0
1.0
1.0
1.0
1.0
1.0
1.0
1.0
1.0
1.0
1.0
1.0
1.0
1.0
1.0
1.0
1.0
1.0
1.0
1.0
1.0
1.0
1.0
1.0
1.0
1.0
1.0
1.0
1.0
1.0
1.0
1.0
1.0
1.0
1.0
1.0
1.0
1.0
1.0
1.0
1.0
1.0
1.0
1.0
1.0
1.0
1.0
1.0
1.0
1.0
1.0
1.0
1.0
1.0
1.0
1.0
1.0
1.0
1.0
1.0
1.0
1.0
1.0
1.0
1.0
1.0
1.0
1.0
1.0
1.0
1.0
1.0
1.0
1.0
1.0
0.3268698060941828
0.3296398891966759
0.33240997229916897
0.33518005540166207
0.3379501385041551
0.3407202216066482
0.34349030470914127
0.3462603878116344
0.3490304709141274
0.3518005540166205
0.3545706371191136
0.3573407202216066
0.3601108033240997
0.3628808864265928
0.3656509695290859
0.3684210526315789
0.37119113573407203
0.3739612188365651
0.3767313019390582
0.37950138504155123
0.38227146814404434
0.3850415512465374
0.3878116343490305
0.39058171745152354
0.39335180055401664
0.3961218836565097
0.3988919667590028
0.40166204986149584
0.40443213296398894
0.407202216066482
0.4099722991689751
0.41274238227146814
0.4155124653739612
0.4182825484764543
0.42105263157894735
0.42382271468144045
0.4265927977839335
0.4293628808864266
0.43213296398891965
0.43490304709141275
0.4376731301939058
0.4404432132963989
0.44321329639889195
0.44598337950138506
0.4487534626038781
0.4515235457063712
0.45429362880886426
0.45706371191135736
0.4598337950138504
0.4626038781163435
0.46537396121883656
0.46814404432132967
0.4709141274238227
0.47368421052631576
0.47645429362880887
0.4792243767313019
0.481994459833795
0.48476454293628807
0.48753462603878117
0.4903047091412742
0.4930747922437673
0.49584487534626037
0.4986149584487535
0.5013850415512465
0.5041551246537396
0.5069252077562327
0.5096952908587258
0.5124653739612188
0.5152354570637119
0.518005540166205
0.5207756232686981
0.5235457063711911
0.5263157894736842
0.5290858725761773
0.5318559556786704
0.5346260387811634
0.5373961218836565
0.5401662049861495
0.5429362880886427
0.5457063711911357
0.5484764542936288
0.5512465373961218
0.554016620498615
0.556786703601108
0.5595567867036011
0.5623268698060941
0.5650969529085873
0.5678670360110804
0.5706371191135734
0.5734072022160664
0.5761772853185596
0.5789473684210527
0.5817174515235457
0.5844875346260388
0.5872576177285319
0.590027700831025
0.592797783933518
0.5955678670360111
0.5983379501385041
0.6011080332409973
0.6038781163434903
0.6066481994459834
0.6094182825484764
0.6121883656509696
0.6149584487534626
0.6177285318559557
0.6204986149584487
0.6232686980609419
0.6260387811634349
0.628808864265928
0.631578947368421
0.6343490304709142
0.6371191135734072
0.6398891966759003
0.6426592797783933
0.6454293628808865
0.6481994459833795
0.6509695290858726
0.6537396121883656
1.0
1.0
1.0
1.0
1.0
1.0
1.0
1.0
1.0
1.0
1.0
1.0
1.0
1.0
1.0
1.0
1.0
1.0
1.0
1.0
1.0
1.0
1.0
1.0
1.0
1.0
1.0
1.0
1.0
1.0
1.0
1.0
1.0
1.0
1.0
1.0
1.0
1.0
1.0
1.0
1.0
1.0
1.0
1.0
1.0
1.0
1.0
1.0
1.0
1.0
1.0
1.0
1.0
1.0
1.0
1.0
1.0
1.0
1.0
1.0
1.0
1.0
1.0
1.0
1.0
1.0
1.0
1.0
1.0
1.0
1.0
1.0
1.0
1.0
1.0
1.0
1.0
1.0
1.0
1.0
1.0
1.0
1.0
1.0
1.0
1.0
1.0
1.0
1.0
1.0
1.0
1.0
1.0
1.0
1.0
1.0
1.0
1.0
1.0
1.0
1.0
1.0
1.0
1.0
1.0
1.0
1.0
1.0
1.0
1.0
1.0
1.0
1.0
1.0
1.0
1.0
1.0
0.3268698060941828
0.3296398891966759
0.33240997229916897
0.33518005540166207
0.3379501385041551
0.3407202216066482
0.34349030470914127
0.3462603878116344
0.3490304709141274
0.3518005540166205
0.3545706371191136
0.3573407202216066
0.3601108033240997
0.3628808864265928
0.3656509695290859
0.3684210526315789
0.37119113573407203
0.3739612188365651
0.3767313019390582
0.37950138504155123
0.38227146814404434
0.3850415512465374
0.3878116343490305
0.39058171745152354
0.39335180055401664
0.3961218836565097
0.3988919667590028
0.40166204986149584
0.40443213296398894
0.407202216066482
0.4099722991689751
0.41274238227146814
0.4155124653739612
0.4182825484764543
0.42105263157894735
0.42382271468144045
0.4265927977839335
0.4293628808864266
0.43213296398891965
0.43490304709141275
0.4376731301939058
0.4404432132963989
0.44321329639889195
0.44598337950138506
0.4487534626038781
0.4515235457063712
0.45429362880886426
0.45706371191135736
0.4598337950138504
0.4626038781163435
0.46537396121883656
0.46814404432132967
0.4709141274238227
0.47368421052631576
0.47645429362880887
0.4792243767313019
0.481994459833795
0.48476454293628807
0.48753462603878117
0.4903047091412742
0.4930747922437673
0.49584487534626037
0.4986149584487535
0.5013850415512465
0.5041551246537396
0.5069252077562327
0.5096952908587258
0.5124653739612188
0.5152354570637119
0.518005540166205
0.5207756232686981
0.5235457063711911
0.5263157894736842
0.5290858725761773
0.5318559556786704
0.5346260387811634
0.5373961218836565
0.5401662049861495
0.5429362880886427
0.5457063711911357
0.5484764542936288
0.5512465373961218
0.554016620498615
0.556786703601108
0.5595567867036011
0.5623268698060941
0.5650969529085873
0.5678670360110804
0.5706371191135734
0.5734072022160664
0.5761772853185596
0.5789473684210527
0.5817174515235457
0.5844875346260388
0.5872576177285319
0.590027700831025
0.592797783933518
0.5955678670360111
0.5983379501385041
0.6011080332409973
0.6038781163434903
0.6066481994459834
0.6094182825484764
0.6121883656509696
0.6149584487534626
0.6177285318559557
0.6204986149584487
0.6232686980609419
0.6260387811634349
0.628808864265928
0.631578947368421
0.6343490304709142
0.6371191135734072
0.6398891966759003
0.6426592797783933
0.6454293628808865
0.6481994459833795
0.6509695290858726
0.6537396121883656
1.0
1.0
1.0
1.0
1.0
1.0
1.0
1.0
1.0
1.0
1.0
1.0
1.0
1.0
1.0
1.0
1.0
1.0
1.0
1.0
1.0
1.0
1.0
1.0
1.0
1.0
1.0
1.0
1.0
1.0
1.0
1.0
1.0
1.0
1.0
1.0
1.0
1.0
1.0
1.0
1.0
1.0
1.0
1.0
1.0
1.0
1.0
1.0
1.0
1.0
1.0
1.0
1.0
1.0
1.0
1.0
1.0
1.0
1.0
1.0
1.0
1.0
1.0
1.0
1.0
1.0
1.0
1.0
1.0
1.0
1.0
1.0
1.0
1.0
1.0
1.0
1.0
1.0
1.0
1.0
1.0
1.0
1.0
1.0
1.0
1.0
1.0
1.0
1.0
1.0
1.0
1.0
1.0
1.0
1.0
1.0
1.0
1.0
1.0
1.0
1.0
1.0
1.0
1.0
1.0
1.0
1.0
1.0
1.0
1.0
1.0
1.0
1.0
1.0
1.0
1.0
1.0
1.0
1.0
1.0
1.0
1.0
1.0
1.0
1.0
1.0
1.0
1.0
1.0
1.0
1.0
1.0
1.0
1.0
1.0
1.0
1.0
1.0
1.0
1.0
1.0
1.0
1.0
1.0
1.0
1.0
1.0
1.0
1.0
1.0
1.0
1.0
1.0
1.0
1.0
1.0
1.0
1.0
1.0
1.0
1.0
1.0
1.0
1.0
1.0
1.0
1.0
1.0
1.0
1.0
1.0
1.0
1.0
1.0
1.0
1.0
1.0
1.0
1.0
1.0
1.0
1.0
1.0
1.0
1.0
1.0
1.0
1.0
1.0
1.0
1.0
1.0
1.0
1.0
1.0
1.0
1.0
1.0
1.0
1.0
1.0
1.0
1.0
1.0
1.0
1.0
1.0
1.0
1.0
1.0
1.0
1.0
1.0
1.0
1.0
1.0
1.0
1.0
1.0
1.0
1.0
1.0
1.0
1.0
1.0
1.0
1.0
1.0
1.0
1.0
1.0
1.0
1.0
1.0
1.0
1.0
0.3268698060941828
0.3296398891966759
0.33240997229916897
0.33518005540166207
0.3379501385041551
0.3407202216066482
0.34349030470914127
0.3462603878116344
0.3490304709141274
0.3518005540166205
0.3545706371191136
0.3573407202216066
0.3601108033240997
0.3628808864265928
0.3656509695290859
0.3684210526315789
0.37119113573407203
0.3739612188365651
0.3767313019390582
0.37950138504155123
0.38227146814404434
0.3850415512465374
0.3878116343490305
0.39058171745152354
0.39335180055401664
0.3961218836565097
0.3988919667590028
0.40166204986149584
0.40443213296398894
0.407202216066482
0.4099722991689751
0.41274238227146814
0.4155124653739612
0.4182825484764543
0.42105263157894735
0.42382271468144045
0.4265927977839335
0.4293628808864266
0.43213296398891965
0.43490304709141275
0.4376731301939058
0.4404432132963989
0.44321329639889195
0.44598337950138506
0.4487534626038781
0.4515235457063712
0.45429362880886426
0.45706371191135736
0.4598337950138504
0.4626038781163435
0.46537396121883656
0.46814404432132967
0.4709141274238227
0.47368421052631576
0.47645429362880887
0.4792243767313019
0.481994459833795
0.48476454293628807
0.48753462603878117
0.4903047091412742
0.4930747922437673
0.49584487534626037
0.4986149584487535
0.5013850415512465
0.5041551246537396
0.5069252077562327
0.5096952908587258
0.5124653739612188
0.5152354570637119
0.518005540166205
0.5207756232686981
0.5235457063711911
0.5263157894736842
0.5290858725761773
0.5318559556786704
0.5346260387811634
0.5373961218836565
0.5401662049861495
0.5429362880886427
0.5457063711911357
0.5484764542936288
0.5512465373961218
0.554016620498615
0.556786703601108
0.5595567867036011
0.5623268698060941
0.5650969529085873
0.5678670360110804
0.5706371191135734
0.5734072022160664
0.5761772853185596
0.5789473684210527
0.5817174515235457
0.5844875346260388
0.5872576177285319
0.590027700831025
0.592797783933518
0.5955678670360111
0.5983379501385041
0.6011080332409973
0.6038781163434903
0.6066481994459834
0.6094182825484764
0.6121883656509696
0.6149584487534626
0.6177285318559557
0.6204986149584487
0.6232686980609419
0.6260387811634349
0.628808864265928
0.631578947368421
0.6343490304709142
0.6371191135734072
0.6398891966759003
0.6426592797783933
0.6454293628808865
0.6481994459833795
0.6509695290858726
0.6537396121883656
1.0
1.0
1.0
1.0
1.0
1.0
1.0
1.0
1.0
1.0
1.0
1.0
1.0
1.0
1.0
1.0
1.0
1.0
1.0
1.0
1.0
1.0
1.0
1.0
1.0
1.0
1.0
1.0
1.0
1.0
1.0
1.0
1.0
1.0
1.0
1.0
1.0
1.0
1.0
1.0
1.0
1.0
1.0
1.0
1.0
1.0
1.0
1.0
1.0
1.0
1.0
1.0
1.0
1.0
1.0
1.0
1.0
1.0
1.0
1.0
1.0
1.0
1.0
1.0
1.0
1.0
1.0
1.0
1.0
1.0
1.0
1.0
1.0
1.0
1.0
1.0
1.0
1.0
1.0
1.0
1.0
1.0
1.0
1.0
1.0
1.0
1.0
1.0
1.0
1.0
1.0
1.0
1.0
1.0
1.0
1.0
1.0
1.0
1.0
1.0
1.0
1.0
1.0
1.0
1.0
1.0
1.0
1.0
1.0
1.0
1.0
1.0
1.0
1.0
1.0
1.0
1.0
1.0
1.0
1.0
1.0
1.0
1.0
1.0
1.0
1.0
1.0
1.0
1.0
1.0
1.0
1.0
1.0
1.0
1.0
1.0
1.0
1.0
1.0
1.0
1.0
1.0
1.0
1.0
1.0
1.0
1.0
1.0
1.0
1.0
1.0
1.0
1.0
1.0
1.0
1.0
1.0
1.0
1.0
1.0
1.0
1.0
1.0
1.0
1.0
1.0
1.0
1.0
1.0
1.0
1.0
1.0
1.0
1.0
1.0
1.0
1.0
1.0
1.0
1.0
1.0
1.0
1.0
1.0
1.0
1.0
1.0
1.0
1.0
1.0
1.0
1.0
1.0
1.0
1.0
1.0
1.0
1.0
1.0
1.0
1.0
1.0
1.0
1.0
1.0
1.0
1.0
1.0
1.0
1.0
1.0
1.0
1.0
1.0
1.0
1.0
1.0
1.0
1.0
1.0
1.0
1.0
1.0
1.0
1.0
1.0
1.0
1.0
1.0
1.0
1.0
1.0
1.0
1.0
0.3268698060941828
0.3296398891966759
0.33240997229916897
0.33518005540166207
0.3379501385041551
0.3407202216066482
0.34349030470914127
0.3462603878116344
0.3490304709141274
0.3518005540166205
0.3545706371191136
0.3573407202216066
0.3601108033240997
0.3628808864265928
0.3656509695290859
0.3684210526315789
0.37119113573407203
0.3739612188365651
0.3767313019390582
0.37950138504155123
0.38227146814404434
0.3850415512465374
0.3878116343490305
0.39058171745152354
0.39335180055401664
0.3961218836565097
0.3988919667590028
0.40166204986149584
0.40443213296398894
0.407202216066482
0.4099722991689751
0.41274238227146814
0.4155124653739612
0.4182825484764543
0.42105263157894735
0.42382271468144045
0.4265927977839335
0.4293628808864266
0.43213296398891965
0.43490304709141275
0.4376731301939058
0.4404432132963989
0.44321329639889195
0.44598337950138506
0.4487534626038781
0.4515235457063712
0.45429362880886426
0.45706371191135736
0.4598337950138504
0.4626038781163435
0.46537396121883656
0.46814404432132967
0.4709141274238227
0.47368421052631576
0.47645429362880887
0.4792243767313019
0.481994459833795
0.48476454293628807
0.48753462603878117
0.4903047091412742
0.4930747922437673
0.49584487534626037
0.4986149584487535
0.5013850415512465
0.5041551246537396
0.5069252077562327
0.5096952908587258
0.5124653739612188
0.5152354570637119
0.518005540166205
0.5207756232686981
0.5235457063711911
0.5263157894736842
0.5290858725761773
0.5318559556786704
0.5346260387811634
0.5373961218836565
0.5401662049861495
0.5429362880886427
0.5457063711911357
0.5484764542936288
0.5512465373961218
0.554016620498615
0.556786703601108
0.5595567867036011
0.5623268698060941
0.5650969529085873
0.5678670360110804
0.5706371191135734
0.5734072022160664
0.5761772853185596
0.5789473684210527
0.5817174515235457
0.5844875346260388
0.5872576177285319
0.590027700831025
0.592797783933518
0.5955678670360111
0.5983379501385041
0.6011080332409973
0.6038781163434903
0.6066481994459834
0.6094182825484764
0.6121883656509696
0.6149584487534626
0.6177285318559557
0.6204986149584487
0.6232686980609419
0.6260387811634349
0.628808864265928
0.631578947368421
0.6343490304709142
0.6371191135734072
0.6398891966759003
0.6426592797783933
0.6454293628808865
0.6481994459833795
0.6509695290858726
0.6537396121883656
1.0
1.0
1.0
1.0
1.0
1.0
1.0
1.0
1.0
1.0
1.0
1.0
1.0
1.0
1.0
1.0
1.0
1.0
1.0
1.0
1.0
1.0
1.0
1.0
1.0
1.0
1.0
1.0
1.0
1.0
1.0
1.0
1.0
1.0
1.0
1.0
1.0
1.0
1.0
1.0
1.0
1.0
1.0
1.0
1.0
1.0
1.0
1.0
1.0
1.0
1.0
1.0
1.0
1.0
1.0
1.0
1.0
1.0
1.0
1.0
1.0
1.0
1.0
1.0
1.0
1.0
1.0
1.0
1.0
1.0
1.0
1.0
1.0
1.0
1.0
1.0
1.0
1.0
1.0
1.0
1.0
1.0
1.0
1.0
1.0
1.0
1.0
1.0
1.0
1.0
1.0
1.0
1.0
1.0
1.0
1.0
1.0
1.0
1.0
1.0
1.0
1.0
1.0
1.0
1.0
1.0
1.0
1.0
1.0
1.0
1.0
1.0
1.0
1.0
1.0
1.0
1.0
1.0
0.3268698060941828
0.3296398891966759
0.33240997229916897
0.33518005540166207
0.3379501385041551
1.0
1.0
1.0
1.0
1.0
1.0
1.0
1.0
1.0
1.0
1.0
1.0
1.0
1.0
1.0
1.0
1.0
1.0
1.0
1.0
1.0
1.0
1.0
1.0
1.0
1.0
1.0
1.0
1.0
1.0
1.0
1.0
1.0
1.0
1.0
1.0
1.0
1.0
1.0
1.0
1.0
1.0
1.0
1.0
1.0
1.0
1.0
1.0
1.0
1.0
1.0
1.0
1.0
1.0
1.0
1.0
1.0
1.0
1.0
1.0
1.0
1.0
1.0
1.0
1.0
1.0
1.0
1.0
1.0
1.0
1.0
1.0
1.0
1.0
1.0
1.0
1.0
1.0
1.0
1.0
1.0
1.0
1.0
1.0
1.0
1.0
1.0
1.0
1.0
1.0
1.0
1.0
1.0
1.0
1.0
1.0
1.0
1.0
1.0
1.0
1.0
1.0
1.0
1.0
1.0
1.0
1.0
1.0
1.0
1.0
1.0
1.0
1.0
1.0
1.0
1.0
1.0
1.0
0.3268698060941828
0.3296398891966759
0.33240997229916897
0.33518005540166207
0.3379501385041551
0.3407202216066482
0.34349030470914127
0.3462603878116344
0.3490304709141274
0.3518005540166205
0.3545706371191136
0.3573407202216066
0.3601108033240997
0.3628808864265928
0.3656509695290859
0.3684210526315789
0.37119113573407203
0.3739612188365651
0.3767313019390582
0.37950138504155123
0.38227146814404434
0.3850415512465374
0.3878116343490305
0.39058171745152354
0.39335180055401664
0.3961218836565097
0.3988919667590028
0.40166204986149584
0.40443213296398894
0.407202216066482
0.4099722991689751
0.41274238227146814
0.4155124653739612
0.4182825484764543
0.42105263157894735
0.42382271468144045
0.4265927977839335
0.4293628808864266
0.43213296398891965
0.43490304709141275
0.4376731301939058
0.4404432132963989
0.44321329639889195
0.44598337950138506
0.4487534626038781
0.4515235457063712
0.45429362880886426
0.45706371191135736
0.4598337950138504
0.4626038781163435
0.46537396121883656
0.46814404432132967
0.4709141274238227
0.47368421052631576
0.47645429362880887
0.4792243767313019
0.481994459833795
0.48476454293628807
0.48753462603878117
0.4903047091412742
0.4930747922437673
0.49584487534626037
0.4986149584487535
0.5013850415512465
0.5041551246537396
0.5069252077562327
0.5096952908587258
0.5124653739612188
0.5152354570637119
0.518005540166205
0.5207756232686981
0.5235457063711911
0.5263157894736842
0.5290858725761773
0.5318559556786704
0.5346260387811634
0.5373961218836565
0.5401662049861495
0.5429362880886427
0.5457063711911357
0.5484764542936288
0.5512465373961218
0.554016620498615
0.556786703601108
0.5595567867036011
0.5623268698060941
0.5650969529085873
0.5678670360110804
0.5706371191135734
0.5734072022160664
0.5761772853185596
0.5789473684210527
0.5817174515235457
0.5844875346260388
0.5872576177285319
0.590027700831025
0.592797783933518
0.5955678670360111
0.5983379501385041
0.6011080332409973
0.6038781163434903
0.6066481994459834
0.6094182825484764
0.6121883656509696
0.6149584487534626
0.6177285318559557
0.6204986149584487
0.6232686980609419
0.6260387811634349
0.628808864265928
0.631578947368421
0.6343490304709142
0.6371191135734072
0.6398891966759003
0.6426592797783933
0.6454293628808865
0.6481994459833795
0.6509695290858726
0.6537396121883656
1.0
1.0
1.0
1.0
1.0
1.0
1.0
1.0
1.0
1.0
1.0
1.0
1.0
1.0
1.0
1.0
1.0
1.0
1.0
1.0
1.0
1.0
1.0
1.0
1.0
1.0
1.0
1.0
1.0
1.0
1.0
1.0
1.0
1.0
1.0
1.0
1.0
1.0
1.0
1.0
1.0
1.0
1.0
1.0
1.0
1.0
1.0
1.0
1.0
1.0
1.0
1.0
1.0
1.0
1.0
1.0
1.0
1.0
1.0
1.0
1.0
1.0
1.0
1.0
1.0
1.0
1.0
1.0
1.0
1.0
1.0
1.0
1.0
1.0
1.0
1.0
1.0
1.0
1.0
1.0
1.0
1.0
1.0
1.0
1.0
1.0
1.0
1.0
1.0
1.0
1.0
1.0
1.0
1.0
1.0
1.0
1.0
1.0
1.0
1.0
1.0
1.0
1.0
1.0
1.0
1.0
1.0
1.0
1.0
1.0
1.0
1.0
1.0
1.0
1.0
1.0
1.0
0.3268698060941828
0.3296398891966759
0.33240997229916897
0.33518005540166207
0.3379501385041551
0.3407202216066482
0.34349030470914127
0.3462603878116344
0.3490304709141274
0.3518005540166205
0.3545706371191136
0.3573407202216066
0.3601108033240997
0.3628808864265928
0.3656509695290859
0.3684210526315789
0.37119113573407203
0.3739612188365651
0.3767313019390582
0.37950138504155123
0.38227146814404434
0.3850415512465374
0.3878116343490305
0.39058171745152354
0.39335180055401664
0.3961218836565097
0.3988919667590028
0.40166204986149584
0.40443213296398894
0.407202216066482
0.4099722991689751
0.41274238227146814
0.4155124653739612
0.4182825484764543
0.42105263157894735
0.42382271468144045
0.4265927977839335
0.4293628808864266
0.43213296398891965
0.43490304709141275
0.4376731301939058
0.4404432132963989
0.44321329639889195
0.44598337950138506
0.4487534626038781
0.4515235457063712
0.45429362880886426
0.45706371191135736
0.4598337950138504
0.4626038781163435
0.46537396121883656
0.46814404432132967
0.4709141274238227
0.47368421052631576
0.47645429362880887
0.4792243767313019
0.481994459833795
0.48476454293628807
0.48753462603878117
0.4903047091412742
0.4930747922437673
0.49584487534626037
0.4986149584487535
0.5013850415512465
0.5041551246537396
0.5069252077562327
0.5096952908587258
0.5124653739612188
0.5152354570637119
0.518005540166205
0.5207756232686981
0.5235457063711911
0.5263157894736842
0.5290858725761773
0.5318559556786704
0.5346260387811634
0.5373961218836565
0.5401662049861495
0.5429362880886427
0.5457063711911357
0.5484764542936288
0.5512465373961218
0.554016620498615
0.556786703601108
0.5595567867036011
0.5623268698060941
0.5650969529085873
0.5678670360110804
0.5706371191135734
0.5734072022160664
0.5761772853185596
0.5789473684210527
0.5817174515235457
0.5844875346260388
0.5872576177285319
0.590027700831025
0.592797783933518
0.5955678670360111
0.5983379501385041
0.6011080332409973
0.6038781163434903
0.6066481994459834
0.6094182825484764
0.6121883656509696
0.6149584487534626
0.6177285318559557
0.6204986149584487
0.6232686980609419
0.6260387811634349
0.628808864265928
0.631578947368421
0.6343490304709142
0.6371191135734072
0.6398891966759003
0.6426592797783933
0.6454293628808865
0.6481994459833795
0.6509695290858726
0.6537396121883656
1.0
1.0
1.0
1.0
1.0
1.0
1.0
1.0
1.0
1.0
1.0
1.0
1.0
1.0
1.0
1.0
1.0
1.0
1.0
1.0
1.0
1.0
1.0
1.0
1.0
1.0
1.0
1.0
1.0
1.0
1.0
1.0
1.0
1.0
1.0
1.0
1.0
1.0
1.0
1.0
1.0
1.0
1.0
1.0
1.0
1.0
1.0
1.0
1.0
1.0
1.0
1.0
1.0
1.0
1.0
1.0
1.0
1.0
1.0
1.0
1.0
1.0
1.0
1.0
1.0
1.0
1.0
1.0
1.0
1.0
1.0
1.0
1.0
1.0
1.0
1.0
1.0
1.0
1.0
1.0
1.0
1.0
1.0
1.0
1.0
1.0
1.0
1.0
1.0
1.0
1.0
1.0
1.0
1.0
1.0
1.0
1.0
1.0
1.0
1.0
1.0
1.0
1.0
1.0
1.0
1.0
1.0
1.0
1.0
1.0
1.0
1.0
1.0
1.0
1.0
1.0
1.0
1.0
0.3268698060941828
0.3296398891966759
0.33240997229916897
0.33518005540166207
0.3379501385041551
0.3407202216066482
0.34349030470914127
0.3462603878116344
0.3490304709141274
0.3518005540166205
0.3545706371191136
0.3573407202216066
0.3601108033240997
0.3628808864265928
0.3656509695290859
0.3684210526315789
0.37119113573407203
0.3739612188365651
0.3767313019390582
0.37950138504155123
0.38227146814404434
0.3850415512465374
0.3878116343490305
0.39058171745152354
0.39335180055401664
0.3961218836565097
0.3988919667590028
0.40166204986149584
0.40443213296398894
0.407202216066482
0.4099722991689751
0.41274238227146814
0.4155124653739612
0.4182825484764543
0.42105263157894735
0.42382271468144045
0.4265927977839335
0.4293628808864266
0.43213296398891965
0.43490304709141275
0.4376731301939058
0.4404432132963989
0.44321329639889195
0.44598337950138506
0.4487534626038781
0.4515235457063712
0.45429362880886426
0.45706371191135736
0.4598337950138504
0.4626038781163435
0.46537396121883656
0.46814404432132967
0.4709141274238227
0.47368421052631576
0.47645429362880887
0.4792243767313019
0.481994459833795
0.48476454293628807
0.48753462603878117
0.4903047091412742
0.4930747922437673
0.49584487534626037
0.4986149584487535
0.5013850415512465
0.5041551246537396
0.5069252077562327
0.5096952908587258
0.5124653739612188
0.5152354570637119
0.518005540166205
0.5207756232686981
0.5235457063711911
0.5263157894736842
0.5290858725761773
0.5318559556786704
0.5346260387811634
0.5373961218836565
0.5401662049861495
0.5429362880886427
0.5457063711911357
0.5484764542936288
0.5512465373961218
0.554016620498615
0.556786703601108
0.5595567867036011
0.5623268698060941
0.5650969529085873
0.5678670360110804
0.5706371191135734
0.5734072022160664
0.5761772853185596
0.5789473684210527
0.5817174515235457
0.5844875346260388
0.5872576177285319
0.590027700831025
0.592797783933518
0.5955678670360111
0.5983379501385041
0.6011080332409973
0.6038781163434903
0.6066481994459834
0.6094182825484764
0.6121883656509696
0.6149584487534626
0.6177285318559557
0.6204986149584487
0.6232686980609419
0.6260387811634349
0.628808864265928
0.631578947368421
0.6343490304709142
0.6371191135734072
0.6398891966759003
0.6426592797783933
0.6454293628808865
0.6481994459833795
0.6509695290858726
0.6537396121883656
1.0
1.0
1.0
1.0
1.0
1.0
1.0
1.0
1.0
1.0
1.0
1.0
1.0
1.0
1.0
1.0
1.0
1.0
1.0
1.0
1.0
1.0
1.0
1.0
1.0
1.0
1.0
1.0
1.0
1.0
1.0
1.0
1.0
1.0
1.0
1.0
1.0
1.0
1.0
1.0
1.0
1.0
1.0
1.0
1.0
1.0
1.0
1.0
1.0
1.0
1.0
1.0
1.0
1.0
1.0
1.0
1.0
1.0
1.0
1.0
1.0
1.0
1.0
1.0
1.0
1.0
1.0
1.0
1.0
1.0
1.0
1.0
1.0
1.0
1.0
1.0
1.0
1.0
1.0
1.0
1.0
1.0
1.0
1.0
1.0
1.0
1.0
1.0
1.0
1.0
1.0
1.0
1.0
1.0
1.0
1.0
1.0
1.0
1.0
1.0
1.0
1.0
1.0
1.0
1.0
1.0
1.0
1.0
1.0
1.0
1.0
1.0
1.0
1.0
1.0
1.0
1.0
0.3268698060941828
0.3296398891966759
0.33240997229916897
0.33518005540166207
0.3379501385041551
0.3407202216066482
0.34349030470914127
0.3462603878116344
0.3490304709141274
0.3518005540166205
0.3545706371191136
0.3573407202216066
0.3601108033240997
0.3628808864265928
0.3656509695290859
0.3684210526315789
0.37119113573407203
0.3739612188365651
0.3767313019390582
0.37950138504155123
0.38227146814404434
0.3850415512465374
0.3878116343490305
0.39058171745152354
0.39335180055401664
0.3961218836565097
0.3988919667590028
0.40166204986149584
0.40443213296398894
0.407202216066482
0.4099722991689751
0.41274238227146814
0.4155124653739612
0.4182825484764543
0.42105263157894735
0.42382271468144045
0.4265927977839335
0.4293628808864266
0.43213296398891965
0.43490304709141275
0.4376731301939058
0.4404432132963989
0.44321329639889195
0.44598337950138506
0.4487534626038781
0.4515235457063712
0.45429362880886426
0.45706371191135736
0.4598337950138504
0.4626038781163435
0.46537396121883656
0.46814404432132967
0.4709141274238227
0.47368421052631576
0.47645429362880887
0.4792243767313019
0.481994459833795
0.48476454293628807
0.48753462603878117
0.4903047091412742
0.4930747922437673
0.49584487534626037
0.4986149584487535
0.5013850415512465
0.5041551246537396
0.5069252077562327
0.5096952908587258
0.5124653739612188
0.5152354570637119
0.518005540166205
0.5207756232686981
0.5235457063711911
0.5263157894736842
0.5290858725761773
0.5318559556786704
0.5346260387811634
0.5373961218836565
0.5401662049861495
0.5429362880886427
0.5457063711911357
0.5484764542936288
0.5512465373961218
0.554016620498615
0.556786703601108
0.5595567867036011
0.5623268698060941
0.5650969529085873
0.5678670360110804
0.5706371191135734
0.5734072022160664
0.5761772853185596
0.5789473684210527
0.5817174515235457
0.5844875346260388
0.5872576177285319
0.590027700831025
0.592797783933518
0.5955678670360111
0.5983379501385041
0.6011080332409973
0.6038781163434903
0.6066481994459834
0.6094182825484764
0.6121883656509696
0.6149584487534626
0.6177285318559557
0.6204986149584487
0.6232686980609419
0.6260387811634349
0.628808864265928
0.631578947368421
0.6343490304709142
0.6371191135734072
0.6398891966759003
0.6426592797783933
0.6454293628808865
0.6481994459833795
0.6509695290858726
0.6537396121883656
