1.0
1.0
1.0
1.0
1.0
1.0
0.5384615384615384
0.5714285714285714
0.6
0.625
0.6470588235294118
0.6666666666666666
0.30952380952380953
0.32558139534883723
0.3409090909090909
0.35555555555555557
0.3695652173913043
0.3829787234042553
0.3958333333333333
0.40816326530612246
0.42
0.43137254901960786
0.4423076923076923
0.4528301886792453
0.46296296296296297
0.4727272727272727
0.48214285714285715
0.49122807017543857
0.5
0.5084745762711864
0.5166666666666667
0.5245901639344263
0.532258064516129
0.5396825396825397
0.546875
0.5538461538461539
0.5606060606060606
0.5671641791044776
0.19306930693069307
0.19704433497536947
0.20098039215686275
0.2048780487804878
0.2087378640776699
0.21256038647342995
0.21634615384615385
0.22009569377990432
0.22380952380952382
0.22748815165876776
0.21777777777777776
0.22123893805309736
0.22466960352422907
0.22807017543859648
0.2314410480349345
0.23478260869565218
0.23809523809523808
1.0
1.0
1.0
1.0
1.0
1.0
0.5384615384615384
0.5714285714285714
0.6
0.625
0.6470588235294118
0.6666666666666666
0.30952380952380953
0.32558139534883723
0.3409090909090909
0.35555555555555557
0.3695652173913043
0.3829787234042553
0.3958333333333333
0.40816326530612246
0.42
0.43137254901960786
0.4423076923076923
0.4528301886792453
0.46296296296296297
0.4727272727272727
0.48214285714285715
0.49122807017543857
0.5
0.5084745762711864
0.5166666666666667
0.5245901639344263
0.532258064516129
0.5396825396825397
0.546875
0.5538461538461539
0.5606060606060606
0.5671641791044776
0.19306930693069307
0.19704433497536947
0.20098039215686275
0.2048780487804878
0.2087378640776699
0.21256038647342995
0.21634615384615385
0.22009569377990432
0.22380952380952382
0.22748815165876776
0.21777777777777776
0.22123893805309736
0.22466960352422907
0.22807017543859648
0.2314410480349345
0.23478260869565218
0.23809523809523808
1.0
1.0
1.0
1.0
1.0
1.0
1.0
1.0
1.0
1.0
1.0
1.0
1.0
1.0
1.0
1.0
1.0
1.0
1.0
1.0
1.0
1.0
1.0
1.0
1.0
1.0
1.0
1.0
1.0
1.0
1.0
1.0
1.0
1.0
1.0
1.0
1.0
1.0
1.0
1.0
1.0
1.0
1.0
1.0
1.0
1.0
1.0
1.0
1.0
1.0
1.0
1.0
1.0
1.0
1.0
1.0
1.0
1.0
1.0
1.0
1.0
0.5384615384615384
0.5714285714285714
0.6
0.625
0.6470588235294118
0.6666666666666666
0.30952380952380953
0.32558139534883723
0.3409090909090909
0.35555555555555557
0.3695652173913043
0.3829787234042553
0.3958333333333333
0.40816326530612246
0.42
0.43137254901960786
0.4423076923076923
0.4528301886792453
0.46296296296296297
0.4727272727272727
0.48214285714285715
0.49122807017543857
0.5
0.5084745762711864
0.5166666666666667
0.5245901639344263
0.532258064516129
0.5396825396825397
0.546875
0.5538461538461539
0.5606060606060606
0.5671641791044776
0.19306930693069307
0.19704433497536947
0.20098039215686275
0.2048780487804878
0.2087378640776699
0.21256038647342995
0.21634615384615385
0.22009569377990432
0.22380952380952382
0.22748815165876776
0.21777777777777776
0.22123893805309736
0.22466960352422907
0.22807017543859648
0.2314410480349345
0.23478260869565218
0.23809523809523808
1.0
1.0
1.0
1.0
1.0
1.0
0.5384615384615384
0.5714285714285714
0.6
0.625
0.6470588235294118
0.6666666666666666
0.30952380952380953
0.32558139534883723
0.3409090909090909
0.35555555555555557
0.3695652173913043
0.3829787234042553
0.3958333333333333
0.40816326530612246
0.42
0.43137254901960786
0.4423076923076923
0.4528301886792453
0.46296296296296297
0.4727272727272727
0.48214285714285715
0.49122807017543857
0.5
0.5084745762711864
0.5166666666666667
0.5245901639344263
0.532258064516129
0.5396825396825397
0.546875
0.5538461538461539
0.5606060606060606
0.5671641791044776
0.19306930693069307
0.19704433497536947
0.20098039215686275
0.2048780487804878
0.2087378640776699
0.21256038647342995
0.21634615384615385
0.22009569377990432
0.22380952380952382
0.22748815165876776
0.21777777777777776
0.22123893805309736
0.22466960352422907
0.22807017543859648
0.2314410480349345
0.23478260869565218
0.23809523809523808
1.0
1.0
1.0
1.0
1.0
1.0
0.5384615384615384
0.5714285714285714
0.6
0.625
0.6470588235294118
0.6666666666666666
0.30952380952380953
0.32558139534883723
0.3409090909090909
0.35555555555555557
0.3695652173913043
0.3829787234042553
0.3958333333333333
0.40816326530612246
0.42
0.43137254901960786
0.4423076923076923
0.4528301886792453
0.46296296296296297
0.4727272727272727
0.48214285714285715
0.49122807017543857
0.5
0.5084745762711864
0.5166666666666667
0.5245901639344263
0.532258064516129
0.5396825396825397
0.546875
0.5538461538461539
0.5606060606060606
0.5671641791044776
0.19306930693069307
0.19704433497536947
0.20098039215686275
0.2048780487804878
0.2087378640776699
0.21256038647342995
0.21634615384615385
0.22009569377990432
0.22380952380952382
0.22748815165876776
0.21777777777777776
0.22123893805309736
0.22466960352422907
0.22807017543859648
0.2314410480349345
0.23478260869565218
0.23809523809523808
1.0
1.0
1.0
1.0
1.0
1.0
0.5384615384615384
0.5714285714285714
0.6
0.625
0.6470588235294118
0.6666666666666666
0.30952380952380953
0.32558139534883723
0.3409090909090909
0.35555555555555557
0.3695652173913043
0.3829787234042553
0.3958333333333333
0.40816326530612246
0.42
0.43137254901960786
0.4423076923076923
0.4528301886792453
0.46296296296296297
0.4727272727272727
0.48214285714285715
0.49122807017543857
0.5
0.5084745762711864
0.5166666666666667
0.5245901639344263
0.532258064516129
0.5396825396825397
0.546875
0.5538461538461539
0.5606060606060606
0.5671641791044776
0.19306930693069307
0.19704433497536947
0.20098039215686275
0.2048780487804878
0.2087378640776699
0.21256038647342995
0.21634615384615385
0.22009569377990432
0.22380952380952382
0.22748815165876776
0.21777777777777776
0.22123893805309736
0.22466960352422907
0.22807017543859648
0.2314410480349345
0.23478260869565218
0.23809523809523808
