1.0
1.0
1.0
1.0
1.0
1.0
1.0
1.0
1.0
1.0
1.0
1.0
1.0
1.0
1.0
1.0
1.0
1.0
1.0
1.0
1.0
1.0
1.0
1.0
1.0
1.0
1.0
1.0
1.0
1.0
1.0
1.0
1.0
0.15668202764976957
0.16129032258064516
0.16589861751152074
0.17050691244239632
0.17511520737327188
0.17972350230414746
0.18433179723502305
0.1889400921658986
0.1935483870967742
0.19815668202764977
0.20276497695852536
0.2073732718894009
0.2119815668202765
0.21658986175115208
0.22119815668202766
0.22580645161290322
0.2304147465437788
0.2350230414746544
0.23963133640552994
0.24423963133640553
0.2488479262672811
0.2534562211981567
0.25806451612903225
0.2626728110599078
0.2672811059907834
0.271889400921659
0.2764976958525346
0.28110599078341014
0.2857142857142857
0.2903225806451613
0.29493087557603687
0.2995391705069124
0.30414746543778803
0.3087557603686636
0.31336405529953915
0.31797235023041476
0.3225806451612903
0.3271889400921659
0.3317972350230415
0.33640552995391704
0.34101382488479265
0.3456221198156682
0.35023041474654376
0.3548387096774194
0.35944700460829493
0.3640552995391705
0.3686635944700461
0.37327188940092165
0.3778801843317972
0.3824884792626728
0.3870967741935484
0.391705069124424
0.39631336405529954
0.4009216589861751
0.4055299539170507
0.41013824884792627
0.4147465437788018
0.41935483870967744
0.423963133640553
0.42857142857142855
0.43317972350230416
0.4377880184331797
0.4423963133640553
0.4470046082949309
0.45161290322580644
0.45622119815668205
0.4608294930875576
0.46543778801843316
0.4700460829493088
0.47465437788018433
0.4792626728110599
0.4838709677419355
0.48847926267281105
0.4930875576036866
0.4976958525345622
0.5023041474654378
0.5069124423963134
0.511520737327189
0.5161290322580645
0.5207373271889401
0.5253456221198156
0.5299539170506913
0.5345622119815668
0.5391705069124424
0.543778801843318
0.5483870967741935
0.5529953917050692
0.5576036866359447
0.5622119815668203
0.5668202764976958
0.5714285714285714
0.576036866359447
0.5806451612903226
0.5852534562211982
0.5898617511520737
0.5944700460829493
0.5990783410138248
0.6036866359447005
0.6082949308755761
0.6129032258064516
0.6175115207373272
0.6221198156682027
0.6267281105990783
0.631336405529954
0.6359447004608295
0.6405529953917051
0.6451612903225806
0.6497695852534562
0.6543778801843319
0.6589861751152074
0.663594470046083
0.6682027649769585
0.6728110599078341
0.6774193548387096
0.6820276497695853
0.6866359447004609
0.6912442396313364
0.695852534562212
0.7004608294930875
0.7050691244239631
1.0
1.0
1.0
1.0
1.0
1.0
1.0
1.0
1.0
1.0
1.0
1.0
1.0
1.0
1.0
1.0
1.0
1.0
1.0
1.0
1.0
1.0
1.0
1.0
1.0
1.0
1.0
1.0
1.0
1.0
1.0
1.0
1.0
0.15668202764976957
0.16129032258064516
0.16589861751152074
0.17050691244239632
0.17511520737327188
0.17972350230414746
0.18433179723502305
0.1889400921658986
0.1935483870967742
0.19815668202764977
0.20276497695852536
0.2073732718894009
0.2119815668202765
0.21658986175115208
0.22119815668202766
0.22580645161290322
0.2304147465437788
0.2350230414746544
0.23963133640552994
0.24423963133640553
0.2488479262672811
0.2534562211981567
0.25806451612903225
0.2626728110599078
0.2672811059907834
0.271889400921659
0.2764976958525346
0.28110599078341014
0.2857142857142857
0.2903225806451613
0.29493087557603687
0.2995391705069124
0.30414746543778803
0.3087557603686636
0.31336405529953915
0.31797235023041476
0.3225806451612903
0.3271889400921659
0.3317972350230415
0.33640552995391704
0.34101382488479265
0.3456221198156682
0.35023041474654376
0.3548387096774194
0.35944700460829493
0.3640552995391705
0.3686635944700461
0.37327188940092165
0.3778801843317972
0.3824884792626728
0.3870967741935484
0.391705069124424
0.39631336405529954
0.4009216589861751
0.4055299539170507
0.41013824884792627
0.4147465437788018
0.41935483870967744
0.423963133640553
0.42857142857142855
0.43317972350230416
0.4377880184331797
0.4423963133640553
0.4470046082949309
0.45161290322580644
0.45622119815668205
0.4608294930875576
0.46543778801843316
0.4700460829493088
0.47465437788018433
0.4792626728110599
0.4838709677419355
0.48847926267281105
0.4930875576036866
0.4976958525345622
0.5023041474654378
0.5069124423963134
0.511520737327189
0.5161290322580645
0.5207373271889401
0.5253456221198156
0.5299539170506913
0.5345622119815668
0.5391705069124424
0.543778801843318
0.5483870967741935
0.5529953917050692
0.5576036866359447
0.5622119815668203
0.5668202764976958
0.5714285714285714
0.576036866359447
0.5806451612903226
0.5852534562211982
0.5898617511520737
0.5944700460829493
0.5990783410138248
0.6036866359447005
0.6082949308755761
0.6129032258064516
0.6175115207373272
0.6221198156682027
0.6267281105990783
0.631336405529954
0.6359447004608295
0.6405529953917051
0.6451612903225806
0.6497695852534562
0.6543778801843319
0.6589861751152074
0.663594470046083
0.6682027649769585
0.6728110599078341
0.6774193548387096
0.6820276497695853
0.6866359447004609
0.6912442396313364
0.695852534562212
0.7004608294930875
0.7050691244239631
1.0
1.0
1.0
1.0
1.0
1.0
1.0
1.0
1.0
1.0
1.0
1.0
1.0
1.0
1.0
1.0
1.0
1.0
1.0
1.0
1.0
1.0
1.0
1.0
1.0
1.0
1.0
1.0
1.0
1.0
1.0
1.0
1.0
0.6666666666666666
0.6862745098039216
0.7058823529411765
0.7254901960784313
0.7450980392156863
0.7647058823529411
0.7843137254901961
0.803921568627451
0.8235294117647058
0.8431372549019608
0.8627450980392157
0.8823529411764706
0.9019607843137255
0.9215686274509803
0.9411764705882353
0.9607843137254902
0.9803921568627451
1.0
1.0
1.0
1.0
1.0
1.0
1.0
1.0
1.0
1.0
1.0
1.0
1.0
1.0
1.0
1.0
1.0
1.0
1.0
1.0
1.0
1.0
1.0
1.0
1.0
1.0
1.0
1.0
1.0
1.0
1.0
1.0
1.0
1.0
0.15668202764976957
0.16129032258064516
0.16589861751152074
0.17050691244239632
0.17511520737327188
0.17972350230414746
0.18433179723502305
0.1889400921658986
0.1935483870967742
0.19815668202764977
0.20276497695852536
0.2073732718894009
0.2119815668202765
0.21658986175115208
0.22119815668202766
0.22580645161290322
0.2304147465437788
0.2350230414746544
0.23963133640552994
0.24423963133640553
0.2488479262672811
0.2534562211981567
0.25806451612903225
0.2626728110599078
0.2672811059907834
0.271889400921659
0.2764976958525346
0.28110599078341014
0.2857142857142857
0.2903225806451613
0.29493087557603687
0.2995391705069124
0.30414746543778803
0.3087557603686636
0.31336405529953915
0.31797235023041476
0.3225806451612903
0.3271889400921659
0.3317972350230415
0.33640552995391704
0.34101382488479265
0.3456221198156682
0.35023041474654376
0.3548387096774194
0.35944700460829493
0.3640552995391705
0.3686635944700461
0.37327188940092165
0.3778801843317972
0.3824884792626728
0.3870967741935484
0.391705069124424
0.39631336405529954
0.4009216589861751
0.4055299539170507
0.41013824884792627
0.4147465437788018
0.41935483870967744
0.423963133640553
0.42857142857142855
0.43317972350230416
0.4377880184331797
0.4423963133640553
0.4470046082949309
0.45161290322580644
0.45622119815668205
0.4608294930875576
0.46543778801843316
0.4700460829493088
0.47465437788018433
0.4792626728110599
0.4838709677419355
0.48847926267281105
0.4930875576036866
0.4976958525345622
0.5023041474654378
0.5069124423963134
0.511520737327189
0.5161290322580645
0.5207373271889401
0.5253456221198156
0.5299539170506913
0.5345622119815668
0.5391705069124424
0.543778801843318
0.5483870967741935
0.5529953917050692
0.5576036866359447
0.5622119815668203
0.5668202764976958
0.5714285714285714
0.576036866359447
0.5806451612903226
0.5852534562211982
0.5898617511520737
0.5944700460829493
0.5990783410138248
0.6036866359447005
0.6082949308755761
0.6129032258064516
0.6175115207373272
0.6221198156682027
0.6267281105990783
0.631336405529954
0.6359447004608295
0.6405529953917051
0.6451612903225806
0.6497695852534562
0.6543778801843319
0.6589861751152074
0.663594470046083
0.6682027649769585
0.6728110599078341
0.6774193548387096
0.6820276497695853
0.6866359447004609
0.6912442396313364
0.695852534562212
0.7004608294930875
0.7050691244239631
1.0
1.0
1.0
1.0
1.0
1.0
1.0
1.0
1.0
1.0
1.0
1.0
1.0
1.0
1.0
1.0
1.0
1.0
1.0
1.0
1.0
1.0
1.0
1.0
1.0
1.0
1.0
1.0
1.0
1.0
1.0
1.0
1.0
0.15668202764976957
0.16129032258064516
0.16589861751152074
0.17050691244239632
0.17511520737327188
0.17972350230414746
0.18433179723502305
0.1889400921658986
0.1935483870967742
0.19815668202764977
0.20276497695852536
0.2073732718894009
0.2119815668202765
0.21658986175115208
0.22119815668202766
0.22580645161290322
0.2304147465437788
0.2350230414746544
0.23963133640552994
0.24423963133640553
0.2488479262672811
0.2534562211981567
0.25806451612903225
0.2626728110599078
0.2672811059907834
0.271889400921659
0.2764976958525346
0.28110599078341014
1.0
1.0
1.0
1.0
1.0
1.0
1.0
1.0
1.0
1.0
1.0
1.0
1.0
1.0
1.0
1.0
1.0
1.0
1.0
1.0
1.0
1.0
1.0
1.0
1.0
1.0
1.0
1.0
1.0
1.0
1.0
1.0
1.0
0.15668202764976957
0.16129032258064516
0.16589861751152074
0.17050691244239632
0.17511520737327188
0.17972350230414746
0.18433179723502305
0.1889400921658986
0.1935483870967742
0.19815668202764977
0.20276497695852536
0.2073732718894009
0.2119815668202765
0.21658986175115208
0.22119815668202766
0.22580645161290322
0.2304147465437788
0.2350230414746544
0.23963133640552994
0.24423963133640553
0.2488479262672811
0.2534562211981567
0.25806451612903225
0.2626728110599078
0.2672811059907834
0.271889400921659
0.2764976958525346
0.28110599078341014
0.2857142857142857
0.2903225806451613
0.29493087557603687
0.2995391705069124
0.30414746543778803
0.3087557603686636
0.31336405529953915
0.31797235023041476
0.3225806451612903
0.3271889400921659
0.3317972350230415
0.33640552995391704
0.34101382488479265
0.3456221198156682
0.35023041474654376
0.3548387096774194
0.35944700460829493
0.3640552995391705
0.3686635944700461
0.37327188940092165
0.3778801843317972
0.3824884792626728
0.3870967741935484
0.391705069124424
0.39631336405529954
0.4009216589861751
0.4055299539170507
0.41013824884792627
0.4147465437788018
0.41935483870967744
0.423963133640553
0.42857142857142855
0.43317972350230416
0.4377880184331797
0.4423963133640553
0.4470046082949309
0.45161290322580644
0.45622119815668205
0.4608294930875576
0.46543778801843316
0.4700460829493088
0.47465437788018433
0.4792626728110599
0.4838709677419355
0.48847926267281105
0.4930875576036866
0.4976958525345622
0.5023041474654378
0.5069124423963134
0.511520737327189
0.5161290322580645
0.5207373271889401
1.0
1.0
1.0
1.0
1.0
1.0
1.0
1.0
1.0
1.0
1.0
1.0
1.0
1.0
1.0
1.0
1.0
1.0
1.0
1.0
1.0
1.0
1.0
1.0
1.0
1.0
1.0
1.0
1.0
1.0
1.0
1.0
1.0
0.15668202764976957
0.16129032258064516
0.16589861751152074
0.17050691244239632
0.17511520737327188
0.17972350230414746
0.18433179723502305
0.1889400921658986
0.1935483870967742
0.19815668202764977
0.20276497695852536
0.2073732718894009
0.2119815668202765
0.21658986175115208
0.22119815668202766
0.22580645161290322
0.2304147465437788
0.2350230414746544
0.23963133640552994
0.24423963133640553
0.2488479262672811
0.2534562211981567
0.25806451612903225
0.2626728110599078
0.2672811059907834
0.271889400921659
0.2764976958525346
0.28110599078341014
0.2857142857142857
0.2903225806451613
0.29493087557603687
0.2995391705069124
0.30414746543778803
0.3087557603686636
0.31336405529953915
0.31797235023041476
0.3225806451612903
0.3271889400921659
0.3317972350230415
0.33640552995391704
0.34101382488479265
0.3456221198156682
0.35023041474654376
0.3548387096774194
0.35944700460829493
0.3640552995391705
0.3686635944700461
0.37327188940092165
0.3778801843317972
0.3824884792626728
0.3870967741935484
0.391705069124424
0.39631336405529954
0.4009216589861751
0.4055299539170507
0.41013824884792627
0.4147465437788018
0.41935483870967744
0.423963133640553
0.42857142857142855
0.43317972350230416
0.4377880184331797
0.4423963133640553
0.4470046082949309
0.45161290322580644
0.45622119815668205
0.4608294930875576
0.46543778801843316
0.4700460829493088
0.47465437788018433
0.4792626728110599
0.4838709677419355
0.48847926267281105
0.4930875576036866
0.4976958525345622
0.5023041474654378
0.5069124423963134
0.511520737327189
0.5161290322580645
0.5207373271889401
0.5253456221198156
0.5299539170506913
0.5345622119815668
0.5391705069124424
0.543778801843318
0.5483870967741935
0.5529953917050692
0.5576036866359447
0.5622119815668203
0.5668202764976958
0.5714285714285714
0.576036866359447
0.5806451612903226
0.5852534562211982
0.5898617511520737
0.5944700460829493
0.5990783410138248
0.6036866359447005
0.6082949308755761
0.6129032258064516
0.6175115207373272
0.6221198156682027
0.6267281105990783
0.631336405529954
0.6359447004608295
0.6405529953917051
0.6451612903225806
0.6497695852534562
0.6543778801843319
0.6589861751152074
0.663594470046083
0.6682027649769585
0.6728110599078341
0.6774193548387096
0.6820276497695853
0.6866359447004609
0.6912442396313364
0.695852534562212
0.7004608294930875
0.7050691244239631
