1.0
1.0
1.0
1.0
1.0
1.0
1.0
1.0
1.0
1.0
1.0
1.0
1.0
1.0
1.0
1.0
1.0
1.0
1.0
1.0
1.0
1.0
1.0
1.0
1.0
1.0
1.0
1.0
1.0
1.0
1.0
1.0
1.0
1.0
1.0
1.0
1.0
0.31932773109243695
0.3277310924369748
0.33613445378151263
0.3445378151260504
0.35294117647058826
0.36134453781512604
0.3697478991596639
0.37815126050420167
0.3865546218487395
0.3949579831932773
0.40336134453781514
0.4117647058823529
0.42016806722689076
0.42857142857142855
0.4369747899159664
0.44537815126050423
0.453781512605042
0.46218487394957986
0.47058823529411764
0.4789915966386555
0.48739495798319327
0.4957983193277311
0.5042016806722689
0.5126050420168067
0.5210084033613446
0.5294117647058824
0.5378151260504201
0.5462184873949579
0.5546218487394958
0.5630252100840336
0.5714285714285714
0.5798319327731093
0.5882352941176471
0.5966386554621849
0.6050420168067226
0.6134453781512605
0.6218487394957983
0.6302521008403361
0.6386554621848739
0.6470588235294118
0.6554621848739496
0.6638655462184874
0.6722689075630253
0.680672268907563
0.6890756302521008
0.6974789915966386
0.7058823529411765
0.7142857142857143
0.7226890756302521
0.7310924369747899
0.7394957983193278
0.7478991596638656
0.7563025210084033
0.7647058823529411
0.773109243697479
0.7815126050420168
0.7899159663865546
0.7983193277310925
0.8067226890756303
0.8151260504201681
0.8235294117647058
0.8319327731092437
0.8403361344537815
0.8487394957983193
0.8571428571428571
0.865546218487395
0.8739495798319328
0.8823529411764706
0.8907563025210085
0.8991596638655462
0.907563025210084
0.9159663865546218
0.9243697478991597
0.9327731092436975
0.9411764705882353
0.9416666666666667
0.95
0.9583333333333334
0.9666666666666667
0.975
0.9833333333333333
0.9916666666666667
1.0
1.0
1.0
1.0
1.0
1.0
1.0
1.0
1.0
1.0
1.0
1.0
1.0
1.0
1.0
1.0
1.0
1.0
1.0
1.0
1.0
1.0
1.0
1.0
1.0
1.0
1.0
1.0
1.0
1.0
1.0
1.0
1.0
1.0
1.0
1.0
1.0
0.31932773109243695
0.3277310924369748
0.33613445378151263
0.3445378151260504
0.35294117647058826
0.36134453781512604
0.3697478991596639
0.37815126050420167
0.3865546218487395
0.3949579831932773
0.40336134453781514
0.4117647058823529
0.42016806722689076
0.42857142857142855
0.4369747899159664
0.44537815126050423
0.453781512605042
0.46218487394957986
0.47058823529411764
0.4789915966386555
0.48739495798319327
0.4957983193277311
0.5042016806722689
0.5126050420168067
0.5210084033613446
0.5294117647058824
0.5378151260504201
0.5462184873949579
0.5546218487394958
0.5630252100840336
0.5714285714285714
0.5798319327731093
0.5882352941176471
0.5966386554621849
0.6050420168067226
0.6134453781512605
0.6218487394957983
0.6302521008403361
0.6386554621848739
0.6470588235294118
0.6554621848739496
0.6638655462184874
0.6722689075630253
0.680672268907563
0.6890756302521008
0.6974789915966386
0.7058823529411765
0.7142857142857143
0.7226890756302521
0.7310924369747899
0.7394957983193278
0.7478991596638656
0.7563025210084033
0.7647058823529411
0.773109243697479
0.7815126050420168
0.7899159663865546
0.7983193277310925
0.8067226890756303
0.8151260504201681
0.8235294117647058
0.8319327731092437
0.8403361344537815
0.8487394957983193
0.8571428571428571
0.865546218487395
0.8739495798319328
0.8823529411764706
0.8907563025210085
0.8991596638655462
0.907563025210084
0.9159663865546218
0.9243697478991597
0.9327731092436975
0.9411764705882353
0.9416666666666667
0.95
0.9583333333333334
0.9666666666666667
0.975
0.9833333333333333
0.9916666666666667
1.0
1.0
1.0
1.0
1.0
1.0
1.0
1.0
1.0
1.0
1.0
1.0
1.0
1.0
1.0
1.0
1.0
1.0
1.0
1.0
1.0
1.0
1.0
1.0
1.0
1.0
1.0
1.0
1.0
1.0
1.0
1.0
1.0
1.0
1.0
1.0
1.0
0.31932773109243695
0.3277310924369748
0.33613445378151263
0.3445378151260504
0.35294117647058826
0.36134453781512604
0.3697478991596639
0.37815126050420167
0.3865546218487395
0.3949579831932773
0.40336134453781514
0.4117647058823529
0.42016806722689076
0.42857142857142855
0.4369747899159664
0.44537815126050423
0.453781512605042
0.46218487394957986
0.47058823529411764
0.4789915966386555
0.48739495798319327
0.4957983193277311
0.5042016806722689
0.5126050420168067
0.5210084033613446
0.5294117647058824
0.5378151260504201
0.5462184873949579
0.5546218487394958
0.5630252100840336
0.5714285714285714
0.5798319327731093
0.5882352941176471
0.5966386554621849
0.6050420168067226
0.6134453781512605
0.6218487394957983
0.6302521008403361
0.6386554621848739
0.6470588235294118
0.6554621848739496
0.6638655462184874
0.6722689075630253
0.680672268907563
0.6890756302521008
0.6974789915966386
0.7058823529411765
0.7142857142857143
0.7226890756302521
0.7310924369747899
0.7394957983193278
0.7478991596638656
0.7563025210084033
0.7647058823529411
0.773109243697479
0.7815126050420168
0.7899159663865546
0.7983193277310925
0.8067226890756303
0.8151260504201681
0.8235294117647058
0.8319327731092437
0.8403361344537815
0.8487394957983193
0.8571428571428571
0.865546218487395
0.8739495798319328
0.8823529411764706
0.8907563025210085
0.8991596638655462
0.907563025210084
0.9159663865546218
0.9243697478991597
0.9327731092436975
0.9411764705882353
0.9416666666666667
0.95
0.9583333333333334
0.9666666666666667
0.975
0.9833333333333333
0.9916666666666667
1.0
1.0
1.0
1.0
1.0
1.0
1.0
1.0
1.0
1.0
1.0
1.0
1.0
1.0
1.0
1.0
1.0
1.0
1.0
1.0
1.0
1.0
1.0
1.0
1.0
1.0
1.0
1.0
1.0
1.0
1.0
1.0
1.0
1.0
1.0
1.0
1.0
0.31932773109243695
0.3277310924369748
0.33613445378151263
0.3445378151260504
0.35294117647058826
0.36134453781512604
0.3697478991596639
0.37815126050420167
0.3865546218487395
0.3949579831932773
0.40336134453781514
0.4117647058823529
0.42016806722689076
0.42857142857142855
0.4369747899159664
0.44537815126050423
0.453781512605042
0.46218487394957986
0.47058823529411764
0.4789915966386555
0.48739495798319327
0.4957983193277311
0.5042016806722689
0.5126050420168067
0.5210084033613446
0.5294117647058824
0.5378151260504201
0.5462184873949579
0.5546218487394958
0.5630252100840336
0.5714285714285714
0.5798319327731093
0.5882352941176471
0.5966386554621849
0.6050420168067226
0.6134453781512605
0.6218487394957983
0.6302521008403361
0.6386554621848739
0.6470588235294118
0.6554621848739496
0.6638655462184874
0.6722689075630253
0.680672268907563
0.6890756302521008
0.6974789915966386
0.7058823529411765
0.7142857142857143
0.7226890756302521
0.7310924369747899
0.7394957983193278
0.7478991596638656
0.7563025210084033
0.7647058823529411
0.773109243697479
0.7815126050420168
0.7899159663865546
0.7983193277310925
0.8067226890756303
0.8151260504201681
0.8235294117647058
0.8319327731092437
0.8403361344537815
0.8487394957983193
0.8571428571428571
0.865546218487395
0.8739495798319328
0.8823529411764706
0.8907563025210085
0.8991596638655462
0.907563025210084
0.9159663865546218
0.9243697478991597
0.9327731092436975
0.9411764705882353
0.9416666666666667
0.95
0.9583333333333334
0.9666666666666667
0.975
0.9833333333333333
0.9916666666666667
1.0
1.0
1.0
1.0
1.0
1.0
1.0
1.0
1.0
1.0
1.0
1.0
1.0
1.0
1.0
1.0
1.0
1.0
1.0
1.0
1.0
1.0
1.0
1.0
1.0
1.0
1.0
1.0
1.0
1.0
1.0
1.0
1.0
1.0
1.0
1.0
1.0
1.0
1.0
1.0
1.0
1.0
1.0
1.0
1.0
1.0
1.0
1.0
1.0
1.0
1.0
1.0
1.0
1.0
1.0
1.0
1.0
1.0
1.0
1.0
1.0
1.0
1.0
1.0
1.0
1.0
1.0
1.0
1.0
1.0
1.0
1.0
1.0
0.31932773109243695
0.3277310924369748
0.33613445378151263
0.3445378151260504
0.35294117647058826
0.36134453781512604
0.3697478991596639
0.37815126050420167
0.3865546218487395
0.3949579831932773
0.40336134453781514
0.4117647058823529
0.42016806722689076
0.42857142857142855
0.4369747899159664
0.44537815126050423
0.453781512605042
0.46218487394957986
0.47058823529411764
0.4789915966386555
0.48739495798319327
0.4957983193277311
0.5042016806722689
0.5126050420168067
0.5210084033613446
0.5294117647058824
0.5378151260504201
0.5462184873949579
0.5546218487394958
0.5630252100840336
0.5714285714285714
0.5798319327731093
0.5882352941176471
0.5966386554621849
0.6050420168067226
0.6134453781512605
0.6218487394957983
0.6302521008403361
0.6386554621848739
0.6470588235294118
0.6554621848739496
0.6638655462184874
0.6722689075630253
0.680672268907563
0.6890756302521008
0.6974789915966386
0.7058823529411765
0.7142857142857143
0.7226890756302521
0.7310924369747899
0.7394957983193278
0.7478991596638656
0.7563025210084033
0.7647058823529411
0.773109243697479
0.7815126050420168
0.7899159663865546
0.7983193277310925
0.8067226890756303
0.8151260504201681
0.8235294117647058
0.8319327731092437
0.8403361344537815
0.8487394957983193
0.8571428571428571
0.865546218487395
0.8739495798319328
0.8823529411764706
0.8907563025210085
0.8991596638655462
0.907563025210084
0.9159663865546218
0.9243697478991597
0.9327731092436975
0.9411764705882353
0.9416666666666667
0.95
0.9583333333333334
0.9666666666666667
0.975
0.9833333333333333
0.9916666666666667
1.0
1.0
1.0
1.0
1.0
1.0
1.0
1.0
1.0
1.0
1.0
1.0
1.0
1.0
1.0
1.0
1.0
1.0
1.0
1.0
1.0
1.0
1.0
1.0
1.0
1.0
1.0
1.0
1.0
1.0
1.0
1.0
1.0
1.0
1.0
1.0
1.0
1.0
1.0
1.0
1.0
1.0
1.0
1.0
1.0
1.0
1.0
1.0
1.0
1.0
1.0
1.0
1.0
1.0
1.0
1.0
1.0
1.0
1.0
1.0
1.0
1.0
1.0
1.0
1.0
1.0
1.0
1.0
1.0
1.0
1.0
1.0
1.0
0.31932773109243695
0.3277310924369748
0.33613445378151263
0.3445378151260504
0.35294117647058826
0.36134453781512604
0.3697478991596639
0.37815126050420167
0.3865546218487395
0.3949579831932773
0.40336134453781514
0.4117647058823529
0.42016806722689076
0.42857142857142855
0.4369747899159664
0.44537815126050423
0.453781512605042
0.46218487394957986
0.47058823529411764
0.4789915966386555
0.48739495798319327
0.4957983193277311
0.5042016806722689
0.5126050420168067
0.5210084033613446
0.5294117647058824
0.5378151260504201
0.5462184873949579
0.5546218487394958
0.5630252100840336
0.5714285714285714
0.5798319327731093
0.5882352941176471
0.5966386554621849
0.6050420168067226
0.6134453781512605
0.6218487394957983
0.6302521008403361
0.6386554621848739
0.6470588235294118
0.6554621848739496
0.6638655462184874
0.6722689075630253
0.680672268907563
0.6890756302521008
0.6974789915966386
0.7058823529411765
0.7142857142857143
0.7226890756302521
0.7310924369747899
0.7394957983193278
0.7478991596638656
0.7563025210084033
0.7647058823529411
0.773109243697479
0.7815126050420168
0.7899159663865546
0.7983193277310925
0.8067226890756303
0.8151260504201681
0.8235294117647058
0.8319327731092437
0.8403361344537815
0.8487394957983193
0.8571428571428571
0.865546218487395
0.8739495798319328
0.8823529411764706
0.8907563025210085
0.8991596638655462
0.907563025210084
0.9159663865546218
0.9243697478991597
0.9327731092436975
0.9411764705882353
0.9416666666666667
0.95
0.9583333333333334
0.9666666666666667
0.975
0.9833333333333333
0.9916666666666667
1.0
1.0
1.0
1.0
1.0
1.0
1.0
1.0
1.0
1.0
1.0
1.0
1.0
1.0
1.0
1.0
1.0
1.0
1.0
1.0
1.0
1.0
1.0
1.0
1.0
1.0
1.0
1.0
1.0
1.0
1.0
1.0
1.0
1.0
1.0
1.0
1.0
0.31932773109243695
0.3277310924369748
0.33613445378151263
0.3445378151260504
0.35294117647058826
0.36134453781512604
0.3697478991596639
0.37815126050420167
0.3865546218487395
0.3949579831932773
0.40336134453781514
0.4117647058823529
0.42016806722689076
0.42857142857142855
0.4369747899159664
0.44537815126050423
0.453781512605042
0.46218487394957986
0.47058823529411764
0.4789915966386555
0.48739495798319327
0.4957983193277311
0.5042016806722689
0.5126050420168067
0.5210084033613446
0.5294117647058824
0.5378151260504201
0.5462184873949579
0.5546218487394958
0.5630252100840336
0.5714285714285714
0.5798319327731093
0.5882352941176471
0.5966386554621849
0.6050420168067226
0.6134453781512605
0.6218487394957983
0.6302521008403361
0.6386554621848739
0.6470588235294118
0.6554621848739496
0.6638655462184874
0.6722689075630253
0.680672268907563
0.6890756302521008
0.6974789915966386
0.7058823529411765
0.7142857142857143
0.7226890756302521
0.7310924369747899
0.7394957983193278
0.7478991596638656
0.7563025210084033
0.7647058823529411
0.773109243697479
0.7815126050420168
0.7899159663865546
0.7983193277310925
0.8067226890756303
0.8151260504201681
0.8235294117647058
0.8319327731092437
0.8403361344537815
0.8487394957983193
0.8571428571428571
0.865546218487395
0.8739495798319328
0.8823529411764706
0.8907563025210085
0.8991596638655462
0.907563025210084
0.9159663865546218
0.9243697478991597
0.9327731092436975
0.9411764705882353
0.9416666666666667
0.95
0.9583333333333334
0.9666666666666667
0.975
0.9833333333333333
0.9916666666666667
1.0
1.0
1.0
1.0
1.0
1.0
1.0
1.0
1.0
1.0
1.0
1.0
1.0
1.0
1.0
1.0
1.0
1.0
1.0
1.0
1.0
1.0
1.0
1.0
1.0
1.0
1.0
1.0
1.0
1.0
1.0
1.0
1.0
1.0
1.0
1.0
1.0
0.31932773109243695
0.3277310924369748
0.33613445378151263
0.3445378151260504
0.35294117647058826
0.36134453781512604
0.3697478991596639
0.37815126050420167
0.3865546218487395
0.3949579831932773
0.40336134453781514
0.4117647058823529
0.42016806722689076
0.42857142857142855
0.4369747899159664
0.44537815126050423
0.453781512605042
0.46218487394957986
0.47058823529411764
0.4789915966386555
0.48739495798319327
0.4957983193277311
0.5042016806722689
0.5126050420168067
0.5210084033613446
0.5294117647058824
0.5378151260504201
0.5462184873949579
0.5546218487394958
0.5630252100840336
0.5714285714285714
0.5798319327731093
0.5882352941176471
0.5966386554621849
0.6050420168067226
0.6134453781512605
0.6218487394957983
0.6302521008403361
0.6386554621848739
0.6470588235294118
0.6554621848739496
0.6638655462184874
0.6722689075630253
0.680672268907563
0.6890756302521008
0.6974789915966386
0.7058823529411765
0.7142857142857143
0.7226890756302521
0.7310924369747899
0.7394957983193278
0.7478991596638656
0.7563025210084033
0.7647058823529411
0.773109243697479
0.7815126050420168
0.7899159663865546
0.7983193277310925
0.8067226890756303
0.8151260504201681
0.8235294117647058
0.8319327731092437
0.8403361344537815
0.8487394957983193
0.8571428571428571
0.865546218487395
0.8739495798319328
0.8823529411764706
0.8907563025210085
0.8991596638655462
0.907563025210084
0.9159663865546218
0.9243697478991597
0.9327731092436975
0.9411764705882353
0.9416666666666667
0.95
0.9583333333333334
0.9666666666666667
0.975
0.9833333333333333
0.9916666666666667
1.0
1.0
1.0
1.0
1.0
1.0
1.0
1.0
1.0
1.0
1.0
1.0
1.0
1.0
1.0
1.0
1.0
1.0
1.0
1.0
1.0
1.0
1.0
1.0
1.0
1.0
1.0
1.0
1.0
1.0
1.0
1.0
1.0
1.0
1.0
1.0
1.0
0.31932773109243695
0.3277310924369748
0.33613445378151263
0.3445378151260504
0.35294117647058826
0.36134453781512604
0.3697478991596639
0.37815126050420167
0.3865546218487395
0.3949579831932773
0.40336134453781514
0.4117647058823529
0.42016806722689076
0.42857142857142855
0.4369747899159664
0.44537815126050423
0.453781512605042
0.46218487394957986
0.47058823529411764
0.4789915966386555
0.48739495798319327
0.4957983193277311
0.5042016806722689
0.5126050420168067
0.5210084033613446
0.5294117647058824
0.5378151260504201
0.5462184873949579
0.5546218487394958
0.5630252100840336
0.5714285714285714
0.5798319327731093
0.5882352941176471
0.5966386554621849
0.6050420168067226
0.6134453781512605
0.6218487394957983
0.6302521008403361
0.6386554621848739
0.6470588235294118
0.6554621848739496
0.6638655462184874
0.6722689075630253
0.680672268907563
0.6890756302521008
0.6974789915966386
0.7058823529411765
0.7142857142857143
0.7226890756302521
0.7310924369747899
0.7394957983193278
0.7478991596638656
0.7563025210084033
0.7647058823529411
0.773109243697479
0.7815126050420168
0.7899159663865546
0.7983193277310925
0.8067226890756303
0.8151260504201681
0.8235294117647058
0.8319327731092437
0.8403361344537815
0.8487394957983193
0.8571428571428571
0.865546218487395
0.8739495798319328
0.8823529411764706
0.8907563025210085
0.8991596638655462
0.907563025210084
0.9159663865546218
0.9243697478991597
0.9327731092436975
0.9411764705882353
0.9416666666666667
0.95
0.9583333333333334
0.9666666666666667
0.975
0.9833333333333333
0.9916666666666667
1.0
1.0
1.0
1.0
1.0
1.0
1.0
1.0
1.0
1.0
1.0
1.0
1.0
1.0
1.0
1.0
1.0
1.0
1.0
1.0
1.0
1.0
1.0
1.0
1.0
1.0
1.0
1.0
1.0
1.0
1.0
1.0
1.0
1.0
1.0
1.0
1.0
0.31932773109243695
0.3277310924369748
0.33613445378151263
0.3445378151260504
0.35294117647058826
0.36134453781512604
0.3697478991596639
0.37815126050420167
0.3865546218487395
0.3949579831932773
0.40336134453781514
0.4117647058823529
0.42016806722689076
0.42857142857142855
0.4369747899159664
0.44537815126050423
0.453781512605042
0.46218487394957986
0.47058823529411764
0.4789915966386555
0.48739495798319327
0.4957983193277311
0.5042016806722689
0.5126050420168067
0.5210084033613446
0.5294117647058824
0.5378151260504201
0.5462184873949579
0.5546218487394958
0.5630252100840336
0.5714285714285714
0.5798319327731093
0.5882352941176471
0.5966386554621849
0.6050420168067226
0.6134453781512605
0.6218487394957983
0.6302521008403361
0.6386554621848739
0.6470588235294118
0.6554621848739496
0.6638655462184874
0.6722689075630253
0.680672268907563
0.6890756302521008
0.6974789915966386
0.7058823529411765
0.7142857142857143
0.7226890756302521
0.7310924369747899
0.7394957983193278
0.7478991596638656
0.7563025210084033
0.7647058823529411
0.773109243697479
0.7815126050420168
0.7899159663865546
0.7983193277310925
0.8067226890756303
0.8151260504201681
0.8235294117647058
0.8319327731092437
0.8403361344537815
0.8487394957983193
0.8571428571428571
0.865546218487395
0.8739495798319328
0.8823529411764706
0.8907563025210085
0.8991596638655462
0.907563025210084
0.9159663865546218
0.9243697478991597
0.9327731092436975
0.9411764705882353
0.9416666666666667
0.95
0.9583333333333334
0.9666666666666667
0.975
0.9833333333333333
0.9916666666666667
1.0
1.0
1.0
1.0
1.0
1.0
1.0
1.0
1.0
1.0
1.0
1.0
1.0
1.0
1.0
1.0
1.0
1.0
1.0
1.0
1.0
1.0
1.0
1.0
1.0
1.0
1.0
1.0
1.0
1.0
1.0
1.0
1.0
1.0
1.0
1.0
1.0
0.31932773109243695
0.3277310924369748
0.33613445378151263
0.3445378151260504
0.35294117647058826
0.36134453781512604
0.3697478991596639
0.37815126050420167
0.3865546218487395
0.3949579831932773
0.40336134453781514
0.4117647058823529
0.42016806722689076
0.42857142857142855
0.4369747899159664
0.44537815126050423
0.453781512605042
0.46218487394957986
0.47058823529411764
0.4789915966386555
0.48739495798319327
0.4957983193277311
0.5042016806722689
0.5126050420168067
0.5210084033613446
0.5294117647058824
0.5378151260504201
0.5462184873949579
0.5546218487394958
0.5630252100840336
0.5714285714285714
0.5798319327731093
0.5882352941176471
0.5966386554621849
0.6050420168067226
0.6134453781512605
0.6218487394957983
0.6302521008403361
0.6386554621848739
0.6470588235294118
0.6554621848739496
0.6638655462184874
0.6722689075630253
0.680672268907563
0.6890756302521008
0.6974789915966386
0.7058823529411765
0.7142857142857143
0.7226890756302521
0.7310924369747899
0.7394957983193278
0.7478991596638656
0.7563025210084033
0.7647058823529411
0.773109243697479
0.7815126050420168
0.7899159663865546
0.7983193277310925
0.8067226890756303
0.8151260504201681
0.8235294117647058
0.8319327731092437
0.8403361344537815
0.8487394957983193
0.8571428571428571
0.865546218487395
0.8739495798319328
0.8823529411764706
0.8907563025210085
0.8991596638655462
0.907563025210084
0.9159663865546218
0.9243697478991597
0.9327731092436975
0.9411764705882353
0.9416666666666667
0.95
0.9583333333333334
0.9666666666666667
0.975
0.9833333333333333
0.9916666666666667
1.0
1.0
1.0
1.0
1.0
1.0
1.0
1.0
1.0
1.0
1.0
1.0
1.0
1.0
1.0
1.0
1.0
1.0
1.0
1.0
1.0
1.0
1.0
1.0
1.0
1.0
1.0
1.0
1.0
1.0
1.0
1.0
1.0
1.0
1.0
1.0
1.0
0.31932773109243695
0.3277310924369748
0.33613445378151263
0.3445378151260504
0.35294117647058826
0.36134453781512604
0.3697478991596639
0.37815126050420167
0.3865546218487395
0.3949579831932773
0.40336134453781514
0.4117647058823529
0.42016806722689076
0.42857142857142855
0.4369747899159664
0.44537815126050423
0.453781512605042
0.46218487394957986
0.47058823529411764
0.4789915966386555
0.48739495798319327
0.4957983193277311
0.5042016806722689
0.5126050420168067
0.5210084033613446
0.5294117647058824
0.5378151260504201
0.5462184873949579
0.5546218487394958
0.5630252100840336
0.5714285714285714
0.5798319327731093
0.5882352941176471
0.5966386554621849
0.6050420168067226
0.6134453781512605
0.6218487394957983
0.6302521008403361
0.6386554621848739
0.6470588235294118
0.6554621848739496
0.6638655462184874
0.6722689075630253
0.680672268907563
0.6890756302521008
0.6974789915966386
0.7058823529411765
0.7142857142857143
0.7226890756302521
0.7310924369747899
0.7394957983193278
0.7478991596638656
0.7563025210084033
0.7647058823529411
0.773109243697479
0.7815126050420168
0.7899159663865546
0.7983193277310925
0.8067226890756303
0.8151260504201681
0.8235294117647058
0.8319327731092437
0.8403361344537815
0.8487394957983193
0.8571428571428571
0.865546218487395
0.8739495798319328
0.8823529411764706
0.8907563025210085
0.8991596638655462
0.907563025210084
0.9159663865546218
0.9243697478991597
0.9327731092436975
0.9411764705882353
0.9416666666666667
0.95
0.9583333333333334
0.9666666666666667
0.975
0.9833333333333333
0.9916666666666667
