1.0
1.0
0.21428571428571427
0.2857142857142857
0.35714285714285715
0.42857142857142855
0.5
0.5714285714285714
0.6428571428571429
0.7142857142857143
0.7857142857142857
0.8571428571428571
0.9285714285714286
1.0
1.0
1.0
0.21428571428571427
0.2857142857142857
0.35714285714285715
0.42857142857142855
0.5
0.5714285714285714
0.6428571428571429
0.7142857142857143
0.7857142857142857
0.8571428571428571
0.9285714285714286
1.0
1.0
1.0
1.0
1.0
0.21428571428571427
0.2857142857142857
0.35714285714285715
0.42857142857142855
0.5
0.5714285714285714
0.6428571428571429
0.7142857142857143
0.7857142857142857
0.8571428571428571
0.9285714285714286
1.0
1.0
1.0
0.21428571428571427
0.2857142857142857
0.35714285714285715
0.42857142857142855
0.5
0.5714285714285714
0.6428571428571429
0.7142857142857143
0.7857142857142857
0.8571428571428571
0.9285714285714286
1.0
1.0
1.0
0.21428571428571427
0.2857142857142857
0.35714285714285715
0.42857142857142855
0.5
0.5714285714285714
0.6428571428571429
0.7142857142857143
0.7857142857142857
0.8571428571428571
0.9285714285714286
1.0
1.0
1.0
0.21428571428571427
0.2857142857142857
0.35714285714285715
0.42857142857142855
0.5
0.5714285714285714
0.6428571428571429
0.7142857142857143
0.7857142857142857
0.8571428571428571
0.9285714285714286
1.0
