1.0
1.0
0.1111111111111111
0.14814814814814814
0.18518518518518517
0.2222222222222222
0.25925925925925924
0.2962962962962963
0.32142857142857145
0.3448275862068966
0.36666666666666664
0.3870967741935484
0.40625
0.4375
0.45454545454545453
0.4
0.425
0.45
0.475
0.5
0.525
0.55
0.5609756097560976
0.42105263157894735
0.43859649122807015
0.45614035087719296
0.47368421052631576
0.49122807017543857
0.5087719298245614
0.5263157894736842
0.543859649122807
0.5614035087719298
0.5689655172413793
0.5074626865671642
0.5223880597014925
0.5373134328358209
0.5522388059701493
0.5671641791044776
0.582089552238806
0.5970149253731343
0.6119402985074627
0.6268656716417911
0.6323529411764706
0.5176470588235295
0.5294117647058824
0.5411764705882353
0.5529411764705883
0.5647058823529412
0.5764705882352941
0.5882352941176471
0.6
0.611764705882353
0.6235294117647059
0.6352941176470588
0.6395348837209303
0.6436781609195402
0.6404494382022472
0.651685393258427
0.6555555555555556
0.5454545454545454
0.5545454545454546
0.5636363636363636
0.5727272727272728
0.5818181818181818
0.5909090909090909
0.6
0.6090909090909091
0.6181818181818182
0.6272727272727273
0.6306306306306306
0.5419847328244275
0.549618320610687
0.5572519083969466
0.5648854961832062
0.5725190839694656
0.5801526717557252
0.5877862595419847
0.5954198473282443
0.6030534351145038
0.6106870229007634
0.6183206106870229
0.6259541984732825
0.6287878787878788
0.631578947368421
0.6343283582089553
0.6370370370370371
0.6397058823529411
0.6423357664233577
0.644927536231884
0.6474820143884892
0.65
0.6524822695035462
0.6549295774647887
0.6573426573426573
0.6597222222222222
0.6620689655172414
0.6643835616438356
0.6666666666666666
0.668918918918919
0.6756756756756757
0.6824324324324325
0.6891891891891891
0.6959459459459459
0.7027027027027027
0.7094594594594594
0.7162162162162162
0.722972972972973
0.7297297297297297
0.7364864864864865
0.7432432432432432
0.75
0.7567567567567568
0.7635135135135135
0.7702702702702703
1.0
1.0
0.1111111111111111
0.14814814814814814
0.18518518518518517
0.2222222222222222
0.25925925925925924
0.2962962962962963
0.32142857142857145
0.3448275862068966
0.36666666666666664
0.3870967741935484
0.40625
0.4375
0.45454545454545453
0.4
0.425
0.45
0.475
0.5
0.525
0.55
0.5609756097560976
0.42105263157894735
0.43859649122807015
0.45614035087719296
0.47368421052631576
0.49122807017543857
0.5087719298245614
0.5263157894736842
0.543859649122807
0.5614035087719298
0.5689655172413793
0.5074626865671642
0.5223880597014925
0.5373134328358209
0.5522388059701493
0.5671641791044776
0.582089552238806
0.5970149253731343
0.6119402985074627
0.6268656716417911
0.6323529411764706
0.5176470588235295
0.5294117647058824
0.5411764705882353
0.5529411764705883
0.5647058823529412
0.5764705882352941
0.5882352941176471
0.6
0.611764705882353
0.6235294117647059
0.6352941176470588
0.6395348837209303
0.6436781609195402
0.6404494382022472
0.651685393258427
0.6555555555555556
0.5454545454545454
0.5545454545454546
0.5636363636363636
0.5727272727272728
0.5818181818181818
0.5909090909090909
0.6
0.6090909090909091
0.6181818181818182
0.6272727272727273
0.6306306306306306
0.5419847328244275
0.549618320610687
0.5572519083969466
0.5648854961832062
0.5725190839694656
0.5801526717557252
0.5877862595419847
0.5954198473282443
0.6030534351145038
0.6106870229007634
0.6183206106870229
0.6259541984732825
0.6287878787878788
0.631578947368421
0.6343283582089553
0.6370370370370371
0.6397058823529411
0.6423357664233577
0.644927536231884
0.6474820143884892
0.65
0.6524822695035462
0.6549295774647887
0.6573426573426573
0.6597222222222222
0.6620689655172414
0.6643835616438356
0.6666666666666666
0.668918918918919
0.6756756756756757
0.6824324324324325
0.6891891891891891
0.6959459459459459
0.7027027027027027
0.7094594594594594
0.7162162162162162
0.722972972972973
0.7297297297297297
0.7364864864864865
0.7432432432432432
0.75
0.7567567567567568
0.7635135135135135
0.7702702702702703
1.0
1.0
1.0
1.0
0.1111111111111111
0.14814814814814814
0.18518518518518517
0.2222222222222222
0.25925925925925924
0.2962962962962963
0.32142857142857145
0.3448275862068966
0.36666666666666664
0.3870967741935484
0.40625
0.4375
0.45454545454545453
0.4
0.425
0.45
0.475
0.5
0.525
0.55
0.5609756097560976
0.42105263157894735
0.43859649122807015
0.45614035087719296
0.47368421052631576
0.49122807017543857
0.5087719298245614
0.5263157894736842
0.543859649122807
0.5614035087719298
0.5689655172413793
0.5074626865671642
0.5223880597014925
0.5373134328358209
0.5522388059701493
0.5671641791044776
0.582089552238806
0.5970149253731343
0.6119402985074627
0.6268656716417911
0.6323529411764706
0.5176470588235295
0.5294117647058824
0.5411764705882353
0.5529411764705883
0.5647058823529412
0.5764705882352941
0.5882352941176471
0.6
0.611764705882353
0.6235294117647059
0.6352941176470588
0.6395348837209303
0.6436781609195402
0.6404494382022472
0.651685393258427
0.6555555555555556
0.5454545454545454
0.5545454545454546
0.5636363636363636
0.5727272727272728
0.5818181818181818
0.5909090909090909
0.6
0.6090909090909091
0.6181818181818182
0.6272727272727273
0.6306306306306306
0.5419847328244275
0.549618320610687
0.5572519083969466
0.5648854961832062
0.5725190839694656
0.5801526717557252
0.5877862595419847
0.5954198473282443
0.6030534351145038
0.6106870229007634
0.6183206106870229
0.6259541984732825
0.6287878787878788
0.631578947368421
0.6343283582089553
0.6370370370370371
0.6397058823529411
0.6423357664233577
0.644927536231884
0.6474820143884892
0.65
0.6524822695035462
0.6549295774647887
0.6573426573426573
0.6597222222222222
0.6620689655172414
0.6643835616438356
0.6666666666666666
0.668918918918919
0.6756756756756757
0.6824324324324325
0.6891891891891891
0.6959459459459459
0.7027027027027027
0.7094594594594594
0.7162162162162162
0.722972972972973
0.7297297297297297
0.7364864864864865
0.7432432432432432
0.75
0.7567567567567568
0.7635135135135135
0.7702702702702703
1.0
1.0
0.1111111111111111
0.14814814814814814
0.18518518518518517
0.2222222222222222
0.25925925925925924
0.2962962962962963
0.32142857142857145
0.3448275862068966
0.36666666666666664
0.3870967741935484
0.40625
0.4375
0.45454545454545453
0.4
0.425
0.45
0.475
0.5
0.525
0.55
0.5609756097560976
0.42105263157894735
0.43859649122807015
0.45614035087719296
0.47368421052631576
0.49122807017543857
0.5087719298245614
0.5263157894736842
0.543859649122807
0.5614035087719298
0.5689655172413793
0.5074626865671642
0.5223880597014925
0.5373134328358209
0.5522388059701493
0.5671641791044776
0.582089552238806
0.5970149253731343
0.6119402985074627
0.6268656716417911
0.6323529411764706
0.5176470588235295
0.5294117647058824
0.5411764705882353
0.5529411764705883
0.5647058823529412
0.5764705882352941
0.5882352941176471
0.6
0.611764705882353
0.6235294117647059
0.6352941176470588
0.6395348837209303
0.6436781609195402
0.6404494382022472
0.651685393258427
0.6555555555555556
0.5454545454545454
0.5545454545454546
0.5636363636363636
0.5727272727272728
0.5818181818181818
0.5909090909090909
0.6
0.6090909090909091
0.6181818181818182
0.6272727272727273
0.6306306306306306
0.5419847328244275
0.549618320610687
0.5572519083969466
0.5648854961832062
0.5725190839694656
0.5801526717557252
0.5877862595419847
0.5954198473282443
0.6030534351145038
0.6106870229007634
0.6183206106870229
0.6259541984732825
0.6287878787878788
0.631578947368421
0.6343283582089553
0.6370370370370371
0.6397058823529411
0.6423357664233577
0.644927536231884
0.6474820143884892
0.65
0.6524822695035462
0.6549295774647887
0.6573426573426573
0.6597222222222222
0.6620689655172414
0.6643835616438356
0.6666666666666666
0.668918918918919
0.6756756756756757
0.6824324324324325
0.6891891891891891
0.6959459459459459
0.7027027027027027
0.7094594594594594
0.7162162162162162
0.722972972972973
0.7297297297297297
0.7364864864864865
0.7432432432432432
0.75
0.7567567567567568
0.7635135135135135
0.7702702702702703
1.0
1.0
0.1111111111111111
0.14814814814814814
0.18518518518518517
0.2222222222222222
1.0
1.0
0.1111111111111111
0.14814814814814814
0.18518518518518517
0.2222222222222222
0.25925925925925924
0.2962962962962963
0.32142857142857145
0.3448275862068966
0.36666666666666664
0.3870967741935484
0.40625
0.4375
0.45454545454545453
0.4
0.425
0.45
0.475
0.5
0.525
0.55
0.5609756097560976
0.42105263157894735
0.43859649122807015
0.45614035087719296
0.47368421052631576
0.49122807017543857
0.5087719298245614
0.5263157894736842
0.543859649122807
0.5614035087719298
0.5689655172413793
0.5074626865671642
0.5223880597014925
0.5373134328358209
0.5522388059701493
0.5671641791044776
0.582089552238806
0.5970149253731343
0.6119402985074627
0.6268656716417911
0.6323529411764706
0.5176470588235295
0.5294117647058824
0.5411764705882353
0.5529411764705883
0.5647058823529412
0.5764705882352941
0.5882352941176471
0.6
0.611764705882353
0.6235294117647059
0.6352941176470588
0.6395348837209303
0.6436781609195402
0.6404494382022472
0.651685393258427
0.6555555555555556
0.5454545454545454
0.5545454545454546
0.5636363636363636
0.5727272727272728
0.5818181818181818
0.5909090909090909
0.6
0.6090909090909091
0.6181818181818182
0.6272727272727273
0.6306306306306306
0.5419847328244275
0.549618320610687
0.5572519083969466
0.5648854961832062
0.5725190839694656
0.5801526717557252
0.5877862595419847
0.5954198473282443
0.6030534351145038
0.6106870229007634
0.6183206106870229
0.6259541984732825
0.6287878787878788
0.631578947368421
0.6343283582089553
0.6370370370370371
0.6397058823529411
0.6423357664233577
0.644927536231884
0.6474820143884892
0.65
0.6524822695035462
0.6549295774647887
0.6573426573426573
0.6597222222222222
0.6620689655172414
0.6643835616438356
0.6666666666666666
0.668918918918919
0.6756756756756757
0.6824324324324325
0.6891891891891891
0.6959459459459459
0.7027027027027027
0.7094594594594594
0.7162162162162162
0.722972972972973
0.7297297297297297
0.7364864864864865
0.7432432432432432
0.75
0.7567567567567568
0.7635135135135135
0.7702702702702703
