1.0
1.0
1.0
1.0
1.0
1.0
1.0
1.0
1.0
1.0
0.11224489795918367
0.12121212121212122
0.13131313131313133
0.14
0.15
0.16
0.16831683168316833
0.17647058823529413
0.18446601941747573
0.19230769230769232
0.2
0.20754716981132076
0.21495327102803738
0.2222222222222222
0.23148148148148148
0.24074074074074073
0.25
0.25925925925925924
0.26851851851851855
0.2777777777777778
0.28440366972477066
0.2909090909090909
0.2972972972972973
0.30357142857142855
0.30973451327433627
0.3157894736842105
0.32456140350877194
0.3333333333333333
0.34210526315789475
0.3508771929824561
0.35964912280701755
0.3684210526315789
0.37719298245614036
0.38596491228070173
0.39473684210526316
0.40350877192982454
0.41228070175438597
0.42105263157894735
0.4298245614035088
0.43859649122807015
0.4473684210526316
0.45614035087719296
0.4649122807017544
0.47368421052631576
0.4824561403508772
0.49122807017543857
0.5
0.5087719298245614
0.5175438596491229
0.5263157894736842
0.5350877192982456
0.543859649122807
0.5526315789473685
0.5614035087719298
0.5701754385964912
0.5789473684210527
0.5877192982456141
0.5964912280701754
0.6052631578947368
0.6140350877192983
0.6228070175438597
0.631578947368421
0.6403508771929824
0.6491228070175439
0.6578947368421053
0.6666666666666666
0.6754385964912281
0.6842105263157895
0.6929824561403509
0.7017543859649122
0.7105263157894737
0.7192982456140351
0.7280701754385965
0.7368421052631579
0.7456140350877193
0.7543859649122807
0.7631578947368421
0.7719298245614035
0.7807017543859649
0.7894736842105263
0.7982456140350878
0.8070175438596491
0.8157894736842105
0.8245614035087719
0.8333333333333334
0.8421052631578947
0.8508771929824561
0.8596491228070176
0.868421052631579
0.8771929824561403
0.8859649122807017
0.8947368421052632
0.9035087719298246
0.9122807017543859
0.9210526315789473
0.9298245614035088
0.9385964912280702
0.9473684210526315
0.956140350877193
0.9649122807017544
0.9736842105263158
0.9824561403508771
0.9912280701754386
1.0
1.0
1.0
1.0
1.0
1.0
1.0
1.0
1.0
1.0
1.0
0.11224489795918367
0.12244897959183673
0.1326530612244898
0.1414141414141414
0.15151515151515152
0.16161616161616163
0.17
0.1782178217821782
0.18627450980392157
0.1941747572815534
0.20192307692307693
0.20952380952380953
0.2169811320754717
0.22429906542056074
0.2336448598130841
0.24299065420560748
0.2523364485981308
0.2616822429906542
0.27102803738317754
0.2803738317757009
0.2897196261682243
0.29906542056074764
0.308411214953271
0.3177570093457944
0.32710280373831774
0.3364485981308411
0.34579439252336447
0.35514018691588783
0.3644859813084112
0.37383177570093457
0.38317757009345793
0.3925233644859813
0.40186915887850466
0.411214953271028
0.4205607476635514
0.42990654205607476
0.4392523364485981
0.4485981308411215
0.45794392523364486
0.4672897196261682
0.4766355140186916
0.48598130841121495
0.4953271028037383
0.5046728971962616
0.514018691588785
0.5233644859813084
0.5327102803738317
0.5420560747663551
0.5514018691588785
0.5607476635514018
0.5700934579439252
0.5794392523364486
0.5887850467289719
0.5981308411214953
0.6074766355140186
0.616822429906542
0.6261682242990654
0.6355140186915887
0.6448598130841121
0.6542056074766355
0.6635514018691588
0.6728971962616822
0.6822429906542056
0.6915887850467289
0.7009345794392523
0.7102803738317757
0.719626168224299
0.7289719626168224
0.7383177570093458
0.7476635514018691
0.7570093457943925
0.7663551401869159
0.7757009345794392
0.7850467289719626
0.794392523364486
0.8037383177570093
0.8130841121495327
0.822429906542056
0.8317757009345794
0.8411214953271028
0.8504672897196262
0.8598130841121495
0.8691588785046729
0.8785046728971962
0.8878504672897196
0.897196261682243
0.9065420560747663
0.9158878504672897
0.9252336448598131
0.9345794392523364
0.9439252336448598
0.9532710280373832
0.9626168224299065
0.9719626168224299
0.9722222222222222
0.9814814814814815
0.9907407407407407
0.9908256880733946
0.990909090909091
0.990990990990991
0.9910714285714286
0.9911504424778761
0.9912280701754386
1.0
1.0
1.0
1.0
1.0
1.0
1.0
1.0
1.0
1.0
1.0
1.0
1.0
1.0
1.0
1.0
1.0
1.0
1.0
1.0
1.0
0.11224489795918367
0.12244897959183673
0.1326530612244898
0.1414141414141414
0.15151515151515152
0.16161616161616163
0.17
0.1782178217821782
0.18627450980392157
0.1941747572815534
0.20192307692307693
0.20952380952380953
0.2169811320754717
0.22429906542056074
0.2336448598130841
0.24299065420560748
0.2523364485981308
0.2616822429906542
0.27102803738317754
0.2803738317757009
0.2897196261682243
0.29906542056074764
0.308411214953271
0.3177570093457944
0.32710280373831774
0.3364485981308411
0.34579439252336447
0.35514018691588783
0.3644859813084112
0.37383177570093457
0.38317757009345793
0.3925233644859813
0.40186915887850466
0.411214953271028
0.4205607476635514
0.42990654205607476
0.4392523364485981
0.4485981308411215
0.45794392523364486
0.4672897196261682
0.4766355140186916
0.48598130841121495
0.4953271028037383
0.5046728971962616
0.514018691588785
0.5233644859813084
0.5327102803738317
0.5420560747663551
0.5514018691588785
0.5607476635514018
0.5700934579439252
0.5794392523364486
0.5887850467289719
0.5981308411214953
0.6074766355140186
0.616822429906542
0.6261682242990654
0.6355140186915887
0.6448598130841121
0.6542056074766355
0.6635514018691588
0.6728971962616822
0.6822429906542056
0.6915887850467289
0.7009345794392523
0.7102803738317757
0.719626168224299
0.7289719626168224
0.7383177570093458
0.7476635514018691
0.7570093457943925
0.7663551401869159
0.7757009345794392
0.7850467289719626
0.794392523364486
0.8037383177570093
0.8130841121495327
0.822429906542056
0.8317757009345794
0.8411214953271028
0.8504672897196262
0.8598130841121495
0.8691588785046729
0.8785046728971962
0.8878504672897196
0.897196261682243
0.9065420560747663
0.9158878504672897
0.9252336448598131
0.9345794392523364
0.9439252336448598
0.9532710280373832
0.9626168224299065
0.9629629629629629
0.9722222222222222
0.9814814814814815
0.981651376146789
0.9818181818181818
0.9819819819819819
0.9821428571428571
0.9823008849557522
0.9824561403508771
0.9912280701754386
1.0
1.0
1.0
1.0
1.0
1.0
1.0
1.0
1.0
1.0
1.0
0.11224489795918367
0.12244897959183673
0.1326530612244898
0.1414141414141414
0.15151515151515152
0.16161616161616163
0.17
0.1782178217821782
0.18627450980392157
0.1941747572815534
0.20192307692307693
0.20952380952380953
0.2169811320754717
0.22429906542056074
0.2336448598130841
0.24299065420560748
0.2523364485981308
0.2616822429906542
0.27102803738317754
0.2803738317757009
0.2897196261682243
0.29906542056074764
0.308411214953271
0.3177570093457944
0.32710280373831774
0.3364485981308411
0.34579439252336447
0.35514018691588783
0.3644859813084112
0.37383177570093457
0.38317757009345793
0.3925233644859813
0.40186915887850466
0.411214953271028
0.4205607476635514
0.42990654205607476
0.4392523364485981
0.4485981308411215
0.45794392523364486
0.4672897196261682
0.4766355140186916
0.48598130841121495
0.4953271028037383
0.5046728971962616
0.514018691588785
0.5233644859813084
0.5327102803738317
0.5420560747663551
0.5514018691588785
0.5607476635514018
0.5700934579439252
0.5794392523364486
0.5887850467289719
0.5981308411214953
0.6074766355140186
0.616822429906542
0.6261682242990654
0.6355140186915887
0.6448598130841121
0.6542056074766355
0.6635514018691588
0.6728971962616822
0.6822429906542056
0.6915887850467289
0.7009345794392523
0.7102803738317757
0.719626168224299
0.7289719626168224
0.7383177570093458
0.7476635514018691
0.7570093457943925
0.7663551401869159
0.7757009345794392
0.7850467289719626
0.794392523364486
0.8037383177570093
0.8130841121495327
0.822429906542056
0.8317757009345794
0.8411214953271028
0.8504672897196262
0.8598130841121495
0.8691588785046729
0.8785046728971962
0.8878504672897196
0.897196261682243
0.9065420560747663
0.9158878504672897
0.9252336448598131
0.9345794392523364
0.9439252336448598
0.9532710280373832
0.9626168224299065
0.9719626168224299
0.9722222222222222
0.9814814814814815
0.9907407407407407
0.9908256880733946
0.990909090909091
0.990990990990991
0.9910714285714286
0.9911504424778761
0.9912280701754386
1.0
1.0
1.0
1.0
1.0
1.0
1.0
1.0
1.0
1.0
1.0
0.11224489795918367
0.12244897959183673
0.1326530612244898
0.1414141414141414
0.15151515151515152
0.16161616161616163
0.17
0.1782178217821782
0.18627450980392157
0.1941747572815534
0.20192307692307693
0.20952380952380953
0.2169811320754717
0.22429906542056074
0.2336448598130841
0.24299065420560748
0.2523364485981308
0.2616822429906542
0.27102803738317754
0.2803738317757009
0.2897196261682243
0.29906542056074764
0.308411214953271
0.3177570093457944
0.32710280373831774
0.3364485981308411
0.34579439252336447
0.35514018691588783
0.3644859813084112
0.37383177570093457
0.38317757009345793
0.3925233644859813
0.40186915887850466
0.411214953271028
0.4205607476635514
0.42990654205607476
0.4392523364485981
0.4485981308411215
0.45794392523364486
0.4672897196261682
0.4766355140186916
0.48598130841121495
0.4953271028037383
0.5046728971962616
0.514018691588785
0.5233644859813084
0.5327102803738317
0.5420560747663551
0.5514018691588785
0.5607476635514018
0.5700934579439252
0.5794392523364486
0.5887850467289719
0.5981308411214953
0.6074766355140186
0.616822429906542
0.6261682242990654
0.6355140186915887
0.6448598130841121
0.6542056074766355
0.6635514018691588
0.6728971962616822
0.6822429906542056
0.6915887850467289
0.7009345794392523
0.7102803738317757
0.719626168224299
0.7289719626168224
0.7383177570093458
0.7476635514018691
0.7570093457943925
0.7663551401869159
0.7757009345794392
0.7850467289719626
0.794392523364486
0.8037383177570093
0.8130841121495327
0.822429906542056
0.8317757009345794
0.8411214953271028
0.8504672897196262
0.8598130841121495
0.8691588785046729
0.8785046728971962
0.8878504672897196
0.897196261682243
0.9065420560747663
0.9158878504672897
0.9252336448598131
0.9345794392523364
0.9439252336448598
0.9532710280373832
0.9626168224299065
0.9629629629629629
0.9722222222222222
0.9814814814814815
0.981651376146789
0.9818181818181818
0.9819819819819819
0.9821428571428571
0.9823008849557522
0.9824561403508771
0.9912280701754386
1.0
1.0
1.0
1.0
1.0
1.0
1.0
1.0
1.0
1.0
1.0
0.11224489795918367
0.12244897959183673
0.1326530612244898
0.14285714285714285
0.15151515151515152
0.16161616161616163
0.1717171717171717
0.18
0.18811881188118812
0.19607843137254902
0.20388349514563106
0.21153846153846154
0.21904761904761905
0.22641509433962265
0.2336448598130841
0.24299065420560748
0.2523364485981308
0.2616822429906542
0.27102803738317754
0.2803738317757009
0.2897196261682243
0.29906542056074764
0.308411214953271
0.3177570093457944
0.32710280373831774
0.3364485981308411
0.34579439252336447
0.35514018691588783
0.3644859813084112
0.37383177570093457
0.38317757009345793
0.3925233644859813
0.40186915887850466
0.411214953271028
0.4205607476635514
0.42990654205607476
0.4392523364485981
0.4485981308411215
0.45794392523364486
0.4672897196261682
0.4766355140186916
0.48598130841121495
0.4953271028037383
0.5046728971962616
0.514018691588785
0.5233644859813084
0.5327102803738317
0.5420560747663551
0.5514018691588785
0.5607476635514018
0.5700934579439252
0.5794392523364486
0.5887850467289719
0.5981308411214953
0.6074766355140186
0.616822429906542
0.6261682242990654
0.6355140186915887
0.6448598130841121
0.6542056074766355
0.6635514018691588
0.6728971962616822
0.6822429906542056
0.6915887850467289
0.7009345794392523
0.7102803738317757
0.719626168224299
0.7289719626168224
0.7383177570093458
0.7476635514018691
0.7570093457943925
0.7663551401869159
0.7757009345794392
0.7850467289719626
0.794392523364486
0.8037383177570093
0.8130841121495327
0.822429906542056
0.8317757009345794
0.8411214953271028
0.8504672897196262
0.8598130841121495
0.8691588785046729
0.8785046728971962
0.8878504672897196
0.897196261682243
0.9065420560747663
0.9158878504672897
0.9252336448598131
0.9345794392523364
0.9439252336448598
0.9532710280373832
0.9626168224299065
0.9719626168224299
0.9722222222222222
0.9814814814814815
0.9907407407407407
0.9908256880733946
0.990909090909091
0.990990990990991
0.9910714285714286
0.9911504424778761
0.9912280701754386
1.0
