1.0
1.0
1.0
1.0
1.0
1.0
1.0
1.0
1.0
0.4166666666666667
0.44
0.46153846153846156
0.48148148148148145
0.5
0.5172413793103449
0.5333333333333333
0.5483870967741935
0.4090909090909091
0.4222222222222222
0.43478260869565216
0.44680851063829785
0.4583333333333333
0.46938775510204084
0.48
0.49019607843137253
0.5
0.5094339622641509
0.5185185185185185
0.5272727272727272
0.29411764705882354
0.30097087378640774
0.3076923076923077
0.3142857142857143
0.32075471698113206
0.32710280373831774
0.3333333333333333
0.3394495412844037
0.34545454545454546
0.3170731707317073
0.3252032520325203
0.3333333333333333
0.3387096774193548
0.3467741935483871
0.3548387096774194
0.3629032258064516
0.3709677419354839
0.3790322580645161
0.3870967741935484
0.3951612903225806
0.4032258064516129
0.4112903225806452
0.41935483870967744
0.38686131386861317
0.39416058394160586
0.40145985401459855
0.40875912408759124
0.41605839416058393
0.4233576642335766
0.4306569343065693
0.43795620437956206
0.44525547445255476
0.45255474452554745
0.45985401459854014
0.46715328467153283
0.47101449275362317
0.4748201438848921
0.48201438848920863
0.4892086330935252
0.49640287769784175
0.5035971223021583
0.5107913669064749
0.5179856115107914
0.5251798561151079
0.5323741007194245
0.539568345323741
0.5467625899280576
0.5539568345323741
0.5611510791366906
0.5642857142857143
0.5673758865248227
0.5704225352112676
0.5734265734265734
0.5763888888888888
0.5793103448275863
0.5821917808219178
0.5850340136054422
0.5878378378378378
0.5906040268456376
0.5933333333333334
0.5960264900662252
0.5986842105263158
0.6013071895424836
0.6038961038961039
0.6064516129032258
0.6089743589743589
0.6114649681528662
0.6139240506329114
0.6163522012578616
0.61875
0.6211180124223602
0.6234567901234568
0.6257668711656442
0.6280487804878049
0.6303030303030303
0.6325301204819277
0.6347305389221557
0.6369047619047619
0.6390532544378699
0.6411764705882353
0.6432748538011696
0.6453488372093024
0.6473988439306358
0.6494252873563219
0.6514285714285715
0.6534090909090909
0.655367231638418
0.6573033707865169
0.659217877094972
0.6611111111111111
0.6629834254143646
0.6648351648351648
0.6666666666666666
0.6684782608695652
0.6739130434782609
0.6793478260869565
0.6847826086956522
0.6864864864864865
0.6881720430107527
0.6898395721925134
0.6914893617021277
0.6931216931216931
0.6947368421052632
0.6963350785340314
0.6979166666666666
0.6994818652849741
0.7010309278350515
0.7025641025641025
0.7040816326530612
0.7055837563451777
0.7070707070707071
0.7085427135678392
0.71
0.7114427860696517
0.7128712871287128
0.7142857142857143
0.7156862745098039
0.7170731707317073
0.7184466019417476
0.7198067632850241
0.7211538461538461
0.722488038277512
0.7238095238095238
0.7251184834123223
0.7264150943396226
0.7276995305164319
0.7289719626168224
0.7302325581395349
0.7314814814814815
0.7327188940092166
0.7339449541284404
0.7351598173515982
0.7363636363636363
0.7375565610859729
0.7387387387387387
0.7399103139013453
0.7410714285714286
0.7422222222222222
0.7433628318584071
0.7444933920704846
0.7456140350877193
0.7467248908296943
0.7478260869565218
0.7489177489177489
0.75
0.7510729613733905
0.7521367521367521
0.7531914893617021
0.7542372881355932
0.7552742616033755
0.7563025210084033
0.7573221757322176
0.7583333333333333
0.7593360995850622
0.7603305785123967
0.7613168724279835
0.7622950819672131
0.763265306122449
0.7642276422764228
0.7651821862348178
0.7661290322580645
0.7670682730923695
0.768
0.7689243027888446
0.7698412698412699
0.7707509881422925
0.7716535433070866
0.7725490196078432
0.7764705882352941
0.7803921568627451
0.7490636704119851
0.75
0.7509293680297398
0.7546468401486989
0.758364312267658
0.7620817843866171
0.7657992565055762
0.7695167286245354
0.7732342007434945
0.7769516728624535
0.7806691449814126
0.7843866171003717
0.7881040892193308
0.79182156133829
0.7955390334572491
0.7992565055762082
0.8
0.8007380073800738
0.8014705882352942
0.8021978021978022
0.8029197080291971
0.8036363636363636
0.8043478260869565
0.8050541516245487
0.8057553956834532
0.8064516129032258
0.8071428571428572
0.8078291814946619
0.8085106382978723
0.8091872791519434
0.8098591549295775
0.8105263157894737
0.8111888111888111
0.8118466898954704
0.8125
0.8131487889273357
0.8137931034482758
0.8144329896907216
0.815068493150685
0.8156996587030717
0.8163265306122449
0.8169491525423729
0.8175675675675675
0.8181818181818182
0.8187919463087249
0.8193979933110368
0.82
0.8205980066445183
0.8211920529801324
0.8217821782178217
0.8223684210526315
0.8229508196721311
0.8235294117647058
0.8241042345276873
0.8246753246753247
0.8252427184466019
0.8258064516129032
0.8263665594855305
0.8269230769230769
0.8274760383386581
0.8280254777070064
0.8285714285714286
0.8291139240506329
0.8296529968454258
0.8301886792452831
0.8307210031347962
0.83125
0.8317757009345794
0.8322981366459627
0.8328173374613003
0.8333333333333334
0.8338461538461538
0.8343558282208589
0.8348623853211009
0.8353658536585366
0.8358662613981763
0.8363636363636363
0.8368580060422961
0.8373493975903614
0.8378378378378378
0.8383233532934131
0.8388059701492537
0.8392857142857143
0.8397626112759644
0.8402366863905325
0.8407079646017699
0.8411764705882353
0.841642228739003
0.8421052631578947
0.8425655976676385
0.8430232558139535
0.8434782608695652
0.8439306358381503
0.8443804034582133
0.8448275862068966
0.8452722063037249
0.8457142857142858
0.8485714285714285
0.8514285714285714
0.8542857142857143
0.8571428571428571
0.86
0.8628571428571429
0.8657142857142858
0.8685714285714285
0.8714285714285714
0.8742857142857143
0.8771428571428571
0.88
0.8631284916201117
0.8659217877094972
0.8687150837988827
0.8715083798882681
0.8743016759776536
0.8770949720670391
0.8798882681564246
0.88268156424581
0.8854748603351955
0.888268156424581
0.8910614525139665
0.8938547486033519
0.8966480446927374
0.8994413407821229
0.9022346368715084
0.9050279329608939
0.9078212290502793
0.9106145251396648
0.9134078212290503
0.9162011173184358
0.9189944134078212
0.9217877094972067
0.9245810055865922
0.9273743016759777
0.9301675977653632
0.9329608938547486
0.9357541899441341
0.9385474860335196
0.9413407821229051
0.9441340782122905
0.946927374301676
0.9497206703910615
0.952513966480447
0.9553072625698324
0.9581005586592178
0.9608938547486033
0.9636871508379888
0.9226666666666666
0.9253333333333333
0.928
0.9306666666666666
0.9333333333333333
0.936
0.9386666666666666
0.9413333333333334
0.944
0.9466666666666667
0.9493333333333334
0.952
0.9546666666666667
0.9573333333333334
0.96
0.9626666666666667
0.9653333333333334
0.9477806788511749
0.9503916449086162
0.9530026109660574
0.9556135770234987
0.95822454308094
0.9608355091383812
0.9634464751958225
0.9660574412532638
1.0
1.0
1.0
1.0
1.0
1.0
1.0
1.0
1.0
0.4166666666666667
0.44
0.46153846153846156
0.48148148148148145
0.5
0.5172413793103449
0.5333333333333333
0.5483870967741935
0.4090909090909091
0.4222222222222222
0.43478260869565216
0.44680851063829785
0.4583333333333333
0.46938775510204084
0.48
0.49019607843137253
0.5
0.5094339622641509
0.5185185185185185
0.5272727272727272
0.29411764705882354
0.30097087378640774
0.3076923076923077
0.3142857142857143
0.32075471698113206
0.32710280373831774
0.3333333333333333
0.3394495412844037
0.34545454545454546
0.3170731707317073
0.3252032520325203
0.3333333333333333
0.3387096774193548
0.3467741935483871
0.3548387096774194
0.3629032258064516
0.3709677419354839
0.3790322580645161
0.3870967741935484
0.3951612903225806
0.4032258064516129
0.4112903225806452
0.41935483870967744
0.41732283464566927
0.4251968503937008
0.4330708661417323
0.4409448818897638
0.44881889763779526
0.4566929133858268
0.4645669291338583
0.47244094488188976
0.48031496062992124
0.4881889763779528
0.49606299212598426
0.5039370078740157
0.5118110236220472
0.5196850393700787
0.5275590551181102
0.53125
0.5348837209302325
0.5384615384615384
0.5419847328244275
0.5454545454545454
0.5488721804511278
0.5522388059701493
0.5555555555555556
0.5588235294117647
0.5620437956204379
0.5652173913043478
0.5683453237410072
0.5714285714285714
0.574468085106383
0.5774647887323944
0.5804195804195804
0.5833333333333334
0.5862068965517241
0.589041095890411
0.5918367346938775
0.5945945945945946
0.5973154362416108
0.6
0.6026490066225165
0.6052631578947368
0.6078431372549019
0.6103896103896104
0.6129032258064516
0.6153846153846154
0.6178343949044586
0.620253164556962
0.6226415094339622
0.625
0.6273291925465838
0.6296296296296297
0.6319018404907976
0.6341463414634146
0.6363636363636364
0.6385542168674698
0.6407185628742516
0.6428571428571429
0.6449704142011834
0.6470588235294118
0.6491228070175439
0.6511627906976745
0.653179190751445
0.6551724137931034
0.6571428571428571
0.6590909090909091
0.6610169491525424
0.6629213483146067
0.664804469273743
0.6666666666666666
0.6685082872928176
0.6703296703296703
0.6721311475409836
0.6739130434782609
0.6756756756756757
0.6774193548387096
0.679144385026738
0.6808510638297872
0.6825396825396826
0.6842105263157895
0.6858638743455497
0.6875
0.689119170984456
0.6907216494845361
0.6923076923076923
0.6415094339622641
0.6462264150943396
0.6509433962264151
0.6556603773584906
0.660377358490566
0.6650943396226415
0.6698113207547169
0.6745283018867925
0.6792452830188679
0.6839622641509434
0.6886792452830188
0.6933962264150944
0.6981132075471698
0.7028301886792453
0.7075471698113207
0.7122641509433962
0.7169811320754716
0.7216981132075472
0.7264150943396226
0.7311320754716981
0.7358490566037735
0.7405660377358491
0.7452830188679245
0.75
0.7547169811320755
0.7594339622641509
0.7641509433962265
0.7688679245283019
0.7735849056603774
0.7783018867924528
0.7830188679245284
0.7877358490566038
0.7924528301886793
0.7971698113207547
0.8018867924528302
0.8066037735849056
0.8113207547169812
0.8160377358490566
0.8207547169811321
0.8254716981132075
0.8301886792452831
0.8349056603773585
0.839622641509434
0.8443396226415094
0.8490566037735849
0.8497652582159625
0.8504672897196262
0.8511627906976744
0.8518518518518519
0.8525345622119815
0.8532110091743119
0.8538812785388128
0.8545454545454545
0.8552036199095022
0.8558558558558559
0.8565022421524664
0.8571428571428571
0.8577777777777778
0.8584070796460177
0.8590308370044053
0.8596491228070176
0.8602620087336245
0.8608695652173913
0.8614718614718615
0.8620689655172413
0.8626609442060086
0.8632478632478633
0.8638297872340426
0.864406779661017
0.8649789029535865
0.865546218487395
0.8661087866108786
0.8666666666666667
0.8672199170124482
0.8677685950413223
0.8683127572016461
0.8688524590163934
0.8693877551020408
0.8699186991869918
0.8704453441295547
0.8709677419354839
0.8714859437751004
0.872
0.8725099601593626
0.873015873015873
0.8735177865612648
0.8740157480314961
0.8745098039215686
0.875
0.8754863813229572
0.875968992248062
0.8764478764478765
0.8803088803088803
0.8841698841698842
0.888030888030888
0.8918918918918919
0.8957528957528957
0.8726591760299626
0.8764044943820225
0.8801498127340824
0.8838951310861424
0.8876404494382022
0.8913857677902621
0.8951310861423221
0.898876404494382
0.8607142857142858
0.8642857142857143
0.8678571428571429
0.8714285714285714
0.875
0.8785714285714286
0.8821428571428571
0.8857142857142857
0.8892857142857142
0.8928571428571429
0.8964285714285715
0.9
0.9035714285714286
0.8698630136986302
0.8703071672354948
0.8707482993197279
0.8741496598639455
0.8775510204081632
0.8809523809523809
0.8843537414965986
0.8877551020408163
0.891156462585034
0.8945578231292517
0.8979591836734694
0.9013605442176871
0.9047619047619048
0.9081632653061225
0.9115646258503401
0.9149659863945578
0.9152542372881356
0.9155405405405406
0.9158249158249159
0.9161073825503355
0.9163879598662207
0.9166666666666666
0.9169435215946844
0.9172185430463576
0.9174917491749175
0.9177631578947368
0.9180327868852459
0.9183006535947712
0.9185667752442996
0.9188311688311688
0.919093851132686
0.9193548387096774
0.9196141479099679
0.9198717948717948
0.9201277955271565
0.9203821656050956
0.9206349206349206
0.9208860759493671
0.9211356466876972
0.9213836477987422
0.9216300940438872
0.921875
0.9221183800623053
0.922360248447205
0.9226006191950464
0.9228395061728395
0.9230769230769231
0.9233128834355828
0.9235474006116208
0.9237804878048781
0.9240121580547113
0.9242424242424242
0.9244712990936556
0.9246987951807228
0.924924924924925
0.9251497005988024
0.9253731343283582
0.9255952380952381
0.9258160237388724
0.9260355029585798
0.9262536873156342
0.9264705882352942
0.9266862170087976
0.9269005847953217
0.9271137026239067
0.9273255813953488
0.927536231884058
0.9277456647398844
0.9279538904899135
0.9281609195402298
0.9283667621776505
0.9285714285714286
0.9287749287749287
0.9289772727272727
0.9291784702549575
0.9293785310734464
0.9295774647887324
0.9297752808988764
0.9299719887955182
0.9301675977653632
0.9303621169916435
0.9305555555555556
0.9307479224376731
0.930939226519337
0.931129476584022
0.9313186813186813
0.9315068493150684
0.9316939890710383
0.9318801089918256
0.9320652173913043
0.9322493224932249
0.9324324324324325
0.9326145552560647
0.9327956989247311
0.9329758713136729
0.9331550802139037
0.9333333333333333
0.936
0.9386666666666666
0.9413333333333334
0.944
0.9466666666666667
0.9493333333333334
0.952
0.9546666666666667
0.9573333333333334
0.96
0.9626666666666667
0.9653333333333334
0.9477806788511749
0.9503916449086162
0.9530026109660574
0.9556135770234987
0.95822454308094
0.9608355091383812
0.9634464751958225
0.9660574412532638
1.0
1.0
1.0
1.0
1.0
1.0
1.0
1.0
1.0
1.0
1.0
1.0
1.0
1.0
1.0
1.0
1.0
1.0
1.0
1.0
1.0
1.0
1.0
1.0
1.0
1.0
1.0
1.0
1.0
1.0
1.0
1.0
1.0
1.0
1.0
1.0
1.0
1.0
0.8478260869565217
0.8695652173913043
0.8723404255319149
0.875
0.8775510204081632
0.88
0.8823529411764706
0.8846153846153846
0.8867924528301887
0.8888888888888888
0.8909090909090909
0.8928571428571429
0.8947368421052632
0.896551724137931
0.8983050847457628
0.9
0.9016393442622951
0.9032258064516129
0.9047619047619048
0.90625
0.9076923076923077
0.9090909090909091
0.9104477611940298
0.9117647058823529
0.9130434782608695
0.9142857142857143
0.9154929577464789
0.9166666666666666
0.9178082191780822
0.918918918918919
0.92
0.9210526315789473
0.9342105263157895
0.9473684210526315
0.9605263157894737
0.961038961038961
0.9615384615384616
0.9620253164556962
0.9625
0.975
0.9875
1.0
1.0
1.0
1.0
1.0
1.0
1.0
1.0
1.0
1.0
0.4166666666666667
0.44
0.46153846153846156
0.48148148148148145
0.5
0.5172413793103449
0.5333333333333333
0.5483870967741935
0.4090909090909091
0.4222222222222222
0.43478260869565216
0.44680851063829785
0.4583333333333333
0.46938775510204084
0.48
0.49019607843137253
0.5
0.5094339622641509
0.5185185185185185
0.5272727272727272
0.29411764705882354
0.30097087378640774
0.3076923076923077
0.3142857142857143
0.32075471698113206
0.32710280373831774
0.3333333333333333
0.3394495412844037
0.34545454545454546
0.3170731707317073
0.3252032520325203
0.3333333333333333
0.3387096774193548
0.3467741935483871
0.3548387096774194
0.3629032258064516
0.3709677419354839
0.3790322580645161
0.3870967741935484
0.3951612903225806
0.4032258064516129
0.4112903225806452
0.41935483870967744
0.4015151515151515
0.4090909090909091
0.4166666666666667
0.42424242424242425
0.4318181818181818
0.4393939393939394
0.44696969696969696
0.45112781954887216
0.4552238805970149
0.4626865671641791
0.4701492537313433
0.47761194029850745
0.48507462686567165
1.0
1.0
1.0
1.0
1.0
1.0
1.0
1.0
1.0
0.4166666666666667
0.44
0.46153846153846156
0.48148148148148145
0.5
0.5172413793103449
0.5333333333333333
0.5483870967741935
0.4090909090909091
0.4222222222222222
0.43478260869565216
0.44680851063829785
0.4583333333333333
0.46938775510204084
0.48
0.49019607843137253
0.5
0.5094339622641509
0.5185185185185185
0.5272727272727272
0.29411764705882354
0.30097087378640774
0.3076923076923077
0.3142857142857143
0.32075471698113206
0.32710280373831774
0.3333333333333333
0.3394495412844037
0.34545454545454546
0.3170731707317073
0.3252032520325203
0.3333333333333333
0.3387096774193548
0.3467741935483871
0.3548387096774194
0.3629032258064516
0.3709677419354839
0.3790322580645161
0.3870967741935484
0.3951612903225806
0.4032258064516129
0.4112903225806452
0.41935483870967744
0.42063492063492064
0.42857142857142855
0.4365079365079365
0.4444444444444444
0.4523809523809524
0.4603174603174603
0.46825396825396826
0.47619047619047616
1.0
1.0
1.0
1.0
1.0
1.0
1.0
1.0
1.0
0.4166666666666667
0.44
0.46153846153846156
0.48148148148148145
0.5
0.5172413793103449
0.5333333333333333
0.5483870967741935
0.4090909090909091
0.4222222222222222
0.43478260869565216
0.44680851063829785
0.4583333333333333
0.46938775510204084
0.48
0.49019607843137253
0.5
0.5094339622641509
0.5185185185185185
0.5272727272727272
0.29411764705882354
0.30097087378640774
0.3076923076923077
0.3142857142857143
0.32075471698113206
0.32710280373831774
0.3333333333333333
0.3394495412844037
0.34545454545454546
0.3170731707317073
0.3252032520325203
0.3333333333333333
0.3387096774193548
0.3467741935483871
0.3548387096774194
0.3629032258064516
0.3709677419354839
0.3790322580645161
0.3870967741935484
0.3951612903225806
0.4032258064516129
0.4112903225806452
0.41935483870967744
0.375886524822695
0.3829787234042553
0.3900709219858156
0.3971631205673759
0.40425531914893614
0.41134751773049644
0.41843971631205673
0.425531914893617
0.4326241134751773
0.4397163120567376
0.44680851063829785
0.45390070921985815
0.46099290780141844
0.46808510638297873
0.475177304964539
0.48226950354609927
0.48936170212765956
0.49645390070921985
0.5035460992907801
0.5106382978723404
0.5177304964539007
0.524822695035461
0.5319148936170213
0.5390070921985816
0.5460992907801419
0.5531914893617021
0.5602836879432624
0.5673758865248227
0.574468085106383
0.5815602836879432
0.5886524822695035
0.5957446808510638
0.6028368794326241
0.6099290780141844
0.6170212765957447
0.624113475177305
0.6312056737588653
0.6382978723404256
0.6453900709219859
0.6524822695035462
0.6595744680851063
0.6666666666666666
0.6737588652482269
0.6808510638297872
0.6879432624113475
0.6901408450704225
0.6923076923076923
0.6993006993006993
0.7062937062937062
0.7132867132867133
0.7202797202797203
0.7272727272727273
0.7342657342657343
0.7412587412587412
0.7482517482517482
0.7552447552447552
0.7622377622377622
0.7692307692307693
0.7762237762237763
0.7777777777777778
0.7793103448275862
0.7808219178082192
0.782312925170068
0.7837837837837838
0.785234899328859
0.7866666666666666
0.7880794701986755
0.7894736842105263
0.7908496732026143
0.7922077922077922
0.7935483870967742
0.7948717948717948
0.7961783439490446
0.7974683544303798
0.7987421383647799
0.8
0.8012422360248447
0.8024691358024691
0.803680981595092
0.8048780487804879
0.806060606060606
0.8072289156626506
0.8083832335329342
0.8095238095238095
0.8106508875739645
0.8117647058823529
0.8128654970760234
0.813953488372093
0.815028901734104
0.8160919540229885
0.8171428571428572
0.8181818181818182
0.8192090395480226
0.8202247191011236
0.8212290502793296
0.8222222222222222
0.8232044198895028
0.8241758241758241
0.825136612021858
0.8260869565217391
0.827027027027027
0.8279569892473119
0.8288770053475936
0.8297872340425532
0.8351063829787234
0.8404255319148937
0.8457446808510638
0.851063829787234
0.8563829787234043
0.81
0.8109452736318408
0.8118811881188119
0.8168316831683168
0.8217821782178217
0.8267326732673267
0.8316831683168316
0.8366336633663366
0.8415841584158416
0.8465346534653465
0.8514851485148515
0.8564356435643564
0.8613861386138614
0.8663366336633663
0.8712871287128713
0.8762376237623762
0.8768472906403941
0.8774509803921569
0.8780487804878049
0.8786407766990292
0.8792270531400966
0.8798076923076923
0.8803827751196173
0.8809523809523809
0.8815165876777251
0.8820754716981132
0.8826291079812206
0.883177570093458
0.8837209302325582
0.8842592592592593
0.8847926267281107
0.8853211009174312
0.8858447488584474
0.8863636363636364
0.8868778280542986
0.8873873873873874
0.8878923766816144
0.8883928571428571
0.8888888888888888
0.8893805309734514
0.8898678414096917
0.8903508771929824
0.8908296943231441
0.8913043478260869
0.8917748917748918
0.8922413793103449
0.8927038626609443
0.8931623931623932
0.8936170212765957
0.8940677966101694
0.8945147679324894
0.8949579831932774
0.895397489539749
0.8958333333333334
0.8962655601659751
0.8966942148760331
0.897119341563786
0.8975409836065574
0.8979591836734694
0.8983739837398373
0.8987854251012146
0.8991935483870968
0.8995983935742972
0.9
0.900398406374502
0.9007936507936508
0.9011857707509882
0.9015748031496063
0.9019607843137255
0.90234375
0.9027237354085603
0.9031007751937985
0.9034749034749034
0.9038461538461539
0.9042145593869731
0.9045801526717557
0.9049429657794676
0.9053030303030303
0.9056603773584906
0.9060150375939849
0.9063670411985019
0.9067164179104478
0.9070631970260223
0.9074074074074074
0.9077490774907749
0.9080882352941176
0.9084249084249084
0.9087591240875912
0.9090909090909091
0.9094202898550725
0.9097472924187726
0.9100719424460432
0.910394265232975
0.9107142857142857
0.9110320284697508
0.9113475177304965
0.911660777385159
0.9151943462897526
0.9187279151943463
0.9222614840989399
0.9257950530035336
0.9293286219081273
0.9328621908127208
0.9363957597173145
0.9399293286219081
0.9434628975265018
0.9469964664310954
0.9471830985915493
0.9473684210526315
0.9475524475524476
0.9477351916376306
0.9479166666666666
0.9480968858131488
0.9482758620689655
0.9484536082474226
0.9486301369863014
0.9488054607508533
0.9489795918367347
0.9491525423728814
0.9493243243243243
0.9494949494949495
0.9496644295302014
0.9498327759197325
0.95
0.9501661129568106
0.9503311258278145
0.9504950495049505
0.9506578947368421
0.9508196721311475
0.9509803921568627
0.9511400651465798
0.9512987012987013
0.9514563106796117
0.9516129032258065
0.9517684887459807
0.9519230769230769
0.952076677316294
0.9522292993630573
0.9523809523809523
0.9525316455696202
0.9526813880126183
0.9528301886792453
0.9529780564263323
0.953125
0.9532710280373832
0.953416149068323
0.9535603715170279
0.9537037037037037
0.9538461538461539
0.9539877300613497
0.9541284403669725
0.9542682926829268
0.9544072948328267
0.9545454545454546
0.9546827794561934
0.9548192771084337
0.954954954954955
0.9550898203592815
0.9552238805970149
0.9553571428571429
0.9554896142433235
0.9556213017751479
0.9557522123893806
0.9558823529411765
0.9560117302052786
0.956140350877193
0.956268221574344
0.9563953488372093
0.9565217391304348
0.9566473988439307
0.9567723342939481
0.9568965517241379
0.9570200573065902
0.9571428571428572
0.9572649572649573
0.9573863636363636
0.9575070821529745
0.9576271186440678
0.96045197740113
0.963276836158192
0.9318801089918256
0.9346049046321526
0.9373297002724795
0.9400544959128065
0.9427792915531336
0.9455040871934605
0.9482288828337875
0.9509536784741145
0.9536784741144414
0.9564032697547684
0.9591280653950953
0.9618528610354223
0.9645776566757494
0.9466666666666667
0.9493333333333334
0.952
0.9546666666666667
0.9573333333333334
0.96
0.9626666666666667
0.9653333333333334
0.9477806788511749
0.9503916449086162
0.9530026109660574
0.9556135770234987
0.95822454308094
0.9608355091383812
0.9634464751958225
0.9660574412532638
1.0
1.0
1.0
1.0
1.0
1.0
1.0
1.0
1.0
0.4166666666666667
0.44
0.46153846153846156
0.48148148148148145
0.5
0.5172413793103449
0.5333333333333333
0.5483870967741935
0.4090909090909091
0.4222222222222222
0.43478260869565216
0.44680851063829785
0.4583333333333333
0.46938775510204084
0.48
0.49019607843137253
0.5
0.5094339622641509
0.5185185185185185
0.5272727272727272
0.29411764705882354
0.30097087378640774
0.3076923076923077
0.3142857142857143
0.32075471698113206
0.32710280373831774
0.3333333333333333
0.3394495412844037
0.34545454545454546
0.3170731707317073
0.3252032520325203
0.3333333333333333
0.3387096774193548
0.3467741935483871
0.3548387096774194
0.3629032258064516
0.3709677419354839
0.3790322580645161
0.3870967741935484
0.3951612903225806
0.4032258064516129
0.4112903225806452
0.41935483870967744
0.4015151515151515
0.4090909090909091
0.4166666666666667
0.42424242424242425
0.4318181818181818
0.4393939393939394
0.44696969696969696
0.45112781954887216
0.4552238805970149
0.4626865671641791
0.4701492537313433
0.47761194029850745
0.48507462686567165
0.4925373134328358
0.5
0.5074626865671642
0.5149253731343284
0.5223880597014925
0.5298507462686567
0.5373134328358209
0.5447761194029851
0.5481481481481482
0.5514705882352942
0.5547445255474452
0.5579710144927537
0.5611510791366906
0.5642857142857143
0.5673758865248227
0.5704225352112676
0.5734265734265734
0.5763888888888888
0.5793103448275863
0.5821917808219178
0.5850340136054422
0.5878378378378378
0.5906040268456376
0.5933333333333334
0.5960264900662252
0.5986842105263158
0.6013071895424836
0.6038961038961039
0.6064516129032258
0.6089743589743589
0.6114649681528662
0.6139240506329114
0.6163522012578616
0.61875
0.6211180124223602
0.6234567901234568
0.6257668711656442
0.6280487804878049
0.6303030303030303
0.6325301204819277
0.6347305389221557
0.6369047619047619
0.6390532544378699
0.6411764705882353
0.6432748538011696
0.6453488372093024
0.6473988439306358
0.6494252873563219
0.6514285714285715
0.6534090909090909
0.655367231638418
0.6573033707865169
0.659217877094972
0.664804469273743
0.6703910614525139
0.6759776536312849
0.6815642458100558
0.6871508379888268
0.6492146596858639
0.6510416666666666
0.6528497409326425
0.6580310880829016
0.6632124352331606
0.6683937823834197
0.6735751295336787
0.6787564766839378
0.6839378238341969
0.689119170984456
0.694300518134715
0.6994818652849741
0.7046632124352331
0.7098445595854922
0.7150259067357513
0.7202072538860104
0.7216494845360825
0.7230769230769231
0.7244897959183674
0.7258883248730964
0.7272727272727273
0.7286432160804021
0.73
0.7313432835820896
0.7326732673267327
0.7339901477832512
0.7352941176470589
0.7365853658536585
0.7378640776699029
0.7391304347826086
0.7403846153846154
0.7416267942583732
0.7428571428571429
0.7440758293838863
0.7452830188679245
0.7464788732394366
0.7476635514018691
0.7488372093023256
0.75
0.7511520737327189
0.7522935779816514
0.7534246575342466
0.7545454545454545
0.755656108597285
0.7567567567567568
0.757847533632287
0.7589285714285714
0.76
0.7610619469026548
0.762114537444934
0.7631578947368421
0.7641921397379913
0.7652173913043478
0.7662337662337663
0.7672413793103449
0.7682403433476395
0.7692307692307693
0.7702127659574468
0.7711864406779662
0.7721518987341772
0.773109243697479
0.7740585774058577
0.775
0.7759336099585062
0.7768595041322314
0.7777777777777778
0.7786885245901639
0.7795918367346939
0.7804878048780488
0.7813765182186235
0.782258064516129
0.7831325301204819
0.784
0.7848605577689243
0.7857142857142857
0.7865612648221344
0.7874015748031497
0.788235294117647
0.7890625
0.7898832684824902
0.7906976744186046
0.7915057915057915
0.7923076923076923
0.7931034482758621
0.7938931297709924
0.7946768060836502
0.7954545454545454
0.7962264150943397
0.7969924812030075
0.797752808988764
0.7985074626865671
0.7992565055762082
0.8
0.8007380073800738
0.8014705882352942
0.8021978021978022
0.8029197080291971
0.8065693430656934
0.8102189781021898
0.8138686131386861
0.8175182481751825
0.8211678832116789
0.8248175182481752
0.8284671532846716
0.8321167883211679
0.8357664233576643
0.8394160583941606
0.84
0.8405797101449275
0.8411552346570397
0.841726618705036
0.8422939068100358
0.8428571428571429
0.8434163701067615
0.8439716312056738
0.8445229681978799
0.8450704225352113
0.8456140350877193
0.8461538461538461
0.8466898954703833
0.8472222222222222
0.8477508650519031
0.8482758620689655
0.8487972508591065
0.8493150684931506
0.8498293515358362
0.8503401360544217
0.8508474576271187
0.8513513513513513
0.8518518518518519
0.8523489932885906
0.8528428093645485
0.8533333333333334
0.8538205980066446
0.8543046357615894
0.8547854785478548
0.8552631578947368
0.8557377049180328
0.8562091503267973
0.8566775244299675
0.8571428571428571
0.8576051779935275
0.8580645161290322
0.8585209003215434
0.8589743589743589
0.8594249201277955
0.8598726114649682
0.8603174603174604
0.8607594936708861
0.861198738170347
0.8616352201257862
0.8620689655172413
0.8625
0.8629283489096573
0.8633540372670807
0.8637770897832817
0.8641975308641975
0.8646153846153846
0.8650306748466258
0.8654434250764526
0.8658536585365854
0.8662613981762918
0.8666666666666667
0.8670694864048338
0.8674698795180723
0.8678678678678678
0.8682634730538922
0.8686567164179104
0.8690476190476191
0.8694362017804155
0.8698224852071006
0.8702064896755162
0.8705882352941177
0.8709677419354839
0.8713450292397661
0.8717201166180758
0.872093023255814
0.8724637681159421
0.8753623188405797
0.8782608695652174
0.8397790055248618
0.8425414364640884
0.8453038674033149
0.8480662983425414
0.850828729281768
0.8535911602209945
0.856353591160221
0.8591160220994475
0.861878453038674
0.8646408839779005
0.8674033149171271
0.8701657458563536
0.8729281767955801
0.8756906077348067
0.8784530386740331
0.8812154696132597
0.8839779005524862
0.8867403314917127
0.8895027624309392
0.8922651933701657
0.8950276243093923
0.8977900552486188
0.9005524861878453
0.9033149171270718
0.9060773480662984
0.9088397790055248
0.9116022099447514
0.914364640883978
0.9171270718232044
0.919889502762431
0.9226519337016574
0.925414364640884
0.9281767955801105
0.930939226519337
0.9337016574585635
0.93646408839779
0.9392265193370166
0.9419889502762431
0.9447513812154696
0.9475138121546961
0.9502762430939227
0.9530386740331491
0.9558011049723757
0.9585635359116023
0.9613259668508287
0.9640883977900553
0.9459459459459459
0.9486486486486486
0.9513513513513514
0.9540540540540541
0.9567567567567568
0.9594594594594594
0.9621621621621622
0.9648648648648649
0.9347258485639687
0.9373368146214099
0.9399477806788512
0.9425587467362925
0.9451697127937336
0.9477806788511749
0.9503916449086162
0.9530026109660574
0.9556135770234987
0.95822454308094
0.9608355091383812
0.9634464751958225
0.9660574412532638
