1.0
1.0
1.0
1.0
1.0
1.0
1.0
1.0
1.0
1.0
1.0
1.0
1.0
1.0
1.0
1.0
1.0
1.0
1.0
1.0
1.0
1.0
1.0
1.0
1.0
1.0
1.0
1.0
1.0
1.0
1.0
1.0
1.0
1.0
1.0
1.0
1.0
1.0
1.0
1.0
1.0
1.0
1.0
1.0
1.0
1.0
1.0
1.0
1.0
1.0
1.0
1.0
1.0
1.0
1.0
1.0
1.0
1.0
1.0
1.0
1.0
1.0
1.0
1.0
1.0
1.0
1.0
1.0
1.0
1.0
1.0
1.0
1.0
1.0
1.0
1.0
1.0
1.0
1.0
1.0
1.0
1.0
1.0
1.0
1.0
1.0
1.0
1.0
1.0
1.0
1.0
1.0
1.0
1.0
1.0
1.0
1.0
1.0
1.0
1.0
1.0
1.0
1.0
1.0
1.0
1.0
1.0
1.0
1.0
1.0
1.0
1.0
1.0
1.0
1.0
1.0
1.0
1.0
1.0
1.0
1.0
1.0
1.0
1.0
1.0
1.0
1.0
1.0
1.0
1.0
1.0
1.0
1.0
1.0
1.0
1.0
1.0
1.0
1.0
1.0
1.0
1.0
1.0
1.0
1.0
1.0
1.0
1.0
1.0
1.0
1.0
1.0
1.0
1.0
1.0
1.0
1.0
1.0
1.0
1.0
1.0
1.0
1.0
1.0
1.0
1.0
1.0
1.0
1.0
1.0
1.0
1.0
1.0
1.0
1.0
1.0
1.0
1.0
1.0
1.0
1.0
1.0
1.0
1.0
1.0
1.0
1.0
1.0
1.0
1.0
1.0
1.0
1.0
1.0
1.0
1.0
1.0
1.0
1.0
1.0
1.0
1.0
1.0
1.0
0.5495978552278821
0.5522788203753352
0.5549597855227882
0.5576407506702413
0.5603217158176944
0.5630026809651475
0.5656836461126006
0.5683646112600537
0.5710455764075067
0.5737265415549598
0.5764075067024129
0.579088471849866
0.5817694369973191
0.5844504021447721
0.5871313672922251
0.5898123324396782
0.5924932975871313
0.5951742627345844
0.5978552278820375
0.6005361930294906
0.6032171581769437
0.6058981233243967
0.6085790884718498
0.6112600536193029
0.613941018766756
0.6166219839142091
0.6193029490616622
0.6219839142091153
0.6246648793565683
0.6273458445040214
0.6300268096514745
0.6327077747989276
0.6353887399463807
0.6380697050938338
0.6407506702412868
0.6434316353887399
0.646112600536193
0.6487935656836461
0.6514745308310992
0.6541554959785523
0.6568364611260054
0.6595174262734584
0.6621983914209115
0.6648793565683646
0.6675603217158177
0.6702412868632708
0.6729222520107239
0.675603217158177
0.67828418230563
0.6809651474530831
0.6836461126005362
0.6863270777479893
0.6890080428954424
0.6916890080428955
0.6943699731903485
0.6970509383378016
0.6997319034852547
0.7024128686327078
0.7050938337801609
0.707774798927614
0.710455764075067
0.7131367292225201
0.7158176943699732
0.7184986595174263
0.7211796246648794
0.7238605898123325
0.7265415549597856
0.7292225201072386
0.7319034852546917
0.7345844504021448
0.7372654155495979
0.739946380697051
0.7426273458445041
0.7453083109919572
0.7479892761394102
0.7506702412868632
0.7533512064343163
0.7560321715817694
0.7587131367292225
0.7613941018766756
0.7640750670241286
0.7667560321715817
0.7694369973190348
0.7721179624664879
0.774798927613941
0.7774798927613941
0.7801608579088471
0.7828418230563002
0.7855227882037533
0.7882037533512064
0.7908847184986595
0.7935656836461126
0.7962466487935657
0.7989276139410187
0.8016085790884718
0.8042895442359249
0.806970509383378
0.8096514745308311
0.8123324396782842
0.8150134048257373
0.8176943699731903
0.8203753351206434
0.8230563002680965
0.8257372654155496
0.8284182305630027
0.8310991957104558
0.8337801608579088
0.8364611260053619
0.839142091152815
0.8418230563002681
0.8445040214477212
0.8471849865951743
0.8498659517426274
0.8525469168900804
0.8552278820375335
0.8579088471849866
0.8605898123324397
0.8632707774798928
0.8659517426273459
0.868632707774799
0.871313672922252
0.8739946380697051
1.0
1.0
1.0
1.0
1.0
1.0
1.0
1.0
1.0
1.0
1.0
1.0
1.0
1.0
1.0
1.0
1.0
1.0
1.0
1.0
1.0
1.0
1.0
1.0
1.0
1.0
1.0
1.0
1.0
1.0
1.0
1.0
1.0
1.0
1.0
1.0
1.0
1.0
1.0
1.0
1.0
1.0
1.0
1.0
1.0
1.0
1.0
1.0
1.0
1.0
1.0
1.0
1.0
1.0
1.0
1.0
1.0
1.0
1.0
1.0
1.0
1.0
1.0
1.0
1.0
1.0
1.0
1.0
1.0
1.0
1.0
1.0
1.0
1.0
1.0
1.0
1.0
1.0
1.0
1.0
1.0
1.0
1.0
1.0
1.0
1.0
1.0
1.0
1.0
1.0
1.0
1.0
1.0
1.0
1.0
1.0
1.0
1.0
1.0
1.0
1.0
1.0
1.0
1.0
1.0
1.0
1.0
1.0
1.0
1.0
1.0
1.0
1.0
1.0
1.0
1.0
1.0
1.0
1.0
1.0
1.0
1.0
1.0
1.0
1.0
1.0
1.0
1.0
1.0
1.0
1.0
1.0
1.0
1.0
1.0
1.0
1.0
1.0
1.0
1.0
1.0
1.0
1.0
1.0
1.0
1.0
1.0
1.0
1.0
1.0
1.0
1.0
1.0
1.0
1.0
1.0
1.0
1.0
1.0
1.0
1.0
1.0
1.0
1.0
1.0
1.0
1.0
1.0
1.0
1.0
1.0
1.0
1.0
1.0
1.0
1.0
1.0
1.0
1.0
1.0
1.0
1.0
1.0
1.0
1.0
1.0
1.0
1.0
1.0
1.0
1.0
1.0
1.0
1.0
1.0
1.0
1.0
1.0
1.0
1.0
1.0
1.0
1.0
1.0
0.5495978552278821
0.5522788203753352
0.5549597855227882
0.5576407506702413
0.5603217158176944
0.5630026809651475
0.5656836461126006
0.5683646112600537
0.5710455764075067
0.5737265415549598
0.5764075067024129
0.579088471849866
0.5817694369973191
0.5844504021447721
0.5871313672922251
0.5898123324396782
0.5924932975871313
0.5951742627345844
0.5978552278820375
0.6005361930294906
0.6032171581769437
0.6058981233243967
0.6085790884718498
0.6112600536193029
0.613941018766756
0.6166219839142091
0.6193029490616622
0.6219839142091153
0.6246648793565683
0.6273458445040214
0.6300268096514745
0.6327077747989276
0.6353887399463807
0.6380697050938338
0.6407506702412868
0.6434316353887399
0.646112600536193
0.6487935656836461
0.6514745308310992
0.6541554959785523
0.6568364611260054
0.6595174262734584
0.6621983914209115
0.6648793565683646
0.6675603217158177
0.6702412868632708
0.6729222520107239
0.675603217158177
0.67828418230563
0.6809651474530831
0.6836461126005362
0.6863270777479893
0.6890080428954424
0.6916890080428955
0.6943699731903485
0.6970509383378016
0.6997319034852547
0.7024128686327078
0.7050938337801609
0.707774798927614
0.710455764075067
0.7131367292225201
0.7158176943699732
0.7184986595174263
0.7211796246648794
0.7238605898123325
0.7265415549597856
0.7292225201072386
0.7319034852546917
0.7345844504021448
0.7372654155495979
0.739946380697051
0.7426273458445041
0.7453083109919572
0.7479892761394102
0.7506702412868632
0.7533512064343163
0.7560321715817694
0.7587131367292225
0.7613941018766756
0.7640750670241286
0.7667560321715817
0.7694369973190348
0.7721179624664879
0.774798927613941
0.7774798927613941
0.7801608579088471
0.7828418230563002
0.7855227882037533
0.7882037533512064
0.7908847184986595
0.7935656836461126
0.7962466487935657
0.7989276139410187
0.8016085790884718
0.8042895442359249
0.806970509383378
0.8096514745308311
0.8123324396782842
0.8150134048257373
0.8176943699731903
0.8203753351206434
0.8230563002680965
0.8257372654155496
0.8284182305630027
0.8310991957104558
0.8337801608579088
0.8364611260053619
0.839142091152815
0.8418230563002681
0.8445040214477212
0.8471849865951743
0.8498659517426274
0.8525469168900804
0.8552278820375335
0.8579088471849866
0.8605898123324397
0.8632707774798928
0.8659517426273459
0.868632707774799
0.871313672922252
0.8739946380697051
1.0
1.0
1.0
1.0
1.0
1.0
1.0
1.0
1.0
1.0
1.0
1.0
1.0
1.0
1.0
1.0
1.0
1.0
1.0
1.0
1.0
1.0
1.0
1.0
1.0
1.0
1.0
1.0
1.0
1.0
1.0
1.0
1.0
1.0
1.0
1.0
1.0
1.0
1.0
1.0
1.0
1.0
1.0
1.0
1.0
1.0
1.0
1.0
1.0
1.0
1.0
1.0
1.0
1.0
1.0
1.0
1.0
1.0
1.0
1.0
1.0
1.0
1.0
1.0
1.0
1.0
1.0
1.0
1.0
1.0
1.0
1.0
1.0
1.0
1.0
1.0
1.0
1.0
1.0
1.0
1.0
1.0
1.0
1.0
1.0
1.0
1.0
1.0
1.0
1.0
1.0
1.0
1.0
1.0
1.0
1.0
1.0
1.0
1.0
1.0
1.0
1.0
1.0
1.0
1.0
1.0
1.0
1.0
1.0
1.0
1.0
1.0
1.0
1.0
1.0
1.0
1.0
1.0
1.0
1.0
1.0
1.0
1.0
1.0
1.0
1.0
1.0
1.0
1.0
1.0
1.0
1.0
1.0
1.0
1.0
1.0
1.0
1.0
1.0
1.0
1.0
1.0
1.0
1.0
1.0
1.0
1.0
1.0
1.0
1.0
1.0
1.0
1.0
1.0
1.0
1.0
1.0
1.0
1.0
1.0
1.0
1.0
1.0
1.0
1.0
1.0
1.0
1.0
1.0
1.0
1.0
1.0
1.0
1.0
1.0
1.0
1.0
1.0
1.0
1.0
1.0
1.0
1.0
1.0
1.0
1.0
1.0
1.0
1.0
1.0
1.0
1.0
1.0
1.0
1.0
1.0
1.0
1.0
1.0
1.0
1.0
1.0
1.0
1.0
1.0
1.0
1.0
1.0
1.0
1.0
1.0
1.0
1.0
1.0
1.0
1.0
1.0
1.0
1.0
1.0
1.0
1.0
1.0
1.0
1.0
1.0
1.0
1.0
1.0
1.0
1.0
1.0
1.0
1.0
1.0
1.0
1.0
1.0
1.0
1.0
1.0
1.0
1.0
1.0
1.0
1.0
1.0
1.0
1.0
1.0
1.0
1.0
1.0
1.0
1.0
1.0
1.0
1.0
1.0
1.0
1.0
1.0
1.0
1.0
1.0
1.0
1.0
1.0
1.0
1.0
1.0
1.0
1.0
1.0
1.0
1.0
1.0
1.0
1.0
1.0
1.0
1.0
1.0
1.0
1.0
1.0
1.0
1.0
1.0
1.0
1.0
1.0
1.0
1.0
1.0
1.0
1.0
1.0
1.0
1.0
1.0
1.0
1.0
1.0
1.0
1.0
1.0
1.0
1.0
1.0
1.0
1.0
1.0
1.0
1.0
1.0
1.0
1.0
1.0
1.0
1.0
1.0
1.0
1.0
1.0
1.0
1.0
1.0
1.0
1.0
1.0
1.0
1.0
1.0
1.0
1.0
1.0
1.0
1.0
1.0
1.0
1.0
1.0
1.0
1.0
1.0
1.0
1.0
1.0
1.0
1.0
1.0
1.0
1.0
1.0
1.0
1.0
1.0
1.0
1.0
1.0
1.0
1.0
1.0
1.0
1.0
1.0
1.0
1.0
1.0
1.0
1.0
1.0
1.0
1.0
1.0
1.0
1.0
1.0
1.0
1.0
1.0
1.0
1.0
1.0
1.0
1.0
1.0
1.0
1.0
1.0
1.0
1.0
1.0
1.0
1.0
1.0
1.0
1.0
1.0
1.0
1.0
1.0
1.0
1.0
1.0
1.0
1.0
0.5495978552278821
0.5522788203753352
0.5549597855227882
0.5576407506702413
0.5603217158176944
0.5630026809651475
0.5656836461126006
0.5683646112600537
0.5710455764075067
0.5737265415549598
0.5764075067024129
0.579088471849866
0.5817694369973191
0.5844504021447721
0.5871313672922251
0.5898123324396782
0.5924932975871313
0.5951742627345844
0.5978552278820375
0.6005361930294906
0.6032171581769437
0.6058981233243967
0.6085790884718498
0.6112600536193029
0.613941018766756
0.6166219839142091
0.6193029490616622
0.6219839142091153
0.6246648793565683
0.6273458445040214
0.6300268096514745
0.6327077747989276
0.6353887399463807
0.6380697050938338
0.6407506702412868
0.6434316353887399
0.646112600536193
0.6487935656836461
0.6514745308310992
0.6541554959785523
0.6568364611260054
0.6595174262734584
0.6621983914209115
0.6648793565683646
0.6675603217158177
0.6702412868632708
0.6729222520107239
0.675603217158177
0.67828418230563
0.6809651474530831
0.6836461126005362
0.6863270777479893
0.6890080428954424
0.6916890080428955
0.6943699731903485
0.6970509383378016
0.6997319034852547
0.7024128686327078
0.7050938337801609
0.707774798927614
0.710455764075067
0.7131367292225201
0.7158176943699732
0.7184986595174263
0.7211796246648794
0.7238605898123325
0.7265415549597856
0.7292225201072386
0.7319034852546917
0.7345844504021448
0.7372654155495979
0.739946380697051
0.7426273458445041
0.7453083109919572
0.7479892761394102
0.7506702412868632
0.7533512064343163
0.7560321715817694
0.7587131367292225
0.7613941018766756
0.7640750670241286
0.7667560321715817
0.7694369973190348
0.7721179624664879
0.774798927613941
0.7774798927613941
0.7801608579088471
0.7828418230563002
0.7855227882037533
0.7882037533512064
0.7908847184986595
0.7935656836461126
0.7962466487935657
0.7989276139410187
0.8016085790884718
0.8042895442359249
0.806970509383378
0.8096514745308311
0.8123324396782842
0.8150134048257373
0.8176943699731903
0.8203753351206434
0.8230563002680965
0.8257372654155496
0.8284182305630027
0.8310991957104558
0.8337801608579088
0.8364611260053619
0.839142091152815
0.8418230563002681
0.8445040214477212
0.8471849865951743
0.8498659517426274
0.8525469168900804
0.8552278820375335
0.8579088471849866
0.8605898123324397
0.8632707774798928
0.8659517426273459
0.868632707774799
0.871313672922252
0.8739946380697051
1.0
1.0
1.0
1.0
1.0
1.0
1.0
1.0
1.0
1.0
1.0
1.0
1.0
1.0
1.0
1.0
1.0
1.0
1.0
1.0
1.0
1.0
1.0
1.0
1.0
1.0
1.0
1.0
1.0
1.0
1.0
1.0
1.0
1.0
1.0
1.0
1.0
1.0
1.0
1.0
1.0
1.0
1.0
1.0
1.0
1.0
1.0
1.0
1.0
1.0
1.0
1.0
1.0
1.0
1.0
1.0
1.0
1.0
1.0
1.0
1.0
1.0
1.0
1.0
1.0
1.0
1.0
1.0
1.0
1.0
1.0
1.0
1.0
1.0
1.0
1.0
1.0
1.0
1.0
1.0
1.0
1.0
1.0
1.0
1.0
1.0
1.0
1.0
1.0
1.0
1.0
1.0
1.0
1.0
1.0
1.0
1.0
1.0
1.0
1.0
1.0
1.0
1.0
1.0
1.0
1.0
1.0
1.0
1.0
1.0
1.0
1.0
1.0
1.0
1.0
1.0
1.0
1.0
1.0
1.0
1.0
1.0
1.0
1.0
1.0
1.0
1.0
1.0
1.0
1.0
1.0
1.0
1.0
1.0
1.0
1.0
1.0
1.0
1.0
1.0
1.0
1.0
1.0
1.0
1.0
1.0
1.0
1.0
1.0
1.0
1.0
1.0
1.0
1.0
1.0
1.0
1.0
1.0
1.0
1.0
1.0
1.0
1.0
1.0
1.0
1.0
1.0
1.0
1.0
1.0
1.0
1.0
1.0
1.0
1.0
1.0
1.0
1.0
1.0
1.0
1.0
1.0
1.0
1.0
1.0
1.0
1.0
1.0
1.0
1.0
1.0
1.0
1.0
1.0
1.0
1.0
1.0
1.0
1.0
1.0
1.0
1.0
1.0
1.0
0.5495978552278821
0.5522788203753352
0.5549597855227882
0.5576407506702413
0.5603217158176944
0.5630026809651475
0.5656836461126006
0.5683646112600537
0.5710455764075067
0.5737265415549598
0.5764075067024129
0.579088471849866
0.5817694369973191
0.5844504021447721
0.5871313672922251
0.5898123324396782
0.5924932975871313
1.0
1.0
1.0
1.0
1.0
1.0
1.0
1.0
1.0
1.0
1.0
1.0
1.0
1.0
1.0
1.0
1.0
1.0
1.0
1.0
1.0
1.0
1.0
1.0
1.0
1.0
1.0
1.0
1.0
1.0
1.0
1.0
1.0
1.0
1.0
1.0
1.0
1.0
1.0
1.0
1.0
1.0
1.0
1.0
1.0
1.0
1.0
1.0
1.0
1.0
1.0
1.0
1.0
1.0
1.0
1.0
1.0
1.0
1.0
1.0
1.0
1.0
1.0
1.0
1.0
1.0
1.0
1.0
1.0
1.0
1.0
1.0
1.0
1.0
1.0
1.0
1.0
1.0
1.0
1.0
1.0
1.0
1.0
1.0
1.0
1.0
1.0
1.0
1.0
1.0
1.0
1.0
1.0
1.0
1.0
1.0
1.0
1.0
1.0
1.0
1.0
1.0
1.0
1.0
1.0
1.0
1.0
1.0
1.0
1.0
1.0
1.0
1.0
1.0
1.0
1.0
1.0
1.0
1.0
1.0
1.0
1.0
1.0
1.0
1.0
1.0
1.0
1.0
1.0
1.0
1.0
1.0
1.0
1.0
1.0
1.0
1.0
1.0
1.0
1.0
1.0
1.0
1.0
1.0
1.0
1.0
1.0
1.0
1.0
1.0
1.0
1.0
1.0
1.0
1.0
1.0
1.0
1.0
1.0
1.0
1.0
1.0
1.0
1.0
1.0
1.0
1.0
1.0
1.0
1.0
1.0
1.0
1.0
1.0
1.0
1.0
1.0
1.0
1.0
1.0
1.0
1.0
1.0
1.0
1.0
1.0
1.0
1.0
1.0
1.0
1.0
1.0
1.0
1.0
1.0
1.0
1.0
1.0
1.0
1.0
1.0
1.0
1.0
1.0
0.5495978552278821
0.5522788203753352
0.5549597855227882
0.5576407506702413
0.5603217158176944
0.5630026809651475
0.5656836461126006
0.5683646112600537
0.5710455764075067
0.5737265415549598
0.5764075067024129
0.579088471849866
0.5817694369973191
0.5844504021447721
0.5871313672922251
0.5898123324396782
0.5924932975871313
0.5951742627345844
0.5978552278820375
0.6005361930294906
0.6032171581769437
0.6058981233243967
0.6085790884718498
0.6112600536193029
0.613941018766756
0.6166219839142091
0.6193029490616622
0.6219839142091153
0.6246648793565683
0.6273458445040214
0.6300268096514745
0.6327077747989276
0.6353887399463807
0.6380697050938338
0.6407506702412868
0.6434316353887399
0.646112600536193
0.6487935656836461
0.6514745308310992
0.6541554959785523
0.6568364611260054
0.6595174262734584
0.6621983914209115
0.6648793565683646
0.6675603217158177
0.6702412868632708
0.6729222520107239
0.675603217158177
0.67828418230563
0.6809651474530831
0.6836461126005362
0.6863270777479893
0.6890080428954424
0.6916890080428955
0.6943699731903485
0.6970509383378016
0.6997319034852547
0.7024128686327078
0.7050938337801609
0.707774798927614
0.710455764075067
0.7131367292225201
0.7158176943699732
0.7184986595174263
0.7211796246648794
0.7238605898123325
0.7265415549597856
0.7292225201072386
0.7319034852546917
0.7345844504021448
0.7372654155495979
0.739946380697051
0.7426273458445041
0.7453083109919572
0.7479892761394102
0.7506702412868632
0.7533512064343163
0.7560321715817694
0.7587131367292225
0.7613941018766756
0.7640750670241286
0.7667560321715817
0.7694369973190348
0.7721179624664879
0.774798927613941
0.7774798927613941
0.7801608579088471
0.7828418230563002
0.7855227882037533
0.7882037533512064
0.7908847184986595
0.7935656836461126
0.7962466487935657
0.7989276139410187
0.8016085790884718
0.8042895442359249
0.806970509383378
0.8096514745308311
0.8123324396782842
0.8150134048257373
0.8176943699731903
0.8203753351206434
0.8230563002680965
0.8257372654155496
0.8284182305630027
0.8310991957104558
0.8337801608579088
0.8364611260053619
0.839142091152815
0.8418230563002681
0.8445040214477212
0.8471849865951743
0.8498659517426274
0.8525469168900804
0.8552278820375335
0.8579088471849866
0.8605898123324397
0.8632707774798928
0.8659517426273459
0.868632707774799
0.871313672922252
0.8739946380697051
1.0
1.0
1.0
1.0
1.0
1.0
1.0
1.0
1.0
1.0
1.0
1.0
1.0
1.0
1.0
1.0
1.0
1.0
1.0
1.0
1.0
1.0
1.0
1.0
1.0
1.0
1.0
1.0
1.0
1.0
1.0
1.0
1.0
1.0
1.0
1.0
1.0
1.0
1.0
1.0
1.0
1.0
1.0
1.0
1.0
1.0
1.0
1.0
1.0
1.0
1.0
1.0
1.0
1.0
1.0
1.0
1.0
1.0
1.0
1.0
1.0
1.0
1.0
1.0
1.0
1.0
1.0
1.0
1.0
1.0
1.0
1.0
1.0
1.0
1.0
1.0
1.0
1.0
1.0
1.0
1.0
1.0
1.0
1.0
1.0
1.0
1.0
1.0
1.0
1.0
1.0
1.0
1.0
1.0
1.0
1.0
1.0
1.0
1.0
1.0
1.0
1.0
1.0
1.0
1.0
1.0
1.0
1.0
1.0
1.0
1.0
1.0
1.0
1.0
1.0
1.0
1.0
1.0
1.0
1.0
1.0
1.0
1.0
1.0
1.0
1.0
1.0
1.0
1.0
1.0
1.0
1.0
1.0
1.0
1.0
1.0
1.0
1.0
1.0
1.0
1.0
1.0
1.0
1.0
1.0
1.0
1.0
1.0
1.0
1.0
1.0
1.0
1.0
1.0
1.0
1.0
1.0
1.0
1.0
1.0
1.0
1.0
1.0
1.0
1.0
1.0
1.0
1.0
1.0
1.0
1.0
1.0
1.0
1.0
1.0
1.0
1.0
1.0
1.0
1.0
1.0
1.0
1.0
1.0
1.0
1.0
1.0
1.0
1.0
1.0
1.0
1.0
1.0
1.0
1.0
1.0
1.0
1.0
1.0
1.0
1.0
1.0
1.0
1.0
0.5495978552278821
0.5522788203753352
0.5549597855227882
0.5576407506702413
0.5603217158176944
0.5630026809651475
0.5656836461126006
0.5683646112600537
0.5710455764075067
0.5737265415549598
0.5764075067024129
0.579088471849866
0.5817694369973191
0.5844504021447721
0.5871313672922251
0.5898123324396782
0.5924932975871313
0.5951742627345844
0.5978552278820375
0.6005361930294906
0.6032171581769437
0.6058981233243967
0.6085790884718498
0.6112600536193029
0.613941018766756
0.6166219839142091
0.6193029490616622
0.6219839142091153
0.6246648793565683
0.6273458445040214
0.6300268096514745
0.6327077747989276
0.6353887399463807
0.6380697050938338
0.6407506702412868
0.6434316353887399
0.646112600536193
0.6487935656836461
0.6514745308310992
0.6541554959785523
0.6568364611260054
0.6595174262734584
0.6621983914209115
0.6648793565683646
0.6675603217158177
0.6702412868632708
0.6729222520107239
0.675603217158177
0.67828418230563
0.6809651474530831
0.6836461126005362
0.6863270777479893
0.6890080428954424
0.6916890080428955
0.6943699731903485
0.6970509383378016
0.6997319034852547
0.7024128686327078
0.7050938337801609
0.707774798927614
0.710455764075067
0.7131367292225201
0.7158176943699732
0.7184986595174263
0.7211796246648794
0.7238605898123325
0.7265415549597856
0.7292225201072386
0.7319034852546917
0.7345844504021448
0.7372654155495979
0.739946380697051
0.7426273458445041
0.7453083109919572
0.7479892761394102
0.7506702412868632
0.7533512064343163
0.7560321715817694
0.7587131367292225
0.7613941018766756
0.7640750670241286
0.7667560321715817
0.7694369973190348
0.7721179624664879
0.774798927613941
0.7774798927613941
0.7801608579088471
0.7828418230563002
0.7855227882037533
0.7882037533512064
0.7908847184986595
0.7935656836461126
0.7962466487935657
0.7989276139410187
0.8016085790884718
0.8042895442359249
0.806970509383378
0.8096514745308311
0.8123324396782842
0.8150134048257373
0.8176943699731903
0.8203753351206434
0.8230563002680965
0.8257372654155496
0.8284182305630027
0.8310991957104558
0.8337801608579088
0.8364611260053619
0.839142091152815
0.8418230563002681
0.8445040214477212
0.8471849865951743
0.8498659517426274
0.8525469168900804
0.8552278820375335
0.8579088471849866
0.8605898123324397
0.8632707774798928
0.8659517426273459
0.868632707774799
0.871313672922252
0.8739946380697051
