1.0
1.0
1.0
1.0
1.0
1.0
1.0
1.0
1.0
1.0
1.0
1.0
1.0
1.0
1.0
1.0
1.0
1.0
1.0
1.0
1.0
1.0
1.0
1.0
1.0
1.0
1.0
1.0
1.0
1.0
1.0
1.0
1.0
1.0
1.0
1.0
1.0
1.0
1.0
1.0
1.0
1.0
1.0
1.0
1.0
1.0
1.0
1.0
1.0
1.0
1.0
1.0
0.9814814814814815
0.9818181818181818
0.9821428571428571
0.9824561403508771
0.9827586206896551
0.9830508474576272
0.9833333333333333
0.9836065573770492
0.9838709677419355
0.9841269841269841
0.984375
0.2807017543859649
0.2850877192982456
0.2894736842105263
0.2925764192139738
0.29694323144104806
0.30131004366812225
0.3056768558951965
0.31004366812227074
0.314410480349345
0.31877729257641924
0.3231441048034934
0.32751091703056767
0.33043478260869563
0.3347826086956522
0.3391304347826087
0.34347826086956523
0.34782608695652173
0.3521739130434783
0.3565217391304348
0.36086956521739133
0.3652173913043478
0.3695652173913043
0.3739130434782609
0.3782608695652174
0.3826086956521739
0.3869565217391304
0.391304347826087
0.39565217391304347
0.4
0.4043478260869565
0.40869565217391307
0.41304347826086957
0.41739130434782606
0.4217391304347826
0.4260869565217391
0.43043478260869567
0.43478260869565216
0.4391304347826087
0.4434782608695652
0.44782608695652176
0.45217391304347826
0.45652173913043476
0.4608695652173913
0.4652173913043478
0.46956521739130436
0.47391304347826085
0.4782608695652174
0.4826086956521739
0.48695652173913045
0.49130434782608695
0.4956521739130435
0.5
0.5043478260869565
0.508695652173913
0.5130434782608696
0.5173913043478261
0.5217391304347826
0.5260869565217391
0.5304347826086957
0.5347826086956522
0.5391304347826087
0.5434782608695652
0.5478260869565217
0.5521739130434783
0.5565217391304348
0.5608695652173913
0.5652173913043478
0.5695652173913044
0.5739130434782609
0.5782608695652174
0.5826086956521739
0.5869565217391305
0.591304347826087
0.5956521739130435
0.6
0.6043478260869565
0.6086956521739131
0.6130434782608696
0.6173913043478261
0.6217391304347826
0.6260869565217392
0.6304347826086957
0.6347826086956522
0.6391304347826087
0.6434782608695652
0.6478260869565218
0.6521739130434783
0.6565217391304348
0.6608695652173913
0.6652173913043479
0.6695652173913044
0.6739130434782609
0.6782608695652174
0.6826086956521739
0.6869565217391305
0.691304347826087
0.6956521739130435
0.7
0.7043478260869566
0.7086956521739131
1.0
1.0
1.0
1.0
1.0
1.0
1.0
1.0
1.0
1.0
1.0
1.0
1.0
1.0
1.0
1.0
1.0
1.0
1.0
1.0
1.0
1.0
1.0
1.0
1.0
1.0
1.0
1.0
1.0
1.0
1.0
1.0
1.0
1.0
1.0
1.0
1.0
1.0
1.0
1.0
1.0
1.0
1.0
1.0
1.0
1.0
1.0
1.0
1.0
1.0
1.0
1.0
0.9814814814814815
0.9818181818181818
0.9821428571428571
0.9824561403508771
0.9827586206896551
0.9830508474576272
0.9833333333333333
0.9836065573770492
0.9838709677419355
0.9841269841269841
0.984375
0.2807017543859649
0.2850877192982456
0.2894736842105263
0.2925764192139738
0.29694323144104806
0.30131004366812225
0.3056768558951965
0.31004366812227074
0.314410480349345
0.31877729257641924
0.3231441048034934
0.32751091703056767
0.33043478260869563
0.3347826086956522
0.3391304347826087
0.34347826086956523
0.34782608695652173
0.3521739130434783
0.3565217391304348
0.36086956521739133
0.3652173913043478
0.3695652173913043
0.3739130434782609
0.3782608695652174
0.3826086956521739
0.3869565217391304
0.391304347826087
0.39565217391304347
0.4
0.4043478260869565
0.40869565217391307
0.41304347826086957
0.41739130434782606
0.4217391304347826
0.4260869565217391
0.43043478260869567
0.43478260869565216
0.4391304347826087
0.4434782608695652
0.44782608695652176
0.45217391304347826
0.45652173913043476
0.4608695652173913
0.4652173913043478
0.46956521739130436
0.47391304347826085
0.4782608695652174
0.4826086956521739
0.48695652173913045
0.49130434782608695
0.4956521739130435
0.5
0.5043478260869565
0.508695652173913
0.5130434782608696
0.5173913043478261
0.5217391304347826
0.5260869565217391
0.5304347826086957
0.5347826086956522
0.5391304347826087
0.5434782608695652
0.5478260869565217
0.5521739130434783
0.5565217391304348
0.5608695652173913
0.5652173913043478
0.5695652173913044
0.5739130434782609
0.5782608695652174
0.5826086956521739
0.5869565217391305
0.591304347826087
0.5956521739130435
0.6
0.6043478260869565
0.6086956521739131
0.6130434782608696
0.6173913043478261
0.6217391304347826
0.6260869565217392
0.6304347826086957
0.6347826086956522
0.6391304347826087
0.6434782608695652
0.6478260869565218
0.6521739130434783
0.6565217391304348
0.6608695652173913
0.6652173913043479
0.6695652173913044
0.6739130434782609
0.6782608695652174
0.6826086956521739
0.6869565217391305
0.691304347826087
0.6956521739130435
0.7
0.7043478260869566
0.7086956521739131
1.0
1.0
1.0
1.0
1.0
1.0
1.0
1.0
1.0
1.0
1.0
1.0
1.0
1.0
1.0
1.0
1.0
1.0
1.0
1.0
1.0
1.0
1.0
1.0
1.0
1.0
1.0
1.0
1.0
1.0
1.0
1.0
1.0
1.0
1.0
1.0
1.0
1.0
1.0
1.0
1.0
1.0
1.0
1.0
1.0
1.0
1.0
1.0
1.0
1.0
1.0
1.0
1.0
1.0
1.0
1.0
1.0
1.0
1.0
1.0
1.0
1.0
1.0
1.0
1.0
1.0
1.0
1.0
1.0
1.0
1.0
1.0
1.0
1.0
1.0
1.0
1.0
1.0
1.0
1.0
1.0
1.0
1.0
1.0
1.0
1.0
1.0
1.0
1.0
1.0
1.0
1.0
1.0
1.0
1.0
1.0
1.0
1.0
1.0
1.0
1.0
1.0
1.0
1.0
1.0
1.0
1.0
1.0
1.0
1.0
1.0
1.0
1.0
1.0
1.0
0.9814814814814815
0.9818181818181818
0.9821428571428571
0.9824561403508771
0.9827586206896551
0.9830508474576272
0.9833333333333333
0.9836065573770492
0.9838709677419355
0.9841269841269841
0.984375
0.2807017543859649
0.2850877192982456
0.2894736842105263
0.2925764192139738
0.29694323144104806
0.30131004366812225
0.3056768558951965
0.31004366812227074
0.314410480349345
0.31877729257641924
0.3231441048034934
0.32751091703056767
0.33043478260869563
0.3347826086956522
0.3391304347826087
0.34347826086956523
0.34782608695652173
0.3521739130434783
0.3565217391304348
0.36086956521739133
0.3652173913043478
0.3695652173913043
0.3739130434782609
0.3782608695652174
0.3826086956521739
0.3869565217391304
0.391304347826087
0.39565217391304347
0.4
0.4043478260869565
0.40869565217391307
0.41304347826086957
0.41739130434782606
0.4217391304347826
0.4260869565217391
0.43043478260869567
0.43478260869565216
0.4391304347826087
0.4434782608695652
0.44782608695652176
0.45217391304347826
0.45652173913043476
0.4608695652173913
0.4652173913043478
0.46956521739130436
0.47391304347826085
0.4782608695652174
0.4826086956521739
0.48695652173913045
0.49130434782608695
0.4956521739130435
0.5
0.5043478260869565
0.508695652173913
0.5130434782608696
0.5173913043478261
0.5217391304347826
0.5260869565217391
0.5304347826086957
0.5347826086956522
0.5391304347826087
0.5434782608695652
0.5478260869565217
0.5521739130434783
0.5565217391304348
0.5608695652173913
0.5652173913043478
0.5695652173913044
0.5739130434782609
0.5782608695652174
0.5826086956521739
0.5869565217391305
0.591304347826087
0.5956521739130435
0.6
0.6043478260869565
0.6086956521739131
0.6130434782608696
0.6173913043478261
0.6217391304347826
0.6260869565217392
0.6304347826086957
0.6347826086956522
0.6391304347826087
0.6434782608695652
0.6478260869565218
0.6521739130434783
0.6565217391304348
0.6608695652173913
0.6652173913043479
0.6695652173913044
0.6739130434782609
0.6782608695652174
0.6826086956521739
0.6869565217391305
0.691304347826087
0.6956521739130435
0.7
0.7043478260869566
0.7086956521739131
1.0
1.0
1.0
1.0
1.0
1.0
1.0
1.0
1.0
1.0
1.0
1.0
1.0
1.0
1.0
1.0
1.0
1.0
1.0
1.0
1.0
1.0
1.0
1.0
1.0
1.0
1.0
1.0
1.0
1.0
1.0
1.0
1.0
1.0
1.0
1.0
1.0
1.0
1.0
1.0
1.0
1.0
1.0
1.0
1.0
1.0
1.0
1.0
1.0
1.0
1.0
1.0
0.9814814814814815
0.9818181818181818
0.9821428571428571
0.9824561403508771
0.9827586206896551
0.9830508474576272
0.9833333333333333
0.9836065573770492
0.9838709677419355
0.9841269841269841
0.984375
0.2807017543859649
0.2850877192982456
0.2894736842105263
0.2925764192139738
0.29694323144104806
0.30131004366812225
0.3056768558951965
0.31004366812227074
0.314410480349345
0.31877729257641924
0.3231441048034934
0.32751091703056767
0.33043478260869563
0.3347826086956522
0.3391304347826087
0.34347826086956523
0.34782608695652173
0.3521739130434783
0.3565217391304348
0.36086956521739133
0.3652173913043478
0.3695652173913043
0.3739130434782609
0.3782608695652174
0.3826086956521739
0.3869565217391304
0.391304347826087
0.39565217391304347
0.4
0.4043478260869565
0.40869565217391307
0.41304347826086957
0.41739130434782606
0.4217391304347826
0.4260869565217391
0.43043478260869567
0.43478260869565216
0.4391304347826087
0.4434782608695652
0.44782608695652176
0.45217391304347826
0.45652173913043476
0.4608695652173913
0.4652173913043478
0.46956521739130436
0.47391304347826085
0.4782608695652174
0.4826086956521739
0.48695652173913045
0.49130434782608695
0.4956521739130435
0.5
0.5043478260869565
0.508695652173913
0.5130434782608696
0.5173913043478261
0.5217391304347826
0.5260869565217391
0.5304347826086957
0.5347826086956522
0.5391304347826087
0.5434782608695652
0.5478260869565217
0.5521739130434783
0.5565217391304348
0.5608695652173913
0.5652173913043478
0.5695652173913044
0.5739130434782609
0.5782608695652174
0.5826086956521739
0.5869565217391305
0.591304347826087
0.5956521739130435
0.6
0.6043478260869565
0.6086956521739131
0.6130434782608696
0.6173913043478261
0.6217391304347826
0.6260869565217392
0.6304347826086957
0.6347826086956522
0.6391304347826087
0.6434782608695652
0.6478260869565218
0.6521739130434783
0.6565217391304348
0.6608695652173913
0.6652173913043479
0.6695652173913044
0.6739130434782609
0.6782608695652174
0.6826086956521739
0.6869565217391305
0.691304347826087
0.6956521739130435
0.7
0.7043478260869566
0.7086956521739131
1.0
1.0
1.0
1.0
1.0
1.0
1.0
1.0
1.0
1.0
1.0
1.0
1.0
1.0
1.0
1.0
1.0
1.0
1.0
1.0
1.0
1.0
1.0
1.0
1.0
1.0
1.0
1.0
1.0
1.0
1.0
1.0
1.0
1.0
1.0
1.0
1.0
1.0
1.0
1.0
1.0
1.0
1.0
1.0
1.0
1.0
1.0
1.0
1.0
1.0
1.0
1.0
0.9814814814814815
0.9818181818181818
0.9821428571428571
0.9824561403508771
0.9827586206896551
0.9830508474576272
0.9833333333333333
0.9836065573770492
0.9838709677419355
0.9841269841269841
0.984375
0.2807017543859649
0.2850877192982456
0.2894736842105263
0.2925764192139738
0.29694323144104806
0.30131004366812225
0.3056768558951965
0.31004366812227074
0.314410480349345
0.31877729257641924
0.3231441048034934
0.32751091703056767
0.33043478260869563
0.3347826086956522
0.3391304347826087
0.34347826086956523
0.34782608695652173
0.3521739130434783
0.3565217391304348
0.36086956521739133
0.3652173913043478
0.3695652173913043
0.3739130434782609
0.3782608695652174
0.3826086956521739
0.3869565217391304
0.391304347826087
0.39565217391304347
0.4
0.4043478260869565
0.40869565217391307
0.41304347826086957
0.41739130434782606
0.4217391304347826
0.4260869565217391
0.43043478260869567
0.43478260869565216
0.4391304347826087
0.4434782608695652
0.44782608695652176
0.45217391304347826
0.45652173913043476
0.4608695652173913
0.4652173913043478
0.46956521739130436
0.47391304347826085
0.4782608695652174
0.4826086956521739
0.48695652173913045
0.49130434782608695
0.4956521739130435
0.5
0.5043478260869565
0.508695652173913
0.5130434782608696
0.5173913043478261
0.5217391304347826
0.5260869565217391
0.5304347826086957
0.5347826086956522
0.5391304347826087
0.5434782608695652
0.5478260869565217
0.5521739130434783
0.5565217391304348
0.5608695652173913
0.5652173913043478
0.5695652173913044
0.5739130434782609
0.5782608695652174
0.5826086956521739
0.5869565217391305
0.591304347826087
0.5956521739130435
0.6
0.6043478260869565
0.6086956521739131
0.6130434782608696
0.6173913043478261
0.6217391304347826
0.6260869565217392
0.6304347826086957
0.6347826086956522
0.6391304347826087
0.6434782608695652
0.6478260869565218
0.6521739130434783
0.6565217391304348
0.6608695652173913
0.6652173913043479
0.6695652173913044
0.6739130434782609
0.6782608695652174
0.6826086956521739
0.6869565217391305
0.691304347826087
0.6956521739130435
0.7
0.7043478260869566
0.7086956521739131
1.0
1.0
1.0
1.0
1.0
1.0
1.0
1.0
1.0
1.0
1.0
1.0
1.0
1.0
1.0
1.0
1.0
1.0
1.0
1.0
1.0
1.0
1.0
1.0
1.0
1.0
1.0
1.0
1.0
1.0
1.0
1.0
1.0
1.0
1.0
1.0
1.0
1.0
1.0
1.0
1.0
1.0
1.0
1.0
1.0
1.0
1.0
1.0
1.0
1.0
1.0
1.0
0.9814814814814815
0.9818181818181818
0.9821428571428571
0.9824561403508771
0.9827586206896551
0.9830508474576272
0.9833333333333333
0.9836065573770492
0.9838709677419355
0.9841269841269841
0.984375
0.2807017543859649
0.2850877192982456
0.2894736842105263
0.2925764192139738
0.29694323144104806
0.30131004366812225
0.3056768558951965
0.31004366812227074
0.314410480349345
0.31877729257641924
0.3231441048034934
0.32751091703056767
0.33043478260869563
0.3347826086956522
0.3391304347826087
0.34347826086956523
0.34782608695652173
0.3521739130434783
0.3565217391304348
0.36086956521739133
0.3652173913043478
0.3695652173913043
0.3739130434782609
0.3782608695652174
0.3826086956521739
0.3869565217391304
0.391304347826087
0.39565217391304347
0.4
0.4043478260869565
0.40869565217391307
0.41304347826086957
0.41739130434782606
0.4217391304347826
0.4260869565217391
0.43043478260869567
0.43478260869565216
0.4391304347826087
0.4434782608695652
0.44782608695652176
0.45217391304347826
0.45652173913043476
0.4608695652173913
0.4652173913043478
0.46956521739130436
0.47391304347826085
0.4782608695652174
0.4826086956521739
0.48695652173913045
0.49130434782608695
0.4956521739130435
0.5
0.5043478260869565
0.508695652173913
0.5130434782608696
0.5173913043478261
0.5217391304347826
0.5260869565217391
0.5304347826086957
0.5347826086956522
0.5391304347826087
0.5434782608695652
0.5478260869565217
0.5521739130434783
0.5565217391304348
0.5608695652173913
0.5652173913043478
0.5695652173913044
0.5739130434782609
0.5782608695652174
0.5826086956521739
0.5869565217391305
0.591304347826087
0.5956521739130435
0.6
0.6043478260869565
0.6086956521739131
0.6130434782608696
0.6173913043478261
0.6217391304347826
0.6260869565217392
0.6304347826086957
0.6347826086956522
0.6391304347826087
0.6434782608695652
0.6478260869565218
0.6521739130434783
0.6565217391304348
0.6608695652173913
0.6652173913043479
0.6695652173913044
0.6739130434782609
0.6782608695652174
0.6826086956521739
0.6869565217391305
0.691304347826087
0.6956521739130435
0.7
0.7043478260869566
0.7086956521739131
