1.0
1.0
1.0
1.0
1.0
1.0
1.0
1.0
1.0
1.0
1.0
1.0
1.0
1.0
1.0
1.0
1.0
1.0
1.0
1.0
1.0
1.0
1.0
1.0
1.0
1.0
1.0
1.0
1.0
1.0
1.0
1.0
1.0
1.0
1.0
1.0
1.0
1.0
1.0
1.0
1.0
1.0
1.0
1.0
1.0
1.0
1.0
1.0
1.0
1.0
1.0
1.0
1.0
1.0
1.0
1.0
1.0
1.0
1.0
1.0
1.0
1.0
1.0
1.0
1.0
1.0
1.0
1.0
1.0
1.0
1.0
1.0
1.0
1.0
1.0
1.0
1.0
1.0
1.0
1.0
1.0
1.0
1.0
1.0
1.0
1.0
1.0
1.0
1.0
1.0
1.0
1.0
1.0
1.0
1.0
1.0
1.0
1.0
1.0
1.0
1.0
1.0
1.0
0.6944444444444444
0.7013888888888888
0.7083333333333334
0.7152777777777778
0.7222222222222222
0.7291666666666666
0.7361111111111112
0.7430555555555556
0.75
0.7569444444444444
0.7638888888888888
0.7655172413793103
0.7671232876712328
0.7687074829931972
0.7702702702702703
0.7718120805369127
0.7733333333333333
0.7748344370860927
0.7763157894736842
0.7777777777777778
0.7792207792207793
0.7806451612903226
0.782051282051282
0.7834394904458599
0.7848101265822784
0.7861635220125787
0.7875
0.7888198757763976
0.7901234567901234
0.7914110429447853
0.7926829268292683
0.793939393939394
0.7951807228915663
0.7964071856287425
0.7976190476190477
0.7988165680473372
0.8
0.8011695906432749
0.8023255813953488
0.8034682080924855
0.8045977011494253
0.8057142857142857
0.8068181818181818
0.807909604519774
0.8089887640449438
0.8100558659217877
0.8111111111111111
0.8121546961325967
0.8131868131868132
0.8142076502732241
0.8152173913043478
0.8162162162162162
0.8172043010752689
0.8181818181818182
0.8191489361702128
0.8201058201058201
0.8210526315789474
0.8219895287958116
0.8229166666666666
0.8238341968911918
0.8247422680412371
0.8256410256410256
0.826530612244898
0.8274111675126904
0.8282828282828283
0.8291457286432161
0.83
0.8308457711442786
0.8316831683168316
0.8325123152709359
0.8333333333333334
0.8341463414634146
0.8349514563106796
0.8357487922705314
0.8365384615384616
0.8373205741626795
0.8380952380952381
0.8388625592417062
0.839622641509434
0.8403755868544601
0.8411214953271028
0.8418604651162791
0.8425925925925926
0.8433179723502304
0.8440366972477065
0.8447488584474886
0.8454545454545455
0.8461538461538461
0.8468468468468469
0.8475336322869955
0.8482142857142857
0.8488888888888889
0.8495575221238938
0.8502202643171806
0.8508771929824561
0.851528384279476
0.8521739130434782
0.8528138528138528
0.853448275862069
0.8540772532188842
0.8547008547008547
0.8553191489361702
0.8559322033898306
0.8565400843881856
0.8571428571428571
0.8577405857740585
0.8583333333333333
0.8589211618257261
0.859504132231405
0.8600823045267489
0.860655737704918
0.8612244897959184
0.8617886178861789
0.8623481781376519
0.8629032258064516
0.8634538152610441
0.864
0.8645418326693227
0.8650793650793651
0.8656126482213439
0.8661417322834646
0.8666666666666667
0.8671875
0.867704280155642
0.8682170542635659
0.8687258687258688
0.8692307692307693
0.8697318007662835
0.8702290076335878
0.870722433460076
0.8712121212121212
0.8716981132075472
0.8721804511278195
0.8726591760299626
0.8731343283582089
0.8736059479553904
0.8740740740740741
0.8745387453874539
0.875
0.8754578754578755
0.8759124087591241
0.8763636363636363
0.8768115942028986
0.8772563176895307
0.8808664259927798
0.8844765342960289
0.8880866425992779
0.8916967509025271
0.8953068592057761
0.8989169675090253
0.9025270758122743
0.9061371841155235
0.9064748201438849
0.9068100358422939
0.9071428571428571
0.9074733096085409
0.9078014184397163
0.9081272084805654
0.9084507042253521
0.9087719298245615
0.9090909090909091
0.9094076655052264
0.9097222222222222
0.9100346020761245
0.9103448275862069
0.9106529209621993
0.910958904109589
0.9112627986348123
0.9115646258503401
0.911864406779661
0.9121621621621622
0.9124579124579124
0.912751677852349
0.9130434782608695
0.9133333333333333
0.9136212624584718
0.9139072847682119
0.9141914191419142
0.9144736842105263
0.9147540983606557
0.9150326797385621
0.9153094462540716
0.9155844155844156
0.9158576051779935
0.9161290322580645
0.9163987138263665
0.9166666666666666
0.9169329073482428
0.9201277955271565
0.9233226837060703
0.9265175718849841
0.9297124600638977
0.9329073482428115
0.9361022364217252
0.939297124600639
0.9424920127795527
0.9456869009584664
0.9488817891373802
0.952076677316294
0.9552715654952076
0.9584664536741214
0.9616613418530351
0.9648562300319489
0.9680511182108626
0.9712460063897763
0.9744408945686901
0.9776357827476039
1.0
1.0
1.0
1.0
1.0
1.0
1.0
1.0
1.0
1.0
1.0
1.0
1.0
1.0
1.0
1.0
1.0
1.0
1.0
1.0
1.0
1.0
1.0
1.0
1.0
1.0
1.0
1.0
1.0
1.0
1.0
1.0
1.0
1.0
1.0
1.0
1.0
1.0
1.0
1.0
1.0
1.0
1.0
1.0
1.0
1.0
1.0
1.0
1.0
1.0
1.0
1.0
1.0
1.0
1.0
1.0
1.0
1.0
1.0
1.0
1.0
1.0
1.0
1.0
1.0
1.0
1.0
1.0
1.0
1.0
1.0
1.0
1.0
1.0
1.0
1.0
1.0
1.0
1.0
1.0
1.0
1.0
1.0
1.0
1.0
1.0
1.0
1.0
1.0
1.0
1.0
1.0
1.0
1.0
1.0
1.0
1.0
1.0
1.0
0.6944444444444444
0.7013888888888888
0.7083333333333334
0.7152777777777778
0.7222222222222222
0.7291666666666666
0.7361111111111112
0.7430555555555556
0.75
0.7569444444444444
0.7638888888888888
0.7655172413793103
0.7671232876712328
0.7687074829931972
0.7702702702702703
0.7718120805369127
0.7733333333333333
0.7748344370860927
0.7763157894736842
0.7777777777777778
0.7792207792207793
0.7806451612903226
0.782051282051282
0.7834394904458599
0.7848101265822784
0.7861635220125787
0.7875
0.7888198757763976
0.7901234567901234
0.7914110429447853
0.7926829268292683
0.793939393939394
0.7951807228915663
0.7964071856287425
0.7976190476190477
0.7988165680473372
0.8
0.8011695906432749
0.8023255813953488
0.8034682080924855
0.8045977011494253
0.8057142857142857
0.8068181818181818
0.807909604519774
0.8089887640449438
0.8100558659217877
0.8111111111111111
0.8121546961325967
0.8131868131868132
0.8142076502732241
0.8152173913043478
0.8162162162162162
0.8172043010752689
0.8181818181818182
0.8191489361702128
0.8201058201058201
0.8210526315789474
0.8219895287958116
0.8229166666666666
0.8238341968911918
0.8247422680412371
0.8256410256410256
0.826530612244898
0.8274111675126904
0.8282828282828283
0.8291457286432161
0.83
0.8308457711442786
0.8316831683168316
0.8325123152709359
0.8333333333333334
0.8341463414634146
0.8349514563106796
0.8357487922705314
0.8365384615384616
0.8373205741626795
0.8380952380952381
0.8388625592417062
0.839622641509434
0.8403755868544601
0.8411214953271028
0.8418604651162791
0.8425925925925926
0.8433179723502304
0.8440366972477065
0.8447488584474886
0.8454545454545455
0.8461538461538461
0.8468468468468469
0.8475336322869955
0.8482142857142857
0.8488888888888889
0.8495575221238938
0.8502202643171806
0.8508771929824561
0.851528384279476
0.8521739130434782
0.8528138528138528
0.853448275862069
0.8540772532188842
0.8547008547008547
0.8553191489361702
0.8559322033898306
0.8565400843881856
0.8571428571428571
0.8577405857740585
0.8583333333333333
0.8589211618257261
0.859504132231405
0.8600823045267489
0.860655737704918
0.8612244897959184
0.8617886178861789
0.8623481781376519
0.8629032258064516
0.8634538152610441
0.864
0.8645418326693227
0.8650793650793651
0.8656126482213439
0.8661417322834646
0.8666666666666667
0.8671875
0.867704280155642
0.8682170542635659
0.8687258687258688
0.8692307692307693
0.8697318007662835
0.8702290076335878
0.870722433460076
0.8712121212121212
0.8716981132075472
0.8721804511278195
0.8726591760299626
0.8731343283582089
0.8736059479553904
0.8740740740740741
0.8745387453874539
0.875
0.8754578754578755
0.8759124087591241
0.8763636363636363
0.8768115942028986
0.8772563176895307
0.8808664259927798
0.8844765342960289
0.8880866425992779
0.8916967509025271
0.8953068592057761
0.8989169675090253
0.9025270758122743
0.9061371841155235
0.9064748201438849
0.9068100358422939
0.9071428571428571
0.9074733096085409
0.9078014184397163
0.9081272084805654
0.9084507042253521
0.9087719298245615
0.9090909090909091
0.9094076655052264
0.9097222222222222
0.9100346020761245
0.9103448275862069
0.9106529209621993
0.910958904109589
0.9112627986348123
0.9115646258503401
0.911864406779661
0.9121621621621622
0.9124579124579124
0.912751677852349
0.9130434782608695
0.9133333333333333
0.9136212624584718
0.9139072847682119
0.9141914191419142
0.9144736842105263
0.9147540983606557
0.9150326797385621
0.9153094462540716
0.9155844155844156
0.9158576051779935
0.9161290322580645
0.9163987138263665
0.9166666666666666
0.9169329073482428
0.9201277955271565
0.9233226837060703
0.9265175718849841
0.9297124600638977
0.9329073482428115
0.9361022364217252
0.939297124600639
0.9424920127795527
0.9456869009584664
0.9488817891373802
0.952076677316294
0.9552715654952076
0.9584664536741214
0.9616613418530351
0.9648562300319489
0.9680511182108626
0.9712460063897763
0.9744408945686901
0.9776357827476039
1.0
1.0
1.0
1.0
1.0
1.0
1.0
1.0
1.0
1.0
1.0
1.0
1.0
1.0
1.0
1.0
1.0
1.0
1.0
1.0
1.0
1.0
1.0
1.0
1.0
1.0
1.0
1.0
1.0
1.0
1.0
1.0
1.0
1.0
1.0
1.0
1.0
1.0
1.0
1.0
1.0
1.0
1.0
1.0
1.0
1.0
1.0
1.0
1.0
1.0
1.0
1.0
1.0
1.0
1.0
1.0
1.0
1.0
1.0
1.0
1.0
1.0
1.0
1.0
1.0
1.0
1.0
1.0
1.0
1.0
1.0
1.0
1.0
1.0
1.0
1.0
1.0
1.0
1.0
1.0
1.0
1.0
1.0
1.0
1.0
1.0
1.0
1.0
1.0
1.0
1.0
1.0
1.0
1.0
1.0
1.0
1.0
1.0
1.0
1.0
1.0
1.0
1.0
0.6944444444444444
0.7013888888888888
0.7083333333333334
0.7152777777777778
0.7222222222222222
0.7291666666666666
0.7361111111111112
0.7430555555555556
0.75
0.7569444444444444
0.7638888888888888
0.7655172413793103
0.7671232876712328
0.7687074829931972
0.7702702702702703
0.7718120805369127
0.7733333333333333
0.7748344370860927
0.7763157894736842
0.7777777777777778
0.7792207792207793
0.7806451612903226
0.782051282051282
0.7834394904458599
0.7848101265822784
0.7861635220125787
0.7875
0.7888198757763976
0.7901234567901234
0.7914110429447853
0.7926829268292683
0.793939393939394
0.7951807228915663
0.7964071856287425
0.7976190476190477
0.7988165680473372
0.8
0.8011695906432749
0.8023255813953488
0.8034682080924855
0.8045977011494253
0.8057142857142857
0.8068181818181818
0.807909604519774
0.8089887640449438
0.8100558659217877
0.8111111111111111
0.8121546961325967
0.8131868131868132
0.8142076502732241
0.8152173913043478
0.8162162162162162
0.8172043010752689
0.8181818181818182
0.8191489361702128
0.8201058201058201
0.8210526315789474
0.8219895287958116
0.8229166666666666
0.8238341968911918
0.8247422680412371
0.8256410256410256
0.826530612244898
0.8274111675126904
0.8282828282828283
0.8291457286432161
0.83
0.8308457711442786
0.8316831683168316
0.8325123152709359
0.8333333333333334
0.8341463414634146
0.8349514563106796
0.8357487922705314
0.8365384615384616
0.8373205741626795
0.8380952380952381
0.8388625592417062
0.839622641509434
0.8403755868544601
0.8411214953271028
0.8418604651162791
0.8425925925925926
0.8433179723502304
0.8440366972477065
0.8447488584474886
0.8454545454545455
0.8461538461538461
0.8468468468468469
0.8475336322869955
0.8482142857142857
0.8488888888888889
0.8495575221238938
0.8502202643171806
0.8508771929824561
0.851528384279476
0.8521739130434782
0.8528138528138528
0.853448275862069
0.8540772532188842
0.8547008547008547
0.8553191489361702
0.8559322033898306
0.8565400843881856
0.8571428571428571
0.8577405857740585
0.8583333333333333
0.8589211618257261
0.859504132231405
0.8600823045267489
0.860655737704918
0.8612244897959184
0.8617886178861789
0.8623481781376519
0.8629032258064516
0.8634538152610441
0.864
0.8645418326693227
0.8650793650793651
0.8656126482213439
0.8661417322834646
0.8666666666666667
0.8671875
0.867704280155642
0.8682170542635659
0.8687258687258688
0.8692307692307693
0.8697318007662835
0.8702290076335878
0.870722433460076
0.8712121212121212
0.8716981132075472
0.8721804511278195
0.8726591760299626
0.8731343283582089
0.8736059479553904
0.8740740740740741
0.8745387453874539
0.875
0.8754578754578755
0.8759124087591241
0.8763636363636363
0.8768115942028986
0.8772563176895307
0.8808664259927798
0.8844765342960289
0.8880866425992779
0.8916967509025271
0.8953068592057761
0.8989169675090253
0.9025270758122743
0.9061371841155235
0.9064748201438849
0.9068100358422939
0.9071428571428571
0.9074733096085409
0.9078014184397163
0.9081272084805654
0.9084507042253521
0.9087719298245615
0.9090909090909091
0.9094076655052264
0.9097222222222222
0.9100346020761245
0.9103448275862069
0.9106529209621993
0.910958904109589
0.9112627986348123
0.9115646258503401
0.911864406779661
0.9121621621621622
0.9124579124579124
0.912751677852349
0.9130434782608695
0.9133333333333333
0.9136212624584718
0.9139072847682119
0.9141914191419142
0.9144736842105263
0.9147540983606557
0.9150326797385621
0.9153094462540716
0.9155844155844156
0.9158576051779935
0.9161290322580645
0.9163987138263665
0.9166666666666666
0.9169329073482428
0.9201277955271565
0.9233226837060703
0.9265175718849841
0.9297124600638977
0.9329073482428115
0.9361022364217252
0.939297124600639
0.9424920127795527
0.9456869009584664
0.9488817891373802
0.952076677316294
0.9552715654952076
0.9584664536741214
0.9616613418530351
0.9648562300319489
0.9680511182108626
0.9712460063897763
0.9744408945686901
0.9776357827476039
1.0
1.0
1.0
1.0
1.0
1.0
1.0
1.0
1.0
1.0
1.0
1.0
1.0
1.0
1.0
1.0
1.0
1.0
1.0
1.0
1.0
1.0
1.0
1.0
1.0
1.0
1.0
1.0
1.0
1.0
1.0
1.0
1.0
1.0
1.0
1.0
1.0
1.0
1.0
1.0
1.0
1.0
1.0
1.0
1.0
1.0
1.0
1.0
1.0
1.0
1.0
1.0
1.0
1.0
1.0
1.0
1.0
1.0
1.0
1.0
1.0
1.0
1.0
1.0
1.0
1.0
1.0
1.0
1.0
1.0
1.0
1.0
1.0
1.0
1.0
1.0
1.0
1.0
1.0
1.0
1.0
1.0
1.0
1.0
1.0
1.0
1.0
1.0
1.0
1.0
1.0
1.0
1.0
1.0
1.0
1.0
1.0
1.0
1.0
0.6944444444444444
0.7013888888888888
0.7083333333333334
0.7152777777777778
0.7222222222222222
0.7291666666666666
0.7361111111111112
0.7430555555555556
0.75
0.7569444444444444
0.7638888888888888
0.7655172413793103
0.7671232876712328
0.7687074829931972
0.7702702702702703
0.7718120805369127
0.7733333333333333
0.7748344370860927
0.7763157894736842
0.7777777777777778
0.7792207792207793
0.7806451612903226
0.782051282051282
0.7834394904458599
0.7848101265822784
0.7861635220125787
0.7875
0.7888198757763976
0.7901234567901234
0.7914110429447853
0.7926829268292683
0.793939393939394
0.7951807228915663
0.7964071856287425
0.7976190476190477
0.7988165680473372
0.8
0.8011695906432749
0.8023255813953488
0.8034682080924855
0.8045977011494253
0.8057142857142857
0.8068181818181818
0.807909604519774
0.8089887640449438
0.8100558659217877
0.8111111111111111
0.8121546961325967
0.8131868131868132
0.8142076502732241
0.8152173913043478
0.8162162162162162
0.8172043010752689
0.8181818181818182
0.8191489361702128
0.8201058201058201
0.8210526315789474
0.8219895287958116
0.8229166666666666
0.8238341968911918
0.8247422680412371
0.8256410256410256
0.826530612244898
0.8274111675126904
0.8282828282828283
0.8291457286432161
0.83
0.8308457711442786
0.8316831683168316
0.8325123152709359
0.8333333333333334
0.8341463414634146
0.8349514563106796
0.8357487922705314
0.8365384615384616
0.8373205741626795
0.8380952380952381
0.8388625592417062
0.839622641509434
0.8403755868544601
0.8411214953271028
0.8418604651162791
0.8425925925925926
0.8433179723502304
0.8440366972477065
0.8447488584474886
0.8454545454545455
0.8461538461538461
0.8468468468468469
0.8475336322869955
0.8482142857142857
0.8488888888888889
0.8495575221238938
0.8502202643171806
0.8508771929824561
0.851528384279476
0.8521739130434782
0.8528138528138528
0.853448275862069
0.8540772532188842
0.8547008547008547
0.8553191489361702
0.8559322033898306
0.8565400843881856
0.8571428571428571
0.8577405857740585
0.8583333333333333
0.8589211618257261
0.859504132231405
0.8600823045267489
0.860655737704918
0.8612244897959184
0.8617886178861789
0.8623481781376519
0.8629032258064516
0.8634538152610441
0.864
0.8645418326693227
0.8650793650793651
0.8656126482213439
0.8661417322834646
0.8666666666666667
0.8671875
0.867704280155642
0.8682170542635659
0.8687258687258688
0.8692307692307693
0.8697318007662835
0.8702290076335878
0.870722433460076
0.8712121212121212
0.8716981132075472
0.8721804511278195
0.8726591760299626
0.8731343283582089
0.8736059479553904
0.8740740740740741
0.8745387453874539
0.875
0.8754578754578755
0.8759124087591241
0.8763636363636363
0.8768115942028986
0.8772563176895307
0.8808664259927798
0.8844765342960289
0.8880866425992779
0.8916967509025271
0.8953068592057761
0.8989169675090253
0.9025270758122743
0.9061371841155235
0.9064748201438849
0.9068100358422939
0.9071428571428571
0.9074733096085409
0.9078014184397163
0.9081272084805654
0.9084507042253521
0.9087719298245615
0.9090909090909091
0.9094076655052264
0.9097222222222222
0.9100346020761245
0.9103448275862069
0.9106529209621993
0.910958904109589
0.9112627986348123
0.9115646258503401
0.911864406779661
0.9121621621621622
0.9124579124579124
0.912751677852349
0.9130434782608695
0.9133333333333333
0.9136212624584718
0.9139072847682119
0.9141914191419142
0.9144736842105263
0.9147540983606557
0.9150326797385621
0.9153094462540716
0.9155844155844156
0.9158576051779935
0.9161290322580645
0.9163987138263665
0.9166666666666666
0.9169329073482428
0.9201277955271565
0.9233226837060703
0.9265175718849841
0.9297124600638977
0.9329073482428115
0.9361022364217252
0.939297124600639
0.9424920127795527
0.9456869009584664
0.9488817891373802
0.952076677316294
0.9552715654952076
0.9584664536741214
0.9616613418530351
0.9648562300319489
0.9680511182108626
0.9712460063897763
0.9744408945686901
0.9776357827476039
1.0
1.0
1.0
1.0
1.0
1.0
1.0
1.0
1.0
1.0
1.0
1.0
1.0
1.0
1.0
1.0
1.0
1.0
1.0
1.0
1.0
1.0
1.0
1.0
1.0
1.0
1.0
1.0
1.0
1.0
1.0
1.0
1.0
1.0
1.0
1.0
1.0
1.0
1.0
1.0
1.0
1.0
1.0
1.0
1.0
1.0
1.0
1.0
1.0
1.0
1.0
1.0
1.0
1.0
1.0
1.0
1.0
1.0
1.0
1.0
1.0
1.0
1.0
1.0
1.0
1.0
1.0
1.0
1.0
1.0
1.0
1.0
1.0
1.0
1.0
1.0
1.0
1.0
1.0
1.0
1.0
1.0
1.0
1.0
1.0
1.0
1.0
1.0
1.0
1.0
1.0
1.0
1.0
1.0
1.0
1.0
1.0
1.0
1.0
1.0
1.0
1.0
1.0
1.0
1.0
1.0
1.0
1.0
1.0
1.0
1.0
1.0
1.0
1.0
1.0
1.0
1.0
1.0
1.0
1.0
1.0
1.0
1.0
1.0
1.0
1.0
1.0
1.0
1.0
1.0
1.0
1.0
1.0
1.0
1.0
1.0
1.0
1.0
1.0
1.0
1.0
1.0
1.0
1.0
1.0
1.0
1.0
1.0
1.0
1.0
1.0
1.0
1.0
1.0
1.0
1.0
1.0
1.0
1.0
1.0
1.0
1.0
1.0
1.0
1.0
1.0
1.0
1.0
1.0
1.0
1.0
1.0
1.0
1.0
1.0
1.0
1.0
1.0
1.0
1.0
1.0
1.0
1.0
1.0
1.0
1.0
1.0
1.0
1.0
1.0
1.0
1.0
1.0
1.0
1.0
1.0
1.0
1.0
1.0
1.0
1.0
1.0
1.0
1.0
1.0
1.0
0.6944444444444444
0.7013888888888888
0.7083333333333334
0.7152777777777778
0.7222222222222222
0.7291666666666666
0.7361111111111112
0.7430555555555556
0.75
0.7569444444444444
0.7638888888888888
0.7655172413793103
0.7671232876712328
0.7687074829931972
0.7702702702702703
0.7718120805369127
0.7733333333333333
0.7748344370860927
0.7763157894736842
0.7777777777777778
0.7792207792207793
0.7806451612903226
0.782051282051282
0.7834394904458599
0.7848101265822784
0.7861635220125787
0.7875
0.7888198757763976
0.7901234567901234
0.7914110429447853
0.7926829268292683
0.793939393939394
0.7951807228915663
0.7964071856287425
0.7976190476190477
0.7988165680473372
0.8
0.8011695906432749
0.8023255813953488
0.8034682080924855
0.8045977011494253
0.8057142857142857
0.8068181818181818
0.807909604519774
0.8089887640449438
0.8100558659217877
0.8111111111111111
0.8121546961325967
0.8131868131868132
0.8142076502732241
0.8152173913043478
0.8162162162162162
0.8172043010752689
0.8181818181818182
0.8191489361702128
0.8201058201058201
0.8210526315789474
0.8219895287958116
0.8229166666666666
0.8238341968911918
0.8247422680412371
0.8256410256410256
0.826530612244898
0.8274111675126904
0.8282828282828283
0.8291457286432161
0.83
0.8308457711442786
0.8316831683168316
0.8325123152709359
0.8333333333333334
0.8341463414634146
0.8349514563106796
0.8357487922705314
0.8365384615384616
0.8373205741626795
0.8380952380952381
0.8388625592417062
0.839622641509434
0.8403755868544601
0.8411214953271028
0.8418604651162791
0.8425925925925926
0.8433179723502304
0.8440366972477065
0.8447488584474886
0.8454545454545455
0.8461538461538461
0.8468468468468469
0.8475336322869955
0.8482142857142857
0.8488888888888889
0.8495575221238938
0.8502202643171806
0.8508771929824561
0.851528384279476
0.8521739130434782
0.8528138528138528
0.853448275862069
0.8540772532188842
0.8547008547008547
0.8553191489361702
0.8559322033898306
0.8565400843881856
0.8571428571428571
0.8577405857740585
0.8583333333333333
0.8589211618257261
0.859504132231405
0.8600823045267489
0.860655737704918
0.8612244897959184
0.8617886178861789
0.8623481781376519
0.8629032258064516
0.8634538152610441
0.864
0.8645418326693227
0.8650793650793651
0.8656126482213439
0.8661417322834646
0.8666666666666667
0.8671875
0.867704280155642
0.8682170542635659
0.8687258687258688
0.8692307692307693
0.8697318007662835
0.8702290076335878
0.870722433460076
0.8712121212121212
0.8716981132075472
0.8721804511278195
0.8726591760299626
0.8731343283582089
0.8736059479553904
0.8740740740740741
0.8745387453874539
0.875
0.8754578754578755
0.8759124087591241
0.8763636363636363
0.8768115942028986
0.8772563176895307
0.8808664259927798
0.8844765342960289
0.8880866425992779
0.8916967509025271
0.8953068592057761
0.8989169675090253
0.9025270758122743
0.9061371841155235
0.9064748201438849
0.9068100358422939
0.9071428571428571
0.9074733096085409
0.9078014184397163
0.9081272084805654
0.9084507042253521
0.9087719298245615
0.9090909090909091
0.9094076655052264
0.9097222222222222
0.9100346020761245
0.9103448275862069
0.9106529209621993
0.910958904109589
0.9112627986348123
0.9115646258503401
0.911864406779661
0.9121621621621622
0.9124579124579124
0.912751677852349
0.9130434782608695
0.9133333333333333
0.9136212624584718
0.9139072847682119
0.9141914191419142
0.9144736842105263
0.9147540983606557
0.9150326797385621
0.9153094462540716
0.9155844155844156
0.9158576051779935
0.9161290322580645
0.9163987138263665
0.9166666666666666
0.9169329073482428
0.9201277955271565
0.9233226837060703
0.9265175718849841
0.9297124600638977
0.9329073482428115
0.9361022364217252
0.939297124600639
0.9424920127795527
0.9456869009584664
0.9488817891373802
0.952076677316294
0.9552715654952076
0.9584664536741214
0.9616613418530351
0.9648562300319489
0.9680511182108626
0.9712460063897763
0.9744408945686901
1.0
1.0
1.0
1.0
1.0
1.0
1.0
1.0
1.0
1.0
1.0
1.0
1.0
1.0
1.0
1.0
1.0
1.0
1.0
1.0
1.0
1.0
1.0
1.0
1.0
1.0
1.0
1.0
1.0
1.0
1.0
1.0
1.0
1.0
1.0
1.0
1.0
1.0
1.0
1.0
1.0
1.0
1.0
1.0
1.0
1.0
1.0
1.0
1.0
1.0
1.0
1.0
1.0
1.0
1.0
1.0
1.0
1.0
1.0
1.0
1.0
1.0
1.0
1.0
1.0
1.0
1.0
1.0
1.0
1.0
1.0
1.0
1.0
1.0
1.0
1.0
1.0
1.0
1.0
1.0
1.0
1.0
1.0
1.0
1.0
1.0
1.0
1.0
1.0
1.0
1.0
1.0
1.0
1.0
1.0
1.0
1.0
1.0
1.0
1.0
1.0
1.0
1.0
1.0
1.0
1.0
1.0
1.0
1.0
1.0
1.0
1.0
1.0
1.0
1.0
1.0
1.0
1.0
1.0
1.0
1.0
1.0
1.0
1.0
1.0
1.0
1.0
1.0
1.0
1.0
1.0
1.0
1.0
1.0
1.0
1.0
1.0
1.0
1.0
1.0
1.0
1.0
1.0
1.0
1.0
1.0
1.0
1.0
1.0
1.0
1.0
1.0
1.0
1.0
1.0
1.0
1.0
1.0
1.0
1.0
1.0
1.0
1.0
1.0
1.0
1.0
1.0
1.0
1.0
1.0
1.0
1.0
1.0
1.0
1.0
1.0
1.0
1.0
1.0
1.0
1.0
1.0
1.0
1.0
1.0
1.0
1.0
1.0
1.0
1.0
1.0
1.0
1.0
1.0
1.0
1.0
1.0
1.0
0.6944444444444444
0.7013888888888888
0.7083333333333334
0.7152777777777778
0.7222222222222222
0.7291666666666666
0.7361111111111112
0.7430555555555556
0.75
0.7569444444444444
0.7638888888888888
0.7655172413793103
0.7671232876712328
0.7687074829931972
0.7702702702702703
0.7718120805369127
0.7733333333333333
0.7748344370860927
0.7763157894736842
0.7777777777777778
0.7792207792207793
0.7806451612903226
0.782051282051282
0.7834394904458599
0.7848101265822784
0.7861635220125787
0.7875
0.7888198757763976
0.7901234567901234
0.7914110429447853
0.7926829268292683
0.793939393939394
0.7951807228915663
0.7964071856287425
0.7976190476190477
0.7988165680473372
0.8
0.8011695906432749
0.8023255813953488
0.8034682080924855
0.8045977011494253
0.8057142857142857
0.8068181818181818
0.807909604519774
0.8089887640449438
0.8100558659217877
0.8111111111111111
0.8121546961325967
0.8131868131868132
0.8142076502732241
0.8152173913043478
0.8162162162162162
0.8172043010752689
0.8181818181818182
0.8191489361702128
0.8201058201058201
0.8210526315789474
0.8219895287958116
0.8229166666666666
0.8238341968911918
0.8247422680412371
0.8256410256410256
0.826530612244898
0.8274111675126904
0.8282828282828283
0.8291457286432161
0.83
0.8308457711442786
0.8316831683168316
0.8325123152709359
0.8333333333333334
0.8341463414634146
0.8349514563106796
0.8357487922705314
0.8365384615384616
0.8373205741626795
0.8380952380952381
0.8388625592417062
0.839622641509434
0.8403755868544601
0.8411214953271028
0.8418604651162791
0.8425925925925926
0.8433179723502304
0.8440366972477065
0.8447488584474886
0.8454545454545455
0.8461538461538461
0.8468468468468469
0.8475336322869955
0.8482142857142857
0.8488888888888889
0.8495575221238938
0.8502202643171806
0.8508771929824561
0.851528384279476
0.8521739130434782
0.8528138528138528
0.853448275862069
0.8540772532188842
0.8547008547008547
0.8553191489361702
0.8559322033898306
0.8565400843881856
0.8571428571428571
0.8577405857740585
0.8583333333333333
0.8589211618257261
0.859504132231405
0.8600823045267489
0.860655737704918
0.8612244897959184
0.8617886178861789
0.8623481781376519
0.8629032258064516
0.8634538152610441
0.864
0.8645418326693227
0.8650793650793651
0.8656126482213439
0.8661417322834646
0.8666666666666667
0.8671875
0.867704280155642
0.8682170542635659
0.8687258687258688
0.8692307692307693
0.8697318007662835
0.8702290076335878
0.870722433460076
0.8712121212121212
0.8716981132075472
0.8721804511278195
0.8726591760299626
0.8731343283582089
0.8736059479553904
0.8740740740740741
0.8745387453874539
0.875
0.8754578754578755
0.8759124087591241
0.8763636363636363
0.8768115942028986
0.8772563176895307
0.8808664259927798
0.8844765342960289
0.8880866425992779
0.8916967509025271
0.8953068592057761
0.8989169675090253
0.9025270758122743
0.9061371841155235
0.9064748201438849
0.9068100358422939
0.9071428571428571
0.9074733096085409
0.9078014184397163
0.9081272084805654
0.9084507042253521
0.9087719298245615
0.9090909090909091
0.9094076655052264
0.9097222222222222
0.9100346020761245
0.9103448275862069
0.9106529209621993
0.910958904109589
0.9112627986348123
0.9115646258503401
0.911864406779661
0.9121621621621622
0.9124579124579124
0.912751677852349
0.9130434782608695
0.9133333333333333
0.9136212624584718
0.9139072847682119
0.9141914191419142
0.9144736842105263
0.9147540983606557
0.9150326797385621
0.9153094462540716
0.9155844155844156
0.9158576051779935
0.9161290322580645
0.9163987138263665
0.9166666666666666
0.9169329073482428
0.9201277955271565
0.9233226837060703
0.9265175718849841
0.9297124600638977
0.9329073482428115
0.9361022364217252
0.939297124600639
0.9424920127795527
0.9456869009584664
0.9488817891373802
0.952076677316294
0.9552715654952076
0.9584664536741214
0.9616613418530351
0.9648562300319489
0.9680511182108626
0.9712460063897763
0.9744408945686901
1.0
1.0
1.0
1.0
1.0
1.0
1.0
1.0
1.0
1.0
1.0
1.0
1.0
1.0
1.0
1.0
1.0
1.0
1.0
1.0
1.0
1.0
1.0
1.0
1.0
1.0
1.0
1.0
1.0
1.0
1.0
1.0
1.0
1.0
1.0
1.0
1.0
1.0
1.0
1.0
1.0
1.0
1.0
1.0
1.0
1.0
1.0
1.0
1.0
1.0
1.0
1.0
1.0
1.0
1.0
1.0
1.0
1.0
1.0
1.0
1.0
1.0
1.0
1.0
1.0
1.0
1.0
1.0
1.0
1.0
1.0
1.0
1.0
1.0
1.0
1.0
1.0
1.0
1.0
1.0
1.0
1.0
1.0
1.0
1.0
1.0
1.0
1.0
1.0
1.0
1.0
1.0
1.0
1.0
1.0
1.0
1.0
1.0
1.0
1.0
1.0
1.0
1.0
0.6944444444444444
0.7013888888888888
0.7083333333333334
0.7152777777777778
0.7222222222222222
0.7291666666666666
0.7361111111111112
0.7430555555555556
0.75
0.7569444444444444
0.7638888888888888
0.7655172413793103
0.7671232876712328
0.7687074829931972
0.7702702702702703
0.7718120805369127
0.7733333333333333
0.7748344370860927
0.7763157894736842
0.7777777777777778
0.7792207792207793
0.7806451612903226
0.782051282051282
0.7834394904458599
0.7848101265822784
0.7861635220125787
0.7875
0.7888198757763976
0.7901234567901234
0.7914110429447853
0.7926829268292683
0.793939393939394
0.7951807228915663
0.7964071856287425
0.7976190476190477
1.0
1.0
1.0
1.0
1.0
1.0
1.0
1.0
1.0
1.0
1.0
1.0
1.0
1.0
1.0
1.0
1.0
1.0
1.0
1.0
1.0
1.0
1.0
1.0
1.0
1.0
1.0
1.0
1.0
1.0
1.0
1.0
1.0
1.0
1.0
1.0
1.0
1.0
1.0
1.0
1.0
1.0
1.0
1.0
1.0
1.0
1.0
1.0
1.0
1.0
1.0
1.0
1.0
1.0
1.0
1.0
1.0
1.0
1.0
1.0
1.0
1.0
1.0
1.0
1.0
1.0
1.0
1.0
1.0
1.0
1.0
1.0
1.0
1.0
1.0
1.0
1.0
1.0
1.0
1.0
1.0
1.0
1.0
1.0
1.0
1.0
1.0
1.0
1.0
1.0
1.0
1.0
1.0
1.0
1.0
1.0
1.0
1.0
1.0
1.0
1.0
1.0
1.0
0.6944444444444444
0.7013888888888888
0.7083333333333334
0.7152777777777778
0.7222222222222222
0.7291666666666666
0.7361111111111112
0.7430555555555556
0.75
0.7569444444444444
0.7638888888888888
0.7655172413793103
0.7671232876712328
0.7687074829931972
0.7702702702702703
0.7718120805369127
0.7733333333333333
0.7748344370860927
0.7763157894736842
0.7777777777777778
0.7792207792207793
0.7806451612903226
0.782051282051282
0.7834394904458599
0.7848101265822784
0.7861635220125787
0.7875
0.7888198757763976
0.7901234567901234
0.7914110429447853
0.7926829268292683
0.793939393939394
0.7951807228915663
0.7964071856287425
0.7976190476190477
0.7988165680473372
0.8
0.8011695906432749
0.8023255813953488
0.8034682080924855
0.8045977011494253
0.8057142857142857
0.8068181818181818
0.807909604519774
0.8089887640449438
0.8100558659217877
0.8111111111111111
0.8121546961325967
0.8131868131868132
0.8142076502732241
0.8152173913043478
0.8162162162162162
0.8172043010752689
0.8181818181818182
0.8191489361702128
0.8201058201058201
0.8210526315789474
0.8219895287958116
0.8229166666666666
0.8238341968911918
0.8247422680412371
0.8256410256410256
0.826530612244898
0.8274111675126904
0.8282828282828283
0.8291457286432161
0.83
0.8308457711442786
0.8316831683168316
0.8325123152709359
0.8333333333333334
0.8341463414634146
0.8349514563106796
0.8357487922705314
0.8365384615384616
0.8373205741626795
0.8380952380952381
0.8388625592417062
0.839622641509434
0.8403755868544601
0.8411214953271028
0.8418604651162791
0.8425925925925926
0.8433179723502304
0.8440366972477065
0.8447488584474886
0.8454545454545455
0.8461538461538461
0.8468468468468469
0.8475336322869955
0.8482142857142857
0.8488888888888889
0.8495575221238938
0.8502202643171806
0.8508771929824561
0.851528384279476
0.8521739130434782
0.8528138528138528
0.853448275862069
0.8540772532188842
0.8547008547008547
0.8553191489361702
0.8559322033898306
0.8565400843881856
0.8571428571428571
0.8577405857740585
0.8583333333333333
0.8589211618257261
0.859504132231405
0.8600823045267489
0.860655737704918
0.8612244897959184
0.8617886178861789
0.8623481781376519
0.8629032258064516
0.8634538152610441
0.864
0.8645418326693227
0.8650793650793651
0.8656126482213439
0.8661417322834646
0.8666666666666667
0.8671875
0.867704280155642
0.8682170542635659
0.8687258687258688
0.8692307692307693
0.8697318007662835
0.8702290076335878
0.870722433460076
0.8712121212121212
0.8716981132075472
0.8721804511278195
0.8726591760299626
0.8731343283582089
0.8736059479553904
0.8740740740740741
0.8745387453874539
0.875
0.8754578754578755
0.8759124087591241
0.8763636363636363
0.8768115942028986
0.8772563176895307
0.8808664259927798
0.8844765342960289
0.8880866425992779
0.8916967509025271
0.8953068592057761
0.8989169675090253
0.9025270758122743
0.9061371841155235
0.9064748201438849
0.9068100358422939
0.9071428571428571
0.9074733096085409
0.9078014184397163
0.9081272084805654
0.9084507042253521
0.9087719298245615
0.9090909090909091
0.9094076655052264
0.9097222222222222
0.9100346020761245
0.9103448275862069
0.9106529209621993
0.910958904109589
0.9112627986348123
0.9115646258503401
0.911864406779661
0.9121621621621622
0.9124579124579124
0.912751677852349
0.9130434782608695
0.9133333333333333
0.9136212624584718
0.9139072847682119
0.9141914191419142
0.9144736842105263
0.9147540983606557
0.9150326797385621
0.9153094462540716
0.9155844155844156
0.9158576051779935
0.9161290322580645
0.9163987138263665
0.9166666666666666
0.9169329073482428
0.9201277955271565
0.9233226837060703
0.9265175718849841
0.9297124600638977
0.9329073482428115
0.9361022364217252
0.939297124600639
0.9424920127795527
0.9456869009584664
0.9488817891373802
0.952076677316294
0.9552715654952076
0.9584664536741214
0.9616613418530351
0.9648562300319489
0.9680511182108626
0.9712460063897763
0.9744408945686901
0.9776357827476039
1.0
1.0
1.0
1.0
1.0
1.0
1.0
1.0
1.0
1.0
1.0
1.0
1.0
1.0
1.0
1.0
1.0
1.0
1.0
1.0
1.0
1.0
1.0
1.0
1.0
1.0
1.0
1.0
1.0
1.0
1.0
1.0
1.0
1.0
1.0
1.0
1.0
1.0
1.0
1.0
1.0
1.0
1.0
1.0
1.0
1.0
1.0
1.0
1.0
1.0
1.0
1.0
1.0
1.0
1.0
1.0
1.0
1.0
1.0
1.0
1.0
1.0
1.0
1.0
1.0
1.0
1.0
1.0
1.0
1.0
1.0
1.0
1.0
1.0
1.0
1.0
1.0
1.0
1.0
1.0
1.0
1.0
1.0
1.0
1.0
1.0
1.0
1.0
1.0
1.0
1.0
1.0
1.0
1.0
1.0
1.0
1.0
1.0
1.0
0.6944444444444444
0.7013888888888888
0.7083333333333334
0.7152777777777778
0.7222222222222222
0.7291666666666666
0.7361111111111112
0.7430555555555556
0.75
0.7569444444444444
0.7638888888888888
0.7655172413793103
0.7671232876712328
0.7687074829931972
0.7702702702702703
0.7718120805369127
0.7733333333333333
0.7748344370860927
0.7763157894736842
0.7777777777777778
0.7792207792207793
0.7806451612903226
0.782051282051282
0.7834394904458599
0.7848101265822784
0.7861635220125787
0.7875
0.7888198757763976
0.7901234567901234
0.7914110429447853
0.7926829268292683
0.793939393939394
0.7951807228915663
0.7964071856287425
0.7976190476190477
0.7988165680473372
0.8
0.8011695906432749
0.8023255813953488
0.8034682080924855
0.8045977011494253
0.8057142857142857
0.8068181818181818
0.807909604519774
0.8089887640449438
0.8100558659217877
0.8111111111111111
0.8121546961325967
0.8131868131868132
0.8142076502732241
0.8152173913043478
0.8162162162162162
0.8172043010752689
0.8181818181818182
0.8191489361702128
0.8201058201058201
0.8210526315789474
0.8219895287958116
0.8229166666666666
0.8238341968911918
0.8247422680412371
0.8256410256410256
0.826530612244898
0.8274111675126904
0.8282828282828283
0.8291457286432161
0.83
0.8308457711442786
0.8316831683168316
0.8325123152709359
0.8333333333333334
0.8341463414634146
0.8349514563106796
0.8357487922705314
0.8365384615384616
0.8373205741626795
0.8380952380952381
0.8388625592417062
0.839622641509434
0.8403755868544601
0.8411214953271028
0.8418604651162791
0.8425925925925926
0.8433179723502304
0.8440366972477065
0.8447488584474886
0.8454545454545455
0.8461538461538461
0.8468468468468469
0.8475336322869955
0.8482142857142857
0.8488888888888889
0.8495575221238938
0.8502202643171806
0.8508771929824561
0.851528384279476
0.8521739130434782
0.8528138528138528
0.853448275862069
0.8540772532188842
0.8547008547008547
0.8553191489361702
0.8559322033898306
0.8565400843881856
0.8571428571428571
0.8577405857740585
0.8583333333333333
0.8589211618257261
0.859504132231405
0.8600823045267489
0.860655737704918
0.8612244897959184
0.8617886178861789
0.8623481781376519
0.8629032258064516
0.8634538152610441
0.864
0.8645418326693227
0.8650793650793651
0.8656126482213439
0.8661417322834646
0.8666666666666667
0.8671875
0.867704280155642
0.8682170542635659
0.8687258687258688
0.8692307692307693
0.8697318007662835
0.8702290076335878
0.870722433460076
0.8712121212121212
0.8716981132075472
0.8721804511278195
0.8726591760299626
0.8731343283582089
0.8736059479553904
0.8740740740740741
0.8745387453874539
0.875
0.8754578754578755
0.8759124087591241
0.8763636363636363
0.8768115942028986
0.8772563176895307
0.8808664259927798
0.8844765342960289
0.8880866425992779
0.8916967509025271
0.8953068592057761
0.8989169675090253
0.9025270758122743
0.9061371841155235
0.9064748201438849
0.9068100358422939
0.9071428571428571
0.9074733096085409
0.9078014184397163
0.9081272084805654
0.9084507042253521
0.9087719298245615
0.9090909090909091
0.9094076655052264
0.9097222222222222
0.9100346020761245
0.9103448275862069
0.9106529209621993
0.910958904109589
0.9112627986348123
0.9115646258503401
0.911864406779661
0.9121621621621622
0.9124579124579124
0.912751677852349
0.9130434782608695
0.9133333333333333
0.9136212624584718
0.9139072847682119
0.9141914191419142
0.9144736842105263
0.9147540983606557
0.9150326797385621
0.9153094462540716
0.9155844155844156
0.9158576051779935
0.9161290322580645
0.9163987138263665
0.9166666666666666
0.9169329073482428
0.9201277955271565
0.9233226837060703
0.9265175718849841
0.9297124600638977
0.9329073482428115
0.9361022364217252
0.939297124600639
0.9424920127795527
0.9456869009584664
0.9488817891373802
0.952076677316294
0.9552715654952076
0.9584664536741214
0.9616613418530351
0.9648562300319489
0.9680511182108626
0.9712460063897763
0.9744408945686901
0.9776357827476039
1.0
1.0
1.0
1.0
1.0
1.0
1.0
1.0
1.0
1.0
1.0
1.0
1.0
1.0
1.0
1.0
1.0
1.0
1.0
1.0
1.0
1.0
1.0
1.0
1.0
1.0
1.0
1.0
1.0
1.0
1.0
1.0
1.0
1.0
1.0
1.0
1.0
1.0
1.0
1.0
1.0
1.0
1.0
1.0
1.0
1.0
1.0
1.0
1.0
1.0
1.0
1.0
1.0
1.0
1.0
1.0
1.0
1.0
1.0
1.0
1.0
1.0
1.0
1.0
1.0
1.0
1.0
1.0
1.0
1.0
1.0
1.0
1.0
1.0
1.0
1.0
1.0
1.0
1.0
1.0
1.0
1.0
1.0
1.0
1.0
1.0
1.0
1.0
1.0
1.0
1.0
1.0
1.0
1.0
1.0
1.0
1.0
1.0
1.0
1.0
1.0
1.0
1.0
0.6944444444444444
0.7013888888888888
0.7083333333333334
0.7152777777777778
0.7222222222222222
0.7291666666666666
0.7361111111111112
0.7430555555555556
0.75
0.7569444444444444
0.7638888888888888
0.7655172413793103
0.7671232876712328
0.7687074829931972
0.7702702702702703
0.7718120805369127
0.7733333333333333
0.7748344370860927
0.7763157894736842
0.7777777777777778
0.7792207792207793
0.7806451612903226
0.782051282051282
0.7834394904458599
0.7848101265822784
0.7861635220125787
0.7875
0.7888198757763976
0.7901234567901234
0.7914110429447853
0.7926829268292683
0.793939393939394
0.7951807228915663
0.7964071856287425
0.7976190476190477
0.7988165680473372
0.8
0.8011695906432749
0.8023255813953488
0.8034682080924855
0.8045977011494253
0.8057142857142857
0.8068181818181818
0.807909604519774
0.8089887640449438
0.8100558659217877
0.8111111111111111
0.8121546961325967
0.8131868131868132
0.8142076502732241
0.8152173913043478
0.8162162162162162
0.8172043010752689
0.8181818181818182
0.8191489361702128
0.8201058201058201
0.8210526315789474
0.8219895287958116
0.8229166666666666
0.8238341968911918
0.8247422680412371
0.8256410256410256
0.826530612244898
0.8274111675126904
0.8282828282828283
0.8291457286432161
0.83
0.8308457711442786
0.8316831683168316
0.8325123152709359
0.8333333333333334
0.8341463414634146
0.8349514563106796
0.8357487922705314
0.8365384615384616
0.8373205741626795
0.8380952380952381
0.8388625592417062
0.839622641509434
0.8403755868544601
0.8411214953271028
0.8418604651162791
0.8425925925925926
0.8433179723502304
0.8440366972477065
0.8447488584474886
0.8454545454545455
0.8461538461538461
0.8468468468468469
0.8475336322869955
0.8482142857142857
0.8488888888888889
0.8495575221238938
0.8502202643171806
0.8508771929824561
0.851528384279476
0.8521739130434782
0.8528138528138528
0.853448275862069
0.8540772532188842
0.8547008547008547
0.8553191489361702
0.8559322033898306
0.8565400843881856
0.8571428571428571
0.8577405857740585
0.8583333333333333
0.8589211618257261
0.859504132231405
0.8600823045267489
0.860655737704918
0.8612244897959184
0.8617886178861789
0.8623481781376519
0.8629032258064516
0.8634538152610441
0.864
0.8645418326693227
0.8650793650793651
0.8656126482213439
0.8661417322834646
0.8666666666666667
0.8671875
0.867704280155642
0.8682170542635659
0.8687258687258688
0.8692307692307693
0.8697318007662835
0.8702290076335878
0.870722433460076
0.8712121212121212
0.8716981132075472
0.8721804511278195
0.8726591760299626
0.8731343283582089
0.8736059479553904
0.8740740740740741
0.8745387453874539
0.875
0.8754578754578755
0.8759124087591241
0.8763636363636363
0.8768115942028986
0.8772563176895307
0.8808664259927798
0.8844765342960289
0.8880866425992779
0.8916967509025271
0.8953068592057761
0.8989169675090253
0.9025270758122743
0.9061371841155235
0.9064748201438849
0.9068100358422939
0.9071428571428571
0.9074733096085409
0.9078014184397163
0.9081272084805654
0.9084507042253521
0.9087719298245615
0.9090909090909091
0.9094076655052264
0.9097222222222222
0.9100346020761245
0.9103448275862069
0.9106529209621993
0.910958904109589
0.9112627986348123
0.9115646258503401
0.911864406779661
0.9121621621621622
0.9124579124579124
0.912751677852349
0.9130434782608695
0.9133333333333333
0.9136212624584718
0.9139072847682119
0.9141914191419142
0.9144736842105263
0.9147540983606557
0.9150326797385621
0.9153094462540716
0.9155844155844156
0.9158576051779935
0.9161290322580645
0.9163987138263665
0.9166666666666666
0.9169329073482428
0.9201277955271565
0.9233226837060703
0.9265175718849841
0.9297124600638977
0.9329073482428115
0.9361022364217252
0.939297124600639
0.9424920127795527
0.9456869009584664
0.9488817891373802
0.952076677316294
0.9552715654952076
0.9584664536741214
0.9616613418530351
0.9648562300319489
0.9680511182108626
0.9712460063897763
0.9744408945686901
0.9776357827476039
1.0
1.0
1.0
1.0
1.0
1.0
1.0
1.0
1.0
1.0
1.0
1.0
1.0
1.0
1.0
1.0
1.0
1.0
1.0
1.0
1.0
1.0
1.0
1.0
1.0
1.0
1.0
1.0
1.0
1.0
1.0
1.0
1.0
1.0
1.0
1.0
1.0
1.0
1.0
1.0
1.0
1.0
1.0
1.0
1.0
1.0
1.0
1.0
1.0
1.0
1.0
1.0
1.0
1.0
1.0
1.0
1.0
1.0
1.0
1.0
1.0
1.0
1.0
1.0
1.0
1.0
1.0
1.0
1.0
1.0
1.0
1.0
1.0
1.0
1.0
1.0
1.0
1.0
1.0
1.0
1.0
1.0
1.0
1.0
1.0
1.0
1.0
1.0
1.0
1.0
1.0
1.0
1.0
1.0
1.0
1.0
1.0
1.0
1.0
0.6944444444444444
0.7013888888888888
0.7083333333333334
0.7152777777777778
0.7222222222222222
0.7291666666666666
0.7361111111111112
0.7430555555555556
0.75
0.7569444444444444
0.7638888888888888
0.7655172413793103
0.7671232876712328
0.7687074829931972
0.7702702702702703
0.7718120805369127
0.7733333333333333
0.7748344370860927
0.7763157894736842
0.7777777777777778
0.7792207792207793
0.7806451612903226
0.782051282051282
0.7834394904458599
0.7848101265822784
0.7861635220125787
0.7875
0.7888198757763976
0.7901234567901234
0.7914110429447853
0.7926829268292683
0.793939393939394
0.7951807228915663
0.7964071856287425
0.7976190476190477
0.7988165680473372
0.8
0.8011695906432749
0.8023255813953488
0.8034682080924855
0.8045977011494253
0.8057142857142857
0.8068181818181818
0.807909604519774
0.8089887640449438
0.8100558659217877
0.8111111111111111
0.8121546961325967
0.8131868131868132
0.8142076502732241
0.8152173913043478
0.8162162162162162
0.8172043010752689
0.8181818181818182
0.8191489361702128
0.8201058201058201
0.8210526315789474
0.8219895287958116
0.8229166666666666
0.8238341968911918
0.8247422680412371
0.8256410256410256
0.826530612244898
0.8274111675126904
0.8282828282828283
0.8291457286432161
0.83
0.8308457711442786
0.8316831683168316
0.8325123152709359
0.8333333333333334
0.8341463414634146
0.8349514563106796
0.8357487922705314
0.8365384615384616
0.8373205741626795
0.8380952380952381
0.8388625592417062
0.839622641509434
0.8403755868544601
0.8411214953271028
0.8418604651162791
0.8425925925925926
0.8433179723502304
0.8440366972477065
0.8447488584474886
0.8454545454545455
0.8461538461538461
0.8468468468468469
0.8475336322869955
0.8482142857142857
0.8488888888888889
0.8495575221238938
0.8502202643171806
0.8508771929824561
0.851528384279476
0.8521739130434782
0.8528138528138528
0.853448275862069
0.8540772532188842
0.8547008547008547
0.8553191489361702
0.8559322033898306
0.8565400843881856
0.8571428571428571
0.8577405857740585
0.8583333333333333
0.8589211618257261
0.859504132231405
0.8600823045267489
0.860655737704918
0.8612244897959184
0.8617886178861789
0.8623481781376519
0.8629032258064516
0.8634538152610441
0.864
0.8645418326693227
0.8650793650793651
0.8656126482213439
0.8661417322834646
0.8666666666666667
0.8671875
0.867704280155642
0.8682170542635659
0.8687258687258688
0.8692307692307693
0.8697318007662835
0.8702290076335878
0.870722433460076
0.8712121212121212
0.8716981132075472
0.8721804511278195
0.8726591760299626
0.8731343283582089
0.8736059479553904
0.8740740740740741
0.8745387453874539
0.875
0.8754578754578755
0.8759124087591241
0.8763636363636363
0.8768115942028986
0.8772563176895307
0.8808664259927798
0.8844765342960289
0.8880866425992779
0.8916967509025271
0.8953068592057761
0.8989169675090253
0.9025270758122743
0.9061371841155235
0.9064748201438849
0.9068100358422939
0.9071428571428571
0.9074733096085409
0.9078014184397163
0.9081272084805654
0.9084507042253521
0.9087719298245615
0.9090909090909091
0.9094076655052264
0.9097222222222222
0.9100346020761245
0.9103448275862069
0.9106529209621993
0.910958904109589
0.9112627986348123
0.9115646258503401
0.911864406779661
0.9121621621621622
0.9124579124579124
0.912751677852349
0.9130434782608695
0.9133333333333333
0.9136212624584718
0.9139072847682119
0.9141914191419142
0.9144736842105263
0.9147540983606557
0.9150326797385621
0.9153094462540716
0.9155844155844156
0.9158576051779935
0.9161290322580645
0.9163987138263665
0.9166666666666666
0.9169329073482428
0.9201277955271565
0.9233226837060703
0.9265175718849841
0.9297124600638977
0.9329073482428115
0.9361022364217252
0.939297124600639
0.9424920127795527
0.9456869009584664
0.9488817891373802
0.952076677316294
0.9552715654952076
0.9584664536741214
0.9616613418530351
0.9648562300319489
0.9680511182108626
0.9712460063897763
0.9744408945686901
0.9776357827476039
