1.0
1.0
1.0
1.0
1.0
1.0
1.0
1.0
1.0
1.0
1.0
1.0
1.0
1.0
1.0
1.0
1.0
1.0
1.0
1.0
1.0
1.0
1.0
1.0
1.0
1.0
1.0
1.0
1.0
1.0
1.0
1.0
1.0
1.0
1.0
1.0
1.0
1.0
1.0
1.0
1.0
1.0
1.0
1.0
1.0
1.0
1.0
1.0
1.0
0.9433962264150944
0.9622641509433962
0.9811320754716981
1.0
1.0
1.0
1.0
1.0
1.0
1.0
0.9836065573770492
1.0
0.9393939393939394
0.9545454545454546
0.9696969696969697
0.9848484848484849
1.0
0.38285714285714284
0.38857142857142857
0.3942857142857143
0.3977272727272727
0.4011299435028249
0.4044943820224719
0.40782122905027934
0.4111111111111111
0.4143646408839779
0.4175824175824176
0.4207650273224044
0.42391304347826086
0.42702702702702705
0.43010752688172044
0.43315508021390375
0.43617021276595747
0.43915343915343913
0.4421052631578947
0.44502617801047123
0.4479166666666667
0.45077720207253885
0.4536082474226804
0.4564102564102564
0.45918367346938777
0.4619289340101523
0.46464646464646464
0.46733668341708545
0.47
0.472636815920398
0.4752475247524752
0.47783251231527096
0.4803921568627451
0.4852941176470588
0.49019607843137253
0.4950980392156863
0.5
0.5049019607843137
0.5098039215686274
0.5147058823529411
0.5196078431372549
0.5245098039215687
0.5294117647058824
0.5343137254901961
0.5392156862745098
0.5441176470588235
0.5490196078431373
0.553921568627451
0.5588235294117647
0.5609756097560976
0.5658536585365853
0.5707317073170731
0.5756097560975609
0.5804878048780487
0.5853658536585366
0.5902439024390244
0.5951219512195122
0.6
0.6048780487804878
0.6097560975609756
0.6146341463414634
0.6195121951219512
0.624390243902439
0.6292682926829268
0.6341463414634146
0.6390243902439025
0.6439024390243903
0.6487804878048781
0.6536585365853659
0.6585365853658537
0.6634146341463415
0.6682926829268293
0.6731707317073171
0.6780487804878049
0.6829268292682927
0.6878048780487804
0.6926829268292682
0.6941747572815534
0.6956521739130435
0.6971153846153846
0.7019230769230769
0.7067307692307693
0.7115384615384616
0.7163461538461539
0.7211538461538461
0.722488038277512
0.7238095238095238
0.7285714285714285
0.7333333333333333
0.7380952380952381
0.7428571428571429
0.7476190476190476
0.7523809523809524
0.7571428571428571
0.7619047619047619
0.7666666666666667
0.7677725118483413
0.7725118483412322
0.7772511848341233
0.7819905213270142
0.7867298578199052
0.7914691943127962
0.7962085308056872
0.8009478672985783
0.8056872037914692
0.8104265402843602
0.8151658767772512
0.8199052132701422
0.8246445497630331
0.8293838862559242
0.8341232227488151
0.8388625592417062
0.8436018957345972
0.8483412322274881
0.8530805687203792
0.8578199052132701
0.8625592417061612
0.8672985781990521
0.8720379146919431
0.8767772511848341
0.8815165876777251
0.8862559241706162
0.8909952606635071
0.8957345971563981
0.5263157894736842
0.5290858725761773
0.5318559556786704
0.5346260387811634
0.5373961218836565
0.5401662049861495
0.5429362880886427
0.5457063711911357
0.5469613259668509
0.5482093663911846
0.5494505494505495
0.5506849315068493
0.5519125683060109
0.553133514986376
0.5543478260869565
0.5555555555555556
0.5567567567567567
0.5579514824797843
0.5591397849462365
0.5603217158176944
0.5614973262032086
0.5626666666666666
0.5638297872340425
0.5649867374005305
0.5661375661375662
0.5672823218997362
0.5684210526315789
0.5695538057742782
0.5706806282722513
0.5718015665796344
0.5729166666666666
0.574025974025974
0.5751295336787565
0.5762273901808785
0.5773195876288659
0.5784061696658098
0.5794871794871795
0.5805626598465473
0.5816326530612245
0.5841836734693877
0.5867346938775511
0.5892857142857143
0.5918367346938775
0.5943877551020408
0.5969387755102041
0.5994897959183674
0.6020408163265306
0.6045918367346939
0.6071428571428571
0.6096938775510204
0.6122448979591837
0.6147959183673469
0.6173469387755102
0.6198979591836735
0.6224489795918368
0.625
0.6275510204081632
0.6301020408163265
0.6326530612244898
0.6352040816326531
0.6377551020408163
0.6403061224489796
0.6428571428571429
0.6454081632653061
0.6479591836734694
0.6505102040816326
0.6530612244897959
0.6556122448979592
0.6581632653061225
0.6607142857142857
0.6632653061224489
0.6658163265306123
0.6533665835411472
0.655860349127182
0.6583541147132169
0.6608478802992519
0.6633416458852868
0.6658354114713217
0.6683291770573566
0.6674937965260546
0.6683168316831684
0.6561743341404358
0.6585956416464891
0.6610169491525424
0.6634382566585957
0.6658595641646489
0.6682808716707022
1.0
1.0
1.0
1.0
1.0
1.0
1.0
1.0
1.0
1.0
1.0
1.0
1.0
1.0
1.0
1.0
1.0
1.0
1.0
1.0
1.0
1.0
1.0
1.0
1.0
1.0
1.0
1.0
1.0
1.0
1.0
1.0
1.0
1.0
1.0
1.0
1.0
1.0
1.0
1.0
1.0
1.0
1.0
1.0
1.0
1.0
1.0
1.0
1.0
1.0
0.9272727272727272
0.9454545454545454
0.9636363636363636
0.9818181818181818
1.0
0.9491525423728814
0.9661016949152542
0.9830508474576272
1.0
0.35714285714285715
0.3630952380952381
0.36904761904761907
0.3727810650887574
0.3764705882352941
0.38011695906432746
0.38372093023255816
0.3872832369942196
0.39080459770114945
0.3942857142857143
0.3977272727272727
0.4011299435028249
0.4044943820224719
0.40782122905027934
0.4111111111111111
0.4143646408839779
0.4175824175824176
0.4207650273224044
0.42391304347826086
0.42702702702702705
0.43010752688172044
0.43315508021390375
0.43617021276595747
0.43915343915343913
0.4421052631578947
0.44502617801047123
0.4479166666666667
0.45077720207253885
0.4536082474226804
0.4564102564102564
0.45918367346938777
0.4619289340101523
0.467005076142132
0.4720812182741117
0.47715736040609136
0.48223350253807107
0.4873096446700508
0.49238578680203043
0.49746192893401014
0.5025380710659898
0.5076142131979695
0.5126903553299492
0.5177664974619289
0.5228426395939086
0.5279187817258884
0.5329949238578681
0.5380710659898477
0.5431472081218274
0.5454545454545454
0.5505050505050505
0.5555555555555556
0.5606060606060606
0.5656565656565656
0.5707070707070707
0.5757575757575758
0.5808080808080808
0.5858585858585859
0.5909090909090909
0.5959595959595959
0.601010101010101
0.6060606060606061
0.6111111111111112
0.6161616161616161
0.6212121212121212
0.6262626262626263
0.6313131313131313
0.6363636363636364
0.6414141414141414
0.6464646464646465
0.6515151515151515
0.6565656565656566
0.6616161616161617
0.6666666666666666
0.6717171717171717
0.6767676767676768
0.6818181818181818
0.6834170854271356
0.685
0.6865671641791045
0.6915422885572139
0.6965174129353234
0.7014925373134329
0.7064676616915423
0.7114427860696517
0.7128712871287128
0.7142857142857143
0.7192118226600985
0.7241379310344828
0.729064039408867
0.7339901477832512
0.7389162561576355
0.7438423645320197
0.7487684729064039
0.7536945812807881
0.7586206896551724
0.7598039215686274
0.7647058823529411
0.7696078431372549
0.7745098039215687
0.7794117647058824
0.7843137254901961
0.7892156862745098
0.7941176470588235
0.7990196078431373
0.803921568627451
0.8088235294117647
0.8137254901960784
0.8186274509803921
0.8235294117647058
0.8284313725490197
0.8333333333333334
0.8382352941176471
0.8431372549019608
0.8480392156862745
0.8529411764705882
0.8578431372549019
0.8627450980392157
0.8676470588235294
0.8725490196078431
0.8774509803921569
0.8823529411764706
0.8872549019607843
0.8921568627450981
0.8591549295774648
0.863849765258216
0.8644859813084113
0.8651162790697674
0.8657407407407407
0.8663594470046083
0.8669724770642202
0.867579908675799
0.8681818181818182
0.8687782805429864
0.8693693693693694
0.8699551569506726
0.8705357142857143
0.8711111111111111
0.8716814159292036
0.8722466960352423
0.8728070175438597
0.8733624454148472
0.8739130434782608
0.8744588744588745
0.875
0.8755364806866953
0.8760683760683761
0.8765957446808511
0.8771186440677966
0.8776371308016878
0.8781512605042017
0.8786610878661087
0.8791666666666667
0.8796680497925311
0.8801652892561983
0.8806584362139918
0.8811475409836066
0.8852459016393442
0.889344262295082
0.8934426229508197
0.8975409836065574
0.5583756345177665
0.5609137055837563
0.5634517766497462
0.565989847715736
0.5685279187817259
0.5710659898477157
0.5736040609137056
0.5761421319796954
0.5786802030456852
0.5812182741116751
0.583756345177665
0.5862944162436549
0.5888324873096447
0.5913705583756346
0.5939086294416244
0.5964467005076142
0.5989847715736041
0.6015228426395939
0.6040609137055838
0.6065989847715736
0.6091370558375635
0.6116751269035533
0.6142131979695431
0.616751269035533
0.6192893401015228
0.6218274111675127
0.6243654822335025
0.6269035532994924
0.6294416243654822
0.631979695431472
0.6345177664974619
0.6370558375634517
0.6395939086294417
0.6421319796954315
0.6446700507614214
0.6472081218274112
0.649746192893401
0.6522842639593909
0.6548223350253807
0.6573604060913706
0.6598984771573604
0.660759493670886
0.6485148514851485
0.650990099009901
0.6534653465346535
0.655940594059406
0.6584158415841584
0.6608910891089109
0.6633663366336634
0.6625615763546798
0.6650246305418719
0.6658476658476659
0.6666666666666666
0.6674816625916871
0.6682926829268293
0.6690997566909975
0.6699029126213593
1.0
1.0
1.0
1.0
1.0
1.0
1.0
1.0
1.0
1.0
1.0
1.0
1.0
1.0
1.0
1.0
1.0
1.0
1.0
1.0
1.0
1.0
1.0
1.0
1.0
1.0
1.0
1.0
1.0
1.0
1.0
1.0
1.0
1.0
1.0
1.0
1.0
1.0
1.0
1.0
1.0
1.0
1.0
1.0
1.0
1.0
1.0
1.0
1.0
1.0
1.0
1.0
1.0
1.0
1.0
1.0
1.0
1.0
1.0
1.0
1.0
1.0
1.0
1.0
1.0
1.0
1.0
1.0
1.0
1.0
1.0
1.0
1.0
1.0
1.0
1.0
1.0
1.0
1.0
1.0
1.0
1.0
1.0
1.0
1.0
1.0
1.0
1.0
1.0
1.0
1.0
1.0
1.0
1.0
1.0
1.0
1.0
1.0
0.9259259259259259
0.9444444444444444
0.9629629629629629
0.9814814814814815
1.0
0.873015873015873
0.8888888888888888
0.890625
0.8923076923076924
0.8939393939393939
0.8955223880597015
0.8970588235294118
0.8985507246376812
0.9
0.9014084507042254
0.9027777777777778
0.9041095890410958
0.9054054054054054
0.9066666666666666
0.9078947368421053
0.9090909090909091
0.9102564102564102
0.9113924050632911
0.9125
0.9135802469135802
0.9146341463414634
0.9156626506024096
0.9166666666666666
0.9176470588235294
0.9186046511627907
0.9195402298850575
0.9204545454545454
0.9213483146067416
0.9222222222222223
0.9230769230769231
0.9239130434782609
0.9247311827956989
0.925531914893617
0.9263157894736842
0.9270833333333334
0.9278350515463918
0.9381443298969072
0.9484536082474226
0.9587628865979382
0.9690721649484536
0.9693877551020408
0.9696969696969697
0.97
0.9702970297029703
0.9705882352941176
0.970873786407767
0.9711538461538461
0.9714285714285714
0.9716981132075472
0.9719626168224299
0.9722222222222222
0.9724770642201835
0.9727272727272728
0.972972972972973
0.9732142857142857
0.9734513274336283
0.9736842105263158
0.9739130434782609
0.9741379310344828
0.9743589743589743
0.9745762711864406
0.9747899159663865
0.975
0.9752066115702479
0.9754098360655737
0.975609756097561
0.9758064516129032
0.976
0.9761904761904762
0.9763779527559056
0.9765625
0.9767441860465116
0.9769230769230769
0.9770992366412213
0.9772727272727273
0.9774436090225563
0.9776119402985075
0.9777777777777777
0.9779411764705882
0.9781021897810219
0.9782608695652174
0.9784172661870504
0.9785714285714285
0.9787234042553191
0.9788732394366197
0.9790209790209791
0.9791666666666666
0.9793103448275862
0.9794520547945206
0.9795918367346939
0.9797297297297297
0.9798657718120806
0.98
0.9801324503311258
0.9802631578947368
0.9803921568627451
0.9805194805194806
0.9806451612903225
0.9807692307692307
0.9808917197452229
0.9810126582278481
0.9811320754716981
0.98125
0.9813664596273292
0.9814814814814815
0.9815950920245399
0.9817073170731707
0.9818181818181818
0.9819277108433735
0.9820359281437125
0.9821428571428571
0.9822485207100592
0.9823529411764705
0.9824561403508771
0.9825581395348837
0.9826589595375722
0.9827586206896551
0.9828571428571429
0.9829545454545454
0.9830508474576272
0.9831460674157303
0.9832402234636871
0.9833333333333333
0.9834254143646409
0.9835164835164835
0.9836065573770492
0.9836956521739131
0.9837837837837838
0.9838709677419355
0.983957219251337
0.9840425531914894
0.9841269841269841
0.9842105263157894
0.9842931937172775
0.984375
0.9844559585492227
0.9845360824742269
0.9846153846153847
0.9846938775510204
0.9847715736040609
0.9848484848484849
0.9849246231155779
0.985
0.9850746268656716
0.9851485148514851
0.9852216748768473
0.9852941176470589
0.9853658536585366
0.9854368932038835
0.9855072463768116
0.9855769230769231
0.9856459330143541
0.9857142857142858
0.985781990521327
0.9858490566037735
0.9859154929577465
0.985981308411215
0.986046511627907
0.9861111111111112
0.9861751152073732
0.9728506787330317
0.9773755656108597
0.9819004524886877
0.9864253393665159
0.9864864864864865
0.9821428571428571
0.9866071428571429
0.9527896995708155
0.9570815450643777
0.9613733905579399
0.9656652360515021
0.9699570815450643
0.9742489270386266
0.9785407725321889
0.597911227154047
0.6005221932114883
0.6031331592689295
0.6057441253263708
0.608355091383812
0.6109660574412533
0.6135770234986945
0.6161879895561357
0.618798955613577
0.6214099216710183
0.6240208877284595
0.6266318537859008
0.6292428198433421
0.6318537859007833
0.6344647519582245
0.6370757180156658
0.639686684073107
0.6422976501305483
0.6449086161879896
0.6475195822454308
0.6501305483028721
0.6527415143603134
0.6553524804177546
0.6579634464751958
0.660574412532637
0.6631853785900783
0.6657963446475196
0.6684073107049608
0.6710182767624021
0.6736292428198434
0.6762402088772846
0.6788511749347258
0.6814621409921671
0.6840731070496083
0.6866840731070496
0.6892950391644909
0.6919060052219321
0.6945169712793734
0.6971279373368147
0.6997389033942559
0.7023498694516971
0.6940874035989717
0.6966580976863753
0.699228791773779
0.7017994858611826
0.7043701799485861
0.7051282051282052
0.6682808716707022
1.0
1.0
1.0
1.0
1.0
1.0
1.0
1.0
1.0
1.0
1.0
1.0
1.0
1.0
1.0
1.0
1.0
1.0
1.0
1.0
1.0
1.0
1.0
1.0
1.0
1.0
1.0
1.0
1.0
1.0
1.0
1.0
1.0
1.0
1.0
1.0
1.0
1.0
1.0
1.0
1.0
1.0
1.0
1.0
1.0
1.0
1.0
1.0
1.0
0.8620689655172413
0.8793103448275862
0.8813559322033898
0.8833333333333333
0.8852459016393442
0.8870967741935484
0.8888888888888888
0.890625
0.8923076923076924
0.8939393939393939
0.8955223880597015
0.8970588235294118
0.8985507246376812
0.9
0.9014084507042254
0.9027777777777778
0.9041095890410958
0.9054054054054054
0.9066666666666666
0.9078947368421053
0.9090909090909091
0.9102564102564102
0.9113924050632911
0.9125
0.9135802469135802
0.9146341463414634
0.9156626506024096
0.9166666666666666
0.9176470588235294
0.9186046511627907
0.9195402298850575
0.9204545454545454
0.9213483146067416
0.9222222222222223
0.9230769230769231
0.9239130434782609
0.9347826086956522
0.9456521739130435
0.9565217391304348
0.967391304347826
0.9782608695652174
0.978494623655914
0.9787234042553191
0.9789473684210527
0.9791666666666666
0.979381443298969
0.9795918367346939
0.9797979797979798
0.98
0.9801980198019802
0.9803921568627451
0.9805825242718447
0.9807692307692307
0.9809523809523809
0.9811320754716981
0.9813084112149533
0.9814814814814815
0.981651376146789
0.9818181818181818
0.9819819819819819
0.9821428571428571
0.9823008849557522
0.9824561403508771
0.9826086956521739
0.9827586206896551
0.9829059829059829
0.9830508474576272
0.9831932773109243
0.9833333333333333
0.9834710743801653
0.9836065573770492
0.983739837398374
0.9838709677419355
0.984
0.9841269841269841
0.984251968503937
0.984375
0.9844961240310077
0.9846153846153847
0.9847328244274809
0.9848484848484849
0.9849624060150376
0.9850746268656716
0.9851851851851852
0.9852941176470589
0.9854014598540146
0.9855072463768116
0.9856115107913669
0.9857142857142858
0.9858156028368794
0.9859154929577465
0.986013986013986
0.9861111111111112
0.9862068965517241
0.9863013698630136
0.9863945578231292
0.9864864864864865
0.9865771812080537
0.9866666666666667
0.9867549668874173
0.9868421052631579
0.9869281045751634
0.987012987012987
0.9870967741935484
0.9871794871794872
0.9872611464968153
0.9873417721518988
0.9874213836477987
0.9875
0.9875776397515528
0.9876543209876543
0.9877300613496932
0.9878048780487805
0.9878787878787879
0.9879518072289156
0.9880239520958084
0.9880952380952381
0.9881656804733728
0.9882352941176471
0.9883040935672515
0.9883720930232558
0.9884393063583815
0.9885057471264368
0.9885714285714285
0.9886363636363636
0.9887005649717514
0.9887640449438202
0.9888268156424581
0.9888888888888889
0.988950276243094
0.989010989010989
0.9890710382513661
0.9891304347826086
0.9891891891891892
0.989247311827957
0.9893048128342246
0.9893617021276596
0.9894179894179894
0.9894736842105263
0.9895287958115183
0.9895833333333334
0.9896373056994818
0.9896907216494846
0.9897435897435898
0.9897959183673469
0.9898477157360406
0.98989898989899
0.9899497487437185
0.99
0.9900497512437811
0.9900990099009901
0.9901477832512315
0.9901960784313726
0.9902439024390244
0.9902912621359223
0.9903381642512077
0.9903846153846154
0.9904306220095693
0.9904761904761905
0.990521327014218
0.9905660377358491
0.9768518518518519
0.9814814814814815
0.9861111111111112
0.9907407407407407
0.587431693989071
0.5901639344262295
0.592896174863388
0.5956284153005464
0.5983606557377049
0.6010928961748634
0.6038251366120219
0.6065573770491803
0.6092896174863388
0.6120218579234973
0.6147540983606558
0.6174863387978142
0.6202185792349727
0.6229508196721312
0.6256830601092896
0.6284153005464481
0.6311475409836066
0.6338797814207651
0.6366120218579235
0.639344262295082
0.6420765027322405
0.644808743169399
0.6475409836065574
0.6502732240437158
0.6530054644808743
0.6557377049180327
0.6584699453551912
0.6612021857923497
0.6639344262295082
0.6666666666666666
0.6693989071038251
0.6721311475409836
0.674863387978142
0.6775956284153005
0.680327868852459
0.6830601092896175
0.6857923497267759
0.6885245901639344
0.6912568306010929
0.6939890710382514
0.6967213114754098
0.6564102564102564
0.658974358974359
0.659846547314578
0.6607142857142857
0.6615776081424937
0.6624365482233503
0.6632911392405063
0.6641414141414141
0.6649874055415617
0.6527093596059114
0.6551724137931034
0.6576354679802956
0.6600985221674877
0.6625615763546798
0.6650246305418719
0.6658476658476659
0.6601941747572816
0.662621359223301
0.6650485436893204
0.6674757281553398
0.6699029126213593
1.0
1.0
1.0
1.0
1.0
1.0
1.0
1.0
1.0
1.0
1.0
1.0
1.0
1.0
1.0
1.0
1.0
1.0
1.0
1.0
1.0
1.0
1.0
1.0
1.0
1.0
1.0
1.0
1.0
1.0
1.0
1.0
1.0
1.0
1.0
1.0
1.0
1.0
1.0
1.0
1.0
1.0
1.0
1.0
1.0
1.0
1.0
1.0
1.0
0.9090909090909091
0.9272727272727272
0.9454545454545454
0.9636363636363636
0.9818181818181818
0.3353658536585366
0.34146341463414637
0.3475609756097561
0.3515151515151515
0.35542168674698793
0.3592814371257485
0.3630952380952381
0.3668639053254438
0.37058823529411766
0.3742690058479532
0.37790697674418605
0.3815028901734104
0.3850574712643678
0.38857142857142857
0.39204545454545453
0.3954802259887006
0.398876404494382
0.4022346368715084
0.40555555555555556
0.4088397790055249
0.41208791208791207
0.41530054644808745
0.41847826086956524
0.42162162162162165
0.42473118279569894
0.42780748663101603
0.4308510638297872
0.43386243386243384
0.4368421052631579
0.4397905759162304
0.4427083333333333
0.44559585492227977
0.45077720207253885
0.45595854922279794
0.46113989637305697
0.46632124352331605
0.47150259067357514
0.47668393782383417
0.48186528497409326
0.48704663212435234
0.49222797927461137
0.49740932642487046
0.5025906735751295
0.5077720207253886
0.5129533678756477
0.5181347150259067
0.5233160621761658
0.5284974093264249
0.5309278350515464
0.5360824742268041
0.5412371134020618
0.5463917525773195
0.5515463917525774
0.5567010309278351
0.5618556701030928
0.5670103092783505
0.5721649484536082
0.5773195876288659
0.5824742268041238
0.5876288659793815
0.5927835051546392
0.5979381443298969
0.6030927835051546
0.6082474226804123
0.6134020618556701
0.6185567010309279
0.6237113402061856
0.6288659793814433
0.634020618556701
0.6391752577319587
0.6443298969072165
0.6494845360824743
0.654639175257732
0.6597938144329897
0.6649484536082474
0.6701030927835051
0.6717948717948717
0.673469387755102
0.6751269035532995
0.6802030456852792
0.6852791878172588
0.6903553299492385
0.6954314720812182
0.700507614213198
0.702020202020202
0.7035175879396985
0.7085427135678392
0.7135678391959799
0.7185929648241206
0.7236180904522613
0.7286432160804021
0.7336683417085427
0.7386934673366834
0.7437185929648241
0.7487437185929648
0.75
0.755
0.76
0.765
0.77
0.775
0.78
0.785
0.79
0.795
0.8
0.805
0.81
0.815
0.82
0.825
0.83
0.835
0.84
0.845
0.85
0.855
0.86
0.865
0.87
0.875
0.88
0.885
0.8516746411483254
0.8564593301435407
0.8571428571428571
0.8578199052132701
0.8584905660377359
0.8591549295774648
0.8598130841121495
0.8604651162790697
0.8611111111111112
0.8617511520737328
0.8623853211009175
0.863013698630137
0.8636363636363636
0.8642533936651584
0.8648648648648649
0.8654708520179372
0.8660714285714286
0.8666666666666667
0.8672566371681416
0.8678414096916299
0.868421052631579
0.868995633187773
0.8695652173913043
0.8701298701298701
0.8706896551724138
0.871244635193133
0.8717948717948718
0.8723404255319149
0.8728813559322034
0.8734177215189873
0.8739495798319328
0.8744769874476988
0.875
0.8791666666666667
0.8833333333333333
0.8875
0.8916666666666667
0.8958333333333334
0.5538461538461539
0.5564102564102564
0.558974358974359
0.5615384615384615
0.5641025641025641
0.5666666666666667
0.5692307692307692
0.5717948717948718
0.5743589743589743
0.5769230769230769
0.5794871794871795
0.5820512820512821
0.5846153846153846
0.5871794871794872
0.5897435897435898
0.5923076923076923
0.5948717948717949
0.5974358974358974
0.6
0.6025641025641025
0.6051282051282051
0.6076923076923076
0.6102564102564103
0.6128205128205129
0.6153846153846154
0.617948717948718
0.6205128205128205
0.6230769230769231
0.6256410256410256
0.6282051282051282
0.6307692307692307
0.6333333333333333
0.6358974358974359
0.6384615384615384
0.6410256410256411
0.6435897435897436
0.6461538461538462
0.6487179487179487
0.6512820512820513
0.6538461538461539
0.6564102564102564
0.6572890025575447
0.6564885496183206
0.6590330788804071
0.6467661691542289
0.6492537313432836
0.6517412935323383
0.654228855721393
0.6567164179104478
0.6592039800995025
0.6551724137931034
0.6576354679802956
0.6600985221674877
0.6625615763546798
0.6633906633906634
0.6642156862745098
0.6585956416464891
0.6610169491525424
0.6634382566585957
0.6658595641646489
0.6682808716707022
1.0
1.0
1.0
1.0
1.0
1.0
1.0
1.0
1.0
1.0
1.0
1.0
1.0
1.0
1.0
1.0
1.0
1.0
1.0
1.0
1.0
1.0
1.0
1.0
1.0
1.0
1.0
1.0
1.0
1.0
1.0
1.0
1.0
1.0
1.0
1.0
1.0
1.0
1.0
1.0
1.0
1.0
1.0
1.0
1.0
1.0
1.0
1.0
1.0
1.0
0.9444444444444444
0.9629629629629629
0.9814814814814815
1.0
0.9322033898305084
0.9491525423728814
0.9661016949152542
0.9830508474576272
1.0
0.9230769230769231
0.9384615384615385
0.9538461538461539
0.9692307692307692
0.9846153846153847
0.9701492537313433
0.9850746268656716
0.3806818181818182
0.38636363636363635
0.39204545454545453
0.3954802259887006
0.398876404494382
0.4022346368715084
0.40555555555555556
0.4088397790055249
0.41208791208791207
0.41530054644808745
0.41847826086956524
0.42162162162162165
0.42473118279569894
0.42780748663101603
0.4308510638297872
0.43386243386243384
0.4368421052631579
0.4397905759162304
0.4427083333333333
0.44559585492227977
0.4484536082474227
0.4512820512820513
0.45408163265306123
0.45685279187817257
0.4595959595959596
0.4623115577889447
0.465
0.46766169154228854
0.47029702970297027
0.4729064039408867
0.47549019607843135
0.47804878048780486
0.48292682926829267
0.4878048780487805
0.4926829268292683
0.4975609756097561
0.5024390243902439
0.5073170731707317
0.5121951219512195
0.5170731707317073
0.5219512195121951
0.526829268292683
0.5317073170731708
0.5365853658536586
0.5414634146341464
0.5463414634146342
0.551219512195122
0.5560975609756098
0.558252427184466
0.5631067961165048
0.5679611650485437
0.5728155339805825
0.5776699029126213
0.5825242718446602
0.587378640776699
0.5922330097087378
0.5970873786407767
0.6019417475728155
0.6067961165048543
0.6116504854368932
0.616504854368932
0.6213592233009708
0.6262135922330098
0.6310679611650486
0.6359223300970874
0.6407766990291263
0.6456310679611651
0.6504854368932039
0.6553398058252428
0.6601941747572816
0.6650485436893204
0.6699029126213593
0.6747572815533981
0.6796116504854369
0.6844660194174758
0.6893203883495146
0.6908212560386473
0.6923076923076923
0.69377990430622
0.6985645933014354
0.7033492822966507
0.7081339712918661
0.7129186602870813
0.7177033492822966
0.719047619047619
0.7203791469194313
0.7251184834123223
0.7298578199052133
0.7345971563981043
0.7393364928909952
0.7440758293838863
0.7488151658767772
0.7535545023696683
0.7582938388625592
0.7630331753554502
0.7641509433962265
0.7688679245283019
0.7735849056603774
0.7783018867924528
0.7830188679245284
0.7877358490566038
0.7924528301886793
0.7971698113207547
0.8018867924528302
0.8066037735849056
0.8113207547169812
0.8160377358490566
0.8207547169811321
0.8254716981132075
0.8301886792452831
0.8349056603773585
0.839622641509434
0.8443396226415094
0.8490566037735849
0.8537735849056604
0.8584905660377359
0.8632075471698113
0.8679245283018868
0.8726415094339622
0.8773584905660378
0.8820754716981132
0.8867924528301887
0.8915094339622641
0.892018779342723
0.5261707988980716
0.5289256198347108
0.5316804407713499
0.5344352617079889
0.5371900826446281
0.5399449035812672
0.5426997245179064
0.5454545454545454
0.5467032967032966
0.547945205479452
0.5491803278688525
0.5504087193460491
0.5516304347826086
0.5528455284552846
0.5540540540540541
0.555256064690027
0.5564516129032258
0.5576407506702413
0.5588235294117647
0.56
0.5611702127659575
0.5623342175066313
0.5634920634920635
0.5646437994722955
0.5657894736842105
0.5669291338582677
0.5680628272251309
0.5691906005221932
0.5703125
0.5714285714285714
0.572538860103627
0.5736434108527132
0.5747422680412371
0.5758354755784062
0.5769230769230769
0.578005115089514
0.5790816326530612
0.5801526717557252
0.5812182741116751
0.583756345177665
0.5862944162436549
0.5888324873096447
0.5913705583756346
0.5939086294416244
0.5964467005076142
0.5989847715736041
0.6015228426395939
0.6040609137055838
0.6065989847715736
0.6091370558375635
0.6116751269035533
0.6142131979695431
0.616751269035533
0.6192893401015228
0.6218274111675127
0.6243654822335025
0.6269035532994924
0.6294416243654822
0.631979695431472
0.6345177664974619
0.6370558375634517
0.6395939086294417
0.6421319796954315
0.6446700507614214
0.6472081218274112
0.649746192893401
0.6522842639593909
0.6548223350253807
0.6573604060913706
0.6598984771573604
0.6624365482233503
0.6649746192893401
0.652605459057072
0.6550868486352357
0.6575682382133995
0.6600496277915633
0.6625310173697271
0.6650124069478908
0.6674937965260546
0.6683168316831684
0.6561743341404358
0.6585956416464891
0.6610169491525424
0.6634382566585957
0.6658595641646489
0.6682808716707022
