1.0
1.0
1.0
1.0
1.0
1.0
1.0
1.0
1.0
1.0
1.0
1.0
1.0
1.0
1.0
1.0
1.0
1.0
0.25333333333333335
0.2631578947368421
0.2727272727272727
0.28205128205128205
0.2911392405063291
0.3
0.30864197530864196
0.3170731707317073
0.3253012048192771
0.3333333333333333
0.3411764705882353
0.3488372093023256
0.3563218390804598
0.36363636363636365
0.3707865168539326
0.37777777777777777
0.38461538461538464
0.391304347826087
0.3978494623655914
0.40425531914893614
0.4105263157894737
0.4166666666666667
0.422680412371134
0.42857142857142855
0.43434343434343436
0.44
0.44554455445544555
0.45098039215686275
0.4563106796116505
0.46153846153846156
0.4666666666666667
0.4716981132075472
0.4766355140186916
0.48148148148148145
0.48623853211009177
0.4909090909090909
0.4954954954954955
0.5
0.504424778761062
0.5087719298245614
0.5130434782608696
0.5172413793103449
0.5213675213675214
0.5254237288135594
0.5294117647058824
0.5333333333333333
0.12896825396825398
0.13095238095238096
0.13293650793650794
0.1349206349206349
0.13690476190476192
0.1388888888888889
0.14087301587301587
0.14285714285714285
0.14484126984126985
0.14682539682539683
0.1488095238095238
0.15079365079365079
0.1527777777777778
0.15476190476190477
0.15674603174603174
0.15873015873015872
0.16071428571428573
0.1626984126984127
0.16468253968253968
0.16666666666666666
0.16865079365079366
0.17063492063492064
0.17261904761904762
0.1746031746031746
0.1765873015873016
0.17857142857142858
0.18055555555555555
0.18253968253968253
0.18452380952380953
0.1865079365079365
0.1884920634920635
0.19047619047619047
0.19246031746031747
0.19444444444444445
0.19642857142857142
0.1984126984126984
0.2003968253968254
0.20238095238095238
0.20436507936507936
0.20634920634920634
0.20833333333333334
0.21031746031746032
0.2123015873015873
0.21428571428571427
0.21626984126984128
0.21825396825396826
0.22023809523809523
0.2222222222222222
0.22420634920634921
0.2261904761904762
0.22817460317460317
0.23015873015873015
0.23214285714285715
0.23412698412698413
0.2361111111111111
0.23809523809523808
0.2400793650793651
0.24206349206349206
0.24404761904761904
0.24603174603174602
0.24801587301587302
0.25
0.251984126984127
0.25396825396825395
0.25595238095238093
0.25793650793650796
0.25992063492063494
0.2619047619047619
0.2638888888888889
0.26587301587301587
0.26785714285714285
0.2698412698412698
0.2718253968253968
0.27380952380952384
0.2757936507936508
0.2777777777777778
0.27976190476190477
0.28174603174603174
0.2837301587301587
0.2857142857142857
0.2876984126984127
0.2896825396825397
0.2916666666666667
0.29365079365079366
0.29563492063492064
0.2976190476190476
0.2996031746031746
0.30158730158730157
0.30357142857142855
0.3055555555555556
1.0
1.0
1.0
1.0
1.0
1.0
1.0
1.0
1.0
1.0
1.0
1.0
1.0
1.0
1.0
1.0
1.0
1.0
0.25333333333333335
0.2631578947368421
0.2727272727272727
0.28205128205128205
0.2911392405063291
0.3
0.30864197530864196
0.3170731707317073
0.3253012048192771
0.3333333333333333
0.3411764705882353
0.3488372093023256
0.3563218390804598
0.36363636363636365
0.3707865168539326
0.37777777777777777
0.38461538461538464
0.391304347826087
0.3978494623655914
0.40425531914893614
0.4105263157894737
0.4166666666666667
0.422680412371134
0.42857142857142855
0.43434343434343436
0.44
0.44554455445544555
0.45098039215686275
0.4563106796116505
0.46153846153846156
0.4666666666666667
0.4716981132075472
0.4766355140186916
0.48148148148148145
0.48623853211009177
0.4909090909090909
0.4954954954954955
0.5
0.504424778761062
0.5087719298245614
0.5130434782608696
0.5172413793103449
0.5213675213675214
0.5254237288135594
0.5294117647058824
0.5333333333333333
0.12896825396825398
0.13095238095238096
0.13293650793650794
0.1349206349206349
0.13690476190476192
0.1388888888888889
0.14087301587301587
0.14285714285714285
0.14484126984126985
0.14682539682539683
0.1488095238095238
0.15079365079365079
0.1527777777777778
0.15476190476190477
0.15674603174603174
0.15873015873015872
0.16071428571428573
0.1626984126984127
0.16468253968253968
0.16666666666666666
0.16865079365079366
0.17063492063492064
0.17261904761904762
0.1746031746031746
0.1765873015873016
0.17857142857142858
0.18055555555555555
0.18253968253968253
0.18452380952380953
0.1865079365079365
0.1884920634920635
0.19047619047619047
0.19246031746031747
0.19444444444444445
0.19642857142857142
0.1984126984126984
0.2003968253968254
0.20238095238095238
0.20436507936507936
0.20634920634920634
0.20833333333333334
0.21031746031746032
0.2123015873015873
0.21428571428571427
0.21626984126984128
0.21825396825396826
0.22023809523809523
0.2222222222222222
0.22420634920634921
0.2261904761904762
0.22817460317460317
0.23015873015873015
0.23214285714285715
0.23412698412698413
0.2361111111111111
0.23809523809523808
0.2400793650793651
0.24206349206349206
0.24404761904761904
0.24603174603174602
0.24801587301587302
0.25
0.251984126984127
0.25396825396825395
0.25595238095238093
0.25793650793650796
0.25992063492063494
0.2619047619047619
0.2638888888888889
0.26587301587301587
0.26785714285714285
0.2698412698412698
0.2718253968253968
0.27380952380952384
0.2757936507936508
0.2777777777777778
0.27976190476190477
0.28174603174603174
0.2837301587301587
0.2857142857142857
0.2876984126984127
0.2896825396825397
0.2916666666666667
0.29365079365079366
0.29563492063492064
0.2976190476190476
0.2996031746031746
0.30158730158730157
0.30357142857142855
0.3055555555555556
1.0
1.0
1.0
1.0
1.0
1.0
1.0
1.0
1.0
1.0
1.0
1.0
1.0
1.0
1.0
1.0
1.0
1.0
0.25333333333333335
0.2631578947368421
0.2727272727272727
0.28205128205128205
0.2911392405063291
0.3
0.30864197530864196
0.3170731707317073
0.3253012048192771
0.3333333333333333
0.3411764705882353
0.3488372093023256
0.3563218390804598
0.36363636363636365
0.3707865168539326
0.37777777777777777
0.38461538461538464
0.391304347826087
0.3978494623655914
0.40425531914893614
0.4105263157894737
0.4166666666666667
0.422680412371134
0.42857142857142855
0.43434343434343436
0.44
0.44554455445544555
0.45098039215686275
0.4563106796116505
0.46153846153846156
0.4666666666666667
0.4716981132075472
0.4766355140186916
0.48148148148148145
0.48623853211009177
0.4909090909090909
0.4954954954954955
0.5
0.504424778761062
0.5087719298245614
0.5130434782608696
0.5172413793103449
0.5213675213675214
0.5254237288135594
0.5294117647058824
0.5333333333333333
0.12896825396825398
0.13095238095238096
0.13293650793650794
0.1349206349206349
0.13690476190476192
0.1388888888888889
0.14087301587301587
0.14285714285714285
0.14484126984126985
0.14682539682539683
0.1488095238095238
0.15079365079365079
0.1527777777777778
0.15476190476190477
0.15674603174603174
0.15873015873015872
0.16071428571428573
0.1626984126984127
0.16468253968253968
0.16666666666666666
0.16865079365079366
0.17063492063492064
0.17261904761904762
0.1746031746031746
0.1765873015873016
0.17857142857142858
0.18055555555555555
0.18253968253968253
0.18452380952380953
0.1865079365079365
0.1884920634920635
0.19047619047619047
0.19246031746031747
0.19444444444444445
0.19642857142857142
0.1984126984126984
0.2003968253968254
0.20238095238095238
0.20436507936507936
0.20634920634920634
0.20833333333333334
0.21031746031746032
0.2123015873015873
0.21428571428571427
0.21626984126984128
0.21825396825396826
0.22023809523809523
0.2222222222222222
0.22420634920634921
0.2261904761904762
0.22817460317460317
0.23015873015873015
0.23214285714285715
0.23412698412698413
0.2361111111111111
0.23809523809523808
0.2400793650793651
0.24206349206349206
0.24404761904761904
0.24603174603174602
0.24801587301587302
0.25
0.251984126984127
0.25396825396825395
0.25595238095238093
0.25793650793650796
0.25992063492063494
0.2619047619047619
0.2638888888888889
0.26587301587301587
0.26785714285714285
0.2698412698412698
0.2718253968253968
0.27380952380952384
0.2757936507936508
0.2777777777777778
0.27976190476190477
0.28174603174603174
0.2837301587301587
0.2857142857142857
0.2876984126984127
0.2896825396825397
0.2916666666666667
0.29365079365079366
0.29563492063492064
0.2976190476190476
0.2996031746031746
0.30158730158730157
0.30357142857142855
0.3055555555555556
0.30753968253968256
0.30952380952380953
0.3115079365079365
0.3134920634920635
0.31547619047619047
0.31746031746031744
0.3194444444444444
0.32142857142857145
0.32341269841269843
0.3253968253968254
0.3273809523809524
0.32936507936507936
0.33134920634920634
0.3333333333333333
0.3353174603174603
0.3373015873015873
0.3392857142857143
0.3412698412698413
0.34325396825396826
0.34523809523809523
0.3472222222222222
0.3492063492063492
0.35119047619047616
0.3531746031746032
0.3551587301587302
0.35714285714285715
0.35912698412698413
0.3611111111111111
0.3630952380952381
0.36507936507936506
0.36706349206349204
0.36904761904761907
0.37103174603174605
0.373015873015873
0.375
0.376984126984127
0.37896825396825395
0.38095238095238093
0.38293650793650796
0.38492063492063494
0.3869047619047619
0.3888888888888889
0.39087301587301587
0.39285714285714285
0.3948412698412698
0.3968253968253968
0.39880952380952384
0.4007936507936508
0.4027777777777778
0.40476190476190477
0.40674603174603174
0.4087301587301587
0.4107142857142857
0.4126984126984127
0.4146825396825397
0.4166666666666667
0.41865079365079366
0.42063492063492064
0.4226190476190476
0.4246031746031746
0.42658730158730157
0.42857142857142855
0.4305555555555556
0.43253968253968256
0.43452380952380953
0.4365079365079365
0.4384920634920635
0.44047619047619047
0.44246031746031744
0.4444444444444444
0.44642857142857145
0.44841269841269843
0.4503968253968254
0.4523809523809524
0.45436507936507936
0.45634920634920634
0.4583333333333333
0.4603174603174603
0.4623015873015873
0.4642857142857143
0.4662698412698413
0.46825396825396826
0.47023809523809523
0.4722222222222222
0.4742063492063492
1.0
1.0
1.0
1.0
1.0
1.0
1.0
1.0
1.0
1.0
1.0
1.0
1.0
1.0
1.0
1.0
1.0
1.0
0.25333333333333335
0.2631578947368421
0.2727272727272727
0.28205128205128205
0.2911392405063291
0.3
0.30864197530864196
0.3170731707317073
0.3253012048192771
0.3333333333333333
0.3411764705882353
0.3488372093023256
0.3563218390804598
0.36363636363636365
0.3707865168539326
0.37777777777777777
0.38461538461538464
0.391304347826087
0.3978494623655914
0.40425531914893614
0.4105263157894737
0.4166666666666667
0.422680412371134
0.42857142857142855
0.43434343434343436
0.44
0.44554455445544555
0.45098039215686275
0.4563106796116505
0.46153846153846156
0.4666666666666667
0.4716981132075472
0.4766355140186916
0.48148148148148145
0.48623853211009177
0.4909090909090909
0.4954954954954955
0.5
0.504424778761062
0.5087719298245614
0.5130434782608696
0.5172413793103449
0.5213675213675214
0.5254237288135594
0.5294117647058824
0.5333333333333333
0.12896825396825398
0.13095238095238096
0.13293650793650794
0.1349206349206349
0.13690476190476192
0.1388888888888889
0.14087301587301587
0.14285714285714285
0.14484126984126985
0.14682539682539683
0.1488095238095238
0.15079365079365079
0.1527777777777778
0.15476190476190477
0.15674603174603174
0.15873015873015872
0.16071428571428573
0.1626984126984127
0.16468253968253968
0.16666666666666666
0.16865079365079366
0.17063492063492064
0.17261904761904762
0.1746031746031746
0.1765873015873016
0.17857142857142858
0.18055555555555555
0.18253968253968253
0.18452380952380953
0.1865079365079365
0.1884920634920635
0.19047619047619047
0.19246031746031747
0.19444444444444445
0.19642857142857142
0.1984126984126984
0.2003968253968254
0.20238095238095238
0.20436507936507936
0.20634920634920634
0.20833333333333334
0.21031746031746032
0.2123015873015873
0.21428571428571427
0.21626984126984128
0.21825396825396826
0.22023809523809523
0.2222222222222222
0.22420634920634921
0.2261904761904762
0.22817460317460317
0.23015873015873015
0.23214285714285715
0.23412698412698413
0.2361111111111111
0.23809523809523808
0.2400793650793651
0.24206349206349206
0.24404761904761904
0.24603174603174602
0.24801587301587302
0.25
0.251984126984127
0.25396825396825395
0.25595238095238093
0.25793650793650796
0.25992063492063494
0.2619047619047619
0.2638888888888889
0.26587301587301587
0.26785714285714285
0.2698412698412698
0.2718253968253968
0.27380952380952384
0.2757936507936508
0.2777777777777778
0.27976190476190477
0.28174603174603174
0.2837301587301587
0.2857142857142857
0.2876984126984127
0.2896825396825397
0.2916666666666667
0.29365079365079366
0.29563492063492064
0.2976190476190476
0.2996031746031746
0.30158730158730157
0.30357142857142855
0.3055555555555556
0.30753968253968256
0.30952380952380953
0.3115079365079365
0.3134920634920635
0.31547619047619047
0.31746031746031744
0.3194444444444444
0.32142857142857145
0.32341269841269843
0.3253968253968254
0.3273809523809524
0.32936507936507936
0.33134920634920634
0.3333333333333333
0.3353174603174603
0.3373015873015873
0.3392857142857143
0.3412698412698413
0.34325396825396826
0.34523809523809523
0.3472222222222222
0.3492063492063492
0.35119047619047616
0.3531746031746032
0.3551587301587302
0.35714285714285715
0.35912698412698413
0.3611111111111111
0.3630952380952381
0.36507936507936506
0.36706349206349204
0.36904761904761907
0.37103174603174605
0.373015873015873
0.375
0.376984126984127
0.37896825396825395
0.38095238095238093
0.38293650793650796
0.38492063492063494
0.3869047619047619
0.3888888888888889
0.39087301587301587
0.39285714285714285
0.3948412698412698
0.3968253968253968
0.39880952380952384
0.4007936507936508
0.4027777777777778
0.40476190476190477
0.40674603174603174
0.4087301587301587
0.4107142857142857
0.4126984126984127
0.4146825396825397
0.4166666666666667
0.41865079365079366
0.42063492063492064
0.4226190476190476
0.4246031746031746
0.42658730158730157
0.42857142857142855
0.4305555555555556
0.43253968253968256
0.43452380952380953
0.4365079365079365
0.4384920634920635
0.44047619047619047
0.44246031746031744
0.4444444444444444
0.44642857142857145
0.44841269841269843
0.4503968253968254
0.4523809523809524
0.45436507936507936
0.45634920634920634
0.4583333333333333
0.4603174603174603
0.4623015873015873
0.4642857142857143
0.4662698412698413
0.46825396825396826
0.47023809523809523
0.4722222222222222
0.4742063492063492
1.0
1.0
1.0
1.0
1.0
1.0
1.0
1.0
1.0
1.0
1.0
1.0
1.0
1.0
1.0
1.0
1.0
1.0
1.0
1.0
1.0
1.0
1.0
1.0
1.0
1.0
1.0
1.0
1.0
1.0
1.0
1.0
1.0
1.0
1.0
1.0
1.0
1.0
1.0
1.0
1.0
1.0
1.0
1.0
1.0
1.0
1.0
1.0
1.0
1.0
1.0
1.0
1.0
1.0
1.0
1.0
1.0
1.0
1.0
1.0
1.0
1.0
1.0
1.0
0.7386363636363636
0.7415730337078652
0.7444444444444445
0.7472527472527473
0.75
0.7526881720430108
0.7553191489361702
0.7578947368421053
0.7604166666666666
0.7708333333333334
0.78125
0.7916666666666666
0.8020833333333334
0.8125
0.8229166666666666
0.8333333333333334
0.84375
0.8541666666666666
0.8556701030927835
0.8571428571428571
0.8585858585858586
0.86
0.8613861386138614
0.8627450980392157
0.8640776699029126
0.8653846153846154
0.8666666666666667
0.8679245283018868
0.8691588785046729
0.8703703703703703
0.8715596330275229
0.8727272727272727
0.8738738738738738
0.875
0.8761061946902655
0.8771929824561403
0.8782608695652174
0.8793103448275862
0.8803418803418803
0.8813559322033898
0.8823529411764706
0.8833333333333333
0.8842975206611571
0.8852459016393442
0.8861788617886179
0.8870967741935484
0.888
0.8888888888888888
0.889763779527559
0.890625
0.8984375
0.90625
0.9140625
0.921875
0.9296875
0.9375
0.9453125
0.953125
0.9609375
0.96875
0.9765625
0.984375
0.9921875
1.0
1.0
1.0
1.0
1.0
1.0
1.0
1.0
1.0
1.0
1.0
1.0
1.0
1.0
1.0
1.0
1.0
1.0
1.0
0.25333333333333335
0.2631578947368421
0.2727272727272727
0.28205128205128205
0.2911392405063291
0.3
0.30864197530864196
0.3170731707317073
0.3253012048192771
0.3333333333333333
0.3411764705882353
0.3488372093023256
0.3563218390804598
0.36363636363636365
0.3707865168539326
0.37777777777777777
0.38461538461538464
0.391304347826087
0.3978494623655914
0.40425531914893614
0.4105263157894737
0.4166666666666667
0.422680412371134
0.42857142857142855
0.43434343434343436
0.44
0.44554455445544555
0.45098039215686275
0.4563106796116505
0.46153846153846156
0.4666666666666667
0.4716981132075472
0.4766355140186916
0.48148148148148145
0.48623853211009177
0.4909090909090909
0.4954954954954955
0.5
0.504424778761062
0.5087719298245614
0.5130434782608696
0.5172413793103449
0.5213675213675214
0.5254237288135594
0.5294117647058824
0.5333333333333333
0.12896825396825398
0.13095238095238096
0.13293650793650794
0.1349206349206349
0.13690476190476192
0.1388888888888889
0.14087301587301587
0.14285714285714285
0.14484126984126985
0.14682539682539683
0.1488095238095238
0.15079365079365079
0.1527777777777778
0.15476190476190477
0.15674603174603174
0.15873015873015872
0.16071428571428573
0.1626984126984127
0.16468253968253968
0.16666666666666666
0.16865079365079366
0.17063492063492064
0.17261904761904762
0.1746031746031746
0.1765873015873016
0.17857142857142858
0.18055555555555555
0.18253968253968253
0.18452380952380953
0.1865079365079365
0.1884920634920635
0.19047619047619047
0.19246031746031747
0.19444444444444445
0.19642857142857142
0.1984126984126984
0.2003968253968254
0.20238095238095238
0.20436507936507936
0.20634920634920634
0.20833333333333334
0.21031746031746032
0.2123015873015873
0.21428571428571427
0.21626984126984128
0.21825396825396826
0.22023809523809523
0.2222222222222222
0.22420634920634921
0.2261904761904762
0.22817460317460317
0.23015873015873015
0.23214285714285715
0.23412698412698413
0.2361111111111111
0.23809523809523808
0.2400793650793651
0.24206349206349206
0.24404761904761904
0.24603174603174602
0.24801587301587302
0.25
0.251984126984127
0.25396825396825395
0.25595238095238093
0.25793650793650796
0.25992063492063494
0.2619047619047619
0.2638888888888889
0.26587301587301587
0.26785714285714285
0.2698412698412698
0.2718253968253968
0.27380952380952384
0.2757936507936508
0.2777777777777778
0.27976190476190477
0.28174603174603174
0.2837301587301587
0.2857142857142857
0.2876984126984127
0.2896825396825397
0.2916666666666667
0.29365079365079366
0.29563492063492064
0.2976190476190476
0.2996031746031746
0.30158730158730157
0.30357142857142855
0.3055555555555556
0.30753968253968256
0.30952380952380953
0.3115079365079365
0.3134920634920635
0.31547619047619047
0.31746031746031744
0.3194444444444444
0.32142857142857145
0.32341269841269843
0.3253968253968254
0.3273809523809524
0.32936507936507936
0.33134920634920634
0.3333333333333333
0.3353174603174603
0.3373015873015873
0.3392857142857143
0.3412698412698413
0.34325396825396826
0.34523809523809523
0.3472222222222222
0.3492063492063492
0.35119047619047616
0.3531746031746032
0.3551587301587302
0.35714285714285715
0.35912698412698413
0.3611111111111111
0.3630952380952381
0.36507936507936506
0.36706349206349204
0.36904761904761907
0.37103174603174605
0.373015873015873
0.375
0.376984126984127
0.37896825396825395
0.38095238095238093
0.38293650793650796
0.38492063492063494
0.3869047619047619
0.3888888888888889
0.39087301587301587
0.39285714285714285
0.3948412698412698
0.3968253968253968
0.39880952380952384
0.4007936507936508
1.0
1.0
1.0
1.0
1.0
1.0
1.0
1.0
1.0
1.0
1.0
1.0
1.0
1.0
1.0
1.0
1.0
1.0
1.0
1.0
1.0
1.0
1.0
1.0
1.0
1.0
1.0
1.0
1.0
1.0
1.0
1.0
1.0
1.0
1.0
1.0
1.0
1.0
1.0
1.0
1.0
1.0
1.0
1.0
1.0
1.0
1.0
1.0
1.0
1.0
1.0
1.0
1.0
1.0
1.0
1.0
1.0
1.0
1.0
1.0
1.0
1.0
1.0
1.0
0.7386363636363636
0.7415730337078652
0.7444444444444445
0.7472527472527473
0.75
0.7526881720430108
0.7553191489361702
0.7578947368421053
0.7604166666666666
0.7708333333333334
0.78125
0.7916666666666666
0.8020833333333334
0.8125
0.8229166666666666
0.8333333333333334
0.84375
0.8541666666666666
0.8556701030927835
0.8571428571428571
0.8585858585858586
0.86
0.8613861386138614
0.8627450980392157
0.8640776699029126
0.8653846153846154
0.8666666666666667
0.8679245283018868
0.8691588785046729
0.8703703703703703
0.8715596330275229
0.8727272727272727
0.8738738738738738
0.875
0.8761061946902655
0.8771929824561403
0.8782608695652174
0.8793103448275862
0.8803418803418803
0.8813559322033898
0.8823529411764706
0.8833333333333333
0.8842975206611571
0.8852459016393442
0.8861788617886179
0.8870967741935484
0.888
0.8888888888888888
0.889763779527559
0.890625
0.8984375
0.90625
0.9140625
0.921875
0.9296875
0.9375
0.9453125
0.953125
0.9609375
0.96875
0.9765625
0.984375
0.9921875
1.0
1.0
1.0
1.0
1.0
1.0
1.0
1.0
1.0
1.0
1.0
1.0
1.0
1.0
1.0
1.0
1.0
1.0
1.0
0.25333333333333335
0.2631578947368421
0.2727272727272727
0.28205128205128205
0.2911392405063291
0.3
0.30864197530864196
0.3170731707317073
0.3253012048192771
0.3333333333333333
0.3411764705882353
0.3488372093023256
0.3563218390804598
0.36363636363636365
0.3707865168539326
0.37777777777777777
0.38461538461538464
0.391304347826087
0.3978494623655914
0.40425531914893614
0.4105263157894737
0.4166666666666667
0.422680412371134
0.42857142857142855
0.43434343434343436
0.44
0.44554455445544555
0.45098039215686275
0.4563106796116505
0.46153846153846156
0.4666666666666667
0.4716981132075472
0.4766355140186916
0.48148148148148145
0.48623853211009177
0.4909090909090909
0.4954954954954955
0.5
0.504424778761062
0.5087719298245614
0.5130434782608696
0.5172413793103449
0.5213675213675214
0.5254237288135594
0.5294117647058824
0.5333333333333333
0.12896825396825398
0.13095238095238096
0.13293650793650794
0.1349206349206349
0.13690476190476192
0.1388888888888889
0.14087301587301587
0.14285714285714285
0.14484126984126985
0.14682539682539683
0.1488095238095238
0.15079365079365079
0.1527777777777778
0.15476190476190477
0.15674603174603174
0.15873015873015872
0.16071428571428573
0.1626984126984127
0.16468253968253968
0.16666666666666666
0.16865079365079366
0.17063492063492064
0.17261904761904762
0.1746031746031746
0.1765873015873016
0.17857142857142858
0.18055555555555555
0.18253968253968253
0.18452380952380953
0.1865079365079365
0.1884920634920635
0.19047619047619047
0.19246031746031747
0.19444444444444445
0.19642857142857142
0.1984126984126984
0.2003968253968254
0.20238095238095238
0.20436507936507936
0.20634920634920634
0.20833333333333334
0.21031746031746032
0.2123015873015873
0.21428571428571427
0.21626984126984128
0.21825396825396826
0.22023809523809523
0.2222222222222222
0.22420634920634921
0.2261904761904762
0.22817460317460317
0.23015873015873015
0.23214285714285715
0.23412698412698413
0.2361111111111111
0.23809523809523808
0.2400793650793651
0.24206349206349206
0.24404761904761904
0.24603174603174602
0.24801587301587302
0.25
0.251984126984127
0.25396825396825395
0.25595238095238093
0.25793650793650796
0.25992063492063494
0.2619047619047619
0.2638888888888889
0.26587301587301587
0.26785714285714285
0.2698412698412698
0.2718253968253968
0.27380952380952384
0.2757936507936508
0.2777777777777778
0.27976190476190477
0.28174603174603174
0.2837301587301587
0.2857142857142857
0.2876984126984127
0.2896825396825397
0.2916666666666667
0.29365079365079366
0.29563492063492064
0.2976190476190476
0.2996031746031746
0.30158730158730157
0.30357142857142855
0.3055555555555556
0.30753968253968256
0.30952380952380953
0.3115079365079365
0.3134920634920635
0.31547619047619047
0.31746031746031744
0.3194444444444444
0.32142857142857145
0.32341269841269843
0.3253968253968254
0.3273809523809524
0.32936507936507936
0.33134920634920634
0.3333333333333333
0.3353174603174603
0.3373015873015873
0.3392857142857143
0.3412698412698413
0.34325396825396826
0.34523809523809523
0.3472222222222222
0.3492063492063492
0.35119047619047616
0.3531746031746032
0.3551587301587302
0.35714285714285715
0.35912698412698413
0.3611111111111111
0.3630952380952381
0.36507936507936506
0.36706349206349204
0.36904761904761907
0.37103174603174605
0.373015873015873
0.375
0.376984126984127
0.37896825396825395
0.38095238095238093
0.38293650793650796
0.38492063492063494
0.3869047619047619
0.3888888888888889
0.39087301587301587
0.39285714285714285
0.3948412698412698
0.3968253968253968
0.39880952380952384
0.4007936507936508
1.0
1.0
1.0
1.0
1.0
1.0
1.0
1.0
1.0
1.0
1.0
1.0
1.0
1.0
1.0
1.0
1.0
1.0
0.25333333333333335
0.2631578947368421
0.2727272727272727
0.28205128205128205
0.2911392405063291
0.3
0.30864197530864196
0.3170731707317073
0.3253012048192771
0.3333333333333333
0.3411764705882353
0.3488372093023256
0.3563218390804598
0.36363636363636365
0.3707865168539326
0.37777777777777777
0.38461538461538464
0.391304347826087
0.3978494623655914
0.40425531914893614
0.4105263157894737
0.4166666666666667
0.422680412371134
0.42857142857142855
0.43434343434343436
0.44
0.44554455445544555
0.45098039215686275
0.4563106796116505
0.46153846153846156
0.4666666666666667
0.4716981132075472
0.4766355140186916
0.48148148148148145
0.48623853211009177
0.4909090909090909
0.4954954954954955
0.5
0.504424778761062
0.5087719298245614
0.5130434782608696
0.5172413793103449
0.5213675213675214
0.5254237288135594
0.5294117647058824
0.5333333333333333
0.12896825396825398
0.13095238095238096
0.13293650793650794
0.1349206349206349
0.13690476190476192
0.1388888888888889
0.14087301587301587
0.14285714285714285
0.14484126984126985
0.14682539682539683
0.1488095238095238
0.15079365079365079
0.1527777777777778
0.15476190476190477
0.15674603174603174
0.15873015873015872
0.16071428571428573
0.1626984126984127
0.16468253968253968
0.16666666666666666
0.16865079365079366
0.17063492063492064
0.17261904761904762
0.1746031746031746
0.1765873015873016
0.17857142857142858
0.18055555555555555
0.18253968253968253
0.18452380952380953
0.1865079365079365
0.1884920634920635
0.19047619047619047
0.19246031746031747
0.19444444444444445
0.19642857142857142
0.1984126984126984
0.2003968253968254
0.20238095238095238
0.20436507936507936
0.20634920634920634
0.20833333333333334
0.21031746031746032
0.2123015873015873
0.21428571428571427
0.21626984126984128
1.0
1.0
1.0
1.0
1.0
1.0
1.0
1.0
1.0
1.0
1.0
1.0
1.0
1.0
1.0
1.0
1.0
1.0
0.25333333333333335
0.2631578947368421
0.2727272727272727
0.28205128205128205
0.2911392405063291
0.3
0.30864197530864196
0.3170731707317073
0.3253012048192771
0.3333333333333333
0.3411764705882353
0.3488372093023256
0.3563218390804598
0.36363636363636365
0.3707865168539326
0.37777777777777777
0.38461538461538464
0.391304347826087
0.3978494623655914
0.40425531914893614
0.4105263157894737
0.4166666666666667
0.422680412371134
0.42857142857142855
0.43434343434343436
0.44
0.44554455445544555
0.45098039215686275
0.4563106796116505
0.46153846153846156
0.4666666666666667
0.4716981132075472
0.4766355140186916
0.48148148148148145
0.48623853211009177
0.4909090909090909
0.4954954954954955
0.5
0.504424778761062
0.5087719298245614
0.5130434782608696
0.5172413793103449
0.5213675213675214
0.5254237288135594
0.5294117647058824
0.5333333333333333
0.12896825396825398
0.13095238095238096
0.13293650793650794
0.1349206349206349
0.13690476190476192
0.1388888888888889
0.14087301587301587
0.14285714285714285
0.14484126984126985
0.14682539682539683
0.1488095238095238
0.15079365079365079
0.1527777777777778
0.15476190476190477
0.15674603174603174
0.15873015873015872
0.16071428571428573
0.1626984126984127
0.16468253968253968
0.16666666666666666
0.16865079365079366
0.17063492063492064
0.17261904761904762
0.1746031746031746
0.1765873015873016
0.17857142857142858
0.18055555555555555
0.18253968253968253
0.18452380952380953
0.1865079365079365
0.1884920634920635
0.19047619047619047
0.19246031746031747
0.19444444444444445
0.19642857142857142
0.1984126984126984
0.2003968253968254
0.20238095238095238
0.20436507936507936
0.20634920634920634
0.20833333333333334
0.21031746031746032
0.2123015873015873
0.21428571428571427
0.21626984126984128
0.21825396825396826
0.22023809523809523
0.2222222222222222
0.22420634920634921
0.2261904761904762
0.22817460317460317
0.23015873015873015
0.23214285714285715
0.23412698412698413
0.2361111111111111
0.23809523809523808
0.2400793650793651
0.24206349206349206
0.24404761904761904
0.24603174603174602
0.24801587301587302
0.25
0.251984126984127
0.25396825396825395
0.25595238095238093
0.25793650793650796
0.25992063492063494
0.2619047619047619
0.2638888888888889
0.26587301587301587
0.26785714285714285
0.2698412698412698
0.2718253968253968
0.27380952380952384
0.2757936507936508
0.2777777777777778
0.27976190476190477
0.28174603174603174
0.2837301587301587
0.2857142857142857
0.2876984126984127
0.2896825396825397
0.2916666666666667
0.29365079365079366
0.29563492063492064
0.2976190476190476
0.2996031746031746
0.30158730158730157
0.30357142857142855
0.3055555555555556
0.30753968253968256
0.30952380952380953
0.3115079365079365
0.3134920634920635
0.31547619047619047
0.31746031746031744
0.3194444444444444
0.32142857142857145
0.32341269841269843
0.3253968253968254
0.3273809523809524
0.32936507936507936
0.33134920634920634
0.3333333333333333
0.3353174603174603
0.3373015873015873
0.3392857142857143
0.3412698412698413
0.34325396825396826
0.34523809523809523
0.3472222222222222
0.3492063492063492
0.35119047619047616
0.3531746031746032
0.3551587301587302
0.35714285714285715
0.35912698412698413
0.3611111111111111
0.3630952380952381
0.36507936507936506
0.36706349206349204
0.36904761904761907
0.37103174603174605
0.373015873015873
0.375
0.376984126984127
0.37896825396825395
0.38095238095238093
0.38293650793650796
0.38492063492063494
0.3869047619047619
0.3888888888888889
0.39087301587301587
0.39285714285714285
0.3948412698412698
0.3968253968253968
0.39880952380952384
0.4007936507936508
0.4027777777777778
0.40476190476190477
0.40674603174603174
0.4087301587301587
0.4107142857142857
0.4126984126984127
0.4146825396825397
0.4166666666666667
0.41865079365079366
0.42063492063492064
0.4226190476190476
0.4246031746031746
0.42658730158730157
0.42857142857142855
0.4305555555555556
0.43253968253968256
0.43452380952380953
0.4365079365079365
0.4384920634920635
0.44047619047619047
0.44246031746031744
0.4444444444444444
0.44642857142857145
0.44841269841269843
0.4503968253968254
0.4523809523809524
0.45436507936507936
0.45634920634920634
0.4583333333333333
0.4603174603174603
0.4623015873015873
0.4642857142857143
0.4662698412698413
0.46825396825396826
0.47023809523809523
0.4722222222222222
0.4742063492063492
0.47619047619047616
0.4781746031746032
0.4801587301587302
0.48214285714285715
0.48412698412698413
0.4861111111111111
0.4880952380952381
0.49007936507936506
0.49206349206349204
0.49404761904761907
0.49603174603174605
0.498015873015873
0.5
0.501984126984127
0.503968253968254
0.5059523809523809
0.5079365079365079
0.5099206349206349
0.5119047619047619
0.5138888888888888
0.5158730158730159
0.5178571428571429
0.5198412698412699
0.5218253968253969
0.5238095238095238
0.5257936507936508
0.5277777777777778
0.5297619047619048
0.5317460317460317
0.5337301587301587
0.5357142857142857
0.5376984126984127
0.5396825396825397
0.5416666666666666
0.5436507936507936
0.5456349206349206
0.5476190476190477
0.5496031746031746
0.5515873015873016
0.5535714285714286
0.5555555555555556
0.5575396825396826
0.5595238095238095
0.5615079365079365
0.5634920634920635
0.5654761904761905
0.5674603174603174
0.5694444444444444
0.5714285714285714
0.5734126984126984
0.5753968253968254
0.5773809523809523
0.5793650793650794
0.5813492063492064
0.5833333333333334
0.5853174603174603
0.5873015873015873
0.5892857142857143
0.5912698412698413
0.5932539682539683
0.5952380952380952
0.5972222222222222
0.5992063492063492
0.6011904761904762
0.6031746031746031
0.6051587301587301
0.6071428571428571
0.6091269841269841
0.6111111111111112
0.6130952380952381
0.6150793650793651
0.6170634920634921
0.6190476190476191
0.621031746031746
0.623015873015873
0.625
0.626984126984127
0.628968253968254
0.6309523809523809
0.6329365079365079
0.6349206349206349
0.6369047619047619
0.6388888888888888
0.6408730158730159
0.6428571428571429
0.6448412698412699
0.6468253968253969
0.6488095238095238
0.6507936507936508
0.6527777777777778
0.6547619047619048
0.6567460317460317
0.6587301587301587
0.6607142857142857
0.6626984126984127
0.6646825396825397
0.6666666666666666
0.6686507936507936
0.6706349206349206
0.6726190476190477
0.6746031746031746
0.6765873015873016
0.6785714285714286
0.6805555555555556
0.6825396825396826
0.6845238095238095
0.6865079365079365
0.6884920634920635
0.6904761904761905
0.6924603174603174
0.6944444444444444
0.6964285714285714
0.6984126984126984
0.7003968253968254
0.7023809523809523
0.7043650793650794
0.7063492063492064
0.7083333333333334
0.7103174603174603
0.7123015873015873
0.7142857142857143
0.7162698412698413
0.7182539682539683
0.7202380952380952
0.7222222222222222
0.7242063492063492
1.0
1.0
1.0
1.0
1.0
1.0
1.0
1.0
1.0
1.0
1.0
1.0
1.0
1.0
1.0
1.0
1.0
1.0
0.25333333333333335
0.2631578947368421
0.2727272727272727
0.28205128205128205
0.2911392405063291
0.3
0.30864197530864196
0.3170731707317073
0.3253012048192771
0.3333333333333333
0.3411764705882353
0.3488372093023256
0.3563218390804598
0.36363636363636365
0.3707865168539326
0.37777777777777777
0.38461538461538464
0.391304347826087
0.3978494623655914
0.40425531914893614
0.4105263157894737
0.4166666666666667
0.422680412371134
0.42857142857142855
0.43434343434343436
0.44
0.44554455445544555
0.45098039215686275
0.4563106796116505
0.46153846153846156
0.4666666666666667
0.4716981132075472
0.4766355140186916
0.48148148148148145
0.48623853211009177
0.4909090909090909
0.4954954954954955
0.5
0.504424778761062
0.5087719298245614
0.5130434782608696
0.5172413793103449
0.5213675213675214
0.5254237288135594
0.5294117647058824
0.5333333333333333
0.12896825396825398
0.13095238095238096
0.13293650793650794
0.1349206349206349
0.13690476190476192
0.1388888888888889
0.14087301587301587
0.14285714285714285
0.14484126984126985
0.14682539682539683
0.1488095238095238
0.15079365079365079
0.1527777777777778
0.15476190476190477
0.15674603174603174
0.15873015873015872
0.16071428571428573
0.1626984126984127
0.16468253968253968
0.16666666666666666
0.16865079365079366
0.17063492063492064
0.17261904761904762
0.1746031746031746
0.1765873015873016
0.17857142857142858
0.18055555555555555
0.18253968253968253
0.18452380952380953
0.1865079365079365
0.1884920634920635
0.19047619047619047
0.19246031746031747
0.19444444444444445
0.19642857142857142
0.1984126984126984
0.2003968253968254
0.20238095238095238
0.20436507936507936
0.20634920634920634
0.20833333333333334
0.21031746031746032
0.2123015873015873
0.21428571428571427
0.21626984126984128
0.21825396825396826
0.22023809523809523
0.2222222222222222
0.22420634920634921
0.2261904761904762
0.22817460317460317
0.23015873015873015
0.23214285714285715
0.23412698412698413
0.2361111111111111
0.23809523809523808
0.2400793650793651
0.24206349206349206
0.24404761904761904
0.24603174603174602
0.24801587301587302
0.25
0.251984126984127
0.25396825396825395
0.25595238095238093
0.25793650793650796
0.25992063492063494
0.2619047619047619
0.2638888888888889
0.26587301587301587
0.26785714285714285
0.2698412698412698
0.2718253968253968
0.27380952380952384
0.2757936507936508
0.2777777777777778
0.27976190476190477
0.28174603174603174
0.2837301587301587
0.2857142857142857
0.2876984126984127
0.2896825396825397
0.2916666666666667
0.29365079365079366
0.29563492063492064
0.2976190476190476
0.2996031746031746
0.30158730158730157
0.30357142857142855
0.3055555555555556
0.30753968253968256
0.30952380952380953
0.3115079365079365
0.3134920634920635
0.31547619047619047
0.31746031746031744
0.3194444444444444
0.32142857142857145
0.32341269841269843
0.3253968253968254
0.3273809523809524
0.32936507936507936
0.33134920634920634
0.3333333333333333
0.3353174603174603
0.3373015873015873
0.3392857142857143
0.3412698412698413
0.34325396825396826
0.34523809523809523
0.3472222222222222
0.3492063492063492
0.35119047619047616
0.3531746031746032
0.3551587301587302
0.35714285714285715
0.35912698412698413
0.3611111111111111
0.3630952380952381
0.36507936507936506
0.36706349206349204
0.36904761904761907
0.37103174603174605
0.373015873015873
0.375
0.376984126984127
0.37896825396825395
0.38095238095238093
0.38293650793650796
0.38492063492063494
0.3869047619047619
0.3888888888888889
0.39087301587301587
0.39285714285714285
0.3948412698412698
0.3968253968253968
0.39880952380952384
0.4007936507936508
0.4027777777777778
0.40476190476190477
0.40674603174603174
0.4087301587301587
0.4107142857142857
0.4126984126984127
0.4146825396825397
0.4166666666666667
0.41865079365079366
0.42063492063492064
0.4226190476190476
0.4246031746031746
0.42658730158730157
0.42857142857142855
0.4305555555555556
0.43253968253968256
0.43452380952380953
0.4365079365079365
0.4384920634920635
0.44047619047619047
0.44246031746031744
0.4444444444444444
0.44642857142857145
0.44841269841269843
0.4503968253968254
0.4523809523809524
0.45436507936507936
0.45634920634920634
0.4583333333333333
0.4603174603174603
0.4623015873015873
0.4642857142857143
0.4662698412698413
0.46825396825396826
0.47023809523809523
0.4722222222222222
0.4742063492063492
0.47619047619047616
0.4781746031746032
0.4801587301587302
0.48214285714285715
0.48412698412698413
0.4861111111111111
0.4880952380952381
0.49007936507936506
0.49206349206349204
0.49404761904761907
0.49603174603174605
0.498015873015873
0.5
0.501984126984127
0.503968253968254
0.5059523809523809
0.5079365079365079
0.5099206349206349
0.5119047619047619
0.5138888888888888
0.5158730158730159
0.5178571428571429
0.5198412698412699
0.5218253968253969
0.5238095238095238
0.5257936507936508
0.5277777777777778
0.5297619047619048
0.5317460317460317
0.5337301587301587
0.5357142857142857
0.5376984126984127
0.5396825396825397
0.5416666666666666
0.5436507936507936
0.5456349206349206
0.5476190476190477
0.5496031746031746
0.5515873015873016
0.5535714285714286
0.5555555555555556
0.5575396825396826
0.5595238095238095
0.5615079365079365
0.5634920634920635
0.5654761904761905
0.5674603174603174
0.5694444444444444
0.5714285714285714
0.5734126984126984
0.5753968253968254
0.5773809523809523
0.5793650793650794
0.5813492063492064
0.5833333333333334
0.5853174603174603
0.5873015873015873
0.5892857142857143
0.5912698412698413
0.5932539682539683
0.5952380952380952
0.5972222222222222
0.5992063492063492
0.6011904761904762
0.6031746031746031
0.6051587301587301
0.6071428571428571
0.6091269841269841
0.6111111111111112
0.6130952380952381
0.6150793650793651
0.6170634920634921
0.6190476190476191
0.621031746031746
0.623015873015873
0.625
0.626984126984127
0.628968253968254
0.6309523809523809
0.6329365079365079
0.6349206349206349
0.6369047619047619
0.6388888888888888
0.6408730158730159
0.6428571428571429
0.6448412698412699
0.6468253968253969
0.6488095238095238
0.6507936507936508
0.6527777777777778
0.6547619047619048
0.6567460317460317
0.6587301587301587
0.6607142857142857
0.6626984126984127
0.6646825396825397
0.6666666666666666
0.6686507936507936
0.6706349206349206
0.6726190476190477
0.6746031746031746
0.6765873015873016
0.6785714285714286
0.6805555555555556
0.6825396825396826
0.6845238095238095
0.6865079365079365
0.6884920634920635
0.6904761904761905
0.6924603174603174
0.6944444444444444
0.6964285714285714
0.6984126984126984
0.7003968253968254
0.7023809523809523
0.7043650793650794
0.7063492063492064
0.7083333333333334
0.7103174603174603
0.7123015873015873
0.7142857142857143
0.7162698412698413
0.7182539682539683
0.7202380952380952
0.7222222222222222
0.7242063492063492
1.0
1.0
1.0
1.0
1.0
1.0
1.0
1.0
1.0
1.0
1.0
1.0
1.0
1.0
1.0
1.0
1.0
1.0
0.25333333333333335
0.2631578947368421
0.2727272727272727
0.28205128205128205
0.2911392405063291
0.3
0.30864197530864196
0.3170731707317073
0.3253012048192771
0.3333333333333333
0.3411764705882353
0.3488372093023256
0.3563218390804598
0.36363636363636365
0.3707865168539326
0.37777777777777777
0.38461538461538464
0.391304347826087
0.3978494623655914
0.40425531914893614
0.4105263157894737
0.4166666666666667
0.422680412371134
0.42857142857142855
0.43434343434343436
0.44
0.44554455445544555
0.45098039215686275
0.4563106796116505
0.46153846153846156
0.4666666666666667
0.4716981132075472
0.4766355140186916
0.48148148148148145
0.48623853211009177
0.4909090909090909
0.4954954954954955
0.5
0.504424778761062
0.5087719298245614
0.5130434782608696
0.5172413793103449
0.5213675213675214
0.5254237288135594
0.5294117647058824
0.5333333333333333
0.12896825396825398
0.13095238095238096
0.13293650793650794
0.1349206349206349
0.13690476190476192
0.1388888888888889
0.14087301587301587
0.14285714285714285
0.14484126984126985
0.14682539682539683
0.1488095238095238
0.15079365079365079
0.1527777777777778
0.15476190476190477
0.15674603174603174
0.15873015873015872
0.16071428571428573
0.1626984126984127
0.16468253968253968
0.16666666666666666
0.16865079365079366
0.17063492063492064
0.17261904761904762
0.1746031746031746
0.1765873015873016
0.17857142857142858
0.18055555555555555
0.18253968253968253
0.18452380952380953
0.1865079365079365
0.1884920634920635
0.19047619047619047
0.19246031746031747
0.19444444444444445
0.19642857142857142
0.1984126984126984
0.2003968253968254
0.20238095238095238
0.20436507936507936
0.20634920634920634
0.20833333333333334
0.21031746031746032
0.2123015873015873
0.21428571428571427
0.21626984126984128
0.21825396825396826
0.22023809523809523
0.2222222222222222
0.22420634920634921
0.2261904761904762
0.22817460317460317
0.23015873015873015
0.23214285714285715
0.23412698412698413
0.2361111111111111
0.23809523809523808
0.2400793650793651
0.24206349206349206
0.24404761904761904
0.24603174603174602
0.24801587301587302
0.25
0.251984126984127
0.25396825396825395
0.25595238095238093
0.25793650793650796
0.25992063492063494
0.2619047619047619
0.2638888888888889
0.26587301587301587
0.26785714285714285
0.2698412698412698
0.2718253968253968
0.27380952380952384
0.2757936507936508
0.2777777777777778
0.27976190476190477
0.28174603174603174
0.2837301587301587
0.2857142857142857
0.2876984126984127
0.2896825396825397
0.2916666666666667
1.0
1.0
1.0
1.0
1.0
1.0
1.0
1.0
1.0
1.0
1.0
1.0
1.0
1.0
1.0
1.0
1.0
1.0
0.25333333333333335
0.2631578947368421
0.2727272727272727
0.28205128205128205
0.2911392405063291
0.3
0.30864197530864196
0.3170731707317073
0.3253012048192771
0.3333333333333333
0.3411764705882353
0.3488372093023256
0.3563218390804598
0.36363636363636365
0.3707865168539326
0.37777777777777777
0.38461538461538464
0.391304347826087
0.3978494623655914
0.40425531914893614
0.4105263157894737
0.4166666666666667
0.422680412371134
0.42857142857142855
0.43434343434343436
0.44
0.44554455445544555
0.45098039215686275
0.4563106796116505
0.46153846153846156
0.4666666666666667
0.4716981132075472
0.4766355140186916
0.48148148148148145
0.48623853211009177
0.4909090909090909
0.4954954954954955
0.5
0.504424778761062
0.5087719298245614
0.5130434782608696
0.5172413793103449
0.5213675213675214
0.5254237288135594
0.5294117647058824
0.5333333333333333
0.12896825396825398
0.13095238095238096
0.13293650793650794
0.1349206349206349
0.13690476190476192
0.1388888888888889
0.14087301587301587
0.14285714285714285
0.14484126984126985
0.14682539682539683
0.1488095238095238
0.15079365079365079
0.1527777777777778
0.15476190476190477
0.15674603174603174
0.15873015873015872
0.16071428571428573
0.1626984126984127
0.16468253968253968
0.16666666666666666
0.16865079365079366
0.17063492063492064
0.17261904761904762
0.1746031746031746
0.1765873015873016
0.17857142857142858
0.18055555555555555
0.18253968253968253
0.18452380952380953
0.1865079365079365
0.1884920634920635
0.19047619047619047
0.19246031746031747
0.19444444444444445
0.19642857142857142
0.1984126984126984
0.2003968253968254
0.20238095238095238
0.20436507936507936
0.20634920634920634
0.20833333333333334
0.21031746031746032
0.2123015873015873
0.21428571428571427
0.21626984126984128
0.21825396825396826
0.22023809523809523
0.2222222222222222
0.22420634920634921
0.2261904761904762
0.22817460317460317
0.23015873015873015
0.23214285714285715
0.23412698412698413
0.2361111111111111
0.23809523809523808
0.2400793650793651
0.24206349206349206
0.24404761904761904
0.24603174603174602
0.24801587301587302
0.25
0.251984126984127
0.25396825396825395
0.25595238095238093
0.25793650793650796
0.25992063492063494
0.2619047619047619
0.2638888888888889
0.26587301587301587
0.26785714285714285
0.2698412698412698
0.2718253968253968
0.27380952380952384
0.2757936507936508
0.2777777777777778
0.27976190476190477
0.28174603174603174
0.2837301587301587
0.2857142857142857
0.2876984126984127
0.2896825396825397
0.2916666666666667
