1.0
1.0
1.0
1.0
1.0
1.0
1.0
1.0
1.0
1.0
1.0
1.0
1.0
1.0
1.0
1.0
1.0
1.0
1.0
1.0
1.0
1.0
1.0
1.0
1.0
1.0
1.0
1.0
1.0
1.0
1.0
1.0
1.0
1.0
1.0
1.0
1.0
1.0
1.0
1.0
1.0
1.0
1.0
1.0
1.0
1.0
0.5053763440860215
0.5106382978723404
0.5157894736842106
0.5208333333333334
0.5257731958762887
0.5306122448979592
0.5353535353535354
0.54
0.5445544554455446
0.5490196078431373
0.5533980582524272
0.5576923076923077
0.5619047619047619
0.5660377358490566
0.5700934579439252
0.5740740740740741
0.5779816513761468
0.5818181818181818
0.5855855855855856
0.5892857142857143
0.5929203539823009
0.6017699115044248
0.6106194690265486
0.6194690265486725
0.6283185840707964
0.6371681415929203
0.6460176991150443
0.6491228070175439
0.6521739130434783
0.6551724137931034
0.6581196581196581
0.6610169491525424
0.6638655462184874
0.6666666666666666
0.19331742243436753
0.1957040572792363
0.19809069212410502
0.20047732696897375
0.20286396181384247
0.2052505966587112
0.20763723150357996
0.2100238663484487
0.21241050119331742
0.21479713603818615
0.2171837708830549
0.21957040572792363
0.22195704057279236
0.2243436754176611
0.22673031026252982
0.22911694510739858
0.2315035799522673
0.23389021479713604
0.23627684964200477
0.2386634844868735
0.24105011933174225
0.24343675417661098
0.2458233890214797
0.24821002386634844
0.25059665871121717
0.2529832935560859
0.2553699284009546
0.2577565632458234
0.26014319809069214
0.26252983293556087
0.2649164677804296
0.26730310262529833
0.26968973747016706
0.2720763723150358
0.2744630071599045
0.27684964200477324
0.27923627684964203
0.28162291169451076
0.2840095465393795
0.2863961813842482
0.28878281622911695
0.2911694510739857
0.2935560859188544
0.29594272076372313
0.29832935560859186
0.30071599045346065
0.3031026252983294
0.3054892601431981
0.30787589498806683
0.31026252983293556
0.3126491646778043
0.315035799522673
0.31742243436754175
0.3198090692124105
0.3221957040572792
0.3238095238095238
0.3254156769596199
0.32701421800947866
0.32860520094562645
0.330188679245283
0.33176470588235296
0.3333333333333333
0.33489461358313816
0.3364485981308411
0.337995337995338
0.3395348837209302
0.34106728538283065
0.3433874709976798
0.345707656612529
0.3480278422273782
0.3503480278422274
0.35266821345707655
0.35498839907192575
0.35648148148148145
0.3579676674364896
0.35944700460829493
0.36091954022988504
0.3623853211009174
0.36384439359267734
0.365296803652968
0.36674259681093396
0.36818181818181817
0.36961451247165533
0.37104072398190047
0.3724604966139955
0.3738738738738739
0.3752808988764045
0.37668161434977576
0.378076062639821
0.3794642857142857
0.38084632516703787
0.38222222222222224
0.3835920177383592
0.38495575221238937
0.38716814159292035
0.38852097130242824
0.39072847682119205
0.39293598233995586
0.39514348785871967
0.3973509933774834
0.3995584988962472
0.4008810572687225
0.40308370044052866
0.4052863436123348
0.40748898678414097
0.40969162995594716
0.4118942731277533
0.41409691629955947
0.41629955947136565
0.4185022026431718
0.42070484581497797
0.42290748898678415
0.4251101321585903
0.42731277533039647
0.42951541850220265
0.43171806167400884
0.43392070484581496
0.43612334801762115
0.43832599118942733
0.44052863436123346
0.44273127753303965
0.44493392070484583
0.44713656387665196
0.44933920704845814
0.45154185022026433
0.45374449339207046
0.45594713656387664
0.4581497797356828
0.460352422907489
0.46255506607929514
0.4647577092511013
0.4669603524229075
0.46916299559471364
0.4713656387665198
0.473568281938326
0.47577092511013214
0.4779735682819383
0.4801762114537445
0.48237885462555063
0.4845814977973568
0.486784140969163
0.4889867841409692
0.4911894273127753
0.4933920704845815
0.4955947136563877
0.4977973568281938
0.5
0.5022026431718062
0.5044052863436124
0.5066079295154186
0.5088105726872246
0.5110132158590308
0.513215859030837
0.5154185022026432
0.5176211453744494
0.5198237885462555
0.5220264317180616
0.5242290748898678
0.526431718061674
0.5286343612334802
0.5308370044052864
0.5330396475770925
0.5352422907488987
0.5374449339207048
0.539647577092511
0.5418502202643172
0.5440528634361234
0.5462555066079295
0.5484581497797357
0.5506607929515418
0.552863436123348
0.5550660792951542
0.5572687224669604
0.5594713656387665
0.5616740088105727
0.5638766519823789
0.566079295154185
0.5682819383259912
0.5704845814977973
0.5726872246696035
0.5748898678414097
0.5770925110132159
0.579295154185022
0.5814977973568282
0.5837004405286343
0.5846153846153846
0.5868131868131868
0.589010989010989
0.5912087912087912
0.5934065934065934
0.5956043956043956
0.5978021978021978
0.5986842105263158
0.6008771929824561
0.6030701754385965
0.6052631578947368
0.6074561403508771
0.6096491228070176
0.6118421052631579
0.6140350877192983
0.6162280701754386
0.6170678336980306
0.6192560175054704
0.6214442013129103
0.6236323851203501
0.6258205689277899
0.6280087527352297
0.6301969365426696
0.6323851203501094
0.6345733041575492
0.6367614879649891
0.6389496717724289
0.6411378555798687
0.6433260393873085
0.6455142231947484
0.6477024070021882
0.649890590809628
0.6520787746170679
0.6542669584245077
0.6564551422319475
0.6586433260393874
0.6608315098468271
0.6630196936542669
0.6652078774617067
0.6673960612691466
0.6695842450765864
0.6717724288840262
0.6739606126914661
0.6761487964989059
0.6783369803063457
0.6805251641137856
0.6827133479212254
0.6849015317286652
0.687089715536105
0.6892778993435449
0.6914660831509847
0.6936542669584245
0.6958424507658644
0.6980306345733042
0.700218818380744
0.7024070021881839
0.7045951859956237
0.7067833698030634
0.7089715536105032
0.7111597374179431
0.7133479212253829
0.7155361050328227
0.7177242888402626
0.7199124726477024
0.7221006564551422
0.7242888402625821
0.7264770240700219
0.7286652078774617
0.7308533916849015
0.7330415754923414
0.7352297592997812
0.737417943107221
0.7396061269146609
0.7417943107221007
0.7439824945295405
0.7461706783369803
0.7483588621444202
0.75054704595186
0.7527352297592997
0.7549234135667396
0.7571115973741794
0.7592997811816192
0.7614879649890591
0.7636761487964989
0.7658643326039387
0.7680525164113785
0.7702407002188184
0.7724288840262582
0.774617067833698
0.7768052516411379
0.7789934354485777
0.7811816192560175
0.7833698030634574
0.7855579868708972
0.787746170678337
0.7899343544857768
0.7921225382932167
0.7943107221006565
0.7964989059080962
0.7986870897155361
0.8008752735229759
0.8030634573304157
0.8052516411378556
0.8074398249452954
0.8096280087527352
0.811816192560175
0.8140043763676149
0.8161925601750547
0.8183807439824945
0.8205689277899344
0.8227571115973742
0.824945295404814
0.8271334792122538
0.8293216630196937
0.8315098468271335
0.8336980306345733
0.8358862144420132
0.838074398249453
0.8402625820568927
1.0
1.0
1.0
1.0
1.0
1.0
1.0
1.0
1.0
1.0
1.0
1.0
1.0
1.0
1.0
1.0
1.0
1.0
1.0
1.0
1.0
1.0
1.0
1.0
1.0
1.0
1.0
1.0
1.0
1.0
1.0
1.0
1.0
1.0
1.0
1.0
1.0
1.0
1.0
1.0
1.0
1.0
1.0
1.0
1.0
1.0
0.5053763440860215
0.5106382978723404
0.5157894736842106
0.5208333333333334
0.5257731958762887
0.5306122448979592
0.5353535353535354
0.54
0.5445544554455446
0.5490196078431373
0.5533980582524272
0.5576923076923077
0.5619047619047619
0.5660377358490566
0.5700934579439252
0.5740740740740741
0.5779816513761468
0.5818181818181818
0.5855855855855856
0.5892857142857143
0.5929203539823009
0.6017699115044248
0.6106194690265486
0.6194690265486725
0.6283185840707964
0.6371681415929203
0.6460176991150443
0.6491228070175439
0.6521739130434783
0.6551724137931034
0.6581196581196581
0.6610169491525424
0.6638655462184874
0.6666666666666666
0.19331742243436753
0.1957040572792363
0.19809069212410502
0.20047732696897375
0.20286396181384247
0.2052505966587112
0.20763723150357996
0.2100238663484487
0.21241050119331742
0.21479713603818615
0.2171837708830549
0.21957040572792363
0.22195704057279236
0.2243436754176611
0.22673031026252982
0.22911694510739858
0.2315035799522673
0.23389021479713604
0.23627684964200477
0.2386634844868735
0.24105011933174225
0.24343675417661098
0.2458233890214797
0.24821002386634844
0.25059665871121717
0.2529832935560859
0.2553699284009546
0.2577565632458234
0.26014319809069214
0.26252983293556087
0.2649164677804296
0.26730310262529833
0.26968973747016706
0.2720763723150358
0.2744630071599045
0.27684964200477324
0.27923627684964203
0.28162291169451076
0.2840095465393795
0.2863961813842482
0.28878281622911695
0.2911694510739857
0.2935560859188544
0.29594272076372313
0.29832935560859186
0.30071599045346065
0.3031026252983294
0.3054892601431981
0.30787589498806683
0.31026252983293556
0.3126491646778043
0.315035799522673
0.31742243436754175
0.319047619047619
0.32066508313539194
0.3222748815165877
0.32387706855791965
0.32547169811320753
0.3270588235294118
0.3286384976525822
0.33021077283372363
0.3317757009345794
0.3333333333333333
0.33488372093023255
0.33642691415313225
0.33874709976798145
0.34106728538283065
0.3433874709976798
0.345707656612529
0.3480278422273782
0.3503480278422274
0.35185185185185186
0.3533487297921478
0.3548387096774194
0.3563218390804598
0.3577981651376147
0.35926773455377575
0.3607305936073059
0.3621867881548975
0.36363636363636365
0.36507936507936506
0.3665158371040724
0.36794582392776526
0.36936936936936937
0.3707865168539326
0.3721973094170404
0.37360178970917224
0.375
0.37639198218262804
0.37777777777777777
0.37915742793791574
0.3805309734513274
0.3827433628318584
0.3841059602649007
0.38631346578366443
0.38852097130242824
0.39072847682119205
0.39293598233995586
0.39514348785871967
0.3964757709251101
0.3986784140969163
0.4008810572687225
0.40308370044052866
0.4052863436123348
0.40748898678414097
0.40969162995594716
0.4118942731277533
0.41409691629955947
0.41629955947136565
0.4185022026431718
0.42070484581497797
0.42290748898678415
0.4251101321585903
0.42731277533039647
0.42951541850220265
0.43171806167400884
0.43392070484581496
0.43612334801762115
0.43832599118942733
0.44052863436123346
0.44273127753303965
0.44493392070484583
0.44713656387665196
0.44933920704845814
0.45154185022026433
0.45374449339207046
0.45594713656387664
0.4581497797356828
0.460352422907489
0.46255506607929514
0.4647577092511013
0.4669603524229075
0.46916299559471364
0.4713656387665198
0.473568281938326
0.47577092511013214
0.4779735682819383
0.4801762114537445
0.48237885462555063
0.4845814977973568
0.486784140969163
0.4889867841409692
0.4911894273127753
0.4933920704845815
0.4955947136563877
0.4977973568281938
0.5
0.5022026431718062
0.5044052863436124
0.5066079295154186
0.5088105726872246
0.5110132158590308
0.513215859030837
0.5154185022026432
0.5176211453744494
0.5198237885462555
0.5220264317180616
0.5242290748898678
0.526431718061674
0.5286343612334802
0.5308370044052864
0.5330396475770925
0.5352422907488987
0.5374449339207048
0.539647577092511
0.5418502202643172
0.5440528634361234
0.5462555066079295
0.5484581497797357
0.5506607929515418
0.552863436123348
0.5550660792951542
0.5572687224669604
0.5594713656387665
0.5616740088105727
0.5638766519823789
0.566079295154185
0.5682819383259912
0.5704845814977973
0.5726872246696035
0.5748898678414097
0.5770925110132159
0.579295154185022
0.5802197802197803
0.5824175824175825
0.5846153846153846
0.5868131868131868
0.589010989010989
0.5912087912087912
0.5934065934065934
0.5942982456140351
0.5964912280701754
0.5986842105263158
0.6008771929824561
0.6030701754385965
0.6052631578947368
0.6074561403508771
0.6096491228070176
0.6118421052631579
0.612691466083151
0.6148796498905909
0.6170678336980306
0.6192560175054704
0.6214442013129103
0.6236323851203501
0.6258205689277899
0.6280087527352297
0.6301969365426696
0.6323851203501094
0.6345733041575492
0.6367614879649891
0.6389496717724289
0.6411378555798687
0.6433260393873085
0.6455142231947484
0.6477024070021882
0.649890590809628
0.6520787746170679
0.6542669584245077
0.6564551422319475
0.6586433260393874
0.6608315098468271
0.6630196936542669
0.6652078774617067
0.6673960612691466
0.6695842450765864
0.6717724288840262
0.6739606126914661
0.6761487964989059
0.6783369803063457
0.6805251641137856
0.6827133479212254
0.6849015317286652
0.687089715536105
0.6892778993435449
0.6914660831509847
0.6936542669584245
0.6958424507658644
0.6980306345733042
0.700218818380744
0.7024070021881839
0.7045951859956237
0.7067833698030634
0.7089715536105032
0.7111597374179431
0.7133479212253829
0.7155361050328227
0.7177242888402626
0.7199124726477024
0.7221006564551422
0.7242888402625821
0.7264770240700219
0.7286652078774617
0.7308533916849015
0.7330415754923414
0.7352297592997812
0.737417943107221
0.7396061269146609
0.7417943107221007
0.7439824945295405
0.7461706783369803
0.7483588621444202
0.75054704595186
0.7527352297592997
0.7549234135667396
0.7571115973741794
0.7592997811816192
0.7614879649890591
0.7636761487964989
0.7658643326039387
0.7680525164113785
0.7702407002188184
0.7724288840262582
0.774617067833698
0.7768052516411379
0.7789934354485777
0.7811816192560175
0.7833698030634574
0.7855579868708972
0.787746170678337
0.7899343544857768
0.7921225382932167
0.7943107221006565
0.7964989059080962
0.7986870897155361
0.8008752735229759
0.8030634573304157
0.8052516411378556
0.8074398249452954
0.8096280087527352
0.811816192560175
0.8140043763676149
0.8161925601750547
0.8183807439824945
0.8205689277899344
0.8227571115973742
0.824945295404814
0.8271334792122538
0.8293216630196937
0.8315098468271335
0.8336980306345733
0.8358862144420132
0.838074398249453
0.8402625820568927
1.0
1.0
1.0
1.0
1.0
1.0
1.0
1.0
1.0
1.0
1.0
1.0
1.0
1.0
1.0
1.0
1.0
1.0
1.0
1.0
1.0
1.0
1.0
1.0
1.0
1.0
1.0
1.0
1.0
1.0
1.0
1.0
1.0
1.0
1.0
1.0
1.0
1.0
1.0
1.0
1.0
1.0
1.0
1.0
1.0
1.0
1.0
1.0
1.0
1.0
1.0
1.0
1.0
1.0
1.0
1.0
1.0
1.0
1.0
1.0
1.0
1.0
1.0
1.0
1.0
1.0
1.0
1.0
1.0
1.0
1.0
1.0
1.0
1.0
1.0
1.0
1.0
1.0
1.0
1.0
1.0
1.0
1.0
1.0
1.0
1.0
1.0
1.0
1.0
1.0
1.0
1.0
1.0
1.0
1.0
1.0
1.0
1.0
1.0
1.0
1.0
1.0
1.0
1.0
1.0
1.0
1.0
1.0
1.0
1.0
1.0
1.0
1.0
1.0
1.0
1.0
1.0
1.0
1.0
1.0
1.0
1.0
1.0
1.0
1.0
1.0
0.5053763440860215
0.5106382978723404
0.5157894736842106
0.5208333333333334
0.5257731958762887
0.5306122448979592
0.5353535353535354
0.54
0.5445544554455446
0.5490196078431373
0.5533980582524272
0.5576923076923077
0.5619047619047619
0.5660377358490566
0.5700934579439252
0.5740740740740741
0.5779816513761468
0.5818181818181818
0.5855855855855856
0.5892857142857143
0.5929203539823009
0.6017699115044248
0.6106194690265486
0.6194690265486725
0.6283185840707964
0.6371681415929203
0.6460176991150443
0.6491228070175439
0.6521739130434783
0.6551724137931034
0.6581196581196581
0.6610169491525424
0.6638655462184874
0.6666666666666666
0.19331742243436753
0.1957040572792363
0.19809069212410502
0.20047732696897375
0.20286396181384247
0.2052505966587112
0.20763723150357996
0.2100238663484487
0.21241050119331742
0.21479713603818615
0.2171837708830549
0.21957040572792363
0.22195704057279236
0.2243436754176611
0.22673031026252982
0.22911694510739858
0.2315035799522673
0.23389021479713604
0.23627684964200477
0.2386634844868735
0.24105011933174225
0.24343675417661098
0.2458233890214797
0.24821002386634844
0.25059665871121717
0.2529832935560859
0.2553699284009546
0.2577565632458234
0.26014319809069214
0.26252983293556087
0.2649164677804296
0.26730310262529833
0.26968973747016706
0.2720763723150358
0.2744630071599045
0.27684964200477324
0.27923627684964203
0.28162291169451076
0.2840095465393795
0.2863961813842482
0.28878281622911695
0.2911694510739857
0.2935560859188544
0.29594272076372313
0.29832935560859186
0.30071599045346065
0.3031026252983294
0.3054892601431981
0.30787589498806683
0.31026252983293556
0.3126491646778043
0.315035799522673
0.31742243436754175
0.319047619047619
0.32066508313539194
0.3222748815165877
0.32387706855791965
0.32547169811320753
0.3270588235294118
0.3286384976525822
0.33021077283372363
0.3317757009345794
0.3333333333333333
0.33488372093023255
0.33642691415313225
0.33874709976798145
0.34106728538283065
0.3433874709976798
0.345707656612529
0.3480278422273782
0.3503480278422274
0.35185185185185186
0.3533487297921478
0.3548387096774194
0.3563218390804598
0.3577981651376147
0.35926773455377575
0.3607305936073059
0.3621867881548975
0.36363636363636365
0.36507936507936506
0.3665158371040724
0.36794582392776526
0.36936936936936937
0.3707865168539326
0.3721973094170404
0.37360178970917224
0.375
0.37639198218262804
0.37777777777777777
0.37915742793791574
0.3805309734513274
0.3827433628318584
0.3841059602649007
0.38631346578366443
0.38852097130242824
0.39072847682119205
0.39293598233995586
0.39514348785871967
0.3964757709251101
0.3986784140969163
0.4008810572687225
0.40308370044052866
0.4052863436123348
0.40748898678414097
0.40969162995594716
0.4118942731277533
0.41409691629955947
0.41629955947136565
0.4185022026431718
0.42070484581497797
0.42290748898678415
0.4251101321585903
0.42731277533039647
0.42951541850220265
0.43171806167400884
0.43392070484581496
0.43612334801762115
0.43832599118942733
0.44052863436123346
0.44273127753303965
0.44493392070484583
0.44713656387665196
0.44933920704845814
0.45154185022026433
0.45374449339207046
0.45594713656387664
0.4581497797356828
0.460352422907489
0.46255506607929514
0.4647577092511013
0.4669603524229075
0.46916299559471364
0.4713656387665198
0.473568281938326
0.47577092511013214
0.4779735682819383
0.4801762114537445
0.48237885462555063
0.4845814977973568
0.486784140969163
0.4889867841409692
0.4911894273127753
0.4933920704845815
0.4955947136563877
0.4977973568281938
0.5
0.5022026431718062
0.5044052863436124
0.5066079295154186
0.5088105726872246
0.5110132158590308
0.513215859030837
0.5154185022026432
0.5176211453744494
0.5198237885462555
0.5220264317180616
0.5242290748898678
0.526431718061674
0.5286343612334802
0.5308370044052864
0.5330396475770925
0.5352422907488987
0.5374449339207048
0.539647577092511
0.5418502202643172
0.5440528634361234
0.5462555066079295
0.5484581497797357
0.5506607929515418
0.552863436123348
0.5550660792951542
0.5572687224669604
0.5594713656387665
0.5616740088105727
0.5638766519823789
0.566079295154185
0.5682819383259912
0.5704845814977973
0.5726872246696035
0.5748898678414097
0.5770925110132159
0.579295154185022
0.5802197802197803
0.5824175824175825
0.5846153846153846
0.5868131868131868
0.589010989010989
0.5912087912087912
0.5934065934065934
0.5942982456140351
0.5964912280701754
0.5986842105263158
0.6008771929824561
0.6030701754385965
0.6052631578947368
0.6074561403508771
0.6096491228070176
0.6118421052631579
0.612691466083151
0.6148796498905909
0.6170678336980306
0.6192560175054704
0.6214442013129103
0.6236323851203501
0.6258205689277899
0.6280087527352297
0.6301969365426696
0.6323851203501094
0.6345733041575492
0.6367614879649891
0.6389496717724289
0.6411378555798687
0.6433260393873085
0.6455142231947484
0.6477024070021882
0.649890590809628
0.6520787746170679
0.6542669584245077
0.6564551422319475
0.6586433260393874
0.6608315098468271
0.6630196936542669
0.6652078774617067
0.6673960612691466
0.6695842450765864
0.6717724288840262
0.6739606126914661
0.6761487964989059
0.6783369803063457
0.6805251641137856
0.6827133479212254
0.6849015317286652
0.687089715536105
0.6892778993435449
0.6914660831509847
0.6936542669584245
0.6958424507658644
0.6980306345733042
0.700218818380744
0.7024070021881839
0.7045951859956237
0.7067833698030634
0.7089715536105032
0.7111597374179431
0.7133479212253829
0.7155361050328227
0.7177242888402626
0.7199124726477024
0.7221006564551422
0.7242888402625821
0.7264770240700219
0.7286652078774617
0.7308533916849015
0.7330415754923414
0.7352297592997812
0.737417943107221
0.7396061269146609
0.7417943107221007
0.7439824945295405
0.7461706783369803
0.7483588621444202
0.75054704595186
0.7527352297592997
0.7549234135667396
0.7571115973741794
0.7592997811816192
0.7614879649890591
0.7636761487964989
0.7658643326039387
0.7680525164113785
0.7702407002188184
0.7724288840262582
0.774617067833698
0.7768052516411379
0.7789934354485777
0.7811816192560175
0.7833698030634574
0.7855579868708972
0.787746170678337
0.7899343544857768
0.7921225382932167
0.7943107221006565
0.7964989059080962
0.7986870897155361
0.8008752735229759
0.8030634573304157
0.8052516411378556
0.8074398249452954
0.8096280087527352
0.811816192560175
0.8140043763676149
0.8161925601750547
0.8183807439824945
0.8205689277899344
0.8227571115973742
0.824945295404814
0.8271334792122538
0.8293216630196937
0.8315098468271335
0.8336980306345733
0.8358862144420132
0.838074398249453
0.8402625820568927
1.0
1.0
1.0
1.0
1.0
1.0
1.0
1.0
1.0
1.0
1.0
1.0
1.0
1.0
1.0
1.0
1.0
1.0
1.0
1.0
1.0
1.0
1.0
1.0
1.0
1.0
1.0
1.0
1.0
1.0
1.0
1.0
1.0
1.0
1.0
1.0
1.0
1.0
1.0
1.0
1.0
1.0
1.0
1.0
1.0
1.0
0.5053763440860215
0.5106382978723404
0.5157894736842106
0.5208333333333334
0.5257731958762887
0.5306122448979592
0.5353535353535354
0.54
0.5445544554455446
0.5490196078431373
0.5533980582524272
0.5576923076923077
0.5619047619047619
0.5660377358490566
0.5700934579439252
0.5740740740740741
0.5779816513761468
0.5818181818181818
0.5855855855855856
0.5892857142857143
0.5929203539823009
0.6017699115044248
0.6106194690265486
0.6194690265486725
0.6283185840707964
0.6371681415929203
0.6460176991150443
0.6491228070175439
0.6521739130434783
0.6551724137931034
0.6581196581196581
0.6610169491525424
0.6638655462184874
0.6666666666666666
0.19331742243436753
0.1957040572792363
0.19809069212410502
0.20047732696897375
0.20286396181384247
0.2052505966587112
0.20763723150357996
0.2100238663484487
0.21241050119331742
0.21479713603818615
0.2171837708830549
0.21957040572792363
0.22195704057279236
0.2243436754176611
0.22673031026252982
0.22911694510739858
0.2315035799522673
0.23389021479713604
0.23627684964200477
0.2386634844868735
0.24105011933174225
0.24343675417661098
0.2458233890214797
0.24821002386634844
0.25059665871121717
0.2529832935560859
0.2553699284009546
0.2577565632458234
0.26014319809069214
0.26252983293556087
0.2649164677804296
0.26730310262529833
0.26968973747016706
0.2720763723150358
0.2744630071599045
0.27684964200477324
0.27923627684964203
0.28162291169451076
0.2840095465393795
0.2863961813842482
0.28878281622911695
0.2911694510739857
0.2935560859188544
0.29594272076372313
0.29832935560859186
0.30071599045346065
0.3031026252983294
0.3054892601431981
0.30787589498806683
0.31026252983293556
0.3126491646778043
0.315035799522673
0.31742243436754175
0.319047619047619
0.32066508313539194
0.3222748815165877
0.32387706855791965
0.32547169811320753
0.3270588235294118
0.3286384976525822
0.33021077283372363
0.3317757009345794
0.3333333333333333
0.33488372093023255
0.33642691415313225
0.33874709976798145
0.34106728538283065
0.3433874709976798
0.345707656612529
0.3480278422273782
0.3503480278422274
0.35185185185185186
0.3533487297921478
0.3548387096774194
0.3563218390804598
0.3577981651376147
0.35926773455377575
0.3607305936073059
0.3621867881548975
0.36363636363636365
0.36507936507936506
0.3665158371040724
0.36794582392776526
0.36936936936936937
0.3707865168539326
0.3721973094170404
0.37360178970917224
0.375
0.37639198218262804
0.37777777777777777
0.37915742793791574
0.3805309734513274
0.3827433628318584
0.3841059602649007
0.38631346578366443
0.38852097130242824
0.39072847682119205
0.39293598233995586
0.39514348785871967
0.3964757709251101
0.3986784140969163
0.4008810572687225
0.40308370044052866
0.4052863436123348
0.40748898678414097
0.40969162995594716
0.4118942731277533
0.41409691629955947
0.41629955947136565
0.4185022026431718
0.42070484581497797
0.42290748898678415
0.4251101321585903
0.42731277533039647
0.42951541850220265
0.43171806167400884
0.43392070484581496
0.43612334801762115
0.43832599118942733
0.44052863436123346
1.0
1.0
1.0
1.0
1.0
1.0
1.0
1.0
1.0
1.0
1.0
1.0
1.0
1.0
1.0
1.0
1.0
1.0
1.0
1.0
1.0
1.0
1.0
1.0
1.0
1.0
1.0
1.0
1.0
1.0
1.0
1.0
1.0
1.0
1.0
1.0
1.0
1.0
1.0
1.0
1.0
1.0
1.0
1.0
1.0
1.0
1.0
1.0
0.5053763440860215
0.5106382978723404
0.5157894736842106
0.5208333333333334
0.5257731958762887
0.5306122448979592
0.5353535353535354
0.54
0.5445544554455446
0.5490196078431373
0.5533980582524272
0.5576923076923077
0.5619047619047619
0.5660377358490566
0.5700934579439252
0.5740740740740741
0.5779816513761468
0.5818181818181818
0.5855855855855856
0.5892857142857143
0.5929203539823009
0.6017699115044248
0.6106194690265486
0.6194690265486725
0.6283185840707964
0.6371681415929203
0.6460176991150443
0.6491228070175439
0.6521739130434783
0.6551724137931034
0.6581196581196581
0.6610169491525424
0.6638655462184874
0.6666666666666666
0.19331742243436753
0.1957040572792363
0.19809069212410502
0.20047732696897375
0.20286396181384247
0.2052505966587112
0.20763723150357996
0.2100238663484487
0.21241050119331742
0.21479713603818615
0.2171837708830549
0.21957040572792363
0.22195704057279236
0.2243436754176611
0.22673031026252982
0.22911694510739858
0.2315035799522673
0.23389021479713604
0.23627684964200477
0.2386634844868735
0.24105011933174225
0.24343675417661098
0.2458233890214797
0.24821002386634844
0.25059665871121717
0.2529832935560859
0.2553699284009546
0.2577565632458234
0.26014319809069214
0.26252983293556087
0.2649164677804296
0.26730310262529833
0.26968973747016706
0.2720763723150358
0.2744630071599045
0.27684964200477324
0.27923627684964203
0.28162291169451076
0.2840095465393795
0.2863961813842482
0.28878281622911695
0.2911694510739857
0.2935560859188544
0.29594272076372313
0.29832935560859186
0.30071599045346065
0.3031026252983294
0.3054892601431981
0.30787589498806683
0.31026252983293556
0.3126491646778043
0.315035799522673
0.31742243436754175
0.319047619047619
0.32066508313539194
0.3222748815165877
0.32387706855791965
0.32547169811320753
0.3270588235294118
0.3286384976525822
0.33021077283372363
0.3317757009345794
0.3333333333333333
0.33488372093023255
0.33642691415313225
0.33874709976798145
0.34106728538283065
0.3433874709976798
0.345707656612529
0.3480278422273782
0.3503480278422274
0.35185185185185186
0.3533487297921478
0.3548387096774194
0.3563218390804598
0.3577981651376147
0.35926773455377575
0.3607305936073059
0.3621867881548975
0.36363636363636365
0.36507936507936506
0.3665158371040724
0.36794582392776526
0.36936936936936937
0.3707865168539326
0.3721973094170404
0.37360178970917224
0.375
0.37639198218262804
0.37777777777777777
0.37915742793791574
0.3805309734513274
0.3827433628318584
0.3841059602649007
0.38631346578366443
0.38852097130242824
0.39072847682119205
0.39293598233995586
0.39514348785871967
0.3964757709251101
0.3986784140969163
0.4008810572687225
0.40308370044052866
0.4052863436123348
0.40748898678414097
0.40969162995594716
0.4118942731277533
0.41409691629955947
0.41629955947136565
0.4185022026431718
0.42070484581497797
0.42290748898678415
0.4251101321585903
0.42731277533039647
0.42951541850220265
0.43171806167400884
0.43392070484581496
0.43612334801762115
0.43832599118942733
0.44052863436123346
0.44273127753303965
0.44493392070484583
0.44713656387665196
0.44933920704845814
0.45154185022026433
0.45374449339207046
0.45594713656387664
0.4581497797356828
0.460352422907489
0.46255506607929514
0.4647577092511013
0.4669603524229075
0.46916299559471364
0.4713656387665198
0.473568281938326
0.47577092511013214
0.4779735682819383
0.4801762114537445
0.48237885462555063
0.4845814977973568
0.486784140969163
0.4889867841409692
0.4911894273127753
0.4933920704845815
0.4955947136563877
0.4977973568281938
0.5
0.5022026431718062
0.5044052863436124
0.5066079295154186
0.5088105726872246
0.5110132158590308
0.513215859030837
0.5154185022026432
0.5176211453744494
0.5198237885462555
0.5220264317180616
0.5242290748898678
0.526431718061674
0.5286343612334802
0.5308370044052864
0.5330396475770925
0.5352422907488987
0.5374449339207048
0.539647577092511
0.5418502202643172
0.5440528634361234
0.5462555066079295
0.5484581497797357
0.5506607929515418
0.552863436123348
0.5550660792951542
0.5572687224669604
0.5594713656387665
0.5616740088105727
0.5638766519823789
0.566079295154185
0.5682819383259912
0.5704845814977973
0.5726872246696035
0.5748898678414097
0.5770925110132159
0.579295154185022
0.5802197802197803
0.5824175824175825
0.5846153846153846
0.5868131868131868
0.589010989010989
0.5912087912087912
0.5934065934065934
0.5942982456140351
0.5964912280701754
0.5986842105263158
0.6008771929824561
0.6030701754385965
0.6052631578947368
0.6074561403508771
0.6096491228070176
0.6118421052631579
0.612691466083151
0.6148796498905909
0.6170678336980306
0.6192560175054704
0.6214442013129103
0.6236323851203501
0.6258205689277899
0.6280087527352297
0.6301969365426696
0.6323851203501094
0.6345733041575492
0.6367614879649891
0.6389496717724289
0.6411378555798687
0.6433260393873085
0.6455142231947484
0.6477024070021882
0.649890590809628
0.6520787746170679
0.6542669584245077
0.6564551422319475
0.6586433260393874
0.6608315098468271
0.6630196936542669
0.6652078774617067
0.6673960612691466
0.6695842450765864
0.6717724288840262
0.6739606126914661
0.6761487964989059
0.6783369803063457
0.6805251641137856
0.6827133479212254
0.6849015317286652
0.687089715536105
0.6892778993435449
0.6914660831509847
0.6936542669584245
0.6958424507658644
0.6980306345733042
0.700218818380744
0.7024070021881839
0.7045951859956237
0.7067833698030634
0.7089715536105032
0.7111597374179431
0.7133479212253829
0.7155361050328227
0.7177242888402626
0.7199124726477024
0.7221006564551422
0.7242888402625821
0.7264770240700219
0.7286652078774617
0.7308533916849015
0.7330415754923414
0.7352297592997812
0.737417943107221
0.7396061269146609
0.7417943107221007
0.7439824945295405
0.7461706783369803
0.7483588621444202
0.75054704595186
0.7527352297592997
0.7549234135667396
0.7571115973741794
0.7592997811816192
0.7614879649890591
0.7636761487964989
0.7658643326039387
0.7680525164113785
0.7702407002188184
0.7724288840262582
0.774617067833698
0.7768052516411379
0.7789934354485777
0.7811816192560175
0.7833698030634574
0.7855579868708972
0.787746170678337
0.7899343544857768
0.7921225382932167
0.7943107221006565
0.7964989059080962
0.7986870897155361
0.8008752735229759
0.8030634573304157
0.8052516411378556
0.8074398249452954
0.8096280087527352
0.811816192560175
0.8140043763676149
0.8161925601750547
0.8183807439824945
0.8205689277899344
0.8227571115973742
0.824945295404814
0.8271334792122538
0.8293216630196937
0.8315098468271335
0.8336980306345733
0.8358862144420132
0.838074398249453
0.8402625820568927
