1.0
1.0
1.0
1.0
1.0
1.0
1.0
1.0
1.0
1.0
1.0
1.0
1.0
1.0
1.0
1.0
1.0
1.0
1.0
0.14285714285714285
0.15
0.15714285714285714
0.16428571428571428
0.17142857142857143
0.17857142857142858
0.18571428571428572
0.19285714285714287
0.2
0.20714285714285716
0.21428571428571427
0.22142857142857142
0.22857142857142856
0.2357142857142857
0.24285714285714285
0.25
0.2571428571428571
0.2642857142857143
0.2714285714285714
0.2785714285714286
0.2857142857142857
0.29285714285714287
0.3
0.30714285714285716
0.3142857142857143
0.32142857142857145
0.32857142857142857
0.3357142857142857
0.34285714285714286
0.35
0.35714285714285715
0.36428571428571427
0.37142857142857144
0.37857142857142856
0.38571428571428573
0.39285714285714285
0.4
0.40714285714285714
0.4142857142857143
0.41843971631205673
0.4225352112676056
0.42657342657342656
0.4305555555555556
0.4375
0.4444444444444444
0.4513888888888889
0.4583333333333333
0.4652777777777778
0.4722222222222222
0.4791666666666667
0.4861111111111111
0.4930555555555556
0.5
0.5069444444444444
0.5138888888888888
0.5208333333333334
0.5277777777777778
0.5347222222222222
0.5416666666666666
0.541095890410959
0.547945205479452
0.5328947368421053
0.5394736842105263
0.5460526315789473
0.5526315789473685
0.5592105263157895
0.5657894736842105
0.5723684210526315
0.5789473684210527
0.5855263157894737
0.5921052631578947
0.5986842105263158
0.6052631578947368
0.6118421052631579
0.618421052631579
0.625
0.631578947368421
0.6381578947368421
0.6447368421052632
0.6513157894736842
0.6578947368421053
0.6644736842105263
0.6710526315789473
0.6776315789473685
0.6842105263157895
0.6907894736842105
0.6973684210526315
0.7039473684210527
0.7105263157894737
0.7171052631578947
0.7236842105263158
0.7302631578947368
0.7368421052631579
0.743421052631579
0.75
0.756578947368421
0.7631578947368421
0.7697368421052632
0.7763157894736842
0.7828947368421053
0.7894736842105263
0.7960526315789473
0.8026315789473685
0.8092105263157895
0.8157894736842105
0.8223684210526315
0.8289473684210527
0.8355263157894737
0.8421052631578947
0.8486842105263158
0.8552631578947368
0.8618421052631579
0.868421052631579
0.875
0.881578947368421
0.8881578947368421
0.8947368421052632
0.9013157894736842
0.9078947368421053
0.9144736842105263
0.9210526315789473
0.9276315789473685
0.9342105263157895
0.9407894736842105
0.9473684210526315
0.9539473684210527
0.9605263157894737
0.9671052631578947
0.9736842105263158
0.9802631578947368
1.0
1.0
1.0
1.0
1.0
1.0
1.0
1.0
1.0
1.0
1.0
1.0
1.0
1.0
1.0
1.0
1.0
1.0
1.0
0.14285714285714285
0.15
0.15714285714285714
0.16428571428571428
0.17142857142857143
0.17857142857142858
0.18571428571428572
0.19285714285714287
0.2
0.20714285714285716
0.21428571428571427
0.22142857142857142
0.22857142857142856
0.2357142857142857
0.24285714285714285
0.25
0.2571428571428571
0.2642857142857143
0.2714285714285714
0.2785714285714286
0.2857142857142857
0.29285714285714287
0.3
0.30714285714285716
0.3142857142857143
0.32142857142857145
0.32857142857142857
0.3357142857142857
0.34285714285714286
0.35
0.35714285714285715
0.36428571428571427
0.37142857142857144
0.37857142857142856
0.38571428571428573
0.39285714285714285
0.4
0.40714285714285714
0.4142857142857143
0.41843971631205673
0.4225352112676056
0.42657342657342656
0.4305555555555556
0.4375
0.4444444444444444
0.4513888888888889
0.4583333333333333
0.4652777777777778
0.4722222222222222
0.4791666666666667
0.4861111111111111
0.4930555555555556
0.5
0.5069444444444444
0.5138888888888888
0.5208333333333334
0.5277777777777778
0.5347222222222222
0.5416666666666666
0.541095890410959
0.547945205479452
0.5328947368421053
0.5394736842105263
0.5460526315789473
0.5526315789473685
0.5592105263157895
0.5657894736842105
0.5723684210526315
0.5789473684210527
0.5855263157894737
0.5921052631578947
0.5986842105263158
0.6052631578947368
0.6118421052631579
0.618421052631579
0.625
0.631578947368421
0.6381578947368421
0.6447368421052632
0.6513157894736842
0.6578947368421053
0.6644736842105263
0.6710526315789473
0.6776315789473685
0.6842105263157895
0.6907894736842105
0.6973684210526315
0.7039473684210527
0.7105263157894737
0.7171052631578947
0.7236842105263158
0.7302631578947368
0.7368421052631579
0.743421052631579
0.75
0.756578947368421
0.7631578947368421
0.7697368421052632
0.7763157894736842
0.7828947368421053
0.7894736842105263
0.7960526315789473
0.8026315789473685
0.8092105263157895
0.8157894736842105
0.8223684210526315
0.8289473684210527
0.8355263157894737
0.8421052631578947
0.8486842105263158
0.8552631578947368
0.8618421052631579
0.868421052631579
0.875
0.881578947368421
0.8881578947368421
0.8947368421052632
0.9013157894736842
0.9078947368421053
0.9144736842105263
0.9210526315789473
0.9276315789473685
0.9342105263157895
0.9407894736842105
0.9473684210526315
0.9539473684210527
0.9605263157894737
0.9671052631578947
0.9736842105263158
0.9802631578947368
1.0
1.0
1.0
1.0
1.0
1.0
1.0
1.0
1.0
1.0
1.0
1.0
1.0
1.0
1.0
1.0
1.0
1.0
1.0
1.0
1.0
1.0
1.0
1.0
1.0
1.0
1.0
1.0
1.0
1.0
1.0
1.0
1.0
1.0
1.0
1.0
1.0
1.0
0.14285714285714285
0.15
0.15714285714285714
0.16428571428571428
0.17142857142857143
0.17857142857142858
0.18571428571428572
0.19285714285714287
0.2
0.20714285714285716
0.21428571428571427
0.22142857142857142
0.22857142857142856
0.2357142857142857
0.24285714285714285
0.25
0.2571428571428571
0.2642857142857143
0.2714285714285714
0.2785714285714286
0.2857142857142857
0.29285714285714287
0.3
0.30714285714285716
0.3142857142857143
0.32142857142857145
0.32857142857142857
0.3357142857142857
0.34285714285714286
0.35
0.35714285714285715
0.36428571428571427
0.37142857142857144
0.37857142857142856
0.38571428571428573
0.39285714285714285
0.4
0.40714285714285714
0.4142857142857143
0.41843971631205673
0.4225352112676056
0.42657342657342656
0.4305555555555556
0.4375
0.4444444444444444
0.4513888888888889
0.4583333333333333
0.4652777777777778
0.4722222222222222
0.4791666666666667
0.4861111111111111
0.4930555555555556
0.5
0.5069444444444444
0.5138888888888888
0.5208333333333334
0.5277777777777778
0.5347222222222222
0.5416666666666666
0.5266666666666666
0.5333333333333333
0.54
0.5466666666666666
0.5533333333333333
0.56
0.5592105263157895
0.5657894736842105
0.5723684210526315
0.5789473684210527
0.5855263157894737
0.5921052631578947
0.5986842105263158
0.6052631578947368
0.6118421052631579
0.618421052631579
0.625
0.631578947368421
0.6381578947368421
0.6447368421052632
0.6513157894736842
0.6578947368421053
0.6644736842105263
0.6710526315789473
0.6776315789473685
0.6842105263157895
0.6907894736842105
0.6973684210526315
0.7039473684210527
0.7105263157894737
0.7171052631578947
0.7236842105263158
0.7302631578947368
0.7368421052631579
0.743421052631579
0.75
0.756578947368421
0.7631578947368421
0.7697368421052632
0.7763157894736842
0.7828947368421053
0.7894736842105263
0.7960526315789473
0.8026315789473685
0.8092105263157895
0.8157894736842105
0.8223684210526315
0.8289473684210527
0.8355263157894737
0.8421052631578947
0.8486842105263158
0.8552631578947368
0.8618421052631579
0.868421052631579
0.875
0.881578947368421
0.8881578947368421
0.8947368421052632
0.9013157894736842
0.9078947368421053
0.9144736842105263
0.9210526315789473
0.9276315789473685
0.9342105263157895
0.9407894736842105
0.9473684210526315
0.9539473684210527
0.9605263157894737
0.9671052631578947
0.9736842105263158
0.9802631578947368
1.0
1.0
1.0
1.0
1.0
1.0
1.0
1.0
1.0
1.0
1.0
1.0
1.0
1.0
1.0
1.0
1.0
1.0
1.0
0.14285714285714285
0.15
0.15714285714285714
0.16428571428571428
0.17142857142857143
0.17857142857142858
0.18571428571428572
0.19285714285714287
0.2
0.20714285714285716
0.21428571428571427
0.22142857142857142
0.22857142857142856
0.2357142857142857
0.24285714285714285
0.25
0.2571428571428571
0.2642857142857143
0.2714285714285714
0.2785714285714286
0.2857142857142857
0.29285714285714287
0.3
0.30714285714285716
0.3142857142857143
0.32142857142857145
0.32857142857142857
0.3357142857142857
0.34285714285714286
0.35
0.35714285714285715
0.36428571428571427
0.37142857142857144
0.37857142857142856
0.38571428571428573
0.39285714285714285
0.4
0.40714285714285714
0.4142857142857143
0.41843971631205673
0.4225352112676056
0.42657342657342656
0.4305555555555556
0.4375
0.4444444444444444
0.4513888888888889
0.4583333333333333
0.4652777777777778
0.4722222222222222
0.4791666666666667
0.4861111111111111
0.4930555555555556
0.5
0.5069444444444444
0.5138888888888888
0.5208333333333334
0.5277777777777778
0.5347222222222222
0.5416666666666666
0.5266666666666666
0.5333333333333333
0.54
0.5466666666666666
0.5533333333333333
0.56
0.5592105263157895
0.5657894736842105
0.5723684210526315
0.5789473684210527
0.5855263157894737
0.5921052631578947
0.5986842105263158
0.6052631578947368
0.6118421052631579
0.618421052631579
0.625
0.631578947368421
0.6381578947368421
0.6447368421052632
0.6513157894736842
0.6578947368421053
0.6644736842105263
0.6710526315789473
0.6776315789473685
0.6842105263157895
0.6907894736842105
0.6973684210526315
0.7039473684210527
0.7105263157894737
0.7171052631578947
0.7236842105263158
0.7302631578947368
0.7368421052631579
0.743421052631579
0.75
0.756578947368421
0.7631578947368421
0.7697368421052632
0.7763157894736842
0.7828947368421053
0.7894736842105263
0.7960526315789473
0.8026315789473685
0.8092105263157895
0.8157894736842105
0.8223684210526315
0.8289473684210527
0.8355263157894737
0.8421052631578947
0.8486842105263158
0.8552631578947368
0.8618421052631579
0.868421052631579
0.875
0.881578947368421
0.8881578947368421
0.8947368421052632
0.9013157894736842
0.9078947368421053
0.9144736842105263
0.9210526315789473
1.0
1.0
1.0
1.0
1.0
1.0
1.0
1.0
1.0
1.0
1.0
1.0
1.0
1.0
1.0
1.0
1.0
1.0
1.0
0.14285714285714285
0.15
0.15714285714285714
0.16428571428571428
0.17142857142857143
0.17857142857142858
0.18571428571428572
0.19285714285714287
0.2
0.20714285714285716
0.21428571428571427
0.22142857142857142
0.22857142857142856
0.2357142857142857
0.24285714285714285
0.25
0.2571428571428571
0.2642857142857143
0.2714285714285714
0.2785714285714286
0.2857142857142857
0.29285714285714287
0.3
0.30714285714285716
0.3142857142857143
0.32142857142857145
0.32857142857142857
0.3357142857142857
0.34285714285714286
0.35
0.35714285714285715
0.36428571428571427
0.37142857142857144
0.37857142857142856
0.38571428571428573
0.39285714285714285
0.4
0.40714285714285714
0.4142857142857143
0.41843971631205673
0.4225352112676056
0.42657342657342656
0.4305555555555556
0.4375
0.4444444444444444
0.4513888888888889
0.4583333333333333
0.4652777777777778
0.4722222222222222
0.4791666666666667
0.4861111111111111
0.4930555555555556
0.5
0.5069444444444444
0.5138888888888888
0.5208333333333334
0.5277777777777778
0.5347222222222222
0.5416666666666666
0.5266666666666666
0.5333333333333333
0.54
0.5466666666666666
0.5533333333333333
0.56
0.5592105263157895
0.5657894736842105
0.5723684210526315
0.5789473684210527
0.5855263157894737
0.5921052631578947
0.5986842105263158
0.6052631578947368
0.6118421052631579
0.618421052631579
0.625
0.631578947368421
0.6381578947368421
0.6447368421052632
0.6513157894736842
0.6578947368421053
0.6644736842105263
0.6710526315789473
0.6776315789473685
0.6842105263157895
0.6907894736842105
0.6973684210526315
0.7039473684210527
0.7105263157894737
0.7171052631578947
0.7236842105263158
0.7302631578947368
0.7368421052631579
0.743421052631579
0.75
0.756578947368421
0.7631578947368421
0.7697368421052632
0.7763157894736842
0.7828947368421053
0.7894736842105263
0.7960526315789473
0.8026315789473685
0.8092105263157895
0.8157894736842105
0.8223684210526315
0.8289473684210527
0.8355263157894737
0.8421052631578947
0.8486842105263158
0.8552631578947368
0.8618421052631579
0.868421052631579
0.875
0.881578947368421
0.8881578947368421
0.8947368421052632
0.9013157894736842
0.9078947368421053
0.9144736842105263
0.9210526315789473
0.9276315789473685
0.9342105263157895
0.9407894736842105
0.9473684210526315
0.9539473684210527
0.9605263157894737
0.9671052631578947
0.9736842105263158
0.9802631578947368
1.0
1.0
1.0
1.0
1.0
1.0
1.0
1.0
1.0
1.0
1.0
1.0
1.0
1.0
1.0
1.0
1.0
1.0
1.0
0.14285714285714285
0.15
0.15714285714285714
0.16428571428571428
0.17142857142857143
0.17857142857142858
0.18571428571428572
0.19285714285714287
0.2
0.20714285714285716
0.21428571428571427
0.22142857142857142
0.22857142857142856
0.2357142857142857
0.24285714285714285
0.25
0.2571428571428571
0.2642857142857143
0.2714285714285714
0.2785714285714286
0.2857142857142857
0.29285714285714287
0.3
0.30714285714285716
0.3142857142857143
0.32142857142857145
0.32857142857142857
0.3357142857142857
0.34285714285714286
0.35
0.35714285714285715
0.36428571428571427
0.37142857142857144
0.37857142857142856
0.38571428571428573
0.39285714285714285
0.4
0.40714285714285714
0.4142857142857143
0.41843971631205673
0.4225352112676056
0.42657342657342656
0.4305555555555556
0.4375
0.4444444444444444
0.4513888888888889
0.4583333333333333
0.4652777777777778
0.4722222222222222
0.4791666666666667
0.4861111111111111
0.4930555555555556
0.5
0.5069444444444444
0.5138888888888888
0.5208333333333334
0.5277777777777778
0.5347222222222222
0.5416666666666666
0.541095890410959
0.547945205479452
0.5328947368421053
0.5394736842105263
0.5460526315789473
0.5526315789473685
0.5592105263157895
0.5657894736842105
0.5723684210526315
0.5789473684210527
0.5855263157894737
0.5921052631578947
0.5986842105263158
0.6052631578947368
0.6118421052631579
0.618421052631579
0.625
0.631578947368421
0.6381578947368421
0.6447368421052632
0.6513157894736842
0.6578947368421053
0.6644736842105263
0.6710526315789473
0.6776315789473685
0.6842105263157895
0.6907894736842105
0.6973684210526315
0.7039473684210527
0.7105263157894737
0.7171052631578947
0.7236842105263158
0.7302631578947368
0.7368421052631579
0.743421052631579
0.75
0.756578947368421
0.7631578947368421
0.7697368421052632
0.7763157894736842
0.7828947368421053
0.7894736842105263
0.7960526315789473
0.8026315789473685
0.8092105263157895
0.8157894736842105
0.8223684210526315
0.8289473684210527
0.8355263157894737
0.8421052631578947
0.8486842105263158
0.8552631578947368
0.8618421052631579
0.868421052631579
0.875
0.881578947368421
0.8881578947368421
0.8947368421052632
0.9013157894736842
0.9078947368421053
0.9144736842105263
0.9210526315789473
0.9276315789473685
0.9342105263157895
0.9407894736842105
0.9473684210526315
0.9539473684210527
0.9605263157894737
0.9671052631578947
0.9736842105263158
0.9802631578947368
