1.0
1.0
1.0
1.0
1.0
1.0
1.0
1.0
1.0
1.0
1.0
0.35294117647058826
0.38235294117647056
0.4117647058823529
0.4411764705882353
0.47058823529411764
0.5
0.5294117647058824
0.5588235294117647
0.5882352941176471
0.6
0.6285714285714286
0.6571428571428571
0.6857142857142857
0.7142857142857143
0.7428571428571429
0.7714285714285715
0.8
0.8285714285714286
0.8571428571428571
0.8857142857142857
0.9142857142857143
0.9428571428571428
0.9714285714285714
1.0
1.0
1.0
1.0
1.0
1.0
1.0
1.0
1.0
1.0
1.0
1.0
0.35294117647058826
0.38235294117647056
0.4117647058823529
0.4411764705882353
0.47058823529411764
0.5
0.5294117647058824
0.5588235294117647
0.5882352941176471
0.6
0.6285714285714286
0.6571428571428571
0.6857142857142857
0.7142857142857143
0.7428571428571429
0.7714285714285715
0.8
0.8285714285714286
0.8571428571428571
0.8857142857142857
0.9142857142857143
0.9428571428571428
0.9714285714285714
1.0
1.0
1.0
1.0
1.0
1.0
1.0
1.0
1.0
1.0
1.0
1.0
0.35294117647058826
0.38235294117647056
0.4117647058823529
0.4411764705882353
0.47058823529411764
0.5
0.5294117647058824
0.5588235294117647
0.5882352941176471
0.6
0.6285714285714286
0.6571428571428571
0.6857142857142857
0.7142857142857143
0.7428571428571429
0.7714285714285715
0.8
0.8285714285714286
0.8571428571428571
0.8857142857142857
0.9142857142857143
0.9428571428571428
0.9714285714285714
1.0
1.0
1.0
1.0
1.0
1.0
1.0
1.0
1.0
1.0
1.0
1.0
0.35294117647058826
0.38235294117647056
0.4117647058823529
0.4411764705882353
0.47058823529411764
0.5
0.5294117647058824
0.5588235294117647
0.5882352941176471
0.6
0.6285714285714286
0.6571428571428571
0.6857142857142857
0.7142857142857143
0.7428571428571429
0.7714285714285715
0.8
0.8285714285714286
0.8571428571428571
0.8857142857142857
0.9142857142857143
0.9428571428571428
0.9714285714285714
1.0
1.0
1.0
1.0
1.0
1.0
1.0
1.0
1.0
1.0
1.0
1.0
1.0
1.0
1.0
1.0
1.0
1.0
1.0
1.0
1.0
1.0
1.0
0.35294117647058826
0.38235294117647056
0.4117647058823529
0.4411764705882353
0.47058823529411764
0.5
0.5294117647058824
0.5588235294117647
0.5882352941176471
0.6
0.6285714285714286
0.6571428571428571
0.6857142857142857
0.7142857142857143
0.7428571428571429
0.7714285714285715
0.8
0.8285714285714286
0.8571428571428571
0.8857142857142857
0.9142857142857143
0.9428571428571428
0.9714285714285714
1.0
1.0
1.0
1.0
1.0
1.0
1.0
1.0
1.0
1.0
1.0
1.0
1.0
1.0
1.0
1.0
1.0
1.0
1.0
1.0
1.0
1.0
1.0
0.35294117647058826
0.38235294117647056
0.4117647058823529
0.4411764705882353
0.47058823529411764
0.5
0.5294117647058824
0.5588235294117647
0.5882352941176471
0.6
0.6285714285714286
0.6571428571428571
0.6857142857142857
0.7142857142857143
0.7428571428571429
0.7714285714285715
0.8
0.8285714285714286
0.8571428571428571
0.8857142857142857
0.9142857142857143
0.9428571428571428
0.9714285714285714
1.0
1.0
1.0
1.0
1.0
1.0
1.0
1.0
1.0
1.0
1.0
1.0
0.35294117647058826
0.38235294117647056
0.4117647058823529
0.4411764705882353
0.47058823529411764
0.5
0.5294117647058824
0.5588235294117647
0.5882352941176471
0.6
0.6285714285714286
0.6571428571428571
0.6857142857142857
0.7142857142857143
0.7428571428571429
0.7714285714285715
0.8
0.8285714285714286
0.8571428571428571
0.8857142857142857
0.9142857142857143
0.9428571428571428
0.9714285714285714
1.0
1.0
1.0
1.0
1.0
1.0
1.0
1.0
1.0
1.0
1.0
1.0
0.35294117647058826
0.38235294117647056
0.4117647058823529
0.4411764705882353
0.47058823529411764
0.5
0.5294117647058824
0.5588235294117647
0.5882352941176471
0.6
0.6285714285714286
0.6571428571428571
0.6857142857142857
0.7142857142857143
0.7428571428571429
0.7714285714285715
0.8
0.8285714285714286
0.8571428571428571
0.8857142857142857
0.9142857142857143
0.9428571428571428
0.9714285714285714
1.0
1.0
1.0
1.0
1.0
1.0
1.0
1.0
1.0
1.0
1.0
1.0
0.35294117647058826
0.38235294117647056
0.4117647058823529
0.4411764705882353
0.47058823529411764
0.5
0.5294117647058824
0.5588235294117647
0.5882352941176471
0.6
0.6285714285714286
0.6571428571428571
0.6857142857142857
0.7142857142857143
0.7428571428571429
0.7714285714285715
0.8
0.8285714285714286
0.8571428571428571
0.8857142857142857
0.9142857142857143
0.9428571428571428
0.9714285714285714
1.0
1.0
1.0
1.0
1.0
1.0
1.0
1.0
1.0
1.0
1.0
1.0
0.35294117647058826
0.38235294117647056
0.4117647058823529
0.4411764705882353
0.47058823529411764
0.5
0.5294117647058824
0.5588235294117647
0.5882352941176471
0.6
0.6285714285714286
0.6571428571428571
0.6857142857142857
0.7142857142857143
0.7428571428571429
0.7714285714285715
0.8
0.8285714285714286
0.8571428571428571
0.8857142857142857
0.9142857142857143
0.9428571428571428
0.9714285714285714
1.0
1.0
1.0
1.0
1.0
1.0
1.0
1.0
1.0
1.0
1.0
1.0
0.35294117647058826
0.38235294117647056
0.4117647058823529
0.4411764705882353
0.47058823529411764
0.5
0.5294117647058824
0.5588235294117647
0.5882352941176471
0.6
0.6285714285714286
0.6571428571428571
0.6857142857142857
0.7142857142857143
0.7428571428571429
0.7714285714285715
0.8
0.8285714285714286
0.8571428571428571
0.8857142857142857
0.9142857142857143
0.9428571428571428
0.9714285714285714
1.0
1.0
1.0
1.0
1.0
1.0
1.0
1.0
1.0
1.0
1.0
1.0
0.35294117647058826
0.38235294117647056
0.4117647058823529
0.4411764705882353
0.47058823529411764
0.5
0.5294117647058824
0.5588235294117647
0.5882352941176471
0.6
0.6285714285714286
0.6571428571428571
0.6857142857142857
0.7142857142857143
0.7428571428571429
0.7714285714285715
0.8
0.8285714285714286
0.8571428571428571
0.8857142857142857
0.9142857142857143
0.9428571428571428
0.9714285714285714
1.0
