1.0
1.0
1.0
1.0
1.0
1.0
1.0
1.0
1.0
1.0
1.0
1.0
0.4642857142857143
0.5
0.5357142857142857
0.5714285714285714
0.6071428571428571
0.6428571428571429
0.6785714285714286
0.7142857142857143
0.75
0.7586206896551724
0.7666666666666667
0.7741935483870968
0.78125
0.7878787878787878
0.7941176470588235
0.8
0.8055555555555556
0.8108108108108109
0.8157894736842105
0.8205128205128205
0.825
0.8292682926829268
0.8333333333333334
0.8372093023255814
0.8409090909090909
0.8444444444444444
0.8478260869565217
0.851063829787234
0.8541666666666666
0.8571428571428571
0.86
0.8627450980392157
0.8653846153846154
0.8679245283018868
0.8703703703703703
0.8727272727272727
0.875
0.8771929824561403
0.8793103448275862
0.8813559322033898
0.8833333333333333
0.8852459016393442
0.8870967741935484
0.25
0.25333333333333335
0.25663716814159293
0.2599118942731278
0.2631578947368421
0.2663755458515284
0.26956521739130435
0.2727272727272727
0.27586206896551724
0.27896995708154504
0.28205128205128205
0.2851063829787234
0.288135593220339
0.2911392405063291
0.29411764705882354
0.29707112970711297
0.3
0.3029045643153527
0.30578512396694213
0.30864197530864196
0.3114754098360656
0.3142857142857143
0.3170731707317073
0.31983805668016196
0.3225806451612903
0.3253012048192771
0.328
0.33067729083665337
0.3333333333333333
0.3359683794466403
0.33858267716535434
0.3411764705882353
0.34375
0.3463035019455253
0.3488372093023256
0.35135135135135137
0.35384615384615387
0.3563218390804598
0.35877862595419846
0.3612167300380228
0.36363636363636365
0.3660377358490566
0.3684210526315789
0.3707865168539326
0.373134328358209
0.3754646840148699
0.37777777777777777
0.3800738007380074
0.38235294117647056
0.38461538461538464
0.38686131386861317
0.3890909090909091
0.391304347826087
0.3935018050541516
0.39568345323741005
0.3978494623655914
0.4
0.40213523131672596
0.40425531914893614
0.40636042402826855
0.4084507042253521
0.4105263157894737
0.4125874125874126
0.4146341463414634
0.4166666666666667
0.4186851211072664
0.4206896551724138
0.422680412371134
0.4246575342465753
0.42662116040955633
0.42857142857142855
0.43050847457627117
0.43243243243243246
0.43434343434343436
0.248565965583174
0.25
0.25142857142857145
0.25285171102661597
0.25426944971537
0.2556818181818182
0.2570888468809074
0.25849056603773585
0.2598870056497175
0.26127819548872183
0.2626641651031895
0.2640449438202247
0.26542056074766357
0.2667910447761194
0.2681564245810056
0.2695167286245353
0.27087198515769945
0.2722222222222222
0.2735674676524954
0.27490774907749077
0.27624309392265195
0.2775735294117647
0.27889908256880735
0.2802197802197802
0.28153564899451555
0.28284671532846717
0.28415300546448086
0.28545454545454546
0.2867513611615245
0.28804347826086957
0.28933092224231466
0.29061371841155237
0.2918918918918919
0.2931654676258993
0.29443447037701975
0.2956989247311828
0.29695885509839
0.2982142857142857
0.2994652406417112
0.30071174377224197
0.3019538188277087
0.30319148936170215
0.30442477876106194
0.30565371024734983
0.30687830687830686
0.30809859154929575
0.3093145869947276
0.3105263157894737
0.3117338003502627
0.3129370629370629
0.31413612565445026
0.3153310104529617
0.3165217391304348
0.3177083333333333
0.3188908145580589
0.32006920415224915
0.32124352331606215
0.32241379310344825
0.25133689839572193
0.2523364485981308
0.25333333333333335
0.25432756324900135
0.2553191489361702
0.25630810092961487
0.2572944297082228
0.2582781456953642
0.25925925925925924
0.26023778071334214
0.2612137203166227
0.25126262626262624
0.25220680958385877
0.2531486146095718
0.2540880503144654
0.2550251256281407
0.2559598494353827
0.2568922305764411
0.25782227784730916
0.25875
0.2596754057428215
0.26059850374064836
0.2441860465116279
0.2450638792102207
0.2459396751740139
0.24681344148319814
0.24768518518518517
0.24855491329479767
0.24942263279445728
0.2502883506343714
0.2511520737327189
0.2520138089758343
0.25287356321839083
0.2537313432835821
0.2545871559633027
0.2554410080183276
0.2562929061784897
0.2571428571428571
0.2579908675799087
0.2588369441277081
0.25968109339407747
0.2605233219567691
0.26136363636363635
0.26220204313280365
0.26303854875283444
0.2638731596828992
0.2647058823529412
0.2655367231638418
0.26636568848758463
0.26719278466741825
0.268018018018018
0.2688413948256468
0.2696629213483146
0.27048260381593714
0.2713004484304933
0.2721164613661814
0.27293064876957496
0.2737430167597765
0.27455357142857145
0.2753623188405797
0.27616926503340755
0.27697441601779754
0.2777777777777778
0.2785793562708102
0.2793791574279379
0.28017718715393136
0.2809734513274336
0.281767955801105
0.282560706401766
0.28335170893054024
0.2841409691629956
0.28492849284928495
0.2857142857142857
0.2864983534577388
0.28728070175438597
0.28806133625410735
0.27132579650565264
0.2720739219712526
0.27282051282051284
0.2735655737704918
0.2743091095189355
0.27505112474437626
0.27579162410623087
0.27653061224489794
0.27726809378185524
0.2780040733197556
0.2787385554425229
0.27947154471544716
0.2802030456852792
0.28093306288032455
0.281661600810537
0.2823886639676113
0.28311425682507585
0.28383838383838383
0.28456104944500504
0.2852822580645161
0.28600201409869086
0.28672032193158953
0.28743718592964823
1.0
1.0
1.0
1.0
1.0
1.0
1.0
1.0
1.0
1.0
1.0
1.0
0.4642857142857143
0.5
0.5357142857142857
0.5714285714285714
0.6071428571428571
0.6428571428571429
0.6785714285714286
0.7142857142857143
0.75
0.7586206896551724
0.7666666666666667
0.7741935483870968
0.78125
0.7878787878787878
0.7941176470588235
0.8
0.8055555555555556
0.8108108108108109
0.8157894736842105
0.8205128205128205
0.825
0.8292682926829268
0.8333333333333334
0.8372093023255814
0.8409090909090909
0.8444444444444444
0.8478260869565217
0.851063829787234
0.8541666666666666
0.8571428571428571
0.86
0.8627450980392157
0.8653846153846154
0.8679245283018868
0.8703703703703703
0.8727272727272727
0.875
0.8771929824561403
0.8793103448275862
0.8813559322033898
0.8833333333333333
0.8852459016393442
0.8870967741935484
0.25
0.25333333333333335
0.25663716814159293
0.2599118942731278
0.2631578947368421
0.2663755458515284
0.26956521739130435
0.2727272727272727
0.27586206896551724
0.27896995708154504
0.28205128205128205
0.2851063829787234
0.288135593220339
0.2911392405063291
0.29411764705882354
0.29707112970711297
0.3
0.3029045643153527
0.30578512396694213
0.30864197530864196
0.3114754098360656
0.3142857142857143
0.3170731707317073
0.31983805668016196
0.3225806451612903
0.3253012048192771
0.328
0.33067729083665337
0.3333333333333333
0.3359683794466403
0.33858267716535434
0.3411764705882353
0.34375
0.3463035019455253
0.3488372093023256
0.35135135135135137
0.35384615384615387
0.3563218390804598
0.35877862595419846
0.3612167300380228
0.36363636363636365
0.3660377358490566
0.3684210526315789
0.3707865168539326
0.373134328358209
0.3754646840148699
0.37777777777777777
0.3800738007380074
0.38235294117647056
0.38461538461538464
0.38686131386861317
0.3890909090909091
0.391304347826087
0.3935018050541516
0.39568345323741005
0.3978494623655914
0.4
0.40213523131672596
0.40425531914893614
0.40636042402826855
0.4084507042253521
0.4105263157894737
0.4125874125874126
0.4146341463414634
0.4166666666666667
0.4186851211072664
0.4206896551724138
0.422680412371134
0.4246575342465753
0.42662116040955633
0.42857142857142855
0.43050847457627117
0.43243243243243246
0.43434343434343436
0.248565965583174
0.25
0.25142857142857145
0.25285171102661597
0.25426944971537
0.2556818181818182
0.2570888468809074
0.25849056603773585
0.2598870056497175
0.26127819548872183
0.2626641651031895
0.2640449438202247
0.26542056074766357
0.2667910447761194
0.2681564245810056
0.2695167286245353
0.27087198515769945
0.2722222222222222
0.2735674676524954
0.27490774907749077
0.27624309392265195
0.2775735294117647
0.27889908256880735
0.2802197802197802
0.28153564899451555
0.28284671532846717
0.28415300546448086
0.28545454545454546
0.2867513611615245
0.28804347826086957
0.28933092224231466
0.29061371841155237
0.2918918918918919
0.2931654676258993
0.29443447037701975
0.2956989247311828
0.29695885509839
0.2982142857142857
0.2994652406417112
0.30071174377224197
0.3019538188277087
0.30319148936170215
0.30442477876106194
0.30565371024734983
0.30687830687830686
0.30809859154929575
0.3093145869947276
0.3105263157894737
0.3117338003502627
0.3129370629370629
0.31413612565445026
0.3153310104529617
0.3165217391304348
0.3177083333333333
0.3188908145580589
0.32006920415224915
0.32124352331606215
0.32241379310344825
0.25133689839572193
0.2523364485981308
0.25333333333333335
0.25432756324900135
0.2553191489361702
0.25630810092961487
0.2572944297082228
0.2582781456953642
0.25925925925925924
0.26023778071334214
0.2612137203166227
0.25126262626262624
0.25220680958385877
0.2531486146095718
0.2540880503144654
0.2550251256281407
0.2559598494353827
0.2568922305764411
0.25782227784730916
0.25875
0.2596754057428215
0.26059850374064836
0.2441860465116279
0.2450638792102207
0.2459396751740139
0.24681344148319814
0.24768518518518517
0.24855491329479767
0.24942263279445728
0.2502883506343714
0.2511520737327189
0.2520138089758343
0.25287356321839083
0.2537313432835821
0.2545871559633027
0.2554410080183276
0.2562929061784897
0.2571428571428571
0.2579908675799087
0.2588369441277081
0.25968109339407747
0.2605233219567691
0.26136363636363635
0.26220204313280365
0.26303854875283444
0.2638731596828992
0.2647058823529412
0.2655367231638418
0.26636568848758463
0.26719278466741825
0.268018018018018
0.2688413948256468
0.2696629213483146
0.27048260381593714
0.2713004484304933
0.2721164613661814
0.27293064876957496
0.2737430167597765
0.27455357142857145
0.2753623188405797
0.27616926503340755
0.27697441601779754
0.2777777777777778
0.2785793562708102
0.2793791574279379
0.28017718715393136
0.2809734513274336
0.281767955801105
0.282560706401766
0.28335170893054024
0.2841409691629956
0.28492849284928495
0.2857142857142857
0.2864983534577388
0.28728070175438597
0.28806133625410735
0.27132579650565264
0.2720739219712526
0.27282051282051284
0.2735655737704918
0.2743091095189355
0.27505112474437626
0.27579162410623087
0.27653061224489794
0.27726809378185524
0.2780040733197556
0.2787385554425229
0.27947154471544716
0.2802030456852792
0.28093306288032455
0.281661600810537
0.2823886639676113
0.28311425682507585
0.28383838383838383
0.28456104944500504
0.2852822580645161
0.28600201409869086
0.28672032193158953
0.28743718592964823
1.0
1.0
1.0
1.0
1.0
1.0
1.0
1.0
1.0
1.0
1.0
1.0
1.0
1.0
1.0
1.0
1.0
1.0
1.0
1.0
0.4642857142857143
0.5
0.5357142857142857
0.5714285714285714
0.6071428571428571
0.6428571428571429
0.6785714285714286
0.7142857142857143
0.75
0.7586206896551724
0.7666666666666667
0.7741935483870968
0.78125
0.7878787878787878
0.7941176470588235
0.8
0.8055555555555556
0.8108108108108109
0.8157894736842105
0.8205128205128205
0.825
0.8292682926829268
0.8333333333333334
0.8372093023255814
0.8409090909090909
0.8444444444444444
0.8478260869565217
0.851063829787234
0.8541666666666666
0.8571428571428571
0.86
0.8627450980392157
0.8653846153846154
0.8679245283018868
0.8703703703703703
0.8727272727272727
0.875
0.8771929824561403
0.8793103448275862
0.8813559322033898
0.8833333333333333
0.8852459016393442
0.8870967741935484
0.25
0.25333333333333335
0.25663716814159293
0.2599118942731278
0.2631578947368421
0.2663755458515284
0.26956521739130435
0.2727272727272727
0.27586206896551724
0.27896995708154504
0.28205128205128205
0.2851063829787234
0.288135593220339
0.2911392405063291
0.29411764705882354
0.29707112970711297
0.3
0.3029045643153527
0.30578512396694213
0.30864197530864196
0.3114754098360656
0.3142857142857143
0.3170731707317073
0.31983805668016196
0.3225806451612903
0.3253012048192771
0.328
0.33067729083665337
0.3333333333333333
0.3359683794466403
0.33858267716535434
0.3411764705882353
0.34375
0.3463035019455253
0.3488372093023256
0.35135135135135137
0.35384615384615387
0.3563218390804598
0.35877862595419846
0.3612167300380228
0.36363636363636365
0.3660377358490566
0.3684210526315789
0.3707865168539326
0.373134328358209
0.3754646840148699
0.37777777777777777
0.3800738007380074
0.38235294117647056
0.38461538461538464
0.38686131386861317
0.3890909090909091
0.391304347826087
0.3935018050541516
0.39568345323741005
0.3978494623655914
0.4
0.40213523131672596
0.40425531914893614
0.40636042402826855
0.4084507042253521
0.4105263157894737
0.4125874125874126
0.4146341463414634
0.4166666666666667
0.4186851211072664
0.4206896551724138
0.422680412371134
0.4246575342465753
0.42662116040955633
0.42857142857142855
0.43050847457627117
0.43243243243243246
0.43434343434343436
1.0
1.0
1.0
1.0
1.0
1.0
1.0
1.0
1.0
1.0
1.0
1.0
0.4642857142857143
0.5
0.5357142857142857
0.5714285714285714
0.6071428571428571
0.6428571428571429
0.6785714285714286
0.7142857142857143
0.75
0.7586206896551724
0.7666666666666667
0.7741935483870968
0.78125
0.7878787878787878
0.7941176470588235
0.8
0.8055555555555556
0.8108108108108109
0.8157894736842105
0.8205128205128205
0.825
0.8292682926829268
0.8333333333333334
0.8372093023255814
0.8409090909090909
0.8444444444444444
0.8478260869565217
0.851063829787234
0.8541666666666666
0.8571428571428571
0.86
0.8627450980392157
0.8653846153846154
0.8679245283018868
0.8703703703703703
0.8727272727272727
0.875
0.8771929824561403
0.8793103448275862
0.8813559322033898
0.8833333333333333
0.8852459016393442
0.8870967741935484
0.25
0.25333333333333335
0.25663716814159293
0.2599118942731278
0.2631578947368421
0.2663755458515284
0.26956521739130435
0.2727272727272727
0.27586206896551724
0.27896995708154504
0.28205128205128205
0.2851063829787234
0.288135593220339
0.2911392405063291
0.29411764705882354
0.29707112970711297
0.3
0.3029045643153527
0.30578512396694213
0.30864197530864196
0.3114754098360656
0.3142857142857143
0.3170731707317073
0.31983805668016196
0.3225806451612903
0.3253012048192771
0.328
0.33067729083665337
0.3333333333333333
0.3359683794466403
0.33858267716535434
0.3411764705882353
0.34375
0.3463035019455253
0.3488372093023256
0.35135135135135137
0.35384615384615387
0.3563218390804598
0.35877862595419846
0.3612167300380228
0.36363636363636365
0.3660377358490566
0.3684210526315789
0.3707865168539326
0.373134328358209
0.3754646840148699
0.37777777777777777
0.3800738007380074
0.38235294117647056
0.38461538461538464
0.38686131386861317
0.3890909090909091
0.391304347826087
0.3935018050541516
0.39568345323741005
0.3978494623655914
0.4
0.40213523131672596
0.40425531914893614
0.40636042402826855
0.4084507042253521
0.4105263157894737
0.4125874125874126
0.4146341463414634
0.4166666666666667
0.4186851211072664
0.4206896551724138
0.422680412371134
0.4246575342465753
0.42662116040955633
0.42857142857142855
0.43050847457627117
0.43243243243243246
0.43434343434343436
1.0
1.0
1.0
1.0
1.0
1.0
1.0
1.0
1.0
1.0
1.0
1.0
1.0
1.0
1.0
1.0
1.0
1.0
1.0
1.0
1.0
1.0
1.0
1.0
1.0
1.0
1.0
1.0
1.0
1.0
1.0
1.0
1.0
1.0
1.0
1.0
1.0
1.0
1.0
1.0
1.0
1.0
1.0
1.0
1.0
1.0
1.0
1.0
1.0
1.0
1.0
1.0
1.0
1.0
1.0
1.0
1.0
1.0
1.0
1.0
1.0
1.0
1.0
1.0
1.0
1.0
1.0
1.0
1.0
1.0
1.0
1.0
1.0
1.0
1.0
1.0
1.0
1.0
1.0
1.0
1.0
1.0
1.0
1.0
1.0
1.0
1.0
1.0
1.0
1.0
1.0
1.0
1.0
1.0
1.0
1.0
1.0
1.0
1.0
1.0
1.0
1.0
1.0
1.0
1.0
1.0
1.0
1.0
1.0
1.0
1.0
1.0
1.0
1.0
1.0
1.0
1.0
1.0
1.0
1.0
1.0
1.0
1.0
1.0
1.0
1.0
1.0
1.0
1.0
1.0
1.0
1.0
1.0
1.0
1.0
1.0
1.0
1.0
1.0
1.0
1.0
1.0
1.0
1.0
1.0
1.0
1.0
1.0
1.0
1.0
1.0
1.0
1.0
1.0
1.0
1.0
1.0
1.0
1.0
1.0
1.0
1.0
1.0
1.0
1.0
1.0
1.0
1.0
1.0
1.0
1.0
1.0
1.0
1.0
1.0
1.0
1.0
1.0
1.0
1.0
1.0
1.0
1.0
1.0
1.0
1.0
1.0
1.0
1.0
1.0
1.0
1.0
1.0
1.0
1.0
1.0
1.0
1.0
1.0
1.0
1.0
1.0
1.0
1.0
1.0
1.0
1.0
1.0
1.0
1.0
1.0
1.0
1.0
1.0
1.0
1.0
1.0
1.0
1.0
1.0
1.0
1.0
1.0
1.0
1.0
1.0
1.0
1.0
1.0
1.0
1.0
1.0
1.0
1.0
1.0
1.0
1.0
1.0
1.0
1.0
1.0
1.0
1.0
1.0
1.0
1.0
1.0
1.0
1.0
1.0
1.0
1.0
1.0
1.0
1.0
1.0
1.0
1.0
1.0
1.0
1.0
1.0
1.0
1.0
1.0
1.0
1.0
1.0
1.0
1.0
1.0
1.0
1.0
1.0
1.0
1.0
1.0
1.0
1.0
1.0
1.0
1.0
1.0
1.0
1.0
1.0
1.0
1.0
1.0
1.0
1.0
1.0
1.0
1.0
1.0
1.0
1.0
1.0
1.0
1.0
1.0
1.0
1.0
1.0
1.0
1.0
1.0
1.0
1.0
1.0
1.0
1.0
1.0
1.0
1.0
1.0
1.0
1.0
1.0
1.0
1.0
1.0
1.0
1.0
1.0
1.0
1.0
1.0
1.0
1.0
1.0
1.0
1.0
1.0
1.0
1.0
1.0
1.0
1.0
1.0
1.0
1.0
1.0
1.0
1.0
1.0
1.0
1.0
1.0
1.0
1.0
1.0
1.0
1.0
1.0
1.0
1.0
1.0
1.0
1.0
1.0
1.0
1.0
1.0
1.0
1.0
1.0
1.0
1.0
1.0
1.0
1.0
1.0
1.0
1.0
1.0
1.0
1.0
1.0
1.0
1.0
1.0
1.0
1.0
1.0
1.0
1.0
1.0
1.0
1.0
1.0
1.0
1.0
1.0
1.0
1.0
1.0
1.0
1.0
1.0
1.0
1.0
1.0
1.0
1.0
1.0
1.0
1.0
1.0
1.0
1.0
1.0
1.0
1.0
1.0
1.0
1.0
1.0
1.0
1.0
1.0
1.0
1.0
1.0
1.0
1.0
1.0
1.0
1.0
1.0
1.0
1.0
1.0
0.9861111111111112
0.9884259259259259
0.9907407407407407
0.9930555555555556
0.9953703703703703
0.9976851851851852
1.0
0.9954022988505747
0.9977011494252873
1.0
1.0
0.9954441913439636
0.9954545454545455
0.9977272727272727
1.0
1.0
1.0
1.0
1.0
1.0
1.0
1.0
1.0
1.0
1.0
1.0
1.0
1.0
0.4642857142857143
0.5
0.5357142857142857
0.5714285714285714
0.6071428571428571
0.6428571428571429
0.6785714285714286
0.7142857142857143
0.75
0.7586206896551724
0.7666666666666667
0.7741935483870968
0.78125
0.7878787878787878
0.7941176470588235
0.8
0.8055555555555556
0.8108108108108109
0.8157894736842105
0.8205128205128205
0.825
0.8292682926829268
0.8333333333333334
0.8372093023255814
0.8409090909090909
0.8444444444444444
0.8478260869565217
0.851063829787234
0.8541666666666666
0.8571428571428571
0.86
0.8627450980392157
0.8653846153846154
0.8679245283018868
0.8703703703703703
0.8727272727272727
0.875
0.8771929824561403
0.8793103448275862
0.8813559322033898
0.8833333333333333
0.8852459016393442
0.8870967741935484
0.25
0.25333333333333335
0.25663716814159293
0.2599118942731278
0.2631578947368421
0.2663755458515284
0.26956521739130435
0.2727272727272727
0.27586206896551724
0.27896995708154504
0.28205128205128205
0.2851063829787234
0.288135593220339
0.2911392405063291
0.29411764705882354
0.29707112970711297
0.3
0.3029045643153527
0.30578512396694213
0.30864197530864196
0.3114754098360656
0.3142857142857143
0.3170731707317073
0.31983805668016196
0.3225806451612903
0.3253012048192771
0.328
0.33067729083665337
0.3333333333333333
0.3359683794466403
0.33858267716535434
0.3411764705882353
0.34375
0.3463035019455253
0.3488372093023256
0.35135135135135137
0.35384615384615387
0.3563218390804598
0.35877862595419846
0.3612167300380228
0.36363636363636365
0.3660377358490566
0.3684210526315789
0.3707865168539326
0.373134328358209
0.3754646840148699
0.37777777777777777
0.3800738007380074
0.38235294117647056
0.38461538461538464
0.38686131386861317
0.3890909090909091
0.391304347826087
0.3935018050541516
0.39568345323741005
0.3978494623655914
0.4
0.40213523131672596
0.40425531914893614
0.40636042402826855
0.4084507042253521
0.4105263157894737
0.4125874125874126
0.4146341463414634
0.4166666666666667
0.4186851211072664
0.4206896551724138
0.422680412371134
0.4246575342465753
0.42662116040955633
0.42857142857142855
0.43050847457627117
0.43243243243243246
0.43434343434343436
0.248565965583174
0.25
0.25142857142857145
0.25285171102661597
0.25426944971537
0.2556818181818182
0.2570888468809074
0.25849056603773585
0.2598870056497175
0.26127819548872183
0.2626641651031895
0.2640449438202247
0.26542056074766357
0.2667910447761194
0.2681564245810056
0.2695167286245353
0.27087198515769945
0.2722222222222222
0.2735674676524954
0.27490774907749077
0.27624309392265195
0.2775735294117647
0.27889908256880735
0.2802197802197802
0.28153564899451555
0.28284671532846717
0.28415300546448086
0.28545454545454546
0.2867513611615245
0.28804347826086957
0.28933092224231466
0.29061371841155237
0.2918918918918919
0.2931654676258993
0.29443447037701975
0.2956989247311828
0.29695885509839
0.2982142857142857
0.2994652406417112
0.30071174377224197
0.3019538188277087
0.30319148936170215
0.30442477876106194
0.30565371024734983
0.30687830687830686
0.30809859154929575
0.3093145869947276
0.3105263157894737
0.3117338003502627
0.3129370629370629
0.31413612565445026
0.3153310104529617
0.3165217391304348
0.3177083333333333
0.3188908145580589
0.32006920415224915
0.32124352331606215
0.32241379310344825
0.25133689839572193
0.2523364485981308
0.25333333333333335
0.25432756324900135
0.2553191489361702
0.25630810092961487
0.2572944297082228
0.2582781456953642
0.25925925925925924
0.26023778071334214
0.2612137203166227
0.25126262626262624
0.25220680958385877
0.2531486146095718
0.2540880503144654
0.2550251256281407
0.2559598494353827
0.2568922305764411
0.25782227784730916
0.25875
0.2596754057428215
0.26059850374064836
0.2441860465116279
0.2450638792102207
0.2459396751740139
0.24681344148319814
0.24768518518518517
0.24855491329479767
0.24942263279445728
0.2502883506343714
0.2511520737327189
0.2520138089758343
0.25287356321839083
0.2537313432835821
0.2545871559633027
0.2554410080183276
0.2562929061784897
0.2571428571428571
0.2579908675799087
0.2588369441277081
0.25968109339407747
0.2605233219567691
0.26136363636363635
0.26220204313280365
0.26303854875283444
0.2638731596828992
0.2647058823529412
0.2655367231638418
0.26636568848758463
0.26719278466741825
0.268018018018018
0.2688413948256468
0.2696629213483146
0.27048260381593714
0.2713004484304933
0.2721164613661814
0.27293064876957496
0.2737430167597765
0.27455357142857145
0.2753623188405797
0.27616926503340755
0.27697441601779754
0.2777777777777778
0.2785793562708102
0.2793791574279379
0.28017718715393136
0.2809734513274336
0.281767955801105
0.282560706401766
0.28335170893054024
0.2841409691629956
0.28492849284928495
0.2857142857142857
0.2864983534577388
0.28728070175438597
0.28806133625410735
0.27132579650565264
0.2720739219712526
0.27282051282051284
0.2735655737704918
0.2743091095189355
0.27505112474437626
0.27579162410623087
0.27653061224489794
0.27726809378185524
0.2780040733197556
0.2787385554425229
0.27947154471544716
0.2802030456852792
0.28093306288032455
0.281661600810537
0.2823886639676113
0.28311425682507585
0.28383838383838383
0.28456104944500504
0.2852822580645161
0.28600201409869086
0.28672032193158953
0.28743718592964823
0.2674743709226468
0.2681564245810056
0.2688372093023256
0.2695167286245353
0.27019498607242337
0.27087198515769945
0.2707948243992606
0.27146814404432135
0.272140221402214
0.2728110599078341
0.27348066298342544
0.27414903403863844
0.27481617647058826
0.27548209366391185
0.2761467889908257
0.2768102658111824
0.2774725274725275
0.27813357731015553
0.27879341864716634
0.27945205479452057
0.2801094890510949
0.28076572470373745
0.28065395095367845
0.2813067150635209
0.28195829555757024
0.2826086956521739
0.2832579185520362
0.28390596745027125
0.2845528455284553
0.2851985559566787
0.28584310189359785
0.2864864864864865
0.2871287128712871
0.28776978417266186
0.2884097035040431
0.289048473967684
0.2896860986547085
0.2903225806451613
0.2909579230080573
0.2847161572052402
0.28534031413612565
0.28596338273757627
0.2865853658536585
0.28720626631853785
0.28782608695652173
0.2884448305821025
0.2890625
0.2896790980052038
0.2902946273830156
0.2909090909090909
0.291522491349481
0.29213483146067415
0.2927461139896373
0.29335634167385677
0.2939655172413793
0.29457364341085274
0.29518072289156627
0.29578675838349094
0.2963917525773196
0.29699570815450643
0.29759862778730706
0.2982005141388175
0.299057412167952
0.2996575342465753
0.30025662959794697
0.30085470085470084
0.30145175064047824
0.30204778156996587
0.30264279624893436
0.303236797274276
0.3038297872340426
0.304421768707483
0.30501274426508074
0.30560271646859083
0.3064516129032258
0.3073005093378608
0.3081494057724958
0.3089983022071307
0.3098471986417657
0.3104325699745547
0.3112807463952502
0.31212892281594573
0.31297709923664124
0.3138252756573367
0.3146734520780322
0.3155216284987277
0.31636980491942324
0.31721798134011875
0.31806615776081426
0.3189143341815098
0.3197625106022053
0.32061068702290074
0.32145886344359625
0.32230703986429177
0.3231552162849873
0.3240033927056828
0.3248515691263783
0.3256997455470738
0.3265479219677693
0.3273960983884648
0.3282442748091603
0.3290924512298558
0.3299406276505513
0.33078880407124683
0.3313559322033898
0.331922099915326
0.33248730964467005
0.3330515638207946
0.33361486486486486
0.3341772151898734
0.33473861720067455
0.33529907329401853
0.33585858585858586
0.33641715727502103
0.3369747899159664
0.33753148614609574
0.33808724832214765
0.33864207879295893
0.3391959798994975
0.3397489539748954
0.3403010033444816
0.3408521303258145
0.34140233722871455
0.3419516263552961
0.3425
0.3430474604496253
0.34359400998336104
0.34413965087281795
0.3446843853820598
0.34522821576763485
0.34577114427860695
0.34631317315658655
0.3468543046357616
0.34739454094292804
0.34793388429752065
0.34847233691164325
0.349009900990099
0.3304754481683554
0.3309968847352025
0.3232169954476479
0.32397572078907433
0.32473444613050073
0.3254931714719272
0.3262518968133536
0.32701062215478
0.3277693474962064
0.3285280728376328
0.3292867981790592
0.3300455235204856
0.330804248861912
0.3315629742033384
0.3323216995447648
0.3330804248861912
0.3338391502276176
0.334597875569044
0.33510235026535257
0.33586050037907506
0.3366186504927976
0.3373768006065201
0.33813495072024263
0.3386363636363636
0.33913701741105223
0.33963691376701965
0.340393343419062
0.3411497730711044
0.34190620272314676
0.3426626323751891
0.3434190620272315
0.3441754916792738
0.34493192133131617
0.34568835098335854
0.3464447806354009
0.3472012102874433
0.34795763993948564
0.348714069591528
0.3492063492063492
0.34996220710506426
0.3507180650037793
0.35147392290249435
0.35222978080120937
0.3527190332326284
0.35320754716981134
0.3536953242835596
0.3541823662396383
0.3546686746987952
0.3551542513167795
0.3556390977443609
0.35612321562734783
0.3566066066066066
0.3570892723180795
0.3575712143928036
0.35805243445692886
0.35853293413173654
0.35901271503365745
0.35976065818997754
0.3605086013462977
0.3612565445026178
0.36200448765893795
0.36275243081525804
0.36350037397157814
0.3642483171278983
0.3649962602842184
0.36574420344053854
0.36649214659685864
0.36724008975317873
0.3679880329094989
0.368735976065819
0.36948391922213913
0.37023186237845923
0.3709798055347794
0.3717277486910995
0.3724756918474196
0.37322363500373973
0.3739715781600598
0.37471952131638
0.3754674644727001
0.37621540762902017
0.3769633507853403
0.3777112939416604
0.37845923709798057
0.3758339510748703
0.3765752409191994
0.37731653076352856
0.3780578206078577
0.3787991104521868
0.3795404002965159
0.38028169014084506
0.3810229799851742
0.38176426982950334
0.3825055596738325
0.3832468495181616
0.3839881393624907
1.0
1.0
1.0
1.0
1.0
1.0
1.0
1.0
1.0
1.0
1.0
1.0
1.0
1.0
1.0
1.0
1.0
1.0
1.0
1.0
1.0
1.0
1.0
1.0
1.0
1.0
1.0
1.0
1.0
1.0
1.0
1.0
1.0
1.0
1.0
1.0
1.0
1.0
1.0
1.0
1.0
1.0
1.0
1.0
1.0
1.0
1.0
1.0
1.0
1.0
1.0
1.0
1.0
1.0
1.0
1.0
1.0
1.0
1.0
1.0
1.0
1.0
1.0
1.0
1.0
1.0
1.0
1.0
1.0
1.0
1.0
1.0
1.0
1.0
1.0
1.0
1.0
1.0
1.0
1.0
1.0
1.0
1.0
1.0
1.0
1.0
1.0
1.0
1.0
1.0
1.0
1.0
1.0
1.0
1.0
1.0
1.0
1.0
1.0
1.0
1.0
1.0
1.0
1.0
1.0
1.0
1.0
1.0
1.0
1.0
1.0
1.0
1.0
1.0
1.0
1.0
1.0
1.0
1.0
1.0
1.0
1.0
1.0
1.0
1.0
1.0
1.0
1.0
1.0
1.0
1.0
1.0
1.0
1.0
1.0
1.0
1.0
1.0
1.0
1.0
1.0
1.0
1.0
1.0
1.0
1.0
1.0
1.0
1.0
1.0
1.0
1.0
1.0
1.0
1.0
1.0
1.0
1.0
1.0
1.0
1.0
1.0
1.0
1.0
1.0
1.0
1.0
1.0
1.0
1.0
1.0
1.0
1.0
1.0
1.0
1.0
1.0
1.0
1.0
1.0
1.0
1.0
1.0
1.0
1.0
1.0
1.0
1.0
1.0
1.0
1.0
1.0
1.0
1.0
1.0
1.0
1.0
1.0
1.0
1.0
1.0
1.0
1.0
1.0
1.0
1.0
1.0
1.0
1.0
1.0
1.0
1.0
1.0
1.0
1.0
1.0
1.0
1.0
1.0
1.0
1.0
1.0
1.0
1.0
1.0
1.0
1.0
1.0
1.0
1.0
1.0
1.0
1.0
1.0
1.0
1.0
1.0
1.0
1.0
1.0
1.0
1.0
1.0
1.0
1.0
1.0
1.0
1.0
1.0
1.0
1.0
1.0
1.0
1.0
1.0
1.0
1.0
1.0
1.0
1.0
1.0
1.0
1.0
1.0
1.0
1.0
1.0
1.0
1.0
1.0
1.0
1.0
1.0
1.0
1.0
1.0
1.0
1.0
1.0
1.0
1.0
1.0
1.0
1.0
1.0
1.0
1.0
1.0
1.0
1.0
1.0
1.0
1.0
1.0
1.0
1.0
1.0
1.0
1.0
1.0
1.0
1.0
1.0
1.0
1.0
1.0
1.0
1.0
1.0
1.0
1.0
1.0
1.0
1.0
1.0
1.0
1.0
1.0
1.0
1.0
1.0
1.0
1.0
1.0
1.0
1.0
1.0
1.0
1.0
1.0
1.0
1.0
1.0
1.0
1.0
1.0
1.0
1.0
1.0
1.0
1.0
1.0
1.0
1.0
1.0
1.0
1.0
1.0
1.0
1.0
1.0
1.0
1.0
1.0
1.0
1.0
1.0
1.0
1.0
1.0
1.0
1.0
1.0
1.0
1.0
1.0
1.0
1.0
1.0
1.0
1.0
1.0
1.0
1.0
1.0
1.0
1.0
1.0
1.0
1.0
1.0
1.0
1.0
1.0
1.0
1.0
1.0
1.0
1.0
1.0
1.0
1.0
1.0
1.0
1.0
1.0
1.0
1.0
1.0
1.0
1.0
1.0
1.0
1.0
1.0
1.0
1.0
1.0
1.0
1.0
1.0
1.0
1.0
1.0
1.0
1.0
1.0
1.0
1.0
1.0
1.0
1.0
1.0
1.0
1.0
1.0
1.0
1.0
1.0
1.0
1.0
1.0
1.0
1.0
1.0
1.0
1.0
1.0
1.0
1.0
1.0
1.0
1.0
1.0
1.0
1.0
1.0
1.0
1.0
1.0
1.0
1.0
1.0
1.0
1.0
1.0
1.0
0.9956521739130435
0.9978260869565218
1.0
1.0
1.0
1.0
1.0
1.0
1.0
1.0
1.0
1.0
1.0
1.0
1.0
1.0
0.4827586206896552
0.5172413793103449
0.5517241379310345
0.5862068965517241
0.6206896551724138
0.6551724137931034
0.6896551724137931
0.7241379310344828
0.7586206896551724
0.7666666666666667
0.7741935483870968
0.78125
0.7878787878787878
0.7941176470588235
0.8
0.8055555555555556
0.8108108108108109
0.8157894736842105
0.8205128205128205
0.825
0.8292682926829268
0.8333333333333334
0.8372093023255814
0.8409090909090909
0.8444444444444444
0.8478260869565217
0.851063829787234
0.8541666666666666
0.8571428571428571
0.86
0.8627450980392157
0.8653846153846154
0.8679245283018868
0.8703703703703703
0.8727272727272727
0.875
0.8771929824561403
0.8793103448275862
0.8813559322033898
0.8833333333333333
0.8852459016393442
0.8870967741935484
0.8888888888888888
0.890625
0.8923076923076924
0.8939393939393939
0.8955223880597015
0.8970588235294118
0.8985507246376812
0.9
0.9014084507042254
0.9027777777777778
0.9041095890410958
0.9054054054054054
0.9066666666666666
0.9078947368421053
0.9090909090909091
0.9102564102564102
0.9113924050632911
0.9125
0.9135802469135802
0.9146341463414634
0.9156626506024096
0.9166666666666666
0.9176470588235294
0.9186046511627907
0.9195402298850575
0.3176470588235294
0.3203125
0.3229571984435798
0.32684824902723736
0.33073929961089493
0.3346303501945525
0.33852140077821014
0.3424124513618677
0.3463035019455253
0.35019455252918286
0.35271317829457366
0.3552123552123552
0.3576923076923077
0.17669172932330826
0.17823639774859287
0.1797752808988764
0.18130841121495328
0.1828358208955224
0.18435754189944134
0.18587360594795538
0.18738404452690166
0.18888888888888888
0.19038817005545286
0.1918819188191882
0.19337016574585636
0.1948529411764706
0.1963302752293578
0.1978021978021978
0.19926873857404023
0.20072992700729927
0.20218579234972678
0.20363636363636364
0.20508166969147004
0.20652173913043478
0.20795660036166366
0.20938628158844766
0.21081081081081082
0.21223021582733814
0.21364452423698385
0.21505376344086022
0.21645796064400716
0.21785714285714286
0.2192513368983957
0.2206405693950178
0.22202486678507993
0.22340425531914893
0.2247787610619469
0.22614840989399293
0.2275132275132275
0.22887323943661972
0.23022847100175747
0.23157894736842105
0.2329246935201401
0.23426573426573427
0.2356020942408377
0.23693379790940766
0.2382608695652174
0.23958333333333334
0.24090121317157712
0.17434620174346202
0.17537313432835822
0.1763975155279503
0.1774193548387097
0.17843866171003717
0.17945544554455445
0.18046971569839307
0.1814814814814815
0.18249075215782984
0.1834975369458128
0.18450184501845018
0.1855036855036855
0.18650306748466258
0.1875
0.18849449204406366
0.18948655256723718
0.19047619047619047
0.19146341463414634
0.19244823386114496
0.19343065693430658
0.19441069258809235
0.1953883495145631
0.19636363636363635
0.1973365617433414
0.18283166109253066
0.18374164810690424
0.1846496106785317
0.18555555555555556
0.1864594894561598
0.18736141906873613
0.18826135105204872
0.18915929203539822
0.19005524861878453
0.19094922737306844
0.1918412348401323
0.19273127753303965
0.1936193619361936
0.1945054945054945
0.19538968166849616
0.1962719298245614
0.19715224534501644
0.19803063457330417
0.1989071038251366
0.19978165938864628
0.20065430752453653
0.20152505446623092
0.20239390642002175
0.20326086956521738
0.20412595005428882
0.1829622458857696
0.18375241779497098
0.18454106280193236
0.18532818532818532
0.18629343629343628
0.18725868725868725
0.18822393822393824
0.1891891891891892
0.19015444015444016
0.19111969111969113
0.1918997107039537
0.19286403085824494
0.19382835101253615
0.19479267116682739
0.19575699132111862
0.19672131147540983
0.197495183044316
0.19826756496631376
0.19903846153846153
0.19980787704130643
0.20057581573896352
0.20134228187919462
0.2021072796934866
0.20287081339712917
0.20363288718929254
0.2043935052531041
0.20515267175572519
0.20591039084842708
0.20666666666666667
0.20742150333016174
0.20817490494296578
0.20892687559354226
0.20967741935483872
0.2104265402843602
0.21117424242424243
0.2119205298013245
0.21266540642722118
0.21340887629839472
0.21415094339622642
0.21489161168708765
0.21563088512241055
0.21636876763875823
0.21710526315789475
0.21784037558685446
0.21857410881801126
0.21930646672914714
0.2200374531835206
0.2207670720299345
0.22149532710280373
0.2222222222222222
0.22294776119402984
0.22367194780987884
0.22439478584729983
0.22511627906976744
0.2258364312267658
0.2265552460538533
0.22727272727272727
0.22798887859128822
0.22870370370370371
0.2294172062904718
0.2301293900184843
0.23084025854108955
0.23154981549815498
0.23225806451612904
0.23296500920810312
0.23367065317387303
0.234375
0.23507805325987144
0.23577981651376148
0.23648029330889092
0.23717948717948717
0.23787740164684354
0.23857404021937842
0.23926940639269406
0.23996350364963503
0.2406563354603464
0.24134790528233152
0.24203821656050956
0.24272727272727274
0.24341507720254316
0.2441016333938294
0.24478694469628287
0.24547101449275363
0.24615384615384617
0.2468354430379747
0.24751580849141824
0.24819494584837545
0.24887285843101895
0.24954954954954955
0.2502250225022502
0.25089928057553956
0.25157232704402516
0.25224416517055653
0.25291479820627805
0.253584229390681
0.25425246195165624
0.2549194991055456
0.2555853440571939
0.25625
0.2569134701159679
0.25757575757575757
0.25823686553873554
0.25889679715302494
0.25955555555555554
0.2602131438721137
0.2608695652173913
0.26152482269503546
0.26217891939769705
0.2628318584070796
0.2634836427939876
0.26413427561837455
0.264783759929391
0.2654320987654321
0.26607929515418505
0.26672535211267606
0.2673702726473175
0.2680140597539543
0.26865671641791045
0.2692982456140351
0.26993865030674846
0.27057793345008757
0.27121609798775154
0.2718531468531469
0.2724890829694323
0.2731239092495637
0.2737576285963383
0.27439024390243905
0.2750217580504787
0.2756521739130435
0.27628149435273675
0.2769097222222222
0.2777777777777778
0.2786458333333333
0.2795138888888889
0.2803819444444444
0.28125
0.2821180555555556
0.2829861111111111
0.2838541666666667
0.2847222222222222
0.2855902777777778
0.2864583333333333
0.2873263888888889
0.2881944444444444
0.2890625
0.2899305555555556
0.2907986111111111
0.2916666666666667
0.2925347222222222
0.2934027777777778
0.2942708333333333
0.2951388888888889
0.2960069444444444
0.296875
0.2977430555555556
0.2986111111111111
0.2994791666666667
0.3003472222222222
0.3012152777777778
0.3020833333333333
0.3029513888888889
0.30355594102341715
0.304159445407279
0.3047619047619048
0.305363321799308
0.3059636992221262
0.3065630397236615
0.3071613459879206
0.3080241587575496
0.3088869715271786
0.3097497842968076
0.31061259706643657
0.3114754098360656
0.31233822260569455
0.31320103537532357
0.31406384814495253
0.31492666091458155
0.3157894736842105
0.3166522864538395
0.3175150992234685
0.3183779119930975
0.31924072476272647
0.3201035375323555
0.32096635030198445
0.32182916307161347
0.32269197584124243
0.32355478861087145
0.3244176013805004
0.3252804141501294
0.3261432269197584
0.3270060396893874
0.3275862068965517
0.3281653746770026
0.3287435456110155
0.32932072226999143
0.32989690721649484
0.33047210300429186
0.33104631217838765
0.3319039451114923
0.33276157804459694
0.33361921097770153
0.3344768439108062
0.3353344768439108
0.3361921097770154
0.33704974271012006
0.3379073756432247
0.33876500857632935
0.33962264150943394
0.3404802744425386
0.34133790737564323
0.3421955403087479
0.34305317324185247
0.3439108061749571
0.34476843910806176
0.34562607204116635
0.346483704974271
0.34734133790737565
0.3481989708404803
0.3490566037735849
0.34991423670668953
0.3507718696397942
0.3516295025728988
0.3524871355060034
0.35334476843910806
0.3542024013722127
0.35506003430531735
0.35591766723842194
0.3567753001715266
0.35763293310463123
0.3584905660377358
0.35934819897084047
0.3602058319039451
0.36106346483704976
0.36192109777015435
0.362778730703259
0.36363636363636365
0.3644939965694683
0.3653516295025729
0.36620926243567753
0.3667523564695801
0.3672945205479452
0.3681506849315068
0.3690068493150685
0.3698630136986301
0.3707191780821918
0.3712574850299401
0.3717948717948718
0.37233134073441504
0.3728668941979522
0.3734015345268542
0.3739352640545145
0.37446808510638296
0.375
0.37553101104502973
0.3760611205432937
0.37659033078880405
0.3771186440677966
0.37764606265876377
0.37817258883248733
0.378698224852071
0.37922297297297297
0.379746835443038
0.3802698145025295
0.38079191238416177
0.3813131313131313
0.38183347350714886
0.38235294117647056
0.38287153652392947
0.38338926174496646
1.0
1.0
1.0
1.0
1.0
1.0
1.0
1.0
1.0
1.0
1.0
1.0
1.0
1.0
1.0
1.0
1.0
1.0
1.0
1.0
1.0
1.0
1.0
1.0
1.0
1.0
1.0
1.0
1.0
1.0
1.0
1.0
1.0
1.0
1.0
1.0
1.0
1.0
1.0
1.0
1.0
1.0
1.0
1.0
1.0
1.0
1.0
1.0
1.0
1.0
1.0
1.0
1.0
1.0
1.0
1.0
1.0
1.0
1.0
1.0
1.0
1.0
1.0
1.0
1.0
1.0
1.0
1.0
1.0
1.0
1.0
1.0
1.0
1.0
1.0
1.0
1.0
1.0
1.0
1.0
1.0
1.0
1.0
1.0
1.0
1.0
1.0
1.0
1.0
1.0
1.0
1.0
1.0
1.0
1.0
1.0
1.0
1.0
1.0
1.0
1.0
1.0
1.0
1.0
1.0
1.0
1.0
1.0
1.0
1.0
1.0
1.0
1.0
1.0
1.0
1.0
1.0
1.0
1.0
1.0
1.0
1.0
1.0
1.0
1.0
1.0
1.0
1.0
1.0
1.0
1.0
1.0
1.0
1.0
1.0
1.0
1.0
1.0
1.0
1.0
1.0
1.0
1.0
1.0
1.0
1.0
1.0
1.0
1.0
1.0
1.0
1.0
1.0
1.0
1.0
1.0
1.0
1.0
1.0
1.0
1.0
1.0
1.0
1.0
1.0
1.0
1.0
1.0
1.0
1.0
1.0
1.0
1.0
1.0
1.0
1.0
1.0
1.0
1.0
1.0
1.0
1.0
1.0
1.0
1.0
1.0
1.0
1.0
1.0
1.0
1.0
1.0
1.0
1.0
1.0
1.0
1.0
1.0
0.15865384615384615
0.16267942583732056
0.16666666666666666
0.17142857142857143
0.1761904761904762
0.18095238095238095
0.1848341232227488
0.18867924528301888
0.19248826291079812
0.19626168224299065
0.2
0.2037037037037037
0.2
0.20444444444444446
0.2079646017699115
0.21238938053097345
0.2168141592920354
0.22123893805309736
0.22566371681415928
0.2290748898678414
0.23348017621145375
0.23788546255506607
0.2422907488986784
0.24669603524229075
0.2511013215859031
0.2555066079295154
0.2599118942731278
0.2643171806167401
0.2687224669603524
0.27312775330396477
0.2775330396475771
0.28193832599118945
0.28634361233480177
0.2907488986784141
0.29515418502202645
0.2982456140350877
0.30131004366812225
0.30434782608695654
0.30735930735930733
0.3103448275862069
0.3133047210300429
0.3162393162393162
0.3191489361702128
0.3220338983050847
0.32489451476793246
0.3277310924369748
0.3185483870967742
0.3225806451612903
0.32661290322580644
0.33064516129032256
0.3346774193548387
0.3387096774193548
0.3413654618473896
0.3453815261044177
0.348
0.350597609561753
0.3545816733067729
0.35856573705179284
0.36254980079681276
0.36507936507936506
0.3675889328063241
0.3700787401574803
0.37254901960784315
0.375
0.37890625
0.3828125
0.38671875
0.390625
0.39453125
0.3984375
0.40234375
0.40625
0.41015625
0.4140625
0.41796875
0.421875
0.42578125
0.4296875
0.43359375
0.4375
0.44140625
0.4453125
0.44921875
0.453125
0.45703125
0.4609375
0.46484375
0.46875
0.47265625
0.4765625
0.48046875
0.484375
0.48828125
0.4921875
0.49609375
0.5
0.50390625
0.5078125
0.51171875
0.515625
0.51953125
0.5214007782101168
0.5232558139534884
0.525096525096525
0.5269230769230769
0.5287356321839081
0.5305343511450382
0.532319391634981
0.5340909090909091
0.4896551724137931
0.49310344827586206
0.496551724137931
0.5
0.503448275862069
0.506896551724138
0.5103448275862069
0.5137931034482759
0.5172413793103449
0.5206896551724138
0.5241379310344828
0.5275862068965518
0.5310344827586206
0.5344827586206896
0.5379310344827586
0.5413793103448276
0.5448275862068965
0.5482758620689655
0.5517241379310345
0.5551724137931034
0.5586206896551724
0.5620689655172414
0.5655172413793104
0.5689655172413793
0.5724137931034483
0.5758620689655173
1.0
1.0
1.0
1.0
1.0
1.0
1.0
1.0
1.0
1.0
1.0
1.0
0.4642857142857143
0.5
0.5357142857142857
0.5714285714285714
0.6071428571428571
0.6428571428571429
0.6785714285714286
0.7142857142857143
0.75
0.7586206896551724
0.7666666666666667
0.7741935483870968
0.78125
0.7878787878787878
0.7941176470588235
0.8
0.8055555555555556
0.8108108108108109
0.8157894736842105
0.8205128205128205
0.825
0.8292682926829268
0.8333333333333334
0.8372093023255814
0.8409090909090909
0.8444444444444444
0.8478260869565217
0.851063829787234
0.8541666666666666
0.8571428571428571
0.86
0.8627450980392157
0.8653846153846154
0.8679245283018868
0.8703703703703703
0.8727272727272727
0.875
0.8771929824561403
0.8793103448275862
0.8813559322033898
0.8833333333333333
0.8852459016393442
0.8870967741935484
0.25
0.25333333333333335
0.25663716814159293
0.2599118942731278
0.2631578947368421
0.2663755458515284
0.26956521739130435
0.2727272727272727
0.27586206896551724
0.27896995708154504
0.28205128205128205
0.2851063829787234
0.288135593220339
0.2911392405063291
0.29411764705882354
0.29707112970711297
0.3
0.3029045643153527
0.30578512396694213
0.30864197530864196
0.3114754098360656
0.3142857142857143
0.3170731707317073
0.31983805668016196
0.3225806451612903
0.3253012048192771
0.328
0.33067729083665337
0.3333333333333333
0.3359683794466403
0.33858267716535434
0.3411764705882353
0.34375
0.3463035019455253
0.3488372093023256
0.35135135135135137
0.35384615384615387
0.3563218390804598
0.35877862595419846
0.3612167300380228
0.36363636363636365
0.3660377358490566
0.3684210526315789
0.3707865168539326
0.373134328358209
0.3754646840148699
0.37777777777777777
0.3800738007380074
0.38235294117647056
0.38461538461538464
0.38686131386861317
0.3890909090909091
0.391304347826087
0.3935018050541516
0.39568345323741005
0.3978494623655914
0.4
0.40213523131672596
0.40425531914893614
0.40636042402826855
0.4084507042253521
0.4105263157894737
0.4125874125874126
0.4146341463414634
0.4166666666666667
0.4186851211072664
0.4206896551724138
0.422680412371134
0.4246575342465753
0.42662116040955633
0.42857142857142855
0.43050847457627117
0.43243243243243246
0.43434343434343436
0.248565965583174
0.25
0.25142857142857145
0.25285171102661597
0.25426944971537
0.2556818181818182
0.2570888468809074
0.25849056603773585
0.2598870056497175
0.26127819548872183
0.2626641651031895
0.2640449438202247
0.26542056074766357
0.2667910447761194
0.2681564245810056
0.2695167286245353
0.27087198515769945
0.2722222222222222
0.2735674676524954
0.27490774907749077
0.27624309392265195
0.2775735294117647
0.27889908256880735
0.2802197802197802
0.28153564899451555
0.28284671532846717
0.28415300546448086
0.28545454545454546
0.2867513611615245
0.28804347826086957
0.28933092224231466
0.29061371841155237
0.2918918918918919
0.2931654676258993
0.29443447037701975
0.2956989247311828
0.29695885509839
0.2982142857142857
0.2994652406417112
0.30071174377224197
0.3019538188277087
0.30319148936170215
0.30442477876106194
0.30565371024734983
0.30687830687830686
0.30809859154929575
0.3093145869947276
0.3105263157894737
0.3117338003502627
0.3129370629370629
0.31413612565445026
0.3153310104529617
0.3165217391304348
0.3177083333333333
0.3188908145580589
0.32006920415224915
0.32124352331606215
0.32241379310344825
0.25133689839572193
0.2523364485981308
0.25333333333333335
0.25432756324900135
0.2553191489361702
0.25630810092961487
0.2572944297082228
0.2582781456953642
0.25925925925925924
0.26023778071334214
0.2612137203166227
0.25126262626262624
0.25220680958385877
0.2531486146095718
0.2540880503144654
0.2550251256281407
0.2559598494353827
0.2568922305764411
0.25782227784730916
0.25875
0.2596754057428215
0.26059850374064836
0.2441860465116279
0.2450638792102207
0.2459396751740139
0.24681344148319814
0.24768518518518517
0.24855491329479767
0.24942263279445728
0.2502883506343714
0.2511520737327189
0.2520138089758343
0.25287356321839083
0.2537313432835821
0.2545871559633027
0.2554410080183276
0.2562929061784897
0.2571428571428571
0.2579908675799087
0.2588369441277081
0.25968109339407747
0.2605233219567691
0.26136363636363635
0.26220204313280365
0.26303854875283444
0.2638731596828992
0.2647058823529412
0.2655367231638418
0.26636568848758463
0.26719278466741825
0.268018018018018
0.2688413948256468
0.2696629213483146
0.27048260381593714
0.2713004484304933
0.2721164613661814
0.27293064876957496
0.2737430167597765
0.27455357142857145
0.2753623188405797
0.27616926503340755
0.27697441601779754
0.2777777777777778
0.2785793562708102
0.2793791574279379
0.28017718715393136
0.2809734513274336
0.281767955801105
0.282560706401766
0.28335170893054024
0.2841409691629956
0.28492849284928495
0.2857142857142857
0.2864983534577388
0.28728070175438597
0.28806133625410735
0.27132579650565264
0.2720739219712526
0.27282051282051284
0.2735655737704918
0.2743091095189355
0.27505112474437626
0.27579162410623087
0.27653061224489794
0.27726809378185524
0.2780040733197556
0.2787385554425229
0.27947154471544716
0.2802030456852792
0.28093306288032455
0.281661600810537
0.2823886639676113
0.28311425682507585
0.28383838383838383
0.28456104944500504
0.2852822580645161
0.28600201409869086
0.28672032193158953
0.28743718592964823
0.2674743709226468
0.2681564245810056
0.2688372093023256
0.2695167286245353
0.27019498607242337
0.27087198515769945
0.2707948243992606
0.27146814404432135
0.272140221402214
0.2728110599078341
0.27348066298342544
0.27414903403863844
0.27481617647058826
0.27548209366391185
0.2761467889908257
0.2768102658111824
0.2774725274725275
0.27813357731015553
0.27879341864716634
0.27945205479452057
0.2801094890510949
0.28076572470373745
0.28065395095367845
0.2813067150635209
0.28195829555757024
0.2826086956521739
0.2832579185520362
0.28390596745027125
0.2845528455284553
0.2851985559566787
0.28584310189359785
0.2864864864864865
0.2871287128712871
0.28776978417266186
0.2884097035040431
0.289048473967684
0.2896860986547085
0.2903225806451613
0.2909579230080573
0.2847161572052402
0.28534031413612565
0.28596338273757627
0.2865853658536585
0.28720626631853785
0.28782608695652173
0.2884448305821025
0.2890625
0.2896790980052038
0.2902946273830156
0.2909090909090909
0.291522491349481
0.29213483146067415
0.2927461139896373
0.29335634167385677
0.2939655172413793
0.29457364341085274
0.29518072289156627
0.29578675838349094
0.2963917525773196
0.29699570815450643
0.29759862778730706
0.2982005141388175
0.299057412167952
0.2996575342465753
0.30025662959794697
0.30085470085470084
0.30145175064047824
0.30204778156996587
0.30264279624893436
0.303236797274276
0.3038297872340426
0.304421768707483
0.30501274426508074
0.30560271646859083
0.3064516129032258
0.3073005093378608
0.3081494057724958
0.3089983022071307
0.3098471986417657
0.3104325699745547
0.3112807463952502
0.31212892281594573
0.31297709923664124
0.3138252756573367
0.3146734520780322
0.3155216284987277
0.31636980491942324
0.31721798134011875
0.31806615776081426
0.3189143341815098
0.3197625106022053
0.32061068702290074
0.32145886344359625
0.32230703986429177
0.3231552162849873
0.3240033927056828
0.3248515691263783
0.3256997455470738
0.3265479219677693
0.3273960983884648
0.3282442748091603
0.3290924512298558
0.3299406276505513
0.33078880407124683
0.3313559322033898
0.331922099915326
0.33248730964467005
0.3330515638207946
0.33361486486486486
0.3341772151898734
0.33473861720067455
0.33529907329401853
0.33585858585858586
0.33641715727502103
0.3369747899159664
0.33753148614609574
0.33808724832214765
0.33864207879295893
0.3391959798994975
0.3397489539748954
0.3403010033444816
0.3408521303258145
0.34140233722871455
0.3419516263552961
0.3425
0.3430474604496253
0.34359400998336104
0.34413965087281795
0.3446843853820598
0.34522821576763485
0.34577114427860695
0.34631317315658655
0.3468543046357616
0.34739454094292804
0.34793388429752065
0.34847233691164325
0.349009900990099
0.3304754481683554
0.3309968847352025
0.32895752895752894
0.32972972972972975
0.3305019305019305
0.3312741312741313
0.33204633204633205
0.3328185328185328
0.3335907335907336
0.33436293436293435
0.33513513513513515
0.3359073359073359
0.3366795366795367
0.3288186606471031
0.3295711060948081
0.3303235515425132
0.3310759969902182
0.33182844243792325
0.3325808878856283
0.3333333333333333
0.3340857787810384
0.33483822422874343
0.33559066967644846
0.3363431151241535
0.3370955605718585
0.3378480060195636
0.33860045146726864
0.33935289691497367
0.3401053423626787
0.3406015037593985
0.34135338345864663
0.34210526315789475
0.34285714285714286
0.343609022556391
0.3441021788129226
0.34459459459459457
0.34508627156789196
0.34583645911477867
0.34658664666166544
0.34733683420855216
0.3480870217554389
0.3488372093023256
0.3495873968492123
0.350337584396099
0.35108777194298574
0.35183795948987245
0.35258814703675917
0.3533383345836459
0.35408852213053266
0.3545727136431784
0.3553223388305847
0.356071964017991
0.3568215892053973
0.3575712143928036
0.35805243445692886
0.35853293413173654
0.35901271503365745
0.35949177877429
0.35997012696041825
0.3604477611940298
0.36092468307233405
0.36140089418777943
0.3618763961280715
0.36235119047619047
0.36282527881040894
0.36329866270430905
0.3637713437268003
0.3642433234421365
0.3649851632047478
0.36572700296735905
0.3664688427299703
0.3672106824925816
0.36795252225519287
0.36869436201780414
0.3694362017804154
0.3701780415430267
0.37091988130563797
0.37166172106824924
0.3724035608308605
0.3731454005934718
0.37388724035608306
0.37462908011869434
0.37537091988130566
0.37611275964391694
0.3768545994065282
0.3775964391691395
0.37833827893175076
0.37908011869436203
0.3798219584569733
0.3805637982195846
0.38130563798219586
0.38204747774480713
0.3827893175074184
0.3835311572700297
0.3839881393624907
1.0
1.0
1.0
1.0
1.0
1.0
1.0
1.0
1.0
1.0
1.0
1.0
1.0
0.4827586206896552
0.5172413793103449
0.5517241379310345
0.5862068965517241
0.6206896551724138
0.6551724137931034
0.6896551724137931
0.7241379310344828
0.7586206896551724
0.7666666666666667
0.7741935483870968
0.78125
0.7878787878787878
0.7941176470588235
0.8
0.8055555555555556
0.8108108108108109
0.8157894736842105
0.8205128205128205
0.825
0.8292682926829268
0.8333333333333334
0.8372093023255814
0.8409090909090909
0.8444444444444444
0.8478260869565217
0.851063829787234
0.8541666666666666
0.8571428571428571
0.86
0.8627450980392157
0.8653846153846154
0.8679245283018868
0.8703703703703703
0.8727272727272727
0.875
0.8771929824561403
0.8793103448275862
0.8813559322033898
0.8833333333333333
0.8852459016393442
0.8870967741935484
0.8888888888888888
0.890625
0.8923076923076924
0.8939393939393939
0.8955223880597015
0.8970588235294118
0.8985507246376812
0.9
0.9014084507042254
0.9027777777777778
0.9041095890410958
0.9054054054054054
0.9066666666666666
0.9078947368421053
0.9090909090909091
0.9102564102564102
0.9113924050632911
0.9125
0.9135802469135802
0.9146341463414634
0.9156626506024096
0.9166666666666666
0.9176470588235294
0.9186046511627907
0.9195402298850575
0.3176470588235294
0.3203125
0.3229571984435798
0.32684824902723736
0.33073929961089493
0.3346303501945525
0.33852140077821014
0.3424124513618677
0.3463035019455253
0.35019455252918286
0.35271317829457366
0.3552123552123552
0.3576923076923077
0.17669172932330826
0.17823639774859287
0.1797752808988764
0.18130841121495328
0.1828358208955224
0.18435754189944134
0.18587360594795538
0.18738404452690166
0.18888888888888888
0.19038817005545286
0.1918819188191882
0.19337016574585636
0.1948529411764706
0.1963302752293578
0.1978021978021978
0.19926873857404023
0.20072992700729927
0.20218579234972678
0.20363636363636364
0.20508166969147004
0.20652173913043478
0.20795660036166366
0.20938628158844766
0.21081081081081082
0.21223021582733814
0.21364452423698385
0.21505376344086022
0.21645796064400716
0.21785714285714286
0.2192513368983957
0.2206405693950178
0.22202486678507993
0.22340425531914893
0.2247787610619469
0.22614840989399293
0.2275132275132275
0.22887323943661972
0.23022847100175747
0.23157894736842105
0.2329246935201401
0.23426573426573427
0.2356020942408377
0.23693379790940766
0.2382608695652174
0.23958333333333334
0.24090121317157712
0.17434620174346202
0.17537313432835822
0.1763975155279503
0.1774193548387097
0.17843866171003717
0.17945544554455445
0.18046971569839307
0.1814814814814815
0.18249075215782984
0.1834975369458128
0.18450184501845018
0.1855036855036855
0.18650306748466258
0.1875
0.18849449204406366
0.18948655256723718
0.19047619047619047
0.19146341463414634
0.19244823386114496
0.19343065693430658
0.19441069258809235
0.1953883495145631
0.19636363636363635
0.1973365617433414
0.18283166109253066
0.18374164810690424
0.1846496106785317
0.18555555555555556
0.1864594894561598
0.18736141906873613
0.18826135105204872
0.18915929203539822
0.19005524861878453
0.19094922737306844
0.1918412348401323
0.19273127753303965
0.1936193619361936
0.1945054945054945
0.19538968166849616
0.1962719298245614
0.19715224534501644
0.19803063457330417
0.1989071038251366
0.19978165938864628
0.20065430752453653
0.20152505446623092
0.20239390642002175
0.20326086956521738
0.20412595005428882
0.1829622458857696
0.18375241779497098
0.18454106280193236
0.18532818532818532
0.18629343629343628
0.18725868725868725
0.18822393822393824
0.1891891891891892
0.19015444015444016
0.19111969111969113
0.1918997107039537
0.19286403085824494
0.19382835101253615
0.19479267116682739
0.19575699132111862
0.19672131147540983
0.197495183044316
0.19826756496631376
0.19903846153846153
0.19980787704130643
0.20057581573896352
0.20134228187919462
0.2021072796934866
0.20287081339712917
0.20363288718929254
0.2043935052531041
0.20515267175572519
0.20591039084842708
0.20666666666666667
0.20742150333016174
0.20817490494296578
0.20892687559354226
0.20967741935483872
0.2104265402843602
0.21117424242424243
0.2119205298013245
0.21266540642722118
0.21340887629839472
0.21415094339622642
0.21489161168708765
0.21563088512241055
0.21636876763875823
0.21710526315789475
0.21784037558685446
0.21857410881801126
0.21930646672914714
0.2200374531835206
0.2207670720299345
0.22149532710280373
0.2222222222222222
0.22294776119402984
0.22367194780987884
0.22439478584729983
0.22511627906976744
0.2258364312267658
0.2265552460538533
0.22727272727272727
0.22798887859128822
0.22870370370370371
0.2294172062904718
0.2301293900184843
0.23084025854108955
0.23154981549815498
0.23225806451612904
0.23296500920810312
0.23367065317387303
0.234375
0.23507805325987144
0.23577981651376148
0.23648029330889092
0.23717948717948717
0.23787740164684354
0.23857404021937842
0.23926940639269406
0.23996350364963503
0.2406563354603464
0.24134790528233152
0.24203821656050956
0.24272727272727274
0.24341507720254316
0.2441016333938294
0.24478694469628287
0.24547101449275363
0.24615384615384617
0.2468354430379747
0.24751580849141824
0.24819494584837545
0.24887285843101895
0.24954954954954955
0.2502250225022502
0.25089928057553956
0.25157232704402516
0.25224416517055653
0.25291479820627805
0.253584229390681
0.25425246195165624
0.2549194991055456
0.2555853440571939
0.25625
0.2569134701159679
0.25757575757575757
0.25823686553873554
0.25889679715302494
0.25955555555555554
0.2602131438721137
0.2608695652173913
0.26152482269503546
0.26217891939769705
0.2628318584070796
0.2634836427939876
0.26413427561837455
0.264783759929391
0.2654320987654321
0.26607929515418505
0.26672535211267606
0.2673702726473175
0.2680140597539543
0.26865671641791045
0.2692982456140351
0.26993865030674846
0.27057793345008757
0.27121609798775154
0.2718531468531469
0.2724890829694323
0.2731239092495637
0.2737576285963383
0.27439024390243905
0.2750217580504787
0.2756521739130435
0.27628149435273675
0.2769097222222222
0.2777777777777778
0.2786458333333333
0.2795138888888889
0.2803819444444444
0.28125
0.2821180555555556
0.2829861111111111
0.2838541666666667
0.2847222222222222
0.2855902777777778
0.2864583333333333
0.2873263888888889
0.2881944444444444
0.2890625
0.2899305555555556
0.2907986111111111
0.2916666666666667
0.2925347222222222
0.2934027777777778
0.2942708333333333
0.2951388888888889
0.2960069444444444
0.296875
0.2977430555555556
0.2986111111111111
0.2994791666666667
0.3003472222222222
0.3012152777777778
0.3020833333333333
0.3029513888888889
0.30355594102341715
0.304159445407279
0.3047619047619048
0.305363321799308
0.3059636992221262
0.3065630397236615
0.3071613459879206
0.3080241587575496
0.3088869715271786
0.3097497842968076
0.31061259706643657
0.3114754098360656
0.31233822260569455
0.31320103537532357
0.31406384814495253
0.31492666091458155
0.3157894736842105
0.3166522864538395
0.3175150992234685
0.3183779119930975
0.31924072476272647
0.3201035375323555
0.32096635030198445
0.32182916307161347
0.32269197584124243
0.32355478861087145
0.3244176013805004
0.3252804141501294
0.3261432269197584
0.3270060396893874
0.3275862068965517
0.3281653746770026
0.3287435456110155
0.32932072226999143
0.32989690721649484
0.33047210300429186
0.33104631217838765
0.3319039451114923
0.33276157804459694
0.33361921097770153
0.3344768439108062
0.3353344768439108
0.3361921097770154
0.33704974271012006
0.3379073756432247
0.33876500857632935
0.33962264150943394
0.3404802744425386
0.34133790737564323
0.3421955403087479
0.34305317324185247
0.3439108061749571
0.34476843910806176
0.34562607204116635
0.346483704974271
0.34734133790737565
0.3481989708404803
0.3490566037735849
0.34991423670668953
0.3507718696397942
0.3516295025728988
0.3524871355060034
0.35334476843910806
0.3542024013722127
0.35506003430531735
0.35591766723842194
0.3567753001715266
0.35763293310463123
0.3584905660377358
0.35934819897084047
0.3602058319039451
0.36106346483704976
0.36192109777015435
0.362778730703259
0.36363636363636365
0.3644939965694683
0.3653516295025729
0.36620926243567753
0.3667523564695801
0.3672945205479452
0.3681506849315068
0.3690068493150685
0.3698630136986301
0.3707191780821918
0.3712574850299401
0.3717948717948718
0.37233134073441504
0.3728668941979522
0.3734015345268542
0.3739352640545145
0.37446808510638296
0.375
0.37553101104502973
0.3760611205432937
0.37659033078880405
0.3771186440677966
0.37764606265876377
0.37817258883248733
0.378698224852071
0.37922297297297297
0.379746835443038
0.3802698145025295
0.38079191238416177
0.3813131313131313
0.38183347350714886
0.38235294117647056
0.38287153652392947
0.38338926174496646
1.0
1.0
1.0
1.0
1.0
1.0
1.0
1.0
1.0
1.0
1.0
1.0
1.0
1.0
1.0
1.0
1.0
1.0
1.0
1.0
1.0
1.0
1.0
1.0
1.0
1.0
1.0
1.0
1.0
1.0
1.0
1.0
0.15865384615384615
0.16267942583732056
0.16666666666666666
0.17142857142857143
0.1761904761904762
0.18095238095238095
0.1848341232227488
0.18867924528301888
0.19248826291079812
0.19626168224299065
0.2
0.2037037037037037
0.2
0.20444444444444446
0.2079646017699115
0.21238938053097345
0.2168141592920354
0.22123893805309736
0.22566371681415928
0.2290748898678414
0.23348017621145375
0.23788546255506607
0.2422907488986784
0.24669603524229075
0.2511013215859031
0.2555066079295154
0.2599118942731278
0.2643171806167401
0.2687224669603524
0.27312775330396477
0.2775330396475771
0.28193832599118945
0.28634361233480177
0.2907488986784141
0.29515418502202645
0.2982456140350877
0.30131004366812225
0.30434782608695654
0.30735930735930733
0.3103448275862069
0.3133047210300429
0.3162393162393162
0.3191489361702128
0.3220338983050847
0.32489451476793246
0.3277310924369748
0.3185483870967742
0.3225806451612903
0.32661290322580644
0.33064516129032256
0.3346774193548387
0.3387096774193548
0.3413654618473896
0.3453815261044177
0.348
0.350597609561753
0.3545816733067729
0.35856573705179284
0.36254980079681276
0.36507936507936506
0.3675889328063241
0.3700787401574803
0.37254901960784315
0.375
0.37890625
0.3828125
0.38671875
0.390625
0.39453125
0.3984375
0.40234375
0.40625
0.41015625
0.4140625
0.41796875
0.421875
0.42578125
0.4296875
0.43359375
0.4375
0.44140625
0.4453125
0.44921875
0.453125
0.45703125
0.4609375
0.46484375
0.46875
0.47265625
0.4765625
0.48046875
0.484375
0.48828125
0.4921875
0.49609375
0.5
0.50390625
0.5078125
0.51171875
0.515625
0.51953125
0.5214007782101168
0.5232558139534884
0.525096525096525
0.5269230769230769
0.5287356321839081
0.5305343511450382
0.532319391634981
0.5340909090909091
0.4896551724137931
0.49310344827586206
0.496551724137931
0.5
0.503448275862069
0.506896551724138
0.5103448275862069
0.5137931034482759
0.5172413793103449
0.5206896551724138
0.5241379310344828
0.5275862068965518
0.5310344827586206
0.5344827586206896
0.5379310344827586
0.5413793103448276
0.5448275862068965
0.5482758620689655
0.5517241379310345
0.5551724137931034
0.5586206896551724
0.5620689655172414
0.5655172413793104
0.5689655172413793
0.5724137931034483
0.5758620689655173
1.0
1.0
1.0
1.0
1.0
1.0
1.0
1.0
1.0
1.0
1.0
1.0
1.0
1.0
1.0
1.0
1.0
1.0
1.0
1.0
1.0
1.0
1.0
1.0
1.0
1.0
1.0
1.0
1.0
1.0
1.0
1.0
1.0
1.0
1.0
1.0
1.0
1.0
1.0
1.0
1.0
1.0
1.0
1.0
1.0
1.0
1.0
1.0
1.0
1.0
1.0
1.0
1.0
1.0
1.0
1.0
1.0
1.0
1.0
