1.0
1.0
1.0
1.0
1.0
1.0
1.0
1.0
1.0
1.0
1.0
1.0
1.0
1.0
1.0
1.0
1.0
1.0
1.0
1.0
1.0
1.0
1.0
1.0
1.0
1.0
1.0
1.0
1.0
1.0
1.0
1.0
1.0
1.0
1.0
1.0
1.0
1.0
1.0
1.0
1.0
1.0
1.0
1.0
1.0
0.2658959537572254
0.27011494252873564
0.2742857142857143
0.2784090909090909
0.2824858757062147
0.28651685393258425
0.2905027932960894
0.29444444444444445
0.2983425414364641
0.3021978021978022
0.30601092896174864
0.30978260869565216
0.22745098039215686
0.23046875
0.23346303501945526
0.2364341085271318
0.23938223938223938
0.2423076923076923
0.24521072796934865
0.2480916030534351
0.2509505703422053
0.2537878787878788
0.25660377358490566
0.2593984962406015
0.26217228464419473
0.26492537313432835
0.26765799256505574
0.27037037037037037
0.2730627306273063
0.2757352941176471
0.2783882783882784
0.28102189781021897
0.28363636363636363
0.286231884057971
0.2888086642599278
0.29136690647482016
0.2939068100358423
0.29642857142857143
0.298932384341637
0.30141843971631205
0.303886925795053
0.30633802816901406
0.3087719298245614
0.12447552447552447
0.1258741258741259
0.12727272727272726
0.12867132867132866
0.13006993006993006
0.13146853146853146
0.13286713286713286
0.13426573426573427
0.13566433566433567
0.13706293706293707
0.13846153846153847
0.13986013986013987
0.14125874125874127
0.14265734265734265
0.14405594405594405
0.14545454545454545
0.14685314685314685
0.14825174825174825
0.14965034965034965
0.15104895104895105
0.15244755244755245
0.15384615384615385
0.15524475524475526
0.15664335664335666
0.15804195804195803
0.15944055944055943
0.16083916083916083
0.16223776223776223
0.16363636363636364
0.16503496503496504
0.16643356643356644
0.16783216783216784
0.16923076923076924
0.17062937062937064
0.17202797202797201
0.17342657342657342
0.17482517482517482
0.17622377622377622
0.17762237762237762
0.17902097902097902
0.18041958041958042
0.18181818181818182
0.18321678321678322
0.18461538461538463
0.18601398601398603
0.1874125874125874
0.1888111888111888
0.1902097902097902
0.1916083916083916
0.193006993006993
0.1944055944055944
0.1958041958041958
0.1972027972027972
0.1986013986013986
0.2
0.2013986013986014
0.20279720279720279
0.2041958041958042
0.2055944055944056
0.206993006993007
0.2083916083916084
0.2097902097902098
0.2111888111888112
0.2125874125874126
0.213986013986014
0.2153846153846154
0.21678321678321677
0.21818181818181817
0.21958041958041957
0.22097902097902097
0.22237762237762237
0.22377622377622378
0.22517482517482518
0.22657342657342658
0.22797202797202798
0.22937062937062938
0.23076923076923078
0.23216783216783216
0.23356643356643356
0.23496503496503496
0.23636363636363636
0.23776223776223776
0.23916083916083916
0.24055944055944056
0.24195804195804196
0.24335664335664337
0.24475524475524477
0.24615384615384617
0.24755244755244754
0.24895104895104894
0.25034965034965034
0.2517482517482518
0.25314685314685315
0.2545454545454545
0.25594405594405595
0.2573426573426573
0.25874125874125875
0.2601398601398601
0.26153846153846155
0.2629370629370629
0.26433566433566436
0.26573426573426573
0.26713286713286716
0.26853146853146853
0.2699300699300699
0.27132867132867133
0.2727272727272727
0.27412587412587414
0.2755244755244755
0.27692307692307694
0.2783216783216783
0.27972027972027974
0.2811188811188811
0.28251748251748254
0.2839160839160839
0.2853146853146853
0.2867132867132867
0.2881118881118881
0.2895104895104895
0.2909090909090909
0.2923076923076923
0.2937062937062937
0.2951048951048951
0.2965034965034965
0.29790209790209793
0.2993006993006993
0.3006993006993007
0.3020979020979021
0.3034965034965035
0.3048951048951049
0.3062937062937063
0.3076923076923077
0.3090909090909091
0.3104895104895105
0.3118881118881119
0.3132867132867133
0.3146853146853147
0.31608391608391606
0.3174825174825175
0.31888111888111886
0.3202797202797203
0.32167832167832167
0.3230769230769231
0.32447552447552447
0.3258741258741259
0.32727272727272727
0.32867132867132864
0.3300699300699301
0.33146853146853145
0.3328671328671329
0.33426573426573425
0.3356643356643357
0.33706293706293705
0.3384615384615385
0.33986013986013985
0.3412587412587413
0.34265734265734266
0.34405594405594403
0.34545454545454546
0.34685314685314683
0.34825174825174826
0.34965034965034963
0.35104895104895106
0.35244755244755244
0.35384615384615387
0.35524475524475524
0.35664335664335667
0.35804195804195804
0.3594405594405594
0.36083916083916084
0.3622377622377622
0.36363636363636365
0.365034965034965
0.36643356643356645
0.3678321678321678
0.36923076923076925
0.3706293706293706
0.37202797202797205
0.3734265734265734
0.3748251748251748
0.37622377622377623
0.3776223776223776
0.37902097902097903
0.3804195804195804
0.38181818181818183
0.3832167832167832
0.38461538461538464
0.386013986013986
0.38741258741258744
0.3888111888111888
0.3902097902097902
0.3916083916083916
0.393006993006993
0.3944055944055944
0.3958041958041958
0.3972027972027972
0.3986013986013986
0.4
0.4013986013986014
0.4027972027972028
0.4041958041958042
0.40559440559440557
0.406993006993007
0.4083916083916084
0.4097902097902098
0.4111888111888112
0.4125874125874126
0.413986013986014
0.4153846153846154
0.4167832167832168
0.41818181818181815
0.4195804195804196
0.42097902097902096
0.4223776223776224
0.42377622377622376
0.4251748251748252
0.42657342657342656
0.427972027972028
0.42937062937062936
0.4307692307692308
0.43216783216783217
0.43356643356643354
0.43496503496503497
0.43636363636363634
0.43776223776223777
0.43916083916083914
0.4405594405594406
0.44195804195804195
0.4433566433566434
0.44475524475524475
0.4461538461538462
0.44755244755244755
0.4489510489510489
0.45034965034965035
0.45174825174825173
0.45314685314685316
0.45454545454545453
0.45594405594405596
0.45734265734265733
0.45874125874125876
0.46013986013986014
0.46153846153846156
0.46293706293706294
0.4643356643356643
0.46573426573426574
0.4671328671328671
0.46853146853146854
0.4699300699300699
0.47132867132867134
0.4727272727272727
0.47412587412587415
0.4755244755244755
0.47692307692307695
0.4783216783216783
0.4797202797202797
0.4811188811188811
0.4825174825174825
0.48391608391608393
0.4853146853146853
0.48671328671328673
0.4881118881118881
0.48951048951048953
0.4909090909090909
0.49230769230769234
0.4937062937062937
0.4951048951048951
0.4965034965034965
0.4979020979020979
0.4993006993006993
0.5006993006993007
0.5020979020979021
0.5034965034965035
0.5048951048951049
0.5062937062937063
0.5076923076923077
0.509090909090909
0.5104895104895105
0.5118881118881119
0.5132867132867133
0.5146853146853146
0.5160839160839161
0.5174825174825175
0.5188811188811189
0.5202797202797202
0.5216783216783217
0.5230769230769231
0.5244755244755245
0.5258741258741259
0.5272727272727272
0.5286713286713287
0.5300699300699301
0.5314685314685315
0.5328671328671328
0.5342657342657343
0.5356643356643357
0.5370629370629371
0.5384615384615384
0.5398601398601398
0.5412587412587413
0.5426573426573427
0.544055944055944
0.5454545454545454
0.5468531468531469
0.5482517482517483
0.5496503496503496
0.551048951048951
0.5524475524475524
0.5538461538461539
0.5552447552447553
0.5566433566433566
0.558041958041958
0.5594405594405595
0.5608391608391609
0.5622377622377622
0.5636363636363636
0.5650349650349651
0.5664335664335665
0.5678321678321678
0.5692307692307692
0.5706293706293706
0.5720279720279721
0.5734265734265734
0.5748251748251748
0.5762237762237762
0.5776223776223777
0.579020979020979
0.5804195804195804
0.5818181818181818
0.5832167832167832
0.5846153846153846
0.586013986013986
0.5874125874125874
0.5888111888111888
0.5902097902097903
0.5916083916083916
0.593006993006993
0.5944055944055944
0.5958041958041959
0.5972027972027972
0.5986013986013986
0.6
0.6013986013986014
0.6027972027972028
0.6041958041958042
0.6055944055944056
0.606993006993007
0.6083916083916084
0.6097902097902098
0.6111888111888112
0.6125874125874126
0.6139860139860139
0.6153846153846154
0.6167832167832168
0.6181818181818182
0.6195804195804195
0.620979020979021
0.6223776223776224
0.6237762237762238
0.6251748251748251
0.6265734265734266
0.627972027972028
0.6293706293706294
0.6307692307692307
0.6321678321678321
0.6335664335664336
0.634965034965035
0.6363636363636364
0.6377622377622377
0.6391608391608392
0.6405594405594406
0.641958041958042
0.6433566433566433
0.6447552447552447
0.6461538461538462
0.6475524475524476
0.6489510489510489
0.6503496503496503
0.6517482517482518
0.6531468531468532
0.6545454545454545
0.6559440559440559
0.6573426573426573
0.6587412587412588
0.6601398601398601
0.6615384615384615
0.6629370629370629
0.6643356643356644
0.6657342657342658
0.6671328671328671
0.6685314685314685
0.66993006993007
0.6713286713286714
0.6727272727272727
0.6741258741258741
0.6755244755244755
0.676923076923077
0.6783216783216783
0.6797202797202797
0.6811188811188811
0.6825174825174826
0.6839160839160839
0.6853146853146853
0.6867132867132867
0.6881118881118881
0.6895104895104895
0.6909090909090909
0.6923076923076923
0.6937062937062937
0.6951048951048951
0.6965034965034965
0.6979020979020979
0.6993006993006993
0.7006993006993008
0.7020979020979021
0.7034965034965035
0.7048951048951049
0.7062937062937062
0.7076923076923077
0.7090909090909091
0.7104895104895105
0.7118881118881119
0.7132867132867133
0.7146853146853147
0.7160839160839161
0.7174825174825175
0.7188811188811188
0.7202797202797203
0.7216783216783217
0.7230769230769231
0.7244755244755244
1.0
1.0
1.0
1.0
1.0
1.0
1.0
1.0
1.0
1.0
1.0
1.0
1.0
1.0
1.0
1.0
1.0
1.0
1.0
1.0
1.0
1.0
1.0
1.0
1.0
1.0
1.0
1.0
1.0
1.0
1.0
1.0
1.0
1.0
1.0
1.0
1.0
1.0
1.0
1.0
1.0
1.0
1.0
1.0
1.0
0.2658959537572254
0.27011494252873564
0.2742857142857143
0.2784090909090909
0.2824858757062147
0.28651685393258425
0.2905027932960894
0.29444444444444445
0.2983425414364641
0.3021978021978022
0.30601092896174864
0.30978260869565216
0.22745098039215686
0.23046875
0.23346303501945526
0.2364341085271318
0.23938223938223938
0.2423076923076923
0.24521072796934865
0.2480916030534351
0.2509505703422053
0.2537878787878788
0.25660377358490566
0.2593984962406015
0.26217228464419473
0.26492537313432835
0.26765799256505574
0.27037037037037037
0.2730627306273063
0.2757352941176471
0.2783882783882784
0.28102189781021897
0.28363636363636363
0.286231884057971
0.2888086642599278
0.29136690647482016
0.2939068100358423
0.29642857142857143
0.298932384341637
0.30141843971631205
0.303886925795053
0.30633802816901406
0.3087719298245614
0.12447552447552447
0.1258741258741259
0.12727272727272726
0.12867132867132866
0.13006993006993006
0.13146853146853146
0.13286713286713286
0.13426573426573427
0.13566433566433567
0.13706293706293707
0.13846153846153847
0.13986013986013987
0.14125874125874127
0.14265734265734265
0.14405594405594405
0.14545454545454545
0.14685314685314685
0.14825174825174825
0.14965034965034965
0.15104895104895105
0.15244755244755245
0.15384615384615385
0.15524475524475526
0.15664335664335666
0.15804195804195803
0.15944055944055943
0.16083916083916083
0.16223776223776223
0.16363636363636364
0.16503496503496504
0.16643356643356644
0.16783216783216784
0.16923076923076924
0.17062937062937064
0.17202797202797201
0.17342657342657342
0.17482517482517482
0.17622377622377622
0.17762237762237762
0.17902097902097902
0.18041958041958042
0.18181818181818182
0.18321678321678322
0.18461538461538463
0.18601398601398603
0.1874125874125874
0.1888111888111888
0.1902097902097902
0.1916083916083916
0.193006993006993
0.1944055944055944
0.1958041958041958
0.1972027972027972
0.1986013986013986
0.2
0.2013986013986014
0.20279720279720279
0.2041958041958042
0.2055944055944056
0.206993006993007
0.2083916083916084
0.2097902097902098
0.2111888111888112
0.2125874125874126
0.213986013986014
0.2153846153846154
0.21678321678321677
0.21818181818181817
0.21958041958041957
0.22097902097902097
0.22237762237762237
0.22377622377622378
0.22517482517482518
0.22657342657342658
0.22797202797202798
0.22937062937062938
0.23076923076923078
0.23216783216783216
0.23356643356643356
0.23496503496503496
0.23636363636363636
0.23776223776223776
0.23916083916083916
0.24055944055944056
0.24195804195804196
0.24335664335664337
0.24475524475524477
0.24615384615384617
0.24755244755244754
0.24895104895104894
0.25034965034965034
0.2517482517482518
0.25314685314685315
0.2545454545454545
0.25594405594405595
0.2573426573426573
0.25874125874125875
0.2601398601398601
0.26153846153846155
0.2629370629370629
0.26433566433566436
0.26573426573426573
0.26713286713286716
0.26853146853146853
0.2699300699300699
0.27132867132867133
0.2727272727272727
0.27412587412587414
0.2755244755244755
0.27692307692307694
0.2783216783216783
0.27972027972027974
0.2811188811188811
0.28251748251748254
0.2839160839160839
0.2853146853146853
0.2867132867132867
0.2881118881118881
0.2895104895104895
0.2909090909090909
0.2923076923076923
0.2937062937062937
0.2951048951048951
0.2965034965034965
0.29790209790209793
0.2993006993006993
0.3006993006993007
0.3020979020979021
0.3034965034965035
0.3048951048951049
0.3062937062937063
0.3076923076923077
0.3090909090909091
0.3104895104895105
0.3118881118881119
0.3132867132867133
0.3146853146853147
0.31608391608391606
0.3174825174825175
0.31888111888111886
0.3202797202797203
0.32167832167832167
0.3230769230769231
0.32447552447552447
0.3258741258741259
0.32727272727272727
0.32867132867132864
0.3300699300699301
0.33146853146853145
0.3328671328671329
0.33426573426573425
0.3356643356643357
0.33706293706293705
0.3384615384615385
0.33986013986013985
0.3412587412587413
0.34265734265734266
0.34405594405594403
0.34545454545454546
0.34685314685314683
0.34825174825174826
0.34965034965034963
0.35104895104895106
0.35244755244755244
0.35384615384615387
0.35524475524475524
0.35664335664335667
0.35804195804195804
0.3594405594405594
0.36083916083916084
0.3622377622377622
0.36363636363636365
0.365034965034965
0.36643356643356645
0.3678321678321678
0.36923076923076925
0.3706293706293706
0.37202797202797205
0.3734265734265734
0.3748251748251748
0.37622377622377623
0.3776223776223776
0.37902097902097903
0.3804195804195804
0.38181818181818183
0.3832167832167832
0.38461538461538464
0.386013986013986
0.38741258741258744
0.3888111888111888
0.3902097902097902
0.3916083916083916
0.393006993006993
0.3944055944055944
0.3958041958041958
0.3972027972027972
0.3986013986013986
0.4
0.4013986013986014
0.4027972027972028
0.4041958041958042
0.40559440559440557
0.406993006993007
0.4083916083916084
0.4097902097902098
0.4111888111888112
0.4125874125874126
0.413986013986014
0.4153846153846154
0.4167832167832168
0.41818181818181815
0.4195804195804196
0.42097902097902096
0.4223776223776224
0.42377622377622376
0.4251748251748252
0.42657342657342656
0.427972027972028
0.42937062937062936
0.4307692307692308
0.43216783216783217
0.43356643356643354
0.43496503496503497
0.43636363636363634
0.43776223776223777
0.43916083916083914
0.4405594405594406
0.44195804195804195
0.4433566433566434
0.44475524475524475
0.4461538461538462
0.44755244755244755
0.4489510489510489
0.45034965034965035
0.45174825174825173
0.45314685314685316
0.45454545454545453
0.45594405594405596
0.45734265734265733
0.45874125874125876
0.46013986013986014
0.46153846153846156
0.46293706293706294
0.4643356643356643
0.46573426573426574
0.4671328671328671
0.46853146853146854
0.4699300699300699
0.47132867132867134
0.4727272727272727
0.47412587412587415
0.4755244755244755
0.47692307692307695
0.4783216783216783
0.4797202797202797
0.4811188811188811
0.4825174825174825
0.48391608391608393
0.4853146853146853
0.48671328671328673
0.4881118881118881
0.48951048951048953
0.4909090909090909
0.49230769230769234
0.4937062937062937
0.4951048951048951
0.4965034965034965
0.4979020979020979
0.4993006993006993
0.5006993006993007
0.5020979020979021
0.5034965034965035
0.5048951048951049
0.5062937062937063
0.5076923076923077
0.509090909090909
0.5104895104895105
0.5118881118881119
0.5132867132867133
0.5146853146853146
0.5160839160839161
0.5174825174825175
0.5188811188811189
0.5202797202797202
0.5216783216783217
0.5230769230769231
0.5244755244755245
0.5258741258741259
0.5272727272727272
0.5286713286713287
0.5300699300699301
0.5314685314685315
0.5328671328671328
0.5342657342657343
0.5356643356643357
0.5370629370629371
0.5384615384615384
0.5398601398601398
0.5412587412587413
0.5426573426573427
0.544055944055944
0.5454545454545454
0.5468531468531469
0.5482517482517483
0.5496503496503496
0.551048951048951
0.5524475524475524
0.5538461538461539
0.5552447552447553
0.5566433566433566
0.558041958041958
0.5594405594405595
0.5608391608391609
0.5622377622377622
0.5636363636363636
0.5650349650349651
0.5664335664335665
0.5678321678321678
0.5692307692307692
0.5706293706293706
0.5720279720279721
0.5734265734265734
0.5748251748251748
0.5762237762237762
0.5776223776223777
0.579020979020979
0.5804195804195804
0.5818181818181818
0.5832167832167832
0.5846153846153846
0.586013986013986
0.5874125874125874
0.5888111888111888
0.5902097902097903
0.5916083916083916
0.593006993006993
0.5944055944055944
0.5958041958041959
0.5972027972027972
0.5986013986013986
0.6
0.6013986013986014
0.6027972027972028
0.6041958041958042
0.6055944055944056
0.606993006993007
0.6083916083916084
0.6097902097902098
0.6111888111888112
0.6125874125874126
0.6139860139860139
0.6153846153846154
0.6167832167832168
0.6181818181818182
0.6195804195804195
0.620979020979021
0.6223776223776224
0.6237762237762238
0.6251748251748251
0.6265734265734266
0.627972027972028
0.6293706293706294
0.6307692307692307
0.6321678321678321
0.6335664335664336
0.634965034965035
0.6363636363636364
0.6377622377622377
0.6391608391608392
0.6405594405594406
0.641958041958042
0.6433566433566433
0.6447552447552447
0.6461538461538462
0.6475524475524476
0.6489510489510489
0.6503496503496503
0.6517482517482518
0.6531468531468532
0.6545454545454545
0.6559440559440559
0.6573426573426573
0.6587412587412588
0.6601398601398601
0.6615384615384615
0.6629370629370629
0.6643356643356644
0.6657342657342658
0.6671328671328671
0.6685314685314685
0.66993006993007
0.6713286713286714
0.6727272727272727
0.6741258741258741
0.6755244755244755
0.676923076923077
0.6783216783216783
0.6797202797202797
0.6811188811188811
0.6825174825174826
0.6839160839160839
0.6853146853146853
0.6867132867132867
0.6881118881118881
0.6895104895104895
0.6909090909090909
0.6923076923076923
0.6937062937062937
0.6951048951048951
0.6965034965034965
0.6979020979020979
0.6993006993006993
0.7006993006993008
0.7020979020979021
0.7034965034965035
0.7048951048951049
0.7062937062937062
0.7076923076923077
0.7090909090909091
0.7104895104895105
0.7118881118881119
0.7132867132867133
0.7146853146853147
0.7160839160839161
0.7174825174825175
0.7188811188811188
0.7202797202797203
0.7216783216783217
0.7230769230769231
0.7244755244755244
1.0
1.0
1.0
1.0
1.0
1.0
1.0
1.0
1.0
1.0
1.0
1.0
1.0
1.0
1.0
1.0
1.0
1.0
1.0
1.0
1.0
1.0
1.0
1.0
1.0
1.0
1.0
1.0
1.0
1.0
1.0
1.0
1.0
1.0
1.0
1.0
1.0
1.0
1.0
1.0
1.0
1.0
1.0
1.0
1.0
1.0
1.0
1.0
1.0
1.0
1.0
1.0
1.0
1.0
1.0
1.0
1.0
1.0
1.0
1.0
1.0
1.0
1.0
1.0
1.0
1.0
1.0
1.0
1.0
1.0
1.0
1.0
1.0
1.0
1.0
1.0
1.0
1.0
1.0
1.0
1.0
1.0
1.0
1.0
1.0
1.0
1.0
1.0
0.9270833333333334
0.9375
0.9479166666666666
0.9583333333333334
0.96875
0.9791666666666666
0.9895833333333334
1.0
1.0
0.765625
0.7734375
0.78125
0.7829457364341085
0.7846153846153846
0.7923076923076923
0.8
0.8076923076923077
0.8153846153846154
0.823076923076923
0.8307692307692308
0.8384615384615385
0.8461538461538461
0.8538461538461538
0.8615384615384616
0.8692307692307693
0.8702290076335878
0.8712121212121212
0.8721804511278195
0.8796992481203008
0.8805970149253731
0.8814814814814815
0.8823529411764706
0.8832116788321168
0.8840579710144928
0.8848920863309353
0.8857142857142857
0.8865248226950354
0.8873239436619719
0.8881118881118881
0.8888888888888888
0.8896551724137931
0.8904109589041096
0.891156462585034
0.8918918918918919
0.8926174496644296
0.8933333333333333
0.9
0.9006622516556292
0.9013157894736842
0.9019607843137255
0.9025974025974026
0.9032258064516129
0.9038461538461539
0.9044585987261147
0.9050632911392406
0.9056603773584906
0.90625
0.906832298136646
0.9074074074074074
0.9079754601226994
0.9085365853658537
0.9090909090909091
0.9151515151515152
0.9212121212121213
0.9272727272727272
0.9333333333333333
0.9393939393939394
0.9454545454545454
0.9515151515151515
0.9575757575757575
0.9636363636363636
0.9696969696969697
0.9757575757575757
0.9818181818181818
0.9878787878787879
0.9879518072289156
0.9939759036144579
0.9540229885057471
0.9597701149425287
0.9655172413793104
0.9712643678160919
0.9770114942528736
0.9827586206896551
0.9885057471264368
0.9942528735632183
0.9942857142857143
0.9943181818181818
0.9943502824858758
0.8309859154929577
0.8356807511737089
0.8403755868544601
0.8450704225352113
0.8497652582159625
0.8544600938967136
0.8591549295774648
0.863849765258216
0.8685446009389671
0.8732394366197183
0.8779342723004695
0.8826291079812206
0.8873239436619719
0.892018779342723
0.8925233644859814
0.8930232558139535
0.8935185185185185
0.8940092165898618
0.8944954128440367
0.8949771689497716
0.8954545454545455
0.9
0.9045454545454545
0.9049773755656109
0.9054054054054054
0.905829596412556
0.90625
0.9066666666666666
0.9070796460176991
0.9074889867841409
0.9078947368421053
0.9082969432314411
0.908695652173913
0.9090909090909091
0.9094827586206896
0.9098712446351931
0.9102564102564102
0.9145299145299145
0.9188034188034188
0.9230769230769231
0.9273504273504274
0.9316239316239316
0.9358974358974359
0.9401709401709402
0.9444444444444444
0.9487179487179487
0.9529914529914529
0.9572649572649573
0.9615384615384616
0.9658119658119658
0.9659574468085106
0.9661016949152542
0.9662447257383966
0.9663865546218487
0.9665271966527197
0.9666666666666667
0.966804979253112
0.9669421487603306
0.9670781893004116
0.9672131147540983
0.9673469387755103
0.967479674796748
0.9676113360323887
0.967741935483871
0.9678714859437751
0.968
0.9681274900398407
0.9682539682539683
0.9683794466403162
0.968503937007874
0.8821428571428571
0.8857142857142857
0.8892857142857142
0.8928571428571429
0.8964285714285715
0.9
0.9035714285714286
0.9071428571428571
0.9107142857142857
0.9142857142857143
0.9178571428571428
0.9214285714285714
0.925
0.9285714285714286
0.9321428571428572
0.9357142857142857
0.9392857142857143
0.9428571428571428
0.9464285714285714
0.95
0.9535714285714286
0.9571428571428572
0.9607142857142857
0.9642857142857143
0.8914473684210527
0.8947368421052632
0.8980263157894737
0.9013157894736842
0.9046052631578947
0.9078947368421053
0.9111842105263158
0.9144736842105263
0.9177631578947368
0.9210526315789473
0.9243421052631579
0.9276315789473685
0.930921052631579
0.9342105263157895
0.9375
0.9407894736842105
0.944078947368421
0.9473684210526315
0.9506578947368421
0.9539473684210527
0.9572368421052632
0.9605263157894737
0.9543973941368078
0.9576547231270358
0.9609120521172638
0.961038961038961
0.9611650485436893
0.9612903225806452
0.9614147909967846
0.9615384615384616
0.9616613418530351
0.9617834394904459
0.9619047619047619
0.9620253164556962
0.9621451104100947
0.9622641509433962
0.9623824451410659
0.9625
0.9626168224299065
0.9627329192546584
0.9628482972136223
0.9629629629629629
0.963076923076923
0.9631901840490797
0.963302752293578
0.9634146341463414
0.9635258358662614
0.9636363636363636
0.9637462235649547
0.963855421686747
0.963963963963964
0.9640718562874252
0.8997214484679665
0.9025069637883009
0.9052924791086351
0.9080779944289693
0.9108635097493036
0.9136490250696379
0.9164345403899722
0.9192200557103064
0.9220055710306406
0.924791086350975
0.9275766016713092
0.9303621169916435
0.9331476323119777
0.935933147632312
0.9387186629526463
0.9415041782729805
0.9442896935933147
0.947075208913649
0.9498607242339833
0.9526462395543176
0.9554317548746518
0.958217270194986
0.9610027855153204
0.9033942558746736
0.9060052219321149
0.9086161879895561
0.9112271540469974
0.9138381201044387
0.9164490861618799
0.9190600522193212
0.9216710182767625
0.9242819843342036
0.9268929503916449
0.9295039164490861
0.9321148825065274
0.9347258485639687
0.9373368146214099
0.9399477806788512
0.9425587467362925
0.9451697127937336
0.9477806788511749
0.9503916449086162
0.9530026109660574
0.9556135770234987
0.95822454308094
0.9223057644110275
0.924812030075188
0.9273182957393483
0.9298245614035088
0.9323308270676691
0.9348370927318296
0.9373433583959899
0.9398496240601504
0.9423558897243107
0.9448621553884712
0.9473684210526315
0.949874686716792
0.9523809523809523
0.8758620689655172
0.8781609195402299
0.8804597701149425
0.8827586206896552
0.8850574712643678
0.8873563218390804
0.8896551724137931
0.8919540229885058
0.8942528735632184
0.896551724137931
0.8988505747126436
0.9011494252873563
0.903448275862069
0.9057471264367816
0.9080459770114943
0.9103448275862069
0.9126436781609195
0.9149425287356322
0.9172413793103448
0.9195402298850575
0.9218390804597701
0.9241379310344827
0.9264367816091954
0.9287356321839081
0.9310344827586207
0.9333333333333333
0.9356321839080459
0.9379310344827586
0.9402298850574713
0.8932461873638344
0.8954248366013072
0.8976034858387799
0.8997821350762527
0.9019607843137255
0.9041394335511983
0.906318082788671
0.9084967320261438
0.9106753812636166
0.9128540305010894
0.9150326797385621
0.9172113289760349
0.9193899782135077
0.9215686274509803
0.9237472766884531
0.9259259259259259
0.9281045751633987
0.9302832244008714
0.9324618736383442
0.934640522875817
0.9368191721132898
0.9389978213507625
0.8944099378881988
0.8964803312629399
0.8985507246376812
0.9006211180124224
0.9026915113871635
0.9047619047619048
0.906832298136646
0.9089026915113871
0.9109730848861284
0.9130434782608695
0.9151138716356108
0.917184265010352
0.9192546583850931
0.9213250517598344
0.9233954451345756
0.9254658385093167
0.927536231884058
0.9296066252587992
0.9316770186335404
0.9337474120082816
0.9358178053830227
0.937888198757764
0.9380165289256198
0.8783783783783784
0.8803088803088803
0.8822393822393823
0.8841698841698842
0.8861003861003861
0.888030888030888
0.88996138996139
0.8918918918918919
0.8938223938223938
0.8957528957528957
0.8976833976833977
0.8996138996138996
0.9015444015444015
0.9034749034749034
0.9054054054054054
0.9073359073359073
0.9092664092664092
0.9111969111969112
0.9131274131274131
0.915057915057915
0.916988416988417
0.918918918918919
0.9208494208494209
0.9227799227799228
0.9247104247104247
0.9266409266409267
0.9285714285714286
0.9305019305019305
0.875
0.8768115942028986
0.8786231884057971
0.8804347826086957
0.8822463768115942
0.8840579710144928
0.8858695652173914
0.8876811594202898
0.8894927536231884
0.8913043478260869
0.8931159420289855
0.894927536231884
0.8967391304347826
0.8985507246376812
0.9003623188405797
0.9021739130434783
0.9039855072463768
0.9057971014492754
0.907608695652174
0.9094202898550725
0.9112318840579711
0.9130434782608695
0.9148550724637681
0.9166666666666666
0.9184782608695652
0.9202898550724637
0.9221014492753623
0.9239130434782609
0.9257246376811594
0.927536231884058
0.9293478260869565
0.9311594202898551
0.9329710144927537
0.9347826086956522
0.9365942028985508
0.9384057971014492
0.9402173913043478
0.9420289855072463
1.0
1.0
1.0
1.0
1.0
1.0
1.0
1.0
1.0
1.0
1.0
1.0
1.0
1.0
1.0
1.0
1.0
1.0
1.0
1.0
1.0
1.0
1.0
1.0
1.0
1.0
1.0
1.0
1.0
1.0
1.0
1.0
1.0
1.0
1.0
1.0
1.0
1.0
1.0
1.0
1.0
1.0
1.0
1.0
1.0
0.2658959537572254
0.27011494252873564
0.2742857142857143
0.2784090909090909
0.2824858757062147
0.28651685393258425
0.2905027932960894
0.29444444444444445
0.2983425414364641
0.3021978021978022
0.30601092896174864
0.30978260869565216
0.22745098039215686
0.23046875
0.23346303501945526
0.2364341085271318
0.23938223938223938
0.2423076923076923
0.24521072796934865
0.2480916030534351
0.2509505703422053
0.2537878787878788
0.25660377358490566
0.2593984962406015
0.26217228464419473
0.26492537313432835
0.26765799256505574
0.27037037037037037
0.2730627306273063
0.2757352941176471
0.2783882783882784
0.28102189781021897
0.28363636363636363
0.286231884057971
0.2888086642599278
0.29136690647482016
0.2939068100358423
0.29642857142857143
0.298932384341637
0.30141843971631205
0.303886925795053
0.30633802816901406
0.3087719298245614
0.12447552447552447
0.1258741258741259
0.12727272727272726
0.12867132867132866
0.13006993006993006
0.13146853146853146
0.13286713286713286
0.13426573426573427
0.13566433566433567
0.13706293706293707
0.13846153846153847
0.13986013986013987
0.14125874125874127
0.14265734265734265
0.14405594405594405
0.14545454545454545
0.14685314685314685
0.14825174825174825
0.14965034965034965
0.15104895104895105
0.15244755244755245
0.15384615384615385
0.15524475524475526
0.15664335664335666
0.15804195804195803
0.15944055944055943
0.16083916083916083
0.16223776223776223
0.16363636363636364
0.16503496503496504
0.16643356643356644
0.16783216783216784
0.16923076923076924
0.17062937062937064
0.17202797202797201
0.17342657342657342
0.17482517482517482
0.17622377622377622
0.17762237762237762
0.17902097902097902
0.18041958041958042
0.18181818181818182
0.18321678321678322
0.18461538461538463
0.18601398601398603
0.1874125874125874
0.1888111888111888
0.1902097902097902
0.1916083916083916
0.193006993006993
0.1944055944055944
0.1958041958041958
0.1972027972027972
0.1986013986013986
0.2
0.2013986013986014
0.20279720279720279
0.2041958041958042
0.2055944055944056
0.206993006993007
0.2083916083916084
0.2097902097902098
0.2111888111888112
0.2125874125874126
0.213986013986014
0.2153846153846154
0.21678321678321677
0.21818181818181817
0.21958041958041957
0.22097902097902097
0.22237762237762237
0.22377622377622378
0.22517482517482518
0.22657342657342658
0.22797202797202798
0.22937062937062938
0.23076923076923078
0.23216783216783216
0.23356643356643356
0.23496503496503496
0.23636363636363636
0.23776223776223776
0.23916083916083916
0.24055944055944056
0.24195804195804196
0.24335664335664337
0.24475524475524477
0.24615384615384617
0.24755244755244754
0.24895104895104894
0.25034965034965034
0.2517482517482518
0.25314685314685315
0.2545454545454545
0.25594405594405595
0.2573426573426573
0.25874125874125875
0.2601398601398601
0.26153846153846155
0.2629370629370629
0.26433566433566436
0.26573426573426573
0.26713286713286716
0.26853146853146853
0.2699300699300699
0.27132867132867133
0.2727272727272727
0.27412587412587414
0.2755244755244755
0.27692307692307694
0.2783216783216783
0.27972027972027974
0.2811188811188811
0.28251748251748254
0.2839160839160839
0.2853146853146853
0.2867132867132867
0.2881118881118881
0.2895104895104895
0.2909090909090909
0.2923076923076923
0.2937062937062937
0.2951048951048951
0.2965034965034965
0.29790209790209793
0.2993006993006993
0.3006993006993007
0.3020979020979021
0.3034965034965035
0.3048951048951049
0.3062937062937063
0.3076923076923077
0.3090909090909091
0.3104895104895105
0.3118881118881119
0.3132867132867133
0.3146853146853147
0.31608391608391606
0.3174825174825175
0.31888111888111886
0.3202797202797203
0.32167832167832167
0.3230769230769231
0.32447552447552447
0.3258741258741259
0.32727272727272727
0.32867132867132864
0.3300699300699301
0.33146853146853145
0.3328671328671329
0.33426573426573425
0.3356643356643357
0.33706293706293705
0.3384615384615385
0.33986013986013985
0.3412587412587413
0.34265734265734266
0.34405594405594403
0.34545454545454546
0.34685314685314683
0.34825174825174826
0.34965034965034963
0.35104895104895106
0.35244755244755244
0.35384615384615387
0.35524475524475524
0.35664335664335667
0.35804195804195804
0.3594405594405594
0.36083916083916084
0.3622377622377622
0.36363636363636365
0.365034965034965
0.36643356643356645
0.3678321678321678
0.36923076923076925
0.3706293706293706
0.37202797202797205
0.3734265734265734
0.3748251748251748
0.37622377622377623
0.3776223776223776
0.37902097902097903
0.3804195804195804
0.38181818181818183
0.3832167832167832
0.38461538461538464
0.386013986013986
0.38741258741258744
0.3888111888111888
0.3902097902097902
0.3916083916083916
0.393006993006993
0.3944055944055944
0.3958041958041958
0.3972027972027972
0.3986013986013986
0.4
0.4013986013986014
0.4027972027972028
0.4041958041958042
0.40559440559440557
0.406993006993007
0.4083916083916084
0.4097902097902098
0.4111888111888112
0.4125874125874126
0.413986013986014
0.4153846153846154
0.4167832167832168
0.41818181818181815
0.4195804195804196
0.42097902097902096
0.4223776223776224
0.42377622377622376
0.4251748251748252
0.42657342657342656
0.427972027972028
0.42937062937062936
0.4307692307692308
0.43216783216783217
0.43356643356643354
0.43496503496503497
0.43636363636363634
0.43776223776223777
0.43916083916083914
0.4405594405594406
0.44195804195804195
0.4433566433566434
0.44475524475524475
0.4461538461538462
0.44755244755244755
0.4489510489510489
0.45034965034965035
0.45174825174825173
0.45314685314685316
0.45454545454545453
0.45594405594405596
0.45734265734265733
0.45874125874125876
0.46013986013986014
0.46153846153846156
0.46293706293706294
0.4643356643356643
0.46573426573426574
0.4671328671328671
0.46853146853146854
0.4699300699300699
0.47132867132867134
0.4727272727272727
0.47412587412587415
0.4755244755244755
0.47692307692307695
0.4783216783216783
0.4797202797202797
0.4811188811188811
0.4825174825174825
0.48391608391608393
0.4853146853146853
0.48671328671328673
0.4881118881118881
0.48951048951048953
0.4909090909090909
0.49230769230769234
0.4937062937062937
0.4951048951048951
0.4965034965034965
0.4979020979020979
0.4993006993006993
0.5006993006993007
0.5020979020979021
0.5034965034965035
0.5048951048951049
0.5062937062937063
0.5076923076923077
0.509090909090909
0.5104895104895105
0.5118881118881119
0.5132867132867133
0.5146853146853146
0.5160839160839161
0.5174825174825175
0.5188811188811189
0.5202797202797202
0.5216783216783217
0.5230769230769231
0.5244755244755245
0.5258741258741259
0.5272727272727272
0.5286713286713287
0.5300699300699301
0.5314685314685315
0.5328671328671328
0.5342657342657343
0.5356643356643357
0.5370629370629371
0.5384615384615384
0.5398601398601398
0.5412587412587413
0.5426573426573427
0.544055944055944
0.5454545454545454
0.5468531468531469
0.5482517482517483
0.5496503496503496
0.551048951048951
0.5524475524475524
0.5538461538461539
0.5552447552447553
0.5566433566433566
0.558041958041958
0.5594405594405595
0.5608391608391609
0.5622377622377622
0.5636363636363636
0.5650349650349651
0.5664335664335665
0.5678321678321678
0.5692307692307692
0.5706293706293706
0.5720279720279721
0.5734265734265734
0.5748251748251748
0.5762237762237762
0.5776223776223777
0.579020979020979
0.5804195804195804
0.5818181818181818
0.5832167832167832
0.5846153846153846
0.586013986013986
0.5874125874125874
0.5888111888111888
0.5902097902097903
0.5916083916083916
0.593006993006993
0.5944055944055944
0.5958041958041959
0.5972027972027972
0.5986013986013986
0.6
0.6013986013986014
0.6027972027972028
0.6041958041958042
0.6055944055944056
0.606993006993007
0.6083916083916084
0.6097902097902098
0.6111888111888112
0.6125874125874126
0.6139860139860139
0.6153846153846154
0.6167832167832168
0.6181818181818182
0.6195804195804195
0.620979020979021
0.6223776223776224
0.6237762237762238
0.6251748251748251
0.6265734265734266
0.627972027972028
0.6293706293706294
0.6307692307692307
0.6321678321678321
0.6335664335664336
0.634965034965035
0.6363636363636364
0.6377622377622377
0.6391608391608392
0.6405594405594406
0.641958041958042
0.6433566433566433
0.6447552447552447
0.6461538461538462
0.6475524475524476
0.6489510489510489
0.6503496503496503
0.6517482517482518
0.6531468531468532
0.6545454545454545
0.6559440559440559
0.6573426573426573
0.6587412587412588
0.6601398601398601
0.6615384615384615
0.6629370629370629
0.6643356643356644
0.6657342657342658
0.6671328671328671
0.6685314685314685
0.66993006993007
0.6713286713286714
0.6727272727272727
0.6741258741258741
0.6755244755244755
0.676923076923077
0.6783216783216783
0.6797202797202797
0.6811188811188811
0.6825174825174826
0.6839160839160839
0.6853146853146853
0.6867132867132867
0.6881118881118881
0.6895104895104895
0.6909090909090909
0.6923076923076923
0.6937062937062937
0.6951048951048951
0.6965034965034965
0.6979020979020979
0.6993006993006993
0.7006993006993008
0.7020979020979021
0.7034965034965035
0.7048951048951049
0.7062937062937062
0.7076923076923077
0.7090909090909091
0.7104895104895105
0.7118881118881119
0.7132867132867133
0.7146853146853147
0.7160839160839161
0.7174825174825175
0.7188811188811188
0.7202797202797203
0.7216783216783217
0.7230769230769231
0.7244755244755244
1.0
1.0
1.0
1.0
1.0
1.0
1.0
1.0
1.0
1.0
1.0
1.0
1.0
1.0
1.0
1.0
1.0
1.0
1.0
1.0
1.0
1.0
1.0
1.0
1.0
1.0
1.0
1.0
1.0
1.0
1.0
1.0
1.0
1.0
1.0
1.0
1.0
1.0
1.0
1.0
1.0
1.0
1.0
1.0
1.0
0.2658959537572254
0.27011494252873564
0.2742857142857143
0.2784090909090909
0.2824858757062147
0.28651685393258425
0.2905027932960894
0.29444444444444445
0.2983425414364641
0.3021978021978022
0.30601092896174864
0.30978260869565216
0.22745098039215686
0.23046875
0.23346303501945526
0.2364341085271318
0.23938223938223938
0.2423076923076923
0.24521072796934865
0.2480916030534351
0.2509505703422053
0.2537878787878788
0.25660377358490566
0.2593984962406015
0.26217228464419473
0.26492537313432835
0.26765799256505574
0.27037037037037037
0.2730627306273063
0.2757352941176471
0.2783882783882784
0.28102189781021897
0.28363636363636363
0.286231884057971
0.2888086642599278
0.29136690647482016
0.2939068100358423
0.29642857142857143
0.298932384341637
0.30141843971631205
0.303886925795053
0.30633802816901406
0.3087719298245614
0.12447552447552447
0.1258741258741259
0.12727272727272726
0.12867132867132866
0.13006993006993006
0.13146853146853146
0.13286713286713286
0.13426573426573427
0.13566433566433567
0.13706293706293707
0.13846153846153847
0.13986013986013987
0.14125874125874127
1.0
1.0
1.0
1.0
1.0
1.0
1.0
1.0
1.0
1.0
1.0
1.0
1.0
1.0
1.0
1.0
1.0
1.0
1.0
1.0
1.0
1.0
1.0
1.0
1.0
1.0
1.0
1.0
1.0
1.0
1.0
1.0
1.0
1.0
1.0
1.0
1.0
1.0
1.0
1.0
1.0
1.0
1.0
1.0
1.0
0.2658959537572254
0.27011494252873564
0.2742857142857143
0.2784090909090909
0.2824858757062147
0.28651685393258425
0.2905027932960894
0.29444444444444445
0.2983425414364641
0.3021978021978022
0.30601092896174864
0.30978260869565216
0.22745098039215686
0.23046875
0.23346303501945526
0.2364341085271318
0.23938223938223938
0.2423076923076923
0.24521072796934865
0.2480916030534351
0.2509505703422053
0.2537878787878788
0.25660377358490566
0.2593984962406015
0.26217228464419473
0.26492537313432835
0.26765799256505574
0.27037037037037037
0.2730627306273063
0.2757352941176471
0.2783882783882784
0.28102189781021897
0.28363636363636363
0.286231884057971
0.2888086642599278
0.29136690647482016
0.2939068100358423
0.29642857142857143
0.298932384341637
0.30141843971631205
0.303886925795053
0.30633802816901406
0.3087719298245614
0.12447552447552447
0.1258741258741259
0.12727272727272726
0.12867132867132866
0.13006993006993006
0.13146853146853146
0.13286713286713286
0.13426573426573427
0.13566433566433567
0.13706293706293707
0.13846153846153847
0.13986013986013987
0.14125874125874127
0.14265734265734265
0.14405594405594405
0.14545454545454545
0.14685314685314685
0.14825174825174825
0.14965034965034965
0.15104895104895105
0.15244755244755245
0.15384615384615385
0.15524475524475526
0.15664335664335666
0.15804195804195803
0.15944055944055943
0.16083916083916083
0.16223776223776223
0.16363636363636364
0.16503496503496504
0.16643356643356644
0.16783216783216784
0.16923076923076924
0.17062937062937064
0.17202797202797201
0.17342657342657342
0.17482517482517482
0.17622377622377622
0.17762237762237762
0.17902097902097902
0.18041958041958042
0.18181818181818182
0.18321678321678322
0.18461538461538463
0.18601398601398603
0.1874125874125874
0.1888111888111888
0.1902097902097902
0.1916083916083916
0.193006993006993
0.1944055944055944
0.1958041958041958
0.1972027972027972
0.1986013986013986
0.2
0.2013986013986014
0.20279720279720279
0.2041958041958042
0.2055944055944056
0.206993006993007
0.2083916083916084
0.2097902097902098
0.2111888111888112
0.2125874125874126
0.213986013986014
0.2153846153846154
0.21678321678321677
0.21818181818181817
0.21958041958041957
0.22097902097902097
0.22237762237762237
0.22377622377622378
0.22517482517482518
0.22657342657342658
0.22797202797202798
0.22937062937062938
0.23076923076923078
0.23216783216783216
0.23356643356643356
0.23496503496503496
0.23636363636363636
0.23776223776223776
0.23916083916083916
0.24055944055944056
0.24195804195804196
0.24335664335664337
0.24475524475524477
0.24615384615384617
0.24755244755244754
0.24895104895104894
0.25034965034965034
0.2517482517482518
0.25314685314685315
0.2545454545454545
0.25594405594405595
0.2573426573426573
0.25874125874125875
0.2601398601398601
0.26153846153846155
0.2629370629370629
0.26433566433566436
0.26573426573426573
0.26713286713286716
0.26853146853146853
0.2699300699300699
0.27132867132867133
0.2727272727272727
0.27412587412587414
0.2755244755244755
0.27692307692307694
0.2783216783216783
0.27972027972027974
0.2811188811188811
0.28251748251748254
0.2839160839160839
0.2853146853146853
0.2867132867132867
0.2881118881118881
0.2895104895104895
0.2909090909090909
0.2923076923076923
0.2937062937062937
0.2951048951048951
0.2965034965034965
0.29790209790209793
0.2993006993006993
0.3006993006993007
0.3020979020979021
0.3034965034965035
0.3048951048951049
0.3062937062937063
0.3076923076923077
0.3090909090909091
0.3104895104895105
0.3118881118881119
0.3132867132867133
0.3146853146853147
0.31608391608391606
0.3174825174825175
0.31888111888111886
0.3202797202797203
0.32167832167832167
0.3230769230769231
0.32447552447552447
0.3258741258741259
0.32727272727272727
0.32867132867132864
0.3300699300699301
0.33146853146853145
0.3328671328671329
0.33426573426573425
0.3356643356643357
0.33706293706293705
0.3384615384615385
0.33986013986013985
0.3412587412587413
0.34265734265734266
0.34405594405594403
0.34545454545454546
0.34685314685314683
0.34825174825174826
0.34965034965034963
0.35104895104895106
0.35244755244755244
0.35384615384615387
0.35524475524475524
0.35664335664335667
0.35804195804195804
0.3594405594405594
0.36083916083916084
0.3622377622377622
0.36363636363636365
0.365034965034965
0.36643356643356645
0.3678321678321678
0.36923076923076925
0.3706293706293706
0.37202797202797205
0.3734265734265734
0.3748251748251748
0.37622377622377623
0.3776223776223776
0.37902097902097903
0.3804195804195804
0.38181818181818183
0.3832167832167832
0.38461538461538464
0.386013986013986
0.38741258741258744
0.3888111888111888
0.3902097902097902
0.3916083916083916
0.393006993006993
0.3944055944055944
0.3958041958041958
0.3972027972027972
0.3986013986013986
0.4
0.4013986013986014
0.4027972027972028
0.4041958041958042
0.40559440559440557
0.406993006993007
0.4083916083916084
0.4097902097902098
0.4111888111888112
0.4125874125874126
0.413986013986014
0.4153846153846154
0.4167832167832168
0.41818181818181815
0.4195804195804196
0.42097902097902096
0.4223776223776224
0.42377622377622376
0.4251748251748252
0.42657342657342656
0.427972027972028
0.42937062937062936
0.4307692307692308
0.43216783216783217
0.43356643356643354
0.43496503496503497
0.43636363636363634
0.43776223776223777
0.43916083916083914
0.4405594405594406
0.44195804195804195
0.4433566433566434
0.44475524475524475
0.4461538461538462
0.44755244755244755
0.4489510489510489
0.45034965034965035
0.45174825174825173
0.45314685314685316
0.45454545454545453
0.45594405594405596
0.45734265734265733
0.45874125874125876
0.46013986013986014
0.46153846153846156
0.46293706293706294
0.4643356643356643
0.46573426573426574
0.4671328671328671
0.46853146853146854
0.4699300699300699
0.47132867132867134
0.4727272727272727
0.47412587412587415
0.4755244755244755
0.47692307692307695
0.4783216783216783
0.4797202797202797
0.4811188811188811
0.4825174825174825
0.48391608391608393
0.4853146853146853
0.48671328671328673
0.4881118881118881
0.48951048951048953
0.4909090909090909
0.49230769230769234
0.4937062937062937
0.4951048951048951
0.4965034965034965
0.4979020979020979
0.4993006993006993
0.5006993006993007
0.5020979020979021
0.5034965034965035
0.5048951048951049
0.5062937062937063
0.5076923076923077
0.509090909090909
0.5104895104895105
0.5118881118881119
0.5132867132867133
0.5146853146853146
0.5160839160839161
0.5174825174825175
0.5188811188811189
0.5202797202797202
0.5216783216783217
0.5230769230769231
0.5244755244755245
0.5258741258741259
0.5272727272727272
0.5286713286713287
0.5300699300699301
0.5314685314685315
0.5328671328671328
0.5342657342657343
0.5356643356643357
0.5370629370629371
0.5384615384615384
0.5398601398601398
0.5412587412587413
0.5426573426573427
0.544055944055944
0.5454545454545454
0.5468531468531469
0.5482517482517483
0.5496503496503496
0.551048951048951
0.5524475524475524
0.5538461538461539
0.5552447552447553
0.5566433566433566
0.558041958041958
0.5594405594405595
0.5608391608391609
0.5622377622377622
0.5636363636363636
0.5650349650349651
0.5664335664335665
0.5678321678321678
0.5692307692307692
0.5706293706293706
0.5720279720279721
0.5734265734265734
0.5748251748251748
0.5762237762237762
0.5776223776223777
0.579020979020979
0.5804195804195804
0.5818181818181818
0.5832167832167832
0.5846153846153846
0.586013986013986
0.5874125874125874
0.5888111888111888
0.5902097902097903
0.5916083916083916
0.593006993006993
0.5944055944055944
0.5958041958041959
0.5972027972027972
0.5986013986013986
0.6
0.6013986013986014
0.6027972027972028
0.6041958041958042
0.6055944055944056
0.606993006993007
0.6083916083916084
0.6097902097902098
0.6111888111888112
0.6125874125874126
0.6139860139860139
0.6153846153846154
0.6167832167832168
0.6181818181818182
0.6195804195804195
0.620979020979021
0.6223776223776224
0.6237762237762238
0.6251748251748251
0.6265734265734266
0.627972027972028
0.6293706293706294
0.6307692307692307
0.6321678321678321
0.6335664335664336
0.634965034965035
0.6363636363636364
0.6377622377622377
0.6391608391608392
0.6405594405594406
0.641958041958042
0.6433566433566433
0.6447552447552447
0.6461538461538462
0.6475524475524476
0.6489510489510489
0.6503496503496503
0.6517482517482518
0.6531468531468532
0.6545454545454545
0.6559440559440559
0.6573426573426573
0.6587412587412588
0.6601398601398601
0.6615384615384615
0.6629370629370629
0.6643356643356644
0.6657342657342658
0.6671328671328671
0.6685314685314685
0.66993006993007
0.6713286713286714
0.6727272727272727
0.6741258741258741
0.6755244755244755
0.676923076923077
0.6783216783216783
0.6797202797202797
0.6811188811188811
0.6825174825174826
0.6839160839160839
0.6853146853146853
0.6867132867132867
0.6881118881118881
0.6895104895104895
0.6909090909090909
0.6923076923076923
0.6937062937062937
0.6951048951048951
0.6965034965034965
0.6979020979020979
0.6993006993006993
0.7006993006993008
0.7020979020979021
0.7034965034965035
0.7048951048951049
0.7062937062937062
0.7076923076923077
0.7090909090909091
0.7104895104895105
0.7118881118881119
0.7132867132867133
0.7146853146853147
0.7160839160839161
0.7174825174825175
0.7188811188811188
0.7202797202797203
0.7216783216783217
0.7230769230769231
0.7244755244755244
1.0
1.0
1.0
1.0
1.0
1.0
1.0
1.0
1.0
1.0
1.0
1.0
1.0
1.0
1.0
1.0
1.0
1.0
1.0
1.0
1.0
1.0
1.0
1.0
1.0
1.0
1.0
1.0
1.0
1.0
1.0
1.0
1.0
1.0
1.0
1.0
1.0
1.0
1.0
1.0
1.0
1.0
1.0
1.0
1.0
0.2658959537572254
0.27011494252873564
0.2742857142857143
0.2784090909090909
0.2824858757062147
0.28651685393258425
0.2905027932960894
0.29444444444444445
0.2983425414364641
0.3021978021978022
0.30601092896174864
0.30978260869565216
0.22745098039215686
0.23046875
0.23346303501945526
0.2364341085271318
0.23938223938223938
0.2423076923076923
0.24521072796934865
0.2480916030534351
0.2509505703422053
0.2537878787878788
0.25660377358490566
0.2593984962406015
0.26217228464419473
0.26492537313432835
0.26765799256505574
0.27037037037037037
0.2730627306273063
0.2757352941176471
0.2783882783882784
0.28102189781021897
0.28363636363636363
0.286231884057971
0.2888086642599278
0.29136690647482016
0.2939068100358423
0.29642857142857143
0.298932384341637
0.30141843971631205
0.303886925795053
0.30633802816901406
0.3087719298245614
0.12447552447552447
0.1258741258741259
0.12727272727272726
0.12867132867132866
0.13006993006993006
0.13146853146853146
0.13286713286713286
0.13426573426573427
0.13566433566433567
0.13706293706293707
0.13846153846153847
0.13986013986013987
0.14125874125874127
0.14265734265734265
0.14405594405594405
0.14545454545454545
0.14685314685314685
0.14825174825174825
0.14965034965034965
0.15104895104895105
0.15244755244755245
0.15384615384615385
0.15524475524475526
0.15664335664335666
0.15804195804195803
0.15944055944055943
0.16083916083916083
0.16223776223776223
0.16363636363636364
0.16503496503496504
0.16643356643356644
0.16783216783216784
0.16923076923076924
0.17062937062937064
0.17202797202797201
0.17342657342657342
0.17482517482517482
0.17622377622377622
0.17762237762237762
0.17902097902097902
0.18041958041958042
0.18181818181818182
0.18321678321678322
0.18461538461538463
0.18601398601398603
0.1874125874125874
0.1888111888111888
0.1902097902097902
0.1916083916083916
0.193006993006993
0.1944055944055944
0.1958041958041958
0.1972027972027972
0.1986013986013986
0.2
0.2013986013986014
0.20279720279720279
0.2041958041958042
0.2055944055944056
0.206993006993007
0.2083916083916084
0.2097902097902098
0.2111888111888112
0.2125874125874126
0.213986013986014
0.2153846153846154
0.21678321678321677
0.21818181818181817
0.21958041958041957
0.22097902097902097
0.22237762237762237
0.22377622377622378
0.22517482517482518
0.22657342657342658
0.22797202797202798
0.22937062937062938
0.23076923076923078
0.23216783216783216
0.23356643356643356
0.23496503496503496
0.23636363636363636
0.23776223776223776
0.23916083916083916
0.24055944055944056
0.24195804195804196
0.24335664335664337
0.24475524475524477
0.24615384615384617
0.24755244755244754
0.24895104895104894
0.25034965034965034
0.2517482517482518
0.25314685314685315
0.2545454545454545
0.25594405594405595
0.2573426573426573
0.25874125874125875
0.2601398601398601
0.26153846153846155
0.2629370629370629
0.26433566433566436
0.26573426573426573
0.26713286713286716
0.26853146853146853
0.2699300699300699
0.27132867132867133
0.2727272727272727
0.27412587412587414
0.2755244755244755
0.27692307692307694
0.2783216783216783
0.27972027972027974
0.2811188811188811
0.28251748251748254
0.2839160839160839
0.2853146853146853
0.2867132867132867
0.2881118881118881
0.2895104895104895
0.2909090909090909
0.2923076923076923
0.2937062937062937
0.2951048951048951
0.2965034965034965
0.29790209790209793
0.2993006993006993
0.3006993006993007
0.3020979020979021
0.3034965034965035
0.3048951048951049
0.3062937062937063
0.3076923076923077
0.3090909090909091
0.3104895104895105
0.3118881118881119
0.3132867132867133
0.3146853146853147
0.31608391608391606
0.3174825174825175
0.31888111888111886
0.3202797202797203
0.32167832167832167
0.3230769230769231
0.32447552447552447
0.3258741258741259
0.32727272727272727
0.32867132867132864
0.3300699300699301
0.33146853146853145
0.3328671328671329
0.33426573426573425
0.3356643356643357
0.33706293706293705
0.3384615384615385
0.33986013986013985
0.3412587412587413
0.34265734265734266
0.34405594405594403
0.34545454545454546
0.34685314685314683
0.34825174825174826
0.34965034965034963
0.35104895104895106
0.35244755244755244
0.35384615384615387
0.35524475524475524
0.35664335664335667
0.35804195804195804
0.3594405594405594
0.36083916083916084
0.3622377622377622
0.36363636363636365
0.365034965034965
0.36643356643356645
0.3678321678321678
0.36923076923076925
0.3706293706293706
0.37202797202797205
0.3734265734265734
0.3748251748251748
0.37622377622377623
0.3776223776223776
0.37902097902097903
0.3804195804195804
0.38181818181818183
0.3832167832167832
0.38461538461538464
0.386013986013986
0.38741258741258744
0.3888111888111888
0.3902097902097902
0.3916083916083916
0.393006993006993
0.3944055944055944
0.3958041958041958
0.3972027972027972
0.3986013986013986
0.4
0.4013986013986014
0.4027972027972028
0.4041958041958042
0.40559440559440557
0.406993006993007
0.4083916083916084
0.4097902097902098
0.4111888111888112
0.4125874125874126
0.413986013986014
0.4153846153846154
0.4167832167832168
0.41818181818181815
0.4195804195804196
0.42097902097902096
0.4223776223776224
0.42377622377622376
0.4251748251748252
0.42657342657342656
0.427972027972028
0.42937062937062936
0.4307692307692308
0.43216783216783217
0.43356643356643354
0.43496503496503497
0.43636363636363634
0.43776223776223777
0.43916083916083914
0.4405594405594406
0.44195804195804195
0.4433566433566434
0.44475524475524475
0.4461538461538462
0.44755244755244755
0.4489510489510489
0.45034965034965035
0.45174825174825173
0.45314685314685316
0.45454545454545453
0.45594405594405596
0.45734265734265733
0.45874125874125876
0.46013986013986014
0.46153846153846156
0.46293706293706294
0.4643356643356643
0.46573426573426574
0.4671328671328671
0.46853146853146854
0.4699300699300699
0.47132867132867134
0.4727272727272727
0.47412587412587415
0.4755244755244755
0.47692307692307695
0.4783216783216783
0.4797202797202797
0.4811188811188811
0.4825174825174825
0.48391608391608393
0.4853146853146853
0.48671328671328673
0.4881118881118881
0.48951048951048953
0.4909090909090909
0.49230769230769234
0.4937062937062937
0.4951048951048951
0.4965034965034965
0.4979020979020979
0.4993006993006993
0.5006993006993007
0.5020979020979021
0.5034965034965035
0.5048951048951049
0.5062937062937063
0.5076923076923077
0.509090909090909
0.5104895104895105
0.5118881118881119
0.5132867132867133
0.5146853146853146
0.5160839160839161
0.5174825174825175
0.5188811188811189
0.5202797202797202
0.5216783216783217
0.5230769230769231
0.5244755244755245
0.5258741258741259
0.5272727272727272
0.5286713286713287
0.5300699300699301
0.5314685314685315
0.5328671328671328
0.5342657342657343
0.5356643356643357
0.5370629370629371
0.5384615384615384
0.5398601398601398
0.5412587412587413
0.5426573426573427
0.544055944055944
0.5454545454545454
0.5468531468531469
0.5482517482517483
0.5496503496503496
0.551048951048951
0.5524475524475524
0.5538461538461539
0.5552447552447553
0.5566433566433566
0.558041958041958
0.5594405594405595
0.5608391608391609
0.5622377622377622
0.5636363636363636
0.5650349650349651
0.5664335664335665
0.5678321678321678
0.5692307692307692
0.5706293706293706
0.5720279720279721
0.5734265734265734
0.5748251748251748
0.5762237762237762
0.5776223776223777
0.579020979020979
0.5804195804195804
0.5818181818181818
0.5832167832167832
0.5846153846153846
0.586013986013986
0.5874125874125874
0.5888111888111888
0.5902097902097903
0.5916083916083916
0.593006993006993
0.5944055944055944
0.5958041958041959
0.5972027972027972
0.5986013986013986
0.6
0.6013986013986014
0.6027972027972028
0.6041958041958042
0.6055944055944056
0.606993006993007
0.6083916083916084
0.6097902097902098
0.6111888111888112
0.6125874125874126
0.6139860139860139
0.6153846153846154
0.6167832167832168
0.6181818181818182
0.6195804195804195
0.620979020979021
0.6223776223776224
0.6237762237762238
0.6251748251748251
0.6265734265734266
0.627972027972028
0.6293706293706294
0.6307692307692307
0.6321678321678321
0.6335664335664336
0.634965034965035
0.6363636363636364
0.6377622377622377
0.6391608391608392
0.6405594405594406
0.641958041958042
0.6433566433566433
0.6447552447552447
0.6461538461538462
0.6475524475524476
0.6489510489510489
0.6503496503496503
0.6517482517482518
0.6531468531468532
0.6545454545454545
0.6559440559440559
0.6573426573426573
0.6587412587412588
0.6601398601398601
0.6615384615384615
0.6629370629370629
0.6643356643356644
0.6657342657342658
0.6671328671328671
0.6685314685314685
0.66993006993007
0.6713286713286714
0.6727272727272727
0.6741258741258741
0.6755244755244755
0.676923076923077
0.6783216783216783
0.6797202797202797
0.6811188811188811
0.6825174825174826
0.6839160839160839
0.6853146853146853
0.6867132867132867
0.6881118881118881
0.6895104895104895
0.6909090909090909
0.6923076923076923
0.6937062937062937
0.6951048951048951
0.6965034965034965
0.6979020979020979
0.6993006993006993
0.7006993006993008
0.7020979020979021
0.7034965034965035
0.7048951048951049
0.7062937062937062
0.7076923076923077
0.7090909090909091
0.7104895104895105
0.7118881118881119
0.7132867132867133
0.7146853146853147
0.7160839160839161
0.7174825174825175
0.7188811188811188
0.7202797202797203
0.7216783216783217
0.7230769230769231
0.7244755244755244
