1.0
1.0
1.0
1.0
1.0
1.0
1.0
1.0
1.0
1.0
1.0
1.0
1.0
1.0
1.0
1.0
1.0
1.0
1.0
1.0
1.0
1.0
1.0
1.0
1.0
1.0
1.0
1.0
1.0
1.0
1.0
1.0
1.0
1.0
1.0
0.2
0.20441988950276244
0.2087912087912088
0.21311475409836064
0.21739130434782608
0.22162162162162163
0.22580645161290322
0.16666666666666666
0.17054263565891473
0.1744186046511628
0.17829457364341086
0.1821705426356589
0.18604651162790697
0.18992248062015504
0.1937984496124031
0.19767441860465115
0.20155038759689922
0.2054263565891473
0.20930232558139536
0.2131782945736434
0.21705426356589147
0.22093023255813954
0.2248062015503876
0.22868217054263565
0.23255813953488372
0.2364341085271318
0.24031007751937986
0.2441860465116279
0.24806201550387597
0.25193798449612403
0.2558139534883721
0.2596899224806202
0.26356589147286824
0.26744186046511625
0.2713178294573643
0.2751937984496124
0.27906976744186046
0.28294573643410853
0.2868217054263566
0.29069767441860467
0.29457364341085274
0.29844961240310075
0.3023255813953488
0.3062015503875969
0.31007751937984496
0.313953488372093
0.3178294573643411
0.32170542635658916
0.32558139534883723
0.32945736434108525
0.3333333333333333
0.3372093023255814
0.34108527131782945
0.3449612403100775
0.3488372093023256
0.35271317829457366
0.35658914728682173
0.36046511627906974
0.3643410852713178
0.3682170542635659
0.37209302325581395
0.375968992248062
0.3798449612403101
0.38372093023255816
0.3875968992248062
0.39147286821705424
0.3953488372093023
0.3992248062015504
0.40310077519379844
0.4069767441860465
0.4108527131782946
0.41472868217054265
0.4186046511627907
0.42248062015503873
0.4263565891472868
0.43023255813953487
0.43410852713178294
0.437984496124031
0.4418604651162791
0.44573643410852715
0.4496124031007752
0.45348837209302323
0.4573643410852713
0.46124031007751937
0.46511627906976744
0.4689922480620155
0.4728682170542636
0.47674418604651164
0.4806201550387597
0.4844961240310077
0.4883720930232558
0.49224806201550386
0.49612403100775193
0.5
0.5038759689922481
0.5077519379844961
0.5116279069767442
0.5155038759689923
0.5193798449612403
0.5232558139534884
0.5271317829457365
0.5310077519379846
0.5348837209302325
0.5387596899224806
0.5426356589147286
0.5465116279069767
0.5503875968992248
0.5542635658914729
0.5581395348837209
0.562015503875969
0.5658914728682171
0.5697674418604651
0.5736434108527132
0.5775193798449613
0.5813953488372093
0.5852713178294574
1.0
1.0
1.0
1.0
1.0
1.0
1.0
1.0
1.0
1.0
1.0
1.0
1.0
1.0
1.0
1.0
1.0
1.0
1.0
1.0
1.0
1.0
1.0
1.0
1.0
1.0
1.0
1.0
1.0
1.0
1.0
1.0
1.0
1.0
1.0
0.2
0.20441988950276244
0.2087912087912088
0.21311475409836064
0.21739130434782608
0.22162162162162163
0.22580645161290322
0.16666666666666666
0.17054263565891473
0.1744186046511628
0.17829457364341086
0.1821705426356589
0.18604651162790697
0.18992248062015504
0.1937984496124031
0.19767441860465115
0.20155038759689922
0.2054263565891473
0.20930232558139536
0.2131782945736434
0.21705426356589147
0.22093023255813954
0.2248062015503876
0.22868217054263565
0.23255813953488372
0.2364341085271318
0.24031007751937986
0.2441860465116279
0.24806201550387597
0.25193798449612403
0.2558139534883721
0.2596899224806202
0.26356589147286824
0.26744186046511625
0.2713178294573643
0.2751937984496124
0.27906976744186046
0.28294573643410853
0.2868217054263566
0.29069767441860467
0.29457364341085274
0.29844961240310075
0.3023255813953488
0.3062015503875969
0.31007751937984496
0.313953488372093
0.3178294573643411
0.32170542635658916
0.32558139534883723
0.32945736434108525
0.3333333333333333
0.3372093023255814
0.34108527131782945
0.3449612403100775
0.3488372093023256
0.35271317829457366
0.35658914728682173
0.36046511627906974
0.3643410852713178
0.3682170542635659
0.37209302325581395
0.375968992248062
0.3798449612403101
0.38372093023255816
0.3875968992248062
0.39147286821705424
0.3953488372093023
0.3992248062015504
0.40310077519379844
0.4069767441860465
0.4108527131782946
0.41472868217054265
0.4186046511627907
0.42248062015503873
0.4263565891472868
0.43023255813953487
0.43410852713178294
0.437984496124031
0.4418604651162791
0.44573643410852715
0.4496124031007752
0.45348837209302323
0.4573643410852713
0.46124031007751937
0.46511627906976744
0.4689922480620155
0.4728682170542636
0.47674418604651164
0.4806201550387597
0.4844961240310077
0.4883720930232558
0.49224806201550386
0.49612403100775193
0.5
0.5038759689922481
0.5077519379844961
0.5116279069767442
0.5155038759689923
0.5193798449612403
0.5232558139534884
0.5271317829457365
0.5310077519379846
0.5348837209302325
0.5387596899224806
0.5426356589147286
0.5465116279069767
0.5503875968992248
0.5542635658914729
0.5581395348837209
0.562015503875969
0.5658914728682171
0.5697674418604651
0.5736434108527132
0.5775193798449613
0.5813953488372093
0.5852713178294574
1.0
1.0
1.0
1.0
1.0
1.0
1.0
1.0
1.0
1.0
1.0
1.0
1.0
1.0
1.0
1.0
1.0
1.0
1.0
1.0
1.0
1.0
1.0
1.0
1.0
1.0
1.0
1.0
1.0
1.0
1.0
1.0
1.0
1.0
1.0
1.0
1.0
1.0
1.0
1.0
1.0
1.0
1.0
1.0
1.0
1.0
1.0
1.0
1.0
1.0
1.0
1.0
1.0
1.0
1.0
1.0
1.0
1.0
1.0
1.0
1.0
1.0
1.0
1.0
1.0
1.0
1.0
1.0
1.0
1.0
1.0
1.0
1.0
1.0
1.0
1.0
1.0
0.2
0.20441988950276244
0.2087912087912088
0.21311475409836064
0.21739130434782608
0.22162162162162163
0.22580645161290322
0.16666666666666666
0.17054263565891473
0.1744186046511628
0.17829457364341086
0.1821705426356589
0.18604651162790697
0.18992248062015504
0.1937984496124031
0.19767441860465115
0.20155038759689922
0.2054263565891473
0.20930232558139536
0.2131782945736434
0.21705426356589147
0.22093023255813954
0.2248062015503876
0.22868217054263565
0.23255813953488372
0.2364341085271318
0.24031007751937986
0.2441860465116279
0.24806201550387597
0.25193798449612403
0.2558139534883721
0.2596899224806202
0.26356589147286824
0.26744186046511625
0.2713178294573643
0.2751937984496124
0.27906976744186046
0.28294573643410853
0.2868217054263566
0.29069767441860467
0.29457364341085274
0.29844961240310075
0.3023255813953488
0.3062015503875969
0.31007751937984496
0.313953488372093
0.3178294573643411
0.32170542635658916
0.32558139534883723
0.32945736434108525
0.3333333333333333
0.3372093023255814
0.34108527131782945
0.3449612403100775
0.3488372093023256
0.35271317829457366
0.35658914728682173
0.36046511627906974
0.3643410852713178
0.3682170542635659
0.37209302325581395
0.375968992248062
0.3798449612403101
0.38372093023255816
0.3875968992248062
0.39147286821705424
0.3953488372093023
0.3992248062015504
0.40310077519379844
0.4069767441860465
0.4108527131782946
0.41472868217054265
0.4186046511627907
0.42248062015503873
0.4263565891472868
0.43023255813953487
0.43410852713178294
0.437984496124031
0.4418604651162791
0.44573643410852715
0.4496124031007752
0.45348837209302323
0.4573643410852713
0.46124031007751937
0.46511627906976744
0.4689922480620155
0.4728682170542636
0.47674418604651164
0.4806201550387597
0.4844961240310077
0.4883720930232558
0.49224806201550386
0.49612403100775193
0.5
0.5038759689922481
0.5077519379844961
0.5116279069767442
0.5155038759689923
0.5193798449612403
0.5232558139534884
0.5271317829457365
0.5310077519379846
0.5348837209302325
0.5387596899224806
0.5426356589147286
0.5465116279069767
0.5503875968992248
0.5542635658914729
0.5581395348837209
0.562015503875969
0.5658914728682171
0.5697674418604651
0.5736434108527132
0.5775193798449613
0.5813953488372093
0.5852713178294574
1.0
1.0
1.0
1.0
1.0
1.0
1.0
1.0
1.0
1.0
1.0
1.0
1.0
1.0
1.0
1.0
1.0
1.0
1.0
1.0
1.0
1.0
1.0
1.0
1.0
1.0
1.0
1.0
1.0
1.0
1.0
1.0
1.0
1.0
1.0
0.2
0.20441988950276244
0.2087912087912088
0.21311475409836064
0.21739130434782608
0.22162162162162163
0.22580645161290322
0.16666666666666666
0.17054263565891473
0.1744186046511628
0.17829457364341086
0.1821705426356589
0.18604651162790697
0.18992248062015504
0.1937984496124031
0.19767441860465115
0.20155038759689922
0.2054263565891473
0.20930232558139536
0.2131782945736434
0.21705426356589147
1.0
1.0
1.0
1.0
1.0
1.0
1.0
1.0
1.0
1.0
1.0
1.0
1.0
1.0
1.0
1.0
1.0
1.0
1.0
1.0
1.0
1.0
1.0
1.0
1.0
1.0
1.0
1.0
1.0
1.0
1.0
1.0
1.0
1.0
1.0
0.2
0.20441988950276244
0.2087912087912088
0.21311475409836064
0.21739130434782608
0.22162162162162163
0.22580645161290322
0.16666666666666666
0.17054263565891473
0.1744186046511628
0.17829457364341086
0.1821705426356589
0.18604651162790697
0.18992248062015504
0.1937984496124031
0.19767441860465115
0.20155038759689922
0.2054263565891473
0.20930232558139536
0.2131782945736434
0.21705426356589147
0.22093023255813954
0.2248062015503876
0.22868217054263565
0.23255813953488372
0.2364341085271318
0.24031007751937986
0.2441860465116279
0.24806201550387597
0.25193798449612403
0.2558139534883721
0.2596899224806202
0.26356589147286824
0.26744186046511625
0.2713178294573643
0.2751937984496124
0.27906976744186046
0.28294573643410853
0.2868217054263566
0.29069767441860467
0.29457364341085274
0.29844961240310075
0.3023255813953488
0.3062015503875969
0.31007751937984496
0.313953488372093
0.3178294573643411
0.32170542635658916
0.32558139534883723
0.32945736434108525
0.3333333333333333
0.3372093023255814
0.34108527131782945
0.3449612403100775
0.3488372093023256
0.35271317829457366
0.35658914728682173
0.36046511627906974
0.3643410852713178
0.3682170542635659
0.37209302325581395
0.375968992248062
0.3798449612403101
0.38372093023255816
0.3875968992248062
0.39147286821705424
0.3953488372093023
0.3992248062015504
0.40310077519379844
0.4069767441860465
0.4108527131782946
0.41472868217054265
0.4186046511627907
0.42248062015503873
0.4263565891472868
0.43023255813953487
0.43410852713178294
0.437984496124031
0.4418604651162791
0.44573643410852715
0.4496124031007752
0.45348837209302323
0.4573643410852713
0.46124031007751937
0.46511627906976744
0.4689922480620155
0.4728682170542636
0.47674418604651164
0.4806201550387597
0.4844961240310077
0.4883720930232558
0.49224806201550386
0.49612403100775193
0.5
0.5038759689922481
0.5077519379844961
0.5116279069767442
0.5155038759689923
0.5193798449612403
0.5232558139534884
0.5271317829457365
0.5310077519379846
0.5348837209302325
0.5387596899224806
0.5426356589147286
0.5465116279069767
0.5503875968992248
0.5542635658914729
0.5581395348837209
0.562015503875969
0.5658914728682171
0.5697674418604651
0.5736434108527132
0.5775193798449613
0.5813953488372093
0.5852713178294574
1.0
1.0
1.0
1.0
1.0
1.0
1.0
1.0
1.0
1.0
1.0
1.0
1.0
1.0
1.0
1.0
1.0
1.0
1.0
1.0
1.0
1.0
1.0
1.0
1.0
1.0
1.0
1.0
1.0
1.0
1.0
1.0
1.0
1.0
1.0
0.2
0.20441988950276244
0.2087912087912088
0.21311475409836064
0.21739130434782608
0.22162162162162163
0.22580645161290322
0.16666666666666666
0.17054263565891473
0.1744186046511628
0.17829457364341086
0.1821705426356589
0.18604651162790697
0.18992248062015504
0.1937984496124031
0.19767441860465115
0.20155038759689922
0.2054263565891473
0.20930232558139536
0.2131782945736434
0.21705426356589147
0.22093023255813954
0.2248062015503876
0.22868217054263565
0.23255813953488372
0.2364341085271318
0.24031007751937986
0.2441860465116279
0.24806201550387597
0.25193798449612403
0.2558139534883721
0.2596899224806202
0.26356589147286824
0.26744186046511625
0.2713178294573643
0.2751937984496124
0.27906976744186046
0.28294573643410853
0.2868217054263566
0.29069767441860467
0.29457364341085274
0.29844961240310075
0.3023255813953488
0.3062015503875969
0.31007751937984496
0.313953488372093
0.3178294573643411
0.32170542635658916
0.32558139534883723
0.32945736434108525
0.3333333333333333
0.3372093023255814
0.34108527131782945
0.3449612403100775
0.3488372093023256
0.35271317829457366
0.35658914728682173
0.36046511627906974
0.3643410852713178
0.3682170542635659
0.37209302325581395
0.375968992248062
0.3798449612403101
0.38372093023255816
0.3875968992248062
0.39147286821705424
0.3953488372093023
0.3992248062015504
0.40310077519379844
0.4069767441860465
0.4108527131782946
0.41472868217054265
0.4186046511627907
0.42248062015503873
0.4263565891472868
0.43023255813953487
0.43410852713178294
0.437984496124031
0.4418604651162791
0.44573643410852715
0.4496124031007752
0.45348837209302323
0.4573643410852713
0.46124031007751937
0.46511627906976744
0.4689922480620155
0.4728682170542636
0.47674418604651164
0.4806201550387597
0.4844961240310077
0.4883720930232558
0.49224806201550386
0.49612403100775193
0.5
0.5038759689922481
0.5077519379844961
0.5116279069767442
0.5155038759689923
0.5193798449612403
0.5232558139534884
0.5271317829457365
0.5310077519379846
0.5348837209302325
0.5387596899224806
0.5426356589147286
0.5465116279069767
0.5503875968992248
0.5542635658914729
0.5581395348837209
0.562015503875969
0.5658914728682171
0.5697674418604651
0.5736434108527132
0.5775193798449613
0.5813953488372093
0.5852713178294574
