1.0
1.0
1.0
1.0
1.0
1.0
1.0
1.0
1.0
1.0
1.0
1.0
1.0
1.0
1.0
1.0
1.0
1.0
1.0
1.0
1.0
1.0
1.0
1.0
1.0
1.0
1.0
1.0
1.0
1.0
1.0
1.0
1.0
1.0
1.0
1.0
1.0
1.0
1.0
1.0
1.0
1.0
0.7962962962962963
0.8
0.8035714285714286
0.8070175438596491
0.8103448275862069
0.8135593220338984
0.8166666666666667
0.819672131147541
0.8225806451612904
0.8253968253968254
0.828125
0.8307692307692308
0.8333333333333334
0.835820895522388
0.8382352941176471
0.8405797101449275
0.8428571428571429
0.23622047244094488
0.24015748031496062
0.2440944881889764
0.24803149606299213
0.25196850393700787
0.2559055118110236
0.25984251968503935
0.2637795275590551
0.2677165354330709
0.27165354330708663
0.2755905511811024
0.2795275590551181
0.28346456692913385
0.2874015748031496
0.29133858267716534
0.2952755905511811
0.2992125984251969
0.3031496062992126
0.30708661417322836
0.3110236220472441
0.31496062992125984
0.3188976377952756
0.3228346456692913
0.32677165354330706
0.33070866141732286
0.3346456692913386
0.33725490196078434
0.33984375
0.3424124513618677
0.3449612403100775
0.3474903474903475
0.35
0.3524904214559387
0.3563218390804598
0.36015325670498083
0.36398467432950193
0.367816091954023
0.3716475095785441
0.37547892720306514
0.3793103448275862
0.3831417624521073
0.38697318007662834
0.39080459770114945
0.3946360153256705
0.39846743295019155
0.40229885057471265
0.4061302681992337
0.4099616858237548
0.41379310344827586
0.41762452107279696
0.421455938697318
0.42528735632183906
0.42911877394636017
0.4329501915708812
0.4367816091954023
0.44061302681992337
0.4444444444444444
0.4482758620689655
0.4521072796934866
0.4559386973180077
0.45977011494252873
0.46360153256704983
0.4674329501915709
0.47126436781609193
0.47509578544061304
0.4789272030651341
0.4827586206896552
0.48659003831417624
0.4904214559386973
0.4942528735632184
0.49808429118773945
0.5019157088122606
0.5057471264367817
0.5095785440613027
0.5134099616858238
0.5172413793103449
0.5210727969348659
0.524904214559387
0.5287356321839081
0.5325670498084292
0.5363984674329502
0.5402298850574713
0.5440613026819924
0.5478927203065134
0.5517241379310345
0.5555555555555556
0.5593869731800766
0.5632183908045977
0.5670498084291188
0.5708812260536399
0.5747126436781609
0.578544061302682
0.5823754789272031
0.5862068965517241
0.5900383141762452
0.5938697318007663
0.5977011494252874
0.6015325670498084
0.6053639846743295
0.6091954022988506
0.6130268199233716
0.6168582375478927
0.6206896551724138
0.6245210727969349
0.6283524904214559
0.632183908045977
0.6360153256704981
0.6398467432950191
0.6436781609195402
0.6475095785440613
0.6513409961685823
0.6551724137931034
0.6590038314176245
0.6628352490421456
0.6666666666666666
0.6704980842911877
0.6743295019157088
0.6781609195402298
0.6819923371647509
0.685823754789272
0.6896551724137931
0.6934865900383141
0.6973180076628352
0.7011494252873564
0.7049808429118773
0.7088122605363985
0.7126436781609196
0.7164750957854407
0.7203065134099617
0.7241379310344828
0.7279693486590039
0.7318007662835249
0.735632183908046
0.7394636015325671
0.7432950191570882
0.7471264367816092
0.7509578544061303
0.7547892720306514
0.7586206896551724
0.7624521072796935
0.7662835249042146
0.7701149425287356
0.7739463601532567
0.7777777777777778
0.7816091954022989
0.7854406130268199
0.789272030651341
0.7931034482758621
0.7969348659003831
0.8007662835249042
0.8045977011494253
0.8084291187739464
0.8122605363984674
0.8160919540229885
0.8199233716475096
0.8237547892720306
0.8275862068965517
0.8314176245210728
0.8352490421455939
0.8390804597701149
0.842911877394636
0.8467432950191571
0.8505747126436781
0.8544061302681992
0.8582375478927203
0.8620689655172413
0.8659003831417624
0.8697318007662835
0.8735632183908046
0.8773946360153256
0.8812260536398467
0.8850574712643678
0.8888888888888888
1.0
1.0
1.0
1.0
1.0
1.0
1.0
1.0
1.0
1.0
1.0
1.0
1.0
1.0
1.0
1.0
1.0
1.0
1.0
1.0
1.0
1.0
1.0
1.0
1.0
1.0
1.0
1.0
1.0
1.0
1.0
1.0
0.15207373271889402
0.1559633027522936
0.1598173515981735
0.16363636363636364
0.167420814479638
0.17117117117117117
0.17488789237668162
0.17857142857142858
0.18222222222222223
0.18584070796460178
0.1894273127753304
0.19298245614035087
0.1965065502183406
0.2
0.20346320346320346
0.20689655172413793
0.21030042918454936
0.21367521367521367
0.2170212765957447
0.22033898305084745
0.22362869198312235
0.226890756302521
0.2301255230125523
0.23333333333333334
0.23651452282157676
0.2396694214876033
0.24279835390946503
0.24691358024691357
0.25102880658436216
0.2551440329218107
0.25925925925925924
0.26337448559670784
0.2674897119341564
0.2716049382716049
0.2757201646090535
0.27983539094650206
0.2839506172839506
0.2880658436213992
0.29218106995884774
0.2962962962962963
0.3004115226337449
0.3045267489711934
0.30864197530864196
0.31275720164609055
0.3168724279835391
0.32098765432098764
0.32510288065843623
0.3292181069958848
0.3319672131147541
0.3346938775510204
0.33739837398373984
0.340080971659919
0.34274193548387094
0.3453815261044177
0.348
0.350597609561753
0.3531746031746032
0.3557312252964427
0.35826771653543305
0.3607843137254902
0.36328125
0.3657587548638132
0.3682170542635659
0.37065637065637064
0.3730769230769231
0.37547892720306514
0.37786259541984735
0.38022813688212925
0.38257575757575757
0.3849056603773585
0.3886792452830189
0.39245283018867927
0.39622641509433965
0.4
0.4037735849056604
0.4075471698113208
0.41132075471698115
0.41509433962264153
0.4188679245283019
0.42105263157894735
0.424812030075188
0.42857142857142855
0.4323308270676692
0.43609022556390975
0.4398496240601504
0.44360902255639095
0.4473684210526316
0.45112781954887216
0.4548872180451128
0.45864661654135336
0.4606741573033708
0.4626865671641791
0.4646840148698885
0.4666666666666667
0.46863468634686345
0.47058823529411764
0.4725274725274725
0.4744525547445255
1.0
1.0
1.0
1.0
1.0
1.0
1.0
1.0
1.0
1.0
1.0
1.0
1.0
1.0
1.0
1.0
1.0
1.0
1.0
1.0
1.0
1.0
1.0
1.0
1.0
1.0
1.0
1.0
1.0
1.0
1.0
1.0
1.0
1.0
1.0
1.0
1.0
1.0
1.0
1.0
1.0
1.0
0.7962962962962963
0.8
0.8035714285714286
0.8070175438596491
0.8103448275862069
0.8135593220338984
0.8166666666666667
0.819672131147541
0.8225806451612904
0.8253968253968254
0.828125
0.8307692307692308
0.8333333333333334
0.835820895522388
0.8382352941176471
0.8405797101449275
0.8428571428571429
0.23622047244094488
0.24015748031496062
0.2440944881889764
0.24803149606299213
0.25196850393700787
0.2559055118110236
0.25984251968503935
0.2637795275590551
0.2677165354330709
0.27165354330708663
0.2755905511811024
0.2795275590551181
0.28346456692913385
0.2874015748031496
0.29133858267716534
0.2952755905511811
0.2992125984251969
0.3031496062992126
0.30708661417322836
0.3110236220472441
0.31496062992125984
0.3188976377952756
0.3228346456692913
0.32677165354330706
0.33070866141732286
0.3346456692913386
0.33858267716535434
0.3425196850393701
0.3464566929133858
0.35039370078740156
0.3543307086614173
0.35826771653543305
0.36220472440944884
0.3661417322834646
0.3700787401574803
0.37401574803149606
0.3779527559055118
0.38188976377952755
0.3858267716535433
0.38976377952755903
0.3937007874015748
0.39763779527559057
0.4015748031496063
0.40551181102362205
0.4094488188976378
0.41338582677165353
0.41732283464566927
0.421259842519685
0.4251968503937008
0.42913385826771655
0.4330708661417323
0.43700787401574803
0.4409448818897638
0.4448818897637795
0.44881889763779526
0.452755905511811
0.4566929133858268
0.46062992125984253
0.4645669291338583
0.468503937007874
0.47244094488188976
0.4763779527559055
0.48031496062992124
0.484251968503937
0.4881889763779528
0.4921259842519685
0.49606299212598426
0.5
0.5039370078740157
0.5078740157480315
0.5118110236220472
0.515748031496063
0.5196850393700787
0.5236220472440944
0.5275590551181102
0.531496062992126
0.5354330708661418
0.5393700787401575
0.5433070866141733
0.547244094488189
0.5511811023622047
0.5551181102362205
0.5590551181102362
0.562992125984252
0.5669291338582677
0.5708661417322834
0.5748031496062992
0.5787401574803149
0.5826771653543307
0.5866141732283464
0.5905511811023622
0.594488188976378
0.5984251968503937
0.6023622047244095
0.6062992125984252
0.610236220472441
0.611764705882353
0.61328125
0.6147859922178989
0.6162790697674418
0.6177606177606177
0.6192307692307693
0.6206896551724138
0.6245210727969349
0.6283524904214559
0.632183908045977
0.6360153256704981
0.6398467432950191
0.6436781609195402
0.6475095785440613
0.6513409961685823
0.6551724137931034
0.6590038314176245
0.6628352490421456
0.6666666666666666
0.6704980842911877
0.6743295019157088
0.6781609195402298
0.6819923371647509
0.685823754789272
0.6896551724137931
0.6934865900383141
0.6973180076628352
0.7011494252873564
0.7049808429118773
0.7088122605363985
0.7126436781609196
0.7164750957854407
0.7203065134099617
0.7241379310344828
0.7279693486590039
0.7318007662835249
0.735632183908046
0.7394636015325671
0.7432950191570882
0.7471264367816092
0.7509578544061303
0.7547892720306514
0.7586206896551724
0.7624521072796935
0.7662835249042146
0.7701149425287356
0.7739463601532567
0.7777777777777778
0.7816091954022989
0.7854406130268199
0.789272030651341
0.7931034482758621
0.7969348659003831
0.8007662835249042
0.8045977011494253
0.8084291187739464
0.8122605363984674
0.8160919540229885
0.8199233716475096
0.8237547892720306
0.8275862068965517
0.8314176245210728
0.8352490421455939
0.8390804597701149
0.842911877394636
0.8467432950191571
0.8505747126436781
0.8544061302681992
0.8582375478927203
0.8620689655172413
0.8659003831417624
0.8697318007662835
0.8735632183908046
0.8773946360153256
0.8812260536398467
0.8850574712643678
0.8888888888888888
0.89272030651341
0.896551724137931
0.9003831417624522
1.0
1.0
1.0
1.0
1.0
1.0
1.0
1.0
1.0
1.0
1.0
1.0
1.0
1.0
1.0
1.0
1.0
1.0
1.0
1.0
1.0
1.0
1.0
1.0
1.0
1.0
1.0
1.0
1.0
1.0
1.0
1.0
0.15207373271889402
0.1559633027522936
0.1598173515981735
0.16363636363636364
0.167420814479638
0.17117117117117117
0.17488789237668162
0.17857142857142858
0.18222222222222223
0.18584070796460178
0.1894273127753304
0.19298245614035087
0.1965065502183406
0.2
0.20346320346320346
0.20689655172413793
0.21030042918454936
0.21367521367521367
0.2170212765957447
0.22033898305084745
0.22362869198312235
0.226890756302521
0.2301255230125523
0.23333333333333334
0.23651452282157676
0.2396694214876033
0.24279835390946503
0.24691358024691357
0.25102880658436216
0.2551440329218107
0.25925925925925924
0.26337448559670784
0.2674897119341564
0.2716049382716049
0.2757201646090535
0.27983539094650206
0.2839506172839506
0.2880658436213992
0.29218106995884774
0.2962962962962963
0.3004115226337449
0.3045267489711934
0.30864197530864196
0.31275720164609055
0.3168724279835391
0.32098765432098764
0.32510288065843623
0.3292181069958848
0.3319672131147541
0.3346938775510204
0.33739837398373984
0.340080971659919
0.34274193548387094
0.3453815261044177
0.348
0.350597609561753
0.3531746031746032
0.3557312252964427
0.35826771653543305
0.3607843137254902
0.36328125
0.3657587548638132
0.3682170542635659
0.37065637065637064
0.3730769230769231
0.37547892720306514
0.37786259541984735
0.38022813688212925
0.38257575757575757
0.3849056603773585
0.3886792452830189
0.39245283018867927
0.39622641509433965
0.4
0.4037735849056604
0.4075471698113208
0.41132075471698115
0.41509433962264153
0.4188679245283019
0.42105263157894735
0.424812030075188
0.42857142857142855
0.4323308270676692
0.43609022556390975
0.4398496240601504
0.44360902255639095
0.4473684210526316
0.45112781954887216
0.4548872180451128
0.45864661654135336
0.4606741573033708
0.4626865671641791
0.4646840148698885
0.4666666666666667
0.46863468634686345
0.47058823529411764
0.4725274725274725
0.4744525547445255
1.0
1.0
1.0
1.0
1.0
1.0
1.0
1.0
1.0
1.0
1.0
1.0
1.0
1.0
1.0
1.0
1.0
1.0
1.0
1.0
1.0
1.0
1.0
1.0
1.0
1.0
1.0
1.0
1.0
1.0
1.0
1.0
1.0
1.0
1.0
1.0
1.0
1.0
1.0
1.0
1.0
1.0
1.0
1.0
1.0
1.0
1.0
1.0
1.0
1.0
1.0
1.0
1.0
1.0
1.0
1.0
1.0
1.0
1.0
1.0
1.0
1.0
1.0
1.0
1.0
1.0
1.0
1.0
1.0
1.0
1.0
1.0
1.0
1.0
1.0
1.0
1.0
1.0
1.0
1.0
1.0
1.0
1.0
1.0
1.0
1.0
1.0
1.0
1.0
1.0
1.0
1.0
1.0
1.0
1.0
1.0
1.0
1.0
1.0
1.0
1.0
0.7962962962962963
0.8
0.8035714285714286
0.8070175438596491
0.8103448275862069
0.8135593220338984
0.8166666666666667
0.819672131147541
0.8225806451612904
0.8253968253968254
0.828125
0.8307692307692308
0.8333333333333334
0.835820895522388
0.8382352941176471
0.8405797101449275
0.8428571428571429
0.23622047244094488
0.24015748031496062
0.2440944881889764
0.24803149606299213
0.25196850393700787
0.2559055118110236
0.25984251968503935
0.2637795275590551
0.2677165354330709
0.27165354330708663
0.2755905511811024
0.2795275590551181
0.28346456692913385
0.2874015748031496
0.29133858267716534
0.2952755905511811
0.2992125984251969
0.3031496062992126
0.30708661417322836
0.3110236220472441
0.31496062992125984
0.3188976377952756
0.3228346456692913
0.32677165354330706
0.33070866141732286
0.3346456692913386
0.33858267716535434
0.3425196850393701
0.3464566929133858
0.35039370078740156
0.3543307086614173
0.35826771653543305
0.36220472440944884
0.3661417322834646
0.3700787401574803
0.37401574803149606
0.3779527559055118
0.38188976377952755
0.3858267716535433
0.38976377952755903
0.3937007874015748
0.39763779527559057
0.4015748031496063
0.40551181102362205
0.4094488188976378
0.41338582677165353
0.41732283464566927
0.421259842519685
0.4251968503937008
0.42913385826771655
0.4330708661417323
0.43700787401574803
0.4409448818897638
0.4448818897637795
0.44881889763779526
0.452755905511811
0.4566929133858268
0.46062992125984253
0.4645669291338583
0.468503937007874
0.47244094488188976
0.4763779527559055
0.48031496062992124
0.484251968503937
0.4881889763779528
0.4921259842519685
0.49606299212598426
0.5
0.5039370078740157
0.5078740157480315
0.5118110236220472
0.515748031496063
0.5196850393700787
0.5236220472440944
0.5275590551181102
0.531496062992126
0.5354330708661418
0.5393700787401575
0.5433070866141733
0.547244094488189
0.5490196078431373
0.55078125
0.5525291828793775
0.5542635658914729
0.555984555984556
0.5576923076923077
0.5593869731800766
0.5632183908045977
0.5670498084291188
0.5708812260536399
0.5747126436781609
0.578544061302682
0.5823754789272031
0.5862068965517241
0.5900383141762452
0.5938697318007663
0.5977011494252874
0.6015325670498084
0.6053639846743295
0.6091954022988506
0.6130268199233716
0.6168582375478927
0.6206896551724138
0.6245210727969349
0.6283524904214559
0.632183908045977
0.6360153256704981
0.6398467432950191
0.6436781609195402
0.6475095785440613
0.6513409961685823
0.6551724137931034
0.6590038314176245
0.6628352490421456
0.6666666666666666
0.6704980842911877
0.6743295019157088
0.6781609195402298
0.6819923371647509
0.685823754789272
0.6896551724137931
0.6934865900383141
0.6973180076628352
0.7011494252873564
0.7049808429118773
0.7088122605363985
0.7126436781609196
0.7164750957854407
0.7203065134099617
0.7241379310344828
0.7279693486590039
0.7318007662835249
0.735632183908046
0.7394636015325671
0.7432950191570882
0.7471264367816092
0.7509578544061303
0.7547892720306514
0.7586206896551724
0.7624521072796935
0.7662835249042146
0.7701149425287356
0.7739463601532567
0.7777777777777778
0.7816091954022989
0.7854406130268199
0.789272030651341
0.7931034482758621
0.7969348659003831
0.8007662835249042
0.8045977011494253
0.8084291187739464
0.8122605363984674
0.8160919540229885
0.8199233716475096
0.8237547892720306
0.8275862068965517
0.8314176245210728
0.8352490421455939
0.8390804597701149
0.842911877394636
0.8467432950191571
0.8505747126436781
0.8544061302681992
0.8582375478927203
0.8620689655172413
0.8659003831417624
0.8697318007662835
0.8735632183908046
0.8773946360153256
0.8812260536398467
0.8850574712643678
0.8888888888888888
0.89272030651341
0.896551724137931
0.9003831417624522
1.0
1.0
1.0
1.0
1.0
1.0
1.0
1.0
1.0
1.0
1.0
1.0
1.0
1.0
1.0
1.0
1.0
1.0
1.0
1.0
1.0
1.0
1.0
1.0
1.0
1.0
1.0
1.0
1.0
1.0
1.0
1.0
1.0
1.0
1.0
1.0
1.0
1.0
1.0
1.0
1.0
1.0
1.0
1.0
1.0
1.0
1.0
1.0
1.0
1.0
1.0
1.0
1.0
1.0
1.0
1.0
1.0
1.0
1.0
1.0
1.0
1.0
1.0
1.0
1.0
1.0
1.0
1.0
1.0
1.0
1.0
1.0
1.0
1.0
1.0
1.0
1.0
1.0
1.0
1.0
1.0
1.0
1.0
1.0
1.0
1.0
1.0
1.0
1.0
1.0
1.0
1.0
1.0
1.0
1.0
1.0
1.0
1.0
1.0
1.0
1.0
1.0
1.0
1.0
1.0
1.0
1.0
1.0
1.0
1.0
1.0
1.0
1.0
1.0
1.0
1.0
1.0
1.0
1.0
1.0
1.0
1.0
1.0
1.0
1.0
1.0
1.0
1.0
1.0
1.0
1.0
1.0
1.0
1.0
1.0
1.0
1.0
1.0
1.0
1.0
1.0
1.0
1.0
1.0
1.0
1.0
1.0
1.0
1.0
1.0
1.0
1.0
1.0
1.0
1.0
1.0
1.0
1.0
1.0
1.0
1.0
1.0
0.15207373271889402
0.1559633027522936
0.1598173515981735
0.16363636363636364
0.167420814479638
0.17117117117117117
0.17488789237668162
0.17857142857142858
0.18222222222222223
0.18584070796460178
0.1894273127753304
0.19298245614035087
0.1965065502183406
0.2
0.20346320346320346
0.20689655172413793
0.21030042918454936
0.21367521367521367
0.2170212765957447
0.22033898305084745
0.22362869198312235
0.226890756302521
0.2301255230125523
0.23333333333333334
0.23651452282157676
0.2396694214876033
0.24279835390946503
0.24691358024691357
0.25102880658436216
0.2551440329218107
0.25925925925925924
0.26337448559670784
0.2674897119341564
0.2716049382716049
0.2757201646090535
0.27983539094650206
0.2839506172839506
0.2880658436213992
0.29218106995884774
0.2962962962962963
0.3004115226337449
0.3045267489711934
0.30864197530864196
0.31275720164609055
0.3168724279835391
0.32098765432098764
0.32510288065843623
0.3292181069958848
0.3319672131147541
0.3346938775510204
0.33739837398373984
0.340080971659919
0.34274193548387094
0.3453815261044177
0.348
0.350597609561753
0.3531746031746032
0.3557312252964427
0.35826771653543305
0.3607843137254902
0.36328125
0.3657587548638132
0.3682170542635659
0.37065637065637064
0.3730769230769231
0.37547892720306514
0.37786259541984735
0.38022813688212925
0.38257575757575757
0.3849056603773585
0.3886792452830189
0.39245283018867927
0.39622641509433965
0.4
0.4037735849056604
0.4075471698113208
0.41132075471698115
0.41509433962264153
0.4188679245283019
0.42105263157894735
0.424812030075188
0.42857142857142855
0.4323308270676692
0.43609022556390975
0.4398496240601504
0.44360902255639095
0.4473684210526316
0.45112781954887216
0.4548872180451128
0.45864661654135336
0.4606741573033708
0.4626865671641791
0.4646840148698885
0.4666666666666667
0.46863468634686345
0.47058823529411764
0.4725274725274725
0.4744525547445255
1.0
1.0
1.0
1.0
1.0
1.0
1.0
1.0
1.0
1.0
1.0
1.0
1.0
1.0
1.0
1.0
1.0
1.0
1.0
1.0
1.0
1.0
1.0
1.0
1.0
1.0
1.0
1.0
1.0
1.0
1.0
1.0
1.0
1.0
1.0
1.0
1.0
1.0
1.0
1.0
1.0
1.0
0.7962962962962963
0.8
0.8035714285714286
0.8070175438596491
0.8103448275862069
0.8135593220338984
0.8166666666666667
0.819672131147541
0.8225806451612904
0.8253968253968254
0.828125
0.8307692307692308
0.8333333333333334
0.835820895522388
0.8382352941176471
0.8405797101449275
0.8428571428571429
0.23622047244094488
0.24015748031496062
0.2440944881889764
0.24803149606299213
0.25196850393700787
0.2559055118110236
0.25984251968503935
0.2637795275590551
0.2677165354330709
0.27165354330708663
0.2755905511811024
0.2795275590551181
0.28346456692913385
0.2874015748031496
0.29133858267716534
0.2952755905511811
1.0
1.0
1.0
1.0
1.0
1.0
1.0
1.0
1.0
1.0
1.0
1.0
1.0
1.0
1.0
1.0
1.0
1.0
1.0
1.0
1.0
1.0
1.0
1.0
1.0
1.0
1.0
1.0
1.0
1.0
1.0
1.0
0.15207373271889402
0.1559633027522936
0.1598173515981735
0.16363636363636364
0.167420814479638
0.17117117117117117
0.17488789237668162
0.17857142857142858
0.18222222222222223
0.18584070796460178
0.1894273127753304
0.19298245614035087
0.1965065502183406
0.2
0.20346320346320346
0.20689655172413793
0.21030042918454936
0.21367521367521367
0.2170212765957447
0.22033898305084745
0.22362869198312235
0.226890756302521
0.2301255230125523
0.23333333333333334
0.23651452282157676
0.2396694214876033
0.24279835390946503
0.24691358024691357
0.25102880658436216
0.2551440329218107
0.25925925925925924
0.26337448559670784
0.2674897119341564
0.2716049382716049
0.2757201646090535
0.27983539094650206
0.2839506172839506
0.2880658436213992
0.29218106995884774
0.2962962962962963
0.3004115226337449
0.3045267489711934
0.30864197530864196
0.31275720164609055
0.3168724279835391
0.32098765432098764
0.32510288065843623
0.3292181069958848
0.3319672131147541
0.3346938775510204
0.33739837398373984
0.340080971659919
0.34274193548387094
0.3453815261044177
0.348
0.350597609561753
0.3531746031746032
0.3557312252964427
0.35826771653543305
0.3607843137254902
0.36328125
0.3657587548638132
0.3682170542635659
0.37065637065637064
0.3730769230769231
0.37547892720306514
0.37786259541984735
0.38022813688212925
0.38257575757575757
0.3849056603773585
0.3886792452830189
0.39245283018867927
0.39622641509433965
0.4
0.4037735849056604
0.4075471698113208
0.41132075471698115
0.41509433962264153
0.4188679245283019
0.42105263157894735
0.424812030075188
0.42857142857142855
0.4323308270676692
0.43609022556390975
0.4398496240601504
0.44360902255639095
0.4473684210526316
0.45112781954887216
0.4548872180451128
0.45864661654135336
0.4606741573033708
0.4626865671641791
0.4646840148698885
0.4666666666666667
0.46863468634686345
0.47058823529411764
0.4725274725274725
0.4744525547445255
1.0
1.0
1.0
1.0
1.0
1.0
1.0
1.0
1.0
1.0
1.0
1.0
1.0
1.0
1.0
1.0
1.0
1.0
1.0
1.0
1.0
1.0
1.0
1.0
1.0
1.0
1.0
1.0
1.0
1.0
1.0
1.0
1.0
1.0
1.0
1.0
1.0
1.0
1.0
1.0
1.0
1.0
1.0
1.0
1.0
1.0
1.0
0.7962962962962963
0.8
0.8035714285714286
0.8070175438596491
0.8103448275862069
0.8135593220338984
0.8166666666666667
0.819672131147541
0.8225806451612904
0.8253968253968254
0.828125
0.8307692307692308
0.8333333333333334
0.835820895522388
0.8382352941176471
0.8405797101449275
0.8428571428571429
0.23622047244094488
0.24015748031496062
0.2440944881889764
0.24803149606299213
0.25196850393700787
0.2559055118110236
0.25984251968503935
0.2637795275590551
0.2677165354330709
0.27165354330708663
0.2755905511811024
0.2795275590551181
0.28346456692913385
0.2874015748031496
0.29133858267716534
0.2952755905511811
0.2992125984251969
0.3031496062992126
0.30708661417322836
0.3110236220472441
0.31496062992125984
0.3188976377952756
0.3228346456692913
0.32677165354330706
0.33070866141732286
0.3346456692913386
0.33858267716535434
0.3425196850393701
0.3464566929133858
0.35039370078740156
0.3543307086614173
0.35826771653543305
0.36220472440944884
0.3661417322834646
0.3700787401574803
0.37401574803149606
0.3779527559055118
0.38188976377952755
0.3858267716535433
0.38976377952755903
0.3937007874015748
0.39763779527559057
0.4015748031496063
0.40551181102362205
0.4094488188976378
0.41338582677165353
0.41732283464566927
0.421259842519685
0.4251968503937008
0.42913385826771655
0.4330708661417323
0.43700787401574803
0.4409448818897638
0.4448818897637795
0.44881889763779526
0.452755905511811
0.4566929133858268
0.46062992125984253
0.4645669291338583
0.468503937007874
0.47244094488188976
0.4763779527559055
0.48031496062992124
0.484251968503937
0.4881889763779528
0.4921259842519685
0.49606299212598426
0.5
0.5039370078740157
0.5078740157480315
0.5118110236220472
0.515748031496063
0.5196850393700787
0.5236220472440944
0.5275590551181102
0.531496062992126
0.5354330708661418
0.5393700787401575
0.5433070866141733
0.547244094488189
0.5511811023622047
0.5551181102362205
0.5590551181102362
0.562992125984252
0.5669291338582677
0.5708661417322834
0.5748031496062992
0.5787401574803149
0.5826771653543307
0.5866141732283464
0.5905511811023622
0.594488188976378
0.5984251968503937
0.6023622047244095
0.6062992125984252
0.610236220472441
0.6141732283464567
0.6181102362204725
0.6220472440944882
0.6259842519685039
0.6299212598425197
0.6338582677165354
0.6377952755905512
0.6417322834645669
0.6456692913385826
0.6496062992125984
0.6535433070866141
0.65748031496063
0.6614173228346457
0.6653543307086615
0.6692913385826772
0.6732283464566929
0.6771653543307087
0.6811023622047244
0.6823529411764706
0.68359375
0.6848249027237354
0.686046511627907
0.6872586872586872
0.6884615384615385
0.6896551724137931
0.6934865900383141
0.6973180076628352
0.7011494252873564
0.7049808429118773
0.7088122605363985
0.7126436781609196
0.7164750957854407
0.7203065134099617
0.7241379310344828
0.7279693486590039
0.7318007662835249
0.735632183908046
0.7394636015325671
0.7432950191570882
0.7471264367816092
0.7509578544061303
0.7547892720306514
0.7586206896551724
0.7624521072796935
0.7662835249042146
0.7701149425287356
0.7739463601532567
0.7777777777777778
0.7816091954022989
0.7854406130268199
0.789272030651341
0.7931034482758621
0.7969348659003831
0.8007662835249042
0.8045977011494253
0.8084291187739464
0.8122605363984674
0.8160919540229885
0.8199233716475096
0.8237547892720306
0.8275862068965517
0.8314176245210728
0.8352490421455939
0.8390804597701149
0.842911877394636
0.8467432950191571
0.8505747126436781
0.8544061302681992
0.8582375478927203
0.8620689655172413
0.8659003831417624
0.8697318007662835
0.8735632183908046
0.8773946360153256
0.8812260536398467
0.8850574712643678
0.8888888888888888
0.89272030651341
0.896551724137931
0.9003831417624522
1.0
1.0
1.0
1.0
1.0
1.0
1.0
1.0
1.0
1.0
1.0
1.0
1.0
1.0
1.0
1.0
1.0
1.0
1.0
1.0
1.0
1.0
1.0
1.0
1.0
1.0
1.0
1.0
1.0
1.0
1.0
1.0
0.15207373271889402
0.1559633027522936
0.1598173515981735
0.16363636363636364
0.167420814479638
0.17117117117117117
0.17488789237668162
0.17857142857142858
0.18222222222222223
0.18584070796460178
0.1894273127753304
0.19298245614035087
0.1965065502183406
0.2
0.20346320346320346
0.20689655172413793
0.21030042918454936
0.21367521367521367
0.2170212765957447
0.22033898305084745
0.22362869198312235
0.226890756302521
0.2301255230125523
0.23333333333333334
0.23651452282157676
0.2396694214876033
0.24279835390946503
0.24691358024691357
0.25102880658436216
0.2551440329218107
0.25925925925925924
0.26337448559670784
0.2674897119341564
0.2716049382716049
0.2757201646090535
0.27983539094650206
0.2839506172839506
0.2880658436213992
0.29218106995884774
0.2962962962962963
0.3004115226337449
0.3045267489711934
0.30864197530864196
0.31275720164609055
0.3168724279835391
0.32098765432098764
0.32510288065843623
0.3292181069958848
0.3319672131147541
0.3346938775510204
0.33739837398373984
0.340080971659919
0.34274193548387094
0.3453815261044177
0.348
0.350597609561753
0.3531746031746032
0.3557312252964427
0.35826771653543305
0.3607843137254902
0.36328125
0.3657587548638132
0.3682170542635659
0.37065637065637064
0.3730769230769231
0.37547892720306514
0.37786259541984735
0.38022813688212925
0.38257575757575757
0.3849056603773585
0.3886792452830189
0.39245283018867927
0.39622641509433965
0.4
0.4037735849056604
0.4075471698113208
0.41132075471698115
0.41509433962264153
0.4188679245283019
0.42105263157894735
0.424812030075188
0.42857142857142855
0.4323308270676692
0.43609022556390975
0.4398496240601504
0.44360902255639095
0.4473684210526316
0.45112781954887216
0.4548872180451128
0.45864661654135336
0.4606741573033708
0.4626865671641791
0.4646840148698885
0.4666666666666667
0.46863468634686345
0.47058823529411764
0.4725274725274725
0.4744525547445255
