1.0
1.0
1.0
1.0
1.0
1.0
1.0
1.0
1.0
1.0
1.0
1.0
1.0
1.0
1.0
1.0
1.0
1.0
1.0
1.0
1.0
1.0
1.0
1.0
1.0
1.0
1.0
1.0
1.0
1.0
1.0
1.0
1.0
1.0
1.0
1.0
1.0
1.0
1.0
1.0
1.0
1.0
1.0
1.0
1.0
1.0
1.0
1.0
1.0
1.0
1.0
1.0
1.0
1.0
1.0
1.0
1.0
1.0
1.0
1.0
1.0
1.0
1.0
0.5714285714285714
0.5813953488372093
0.5909090909090909
0.6
0.6086956521739131
0.6170212765957447
0.625
0.6326530612244898
0.64
0.6470588235294118
0.6538461538461539
0.660377358490566
0.6666666666666666
0.6727272727272727
0.6785714285714286
0.6842105263157895
0.6896551724137931
0.6949152542372882
0.7
0.7049180327868853
0.7096774193548387
0.7142857142857143
0.71875
0.618421052631579
0.6233766233766234
0.6282051282051282
0.6329113924050633
0.6375
0.65
0.6625
0.675
0.6875
0.7
0.7125
0.725
0.7375
0.75
0.7625
0.775
0.7777777777777778
0.7804878048780488
0.7831325301204819
0.7857142857142857
0.788235294117647
0.7906976744186046
0.7931034482758621
0.7954545454545454
0.797752808988764
0.8
0.8021978021978022
0.8043478260869565
0.8064516129032258
0.8085106382978723
0.8191489361702128
0.8297872340425532
0.8404255319148937
0.851063829787234
0.8617021276595744
0.8723404255319149
0.8829787234042553
0.8936170212765957
0.9042553191489362
0.9148936170212766
0.925531914893617
0.9361702127659575
0.9468085106382979
0.9473684210526315
0.9479166666666666
0.9484536082474226
0.9489795918367347
0.9494949494949495
0.95
0.9504950495049505
0.9509803921568627
0.9514563106796117
0.9519230769230769
0.9523809523809523
0.9528301886792453
0.9532710280373832
0.9537037037037037
0.9541284403669725
0.9545454545454546
1.0
1.0
1.0
1.0
1.0
1.0
1.0
1.0
1.0
1.0
1.0
1.0
1.0
1.0
1.0
1.0
1.0
1.0
1.0
1.0
1.0
1.0
1.0
1.0
1.0
1.0
1.0
1.0
1.0
1.0
1.0
1.0
1.0
1.0
1.0
1.0
1.0
1.0
1.0
1.0
1.0
1.0
1.0
1.0
1.0
1.0
1.0
1.0
1.0
1.0
1.0
1.0
1.0
1.0
1.0
1.0
1.0
1.0
1.0
1.0
1.0
1.0
1.0
0.5714285714285714
0.5813953488372093
0.5909090909090909
0.6
0.6086956521739131
0.6170212765957447
0.625
0.6326530612244898
0.64
0.6470588235294118
0.6538461538461539
0.660377358490566
0.6666666666666666
0.6727272727272727
0.6785714285714286
0.6842105263157895
0.6896551724137931
0.6949152542372882
0.7
0.7049180327868853
0.7096774193548387
0.7142857142857143
0.71875
0.618421052631579
0.6233766233766234
0.6282051282051282
0.6329113924050633
0.6375
0.65
0.6625
0.675
0.6875
0.7
0.7125
0.725
0.7375
0.75
0.7625
0.775
0.7777777777777778
0.7804878048780488
0.7831325301204819
0.7857142857142857
0.788235294117647
0.7906976744186046
0.7931034482758621
0.7954545454545454
0.797752808988764
0.8
0.8021978021978022
0.8043478260869565
0.8064516129032258
0.8085106382978723
0.8191489361702128
0.8297872340425532
0.8404255319148937
0.851063829787234
0.8617021276595744
0.8723404255319149
0.8829787234042553
0.8936170212765957
0.9042553191489362
0.9148936170212766
0.925531914893617
0.9361702127659575
0.9468085106382979
0.9473684210526315
0.9479166666666666
0.9484536082474226
0.9489795918367347
0.9494949494949495
0.95
0.9504950495049505
0.9509803921568627
0.9514563106796117
0.9519230769230769
0.9523809523809523
0.9528301886792453
0.9532710280373832
0.9537037037037037
0.9541284403669725
0.9545454545454546
1.0
1.0
1.0
1.0
1.0
1.0
1.0
1.0
1.0
1.0
1.0
1.0
1.0
1.0
1.0
1.0
1.0
1.0
1.0
1.0
1.0
1.0
1.0
1.0
1.0
1.0
1.0
1.0
1.0
1.0
1.0
1.0
1.0
1.0
1.0
1.0
1.0
1.0
1.0
1.0
1.0
1.0
1.0
1.0
1.0
1.0
1.0
1.0
1.0
1.0
1.0
1.0
1.0
1.0
1.0
1.0
1.0
1.0
1.0
1.0
1.0
1.0
1.0
1.0
1.0
1.0
1.0
1.0
1.0
1.0
1.0
1.0
1.0
1.0
1.0
1.0
1.0
1.0
1.0
1.0
1.0
1.0
1.0
1.0
1.0
1.0
1.0
1.0
1.0
1.0
1.0
1.0
1.0
1.0
1.0
1.0
1.0
1.0
1.0
1.0
1.0
1.0
1.0
1.0
1.0
1.0
1.0
1.0
1.0
1.0
1.0
1.0
1.0
1.0
1.0
1.0
1.0
1.0
1.0
1.0
1.0
1.0
1.0
1.0
1.0
1.0
1.0
1.0
1.0
1.0
1.0
1.0
1.0
1.0
1.0
1.0
1.0
1.0
1.0
1.0
1.0
1.0
1.0
1.0
1.0
1.0
1.0
1.0
1.0
1.0
1.0
1.0
1.0
1.0
1.0
1.0
1.0
1.0
1.0
1.0
1.0
1.0
1.0
1.0
1.0
1.0
1.0
1.0
1.0
1.0
1.0
1.0
1.0
1.0
1.0
1.0
1.0
1.0
1.0
1.0
1.0
1.0
1.0
1.0
1.0
1.0
1.0
1.0
1.0
1.0
1.0
1.0
1.0
1.0
1.0
1.0
1.0
1.0
1.0
1.0
1.0
1.0
1.0
1.0
1.0
1.0
1.0
1.0
0.5714285714285714
0.5813953488372093
0.5909090909090909
0.6
0.6086956521739131
0.6170212765957447
0.625
0.6326530612244898
0.64
0.6470588235294118
0.6538461538461539
0.660377358490566
0.6666666666666666
0.6727272727272727
0.6785714285714286
0.6842105263157895
0.6896551724137931
0.6949152542372882
0.7
0.7049180327868853
0.7096774193548387
0.7142857142857143
0.71875
0.618421052631579
0.6233766233766234
0.6282051282051282
0.6329113924050633
0.6375
0.65
0.6625
0.675
0.6875
0.7
0.7125
0.725
0.7375
0.75
0.7625
0.775
0.7777777777777778
0.7804878048780488
0.7831325301204819
0.7857142857142857
0.788235294117647
0.7906976744186046
0.7931034482758621
0.7954545454545454
0.797752808988764
0.8
0.8021978021978022
0.8043478260869565
0.8064516129032258
0.8085106382978723
0.8191489361702128
0.8297872340425532
0.8404255319148937
0.851063829787234
0.8617021276595744
0.8723404255319149
0.8829787234042553
0.8936170212765957
0.9042553191489362
0.9148936170212766
0.925531914893617
0.9361702127659575
0.9468085106382979
0.9473684210526315
0.9479166666666666
0.9484536082474226
0.9489795918367347
0.9494949494949495
0.95
0.9504950495049505
0.9509803921568627
0.9514563106796117
0.9519230769230769
0.9523809523809523
0.9528301886792453
0.9532710280373832
0.9537037037037037
0.9541284403669725
0.9545454545454546
1.0
1.0
1.0
1.0
1.0
1.0
1.0
1.0
1.0
1.0
1.0
1.0
1.0
1.0
1.0
1.0
1.0
1.0
1.0
1.0
1.0
1.0
1.0
1.0
1.0
1.0
1.0
1.0
1.0
1.0
1.0
1.0
1.0
1.0
1.0
1.0
1.0
1.0
1.0
1.0
1.0
1.0
1.0
1.0
1.0
1.0
1.0
1.0
1.0
1.0
1.0
1.0
1.0
1.0
1.0
1.0
1.0
1.0
1.0
1.0
1.0
1.0
1.0
0.5714285714285714
0.5813953488372093
0.5909090909090909
0.6
0.6086956521739131
0.6170212765957447
0.625
0.6326530612244898
0.64
0.6470588235294118
0.6538461538461539
0.660377358490566
0.6666666666666666
0.6727272727272727
0.6785714285714286
0.6842105263157895
0.6896551724137931
0.6949152542372882
0.7
0.7049180327868853
0.7096774193548387
0.7142857142857143
0.71875
0.618421052631579
0.6233766233766234
0.6282051282051282
0.6329113924050633
0.6375
0.65
0.6625
0.675
0.6875
0.7
0.7125
0.725
0.7375
0.75
0.7625
0.775
0.7777777777777778
0.7804878048780488
0.7831325301204819
0.7857142857142857
0.788235294117647
0.7906976744186046
0.7931034482758621
0.7954545454545454
0.797752808988764
0.8
0.8021978021978022
0.8043478260869565
0.8064516129032258
0.8085106382978723
0.8191489361702128
0.8297872340425532
0.8404255319148937
0.851063829787234
0.8617021276595744
0.8723404255319149
0.8829787234042553
0.8936170212765957
0.9042553191489362
0.9148936170212766
0.925531914893617
0.9361702127659575
0.9468085106382979
0.9473684210526315
0.9479166666666666
0.9484536082474226
0.9489795918367347
0.9494949494949495
0.95
0.9504950495049505
0.9509803921568627
0.9514563106796117
0.9519230769230769
0.9523809523809523
0.9528301886792453
0.9532710280373832
0.9537037037037037
0.9541284403669725
0.9545454545454546
1.0
1.0
1.0
1.0
1.0
1.0
1.0
1.0
1.0
1.0
1.0
1.0
1.0
1.0
1.0
1.0
1.0
1.0
1.0
1.0
1.0
1.0
1.0
1.0
1.0
1.0
1.0
1.0
1.0
1.0
1.0
1.0
1.0
1.0
1.0
1.0
1.0
1.0
1.0
1.0
1.0
1.0
1.0
1.0
1.0
1.0
1.0
1.0
1.0
1.0
1.0
1.0
1.0
1.0
1.0
1.0
1.0
1.0
1.0
1.0
1.0
1.0
1.0
1.0
1.0
1.0
1.0
1.0
1.0
1.0
1.0
1.0
1.0
1.0
1.0
1.0
1.0
1.0
1.0
1.0
1.0
1.0
1.0
1.0
1.0
1.0
1.0
1.0
0.5714285714285714
0.5813953488372093
0.5909090909090909
0.6
0.6086956521739131
0.6170212765957447
0.625
0.6326530612244898
0.64
0.6470588235294118
0.6538461538461539
0.660377358490566
0.6666666666666666
0.6727272727272727
0.6785714285714286
0.6842105263157895
0.6896551724137931
0.6949152542372882
0.7
0.7049180327868853
0.7096774193548387
0.7142857142857143
0.71875
0.618421052631579
0.6233766233766234
0.6282051282051282
0.6329113924050633
0.6375
0.65
0.6625
0.675
0.6875
0.7
0.7125
0.725
0.7375
0.75
0.7625
0.775
0.7777777777777778
0.7804878048780488
0.7831325301204819
0.7857142857142857
0.788235294117647
0.7906976744186046
0.7931034482758621
0.7954545454545454
0.797752808988764
0.8
0.8021978021978022
0.8043478260869565
0.8064516129032258
0.8085106382978723
0.8191489361702128
0.8297872340425532
0.8404255319148937
0.851063829787234
0.8617021276595744
0.8723404255319149
0.8829787234042553
0.8936170212765957
0.9042553191489362
0.9148936170212766
0.925531914893617
0.9361702127659575
0.9468085106382979
0.9473684210526315
0.9479166666666666
0.9484536082474226
0.9489795918367347
0.9494949494949495
0.95
0.9504950495049505
0.9509803921568627
0.9514563106796117
0.9519230769230769
0.9523809523809523
0.9528301886792453
0.9532710280373832
0.9537037037037037
0.9541284403669725
0.9545454545454546
