1.0
1.0
1.0
1.0
1.0
1.0
1.0
1.0
1.0
1.0
1.0
0.6
0.65
0.7
0.75
0.8
0.85
0.9
0.9047619047619048
0.9523809523809523
1.0
1.0
1.0
1.0
1.0
1.0
1.0
1.0
1.0
1.0
1.0
1.0
1.0
1.0
1.0
1.0
1.0
1.0
1.0
1.0
1.0
1.0
1.0
0.71875
0.7272727272727273
0.7352941176470589
0.7428571428571429
0.75
0.7567567567567568
0.7631578947368421
0.7692307692307693
0.775
0.7804878048780488
0.4177215189873418
0.425
0.43209876543209874
0.43902439024390244
0.4457831325301205
0.4523809523809524
0.4588235294117647
0.46511627906976744
0.47126436781609193
0.4772727272727273
0.48314606741573035
0.4888888888888889
0.4945054945054945
0.2787878787878788
0.28313253012048195
0.2874251497005988
0.2916666666666667
0.2958579881656805
0.3
0.30409356725146197
0.3081395348837209
0.31213872832369943
0.3160919540229885
0.3218390804597701
0.3275862068965517
0.3333333333333333
0.3390804597701149
0.3448275862068966
0.3505747126436782
0.3563218390804598
0.3620689655172414
0.3657142857142857
0.3693181818181818
0.3728813559322034
0.37640449438202245
0.37988826815642457
0.38333333333333336
0.3867403314917127
0.3901098901098901
0.39344262295081966
0.3967391304347826
0.4
0.4032258064516129
0.40641711229946526
0.4095744680851064
0.4126984126984127
0.41578947368421054
0.418848167539267
0.421875
0.42487046632124353
0.42783505154639173
0.4307692307692308
0.4336734693877551
0.4365482233502538
0.4393939393939394
0.44221105527638194
0.445
0.44776119402985076
0.4504950495049505
0.45320197044334976
0.45588235294117646
0.4585365853658537
0.46116504854368934
0.463768115942029
0.46634615384615385
0.4688995215311005
0.4714285714285714
0.47393364928909953
0.47641509433962265
0.4788732394366197
0.48130841121495327
0.48372093023255813
0.4861111111111111
0.48847926267281105
1.0
1.0
1.0
1.0
1.0
1.0
1.0
1.0
1.0
1.0
1.0
0.6
0.65
0.7
0.75
0.8
0.85
0.9
0.9047619047619048
0.9523809523809523
1.0
1.0
1.0
1.0
1.0
1.0
1.0
1.0
1.0
1.0
1.0
1.0
1.0
1.0
1.0
1.0
1.0
1.0
1.0
1.0
1.0
1.0
1.0
0.71875
0.7272727272727273
0.7352941176470589
0.7428571428571429
0.75
0.7567567567567568
0.7631578947368421
0.7692307692307693
0.775
0.7804878048780488
0.4177215189873418
0.425
0.43209876543209874
0.43902439024390244
0.4457831325301205
0.4523809523809524
0.4588235294117647
0.46511627906976744
0.47126436781609193
0.4772727272727273
0.48314606741573035
0.4888888888888889
0.4945054945054945
0.2787878787878788
0.28313253012048195
0.2874251497005988
0.2916666666666667
0.2958579881656805
0.3
0.30409356725146197
0.3081395348837209
0.31213872832369943
0.3160919540229885
0.3218390804597701
0.3275862068965517
0.3333333333333333
0.3390804597701149
0.3448275862068966
0.3505747126436782
0.3563218390804598
0.3620689655172414
0.3657142857142857
0.3693181818181818
0.3728813559322034
0.37640449438202245
0.37988826815642457
0.38333333333333336
0.3867403314917127
0.3901098901098901
0.39344262295081966
0.3967391304347826
0.4
0.4032258064516129
0.40641711229946526
0.4095744680851064
0.4126984126984127
0.41578947368421054
0.418848167539267
0.421875
0.42487046632124353
0.42783505154639173
0.4307692307692308
0.4336734693877551
0.4365482233502538
0.4393939393939394
0.44221105527638194
0.445
0.44776119402985076
0.4504950495049505
0.45320197044334976
0.45588235294117646
0.4585365853658537
0.46116504854368934
0.463768115942029
0.46634615384615385
0.4688995215311005
0.4714285714285714
0.47393364928909953
0.47641509433962265
0.4788732394366197
0.48130841121495327
0.48372093023255813
0.4861111111111111
0.48847926267281105
1.0
1.0
1.0
1.0
1.0
1.0
1.0
1.0
1.0
1.0
1.0
1.0
1.0
1.0
1.0
1.0
1.0
1.0
1.0
1.0
1.0
1.0
0.6
0.65
0.7
0.75
0.8
0.85
0.9
0.9047619047619048
0.9523809523809523
1.0
1.0
1.0
1.0
1.0
1.0
1.0
1.0
1.0
1.0
1.0
1.0
1.0
1.0
1.0
1.0
1.0
1.0
1.0
1.0
1.0
1.0
1.0
1.0
1.0
1.0
1.0
1.0
1.0
1.0
1.0
1.0
1.0
1.0
1.0
1.0
1.0
1.0
1.0
1.0
1.0
1.0
1.0
1.0
1.0
1.0
1.0
1.0
1.0
1.0
1.0
1.0
1.0
1.0
1.0
1.0
1.0
1.0
1.0
1.0
1.0
1.0
1.0
1.0
1.0
1.0
1.0
1.0
1.0
1.0
1.0
1.0
1.0
1.0
1.0
1.0
1.0
1.0
1.0
1.0
1.0
1.0
1.0
1.0
1.0
1.0
1.0
1.0
1.0
1.0
1.0
1.0
1.0
1.0
1.0
1.0
1.0
1.0
1.0
1.0
1.0
1.0
1.0
1.0
1.0
1.0
1.0
1.0
1.0
1.0
1.0
1.0
1.0
1.0
1.0
1.0
1.0
1.0
1.0
1.0
1.0
1.0
1.0
1.0
1.0
1.0
1.0
1.0
1.0
0.71875
0.7272727272727273
0.7352941176470589
0.7428571428571429
0.75
0.7567567567567568
0.7631578947368421
0.7692307692307693
0.775
0.7804878048780488
0.4177215189873418
0.425
0.43209876543209874
0.43902439024390244
0.4457831325301205
0.4523809523809524
0.4588235294117647
0.46511627906976744
0.47126436781609193
0.4772727272727273
0.48314606741573035
0.4888888888888889
0.4945054945054945
0.2787878787878788
0.28313253012048195
0.2874251497005988
0.2916666666666667
0.2958579881656805
0.3
0.30409356725146197
0.3081395348837209
0.31213872832369943
0.3160919540229885
0.3218390804597701
0.3275862068965517
0.3333333333333333
0.3390804597701149
0.3448275862068966
0.3505747126436782
0.3563218390804598
0.3620689655172414
0.3657142857142857
0.3693181818181818
0.3728813559322034
0.37640449438202245
0.37988826815642457
0.38333333333333336
0.3867403314917127
0.3901098901098901
0.39344262295081966
0.3967391304347826
0.4
0.4032258064516129
0.40641711229946526
0.4095744680851064
0.4126984126984127
0.41578947368421054
0.418848167539267
0.421875
0.42487046632124353
0.42783505154639173
0.4307692307692308
0.4336734693877551
0.4365482233502538
0.4393939393939394
0.44221105527638194
0.445
0.44776119402985076
0.4504950495049505
0.45320197044334976
0.45588235294117646
0.4585365853658537
0.46116504854368934
0.463768115942029
0.46634615384615385
0.4688995215311005
0.4714285714285714
0.47393364928909953
0.47641509433962265
0.4788732394366197
0.48130841121495327
0.48372093023255813
0.4861111111111111
0.48847926267281105
1.0
1.0
1.0
1.0
1.0
1.0
1.0
1.0
1.0
1.0
1.0
0.6
0.65
0.7
0.75
0.8
0.85
0.9
0.9047619047619048
0.9523809523809523
1.0
1.0
1.0
1.0
1.0
1.0
1.0
1.0
1.0
1.0
1.0
1.0
1.0
1.0
1.0
1.0
1.0
1.0
1.0
1.0
1.0
1.0
1.0
0.71875
0.7272727272727273
0.7352941176470589
0.7428571428571429
0.75
0.7567567567567568
0.7631578947368421
0.7692307692307693
0.775
0.7804878048780488
0.4177215189873418
0.425
0.43209876543209874
0.43902439024390244
0.4457831325301205
0.4523809523809524
0.4588235294117647
0.46511627906976744
0.47126436781609193
0.4772727272727273
0.48314606741573035
0.4888888888888889
0.4945054945054945
0.2787878787878788
0.28313253012048195
0.2874251497005988
0.2916666666666667
0.2958579881656805
0.3
0.30409356725146197
0.3081395348837209
0.31213872832369943
0.3160919540229885
0.3218390804597701
0.3275862068965517
0.3333333333333333
0.3390804597701149
0.3448275862068966
0.3505747126436782
0.3563218390804598
0.3620689655172414
0.3657142857142857
0.3693181818181818
0.3728813559322034
0.37640449438202245
0.37988826815642457
0.38333333333333336
0.3867403314917127
0.3901098901098901
0.39344262295081966
0.3967391304347826
0.4
0.4032258064516129
0.40641711229946526
0.4095744680851064
0.4126984126984127
0.41578947368421054
0.418848167539267
0.421875
0.42487046632124353
0.42783505154639173
0.4307692307692308
0.4336734693877551
0.4365482233502538
0.4393939393939394
0.44221105527638194
0.445
0.44776119402985076
0.4504950495049505
0.45320197044334976
0.45588235294117646
0.4585365853658537
0.46116504854368934
0.463768115942029
0.46634615384615385
0.4688995215311005
0.4714285714285714
0.47393364928909953
0.47641509433962265
0.4788732394366197
0.48130841121495327
0.48372093023255813
0.4861111111111111
0.48847926267281105
1.0
1.0
1.0
1.0
1.0
1.0
1.0
1.0
1.0
1.0
1.0
0.6
0.65
0.7
0.75
0.8
0.85
0.9
0.9047619047619048
0.9523809523809523
1.0
1.0
1.0
1.0
1.0
1.0
1.0
1.0
1.0
1.0
1.0
1.0
1.0
1.0
1.0
1.0
1.0
1.0
1.0
1.0
1.0
1.0
1.0
0.71875
0.7272727272727273
0.7352941176470589
0.7428571428571429
0.75
0.7567567567567568
0.7631578947368421
0.7692307692307693
0.775
0.7804878048780488
0.4177215189873418
0.425
0.43209876543209874
0.43902439024390244
0.4457831325301205
0.4523809523809524
0.4588235294117647
0.46511627906976744
0.47126436781609193
0.4772727272727273
0.48314606741573035
0.4888888888888889
0.4945054945054945
0.2787878787878788
0.28313253012048195
0.2874251497005988
0.2916666666666667
0.2958579881656805
0.3
0.30409356725146197
0.3081395348837209
0.31213872832369943
0.3160919540229885
0.3218390804597701
0.3275862068965517
0.3333333333333333
0.3390804597701149
0.3448275862068966
0.3505747126436782
0.3563218390804598
0.3620689655172414
0.3657142857142857
0.3693181818181818
0.3728813559322034
0.37640449438202245
0.37988826815642457
0.38333333333333336
0.3867403314917127
0.3901098901098901
0.39344262295081966
0.3967391304347826
0.4
0.4032258064516129
0.40641711229946526
0.4095744680851064
0.4126984126984127
0.41578947368421054
0.418848167539267
0.421875
0.42487046632124353
0.42783505154639173
0.4307692307692308
0.4336734693877551
0.4365482233502538
0.4393939393939394
0.44221105527638194
0.445
0.44776119402985076
0.4504950495049505
0.45320197044334976
0.45588235294117646
0.4585365853658537
0.46116504854368934
0.463768115942029
0.46634615384615385
0.4688995215311005
0.4714285714285714
0.47393364928909953
0.47641509433962265
0.4788732394366197
0.48130841121495327
0.48372093023255813
0.4861111111111111
0.48847926267281105
1.0
1.0
1.0
1.0
1.0
1.0
1.0
1.0
1.0
1.0
1.0
0.6
0.65
0.7
0.75
0.8
0.85
0.9
0.9047619047619048
0.9523809523809523
1.0
1.0
1.0
1.0
1.0
1.0
1.0
1.0
1.0
1.0
1.0
1.0
1.0
1.0
1.0
1.0
1.0
1.0
1.0
1.0
1.0
1.0
1.0
0.71875
0.7272727272727273
0.7352941176470589
0.7428571428571429
0.75
0.7567567567567568
0.7631578947368421
0.7692307692307693
0.775
0.7804878048780488
0.4177215189873418
0.425
0.43209876543209874
0.43902439024390244
0.4457831325301205
0.4523809523809524
0.4588235294117647
0.46511627906976744
0.47126436781609193
0.4772727272727273
0.48314606741573035
0.4888888888888889
0.4945054945054945
0.2787878787878788
0.28313253012048195
0.2874251497005988
0.2916666666666667
0.2958579881656805
0.3
0.30409356725146197
0.3081395348837209
0.31213872832369943
0.3160919540229885
0.3218390804597701
0.3275862068965517
0.3333333333333333
0.3390804597701149
0.3448275862068966
0.3505747126436782
0.3563218390804598
0.3620689655172414
0.3657142857142857
0.3693181818181818
0.3728813559322034
0.37640449438202245
0.37988826815642457
0.38333333333333336
0.3867403314917127
0.3901098901098901
0.39344262295081966
0.3967391304347826
0.4
0.4032258064516129
0.40641711229946526
0.4095744680851064
0.4126984126984127
0.41578947368421054
0.418848167539267
0.421875
0.42487046632124353
0.42783505154639173
0.4307692307692308
0.4336734693877551
0.4365482233502538
0.4393939393939394
0.44221105527638194
0.445
0.44776119402985076
0.4504950495049505
0.45320197044334976
0.45588235294117646
0.4585365853658537
0.46116504854368934
0.463768115942029
0.46634615384615385
0.4688995215311005
0.4714285714285714
0.47393364928909953
0.47641509433962265
0.4788732394366197
0.48130841121495327
0.48372093023255813
0.4861111111111111
0.48847926267281105
