1.0
1.0
1.0
1.0
1.0
1.0
1.0
1.0
1.0
1.0
1.0
1.0
1.0
1.0
1.0
1.0
1.0
0.16822429906542055
0.17757009345794392
0.18691588785046728
0.19626168224299065
0.205607476635514
0.21495327102803738
0.22429906542056074
0.2336448598130841
0.24299065420560748
0.2523364485981308
0.2616822429906542
0.27102803738317754
0.2803738317757009
0.2897196261682243
0.29906542056074764
0.308411214953271
0.3177570093457944
0.32710280373831774
0.3364485981308411
0.34579439252336447
0.35514018691588783
0.3644859813084112
0.37383177570093457
0.38317757009345793
0.3925233644859813
0.40186915887850466
0.411214953271028
0.4205607476635514
0.42990654205607476
0.4392523364485981
0.4485981308411215
0.45794392523364486
0.4672897196261682
0.4766355140186916
0.48598130841121495
0.4953271028037383
0.5046728971962616
0.5092592592592593
0.5137614678899083
0.5181818181818182
0.5225225225225225
0.5267857142857143
0.5309734513274337
0.5350877192982456
0.543859649122807
0.5526315789473685
0.5614035087719298
0.5701754385964912
0.5789473684210527
0.5877192982456141
0.5964912280701754
0.6052631578947368
0.6140350877192983
0.6228070175438597
0.631578947368421
0.6403508771929824
0.6491228070175439
0.6578947368421053
0.6666666666666666
0.6754385964912281
0.6842105263157895
0.6929824561403509
0.7017543859649122
0.7105263157894737
0.7192982456140351
0.7280701754385965
0.7368421052631579
0.7456140350877193
0.7543859649122807
0.7631578947368421
0.7719298245614035
0.7807017543859649
0.7894736842105263
0.7982456140350878
0.8070175438596491
0.8157894736842105
0.8245614035087719
0.8333333333333334
0.8421052631578947
0.8508771929824561
0.8596491228070176
0.868421052631579
0.8771929824561403
0.8859649122807017
0.8947368421052632
0.9035087719298246
0.9122807017543859
0.9210526315789473
0.9298245614035088
1.0
1.0
1.0
1.0
1.0
1.0
1.0
1.0
1.0
1.0
1.0
1.0
1.0
1.0
1.0
1.0
1.0
0.16822429906542055
0.17757009345794392
0.18691588785046728
0.19626168224299065
0.205607476635514
0.21495327102803738
0.22429906542056074
0.2336448598130841
0.24299065420560748
0.2523364485981308
0.2616822429906542
0.27102803738317754
0.2803738317757009
0.2897196261682243
0.29906542056074764
0.308411214953271
0.3177570093457944
0.32710280373831774
0.3364485981308411
0.34579439252336447
0.35514018691588783
0.3644859813084112
0.37383177570093457
0.38317757009345793
0.3925233644859813
0.40186915887850466
0.411214953271028
0.4205607476635514
0.42990654205607476
0.4392523364485981
0.4485981308411215
0.45794392523364486
0.4672897196261682
0.4766355140186916
0.48598130841121495
0.4953271028037383
0.5046728971962616
0.5092592592592593
0.5137614678899083
0.5181818181818182
0.5225225225225225
0.5267857142857143
0.5309734513274337
0.5350877192982456
0.543859649122807
0.5526315789473685
0.5614035087719298
0.5701754385964912
0.5789473684210527
0.5877192982456141
0.5964912280701754
0.6052631578947368
0.6140350877192983
0.6228070175438597
0.631578947368421
0.6403508771929824
0.6491228070175439
0.6578947368421053
0.6666666666666666
0.6754385964912281
0.6842105263157895
0.6929824561403509
0.7017543859649122
0.7105263157894737
0.7192982456140351
0.7280701754385965
0.7368421052631579
0.7456140350877193
0.7543859649122807
0.7631578947368421
0.7719298245614035
0.7807017543859649
0.7894736842105263
0.7982456140350878
0.8070175438596491
0.8157894736842105
0.8245614035087719
0.8333333333333334
0.8421052631578947
0.8508771929824561
0.8596491228070176
0.868421052631579
0.8771929824561403
0.8859649122807017
0.8947368421052632
0.9035087719298246
0.9122807017543859
0.9210526315789473
0.9298245614035088
1.0
1.0
1.0
1.0
1.0
1.0
1.0
1.0
1.0
1.0
1.0
1.0
1.0
1.0
1.0
1.0
1.0
1.0
1.0
1.0
1.0
1.0
1.0
1.0
1.0
1.0
1.0
1.0
1.0
1.0
1.0
1.0
1.0
1.0
0.16822429906542055
0.17757009345794392
0.18691588785046728
0.19626168224299065
0.205607476635514
0.21495327102803738
0.22429906542056074
0.2336448598130841
0.24299065420560748
0.2523364485981308
0.2616822429906542
0.27102803738317754
0.2803738317757009
0.2897196261682243
0.29906542056074764
0.308411214953271
0.3177570093457944
0.32710280373831774
0.3364485981308411
0.34579439252336447
0.35514018691588783
0.3644859813084112
0.37383177570093457
0.38317757009345793
0.3925233644859813
0.40186915887850466
0.411214953271028
0.4205607476635514
0.42990654205607476
0.4392523364485981
0.4485981308411215
0.45794392523364486
0.4672897196261682
0.4766355140186916
0.48598130841121495
0.4953271028037383
0.5046728971962616
0.5092592592592593
0.5137614678899083
0.5181818181818182
0.5225225225225225
0.5267857142857143
0.5309734513274337
0.5350877192982456
0.543859649122807
0.5526315789473685
0.5614035087719298
0.5701754385964912
0.5789473684210527
0.5877192982456141
0.5964912280701754
0.6052631578947368
0.6140350877192983
0.6228070175438597
0.631578947368421
0.6403508771929824
0.6491228070175439
0.6578947368421053
0.6666666666666666
0.6754385964912281
0.6842105263157895
0.6929824561403509
0.7017543859649122
0.7105263157894737
0.7192982456140351
0.7280701754385965
0.7368421052631579
0.7456140350877193
0.7543859649122807
0.7631578947368421
0.7719298245614035
0.7807017543859649
0.7894736842105263
0.7982456140350878
0.8070175438596491
0.8157894736842105
0.8245614035087719
0.8333333333333334
0.8421052631578947
0.8508771929824561
0.8596491228070176
0.868421052631579
0.8771929824561403
0.8859649122807017
0.8947368421052632
0.9035087719298246
0.9122807017543859
0.9210526315789473
0.9298245614035088
1.0
1.0
1.0
1.0
1.0
1.0
1.0
1.0
1.0
1.0
1.0
1.0
1.0
1.0
1.0
1.0
1.0
0.16822429906542055
0.17757009345794392
0.18691588785046728
0.19626168224299065
0.205607476635514
0.21495327102803738
0.22429906542056074
0.2336448598130841
0.24299065420560748
0.2523364485981308
0.2616822429906542
0.27102803738317754
0.2803738317757009
0.2897196261682243
0.29906542056074764
0.308411214953271
0.3177570093457944
0.32710280373831774
0.3364485981308411
0.34579439252336447
0.35514018691588783
0.3644859813084112
1.0
1.0
1.0
1.0
1.0
1.0
1.0
1.0
1.0
1.0
1.0
1.0
1.0
1.0
1.0
1.0
1.0
0.16822429906542055
0.17757009345794392
0.18691588785046728
0.19626168224299065
0.205607476635514
0.21495327102803738
0.22429906542056074
0.2336448598130841
0.24299065420560748
0.2523364485981308
0.2616822429906542
0.27102803738317754
0.2803738317757009
0.2897196261682243
0.29906542056074764
0.308411214953271
0.3177570093457944
0.32710280373831774
0.3364485981308411
0.34579439252336447
0.35514018691588783
0.3644859813084112
0.37383177570093457
0.38317757009345793
0.3925233644859813
0.40186915887850466
0.411214953271028
0.4205607476635514
0.42990654205607476
0.4392523364485981
0.4485981308411215
0.45794392523364486
0.4672897196261682
0.4766355140186916
0.48598130841121495
0.4953271028037383
0.5046728971962616
0.5092592592592593
0.5137614678899083
0.5181818181818182
0.5225225225225225
0.5267857142857143
0.5309734513274337
0.5350877192982456
0.543859649122807
0.5526315789473685
0.5614035087719298
0.5701754385964912
0.5789473684210527
0.5877192982456141
0.5964912280701754
0.6052631578947368
0.6140350877192983
0.6228070175438597
0.631578947368421
0.6403508771929824
0.6491228070175439
0.6578947368421053
0.6666666666666666
0.6754385964912281
0.6842105263157895
0.6929824561403509
0.7017543859649122
0.7105263157894737
0.7192982456140351
0.7280701754385965
0.7368421052631579
0.7456140350877193
0.7543859649122807
0.7631578947368421
0.7719298245614035
0.7807017543859649
0.7894736842105263
0.7982456140350878
0.8070175438596491
0.8157894736842105
0.8245614035087719
0.8333333333333334
0.8421052631578947
0.8508771929824561
0.8596491228070176
0.868421052631579
0.8771929824561403
0.8859649122807017
0.8947368421052632
0.9035087719298246
0.9122807017543859
0.9210526315789473
0.9298245614035088
1.0
1.0
1.0
1.0
1.0
1.0
1.0
1.0
1.0
1.0
1.0
1.0
1.0
1.0
1.0
1.0
1.0
0.16822429906542055
0.17757009345794392
0.18691588785046728
0.19626168224299065
0.205607476635514
0.21495327102803738
0.22429906542056074
0.2336448598130841
0.24299065420560748
0.2523364485981308
0.2616822429906542
0.27102803738317754
0.2803738317757009
0.2897196261682243
0.29906542056074764
0.308411214953271
0.3177570093457944
0.32710280373831774
0.3364485981308411
0.34579439252336447
0.35514018691588783
0.3644859813084112
0.37383177570093457
0.38317757009345793
0.3925233644859813
0.40186915887850466
0.411214953271028
0.4205607476635514
0.42990654205607476
0.4392523364485981
0.4485981308411215
0.45794392523364486
0.4672897196261682
0.4766355140186916
0.48598130841121495
0.4953271028037383
0.5046728971962616
0.5092592592592593
0.5137614678899083
0.5181818181818182
0.5225225225225225
0.5267857142857143
0.5309734513274337
0.5350877192982456
0.543859649122807
0.5526315789473685
0.5614035087719298
0.5701754385964912
0.5789473684210527
0.5877192982456141
0.5964912280701754
0.6052631578947368
0.6140350877192983
0.6228070175438597
0.631578947368421
0.6403508771929824
0.6491228070175439
0.6578947368421053
0.6666666666666666
0.6754385964912281
0.6842105263157895
0.6929824561403509
0.7017543859649122
0.7105263157894737
0.7192982456140351
0.7280701754385965
0.7368421052631579
0.7456140350877193
0.7543859649122807
0.7631578947368421
0.7719298245614035
0.7807017543859649
0.7894736842105263
0.7982456140350878
0.8070175438596491
0.8157894736842105
0.8245614035087719
0.8333333333333334
0.8421052631578947
0.8508771929824561
0.8596491228070176
0.868421052631579
0.8771929824561403
0.8859649122807017
0.8947368421052632
0.9035087719298246
0.9122807017543859
0.9210526315789473
0.9298245614035088
