1.0
1.0
1.0
1.0
1.0
1.0
1.0
1.0
1.0
1.0
1.0
1.0
1.0
0.45161290322580644
0.4838709677419355
0.5
0.5151515151515151
0.5294117647058824
0.5428571428571428
0.5555555555555556
0.5675675675675675
0.5789473684210527
0.5897435897435898
0.6
0.6097560975609756
0.6190476190476191
0.627906976744186
0.6511627906976745
0.6744186046511628
0.6976744186046512
0.7209302325581395
0.7441860465116279
0.75
0.7555555555555555
0.7608695652173914
0.782608695652174
0.8043478260869565
0.8260869565217391
0.8478260869565217
0.851063829787234
0.8723404255319149
0.8936170212765957
0.9148936170212766
0.9361702127659575
0.9574468085106383
0.9583333333333334
0.9791666666666666
0.9795918367346939
0.98
0.9803921568627451
0.9807692307692307
0.9811320754716981
0.9814814814814815
1.0
1.0
1.0
1.0
1.0
1.0
1.0
1.0
1.0
1.0
1.0
1.0
1.0
1.0
0.45161290322580644
0.4838709677419355
0.5
0.5151515151515151
0.5294117647058824
0.5428571428571428
0.5555555555555556
0.5675675675675675
0.5789473684210527
0.5897435897435898
0.6
0.6097560975609756
0.6190476190476191
0.627906976744186
0.6511627906976745
0.6744186046511628
0.6976744186046512
0.7209302325581395
0.7441860465116279
0.75
0.7555555555555555
0.7608695652173914
0.782608695652174
0.8043478260869565
0.8260869565217391
0.8478260869565217
0.851063829787234
0.8723404255319149
0.8936170212765957
0.9148936170212766
0.9361702127659575
0.9574468085106383
0.9583333333333334
0.9791666666666666
0.9795918367346939
0.98
0.9803921568627451
0.9807692307692307
0.9811320754716981
0.9814814814814815
1.0
1.0
1.0
1.0
1.0
1.0
1.0
1.0
1.0
1.0
1.0
1.0
1.0
1.0
1.0
1.0
1.0
1.0
1.0
1.0
1.0
1.0
1.0
1.0
1.0
1.0
1.0
0.45161290322580644
0.4838709677419355
0.5
0.5151515151515151
0.5294117647058824
0.5428571428571428
0.5555555555555556
0.5675675675675675
0.5789473684210527
0.5897435897435898
0.6
0.6097560975609756
0.6190476190476191
0.627906976744186
0.6511627906976745
0.6744186046511628
0.6976744186046512
0.7209302325581395
0.7441860465116279
0.75
0.7555555555555555
0.7608695652173914
0.782608695652174
0.8043478260869565
0.8260869565217391
0.8478260869565217
0.851063829787234
0.8723404255319149
0.8936170212765957
0.9148936170212766
0.9361702127659575
0.9574468085106383
0.9583333333333334
0.9791666666666666
0.9795918367346939
0.98
0.9803921568627451
0.9807692307692307
0.9811320754716981
0.9814814814814815
1.0
1.0
1.0
1.0
1.0
1.0
1.0
1.0
1.0
1.0
1.0
1.0
1.0
1.0
0.45161290322580644
0.4838709677419355
0.5
0.5151515151515151
0.5294117647058824
0.5428571428571428
0.5555555555555556
0.5675675675675675
0.5789473684210527
0.5897435897435898
0.6
0.6097560975609756
0.6190476190476191
0.627906976744186
0.6511627906976745
0.6744186046511628
0.6976744186046512
1.0
1.0
1.0
1.0
1.0
1.0
1.0
1.0
1.0
1.0
1.0
1.0
1.0
1.0
1.0
1.0
1.0
1.0
1.0
1.0
0.45161290322580644
0.4838709677419355
0.5
0.5151515151515151
0.5294117647058824
0.5428571428571428
0.5555555555555556
0.5675675675675675
0.5789473684210527
0.5897435897435898
0.6
0.6097560975609756
0.6190476190476191
0.627906976744186
0.6511627906976745
0.6744186046511628
0.6976744186046512
0.7209302325581395
0.7441860465116279
0.75
0.7555555555555555
0.7608695652173914
0.782608695652174
0.8043478260869565
0.8260869565217391
0.8478260869565217
0.851063829787234
0.8723404255319149
0.8936170212765957
0.9148936170212766
0.9361702127659575
0.9574468085106383
0.9583333333333334
0.9791666666666666
0.9795918367346939
0.98
0.9803921568627451
0.9807692307692307
0.9811320754716981
0.9814814814814815
1.0
