|checker| success id$0$color:green$: 
==========================
$FilePath$/home/tiago/empirical-jsvuln-tools-study/tools-testing/tools-docker/odgen/ODGen/builtin_packages/http.js
Line 17	    sink_hqbpillvul_http_setHeader(value);

|checker| success id$0$color:green$: 
==========================
$FilePath$/home/tiago/empirical-jsvuln-tools-study/tools-testing/tools-docker/odgen/ODGen/builtin_packages/http.js
Line 17	    sink_hqbpillvul_http_setHeader(value);

|checker| success id$0$color:green$: 
==========================
$FilePath$/home/tiago/empirical-jsvuln-tools-study/tools-testing/tools-docker/odgen/ODGen/builtin_packages/http.js
Line 17	    sink_hqbpillvul_http_setHeader(value);

|checker| success id$0$color:green$: 
==========================
$FilePath$/home/tiago/empirical-jsvuln-tools-study/tools-testing/tools-docker/odgen/ODGen/builtin_packages/http.js
Line 2	  var OPGen_TAINTED_VAR_url = "" ;
$FilePath$/home/tiago/empirical-jsvuln-tools-study/framework/src/packages/CWE-22/474/package/server2.js
Line 6	  var urlObj = url.parse(req.url, true, false);
$FilePath$/home/tiago/empirical-jsvuln-tools-study/framework/src/packages/CWE-22/474/package/server2.js
Line 7	  console.log("urlObjpath: " + urlObj.pathname);
$FilePath$/home/tiago/empirical-jsvuln-tools-study/framework/src/packages/CWE-22/474/package/server2.js
Line 33	    fs.readFile(ROOT_DIR + urlObj.pathname, function (err,data) {
      if (err) {
        res.writeHead(404);
        res.end(JSON.stringify(err));
        return;
      }
      res.writeHead(200);
      res.end(data);
    });
$FilePath$/home/tiago/empirical-jsvuln-tools-study/tools-testing/tools-docker/odgen/ODGen/builtin_packages/fs.js
Line 15	  var ret = sink_hqbpillvul_fs_read(pathname);
$FilePath$/home/tiago/empirical-jsvuln-tools-study/tools-testing/tools-docker/odgen/ODGen/builtin_packages/http.js
Line 25	    sink_hqbpillvul_http_write(value, value);

|checker| success id$1$color:green$: 
==========================
$FilePath$/home/tiago/empirical-jsvuln-tools-study/tools-testing/tools-docker/odgen/ODGen/builtin_packages/http.js
Line 2	  var OPGen_TAINTED_VAR_url = "" ;
$FilePath$/home/tiago/empirical-jsvuln-tools-study/framework/src/packages/CWE-22/474/package/server2.js
Line 6	  var urlObj = url.parse(req.url, true, false);
$FilePath$/home/tiago/empirical-jsvuln-tools-study/framework/src/packages/CWE-22/474/package/server2.js
Line 33	    fs.readFile(ROOT_DIR + urlObj.pathname, function (err,data) {
      if (err) {
        res.writeHead(404);
        res.end(JSON.stringify(err));
        return;
      }
      res.writeHead(200);
      res.end(data);
    });
$FilePath$/home/tiago/empirical-jsvuln-tools-study/tools-testing/tools-docker/odgen/ODGen/builtin_packages/fs.js
Line 15	  var ret = sink_hqbpillvul_fs_read(pathname);
$FilePath$/home/tiago/empirical-jsvuln-tools-study/tools-testing/tools-docker/odgen/ODGen/builtin_packages/http.js
Line 25	    sink_hqbpillvul_http_write(value, value);

|checker| success id$0$color:green$: 
==========================
$FilePath$/home/tiago/empirical-jsvuln-tools-study/tools-testing/tools-docker/odgen/ODGen/builtin_packages/http.js
Line 2	  var OPGen_TAINTED_VAR_url = "" ;
$FilePath$/home/tiago/empirical-jsvuln-tools-study/framework/src/packages/CWE-22/474/package/server2.js
Line 6	  var urlObj = url.parse(req.url, true, false);
$FilePath$/home/tiago/empirical-jsvuln-tools-study/framework/src/packages/CWE-22/474/package/server2.js
Line 7	  console.log("urlObjpath: " + urlObj.pathname);
$FilePath$/home/tiago/empirical-jsvuln-tools-study/framework/src/packages/CWE-22/474/package/server2.js
Line 33	    fs.readFile(ROOT_DIR + urlObj.pathname, function (err,data) {
      if (err) {
        res.writeHead(404);
        res.end(JSON.stringify(err));
        return;
      }
      res.writeHead(200);
      res.end(data);
    });
$FilePath$/home/tiago/empirical-jsvuln-tools-study/tools-testing/tools-docker/odgen/ODGen/builtin_packages/fs.js
Line 15	  var ret = sink_hqbpillvul_fs_read(pathname);
$FilePath$/home/tiago/empirical-jsvuln-tools-study/tools-testing/tools-docker/odgen/ODGen/builtin_packages/http.js
Line 25	    sink_hqbpillvul_http_write(value, value);

|checker| success id$1$color:green$: 
==========================
$FilePath$/home/tiago/empirical-jsvuln-tools-study/tools-testing/tools-docker/odgen/ODGen/builtin_packages/http.js
Line 2	  var OPGen_TAINTED_VAR_url = "" ;
$FilePath$/home/tiago/empirical-jsvuln-tools-study/framework/src/packages/CWE-22/474/package/server2.js
Line 6	  var urlObj = url.parse(req.url, true, false);
$FilePath$/home/tiago/empirical-jsvuln-tools-study/framework/src/packages/CWE-22/474/package/server2.js
Line 33	    fs.readFile(ROOT_DIR + urlObj.pathname, function (err,data) {
      if (err) {
        res.writeHead(404);
        res.end(JSON.stringify(err));
        return;
      }
      res.writeHead(200);
      res.end(data);
    });
$FilePath$/home/tiago/empirical-jsvuln-tools-study/tools-testing/tools-docker/odgen/ODGen/builtin_packages/fs.js
Line 15	  var ret = sink_hqbpillvul_fs_read(pathname);
$FilePath$/home/tiago/empirical-jsvuln-tools-study/tools-testing/tools-docker/odgen/ODGen/builtin_packages/http.js
Line 25	    sink_hqbpillvul_http_write(value, value);

