1.0
1.0
1.0
1.0
1.0
1.0
1.0
1.0
1.0
1.0
1.0
1.0
1.0
1.0
1.0
1.0
1.0
1.0
1.0
0.1342281879194631
0.14
0.1456953642384106
0.1513157894736842
0.1568627450980392
0.16233766233766234
0.16774193548387098
0.17307692307692307
0.17834394904458598
0.18354430379746836
0.18867924528301888
0.19375
0.1285140562248996
0.132
0.13545816733067728
0.1388888888888889
0.1422924901185771
0.14566929133858267
0.14901960784313725
0.15234375
0.1556420233463035
0.15891472868217055
0.16216216216216217
0.16538461538461538
0.1685823754789272
0.1717557251908397
0.17490494296577946
0.1598639455782313
0.16271186440677965
0.16554054054054054
0.16835016835016836
0.17114093959731544
0.17391304347826086
0.17666666666666667
0.17940199335548174
0.18211920529801323
0.1848184818481848
0.1875
0.1901639344262295
0.19281045751633988
0.19543973941368079
0.16897506925207756
1.0
1.0
1.0
1.0
1.0
1.0
1.0
1.0
1.0
1.0
1.0
1.0
1.0
1.0
1.0
1.0
1.0
1.0
1.0
0.1342281879194631
0.14
0.1456953642384106
0.1513157894736842
0.1568627450980392
0.16233766233766234
0.16774193548387098
0.17307692307692307
0.17834394904458598
0.18354430379746836
0.18867924528301888
0.19375
0.1285140562248996
0.132
0.13545816733067728
0.1388888888888889
0.1422924901185771
0.14566929133858267
0.14901960784313725
0.15234375
0.1556420233463035
0.15891472868217055
0.16216216216216217
0.16538461538461538
0.1685823754789272
0.1717557251908397
0.17490494296577946
0.1598639455782313
0.16271186440677965
0.16554054054054054
0.16835016835016836
0.17114093959731544
0.17391304347826086
0.17666666666666667
0.17940199335548174
0.18211920529801323
0.1848184818481848
0.1875
0.1901639344262295
0.19281045751633988
0.19543973941368079
0.16897506925207756
1.0
1.0
1.0
1.0
1.0
1.0
1.0
1.0
1.0
1.0
1.0
1.0
1.0
1.0
1.0
1.0
1.0
1.0
1.0
1.0
1.0
1.0
1.0
1.0
1.0
1.0
1.0
1.0
1.0
1.0
1.0
1.0
1.0
1.0
1.0
1.0
1.0
1.0
1.0
1.0
1.0
1.0
1.0
1.0
1.0
1.0
1.0
1.0
1.0
1.0
1.0
1.0
1.0
1.0
1.0
1.0
1.0
1.0
1.0
1.0
1.0
1.0
1.0
1.0
1.0
1.0
1.0
1.0
1.0
1.0
1.0
1.0
1.0
1.0
1.0
1.0
1.0
1.0
1.0
1.0
0.1342281879194631
0.14
0.1456953642384106
0.1513157894736842
0.1568627450980392
0.16233766233766234
0.16774193548387098
0.17307692307692307
0.17834394904458598
0.18354430379746836
0.18867924528301888
0.19375
0.1285140562248996
0.132
0.13545816733067728
0.1388888888888889
0.1422924901185771
0.14566929133858267
0.14901960784313725
0.15234375
0.1556420233463035
0.15891472868217055
0.16216216216216217
0.16538461538461538
0.1685823754789272
0.1717557251908397
0.17490494296577946
0.1598639455782313
0.16271186440677965
0.16554054054054054
0.16835016835016836
0.17114093959731544
0.17391304347826086
0.17666666666666667
0.17940199335548174
0.18211920529801323
0.1848184818481848
0.1875
0.1901639344262295
0.19281045751633988
0.19543973941368079
0.16897506925207756
1.0
1.0
1.0
1.0
1.0
1.0
1.0
1.0
1.0
1.0
1.0
1.0
1.0
1.0
1.0
1.0
1.0
1.0
1.0
0.1342281879194631
0.14
0.1456953642384106
0.1513157894736842
0.1568627450980392
0.16233766233766234
0.16774193548387098
0.17307692307692307
0.17834394904458598
0.18354430379746836
0.18867924528301888
0.19375
0.1285140562248996
0.132
0.13545816733067728
0.1388888888888889
0.1422924901185771
0.14566929133858267
0.14901960784313725
0.15234375
0.1556420233463035
0.15891472868217055
0.16216216216216217
0.16538461538461538
0.1685823754789272
0.1717557251908397
0.17490494296577946
0.1598639455782313
0.16271186440677965
0.16554054054054054
0.16835016835016836
0.17114093959731544
0.17391304347826086
0.17666666666666667
0.17940199335548174
0.18211920529801323
0.1848184818481848
0.1875
0.1901639344262295
0.19281045751633988
0.19543973941368079
0.16897506925207756
1.0
1.0
1.0
1.0
1.0
1.0
1.0
1.0
1.0
1.0
1.0
1.0
1.0
1.0
1.0
1.0
1.0
1.0
1.0
0.1342281879194631
0.14
0.1456953642384106
0.1513157894736842
0.1568627450980392
0.16233766233766234
0.16774193548387098
0.17307692307692307
0.17834394904458598
0.18354430379746836
0.18867924528301888
0.19375
0.1285140562248996
0.132
0.13545816733067728
0.1388888888888889
0.1422924901185771
0.14566929133858267
0.14901960784313725
0.15234375
0.1556420233463035
0.15891472868217055
0.16216216216216217
0.16538461538461538
0.1685823754789272
0.1717557251908397
0.17490494296577946
0.1598639455782313
0.16271186440677965
0.16554054054054054
0.16835016835016836
0.17114093959731544
0.17391304347826086
0.17666666666666667
0.17940199335548174
0.18211920529801323
0.1848184818481848
0.1875
0.1901639344262295
0.19281045751633988
0.19543973941368079
0.16897506925207756
1.0
1.0
1.0
1.0
1.0
1.0
1.0
1.0
1.0
1.0
1.0
1.0
1.0
1.0
1.0
1.0
1.0
1.0
1.0
0.1342281879194631
0.14
0.1456953642384106
0.1513157894736842
0.1568627450980392
0.16233766233766234
0.16774193548387098
0.17307692307692307
0.17834394904458598
0.18354430379746836
0.18867924528301888
0.19375
0.1285140562248996
0.132
0.13545816733067728
0.1388888888888889
0.1422924901185771
0.14566929133858267
0.14901960784313725
0.15234375
0.1556420233463035
0.15891472868217055
0.16216216216216217
0.16538461538461538
0.1685823754789272
0.1717557251908397
0.17490494296577946
0.1598639455782313
0.16271186440677965
0.16554054054054054
0.16835016835016836
0.17114093959731544
0.17391304347826086
0.17666666666666667
0.17940199335548174
0.18211920529801323
0.1848184818481848
0.1875
0.1901639344262295
0.19281045751633988
0.19543973941368079
0.16897506925207756
