1.0
1.0
1.0
1.0
1.0
1.0
1.0
1.0
1.0
0.19607843137254902
0.21568627450980393
0.23529411764705882
0.2549019607843137
0.27450980392156865
0.29411764705882354
0.3137254901960784
0.3333333333333333
0.35294117647058826
0.37254901960784315
0.39215686274509803
0.4117647058823529
0.43137254901960786
0.45098039215686275
0.47058823529411764
0.49019607843137253
0.5098039215686274
0.5294117647058824
0.5490196078431373
0.5686274509803921
0.5882352941176471
0.6078431372549019
0.6274509803921569
0.6470588235294118
0.6666666666666666
0.6862745098039216
0.7058823529411765
0.7254901960784313
0.7450980392156863
0.7647058823529411
0.7843137254901961
0.803921568627451
0.8235294117647058
0.8431372549019608
0.8627450980392157
0.8823529411764706
0.9019607843137255
0.9215686274509803
0.9411764705882353
0.9607843137254902
0.9615384615384616
0.9622641509433962
0.9629629629629629
0.9636363636363636
0.9642857142857143
0.9649122807017544
0.9655172413793104
0.9661016949152542
0.9666666666666667
0.9672131147540983
0.967741935483871
0.9682539682539683
1.0
1.0
1.0
1.0
1.0
1.0
1.0
1.0
1.0
0.19607843137254902
0.21568627450980393
0.23529411764705882
0.2549019607843137
0.27450980392156865
0.29411764705882354
0.3137254901960784
0.3333333333333333
0.35294117647058826
0.37254901960784315
0.39215686274509803
0.4117647058823529
0.43137254901960786
0.45098039215686275
0.47058823529411764
0.49019607843137253
0.5098039215686274
0.5294117647058824
0.5490196078431373
0.5686274509803921
0.5882352941176471
0.6078431372549019
0.6274509803921569
0.6470588235294118
0.6666666666666666
0.6862745098039216
0.7058823529411765
0.7254901960784313
0.7450980392156863
0.7647058823529411
0.7843137254901961
0.803921568627451
0.8235294117647058
0.8431372549019608
0.8627450980392157
0.8823529411764706
0.9019607843137255
0.9215686274509803
0.9411764705882353
0.9607843137254902
0.9615384615384616
0.9622641509433962
0.9629629629629629
0.9636363636363636
0.9642857142857143
0.9649122807017544
0.9655172413793104
0.9661016949152542
0.9666666666666667
0.9672131147540983
0.967741935483871
0.9682539682539683
1.0
1.0
1.0
1.0
1.0
1.0
1.0
1.0
1.0
1.0
1.0
1.0
1.0
1.0
1.0
1.0
1.0
1.0
0.19607843137254902
0.21568627450980393
0.23529411764705882
0.2549019607843137
0.27450980392156865
0.29411764705882354
0.3137254901960784
0.3333333333333333
0.35294117647058826
0.37254901960784315
0.39215686274509803
0.4117647058823529
0.43137254901960786
0.45098039215686275
0.47058823529411764
0.49019607843137253
0.5098039215686274
0.5294117647058824
0.5490196078431373
0.5686274509803921
0.5882352941176471
0.6078431372549019
0.6274509803921569
0.6470588235294118
0.6666666666666666
0.6862745098039216
0.7058823529411765
0.7254901960784313
0.7450980392156863
0.7647058823529411
0.7843137254901961
0.803921568627451
0.8235294117647058
0.8431372549019608
0.8627450980392157
0.8823529411764706
0.9019607843137255
0.9215686274509803
0.9411764705882353
0.9607843137254902
0.9615384615384616
0.9622641509433962
0.9629629629629629
0.9636363636363636
0.9642857142857143
0.9649122807017544
0.9655172413793104
0.9661016949152542
0.9666666666666667
0.9672131147540983
0.967741935483871
0.9682539682539683
1.0
1.0
1.0
1.0
1.0
1.0
1.0
1.0
1.0
0.19607843137254902
0.21568627450980393
0.23529411764705882
0.2549019607843137
0.27450980392156865
0.29411764705882354
0.3137254901960784
0.3333333333333333
0.35294117647058826
0.37254901960784315
0.39215686274509803
0.4117647058823529
0.43137254901960786
0.45098039215686275
0.47058823529411764
0.49019607843137253
0.5098039215686274
0.5294117647058824
0.5490196078431373
0.5686274509803921
0.5882352941176471
0.6078431372549019
0.6274509803921569
0.6470588235294118
0.6666666666666666
0.6862745098039216
0.7058823529411765
0.7254901960784313
0.7450980392156863
0.7647058823529411
0.7843137254901961
0.803921568627451
0.8235294117647058
0.8431372549019608
0.8627450980392157
0.8823529411764706
0.9019607843137255
0.9215686274509803
0.9411764705882353
0.9607843137254902
0.9615384615384616
0.9622641509433962
0.9629629629629629
0.9636363636363636
0.9642857142857143
0.9649122807017544
0.9655172413793104
0.9661016949152542
0.9666666666666667
0.9672131147540983
0.967741935483871
0.9682539682539683
1.0
1.0
1.0
1.0
1.0
1.0
1.0
1.0
1.0
0.19607843137254902
0.21568627450980393
0.23529411764705882
0.2549019607843137
0.27450980392156865
0.29411764705882354
0.3137254901960784
0.3333333333333333
0.35294117647058826
0.37254901960784315
0.39215686274509803
0.4117647058823529
0.43137254901960786
0.45098039215686275
0.47058823529411764
0.49019607843137253
0.5098039215686274
0.5294117647058824
0.5490196078431373
0.5686274509803921
0.5882352941176471
0.6078431372549019
0.6274509803921569
0.6470588235294118
0.6666666666666666
0.6862745098039216
0.7058823529411765
0.7254901960784313
0.7450980392156863
0.7647058823529411
0.7843137254901961
0.803921568627451
0.8235294117647058
0.8431372549019608
0.8627450980392157
0.8823529411764706
0.9019607843137255
0.9215686274509803
0.9411764705882353
0.9607843137254902
0.9615384615384616
0.9622641509433962
0.9629629629629629
0.9636363636363636
0.9642857142857143
0.9649122807017544
0.9655172413793104
0.9661016949152542
0.9666666666666667
0.9672131147540983
0.967741935483871
0.9682539682539683
1.0
1.0
1.0
1.0
1.0
1.0
1.0
1.0
1.0
0.19607843137254902
0.21568627450980393
0.23529411764705882
0.2549019607843137
0.27450980392156865
0.29411764705882354
0.3137254901960784
0.3333333333333333
0.35294117647058826
0.37254901960784315
0.39215686274509803
0.4117647058823529
0.43137254901960786
0.45098039215686275
0.47058823529411764
0.49019607843137253
0.5098039215686274
0.5294117647058824
0.5490196078431373
0.5686274509803921
0.5882352941176471
0.6078431372549019
0.6274509803921569
0.6470588235294118
0.6666666666666666
0.6862745098039216
0.7058823529411765
0.7254901960784313
0.7450980392156863
0.7647058823529411
0.7843137254901961
0.803921568627451
0.8235294117647058
0.8431372549019608
0.8627450980392157
0.8823529411764706
0.9019607843137255
0.9215686274509803
0.9411764705882353
0.9607843137254902
0.9615384615384616
0.9622641509433962
0.9629629629629629
0.9636363636363636
0.9642857142857143
0.9649122807017544
0.9655172413793104
0.9661016949152542
0.9666666666666667
0.9672131147540983
0.967741935483871
0.9682539682539683
