1.0
1.0
1.0
1.0
1.0
1.0
1.0
1.0
1.0
1.0
1.0
1.0
1.0
0.5185185185185185
0.5357142857142857
0.5517241379310345
0.5666666666666667
0.5806451612903226
0.4222222222222222
0.43478260869565216
0.44680851063829785
0.4583333333333333
0.42592592592592593
0.43636363636363634
0.44642857142857145
0.45614035087719296
0.46551724137931033
0.4745762711864407
0.4461538461538462
0.45454545454545453
0.4626865671641791
0.47058823529411764
0.4782608695652174
0.4857142857142857
0.4430379746835443
0.45
0.4567901234567901
0.4634146341463415
0.46987951807228917
0.47619047619047616
0.4823529411764706
0.4883720930232558
0.4942528735632184
0.5
0.5056179775280899
0.5111111111111111
0.5164835164835165
0.5217391304347826
0.5268817204301075
0.5319148936170213
0.5368421052631579
0.5416666666666666
0.5463917525773195
0.5192307692307693
0.5238095238095238
0.5283018867924528
0.5327102803738317
0.5370370370370371
0.5412844036697247
0.5454545454545454
0.5495495495495496
0.5535714285714286
0.5575221238938053
0.5614035087719298
0.5652173913043478
0.5689655172413793
0.5726495726495726
0.576271186440678
0.5798319327731093
0.5833333333333334
0.5867768595041323
0.5901639344262295
0.5934959349593496
0.5967741935483871
0.6
0.4935064935064935
0.4967741935483871
0.5
0.5031847133757962
0.5063291139240507
0.5094339622641509
0.5125
0.515527950310559
0.5185185185185185
0.5214723926380368
0.524390243902439
0.5272727272727272
0.5301204819277109
0.5329341317365269
0.46153846153846156
0.4642857142857143
0.467005076142132
0.4696969696969697
0.4723618090452261
0.475
0.47761194029850745
0.4801980198019802
1.0
1.0
1.0
1.0
1.0
1.0
1.0
1.0
1.0
1.0
1.0
1.0
1.0
0.5185185185185185
0.5357142857142857
0.5517241379310345
0.5666666666666667
0.5806451612903226
0.4222222222222222
0.43478260869565216
0.44680851063829785
0.4583333333333333
0.42592592592592593
0.43636363636363634
0.44642857142857145
0.45614035087719296
0.46551724137931033
0.4745762711864407
0.4461538461538462
0.45454545454545453
0.4626865671641791
0.47058823529411764
0.4782608695652174
0.4857142857142857
0.4430379746835443
0.45
0.4567901234567901
0.4634146341463415
0.46987951807228917
0.47619047619047616
0.4823529411764706
0.4883720930232558
0.4942528735632184
0.5
0.5056179775280899
0.5111111111111111
0.5164835164835165
0.5217391304347826
0.5268817204301075
0.5319148936170213
0.5368421052631579
0.5416666666666666
0.5463917525773195
0.5192307692307693
0.5238095238095238
0.5283018867924528
0.5327102803738317
0.5370370370370371
0.5412844036697247
0.5454545454545454
0.5495495495495496
0.5535714285714286
0.5575221238938053
0.5614035087719298
0.5652173913043478
0.5689655172413793
0.5726495726495726
0.576271186440678
0.5798319327731093
0.5833333333333334
0.5867768595041323
0.5901639344262295
0.5934959349593496
0.5967741935483871
0.6
0.4935064935064935
0.4967741935483871
0.5
0.5031847133757962
0.5063291139240507
0.5094339622641509
0.5125
0.515527950310559
0.5185185185185185
0.5214723926380368
0.524390243902439
0.5272727272727272
0.5301204819277109
0.5329341317365269
0.46153846153846156
0.4642857142857143
0.467005076142132
0.4696969696969697
0.4723618090452261
0.475
0.47761194029850745
0.4801980198019802
1.0
1.0
1.0
1.0
1.0
1.0
1.0
1.0
1.0
1.0
1.0
1.0
1.0
1.0
1.0
1.0
1.0
1.0
1.0
1.0
1.0
1.0
1.0
1.0
1.0
1.0
1.0
1.0
1.0
1.0
1.0
1.0
1.0
1.0
1.0
1.0
1.0
1.0
1.0
1.0
1.0
1.0
1.0
1.0
1.0
1.0
1.0
1.0
1.0
1.0
1.0
1.0
1.0
1.0
1.0
1.0
1.0
1.0
1.0
1.0
1.0
1.0
1.0
1.0
1.0
1.0
1.0
1.0
1.0
1.0
1.0
1.0
1.0
1.0
1.0
1.0
1.0
1.0
1.0
1.0
1.0
1.0
1.0
1.0
1.0
1.0
1.0
1.0
1.0
1.0
1.0
1.0
1.0
1.0
1.0
1.0
1.0
1.0
1.0
1.0
1.0
1.0
1.0
1.0
1.0
1.0
1.0
1.0
1.0
1.0
0.5185185185185185
0.5357142857142857
0.5517241379310345
0.5666666666666667
0.5806451612903226
0.4222222222222222
0.43478260869565216
0.44680851063829785
0.4583333333333333
0.42592592592592593
0.43636363636363634
0.44642857142857145
0.45614035087719296
0.46551724137931033
0.4745762711864407
0.4461538461538462
0.45454545454545453
0.4626865671641791
0.47058823529411764
0.4782608695652174
0.4857142857142857
0.4430379746835443
0.45
0.4567901234567901
0.4634146341463415
0.46987951807228917
0.47619047619047616
0.4823529411764706
0.4883720930232558
0.4942528735632184
0.5
0.5056179775280899
0.5111111111111111
0.5164835164835165
0.5217391304347826
0.5268817204301075
0.5319148936170213
0.5368421052631579
0.5416666666666666
0.5463917525773195
0.5192307692307693
0.5238095238095238
0.5283018867924528
0.5327102803738317
0.5370370370370371
0.5412844036697247
0.5454545454545454
0.5495495495495496
0.5535714285714286
0.5575221238938053
0.5614035087719298
0.5652173913043478
0.5689655172413793
0.5726495726495726
0.576271186440678
0.5798319327731093
0.5833333333333334
0.5867768595041323
0.5901639344262295
0.5934959349593496
0.5967741935483871
0.6
0.4935064935064935
0.4967741935483871
0.5
0.5031847133757962
0.5063291139240507
0.5094339622641509
0.5125
0.515527950310559
0.5185185185185185
0.5214723926380368
0.524390243902439
0.5272727272727272
0.5301204819277109
0.5329341317365269
0.46153846153846156
0.4642857142857143
0.467005076142132
0.4696969696969697
0.4723618090452261
0.475
0.47761194029850745
0.4801980198019802
1.0
1.0
1.0
1.0
1.0
1.0
1.0
1.0
1.0
1.0
1.0
1.0
1.0
0.5185185185185185
0.5357142857142857
0.5517241379310345
0.5666666666666667
0.5806451612903226
0.4222222222222222
0.43478260869565216
0.44680851063829785
0.4583333333333333
0.42592592592592593
0.43636363636363634
0.44642857142857145
0.45614035087719296
0.46551724137931033
0.4745762711864407
0.4461538461538462
0.45454545454545453
0.4626865671641791
0.47058823529411764
0.4782608695652174
0.4857142857142857
0.4430379746835443
0.45
0.4567901234567901
0.4634146341463415
0.46987951807228917
0.47619047619047616
0.4823529411764706
0.4883720930232558
0.4942528735632184
0.5
0.5056179775280899
0.5111111111111111
0.5164835164835165
0.5217391304347826
0.5268817204301075
0.5319148936170213
0.5368421052631579
0.5416666666666666
0.5463917525773195
0.5192307692307693
0.5238095238095238
0.5283018867924528
0.5327102803738317
0.5370370370370371
0.5412844036697247
0.5454545454545454
0.5495495495495496
0.5535714285714286
0.5575221238938053
0.5614035087719298
0.5652173913043478
0.5689655172413793
0.5726495726495726
0.576271186440678
0.5798319327731093
0.5833333333333334
0.5867768595041323
0.5901639344262295
0.5934959349593496
0.5967741935483871
0.6
0.4935064935064935
0.4967741935483871
0.5
0.5031847133757962
0.5063291139240507
0.5094339622641509
0.5125
0.515527950310559
0.5185185185185185
0.5214723926380368
0.524390243902439
0.5272727272727272
0.5301204819277109
0.5329341317365269
0.46153846153846156
0.4642857142857143
0.467005076142132
0.4696969696969697
0.4723618090452261
0.475
0.47761194029850745
0.4801980198019802
1.0
1.0
1.0
1.0
1.0
1.0
1.0
1.0
1.0
1.0
1.0
1.0
1.0
1.0
1.0
1.0
0.5185185185185185
0.5357142857142857
0.5517241379310345
0.5666666666666667
0.5806451612903226
0.4222222222222222
0.43478260869565216
0.44680851063829785
0.4583333333333333
0.42592592592592593
0.43636363636363634
0.44642857142857145
0.45614035087719296
0.46551724137931033
0.4745762711864407
0.4461538461538462
0.45454545454545453
0.4626865671641791
0.47058823529411764
0.4782608695652174
0.4857142857142857
0.4430379746835443
0.45
0.4567901234567901
0.4634146341463415
0.46987951807228917
0.47619047619047616
0.4823529411764706
0.4883720930232558
0.4942528735632184
0.5
0.5056179775280899
0.5111111111111111
0.5164835164835165
0.5217391304347826
0.5268817204301075
0.5319148936170213
0.5368421052631579
0.5416666666666666
0.5463917525773195
0.5192307692307693
0.5238095238095238
0.5283018867924528
0.5327102803738317
0.5370370370370371
0.5412844036697247
0.5454545454545454
0.5495495495495496
0.5535714285714286
0.5575221238938053
0.5614035087719298
0.5652173913043478
0.5689655172413793
0.5726495726495726
0.576271186440678
0.5798319327731093
0.5833333333333334
0.5867768595041323
0.5901639344262295
0.5934959349593496
0.5967741935483871
0.6
0.4935064935064935
0.4967741935483871
0.5
0.5031847133757962
0.5063291139240507
0.5094339622641509
0.5125
0.515527950310559
0.5185185185185185
0.5214723926380368
0.524390243902439
0.5272727272727272
0.5301204819277109
0.5329341317365269
0.46153846153846156
0.4642857142857143
0.467005076142132
0.4696969696969697
0.4723618090452261
0.475
0.47761194029850745
0.4801980198019802
