1.0
1.0
1.0
1.0
1.0
1.0
1.0
1.0
1.0
1.0
1.0
1.0
1.0
1.0
1.0
1.0
1.0
1.0
1.0
1.0
0.5675675675675675
0.5789473684210527
0.5897435897435898
0.6
0.6097560975609756
0.6190476190476191
0.627906976744186
0.6363636363636364
0.6444444444444445
0.6521739130434783
0.6595744680851063
0.6666666666666666
0.673469387755102
0.68
0.6862745098039216
0.6923076923076923
0.6981132075471698
0.7037037037037037
0.7090909090909091
0.7142857142857143
0.7192982456140351
0.7241379310344828
0.7288135593220338
0.7333333333333333
0.7377049180327869
0.7419354838709677
0.746031746031746
0.75
0.7538461538461538
0.7575757575757576
0.7611940298507462
0.7647058823529411
0.7681159420289855
0.7714285714285715
0.7746478873239436
0.7777777777777778
0.7808219178082192
0.7837837837837838
0.7866666666666666
0.7894736842105263
0.7922077922077922
0.7948717948717948
0.7974683544303798
0.8
0.8024691358024691
0.8048780487804879
0.8072289156626506
0.8095238095238095
0.8117647058823529
0.813953488372093
0.8160919540229885
0.8181818181818182
0.8202247191011236
0.8222222222222222
0.8241758241758241
0.8260869565217391
0.8279569892473119
0.8297872340425532
0.8315789473684211
0.8333333333333334
0.8350515463917526
0.8367346938775511
0.8383838383838383
0.84
0.8415841584158416
0.38738738738738737
0.3901345291479821
0.39285714285714285
0.39555555555555555
1.0
1.0
1.0
1.0
1.0
1.0
1.0
1.0
1.0
1.0
1.0
1.0
1.0
1.0
1.0
1.0
1.0
1.0
1.0
1.0
0.5675675675675675
0.5789473684210527
0.5897435897435898
0.6
0.6097560975609756
0.6190476190476191
0.627906976744186
0.6363636363636364
0.6444444444444445
0.6521739130434783
0.6595744680851063
0.6666666666666666
0.673469387755102
0.68
0.6862745098039216
0.6923076923076923
0.6981132075471698
0.7037037037037037
0.7090909090909091
0.7142857142857143
0.7192982456140351
0.7241379310344828
0.7288135593220338
0.7333333333333333
0.7377049180327869
0.7419354838709677
0.746031746031746
0.75
0.7538461538461538
0.7575757575757576
0.7611940298507462
0.7647058823529411
0.7681159420289855
0.7714285714285715
0.7746478873239436
0.7777777777777778
0.7808219178082192
0.7837837837837838
0.7866666666666666
0.7894736842105263
0.7922077922077922
0.7948717948717948
0.7974683544303798
0.8
0.8024691358024691
0.8048780487804879
0.8072289156626506
0.8095238095238095
0.8117647058823529
0.813953488372093
0.8160919540229885
0.8181818181818182
0.8202247191011236
0.8222222222222222
0.8241758241758241
0.8260869565217391
0.8279569892473119
0.8297872340425532
0.8315789473684211
0.8333333333333334
0.8350515463917526
0.8367346938775511
0.8383838383838383
0.84
0.8415841584158416
0.38738738738738737
0.3901345291479821
0.39285714285714285
0.39555555555555555
1.0
1.0
1.0
1.0
1.0
1.0
1.0
1.0
1.0
1.0
1.0
1.0
1.0
1.0
1.0
1.0
1.0
1.0
1.0
1.0
1.0
1.0
1.0
1.0
1.0
1.0
1.0
1.0
1.0
1.0
1.0
1.0
1.0
1.0
1.0
1.0
1.0
1.0
1.0
1.0
1.0
1.0
1.0
1.0
1.0
1.0
1.0
1.0
1.0
1.0
1.0
1.0
1.0
1.0
1.0
1.0
1.0
1.0
1.0
1.0
1.0
1.0
1.0
1.0
1.0
1.0
1.0
1.0
1.0
1.0
1.0
1.0
1.0
1.0
1.0
1.0
1.0
1.0
1.0
1.0
1.0
1.0
1.0
1.0
1.0
1.0
1.0
1.0
1.0
1.0
1.0
1.0
1.0
1.0
1.0
1.0
1.0
1.0
1.0
1.0
1.0
1.0
1.0
1.0
1.0
1.0
1.0
1.0
1.0
0.5675675675675675
0.5789473684210527
0.5897435897435898
0.6
0.6097560975609756
0.6190476190476191
0.627906976744186
0.6363636363636364
0.6444444444444445
0.6521739130434783
0.6595744680851063
0.6666666666666666
0.673469387755102
0.68
0.6862745098039216
0.6923076923076923
0.6981132075471698
0.7037037037037037
0.7090909090909091
0.7142857142857143
0.7192982456140351
0.7241379310344828
0.7288135593220338
0.7333333333333333
0.7377049180327869
0.7419354838709677
0.746031746031746
0.75
0.7538461538461538
0.7575757575757576
0.7611940298507462
0.7647058823529411
0.7681159420289855
0.7714285714285715
0.7746478873239436
0.7777777777777778
0.7808219178082192
0.7837837837837838
0.7866666666666666
0.7894736842105263
0.7922077922077922
0.7948717948717948
0.7974683544303798
0.8
0.8024691358024691
0.8048780487804879
0.8072289156626506
0.8095238095238095
0.8117647058823529
0.813953488372093
0.8160919540229885
0.8181818181818182
0.8202247191011236
0.8222222222222222
0.8241758241758241
0.8260869565217391
0.8279569892473119
0.8297872340425532
0.8315789473684211
0.8333333333333334
0.8350515463917526
0.8367346938775511
0.8383838383838383
0.84
0.8415841584158416
0.38738738738738737
0.3901345291479821
0.39285714285714285
0.39555555555555555
1.0
1.0
1.0
1.0
1.0
1.0
1.0
1.0
1.0
1.0
1.0
1.0
1.0
1.0
1.0
1.0
1.0
1.0
1.0
1.0
0.5675675675675675
0.5789473684210527
0.5897435897435898
0.6
0.6097560975609756
0.6190476190476191
0.627906976744186
0.6363636363636364
0.6444444444444445
0.6521739130434783
0.6595744680851063
0.6666666666666666
0.673469387755102
0.68
0.6862745098039216
0.6923076923076923
0.6981132075471698
0.7037037037037037
0.7090909090909091
0.7142857142857143
0.7192982456140351
0.7241379310344828
0.7288135593220338
0.7333333333333333
0.7377049180327869
0.7419354838709677
0.746031746031746
0.75
0.7538461538461538
0.7575757575757576
0.7611940298507462
0.7647058823529411
0.7681159420289855
0.7714285714285715
0.7746478873239436
0.7777777777777778
0.7808219178082192
0.7837837837837838
0.7866666666666666
0.7894736842105263
0.7922077922077922
0.7948717948717948
0.7974683544303798
0.8
0.8024691358024691
0.8048780487804879
0.8072289156626506
0.8095238095238095
0.8117647058823529
0.813953488372093
0.8160919540229885
0.8181818181818182
0.8202247191011236
0.8222222222222222
0.8241758241758241
0.8260869565217391
0.8279569892473119
0.8297872340425532
0.8315789473684211
0.8333333333333334
0.8350515463917526
0.8367346938775511
0.8383838383838383
0.84
0.8415841584158416
0.38738738738738737
0.3901345291479821
0.39285714285714285
0.39555555555555555
1.0
1.0
1.0
1.0
1.0
1.0
1.0
1.0
1.0
1.0
1.0
1.0
1.0
1.0
1.0
1.0
1.0
1.0
1.0
1.0
0.5675675675675675
0.5789473684210527
0.5897435897435898
0.6
0.6097560975609756
0.6190476190476191
0.627906976744186
0.6363636363636364
0.6444444444444445
0.6521739130434783
0.6595744680851063
0.6666666666666666
0.673469387755102
0.68
0.6862745098039216
0.6923076923076923
0.6981132075471698
0.7037037037037037
0.7090909090909091
0.7142857142857143
0.7192982456140351
0.7241379310344828
0.7288135593220338
0.7333333333333333
0.7377049180327869
0.7419354838709677
0.746031746031746
0.75
0.7538461538461538
0.7575757575757576
0.7611940298507462
0.7647058823529411
0.7681159420289855
0.7714285714285715
0.7746478873239436
0.7777777777777778
0.7808219178082192
0.7837837837837838
0.7866666666666666
0.7894736842105263
0.7922077922077922
0.7948717948717948
0.7974683544303798
0.8
0.8024691358024691
0.8048780487804879
0.8072289156626506
0.8095238095238095
0.8117647058823529
0.813953488372093
0.8160919540229885
0.8181818181818182
0.8202247191011236
0.8222222222222222
0.8241758241758241
0.8260869565217391
0.8279569892473119
0.8297872340425532
0.8315789473684211
0.8333333333333334
0.8350515463917526
0.8367346938775511
0.8383838383838383
0.84
0.8415841584158416
0.38738738738738737
0.3901345291479821
0.39285714285714285
0.39555555555555555
1.0
1.0
1.0
1.0
1.0
1.0
1.0
1.0
1.0
1.0
1.0
1.0
1.0
1.0
1.0
1.0
1.0
1.0
1.0
1.0
0.5675675675675675
0.5789473684210527
0.5897435897435898
0.6
0.6097560975609756
0.6190476190476191
0.627906976744186
0.6363636363636364
0.6444444444444445
0.6521739130434783
0.6595744680851063
0.6666666666666666
0.673469387755102
0.68
0.6862745098039216
0.6923076923076923
0.6981132075471698
0.7037037037037037
0.7090909090909091
0.7142857142857143
0.7192982456140351
0.7241379310344828
0.7288135593220338
0.7333333333333333
0.7377049180327869
0.7419354838709677
0.746031746031746
0.75
0.7538461538461538
0.7575757575757576
0.7611940298507462
0.7647058823529411
0.7681159420289855
0.7714285714285715
0.7746478873239436
0.7777777777777778
0.7808219178082192
0.7837837837837838
0.7866666666666666
0.7894736842105263
0.7922077922077922
0.7948717948717948
0.7974683544303798
0.8
0.8024691358024691
0.8048780487804879
0.8072289156626506
0.8095238095238095
0.8117647058823529
0.813953488372093
0.8160919540229885
0.8181818181818182
0.8202247191011236
0.8222222222222222
0.8241758241758241
0.8260869565217391
0.8279569892473119
0.8297872340425532
0.8315789473684211
0.8333333333333334
0.8350515463917526
0.8367346938775511
0.8383838383838383
0.84
0.8415841584158416
0.38738738738738737
0.3901345291479821
0.39285714285714285
0.39555555555555555
