1.0
1.0
1.0
1.0
1.0
1.0
1.0
1.0
1.0
1.0
1.0
1.0
1.0
1.0
1.0
1.0
1.0
1.0
0.24358974358974358
0.2564102564102564
0.2692307692307692
0.28205128205128205
0.2948717948717949
0.3076923076923077
0.32051282051282054
0.3333333333333333
0.34615384615384615
0.358974358974359
0.3717948717948718
0.38461538461538464
0.3974358974358974
0.41025641025641024
0.4230769230769231
0.4358974358974359
0.44871794871794873
0.46153846153846156
0.47435897435897434
0.48717948717948717
0.5
0.5128205128205128
0.5256410256410257
0.5384615384615384
0.5512820512820513
0.5641025641025641
0.5769230769230769
0.5897435897435898
0.6025641025641025
0.6153846153846154
0.6282051282051282
0.6410256410256411
0.6538461538461539
0.6666666666666666
0.6794871794871795
0.6923076923076923
0.7051282051282052
0.717948717948718
0.7307692307692307
0.7435897435897436
1.0
1.0
1.0
1.0
1.0
1.0
1.0
1.0
1.0
1.0
1.0
1.0
1.0
1.0
1.0
1.0
1.0
1.0
0.24358974358974358
0.2564102564102564
0.2692307692307692
0.28205128205128205
0.2948717948717949
0.3076923076923077
0.32051282051282054
0.3333333333333333
0.34615384615384615
0.358974358974359
0.3717948717948718
0.38461538461538464
0.3974358974358974
0.41025641025641024
0.4230769230769231
0.4358974358974359
0.44871794871794873
0.46153846153846156
0.47435897435897434
0.48717948717948717
0.5
0.5128205128205128
0.5256410256410257
0.5384615384615384
0.5512820512820513
0.5641025641025641
0.5769230769230769
0.5897435897435898
0.6025641025641025
0.6153846153846154
0.6282051282051282
0.6410256410256411
0.6538461538461539
0.6666666666666666
0.6794871794871795
0.6923076923076923
0.7051282051282052
0.717948717948718
0.7307692307692307
0.7435897435897436
1.0
1.0
1.0
1.0
1.0
1.0
1.0
1.0
1.0
1.0
1.0
1.0
1.0
1.0
1.0
1.0
1.0
1.0
1.0
1.0
1.0
1.0
1.0
1.0
1.0
1.0
1.0
1.0
1.0
1.0
1.0
1.0
1.0
1.0
1.0
1.0
0.24358974358974358
0.2564102564102564
0.2692307692307692
0.28205128205128205
0.2948717948717949
0.3076923076923077
0.32051282051282054
0.3333333333333333
0.34615384615384615
0.358974358974359
0.3717948717948718
0.38461538461538464
0.3974358974358974
0.41025641025641024
0.4230769230769231
0.4358974358974359
0.44871794871794873
0.46153846153846156
0.47435897435897434
0.48717948717948717
0.5
0.5128205128205128
0.5256410256410257
0.5384615384615384
0.5512820512820513
0.5641025641025641
0.5769230769230769
0.5897435897435898
0.6025641025641025
0.6153846153846154
0.6282051282051282
0.6410256410256411
0.6538461538461539
0.6666666666666666
0.6794871794871795
0.6923076923076923
0.7051282051282052
0.717948717948718
0.7307692307692307
0.7435897435897436
1.0
1.0
1.0
1.0
1.0
1.0
1.0
1.0
1.0
1.0
1.0
1.0
1.0
1.0
1.0
1.0
1.0
1.0
0.24358974358974358
0.2564102564102564
0.2692307692307692
0.28205128205128205
0.2948717948717949
0.3076923076923077
0.32051282051282054
0.3333333333333333
0.34615384615384615
0.358974358974359
0.3717948717948718
0.38461538461538464
0.3974358974358974
0.41025641025641024
0.4230769230769231
0.4358974358974359
0.44871794871794873
0.46153846153846156
0.47435897435897434
0.48717948717948717
0.5
0.5128205128205128
0.5256410256410257
0.5384615384615384
0.5512820512820513
0.5641025641025641
0.5769230769230769
0.5897435897435898
0.6025641025641025
0.6153846153846154
0.6282051282051282
0.6410256410256411
0.6538461538461539
0.6666666666666666
0.6794871794871795
0.6923076923076923
0.7051282051282052
0.717948717948718
0.7307692307692307
0.7435897435897436
1.0
1.0
1.0
1.0
1.0
1.0
1.0
1.0
1.0
1.0
1.0
1.0
1.0
1.0
1.0
1.0
1.0
1.0
0.24358974358974358
0.2564102564102564
0.2692307692307692
0.28205128205128205
0.2948717948717949
0.3076923076923077
0.32051282051282054
0.3333333333333333
0.34615384615384615
0.358974358974359
0.3717948717948718
0.38461538461538464
0.3974358974358974
0.41025641025641024
0.4230769230769231
0.4358974358974359
0.44871794871794873
0.46153846153846156
0.47435897435897434
0.48717948717948717
0.5
0.5128205128205128
0.5256410256410257
0.5384615384615384
0.5512820512820513
0.5641025641025641
0.5769230769230769
0.5897435897435898
0.6025641025641025
0.6153846153846154
0.6282051282051282
0.6410256410256411
0.6538461538461539
0.6666666666666666
0.6794871794871795
0.6923076923076923
0.7051282051282052
0.717948717948718
0.7307692307692307
0.7435897435897436
1.0
1.0
1.0
1.0
1.0
1.0
1.0
1.0
1.0
1.0
1.0
1.0
1.0
1.0
1.0
1.0
1.0
1.0
0.24358974358974358
0.2564102564102564
0.2692307692307692
0.28205128205128205
0.2948717948717949
0.3076923076923077
0.32051282051282054
0.3333333333333333
0.34615384615384615
0.358974358974359
0.3717948717948718
0.38461538461538464
0.3974358974358974
0.41025641025641024
0.4230769230769231
0.4358974358974359
0.44871794871794873
0.46153846153846156
0.47435897435897434
0.48717948717948717
0.5
0.5128205128205128
0.5256410256410257
0.5384615384615384
0.5512820512820513
0.5641025641025641
0.5769230769230769
0.5897435897435898
0.6025641025641025
0.6153846153846154
0.6282051282051282
0.6410256410256411
0.6538461538461539
0.6666666666666666
0.6794871794871795
0.6923076923076923
0.7051282051282052
0.717948717948718
0.7307692307692307
0.7435897435897436
