1.0
1.0
1.0
1.0
1.0
1.0
1.0
1.0
1.0
1.0
1.0
0.75
0.7647058823529411
0.7777777777777778
0.7894736842105263
0.8
0.8095238095238095
0.8181818181818182
0.7916666666666666
0.8
0.8076923076923077
0.8148148148148148
0.8214285714285714
0.8275862068965517
0.8333333333333334
0.8387096774193549
0.6585365853658537
0.6666666666666666
0.6744186046511628
0.6818181818181818
0.6888888888888889
0.6956521739130435
0.7021276595744681
0.7083333333333334
0.7142857142857143
0.72
0.7254901960784313
0.7307692307692307
0.7358490566037735
0.7407407407407407
0.7454545454545455
0.75
0.7543859649122807
1.0
1.0
1.0
1.0
1.0
1.0
1.0
1.0
1.0
1.0
1.0
1.0
1.0
1.0
1.0
0.64
0.6538461538461539
0.6666666666666666
0.6785714285714286
0.6896551724137931
0.7
0.7096774193548387
0.71875
0.7272727272727273
0.7352941176470589
0.7428571428571429
0.75
0.7567567567567568
0.7631578947368421
1.0
1.0
1.0
1.0
1.0
1.0
1.0
1.0
1.0
1.0
1.0
0.75
0.7647058823529411
0.7777777777777778
0.7894736842105263
0.8
0.8095238095238095
0.8181818181818182
0.7916666666666666
0.8
0.8076923076923077
0.8148148148148148
0.8214285714285714
0.8275862068965517
0.8333333333333334
0.8387096774193549
0.6585365853658537
0.6666666666666666
0.6744186046511628
0.6818181818181818
0.6888888888888889
0.6956521739130435
0.7021276595744681
0.7083333333333334
0.7142857142857143
0.72
0.7254901960784313
0.7307692307692307
0.7358490566037735
0.7407407407407407
0.7454545454545455
0.75
0.7543859649122807
1.0
1.0
1.0
1.0
1.0
1.0
1.0
1.0
1.0
1.0
1.0
1.0
1.0
1.0
1.0
0.64
0.6538461538461539
0.6666666666666666
0.6785714285714286
0.6896551724137931
0.7
0.7096774193548387
0.71875
0.7272727272727273
0.7352941176470589
0.7428571428571429
0.75
0.7567567567567568
0.7631578947368421
1.0
1.0
1.0
1.0
1.0
1.0
1.0
1.0
1.0
1.0
1.0
1.0
1.0
1.0
1.0
1.0
1.0
1.0
1.0
1.0
1.0
1.0
1.0
1.0
1.0
1.0
1.0
1.0
1.0
1.0
1.0
1.0
1.0
1.0
1.0
1.0
1.0
1.0
1.0
1.0
1.0
1.0
1.0
1.0
1.0
1.0
1.0
1.0
1.0
1.0
1.0
1.0
1.0
1.0
0.75
0.7647058823529411
0.7777777777777778
0.7894736842105263
0.8
0.8095238095238095
0.8181818181818182
0.7916666666666666
0.8
0.8076923076923077
0.8148148148148148
0.8214285714285714
0.8275862068965517
0.8333333333333334
0.8387096774193549
0.6585365853658537
0.6666666666666666
0.6744186046511628
0.6818181818181818
0.6888888888888889
0.6956521739130435
0.7021276595744681
0.7083333333333334
0.7142857142857143
0.72
0.7254901960784313
0.7307692307692307
0.7358490566037735
0.7407407407407407
0.7454545454545455
0.75
0.7543859649122807
1.0
1.0
1.0
1.0
1.0
1.0
1.0
1.0
1.0
1.0
1.0
1.0
1.0
1.0
1.0
1.0
1.0
1.0
1.0
1.0
1.0
1.0
1.0
1.0
1.0
1.0
1.0
1.0
1.0
1.0
1.0
1.0
1.0
1.0
1.0
1.0
1.0
1.0
1.0
1.0
1.0
1.0
1.0
1.0
0.64
0.6538461538461539
0.6666666666666666
0.6785714285714286
0.6896551724137931
0.7
0.7096774193548387
0.71875
0.7272727272727273
0.7352941176470589
0.7428571428571429
0.75
0.7567567567567568
0.7631578947368421
1.0
1.0
1.0
1.0
1.0
1.0
1.0
1.0
1.0
1.0
1.0
0.75
0.7647058823529411
0.7777777777777778
0.7894736842105263
0.8
0.8095238095238095
0.8181818181818182
0.7916666666666666
0.8
0.8076923076923077
0.8148148148148148
0.8214285714285714
0.8275862068965517
0.8333333333333334
0.8387096774193549
0.6585365853658537
0.6666666666666666
0.6744186046511628
0.6818181818181818
0.6888888888888889
0.6956521739130435
0.7021276595744681
0.7083333333333334
0.7142857142857143
0.72
0.7254901960784313
0.7307692307692307
0.7358490566037735
0.7407407407407407
0.7454545454545455
0.75
0.7543859649122807
1.0
1.0
1.0
1.0
1.0
1.0
1.0
1.0
1.0
1.0
1.0
1.0
1.0
1.0
1.0
0.64
0.6538461538461539
0.6666666666666666
0.6785714285714286
0.6896551724137931
0.7
0.7096774193548387
0.71875
0.7272727272727273
0.7352941176470589
0.7428571428571429
0.75
0.7567567567567568
0.7631578947368421
1.0
1.0
1.0
1.0
1.0
1.0
1.0
1.0
1.0
1.0
1.0
0.75
0.7647058823529411
0.7777777777777778
0.7894736842105263
0.8
0.8095238095238095
0.8181818181818182
0.7916666666666666
0.8
0.8076923076923077
0.8148148148148148
0.8214285714285714
0.8275862068965517
0.8333333333333334
0.8387096774193549
0.6585365853658537
0.6666666666666666
0.6744186046511628
0.6818181818181818
0.6888888888888889
0.6956521739130435
0.7021276595744681
0.7083333333333334
0.7142857142857143
0.72
0.7254901960784313
0.7307692307692307
0.7358490566037735
0.7407407407407407
0.7454545454545455
0.75
0.7543859649122807
1.0
1.0
1.0
1.0
1.0
1.0
1.0
1.0
1.0
1.0
1.0
1.0
1.0
1.0
1.0
0.64
0.6538461538461539
0.6666666666666666
0.6785714285714286
0.6896551724137931
0.7
0.7096774193548387
0.71875
0.7272727272727273
0.7352941176470589
0.7428571428571429
0.75
0.7567567567567568
0.7631578947368421
1.0
1.0
1.0
1.0
1.0
1.0
1.0
1.0
1.0
1.0
1.0
0.75
0.7647058823529411
0.7777777777777778
0.7894736842105263
0.8
0.8095238095238095
0.8181818181818182
0.7916666666666666
0.8
0.8076923076923077
0.8148148148148148
0.8214285714285714
0.8275862068965517
0.8333333333333334
0.8387096774193549
0.6585365853658537
0.6666666666666666
0.6744186046511628
0.6818181818181818
0.6888888888888889
0.6956521739130435
0.7021276595744681
0.7083333333333334
0.7142857142857143
0.72
0.7254901960784313
0.7307692307692307
0.7358490566037735
0.7407407407407407
0.7454545454545455
0.75
0.7543859649122807
1.0
1.0
1.0
1.0
1.0
1.0
1.0
1.0
1.0
1.0
1.0
1.0
1.0
1.0
1.0
0.64
0.6538461538461539
0.6666666666666666
0.6785714285714286
0.6896551724137931
0.7
0.7096774193548387
0.71875
0.7272727272727273
0.7352941176470589
0.7428571428571429
0.75
0.7567567567567568
0.7631578947368421
