1.0
1.0
1.0
1.0
1.0
1.0
1.0
1.0
1.0
1.0
1.0
1.0
1.0
1.0
1.0
1.0
1.0
1.0
1.0
1.0
1.0
1.0
1.0
1.0
1.0
1.0
1.0
1.0
1.0
1.0
1.0
1.0
1.0
1.0
1.0
1.0
1.0
1.0
1.0
1.0
1.0
1.0
1.0
1.0
1.0
1.0
1.0
1.0
1.0
1.0
1.0
1.0
1.0
1.0
1.0
1.0
1.0
1.0
1.0
1.0
0.19741100323624594
0.2
0.20257234726688103
0.20512820512820512
0.20766773162939298
0.21019108280254778
0.2126984126984127
0.21518987341772153
0.21766561514195584
0.22082018927444794
0.22397476340694006
0.22712933753943218
0.2302839116719243
0.2334384858044164
0.23659305993690852
0.23974763406940064
0.24290220820189273
0.24605678233438485
0.24921135646687698
0.25236593059936907
0.25471698113207547
0.25705329153605017
0.259375
0.2616822429906542
0.2639751552795031
0.26625386996904027
0.26851851851851855
0.27076923076923076
0.27300613496932513
0.27522935779816515
0.2774390243902439
0.2796352583586626
0.2818181818181818
0.283987915407855
0.286144578313253
0.2882882882882883
0.2904191616766467
0.29253731343283584
0.29464285714285715
0.29673590504451036
0.2988165680473373
0.3008849557522124
0.3029411764705882
0.30498533724340177
0.30701754385964913
0.30903790087463556
0.311046511627907
0.3130434782608696
0.315028901734104
0.3170028818443804
0.31896551724137934
0.3209169054441261
0.32285714285714284
0.3247863247863248
0.32670454545454547
0.3286118980169972
0.3305084745762712
0.3268698060941828
0.3287292817679558
0.3305785123966942
0.3324175824175824
0.33424657534246577
0.3360655737704918
0.33787465940054495
0.33967391304347827
0.34146341463414637
0.34324324324324323
0.3450134770889488
0.3467741935483871
0.3485254691689008
0.3502673796791444
0.352
0.3537234042553192
0.35543766578249336
0.35714285714285715
0.35883905013192613
0.3605263157894737
0.36220472440944884
0.36387434554973824
0.36553524804177545
0.3671875
0.36883116883116884
0.3704663212435233
0.37209302325581395
0.37371134020618557
0.37532133676092544
0.3769230769230769
0.37851662404092073
0.38010204081632654
0.3816793893129771
0.383248730964467
0.3848101265822785
0.38636363636363635
0.3879093198992443
0.38847117794486213
0.39
0.3915211970074813
0.39303482587064675
0.3945409429280397
0.39603960396039606
0.39753086419753086
0.39901477832512317
0.4004914004914005
0.4019607843137255
0.4034229828850856
0.40487804878048783
0.40632603406326034
0.4077669902912621
0.4092009685230024
0.4106280193236715
0.41204819277108434
0.41346153846153844
0.4148681055155875
0.41134751773049644
0.41273584905660377
0.41411764705882353
0.4154929577464789
0.4168618266978923
0.4182242990654206
0.4195804195804196
0.42093023255813955
0.4222737819025522
0.4236111111111111
0.42494226327944573
0.42626728110599077
0.42758620689655175
0.4288990825688073
0.4302059496567506
0.4315068493150685
0.4328018223234624
0.4340909090909091
0.4192139737991266
0.420479302832244
0.4217391304347826
0.4229934924078091
0.42424242424242425
0.42548596112311016
0.4267241379310345
0.42795698924731185
0.4291845493562232
0.430406852248394
0.43162393162393164
0.4282700421940928
0.42947368421052634
0.43067226890756305
0.43186582809224316
0.4330543933054393
0.4342379958246347
0.4354166666666667
0.4365904365904366
0.43775933609958506
0.4389233954451346
0.44008264462809915
0.44123711340206184
0.44238683127572015
0.44353182751540043
0.44016227180527384
0.44129554655870445
0.44242424242424244
0.4435483870967742
0.44466800804828976
0.4457831325301205
0.4468937875751503
0.448
0.4491017964071856
0.44930417495029823
0.4503968253968254
0.4514851485148515
0.4525691699604743
0.4536489151873767
0.4547244094488189
0.45579567779960706
0.4568627450980392
0.4254545454545455
0.426497277676951
0.427536231884058
0.42857142857142855
0.4296028880866426
0.4306306306306306
0.4316546762589928
0.4326750448833034
0.4019933554817276
0.40298507462686567
0.40397350993377484
0.4049586776859504
0.40594059405940597
0.40691927512355847
0.40789473684210525
0.4088669950738916
0.4098360655737705
0.41080196399345337
0.4117647058823529
0.41272430668841764
0.41368078175895767
0.4146341463414634
0.4155844155844156
0.4165316045380875
0.4174757281553398
0.4184168012924071
0.41935483870967744
0.42028985507246375
0.4212218649517685
0.42215088282504015
0.4230769230769231
0.424
0.4249201277955272
0.4258373205741627
0.4267515923566879
0.4276629570747218
0.42857142857142855
0.4294770206022187
0.43037974683544306
0.4312796208530806
0.43217665615141954
0.4330708661417323
0.4339622641509434
0.434850863422292
0.43573667711598746
0.43661971830985913
0.4375
0.43837753510140404
0.4392523364485981
0.4401244167962675
0.4409937888198758
0.4418604651162791
0.44272445820433437
0.4435857805255023
0.4444444444444444
0.4453004622496148
0.4461538461538462
0.4470046082949309
0.44785276073619634
0.44869831546707506
0.44954128440366975
0.45038167938931295
0.45121951219512196
0.4520547945205479
0.45288753799392095
0.4537177541729894
0.45454545454545453
0.45537065052950076
0.4561933534743202
0.45701357466063347
0.4578313253012048
0.45864661654135336
0.4594594594594595
0.46026986506746626
0.46107784431137727
0.4618834080717489
0.4626865671641791
0.46348733233979134
0.4642857142857143
0.46577380952380953
0.46726190476190477
0.46875
0.47023809523809523
0.47172619047619047
0.4732142857142857
0.47470238095238093
0.47619047619047616
0.47767857142857145
0.4791666666666667
0.4806547619047619
0.48214285714285715
0.4836309523809524
0.4851190476190476
0.48660714285714285
0.4880952380952381
0.4888558692421991
0.4896142433234421
0.49037037037037035
0.4911242603550296
0.4918759231905465
0.49189985272459497
0.49337260677466865
1.0
1.0
1.0
1.0
1.0
1.0
1.0
1.0
1.0
1.0
1.0
1.0
1.0
1.0
1.0
1.0
1.0
1.0
1.0
1.0
1.0
1.0
1.0
1.0
1.0
1.0
1.0
1.0
1.0
1.0
1.0
1.0
1.0
1.0
1.0
1.0
1.0
1.0
1.0
1.0
1.0
1.0
1.0
1.0
1.0
1.0
1.0
1.0
1.0
1.0
1.0
1.0
1.0
1.0
1.0
1.0
1.0
1.0
1.0
1.0
0.19741100323624594
0.2
0.20257234726688103
0.20512820512820512
0.20766773162939298
0.21019108280254778
0.2126984126984127
0.21518987341772153
0.21766561514195584
0.22082018927444794
0.22397476340694006
0.22712933753943218
0.2302839116719243
0.2334384858044164
0.23659305993690852
0.23974763406940064
0.24290220820189273
0.24605678233438485
0.24921135646687698
0.25236593059936907
0.25471698113207547
0.25705329153605017
0.259375
0.2616822429906542
0.2639751552795031
0.26625386996904027
0.26851851851851855
0.27076923076923076
0.27300613496932513
0.27522935779816515
0.2774390243902439
0.2796352583586626
0.2818181818181818
0.283987915407855
0.286144578313253
0.2882882882882883
0.2904191616766467
0.29253731343283584
0.29464285714285715
0.29673590504451036
0.2988165680473373
0.3008849557522124
0.3029411764705882
0.30498533724340177
0.30701754385964913
0.30903790087463556
0.311046511627907
0.3130434782608696
0.315028901734104
0.3170028818443804
0.31896551724137934
0.3209169054441261
0.32285714285714284
0.3247863247863248
0.32670454545454547
0.3286118980169972
0.3305084745762712
0.3268698060941828
0.3287292817679558
0.3305785123966942
0.3324175824175824
0.33424657534246577
0.3360655737704918
0.33787465940054495
0.33967391304347827
0.34146341463414637
0.34324324324324323
0.3450134770889488
0.3467741935483871
0.3485254691689008
0.3502673796791444
0.352
0.3537234042553192
0.35543766578249336
0.35714285714285715
0.35883905013192613
0.3605263157894737
0.36220472440944884
0.36387434554973824
0.36553524804177545
0.3671875
0.36883116883116884
0.3704663212435233
0.37209302325581395
0.37371134020618557
0.37532133676092544
0.3769230769230769
0.37851662404092073
0.38010204081632654
0.3816793893129771
0.383248730964467
0.3848101265822785
0.38636363636363635
0.3879093198992443
0.38847117794486213
0.39
0.3915211970074813
0.39303482587064675
0.3945409429280397
0.39603960396039606
0.39753086419753086
0.39901477832512317
0.4004914004914005
0.4019607843137255
0.4034229828850856
0.40487804878048783
0.40632603406326034
0.4077669902912621
0.4092009685230024
0.4106280193236715
0.41204819277108434
0.41346153846153844
0.4148681055155875
0.41134751773049644
0.41273584905660377
0.41411764705882353
0.4154929577464789
0.4168618266978923
0.4182242990654206
0.4195804195804196
0.42093023255813955
0.4222737819025522
0.4236111111111111
0.42494226327944573
0.42626728110599077
0.42758620689655175
0.4288990825688073
0.4302059496567506
0.4315068493150685
0.4328018223234624
0.4340909090909091
0.4192139737991266
0.420479302832244
0.4217391304347826
0.4229934924078091
0.42424242424242425
0.42548596112311016
0.4267241379310345
0.42795698924731185
0.4291845493562232
0.430406852248394
0.43162393162393164
0.4282700421940928
0.42947368421052634
0.43067226890756305
0.43186582809224316
0.4330543933054393
0.4342379958246347
0.4354166666666667
0.4365904365904366
0.43775933609958506
0.4389233954451346
0.44008264462809915
0.44123711340206184
0.44238683127572015
0.44353182751540043
0.44016227180527384
0.44129554655870445
0.44242424242424244
0.4435483870967742
0.44466800804828976
0.4457831325301205
0.4468937875751503
0.448
0.4491017964071856
0.44930417495029823
0.4503968253968254
0.4514851485148515
0.4525691699604743
0.4536489151873767
0.4547244094488189
0.45579567779960706
0.4568627450980392
0.4254545454545455
0.426497277676951
0.427536231884058
0.42857142857142855
0.4296028880866426
0.4306306306306306
0.4316546762589928
0.4326750448833034
0.4019933554817276
0.40298507462686567
0.40397350993377484
0.4049586776859504
0.40594059405940597
0.40691927512355847
0.40789473684210525
0.4088669950738916
0.4098360655737705
0.41080196399345337
0.4117647058823529
0.41272430668841764
0.41368078175895767
0.4146341463414634
0.4155844155844156
0.4165316045380875
0.4174757281553398
0.4184168012924071
0.41935483870967744
0.42028985507246375
0.4212218649517685
0.42215088282504015
0.4230769230769231
0.424
0.4249201277955272
0.4258373205741627
0.4267515923566879
0.4276629570747218
0.42857142857142855
0.4294770206022187
0.43037974683544306
0.4312796208530806
0.43217665615141954
0.4330708661417323
0.4339622641509434
0.434850863422292
0.43573667711598746
0.43661971830985913
0.4375
0.43837753510140404
0.4392523364485981
0.4401244167962675
0.4409937888198758
0.4418604651162791
0.44272445820433437
0.4435857805255023
0.4444444444444444
0.4453004622496148
0.4461538461538462
0.4470046082949309
0.44785276073619634
0.44869831546707506
0.44954128440366975
0.45038167938931295
0.45121951219512196
0.4520547945205479
0.45288753799392095
0.4537177541729894
0.45454545454545453
0.45537065052950076
0.4561933534743202
0.45701357466063347
0.4578313253012048
0.45864661654135336
0.4594594594594595
0.46026986506746626
0.46107784431137727
0.4618834080717489
0.4626865671641791
0.46348733233979134
0.4642857142857143
0.46577380952380953
0.46726190476190477
0.46875
0.47023809523809523
0.47172619047619047
0.4732142857142857
0.47470238095238093
0.47619047619047616
0.47767857142857145
0.4791666666666667
0.4806547619047619
0.48214285714285715
0.4836309523809524
0.4851190476190476
0.48660714285714285
0.4880952380952381
0.4888558692421991
0.4896142433234421
0.49037037037037035
0.4911242603550296
0.4911504424778761
0.49262536873156343
0.49337260677466865
1.0
1.0
1.0
1.0
1.0
1.0
1.0
1.0
1.0
1.0
1.0
1.0
1.0
1.0
1.0
1.0
1.0
1.0
1.0
1.0
1.0
1.0
1.0
1.0
1.0
1.0
1.0
1.0
1.0
1.0
1.0
1.0
1.0
1.0
1.0
1.0
1.0
1.0
1.0
1.0
1.0
1.0
1.0
1.0
1.0
1.0
1.0
1.0
1.0
1.0
1.0
1.0
1.0
1.0
1.0
1.0
1.0
1.0
1.0
1.0
1.0
1.0
1.0
1.0
1.0
1.0
1.0
1.0
1.0
1.0
1.0
1.0
1.0
1.0
1.0
1.0
1.0
1.0
1.0
1.0
1.0
1.0
1.0
1.0
1.0
1.0
1.0
1.0
1.0
1.0
1.0
1.0
1.0
1.0
1.0
1.0
1.0
1.0
1.0
1.0
1.0
1.0
1.0
1.0
1.0
1.0
1.0
1.0
1.0
1.0
1.0
1.0
1.0
1.0
1.0
1.0
1.0
1.0
1.0
1.0
1.0
1.0
1.0
1.0
1.0
1.0
1.0
1.0
1.0
1.0
1.0
1.0
1.0
1.0
1.0
1.0
1.0
1.0
1.0
1.0
1.0
1.0
1.0
1.0
1.0
1.0
1.0
1.0
1.0
1.0
1.0
1.0
1.0
1.0
1.0
1.0
1.0
1.0
1.0
1.0
1.0
1.0
1.0
1.0
1.0
1.0
1.0
1.0
1.0
1.0
1.0
1.0
1.0
1.0
1.0
1.0
1.0
1.0
1.0
1.0
1.0
1.0
1.0
1.0
1.0
1.0
1.0
1.0
1.0
1.0
1.0
1.0
1.0
1.0
1.0
1.0
1.0
1.0
1.0
1.0
1.0
1.0
1.0
1.0
1.0
1.0
1.0
1.0
1.0
1.0
1.0
1.0
1.0
1.0
1.0
1.0
1.0
1.0
1.0
1.0
1.0
1.0
1.0
1.0
1.0
1.0
1.0
1.0
1.0
1.0
1.0
1.0
1.0
1.0
1.0
1.0
1.0
1.0
1.0
1.0
1.0
1.0
1.0
1.0
1.0
1.0
1.0
1.0
1.0
1.0
1.0
1.0
1.0
1.0
1.0
1.0
1.0
1.0
1.0
1.0
1.0
1.0
1.0
1.0
1.0
1.0
1.0
1.0
1.0
1.0
1.0
1.0
1.0
1.0
1.0
1.0
1.0
1.0
1.0
1.0
1.0
1.0
1.0
1.0
1.0
1.0
1.0
1.0
1.0
1.0
1.0
1.0
1.0
1.0
1.0
1.0
1.0
1.0
1.0
1.0
1.0
1.0
1.0
1.0
1.0
1.0
1.0
1.0
1.0
1.0
1.0
1.0
1.0
1.0
1.0
1.0
1.0
1.0
1.0
1.0
1.0
1.0
1.0
1.0
1.0
1.0
1.0
1.0
1.0
1.0
1.0
1.0
1.0
1.0
1.0
1.0
1.0
1.0
1.0
1.0
1.0
1.0
1.0
1.0
1.0
1.0
1.0
1.0
1.0
1.0
1.0
1.0
1.0
1.0
1.0
1.0
1.0
1.0
1.0
1.0
1.0
1.0
1.0
1.0
1.0
1.0
1.0
1.0
1.0
1.0
1.0
1.0
1.0
1.0
1.0
1.0
1.0
1.0
1.0
1.0
1.0
1.0
1.0
1.0
1.0
1.0
1.0
1.0
1.0
1.0
1.0
1.0
0.19741100323624594
0.2
0.20257234726688103
0.20512820512820512
0.20766773162939298
0.21019108280254778
0.2126984126984127
0.21518987341772153
0.21766561514195584
0.22082018927444794
0.22397476340694006
0.22712933753943218
0.2302839116719243
0.2334384858044164
0.23659305993690852
0.23974763406940064
0.24290220820189273
0.24605678233438485
0.24921135646687698
0.25236593059936907
0.25471698113207547
0.25705329153605017
0.259375
0.2616822429906542
0.2639751552795031
0.26625386996904027
0.26851851851851855
0.27076923076923076
0.27300613496932513
0.27522935779816515
0.2774390243902439
0.2796352583586626
0.2818181818181818
0.283987915407855
0.286144578313253
0.2882882882882883
0.2904191616766467
0.29253731343283584
0.29464285714285715
0.29673590504451036
0.2988165680473373
0.3008849557522124
0.3029411764705882
0.30498533724340177
0.30701754385964913
0.30903790087463556
0.311046511627907
0.3130434782608696
0.315028901734104
0.3170028818443804
0.31896551724137934
0.3209169054441261
0.32285714285714284
0.3247863247863248
0.32670454545454547
0.3286118980169972
0.3305084745762712
0.3268698060941828
0.3287292817679558
0.3305785123966942
0.3324175824175824
0.33424657534246577
0.3360655737704918
0.33787465940054495
0.33967391304347827
0.34146341463414637
0.34324324324324323
0.3450134770889488
0.3467741935483871
0.3485254691689008
0.3502673796791444
0.352
0.3537234042553192
0.35543766578249336
0.35714285714285715
0.35883905013192613
0.3605263157894737
0.36220472440944884
0.36387434554973824
0.36553524804177545
0.3671875
0.36883116883116884
0.3704663212435233
0.37209302325581395
0.37371134020618557
0.37532133676092544
0.3769230769230769
0.37851662404092073
0.38010204081632654
0.3816793893129771
0.383248730964467
0.3848101265822785
0.38636363636363635
0.3879093198992443
0.38847117794486213
0.39
0.3915211970074813
0.39303482587064675
0.3945409429280397
0.39603960396039606
0.39753086419753086
0.39901477832512317
0.4004914004914005
0.4019607843137255
0.4034229828850856
0.40487804878048783
0.40632603406326034
0.4077669902912621
0.4092009685230024
0.4106280193236715
0.41204819277108434
0.41346153846153844
0.4148681055155875
0.41134751773049644
0.41273584905660377
0.41411764705882353
0.4154929577464789
0.4168618266978923
0.4182242990654206
0.4195804195804196
0.42093023255813955
0.4222737819025522
0.4236111111111111
0.42494226327944573
0.42626728110599077
0.42758620689655175
0.4288990825688073
0.4302059496567506
0.4315068493150685
0.4328018223234624
0.4340909090909091
0.4192139737991266
0.420479302832244
0.4217391304347826
0.4229934924078091
0.42424242424242425
0.42548596112311016
0.4267241379310345
0.42795698924731185
0.4291845493562232
0.430406852248394
0.43162393162393164
0.4282700421940928
0.42947368421052634
0.43067226890756305
0.43186582809224316
0.4330543933054393
0.4342379958246347
0.4354166666666667
0.4365904365904366
0.43775933609958506
0.4389233954451346
0.44008264462809915
0.44123711340206184
0.44238683127572015
0.44353182751540043
0.44016227180527384
0.44129554655870445
0.44242424242424244
0.4435483870967742
0.44466800804828976
0.4457831325301205
0.4468937875751503
0.448
0.4491017964071856
0.44930417495029823
0.4503968253968254
0.4514851485148515
0.4525691699604743
0.4536489151873767
0.4547244094488189
0.45579567779960706
0.4568627450980392
0.4254545454545455
0.426497277676951
0.427536231884058
0.42857142857142855
0.4296028880866426
0.4306306306306306
0.4316546762589928
0.4326750448833034
0.4019933554817276
0.40298507462686567
0.40397350993377484
0.4049586776859504
0.40594059405940597
0.40691927512355847
0.40789473684210525
0.4088669950738916
0.4098360655737705
0.41080196399345337
0.4117647058823529
0.41272430668841764
0.41368078175895767
0.4146341463414634
0.4155844155844156
0.4165316045380875
0.4174757281553398
0.4184168012924071
0.41935483870967744
0.42028985507246375
0.4212218649517685
0.42215088282504015
0.4230769230769231
0.424
0.4249201277955272
0.4258373205741627
0.4267515923566879
0.4276629570747218
0.42857142857142855
0.4294770206022187
0.43037974683544306
0.4312796208530806
0.43217665615141954
0.4330708661417323
0.4339622641509434
0.434850863422292
0.43573667711598746
0.43661971830985913
0.4375
0.43837753510140404
0.4392523364485981
0.4401244167962675
0.4409937888198758
0.4418604651162791
0.44272445820433437
0.4435857805255023
0.4444444444444444
0.4453004622496148
0.4461538461538462
0.4470046082949309
0.44785276073619634
0.44869831546707506
0.44954128440366975
0.45038167938931295
0.45121951219512196
0.4520547945205479
0.45288753799392095
0.4537177541729894
0.45454545454545453
0.45537065052950076
0.4561933534743202
0.45701357466063347
0.4578313253012048
0.45864661654135336
0.4594594594594595
0.46026986506746626
0.46107784431137727
0.4618834080717489
0.4626865671641791
0.46348733233979134
0.4642857142857143
0.46577380952380953
0.46726190476190477
0.46875
0.47023809523809523
0.47172619047619047
0.4732142857142857
0.47470238095238093
0.47619047619047616
0.47767857142857145
0.4791666666666667
0.4806547619047619
0.48214285714285715
0.4836309523809524
0.4851190476190476
0.48660714285714285
0.4880952380952381
0.4888558692421991
0.4896142433234421
0.49037037037037035
0.4911242603550296
0.4918759231905465
0.49189985272459497
0.49337260677466865
1.0
1.0
1.0
1.0
1.0
1.0
1.0
1.0
1.0
1.0
1.0
1.0
1.0
1.0
1.0
1.0
1.0
1.0
1.0
1.0
1.0
1.0
1.0
1.0
1.0
1.0
1.0
1.0
1.0
1.0
1.0
1.0
1.0
1.0
1.0
1.0
1.0
1.0
1.0
1.0
1.0
1.0
1.0
1.0
1.0
1.0
1.0
1.0
1.0
1.0
1.0
1.0
1.0
1.0
1.0
1.0
1.0
1.0
1.0
1.0
0.19741100323624594
0.2
0.20257234726688103
0.20512820512820512
0.20766773162939298
0.21019108280254778
0.2126984126984127
0.21518987341772153
0.21766561514195584
0.22082018927444794
0.22397476340694006
0.22712933753943218
0.2302839116719243
0.2334384858044164
0.23659305993690852
0.23974763406940064
0.24290220820189273
0.24605678233438485
0.24921135646687698
0.25236593059936907
0.25471698113207547
0.25705329153605017
0.259375
0.2616822429906542
0.2639751552795031
0.26625386996904027
0.26851851851851855
0.27076923076923076
0.27300613496932513
0.27522935779816515
0.2774390243902439
0.2796352583586626
0.2818181818181818
0.283987915407855
0.286144578313253
0.2882882882882883
0.2904191616766467
0.29253731343283584
0.29464285714285715
0.29673590504451036
0.2988165680473373
0.3008849557522124
0.3029411764705882
0.30498533724340177
0.30701754385964913
0.30903790087463556
0.311046511627907
0.3130434782608696
0.315028901734104
0.3170028818443804
0.31896551724137934
0.3209169054441261
0.32285714285714284
0.3247863247863248
0.32670454545454547
0.3286118980169972
0.3305084745762712
0.3268698060941828
0.3287292817679558
0.3305785123966942
0.3324175824175824
0.33424657534246577
0.3360655737704918
0.33787465940054495
0.33967391304347827
0.34146341463414637
0.34324324324324323
0.3450134770889488
0.3467741935483871
0.3485254691689008
0.3502673796791444
0.352
0.3537234042553192
0.35543766578249336
0.35714285714285715
0.35883905013192613
0.3605263157894737
0.36220472440944884
0.36387434554973824
0.36553524804177545
0.3671875
0.36883116883116884
0.3704663212435233
0.37209302325581395
0.37371134020618557
0.37532133676092544
0.3769230769230769
0.37851662404092073
0.38010204081632654
0.3816793893129771
0.383248730964467
0.3848101265822785
0.38636363636363635
0.3879093198992443
0.38847117794486213
0.39
0.3915211970074813
0.39303482587064675
0.3945409429280397
0.39603960396039606
0.39753086419753086
0.39901477832512317
0.4004914004914005
0.4019607843137255
0.4034229828850856
0.40487804878048783
0.40632603406326034
0.4077669902912621
0.4092009685230024
0.4106280193236715
0.41204819277108434
0.41346153846153844
0.4148681055155875
0.41134751773049644
0.41273584905660377
0.41411764705882353
0.4154929577464789
0.4168618266978923
0.4182242990654206
0.4195804195804196
0.42093023255813955
0.4222737819025522
0.4236111111111111
0.42494226327944573
0.42626728110599077
0.42758620689655175
0.4288990825688073
0.4302059496567506
0.4315068493150685
0.4328018223234624
0.4340909090909091
0.4192139737991266
0.420479302832244
0.4217391304347826
0.4229934924078091
0.42424242424242425
0.42548596112311016
0.4267241379310345
0.42795698924731185
0.4291845493562232
0.430406852248394
0.43162393162393164
0.4282700421940928
0.42947368421052634
0.43067226890756305
0.43186582809224316
0.4330543933054393
0.4342379958246347
0.4354166666666667
0.4365904365904366
0.43775933609958506
0.4389233954451346
0.44008264462809915
0.44123711340206184
0.44238683127572015
0.44353182751540043
0.44016227180527384
0.44129554655870445
0.44242424242424244
0.4435483870967742
0.44466800804828976
0.4457831325301205
0.4468937875751503
0.448
0.4491017964071856
0.44930417495029823
0.4503968253968254
0.4514851485148515
0.4525691699604743
0.4536489151873767
0.4547244094488189
0.45579567779960706
0.4568627450980392
0.4254545454545455
0.426497277676951
0.427536231884058
0.42857142857142855
0.4296028880866426
0.4306306306306306
0.4316546762589928
0.4326750448833034
0.4019933554817276
0.40298507462686567
0.40397350993377484
0.4049586776859504
0.40594059405940597
0.40691927512355847
0.40789473684210525
0.4088669950738916
0.4098360655737705
0.41080196399345337
0.4117647058823529
0.41272430668841764
0.41368078175895767
0.4146341463414634
0.4155844155844156
0.4165316045380875
0.4174757281553398
0.4184168012924071
0.41935483870967744
0.42028985507246375
0.4212218649517685
0.42215088282504015
0.4230769230769231
0.424
0.4249201277955272
0.4258373205741627
0.4267515923566879
0.4276629570747218
0.42857142857142855
0.4294770206022187
0.43037974683544306
0.4312796208530806
0.43217665615141954
0.4330708661417323
0.4339622641509434
0.434850863422292
0.43573667711598746
0.43661971830985913
0.4375
0.43837753510140404
0.4392523364485981
0.4401244167962675
0.4409937888198758
0.4418604651162791
0.44272445820433437
0.4435857805255023
0.4444444444444444
0.4453004622496148
0.4461538461538462
0.4470046082949309
0.44785276073619634
0.44869831546707506
0.44954128440366975
0.45038167938931295
0.45121951219512196
0.4520547945205479
0.45288753799392095
0.4537177541729894
0.45454545454545453
0.45537065052950076
0.4561933534743202
0.45701357466063347
0.4578313253012048
0.45864661654135336
0.4594594594594595
0.46026986506746626
0.46107784431137727
0.4618834080717489
0.4626865671641791
0.46348733233979134
0.4642857142857143
0.46577380952380953
0.46726190476190477
0.46875
0.47023809523809523
0.47172619047619047
0.4732142857142857
0.47470238095238093
0.47619047619047616
0.47767857142857145
0.4791666666666667
0.4806547619047619
0.48214285714285715
0.4836309523809524
0.4851190476190476
0.48660714285714285
0.4880952380952381
0.4888558692421991
0.4896142433234421
0.49037037037037035
0.4911242603550296
0.4918759231905465
0.49189985272459497
0.49337260677466865
1.0
1.0
1.0
1.0
1.0
1.0
1.0
1.0
1.0
1.0
1.0
1.0
1.0
1.0
1.0
1.0
1.0
1.0
1.0
1.0
1.0
1.0
1.0
1.0
1.0
1.0
1.0
1.0
1.0
1.0
1.0
1.0
1.0
1.0
1.0
1.0
1.0
1.0
1.0
1.0
1.0
1.0
1.0
1.0
1.0
1.0
1.0
1.0
1.0
1.0
1.0
1.0
1.0
1.0
1.0
1.0
1.0
1.0
1.0
1.0
0.19741100323624594
0.2
0.20257234726688103
0.20512820512820512
0.20766773162939298
0.21019108280254778
0.2126984126984127
0.21518987341772153
0.21766561514195584
0.22082018927444794
0.22397476340694006
0.22712933753943218
0.2302839116719243
0.2334384858044164
0.23659305993690852
0.23974763406940064
0.24290220820189273
0.24605678233438485
0.24921135646687698
0.25236593059936907
0.25471698113207547
0.25705329153605017
0.259375
0.2616822429906542
0.2639751552795031
0.26625386996904027
0.26851851851851855
0.27076923076923076
0.27300613496932513
0.27522935779816515
0.2774390243902439
0.2796352583586626
0.2818181818181818
0.283987915407855
0.286144578313253
0.2882882882882883
0.2904191616766467
0.29253731343283584
0.29464285714285715
0.29673590504451036
0.2988165680473373
0.3008849557522124
0.3029411764705882
0.30498533724340177
0.30701754385964913
0.30903790087463556
0.311046511627907
0.3130434782608696
0.315028901734104
0.3170028818443804
0.31896551724137934
0.3209169054441261
0.32285714285714284
0.3247863247863248
0.32670454545454547
0.3286118980169972
0.3305084745762712
0.3268698060941828
0.3287292817679558
0.3305785123966942
0.3324175824175824
0.33424657534246577
0.3360655737704918
0.33787465940054495
0.33967391304347827
0.34146341463414637
0.34324324324324323
0.3450134770889488
0.3467741935483871
0.3485254691689008
0.3502673796791444
0.352
0.3537234042553192
0.35543766578249336
0.35714285714285715
0.35883905013192613
0.3605263157894737
0.36220472440944884
0.36387434554973824
0.36553524804177545
0.3671875
0.36883116883116884
0.3704663212435233
0.37209302325581395
0.37371134020618557
0.37532133676092544
0.3769230769230769
0.37851662404092073
0.38010204081632654
0.3816793893129771
0.383248730964467
0.3848101265822785
0.38636363636363635
0.3879093198992443
0.38847117794486213
0.39
0.3915211970074813
0.39303482587064675
0.3945409429280397
0.39603960396039606
0.39753086419753086
0.39901477832512317
0.4004914004914005
0.4019607843137255
0.4034229828850856
0.40487804878048783
0.40632603406326034
0.4077669902912621
0.4092009685230024
0.4106280193236715
0.41204819277108434
0.41346153846153844
0.4148681055155875
0.41134751773049644
0.41273584905660377
0.41411764705882353
0.4154929577464789
0.4168618266978923
0.4182242990654206
0.4195804195804196
0.42093023255813955
0.4222737819025522
0.4236111111111111
0.42494226327944573
0.42626728110599077
0.42758620689655175
0.4288990825688073
0.4302059496567506
0.4315068493150685
0.4328018223234624
0.4340909090909091
0.4192139737991266
0.420479302832244
0.4217391304347826
0.4229934924078091
0.42424242424242425
0.42548596112311016
0.4267241379310345
0.42795698924731185
0.4291845493562232
0.430406852248394
0.43162393162393164
0.4282700421940928
0.42947368421052634
0.43067226890756305
0.43186582809224316
0.4330543933054393
0.4342379958246347
0.4354166666666667
0.4365904365904366
0.43775933609958506
0.4389233954451346
0.44008264462809915
0.44123711340206184
0.44238683127572015
0.44353182751540043
0.44016227180527384
0.44129554655870445
0.44242424242424244
0.4435483870967742
0.44466800804828976
0.4457831325301205
0.4468937875751503
0.448
0.4491017964071856
0.44930417495029823
0.4503968253968254
0.4514851485148515
0.4525691699604743
0.4536489151873767
0.4547244094488189
0.45579567779960706
0.4568627450980392
0.4254545454545455
0.426497277676951
0.427536231884058
0.42857142857142855
0.4296028880866426
0.4306306306306306
0.4316546762589928
0.4326750448833034
0.4019933554817276
0.40298507462686567
0.40397350993377484
0.4049586776859504
0.40594059405940597
0.40691927512355847
0.40789473684210525
0.4088669950738916
0.4098360655737705
0.41080196399345337
0.4117647058823529
0.41272430668841764
0.41368078175895767
0.4146341463414634
0.4155844155844156
0.4165316045380875
0.4174757281553398
0.4184168012924071
0.41935483870967744
0.42028985507246375
0.4212218649517685
0.42215088282504015
0.4230769230769231
0.424
0.4249201277955272
0.4258373205741627
0.4267515923566879
0.4276629570747218
0.42857142857142855
0.4294770206022187
0.43037974683544306
0.4312796208530806
0.43217665615141954
0.4330708661417323
0.4339622641509434
0.434850863422292
0.43573667711598746
0.43661971830985913
0.4375
0.43837753510140404
0.4392523364485981
0.4401244167962675
0.4409937888198758
0.4418604651162791
0.44272445820433437
0.4435857805255023
0.4444444444444444
0.4453004622496148
0.4461538461538462
0.4470046082949309
0.44785276073619634
0.44869831546707506
0.44954128440366975
0.45038167938931295
0.45121951219512196
0.4520547945205479
0.45288753799392095
0.4537177541729894
0.45454545454545453
0.45537065052950076
0.4561933534743202
0.45701357466063347
0.4578313253012048
0.45864661654135336
0.4594594594594595
0.46026986506746626
0.46107784431137727
0.4618834080717489
0.4626865671641791
0.46348733233979134
0.4642857142857143
0.46577380952380953
0.46726190476190477
0.46875
0.47023809523809523
0.47172619047619047
0.4732142857142857
0.47470238095238093
0.47619047619047616
0.47767857142857145
0.4791666666666667
0.4806547619047619
0.48214285714285715
0.4836309523809524
0.4851190476190476
0.48660714285714285
0.4880952380952381
0.4888558692421991
0.4896142433234421
0.49037037037037035
0.4911242603550296
0.4911504424778761
0.49262536873156343
0.49337260677466865
1.0
1.0
1.0
1.0
1.0
1.0
1.0
1.0
1.0
1.0
1.0
1.0
1.0
1.0
1.0
1.0
1.0
1.0
1.0
1.0
1.0
1.0
1.0
1.0
1.0
1.0
1.0
1.0
1.0
1.0
1.0
1.0
1.0
1.0
1.0
1.0
1.0
1.0
1.0
1.0
1.0
1.0
1.0
1.0
1.0
1.0
1.0
1.0
1.0
1.0
1.0
1.0
1.0
1.0
1.0
1.0
1.0
1.0
1.0
1.0
0.19741100323624594
0.2
0.20257234726688103
0.20512820512820512
0.20766773162939298
0.21019108280254778
0.2126984126984127
0.21518987341772153
0.21766561514195584
0.22082018927444794
0.22397476340694006
0.22712933753943218
0.2302839116719243
0.2334384858044164
0.23659305993690852
0.23974763406940064
0.24290220820189273
0.24605678233438485
0.24921135646687698
0.25236593059936907
0.25471698113207547
0.25705329153605017
0.259375
0.2616822429906542
0.2639751552795031
0.26625386996904027
0.26851851851851855
0.27076923076923076
0.27300613496932513
0.27522935779816515
0.2774390243902439
0.2796352583586626
0.2818181818181818
0.283987915407855
0.286144578313253
0.2882882882882883
0.2904191616766467
0.29253731343283584
0.29464285714285715
0.29673590504451036
0.2988165680473373
0.3008849557522124
0.3029411764705882
0.30498533724340177
0.30701754385964913
0.30903790087463556
0.311046511627907
0.3130434782608696
0.315028901734104
0.3170028818443804
0.31896551724137934
0.3209169054441261
0.32285714285714284
0.3247863247863248
0.32670454545454547
0.3286118980169972
0.3305084745762712
0.3268698060941828
0.3287292817679558
0.3305785123966942
0.3324175824175824
0.33424657534246577
0.3360655737704918
0.33787465940054495
0.33967391304347827
0.34146341463414637
0.34324324324324323
0.3450134770889488
0.3467741935483871
0.3485254691689008
0.3502673796791444
0.352
0.3537234042553192
0.35543766578249336
0.35714285714285715
0.35883905013192613
0.3605263157894737
0.36220472440944884
0.36387434554973824
0.36553524804177545
0.3671875
0.36883116883116884
0.3704663212435233
0.37209302325581395
0.37371134020618557
0.37532133676092544
0.3769230769230769
0.37851662404092073
0.38010204081632654
0.3816793893129771
0.383248730964467
0.3848101265822785
0.38636363636363635
0.3879093198992443
0.38847117794486213
0.39
0.3915211970074813
0.39303482587064675
0.3945409429280397
0.39603960396039606
0.39753086419753086
0.39901477832512317
0.4004914004914005
0.4019607843137255
0.4034229828850856
0.40487804878048783
0.40632603406326034
0.4077669902912621
0.4092009685230024
0.4106280193236715
0.41204819277108434
0.41346153846153844
0.4148681055155875
0.41134751773049644
0.41273584905660377
0.41411764705882353
0.4154929577464789
0.4168618266978923
0.4182242990654206
0.4195804195804196
0.42093023255813955
0.4222737819025522
0.4236111111111111
0.42494226327944573
0.42626728110599077
0.42758620689655175
0.4288990825688073
0.4302059496567506
0.4315068493150685
0.4328018223234624
0.4340909090909091
0.4192139737991266
0.420479302832244
0.4217391304347826
0.4229934924078091
0.42424242424242425
0.42548596112311016
0.4267241379310345
0.42795698924731185
0.4291845493562232
0.430406852248394
0.43162393162393164
0.4282700421940928
0.42947368421052634
0.43067226890756305
0.43186582809224316
0.4330543933054393
0.4342379958246347
0.4354166666666667
0.4365904365904366
0.43775933609958506
0.4389233954451346
0.44008264462809915
0.44123711340206184
0.44238683127572015
0.44353182751540043
0.44016227180527384
0.44129554655870445
0.44242424242424244
0.4435483870967742
0.44466800804828976
0.4457831325301205
0.4468937875751503
0.448
0.4491017964071856
0.44930417495029823
0.4503968253968254
0.4514851485148515
0.4525691699604743
0.4536489151873767
0.4547244094488189
0.45579567779960706
0.4568627450980392
0.4254545454545455
0.426497277676951
0.427536231884058
0.42857142857142855
0.4296028880866426
0.4306306306306306
0.4316546762589928
0.4326750448833034
0.4019933554817276
0.40298507462686567
0.40397350993377484
0.4049586776859504
0.40594059405940597
0.40691927512355847
0.40789473684210525
0.4088669950738916
0.4098360655737705
0.41080196399345337
0.4117647058823529
0.41272430668841764
0.41368078175895767
0.4146341463414634
0.4155844155844156
0.4165316045380875
0.4174757281553398
0.4184168012924071
0.41935483870967744
0.42028985507246375
0.4212218649517685
0.42215088282504015
0.4230769230769231
0.424
0.4249201277955272
0.4258373205741627
0.4267515923566879
0.4276629570747218
0.42857142857142855
0.4294770206022187
0.43037974683544306
0.4312796208530806
0.43217665615141954
0.4330708661417323
0.4339622641509434
0.434850863422292
0.43573667711598746
0.43661971830985913
0.4375
0.43837753510140404
0.4392523364485981
0.4401244167962675
0.4409937888198758
0.4418604651162791
0.44272445820433437
0.4435857805255023
0.4444444444444444
0.4453004622496148
0.4461538461538462
0.4470046082949309
0.44785276073619634
0.44869831546707506
0.44954128440366975
0.45038167938931295
0.45121951219512196
0.4520547945205479
0.45288753799392095
0.4537177541729894
0.45454545454545453
0.45537065052950076
0.4561933534743202
0.45701357466063347
0.4578313253012048
0.45864661654135336
0.4594594594594595
0.46026986506746626
0.46107784431137727
0.4618834080717489
0.4626865671641791
0.46348733233979134
0.4642857142857143
0.46577380952380953
0.46726190476190477
0.46875
0.47023809523809523
0.47172619047619047
0.4732142857142857
0.47470238095238093
0.47619047619047616
0.47767857142857145
0.4791666666666667
0.4806547619047619
0.48214285714285715
0.4836309523809524
0.4851190476190476
0.48660714285714285
0.4880952380952381
0.4888558692421991
0.4896142433234421
0.49037037037037035
0.4911242603550296
0.4918759231905465
0.49189985272459497
0.49337260677466865
