1.0
1.0
1.0
1.0
1.0
1.0
1.0
1.0
1.0
1.0
1.0
1.0
1.0
1.0
1.0
1.0
1.0
1.0
1.0
1.0
1.0
1.0
0.92
0.96
1.0
0.8387096774193549
0.8709677419354839
0.9032258064516129
0.9354838709677419
0.967741935483871
0.7209302325581395
0.7441860465116279
0.7674418604651163
0.7906976744186046
0.813953488372093
0.7659574468085106
0.7872340425531915
0.8085106382978723
0.8297872340425532
0.8
0.82
0.84
0.7413793103448276
0.7586206896551724
0.7758620689655172
0.7931034482758621
0.8103448275862069
0.8
0.8166666666666667
0.7142857142857143
0.7285714285714285
0.7428571428571429
0.7464788732394366
0.7605633802816901
0.7746478873239436
0.7887323943661971
0.8028169014084507
0.8169014084507042
0.8309859154929577
0.8450704225352113
0.8591549295774648
0.8732394366197183
0.8873239436619719
0.9014084507042254
0.9154929577464789
1.0
1.0
1.0
1.0
1.0
1.0
1.0
1.0
1.0
1.0
1.0
1.0
1.0
1.0
1.0
1.0
1.0
1.0
1.0
1.0
1.0
1.0
0.92
0.96
1.0
0.896551724137931
0.9310344827586207
0.9655172413793104
1.0
0.7692307692307693
0.7948717948717948
0.8205128205128205
0.825
0.85
0.875
0.9
0.925
0.95
0.975
1.0
0.7884615384615384
0.8076923076923077
0.8269230769230769
0.8461538461538461
0.8653846153846154
0.7666666666666667
0.7833333333333333
0.7868852459016393
0.7903225806451613
0.7936507936507936
0.796875
0.8
0.8153846153846154
0.8307692307692308
0.8461538461538461
0.835820895522388
0.8507462686567164
0.8169014084507042
0.8309859154929577
0.8450704225352113
0.8591549295774648
0.8732394366197183
0.8873239436619719
0.9014084507042254
0.9154929577464789
1.0
1.0
1.0
1.0
1.0
1.0
1.0
1.0
1.0
1.0
1.0
1.0
1.0
1.0
1.0
1.0
1.0
1.0
1.0
1.0
1.0
1.0
1.0
1.0
1.0
1.0
1.0
1.0
1.0
1.0
1.0
1.0
1.0
1.0
1.0
1.0
1.0
1.0
1.0
1.0
1.0
1.0
1.0
1.0
0.92
0.96
1.0
0.7027027027027027
0.7297297297297297
0.7567567567567568
0.7837837837837838
0.8108108108108109
0.7560975609756098
0.7804878048780488
0.8048780487804879
0.8292682926829268
0.7142857142857143
0.7346938775510204
0.74
0.7450980392156863
0.75
0.7547169811320755
0.7592592592592593
0.7777777777777778
0.7962962962962963
0.8148148148148148
0.703125
0.71875
0.734375
0.7384615384615385
0.7538461538461538
0.7692307692307693
0.7846153846153846
0.8
0.8153846153846154
0.8307692307692308
0.8461538461538461
0.835820895522388
0.8507462686567164
0.8169014084507042
0.8309859154929577
0.8450704225352113
0.8591549295774648
0.8732394366197183
0.8873239436619719
0.9014084507042254
0.9154929577464789
1.0
1.0
1.0
1.0
1.0
1.0
1.0
1.0
1.0
1.0
1.0
1.0
1.0
1.0
1.0
1.0
1.0
1.0
1.0
1.0
1.0
1.0
0.92
0.96
1.0
0.9285714285714286
0.9642857142857143
1.0
0.725
0.75
0.775
0.8
0.825
0.7727272727272727
0.7954545454545454
0.8181818181818182
0.8409090909090909
0.8260869565217391
0.8478260869565217
0.7142857142857143
0.7321428571428571
0.75
0.7543859649122807
0.7719298245614035
0.7894736842105263
0.8070175438596491
0.8245614035087719
0.8421052631578947
0.8596491228070176
0.8771929824561403
0.8095238095238095
0.8253968253968254
0.8412698412698413
0.8571428571428571
0.873015873015873
0.7887323943661971
0.8028169014084507
0.8169014084507042
0.8309859154929577
0.8450704225352113
0.8591549295774648
0.8732394366197183
0.8873239436619719
0.9014084507042254
0.9154929577464789
1.0
1.0
1.0
1.0
1.0
1.0
1.0
1.0
1.0
1.0
1.0
1.0
1.0
1.0
1.0
1.0
1.0
1.0
1.0
1.0
1.0
1.0
0.92
0.96
1.0
0.7878787878787878
0.8181818181818182
0.8235294117647058
0.8285714285714286
0.8333333333333334
0.8378378378378378
0.8421052631578947
0.868421052631579
0.8947368421052632
0.9210526315789473
0.8372093023255814
0.8604651162790697
0.8837209302325582
0.9069767441860465
0.7547169811320755
0.7735849056603774
0.7924528301886793
0.7962962962962963
0.8148148148148148
0.8333333333333334
0.8518518518518519
0.8703703703703703
0.8888888888888888
0.9074074074074074
0.9259259259259259
0.7727272727272727
0.7878787878787878
0.803030303030303
0.8181818181818182
0.8333333333333334
0.8235294117647058
0.8382352941176471
0.8169014084507042
0.8309859154929577
0.8450704225352113
0.8591549295774648
0.8732394366197183
0.8873239436619719
0.9014084507042254
0.9154929577464789
1.0
1.0
1.0
1.0
1.0
1.0
1.0
1.0
1.0
1.0
1.0
1.0
1.0
1.0
1.0
1.0
1.0
1.0
1.0
1.0
1.0
1.0
0.92
0.96
1.0
0.9285714285714286
0.9642857142857143
1.0
0.7631578947368421
0.7894736842105263
0.8157894736842105
0.8205128205128205
0.8461538461538461
0.8717948717948718
0.8974358974358975
0.9230769230769231
0.9487179487179487
0.9743589743589743
1.0
0.8888888888888888
0.9111111111111111
0.9333333333333333
0.9555555555555556
0.9777777777777777
0.9183673469387755
0.9387755102040817
0.9591836734693877
0.9795918367346939
0.8032786885245902
0.819672131147541
0.8360655737704918
0.8524590163934426
0.8688524590163934
0.8571428571428571
0.873015873015873
0.7887323943661971
0.8028169014084507
0.8169014084507042
0.8309859154929577
0.8450704225352113
0.8591549295774648
0.8732394366197183
0.8873239436619719
0.9014084507042254
0.9154929577464789
