1.0
1.0
1.0
1.0
1.0
1.0
1.0
1.0
1.0
1.0
1.0
1.0
1.0
1.0
1.0
0.5517241379310345
0.425
0.45
0.475
0.5
0.525
0.55
0.575
0.6
0.625
0.65
0.675
0.7
0.725
0.75
0.775
0.8
0.825
0.85
0.875
0.8780487804878049
0.8809523809523809
0.8837209302325582
0.8863636363636364
0.8888888888888888
0.8913043478260869
0.8936170212765957
0.8958333333333334
0.8979591836734694
0.9
0.9019607843137255
0.9038461538461539
0.9056603773584906
0.9074074074074074
0.9090909090909091
0.9107142857142857
0.9122807017543859
0.9137931034482759
0.9152542372881356
0.9166666666666666
0.9180327868852459
0.9193548387096774
0.9206349206349206
0.921875
0.9230769230769231
0.9242424242424242
0.9253731343283582
0.9264705882352942
0.927536231884058
0.9285714285714286
0.9295774647887324
0.9305555555555556
0.9315068493150684
0.9324324324324325
0.9333333333333333
0.9342105263157895
0.935064935064935
0.9358974358974359
0.9367088607594937
0.9375
0.9382716049382716
0.9390243902439024
0.9397590361445783
1.0
1.0
1.0
1.0
1.0
1.0
1.0
1.0
0.45
0.47619047619047616
0.5
0.5217391304347826
0.5416666666666666
0.56
0.5769230769230769
0.5925925925925926
0.6071428571428571
0.6206896551724138
0.6333333333333333
0.6666666666666666
0.7
0.7333333333333333
0.7666666666666667
0.8
0.8333333333333334
0.8387096774193549
0.84375
0.8484848484848485
0.8529411764705882
0.8571428571428571
0.8611111111111112
0.8648648648648649
1.0
1.0
1.0
1.0
1.0
1.0
1.0
1.0
1.0
1.0
1.0
1.0
1.0
1.0
1.0
0.5517241379310345
0.425
0.45
0.475
0.5
0.525
0.55
0.575
0.6
0.625
0.65
0.675
0.7
0.725
0.75
0.775
0.8
0.825
0.85
0.875
0.8780487804878049
0.8809523809523809
0.8837209302325582
0.8863636363636364
0.8888888888888888
0.8913043478260869
0.8936170212765957
0.8958333333333334
0.8979591836734694
0.9
0.9019607843137255
0.9038461538461539
0.9056603773584906
0.9074074074074074
0.9090909090909091
0.9107142857142857
0.9122807017543859
0.9137931034482759
0.9152542372881356
0.9166666666666666
0.9180327868852459
0.9193548387096774
0.9206349206349206
0.921875
0.9230769230769231
0.9242424242424242
0.9253731343283582
0.9264705882352942
0.927536231884058
0.9285714285714286
0.9295774647887324
0.9305555555555556
0.9315068493150684
0.9324324324324325
0.9333333333333333
0.9342105263157895
0.935064935064935
0.9358974358974359
0.9367088607594937
0.9375
0.9382716049382716
0.9390243902439024
0.9397590361445783
1.0
1.0
1.0
1.0
1.0
1.0
1.0
1.0
0.45
0.47619047619047616
0.5
0.5217391304347826
0.5416666666666666
0.56
0.5769230769230769
0.5925925925925926
0.6071428571428571
0.6206896551724138
0.6333333333333333
0.6666666666666666
0.7
0.7333333333333333
0.7666666666666667
0.8
0.8333333333333334
0.8387096774193549
0.84375
0.8484848484848485
0.8529411764705882
0.8571428571428571
0.8611111111111112
0.8648648648648649
1.0
1.0
1.0
1.0
1.0
1.0
1.0
1.0
1.0
1.0
1.0
1.0
1.0
1.0
1.0
1.0
0.6296296296296297
0.6666666666666666
0.7037037037037037
0.7407407407407407
0.7777777777777778
0.7857142857142857
0.7931034482758621
0.8
0.8064516129032258
0.8125
0.8181818181818182
0.8235294117647058
0.8285714285714286
0.8333333333333334
0.8378378378378378
0.8421052631578947
0.8461538461538461
0.85
0.875
0.8780487804878049
0.8809523809523809
0.8837209302325582
0.8863636363636364
0.8888888888888888
0.8913043478260869
0.8936170212765957
0.8958333333333334
0.8979591836734694
0.9
0.9019607843137255
0.9038461538461539
0.9056603773584906
0.9074074074074074
0.9090909090909091
0.9107142857142857
0.9122807017543859
0.9137931034482759
0.9152542372881356
0.9166666666666666
0.9180327868852459
0.9193548387096774
0.9206349206349206
0.921875
0.9230769230769231
0.9242424242424242
0.9253731343283582
0.9264705882352942
0.927536231884058
0.9285714285714286
0.9295774647887324
0.9305555555555556
0.9315068493150684
0.9324324324324325
0.9333333333333333
0.9342105263157895
0.935064935064935
0.9358974358974359
0.9367088607594937
0.9375
0.9382716049382716
0.9390243902439024
0.9397590361445783
1.0
1.0
1.0
1.0
1.0
1.0
1.0
1.0
1.0
1.0
1.0
1.0
1.0
1.0
1.0
0.5517241379310345
0.425
0.45
0.475
0.5
0.525
0.55
0.575
0.6
0.625
0.65
0.675
0.7
0.725
0.75
0.775
0.8
0.825
0.85
0.875
0.8780487804878049
0.8809523809523809
0.8837209302325582
0.8863636363636364
0.8888888888888888
0.8913043478260869
0.8936170212765957
0.8958333333333334
0.8979591836734694
0.9
0.9019607843137255
0.9038461538461539
0.9056603773584906
0.9074074074074074
0.9090909090909091
0.9107142857142857
0.9122807017543859
0.9137931034482759
0.9152542372881356
0.9166666666666666
0.9180327868852459
0.9193548387096774
0.9206349206349206
0.921875
0.9230769230769231
0.9242424242424242
0.9253731343283582
0.9264705882352942
0.927536231884058
0.9285714285714286
0.9295774647887324
0.9305555555555556
0.9315068493150684
0.9324324324324325
0.9333333333333333
0.9342105263157895
0.935064935064935
0.9358974358974359
0.9367088607594937
0.9375
0.9382716049382716
0.9390243902439024
0.9397590361445783
1.0
1.0
1.0
1.0
1.0
1.0
1.0
1.0
1.0
1.0
1.0
1.0
1.0
1.0
1.0
1.0
1.0
1.0
1.0
1.0
1.0
1.0
1.0
1.0
1.0
1.0
1.0
1.0
1.0
1.0
1.0
1.0
1.0
1.0
1.0
1.0
1.0
1.0
1.0
1.0
0.45
0.47619047619047616
0.5
0.5217391304347826
0.5416666666666666
0.56
0.5769230769230769
0.5925925925925926
0.6071428571428571
0.6206896551724138
0.6333333333333333
0.6666666666666666
0.7
0.7333333333333333
0.7666666666666667
0.8
0.8333333333333334
0.8387096774193549
0.84375
0.8484848484848485
0.8529411764705882
0.8571428571428571
0.8611111111111112
0.8648648648648649
1.0
1.0
1.0
1.0
1.0
1.0
1.0
1.0
1.0
1.0
1.0
1.0
1.0
1.0
1.0
0.5517241379310345
0.425
0.45
0.475
0.5
0.525
0.55
0.575
0.6
0.625
0.65
0.675
0.7
0.725
0.75
0.775
0.8
0.825
0.85
0.875
0.8780487804878049
0.8809523809523809
0.8837209302325582
0.8863636363636364
0.8888888888888888
0.8913043478260869
0.8936170212765957
0.8958333333333334
0.8979591836734694
0.9
0.9019607843137255
0.9038461538461539
0.9056603773584906
0.9074074074074074
0.9090909090909091
0.9107142857142857
0.9122807017543859
0.9137931034482759
0.9152542372881356
0.9166666666666666
0.9180327868852459
0.9193548387096774
0.9206349206349206
0.921875
0.9230769230769231
0.9242424242424242
0.9253731343283582
0.9264705882352942
0.927536231884058
0.9285714285714286
0.9295774647887324
0.9305555555555556
0.9315068493150684
0.9324324324324325
0.9333333333333333
0.9342105263157895
0.935064935064935
0.9358974358974359
0.9367088607594937
0.9375
0.9382716049382716
0.9390243902439024
0.9397590361445783
1.0
1.0
1.0
1.0
1.0
1.0
1.0
1.0
0.45
0.47619047619047616
0.5
0.5217391304347826
0.5416666666666666
0.56
0.5769230769230769
0.5925925925925926
0.6071428571428571
0.6206896551724138
0.6333333333333333
0.6666666666666666
0.7
0.7333333333333333
0.7666666666666667
0.8
0.8333333333333334
0.8387096774193549
0.84375
0.8484848484848485
0.8529411764705882
0.8571428571428571
0.8611111111111112
0.8648648648648649
1.0
1.0
1.0
1.0
1.0
1.0
1.0
1.0
1.0
1.0
1.0
1.0
1.0
1.0
1.0
0.5517241379310345
0.425
0.45
0.475
0.5
0.525
0.55
0.575
0.6
0.625
0.65
0.675
0.7
0.725
0.75
0.775
0.8
0.825
0.85
0.875
0.8780487804878049
0.8809523809523809
0.8837209302325582
0.8863636363636364
0.8888888888888888
0.8913043478260869
0.8936170212765957
0.8958333333333334
0.8979591836734694
0.9
0.9019607843137255
0.9038461538461539
0.9056603773584906
0.9074074074074074
0.9090909090909091
0.9107142857142857
0.9122807017543859
0.9137931034482759
0.9152542372881356
0.9166666666666666
0.9180327868852459
0.9193548387096774
0.9206349206349206
0.921875
0.9230769230769231
0.9242424242424242
0.9253731343283582
0.9264705882352942
0.927536231884058
0.9285714285714286
0.9295774647887324
0.9305555555555556
0.9315068493150684
0.9324324324324325
0.9333333333333333
0.9342105263157895
0.935064935064935
0.9358974358974359
0.9367088607594937
0.9375
0.9382716049382716
0.9390243902439024
0.9397590361445783
1.0
1.0
1.0
1.0
1.0
1.0
1.0
1.0
0.45
0.47619047619047616
0.5
0.5217391304347826
0.5416666666666666
0.56
0.5769230769230769
0.5925925925925926
0.6071428571428571
0.6206896551724138
0.6333333333333333
0.6666666666666666
0.7
0.7333333333333333
0.7666666666666667
0.8
0.8333333333333334
0.8387096774193549
0.84375
0.8484848484848485
0.8529411764705882
0.8571428571428571
0.8611111111111112
0.8648648648648649
1.0
1.0
1.0
1.0
1.0
1.0
1.0
1.0
1.0
1.0
1.0
1.0
1.0
1.0
1.0
0.5517241379310345
0.425
0.45
0.475
0.5
0.525
0.55
0.575
0.6
0.625
0.65
0.675
0.7
0.725
0.75
0.775
0.8
0.825
0.85
0.875
0.8780487804878049
0.8809523809523809
0.8837209302325582
0.8863636363636364
0.8888888888888888
0.8913043478260869
0.8936170212765957
0.8958333333333334
0.8979591836734694
0.9
0.9019607843137255
0.9038461538461539
0.9056603773584906
0.9074074074074074
0.9090909090909091
0.9107142857142857
0.9122807017543859
0.9137931034482759
0.9152542372881356
0.9166666666666666
0.9180327868852459
0.9193548387096774
0.9206349206349206
0.921875
0.9230769230769231
0.9242424242424242
0.9253731343283582
0.9264705882352942
0.927536231884058
0.9285714285714286
0.9295774647887324
0.9305555555555556
0.9315068493150684
0.9324324324324325
0.9333333333333333
0.9342105263157895
0.935064935064935
0.9358974358974359
0.9367088607594937
0.9375
0.9382716049382716
0.9390243902439024
0.9397590361445783
1.0
1.0
1.0
1.0
1.0
1.0
1.0
1.0
0.45
0.47619047619047616
0.5
0.5217391304347826
0.5416666666666666
0.56
0.5769230769230769
0.5925925925925926
0.6071428571428571
0.6206896551724138
0.6333333333333333
0.6666666666666666
0.7
0.7333333333333333
0.7666666666666667
0.8
0.8333333333333334
0.8387096774193549
0.84375
0.8484848484848485
0.8529411764705882
0.8571428571428571
0.8611111111111112
0.8648648648648649
