1.0
1.0
1.0
1.0
1.0
1.0
1.0
1.0
1.0
1.0
0.4074074074074074
0.4444444444444444
0.48148148148148145
0.5185185185185185
0.5555555555555556
0.5925925925925926
0.6296296296296297
0.6666666666666666
0.7037037037037037
0.7142857142857143
0.75
0.7857142857142857
0.8214285714285714
0.8571428571428571
0.8928571428571429
0.9285714285714286
0.9642857142857143
1.0
0.47540983606557374
0.4918032786885246
0.5081967213114754
0.5245901639344263
0.5409836065573771
0.5573770491803278
0.5737704918032787
0.5901639344262295
0.6065573770491803
0.6229508196721312
0.639344262295082
0.6557377049180327
0.6721311475409836
0.6885245901639344
0.7049180327868853
0.7213114754098361
0.7377049180327869
0.7540983606557377
0.7704918032786885
0.7868852459016393
0.8032786885245902
0.819672131147541
0.8360655737704918
0.8524590163934426
0.8688524590163934
0.8852459016393442
0.9016393442622951
0.9180327868852459
0.9344262295081968
0.9508196721311475
1.0
1.0
1.0
1.0
1.0
1.0
1.0
1.0
1.0
1.0
0.4074074074074074
0.4444444444444444
0.48148148148148145
0.5185185185185185
0.5555555555555556
0.5925925925925926
0.6296296296296297
0.6666666666666666
0.7037037037037037
0.7142857142857143
0.75
0.7857142857142857
0.8214285714285714
0.8571428571428571
0.8928571428571429
0.9285714285714286
0.9642857142857143
1.0
0.47540983606557374
0.4918032786885246
0.5081967213114754
0.5245901639344263
0.5409836065573771
0.5573770491803278
0.5737704918032787
0.5901639344262295
0.6065573770491803
0.6229508196721312
0.639344262295082
0.6557377049180327
0.6721311475409836
0.6885245901639344
0.7049180327868853
0.7213114754098361
0.7377049180327869
0.7540983606557377
0.7704918032786885
0.7868852459016393
0.8032786885245902
0.819672131147541
0.8360655737704918
0.8524590163934426
0.8688524590163934
0.8852459016393442
0.9016393442622951
0.9180327868852459
0.9344262295081968
0.9508196721311475
1.0
1.0
1.0
1.0
1.0
1.0
1.0
1.0
1.0
1.0
1.0
1.0
1.0
1.0
1.0
1.0
1.0
1.0
1.0
1.0
0.4074074074074074
0.4444444444444444
0.48148148148148145
0.5185185185185185
0.5555555555555556
0.5925925925925926
0.6296296296296297
0.6666666666666666
0.7037037037037037
0.7142857142857143
0.75
0.7857142857142857
0.8214285714285714
0.8571428571428571
0.8928571428571429
0.9285714285714286
0.9642857142857143
1.0
0.47540983606557374
0.4918032786885246
0.5081967213114754
0.5245901639344263
0.5409836065573771
0.5573770491803278
0.5737704918032787
0.5901639344262295
0.6065573770491803
0.6229508196721312
0.639344262295082
0.6557377049180327
0.6721311475409836
0.6885245901639344
0.7049180327868853
0.7213114754098361
0.7377049180327869
0.7540983606557377
0.7704918032786885
0.7868852459016393
0.8032786885245902
0.819672131147541
0.8360655737704918
0.8524590163934426
0.8688524590163934
0.8852459016393442
0.9016393442622951
0.9180327868852459
0.9344262295081968
0.9508196721311475
1.0
1.0
1.0
1.0
1.0
1.0
1.0
1.0
1.0
1.0
0.4074074074074074
0.4444444444444444
0.48148148148148145
0.5185185185185185
0.5555555555555556
0.5925925925925926
0.6296296296296297
0.6666666666666666
0.7037037037037037
0.7142857142857143
0.75
0.7857142857142857
0.8214285714285714
0.8571428571428571
0.8928571428571429
0.9285714285714286
0.9642857142857143
1.0
0.47540983606557374
0.4918032786885246
0.5081967213114754
0.5245901639344263
0.5409836065573771
0.5573770491803278
0.5737704918032787
0.5901639344262295
0.6065573770491803
0.6229508196721312
0.639344262295082
0.6557377049180327
0.6721311475409836
0.6885245901639344
0.7049180327868853
0.7213114754098361
0.7377049180327869
0.7540983606557377
0.7704918032786885
0.7868852459016393
0.8032786885245902
0.819672131147541
0.8360655737704918
0.8524590163934426
0.8688524590163934
0.8852459016393442
0.9016393442622951
0.9180327868852459
0.9344262295081968
0.9508196721311475
1.0
1.0
1.0
1.0
1.0
1.0
1.0
1.0
1.0
1.0
0.4074074074074074
0.4444444444444444
0.48148148148148145
0.5185185185185185
0.5555555555555556
0.5925925925925926
0.6296296296296297
0.6666666666666666
0.7037037037037037
0.7142857142857143
0.75
0.7857142857142857
0.8214285714285714
0.8571428571428571
0.8928571428571429
0.9285714285714286
0.9642857142857143
1.0
0.47540983606557374
0.4918032786885246
0.5081967213114754
0.5245901639344263
0.5409836065573771
0.5573770491803278
0.5737704918032787
0.5901639344262295
0.6065573770491803
0.6229508196721312
0.639344262295082
0.6557377049180327
0.6721311475409836
0.6885245901639344
0.7049180327868853
0.7213114754098361
0.7377049180327869
0.7540983606557377
0.7704918032786885
0.7868852459016393
0.8032786885245902
0.819672131147541
0.8360655737704918
0.8524590163934426
0.8688524590163934
0.8852459016393442
0.9016393442622951
0.9180327868852459
0.9344262295081968
0.9508196721311475
1.0
1.0
1.0
1.0
1.0
1.0
1.0
1.0
1.0
1.0
0.4074074074074074
0.4444444444444444
0.48148148148148145
0.5185185185185185
0.5555555555555556
0.5925925925925926
0.6296296296296297
0.6666666666666666
0.7037037037037037
0.7142857142857143
0.75
0.7857142857142857
0.8214285714285714
0.8571428571428571
0.8928571428571429
0.9285714285714286
0.9642857142857143
1.0
0.47540983606557374
0.4918032786885246
0.5081967213114754
0.5245901639344263
0.5409836065573771
0.5573770491803278
0.5737704918032787
0.5901639344262295
0.6065573770491803
0.6229508196721312
0.639344262295082
0.6557377049180327
0.6721311475409836
0.6885245901639344
0.7049180327868853
0.7213114754098361
0.7377049180327869
0.7540983606557377
0.7704918032786885
0.7868852459016393
0.8032786885245902
0.819672131147541
0.8360655737704918
0.8524590163934426
0.8688524590163934
0.8852459016393442
0.9016393442622951
0.9180327868852459
0.9344262295081968
0.9508196721311475
