1.0
1.0
1.0
1.0
1.0
1.0
1.0
1.0
1.0
1.0
1.0
1.0
1.0
1.0
1.0
1.0
1.0
1.0
1.0
1.0
1.0
1.0
1.0
1.0
1.0
1.0
1.0
1.0
1.0
0.38961038961038963
0.4025974025974026
0.4155844155844156
0.42857142857142855
0.44155844155844154
0.45454545454545453
0.4675324675324675
0.4805194805194805
0.4935064935064935
0.5064935064935064
0.5194805194805194
0.5324675324675324
0.5454545454545454
0.5584415584415584
0.5714285714285714
0.5844155844155844
0.5974025974025974
0.6103896103896104
0.6233766233766234
0.6363636363636364
0.6493506493506493
0.6623376623376623
0.6753246753246753
0.6883116883116883
0.7012987012987013
0.7142857142857143
0.7272727272727273
0.7402597402597403
0.7532467532467533
0.7662337662337663
0.7792207792207793
0.7922077922077922
0.8051948051948052
1.0
1.0
1.0
1.0
1.0
1.0
1.0
1.0
1.0
1.0
1.0
1.0
1.0
1.0
1.0
1.0
1.0
1.0
1.0
1.0
1.0
1.0
1.0
1.0
1.0
1.0
1.0
1.0
1.0
0.38961038961038963
0.4025974025974026
0.4155844155844156
0.42857142857142855
0.44155844155844154
0.45454545454545453
0.4675324675324675
0.4805194805194805
0.4935064935064935
0.5064935064935064
0.5194805194805194
0.5324675324675324
0.5454545454545454
0.5584415584415584
0.5714285714285714
0.5844155844155844
0.5974025974025974
0.6103896103896104
0.6233766233766234
0.6363636363636364
0.6493506493506493
0.6623376623376623
0.6753246753246753
0.6883116883116883
0.7012987012987013
0.7142857142857143
0.7272727272727273
0.7402597402597403
0.7532467532467533
0.7662337662337663
0.7792207792207793
0.7922077922077922
0.8051948051948052
1.0
1.0
1.0
1.0
1.0
1.0
1.0
1.0
1.0
1.0
1.0
1.0
1.0
1.0
1.0
1.0
1.0
1.0
1.0
1.0
1.0
1.0
1.0
1.0
1.0
1.0
1.0
1.0
1.0
0.7692307692307693
0.7948717948717948
0.8205128205128205
0.8461538461538461
0.8717948717948718
0.8974358974358975
0.9230769230769231
0.9487179487179487
0.9743589743589743
1.0
1.0
0.9111111111111111
0.9333333333333333
0.9555555555555556
0.9777777777777777
1.0
1.0
1.0
1.0
1.0
1.0
1.0
1.0
1.0
1.0
1.0
1.0
1.0
1.0
1.0
1.0
1.0
1.0
1.0
1.0
1.0
1.0
1.0
1.0
1.0
1.0
1.0
1.0
1.0
1.0
0.38961038961038963
0.4025974025974026
0.4155844155844156
0.42857142857142855
0.44155844155844154
0.45454545454545453
0.4675324675324675
0.4805194805194805
0.4935064935064935
0.5064935064935064
0.5194805194805194
0.5324675324675324
0.5454545454545454
0.5584415584415584
0.5714285714285714
0.5844155844155844
0.5974025974025974
0.6103896103896104
0.6233766233766234
0.6363636363636364
0.6493506493506493
0.6623376623376623
0.6753246753246753
0.6883116883116883
0.7012987012987013
0.7142857142857143
0.7272727272727273
0.7402597402597403
0.7532467532467533
0.7662337662337663
0.7792207792207793
0.7922077922077922
0.8051948051948052
1.0
1.0
1.0
1.0
1.0
1.0
1.0
1.0
1.0
1.0
1.0
1.0
1.0
1.0
1.0
1.0
1.0
1.0
1.0
1.0
1.0
1.0
1.0
1.0
1.0
1.0
1.0
1.0
1.0
0.38961038961038963
0.4025974025974026
0.4155844155844156
0.42857142857142855
0.44155844155844154
0.45454545454545453
0.4675324675324675
0.4805194805194805
0.4935064935064935
0.5064935064935064
0.5194805194805194
0.5324675324675324
0.5454545454545454
0.5584415584415584
0.5714285714285714
0.5844155844155844
0.5974025974025974
0.6103896103896104
0.6233766233766234
0.6363636363636364
0.6493506493506493
0.6623376623376623
0.6753246753246753
0.6883116883116883
1.0
1.0
1.0
1.0
1.0
1.0
1.0
1.0
1.0
1.0
1.0
1.0
1.0
1.0
1.0
1.0
1.0
1.0
1.0
1.0
1.0
1.0
1.0
1.0
1.0
1.0
1.0
1.0
1.0
0.38961038961038963
0.4025974025974026
0.4155844155844156
0.42857142857142855
0.44155844155844154
0.45454545454545453
0.4675324675324675
0.4805194805194805
0.4935064935064935
0.5064935064935064
0.5194805194805194
0.5324675324675324
0.5454545454545454
0.5584415584415584
0.5714285714285714
0.5844155844155844
0.5974025974025974
0.6103896103896104
0.6233766233766234
0.6363636363636364
0.6493506493506493
0.6623376623376623
0.6753246753246753
0.6883116883116883
0.7012987012987013
0.7142857142857143
0.7272727272727273
0.7402597402597403
0.7532467532467533
0.7662337662337663
0.7792207792207793
0.7922077922077922
0.8051948051948052
1.0
1.0
1.0
1.0
1.0
1.0
1.0
1.0
1.0
1.0
1.0
1.0
1.0
1.0
1.0
1.0
1.0
1.0
1.0
1.0
1.0
1.0
1.0
1.0
1.0
1.0
1.0
1.0
1.0
0.38961038961038963
0.4025974025974026
0.4155844155844156
0.42857142857142855
0.44155844155844154
0.45454545454545453
0.4675324675324675
0.4805194805194805
0.4935064935064935
0.5064935064935064
0.5194805194805194
0.5324675324675324
0.5454545454545454
0.5584415584415584
0.5714285714285714
0.5844155844155844
0.5974025974025974
0.6103896103896104
0.6233766233766234
0.6363636363636364
0.6493506493506493
0.6623376623376623
0.6753246753246753
0.6883116883116883
0.7012987012987013
0.7142857142857143
0.7272727272727273
0.7402597402597403
0.7532467532467533
0.7662337662337663
0.7792207792207793
0.7922077922077922
0.8051948051948052
