1.0
1.0
1.0
1.0
1.0
1.0
1.0
1.0
1.0
1.0
1.0
1.0
1.0
1.0
1.0
1.0
1.0
1.0
1.0
0.7407407407407407
0.75
0.7586206896551724
0.7666666666666667
0.7741935483870968
0.78125
0.7878787878787878
0.7941176470588235
0.8
0.8055555555555556
0.8108108108108109
0.8157894736842105
0.8205128205128205
0.825
0.8292682926829268
0.8333333333333334
0.8372093023255814
0.8409090909090909
0.8444444444444444
0.8478260869565217
0.851063829787234
0.8541666666666666
0.8571428571428571
0.86
0.8627450980392157
0.8653846153846154
0.8679245283018868
0.8703703703703703
0.8727272727272727
0.875
0.8771929824561403
0.8793103448275862
0.8813559322033898
0.8983050847457628
0.9152542372881356
0.9322033898305084
0.9491525423728814
0.9661016949152542
0.9830508474576272
1.0
1.0
1.0
1.0
1.0
1.0
1.0
1.0
1.0
1.0
1.0
1.0
1.0
1.0
1.0
1.0
1.0
1.0
1.0
1.0
0.7407407407407407
0.75
0.7586206896551724
0.7666666666666667
0.7741935483870968
0.78125
0.7878787878787878
0.7941176470588235
0.8
0.8055555555555556
0.8108108108108109
0.8157894736842105
0.8205128205128205
0.825
0.8292682926829268
0.8333333333333334
0.8372093023255814
0.8409090909090909
0.8444444444444444
0.8478260869565217
0.851063829787234
0.8541666666666666
0.8571428571428571
0.86
0.8627450980392157
0.8653846153846154
0.8679245283018868
0.8703703703703703
0.8727272727272727
0.875
0.8771929824561403
0.8793103448275862
0.8813559322033898
0.8983050847457628
0.9152542372881356
0.9322033898305084
0.9491525423728814
0.9661016949152542
0.9830508474576272
1.0
1.0
1.0
1.0
1.0
1.0
1.0
1.0
1.0
1.0
1.0
1.0
1.0
1.0
1.0
1.0
1.0
1.0
1.0
1.0
0.7407407407407407
0.75
0.7586206896551724
0.7666666666666667
0.7741935483870968
0.78125
0.7878787878787878
0.7941176470588235
0.8
0.8055555555555556
0.8108108108108109
0.8157894736842105
0.8205128205128205
0.825
0.8292682926829268
0.8333333333333334
0.8372093023255814
0.8409090909090909
0.8444444444444444
0.8478260869565217
0.851063829787234
0.8541666666666666
0.8571428571428571
0.86
0.8627450980392157
0.8653846153846154
0.8679245283018868
0.8703703703703703
0.8727272727272727
0.875
0.8771929824561403
0.8793103448275862
0.8813559322033898
0.8983050847457628
0.9152542372881356
0.9322033898305084
0.9491525423728814
0.9661016949152542
0.9830508474576272
1.0
1.0
1.0
1.0
1.0
1.0
1.0
1.0
1.0
1.0
1.0
1.0
1.0
1.0
1.0
1.0
1.0
1.0
1.0
1.0
0.7407407407407407
0.75
0.7586206896551724
0.7666666666666667
0.7741935483870968
0.78125
0.7878787878787878
0.7941176470588235
0.8
0.8055555555555556
0.8108108108108109
0.8157894736842105
0.8205128205128205
0.825
0.8292682926829268
0.8333333333333334
0.8372093023255814
0.8409090909090909
0.8444444444444444
0.8478260869565217
0.851063829787234
0.8541666666666666
0.8571428571428571
0.86
0.8627450980392157
0.8653846153846154
0.8679245283018868
0.8703703703703703
0.8727272727272727
0.875
0.8771929824561403
0.8793103448275862
0.8813559322033898
0.8983050847457628
0.9152542372881356
0.9322033898305084
0.9491525423728814
0.9661016949152542
0.9830508474576272
1.0
1.0
1.0
1.0
1.0
1.0
1.0
1.0
1.0
1.0
1.0
1.0
1.0
1.0
1.0
1.0
1.0
1.0
1.0
1.0
1.0
1.0
1.0
1.0
1.0
1.0
1.0
1.0
1.0
1.0
1.0
1.0
1.0
1.0
1.0
1.0
1.0
1.0
1.0
1.0
1.0
1.0
1.0
1.0
1.0
1.0
1.0
1.0
1.0
1.0
1.0
1.0
1.0
1.0
1.0
1.0
1.0
1.0
1.0
1.0
1.0
1.0
1.0
1.0
1.0
1.0
1.0
1.0
1.0
1.0
1.0
1.0
1.0
1.0
1.0
1.0
1.0
1.0
1.0
0.7407407407407407
0.75
0.7586206896551724
0.7666666666666667
0.7741935483870968
0.78125
0.7878787878787878
0.7941176470588235
0.8
0.8055555555555556
0.8108108108108109
0.8157894736842105
0.8205128205128205
0.825
0.8292682926829268
0.8333333333333334
0.8372093023255814
0.8409090909090909
0.8444444444444444
0.8478260869565217
0.851063829787234
0.8541666666666666
0.8571428571428571
0.86
0.8627450980392157
0.8653846153846154
0.8679245283018868
0.8703703703703703
0.8727272727272727
0.875
0.8771929824561403
0.8793103448275862
0.8813559322033898
0.8983050847457628
0.9152542372881356
0.9322033898305084
0.9491525423728814
0.9661016949152542
0.9830508474576272
1.0
1.0
1.0
1.0
1.0
1.0
1.0
1.0
1.0
1.0
1.0
1.0
1.0
1.0
1.0
1.0
1.0
1.0
1.0
1.0
1.0
1.0
1.0
1.0
1.0
1.0
1.0
1.0
1.0
1.0
1.0
1.0
1.0
1.0
1.0
1.0
1.0
1.0
1.0
1.0
1.0
1.0
1.0
1.0
1.0
1.0
1.0
1.0
1.0
1.0
1.0
1.0
1.0
1.0
1.0
1.0
1.0
1.0
1.0
1.0
1.0
1.0
1.0
1.0
1.0
1.0
1.0
1.0
1.0
1.0
1.0
1.0
1.0
1.0
1.0
1.0
1.0
1.0
1.0
0.7407407407407407
0.75
0.7586206896551724
0.7666666666666667
0.7741935483870968
0.78125
0.7878787878787878
0.7941176470588235
0.8
0.8055555555555556
0.8108108108108109
0.8157894736842105
0.8205128205128205
0.825
0.8292682926829268
0.8333333333333334
0.8372093023255814
0.8409090909090909
0.8444444444444444
0.8478260869565217
0.851063829787234
0.8541666666666666
0.8571428571428571
0.86
0.8627450980392157
0.8653846153846154
0.8679245283018868
0.8703703703703703
0.8727272727272727
0.875
0.8771929824561403
0.8793103448275862
0.8813559322033898
0.8983050847457628
0.9152542372881356
0.9322033898305084
0.9491525423728814
0.9661016949152542
0.9830508474576272
1.0
1.0
1.0
1.0
1.0
1.0
1.0
1.0
1.0
1.0
1.0
1.0
1.0
1.0
1.0
1.0
1.0
1.0
1.0
1.0
0.7407407407407407
0.75
0.7586206896551724
0.7666666666666667
0.7741935483870968
0.78125
0.7878787878787878
0.7941176470588235
0.8
0.8055555555555556
0.8108108108108109
0.8157894736842105
0.8205128205128205
0.825
0.8292682926829268
0.8333333333333334
0.8372093023255814
0.8409090909090909
0.8444444444444444
0.8478260869565217
0.851063829787234
0.8541666666666666
0.8571428571428571
0.86
0.8627450980392157
0.8653846153846154
0.8679245283018868
0.8703703703703703
0.8727272727272727
0.875
0.8771929824561403
0.8793103448275862
0.8813559322033898
0.8983050847457628
0.9152542372881356
0.9322033898305084
0.9491525423728814
0.9661016949152542
0.9830508474576272
1.0
1.0
1.0
1.0
1.0
1.0
1.0
1.0
1.0
1.0
1.0
1.0
1.0
1.0
1.0
1.0
1.0
1.0
1.0
1.0
0.7407407407407407
0.75
0.7586206896551724
0.7666666666666667
0.7741935483870968
0.78125
0.7878787878787878
0.7941176470588235
0.8
0.8055555555555556
0.8108108108108109
0.8157894736842105
0.8205128205128205
0.825
0.8292682926829268
0.8333333333333334
0.8372093023255814
0.8409090909090909
0.8444444444444444
0.8478260869565217
0.851063829787234
0.8541666666666666
0.8571428571428571
0.86
0.8627450980392157
0.8653846153846154
0.8679245283018868
0.8703703703703703
0.8727272727272727
0.875
0.8771929824561403
0.8793103448275862
0.8813559322033898
0.8983050847457628
0.9152542372881356
0.9322033898305084
0.9491525423728814
0.9661016949152542
0.9830508474576272
1.0
1.0
1.0
1.0
1.0
1.0
1.0
1.0
1.0
1.0
1.0
1.0
1.0
1.0
1.0
1.0
1.0
1.0
1.0
1.0
0.7407407407407407
0.75
0.7586206896551724
0.7666666666666667
0.7741935483870968
0.78125
0.7878787878787878
0.7941176470588235
0.8
0.8055555555555556
0.8108108108108109
0.8157894736842105
0.8205128205128205
0.825
0.8292682926829268
0.8333333333333334
0.8372093023255814
0.8409090909090909
0.8444444444444444
0.8478260869565217
0.851063829787234
0.8541666666666666
0.8571428571428571
0.86
0.8627450980392157
0.8653846153846154
0.8679245283018868
0.8703703703703703
0.8727272727272727
0.875
0.8771929824561403
0.8793103448275862
0.8813559322033898
0.8983050847457628
0.9152542372881356
0.9322033898305084
0.9491525423728814
0.9661016949152542
0.9830508474576272
1.0
1.0
1.0
1.0
1.0
1.0
1.0
1.0
1.0
1.0
1.0
1.0
1.0
1.0
1.0
1.0
1.0
1.0
1.0
1.0
0.7407407407407407
0.75
0.7586206896551724
0.7666666666666667
0.7741935483870968
0.78125
0.7878787878787878
0.7941176470588235
0.8
0.8055555555555556
0.8108108108108109
0.8157894736842105
0.8205128205128205
0.825
0.8292682926829268
0.8333333333333334
0.8372093023255814
0.8409090909090909
0.8444444444444444
0.8478260869565217
0.851063829787234
0.8541666666666666
0.8571428571428571
0.86
0.8627450980392157
0.8653846153846154
0.8679245283018868
0.8703703703703703
0.8727272727272727
0.875
0.8771929824561403
0.8793103448275862
0.8813559322033898
0.8983050847457628
0.9152542372881356
0.9322033898305084
0.9491525423728814
0.9661016949152542
0.9830508474576272
1.0
1.0
1.0
1.0
1.0
1.0
1.0
1.0
1.0
1.0
1.0
1.0
1.0
1.0
1.0
1.0
1.0
1.0
1.0
1.0
0.7407407407407407
0.75
0.7586206896551724
0.7666666666666667
0.7741935483870968
0.78125
0.7878787878787878
0.7941176470588235
0.8
0.8055555555555556
0.8108108108108109
0.8157894736842105
0.8205128205128205
0.825
0.8292682926829268
0.8333333333333334
0.8372093023255814
0.8409090909090909
0.8444444444444444
0.8478260869565217
0.851063829787234
0.8541666666666666
0.8571428571428571
0.86
0.8627450980392157
0.8653846153846154
0.8679245283018868
0.8703703703703703
0.8727272727272727
0.875
0.8771929824561403
0.8793103448275862
0.8813559322033898
0.8983050847457628
0.9152542372881356
0.9322033898305084
0.9491525423728814
0.9661016949152542
0.9830508474576272
1.0
1.0
1.0
1.0
1.0
1.0
1.0
1.0
1.0
1.0
1.0
1.0
1.0
1.0
1.0
1.0
1.0
1.0
1.0
1.0
0.7407407407407407
0.75
0.7586206896551724
0.7666666666666667
0.7741935483870968
0.78125
0.7878787878787878
0.7941176470588235
0.8
0.8055555555555556
0.8108108108108109
0.8157894736842105
0.8205128205128205
0.825
0.8292682926829268
0.8333333333333334
0.8372093023255814
0.8409090909090909
0.8444444444444444
0.8478260869565217
0.851063829787234
0.8541666666666666
0.8571428571428571
0.86
0.8627450980392157
0.8653846153846154
0.8679245283018868
0.8703703703703703
0.8727272727272727
0.875
0.8771929824561403
0.8793103448275862
0.8813559322033898
0.8983050847457628
0.9152542372881356
0.9322033898305084
0.9491525423728814
0.9661016949152542
0.9830508474576272
1.0
