1.0
1.0
1.0
1.0
1.0
1.0
1.0
1.0
1.0
1.0
1.0
1.0
1.0
1.0
1.0
1.0
1.0
1.0
1.0
1.0
1.0
1.0
1.0
0.5581395348837209
0.5813953488372093
0.6046511627906976
0.627906976744186
0.6511627906976745
0.6744186046511628
0.6976744186046512
0.7209302325581395
0.7441860465116279
0.7674418604651163
0.7906976744186046
0.813953488372093
0.8372093023255814
0.8604651162790697
0.8837209302325582
0.9069767441860465
1.0
1.0
1.0
1.0
1.0
1.0
1.0
1.0
1.0
1.0
1.0
1.0
1.0
1.0
1.0
1.0
1.0
1.0
1.0
1.0
1.0
1.0
1.0
0.5581395348837209
0.5813953488372093
0.6046511627906976
0.627906976744186
0.6511627906976745
0.6744186046511628
0.6976744186046512
0.7209302325581395
0.7441860465116279
0.7674418604651163
0.7906976744186046
0.813953488372093
0.8372093023255814
0.8604651162790697
0.8837209302325582
0.9069767441860465
1.0
1.0
1.0
1.0
1.0
1.0
1.0
1.0
1.0
1.0
1.0
1.0
1.0
1.0
1.0
1.0
1.0
1.0
1.0
1.0
1.0
1.0
1.0
1.0
1.0
1.0
1.0
1.0
1.0
1.0
1.0
1.0
1.0
1.0
1.0
1.0
1.0
1.0
1.0
1.0
1.0
1.0
1.0
1.0
1.0
1.0
0.5581395348837209
0.5813953488372093
0.6046511627906976
0.627906976744186
0.6511627906976745
0.6744186046511628
0.6976744186046512
0.7209302325581395
0.7441860465116279
0.7674418604651163
0.7906976744186046
0.813953488372093
0.8372093023255814
0.8604651162790697
0.8837209302325582
0.9069767441860465
1.0
1.0
1.0
1.0
1.0
1.0
1.0
1.0
1.0
1.0
1.0
1.0
1.0
1.0
1.0
1.0
1.0
1.0
1.0
1.0
1.0
1.0
1.0
0.5581395348837209
0.5813953488372093
0.6046511627906976
0.627906976744186
0.6511627906976745
0.6744186046511628
0.6976744186046512
0.7209302325581395
0.7441860465116279
0.7674418604651163
0.7906976744186046
0.813953488372093
0.8372093023255814
0.8604651162790697
0.8837209302325582
0.9069767441860465
1.0
1.0
1.0
1.0
1.0
1.0
1.0
1.0
1.0
1.0
1.0
1.0
1.0
1.0
1.0
1.0
1.0
1.0
1.0
1.0
1.0
1.0
1.0
0.5581395348837209
0.5813953488372093
0.6046511627906976
0.627906976744186
0.6511627906976745
0.6744186046511628
0.6976744186046512
0.7209302325581395
0.7441860465116279
0.7674418604651163
0.7906976744186046
0.813953488372093
0.8372093023255814
0.8604651162790697
0.8837209302325582
0.9069767441860465
1.0
1.0
1.0
1.0
1.0
1.0
1.0
1.0
1.0
1.0
1.0
1.0
1.0
1.0
1.0
1.0
1.0
1.0
1.0
1.0
1.0
1.0
1.0
0.5581395348837209
0.5813953488372093
0.6046511627906976
0.627906976744186
0.6511627906976745
0.6744186046511628
0.6976744186046512
0.7209302325581395
0.7441860465116279
0.7674418604651163
0.7906976744186046
0.813953488372093
0.8372093023255814
0.8604651162790697
0.8837209302325582
0.9069767441860465
