1.0
1.0
1.0
1.0
1.0
1.0
1.0
1.0
1.0
1.0
1.0
1.0
0.38235294117647056
0.4117647058823529
0.4411764705882353
0.47058823529411764
0.5
0.5294117647058824
0.5588235294117647
0.5882352941176471
0.6176470588235294
0.6470588235294118
0.6764705882352942
0.7058823529411765
0.7352941176470589
0.7647058823529411
0.7941176470588235
0.8235294117647058
0.8529411764705882
0.8823529411764706
0.9117647058823529
0.9142857142857143
0.9166666666666666
0.918918918918919
0.9210526315789473
0.9230769230769231
0.925
0.926829268292683
1.0
1.0
1.0
1.0
1.0
1.0
1.0
1.0
1.0
1.0
1.0
1.0
0.38235294117647056
0.4
0.4166666666666667
0.43243243243243246
0.4473684210526316
0.46153846153846156
0.475
0.4878048780487805
0.5121951219512195
0.5365853658536586
0.5609756097560976
0.5853658536585366
0.6097560975609756
0.6341463414634146
0.6585365853658537
0.6829268292682927
0.7073170731707317
0.7317073170731707
0.7560975609756098
0.7804878048780488
0.8048780487804879
0.8292682926829268
0.8536585365853658
0.8780487804878049
0.9024390243902439
0.926829268292683
1.0
1.0
1.0
1.0
1.0
1.0
1.0
1.0
1.0
1.0
1.0
1.0
1.0
1.0
1.0
1.0
1.0
1.0
1.0
1.0
1.0
1.0
1.0
1.0
0.38235294117647056
0.4117647058823529
0.4411764705882353
0.47058823529411764
0.5
0.5294117647058824
0.5588235294117647
0.5882352941176471
0.6176470588235294
0.6470588235294118
0.6764705882352942
0.7058823529411765
0.7352941176470589
0.7647058823529411
0.7941176470588235
0.8235294117647058
0.8529411764705882
0.8823529411764706
0.9117647058823529
0.9142857142857143
0.9166666666666666
0.918918918918919
0.9210526315789473
0.9230769230769231
0.925
0.926829268292683
1.0
1.0
1.0
1.0
1.0
1.0
1.0
1.0
1.0
1.0
1.0
1.0
0.38235294117647056
0.4
0.4166666666666667
0.43243243243243246
0.4473684210526316
0.46153846153846156
0.475
0.4878048780487805
0.5121951219512195
0.5365853658536586
0.5609756097560976
0.5853658536585366
0.6097560975609756
0.6341463414634146
0.6585365853658537
0.6829268292682927
0.7073170731707317
0.7317073170731707
0.7560975609756098
0.7804878048780488
0.8048780487804879
0.8292682926829268
0.8536585365853658
0.8780487804878049
0.9024390243902439
0.926829268292683
1.0
1.0
1.0
1.0
1.0
1.0
1.0
1.0
1.0
1.0
1.0
1.0
0.38235294117647056
0.4117647058823529
0.4411764705882353
0.47058823529411764
0.5
0.5294117647058824
0.5588235294117647
0.5882352941176471
0.6176470588235294
0.6470588235294118
0.6764705882352942
0.7058823529411765
0.7352941176470589
0.7647058823529411
0.7941176470588235
0.8235294117647058
0.8529411764705882
0.8823529411764706
0.9117647058823529
0.9142857142857143
0.9166666666666666
0.918918918918919
0.9210526315789473
0.9230769230769231
0.925
0.926829268292683
1.0
1.0
1.0
1.0
1.0
1.0
1.0
1.0
1.0
1.0
1.0
1.0
0.38235294117647056
0.4
0.4166666666666667
0.43243243243243246
0.4473684210526316
0.46153846153846156
0.475
0.4878048780487805
0.5121951219512195
0.5365853658536586
0.5609756097560976
0.5853658536585366
0.6097560975609756
0.6341463414634146
0.6585365853658537
0.6829268292682927
0.7073170731707317
0.7317073170731707
0.7560975609756098
0.7804878048780488
0.8048780487804879
0.8292682926829268
0.8536585365853658
0.8780487804878049
0.9024390243902439
0.926829268292683
