|checker| success id$0$color:red$: 
==========================
$FilePath$/home/tiago/empirical-jsvuln-tools-study/framework/src/packages/CWE-471/577/package/lodash.js
Line 6775	      return (result == '0' && (1 / value) == -INFINITY) ? '-0' : result;
$FilePath$/home/tiago/empirical-jsvuln-tools-study/framework/src/packages/CWE-471/577/package/lodash.js
Line 3992	          var objValue = nested[key];
$FilePath$/home/tiago/empirical-jsvuln-tools-study/framework/src/packages/CWE-471/577/package/lodash.js
Line 2580	        object[key] = value;

|checker| success id$0$color:green$: 
==========================
$FilePath$/home/tiago/empirical-jsvuln-tools-study/framework/src/packages/CWE-471/577/package/lodash.js
Line 3982	      var index = -1,
$FilePath$/home/tiago/empirical-jsvuln-tools-study/framework/src/packages/CWE-471/577/package/lodash.js
Line 3983	          length = path.length,
$FilePath$/home/tiago/empirical-jsvuln-tools-study/framework/src/packages/CWE-471/577/package/lodash.js
Line 6774	      var result = (value + '');
$FilePath$/home/tiago/empirical-jsvuln-tools-study/framework/src/packages/CWE-471/577/package/lodash.js
Line 2580	        object[key] = value;

|checker| success id$1$color:green$: 
==========================
$FilePath$/home/tiago/empirical-jsvuln-tools-study/framework/src/packages/CWE-471/577/package/lodash.js
Line 3982	      var index = -1,
$FilePath$/home/tiago/empirical-jsvuln-tools-study/framework/src/packages/CWE-471/577/package/lodash.js
Line 3983	          length = path.length,
$FilePath$/home/tiago/empirical-jsvuln-tools-study/framework/src/packages/CWE-471/577/package/lodash.js
Line 6774	      var result = (value + '');
$FilePath$/home/tiago/empirical-jsvuln-tools-study/framework/src/packages/CWE-471/577/package/lodash.js
Line 2580	        object[key] = value;

|checker| success id$2$color:green$: 
==========================
$FilePath$/home/tiago/empirical-jsvuln-tools-study/framework/src/packages/CWE-471/577/package/lodash.js
Line 3982	      var index = -1,
$FilePath$/home/tiago/empirical-jsvuln-tools-study/framework/src/packages/CWE-471/577/package/lodash.js
Line 3983	          length = path.length,
$FilePath$/home/tiago/empirical-jsvuln-tools-study/framework/src/packages/CWE-471/577/package/lodash.js
Line 2580	        object[key] = value;

|checker| success id$3$color:green$: 
==========================
$FilePath$/home/tiago/empirical-jsvuln-tools-study/framework/src/packages/CWE-471/577/package/lodash.js
Line 3982	      var index = -1,
$FilePath$/home/tiago/empirical-jsvuln-tools-study/framework/src/packages/CWE-471/577/package/lodash.js
Line 3983	          length = path.length,
$FilePath$/home/tiago/empirical-jsvuln-tools-study/framework/src/packages/CWE-471/577/package/lodash.js
Line 2580	        object[key] = value;

|checker| success id$0$color:blue$: 
==========================
$FilePath$None
Object.prototype
$FilePath$/home/tiago/empirical-jsvuln-tools-study/framework/src/packages/CWE-471/577/package/lodash.js
Line 2580	        object[key] = value;

