1.0
1.0
1.0
1.0
1.0
1.0
1.0
1.0
1.0
1.0
1.0
1.0
1.0
1.0
1.0
1.0
1.0
1.0
1.0
1.0
1.0
1.0
1.0
1.0
1.0
1.0
1.0
1.0
1.0
1.0
1.0
0.18181818181818182
0.1864406779661017
0.1588785046728972
0.16355140186915887
0.16822429906542055
0.17289719626168223
0.17757009345794392
0.1822429906542056
0.18691588785046728
0.19158878504672897
0.19626168224299065
0.20093457943925233
0.205607476635514
0.2102803738317757
0.21495327102803738
0.21962616822429906
0.22429906542056074
0.22897196261682243
0.2336448598130841
0.2383177570093458
0.24299065420560748
0.24766355140186916
0.2523364485981308
0.2570093457943925
0.2616822429906542
0.26635514018691586
0.27102803738317754
0.2757009345794392
0.2803738317757009
0.2850467289719626
0.2897196261682243
0.29439252336448596
0.29906542056074764
0.3037383177570093
0.308411214953271
0.3130841121495327
0.3177570093457944
0.32242990654205606
0.32710280373831774
0.3317757009345794
0.3364485981308411
0.3411214953271028
0.34579439252336447
0.35046728971962615
0.35514018691588783
0.3598130841121495
0.3644859813084112
0.3691588785046729
0.37383177570093457
0.37850467289719625
0.38317757009345793
0.3878504672897196
0.3925233644859813
0.397196261682243
0.40186915887850466
0.40654205607476634
0.411214953271028
0.4158878504672897
0.4205607476635514
0.4252336448598131
0.42990654205607476
0.43457943925233644
0.4392523364485981
0.4439252336448598
0.4485981308411215
0.4532710280373832
0.45794392523364486
0.46261682242990654
0.4672897196261682
0.4719626168224299
0.4766355140186916
0.48130841121495327
0.48598130841121495
0.49065420560747663
0.4953271028037383
0.5
0.5046728971962616
0.5093457943925234
0.514018691588785
0.5186915887850467
0.5233644859813084
0.5280373831775701
1.0
1.0
1.0
1.0
1.0
1.0
1.0
1.0
1.0
1.0
1.0
1.0
1.0
1.0
1.0
1.0
1.0
1.0
1.0
1.0
1.0
1.0
1.0
1.0
1.0
1.0
1.0
1.0
1.0
1.0
1.0
0.18181818181818182
0.1864406779661017
0.1588785046728972
0.16355140186915887
0.16822429906542055
0.17289719626168223
0.17757009345794392
0.1822429906542056
0.18691588785046728
0.19158878504672897
0.19626168224299065
0.20093457943925233
0.205607476635514
0.2102803738317757
0.21495327102803738
0.21962616822429906
0.22429906542056074
0.22897196261682243
0.2336448598130841
0.2383177570093458
0.24299065420560748
0.24766355140186916
0.2523364485981308
0.2570093457943925
0.2616822429906542
0.26635514018691586
0.27102803738317754
0.2757009345794392
0.2803738317757009
0.2850467289719626
0.2897196261682243
0.29439252336448596
0.29906542056074764
0.3037383177570093
0.308411214953271
0.3130841121495327
0.3177570093457944
0.32242990654205606
0.32710280373831774
0.3317757009345794
0.3364485981308411
0.3411214953271028
0.34579439252336447
0.35046728971962615
0.35514018691588783
0.3598130841121495
0.3644859813084112
0.3691588785046729
0.37383177570093457
0.37850467289719625
0.38317757009345793
0.3878504672897196
0.3925233644859813
0.397196261682243
0.40186915887850466
0.40654205607476634
0.411214953271028
0.4158878504672897
0.4205607476635514
0.4252336448598131
0.42990654205607476
0.43457943925233644
0.4392523364485981
0.4439252336448598
0.4485981308411215
0.4532710280373832
0.45794392523364486
0.46261682242990654
0.4672897196261682
0.4719626168224299
0.4766355140186916
0.48130841121495327
0.48598130841121495
0.49065420560747663
0.4953271028037383
0.5
0.5046728971962616
0.5093457943925234
0.514018691588785
0.5186915887850467
0.5233644859813084
0.5280373831775701
1.0
1.0
1.0
1.0
1.0
1.0
1.0
1.0
1.0
1.0
1.0
1.0
1.0
1.0
1.0
1.0
1.0
1.0
1.0
1.0
1.0
1.0
1.0
1.0
1.0
1.0
1.0
1.0
1.0
1.0
1.0
0.18181818181818182
0.1864406779661017
0.1588785046728972
0.16355140186915887
0.16822429906542055
0.17289719626168223
0.17757009345794392
0.1822429906542056
0.18691588785046728
0.19158878504672897
0.19626168224299065
0.20093457943925233
0.205607476635514
0.2102803738317757
0.21495327102803738
0.21962616822429906
0.22429906542056074
0.22897196261682243
0.2336448598130841
0.2383177570093458
0.24299065420560748
0.24766355140186916
0.2523364485981308
0.2570093457943925
0.2616822429906542
0.26635514018691586
0.27102803738317754
0.2757009345794392
0.2803738317757009
0.2850467289719626
0.2897196261682243
0.29439252336448596
0.29906542056074764
0.3037383177570093
0.308411214953271
0.3130841121495327
0.3177570093457944
0.32242990654205606
0.32710280373831774
0.3317757009345794
0.3364485981308411
0.3411214953271028
0.34579439252336447
0.35046728971962615
0.35514018691588783
0.3598130841121495
0.3644859813084112
0.3691588785046729
0.37383177570093457
0.37850467289719625
0.38317757009345793
0.3878504672897196
0.3925233644859813
0.397196261682243
0.40186915887850466
0.40654205607476634
0.411214953271028
0.4158878504672897
0.4205607476635514
0.4252336448598131
0.42990654205607476
0.43457943925233644
0.4392523364485981
0.4439252336448598
0.4485981308411215
0.4532710280373832
0.45794392523364486
0.46261682242990654
0.4672897196261682
0.4719626168224299
0.4766355140186916
0.48130841121495327
0.48598130841121495
0.49065420560747663
0.4953271028037383
0.5
0.5046728971962616
0.5093457943925234
0.514018691588785
0.5186915887850467
0.5233644859813084
0.5280373831775701
1.0
1.0
1.0
1.0
1.0
1.0
1.0
1.0
1.0
1.0
1.0
1.0
1.0
1.0
1.0
1.0
1.0
1.0
1.0
1.0
1.0
1.0
1.0
1.0
1.0
1.0
1.0
1.0
1.0
1.0
1.0
0.18181818181818182
0.1864406779661017
0.1588785046728972
0.16355140186915887
0.16822429906542055
0.17289719626168223
0.17757009345794392
0.1822429906542056
0.18691588785046728
0.19158878504672897
0.19626168224299065
0.20093457943925233
0.205607476635514
0.2102803738317757
0.21495327102803738
0.21962616822429906
0.22429906542056074
0.22897196261682243
0.2336448598130841
0.2383177570093458
0.24299065420560748
0.24766355140186916
0.2523364485981308
0.2570093457943925
0.2616822429906542
0.26635514018691586
0.27102803738317754
0.2757009345794392
0.2803738317757009
0.2850467289719626
0.2897196261682243
0.29439252336448596
0.29906542056074764
0.3037383177570093
0.308411214953271
0.3130841121495327
0.3177570093457944
0.32242990654205606
0.32710280373831774
0.3317757009345794
0.3364485981308411
0.3411214953271028
0.34579439252336447
0.35046728971962615
0.35514018691588783
0.3598130841121495
0.3644859813084112
0.3691588785046729
0.37383177570093457
0.37850467289719625
0.38317757009345793
0.3878504672897196
0.3925233644859813
0.397196261682243
0.40186915887850466
0.40654205607476634
0.411214953271028
0.4158878504672897
0.4205607476635514
0.4252336448598131
0.42990654205607476
0.43457943925233644
0.4392523364485981
0.4439252336448598
0.4485981308411215
0.4532710280373832
0.45794392523364486
0.46261682242990654
0.4672897196261682
0.4719626168224299
0.4766355140186916
0.48130841121495327
0.48598130841121495
0.49065420560747663
0.4953271028037383
0.5
0.5046728971962616
0.5093457943925234
0.514018691588785
0.5186915887850467
0.5233644859813084
0.5280373831775701
1.0
1.0
1.0
1.0
1.0
1.0
1.0
1.0
1.0
1.0
1.0
1.0
1.0
1.0
1.0
1.0
1.0
1.0
1.0
1.0
1.0
1.0
1.0
1.0
1.0
1.0
1.0
1.0
1.0
1.0
1.0
1.0
1.0
1.0
1.0
1.0
1.0
1.0
1.0
1.0
1.0
1.0
1.0
1.0
1.0
1.0
1.0
1.0
1.0
1.0
1.0
1.0
1.0
1.0
1.0
1.0
1.0
1.0
1.0
1.0
1.0
1.0
1.0
1.0
0.18181818181818182
0.1864406779661017
0.1588785046728972
0.16355140186915887
0.16822429906542055
0.17289719626168223
0.17757009345794392
0.1822429906542056
0.18691588785046728
0.19158878504672897
0.19626168224299065
0.20093457943925233
0.205607476635514
0.2102803738317757
0.21495327102803738
0.21962616822429906
0.22429906542056074
0.22897196261682243
0.2336448598130841
0.2383177570093458
0.24299065420560748
0.24766355140186916
0.2523364485981308
0.2570093457943925
0.2616822429906542
0.26635514018691586
0.27102803738317754
0.2757009345794392
0.2803738317757009
0.2850467289719626
0.2897196261682243
0.29439252336448596
0.29906542056074764
0.3037383177570093
0.308411214953271
0.3130841121495327
0.3177570093457944
0.32242990654205606
0.32710280373831774
0.3317757009345794
0.3364485981308411
0.3411214953271028
0.34579439252336447
0.35046728971962615
0.35514018691588783
0.3598130841121495
0.3644859813084112
0.3691588785046729
0.37383177570093457
0.37850467289719625
0.38317757009345793
0.3878504672897196
0.3925233644859813
0.397196261682243
0.40186915887850466
0.40654205607476634
0.411214953271028
0.4158878504672897
0.4205607476635514
0.4252336448598131
0.42990654205607476
0.43457943925233644
0.4392523364485981
0.4439252336448598
0.4485981308411215
0.4532710280373832
0.45794392523364486
0.46261682242990654
0.4672897196261682
0.4719626168224299
0.4766355140186916
0.48130841121495327
0.48598130841121495
0.49065420560747663
0.4953271028037383
0.5
0.5046728971962616
0.5093457943925234
0.514018691588785
0.5186915887850467
0.5233644859813084
0.5280373831775701
1.0
1.0
1.0
1.0
1.0
1.0
1.0
1.0
1.0
1.0
1.0
1.0
1.0
1.0
1.0
1.0
1.0
1.0
1.0
1.0
1.0
1.0
1.0
1.0
1.0
1.0
1.0
1.0
1.0
1.0
1.0
1.0
1.0
1.0
1.0
1.0
1.0
1.0
1.0
1.0
1.0
1.0
1.0
1.0
1.0
1.0
1.0
1.0
1.0
1.0
1.0
1.0
1.0
1.0
1.0
1.0
1.0
1.0
1.0
1.0
1.0
1.0
1.0
1.0
0.18181818181818182
0.1864406779661017
0.1588785046728972
0.16355140186915887
0.16822429906542055
0.17289719626168223
0.17757009345794392
0.1822429906542056
0.18691588785046728
0.19158878504672897
0.19626168224299065
0.20093457943925233
0.205607476635514
0.2102803738317757
0.21495327102803738
0.21962616822429906
0.22429906542056074
0.22897196261682243
0.2336448598130841
0.2383177570093458
0.24299065420560748
0.24766355140186916
0.2523364485981308
0.2570093457943925
0.2616822429906542
0.26635514018691586
0.27102803738317754
0.2757009345794392
0.2803738317757009
0.2850467289719626
0.2897196261682243
0.29439252336448596
0.29906542056074764
0.3037383177570093
0.308411214953271
0.3130841121495327
0.3177570093457944
0.32242990654205606
0.32710280373831774
0.3317757009345794
0.3364485981308411
0.3411214953271028
0.34579439252336447
0.35046728971962615
0.35514018691588783
0.3598130841121495
0.3644859813084112
0.3691588785046729
0.37383177570093457
0.37850467289719625
0.38317757009345793
0.3878504672897196
0.3925233644859813
0.397196261682243
0.40186915887850466
0.40654205607476634
0.411214953271028
0.4158878504672897
0.4205607476635514
0.4252336448598131
0.42990654205607476
0.43457943925233644
0.4392523364485981
0.4439252336448598
0.4485981308411215
0.4532710280373832
0.45794392523364486
0.46261682242990654
0.4672897196261682
0.4719626168224299
0.4766355140186916
0.48130841121495327
0.48598130841121495
0.49065420560747663
0.4953271028037383
0.5
0.5046728971962616
0.5093457943925234
0.514018691588785
0.5186915887850467
0.5233644859813084
0.5280373831775701
1.0
1.0
1.0
1.0
1.0
1.0
1.0
1.0
1.0
1.0
1.0
1.0
1.0
1.0
1.0
1.0
1.0
1.0
1.0
1.0
1.0
1.0
1.0
1.0
1.0
1.0
1.0
1.0
1.0
1.0
1.0
0.18181818181818182
0.1864406779661017
0.1588785046728972
0.16355140186915887
0.16822429906542055
0.17289719626168223
0.17757009345794392
0.1822429906542056
0.18691588785046728
0.19158878504672897
0.19626168224299065
0.20093457943925233
0.205607476635514
0.2102803738317757
0.21495327102803738
0.21962616822429906
0.22429906542056074
0.22897196261682243
0.2336448598130841
0.2383177570093458
0.24299065420560748
0.24766355140186916
0.2523364485981308
0.2570093457943925
0.2616822429906542
0.26635514018691586
0.27102803738317754
0.2757009345794392
0.2803738317757009
0.2850467289719626
0.2897196261682243
0.29439252336448596
0.29906542056074764
0.3037383177570093
0.308411214953271
0.3130841121495327
0.3177570093457944
0.32242990654205606
0.32710280373831774
0.3317757009345794
0.3364485981308411
0.3411214953271028
0.34579439252336447
0.35046728971962615
0.35514018691588783
0.3598130841121495
0.3644859813084112
0.3691588785046729
0.37383177570093457
0.37850467289719625
0.38317757009345793
0.3878504672897196
0.3925233644859813
0.397196261682243
0.40186915887850466
0.40654205607476634
0.411214953271028
0.4158878504672897
0.4205607476635514
0.4252336448598131
0.42990654205607476
0.43457943925233644
0.4392523364485981
0.4439252336448598
0.4485981308411215
0.4532710280373832
0.45794392523364486
0.46261682242990654
0.4672897196261682
0.4719626168224299
0.4766355140186916
0.48130841121495327
0.48598130841121495
0.49065420560747663
0.4953271028037383
0.5
0.5046728971962616
0.5093457943925234
0.514018691588785
0.5186915887850467
0.5233644859813084
0.5280373831775701
1.0
1.0
1.0
1.0
1.0
1.0
1.0
1.0
1.0
1.0
1.0
1.0
1.0
1.0
1.0
1.0
1.0
1.0
1.0
1.0
1.0
1.0
1.0
1.0
1.0
1.0
1.0
1.0
1.0
1.0
1.0
0.18181818181818182
0.1864406779661017
0.1588785046728972
0.16355140186915887
0.16822429906542055
0.17289719626168223
0.17757009345794392
0.1822429906542056
0.18691588785046728
0.19158878504672897
0.19626168224299065
0.20093457943925233
0.205607476635514
0.2102803738317757
0.21495327102803738
0.21962616822429906
0.22429906542056074
0.22897196261682243
0.2336448598130841
0.2383177570093458
0.24299065420560748
0.24766355140186916
0.2523364485981308
0.2570093457943925
0.2616822429906542
0.26635514018691586
0.27102803738317754
0.2757009345794392
0.2803738317757009
0.2850467289719626
0.2897196261682243
0.29439252336448596
0.29906542056074764
0.3037383177570093
0.308411214953271
0.3130841121495327
0.3177570093457944
0.32242990654205606
0.32710280373831774
0.3317757009345794
0.3364485981308411
0.3411214953271028
0.34579439252336447
0.35046728971962615
0.35514018691588783
0.3598130841121495
0.3644859813084112
0.3691588785046729
0.37383177570093457
0.37850467289719625
0.38317757009345793
0.3878504672897196
0.3925233644859813
0.397196261682243
0.40186915887850466
0.40654205607476634
0.411214953271028
0.4158878504672897
0.4205607476635514
0.4252336448598131
0.42990654205607476
0.43457943925233644
0.4392523364485981
0.4439252336448598
0.4485981308411215
0.4532710280373832
0.45794392523364486
0.46261682242990654
0.4672897196261682
0.4719626168224299
0.4766355140186916
0.48130841121495327
0.48598130841121495
0.49065420560747663
0.4953271028037383
0.5
0.5046728971962616
0.5093457943925234
0.514018691588785
0.5186915887850467
0.5233644859813084
0.5280373831775701
1.0
1.0
1.0
1.0
1.0
1.0
1.0
1.0
1.0
1.0
1.0
1.0
1.0
1.0
1.0
1.0
1.0
1.0
1.0
1.0
1.0
1.0
1.0
1.0
1.0
1.0
1.0
1.0
1.0
1.0
1.0
0.18181818181818182
0.1864406779661017
0.1588785046728972
0.16355140186915887
0.16822429906542055
0.17289719626168223
0.17757009345794392
0.1822429906542056
0.18691588785046728
0.19158878504672897
0.19626168224299065
0.20093457943925233
0.205607476635514
0.2102803738317757
0.21495327102803738
0.21962616822429906
0.22429906542056074
0.22897196261682243
0.2336448598130841
0.2383177570093458
0.24299065420560748
0.24766355140186916
0.2523364485981308
0.2570093457943925
0.2616822429906542
0.26635514018691586
0.27102803738317754
0.2757009345794392
0.2803738317757009
0.2850467289719626
0.2897196261682243
0.29439252336448596
0.29906542056074764
0.3037383177570093
0.308411214953271
0.3130841121495327
0.3177570093457944
0.32242990654205606
0.32710280373831774
0.3317757009345794
0.3364485981308411
0.3411214953271028
0.34579439252336447
0.35046728971962615
0.35514018691588783
0.3598130841121495
0.3644859813084112
0.3691588785046729
0.37383177570093457
0.37850467289719625
0.38317757009345793
0.3878504672897196
0.3925233644859813
0.397196261682243
0.40186915887850466
0.40654205607476634
0.411214953271028
0.4158878504672897
0.4205607476635514
0.4252336448598131
0.42990654205607476
0.43457943925233644
0.4392523364485981
0.4439252336448598
0.4485981308411215
0.4532710280373832
0.45794392523364486
0.46261682242990654
0.4672897196261682
0.4719626168224299
0.4766355140186916
0.48130841121495327
0.48598130841121495
0.49065420560747663
0.4953271028037383
0.5
0.5046728971962616
0.5093457943925234
0.514018691588785
0.5186915887850467
0.5233644859813084
0.5280373831775701
1.0
1.0
1.0
1.0
1.0
1.0
1.0
1.0
1.0
1.0
1.0
1.0
1.0
1.0
1.0
1.0
1.0
1.0
1.0
1.0
1.0
1.0
1.0
1.0
1.0
1.0
1.0
1.0
1.0
1.0
1.0
0.18181818181818182
0.1864406779661017
0.1588785046728972
0.16355140186915887
0.16822429906542055
0.17289719626168223
0.17757009345794392
0.1822429906542056
0.18691588785046728
0.19158878504672897
0.19626168224299065
0.20093457943925233
0.205607476635514
0.2102803738317757
0.21495327102803738
0.21962616822429906
0.22429906542056074
0.22897196261682243
0.2336448598130841
0.2383177570093458
0.24299065420560748
0.24766355140186916
0.2523364485981308
0.2570093457943925
0.2616822429906542
0.26635514018691586
0.27102803738317754
0.2757009345794392
0.2803738317757009
0.2850467289719626
0.2897196261682243
0.29439252336448596
0.29906542056074764
0.3037383177570093
0.308411214953271
0.3130841121495327
0.3177570093457944
0.32242990654205606
0.32710280373831774
0.3317757009345794
0.3364485981308411
0.3411214953271028
0.34579439252336447
0.35046728971962615
0.35514018691588783
0.3598130841121495
0.3644859813084112
0.3691588785046729
0.37383177570093457
0.37850467289719625
0.38317757009345793
0.3878504672897196
0.3925233644859813
0.397196261682243
0.40186915887850466
0.40654205607476634
0.411214953271028
0.4158878504672897
0.4205607476635514
0.4252336448598131
0.42990654205607476
0.43457943925233644
0.4392523364485981
0.4439252336448598
0.4485981308411215
0.4532710280373832
0.45794392523364486
0.46261682242990654
0.4672897196261682
0.4719626168224299
0.4766355140186916
0.48130841121495327
0.48598130841121495
0.49065420560747663
0.4953271028037383
0.5
0.5046728971962616
0.5093457943925234
0.514018691588785
0.5186915887850467
0.5233644859813084
0.5280373831775701
1.0
1.0
1.0
1.0
1.0
1.0
1.0
1.0
1.0
1.0
1.0
1.0
1.0
1.0
1.0
1.0
1.0
1.0
1.0
1.0
1.0
1.0
1.0
1.0
1.0
1.0
1.0
1.0
1.0
1.0
1.0
0.18181818181818182
0.1864406779661017
0.1588785046728972
0.16355140186915887
0.16822429906542055
0.17289719626168223
0.17757009345794392
0.1822429906542056
0.18691588785046728
0.19158878504672897
0.19626168224299065
0.20093457943925233
0.205607476635514
0.2102803738317757
0.21495327102803738
0.21962616822429906
0.22429906542056074
0.22897196261682243
0.2336448598130841
0.2383177570093458
0.24299065420560748
0.24766355140186916
0.2523364485981308
0.2570093457943925
0.2616822429906542
0.26635514018691586
0.27102803738317754
0.2757009345794392
0.2803738317757009
0.2850467289719626
0.2897196261682243
0.29439252336448596
0.29906542056074764
0.3037383177570093
0.308411214953271
0.3130841121495327
0.3177570093457944
0.32242990654205606
0.32710280373831774
0.3317757009345794
0.3364485981308411
0.3411214953271028
0.34579439252336447
0.35046728971962615
0.35514018691588783
0.3598130841121495
0.3644859813084112
0.3691588785046729
0.37383177570093457
0.37850467289719625
0.38317757009345793
0.3878504672897196
0.3925233644859813
0.397196261682243
0.40186915887850466
0.40654205607476634
0.411214953271028
0.4158878504672897
0.4205607476635514
0.4252336448598131
0.42990654205607476
0.43457943925233644
0.4392523364485981
0.4439252336448598
0.4485981308411215
0.4532710280373832
0.45794392523364486
0.46261682242990654
0.4672897196261682
0.4719626168224299
0.4766355140186916
0.48130841121495327
0.48598130841121495
0.49065420560747663
0.4953271028037383
0.5
0.5046728971962616
0.5093457943925234
0.514018691588785
0.5186915887850467
0.5233644859813084
0.5280373831775701
1.0
1.0
1.0
1.0
1.0
1.0
1.0
1.0
1.0
1.0
1.0
1.0
1.0
1.0
1.0
1.0
1.0
1.0
1.0
1.0
1.0
1.0
1.0
1.0
1.0
1.0
1.0
1.0
1.0
1.0
1.0
0.18181818181818182
0.1864406779661017
0.1588785046728972
0.16355140186915887
0.16822429906542055
0.17289719626168223
0.17757009345794392
0.1822429906542056
0.18691588785046728
0.19158878504672897
0.19626168224299065
0.20093457943925233
0.205607476635514
0.2102803738317757
0.21495327102803738
0.21962616822429906
0.22429906542056074
0.22897196261682243
0.2336448598130841
0.2383177570093458
0.24299065420560748
0.24766355140186916
0.2523364485981308
0.2570093457943925
0.2616822429906542
0.26635514018691586
0.27102803738317754
0.2757009345794392
0.2803738317757009
0.2850467289719626
0.2897196261682243
0.29439252336448596
0.29906542056074764
0.3037383177570093
0.308411214953271
0.3130841121495327
0.3177570093457944
0.32242990654205606
0.32710280373831774
0.3317757009345794
0.3364485981308411
0.3411214953271028
0.34579439252336447
0.35046728971962615
0.35514018691588783
0.3598130841121495
0.3644859813084112
0.3691588785046729
0.37383177570093457
0.37850467289719625
0.38317757009345793
0.3878504672897196
0.3925233644859813
0.397196261682243
0.40186915887850466
0.40654205607476634
0.411214953271028
0.4158878504672897
0.4205607476635514
0.4252336448598131
0.42990654205607476
0.43457943925233644
0.4392523364485981
0.4439252336448598
0.4485981308411215
0.4532710280373832
0.45794392523364486
0.46261682242990654
0.4672897196261682
0.4719626168224299
0.4766355140186916
0.48130841121495327
0.48598130841121495
0.49065420560747663
0.4953271028037383
0.5
0.5046728971962616
0.5093457943925234
0.514018691588785
0.5186915887850467
0.5233644859813084
0.5280373831775701
