1.0
1.0
1.0
1.0
1.0
1.0
1.0
1.0
1.0
1.0
1.0
1.0
1.0
1.0
1.0
1.0
1.0
1.0
1.0
1.0
1.0
0.0650887573964497
0.06804733727810651
0.07100591715976332
0.07396449704142012
0.07692307692307693
0.07988165680473373
0.08284023668639054
0.08579881656804733
0.08875739644970414
0.09171597633136094
0.09467455621301775
0.09763313609467456
0.10059171597633136
0.10355029585798817
0.10650887573964497
0.10914454277286136
0.11176470588235295
0.11436950146627566
0.11730205278592376
0.12023460410557185
0.12316715542521994
0.12609970674486803
0.12903225806451613
0.13196480938416422
0.1348973607038123
0.1378299120234604
0.14076246334310852
0.1436950146627566
0.1466275659824047
0.1495601173020528
0.15249266862170088
0.15542521994134897
0.15835777126099707
0.16129032258064516
0.16422287390029325
0.16715542521994134
0.17008797653958943
0.17302052785923755
0.17595307917888564
0.17888563049853373
0.18181818181818182
0.18475073313782991
0.187683284457478
0.1906158357771261
0.1935483870967742
0.19648093841642228
0.19941348973607037
0.20234604105571846
0.20527859237536658
0.20821114369501467
0.21114369501466276
0.21407624633431085
0.21700879765395895
0.21994134897360704
0.22287390029325513
0.22580645161290322
0.22285714285714286
0.2257142857142857
0.22857142857142856
0.23142857142857143
0.2342857142857143
0.23714285714285716
0.24
0.24285714285714285
0.24571428571428572
1.0
1.0
1.0
1.0
1.0
1.0
1.0
1.0
1.0
1.0
1.0
1.0
1.0
1.0
1.0
1.0
1.0
1.0
1.0
1.0
1.0
0.0650887573964497
0.06804733727810651
0.07100591715976332
0.07396449704142012
0.07692307692307693
0.07988165680473373
0.08284023668639054
0.08579881656804733
0.08875739644970414
0.09171597633136094
0.09467455621301775
0.09763313609467456
0.10059171597633136
0.10355029585798817
0.10650887573964497
0.10914454277286136
0.11176470588235295
0.11436950146627566
0.11730205278592376
0.12023460410557185
0.12316715542521994
0.12609970674486803
0.12903225806451613
0.13196480938416422
0.1348973607038123
0.1378299120234604
0.14076246334310852
0.1436950146627566
0.1466275659824047
0.1495601173020528
0.15249266862170088
0.15542521994134897
0.15835777126099707
0.16129032258064516
0.16422287390029325
0.16715542521994134
0.17008797653958943
0.17302052785923755
0.17595307917888564
0.17888563049853373
0.18181818181818182
0.18475073313782991
0.187683284457478
0.1906158357771261
0.1935483870967742
0.19648093841642228
0.19941348973607037
0.20234604105571846
0.20527859237536658
0.20821114369501467
0.21114369501466276
0.21407624633431085
0.21700879765395895
0.21994134897360704
0.22287390029325513
0.22580645161290322
0.22285714285714286
0.2257142857142857
0.22857142857142856
0.23142857142857143
0.2342857142857143
0.23714285714285716
0.24
0.24285714285714285
0.24571428571428572
1.0
1.0
1.0
1.0
1.0
1.0
1.0
1.0
1.0
1.0
1.0
1.0
1.0
1.0
1.0
1.0
1.0
1.0
1.0
1.0
1.0
1.0
1.0
1.0
1.0
1.0
1.0
1.0
1.0
1.0
1.0
1.0
1.0
1.0
1.0
1.0
1.0
1.0
1.0
1.0
1.0
1.0
0.0650887573964497
0.06804733727810651
0.07100591715976332
0.07396449704142012
0.07692307692307693
0.07988165680473373
0.08284023668639054
0.08579881656804733
0.08875739644970414
0.09171597633136094
0.09467455621301775
0.09763313609467456
0.10059171597633136
0.10355029585798817
0.10650887573964497
0.10914454277286136
0.11176470588235295
0.11436950146627566
0.11730205278592376
0.12023460410557185
0.12316715542521994
0.12609970674486803
0.12903225806451613
0.13196480938416422
0.1348973607038123
0.1378299120234604
0.14076246334310852
0.1436950146627566
0.1466275659824047
0.1495601173020528
0.15249266862170088
0.15542521994134897
0.15835777126099707
0.16129032258064516
0.16422287390029325
0.16715542521994134
0.17008797653958943
0.17302052785923755
0.17595307917888564
0.17888563049853373
0.18181818181818182
0.18475073313782991
0.187683284457478
0.1906158357771261
0.1935483870967742
0.19648093841642228
0.19941348973607037
0.20234604105571846
0.20527859237536658
0.20821114369501467
0.21114369501466276
0.21407624633431085
0.21700879765395895
0.21994134897360704
0.22287390029325513
0.22580645161290322
0.22285714285714286
0.2257142857142857
0.22857142857142856
0.23142857142857143
0.2342857142857143
0.23714285714285716
0.24
0.24285714285714285
0.24571428571428572
1.0
1.0
1.0
1.0
1.0
1.0
1.0
1.0
1.0
1.0
1.0
1.0
1.0
1.0
1.0
1.0
1.0
1.0
1.0
1.0
1.0
0.0650887573964497
0.06804733727810651
0.07100591715976332
0.07396449704142012
0.07692307692307693
0.07988165680473373
0.08284023668639054
0.08579881656804733
0.08875739644970414
0.09171597633136094
0.09467455621301775
0.09763313609467456
0.10059171597633136
0.10355029585798817
0.10650887573964497
0.10914454277286136
0.11176470588235295
0.11436950146627566
0.11730205278592376
0.12023460410557185
0.12316715542521994
0.12609970674486803
0.12903225806451613
0.13196480938416422
0.1348973607038123
0.1378299120234604
0.14076246334310852
0.1436950146627566
0.1466275659824047
0.1495601173020528
0.15249266862170088
0.15542521994134897
0.15835777126099707
0.16129032258064516
0.16422287390029325
0.16715542521994134
0.17008797653958943
0.17302052785923755
0.17595307917888564
0.17888563049853373
0.18181818181818182
0.18475073313782991
0.187683284457478
0.1906158357771261
0.1935483870967742
0.19648093841642228
0.19941348973607037
0.20234604105571846
0.20527859237536658
0.20821114369501467
0.21114369501466276
0.21407624633431085
0.21700879765395895
0.21994134897360704
0.22287390029325513
0.22580645161290322
0.22285714285714286
0.2257142857142857
0.22857142857142856
0.23142857142857143
0.2342857142857143
0.23714285714285716
0.24
1.0
1.0
1.0
1.0
1.0
1.0
1.0
1.0
1.0
1.0
1.0
1.0
1.0
1.0
1.0
1.0
1.0
1.0
1.0
1.0
1.0
0.0650887573964497
0.06804733727810651
0.07100591715976332
0.07396449704142012
0.07692307692307693
0.07988165680473373
0.08284023668639054
0.08579881656804733
0.08875739644970414
0.09171597633136094
0.09467455621301775
0.09763313609467456
0.10059171597633136
0.10355029585798817
0.10650887573964497
0.10914454277286136
0.11176470588235295
0.11436950146627566
0.11730205278592376
0.12023460410557185
0.12316715542521994
0.12609970674486803
0.12903225806451613
0.13196480938416422
0.1348973607038123
0.1378299120234604
0.14076246334310852
0.1436950146627566
0.1466275659824047
0.1495601173020528
0.15249266862170088
0.15542521994134897
0.15835777126099707
0.16129032258064516
0.16422287390029325
0.16715542521994134
0.17008797653958943
0.17302052785923755
0.17595307917888564
0.17888563049853373
0.18181818181818182
0.18475073313782991
0.187683284457478
0.1906158357771261
0.1935483870967742
0.19648093841642228
0.19941348973607037
0.20234604105571846
0.20527859237536658
0.20821114369501467
0.21114369501466276
0.21407624633431085
0.21700879765395895
0.21994134897360704
0.22287390029325513
0.22580645161290322
0.22285714285714286
0.2257142857142857
0.22857142857142856
0.23142857142857143
0.2342857142857143
0.23714285714285716
0.24
0.24285714285714285
0.24571428571428572
1.0
1.0
1.0
1.0
1.0
1.0
1.0
1.0
1.0
1.0
1.0
1.0
1.0
1.0
1.0
1.0
1.0
1.0
1.0
1.0
1.0
0.0650887573964497
0.06804733727810651
0.07100591715976332
0.07396449704142012
0.07692307692307693
0.07988165680473373
0.08284023668639054
0.08579881656804733
0.08875739644970414
0.09171597633136094
0.09467455621301775
0.09763313609467456
0.10059171597633136
0.10355029585798817
0.10650887573964497
0.10914454277286136
0.11176470588235295
0.11436950146627566
0.11730205278592376
0.12023460410557185
0.12316715542521994
0.12609970674486803
0.12903225806451613
0.13196480938416422
0.1348973607038123
0.1378299120234604
0.14076246334310852
0.1436950146627566
0.1466275659824047
0.1495601173020528
0.15249266862170088
0.15542521994134897
0.15835777126099707
0.16129032258064516
0.16422287390029325
0.16715542521994134
0.17008797653958943
0.17302052785923755
0.17595307917888564
0.17888563049853373
0.18181818181818182
0.18475073313782991
0.187683284457478
0.1906158357771261
0.1935483870967742
0.19648093841642228
0.19941348973607037
0.20234604105571846
0.20527859237536658
0.20821114369501467
0.21114369501466276
0.21407624633431085
0.21700879765395895
0.21994134897360704
0.22287390029325513
0.22580645161290322
0.22285714285714286
0.2257142857142857
0.22857142857142856
0.23142857142857143
0.2342857142857143
0.23714285714285716
0.24
0.24285714285714285
0.24571428571428572
