|checker| success id$0$color:green$: 
==========================
$FilePath$/home/tiago/empirical-jsvuln-tools-study/tools-testing/tools-docker/odgen/ODGen/builtin_packages/http.js
Line 17	    sink_hqbpillvul_http_setHeader(value);

|checker| success id$0$color:green$: 
==========================
$FilePath$/home/tiago/empirical-jsvuln-tools-study/tools-testing/tools-docker/odgen/ODGen/builtin_packages/http.js
Line 17	    sink_hqbpillvul_http_setHeader(value);

|checker| success id$0$color:green$: 
==========================
$FilePath$/home/tiago/empirical-jsvuln-tools-study/tools-testing/tools-docker/odgen/ODGen/builtin_packages/http.js
Line 17	    sink_hqbpillvul_http_setHeader(value);

|checker| success id$0$color:green$: 
==========================
$FilePath$/home/tiago/empirical-jsvuln-tools-study/tools-testing/tools-docker/odgen/ODGen/builtin_packages/http.js
Line 2	  var OPGen_TAINTED_VAR_url = "" ;
$FilePath$/home/tiago/empirical-jsvuln-tools-study/framework/src/packages/CWE-22/475/package/static.js
Line 6		var urlObj = url.parse(req.url,true,false);
$FilePath$/home/tiago/empirical-jsvuln-tools-study/framework/src/packages/CWE-22/475/package/static.js
Line 7		if(urlObj.pathname.indexOf("getcity") !=-1) {	//new route
		//Execute the REST service
		//console.log("URL path "+urlObj.pathname);
                //console.log("URL search "+urlObj.search);
                //console.log("URL query "+urlObj.query["q"]);
		var query = urlObj.query["q"];
		fs.readFile('cities.dat.txt', function (err, data) {
  		if(err) throw err;
  		var jsonresult = [];
		cities = data.toString().split("\n");
  		for(var i = 0; i < cities.length; i++) {
    			if(cities[i].substring(0,query.length) == query) {
				//console.log(cities[i]);
				jsonresult.push({city:cities[i]});
			}
  		}
		//console.log(jsonresult);
		res.writeHead(200);
		res.end(JSON.stringify(jsonresult));
});
	} else
	{
	//	console.log("About to read file\n");
			
		fs.readFile(ROOT_DIR + urlObj.pathname, function (err,data) {
			if(err) { 
				res.writeHead(404);
				res.end(JSON.stringify(err));
				return;
			}
			res.writeHead(200);
			res.end(data);
		});
	}
$FilePath$/home/tiago/empirical-jsvuln-tools-study/framework/src/packages/CWE-22/475/package/static.js
Line 31			fs.readFile(ROOT_DIR + urlObj.pathname, function (err,data) {
			if(err) { 
				res.writeHead(404);
				res.end(JSON.stringify(err));
				return;
			}
			res.writeHead(200);
			res.end(data);
		});
$FilePath$/home/tiago/empirical-jsvuln-tools-study/tools-testing/tools-docker/odgen/ODGen/builtin_packages/fs.js
Line 15	  var ret = sink_hqbpillvul_fs_read(pathname);
$FilePath$/home/tiago/empirical-jsvuln-tools-study/tools-testing/tools-docker/odgen/ODGen/builtin_packages/http.js
Line 25	    sink_hqbpillvul_http_write(value, value);

|checker| success id$1$color:green$: 
==========================
$FilePath$/home/tiago/empirical-jsvuln-tools-study/tools-testing/tools-docker/odgen/ODGen/builtin_packages/http.js
Line 2	  var OPGen_TAINTED_VAR_url = "" ;
$FilePath$/home/tiago/empirical-jsvuln-tools-study/framework/src/packages/CWE-22/475/package/static.js
Line 6		var urlObj = url.parse(req.url,true,false);
$FilePath$/home/tiago/empirical-jsvuln-tools-study/framework/src/packages/CWE-22/475/package/static.js
Line 31			fs.readFile(ROOT_DIR + urlObj.pathname, function (err,data) {
			if(err) { 
				res.writeHead(404);
				res.end(JSON.stringify(err));
				return;
			}
			res.writeHead(200);
			res.end(data);
		});
$FilePath$/home/tiago/empirical-jsvuln-tools-study/tools-testing/tools-docker/odgen/ODGen/builtin_packages/fs.js
Line 15	  var ret = sink_hqbpillvul_fs_read(pathname);
$FilePath$/home/tiago/empirical-jsvuln-tools-study/tools-testing/tools-docker/odgen/ODGen/builtin_packages/http.js
Line 25	    sink_hqbpillvul_http_write(value, value);

|checker| success id$0$color:green$: 
==========================
$FilePath$/home/tiago/empirical-jsvuln-tools-study/tools-testing/tools-docker/odgen/ODGen/builtin_packages/http.js
Line 2	  var OPGen_TAINTED_VAR_url = "" ;
$FilePath$/home/tiago/empirical-jsvuln-tools-study/framework/src/packages/CWE-22/475/package/static.js
Line 6		var urlObj = url.parse(req.url,true,false);
$FilePath$/home/tiago/empirical-jsvuln-tools-study/framework/src/packages/CWE-22/475/package/static.js
Line 7		if(urlObj.pathname.indexOf("getcity") !=-1) {	//new route
		//Execute the REST service
		//console.log("URL path "+urlObj.pathname);
                //console.log("URL search "+urlObj.search);
                //console.log("URL query "+urlObj.query["q"]);
		var query = urlObj.query["q"];
		fs.readFile('cities.dat.txt', function (err, data) {
  		if(err) throw err;
  		var jsonresult = [];
		cities = data.toString().split("\n");
  		for(var i = 0; i < cities.length; i++) {
    			if(cities[i].substring(0,query.length) == query) {
				//console.log(cities[i]);
				jsonresult.push({city:cities[i]});
			}
  		}
		//console.log(jsonresult);
		res.writeHead(200);
		res.end(JSON.stringify(jsonresult));
});
	} else
	{
	//	console.log("About to read file\n");
			
		fs.readFile(ROOT_DIR + urlObj.pathname, function (err,data) {
			if(err) { 
				res.writeHead(404);
				res.end(JSON.stringify(err));
				return;
			}
			res.writeHead(200);
			res.end(data);
		});
	}
$FilePath$/home/tiago/empirical-jsvuln-tools-study/framework/src/packages/CWE-22/475/package/static.js
Line 31			fs.readFile(ROOT_DIR + urlObj.pathname, function (err,data) {
			if(err) { 
				res.writeHead(404);
				res.end(JSON.stringify(err));
				return;
			}
			res.writeHead(200);
			res.end(data);
		});
$FilePath$/home/tiago/empirical-jsvuln-tools-study/tools-testing/tools-docker/odgen/ODGen/builtin_packages/fs.js
Line 15	  var ret = sink_hqbpillvul_fs_read(pathname);
$FilePath$/home/tiago/empirical-jsvuln-tools-study/tools-testing/tools-docker/odgen/ODGen/builtin_packages/http.js
Line 25	    sink_hqbpillvul_http_write(value, value);

|checker| success id$1$color:green$: 
==========================
$FilePath$/home/tiago/empirical-jsvuln-tools-study/tools-testing/tools-docker/odgen/ODGen/builtin_packages/http.js
Line 2	  var OPGen_TAINTED_VAR_url = "" ;
$FilePath$/home/tiago/empirical-jsvuln-tools-study/framework/src/packages/CWE-22/475/package/static.js
Line 6		var urlObj = url.parse(req.url,true,false);
$FilePath$/home/tiago/empirical-jsvuln-tools-study/framework/src/packages/CWE-22/475/package/static.js
Line 31			fs.readFile(ROOT_DIR + urlObj.pathname, function (err,data) {
			if(err) { 
				res.writeHead(404);
				res.end(JSON.stringify(err));
				return;
			}
			res.writeHead(200);
			res.end(data);
		});
$FilePath$/home/tiago/empirical-jsvuln-tools-study/tools-testing/tools-docker/odgen/ODGen/builtin_packages/fs.js
Line 15	  var ret = sink_hqbpillvul_fs_read(pathname);
$FilePath$/home/tiago/empirical-jsvuln-tools-study/tools-testing/tools-docker/odgen/ODGen/builtin_packages/http.js
Line 25	    sink_hqbpillvul_http_write(value, value);

