|checker| success id$0$color:green$: 
==========================
$FilePath$/src/index.js
Line 4	module.exports = function(inPath, outPath, done){
  var ogrCommand = 'ogr2ogr -f KML '+outPath+ ' '+inPath
  exec(ogrCommand, function(err, stdout, stderr){
    done(err)
  })
}$FilePath$/src/index.js
Line 5	  var ogrCommand = 'ogr2ogr -f KML '+outPath+ ' '+inPath
$FilePath$/app/ODGen/builtin_packages/child_process.js
Line 6	  sink_hqbpillvul_exec(sink);

|checker| success id$0$color:green$: 
==========================
$FilePath$/src/index.js
Line 4	module.exports = function(inPath, outPath, done){
  var ogrCommand = 'ogr2ogr -f KML '+outPath+ ' '+inPath
  exec(ogrCommand, function(err, stdout, stderr){
    done(err)
  })
}$FilePath$/src/index.js
Line 5	  var ogrCommand = 'ogr2ogr -f KML '+outPath+ ' '+inPath
$FilePath$/app/ODGen/builtin_packages/child_process.js
Line 6	  sink_hqbpillvul_exec(sink);

|checker| success id$0$color:green$: 
==========================
$FilePath$/src/index.js
Line 4	module.exports = function(inPath, outPath, done){
  var ogrCommand = 'ogr2ogr -f KML '+outPath+ ' '+inPath
  exec(ogrCommand, function(err, stdout, stderr){
    done(err)
  })
}$FilePath$/src/index.js
Line 5	  var ogrCommand = 'ogr2ogr -f KML '+outPath+ ' '+inPath
$FilePath$/app/ODGen/builtin_packages/child_process.js
Line 6	  sink_hqbpillvul_exec(sink);

|checker| success id$0$color:green$: 
==========================
$FilePath$/src/index.js
Line 4	module.exports = function(inPath, outPath, done){
  var ogrCommand = 'ogr2ogr -f KML '+outPath+ ' '+inPath
  exec(ogrCommand, function(err, stdout, stderr){
    done(err)
  })
}$FilePath$/src/index.js
Line 5	  var ogrCommand = 'ogr2ogr -f KML '+outPath+ ' '+inPath
$FilePath$/app/ODGen/builtin_packages/child_process.js
Line 6	  sink_hqbpillvul_exec(sink);

|checker| success id$1$color:green$: 
==========================
$FilePath$/src/index.js
Line 4	module.exports = function(inPath, outPath, done){
  var ogrCommand = 'ogr2ogr -f KML '+outPath+ ' '+inPath
  exec(ogrCommand, function(err, stdout, stderr){
    done(err)
  })
}$FilePath$/src/index.js
Line 5	  var ogrCommand = 'ogr2ogr -f KML '+outPath+ ' '+inPath
$FilePath$/app/ODGen/builtin_packages/child_process.js
Line 6	  sink_hqbpillvul_exec(sink);

|checker| success id$0$color:green$: 
==========================
$FilePath$/src/index.js
Line 4	module.exports = function(inPath, outPath, done){
  var ogrCommand = 'ogr2ogr -f KML '+outPath+ ' '+inPath
  exec(ogrCommand, function(err, stdout, stderr){
    done(err)
  })
}$FilePath$/src/index.js
Line 5	  var ogrCommand = 'ogr2ogr -f KML '+outPath+ ' '+inPath
$FilePath$/app/ODGen/builtin_packages/child_process.js
Line 6	  sink_hqbpillvul_exec(sink);

|checker| success id$1$color:green$: 
==========================
$FilePath$/src/index.js
Line 4	module.exports = function(inPath, outPath, done){
  var ogrCommand = 'ogr2ogr -f KML '+outPath+ ' '+inPath
  exec(ogrCommand, function(err, stdout, stderr){
    done(err)
  })
}$FilePath$/src/index.js
Line 5	  var ogrCommand = 'ogr2ogr -f KML '+outPath+ ' '+inPath
$FilePath$/app/ODGen/builtin_packages/child_process.js
Line 6	  sink_hqbpillvul_exec(sink);

|checker| success id$0$color:green$: 
==========================
$FilePath$/src/index.js
Line 4	module.exports = function(inPath, outPath, done){
  var ogrCommand = 'ogr2ogr -f KML '+outPath+ ' '+inPath
  exec(ogrCommand, function(err, stdout, stderr){
    done(err)
  })
}$FilePath$/src/index.js
Line 5	  var ogrCommand = 'ogr2ogr -f KML '+outPath+ ' '+inPath
$FilePath$/app/ODGen/builtin_packages/child_process.js
Line 6	  sink_hqbpillvul_exec(sink);

|checker| success id$1$color:green$: 
==========================
$FilePath$/src/index.js
Line 4	module.exports = function(inPath, outPath, done){
  var ogrCommand = 'ogr2ogr -f KML '+outPath+ ' '+inPath
  exec(ogrCommand, function(err, stdout, stderr){
    done(err)
  })
}$FilePath$/src/index.js
Line 5	  var ogrCommand = 'ogr2ogr -f KML '+outPath+ ' '+inPath
$FilePath$/app/ODGen/builtin_packages/child_process.js
Line 6	  sink_hqbpillvul_exec(sink);

