1.0
1.0
1.0
1.0
1.0
1.0
1.0
1.0
1.0
1.0
1.0
1.0
1.0
1.0
1.0
1.0
1.0
1.0
1.0
1.0
1.0
1.0
1.0
1.0
1.0
1.0
1.0
1.0
1.0
0.375
0.38271604938271603
0.3902439024390244
0.39759036144578314
0.40476190476190477
0.4117647058823529
0.4186046511627907
0.21022727272727273
0.21468926553672316
0.21910112359550563
0.22346368715083798
0.22777777777777777
0.23204419889502761
0.23626373626373626
0.24043715846994534
0.24456521739130435
0.24864864864864866
0.25268817204301075
0.2553191489361702
0.25925925925925924
0.2631578947368421
0.2670157068062827
0.2708333333333333
0.27461139896373055
0.27835051546391754
0.28205128205128205
0.2857142857142857
0.2893401015228426
0.2885572139303483
0.29207920792079206
0.2955665024630542
0.29901960784313725
0.3024390243902439
0.2985781990521327
0.3018867924528302
0.3051643192488263
0.308411214953271
0.3116279069767442
0.3148148148148148
0.31797235023041476
0.3211009174311927
0.3242009132420091
0.32727272727272727
0.33031674208144796
0.3333333333333333
0.336322869955157
0.3392857142857143
0.3422222222222222
0.2878228782287823
0.29044117647058826
0.29304029304029305
0.2956204379562044
0.29818181818181816
0.3007246376811594
0.30324909747292417
0.3057553956834532
0.28289473684210525
0.28524590163934427
0.2875816993464052
0.2899022801302932
0.2922077922077922
0.29449838187702265
0.2967741935483871
0.2990353697749196
0.29012345679012347
0.2923076923076923
0.294478527607362
0.2966360856269113
0.29878048780487804
0.3009118541033435
0.30303030303030304
0.30513595166163143
0.3072289156626506
0.30930930930930933
0.31137724550898205
0.31343283582089554
0.31547619047619047
0.31750741839762614
0.31952662721893493
0.3215339233038348
0.3235294117647059
0.3255131964809384
0.32748538011695905
0.3294460641399417
0.3313953488372093
0.3333333333333333
0.3352601156069364
0.3371757925072046
0.3390804597701149
0.34097421203438394
0.32171581769436997
0.3235294117647059
0.3253333333333333
0.3271276595744681
0.32891246684350134
0.3306878306878307
0.32642487046632124
0.3281653746770026
0.32989690721649484
0.33161953727506427
0.3333333333333333
0.3350383631713555
0.336734693877551
0.27593360995850624
0.27800829875518673
0.2800829875518672
0.2821576763485477
0.2842323651452282
0.2863070539419087
0.2883817427385892
0.29045643153526973
0.2925311203319502
0.2946058091286307
0.2966804979253112
0.2987551867219917
0.3008298755186722
0.3029045643153527
0.3049792531120332
0.3070539419087137
0.3091286307053942
0.3112033195020747
0.3132780082987552
0.3153526970954357
0.31742738589211617
0.31950207468879666
0.3215767634854772
0.3236514522821577
0.3257261410788382
0.3278008298755187
0.32987551867219916
0.33195020746887965
0.33402489626556015
0.3360995850622407
0.3381742738589212
0.34024896265560167
0.34232365145228216
0.34439834024896265
0.34647302904564314
0.34854771784232363
0.3506224066390041
0.35269709543568467
0.35477178423236516
0.35684647302904565
0.35892116182572614
0.36099585062240663
0.3630705394190871
0.3651452282157676
0.36721991701244816
0.36929460580912865
0.37136929460580914
0.37344398340248963
0.3755186721991701
0.3775933609958506
0.3796680497925311
0.3817427385892116
0.38381742738589214
0.38589211618257263
0.3879668049792531
0.3900414937759336
0.3921161825726141
0.3941908713692946
0.3962655601659751
0.3983402489626556
0.4004149377593361
0.4024896265560166
0.4045643153526971
0.4066390041493776
0.4087136929460581
0.4107883817427386
0.41200828157349895
0.4132231404958678
0.4144329896907217
0.4156378600823045
0.41683778234086244
0.4180327868852459
0.41922290388548056
0.4204081632653061
0.42244897959183675
0.42362525458248473
0.4247967479674797
0.4268292682926829
0.42886178861788615
0.43089430894308944
0.4329268292682927
0.4349593495934959
0.4369918699186992
0.43902439024390244
0.4410569105691057
0.44308943089430897
0.4451219512195122
0.44715447154471544
0.4491869918699187
0.45121951219512196
0.4532520325203252
0.45528455284552843
0.4573170731707317
0.45934959349593496
0.4613821138211382
0.4634146341463415
0.4654471544715447
0.46747967479674796
0.4695121951219512
0.4715447154471545
0.4735772357723577
0.47560975609756095
0.47764227642276424
0.4796747967479675
0.4817073170731707
0.483739837398374
0.48577235772357724
0.4878048780487805
0.4898373983739837
0.491869918699187
0.49390243902439024
0.4959349593495935
0.49796747967479676
0.5
0.5020325203252033
0.5040650406504065
0.5060975609756098
0.508130081300813
0.5101626016260162
0.5121951219512195
0.5142276422764228
0.516260162601626
0.5182926829268293
0.5203252032520326
0.5223577235772358
0.524390243902439
0.5264227642276422
0.5284552845528455
0.5304878048780488
0.532520325203252
0.5345528455284553
0.5365853658536586
0.5386178861788617
0.540650406504065
0.5426829268292683
0.5447154471544715
0.5467479674796748
0.5487804878048781
0.5508130081300813
0.5528455284552846
0.5548780487804879
0.556910569105691
0.5589430894308943
0.5609756097560976
0.5630081300813008
0.5650406504065041
0.5670731707317073
0.5691056910569106
0.5711382113821138
0.573170731707317
0.5752032520325203
0.5772357723577236
0.5792682926829268
0.5813008130081301
0.5833333333333334
0.5853658536585366
0.5873983739837398
0.5894308943089431
0.5914634146341463
0.5934959349593496
0.5955284552845529
0.5975609756097561
0.5995934959349594
0.6016260162601627
0.6036585365853658
0.6056910569105691
0.6077235772357723
0.6097560975609756
0.6117886178861789
0.6138211382113821
0.6158536585365854
0.6178861788617886
0.6199186991869918
0.6219512195121951
0.6239837398373984
0.6260162601626016
0.6280487804878049
0.6300813008130082
0.6321138211382114
0.6341463414634146
0.6361788617886179
0.6369168356997972
0.6389452332657201
0.640973630831643
0.6430020283975659
0.6450304259634888
0.6470588235294118
0.6490872210953347
0.6511156186612576
0.6531440162271805
0.6551724137931034
0.6572008113590264
0.6592292089249493
0.6612576064908722
0.6632860040567952
0.665314401622718
0.6673427991886409
0.6693711967545639
0.6713995943204868
0.6734279918864098
0.6740890688259109
0.6747474747474748
0.6754032258064516
0.676056338028169
0.6767068273092369
0.6773547094188377
0.678
0.68
0.6806387225548902
0.6826347305389222
0.6846307385229541
0.6866267465069861
0.688622754491018
0.6906187624750499
0.6926147704590818
0.6946107784431138
0.6966067864271457
0.6986027944111777
0.7005988023952096
0.7025948103792415
0.7045908183632734
0.7065868263473054
0.7071713147410359
0.7077534791252486
0.709741550695825
0.7117296222664016
0.7137176938369781
0.7157057654075547
0.7176938369781312
0.7196819085487077
0.7216699801192843
0.7236580516898609
0.7256461232604374
0.7276341948310139
0.7296222664015904
0.731610337972167
0.7335984095427436
0.73558648111332
0.7375745526838966
0.7395626242544732
0.7415506958250497
0.7435387673956262
0.7455268389662028
0.7475149105367793
0.7495029821073559
0.7514910536779325
0.751984126984127
1.0
1.0
1.0
1.0
1.0
1.0
1.0
1.0
1.0
1.0
1.0
1.0
1.0
1.0
1.0
1.0
1.0
1.0
1.0
1.0
1.0
1.0
1.0
1.0
1.0
1.0
1.0
1.0
1.0
0.375
0.38271604938271603
0.3902439024390244
0.39759036144578314
0.40476190476190477
0.4117647058823529
0.4186046511627907
0.21022727272727273
0.21468926553672316
0.21910112359550563
0.22346368715083798
0.22777777777777777
0.23204419889502761
0.23626373626373626
0.24043715846994534
0.24456521739130435
0.24864864864864866
0.25268817204301075
0.2553191489361702
0.25925925925925924
0.2631578947368421
0.2670157068062827
0.2708333333333333
0.27461139896373055
0.27835051546391754
0.28205128205128205
0.2857142857142857
0.2893401015228426
0.2885572139303483
0.29207920792079206
0.2955665024630542
0.29901960784313725
0.3024390243902439
0.2985781990521327
0.3018867924528302
0.3051643192488263
0.308411214953271
0.3116279069767442
0.3148148148148148
0.31797235023041476
0.3211009174311927
0.3242009132420091
0.32727272727272727
0.33031674208144796
0.3333333333333333
0.336322869955157
0.3392857142857143
0.3422222222222222
0.2878228782287823
0.29044117647058826
0.29304029304029305
0.2956204379562044
0.29818181818181816
0.3007246376811594
0.30324909747292417
0.3057553956834532
0.28289473684210525
0.28524590163934427
0.2875816993464052
0.2899022801302932
0.2922077922077922
0.29449838187702265
0.2967741935483871
0.2990353697749196
0.29012345679012347
0.2923076923076923
0.294478527607362
0.2966360856269113
0.29878048780487804
0.3009118541033435
0.30303030303030304
0.30513595166163143
0.3072289156626506
0.30930930930930933
0.31137724550898205
0.31343283582089554
0.31547619047619047
0.31750741839762614
0.31952662721893493
0.3215339233038348
0.3235294117647059
0.3255131964809384
0.32748538011695905
0.3294460641399417
0.3313953488372093
0.3333333333333333
0.3352601156069364
0.3371757925072046
0.3390804597701149
0.34097421203438394
0.32171581769436997
0.3235294117647059
0.3253333333333333
0.3271276595744681
0.32891246684350134
0.3306878306878307
0.32642487046632124
0.3281653746770026
0.32989690721649484
0.33161953727506427
0.3333333333333333
0.3350383631713555
0.336734693877551
0.27593360995850624
0.27800829875518673
0.2800829875518672
0.2821576763485477
0.2842323651452282
0.2863070539419087
0.2883817427385892
0.29045643153526973
0.2925311203319502
0.2946058091286307
0.2966804979253112
0.2987551867219917
0.3008298755186722
0.3029045643153527
0.3049792531120332
0.3070539419087137
0.3091286307053942
0.3112033195020747
0.3132780082987552
0.3153526970954357
0.31742738589211617
0.31950207468879666
0.3215767634854772
0.3236514522821577
0.3257261410788382
0.3278008298755187
0.32987551867219916
0.33195020746887965
0.33402489626556015
0.3360995850622407
0.3381742738589212
0.34024896265560167
0.34232365145228216
0.34439834024896265
0.34647302904564314
0.34854771784232363
0.3506224066390041
0.35269709543568467
0.35477178423236516
0.35684647302904565
0.35892116182572614
0.36099585062240663
0.3630705394190871
0.3651452282157676
0.36721991701244816
0.36929460580912865
0.37136929460580914
0.37344398340248963
0.3755186721991701
0.3775933609958506
0.3796680497925311
0.3817427385892116
0.38381742738589214
0.38509316770186336
0.38636363636363635
0.38762886597938145
0.3888888888888889
0.39014373716632444
0.39139344262295084
0.39263803680981596
0.39387755102040817
0.39591836734693875
0.3971486761710794
0.3983739837398374
0.40040650406504064
0.4024390243902439
0.40447154471544716
0.4065040650406504
0.40853658536585363
0.4105691056910569
0.41260162601626016
0.4146341463414634
0.4166666666666667
0.4186991869918699
0.42073170731707316
0.42276422764227645
0.4247967479674797
0.4268292682926829
0.42886178861788615
0.43089430894308944
0.4329268292682927
0.4349593495934959
0.4369918699186992
0.43902439024390244
0.4410569105691057
0.44308943089430897
0.4451219512195122
0.44715447154471544
0.4491869918699187
0.45121951219512196
0.4532520325203252
0.45528455284552843
0.4573170731707317
0.45934959349593496
0.4613821138211382
0.4634146341463415
0.4654471544715447
0.46747967479674796
0.4695121951219512
0.4715447154471545
0.4735772357723577
0.47560975609756095
0.47764227642276424
0.4796747967479675
0.4817073170731707
0.483739837398374
0.48577235772357724
0.4878048780487805
0.4898373983739837
0.491869918699187
0.49390243902439024
0.4959349593495935
0.49796747967479676
0.5
0.5020325203252033
0.5040650406504065
0.5060975609756098
0.508130081300813
0.5101626016260162
0.5121951219512195
0.5142276422764228
0.516260162601626
0.5182926829268293
0.5203252032520326
0.5223577235772358
0.524390243902439
0.5264227642276422
0.5284552845528455
0.5304878048780488
0.532520325203252
0.5345528455284553
0.5365853658536586
0.5386178861788617
0.540650406504065
0.5426829268292683
0.5447154471544715
0.5467479674796748
0.5487804878048781
0.5508130081300813
0.5528455284552846
0.5548780487804879
0.556910569105691
0.5589430894308943
0.5609756097560976
0.5630081300813008
0.5650406504065041
0.5670731707317073
0.5691056910569106
0.5711382113821138
0.573170731707317
0.5752032520325203
0.5772357723577236
0.5792682926829268
0.5813008130081301
0.5833333333333334
0.5853658536585366
0.5873983739837398
0.5894308943089431
0.5914634146341463
0.5934959349593496
0.5955284552845529
0.5975609756097561
0.5995934959349594
0.6016260162601627
0.6036585365853658
0.6056910569105691
0.6077235772357723
0.6097560975609756
0.6105476673427992
0.6125760649087221
0.6146044624746451
0.6166328600405679
0.6186612576064908
0.6206896551724138
0.6227180527383367
0.6247464503042597
0.6267748478701826
0.6288032454361054
0.6308316430020284
0.6328600405679513
0.6348884381338742
0.6369168356997972
0.6389452332657201
0.640973630831643
0.6430020283975659
0.6450304259634888
0.6470588235294118
0.6477732793522267
0.6484848484848484
0.6491935483870968
0.6498993963782697
0.6506024096385542
0.6513026052104208
0.652
0.654
0.654690618762475
0.656686626746507
0.6586826347305389
0.6606786427145709
0.6626746506986028
0.6646706586826348
0.6666666666666666
0.6686626746506986
0.6706586826347305
0.6726546906187625
0.6746506986027944
0.6766467065868264
0.6786427145708582
0.6806387225548902
0.6812749003984063
0.6819085487077535
0.68389662027833
0.6858846918489065
0.6878727634194831
0.6898608349900597
0.6918489065606361
0.6938369781312127
0.6958250497017893
0.6978131212723658
0.6998011928429424
0.7017892644135189
0.7037773359840954
0.705765407554672
0.7077534791252486
0.709741550695825
0.7117296222664016
0.7137176938369781
0.7157057654075547
0.7176938369781312
0.7196819085487077
0.7216699801192843
0.7236580516898609
0.7256461232604374
0.7276341948310139
0.7296222664015904
0.731610337972167
0.7335984095427436
0.73558648111332
0.7375745526838966
0.7395626242544732
0.7415506958250497
0.7435387673956262
0.7455268389662028
0.7475149105367793
0.7495029821073559
0.7514910536779325
0.751984126984127
1.0
1.0
1.0
1.0
1.0
1.0
1.0
1.0
1.0
1.0
1.0
1.0
1.0
1.0
1.0
1.0
1.0
1.0
1.0
1.0
1.0
1.0
1.0
1.0
1.0
1.0
1.0
1.0
1.0
1.0
1.0
1.0
1.0
1.0
1.0
1.0
1.0
1.0
1.0
1.0
1.0
1.0
1.0
1.0
1.0
1.0
1.0
1.0
1.0
1.0
1.0
1.0
1.0
1.0
1.0
1.0
1.0
1.0
1.0
1.0
1.0
1.0
1.0
1.0
1.0
1.0
1.0
1.0
1.0
1.0
1.0
1.0
1.0
1.0
1.0
1.0
1.0
1.0
1.0
1.0
1.0
1.0
1.0
1.0
1.0
1.0
1.0
1.0
1.0
1.0
1.0
1.0
1.0
1.0
1.0
1.0
1.0
1.0
1.0
1.0
1.0
1.0
1.0
1.0
1.0
1.0
1.0
1.0
1.0
1.0
1.0
1.0
1.0
1.0
1.0
1.0
1.0
1.0
1.0
1.0
1.0
1.0
1.0
1.0
1.0
1.0
1.0
1.0
1.0
1.0
1.0
1.0
1.0
1.0
1.0
1.0
1.0
1.0
1.0
1.0
1.0
1.0
1.0
1.0
1.0
1.0
1.0
1.0
1.0
1.0
1.0
1.0
1.0
1.0
1.0
1.0
1.0
1.0
1.0
1.0
1.0
0.375
0.38271604938271603
0.3902439024390244
0.39759036144578314
0.40476190476190477
0.4117647058823529
0.4186046511627907
0.21022727272727273
0.21468926553672316
0.21910112359550563
0.22346368715083798
0.22777777777777777
0.23204419889502761
0.23626373626373626
0.24043715846994534
0.24456521739130435
0.24864864864864866
0.25268817204301075
0.2553191489361702
0.25925925925925924
0.2631578947368421
0.2670157068062827
0.2708333333333333
0.27461139896373055
0.27835051546391754
0.28205128205128205
0.2857142857142857
0.2893401015228426
0.2885572139303483
0.29207920792079206
0.2955665024630542
0.29901960784313725
0.3024390243902439
0.2985781990521327
0.3018867924528302
0.3051643192488263
0.308411214953271
0.3116279069767442
0.3148148148148148
0.31797235023041476
0.3211009174311927
0.3242009132420091
0.32727272727272727
0.33031674208144796
0.3333333333333333
0.336322869955157
0.3392857142857143
0.3422222222222222
0.2878228782287823
0.29044117647058826
0.29304029304029305
0.2956204379562044
0.29818181818181816
0.3007246376811594
0.30324909747292417
0.3057553956834532
0.28289473684210525
0.28524590163934427
0.2875816993464052
0.2899022801302932
0.2922077922077922
0.29449838187702265
0.2967741935483871
0.2990353697749196
0.29012345679012347
0.2923076923076923
0.294478527607362
0.2966360856269113
0.29878048780487804
0.3009118541033435
0.30303030303030304
0.30513595166163143
0.3072289156626506
0.30930930930930933
0.31137724550898205
0.31343283582089554
0.31547619047619047
0.31750741839762614
0.31952662721893493
0.3215339233038348
0.3235294117647059
0.3255131964809384
0.32748538011695905
0.3294460641399417
0.3313953488372093
0.3333333333333333
0.3352601156069364
0.3371757925072046
0.3390804597701149
0.34097421203438394
0.32171581769436997
0.3235294117647059
0.3253333333333333
0.3271276595744681
0.32891246684350134
0.3306878306878307
0.32642487046632124
0.3281653746770026
0.32989690721649484
0.33161953727506427
0.3333333333333333
0.3350383631713555
0.336734693877551
0.27593360995850624
0.27800829875518673
0.2800829875518672
0.2821576763485477
0.2842323651452282
0.2863070539419087
0.2883817427385892
0.29045643153526973
0.2925311203319502
0.2946058091286307
0.2966804979253112
0.2987551867219917
0.3008298755186722
0.3029045643153527
0.3049792531120332
0.3070539419087137
0.3091286307053942
0.3112033195020747
0.3132780082987552
0.3153526970954357
0.31742738589211617
0.31950207468879666
0.3215767634854772
0.3236514522821577
0.3257261410788382
0.3278008298755187
0.32987551867219916
0.33195020746887965
0.33402489626556015
0.3360995850622407
0.3381742738589212
0.34024896265560167
0.34232365145228216
0.34439834024896265
0.34647302904564314
0.34854771784232363
0.3506224066390041
0.35269709543568467
0.35477178423236516
0.35684647302904565
0.35892116182572614
0.36099585062240663
0.3630705394190871
0.3651452282157676
0.36721991701244816
0.36929460580912865
0.37136929460580914
0.37344398340248963
0.3755186721991701
0.3775933609958506
0.3796680497925311
0.3817427385892116
0.38381742738589214
0.38589211618257263
0.3879668049792531
0.3900414937759336
0.3921161825726141
0.3941908713692946
0.3962655601659751
0.3983402489626556
0.4004149377593361
0.4024896265560166
0.4045643153526971
0.4066390041493776
0.4087136929460581
0.4107883817427386
0.41200828157349895
0.4132231404958678
0.4144329896907217
0.4156378600823045
0.41683778234086244
0.4180327868852459
0.41922290388548056
0.4204081632653061
0.42244897959183675
0.42362525458248473
0.4247967479674797
0.4268292682926829
0.42886178861788615
0.43089430894308944
0.4329268292682927
0.4349593495934959
0.4369918699186992
0.43902439024390244
0.4410569105691057
0.44308943089430897
0.4451219512195122
0.44715447154471544
0.4491869918699187
0.45121951219512196
0.4532520325203252
0.45528455284552843
0.4573170731707317
0.45934959349593496
0.4613821138211382
0.4634146341463415
0.4654471544715447
0.46747967479674796
0.4695121951219512
0.4715447154471545
0.4735772357723577
0.47560975609756095
0.47764227642276424
0.4796747967479675
0.4817073170731707
0.483739837398374
0.48577235772357724
0.4878048780487805
0.4898373983739837
0.491869918699187
0.49390243902439024
0.4959349593495935
0.49796747967479676
0.5
0.5020325203252033
0.5040650406504065
0.5060975609756098
0.508130081300813
0.5101626016260162
0.5121951219512195
0.5142276422764228
0.516260162601626
0.5182926829268293
0.5203252032520326
0.5223577235772358
0.524390243902439
0.5264227642276422
0.5284552845528455
0.5304878048780488
0.532520325203252
0.5345528455284553
0.5365853658536586
0.5386178861788617
0.540650406504065
0.5426829268292683
0.5447154471544715
0.5467479674796748
0.5487804878048781
0.5508130081300813
0.5528455284552846
0.5548780487804879
0.556910569105691
0.5589430894308943
0.5609756097560976
0.5630081300813008
0.5650406504065041
0.5670731707317073
0.5691056910569106
0.5711382113821138
0.573170731707317
0.5752032520325203
0.5772357723577236
0.5792682926829268
0.5813008130081301
0.5833333333333334
0.5853658536585366
0.5873983739837398
0.5894308943089431
0.5914634146341463
0.5934959349593496
0.5955284552845529
0.5975609756097561
0.5995934959349594
0.6016260162601627
0.6036585365853658
0.6056910569105691
0.6077235772357723
0.6097560975609756
0.6117886178861789
0.6138211382113821
0.6158536585365854
0.6178861788617886
0.6199186991869918
0.6219512195121951
0.6239837398373984
0.6260162601626016
0.6280487804878049
0.6300813008130082
0.6321138211382114
0.6341463414634146
0.6361788617886179
0.6369168356997972
0.6389452332657201
0.640973630831643
0.6430020283975659
0.6450304259634888
0.6470588235294118
0.6490872210953347
0.6511156186612576
0.6531440162271805
0.6551724137931034
0.6572008113590264
0.6592292089249493
0.6612576064908722
0.6632860040567952
0.665314401622718
0.6673427991886409
0.6693711967545639
0.6713995943204868
0.6734279918864098
0.6740890688259109
0.6747474747474748
0.6754032258064516
0.676056338028169
0.6767068273092369
0.6773547094188377
0.678
0.68
0.6806387225548902
0.6826347305389222
0.6846307385229541
0.6866267465069861
0.688622754491018
0.6906187624750499
0.6926147704590818
0.6946107784431138
0.6966067864271457
0.6986027944111777
0.7005988023952096
0.7025948103792415
0.7045908183632734
0.7065868263473054
0.7071713147410359
0.7077534791252486
0.709741550695825
0.7117296222664016
0.7137176938369781
0.7157057654075547
0.7176938369781312
0.7196819085487077
0.7216699801192843
0.7236580516898609
0.7256461232604374
0.7276341948310139
0.7296222664015904
0.731610337972167
0.7335984095427436
0.73558648111332
0.7375745526838966
0.7395626242544732
0.7415506958250497
0.7435387673956262
0.7455268389662028
0.7475149105367793
0.7495029821073559
0.7514910536779325
0.751984126984127
1.0
1.0
1.0
1.0
1.0
1.0
1.0
1.0
1.0
1.0
1.0
1.0
1.0
1.0
1.0
1.0
1.0
1.0
1.0
1.0
1.0
1.0
1.0
1.0
1.0
1.0
1.0
1.0
1.0
0.375
0.38271604938271603
0.3902439024390244
0.39759036144578314
0.40476190476190477
0.4117647058823529
0.4186046511627907
0.21022727272727273
0.21468926553672316
0.21910112359550563
0.22346368715083798
0.22777777777777777
0.23204419889502761
0.23626373626373626
0.24043715846994534
0.24456521739130435
0.24864864864864866
0.25268817204301075
0.2553191489361702
0.25925925925925924
0.2631578947368421
0.2670157068062827
0.2708333333333333
0.27461139896373055
0.27835051546391754
0.28205128205128205
0.2857142857142857
0.2893401015228426
0.2885572139303483
0.29207920792079206
0.2955665024630542
0.29901960784313725
0.3024390243902439
0.2985781990521327
0.3018867924528302
0.3051643192488263
0.308411214953271
0.3116279069767442
0.3148148148148148
0.31797235023041476
0.3211009174311927
0.3242009132420091
0.32727272727272727
0.33031674208144796
0.3333333333333333
0.336322869955157
0.3392857142857143
0.3422222222222222
0.2878228782287823
0.29044117647058826
0.29304029304029305
0.2956204379562044
0.29818181818181816
0.3007246376811594
0.30324909747292417
0.3057553956834532
0.28289473684210525
0.28524590163934427
0.2875816993464052
0.2899022801302932
0.2922077922077922
0.29449838187702265
0.2967741935483871
0.2990353697749196
0.29012345679012347
0.2923076923076923
0.294478527607362
0.2966360856269113
0.29878048780487804
0.3009118541033435
0.30303030303030304
0.30513595166163143
0.3072289156626506
0.30930930930930933
0.31137724550898205
0.31343283582089554
0.31547619047619047
0.31750741839762614
0.31952662721893493
0.3215339233038348
0.3235294117647059
0.3255131964809384
0.32748538011695905
0.3294460641399417
0.3313953488372093
0.3333333333333333
0.3352601156069364
0.3371757925072046
0.3390804597701149
0.34097421203438394
0.32171581769436997
0.3235294117647059
0.3253333333333333
0.3271276595744681
0.32891246684350134
0.3306878306878307
0.32642487046632124
0.3281653746770026
0.32989690721649484
0.33161953727506427
0.3333333333333333
0.3350383631713555
0.336734693877551
0.27593360995850624
0.27800829875518673
0.2800829875518672
0.2821576763485477
0.2842323651452282
0.2863070539419087
0.2883817427385892
0.29045643153526973
0.2925311203319502
0.2946058091286307
0.2966804979253112
0.2987551867219917
0.3008298755186722
0.3029045643153527
0.3049792531120332
0.3070539419087137
0.3091286307053942
0.3112033195020747
0.3132780082987552
0.3153526970954357
0.31742738589211617
0.31950207468879666
0.3215767634854772
0.3236514522821577
0.3257261410788382
0.3278008298755187
0.32987551867219916
0.33195020746887965
0.33402489626556015
0.3360995850622407
0.3381742738589212
0.34024896265560167
0.34232365145228216
0.34439834024896265
0.34647302904564314
0.34854771784232363
0.3506224066390041
0.35269709543568467
0.35477178423236516
0.35684647302904565
0.35892116182572614
0.36099585062240663
0.3630705394190871
0.3651452282157676
0.36721991701244816
0.36929460580912865
0.37136929460580914
0.37344398340248963
0.3755186721991701
0.3775933609958506
0.3796680497925311
0.3817427385892116
0.38381742738589214
0.38589211618257263
0.3879668049792531
0.3900414937759336
0.3921161825726141
0.3941908713692946
0.3962655601659751
0.3983402489626556
0.4004149377593361
0.4024896265560166
0.4045643153526971
0.4066390041493776
0.4087136929460581
0.4107883817427386
0.41200828157349895
0.4132231404958678
0.4144329896907217
0.4156378600823045
0.41683778234086244
0.4180327868852459
0.41922290388548056
0.4204081632653061
0.42244897959183675
0.42362525458248473
0.4247967479674797
0.4268292682926829
0.42886178861788615
0.43089430894308944
0.4329268292682927
0.4349593495934959
0.4369918699186992
0.43902439024390244
0.4410569105691057
0.44308943089430897
0.4451219512195122
0.44715447154471544
0.4491869918699187
0.45121951219512196
0.4532520325203252
0.45528455284552843
0.4573170731707317
0.45934959349593496
0.4613821138211382
0.4634146341463415
0.4654471544715447
0.46747967479674796
0.4695121951219512
0.4715447154471545
0.4735772357723577
0.47560975609756095
0.47764227642276424
0.4796747967479675
0.4817073170731707
0.483739837398374
0.48577235772357724
0.4878048780487805
0.4898373983739837
0.491869918699187
0.49390243902439024
0.4959349593495935
0.49796747967479676
0.5
0.5020325203252033
0.5040650406504065
0.5060975609756098
0.508130081300813
0.5101626016260162
0.5121951219512195
0.5142276422764228
0.516260162601626
0.5182926829268293
0.5203252032520326
0.5223577235772358
0.524390243902439
0.5264227642276422
0.5284552845528455
0.5304878048780488
0.532520325203252
0.5345528455284553
0.5365853658536586
0.5386178861788617
0.540650406504065
0.5426829268292683
0.5447154471544715
0.5467479674796748
0.5487804878048781
0.5508130081300813
0.5528455284552846
0.5548780487804879
0.556910569105691
0.5589430894308943
0.5609756097560976
0.5630081300813008
0.5650406504065041
0.5670731707317073
0.5691056910569106
0.5711382113821138
0.573170731707317
0.5752032520325203
0.5772357723577236
0.5792682926829268
0.5813008130081301
0.5833333333333334
0.5853658536585366
0.5873983739837398
0.5894308943089431
0.5914634146341463
0.5934959349593496
0.5955284552845529
0.5975609756097561
0.5995934959349594
0.6016260162601627
0.6036585365853658
0.6056910569105691
0.6077235772357723
0.6097560975609756
0.6117886178861789
0.6138211382113821
0.6158536585365854
0.6178861788617886
0.6199186991869918
0.6219512195121951
0.6239837398373984
0.6260162601626016
0.6280487804878049
0.6300813008130082
0.6321138211382114
0.6341463414634146
0.6361788617886179
0.6369168356997972
0.6389452332657201
0.640973630831643
0.6430020283975659
0.6450304259634888
0.6470588235294118
0.6490872210953347
0.6511156186612576
0.6531440162271805
0.6551724137931034
0.6572008113590264
0.6592292089249493
0.6612576064908722
0.6632860040567952
0.665314401622718
0.6673427991886409
0.6693711967545639
0.6713995943204868
0.6734279918864098
0.6740890688259109
0.6747474747474748
0.6754032258064516
0.676056338028169
0.6767068273092369
0.6773547094188377
0.678
0.68
0.6806387225548902
0.6826347305389222
0.6846307385229541
0.6866267465069861
0.688622754491018
0.6906187624750499
0.6926147704590818
0.6946107784431138
0.6966067864271457
0.6986027944111777
0.7005988023952096
0.7025948103792415
0.7045908183632734
0.7065868263473054
0.7071713147410359
0.7077534791252486
0.709741550695825
0.7117296222664016
0.7137176938369781
0.7157057654075547
0.7176938369781312
0.7196819085487077
0.7216699801192843
0.7236580516898609
0.7256461232604374
0.7276341948310139
0.7296222664015904
0.731610337972167
0.7335984095427436
0.73558648111332
0.7375745526838966
0.7395626242544732
0.7415506958250497
0.7435387673956262
0.7455268389662028
0.7475149105367793
0.7495029821073559
0.7514910536779325
0.751984126984127
1.0
1.0
1.0
1.0
1.0
1.0
1.0
1.0
1.0
1.0
1.0
1.0
1.0
1.0
1.0
1.0
1.0
1.0
1.0
1.0
1.0
1.0
1.0
1.0
1.0
1.0
1.0
1.0
1.0
0.375
0.38271604938271603
0.3902439024390244
0.39759036144578314
0.40476190476190477
0.4117647058823529
0.4186046511627907
0.21022727272727273
0.21468926553672316
0.21910112359550563
0.22346368715083798
0.22777777777777777
0.23204419889502761
0.23626373626373626
0.24043715846994534
0.24456521739130435
0.24864864864864866
0.25268817204301075
0.2553191489361702
0.25925925925925924
0.2631578947368421
0.2670157068062827
0.2708333333333333
0.27461139896373055
0.27835051546391754
0.28205128205128205
0.2857142857142857
0.2893401015228426
0.2885572139303483
0.29207920792079206
0.2955665024630542
0.29901960784313725
0.3024390243902439
0.2985781990521327
0.3018867924528302
0.3051643192488263
0.308411214953271
0.3116279069767442
0.3148148148148148
0.31797235023041476
0.3211009174311927
0.3242009132420091
0.32727272727272727
0.33031674208144796
0.3333333333333333
0.336322869955157
0.3392857142857143
0.3422222222222222
0.2878228782287823
0.29044117647058826
0.29304029304029305
0.2956204379562044
0.29818181818181816
0.3007246376811594
0.30324909747292417
0.3057553956834532
0.28289473684210525
0.28524590163934427
0.2875816993464052
0.2899022801302932
0.2922077922077922
0.29449838187702265
0.2967741935483871
0.2990353697749196
0.29012345679012347
0.2923076923076923
0.294478527607362
0.2966360856269113
0.29878048780487804
0.3009118541033435
0.30303030303030304
0.30513595166163143
0.3072289156626506
0.30930930930930933
0.31137724550898205
0.31343283582089554
0.31547619047619047
0.31750741839762614
0.31952662721893493
0.3215339233038348
0.3235294117647059
0.3255131964809384
0.32748538011695905
0.3294460641399417
0.3313953488372093
0.3333333333333333
0.3352601156069364
0.3371757925072046
0.3390804597701149
0.34097421203438394
0.32171581769436997
0.3235294117647059
0.3253333333333333
0.3271276595744681
0.32891246684350134
0.3306878306878307
0.32642487046632124
0.3281653746770026
0.32989690721649484
0.33161953727506427
0.3333333333333333
0.3350383631713555
0.336734693877551
0.27593360995850624
0.27800829875518673
0.2800829875518672
0.2821576763485477
0.2842323651452282
0.2863070539419087
0.2883817427385892
0.29045643153526973
0.2925311203319502
0.2946058091286307
0.2966804979253112
0.2987551867219917
0.3008298755186722
0.3029045643153527
0.3049792531120332
0.3070539419087137
0.3091286307053942
0.3112033195020747
0.3132780082987552
0.3153526970954357
0.31742738589211617
0.31950207468879666
0.3215767634854772
0.3236514522821577
0.3257261410788382
0.3278008298755187
0.32987551867219916
0.33195020746887965
0.33402489626556015
0.3360995850622407
0.3381742738589212
0.34024896265560167
0.34232365145228216
0.34439834024896265
0.34647302904564314
0.34854771784232363
0.3506224066390041
0.35269709543568467
0.35477178423236516
0.35684647302904565
0.35892116182572614
0.36099585062240663
0.3630705394190871
0.3651452282157676
0.36721991701244816
0.36929460580912865
0.37136929460580914
0.37344398340248963
0.3755186721991701
0.3775933609958506
0.3796680497925311
0.3817427385892116
0.38381742738589214
0.38509316770186336
0.38636363636363635
0.38762886597938145
0.3888888888888889
0.39014373716632444
0.39139344262295084
0.39263803680981596
0.39387755102040817
0.39591836734693875
0.3971486761710794
0.3983739837398374
0.40040650406504064
0.4024390243902439
0.40447154471544716
0.4065040650406504
0.40853658536585363
0.4105691056910569
0.41260162601626016
0.4146341463414634
0.4166666666666667
0.4186991869918699
0.42073170731707316
0.42276422764227645
0.4247967479674797
0.4268292682926829
0.42886178861788615
0.43089430894308944
0.4329268292682927
0.4349593495934959
0.4369918699186992
0.43902439024390244
0.4410569105691057
0.44308943089430897
0.4451219512195122
0.44715447154471544
0.4491869918699187
0.45121951219512196
0.4532520325203252
0.45528455284552843
0.4573170731707317
0.45934959349593496
0.4613821138211382
0.4634146341463415
0.4654471544715447
0.46747967479674796
0.4695121951219512
0.4715447154471545
0.4735772357723577
0.47560975609756095
0.47764227642276424
0.4796747967479675
0.4817073170731707
0.483739837398374
0.48577235772357724
0.4878048780487805
0.4898373983739837
0.491869918699187
0.49390243902439024
0.4959349593495935
0.49796747967479676
0.5
0.5020325203252033
0.5040650406504065
0.5060975609756098
0.508130081300813
0.5101626016260162
0.5121951219512195
0.5142276422764228
0.516260162601626
0.5182926829268293
0.5203252032520326
0.5223577235772358
0.524390243902439
0.5264227642276422
0.5284552845528455
0.5304878048780488
0.532520325203252
0.5345528455284553
0.5365853658536586
0.5386178861788617
0.540650406504065
0.5426829268292683
0.5447154471544715
0.5467479674796748
0.5487804878048781
0.5508130081300813
0.5528455284552846
0.5548780487804879
0.556910569105691
0.5589430894308943
0.5609756097560976
0.5630081300813008
0.5650406504065041
0.5670731707317073
0.5691056910569106
0.5711382113821138
0.573170731707317
0.5752032520325203
0.5772357723577236
0.5792682926829268
0.5813008130081301
0.5833333333333334
0.5853658536585366
0.5873983739837398
0.5894308943089431
0.5914634146341463
0.5934959349593496
0.5955284552845529
0.5975609756097561
0.5995934959349594
0.6016260162601627
0.6036585365853658
0.6056910569105691
0.6077235772357723
0.6097560975609756
0.6105476673427992
0.6125760649087221
0.6146044624746451
0.6166328600405679
0.6186612576064908
0.6206896551724138
0.6227180527383367
0.6247464503042597
0.6267748478701826
0.6288032454361054
0.6308316430020284
0.6328600405679513
0.6348884381338742
0.6369168356997972
0.6389452332657201
0.640973630831643
0.6430020283975659
0.6450304259634888
0.6470588235294118
0.6477732793522267
0.6484848484848484
0.6491935483870968
0.6498993963782697
0.6506024096385542
0.6513026052104208
0.652
0.654
0.654690618762475
0.656686626746507
0.6586826347305389
0.6606786427145709
0.6626746506986028
0.6646706586826348
0.6666666666666666
0.6686626746506986
0.6706586826347305
0.6726546906187625
0.6746506986027944
0.6766467065868264
0.6786427145708582
0.6806387225548902
0.6812749003984063
0.6819085487077535
0.68389662027833
0.6858846918489065
0.6878727634194831
0.6898608349900597
0.6918489065606361
0.6938369781312127
0.6958250497017893
0.6978131212723658
0.6998011928429424
0.7017892644135189
0.7037773359840954
0.705765407554672
0.7077534791252486
0.709741550695825
0.7117296222664016
0.7137176938369781
0.7157057654075547
0.7176938369781312
0.7196819085487077
0.7216699801192843
0.7236580516898609
0.7256461232604374
0.7276341948310139
0.7296222664015904
0.731610337972167
0.7335984095427436
0.73558648111332
0.7375745526838966
0.7395626242544732
0.7415506958250497
0.7435387673956262
0.7455268389662028
0.7475149105367793
0.7495029821073559
0.7514910536779325
0.751984126984127
1.0
1.0
1.0
1.0
1.0
1.0
1.0
1.0
1.0
1.0
1.0
1.0
1.0
1.0
1.0
1.0
1.0
1.0
1.0
1.0
1.0
1.0
1.0
1.0
1.0
1.0
1.0
1.0
1.0
0.375
0.38271604938271603
0.3902439024390244
0.39759036144578314
0.40476190476190477
0.4117647058823529
0.4186046511627907
0.21022727272727273
0.21468926553672316
0.21910112359550563
0.22346368715083798
0.22777777777777777
0.23204419889502761
0.23626373626373626
0.24043715846994534
0.24456521739130435
0.24864864864864866
0.25268817204301075
0.2553191489361702
0.25925925925925924
0.2631578947368421
0.2670157068062827
0.2708333333333333
0.27461139896373055
0.27835051546391754
0.28205128205128205
0.2857142857142857
0.2893401015228426
0.2885572139303483
0.29207920792079206
0.2955665024630542
0.29901960784313725
0.3024390243902439
0.2985781990521327
0.3018867924528302
0.3051643192488263
0.308411214953271
0.3116279069767442
0.3148148148148148
0.31797235023041476
0.3211009174311927
0.3242009132420091
0.32727272727272727
0.33031674208144796
0.3333333333333333
0.336322869955157
0.3392857142857143
0.3422222222222222
0.2878228782287823
0.29044117647058826
0.29304029304029305
0.2956204379562044
0.29818181818181816
0.3007246376811594
0.30324909747292417
0.3057553956834532
0.28289473684210525
0.28524590163934427
0.2875816993464052
0.2899022801302932
0.2922077922077922
0.29449838187702265
0.2967741935483871
0.2990353697749196
0.29012345679012347
0.2923076923076923
0.294478527607362
0.2966360856269113
0.29878048780487804
0.3009118541033435
0.30303030303030304
0.30513595166163143
0.3072289156626506
0.30930930930930933
0.31137724550898205
0.31343283582089554
0.31547619047619047
0.31750741839762614
0.31952662721893493
0.3215339233038348
0.3235294117647059
0.3255131964809384
0.32748538011695905
0.3294460641399417
0.3313953488372093
0.3333333333333333
0.3352601156069364
0.3371757925072046
0.3390804597701149
0.34097421203438394
0.32171581769436997
0.3235294117647059
0.3253333333333333
0.3271276595744681
0.32891246684350134
0.3306878306878307
0.32642487046632124
0.3281653746770026
0.32989690721649484
0.33161953727506427
0.3333333333333333
0.3350383631713555
0.336734693877551
0.27593360995850624
0.27800829875518673
0.2800829875518672
0.2821576763485477
0.2842323651452282
0.2863070539419087
0.2883817427385892
0.29045643153526973
0.2925311203319502
0.2946058091286307
0.2966804979253112
0.2987551867219917
0.3008298755186722
0.3029045643153527
0.3049792531120332
0.3070539419087137
0.3091286307053942
0.3112033195020747
0.3132780082987552
0.3153526970954357
0.31742738589211617
0.31950207468879666
0.3215767634854772
0.3236514522821577
0.3257261410788382
0.3278008298755187
0.32987551867219916
0.33195020746887965
0.33402489626556015
0.3360995850622407
0.3381742738589212
0.34024896265560167
0.34232365145228216
0.34439834024896265
0.34647302904564314
0.34854771784232363
0.3506224066390041
0.35269709543568467
0.35477178423236516
0.35684647302904565
0.35892116182572614
0.36099585062240663
0.3630705394190871
0.3651452282157676
0.36721991701244816
0.36929460580912865
0.37136929460580914
0.37344398340248963
0.3755186721991701
0.3775933609958506
0.3796680497925311
0.3817427385892116
0.38381742738589214
0.38589211618257263
0.3879668049792531
0.3900414937759336
0.3921161825726141
0.3941908713692946
0.3962655601659751
0.3983402489626556
0.4004149377593361
0.4024896265560166
0.4045643153526971
0.4066390041493776
0.4087136929460581
0.4107883817427386
0.41200828157349895
0.4132231404958678
0.4144329896907217
0.4156378600823045
0.41683778234086244
0.4180327868852459
0.41922290388548056
0.4204081632653061
0.42244897959183675
0.42362525458248473
0.4247967479674797
0.4268292682926829
0.42886178861788615
0.43089430894308944
0.4329268292682927
0.4349593495934959
0.4369918699186992
0.43902439024390244
0.4410569105691057
0.44308943089430897
0.4451219512195122
0.44715447154471544
0.4491869918699187
0.45121951219512196
0.4532520325203252
0.45528455284552843
0.4573170731707317
0.45934959349593496
0.4613821138211382
0.4634146341463415
0.4654471544715447
0.46747967479674796
0.4695121951219512
0.4715447154471545
0.4735772357723577
0.47560975609756095
0.47764227642276424
0.4796747967479675
0.4817073170731707
0.483739837398374
0.48577235772357724
0.4878048780487805
0.4898373983739837
0.491869918699187
0.49390243902439024
0.4959349593495935
0.49796747967479676
0.5
0.5020325203252033
0.5040650406504065
0.5060975609756098
0.508130081300813
0.5101626016260162
0.5121951219512195
0.5142276422764228
0.516260162601626
0.5182926829268293
0.5203252032520326
0.5223577235772358
0.524390243902439
0.5264227642276422
0.5284552845528455
0.5304878048780488
0.532520325203252
0.5345528455284553
0.5365853658536586
0.5386178861788617
0.540650406504065
0.5426829268292683
0.5447154471544715
0.5467479674796748
0.5487804878048781
0.5508130081300813
0.5528455284552846
0.5548780487804879
0.556910569105691
0.5589430894308943
0.5609756097560976
0.5630081300813008
0.5650406504065041
0.5670731707317073
0.5691056910569106
0.5711382113821138
0.573170731707317
0.5752032520325203
0.5772357723577236
0.5792682926829268
0.5813008130081301
0.5833333333333334
0.5853658536585366
0.5873983739837398
0.5894308943089431
0.5914634146341463
0.5934959349593496
0.5955284552845529
0.5975609756097561
0.5995934959349594
0.6016260162601627
0.6036585365853658
0.6056910569105691
0.6077235772357723
0.6097560975609756
0.6117886178861789
0.6138211382113821
0.6158536585365854
0.6178861788617886
0.6199186991869918
0.6219512195121951
0.6239837398373984
0.6260162601626016
0.6280487804878049
0.6300813008130082
0.6321138211382114
0.6341463414634146
0.6361788617886179
0.6369168356997972
0.6389452332657201
0.640973630831643
0.6430020283975659
0.6450304259634888
0.6470588235294118
0.6490872210953347
0.6511156186612576
0.6531440162271805
0.6551724137931034
0.6572008113590264
0.6592292089249493
0.6612576064908722
0.6632860040567952
0.665314401622718
0.6673427991886409
0.6693711967545639
0.6713995943204868
0.6734279918864098
0.6740890688259109
0.6747474747474748
0.6754032258064516
0.676056338028169
0.6767068273092369
0.6773547094188377
0.678
0.68
0.6806387225548902
0.6826347305389222
0.6846307385229541
0.6866267465069861
0.688622754491018
0.6906187624750499
0.6926147704590818
0.6946107784431138
0.6966067864271457
0.6986027944111777
0.7005988023952096
0.7025948103792415
0.7045908183632734
0.7065868263473054
0.7071713147410359
0.7077534791252486
0.709741550695825
0.7117296222664016
0.7137176938369781
0.7157057654075547
0.7176938369781312
0.7196819085487077
0.7216699801192843
0.7236580516898609
0.7256461232604374
0.7276341948310139
0.7296222664015904
0.731610337972167
0.7335984095427436
0.73558648111332
0.7375745526838966
0.7395626242544732
0.7415506958250497
0.7435387673956262
0.7455268389662028
0.7475149105367793
0.7495029821073559
0.7514910536779325
0.751984126984127
