1.0
1.0
1.0
1.0
1.0
1.0
0.056910569105691054
0.06504065040650407
0.07317073170731707
0.08130081300813008
0.08943089430894309
0.0975609756097561
0.10569105691056911
0.11382113821138211
0.12195121951219512
0.13008130081300814
0.13821138211382114
0.14634146341463414
0.15447154471544716
0.16260162601626016
0.17073170731707318
0.17886178861788618
0.18699186991869918
0.1951219512195122
0.2032520325203252
0.21138211382113822
0.21951219512195122
0.22764227642276422
0.23577235772357724
0.24390243902439024
0.25203252032520324
0.2601626016260163
0.2682926829268293
0.2764227642276423
0.2845528455284553
0.2926829268292683
0.3008130081300813
0.3089430894308943
0.3170731707317073
0.3252032520325203
0.3333333333333333
0.34146341463414637
0.34959349593495936
0.35772357723577236
0.36585365853658536
0.37398373983739835
0.3821138211382114
0.3902439024390244
0.3983739837398374
0.4065040650406504
0.4146341463414634
0.42276422764227645
0.43089430894308944
0.43902439024390244
0.44715447154471544
0.45528455284552843
0.4634146341463415
0.4715447154471545
0.4796747967479675
0.4878048780487805
0.4959349593495935
0.5040650406504065
0.5121951219512195
0.5203252032520326
0.5284552845528455
0.5365853658536586
0.5447154471544715
0.5528455284552846
0.5609756097560976
0.5691056910569106
0.5772357723577236
0.5853658536585366
0.5934959349593496
0.6016260162601627
0.6097560975609756
0.6178861788617886
0.6260162601626016
0.6341463414634146
0.6422764227642277
0.6504065040650406
0.6585365853658537
0.6666666666666666
0.6747967479674797
0.6829268292682927
0.6910569105691057
0.6991869918699187
0.7073170731707317
0.7154471544715447
0.7235772357723578
0.7317073170731707
0.7398373983739838
0.7479674796747967
0.7560975609756098
0.7642276422764228
0.7723577235772358
0.7804878048780488
0.7886178861788617
0.7967479674796748
0.8048780487804879
1.0
1.0
1.0
1.0
1.0
1.0
0.056910569105691054
0.06504065040650407
0.07317073170731707
0.08130081300813008
0.08943089430894309
0.0975609756097561
0.10569105691056911
0.11382113821138211
0.12195121951219512
0.13008130081300814
0.13821138211382114
0.14634146341463414
0.15447154471544716
0.16260162601626016
0.17073170731707318
0.17886178861788618
0.18699186991869918
0.1951219512195122
0.2032520325203252
0.21138211382113822
0.21951219512195122
0.22764227642276422
0.23577235772357724
0.24390243902439024
0.25203252032520324
0.2601626016260163
0.2682926829268293
0.2764227642276423
0.2845528455284553
0.2926829268292683
0.3008130081300813
0.3089430894308943
0.3170731707317073
0.3252032520325203
0.3333333333333333
0.34146341463414637
0.34959349593495936
0.35772357723577236
0.36585365853658536
0.37398373983739835
0.3821138211382114
0.3902439024390244
0.3983739837398374
0.4065040650406504
0.4146341463414634
0.42276422764227645
0.43089430894308944
0.43902439024390244
0.44715447154471544
0.45528455284552843
0.4634146341463415
0.4715447154471545
0.4796747967479675
0.4878048780487805
0.4959349593495935
0.5040650406504065
0.5121951219512195
0.5203252032520326
0.5284552845528455
0.5365853658536586
0.5447154471544715
0.5528455284552846
0.5609756097560976
0.5691056910569106
0.5772357723577236
0.5853658536585366
0.5934959349593496
0.6016260162601627
0.6097560975609756
0.6178861788617886
0.6260162601626016
0.6341463414634146
0.6422764227642277
0.6504065040650406
0.6585365853658537
0.6666666666666666
0.6747967479674797
0.6829268292682927
0.6910569105691057
0.6991869918699187
0.7073170731707317
0.7154471544715447
0.7235772357723578
0.7317073170731707
0.7398373983739838
0.7479674796747967
0.7560975609756098
0.7642276422764228
0.7723577235772358
0.7804878048780488
0.7886178861788617
0.7967479674796748
0.8048780487804879
1.0
1.0
1.0
1.0
1.0
1.0
1.0
1.0
1.0
1.0
1.0
1.0
0.056910569105691054
0.06504065040650407
0.07317073170731707
0.08130081300813008
0.08943089430894309
0.0975609756097561
0.10569105691056911
0.11382113821138211
0.12195121951219512
0.13008130081300814
0.13821138211382114
0.14634146341463414
0.15447154471544716
0.16260162601626016
0.17073170731707318
0.17886178861788618
0.18699186991869918
0.1951219512195122
0.2032520325203252
0.21138211382113822
0.21951219512195122
0.22764227642276422
0.23577235772357724
0.24390243902439024
0.25203252032520324
0.2601626016260163
0.2682926829268293
0.2764227642276423
0.2845528455284553
0.2926829268292683
0.3008130081300813
0.3089430894308943
0.3170731707317073
0.3252032520325203
0.3333333333333333
0.34146341463414637
0.34959349593495936
0.35772357723577236
0.36585365853658536
0.37398373983739835
0.3821138211382114
0.3902439024390244
0.3983739837398374
0.4065040650406504
0.4146341463414634
0.42276422764227645
0.43089430894308944
0.43902439024390244
0.44715447154471544
0.45528455284552843
0.4634146341463415
0.4715447154471545
0.4796747967479675
0.4878048780487805
0.4959349593495935
0.5040650406504065
0.5121951219512195
0.5203252032520326
0.5284552845528455
0.5365853658536586
0.5447154471544715
0.5528455284552846
0.5609756097560976
0.5691056910569106
0.5772357723577236
0.5853658536585366
0.5934959349593496
0.6016260162601627
0.6097560975609756
0.6178861788617886
0.6260162601626016
0.6341463414634146
0.6422764227642277
0.6504065040650406
0.6585365853658537
0.6666666666666666
0.6747967479674797
0.6829268292682927
0.6910569105691057
0.6991869918699187
0.7073170731707317
0.7154471544715447
0.7235772357723578
0.7317073170731707
0.7398373983739838
0.7479674796747967
0.7560975609756098
0.7642276422764228
0.7723577235772358
0.7804878048780488
0.7886178861788617
0.7967479674796748
0.8048780487804879
1.0
1.0
1.0
1.0
1.0
1.0
0.056910569105691054
0.06504065040650407
0.07317073170731707
0.08130081300813008
0.08943089430894309
0.0975609756097561
0.10569105691056911
0.11382113821138211
0.12195121951219512
0.13008130081300814
0.13821138211382114
0.14634146341463414
0.15447154471544716
0.16260162601626016
0.17073170731707318
0.17886178861788618
0.18699186991869918
0.1951219512195122
0.2032520325203252
0.21138211382113822
0.21951219512195122
0.22764227642276422
0.23577235772357724
0.24390243902439024
0.25203252032520324
0.2601626016260163
0.2682926829268293
0.2764227642276423
0.2845528455284553
0.2926829268292683
0.3008130081300813
0.3089430894308943
0.3170731707317073
0.3252032520325203
0.3333333333333333
0.34146341463414637
0.34959349593495936
0.35772357723577236
0.36585365853658536
0.37398373983739835
0.3821138211382114
0.3902439024390244
0.3983739837398374
0.4065040650406504
0.4146341463414634
0.42276422764227645
0.43089430894308944
0.43902439024390244
0.44715447154471544
0.45528455284552843
0.4634146341463415
0.4715447154471545
0.4796747967479675
0.4878048780487805
0.4959349593495935
0.5040650406504065
0.5121951219512195
0.5203252032520326
0.5284552845528455
0.5365853658536586
0.5447154471544715
0.5528455284552846
0.5609756097560976
0.5691056910569106
0.5772357723577236
0.5853658536585366
0.5934959349593496
0.6016260162601627
0.6097560975609756
0.6178861788617886
0.6260162601626016
0.6341463414634146
0.6422764227642277
0.6504065040650406
0.6585365853658537
0.6666666666666666
0.6747967479674797
0.6829268292682927
0.6910569105691057
0.6991869918699187
0.7073170731707317
0.7154471544715447
0.7235772357723578
0.7317073170731707
0.7398373983739838
0.7479674796747967
0.7560975609756098
0.7642276422764228
0.7723577235772358
0.7804878048780488
0.7886178861788617
0.7967479674796748
0.8048780487804879
1.0
1.0
1.0
1.0
1.0
1.0
0.056910569105691054
0.06504065040650407
0.07317073170731707
0.08130081300813008
0.08943089430894309
0.0975609756097561
0.10569105691056911
0.11382113821138211
0.12195121951219512
0.13008130081300814
0.13821138211382114
0.14634146341463414
0.15447154471544716
0.16260162601626016
0.17073170731707318
0.17886178861788618
0.18699186991869918
0.1951219512195122
0.2032520325203252
0.21138211382113822
0.21951219512195122
0.22764227642276422
0.23577235772357724
0.24390243902439024
0.25203252032520324
0.2601626016260163
0.2682926829268293
0.2764227642276423
0.2845528455284553
0.2926829268292683
0.3008130081300813
0.3089430894308943
0.3170731707317073
0.3252032520325203
0.3333333333333333
0.34146341463414637
0.34959349593495936
0.35772357723577236
0.36585365853658536
0.37398373983739835
0.3821138211382114
0.3902439024390244
0.3983739837398374
0.4065040650406504
0.4146341463414634
0.42276422764227645
0.43089430894308944
0.43902439024390244
0.44715447154471544
0.45528455284552843
0.4634146341463415
0.4715447154471545
0.4796747967479675
0.4878048780487805
0.4959349593495935
0.5040650406504065
0.5121951219512195
0.5203252032520326
0.5284552845528455
0.5365853658536586
0.5447154471544715
0.5528455284552846
0.5609756097560976
0.5691056910569106
0.5772357723577236
0.5853658536585366
0.5934959349593496
0.6016260162601627
0.6097560975609756
0.6178861788617886
0.6260162601626016
0.6341463414634146
0.6422764227642277
0.6504065040650406
0.6585365853658537
0.6666666666666666
0.6747967479674797
0.6829268292682927
0.6910569105691057
0.6991869918699187
0.7073170731707317
0.7154471544715447
0.7235772357723578
0.7317073170731707
0.7398373983739838
0.7479674796747967
0.7560975609756098
0.7642276422764228
0.7723577235772358
0.7804878048780488
0.7886178861788617
0.7967479674796748
0.8048780487804879
1.0
1.0
1.0
1.0
1.0
1.0
0.056910569105691054
0.06504065040650407
0.07317073170731707
0.08130081300813008
0.08943089430894309
0.0975609756097561
0.10569105691056911
0.11382113821138211
0.12195121951219512
0.13008130081300814
0.13821138211382114
0.14634146341463414
0.15447154471544716
0.16260162601626016
0.17073170731707318
0.17886178861788618
0.18699186991869918
0.1951219512195122
0.2032520325203252
0.21138211382113822
0.21951219512195122
0.22764227642276422
0.23577235772357724
0.24390243902439024
0.25203252032520324
0.2601626016260163
0.2682926829268293
0.2764227642276423
0.2845528455284553
0.2926829268292683
0.3008130081300813
0.3089430894308943
0.3170731707317073
0.3252032520325203
0.3333333333333333
0.34146341463414637
0.34959349593495936
0.35772357723577236
0.36585365853658536
0.37398373983739835
0.3821138211382114
0.3902439024390244
0.3983739837398374
0.4065040650406504
0.4146341463414634
0.42276422764227645
0.43089430894308944
0.43902439024390244
0.44715447154471544
0.45528455284552843
0.4634146341463415
0.4715447154471545
0.4796747967479675
0.4878048780487805
0.4959349593495935
0.5040650406504065
0.5121951219512195
0.5203252032520326
0.5284552845528455
0.5365853658536586
0.5447154471544715
0.5528455284552846
0.5609756097560976
0.5691056910569106
0.5772357723577236
0.5853658536585366
0.5934959349593496
0.6016260162601627
0.6097560975609756
0.6178861788617886
0.6260162601626016
0.6341463414634146
0.6422764227642277
0.6504065040650406
0.6585365853658537
0.6666666666666666
0.6747967479674797
0.6829268292682927
0.6910569105691057
0.6991869918699187
0.7073170731707317
0.7154471544715447
0.7235772357723578
0.7317073170731707
0.7398373983739838
0.7479674796747967
0.7560975609756098
0.7642276422764228
0.7723577235772358
0.7804878048780488
0.7886178861788617
0.7967479674796748
0.8048780487804879
